6546005,0,3:52:13,7/23/2013 10:11:50am
6546005,100,3:52:16,4
6546005,102,3:52:18,4
6546005,200,3:52:18,4,6,6,8,2,9
6546005,210,3:52:20,567,442
6546005,211,3:52:22,454,442
6546005,212,3:52:22,1
6546005,210,3:52:23,445,418
6546005,211,3:52:24,355,425
6546005,212,3:52:25,0
6546005,210,3:52:25,627,442
6546005,211,3:52:26,339,438
6546005,213,3:52:26,4,s_clock_M_G9a0,true
6546005,205,3:52:26,4,s_clock_M_G9a0,false,true
6546005,210,3:52:31,1064,452
6546005,207,3:52:33,4,-200,-20
6546005,211,3:52:39,940,454
6546005,212,3:52:40,1
6546005,210,3:52:40,669,419
6546005,211,3:52:43,849,408
6546005,213,3:52:43,4,s_door_M_gen,true
6546005,205,3:52:43,4,s_door_M_gen,false,true
6546005,210,3:52:47,921,252
6546005,211,3:52:48,888,242
6546005,213,3:52:48,4,s_door_M_gen,true
6546005,205,3:52:48,4,s_door_M_gen,false,true
6546005,210,3:52:52,994,373
6546005,207,3:52:52,4,-20,-95
6546005,207,3:52:53,4,-95,-230
6546005,211,3:52:54,1015,556
6546005,213,3:52:54,4,s_bathingSuit_M_G9a0,true
6546005,205,3:52:54,4,s_bathingSuit_M_G9a0,false,true
6546005,210,3:52:58,978,461
6546005,207,3:53:0,4,-230,-395
6546005,211,3:53:2,1298,607
6546005,221,3:53:3,4
6546005,220,3:53:6,4
6546005,210,3:53:6,932,486
6546005,211,3:53:7,867,491
6546005,212,3:53:8,2
6546005,210,3:53:8,1258,465
6546005,207,3:53:10,4,-395,-512
6546005,207,3:53:17,4,-512,-212
6546005,207,3:53:20,4,-212,0
6546005,211,3:53:23,276,607
6546005,213,3:53:23,4,s_cellPhone_M_G9a0,true
6546005,205,3:53:23,4,s_cellPhone_M_G9a0,false,false
6546005,219,3:53:28,4
6546005,216,3:53:29,Stack_G9a1N
6546005,217,3:53:40,Stack_G9a1N,8.7,0.00
6546005,218,3:53:42,4
6546005,212,3:53:45,1
6546005,212,3:53:45,2
6546005,210,3:53:47,1053,457
6546005,211,3:53:52,356,350
6546005,213,3:53:52,4,c_cousin_M_a_G9a1N,true
6546005,205,3:53:52,4,c_cousin_M_a_G9a1N,false,false
6546005,212,3:53:56,1
6546005,210,3:53:57,825,390
6546005,211,3:53:58,909,483
6546005,210,3:54:1,718,437
6546005,207,3:54:2,4,-200,-20
6546005,211,3:54:3,238,347
6546005,213,3:54:3,4,s_kid3_G9a1N,true
6546005,205,3:54:3,4,s_kid3_G9a1N,false,false
6546005,210,3:54:6,418,456
6546005,207,3:54:7,4,-20,0
6546005,211,3:54:8,68,350
6546005,212,3:54:9,2
6546005,210,3:54:9,642,450
6546005,207,3:54:11,4,0,-180
6546005,207,3:54:13,4,-180,-630
6546005,207,3:54:14,4,-630,-930
6546005,211,3:54:15,1874,355
6546005,212,3:54:16,1
6546005,210,3:54:16,1961,377
6546005,207,3:54:16,4,-930,-1005
6546005,211,3:54:18,1630,479
6546005,212,3:54:19,0
6546005,210,3:54:19,1706,442
6546005,211,3:54:21,1342,418
6546005,212,3:54:22,2
6546005,210,3:54:22,1800,522
6546005,211,3:54:24,918,386
6546005,207,3:54:24,4,-1005,-900
6546005,207,3:54:24,4,-900,-855
6546005,210,3:54:24,935,384
6546005,211,3:54:26,782,309
6546005,207,3:54:26,4,-855,-765
6546005,207,3:54:26,4,-765,-735
6546005,210,3:54:26,841,260
6546005,211,3:54:27,627,281
6546005,207,3:54:27,4,-735,-570
6546005,210,3:54:28,1115,223
6546005,211,3:54:28,1093,210
6546005,212,3:54:29,0
6546005,210,3:54:29,1066,222
6546005,211,3:54:30,947,180
6546005,213,3:54:30,4,s_fence_G9a1N,true
6546005,205,3:54:30,4,s_fence_G9a1N,false,false
6546005,210,3:54:35,1296,367
6546005,207,3:54:38,4,-570,-390
6546005,211,3:54:42,257,444
6546005,207,3:54:42,4,-390,-240
6546005,207,3:54:42,4,-240,-195
6546005,210,3:54:42,327,289
6546005,211,3:54:43,62,374
6546005,207,3:54:43,4,-195,-45
6546005,207,3:54:43,4,-45,-15
6546005,210,3:54:43,146,211
6546005,207,3:54:44,4,-15,0
6546005,211,3:54:45,2,324
6546005,210,3:54:45,80,331
6546005,211,3:54:46,71,349
6546005,212,3:54:47,2
6546005,210,3:54:47,732,560
6546005,211,3:54:48,13,492
6546005,210,3:54:49,203,345
6546005,211,3:54:53,699,245
6546005,212,3:54:54,0
6546005,210,3:54:55,785,277
6546005,211,3:54:56,913,262
6546005,212,3:54:57,1
6546005,210,3:54:58,895,269
6546005,211,3:54:59,855,262
6546005,210,3:54:59,887,218
6546005,207,3:55:0,4,0,-165
6546005,211,3:55:0,1085,228
6546005,210,3:55:1,1071,374
6546005,211,3:55:2,1098,308
6546005,213,3:55:2,4,c_cousinsBrothersFriend_a_G9a1N,true
6546005,212,3:55:5,2
6546005,210,3:55:5,1088,389
6546005,207,3:55:6,4,-165,-210
6546005,207,3:55:6,4,-210,-285
6546005,207,3:55:6,4,-285,-330
6546005,207,3:55:9,4,-330,-615
6546005,207,3:55:9,4,-615,-840
6546005,207,3:55:10,4,-840,-945
6546005,211,3:55:11,1621,465
6546005,212,3:55:12,1
6546005,212,3:55:12,0
6546005,210,3:55:13,1777,492
6546005,211,3:55:13,1597,487
6546005,212,3:55:14,1
6546005,210,3:55:14,1575,507
6546005,211,3:55:16,1682,123
6546005,213,3:55:16,4,s_potSmokeCloud_G9a1N,true
6546005,210,3:55:19,1365,272
6546005,207,3:55:23,4,-945,-840
6546005,211,3:55:24,737,356
6546005,207,3:55:24,4,-840,-720
6546005,207,3:55:25,4,-720,-690
6546005,210,3:55:25,834,410
6546005,207,3:55:26,4,-690,-510
6546005,211,3:55:27,422,323
6546005,207,3:55:27,4,-510,-405
6546005,207,3:55:27,4,-405,-375
6546005,210,3:55:27,585,398
6546005,207,3:55:31,4,-375,-510
6546005,211,3:55:31,468,267
6546005,207,3:55:31,4,-510,-450
6546005,207,3:55:32,4,-450,-420
6546005,210,3:55:32,596,334
6546005,211,3:55:37,563,316
6546005,213,3:55:37,4,s_bathingSuits_G9a1N,true
6546005,210,3:55:39,580,440
6546005,211,3:55:40,347,429
6546005,207,3:55:40,4,-420,-330
6546005,207,3:55:40,4,-330,-285
6546005,210,3:55:40,385,432
6546005,207,3:55:42,4,-285,-45
6546005,207,3:55:43,4,-45,0
6546005,211,3:55:45,189,488
6546005,219,3:55:47,4
6546005,218,3:55:49,4
6546005,212,3:55:51,0
6546005,210,3:55:52,644,308
6546005,211,3:55:56,541,300
6546005,213,3:55:56,4,s_bathingSuits_G9a1N,true
6546005,221,3:56:1,4
6546005,220,3:56:7,4
6546005,212,3:56:8,1
6546005,210,3:56:10,976,433
6546005,211,3:56:16,455,416
6546005,221,3:56:17,4
6546005,220,3:56:18,4
6546005,210,3:56:21,951,452
6546005,211,3:56:26,947,191
6546005,213,3:56:26,4,c_policeOfficer_G9a1N,true
6546005,205,3:56:26,4,c_policeOfficer_G9a1N,false,false
6546005,221,3:56:32,4
6546005,220,3:56:35,4
6546005,1003,3:56:35,3
6546005,1004,3:56:39,0
6546005,500,3:56:42,0,[]
6546005,1002,3:56:45,0
6546005,1003,3:56:45,3
6546005,1004,3:56:48,4
6546005,500,3:56:51,4,[]
6546005,501,3:56:52,4,[]
6546005,502,3:56:55,4,[IntentionData_logId:3,false]
6546005,503,3:56:57,4,[]
6546005,504,3:57:0,4,[InfluenceData_logId:2]
6546005,504,3:57:1,4,[InfluenceData_logId:4]
6546005,504,3:57:3,4,[InfluenceData_logId:8]
6546005,505,3:57:3,4,[InfluenceData_logId:2,false,InfluenceData_logId:4,true,InfluenceData_logId:8,true]
6546005,506,3:57:5,4,[]
6546005,507,3:57:14,4,[OpponentAttackData_logId:3,OpponentAttackTypeData_logId:2,false,30]
6546005,508,3:57:16,4,[]
6546005,509,3:57:22,4,[RefusalData_logId:6,2]
6546005,510,3:58:50,4,[AvailableRefusalData_logId:6,0B]
6546005,510,3:58:53,4,[AvailableRefusalData_logId:6,1B]
6546005,510,3:58:54,4,[AvailableRefusalData_logId:6,2B]
6546005,511,3:58:59,4,[AvailableRefusalData_logId:6,0B,1B,2B,false,0]
6546005,512,3:59:1,4,[]
6546005,513,3:59:1,4,[30]
6546005,514,3:59:4,4,[]
6546005,507,3:59:16,4,[OpponentAttackData_logId:2,OpponentAttackTypeData_logId:4,true,0]
6546005,508,3:59:19,4,[]
6546005,509,3:59:23,4,[RefusalData_logId:4,2]
6546005,510,4:0:6,4,[AvailableRefusalData_logId:4,0B]
6546005,510,4:0:7,4,[AvailableRefusalData_logId:4,0A]
6546005,510,4:0:11,4,[AvailableRefusalData_logId:4,1A]
6546005,510,4:0:18,4,[AvailableRefusalData_logId:4,2C]
6546005,511,4:0:19,4,[AvailableRefusalData_logId:4,0A,1A,2C,false,0]
6546005,512,4:0:22,4,[]
6546005,513,4:0:22,4,[30]
6546005,514,4:0:24,4,[]
6546005,507,4:0:28,4,[OpponentAttackData_logId:1,OpponentAttackTypeData_logId:3,false,30]
6546005,508,4:0:29,4,[]
6546005,515,4:0:29,4,[0,100]
6546005,1002,4:0:33,4
6546005,1003,4:0:33,3
6546005,221,4:0:38,4
6546005,300,4:0:40
6546005,220,4:0:40,4
6546005,210,4:0:45,873,199
6546005,211,4:0:47,966,361
6546005,210,4:0:49,885,407
6546005,211,4:0:50,659,592
6546005,204,4:0:54,4
6546005,100,4:0:57,2
6546005,101,4:0:59,2
6546005,100,4:0:59,4
6546005,101,4:1:1,4
6546005,100,4:1:2,2
6546005,102,4:1:3,2
6546005,200,4:1:3,2,6,6,8,2,9
6546005,210,4:1:5,937,243
6546005,211,4:1:6,740,467
6546005,221,4:1:7,2
6546005,220,4:1:9,2
6546005,1003,4:1:9,3
6546005,1004,4:1:12,4
6546005,500,4:1:14,4,[]
6546005,501,4:1:21,4,[]
6546005,502,4:1:38,4,[IntentionData_logId:0,false]
6546005,503,4:1:39,4,[]
6546005,504,4:1:45,4,[InfluenceData_logId:2]
6546005,504,4:1:47,4,[InfluenceData_logId:4]
6546005,504,4:1:49,4,[InfluenceData_logId:7]
6546005,505,4:1:49,4,[InfluenceData_logId:2,false,InfluenceData_logId:4,true,InfluenceData_logId:7,true]
6546005,506,4:1:52,4,[]
6546005,507,4:2:7,4,[OpponentAttackData_logId:1,OpponentAttackTypeData_logId:2,true,0]
6546005,508,4:2:9,4,[]
6546005,509,4:2:18,4,[RefusalData_logId:6,2]
6546005,510,4:3:8,4,[AvailableRefusalData_logId:6,0A]
6546005,510,4:3:12,4,[AvailableRefusalData_logId:6,1A]
6546005,510,4:3:17,4,[AvailableRefusalData_logId:6,2C]
6546005,511,4:3:18,4,[AvailableRefusalData_logId:6,0A,1A,2C,false,0]
6546005,512,4:3:20,4,[]
6546005,513,4:3:20,4,[30]
6546005,514,4:3:23,4,[]
6546005,507,4:3:34,4,[OpponentAttackData_logId:2,OpponentAttackTypeData_logId:4,true,0]
6546005,508,4:3:36,4,[]
6546005,509,4:3:45,4,[RefusalData_logId:4,2]
6546005,510,4:4:31,4,[AvailableRefusalData_logId:4,0B]
6546005,510,4:4:35,4,[AvailableRefusalData_logId:4,1B]
6546005,510,4:4:38,4,[AvailableRefusalData_logId:4,2A]
6546005,510,4:4:40,4,[AvailableRefusalData_logId:4,0C]
6546005,510,4:4:41,4,[AvailableRefusalData_logId:4,0A]
6546005,510,4:4:50,4,[AvailableRefusalData_logId:4,1A]
6546005,510,4:4:58,4,[AvailableRefusalData_logId:4,0B]
6546005,510,4:4:58,4,[AvailableRefusalData_logId:4,1B]
6546005,511,4:5:0,4,[AvailableRefusalData_logId:4,0B,1B,2A,false,0]
6546005,512,4:5:2,4,[]
6546005,513,4:5:2,4,[30]
6546005,514,4:5:6,4,[]
6546005,1002,4:5:20,4
6546005,1003,4:5:20,3
6546005,204,4:5:23,2
6546005,100,4:5:25,0
6546005,102,4:5:27,0
6546005,200,4:5:27,0,6,6,8,2,9
6546005,210,4:5:29,922,403
6546005,211,4:5:30,639,544
6546005,213,4:5:30,0,s_otherStudent1_G7a0,true
6546005,204,4:5:33,0
6546005,100,4:5:36,1
6546005,102,4:5:37,1
6546005,200,4:5:37,1,6,6,8,2,9
6546005,210,4:5:39,1222,139
6546005,207,4:5:43,1,-500,-545
6546005,211,4:5:44,1597,177
6546005,207,4:5:44,1,-545,-590
6546005,210,4:5:44,1668,198
6546005,207,4:5:44,1,-590,-725
6546005,207,4:5:48,1,-725,-485
6546005,207,4:5:50,1,-485,-680
6546005,211,4:5:50,1543,240
6546005,210,4:5:51,1553,230
6546005,211,4:5:51,1574,197
6546005,210,4:5:52,1543,212
6546005,211,4:5:52,1567,209
6546005,213,4:5:52,1,s_snackBarWorker_G7b0,true
6546005,207,4:6:0,1,-680,-620
6546005,204,4:6:0,1
6546005,100,4:6:2,2
6546005,102,4:6:3,2
6546005,200,4:6:3,2,6,6,8,2,9
6546005,219,4:6:6,2
6546005,216,4:6:8,Stack_G8a1N
6546005,217,4:6:14,Stack_G8a1N,4.7,0.00
6546005,218,4:6:29,2
6546005,210,4:6:30,750,436
6546005,211,4:6:33,704,523
6546005,213,4:6:33,2,c_crush2_M_a_G8a1N,true
6546005,212,4:6:38,2
6546005,210,4:6:38,935,557
6546005,211,4:6:41,575,622
6546005,212,4:6:41,1
6546005,210,4:6:42,884,516
6546005,211,4:6:44,557,630
6546005,213,4:6:44,2,s_dirtyClothes_gen,true
6546005,205,4:6:44,2,s_dirtyClothes_gen,false,false
6546005,210,4:6:48,1152,466
6546005,207,4:6:49,2,-200,-305
6546005,211,4:6:53,482,160
6546005,213,4:6:53,2,s_basementDoor_gen,true
6546005,205,4:6:53,2,s_basementDoor_gen,false,false
6546005,210,4:6:57,750,492
6546005,211,4:6:58,726,509
6546005,213,4:6:58,2,c_crush2_M_a_G8a1N,true
6546005,212,4:7:1,0
6546005,210,4:7:1,723,508
6546005,211,4:7:6,712,527
6546005,213,4:7:6,2,s_crush2Sore_M_G8a1N,true
6546005,205,4:7:6,2,s_crush2Sore_M_G8a1N,false,false
6546005,210,4:7:10,805,515
6546005,211,4:7:11,745,556
6546005,213,4:7:11,2,s_crush2Lips_M_G8a1N,true
6546005,205,4:7:11,2,s_crush2Lips_M_G8a1N,false,false
6546005,210,4:7:14,1062,461
6546005,207,4:7:17,2,-305,-410
6546005,207,4:7:21,2,-410,-492
6546005,211,4:7:25,1152,473
6546005,212,4:7:25,2
6546005,210,4:7:27,1088,415
6546005,207,4:7:29,2,-492,-372
6546005,207,4:7:29,2,-372,-237
6546005,207,4:7:30,2,-237,-87
6546005,207,4:7:31,2,-87,0
6546005,211,4:7:36,632,617
6546005,213,4:7:36,2,c_crush2_M_a_G8a1N,true
6546005,212,4:7:39,1
6546005,210,4:7:40,477,556
6546005,211,4:7:45,7,407
6546005,210,4:7:45,338,187
6546005,211,4:7:47,1245,116
6546005,207,4:7:47,2,0,-300
6546005,219,4:7:48,2
6546005,218,4:7:50,2
6546005,221,4:7:51,2
6546005,220,4:7:58,2
6546005,221,4:8:0,2
6546005,220,4:8:4,2
6546005,212,4:8:5,0
6546005,210,4:8:7,1113,476
6546005,207,4:8:13,2,-300,-105
6546005,211,4:8:14,101,346
6546005,207,4:8:14,2,-105,-75
6546005,207,4:8:15,2,-75,-45
6546005,210,4:8:15,162,471
6546005,207,4:8:15,2,-45,0
6546005,211,4:8:16,302,613
6546005,213,4:8:16,2,s_waterHeater_gen,true
6546005,219,4:8:18,2
6546005,216,4:8:19,Stack_G8a3N
6546005,217,4:8:26,Stack_G8a3N,5.0,0.83
6546005,218,4:8:31,2
6546005,210,4:8:32,757,468
6546005,211,4:8:33,832,412
6546005,213,4:8:33,2,c_nurse_a_G8a3N,true
6546005,205,4:8:33,2,c_nurse_a_G8a3N,false,false
6546005,210,4:8:36,425,483
6546005,207,4:8:41,2,-200,0
6546005,207,4:8:48,2,0,-375
6546005,207,4:8:50,2,-375,-492
6546005,211,4:8:52,1279,428
6546005,212,4:8:52,2
6546005,210,4:8:53,869,449
6546005,211,4:8:54,1013,462
6546005,210,4:8:54,1157,493
6546005,211,4:8:55,1153,503
6546005,213,4:8:55,2,s_phone_G8a3N,true
6546005,210,4:8:57,1248,457
6546005,211,4:9:0,1156,505
6546005,213,4:9:0,2,s_phone_G8a3N,true
6546005,210,4:9:3,1092,335
6546005,211,4:9:5,1267,189
6546005,212,4:9:6,1
6546005,212,4:9:8,0
6546005,210,4:9:8,1032,493
6546005,211,4:9:13,596,397
6546005,212,4:9:14,1
6546005,219,4:9:15,2
6546005,218,4:9:16,2
6546005,219,4:9:19,2
6546005,218,4:9:21,2
6546005,210,4:9:25,892,505
6546005,207,4:9:29,2,-492,-312
6546005,207,4:9:30,2,-312,-57
6546005,211,4:9:31,429,469
6546005,213,4:9:31,2,s_mirror_cauc_M_a_G8a3N,true
6546005,205,4:9:31,2,s_mirror_cauc_M_a_G8a3N,false,false
6546005,210,4:9:34,422,398
6546005,207,4:9:38,2,-57,0
6546005,211,4:9:42,225,641
6546005,210,4:9:43,725,392
6546005,211,4:9:44,830,374
6546005,219,4:9:48,2
6546005,218,4:9:51,2
6546005,210,4:9:52,560,391
6546005,211,4:9:56,234,233
6546005,213,4:9:56,2,s_door_G8a3N,true
6546005,204,4:9:59,2
6546005,100,4:10:0,4
6546005,102,4:10:2,4
6546005,200,4:10:2,4,6,6,8,2,9
6546005,210,4:10:4,883,277
6546005,211,4:10:5,926,444
6546005,213,4:10:5,4,s_door_M_gen,true
6546005,205,4:10:5,4,s_door_M_gen,false,true
6546005,221,4:10:13,4
6546005,220,4:10:16,4
6546005,204,4:10:19,4
6546005,100,4:10:29,2
6546005,102,4:10:31,2
6546005,200,4:10:31,2,6,6,8,2,9
6546005,210,4:10:33,873,426
6546005,211,4:10:34,975,359
6546005,221,4:10:36,2
6546005,220,4:10:38,2
6546005,210,4:10:41,438,126
6546005,211,4:10:45,685,243
6546005,213,4:10:45,2,c_crush2_M_a_G8a1N,true
6546005,210,4:10:48,558,465
6546005,207,4:10:50,2,-200,0
6546005,211,4:10:50,250,415
6546005,213,4:10:50,2,s_waterHeater_gen,true
6546005,212,4:10:53,2
6546005,210,4:10:53,610,511
6546005,211,4:10:54,588,551
6546005,213,4:10:54,2,c_crush2_M_a_G8a1N,true
6546005,210,4:11:1,295,252
6546005,207,4:11:1,2,-200,-50
6546005,207,4:11:4,2,-50,-80
6546005,211,4:11:6,930,107
6546005,213,4:11:6,2,s_poster_G8a3N,true
6546005,210,4:11:10,973,127
6546005,207,4:11:11,2,-80,-305
6546005,207,4:11:12,2,-305,-492
6546005,211,4:11:14,1497,561
6546005,210,4:11:15,1473,356
6546005,207,4:11:20,2,-492,-237
6546005,207,4:11:22,2,-237,-117
6546005,207,4:11:24,2,-117,0
6546005,211,4:11:25,24,481
6546005,212,4:11:26,1
6546005,210,4:11:26,723,481
6546005,207,4:11:30,2,0,-105
6546005,207,4:11:31,2,-105,-225
6546005,211,4:11:32,1348,433
6546005,207,4:11:32,2,-225,-345
6546005,207,4:11:33,2,-345,-360
6546005,210,4:11:33,1260,498
6546005,207,4:11:33,2,-360,-492
6546005,207,4:11:36,2,-492,-297
6546005,207,4:11:38,2,-297,-162
6546005,207,4:11:42,2,-162,0
6546005,211,4:11:44,168,406
6546005,213,4:11:44,2,s_door_G8a3N,true
6546005,210,4:11:46,598,136
6546005,207,4:11:48,2,0,-165
6546005,211,4:11:48,1048,71
6546005,219,4:11:48,2
6546005,218,4:11:52,2
6546005,210,4:11:52,643,438
6546005,211,4:11:53,812,374
6546005,210,4:11:59,896,457
6546005,207,4:12:4,2,-200,-425
6546005,207,4:12:5,2,-425,-492
6546005,211,4:12:7,1373,568
6546005,212,4:12:8,2
6546005,210,4:12:8,1391,537
6546005,207,4:12:14,2,-492,-372
6546005,207,4:12:17,2,-372,-222
6546005,207,4:12:19,2,-222,-12
6546005,207,4:12:19,2,-12,0
6546005,211,4:12:22,1008,325
6546005,207,4:12:22,2,0,-60
6546005,212,4:12:23,1
6546005,210,4:12:24,694,517
6546005,207,4:12:26,2,-60,-300
6546005,207,4:12:28,2,-300,-492
6546005,211,4:12:33,408,621
6546005,207,4:12:33,2,-492,-387
6546005,207,4:12:33,2,-387,-357
6546005,210,4:12:33,511,547
6546005,207,4:12:35,2,-357,-117
6546005,207,4:12:37,2,-117,0
6546005,211,4:12:37,234,457
6546005,213,4:12:37,2,s_waterHeater_gen,true
6546005,212,4:12:40,0
6546005,207,4:12:40,2,0,0
6546005,213,4:12:40,2,c_crush2_M_a_G8a1N,true
6546005,207,4:12:40,2,0,0
6546005,210,4:12:42,362,457
6546005,211,4:12:46,1147,220
6546005,207,4:12:46,2,0,-140
6546005,210,4:12:47,1211,277
6546005,207,4:12:47,2,-140,-245
6546005,211,4:12:49,1270,442
6546005,207,4:12:49,2,-245,-275
6546005,212,4:12:50,2
6546005,212,4:12:51,1
6546005,210,4:12:53,1158,588
6546005,207,4:12:55,2,-275,-492
6546005,211,4:12:56,1376,511
6546005,210,4:12:57,1365,533
6546005,211,4:12:58,1360,512
6546005,213,4:12:58,2,s_inhalantsShelf_gen,true
6546005,210,4:13:7,1394,472
6546005,211,4:13:13,1281,527
6546005,212,4:13:14,0
6546005,210,4:13:15,1101,447
6546005,211,4:13:16,793,392
6546005,213,4:13:16,2,s_crush2Eyes_M_G8a1N,true
6546005,205,4:13:16,2,s_crush2Eyes_M_G8a1N,false,false
6546005,221,4:13:22,2
6546005,220,4:13:25,2
6546005,1003,4:13:25,3
6546005,1004,4:13:28,1
6546005,500,4:13:30,1,[]
6546005,501,4:13:31,1,[]
6546005,502,4:14:21,1,[IntentionData_logId:3,true]
6546005,503,4:14:22,1,[]
6546005,504,4:14:33,1,[InfluenceData_logId:1]
6546005,504,4:14:36,1,[InfluenceData_logId:5]
6546005,504,4:14:37,1,[InfluenceData_logId:7]
6546005,505,4:14:39,1,[InfluenceData_logId:1,true,InfluenceData_logId:5,true,InfluenceData_logId:7,true]
6546005,506,4:14:40,1,[]
6546005,507,4:15:8,1,[OpponentAttackData_logId:2,OpponentAttackTypeData_logId:1,false,30]
6546005,508,4:15:11,1,[]
6546005,509,4:15:19,1,[RefusalData_logId:0,0]
6546005,510,4:15:25,1,[AvailableRefusalData_logId:0,0B]
6546005,510,4:15:28,1,[AvailableRefusalData_logId:0,1B]
6546005,510,4:15:31,1,[AvailableRefusalData_logId:0,0A]
6546005,510,4:15:37,1,[AvailableRefusalData_logId:0,1A]
6546005,510,4:15:40,1,[AvailableRefusalData_logId:0,2A]
6546005,511,4:15:41,1,[AvailableRefusalData_logId:0,0A,1A,2A,true,20]
6546005,512,4:15:44,1,[]
6546005,513,4:15:44,1,[30]
6546005,514,4:15:50,1,[]
6546005,507,4:16:13,1,[OpponentAttackData_logId:3,OpponentAttackTypeData_logId:0,false,30]
6546005,508,4:16:15,1,[]
6546005,509,4:16:25,1,[RefusalData_logId:5,0]
6546005,510,4:17:25,1,[AvailableRefusalData_logId:5,0A]
6546005,510,4:17:27,1,[AvailableRefusalData_logId:5,1A]
6546005,510,4:17:30,1,[AvailableRefusalData_logId:5,2A]
6546005,511,4:17:30,1,[AvailableRefusalData_logId:5,0A,1A,2A,true,20]
6546005,512,4:17:33,1,[]
6546005,513,4:17:33,1,[30]
6546005,514,4:17:36,1,[]
6546005,507,4:17:48,1,[OpponentAttackData_logId:1,OpponentAttackTypeData_logId:1,true,0]
6546005,508,4:17:50,1,[]
6546005,509,4:17:58,1,[RefusalData_logId:7,2]
6546005,510,4:19:47,1,[AvailableRefusalData_logId:7,0C]
6546005,510,4:19:52,1,[AvailableRefusalData_logId:7,0A]
6546005,510,4:20:30,1,[AvailableRefusalData_logId:7,1A]
6546005,510,4:20:32,1,[AvailableRefusalData_logId:7,2A]
6546005,511,4:20:33,1,[AvailableRefusalData_logId:7,0A,1A,2A,true,50]
6546005,512,4:20:36,1,[]
6546005,513,4:20:36,1,[0]
6546005,514,4:20:38,1,[]
6546005,507,4:21:6,1,[OpponentAttackData_logId:0,OpponentAttackTypeData_logId:3,false,30]
6546005,508,4:21:8,1,[]
6546005,515,4:21:8,1,[0,10]
6546005,516,4:21:8,1,[]
6546005,517,4:21:10,1,[]
6546005,1000,4:21:12,1,[]
6546005,500,4:21:13,1,[]
6546005,501,4:21:15,1,[]
6546005,502,4:21:17,1,[IntentionData_logId:3,true]
6546005,503,4:21:18,1,[]
6546005,504,4:21:21,1,[InfluenceData_logId:1]
6546005,504,4:21:22,1,[InfluenceData_logId:5]
6546005,504,4:21:23,1,[InfluenceData_logId:7]
6546005,505,4:21:24,1,[InfluenceData_logId:1,true,InfluenceData_logId:5,true,InfluenceData_logId:7,true]
6546005,506,4:21:25,1,[]
6546005,507,4:21:34,1,[OpponentAttackData_logId:3,OpponentAttackTypeData_logId:3,false,30]
6546005,508,4:21:36,1,[]
6546005,509,4:21:45,1,[RefusalData_logId:7,2]
6546005,510,4:21:52,1,[AvailableRefusalData_logId:7,0A]
6546005,510,4:22:6,1,[AvailableRefusalData_logId:7,1A]
6546005,510,4:22:7,1,[AvailableRefusalData_logId:7,2A]
6546005,511,4:22:8,1,[AvailableRefusalData_logId:7,0A,1A,2A,true,50]
6546005,512,4:22:11,1,[]
6546005,513,4:22:11,1,[0]
6546005,514,4:22:12,1,[]
6546005,507,4:22:25,1,[OpponentAttackData_logId:2,OpponentAttackTypeData_logId:3,true,0]
6546005,508,4:22:28,1,[]
6546005,509,4:22:32,1,[RefusalData_logId:2,1]
6546005,510,4:23:18,1,[AvailableRefusalData_logId:2,0A]
6546005,510,4:23:18,1,[AvailableRefusalData_logId:2,1A]
6546005,510,4:23:21,1,[AvailableRefusalData_logId:2,2A]
6546005,511,4:23:22,1,[AvailableRefusalData_logId:2,0A,1A,2A,true,30]
6546005,512,4:23:25,1,[]
6546005,513,4:23:25,1,[0]
6546005,514,4:23:28,1,[]
6546005,507,4:23:39,1,[OpponentAttackData_logId:0,OpponentAttackTypeData_logId:2,true,0]
6546005,508,4:23:41,1,[]
6546005,509,4:23:48,1,[RefusalData_logId:5,0]
6546005,510,4:24:59,1,[AvailableRefusalData_logId:5,1C]
6546005,510,4:25:0,1,[AvailableRefusalData_logId:5,1A]
6546005,510,4:25:0,1,[AvailableRefusalData_logId:5,2B]
6546005,510,4:25:1,1,[AvailableRefusalData_logId:5,2A]
6546005,510,4:25:10,1,[AvailableRefusalData_logId:5,0B]
6546005,510,4:25:38,1,[AvailableRefusalData_logId:5,1C]
6546005,510,4:25:39,1,[AvailableRefusalData_logId:5,2C]
6546005,511,4:25:40,1,[AvailableRefusalData_logId:5,0B,1C,2C,false,0]
6546005,512,4:25:43,1,[]
6546005,513,4:25:43,1,[30]
6546005,514,4:25:45,1,[]
6546005,507,4:25:51,1,[OpponentAttackData_logId:1,OpponentAttackTypeData_logId:4,false,30]
6546005,508,4:25:53,1,[]
6546005,509,4:25:58,1,[RefusalData_logId:0,0]
6546005,510,4:26:1,1,[AvailableRefusalData_logId:0,0A]
6546005,510,4:26:7,1,[AvailableRefusalData_logId:0,1A]
6546005,510,4:26:8,1,[AvailableRefusalData_logId:0,2A]
6546005,511,4:26:9,1,[AvailableRefusalData_logId:0,0A,1A,2A,true,20]
6546005,512,4:26:12,1,[]
6546005,515,4:26:12,1,[60,0]
6546005,516,4:26:15,1,[]
6546005,517,4:26:16,1,[]
6546005,1005,4:26:16,1,[3,0,2]
6546005,1001,4:26:18,1,[]
6546005,1003,4:26:18,3
6546005,210,4:26:22,735,604
6546005,211,4:26:24,963,578
6546005,213,4:26:24,2,s_stairs_G8a1N,true
6546005,221,4:26:27,2
6546005,220,4:26:30,2
6546005,221,4:26:31,2
6546005,300,4:26:32
6546005,220,4:26:32,2
6546005,301,4:26:35,2
6546005,305,4:26:40,2,5,0,-1,
6546005,221,4:26:44,2
6546005,220,4:26:45,2
6546005,1003,4:26:45,3
6546005,221,4:26:58,2
6546005,220,4:26:59,2
6546005,1003,4:26:59,3
6546005,1004,4:27:0,1
6546005,500,4:27:3,1,[]
6546005,501,4:27:5,1,[]
6546005,502,4:27:8,1,[IntentionData_logId:3,true]
6546005,503,4:27:9,1,[]
6546005,504,4:27:21,1,[InfluenceData_logId:1]
6546005,504,4:27:22,1,[InfluenceData_logId:5]
6546005,504,4:27:22,1,[InfluenceData_logId:7]
6546005,505,4:27:23,1,[InfluenceData_logId:1,true,InfluenceData_logId:5,true,InfluenceData_logId:7,true]
6546005,506,4:27:24,1,[]
6546005,507,4:27:41,1,[OpponentAttackData_logId:3,OpponentAttackTypeData_logId:1,false,30]
6546005,508,4:27:43,1,[]
6546005,509,4:27:48,1,[RefusalData_logId:0,0]
6546005,510,4:27:49,1,[AvailableRefusalData_logId:0,0A]
6546005,510,4:27:55,1,[AvailableRefusalData_logId:0,1A]
6546005,510,4:27:55,1,[AvailableRefusalData_logId:0,2A]
6546005,511,4:27:56,1,[AvailableRefusalData_logId:0,0A,1A,2A,true,20]
6546005,512,4:27:59,1,[]
6546005,513,4:27:59,1,[30]
6546005,514,4:28:6,1,[]
6546005,507,4:28:33,1,[OpponentAttackData_logId:0,OpponentAttackTypeData_logId:2,true,0]
6546005,508,4:28:35,1,[]
6546005,509,4:28:42,1,[RefusalData_logId:7,2]
6546005,510,4:28:47,1,[AvailableRefusalData_logId:7,0A]
6546005,510,4:28:50,1,[AvailableRefusalData_logId:7,1B]
6546005,510,4:28:51,1,[AvailableRefusalData_logId:7,2A]
6546005,511,4:28:51,1,[AvailableRefusalData_logId:7,0A,1B,2A,false,0]
6546005,512,4:28:58,1,[]
6546005,513,4:28:58,1,[30]
6546005,514,4:29:2,1,[]
6546005,507,4:29:7,1,[OpponentAttackData_logId:2,OpponentAttackTypeData_logId:3,true,0]
6546005,508,4:29:10,1,[]
6546005,509,4:29:13,1,[RefusalData_logId:2,1]
6546005,510,4:29:15,1,[AvailableRefusalData_logId:2,0A]
6546005,510,4:29:16,1,[AvailableRefusalData_logId:2,1A]
6546005,510,4:29:17,1,[AvailableRefusalData_logId:2,2A]
6546005,511,4:29:17,1,[AvailableRefusalData_logId:2,0A,1A,2A,true,30]
6546005,512,4:29:21,1,[]
6546005,513,4:29:21,1,[0]
6546005,514,4:29:23,1,[]
6546005,507,4:29:29,1,[OpponentAttackData_logId:1,OpponentAttackTypeData_logId:1,true,0]
6546005,508,4:29:32,1,[]
6546005,509,4:29:37,1,[RefusalData_logId:5,0]
6546005,510,4:29:43,1,[AvailableRefusalData_logId:5,0B]
6546005,510,4:29:45,1,[AvailableRefusalData_logId:5,1C]
6546005,510,4:29:46,1,[AvailableRefusalData_logId:5,2C]
6546005,511,4:29:46,1,[AvailableRefusalData_logId:5,0B,1C,2C,false,0]
6546005,512,4:29:49,1,[]
6546005,513,4:29:49,1,[30]
6546005,514,4:29:53,1,[]
6546005,515,4:29:53,1,[30,50]
6546005,516,4:29:56,1,[]
6546005,517,4:29:57,1,[]
6546005,1000,4:29:58,1,[]
6546005,500,4:29:59,1,[]
6546005,501,4:30:0,1,[]
6546005,502,4:30:7,1,[IntentionData_logId:3,true]
6546005,503,4:30:8,1,[]
6546005,504,4:30:11,1,[InfluenceData_logId:1]
6546005,504,4:30:12,1,[InfluenceData_logId:5]
6546005,504,4:30:13,1,[InfluenceData_logId:7]
6546005,505,4:30:14,1,[InfluenceData_logId:1,true,InfluenceData_logId:5,true,InfluenceData_logId:7,true]
6546005,506,4:30:15,1,[]
6546005,507,4:30:23,1,[OpponentAttackData_logId:0,OpponentAttackTypeData_logId:1,false,30]
6546005,508,4:30:24,1,[]
6546005,509,4:30:28,1,[RefusalData_logId:0,0]
6546005,510,4:30:29,1,[AvailableRefusalData_logId:0,0A]
6546005,510,4:30:32,1,[AvailableRefusalData_logId:0,1B]
6546005,510,4:30:35,1,[AvailableRefusalData_logId:0,1A]
6546005,510,4:30:36,1,[AvailableRefusalData_logId:0,2A]
6546005,511,4:30:37,1,[AvailableRefusalData_logId:0,0A,1A,2A,true,20]
6546005,512,4:30:40,1,[]
6546005,513,4:30:40,1,[30]
6546005,514,4:30:44,1,[]
6546005,507,4:30:55,1,[OpponentAttackData_logId:3,OpponentAttackTypeData_logId:4,true,0]
6546005,508,4:30:57,1,[]
6546005,509,4:31:4,1,[RefusalData_logId:2,1]
6546005,510,4:31:5,1,[AvailableRefusalData_logId:2,0A]
6546005,510,4:31:9,1,[AvailableRefusalData_logId:2,1A]
6546005,510,4:31:10,1,[AvailableRefusalData_logId:2,2A]
6546005,511,4:31:11,1,[AvailableRefusalData_logId:2,0A,1A,2A,true,30]
6546005,512,4:31:14,1,[]
6546005,513,4:31:14,1,[0]
6546005,514,4:31:15,1,[]
6546005,507,4:31:25,1,[OpponentAttackData_logId:2,OpponentAttackTypeData_logId:3,true,0]
6546005,508,4:31:29,1,[]
6546005,509,4:31:35,1,[RefusalData_logId:7,2]
6546005,510,4:33:8,1,[AvailableRefusalData_logId:7,0A]
6546005,510,4:33:13,1,[AvailableRefusalData_logId:7,1A]
6546005,510,4:33:15,1,[AvailableRefusalData_logId:7,2A]
6546005,511,4:33:15,1,[AvailableRefusalData_logId:7,0A,1A,2A,true,50]
6546005,512,4:33:18,1,[]
6546005,515,4:33:18,1,[90,0]
6546005,516,4:33:21,1,[]
6546005,517,4:33:22,1,[]
6546005,1000,4:33:26,1,[]
6546005,500,4:33:27,1,[]
6546005,501,4:33:29,1,[]
6546005,502,4:33:34,1,[IntentionData_logId:3,true]
6546005,503,4:33:35,1,[]
6546005,504,4:33:38,1,[InfluenceData_logId:1]
6546005,504,4:33:39,1,[InfluenceData_logId:5]
6546005,504,4:33:40,1,[InfluenceData_logId:7]
6546005,505,4:33:40,1,[InfluenceData_logId:1,true,InfluenceData_logId:5,true,InfluenceData_logId:7,true]
6546005,506,4:33:42,1,[]
6546005,507,4:33:52,1,[OpponentAttackData_logId:2,OpponentAttackTypeData_logId:3,true,0]
6546005,508,4:33:54,1,[]
6546005,509,4:34:8,1,[RefusalData_logId:7,2]
6546005,510,4:34:11,1,[AvailableRefusalData_logId:7,0A]
6546005,510,4:34:14,1,[AvailableRefusalData_logId:7,1A]
6546005,510,4:34:15,1,[AvailableRefusalData_logId:7,2A]
6546005,511,4:34:16,1,[AvailableRefusalData_logId:7,0A,1A,2A,true,50]
6546005,512,4:34:19,1,[]
6546005,513,4:34:19,1,[0]
6546005,514,4:34:24,1,[]
6546005,507,4:34:32,1,[OpponentAttackData_logId:3,OpponentAttackTypeData_logId:4,true,0]
6546005,508,4:34:35,1,[]
6546005,509,4:34:54,1,[RefusalData_logId:2,1]
6546005,510,4:34:56,1,[AvailableRefusalData_logId:2,0A]
6546005,510,4:34:57,1,[AvailableRefusalData_logId:2,1A]
6546005,510,4:34:58,1,[AvailableRefusalData_logId:2,2A]
6546005,511,4:34:58,1,[AvailableRefusalData_logId:2,0A,1A,2A,true,30]
6546005,512,4:35:2,1,[]
6546005,513,4:35:2,1,[0]
6546005,514,4:35:4,1,[]
6546005,507,4:35:11,1,[OpponentAttackData_logId:1,OpponentAttackTypeData_logId:1,true,0]
6546005,508,4:35:14,1,[]
6546005,509,4:35:18,1,[RefusalData_logId:0,0]
6546005,510,4:35:20,1,[AvailableRefusalData_logId:0,0A]
6546005,510,4:35:21,1,[AvailableRefusalData_logId:0,1A]
6546005,510,4:35:22,1,[AvailableRefusalData_logId:0,2A]
6546005,511,4:35:23,1,[AvailableRefusalData_logId:0,0A,1A,2A,true,20]
6546005,512,4:35:26,1,[]
6546005,515,4:35:26,1,[150,0]
6546005,516,4:35:28,1,[]
6546005,517,4:35:30,1,[]
6546005,1005,4:35:30,1,[3,2,3]
6546005,1001,4:35:31,1,[]
6546005,1003,4:35:31,3
6546005,210,4:35:35,1022,510
6546005,211,4:35:36,917,614
6546005,213,4:35:36,2,s_stairs_G8a1N,true
6546005,221,4:35:38,2
6546005,220,4:35:41,2
6546005,210,4:35:42,655,479
6546005,207,4:35:44,2,-200,-155
6546005,207,4:35:48,2,-155,-50
6546005,207,4:35:51,2,-50,-380
6546005,211,4:35:51,1078,493
6546005,210,4:35:52,1177,562
6546005,211,4:35:53,1261,344
6546005,210,4:35:57,1264,544
6546005,207,4:35:58,2,-380,-485
6546005,207,4:36:0,2,-485,-492
6546005,211,4:36:1,1510,507
6546005,210,4:36:2,1479,625
6546005,211,4:36:4,1161,546
6546005,210,4:36:7,1230,503
6546005,211,4:36:9,1142,464
6546005,221,4:36:9,2
6546005,220,4:36:12,2
6546005,210,4:36:15,805,477
6546005,207,4:36:17,2,-200,-275
6546005,211,4:36:18,950,466
6546005,213,4:36:18,2,c_nurse_a_G8a3N,true
6546005,205,4:36:18,2,c_nurse_a_G8a3N,false,true
6546005,210,4:36:29,892,439
6546005,207,4:36:30,2,-200,-275
6546005,211,4:36:32,1129,498
6546005,207,4:36:33,2,-275,-290
6546005,210,4:36:33,1194,462
6546005,207,4:36:34,2,-290,-395
6546005,211,4:36:40,826,535
6546005,213,4:36:40,2,c_crush2_M_a_G8a1N,true
6546005,210,4:37:33,730,437
6546005,207,4:37:34,2,-200,-245
6546005,207,4:37:35,2,-245,-260
6546005,207,4:37:35,2,-260,-410
6546005,211,4:37:36,1351,184
6546005,210,4:37:37,1464,541
6546005,207,4:37:37,2,-410,-492
6546005,211,4:37:42,449,125
6546005,207,4:37:42,2,-492,-432
6546005,207,4:37:42,2,-432,-387
6546005,210,4:37:42,495,189
6546005,207,4:37:43,2,-387,-282
6546005,207,4:37:44,2,-282,-147
6546005,207,4:37:47,2,-147,0
6546005,211,4:37:53,1066,124
6546005,207,4:37:53,2,0,-60
6546005,210,4:37:53,1140,314
6546005,211,4:37:54,1186,345
6546005,207,4:37:54,2,-60,-165
6546005,221,4:37:59,2
6546005,220,4:38:4,2
6546005,221,4:38:10,2
6546005,220,4:38:11,2
6546005,210,4:38:14,1008,519
6546005,211,4:38:15,1004,575
6546005,213,4:38:15,2,s_stairs_G8a1N,true
6546005,210,4:38:17,652,129
6546005,207,4:38:26,2,-200,-275
6546005,207,4:38:28,2,-275,-440
6546005,207,4:38:29,2,-440,-470
6546005,207,4:38:30,2,-470,-492
6546005,211,4:38:37,1249,484
6546005,210,4:38:57,1181,480
6546005,211,4:38:58,1208,393
6546005,210,4:38:59,1267,365
6546005,211,4:39:0,1273,180
6546005,210,4:39:4,1187,447
6546005,211,4:39:4,1114,369
6546005,210,4:39:4,1253,459
6546005,211,4:39:7,1281,486
6546005,210,4:39:31,1117,464
6546005,211,4:39:32,1142,502
6546005,210,4:39:32,1120,451
6546005,211,4:39:46,1386,147
6546005,210,4:39:46,1094,259
6546005,211,4:39:46,1094,259
6546005,213,4:39:46,2,c_crush2_M_a_G8a1N,true
6546005,210,4:39:50,1160,483
6546005,207,4:39:53,2,-492,-252
6546005,207,4:39:56,2,-252,-492
6546005,211,4:39:57,1514,562
6546005,210,4:39:58,1445,602
6546005,211,4:40:2,1205,238
6546005,210,4:40:9,893,481
6546005,211,4:40:10,1207,432
6546005,210,4:40:25,824,353
6546005,211,4:40:26,1000,245
6546005,213,4:40:26,2,c_crush2_M_a_G8a1N,true
6546005,210,4:40:43,730,514
6546005,211,4:40:45,1508,195
6546005,210,4:40:48,1164,429
6546005,211,4:40:49,1364,443
6546005,204,4:40:54,2
6546005,1003,4:41:2,2
6546005,1004,4:41:5,0
6546005,1002,4:41:11,0
6546005,1003,4:41:11,2
6546005,1004,4:41:14,1
6546005,900,4:41:15,1,[]
6546005,901,4:41:27,1,[PeopleData_id:0]
6546005,902,4:41:28,1,[PeopleData_id:0,PeopleData_data0Type]
6546005,902,4:41:30,1,[PeopleData_id:0,PeopleData_data1Type]
6546005,902,4:41:31,1,[PeopleData_id:0,PeopleData_data2Type]
6546005,903,4:41:33,1,[PeopleData_id0,PeopleData_data2Type]
6546005,901,4:41:34,1,[PeopleData_id:0]
6546005,904,4:41:34,1,[PeopleData_id:0]
6546005,905,4:41:35,1,[PeopleData_id:0,RankTypes_id:-1,RankTypes_id:0]
6546005,901,4:41:35,1,[PeopleData_id:6]
6546005,902,4:41:36,1,[PeopleData_id:6,PeopleData_data0Type]
6546005,902,4:41:37,1,[PeopleData_id:6,PeopleData_data1Type]
6546005,902,4:41:37,1,[PeopleData_id:6,PeopleData_data2Type]
6546005,902,4:41:37,1,[PeopleData_id:6,PeopleData_data3Type]
6546005,903,4:41:40,1,[PeopleData_id6,PeopleData_data3Type]
6546005,901,4:41:41,1,[PeopleData_id:6]
6546005,904,4:41:41,1,[PeopleData_id:6]
6546005,905,4:41:42,1,[PeopleData_id:6,RankTypes_id:-1,RankTypes_id:2]
6546005,901,4:41:42,1,[PeopleData_id:5]
6546005,902,4:41:43,1,[PeopleData_id:5,PeopleData_data0Type]
6546005,902,4:41:43,1,[PeopleData_id:5,PeopleData_data1Type]
6546005,902,4:41:43,1,[PeopleData_id:5,PeopleData_data2Type]
6546005,903,4:41:45,1,[PeopleData_id5,PeopleData_data2Type]
6546005,901,4:41:45,1,[PeopleData_id:5]
6546005,904,4:41:45,1,[PeopleData_id:5]
6546005,905,4:41:46,1,[PeopleData_id:5,RankTypes_id:-1,RankTypes_id:3]
6546005,901,4:41:46,1,[PeopleData_id:2]
6546005,902,4:41:47,1,[PeopleData_id:2,PeopleData_data0Type]
6546005,902,4:41:47,1,[PeopleData_id:2,PeopleData_data1Type]
6546005,902,4:41:48,1,[PeopleData_id:2,PeopleData_data2Type]
6546005,902,4:41:48,1,[PeopleData_id:2,PeopleData_data3Type]
6546005,903,4:41:50,1,[PeopleData_id2,PeopleData_data3Type]
6546005,901,4:41:51,1,[PeopleData_id:2]
6546005,904,4:41:51,1,[PeopleData_id:2]
6546005,905,4:41:52,1,[PeopleData_id:2,RankTypes_id:-1,RankTypes_id:0]
6546005,902,4:41:53,1,[PeopleData_id:2,PeopleData_data0Type]
6546005,902,4:41:53,1,[PeopleData_id:2,PeopleData_data1Type]
6546005,902,4:41:53,1,[PeopleData_id:2,PeopleData_data2Type]
6546005,902,4:41:54,1,[PeopleData_id:2,PeopleData_data3Type]
6546005,902,4:41:54,1,[PeopleData_id:2,PeopleData_data3Type]
6546005,903,4:41:56,1,[PeopleData_id2,PeopleData_data3Type]
6546005,902,4:42:8,1,[PeopleData_id:2,PeopleData_data0Type]
6546005,902,4:42:8,1,[PeopleData_id:2,PeopleData_data1Type]
6546005,902,4:42:9,1,[PeopleData_id:2,PeopleData_data2Type]
6546005,902,4:42:9,1,[PeopleData_id:2,PeopleData_data2Type]
6546005,902,4:42:9,1,[PeopleData_id:2,PeopleData_data3Type]
6546005,903,4:42:11,1,[PeopleData_id2,PeopleData_data3Type]
6546005,901,4:42:14,1,[PeopleData_id:1]
6546005,904,4:42:14,1,[PeopleData_id:1]
6546005,901,4:42:14,1,[PeopleData_id:3]
6546005,904,4:42:15,1,[PeopleData_id:3]
6546005,901,4:42:15,1,[PeopleData_id:4]
6546005,904,4:42:15,1,[PeopleData_id:4]
6546005,902,4:42:16,1,[PeopleData_id:4,PeopleData_data1Type]
6546005,902,4:42:17,1,[PeopleData_id:4,PeopleData_data3Type]
6546005,903,4:42:18,1,[PeopleData_id4,PeopleData_data3Type]
6546005,901,4:42:19,1,[PeopleData_id:1]
6546005,904,4:42:19,1,[PeopleData_id:1]
6546005,905,4:42:20,1,[PeopleData_id:1,RankTypes_id:-1,RankTypes_id:4]
6546005,901,4:42:20,1,[PeopleData_id:4]
6546005,902,4:42:21,1,[PeopleData_id:4,PeopleData_data0Type]
6546005,902,4:42:21,1,[PeopleData_id:4,PeopleData_data1Type]
6546005,902,4:42:22,1,[PeopleData_id:4,PeopleData_data2Type]
6546005,902,4:42:22,1,[PeopleData_id:4,PeopleData_data3Type]
6546005,903,4:42:34,1,[PeopleData_id4,PeopleData_data3Type]
6546005,901,4:42:35,1,[PeopleData_id:4]
6546005,904,4:42:35,1,[PeopleData_id:4]
6546005,905,4:42:37,1,[PeopleData_id:4,RankTypes_id:-1,RankTypes_id:4]
6546005,901,4:42:38,1,[PeopleData_id:3]
6546005,902,4:42:39,1,[PeopleData_id:3,PeopleData_data0Type]
6546005,902,4:42:39,1,[PeopleData_id:3,PeopleData_data1Type]
6546005,902,4:42:40,1,[PeopleData_id:3,PeopleData_data2Type]
6546005,902,4:42:40,1,[PeopleData_id:3,PeopleData_data3Type]
6546005,903,4:42:41,1,[PeopleData_id3,PeopleData_data3Type]
6546005,901,4:42:42,1,[PeopleData_id:3]
6546005,904,4:42:42,1,[PeopleData_id:3]
6546005,905,4:42:43,1,[PeopleData_id:3,RankTypes_id:-1,RankTypes_id:0]
6546005,906,4:42:43,1,[]
6546005,907,4:42:44,1,[]
6546005,908,4:42:44,1,[InvitationData_id:2,PeopleData_id:4,RankTypes_id:4]
6546005,909,4:42:49,1,[InvitationData_id:2,PeopleData_id:4,RankTypes_id:4,1]
6546005,910,4:42:50,1,[InvitationData_id:2,0,true]
6546005,908,4:42:50,1,[InvitationData_id:1,PeopleData_id:4,RankTypes_id:4]
6546005,909,4:42:53,1,[InvitationData_id:1,PeopleData_id:4,RankTypes_id:4,1]
6546005,910,4:42:54,1,[InvitationData_id:1,9,false]
6546005,908,4:42:54,1,[InvitationData_id:9,PeopleData_id:4,RankTypes_id:4]
6546005,909,4:42:56,1,[InvitationData_id:9,PeopleData_id:4,RankTypes_id:4,0]
6546005,910,4:42:57,1,[InvitationData_id:9,-11,false]
6546005,908,4:42:57,1,[InvitationData_id:8,PeopleData_id:1,RankTypes_id:4]
6546005,909,4:43:0,1,[InvitationData_id:8,PeopleData_id:1,RankTypes_id:4,0]
6546005,910,4:43:4,1,[InvitationData_id:8,-11,false]
6546005,908,4:43:4,1,[InvitationData_id:6,PeopleData_id:4,RankTypes_id:4]
6546005,909,4:43:7,1,[InvitationData_id:6,PeopleData_id:4,RankTypes_id:4,1]
6546005,910,4:43:8,1,[InvitationData_id:6,9,false]
6546005,908,4:43:8,1,[InvitationData_id:5,PeopleData_id:6,RankTypes_id:2]
6546005,909,4:43:13,1,[InvitationData_id:5,PeopleData_id:6,RankTypes_id:2,1]
6546005,910,4:43:14,1,[InvitationData_id:5,5,false]
6546005,908,4:43:14,1,[InvitationData_id:10,PeopleData_id:1,RankTypes_id:4]
6546005,909,4:43:16,1,[InvitationData_id:10,PeopleData_id:1,RankTypes_id:4,1]
6546005,910,4:43:16,1,[InvitationData_id:10,9,false]
6546005,908,4:43:16,1,[InvitationData_id:0,PeopleData_id:1,RankTypes_id:4]
6546005,909,4:43:18,1,[InvitationData_id:0,PeopleData_id:1,RankTypes_id:4,1]
6546005,910,4:43:18,1,[InvitationData_id:0,9,false]
6546005,908,4:43:18,1,[InvitationData_id:3,PeopleData_id:4,RankTypes_id:4]
6546005,909,4:43:21,1,[InvitationData_id:3,PeopleData_id:4,RankTypes_id:4,1]
6546005,910,4:43:21,1,[InvitationData_id:3,9,false]
6546005,911,4:43:23,1,[28,1,1,1]
6546005,1000,4:43:25,1,[]
6546005,900,4:43:26,1,[]
6546005,1002,4:43:46,1
6546005,1003,4:43:46,2
6546005,1004,4:43:48,8
6546005,900,4:43:51,8,[]
6546005,901,4:44:4,8,[PeopleData_id:2]
6546005,902,4:44:5,8,[PeopleData_id:2,PeopleData_data0Type]
6546005,902,4:44:24,8,[PeopleData_id:2,PeopleData_data1Type]
6546005,902,4:44:29,8,[PeopleData_id:2,PeopleData_data2Type]
6546005,902,4:44:35,8,[PeopleData_id:2,PeopleData_data2Type]
6546005,902,4:44:36,8,[PeopleData_id:2,PeopleData_data3Type]
6546005,903,4:44:41,8,[PeopleData_id2,PeopleData_data3Type]
6546005,901,4:44:43,8,[PeopleData_id:2]
6546005,904,4:44:43,8,[PeopleData_id:2]
6546005,905,4:44:44,8,[PeopleData_id:2,RankTypes_id:-1,RankTypes_id:0]
6546005,901,4:44:53,8,[PeopleData_id:0]
6546005,902,4:44:54,8,[PeopleData_id:0,PeopleData_data0Type]
6546005,902,4:44:57,8,[PeopleData_id:0,PeopleData_data1Type]
6546005,902,4:45:6,8,[PeopleData_id:0,PeopleData_data2Type]
6546005,902,4:45:9,8,[PeopleData_id:0,PeopleData_data3Type]
6546005,902,4:45:14,8,[PeopleData_id:0,PeopleData_data3Type]
6546005,903,4:45:15,8,[PeopleData_id0,PeopleData_data3Type]
6546005,901,4:45:16,8,[PeopleData_id:0]
6546005,904,4:45:16,8,[PeopleData_id:0]
6546005,905,4:45:18,8,[PeopleData_id:0,RankTypes_id:-1,RankTypes_id:4]
6546005,901,4:45:19,8,[PeopleData_id:0]
6546005,904,4:45:19,8,[PeopleData_id:0]
6546005,905,4:45:19,8,[PeopleData_id:0,RankTypes_id:4,RankTypes_id:3]
6546005,901,4:45:21,8,[PeopleData_id:0]
6546005,904,4:45:21,8,[PeopleData_id:0]
6546005,905,4:45:22,8,[PeopleData_id:0,RankTypes_id:3,RankTypes_id:1]
6546005,901,4:45:22,8,[PeopleData_id:0]
6546005,904,4:45:22,8,[PeopleData_id:0]
6546005,905,4:45:23,8,[PeopleData_id:0,RankTypes_id:1,RankTypes_id:0]
6546005,901,4:45:23,8,[PeopleData_id:0]
6546005,904,4:45:23,8,[PeopleData_id:0]
6546005,905,4:45:24,8,[PeopleData_id:0,RankTypes_id:0,RankTypes_id:4]
6546005,901,4:45:25,8,[PeopleData_id:0]
6546005,904,4:45:25,8,[PeopleData_id:0]
6546005,905,4:45:25,8,[PeopleData_id:0,RankTypes_id:4,RankTypes_id:2]
6546005,901,4:45:26,8,[PeopleData_id:0]
6546005,904,4:45:26,8,[PeopleData_id:0]
6546005,905,4:45:27,8,[PeopleData_id:0,RankTypes_id:2,RankTypes_id:3]
6546005,901,4:45:29,8,[PeopleData_id:7]
6546005,902,4:45:30,8,[PeopleData_id:7,PeopleData_data0Type]
6546005,902,4:45:33,8,[PeopleData_id:7,PeopleData_data1Type]
6546005,902,4:45:34,8,[PeopleData_id:7,PeopleData_data2Type]
6546005,902,4:45:35,8,[PeopleData_id:7,PeopleData_data3Type]
6546005,903,4:45:39,8,[PeopleData_id7,PeopleData_data3Type]
6546005,901,4:45:40,8,[PeopleData_id:7]
6546005,904,4:45:40,8,[PeopleData_id:7]
6546005,905,4:45:40,8,[PeopleData_id:7,RankTypes_id:-1,RankTypes_id:4]
6546005,901,4:45:41,8,[PeopleData_id:6]
6546005,902,4:45:42,8,[PeopleData_id:6,PeopleData_data0Type]
6546005,902,4:45:42,8,[PeopleData_id:6,PeopleData_data1Type]
6546005,902,4:45:42,8,[PeopleData_id:6,PeopleData_data2Type]
6546005,902,4:45:43,8,[PeopleData_id:6,PeopleData_data3Type]
6546005,902,4:45:58,8,[PeopleData_id:6,PeopleData_data2Type]
6546005,903,4:46:2,8,[PeopleData_id6,PeopleData_data2Type]
6546005,901,4:46:2,8,[PeopleData_id:6]
6546005,904,4:46:2,8,[PeopleData_id:6]
6546005,905,4:46:3,8,[PeopleData_id:6,RankTypes_id:-1,RankTypes_id:2]
6546005,901,4:46:4,8,[PeopleData_id:6]
6546005,904,4:46:4,8,[PeopleData_id:6]
6546005,905,4:46:4,8,[PeopleData_id:6,RankTypes_id:2,RankTypes_id:1]
6546005,901,4:46:5,8,[PeopleData_id:1]
6546005,902,4:46:14,8,[PeopleData_id:1,PeopleData_data0Type]
6546005,902,4:46:14,8,[PeopleData_id:1,PeopleData_data1Type]
6546005,902,4:46:15,8,[PeopleData_id:1,PeopleData_data2Type]
6546005,902,4:46:15,8,[PeopleData_id:1,PeopleData_data3Type]
6546005,903,4:46:17,8,[PeopleData_id1,PeopleData_data3Type]
6546005,901,4:46:17,8,[PeopleData_id:1]
6546005,904,4:46:17,8,[PeopleData_id:1]
6546005,905,4:46:21,8,[PeopleData_id:1,RankTypes_id:-1,RankTypes_id:2]
6546005,901,4:46:21,8,[PeopleData_id:4]
6546005,902,4:46:22,8,[PeopleData_id:4,PeopleData_data0Type]
6546005,902,4:46:22,8,[PeopleData_id:4,PeopleData_data1Type]
6546005,902,4:46:23,8,[PeopleData_id:4,PeopleData_data2Type]
6546005,902,4:46:23,8,[PeopleData_id:4,PeopleData_data3Type]
6546005,903,4:46:25,8,[PeopleData_id4,PeopleData_data3Type]
6546005,901,4:46:27,8,[PeopleData_id:4]
6546005,904,4:46:27,8,[PeopleData_id:4]
6546005,905,4:46:27,8,[PeopleData_id:4,RankTypes_id:-1,RankTypes_id:0]
6546005,901,4:46:29,8,[PeopleData_id:9]
6546005,904,4:46:29,8,[PeopleData_id:9]
6546005,902,4:46:30,8,[PeopleData_id:9,PeopleData_data0Type]
6546005,902,4:46:30,8,[PeopleData_id:9,PeopleData_data1Type]
6546005,902,4:46:30,8,[PeopleData_id:9,PeopleData_data2Type]
6546005,902,4:46:30,8,[PeopleData_id:9,PeopleData_data3Type]
6546005,903,4:46:33,8,[PeopleData_id9,PeopleData_data3Type]
6546005,901,4:46:34,8,[PeopleData_id:9]
6546005,904,4:46:34,8,[PeopleData_id:9]
6546005,905,4:46:36,8,[PeopleData_id:9,RankTypes_id:-1,RankTypes_id:3]
6546005,901,4:46:36,8,[PeopleData_id:8]
6546005,902,4:46:37,8,[PeopleData_id:8,PeopleData_data0Type]
6546005,902,4:46:37,8,[PeopleData_id:8,PeopleData_data1Type]
6546005,902,4:46:38,8,[PeopleData_id:8,PeopleData_data2Type]
6546005,902,4:46:38,8,[PeopleData_id:8,PeopleData_data3Type]
6546005,903,4:46:41,8,[PeopleData_id8,PeopleData_data3Type]
6546005,901,4:46:42,8,[PeopleData_id:8]
6546005,904,4:46:42,8,[PeopleData_id:8]
6546005,905,4:46:42,8,[PeopleData_id:8,RankTypes_id:-1,RankTypes_id:3]
6546005,901,4:46:43,8,[PeopleData_id:3]
6546005,902,4:46:44,8,[PeopleData_id:3,PeopleData_data0Type]
6546005,902,4:46:44,8,[PeopleData_id:3,PeopleData_data1Type]
6546005,902,4:46:45,8,[PeopleData_id:3,PeopleData_data2Type]
6546005,902,4:46:45,8,[PeopleData_id:3,PeopleData_data3Type]
6546005,903,4:46:48,8,[PeopleData_id3,PeopleData_data3Type]
6546005,901,4:46:48,8,[PeopleData_id:3]
6546005,904,4:46:48,8,[PeopleData_id:3]
6546005,905,4:46:49,8,[PeopleData_id:3,RankTypes_id:-1,RankTypes_id:2]
6546005,901,4:46:50,8,[PeopleData_id:5]
6546005,902,4:46:50,8,[PeopleData_id:5,PeopleData_data0Type]
6546005,902,4:46:51,8,[PeopleData_id:5,PeopleData_data1Type]
6546005,902,4:46:51,8,[PeopleData_id:5,PeopleData_data2Type]
6546005,902,4:46:51,8,[PeopleData_id:5,PeopleData_data3Type]
6546005,903,4:46:53,8,[PeopleData_id5,PeopleData_data3Type]
6546005,901,4:46:53,8,[PeopleData_id:5]
6546005,904,4:46:53,8,[PeopleData_id:5]
6546005,905,4:46:54,8,[PeopleData_id:5,RankTypes_id:-1,RankTypes_id:4]
6546005,906,4:46:54,8,[]
6546005,907,4:46:55,8,[]
6546005,908,4:46:55,8,[InvitationData_id:10,PeopleData_id:0,RankTypes_id:3]
6546005,909,4:46:58,8,[InvitationData_id:10,PeopleData_id:0,RankTypes_id:3,1]
6546005,910,4:47:0,8,[InvitationData_id:10,7,false]
6546005,908,4:47:0,8,[InvitationData_id:11,PeopleData_id:7,RankTypes_id:4]
6546005,909,4:47:2,8,[InvitationData_id:11,PeopleData_id:7,RankTypes_id:4,1]
6546005,910,4:47:3,8,[InvitationData_id:11,9,false]
6546005,908,4:47:3,8,[InvitationData_id:4,PeopleData_id:3,RankTypes_id:2]
6546005,909,4:47:7,8,[InvitationData_id:4,PeopleData_id:3,RankTypes_id:2,0]
6546005,910,4:47:8,8,[InvitationData_id:4,-2,false]
6546005,908,4:47:8,8,[InvitationData_id:5,PeopleData_id:0,RankTypes_id:3]
6546005,909,4:47:13,8,[InvitationData_id:5,PeopleData_id:0,RankTypes_id:3,0]
6546005,910,4:47:14,8,[InvitationData_id:5,-7,false]
6546005,908,4:47:14,8,[InvitationData_id:7,PeopleData_id:5,RankTypes_id:4]
6546005,909,4:47:17,8,[InvitationData_id:7,PeopleData_id:5,RankTypes_id:4,0]
6546005,910,4:47:19,8,[InvitationData_id:7,-11,false]
6546005,908,4:47:19,8,[InvitationData_id:6,PeopleData_id:7,RankTypes_id:4]
6546005,909,4:47:27,8,[InvitationData_id:6,PeopleData_id:7,RankTypes_id:4,1]
6546005,910,4:47:28,8,[InvitationData_id:6,9,false]
6546005,908,4:47:28,8,[InvitationData_id:8,PeopleData_id:7,RankTypes_id:4]
6546005,909,4:47:32,8,[InvitationData_id:8,PeopleData_id:7,RankTypes_id:4,1]
6546005,910,4:47:33,8,[InvitationData_id:8,9,false]
6546005,908,4:47:33,8,[InvitationData_id:9,PeopleData_id:7,RankTypes_id:4]
6546005,909,4:47:40,8,[InvitationData_id:9,PeopleData_id:7,RankTypes_id:4,0]
6546005,910,4:47:45,8,[InvitationData_id:9,-11,false]
6546005,908,4:47:45,8,[InvitationData_id:0,PeopleData_id:0,RankTypes_id:3]
6546005,909,4:47:51,8,[InvitationData_id:0,PeopleData_id:0,RankTypes_id:3,1]
6546005,910,4:47:52,8,[InvitationData_id:0,0,true]
6546005,908,4:47:52,8,[InvitationData_id:1,PeopleData_id:3,RankTypes_id:2]
6546005,909,4:47:54,8,[InvitationData_id:1,PeopleData_id:3,RankTypes_id:2,1]
6546005,910,4:47:55,8,[InvitationData_id:1,0,true]
6546005,908,4:47:55,8,[InvitationData_id:12,PeopleData_id:0,RankTypes_id:3]
6546005,909,4:47:55,8,[InvitationData_id:12,PeopleData_id:0,RankTypes_id:3,1]
6546005,910,4:47:56,8,[InvitationData_id:12,7,false]
6546005,908,4:47:56,8,[InvitationData_id:3,PeopleData_id:0,RankTypes_id:3]
6546005,909,4:47:57,8,[InvitationData_id:3,PeopleData_id:0,RankTypes_id:3,1]
6546005,910,4:47:58,8,[InvitationData_id:3,0,true]
6546005,912,4:47:59,8,[]
6546005,1001,4:48:1,8,[]
6546005,1003,4:48:1,2
6546005,1004,4:48:3,2
6546005,900,4:48:4,2,[]
6546005,1002,4:48:7,2
6546005,1003,4:48:7,2
6546005,100,4:48:20,2
6546005,102,4:48:21,2
6546005,200,4:48:21,2,6,6,8,5,9
6546005,221,4:48:24,2
6546005,220,4:48:26,2
6546005,1003,4:48:26,3
6546005,1004,4:48:30,0
6546005,500,4:48:32,0,[]
6546005,501,4:48:58,0,[]
6546005,502,4:49:10,0,[IntentionData_logId:2,true]
6546005,503,4:49:11,0,[]
6546005,504,4:49:14,0,[InfluenceData_logId:1]
6546005,504,4:49:15,0,[InfluenceData_logId:4]
6546005,504,4:49:17,0,[InfluenceData_logId:8]
6546005,505,4:49:17,0,[InfluenceData_logId:1,true,InfluenceData_logId:4,true,InfluenceData_logId:8,true]
6546005,506,4:49:20,0,[]
6546005,507,4:49:49,0,[OpponentAttackData_logId:3,OpponentAttackTypeData_logId:3,false,30]
6546005,508,4:49:51,0,[]
6546005,509,4:49:56,0,[RefusalData_logId:2,2]
6546005,510,4:50:21,0,[AvailableRefusalData_logId:2,0A]
6546005,510,4:50:22,0,[AvailableRefusalData_logId:2,1A]
6546005,510,4:50:25,0,[AvailableRefusalData_logId:2,2A]
6546005,511,4:50:26,0,[AvailableRefusalData_logId:2,0A,1A,2A,true,50]
6546005,512,4:50:29,0,[]
6546005,513,4:50:29,0,[0]
6546005,514,4:50:31,0,[]
6546005,507,4:50:42,0,[OpponentAttackData_logId:2,OpponentAttackTypeData_logId:3,false,30]
6546005,508,4:50:43,0,[]
6546005,509,4:50:54,0,[RefusalData_logId:7,0]
6546005,510,4:52:1,0,[AvailableRefusalData_logId:7,0B]
6546005,510,4:52:11,0,[AvailableRefusalData_logId:7,0C]
6546005,510,4:52:12,0,[AvailableRefusalData_logId:7,1C]
6546005,510,4:52:17,0,[AvailableRefusalData_logId:7,2C]
6546005,510,4:52:27,0,[AvailableRefusalData_logId:7,0B]
6546005,510,4:52:28,0,[AvailableRefusalData_logId:7,1B]
6546005,510,4:52:48,0,[AvailableRefusalData_logId:7,0A]
6546005,510,4:52:48,0,[AvailableRefusalData_logId:7,1A]
6546005,511,4:53:5,0,[AvailableRefusalData_logId:7,0A,1A,2C,false,0]
6546005,512,4:53:7,0,[]
6546005,513,4:53:7,0,[30]
6546005,514,4:53:10,0,[]
6546005,507,4:53:21,0,[OpponentAttackData_logId:1,OpponentAttackTypeData_logId:2,false,30]
6546005,508,4:53:23,0,[]
6546005,509,4:53:25,0,[RefusalData_logId:8,2]
6546005,510,4:53:32,0,[AvailableRefusalData_logId:8,0B]
6546005,510,4:53:33,0,[AvailableRefusalData_logId:8,0A]
6546005,510,4:53:34,0,[AvailableRefusalData_logId:8,1A]
6546005,510,4:53:34,0,[AvailableRefusalData_logId:8,2A]
6546005,511,4:53:36,0,[AvailableRefusalData_logId:8,0A,1A,2A,true,50]
6546005,512,4:53:38,0,[]
6546005,515,4:53:38,0,[30,0]
6546005,516,4:53:41,0,[]
6546005,517,4:53:42,0,[]
6546005,1000,4:53:51,0,[]
6546005,500,4:53:51,0,[]
6546005,501,4:53:53,0,[]
6546005,502,4:54:0,0,[IntentionData_logId:2,true]
6546005,503,4:54:1,0,[]
6546005,504,4:54:3,0,[InfluenceData_logId:1]
6546005,504,4:54:4,0,[InfluenceData_logId:4]
6546005,504,4:54:5,0,[InfluenceData_logId:8]
6546005,504,4:54:7,0,[InfluenceData_logId:4]
6546005,504,4:54:9,0,[InfluenceData_logId:1]
6546005,505,4:54:11,0,[InfluenceData_logId:1,true,InfluenceData_logId:4,true,InfluenceData_logId:8,true]
6546005,506,4:54:12,0,[]
6546005,507,4:54:38,0,[OpponentAttackData_logId:3,OpponentAttackTypeData_logId:3,false,30]
6546005,508,4:54:40,0,[]
6546005,509,4:54:47,0,[RefusalData_logId:8,2]
6546005,510,4:54:49,0,[AvailableRefusalData_logId:8,0A]
6546005,510,4:54:50,0,[AvailableRefusalData_logId:8,1A]
6546005,510,4:54:51,0,[AvailableRefusalData_logId:8,2A]
6546005,511,4:54:53,0,[AvailableRefusalData_logId:8,0A,1A,2A,true,50]
6546005,512,4:54:56,0,[]
6546005,513,4:54:56,0,[0]
6546005,514,4:54:57,0,[]
6546005,507,4:55:27,0,[OpponentAttackData_logId:0,OpponentAttackTypeData_logId:3,false,30]
6546005,508,4:55:30,0,[]
6546005,509,4:55:35,0,[RefusalData_logId:7,0]
6546005,510,4:56:1,0,[AvailableRefusalData_logId:7,0A]
6546005,510,4:56:2,0,[AvailableRefusalData_logId:7,1A]
6546005,510,4:56:5,0,[AvailableRefusalData_logId:7,2A]
6546005,511,4:56:6,0,[AvailableRefusalData_logId:7,0A,1A,2A,true,20]
6546005,512,4:56:9,0,[]
6546005,513,4:56:9,0,[30]
6546005,514,4:56:11,0,[]
6546005,507,4:56:18,0,[OpponentAttackData_logId:1,OpponentAttackTypeData_logId:3,true,0]
6546005,508,4:56:21,0,[]
6546005,509,4:56:27,0,[RefusalData_logId:2,2]
6546005,510,4:56:32,0,[AvailableRefusalData_logId:2,0A]
6546005,510,4:56:33,0,[AvailableRefusalData_logId:2,1A]
6546005,510,4:56:34,0,[AvailableRefusalData_logId:2,2A]
6546005,511,4:56:35,0,[AvailableRefusalData_logId:2,0A,1A,2A,true,50]
6546005,512,4:56:38,0,[]
6546005,515,4:56:38,0,[60,0]
6546005,516,4:56:40,0,[]
6546005,517,4:56:41,0,[]
6546005,1000,4:56:42,0,[]
6546005,500,4:56:42,0,[]
6546005,501,4:56:43,0,[]
6546005,502,4:56:47,0,[IntentionData_logId:2,true]
6546005,503,4:56:48,0,[]
6546005,504,4:56:51,0,[InfluenceData_logId:1]
6546005,504,4:56:52,0,[InfluenceData_logId:4]
6546005,504,4:56:53,0,[InfluenceData_logId:8]
6546005,505,4:56:54,0,[InfluenceData_logId:1,true,InfluenceData_logId:4,true,InfluenceData_logId:8,true]
6546005,506,4:56:55,0,[]
6546005,507,4:57:4,0,[OpponentAttackData_logId:0,OpponentAttackTypeData_logId:3,false,30]
6546005,508,4:57:5,0,[]
6546005,509,4:57:10,0,[RefusalData_logId:8,2]
6546005,510,4:57:12,0,[AvailableRefusalData_logId:8,0A]
6546005,510,4:57:12,0,[AvailableRefusalData_logId:8,1A]
6546005,510,4:57:13,0,[AvailableRefusalData_logId:8,2A]
6546005,511,4:57:14,0,[AvailableRefusalData_logId:8,0A,1A,2A,true,50]
6546005,512,4:57:17,0,[]
6546005,513,4:57:17,0,[0]
6546005,514,4:57:18,0,[]
6546005,507,4:57:22,0,[OpponentAttackData_logId:2,OpponentAttackTypeData_logId:4,true,0]
6546005,508,4:57:24,0,[]
6546005,509,4:57:28,0,[RefusalData_logId:2,2]
6546005,510,4:57:29,0,[AvailableRefusalData_logId:2,0A]
6546005,510,4:57:33,0,[AvailableRefusalData_logId:2,1A]
6546005,510,4:57:34,0,[AvailableRefusalData_logId:2,2A]
6546005,511,4:57:35,0,[AvailableRefusalData_logId:2,0A,1A,2A,true,50]
6546005,512,4:57:38,0,[]
6546005,515,4:57:38,0,[120,0]
6546005,516,4:57:39,0,[]
6546005,517,4:57:41,0,[]
6546005,1005,4:57:41,0,[3,2,3]
6546005,1001,4:57:42,0,[]
6546005,1003,4:57:42,3
6546005,204,4:57:50,2
6546005,100,4:57:51,2
6546005,101,4:57:55,2
6546005,100,4:57:56,4
6546005,101,4:57:57,4
6546005,100,4:57:58,2
6546005,102,4:58:0,2
6546005,200,4:58:0,2,6,6,8,6,9
6546005,210,4:58:2,772,345
6546005,211,4:58:3,829,229
6546005,221,4:58:3,2
6546005,220,4:58:5,2
6546005,1003,4:58:5,3
6546005,1004,4:58:6,4
6546005,500,4:58:8,4,[]
6546005,501,4:58:14,4,[]
6546005,502,4:58:19,4,[IntentionData_logId:1,true]
6546005,503,4:58:20,4,[]
6546005,504,4:58:24,4,[InfluenceData_logId:0]
6546005,504,4:58:25,4,[InfluenceData_logId:4]
6546005,504,4:58:27,4,[InfluenceData_logId:7]
6546005,505,4:58:28,4,[InfluenceData_logId:0,true,InfluenceData_logId:4,true,InfluenceData_logId:7,true]
6546005,506,4:58:29,4,[]
6546005,507,4:58:39,4,[OpponentAttackData_logId:1,OpponentAttackTypeData_logId:1,false,30]
6546005,508,4:58:41,4,[]
6546005,509,4:58:48,4,[RefusalData_logId:2,1]
6546005,510,4:59:24,4,[AvailableRefusalData_logId:2,0A]
6546005,510,4:59:24,4,[AvailableRefusalData_logId:2,1A]
6546005,510,4:59:24,4,[AvailableRefusalData_logId:2,2B]
6546005,511,4:59:27,4,[AvailableRefusalData_logId:2,0A,1A,2B,false,0]
6546005,512,4:59:30,4,[]
6546005,513,4:59:30,4,[30]
6546005,514,4:59:32,4,[]
6546005,507,4:59:40,4,[OpponentAttackData_logId:0,OpponentAttackTypeData_logId:3,false,30]
6546005,508,4:59:42,4,[]
6546005,509,4:59:46,4,[RefusalData_logId:6,2]
6546005,1002,4:59:54,4
6546005,1003,4:59:54,3
6546005,221,4:59:59,2
6546005,220,5:0:1,2
6546005,204,5:0:2,2
6546005,103,5:0:4
6546005,104,5:0:6
6546005,103,5:0:7
6546005,105,5:0:8
6546005,703,5:0:10,[|| EpilogueItem ID: 0 unlocked: true ||,|| EpilogueItem ID: 1 unlocked: true ||,|| EpilogueItem ID: 2 unlocked: false ||,|| EpilogueItem ID: 3 unlocked: false ||,|| EpilogueItem ID: 4 unlocked: false ||,|| EpilogueItem ID: 5 unlocked: false ||,|| EpilogueItem ID: 6 unlocked: false ||,|| EpilogueItem ID: 7 unlocked: false ||,|| EpilogueItem ID: 8 unlocked: false ||,|| EpilogueItem ID: 9 unlocked: false ||,|| EpilogueItem ID: 10 unlocked: false ||,|| EpilogueItem ID: 11 unlocked: false ||,|| EpilogueItem ID: 12 unlocked: false ||,|| EpilogueItem ID: 13 unlocked: false ||,|| EpilogueItem ID: 14 unlocked: false ||,|| EpilogueItem ID: 15 unlocked: false ||,|| EpilogueItem ID: 16 unlocked: false ||,|| EpilogueItem ID: 17 unlocked: false ||,|| EpilogueItem ID: 18 unlocked: false ||,|| EpilogueItem ID: 19 unlocked: false ||,|| EpilogueItem ID: 20 unlocked: false ||,|| EpilogueItem ID: 21 unlocked: false ||,|| EpilogueItem ID: 22 unlocked: false ||,|| EpilogueItem ID: 23 unlocked: false ||,|| EpilogueItem ID: 24 unlocked: false ||],0.08
6546005,706,5:0:12,(x=0, y=-100, w=1024, h=768),(x=0, y=-100, w=1024, h=768)
6546005,706,5:0:16,(x=2251, y=-100, w=1024, h=768),(x=2531, y=-100, w=1024, h=768)
6546005,708,5:0:16
6546005,1,5:0:16,7/23/2013 11:19:53am,{"gameTime":18016159,"challengeStacks":[{"challengeScenes":[{"miniGameCards":[],"viewedAnimatic":true,"keyPoints":["c_bestFriend_M_a_G7a0","c_teacherEng_G7a0","s_flag_gen"],"unlocked":true,"touchableObjects":["s_otherStudent1_G7a0","c_friend1_M_a_G7a0","c_bestFriend_M_a_G7a0","c_teacherEng_G7a0","c_crewKid1_M_G7a0","s_poePoster_gen","s_angelouPoster_gen","s_vocabAssignment_G7a0","s_flag_gen"]},{"miniGameCards":[],"viewedAnimatic":true,"keyPoints":["c_teacherEng_G7a1N","c_bestFriend_M_a_G7a1N","s_paperPlayers_G7a1N"],"unlocked":true,"touchableObjects":["c_teacherEng_G7a1N","c_bestFriend_M_a_G7a1N","s_poePoster_gen","c_crewKid1_M_G7a1N","s_otherStudent1_G7a1N","s_paperPlayers_G7a1N"]},{"miniGameCards":[],"viewedAnimatic":true,"keyPoints":["c_bestFriend_M_a_G7a1P","s_flag_gen","c_teacherEng_G7a1P","s_paperEnglish_gen"],"unlocked":true,"touchableObjects":["s_paperPlayers_G7a1P","c_bestFriend_M_a_G7a1P","s_clock_G7a1P","s_flag_gen","c_teacherEng_G7a1P","s_papersDetention_gen","s_paperEnglish_gen"]}],"stackSize":3,"resolved":true},{"challengeScenes":[{"miniGameCards":[],"viewedAnimatic":true,"keyPoints":["c_crewKid1_M_G7b0","c_kidSister_cauc_a_G7b0","s_backpack_M_G7b0"],"unlocked":true,"touchableObjects":["c_crewKid1_M_G7b0","s_snackBarWorker_G7b0","c_kidSister_cauc_a_G7b0","c_cousin_M_a_G7b0","c_crewKid2_M_G7b0","c_cousinsBrothersFriend_a_G7b0","s_backpack_M_G7b0"]},{"miniGameCards":[],"viewedAnimatic":true,"keyPoints":["c_kidSister_cauc_a_G7b1N","s_graffiti_G7b1N","s_brokenCarWindow_G7b1N","c_crewKid1_M_G7b1N","s_sprayPaintCan_G7b1N"],"unlocked":true,"touchableObjects":["c_kidSister_cauc_a_G7b1N","c_cousin_M_a_G7b1N","c_teacherEng_G7b1N","s_graffiti_G7b1N","s_brokenCarWindow_G7b1N","c_crewKid2_M_a_G7b1N","c_crewKid1_M_G7b1N","s_cat_G7b1N","s_wreckedPlants_G7b1N","s_sprayPaintCan_G7b1N"]},{"miniGameCards":[],"viewedAnimatic":true,"keyPoints":["c_cousinsBrothersFriend_a_G7b1P","c_cousin_M_a_G7b1P","c_cousinsBrother_a_G7b1P","s_poolDay_ruleSign_G7b1P"],"unlocked":true,"touchableObjects":["c_cousinsBrothersFriend_a_G7b1P","c_cousin_M_a_G7b1P","c_cousinsBrother_a_G7b1P","c_kidSister_cauc_a_G7b1P","c_crush1_M_a_G7b1P","s_poolDay_ruleSign_G7b1P"]},{"miniGameCards":[],"viewedAnimatic":true,"keyPoints":["s_kid1_G7b2N","c_cousin_M_a_G7b2N","c_kidSister_cauc_a_G7b2N","c_crush1_M_a_G7b2N"],"unlocked":true,"touchableObjects":["s_kid1_G7b2N","c_cousin_M_a_G7b2N","c_cousinsBrother_a_G7b2N","s_lifeguard_G7b2N","s_cousinsBFgirlfriend_G7b2N","c_kidSister_cauc_a_G7b2N","c_crush1_M_a_G7b2N"]},{"miniGameCards":[],"viewedAnimatic":true,"keyPoints":["c_cousin_M_a_G7b2P","c_kidSister_cauc_a_G7b2P","s_computer_M_G7b2P"],"unlocked":true,"touchableObjects":["c_cousin_M_a_G7b2P","c_kidSister_cauc_a_G7b2P","s_computer_M_G7b2P"]}],"stackSize":5,"resolved":true},{"challengeScenes":[{"miniGameCards":[],"viewedAnimatic":true,"keyPoints":["c_cousin_M_a_G8a0","c_crush2_M_a_G8a0","s_cellphone_G8a0","s_clock_G8a0","s_bottleCrush2_M_G8a0"],"unlocked":true,"touchableObjects":["c_cousin_M_a_G8a0","c_crush2_M_a_G8a0","s_cigaretteKid1_G8a0","s_cellphone_G8a0","s_clock_G8a0","s_bottleCrush2_M_G8a0"]},{"miniGameCards":[],"viewedAnimatic":true,"keyPoints":["s_dirtyClothes_gen","s_basementDoor_gen","s_crush2Sore_M_G8a1N","s_crush2Lips_M_G8a1N","s_crush2Eyes_M_G8a1N"],"unlocked":true,"touchableObjects":["c_crush2_M_a_G8a1N","s_dirtyClothes_gen","s_basementDoor_gen","s_crush2Sore_M_G8a1N","s_crush2Lips_M_G8a1N","s_waterHeater_gen","s_inhalantsShelf_gen","s_crush2Eyes_M_G8a1N","s_stairs_G8a1N"]},{"miniGameCards":[],"viewedAnimatic":false,"keyPoints":[],"unlocked":false,"touchableObjects":[]},{"miniGameCards":[],"viewedAnimatic":false,"keyPoints":[],"unlocked":false,"touchableObjects":[]},{"miniGameCards":[],"viewedAnimatic":false,"keyPoints":[],"unlocked":false,"touchableObjects":[]},{"miniGameCards":[],"viewedAnimatic":true,"keyPoints":["c_nurse_a_G8a3N","s_mirror_cauc_M_a_G8a3N"],"unlocked":true,"touchableObjects":["c_nurse_a_G8a3N","s_phone_G8a3N","s_mirror_cauc_M_a_G8a3N","s_door_G8a3N","s_poster_G8a3N"]},{"miniGameCards":[],"viewedAnimatic":false,"keyPoints":[],"unlocked":false,"touchableObjects":[]}],"stackSize":7,"resolved":false},{"challengeScenes":[{"miniGameCards":[],"viewedAnimatic":false,"keyPoints":[],"unlocked":false,"touchableObjects":[]},{"miniGameCards":[],"viewedAnimatic":false,"keyPoints":[],"unlocked":false,"touchableObjects":[]},{"miniGameCards":[],"viewedAnimatic":false,"keyPoints":[],"unlocked":false,"touchableObjects":[]},{"miniGameCards":[],"viewedAnimatic":false,"keyPoints":[],"unlocked":false,"touchableObjects":[]},{"miniGameCards":[],"viewedAnimatic":false,"keyPoints":[],"unlocked":false,"touchableObjects":[]}],"stackSize":5,"resolved":false},{"challengeScenes":[{"miniGameCards":[],"viewedAnimatic":true,"keyPoints":["s_clock_M_G9a0","s_bathingSuit_M_G9a0","s_door_M_gen","s_cellPhone_M_G9a0"],"unlocked":true,"touchableObjects":["s_clock_M_G9a0","s_bathingSuit_M_G9a0","s_door_M_gen","s_cellPhone_M_G9a0"]},{"miniGameCards":[],"viewedAnimatic":true,"keyPoints":["c_cousin_M_a_G9a1N","s_kid3_G9a1N","s_fence_G9a1N","c_policeOfficer_G9a1N"],"unlocked":true,"touchableObjects":["c_cousin_M_a_G9a1N","s_kid3_G9a1N","s_fence_G9a1N","c_cousinsBrothersFriend_a_G9a1N","s_potSmokeCloud_G9a1N","s_bathingSuits_G9a1N","c_policeOfficer_G9a1N"]},{"miniGameCards":[],"viewedAnimatic":false,"keyPoints":[],"unlocked":false,"touchableObjects":[]},{"miniGameCards":[],"viewedAnimatic":false,"keyPoints":[],"unlocked":false,"touchableObjects":[]},{"miniGameCards":[],"viewedAnimatic":false,"keyPoints":[],"unlocked":false,"touchableObjects":[]}],"stackSize":5,"resolved":false},{"challengeScenes":[{"miniGameCards":[],"viewedAnimatic":false,"keyPoints":[],"unlocked":false,"touchableObjects":[]},{"miniGameCards":[],"viewedAnimatic":false,"keyPoints":[],"unlocked":false,"touchableObjects":[]},{"miniGameCards":[],"viewedAnimatic":false,"keyPoints":[],"unlocked":false,"touchableObjects":[]},{"miniGameCards":[],"viewedAnimatic":false,"keyPoints":[],"unlocked":false,"touchableObjects":[]},{"miniGameCards":[],"viewedAnimatic":false,"keyPoints":[],"unlocked":false,"touchableObjects":[]}],"stackSize":5,"resolved":false},{"challengeScenes":[{"miniGameCards":[],"viewedAnimatic":false,"keyPoints":[],"unlocked":false,"touchableObjects":[]},{"miniGameCards":[],"viewedAnimatic":false,"keyPoints":[],"unlocked":false,"touchableObjects":[]},{"miniGameCards":[],"viewedAnimatic":false,"keyPoints":[],"unlocked":false,"touchableObjects":[]},{"miniGameCards":[],"viewedAnimatic":false,"keyPoints":[],"unlocked":false,"touchableObjects":[]},{"miniGameCards":[],"viewedAnimatic":false,"keyPoints":[],"unlocked":false,"touchableObjects":[]}],"stackSize":5,"resolved":false},{"challengeScenes":[{"miniGameCards":[],"viewedAnimatic":false,"keyPoints":[],"unlocked":false,"touchableObjects":[]},{"miniGameCards":[],"viewedAnimatic":false,"keyPoints":[],"unlocked":false,"touchableObjects":[]},{"miniGameCards":[],"viewedAnimatic":false,"keyPoints":[],"unlocked":false,"touchableObjects":[]},{"miniGameCards":[],"viewedAnimatic":false,"keyPoints":[],"unlocked":false,"touchableObjects":[]},{"miniGameCards":[],"viewedAnimatic":false,"keyPoints":[],"unlocked":false,"touchableObjects":[]}],"stackSize":5,"resolved":false},{"challengeScenes":[{"miniGameCards":[],"viewedAnimatic":false,"keyPoints":[],"unlocked":false,"touchableObjects":[]},{"miniGameCards":[],"viewedAnimatic":false,"keyPoints":[],"unlocked":false,"touchableObjects":[]},{"miniGameCards":[],"viewedAnimatic":false,"keyPoints":[],"unlocked":false,"touchableObjects":[]},{"miniGameCards":[],"viewedAnimatic":false,"keyPoints":[],"unlocked":false,"touchableObjects":[]},{"miniGameCards":[],"viewedAnimatic":false,"keyPoints":[],"unlocked":false,"touchableObjects":[]}],"stackSize":5,"resolved":false},{"challengeScenes":[{"miniGameCards":[],"viewedAnimatic":false,"keyPoints":[],"unlocked":false,"touchableObjects":[]},{"miniGameCards":[],"viewedAnimatic":false,"keyPoints":[],"unlocked":false,"touchableObjects":[]},{"miniGameCards":[],"viewedAnimatic":false,"keyPoints":[],"unlocked":false,"touchableObjects":[]},{"miniGameCards":[],"viewedAnimatic":false,"keyPoints":[],"unlocked":false,"touchableObjects":[]},{"miniGameCards":[],"viewedAnimatic":false,"keyPoints":[],"unlocked":false,"touchableObjects":[]}],"stackSize":5,"resolved":false},{"challengeScenes":[{"miniGameCards":[],"viewedAnimatic":false,"keyPoints":[],"unlocked":false,"touchableObjects":[]},{"miniGameCards":[],"viewedAnimatic":false,"keyPoints":[],"unlocked":false,"touchableObjects":[]},{"miniGameCards":[],"viewedAnimatic":false,"keyPoints":[],"unlocked":false,"touchableObjects":[]},{"miniGameCards":[],"viewedAnimatic":false,"keyPoints":[],"unlocked":false,"touchableObjects":[]},{"miniGameCards":[],"viewedAnimatic":false,"keyPoints":[],"unlocked":false,"touchableObjects":[]}],"stackSize":5,"resolved":false},{"challengeScenes":[{"miniGameCards":[],"viewedAnimatic":false,"keyPoints":[],"unlocked":false,"touchableObjects":[]},{"miniGameCards":[],"viewedAnimatic":false,"keyPoints":[],"unlocked":false,"touchableObjects":[]},{"miniGameCards":[],"viewedAnimatic":false,"keyPoints":[],"unlocked":false,"touchableObjects":[]},{"miniGameCards":[],"viewedAnimatic":false,"keyPoints":[],"unlocked":false,"touchableObjects":[]},{"miniGameCards":[],"viewedAnimatic":false,"keyPoints":[],"unlocked":false,"touchableObjects":[]}],"stackSize":5,"resolved":false},{"challengeScenes":[{"miniGameCards":[],"viewedAnimatic":false,"keyPoints":[],"unlocked":true,"touchableObjects":["c_education_G0a0","c_friends_G0a0","c_family_cauc_a_G0a0"]},{"miniGameCards":[],"viewedAnimatic":false,"keyPoints":["c_family_cauc_a_G0a1N","c_home_G0a1N","c_job_G0a1N"],"unlocked":true,"touchableObjects":["c_family_cauc_a_G0a1N","c_home_G0a1N","c_job_G0a1N"]},{"miniGameCards":[],"viewedAnimatic":false,"keyPoints":["c_grandma_cauc_a_G0a1P","c_kidsister_cauc_a_G0a1P","c_Teacher_G0a1P","c_mom_cauc_a_G0a1P","c_dad_cauc_a_G0a1P","c_Nurse_G0a1P"],"unlocked":true,"touchableObjects":["c_friends_G0a1P","c_cousins_M_a_G0a1P","c_grandma_cauc_a_G0a1P","c_kidsister_cauc_a_G0a1P","c_Teacher_G0a1P","c_mom_cauc_a_G0a1P","c_dad_cauc_a_G0a1P","c_Nurse_G0a1P"]}],"stackSize":3,"resolved":true}],"sessionId":6,"epilogue":{"rating":3},"playerId":6546005,"session":[{"sceneId":"1P","stackId":12},{"sceneId":"1P","stackId":0},{"sceneId":"1P","stackId":1},{"sceneId":"1N","stackId":1},{"sceneId":"2P","stackId":1}],"minigames":[{"levelSaveData":[{"starRating":3,"unlocked":true},{"starRating":2,"unlocked":true},{"starRating":1,"unlocked":true},{"starRating":0,"unlocked":false},{"starRating":0,"unlocked":false},{"starRating":0,"unlocked":false},{"starRating":0,"unlocked":false},{"starRating":0,"unlocked":false},{"starRating":0,"unlocked":false},{"starRating":0,"unlocked":false}],"skillPoints":6},{"levelSaveData":[{"starRating":3,"unlocked":true},{"starRating":3,"unlocked":true},{"starRating":0,"unlocked":true},{"starRating":0,"unlocked":false},{"starRating":0,"unlocked":true},{"starRating":0,"unlocked":false},{"starRating":0,"unlocked":false},{"starRating":0,"unlocked":false},{"starRating":0,"unlocked":false},{"starRating":0,"unlocked":false}],"skillPoints":6},{"levelSaveData":[{"starRating":3,"unlocked":true},{"starRating":2,"unlocked":true},{"starRating":3,"unlocked":true},{"starRating":0,"unlocked":false},{"starRating":0,"unlocked":false},{"starRating":0,"unlocked":false},{"starRating":0,"unlocked":false},{"starRating":0,"unlocked":false},{"starRating":0,"unlocked":true},{"starRating":0,"unlocked":false}],"skillPoints":8},{"levelSaveData":[{"starRating":3,"unlocked":true},{"starRating":3,"unlocked":true},{"starRating":0,"unlocked":false},{"starRating":0,"unlocked":false},{"starRating":0,"unlocked":true},{"starRating":0,"unlocked":false},{"starRating":0,"unlocked":false},{"starRating":0,"unlocked":false},{"starRating":0,"unlocked":false},{"starRating":0,"unlocked":false}],"skillPoints":6},{"age":12,"name":"cj","gender":0,"levelSaveData":[{"starRating":3,"unlocked":true},{"starRating":3,"chunks":[["3"],["7$$happy","15$$cool"],["4$$rainbow","8$$winner","3$$woods"],["3"]],"unlocked":true},{"starRating":3,"chunks":[["0"],["1$$basketball","3$$cooking"],["0$$cars","5$$football"]],"unlocked":true},{"starRating":0,"chunks":[[null],[null],[null],[null],[null,null],[null]],"unlocked":true},{"starRating":0,"chunks":[[null],[null],[null,null],[null],[null],[null]],"unlocked":false},{"starRating":0,"chunks":[[null],[null,null,null,null],[null],[null]],"unlocked":false},{"starRating":0,"chunks":[[null],[null],[null,null],[null,null],[null]],"unlocked":false},{"starRating":0,"chunks":[[null,null,null],[null,null,null],[null],[null],[null]],"unlocked":false},{"starRating":0,"chunks":[[null,null,null],[null,null,null],[null,null]],"unlocked":false},{"starRating":0,"chunks":[[null],[null],[null],[null],[null],[null]],"unlocked":false}],"visualAvatar":0,"id":1,"skillPoints":9}],"avatar":{"age":12,"name":"cj","gender":0,"levelSaveData":[{"starRating":3,"unlocked":true},{"starRating":3,"chunks":[["3"],["7$$happy","15$$cool"],["4$$rainbow","8$$winner","3$$woods"],["3"]],"unlocked":true},{"starRating":3,"chunks":[["0"],["1$$basketball","3$$cooking"],["0$$cars","5$$football"]],"unlocked":true},{"starRating":0,"chunks":[[null],[null],[null],[null],[null,null],[null]],"unlocked":true},{"starRating":0,"chunks":[[null],[null],[null,null],[null],[null],[null]],"unlocked":false},{"starRating":0,"chunks":[[null],[null,null,null,null],[null],[null]],"unlocked":false},{"starRating":0,"chunks":[[null],[null],[null,null],[null,null],[null]],"unlocked":false},{"starRating":0,"chunks":[[null,null,null],[null,null,null],[null],[null],[null]],"unlocked":false},{"starRating":0,"chunks":[[null,null,null],[null,null,null],[null,null]],"unlocked":false},{"starRating":0,"chunks":[[null],[null],[null],[null],[null],[null]],"unlocked":false}],"visualAvatar":0,"id":1,"skillPoints":9}}
