6546005,0,9:3:24,7/29/2013 2:36:27pm
6546005,100,9:3:28,5
6546005,102,9:3:29,5
6546005,200,9:3:29,5,15,15,15,17,24
6546005,210,9:3:31,326,388
6546005,211,9:3:32,357,413
6546005,212,9:3:33,0
6546005,210,9:3:34,347,410
6546005,211,9:3:36,336,461
6546005,210,9:3:36,130,353
6546005,211,9:3:36,114,343
6546005,207,9:3:36,5,-200,-110
6546005,210,9:3:37,86,293
6546005,207,9:3:37,5,-110,-20
6546005,211,9:3:37,304,468
6546005,210,9:3:38,256,605
6546005,207,9:3:42,5,-20,-245
6546005,211,9:3:45,879,215
6546005,212,9:3:46,1
6546005,210,9:3:46,1092,428
6546005,211,9:3:50,978,493
6546005,221,9:3:55,5
6546005,220,9:3:59,5
6546005,210,9:4:4,428,454
6546005,211,9:4:8,162,224
6546005,207,9:4:8,5,-200,-140
6546005,207,9:4:8,5,-140,-110
6546005,210,9:4:8,247,296
6546005,211,9:4:9,24,389
6546005,207,9:4:9,5,-110,-5
6546005,207,9:4:9,5,-5,0
6546005,210,9:4:9,70,385
6546005,207,9:4:18,5,0,-420
6546005,211,9:4:20,1533,610
6546005,207,9:4:20,5,-420,-585
6546005,221,9:4:23,5
6546005,220,9:4:26,5
6546005,221,9:4:28,5
6546005,220,9:4:29,5
6546005,210,9:4:36,891,306
6546005,211,9:4:42,281,487
6546005,221,9:4:42,5
6546005,220,9:4:44,5
6546005,212,9:4:44,0
6546005,210,9:4:45,791,362
6546005,207,9:4:48,5,-200,-305
6546005,207,9:4:50,5,-305,-350
6546005,207,9:4:55,5,-350,-95
6546005,211,9:4:56,72,446
6546005,207,9:4:56,5,-95,-50
6546005,207,9:4:56,5,-50,-5
6546005,210,9:4:56,119,504
6546005,211,9:5:1,350,444
6546005,213,9:5:1,5,s_clock_M_G9b0,true
6546005,204,9:5:7,5
6546005,100,9:5:9,4
6546005,102,9:5:10,4
6546005,200,9:5:10,4,15,15,15,17,24
6546005,204,9:5:13,4
6546005,100,9:5:14,5
6546005,102,9:5:15,5
6546005,200,9:5:15,5,15,15,15,17,24
6546005,210,9:5:17,679,480
6546005,211,9:5:18,632,494
6546005,204,9:5:19,5
6546005,100,9:5:20,6
6546005,102,9:5:21,6
6546005,200,9:5:21,6,15,15,15,17,24
6546005,210,9:5:24,964,426
6546005,211,9:5:26,1008,548
6546005,221,9:5:26,6
6546005,220,9:5:29,6
6546005,210,9:5:32,881,502
6546005,211,9:5:34,142,594
6546005,207,9:5:34,6,-200,-125
6546005,207,9:5:34,6,-125,-80
6546005,210,9:5:34,175,510
6546005,211,9:5:35,195,432
6546005,221,9:5:36,6
6546005,220,9:5:39,6
6546005,210,9:5:46,655,593
6546005,211,9:5:48,1085,404
6546005,221,9:5:49,6
6546005,220,9:5:50,6
6546005,1003,9:5:50,3
6546005,1004,9:5:52,5
6546005,500,9:5:55,5,[]
6546005,501,9:5:56,5,[]
6546005,502,9:6:1,5,[IntentionData_logId:2,true]
6546005,503,9:6:2,5,[]
6546005,504,9:6:4,5,[InfluenceData_logId:0]
6546005,504,9:6:5,5,[InfluenceData_logId:5]
6546005,504,9:6:7,5,[InfluenceData_logId:6]
6546005,505,9:6:8,5,[InfluenceData_logId:0,true,InfluenceData_logId:5,true,InfluenceData_logId:6,true]
6546005,506,9:6:9,5,[]
6546005,507,9:6:20,5,[OpponentAttackData_logId:2,OpponentAttackTypeData_logId:2,true,0]
6546005,508,9:6:22,5,[]
6546005,509,9:6:27,5,[RefusalData_logId:2,2]
6546005,510,9:6:29,5,[AvailableRefusalData_logId:2,0A]
6546005,510,9:6:30,5,[AvailableRefusalData_logId:2,1A]
6546005,510,9:6:32,5,[AvailableRefusalData_logId:2,2A]
6546005,511,9:6:32,5,[AvailableRefusalData_logId:2,0A,1A,2A,true,50]
6546005,512,9:6:35,5,[]
6546005,513,9:6:35,5,[0]
6546005,514,9:6:36,5,[]
6546005,507,9:6:41,5,[OpponentAttackData_logId:3,OpponentAttackTypeData_logId:3,true,0]
6546005,508,9:6:43,5,[]
6546005,509,9:6:47,5,[RefusalData_logId:3,1]
6546005,510,9:6:52,5,[AvailableRefusalData_logId:3,0B]
6546005,510,9:7:2,5,[AvailableRefusalData_logId:3,1A]
6546005,510,9:7:5,5,[AvailableRefusalData_logId:3,2A]
6546005,510,9:7:7,5,[AvailableRefusalData_logId:3,0A]
6546005,511,9:7:8,5,[AvailableRefusalData_logId:3,0A,1A,2A,true,30]
6546005,512,9:7:11,5,[]
6546005,513,9:7:11,5,[0]
6546005,514,9:7:12,5,[]
6546005,507,9:7:18,5,[OpponentAttackData_logId:0,OpponentAttackTypeData_logId:2,false,30]
6546005,508,9:7:20,5,[]
6546005,509,9:7:24,5,[RefusalData_logId:7,0]
6546005,510,9:7:26,5,[AvailableRefusalData_logId:7,0A]
6546005,510,9:7:33,5,[AvailableRefusalData_logId:7,1A]
6546005,510,9:7:34,5,[AvailableRefusalData_logId:7,2A]
6546005,511,9:7:35,5,[AvailableRefusalData_logId:7,0A,1A,2A,true,20]
6546005,512,9:7:37,5,[]
6546005,515,9:7:37,5,[120,0]
6546005,516,9:7:38,5,[]
6546005,517,9:7:39,5,[]
6546005,1005,9:7:39,5,[3,2,3]
6546005,1001,9:7:41,5,[]
6546005,1003,9:7:41,3
6546005,1004,9:7:46,6
6546005,500,9:7:48,6,[]
6546005,501,9:7:55,6,[]
6546005,502,9:8:1,6,[IntentionData_logId:4,true]
6546005,503,9:8:2,6,[]
6546005,504,9:8:6,6,[InfluenceData_logId:0]
6546005,504,9:8:9,6,[InfluenceData_logId:4]
6546005,504,9:8:11,6,[InfluenceData_logId:6]
6546005,505,9:8:11,6,[InfluenceData_logId:0,false,InfluenceData_logId:4,false,InfluenceData_logId:6,true]
6546005,506,9:8:13,6,[]
6546005,507,9:8:20,6,[OpponentAttackData_logId:3,OpponentAttackTypeData_logId:3,true,0]
6546005,508,9:8:22,6,[]
6546005,509,9:8:25,6,[RefusalData_logId:2,1]
6546005,510,9:8:56,6,[AvailableRefusalData_logId:2,0B]
6546005,510,9:9:2,6,[AvailableRefusalData_logId:2,1B]
6546005,510,9:9:3,6,[AvailableRefusalData_logId:2,2A]
6546005,511,9:9:3,6,[AvailableRefusalData_logId:2,0B,1B,2A,false,0]
6546005,512,9:9:6,6,[]
6546005,513,9:9:6,6,[30]
6546005,514,9:9:8,6,[]
6546005,507,9:9:12,6,[OpponentAttackData_logId:1,OpponentAttackTypeData_logId:1,false,30]
6546005,1002,9:9:15,6
6546005,1003,9:9:15,3
6546005,1004,9:9:17,6
6546005,500,9:9:20,6,[]
6546005,501,9:9:20,6,[]
6546005,502,9:9:24,6,[IntentionData_logId:4,true]
6546005,503,9:9:25,6,[]
6546005,504,9:9:31,6,[InfluenceData_logId:2]
6546005,504,9:9:36,6,[InfluenceData_logId:5]
6546005,504,9:9:37,6,[InfluenceData_logId:6]
6546005,505,9:9:38,6,[InfluenceData_logId:2,false,InfluenceData_logId:5,true,InfluenceData_logId:6,true]
6546005,506,9:9:39,6,[]
6546005,507,9:10:2,6,[OpponentAttackData_logId:2,OpponentAttackTypeData_logId:4,true,0]
6546005,508,9:10:5,6,[]
6546005,509,9:10:13,6,[RefusalData_logId:2,1]
6546005,510,9:10:13,6,[AvailableRefusalData_logId:2,0B]
6546005,510,9:10:15,6,[AvailableRefusalData_logId:2,0C]
6546005,510,9:10:16,6,[AvailableRefusalData_logId:2,1B]
6546005,510,9:10:26,6,[AvailableRefusalData_logId:2,2B]
6546005,511,9:10:26,6,[AvailableRefusalData_logId:2,0C,1B,2B,false,0]
6546005,512,9:10:29,6,[]
6546005,513,9:10:29,6,[30]
6546005,514,9:10:32,6,[]
6546005,507,9:10:47,6,[OpponentAttackData_logId:1,OpponentAttackTypeData_logId:1,false,30]
6546005,508,9:10:48,6,[]
6546005,509,9:10:51,6,[RefusalData_logId:7,0]
6546005,510,9:10:54,6,[AvailableRefusalData_logId:7,0C]
6546005,510,9:10:58,6,[AvailableRefusalData_logId:7,0A]
6546005,510,9:11:3,6,[AvailableRefusalData_logId:7,0B]
6546005,510,9:11:7,6,[AvailableRefusalData_logId:7,1A]
6546005,510,9:11:8,6,[AvailableRefusalData_logId:7,2B]
6546005,511,9:11:9,6,[AvailableRefusalData_logId:7,0B,1A,2B,false,0]
6546005,512,9:11:11,6,[]
6546005,513,9:11:11,6,[30]
6546005,1002,9:11:12,6
6546005,1003,9:11:12,3
6546005,1004,9:11:15,6
6546005,500,9:11:17,6,[]
6546005,501,9:11:18,6,[]
6546005,502,9:11:21,6,[IntentionData_logId:4,true]
6546005,503,9:11:22,6,[]
6546005,504,9:11:25,6,[InfluenceData_logId:1]
6546005,504,9:11:26,6,[InfluenceData_logId:4]
6546005,504,9:11:27,6,[InfluenceData_logId:5]
6546005,504,9:11:28,6,[InfluenceData_logId:6]
6546005,505,9:11:29,6,[InfluenceData_logId:1,true,InfluenceData_logId:5,true,InfluenceData_logId:6,true]
6546005,506,9:11:30,6,[]
6546005,507,9:11:38,6,[OpponentAttackData_logId:1,OpponentAttackTypeData_logId:2,true,0]
6546005,508,9:11:40,6,[]
6546005,509,9:11:45,6,[RefusalData_logId:9,2]
6546005,510,9:12:20,6,[AvailableRefusalData_logId:9,0A]
6546005,510,9:12:23,6,[AvailableRefusalData_logId:9,1A]
6546005,510,9:12:29,6,[AvailableRefusalData_logId:9,2A]
6546005,511,9:12:29,6,[AvailableRefusalData_logId:9,0A,1A,2A,true,50]
6546005,512,9:12:36,6,[]
6546005,513,9:12:36,6,[0]
6546005,514,9:12:37,6,[]
6546005,507,9:12:48,6,[OpponentAttackData_logId:2,OpponentAttackTypeData_logId:4,true,0]
6546005,508,9:12:51,6,[]
6546005,509,9:12:54,6,[RefusalData_logId:2,1]
6546005,510,9:12:57,6,[AvailableRefusalData_logId:2,0A]
6546005,510,9:13:0,6,[AvailableRefusalData_logId:2,1A]
6546005,510,9:13:1,6,[AvailableRefusalData_logId:2,2A]
6546005,511,9:13:2,6,[AvailableRefusalData_logId:2,0A,1A,2A,true,30]
6546005,512,9:13:6,6,[]
6546005,513,9:13:6,6,[0]
6546005,514,9:13:7,6,[]
6546005,507,9:13:19,6,[OpponentAttackData_logId:0,OpponentAttackTypeData_logId:2,false,30]
6546005,508,9:13:20,6,[]
6546005,509,9:13:26,6,[RefusalData_logId:0,2]
6546005,510,9:13:45,6,[AvailableRefusalData_logId:0,0B]
6546005,510,9:13:46,6,[AvailableRefusalData_logId:0,1A]
6546005,510,9:13:50,6,[AvailableRefusalData_logId:0,2A]
6546005,511,9:13:51,6,[AvailableRefusalData_logId:0,0B,1A,2A,false,0]
6546005,512,9:13:53,6,[]
6546005,513,9:13:53,6,[30]
6546005,514,9:13:55,6,[]
6546005,507,9:13:59,6,[OpponentAttackData_logId:3,OpponentAttackTypeData_logId:3,true,0]
6546005,508,9:14:1,6,[]
6546005,509,9:14:6,6,[RefusalData_logId:7,0]
6546005,510,9:14:10,6,[AvailableRefusalData_logId:7,0B]
6546005,510,9:14:12,6,[AvailableRefusalData_logId:7,1A]
6546005,510,9:14:15,6,[AvailableRefusalData_logId:7,2C]
6546005,511,9:14:15,6,[AvailableRefusalData_logId:7,0B,1A,2C,false,0]
6546005,512,9:14:18,6,[]
6546005,513,9:14:18,6,[30]
6546005,514,9:14:20,6,[]
6546005,515,9:14:20,6,[60,20]
6546005,516,9:14:22,6,[]
6546005,517,9:14:23,6,[]
6546005,1005,9:14:23,6,[3,0,1]
6546005,1000,9:14:24,6,[]
6546005,500,9:14:25,6,[]
6546005,501,9:14:27,6,[]
6546005,502,9:14:40,6,[IntentionData_logId:4,true]
6546005,503,9:14:41,6,[]
6546005,504,9:14:44,6,[InfluenceData_logId:0]
6546005,504,9:14:45,6,[InfluenceData_logId:1]
6546005,504,9:14:46,6,[InfluenceData_logId:5]
6546005,504,9:14:47,6,[InfluenceData_logId:6]
6546005,505,9:14:48,6,[InfluenceData_logId:1,true,InfluenceData_logId:5,true,InfluenceData_logId:6,true]
6546005,506,9:14:49,6,[]
6546005,507,9:14:54,6,[OpponentAttackData_logId:2,OpponentAttackTypeData_logId:4,true,0]
6546005,508,9:14:56,6,[]
6546005,509,9:15:0,6,[RefusalData_logId:0,2]
6546005,510,9:15:8,6,[AvailableRefusalData_logId:0,0A]
6546005,510,9:15:9,6,[AvailableRefusalData_logId:0,1A]
6546005,510,9:15:12,6,[AvailableRefusalData_logId:0,2A]
6546005,511,9:15:13,6,[AvailableRefusalData_logId:0,0A,1A,2A,true,50]
6546005,512,9:15:17,6,[]
6546005,513,9:15:17,6,[0]
6546005,514,9:15:18,6,[]
6546005,507,9:15:23,6,[OpponentAttackData_logId:1,OpponentAttackTypeData_logId:1,false,30]
6546005,508,9:15:25,6,[]
6546005,509,9:15:32,6,[RefusalData_logId:2,1]
6546005,510,9:15:33,6,[AvailableRefusalData_logId:2,0C]
6546005,510,9:15:37,6,[AvailableRefusalData_logId:2,0A]
6546005,510,9:15:38,6,[AvailableRefusalData_logId:2,1A]
6546005,510,9:15:39,6,[AvailableRefusalData_logId:2,2A]
6546005,511,9:15:40,6,[AvailableRefusalData_logId:2,0A,1A,2A,true,30]
6546005,512,9:15:42,6,[]
6546005,513,9:15:42,6,[0]
6546005,514,9:15:43,6,[]
6546005,507,9:15:55,6,[OpponentAttackData_logId:0,OpponentAttackTypeData_logId:1,true,0]
6546005,508,9:15:58,6,[]
6546005,509,9:16:2,6,[RefusalData_logId:9,2]
6546005,510,9:16:6,6,[AvailableRefusalData_logId:9,0A]
6546005,510,9:16:7,6,[AvailableRefusalData_logId:9,1A]
6546005,510,9:16:7,6,[AvailableRefusalData_logId:9,2A]
6546005,511,9:16:8,6,[AvailableRefusalData_logId:9,0A,1A,2A,true,50]
6546005,512,9:16:10,6,[]
6546005,515,9:16:10,6,[120,0]
6546005,516,9:16:13,6,[]
6546005,517,9:16:15,6,[]
6546005,1005,9:16:15,6,[3,1,3]
6546005,1001,9:16:15,6,[]
6546005,1003,9:16:15,3
6546005,210,9:16:20,695,447
6546005,211,9:16:23,856,533
6546005,221,9:16:23,6
6546005,220,9:16:25,6
6546005,219,9:16:25,6
6546005,216,9:16:27,Stack_G10a2P
6546005,217,9:16:42,Stack_G10a2P,14,1.8
6546005,218,9:16:44,6
6546005,210,9:16:45,854,470
6546005,211,9:16:46,1146,479
6546005,207,9:16:46,6,-200,-200
6546005,212,9:16:47,1
6546005,210,9:16:47,1055,361
6546005,211,9:16:48,985,383
6546005,213,9:16:48,6,s_dancePoster_G10a2P,true
6546005,205,9:16:48,6,s_dancePoster_G10a2P,false,false
6546005,212,9:16:52,2
6546005,210,9:16:52,883,448
6546005,211,9:16:53,817,442
6546005,213,9:16:53,6,c_cousin_M_b_G10a2P,true
6546005,205,9:16:53,6,c_cousin_M_b_G10a2P,false,false
6546005,210,9:16:56,1034,454
6546005,211,9:16:57,1112,400
6546005,212,9:16:58,0
6546005,210,9:16:58,1058,426
6546005,211,9:16:59,1043,410
6546005,213,9:16:59,6,c_crush1_M_b_G10a2P,true
6546005,205,9:16:59,6,c_crush1_M_b_G10a2P,false,false
6546005,210,9:17:2,640,480
6546005,211,9:17:4,888,396
6546005,212,9:17:4,2
6546005,210,9:17:4,765,398
6546005,211,9:17:5,494,406
6546005,213,9:17:5,6,c_friend_M_b_G10a2P,true
6546005,205,9:17:5,6,c_friend_M_b_G10a2P,false,false
6546005,210,9:17:8,540,451
6546005,207,9:17:9,6,-200,0
6546005,211,9:17:11,1112,455
6546005,207,9:17:11,6,0,-105
6546005,207,9:17:12,6,-105,-150
6546005,210,9:17:12,1086,432
6546005,211,9:17:13,1228,420
6546005,207,9:17:13,6,-150,-225
6546005,207,9:17:13,6,-225,-270
6546005,210,9:17:13,1208,479
6546005,211,9:17:14,1425,476
6546005,207,9:17:14,6,-270,-420
6546005,212,9:17:15,1
6546005,212,9:17:16,0
6546005,210,9:17:16,1453,435
6546005,207,9:17:16,6,-420,-495
6546005,211,9:17:17,1285,480
6546005,212,9:17:18,1
6546005,210,9:17:18,1375,447
6546005,207,9:17:20,6,-495,-516
6546005,211,9:17:20,1536,457
6546005,210,9:17:20,1491,481
6546005,211,9:17:21,1520,470
6546005,212,9:17:21,2
6546005,210,9:17:21,1502,471
6546005,211,9:17:22,1537,489
6546005,210,9:17:23,1460,471
6546005,211,9:17:24,1376,444
6546005,213,9:17:24,6,c_nurse_G10a2P,true
6546005,205,9:17:24,6,c_nurse_G10a2P,false,false
6546005,210,9:17:35,815,473
6546005,211,9:17:35,942,455
6546005,210,9:17:41,624,389
6546005,211,9:17:48,1080,298
6546005,213,9:17:48,6,s_mirror_M_G10a1N,true
6546005,205,9:17:48,6,s_mirror_M_G10a1N,false,false
6546005,210,9:20:20,802,441
6546005,211,9:20:21,802,441
6546005,213,9:20:21,6,c_crush1_M_b_G10a0,true
6546005,205,9:20:21,6,c_crush1_M_b_G10a0,false,true
6546005,204,9:20:24,6
6546005,100,9:20:29,5
6546005,101,9:20:34,5
6546005,100,9:20:35,6
6546005,101,9:20:38,6
6546005,100,9:20:39,5
6546005,102,9:20:40,5
6546005,200,9:20:40,5,15,15,15,21,24
6546005,210,9:20:43,516,388
6546005,211,9:20:45,341,427
6546005,221,9:20:45,5
6546005,220,9:20:48,5
6546005,210,9:20:52,707,282
6546005,207,9:20:54,5,-200,-395
6546005,211,9:20:55,1300,141
6546005,210,9:20:55,1160,417
6546005,211,9:20:56,1470,443
6546005,207,9:20:56,5,-395,-470
6546005,221,9:20:58,5
6546005,220,9:21:3,5
6546005,212,9:21:6,1
6546005,210,9:21:7,895,327
6546005,211,9:21:9,112,151
6546005,207,9:21:9,5,-200,-95
6546005,210,9:21:10,230,184
6546005,211,9:21:12,195,176
6546005,213,9:21:12,5,c_kidSister_cauc_a_G9b1N,true
6546005,205,9:21:12,5,c_kidSister_cauc_a_G9b1N,false,false
6546005,210,9:21:15,465,316
6546005,207,9:21:16,5,-95,-5
6546005,211,9:21:17,288,462
6546005,212,9:21:18,0
6546005,210,9:21:18,584,459
6546005,211,9:21:19,312,463
6546005,213,9:21:19,5,s_joint_G9b1N,true
6546005,205,9:21:19,5,s_joint_G9b1N,false,false
6546005,210,9:21:22,245,509
6546005,207,9:21:23,5,-5,0
6546005,211,9:21:26,1003,245
6546005,207,9:21:26,5,0,-30
6546005,212,9:21:27,2
6546005,210,9:21:27,1020,329
6546005,207,9:21:27,5,-30,-135
6546005,211,9:21:28,1229,395
6546005,207,9:21:28,5,-135,-225
6546005,207,9:21:29,5,-225,-270
6546005,210,9:21:29,1186,333
6546005,211,9:21:30,1315,338
6546005,207,9:21:30,5,-270,-315
6546005,207,9:21:30,5,-315,-345
6546005,210,9:21:30,1010,322
6546005,211,9:21:31,1409,344
6546005,207,9:21:31,5,-345,-405
6546005,207,9:21:32,5,-405,-450
6546005,210,9:21:32,1347,442
6546005,211,9:21:32,1515,466
6546005,207,9:21:32,5,-450,-510
6546005,210,9:21:33,1542,470
6546005,207,9:21:33,5,-510,-825
6546005,211,9:21:35,1688,512
6546005,213,9:21:35,5,s_coupleOnCouch_G9b1N,true
6546005,212,9:21:37,1
6546005,210,9:21:38,1607,461
6546005,211,9:21:38,1778,495
6546005,207,9:21:38,5,-825,-825
6546005,212,9:21:39,0
6546005,210,9:21:39,1664,474
6546005,211,9:21:40,1691,477
6546005,213,9:21:40,5,s_coupleOnCouch_G9b1N,true
6546005,210,9:21:42,1578,262
6546005,211,9:21:44,1778,320
6546005,212,9:21:45,1
6546005,210,9:21:45,1644,414
6546005,211,9:21:48,1869,233
6546005,207,9:21:48,5,-825,-870
6546005,210,9:21:48,1904,169
6546005,207,9:21:48,5,-870,-945
6546005,211,9:21:50,1993,150
6546005,207,9:21:50,5,-945,-990
6546005,207,9:21:51,5,-990,-995
6546005,210,9:21:51,1971,128
6546005,211,9:21:52,1748,329
6546005,212,9:21:53,0
6546005,210,9:21:53,1966,263
6546005,211,9:21:53,1965,116
6546005,210,9:21:57,1961,214
6546005,211,9:21:58,2003,185
6546005,212,9:21:59,2
6546005,210,9:22:0,1952,210
6546005,211,9:22:1,2004,205
6546005,212,9:22:2,1
6546005,210,9:22:3,1913,398
6546005,211,9:22:4,1809,524
6546005,213,9:22:4,5,s_coupleOnCouch_G9b1N,true
6546005,212,9:22:7,0
6546005,210,9:22:8,1461,270
6546005,211,9:22:8,1206,97
6546005,212,9:22:9,1
6546005,210,9:22:11,1333,126
6546005,211,9:22:12,1216,107
6546005,213,9:22:12,5,s_clock_G9b1N,true
6546005,205,9:22:12,5,s_clock_G9b1N,false,false
6546005,210,9:22:15,1594,406
6546005,211,9:22:16,1533,539
6546005,212,9:22:17,2
6546005,210,9:22:18,1515,549
6546005,211,9:22:22,1651,607
6546005,213,9:22:22,5,s_boomBox_G9b1N,true
6546005,210,9:22:23,1620,593
6546005,211,9:22:24,1607,613
6546005,213,9:22:24,5,s_boomBox_G9b1N,true
6546005,210,9:22:26,1585,604
6546005,211,9:22:26,1588,612
6546005,213,9:22:26,5,s_boomBox_G9b1N,true
6546005,212,9:22:28,1
6546005,210,9:22:29,1569,566
6546005,211,9:22:32,1375,203
6546005,210,9:22:32,2007,116
6546005,211,9:22:32,2001,52
6546005,210,9:22:33,2005,55
6546005,211,9:22:34,2017,-15
6546005,210,9:22:36,1535,125
6546005,211,9:22:38,1498,-4
6546005,210,9:22:39,1447,572
6546005,211,9:22:40,1755,585
6546005,213,9:22:40,5,s_coupleOnCouch_G9b1N,true
6546005,212,9:22:42,0
6546005,210,9:22:43,1464,552
6546005,211,9:22:45,1420,659
6546005,213,9:22:45,5,s_beerBottle_G9b1N,true
6546005,205,9:22:45,5,s_beerBottle_G9b1N,false,false
6546005,210,9:22:48,1505,582
6546005,211,9:22:57,847,228
6546005,207,9:22:57,5,-995,-830
6546005,210,9:22:57,811,239
6546005,207,9:22:57,5,-830,-755
6546005,211,9:22:58,607,247
6546005,207,9:22:58,5,-755,-590
6546005,207,9:22:58,5,-590,-530
6546005,210,9:22:59,641,259
6546005,207,9:22:59,5,-530,-365
6546005,211,9:23:0,293,367
6546005,207,9:23:0,5,-365,-275
6546005,207,9:23:1,5,-275,-230
6546005,210,9:23:1,330,282
6546005,207,9:23:2,5,-230,-35
6546005,207,9:23:3,5,-35,0
6546005,211,9:23:4,15,98
6546005,221,9:23:7,5
6546005,220,9:23:11,5
6546005,210,9:23:14,1278,507
6546005,207,9:23:15,5,-200,-512
6546005,211,9:23:16,1531,505
6546005,210,9:23:19,926,331
6546005,211,9:23:20,839,446
6546005,210,9:23:25,615,349
6546005,207,9:23:28,5,-200,-125
6546005,207,9:23:30,5,-125,-65
6546005,207,9:23:31,5,-65,0
6546005,211,9:23:31,2,123
6546005,210,9:23:31,81,92
6546005,211,9:23:32,83,308
6546005,212,9:23:33,1
6546005,210,9:23:34,484,385
6546005,211,9:23:35,95,296
6546005,213,9:23:35,5,s_brokenLamp_G9b1N,true
6546005,205,9:23:35,5,s_brokenLamp_G9b1N,false,false
6546005,221,9:23:40,5
6546005,220,9:23:42,5
6546005,212,9:23:44,2
6546005,210,9:23:44,893,397
6546005,207,9:23:48,5,-200,-380
6546005,207,9:23:51,5,-380,-512
6546005,207,9:23:54,5,-512,-332
6546005,207,9:23:56,5,-332,0
6546005,207,9:24:4,5,0,-105
6546005,207,9:24:6,5,-105,-512
6546005,211,9:24:7,1530,364
6546005,210,9:24:8,1509,379
6546005,211,9:24:12,1528,413
6546005,204,9:24:14,5
6546005,100,9:24:15,5
6546005,102,9:24:16,5
6546005,200,9:24:16,5,15,15,15,21,24
6546005,210,9:24:18,960,470
6546005,211,9:24:19,951,429
6546005,204,9:24:19,5
6546005,100,9:24:24,6
6546005,102,9:24:25,6
6546005,200,9:24:25,6,15,15,15,21,24
6546005,210,9:24:27,894,534
6546005,211,9:24:28,1078,485
6546005,221,9:24:28,6
6546005,220,9:24:32,6
6546005,204,9:24:35,6
6546005,100,9:24:50,5
6546005,102,9:24:51,5
6546005,200,9:24:51,5,15,15,15,21,24
6546005,210,9:24:53,653,357
6546005,207,9:24:58,5,-200,-365
6546005,211,9:25:1,961,453
6546005,212,9:25:2,1
6546005,210,9:25:2,1062,485
6546005,211,9:25:4,1160,354
6546005,212,9:25:4,0
6546005,221,9:25:5,5
6546005,220,9:25:7,5
6546005,210,9:25:7,931,358
6546005,211,9:25:8,1074,639
6546005,212,9:25:9,2
6546005,210,9:25:9,1020,330
6546005,207,9:25:15,5,-365,-512
6546005,211,9:25:16,1359,558
6546005,213,9:25:16,5,s_computer_M_gen,true
6546005,205,9:25:16,5,s_computer_M_gen,false,false
6546005,221,9:25:21,5
6546005,220,9:25:22,5
6546005,219,9:25:22,5
6546005,216,9:25:24,Stack_G9b1P
6546005,217,9:25:40,Stack_G9b1P,9.5,0.00
6546005,218,9:25:42,5
6546005,210,9:25:42,704,571
6546005,211,9:25:42,704,571
6546005,210,9:25:43,713,372
6546005,211,9:25:44,898,502
6546005,221,9:25:44,5
6546005,220,9:25:47,5
6546005,210,9:25:47,358,537
6546005,211,9:25:48,411,539
6546005,212,9:25:51,1
6546005,210,9:25:51,750,285
6546005,211,9:25:53,770,314
6546005,213,9:25:53,5,c_friend1_M_a_G9b1P,true
6546005,205,9:25:53,5,c_friend1_M_a_G9b1P,false,false
6546005,210,9:25:57,967,409
6546005,211,9:25:57,1006,386
6546005,213,9:25:57,5,c_bestFriend_M_a_G9b1P,true
6546005,205,9:25:57,5,c_bestFriend_M_a_G9b1P,false,false
6546005,210,9:26:1,319,533
6546005,207,9:26:1,5,-200,-35
6546005,207,9:26:3,5,-35,0
6546005,207,9:26:5,5,0,-645
6546005,207,9:26:7,5,-645,-855
6546005,211,9:26:8,1633,438
6546005,213,9:26:8,5,c_crush1_M_a_G9b1P,true
6546005,205,9:26:8,5,c_crush1_M_a_G9b1P,false,false
6546005,210,9:26:12,1776,456
6546005,207,9:26:12,5,-855,-975
6546005,211,9:26:13,1823,547
6546005,212,9:26:14,0
6546005,210,9:26:15,1750,553
6546005,211,9:26:16,1736,505
6546005,212,9:26:17,2
6546005,210,9:26:17,1837,447
6546005,211,9:26:18,1860,517
6546005,212,9:26:19,1
6546005,210,9:26:19,1823,497
6546005,211,9:26:22,1331,260
6546005,221,9:26:23,5
6546005,220,9:26:24,5
6546005,219,9:26:25,5
6546005,216,9:26:26,Stack_G9b2N
6546005,217,9:26:38,Stack_G9b2N,12,0.00
6546005,218,9:26:40,5
6546005,210,9:26:41,542,248
6546005,207,9:26:42,5,-200,0
6546005,211,9:26:42,52,457
6546005,210,9:26:43,86,446
6546005,211,9:26:45,610,461
6546005,212,9:26:46,2
6546005,210,9:26:46,586,339
6546005,211,9:26:48,807,367
6546005,212,9:26:49,0
6546005,210,9:26:49,890,488
6546005,207,9:26:50,5,0,-195
6546005,211,9:26:51,1230,291
6546005,207,9:26:51,5,-195,-285
6546005,212,9:26:52,2
6546005,210,9:26:52,1138,355
6546005,211,9:26:53,1140,332
6546005,210,9:26:53,1124,334
6546005,211,9:26:53,1121,316
6546005,213,9:26:53,5,c_cousin_M_a_G9b2N,true
6546005,205,9:26:53,5,c_cousin_M_a_G9b2N,false,false
6546005,212,9:26:57,1
6546005,210,9:26:58,922,391
6546005,211,9:26:59,793,277
6546005,213,9:26:59,5,c_mom_cauc_a_G9b2N,true
6546005,205,9:26:59,5,c_mom_cauc_a_G9b2N,false,false
6546005,210,9:27:2,686,420
6546005,211,9:27:4,260,274
6546005,207,9:27:4,5,-285,-240
6546005,207,9:27:4,5,-240,-195
6546005,210,9:27:4,318,268
6546005,207,9:27:5,5,-195,0
6546005,211,9:27:7,298,605
6546005,212,9:27:8,0
6546005,210,9:27:9,332,559
6546005,211,9:27:11,1157,554
6546005,207,9:27:11,5,0,-150
6546005,210,9:27:11,1187,505
6546005,207,9:27:11,5,-150,-225
6546005,211,9:27:12,1026,415
6546005,212,9:27:12,1
6546005,210,9:27:13,1054,488
6546005,207,9:27:16,5,-225,-720
6546005,211,9:27:17,1446,298
6546005,213,9:27:17,5,c_crush1_M_a_G9b2N,true
6546005,205,9:27:17,5,c_crush1_M_a_G9b2N,false,false
6546005,204,9:27:21,5
6546005,100,9:27:24,5
6546005,102,9:27:26,5
6546005,200,9:27:26,5,15,15,15,21,24
6546005,210,9:27:31,484,340
6546005,207,9:27:33,5,-200,-95
6546005,211,9:27:34,681,537
6546005,204,9:27:37,5
6546005,100,9:27:38,5
6546005,102,9:27:39,5
6546005,200,9:27:39,5,15,15,15,21,24
6546005,221,9:27:43,5
6546005,220,9:27:47,5
6546005,210,9:27:49,894,420
6546005,211,9:27:54,1293,478
6546005,207,9:27:54,5,-200,-290
6546005,207,9:27:55,5,-290,-335
6546005,210,9:27:55,1251,359
6546005,207,9:27:58,5,-335,-575
6546005,207,9:27:59,5,-575,-815
6546005,207,9:28:1,5,-815,-995
6546005,211,9:28:2,1827,154
6546005,213,9:28:2,5,s_pictureMomdark_cauc_G9b1P,true
6546005,205,9:28:2,5,s_pictureMomdark_cauc_G9b1P,false,false
6546005,210,9:28:6,1745,168
6546005,211,9:28:8,1785,347
6546005,212,9:28:9,2
6546005,210,9:28:9,1752,455
6546005,211,9:28:10,1825,488
6546005,210,9:28:11,1975,528
6546005,211,9:28:12,1973,517
6546005,210,9:28:17,1964,382
6546005,211,9:28:18,1979,121
6546005,213,9:28:18,5,s_pictureDaddark_cauc_gen,true
6546005,205,9:28:18,5,s_pictureDaddark_cauc_gen,false,false
6546005,210,9:28:22,1481,346
6546005,211,9:28:24,1503,285
6546005,213,9:28:24,5,s_kidsGroupKitchen_G9b1P,true
6546005,205,9:28:24,5,s_kidsGroupKitchen_G9b1P,false,false
6546005,210,9:28:27,1406,286
6546005,211,9:28:29,982,311
6546005,207,9:28:29,5,-995,-965
6546005,210,9:28:30,1070,406
6546005,211,9:28:30,962,403
6546005,207,9:28:30,5,-965,-890
6546005,210,9:28:30,1136,307
6546005,207,9:28:32,5,-890,-455
6546005,211,9:28:34,689,296
6546005,221,9:28:35,5
6546005,220,9:28:37,5
6546005,212,9:28:38,1
6546005,212,9:28:38,0
6546005,210,9:28:39,1055,302
6546005,211,9:28:43,1382,289
6546005,213,9:28:43,5,c_cousin_M_a_G9b1P,true
6546005,205,9:28:43,5,c_cousin_M_a_G9b1P,false,false
6546005,221,9:28:47,5
6546005,220,9:28:48,5
6546005,204,9:28:55,5
6546005,100,9:28:56,5
6546005,102,9:28:57,5
6546005,200,9:28:57,5,15,15,15,21,24
6546005,221,9:29:2,5
6546005,220,9:29:4,5
6546005,219,9:29:4,5
6546005,216,9:29:6,Stack_G9b2P
6546005,217,9:29:25,Stack_G9b2P,14,0.00
6546005,218,9:29:26,5
6546005,210,9:29:26,598,363
6546005,211,9:29:28,891,560
6546005,212,9:29:29,2
6546005,210,9:29:29,421,373
6546005,211,9:29:30,550,441
6546005,221,9:29:32,5
6546005,220,9:29:34,5
6546005,212,9:29:35,1
6546005,210,9:29:35,1080,434
6546005,207,9:29:36,5,-200,-425
6546005,211,9:29:37,1200,526
6546005,213,9:29:37,5,c_crush1_M_a_G9b2P,true
6546005,205,9:29:37,5,c_crush1_M_a_G9b2P,false,false
6546005,213,9:29:40,5,c_mom_cauc_a_G9b2P,true
6546005,205,9:29:40,5,c_mom_cauc_a_G9b2P,false,false
6546005,210,9:29:43,735,416
6546005,207,9:29:45,5,-425,-200
6546005,211,9:29:47,630,514
6546005,213,9:29:47,5,c_grandma_cauc_a_G9b2P,true
6546005,212,9:29:49,2
6546005,210,9:29:49,416,540
6546005,211,9:29:54,1280,380
6546005,207,9:29:54,5,-200,-275
6546005,210,9:29:54,1310,234
6546005,207,9:29:54,5,-275,-365
6546005,211,9:29:56,1476,449
6546005,207,9:29:56,5,-365,-470
6546005,207,9:29:56,5,-470,-515
6546005,210,9:29:56,1421,541
6546005,211,9:29:57,1324,583
6546005,210,9:30:38,916,272
6546005,211,9:30:38,916,272
6546005,210,9:30:38,892,276
6546005,211,9:30:39,814,394
6546005,221,9:31:2,5
6546005,220,9:31:10,5
6546005,212,9:31:10,0
6546005,210,9:31:11,1548,437
6546005,207,9:31:11,5,-515,-590
6546005,211,9:31:13,487,231
6546005,207,9:31:13,5,-590,-470
6546005,210,9:31:14,465,451
6546005,207,9:31:14,5,-470,-395
6546005,207,9:31:15,5,-395,-140
6546005,207,9:31:16,5,-140,0
6546005,211,9:31:19,221,422
6546005,210,9:31:32,265,441
6546005,211,9:31:32,265,441
6546005,210,9:32:3,183,301
6546005,211,9:32:4,183,301
6546005,210,9:32:4,656,432
6546005,211,9:32:7,941,422
6546005,210,9:32:15,362,165
6546005,211,9:32:18,514,391
6546005,210,9:32:38,858,475
6546005,207,9:32:39,5,0,-180
6546005,211,9:32:40,1004,340
6546005,210,9:33:0,485,358
6546005,211,9:33:2,776,407
6546005,212,9:33:2,2
6546005,210,9:33:3,1122,466
6546005,207,9:33:3,5,-180,-360
6546005,207,9:33:5,5,-360,-180
6546005,211,9:33:6,77,537
6546005,207,9:33:6,5,-180,-60
6546005,207,9:33:6,5,-60,0
6546005,210,9:33:6,44,360
6546005,211,9:33:9,1086,434
6546005,207,9:33:9,5,0,-90
6546005,207,9:33:13,5,-90,-120
6546005,210,9:33:14,1043,385
6546005,211,9:33:14,1186,354
6546005,207,9:33:14,5,-120,-180
6546005,210,9:33:15,1048,257
6546005,207,9:33:17,5,-180,-995
6546005,211,9:33:18,1731,457
6546005,213,9:33:18,5,c_bestFriend_M_a_G9b2P,true
6546005,205,9:33:18,5,c_bestFriend_M_a_G9b2P,false,false
6546005,210,9:33:22,1850,474
6546005,211,9:33:25,1918,491
6546005,213,9:33:25,5,c_cousin_M_a_G9b2P,true
6546005,210,9:33:28,1725,278
6546005,211,9:33:30,1763,296
6546005,221,9:33:32,5
6546005,220,9:33:34,5
6546005,212,9:33:35,0
6546005,210,9:33:35,1763,211
6546005,211,9:33:38,1858,485
6546005,210,9:33:39,1531,545
6546005,207,9:33:45,5,-995,-800
6546005,211,9:33:46,637,377
6546005,207,9:33:46,5,-800,-620
6546005,210,9:33:47,596,380
6546005,207,9:33:47,5,-620,-530
6546005,211,9:33:48,869,579
6546005,210,9:33:57,1155,477
6546005,211,9:34:4,352,138
6546005,207,9:34:4,5,-530,-335
6546005,210,9:34:4,288,141
6546005,207,9:34:4,5,-335,-200
6546005,211,9:34:5,146,114
6546005,207,9:34:5,5,-200,-125
6546005,207,9:34:5,5,-125,-80
6546005,207,9:34:6,5,-80,-35
6546005,210,9:34:6,75,258
6546005,207,9:34:6,5,-35,0
6546005,207,9:34:14,5,0,-465
6546005,207,9:34:16,5,-465,-735
6546005,207,9:34:18,5,-735,-855
6546005,207,9:34:21,5,-855,-885
6546005,207,9:34:21,5,-885,-995
6546005,211,9:34:24,1782,539
6546005,213,9:34:25,5,s_boardGame_G9b2P,true
6546005,221,9:34:35,5
6546005,220,9:34:37,5
6546005,210,9:34:40,1343,379
6546005,211,9:34:41,1213,104
6546005,213,9:34:41,5,s_clock_G9b2P,true
6546005,205,9:34:41,5,s_clock_G9b2P,false,false
6546005,221,9:34:45,5
6546005,220,9:34:46,5
6546005,203,9:34:46,5
6546005,100,9:35:11,6
6546005,102,9:35:12,6
6546005,200,9:35:12,6,15,15,15,21,24
6546005,221,9:35:14,6
6546005,220,9:35:15,6
6546005,219,9:35:15,6
6546005,216,9:35:16,Stack_G10a1P
6546005,217,9:35:32,Stack_G10a1P,12,2.2
6546005,218,9:35:37,6
6546005,210,9:35:40,590,357
6546005,211,9:35:43,801,497
6546005,221,9:35:43,6
6546005,220,9:35:45,6
6546005,212,9:35:48,1
6546005,210,9:35:48,718,431
6546005,211,9:35:49,857,482
6546005,212,9:35:50,2
6546005,210,9:35:50,651,427
6546005,211,9:35:50,646,426
6546005,213,9:35:50,6,c_friend_M_b_G10a1P,true
6546005,205,9:35:50,6,c_friend_M_b_G10a1P,false,false
6546005,210,9:35:54,1088,446
6546005,211,9:35:55,1166,498
6546005,213,9:35:55,6,c_crush1_M_b_G10a1P,true
6546005,205,9:35:55,6,c_crush1_M_b_G10a1P,false,false
6546005,212,9:36:0,1
6546005,210,9:36:0,1003,365
6546005,207,9:36:2,6,-400,-100
6546005,211,9:36:5,1272,489
6546005,207,9:36:5,6,-100,-265
6546005,207,9:36:5,6,-265,-310
6546005,210,9:36:5,1222,468
6546005,207,9:36:7,6,-310,-505
6546005,207,9:36:9,6,-505,-516
6546005,211,9:36:11,1437,522
6546005,210,9:36:11,1507,505
6546005,211,9:36:12,1509,466
6546005,212,9:36:12,0
6546005,210,9:36:13,1452,542
6546005,211,9:36:14,973,401
6546005,213,9:36:14,6,s_dancePoster_G10a1P,true
6546005,212,9:36:19,2
6546005,210,9:36:29,786,364
6546005,211,9:36:32,1369,394
6546005,213,9:36:32,6,c_teacherEng_G10a1P,true
6546005,212,9:36:36,1
6546005,210,9:36:37,1158,359
6546005,211,9:36:41,605,43
6546005,210,9:36:42,914,100
6546005,211,9:36:44,1173,-65
6546005,221,9:36:45,6
6546005,220,9:36:46,6
6546005,210,9:36:48,1164,427
6546005,211,9:36:48,1207,618
6546005,221,9:36:49,6
6546005,220,9:36:50,6
6546005,210,9:37:5,812,298
6546005,211,9:37:6,500,94
6546005,207,9:37:6,6,-516,-471
6546005,207,9:37:7,6,-471,-426
6546005,210,9:37:7,550,98
6546005,211,9:37:8,418,393
6546005,207,9:37:8,6,-426,-381
6546005,207,9:37:8,6,-381,-321
6546005,210,9:37:8,440,415
6546005,211,9:37:9,295,349
6546005,207,9:37:9,6,-321,-261
6546005,207,9:37:9,6,-261,-216
6546005,210,9:37:10,323,359
6546005,211,9:37:10,192,427
6546005,207,9:37:10,6,-216,-171
6546005,207,9:37:11,6,-171,-141
6546005,210,9:37:11,260,389
6546005,207,9:37:11,6,-141,-81
6546005,207,9:37:12,6,-81,0
6546005,211,9:37:13,5,321
6546005,210,9:37:13,32,397
6546005,211,9:37:14,17,326
6546005,210,9:37:14,49,318
6546005,211,9:37:15,104,301
6546005,213,9:37:15,6,s_lockerPoster_G10a1P,true
6546005,205,9:37:15,6,s_lockerPoster_G10a1P,false,false
6546005,221,9:37:22,6
6546005,220,9:37:27,6
6546005,203,9:37:27,6
6546005,100,9:37:34,7
6546005,102,9:37:35,7
6546005,200,9:37:35,7,15,15,15,21,24
6546005,219,9:37:35,7
6546005,216,9:37:36,Stack_G10b0
6546005,217,9:38:3,Stack_G10b0,18,0.67
6546005,218,9:38:7,7
6546005,210,9:38:13,642,353
6546005,211,9:38:15,666,369
6546005,213,9:38:15,7,s_car2_G10b0,false
6546005,1003,9:38:18,1
6546005,1004,9:38:21,5
6546005,800,9:38:23,5,[]
6546005,801,9:38:25,5,[]
6546005,814,9:38:34,5,[1]
6546005,815,9:38:34,5,1,OpportunityCardData_id:7
6546005,815,9:38:37,5,1,OpportunityCardData_id:8
6546005,816,9:38:38,5,1,OpportunityCardData_id:8
6546005,805,9:38:39,5,[OpportunityCardData_id:8]
6546005,807,9:38:40,5,[OpportunityCardData_id:8]
6546005,808,9:38:42,5,[OpportunityCardData_id:8]
6546005,809,9:38:45,5,[OpportunityCardData_id:8,PriorityData_type:2,false]
6546005,810,9:38:46,5,[OpportunityCardData_id:8,PriorityData_type:1,20,PriorityData_type:2,20]
6546005,814,9:39:26,5,[1]
6546005,815,9:39:26,5,1,OpportunityCardData_id:7
6546005,816,9:39:27,5,1,OpportunityCardData_id:7
6546005,803,9:39:28,5,[OpportunityCardData_id:7,OpportunityCardConsequencesData_logId:1]
6546005,805,9:39:29,5,[OpportunityCardData_id:7]
6546005,807,9:39:30,5,[OpportunityCardData_id:7]
6546005,808,9:39:31,5,[OpportunityCardData_id:7]
6546005,809,9:39:35,5,[OpportunityCardData_id:7,PriorityData_type:3,false]
6546005,810,9:39:36,5,[OpportunityCardData_id:7,PriorityData_type:1,20,PriorityData_type:3,15]
6546005,814,9:39:42,5,[4]
6546005,815,9:39:42,5,4,OpportunityCardData_id:25
6546005,816,9:39:43,5,4,OpportunityCardData_id:25
6546005,803,9:39:44,5,[OpportunityCardData_id:25,OpportunityCardConsequencesData_logId:1]
6546005,805,9:39:45,5,[OpportunityCardData_id:25]
6546005,807,9:39:58,5,[OpportunityCardData_id:25]
6546005,808,9:40:0,5,[OpportunityCardData_id:25]
6546005,809,9:40:7,5,[OpportunityCardData_id:25,PriorityData_type:3,false]
6546005,810,9:40:8,5,[OpportunityCardData_id:25,PriorityData_type:4,15,PriorityData_type:3,10]
6546005,812,9:40:10,5,[OpportunityCardData_id:25,PriorityData_type:3]
6546005,813,9:40:15,5,[]
6546005,1000,9:40:18,5,[]
6546005,800,9:40:19,5,[]
6546005,801,9:40:22,5,[]
6546005,814,9:40:23,5,[1]
6546005,815,9:40:23,5,1,OpportunityCardData_id:7
6546005,816,9:40:25,5,1,OpportunityCardData_id:7
6546005,803,9:40:26,5,[OpportunityCardData_id:7,OpportunityCardConsequencesData_logId:1]
6546005,805,9:40:27,5,[OpportunityCardData_id:7]
6546005,806,9:40:30,5,[OpportunityCardData_id:7,PriorityData_type:3]
6546005,807,9:40:31,5,[OpportunityCardData_id:7]
6546005,808,9:40:33,5,[OpportunityCardData_id:7]
6546005,809,9:40:38,5,[OpportunityCardData_id:7,PriorityData_type:3,true]
6546005,810,9:40:39,5,[OpportunityCardData_id:7,PriorityData_type:1,20,Safe,Safe]
6546005,814,9:40:41,5,[4]
6546005,815,9:40:41,5,4,OpportunityCardData_id:25
6546005,816,9:40:42,5,4,OpportunityCardData_id:25
6546005,803,9:40:43,5,[OpportunityCardData_id:25,OpportunityCardConsequencesData_logId:0]
6546005,805,9:40:45,5,[OpportunityCardData_id:25]
6546005,806,9:40:46,5,[OpportunityCardData_id:25,PriorityData_type:5]
6546005,807,9:40:47,5,[OpportunityCardData_id:25]
6546005,808,9:40:48,5,[OpportunityCardData_id:25]
6546005,809,9:40:54,5,[OpportunityCardData_id:25,Safe,false]
6546005,810,9:40:55,5,[OpportunityCardData_id:25,PriorityData_type:4,15,Safe,Safe]
6546005,814,9:40:57,5,[4]
6546005,815,9:40:57,5,4,OpportunityCardData_id:26
6546005,816,9:40:59,5,4,OpportunityCardData_id:26
6546005,803,9:41:1,5,[OpportunityCardData_id:26,OpportunityCardConsequencesData_logId:2]
6546005,805,9:41:2,5,[OpportunityCardData_id:26]
6546005,807,9:41:2,5,[OpportunityCardData_id:26]
6546005,808,9:41:4,5,[OpportunityCardData_id:26]
6546005,809,9:41:7,5,[OpportunityCardData_id:26,PriorityData_type:2,false]
6546005,810,9:41:8,5,[OpportunityCardData_id:26,PriorityData_type:4,15,PriorityData_type:2,10]
6546005,814,9:41:11,5,[1]
6546005,815,9:41:11,5,1,OpportunityCardData_id:8
6546005,816,9:41:21,5,1,OpportunityCardData_id:8
6546005,803,9:41:22,5,[OpportunityCardData_id:8,OpportunityCardConsequencesData_logId:2]
6546005,805,9:41:23,5,[OpportunityCardData_id:8]
6546005,807,9:41:24,5,[OpportunityCardData_id:8]
6546005,808,9:41:25,5,[OpportunityCardData_id:8]
6546005,809,9:41:29,5,[OpportunityCardData_id:8,PriorityData_type:3,false]
6546005,810,9:41:30,5,[OpportunityCardData_id:8,PriorityData_type:1,20,PriorityData_type:3,10]
6546005,814,9:41:33,5,[4]
6546005,815,9:41:33,5,4,OpportunityCardData_id:27
6546005,816,9:41:34,5,4,OpportunityCardData_id:27
6546005,805,9:41:36,5,[OpportunityCardData_id:27]
6546005,806,9:41:37,5,[OpportunityCardData_id:27,PriorityData_type:0]
6546005,807,9:41:37,5,[OpportunityCardData_id:27]
6546005,808,9:41:39,5,[OpportunityCardData_id:27]
6546005,809,9:41:43,5,[OpportunityCardData_id:27,PriorityData_type:3,false]
6546005,810,9:41:43,5,[OpportunityCardData_id:27,PriorityData_type:4,15,PriorityData_type:3,15]
6546005,812,9:41:44,5,[OpportunityCardData_id:27,PriorityData_type:3]
6546005,813,9:41:50,5,[]
6546005,1000,9:41:51,5,[]
6546005,800,9:41:52,5,[]
6546005,801,9:41:54,5,[]
6546005,814,9:41:55,5,[1]
6546005,815,9:41:55,5,1,OpportunityCardData_id:7
6546005,816,9:41:56,5,1,OpportunityCardData_id:7
6546005,803,9:41:57,5,[OpportunityCardData_id:7,OpportunityCardConsequencesData_logId:2]
6546005,805,9:41:58,5,[OpportunityCardData_id:7]
6546005,806,9:41:59,5,[OpportunityCardData_id:7,PriorityData_type:0]
6546005,807,9:41:59,5,[OpportunityCardData_id:7]
6546005,808,9:42:5,5,[OpportunityCardData_id:7]
6546005,809,9:42:9,5,[OpportunityCardData_id:7,PriorityData_type:3,false]
6546005,810,9:42:13,5,[OpportunityCardData_id:7,PriorityData_type:1,20,PriorityData_type:3,15]
6546005,814,9:42:22,5,[4]
6546005,815,9:42:22,5,4,OpportunityCardData_id:25
6546005,816,9:42:23,5,4,OpportunityCardData_id:25
6546005,803,9:42:24,5,[OpportunityCardData_id:25,OpportunityCardConsequencesData_logId:1]
6546005,805,9:42:27,5,[OpportunityCardData_id:25]
6546005,806,9:42:28,5,[OpportunityCardData_id:25,PriorityData_type:3]
6546005,807,9:42:29,5,[OpportunityCardData_id:25]
6546005,808,9:42:36,5,[OpportunityCardData_id:25]
6546005,809,9:42:40,5,[OpportunityCardData_id:25,Safe,false]
6546005,810,9:42:41,5,[OpportunityCardData_id:25,PriorityData_type:4,15,Safe,Safe]
6546005,814,9:42:43,5,[3]
6546005,815,9:42:43,5,3,OpportunityCardData_id:19
6546005,815,9:42:44,5,3,OpportunityCardData_id:20
6546005,816,9:42:45,5,3,OpportunityCardData_id:20
6546005,805,9:42:46,5,[OpportunityCardData_id:20]
6546005,807,9:42:47,5,[OpportunityCardData_id:20]
6546005,808,9:42:49,5,[OpportunityCardData_id:20]
6546005,809,9:42:55,5,[OpportunityCardData_id:20,PriorityData_type:1,false]
6546005,810,9:42:55,5,[OpportunityCardData_id:20,PriorityData_type:3,15,PriorityData_type:1,10]
6546005,814,9:42:59,5,[1]
6546005,815,9:42:59,5,1,OpportunityCardData_id:8
6546005,815,9:43:0,5,1,OpportunityCardData_id:9
6546005,816,9:43:0,5,1,OpportunityCardData_id:9
6546005,805,9:43:2,5,[OpportunityCardData_id:9]
6546005,807,9:43:3,5,[OpportunityCardData_id:9]
6546005,808,9:43:5,5,[OpportunityCardData_id:9]
6546005,809,9:43:8,5,[OpportunityCardData_id:9,Safe,false]
6546005,810,9:43:9,5,[OpportunityCardData_id:9,PriorityData_type:1,5,Safe,Safe]
6546005,814,9:43:12,5,[5]
6546005,815,9:43:12,5,5,OpportunityCardData_id:31
6546005,816,9:43:13,5,5,OpportunityCardData_id:31
6546005,803,9:43:14,5,[OpportunityCardData_id:31,OpportunityCardConsequencesData_logId:2]
6546005,805,9:43:15,5,[OpportunityCardData_id:31]
6546005,807,9:43:16,5,[OpportunityCardData_id:31]
6546005,808,9:43:18,5,[OpportunityCardData_id:31]
6546005,809,9:43:21,5,[OpportunityCardData_id:31,Safe,false]
6546005,810,9:43:22,5,[OpportunityCardData_id:31,PriorityData_type:5,20,Safe,Safe]
6546005,814,9:43:27,5,[1]
6546005,815,9:43:27,5,1,OpportunityCardData_id:8
6546005,815,9:43:28,5,1,OpportunityCardData_id:10
6546005,816,9:43:29,5,1,OpportunityCardData_id:10
6546005,803,9:43:29,5,[OpportunityCardData_id:10,OpportunityCardConsequencesData_logId:2]
6546005,805,9:43:30,5,[OpportunityCardData_id:10]
6546005,807,9:43:31,5,[OpportunityCardData_id:10]
6546005,808,9:43:33,5,[OpportunityCardData_id:10]
6546005,809,9:43:36,5,[OpportunityCardData_id:10,PriorityData_type:5,false]
6546005,810,9:43:37,5,[OpportunityCardData_id:10,PriorityData_type:1,5,PriorityData_type:5,15]
6546005,814,9:43:40,5,[5]
6546005,815,9:43:40,5,5,OpportunityCardData_id:32
6546005,815,9:43:40,5,5,OpportunityCardData_id:33
6546005,816,9:43:41,5,5,OpportunityCardData_id:33
6546005,803,9:43:42,5,[OpportunityCardData_id:33,OpportunityCardConsequencesData_logId:0]
6546005,805,9:43:43,5,[OpportunityCardData_id:33]
6546005,807,9:43:44,5,[OpportunityCardData_id:33]
6546005,808,9:43:46,5,[OpportunityCardData_id:33]
6546005,809,9:43:50,5,[OpportunityCardData_id:33,Safe,false]
6546005,810,9:43:51,5,[OpportunityCardData_id:33,PriorityData_type:5,15,Safe,Safe]
6546005,814,9:43:54,5,[4]
6546005,815,9:43:54,5,4,OpportunityCardData_id:26
6546005,815,9:43:55,5,4,OpportunityCardData_id:27
6546005,816,9:43:55,5,4,OpportunityCardData_id:27
6546005,803,9:43:56,5,[OpportunityCardData_id:27,OpportunityCardConsequencesData_logId:2]
6546005,805,9:43:57,5,[OpportunityCardData_id:27]
6546005,807,9:43:57,5,[OpportunityCardData_id:27]
6546005,808,9:43:59,5,[OpportunityCardData_id:27]
6546005,809,9:44:2,5,[OpportunityCardData_id:27,Safe,false]
6546005,810,9:44:3,5,[OpportunityCardData_id:27,PriorityData_type:4,15,Safe,Safe]
6546005,814,9:44:5,5,[1]
6546005,815,9:44:5,5,1,OpportunityCardData_id:8
6546005,815,9:44:6,5,1,OpportunityCardData_id:11
6546005,815,9:44:7,5,1,OpportunityCardData_id:12
6546005,816,9:44:7,5,1,OpportunityCardData_id:12
6546005,803,9:44:8,5,[OpportunityCardData_id:12,OpportunityCardConsequencesData_logId:2]
6546005,805,9:44:9,5,[OpportunityCardData_id:12]
6546005,807,9:44:10,5,[OpportunityCardData_id:12]
6546005,808,9:44:11,5,[OpportunityCardData_id:12]
6546005,809,9:44:14,5,[OpportunityCardData_id:12,Safe,false]
6546005,810,9:44:15,5,[OpportunityCardData_id:12,PriorityData_type:1,15,Safe,Safe]
6546005,814,9:44:17,5,[4]
6546005,815,9:44:17,5,4,OpportunityCardData_id:26
6546005,815,9:44:18,5,4,OpportunityCardData_id:28
6546005,816,9:44:19,5,4,OpportunityCardData_id:28
6546005,803,9:44:20,5,[OpportunityCardData_id:28,OpportunityCardConsequencesData_logId:2]
6546005,804,9:44:21,5,[OpportunityCardData_id:28]
6546005,814,9:44:23,5,[5]
6546005,815,9:44:23,5,5,OpportunityCardData_id:32
6546005,815,9:44:24,5,5,OpportunityCardData_id:34
6546005,816,9:44:25,5,5,OpportunityCardData_id:34
6546005,803,9:44:26,5,[OpportunityCardData_id:34,OpportunityCardConsequencesData_logId:1]
6546005,805,9:44:26,5,[OpportunityCardData_id:34]
6546005,807,9:44:27,5,[OpportunityCardData_id:34]
6546005,808,9:44:28,5,[OpportunityCardData_id:34]
6546005,809,9:44:32,5,[OpportunityCardData_id:34,Safe,false]
6546005,810,9:44:32,5,[OpportunityCardData_id:34,PriorityData_type:5,20,Safe,Safe]
6546005,814,9:44:36,5,[3]
6546005,815,9:44:36,5,3,OpportunityCardData_id:19
6546005,815,9:44:36,5,3,OpportunityCardData_id:21
6546005,816,9:44:37,5,3,OpportunityCardData_id:21
6546005,803,9:44:38,5,[OpportunityCardData_id:21,OpportunityCardConsequencesData_logId:1]
6546005,805,9:44:38,5,[OpportunityCardData_id:21]
6546005,806,9:44:39,5,[OpportunityCardData_id:21,PriorityData_type:2]
6546005,807,9:44:40,5,[OpportunityCardData_id:21]
6546005,808,9:44:41,5,[OpportunityCardData_id:21]
6546005,809,9:44:45,5,[OpportunityCardData_id:21,PriorityData_type:4,false]
6546005,810,9:44:48,5,[OpportunityCardData_id:21,PriorityData_type:3,20,PriorityData_type:4,10]
6546005,811,9:44:51,5,[OpportunityCardData_id:21,PriorityData_type:1,70,70,PriorityData_type:4,70,55]
6546005,1005,9:44:51,5,[1,0,2]
6546005,1000,9:44:53,5,[]
6546005,800,9:44:54,5,[]
6546005,1002,9:44:57,5
6546005,1003,9:44:57,1
6546005,210,9:45:2,617,336
6546005,211,9:45:2,630,339
6546005,213,9:45:2,7,s_car2_G10b0,true
6546005,205,9:45:3,7,s_car2_G10b0,false,false
6546005,210,9:45:27,1054,374
6546005,211,9:45:28,1053,434
6546005,213,9:45:28,7,s_car1_G10b0,true
6546005,205,9:45:28,7,s_car1_G10b0,false,false
6546005,221,9:45:31,7
6546005,220,9:45:33,7
6546005,210,9:45:33,617,516
6546005,211,9:45:34,333,370
6546005,213,9:45:34,7,s_kidsGroup1_G10b0,true
6546005,205,9:45:34,7,s_kidsGroup1_G10b0,false,false
6546005,221,9:45:38,7
6546005,220,9:45:39,7
6546005,212,9:45:40,2
6546005,210,9:45:41,650,411
6546005,211,9:45:42,511,417
6546005,213,9:45:42,7,c_crush2_M_b_G10b0,false
6546005,1003,9:45:45,2
6546005,1004,9:45:48,5
6546005,900,9:45:51,5,[]
6546005,901,9:46:6,5,[PeopleData_id:5]
6546005,901,9:46:8,5,[PeopleData_id:5]
6546005,904,9:46:8,5,[PeopleData_id:5]
6546005,901,9:46:9,5,[PeopleData_id:5]
6546005,904,9:46:9,5,[PeopleData_id:5]
6546005,905,9:46:9,5,[PeopleData_id:5,RankTypes_id:-1,RankTypes_id:4]
6546005,901,9:46:10,5,[PeopleData_id:1]
6546005,904,9:46:10,5,[PeopleData_id:1]
6546005,905,9:46:10,5,[PeopleData_id:1,RankTypes_id:-1,RankTypes_id:3]
6546005,901,9:46:11,5,[PeopleData_id:3]
6546005,904,9:46:11,5,[PeopleData_id:3]
6546005,901,9:46:12,5,[PeopleData_id:3]
6546005,904,9:46:12,5,[PeopleData_id:3]
6546005,901,9:46:13,5,[PeopleData_id:3]
6546005,904,9:46:13,5,[PeopleData_id:3]
6546005,905,9:46:13,5,[PeopleData_id:3,RankTypes_id:-1,RankTypes_id:1]
6546005,901,9:46:14,5,[PeopleData_id:7]
6546005,904,9:46:14,5,[PeopleData_id:7]
6546005,905,9:46:14,5,[PeopleData_id:7,RankTypes_id:-1,RankTypes_id:1]
6546005,901,9:46:15,5,[PeopleData_id:0]
6546005,904,9:46:15,5,[PeopleData_id:0]
6546005,905,9:46:15,5,[PeopleData_id:0,RankTypes_id:-1,RankTypes_id:0]
6546005,901,9:46:16,5,[PeopleData_id:4]
6546005,904,9:46:16,5,[PeopleData_id:4]
6546005,905,9:46:16,5,[PeopleData_id:4,RankTypes_id:-1,RankTypes_id:0]
6546005,901,9:46:16,5,[PeopleData_id:6]
6546005,904,9:46:17,5,[PeopleData_id:6]
6546005,905,9:46:17,5,[PeopleData_id:6,RankTypes_id:-1,RankTypes_id:1]
6546005,901,9:46:17,5,[PeopleData_id:2]
6546005,904,9:46:18,5,[PeopleData_id:2]
6546005,905,9:46:18,5,[PeopleData_id:2,RankTypes_id:-1,RankTypes_id:2]
6546005,906,9:46:18,5,[]
6546005,907,9:46:19,5,[]
6546005,908,9:46:19,5,[InvitationData_id:0,PeopleData_id:5,RankTypes_id:4]
6546005,909,9:46:22,5,[InvitationData_id:0,PeopleData_id:5,RankTypes_id:4,1]
6546005,910,9:46:23,5,[InvitationData_id:0,9,false]
6546005,908,9:46:23,5,[InvitationData_id:7,PeopleData_id:5,RankTypes_id:4]
6546005,909,9:46:28,5,[InvitationData_id:7,PeopleData_id:5,RankTypes_id:4,0]
6546005,910,9:46:32,5,[InvitationData_id:7,-11,false]
6546005,908,9:46:32,5,[InvitationData_id:10,PeopleData_id:3,RankTypes_id:1]
6546005,909,9:46:34,5,[InvitationData_id:10,PeopleData_id:3,RankTypes_id:1,0]
6546005,910,9:46:35,5,[InvitationData_id:10,0,false]
6546005,908,9:46:35,5,[InvitationData_id:6,PeopleData_id:6,RankTypes_id:1]
6546005,909,9:46:41,5,[InvitationData_id:6,PeopleData_id:6,RankTypes_id:1,1]
6546005,910,9:46:41,5,[InvitationData_id:6,3,false]
6546005,908,9:46:41,5,[InvitationData_id:9,PeopleData_id:2,RankTypes_id:2]
6546005,909,9:46:44,5,[InvitationData_id:9,PeopleData_id:2,RankTypes_id:2,0]
6546005,910,9:46:44,5,[InvitationData_id:9,-2,false]
6546005,908,9:46:44,5,[InvitationData_id:3,PeopleData_id:3,RankTypes_id:1]
6546005,909,9:46:49,5,[InvitationData_id:3,PeopleData_id:3,RankTypes_id:1,0]
6546005,910,9:46:50,5,[InvitationData_id:3,0,false]
6546005,908,9:46:50,5,[InvitationData_id:2,PeopleData_id:1,RankTypes_id:3]
6546005,909,9:46:54,5,[InvitationData_id:2,PeopleData_id:1,RankTypes_id:3,1]
6546005,910,9:46:54,5,[InvitationData_id:2,7,false]
6546005,908,9:46:54,5,[InvitationData_id:4,PeopleData_id:3,RankTypes_id:1]
6546005,909,9:46:57,5,[InvitationData_id:4,PeopleData_id:3,RankTypes_id:1,0]
6546005,910,9:46:58,5,[InvitationData_id:4,0,false]
6546005,908,9:46:58,5,[InvitationData_id:5,PeopleData_id:2,RankTypes_id:2]
6546005,909,9:47:0,5,[InvitationData_id:5,PeopleData_id:2,RankTypes_id:2,0]
6546005,910,9:47:1,5,[InvitationData_id:5,-2,false]
6546005,908,9:47:1,5,[InvitationData_id:1,PeopleData_id:1,RankTypes_id:3]
6546005,909,9:47:4,5,[InvitationData_id:1,PeopleData_id:1,RankTypes_id:3,1]
6546005,910,9:47:4,5,[InvitationData_id:1,7,false]
6546005,908,9:47:4,5,[InvitationData_id:8,PeopleData_id:5,RankTypes_id:4]
6546005,909,9:47:6,5,[InvitationData_id:8,PeopleData_id:5,RankTypes_id:4,1]
6546005,910,9:47:7,5,[InvitationData_id:8,9,false]
6546005,911,9:47:9,5,[20,0,1,0]
6546005,1000,9:47:9,5,[]
6546005,900,9:47:10,5,[]
6546005,901,9:47:11,5,[PeopleData_id:3]
6546005,904,9:47:11,5,[PeopleData_id:3]
6546005,905,9:47:11,5,[PeopleData_id:3,RankTypes_id:-1,RankTypes_id:4]
6546005,901,9:47:12,5,[PeopleData_id:5]
6546005,904,9:47:12,5,[PeopleData_id:5]
6546005,905,9:47:13,5,[PeopleData_id:5,RankTypes_id:-1,RankTypes_id:3]
6546005,901,9:47:13,5,[PeopleData_id:4]
6546005,904,9:47:13,5,[PeopleData_id:4]
6546005,905,9:47:14,5,[PeopleData_id:4,RankTypes_id:-1,RankTypes_id:2]
6546005,901,9:47:14,5,[PeopleData_id:2]
6546005,904,9:47:14,5,[PeopleData_id:2]
6546005,905,9:47:15,5,[PeopleData_id:2,RankTypes_id:-1,RankTypes_id:1]
6546005,901,9:47:15,5,[PeopleData_id:1]
6546005,904,9:47:15,5,[PeopleData_id:1]
6546005,901,9:47:16,5,[PeopleData_id:1]
6546005,904,9:47:16,5,[PeopleData_id:1]
6546005,905,9:47:17,5,[PeopleData_id:1,RankTypes_id:-1,RankTypes_id:2]
6546005,901,9:47:18,5,[PeopleData_id:0]
6546005,904,9:47:18,5,[PeopleData_id:0]
6546005,905,9:47:19,5,[PeopleData_id:0,RankTypes_id:-1,RankTypes_id:3]
6546005,901,9:47:19,5,[PeopleData_id:7]
6546005,904,9:47:19,5,[PeopleData_id:7]
6546005,901,9:47:20,5,[PeopleData_id:7]
6546005,904,9:47:21,5,[PeopleData_id:7]
6546005,901,9:47:21,5,[PeopleData_id:7]
6546005,904,9:47:21,5,[PeopleData_id:7]
6546005,905,9:47:22,5,[PeopleData_id:7,RankTypes_id:-1,RankTypes_id:3]
6546005,901,9:47:23,5,[PeopleData_id:6]
6546005,904,9:47:23,5,[PeopleData_id:6]
6546005,905,9:47:24,5,[PeopleData_id:6,RankTypes_id:-1,RankTypes_id:2]
6546005,906,9:47:24,5,[]
6546005,907,9:47:24,5,[]
6546005,908,9:47:24,5,[InvitationData_id:7,PeopleData_id:5,RankTypes_id:3]
6546005,909,9:47:29,5,[InvitationData_id:7,PeopleData_id:5,RankTypes_id:3,1]
6546005,910,9:47:30,5,[InvitationData_id:7,7,false]
6546005,908,9:47:30,5,[InvitationData_id:11,PeopleData_id:0,RankTypes_id:3]
6546005,909,9:47:35,5,[InvitationData_id:11,PeopleData_id:0,RankTypes_id:3,1]
6546005,910,9:47:36,5,[InvitationData_id:11,7,false]
6546005,908,9:47:36,5,[InvitationData_id:6,PeopleData_id:0,RankTypes_id:3]
6546005,909,9:47:40,5,[InvitationData_id:6,PeopleData_id:0,RankTypes_id:3,1]
6546005,910,9:47:41,5,[InvitationData_id:6,7,false]
6546005,908,9:47:41,5,[InvitationData_id:5,PeopleData_id:3,RankTypes_id:4]
6546005,909,9:47:42,5,[InvitationData_id:5,PeopleData_id:3,RankTypes_id:4,0]
6546005,910,9:47:44,5,[InvitationData_id:5,-11,false]
6546005,908,9:47:44,5,[InvitationData_id:3,PeopleData_id:3,RankTypes_id:4]
6546005,909,9:47:47,5,[InvitationData_id:3,PeopleData_id:3,RankTypes_id:4,0]
6546005,910,9:47:47,5,[InvitationData_id:3,-11,false]
6546005,908,9:47:47,5,[InvitationData_id:2,PeopleData_id:3,RankTypes_id:4]
6546005,909,9:47:50,5,[InvitationData_id:2,PeopleData_id:3,RankTypes_id:4,1]
6546005,910,9:47:50,5,[InvitationData_id:2,9,false]
6546005,908,9:47:50,5,[InvitationData_id:9,PeopleData_id:7,RankTypes_id:3]
6546005,909,9:47:53,5,[InvitationData_id:9,PeopleData_id:7,RankTypes_id:3,0]
6546005,910,9:47:55,5,[InvitationData_id:9,-7,false]
6546005,908,9:47:55,5,[InvitationData_id:0,PeopleData_id:5,RankTypes_id:3]
6546005,909,9:48:1,5,[InvitationData_id:0,PeopleData_id:5,RankTypes_id:3,1]
6546005,910,9:48:1,5,[InvitationData_id:0,7,false]
6546005,908,9:48:1,5,[InvitationData_id:10,PeopleData_id:3,RankTypes_id:4]
6546005,909,9:48:6,5,[InvitationData_id:10,PeopleData_id:3,RankTypes_id:4,1]
6546005,910,9:48:7,5,[InvitationData_id:10,0,true]
6546005,908,9:48:7,5,[InvitationData_id:8,PeopleData_id:5,RankTypes_id:3]
6546005,909,9:48:9,5,[InvitationData_id:8,PeopleData_id:5,RankTypes_id:3,1]
6546005,910,9:48:9,5,[InvitationData_id:8,7,false]
6546005,908,9:48:9,5,[InvitationData_id:1,PeopleData_id:3,RankTypes_id:4]
6546005,909,9:48:12,5,[InvitationData_id:1,PeopleData_id:3,RankTypes_id:4,0]
6546005,910,9:48:13,5,[InvitationData_id:1,-11,false]
6546005,908,9:48:13,5,[InvitationData_id:4,PeopleData_id:3,RankTypes_id:4]
6546005,909,9:48:15,5,[InvitationData_id:4,PeopleData_id:3,RankTypes_id:4,1]
6546005,910,9:48:15,5,[InvitationData_id:4,0,true]
6546005,911,9:48:16,5,[4,2,1,2]
6546005,1000,9:48:17,5,[]
6546005,900,9:48:18,5,[]
6546005,901,9:48:19,5,[PeopleData_id:1]
6546005,902,9:48:20,5,[PeopleData_id:1,PeopleData_data3Type]
6546005,903,9:48:21,5,[PeopleData_id1,PeopleData_data3Type]
6546005,901,9:48:22,5,[PeopleData_id:1]
6546005,904,9:48:22,5,[PeopleData_id:1]
6546005,905,9:48:22,5,[PeopleData_id:1,RankTypes_id:-1,RankTypes_id:3]
6546005,902,9:48:23,5,[PeopleData_id:1,PeopleData_data3Type]
6546005,902,9:48:24,5,[PeopleData_id:1,PeopleData_data3Type]
6546005,903,9:48:25,5,[PeopleData_id1,PeopleData_data3Type]
6546005,901,9:48:25,5,[PeopleData_id:0]
6546005,902,9:48:26,5,[PeopleData_id:0,PeopleData_data3Type]
6546005,903,9:48:29,5,[PeopleData_id0,PeopleData_data3Type]
6546005,901,9:48:29,5,[PeopleData_id:0]
6546005,904,9:48:29,5,[PeopleData_id:0]
6546005,905,9:48:30,5,[PeopleData_id:0,RankTypes_id:-1,RankTypes_id:3]
6546005,901,9:48:31,5,[PeopleData_id:0]
6546005,904,9:48:31,5,[PeopleData_id:0]
6546005,905,9:48:31,5,[PeopleData_id:0,RankTypes_id:3,RankTypes_id:2]
6546005,901,9:48:32,5,[PeopleData_id:2]
6546005,902,9:48:33,5,[PeopleData_id:2,PeopleData_data0Type]
6546005,902,9:48:33,5,[PeopleData_id:2,PeopleData_data1Type]
6546005,902,9:48:33,5,[PeopleData_id:2,PeopleData_data2Type]
6546005,903,9:48:35,5,[PeopleData_id2,PeopleData_data2Type]
6546005,901,9:48:36,5,[PeopleData_id:2]
6546005,904,9:48:36,5,[PeopleData_id:2]
6546005,905,9:48:36,5,[PeopleData_id:2,RankTypes_id:-1,RankTypes_id:1]
6546005,901,9:48:37,5,[PeopleData_id:6]
6546005,902,9:48:38,5,[PeopleData_id:6,PeopleData_data0Type]
6546005,902,9:48:38,5,[PeopleData_id:6,PeopleData_data1Type]
6546005,902,9:48:38,5,[PeopleData_id:6,PeopleData_data2Type]
6546005,902,9:48:38,5,[PeopleData_id:6,PeopleData_data3Type]
6546005,903,9:48:40,5,[PeopleData_id6,PeopleData_data3Type]
6546005,901,9:48:41,5,[PeopleData_id:6]
6546005,904,9:48:41,5,[PeopleData_id:6]
6546005,901,9:48:42,5,[PeopleData_id:6]
6546005,904,9:48:42,5,[PeopleData_id:6]
6546005,901,9:48:43,5,[PeopleData_id:6]
6546005,904,9:48:43,5,[PeopleData_id:6]
6546005,905,9:48:43,5,[PeopleData_id:6,RankTypes_id:-1,RankTypes_id:3]
6546005,901,9:48:44,5,[PeopleData_id:5]
6546005,904,9:48:44,5,[PeopleData_id:5]
6546005,902,9:48:45,5,[PeopleData_id:5,PeopleData_data0Type]
6546005,902,9:48:45,5,[PeopleData_id:5,PeopleData_data1Type]
6546005,902,9:48:45,5,[PeopleData_id:5,PeopleData_data1Type]
6546005,902,9:48:45,5,[PeopleData_id:5,PeopleData_data2Type]
6546005,902,9:48:46,5,[PeopleData_id:5,PeopleData_data3Type]
6546005,902,9:48:47,5,[PeopleData_id:5,PeopleData_data2Type]
6546005,902,9:48:50,5,[PeopleData_id:5,PeopleData_data1Type]
6546005,903,9:48:50,5,[PeopleData_id5,PeopleData_data1Type]
6546005,901,9:48:51,5,[PeopleData_id:5]
6546005,904,9:48:51,5,[PeopleData_id:5]
6546005,905,9:48:52,5,[PeopleData_id:5,RankTypes_id:-1,RankTypes_id:0]
6546005,901,9:48:52,5,[PeopleData_id:4]
6546005,902,9:48:53,5,[PeopleData_id:4,PeopleData_data0Type]
6546005,902,9:48:54,5,[PeopleData_id:4,PeopleData_data1Type]
6546005,902,9:48:54,5,[PeopleData_id:4,PeopleData_data1Type]
6546005,902,9:48:54,5,[PeopleData_id:4,PeopleData_data2Type]
6546005,902,9:48:54,5,[PeopleData_id:4,PeopleData_data3Type]
6546005,903,9:48:55,5,[PeopleData_id4,PeopleData_data3Type]
6546005,901,9:48:56,5,[PeopleData_id:4]
6546005,904,9:48:56,5,[PeopleData_id:4]
6546005,905,9:48:56,5,[PeopleData_id:4,RankTypes_id:-1,RankTypes_id:0]
6546005,901,9:48:57,5,[PeopleData_id:7]
6546005,902,9:48:58,5,[PeopleData_id:7,PeopleData_data0Type]
6546005,902,9:48:58,5,[PeopleData_id:7,PeopleData_data1Type]
6546005,902,9:48:58,5,[PeopleData_id:7,PeopleData_data2Type]
6546005,903,9:49:0,5,[PeopleData_id7,PeopleData_data2Type]
6546005,901,9:49:0,5,[PeopleData_id:7]
6546005,904,9:49:1,5,[PeopleData_id:7]
6546005,905,9:49:1,5,[PeopleData_id:7,RankTypes_id:-1,RankTypes_id:3]
6546005,901,9:49:2,5,[PeopleData_id:3]
6546005,902,9:49:3,5,[PeopleData_id:3,PeopleData_data0Type]
6546005,902,9:49:3,5,[PeopleData_id:3,PeopleData_data1Type]
6546005,902,9:49:3,5,[PeopleData_id:3,PeopleData_data2Type]
6546005,902,9:49:3,5,[PeopleData_id:3,PeopleData_data2Type]
6546005,903,9:49:5,5,[PeopleData_id3,PeopleData_data2Type]
6546005,901,9:49:6,5,[PeopleData_id:3]
6546005,904,9:49:6,5,[PeopleData_id:3]
6546005,905,9:49:6,5,[PeopleData_id:3,RankTypes_id:-1,RankTypes_id:0]
6546005,906,9:49:6,5,[]
6546005,907,9:49:7,5,[]
6546005,908,9:49:7,5,[InvitationData_id:1,PeopleData_id:1,RankTypes_id:3]
6546005,909,9:49:10,5,[InvitationData_id:1,PeopleData_id:1,RankTypes_id:3,1]
6546005,910,9:49:10,5,[InvitationData_id:1,7,false]
6546005,908,9:49:10,5,[InvitationData_id:9,PeopleData_id:7,RankTypes_id:3]
6546005,909,9:49:15,5,[InvitationData_id:9,PeopleData_id:7,RankTypes_id:3,0]
6546005,910,9:49:16,5,[InvitationData_id:9,-7,false]
6546005,908,9:49:16,5,[InvitationData_id:8,PeopleData_id:7,RankTypes_id:3]
6546005,909,9:49:24,5,[InvitationData_id:8,PeopleData_id:7,RankTypes_id:3,1]
6546005,910,9:49:25,5,[InvitationData_id:8,7,false]
6546005,908,9:49:25,5,[InvitationData_id:6,PeopleData_id:6,RankTypes_id:3]
6546005,909,9:49:27,5,[InvitationData_id:6,PeopleData_id:6,RankTypes_id:3,1]
6546005,910,9:49:27,5,[InvitationData_id:6,7,false]
6546005,908,9:49:27,5,[InvitationData_id:5,PeopleData_id:7,RankTypes_id:3]
6546005,909,9:49:30,5,[InvitationData_id:5,PeopleData_id:7,RankTypes_id:3,0]
6546005,910,9:49:30,5,[InvitationData_id:5,-7,false]
6546005,908,9:49:30,5,[InvitationData_id:2,PeopleData_id:1,RankTypes_id:3]
6546005,909,9:49:32,5,[InvitationData_id:2,PeopleData_id:1,RankTypes_id:3,1]
6546005,910,9:49:32,5,[InvitationData_id:2,7,false]
6546005,908,9:49:32,5,[InvitationData_id:4,PeopleData_id:7,RankTypes_id:3]
6546005,909,9:49:37,5,[InvitationData_id:4,PeopleData_id:7,RankTypes_id:3,1]
6546005,910,9:49:37,5,[InvitationData_id:4,0,true]
6546005,908,9:49:37,5,[InvitationData_id:0,PeopleData_id:7,RankTypes_id:3]
6546005,909,9:49:39,5,[InvitationData_id:0,PeopleData_id:7,RankTypes_id:3,1]
6546005,910,9:49:40,5,[InvitationData_id:0,7,false]
6546005,908,9:49:40,5,[InvitationData_id:11,PeopleData_id:0,RankTypes_id:2]
6546005,909,9:49:44,5,[InvitationData_id:11,PeopleData_id:0,RankTypes_id:2,1]
6546005,910,9:49:45,5,[InvitationData_id:11,5,false]
6546005,911,9:49:46,5,[26,1,0,1]
6546005,1000,9:49:48,5,[]
6546005,900,9:49:50,5,[]
6546005,901,9:49:52,5,[PeopleData_id:2]
6546005,904,9:49:52,5,[PeopleData_id:2]
6546005,905,9:49:53,5,[PeopleData_id:2,RankTypes_id:-1,RankTypes_id:4]
6546005,901,9:49:53,5,[PeopleData_id:1]
6546005,904,9:49:53,5,[PeopleData_id:1]
6546005,905,9:49:54,5,[PeopleData_id:1,RankTypes_id:-1,RankTypes_id:3]
6546005,901,9:49:58,5,[PeopleData_id:3]
6546005,904,9:49:58,5,[PeopleData_id:3]
6546005,905,9:49:58,5,[PeopleData_id:3,RankTypes_id:-1,RankTypes_id:2]
6546005,901,9:49:59,5,[PeopleData_id:7]
6546005,904,9:49:59,5,[PeopleData_id:7]
6546005,905,9:49:59,5,[PeopleData_id:7,RankTypes_id:-1,RankTypes_id:1]
6546005,901,9:50:0,5,[PeopleData_id:6]
6546005,904,9:50:1,5,[PeopleData_id:6]
6546005,905,9:50:1,5,[PeopleData_id:6,RankTypes_id:-1,RankTypes_id:0]
6546005,901,9:50:2,5,[PeopleData_id:0]
6546005,904,9:50:2,5,[PeopleData_id:0]
6546005,905,9:50:2,5,[PeopleData_id:0,RankTypes_id:-1,RankTypes_id:0]
6546005,901,9:50:3,5,[PeopleData_id:4]
6546005,904,9:50:3,5,[PeopleData_id:4]
6546005,905,9:50:3,5,[PeopleData_id:4,RankTypes_id:-1,RankTypes_id:1]
6546005,901,9:50:4,5,[PeopleData_id:5]
6546005,904,9:50:4,5,[PeopleData_id:5]
6546005,905,9:50:4,5,[PeopleData_id:5,RankTypes_id:-1,RankTypes_id:2]
6546005,906,9:50:4,5,[]
6546005,907,9:50:5,5,[]
6546005,908,9:50:5,5,[InvitationData_id:1,PeopleData_id:1,RankTypes_id:3]
6546005,909,9:50:7,5,[InvitationData_id:1,PeopleData_id:1,RankTypes_id:3,1]
6546005,910,9:50:8,5,[InvitationData_id:1,7,false]
6546005,908,9:50:8,5,[InvitationData_id:8,PeopleData_id:1,RankTypes_id:3]
6546005,909,9:50:9,5,[InvitationData_id:8,PeopleData_id:1,RankTypes_id:3,1]
6546005,910,9:50:10,5,[InvitationData_id:8,7,false]
6546005,908,9:50:10,5,[InvitationData_id:3,PeopleData_id:3,RankTypes_id:2]
6546005,909,9:50:12,5,[InvitationData_id:3,PeopleData_id:3,RankTypes_id:2,0]
6546005,910,9:50:13,5,[InvitationData_id:3,-2,false]
6546005,908,9:50:13,5,[InvitationData_id:9,PeopleData_id:2,RankTypes_id:4]
6546005,909,9:50:15,5,[InvitationData_id:9,PeopleData_id:2,RankTypes_id:4,0]
6546005,910,9:50:15,5,[InvitationData_id:9,-11,false]
6546005,908,9:50:15,5,[InvitationData_id:7,PeopleData_id:5,RankTypes_id:2]
6546005,909,9:50:18,5,[InvitationData_id:7,PeopleData_id:5,RankTypes_id:2,1]
6546005,910,9:50:19,5,[InvitationData_id:7,5,false]
6546005,908,9:50:19,5,[InvitationData_id:0,PeopleData_id:5,RankTypes_id:2]
6546005,909,9:50:21,5,[InvitationData_id:0,PeopleData_id:5,RankTypes_id:2,1]
6546005,910,9:50:21,5,[InvitationData_id:0,5,false]
6546005,908,9:50:21,5,[InvitationData_id:4,PeopleData_id:3,RankTypes_id:2]
6546005,909,9:50:24,5,[InvitationData_id:4,PeopleData_id:3,RankTypes_id:2,0]
6546005,910,9:50:24,5,[InvitationData_id:4,-2,false]
6546005,908,9:50:24,5,[InvitationData_id:5,PeopleData_id:2,RankTypes_id:4]
6546005,909,9:50:26,5,[InvitationData_id:5,PeopleData_id:2,RankTypes_id:4,0]
6546005,910,9:50:27,5,[InvitationData_id:5,-11,false]
6546005,908,9:50:27,5,[InvitationData_id:10,PeopleData_id:3,RankTypes_id:2]
6546005,909,9:50:29,5,[InvitationData_id:10,PeopleData_id:3,RankTypes_id:2,0]
6546005,910,9:50:30,5,[InvitationData_id:10,-2,false]
6546005,908,9:50:30,5,[InvitationData_id:2,PeopleData_id:1,RankTypes_id:3]
6546005,909,9:50:33,5,[InvitationData_id:2,PeopleData_id:1,RankTypes_id:3,1]
6546005,910,9:50:34,5,[InvitationData_id:2,7,false]
6546005,911,9:50:35,5,[3,0,0,0]
6546005,1000,9:50:36,5,[]
6546005,900,9:50:37,5,[]
6546005,901,9:50:38,5,[PeopleData_id:5]
6546005,904,9:50:38,5,[PeopleData_id:5]
6546005,902,9:50:39,5,[PeopleData_id:5,PeopleData_data0Type]
6546005,902,9:50:39,5,[PeopleData_id:5,PeopleData_data0Type]
6546005,902,9:50:42,5,[PeopleData_id:5,PeopleData_data0Type]
6546005,902,9:50:42,5,[PeopleData_id:5,PeopleData_data1Type]
6546005,1002,9:50:47,5
6546005,1003,9:50:47,2
6546005,1004,9:50:48,6
6546005,900,9:50:49,6,[]
6546005,901,9:50:50,6,[PeopleData_id:0]
6546005,902,9:50:51,6,[PeopleData_id:0,PeopleData_data0Type]
6546005,902,9:50:51,6,[PeopleData_id:0,PeopleData_data1Type]
6546005,902,9:50:52,6,[PeopleData_id:0,PeopleData_data2Type]
6546005,902,9:50:52,6,[PeopleData_id:0,PeopleData_data3Type]
6546005,902,9:50:53,6,[PeopleData_id:0,PeopleData_data0Type]
6546005,903,9:50:55,6,[PeopleData_id0,PeopleData_data0Type]
6546005,901,9:50:55,6,[PeopleData_id:0]
6546005,904,9:50:55,6,[PeopleData_id:0]
6546005,901,9:50:57,6,[PeopleData_id:0]
6546005,904,9:50:57,6,[PeopleData_id:0]
6546005,905,9:50:57,6,[PeopleData_id:0,RankTypes_id:-1,RankTypes_id:0]
6546005,902,9:50:59,6,[PeopleData_id:0,PeopleData_data0Type]
6546005,902,9:50:59,6,[PeopleData_id:0,PeopleData_data1Type]
6546005,902,9:50:59,6,[PeopleData_id:0,PeopleData_data2Type]
6546005,902,9:50:59,6,[PeopleData_id:0,PeopleData_data3Type]
6546005,903,9:51:3,6,[PeopleData_id0,PeopleData_data3Type]
6546005,901,9:51:4,6,[PeopleData_id:5]
6546005,904,9:51:4,6,[PeopleData_id:5]
6546005,905,9:51:5,6,[PeopleData_id:5,RankTypes_id:-1,RankTypes_id:1]
6546005,901,9:51:5,6,[PeopleData_id:8]
6546005,902,9:51:6,6,[PeopleData_id:8,PeopleData_data0Type]
6546005,902,9:51:6,6,[PeopleData_id:8,PeopleData_data1Type]
6546005,902,9:51:7,6,[PeopleData_id:8,PeopleData_data2Type]
6546005,903,9:51:8,6,[PeopleData_id8,PeopleData_data2Type]
6546005,901,9:51:9,6,[PeopleData_id:8]
6546005,904,9:51:9,6,[PeopleData_id:8]
6546005,905,9:51:9,6,[PeopleData_id:8,RankTypes_id:-1,RankTypes_id:2]
6546005,901,9:51:11,6,[PeopleData_id:4]
6546005,902,9:51:12,6,[PeopleData_id:4,PeopleData_data0Type]
6546005,902,9:51:12,6,[PeopleData_id:4,PeopleData_data1Type]
6546005,902,9:51:12,6,[PeopleData_id:4,PeopleData_data2Type]
6546005,902,9:51:12,6,[PeopleData_id:4,PeopleData_data3Type]
6546005,903,9:51:14,6,[PeopleData_id4,PeopleData_data3Type]
6546005,901,9:51:14,6,[PeopleData_id:2]
6546005,904,9:51:14,6,[PeopleData_id:2]
6546005,905,9:51:16,6,[PeopleData_id:2,RankTypes_id:-1,RankTypes_id:2]
6546005,901,9:51:16,6,[PeopleData_id:4]
6546005,904,9:51:17,6,[PeopleData_id:4]
6546005,905,9:51:17,6,[PeopleData_id:4,RankTypes_id:-1,RankTypes_id:3]
6546005,901,9:51:19,6,[PeopleData_id:6]
6546005,904,9:51:19,6,[PeopleData_id:6]
6546005,905,9:51:19,6,[PeopleData_id:6,RankTypes_id:-1,RankTypes_id:2]
6546005,901,9:51:20,6,[PeopleData_id:7]
6546005,904,9:51:20,6,[PeopleData_id:7]
6546005,905,9:51:20,6,[PeopleData_id:7,RankTypes_id:-1,RankTypes_id:1]
6546005,901,9:51:21,6,[PeopleData_id:1]
6546005,904,9:51:21,6,[PeopleData_id:1]
6546005,905,9:51:22,6,[PeopleData_id:1,RankTypes_id:-1,RankTypes_id:1]
6546005,901,9:51:23,6,[PeopleData_id:3]
6546005,904,9:51:23,6,[PeopleData_id:3]
6546005,905,9:51:23,6,[PeopleData_id:3,RankTypes_id:-1,RankTypes_id:0]
6546005,906,9:51:23,6,[]
6546005,907,9:51:24,6,[]
6546005,908,9:51:24,6,[InvitationData_id:13,PeopleData_id:8,RankTypes_id:2]
6546005,909,9:51:29,6,[InvitationData_id:13,PeopleData_id:8,RankTypes_id:2,0]
6546005,910,9:51:29,6,[InvitationData_id:13,-2,false]
6546005,908,9:51:29,6,[InvitationData_id:2,PeopleData_id:6,RankTypes_id:2]
6546005,909,9:51:35,6,[InvitationData_id:2,PeopleData_id:6,RankTypes_id:2,1]
6546005,910,9:51:36,6,[InvitationData_id:2,5,false]
6546005,908,9:51:36,6,[InvitationData_id:0,PeopleData_id:8,RankTypes_id:2]
6546005,909,9:51:38,6,[InvitationData_id:0,PeopleData_id:8,RankTypes_id:2,1]
6546005,910,9:51:41,6,[InvitationData_id:0,0,true]
6546005,908,9:51:41,6,[InvitationData_id:5,PeopleData_id:4,RankTypes_id:3]
6546005,909,9:51:44,6,[InvitationData_id:5,PeopleData_id:4,RankTypes_id:3,0]
6546005,910,9:51:45,6,[InvitationData_id:5,-7,false]
6546005,908,9:51:45,6,[InvitationData_id:11,PeopleData_id:1,RankTypes_id:1]
6546005,909,9:51:47,6,[InvitationData_id:11,PeopleData_id:1,RankTypes_id:1,1]
6546005,910,9:51:47,6,[InvitationData_id:11,0,true]
6546005,908,9:51:47,6,[InvitationData_id:1,PeopleData_id:1,RankTypes_id:1]
6546005,909,9:51:48,6,[InvitationData_id:1,PeopleData_id:1,RankTypes_id:1,1]
6546005,910,9:51:49,6,[InvitationData_id:1,0,true]
6546005,912,9:51:49,6,[]
6546005,1000,9:51:50,6,[]
6546005,900,9:51:51,6,[]
6546005,901,9:51:51,6,[PeopleData_id:8]
6546005,904,9:51:52,6,[PeopleData_id:8]
6546005,905,9:51:52,6,[PeopleData_id:8,RankTypes_id:-1,RankTypes_id:4]
6546005,901,9:51:52,6,[PeopleData_id:4]
6546005,904,9:51:52,6,[PeopleData_id:4]
6546005,905,9:51:53,6,[PeopleData_id:4,RankTypes_id:-1,RankTypes_id:3]
6546005,901,9:51:53,6,[PeopleData_id:6]
6546005,904,9:51:53,6,[PeopleData_id:6]
6546005,905,9:51:53,6,[PeopleData_id:6,RankTypes_id:-1,RankTypes_id:2]
6546005,901,9:51:54,6,[PeopleData_id:7]
6546005,904,9:51:54,6,[PeopleData_id:7]
6546005,905,9:51:54,6,[PeopleData_id:7,RankTypes_id:-1,RankTypes_id:1]
6546005,901,9:51:55,6,[PeopleData_id:2]
6546005,904,9:51:55,6,[PeopleData_id:2]
6546005,901,9:51:56,6,[PeopleData_id:2]
6546005,904,9:51:56,6,[PeopleData_id:2]
6546005,905,9:51:56,6,[PeopleData_id:2,RankTypes_id:-1,RankTypes_id:0]
6546005,901,9:51:57,6,[PeopleData_id:1]
6546005,904,9:51:57,6,[PeopleData_id:1]
6546005,905,9:51:57,6,[PeopleData_id:1,RankTypes_id:-1,RankTypes_id:0]
6546005,901,9:51:58,6,[PeopleData_id:0]
6546005,904,9:51:59,6,[PeopleData_id:0]
6546005,905,9:51:59,6,[PeopleData_id:0,RankTypes_id:-1,RankTypes_id:1]
6546005,901,9:52:0,6,[PeopleData_id:5]
6546005,904,9:52:0,6,[PeopleData_id:5]
6546005,905,9:52:0,6,[PeopleData_id:5,RankTypes_id:-1,RankTypes_id:1]
6546005,901,9:52:0,6,[PeopleData_id:3]
6546005,904,9:52:1,6,[PeopleData_id:3]
6546005,905,9:52:2,6,[PeopleData_id:3,RankTypes_id:-1,RankTypes_id:0]
6546005,906,9:52:2,6,[]
6546005,907,9:52:3,6,[]
6546005,908,9:52:3,6,[InvitationData_id:3,PeopleData_id:8,RankTypes_id:4]
6546005,909,9:52:5,6,[InvitationData_id:3,PeopleData_id:8,RankTypes_id:4,0]
6546005,910,9:52:6,6,[InvitationData_id:3,-11,false]
6546005,908,9:52:6,6,[InvitationData_id:6,PeopleData_id:8,RankTypes_id:4]
6546005,909,9:52:9,6,[InvitationData_id:6,PeopleData_id:8,RankTypes_id:4,0]
6546005,910,9:52:9,6,[InvitationData_id:6,-11,false]
6546005,908,9:52:9,6,[InvitationData_id:9,PeopleData_id:4,RankTypes_id:3]
6546005,909,9:52:13,6,[InvitationData_id:9,PeopleData_id:4,RankTypes_id:3,1]
6546005,910,9:52:13,6,[InvitationData_id:9,7,false]
6546005,908,9:52:13,6,[InvitationData_id:11,PeopleData_id:0,RankTypes_id:1]
6546005,909,9:52:18,6,[InvitationData_id:11,PeopleData_id:0,RankTypes_id:1,0]
6546005,910,9:52:19,6,[InvitationData_id:11,0,false]
6546005,908,9:52:19,6,[InvitationData_id:5,PeopleData_id:4,RankTypes_id:3]
6546005,909,9:52:21,6,[InvitationData_id:5,PeopleData_id:4,RankTypes_id:3,0]
6546005,910,9:52:22,6,[InvitationData_id:5,-7,false]
6546005,908,9:52:22,6,[InvitationData_id:4,PeopleData_id:6,RankTypes_id:2]
6546005,909,9:52:25,6,[InvitationData_id:4,PeopleData_id:6,RankTypes_id:2,1]
6546005,910,9:52:25,6,[InvitationData_id:4,5,false]
6546005,908,9:52:25,6,[InvitationData_id:7,PeopleData_id:6,RankTypes_id:2]
6546005,909,9:52:30,6,[InvitationData_id:7,PeopleData_id:6,RankTypes_id:2,1]
6546005,910,9:52:31,6,[InvitationData_id:7,5,false]
6546005,908,9:52:31,6,[InvitationData_id:10,PeopleData_id:8,RankTypes_id:4]
6546005,909,9:52:37,6,[InvitationData_id:10,PeopleData_id:8,RankTypes_id:4,1]
6546005,910,9:52:37,6,[InvitationData_id:10,0,true]
6546005,908,9:52:37,6,[InvitationData_id:12,PeopleData_id:5,RankTypes_id:1]
6546005,909,9:52:41,6,[InvitationData_id:12,PeopleData_id:5,RankTypes_id:1,0]
6546005,910,9:52:41,6,[InvitationData_id:12,0,false]
6546005,908,9:52:41,6,[InvitationData_id:2,PeopleData_id:6,RankTypes_id:2]
6546005,909,9:52:44,6,[InvitationData_id:2,PeopleData_id:6,RankTypes_id:2,1]
6546005,910,9:52:44,6,[InvitationData_id:2,5,false]
6546005,908,9:52:44,6,[InvitationData_id:0,PeopleData_id:8,RankTypes_id:4]
6546005,909,9:52:46,6,[InvitationData_id:0,PeopleData_id:8,RankTypes_id:4,1]
6546005,910,9:52:47,6,[InvitationData_id:0,0,true]
6546005,908,9:52:47,6,[InvitationData_id:13,PeopleData_id:8,RankTypes_id:4]
6546005,909,9:52:50,6,[InvitationData_id:13,PeopleData_id:8,RankTypes_id:4,0]
6546005,910,9:52:50,6,[InvitationData_id:13,-11,false]
6546005,908,9:52:50,6,[InvitationData_id:8,PeopleData_id:5,RankTypes_id:1]
6546005,909,9:52:55,6,[InvitationData_id:8,PeopleData_id:5,RankTypes_id:1,1]
6546005,910,9:52:56,6,[InvitationData_id:8,3,false]
6546005,908,9:52:56,6,[InvitationData_id:1,PeopleData_id:7,RankTypes_id:1]
6546005,909,9:53:1,6,[InvitationData_id:1,PeopleData_id:7,RankTypes_id:1,0]
6546005,910,9:53:2,6,[InvitationData_id:1,0,false]
6546005,911,9:53:2,6,[-15,2,1,2]
6546005,1005,9:53:2,6,[2,0,1]
6546005,1000,9:53:3,6,[]
6546005,900,9:53:4,6,[]
6546005,1002,9:53:6,6
6546005,1003,9:53:6,2
6546005,210,9:53:10,698,447
6546005,211,9:53:12,67,545
6546005,207,9:53:12,7,-200,-50
6546005,207,9:53:12,7,-50,-5
6546005,210,9:53:12,127,487
6546005,211,9:53:15,908,414
6546005,221,9:53:16,7
6546005,220,9:53:18,7
6546005,210,9:53:19,853,338
6546005,211,9:53:21,694,379
6546005,212,9:53:22,0
6546005,210,9:53:22,639,334
6546005,211,9:53:23,630,391
6546005,212,9:53:24,1
6546005,210,9:53:24,621,330
6546005,207,9:53:26,7,-5,-200
6546005,211,9:53:27,1248,481
6546005,207,9:53:27,7,-200,-245
6546005,207,9:53:28,7,-245,-290
6546005,210,9:53:28,1138,494
6546005,211,9:53:29,203,475
6546005,207,9:53:29,7,-290,-185
6546005,207,9:53:30,7,-185,-140
6546005,210,9:53:30,269,398
6546005,211,9:53:31,52,396
6546005,207,9:53:31,7,-140,-35
6546005,207,9:53:31,7,-35,0
6546005,210,9:53:31,85,441
6546005,211,9:53:31,144,452
6546005,213,9:53:31,7,s_kidPointing_G10b0,true
6546005,205,9:53:32,7,s_kidPointing_G10b0,false,false
6546005,212,9:53:36,2
6546005,210,9:53:36,608,483
6546005,211,9:53:38,507,481
6546005,213,9:53:38,7,c_crush2_M_b_G10b0,true
6546005,205,9:53:38,7,c_crush2_M_b_G10b0,false,false
6546005,210,9:53:41,315,466
6546005,211,9:53:44,1041,503
6546005,207,9:53:44,7,0,-45
6546005,207,9:53:45,7,-45,-90
6546005,210,9:53:45,1003,447
6546005,211,9:53:45,1277,392
6546005,207,9:53:45,7,-90,-270
6546005,207,9:53:46,7,-270,-330
6546005,210,9:53:46,1271,428
6546005,207,9:53:47,7,-330,-540
6546005,207,9:53:48,7,-540,-930
6546005,207,9:53:49,7,-930,-1033.4
6546005,211,9:53:49,2056,437
6546005,207,9:53:50,7,-1033.4,-1033.4
6546005,210,9:53:50,2010,441
6546005,207,9:53:52,7,-1033.4,-1033.4
6546005,211,9:53:52,2007,484
6546005,204,9:53:53,7
6546005,103,9:54:18
6546005,105,9:54:19
6546005,703,9:54:21,[|| EpilogueItem ID: 0 unlocked: true ||,|| EpilogueItem ID: 1 unlocked: true ||,|| EpilogueItem ID: 2 unlocked: true ||,|| EpilogueItem ID: 3 unlocked: true ||,|| EpilogueItem ID: 4 unlocked: true ||,|| EpilogueItem ID: 5 unlocked: true ||,|| EpilogueItem ID: 6 unlocked: true ||,|| EpilogueItem ID: 7 unlocked: false ||,|| EpilogueItem ID: 8 unlocked: false ||,|| EpilogueItem ID: 9 unlocked: false ||,|| EpilogueItem ID: 10 unlocked: false ||,|| EpilogueItem ID: 11 unlocked: false ||,|| EpilogueItem ID: 12 unlocked: false ||,|| EpilogueItem ID: 13 unlocked: true ||,|| EpilogueItem ID: 14 unlocked: false ||,|| EpilogueItem ID: 15 unlocked: false ||,|| EpilogueItem ID: 16 unlocked: false ||,|| EpilogueItem ID: 17 unlocked: false ||,|| EpilogueItem ID: 18 unlocked: false ||,|| EpilogueItem ID: 19 unlocked: false ||,|| EpilogueItem ID: 20 unlocked: false ||,|| EpilogueItem ID: 21 unlocked: true ||,|| EpilogueItem ID: 22 unlocked: false ||,|| EpilogueItem ID: 23 unlocked: false ||,|| EpilogueItem ID: 24 unlocked: false ||],0.36
6546005,706,9:54:24,(x=1889, y=-100, w=1024, h=768),(x=2531, y=-100, w=1024, h=768)
6546005,708,9:54:24
6546005,1,9:54:24,7/29/2013 3:27:28pm,{"gameTime":35664731,"challengeStacks":[{"challengeScenes":[{"miniGameCards":[],"viewedAnimatic":true,"keyPoints":["c_bestFriend_M_a_G7a0","c_teacherEng_G7a0","s_flag_gen"],"unlocked":true,"touchableObjects":["s_otherStudent1_G7a0","c_friend1_M_a_G7a0","c_bestFriend_M_a_G7a0","c_teacherEng_G7a0","c_crewKid1_M_G7a0","s_poePoster_gen","s_angelouPoster_gen","s_vocabAssignment_G7a0","s_flag_gen"]},{"miniGameCards":[],"viewedAnimatic":true,"keyPoints":["c_teacherEng_G7a1N","c_bestFriend_M_a_G7a1N","s_paperPlayers_G7a1N"],"unlocked":true,"touchableObjects":["c_teacherEng_G7a1N","c_bestFriend_M_a_G7a1N","s_poePoster_gen","c_crewKid1_M_G7a1N","s_otherStudent1_G7a1N","s_paperPlayers_G7a1N"]},{"miniGameCards":[],"viewedAnimatic":true,"keyPoints":["c_bestFriend_M_a_G7a1P","s_flag_gen","c_teacherEng_G7a1P","s_paperEnglish_gen"],"unlocked":true,"touchableObjects":["s_paperPlayers_G7a1P","c_bestFriend_M_a_G7a1P","s_clock_G7a1P","s_flag_gen","c_teacherEng_G7a1P","s_papersDetention_gen","s_paperEnglish_gen"]}],"stackSize":3,"resolved":true},{"challengeScenes":[{"miniGameCards":[],"viewedAnimatic":true,"keyPoints":["c_crewKid1_M_G7b0","c_kidSister_cauc_a_G7b0","s_backpack_M_G7b0"],"unlocked":true,"touchableObjects":["c_crewKid1_M_G7b0","s_snackBarWorker_G7b0","c_kidSister_cauc_a_G7b0","c_cousin_M_a_G7b0","c_crewKid2_M_G7b0","c_cousinsBrothersFriend_a_G7b0","s_backpack_M_G7b0"]},{"miniGameCards":[],"viewedAnimatic":true,"keyPoints":["c_kidSister_cauc_a_G7b1N","s_graffiti_G7b1N","s_brokenCarWindow_G7b1N","c_crewKid1_M_G7b1N","s_sprayPaintCan_G7b1N"],"unlocked":true,"touchableObjects":["c_kidSister_cauc_a_G7b1N","c_cousin_M_a_G7b1N","c_teacherEng_G7b1N","s_graffiti_G7b1N","s_brokenCarWindow_G7b1N","c_crewKid2_M_a_G7b1N","c_crewKid1_M_G7b1N","s_cat_G7b1N","s_wreckedPlants_G7b1N","s_sprayPaintCan_G7b1N"]},{"miniGameCards":[],"viewedAnimatic":true,"keyPoints":["c_cousinsBrothersFriend_a_G7b1P","c_cousin_M_a_G7b1P","c_cousinsBrother_a_G7b1P","s_poolDay_ruleSign_G7b1P"],"unlocked":true,"touchableObjects":["c_cousinsBrothersFriend_a_G7b1P","c_cousin_M_a_G7b1P","c_cousinsBrother_a_G7b1P","c_kidSister_cauc_a_G7b1P","c_crush1_M_a_G7b1P","s_poolDay_ruleSign_G7b1P"]},{"miniGameCards":[],"viewedAnimatic":true,"keyPoints":["s_kid1_G7b2N","c_cousin_M_a_G7b2N","c_kidSister_cauc_a_G7b2N","c_crush1_M_a_G7b2N"],"unlocked":true,"touchableObjects":["s_kid1_G7b2N","c_cousin_M_a_G7b2N","c_cousinsBrother_a_G7b2N","s_lifeguard_G7b2N","s_cousinsBFgirlfriend_G7b2N","c_kidSister_cauc_a_G7b2N","c_crush1_M_a_G7b2N"]},{"miniGameCards":[],"viewedAnimatic":true,"keyPoints":["c_cousin_M_a_G7b2P","c_kidSister_cauc_a_G7b2P","s_computer_M_G7b2P"],"unlocked":true,"touchableObjects":["c_cousin_M_a_G7b2P","c_kidSister_cauc_a_G7b2P","s_computer_M_G7b2P"]}],"stackSize":5,"resolved":true},{"challengeScenes":[{"miniGameCards":[],"viewedAnimatic":true,"keyPoints":["c_cousin_M_a_G8a0","c_crush2_M_a_G8a0","s_cellphone_G8a0","s_clock_G8a0","s_bottleCrush2_M_G8a0"],"unlocked":true,"touchableObjects":["c_cousin_M_a_G8a0","c_crush2_M_a_G8a0","s_cigaretteKid1_G8a0","s_cellphone_G8a0","s_clock_G8a0","s_bottleCrush2_M_G8a0","s_beerCooler_G8a0"]},{"miniGameCards":[],"viewedAnimatic":true,"keyPoints":["s_dirtyClothes_gen","s_basementDoor_gen","s_crush2Sore_M_G8a1N","s_crush2Lips_M_G8a1N","s_crush2Eyes_M_G8a1N"],"unlocked":true,"touchableObjects":["c_crush2_M_a_G8a1N","s_dirtyClothes_gen","s_basementDoor_gen","s_crush2Sore_M_G8a1N","s_crush2Lips_M_G8a1N","s_waterHeater_gen","s_inhalantsShelf_gen","s_crush2Eyes_M_G8a1N","s_stairs_G8a1N","s_dryer_G8a1N"]},{"miniGameCards":[],"viewedAnimatic":true,"keyPoints":["c_crush2_M_a_G8a1P","s_basementDoor_gen","s_dirtyClothes_gen","s_inhalantsShelf_gen"],"unlocked":true,"touchableObjects":["c_crush2_M_a_G8a1P","s_basementDoor_gen","s_dirtyClothes_gen","s_inhalantsShelf_gen"]},{"miniGameCards":[],"viewedAnimatic":true,"keyPoints":["c_crush2_M_a_G8a2N","s_spraypaintCan_G8a2N"],"unlocked":true,"touchableObjects":["c_crush2_M_a_G8a2N","s_spraypaintCan_G8a2N"]},{"miniGameCards":[],"viewedAnimatic":true,"keyPoints":["c_kidSister_cauc_a_G8a2P","c_crush2_M_a_G8a2P","s_pictureDad_cauc_gen","s_sistersToy_G8a2P","s_magazine_G8a2P"],"unlocked":true,"touchableObjects":["c_kidSister_cauc_a_G8a2P","c_crush2_M_a_G8a2P","c_grandma_cauc_a_G8a2P","s_pictureDad_cauc_gen","s_sistersToy_G8a2P","s_magazine_G8a2P"]},{"miniGameCards":[],"viewedAnimatic":true,"keyPoints":["c_nurse_a_G8a3N","s_mirror_cauc_M_a_G8a3N","s_pamphlet1_G8a3N","s_pamphlet3_G8a3N"],"unlocked":true,"touchableObjects":["c_nurse_a_G8a3N","s_phone_G8a3N","s_mirror_cauc_M_a_G8a3N","s_door_G8a3N","s_poster_G8a3N","s_pamphlet1_G8a3N","s_pamphlet3_G8a3N"]},{"miniGameCards":[],"viewedAnimatic":true,"keyPoints":["s_kidsCouch_G8a3P","c_crush2_M_a_G8a3P"],"unlocked":true,"touchableObjects":["s_kidsCouch_G8a3P","c_friend1_M_a_G8a3P","c_crewKid1_M_a_G8a3P","c_crush2_M_a_G8a3P"]}],"stackSize":7,"resolved":true},{"challengeScenes":[{"miniGameCards":[],"viewedAnimatic":true,"keyPoints":["c_kidSister_cauc_a_G8b0","c_friend1_M_a_G8b0","s_pillBottle_G8b0"],"unlocked":true,"touchableObjects":["c_kidSister_cauc_a_G8b0","c_friend1_M_a_G8b0","s_pillBottle_G8b0"]},{"miniGameCards":[],"viewedAnimatic":true,"keyPoints":["c_friend1_M_a_G8b1N","c_kidSister_cauc_a_G8b1N","c_grandma_cauc_a_G8b1N"],"unlocked":true,"touchableObjects":["c_friend1_M_a_G8b1N","c_kidSister_cauc_a_G8b1N","c_grandma_cauc_a_G8b1N"]},{"miniGameCards":[],"viewedAnimatic":true,"keyPoints":["c_friend1_M_a_G8b1P","s_pillBottle_M_G8b1P","c_grandma_cauc_a_G8b1P"],"unlocked":true,"touchableObjects":["c_friend1_M_a_G8b1P","s_pillBottle_M_G8b1P","c_grandma_cauc_a_G8b1P"]},{"miniGameCards":[],"viewedAnimatic":true,"keyPoints":["c_crewKid2_M_a_G8b2N","c_teacherEng_G8b2N","c_friend1_M_a_G8b2N","s_sandwichBagPills_G8b2N","s_clock_G8b2N"],"unlocked":true,"touchableObjects":["c_crewKid2_M_a_G8b2N","c_teacherEng_G8b2N","s_kid5_G8b2N","s_kid3_G8b2N","c_friend1_M_a_G8b2N","s_sandwichBagPills_G8b2N","s_kid4_G8b2N","s_clock_G8b2N"]},{"miniGameCards":[],"viewedAnimatic":true,"keyPoints":["c_friend1_M_a_G8b2P","c_grandma_cauc_a_G8b2P","s_pillBottle_G8b2P"],"unlocked":true,"touchableObjects":["c_mom_cauc_a_G8b2P","c_friend1_M_a_G8b2P","c_grandma_cauc_a_G8b2P","s_pillBottle_G8b2P"]}],"stackSize":5,"resolved":true},{"challengeScenes":[{"miniGameCards":[],"viewedAnimatic":true,"keyPoints":["s_clock_M_G9a0","s_bathingSuit_M_G9a0","s_door_M_gen","s_cellPhone_M_G9a0"],"unlocked":true,"touchableObjects":["s_clock_M_G9a0","s_bathingSuit_M_G9a0","s_door_M_gen","s_cellPhone_M_G9a0"]},{"miniGameCards":[],"viewedAnimatic":true,"keyPoints":["c_cousin_M_a_G9a1N","s_kid3_G9a1N","s_fence_G9a1N","c_policeOfficer_G9a1N"],"unlocked":true,"touchableObjects":["c_cousin_M_a_G9a1N","s_kid3_G9a1N","s_fence_G9a1N","c_cousinsBrothersFriend_a_G9a1N","s_potSmokeCloud_G9a1N","s_bathingSuits_G9a1N","c_policeOfficer_G9a1N"]},{"miniGameCards":[],"viewedAnimatic":true,"keyPoints":["s_basketball_M_gen","c_cousin_M_a_G9a1P","s_door_M_gen","s_calendar_M_gen","s_joint_M_G9a1P"],"unlocked":true,"touchableObjects":["s_basketball_M_gen","c_cousin_M_a_G9a1P","s_computer_M_gen","s_door_M_gen","s_calendar_M_gen","s_joint_M_G9a1P"]},{"miniGameCards":[],"viewedAnimatic":true,"keyPoints":["c_mom_cauc_a_G9a2N","c_kidSister_cauc_a_G9a2N","c_cousin_M_a_G9a2N","s_pictureDad_cauc_M_gen"],"unlocked":true,"touchableObjects":["c_mom_cauc_a_G9a2N","c_kidSister_cauc_a_G9a2N","c_cousin_M_a_G9a2N","s_potSmokeCloud_M_G9a2N","s_pictureDad_cauc_M_gen"]},{"miniGameCards":[],"viewedAnimatic":true,"keyPoints":["c_cousin_M_a_G9a2P","c_mom_cauc_a_G9a2P","s_door_gen","s_pizzaBox_G9a2P"],"unlocked":true,"touchableObjects":["c_cousin_M_a_G9a2P","c_mom_cauc_a_G9a2P","c_grandma_cauc_a_G9a2P","s_pictureDad_cauc_gen","s_door_gen","s_pizzaBox_G9a2P"]}],"stackSize":5,"resolved":true},{"challengeScenes":[{"miniGameCards":[],"viewedAnimatic":true,"keyPoints":["s_mirror_M_G9b0","s_pictureDad_cauc_M_gen","s_computer_M_gen"],"unlocked":true,"touchableObjects":["c_kidSister_cauc_a_G9b0","s_mirror_M_G9b0","c_cousin_M_a_G9b0","s_cellPhone_M_G9b0","s_pictureDad_cauc_M_gen","s_closet_M_G9b0","s_clock_M_G9b0","s_computer_M_gen"]},{"miniGameCards":[],"viewedAnimatic":true,"keyPoints":["c_teacherEng_G9b1N","c_cousin_M_a_G9b1N","c_kidSister_cauc_a_G9b1N","s_joint_G9b1N","s_clock_G9b1N","s_beerBottle_G9b1N","s_brokenLamp_G9b1N"],"unlocked":true,"touchableObjects":["c_teacherEng_G9b1N","c_cousin_M_a_G9b1N","s_coupleOnCouch_G9b1N","c_kidSister_cauc_a_G9b1N","s_joint_G9b1N","s_clock_G9b1N","s_boomBox_G9b1N","s_beerBottle_G9b1N","s_brokenLamp_G9b1N"]},{"miniGameCards":[],"viewedAnimatic":true,"keyPoints":["c_friend1_M_a_G9b1P","c_bestFriend_M_a_G9b1P","c_crush1_M_a_G9b1P","s_pictureMomdark_cauc_G9b1P","s_pictureDaddark_cauc_gen","s_kidsGroupKitchen_G9b1P","c_cousin_M_a_G9b1P"],"unlocked":true,"touchableObjects":["c_friend1_M_a_G9b1P","c_bestFriend_M_a_G9b1P","c_crush1_M_a_G9b1P","s_pictureMomdark_cauc_G9b1P","s_pictureDaddark_cauc_gen","s_kidsGroupKitchen_G9b1P","c_cousin_M_a_G9b1P"]},{"miniGameCards":[],"viewedAnimatic":true,"keyPoints":["c_cousin_M_a_G9b2N","c_mom_cauc_a_G9b2N","c_crush1_M_a_G9b2N"],"unlocked":true,"touchableObjects":["c_cousin_M_a_G9b2N","c_mom_cauc_a_G9b2N","c_crush1_M_a_G9b2N"]},{"miniGameCards":[],"viewedAnimatic":true,"keyPoints":["c_crush1_M_a_G9b2P","c_mom_cauc_a_G9b2P","c_bestFriend_M_a_G9b2P","s_clock_G9b2P"],"unlocked":true,"touchableObjects":["c_crush1_M_a_G9b2P","c_mom_cauc_a_G9b2P","c_grandma_cauc_a_G9b2P","c_bestFriend_M_a_G9b2P","c_cousin_M_a_G9b2P","s_boardGame_G9b2P","s_clock_G9b2P"]}],"stackSize":5,"resolved":true},{"challengeScenes":[{"miniGameCards":[],"viewedAnimatic":true,"keyPoints":["c_crush1_M_b_G10a0","s_cellPhone_M_G10a0","s_drawer_M_G10a0","s_window_M_G10a0","s_basketball_M_gen"],"unlocked":true,"touchableObjects":["s_bed1_M_G10a0","c_crush1_M_b_G10a0","s_cellPhone_M_G10a0","s_drawer_M_G10a0","s_window_M_G10a0","s_basketball_M_gen","s_bed2_M_G10a0"]},{"miniGameCards":[],"viewedAnimatic":true,"keyPoints":["s_condom_M_G10a1N","c_crush1_M_b_G10a1N","s_picture_M_G10a1N","s_mirror_M_G10a1N"],"unlocked":true,"touchableObjects":["s_condom_M_G10a1N","c_crush1_M_b_G10a1N","s_picture_M_G10a1N","s_door_M_gen","s_computer_M_gen","s_crushClothes_M_G10a1N","s_mirror_M_G10a1N"]},{"miniGameCards":[],"viewedAnimatic":true,"keyPoints":["c_friend_M_b_G10a1P","c_crush1_M_b_G10a1P","s_lockerPoster_G10a1P"],"unlocked":true,"touchableObjects":["c_friend_M_b_G10a1P","c_crush1_M_b_G10a1P","s_dancePoster_G10a1P","c_teacherEng_G10a1P","s_lockerPoster_G10a1P"]},{"miniGameCards":[],"viewedAnimatic":true,"keyPoints":["s_pamphlet5_G10a2N","s_pamphlet4_G10a2N","s_pamphlet3_G10a2N","s_pamphlet1_G10a2N","s_phone_G10a2N","c_nurse_G10a2N"],"unlocked":true,"touchableObjects":["s_pamphlet5_G10a2N","s_pamphlet4_G10a2N","s_pamphlet3_G10a2N","s_pamphlet1_G10a2N","s_phone_G10a2N","s_cot_G10a2N","c_nurse_G10a2N"]},{"miniGameCards":[],"viewedAnimatic":true,"keyPoints":["s_dancePoster_G10a2P","c_cousin_M_b_G10a2P","c_crush1_M_b_G10a2P","c_friend_M_b_G10a2P","c_nurse_G10a2P"],"unlocked":true,"touchableObjects":["s_dancePoster_G10a2P","c_cousin_M_b_G10a2P","c_crush1_M_b_G10a2P","c_friend_M_b_G10a2P","c_nurse_G10a2P"]}],"stackSize":5,"resolved":true},{"challengeScenes":[{"miniGameCards":[],"viewedAnimatic":true,"keyPoints":["s_car2_G10b0","s_car1_G10b0","s_kidsGroup1_G10b0","s_kidPointing_G10b0","c_crush2_M_b_G10b0"],"unlocked":true,"touchableObjects":["s_car2_G10b0","s_car1_G10b0","s_kidsGroup1_G10b0","s_kidPointing_G10b0","c_crush2_M_b_G10b0"]},{"miniGameCards":[],"viewedAnimatic":false,"keyPoints":[],"unlocked":true,"touchableObjects":[]},{"miniGameCards":[],"viewedAnimatic":false,"keyPoints":[],"unlocked":false,"touchableObjects":[]},{"miniGameCards":[],"viewedAnimatic":false,"keyPoints":[],"unlocked":false,"touchableObjects":[]},{"miniGameCards":[],"viewedAnimatic":false,"keyPoints":[],"unlocked":false,"touchableObjects":[]}],"stackSize":5,"resolved":false},{"challengeScenes":[{"miniGameCards":[],"viewedAnimatic":false,"keyPoints":[],"unlocked":true,"touchableObjects":[]},{"miniGameCards":[],"viewedAnimatic":false,"keyPoints":[],"unlocked":true,"touchableObjects":[]},{"miniGameCards":[],"viewedAnimatic":false,"keyPoints":[],"unlocked":false,"touchableObjects":[]},{"miniGameCards":[],"viewedAnimatic":false,"keyPoints":[],"unlocked":false,"touchableObjects":[]},{"miniGameCards":[],"viewedAnimatic":false,"keyPoints":[],"unlocked":false,"touchableObjects":[]}],"stackSize":5,"resolved":false},{"challengeScenes":[{"miniGameCards":[],"viewedAnimatic":false,"keyPoints":[],"unlocked":false,"touchableObjects":[]},{"miniGameCards":[],"viewedAnimatic":false,"keyPoints":[],"unlocked":false,"touchableObjects":[]},{"miniGameCards":[],"viewedAnimatic":false,"keyPoints":[],"unlocked":false,"touchableObjects":[]},{"miniGameCards":[],"viewedAnimatic":false,"keyPoints":[],"unlocked":false,"touchableObjects":[]},{"miniGameCards":[],"viewedAnimatic":false,"keyPoints":[],"unlocked":false,"touchableObjects":[]}],"stackSize":5,"resolved":false},{"challengeScenes":[{"miniGameCards":[],"viewedAnimatic":false,"keyPoints":[],"unlocked":true,"touchableObjects":[]},{"miniGameCards":[],"viewedAnimatic":false,"keyPoints":[],"unlocked":true,"touchableObjects":[]},{"miniGameCards":[],"viewedAnimatic":false,"keyPoints":[],"unlocked":false,"touchableObjects":[]},{"miniGameCards":[],"viewedAnimatic":false,"keyPoints":[],"unlocked":true,"touchableObjects":[]},{"miniGameCards":[],"viewedAnimatic":false,"keyPoints":[],"unlocked":false,"touchableObjects":[]}],"stackSize":5,"resolved":false},{"challengeScenes":[{"miniGameCards":[],"viewedAnimatic":false,"keyPoints":[],"unlocked":false,"touchableObjects":[]},{"miniGameCards":[],"viewedAnimatic":false,"keyPoints":[],"unlocked":false,"touchableObjects":[]},{"miniGameCards":[],"viewedAnimatic":false,"keyPoints":[],"unlocked":false,"touchableObjects":[]},{"miniGameCards":[],"viewedAnimatic":false,"keyPoints":[],"unlocked":false,"touchableObjects":[]},{"miniGameCards":[],"viewedAnimatic":false,"keyPoints":[],"unlocked":false,"touchableObjects":[]}],"stackSize":5,"resolved":false},{"challengeScenes":[{"miniGameCards":[],"viewedAnimatic":false,"keyPoints":[],"unlocked":true,"touchableObjects":["c_education_G0a0","c_friends_G0a0","c_family_cauc_a_G0a0"]},{"miniGameCards":[],"viewedAnimatic":false,"keyPoints":["c_family_cauc_a_G0a1N","c_home_G0a1N","c_job_G0a1N"],"unlocked":true,"touchableObjects":["c_family_cauc_a_G0a1N","c_home_G0a1N","c_job_G0a1N"]},{"miniGameCards":[],"viewedAnimatic":false,"keyPoints":["c_grandma_cauc_a_G0a1P","c_kidsister_cauc_a_G0a1P","c_Teacher_G0a1P","c_mom_cauc_a_G0a1P","c_dad_cauc_a_G0a1P","c_Nurse_G0a1P"],"unlocked":true,"touchableObjects":["c_friends_G0a1P","c_cousins_M_a_G0a1P","c_grandma_cauc_a_G0a1P","c_kidsister_cauc_a_G0a1P","c_Teacher_G0a1P","c_mom_cauc_a_G0a1P","c_dad_cauc_a_G0a1P","c_Nurse_G0a1P"]}],"stackSize":3,"resolved":true}],"sessionId":12,"epilogue":{"rating":3},"playerId":6546005,"session":[{"sceneId":"1P","stackId":12},{"sceneId":"1P","stackId":0},{"sceneId":"1P","stackId":1},{"sceneId":"1N","stackId":1},{"sceneId":"2P","stackId":1},{"sceneId":"3P","stackId":2},{"sceneId":"1P","stackId":2},{"sceneId":"1N","stackId":2},{"sceneId":"2P","stackId":2},{"sceneId":"1P","stackId":4},{"sceneId":"1N","stackId":4},{"sceneId":"2P","stackId":4},{"sceneId":"1P","stackId":3},{"sceneId":"1N","stackId":3},{"sceneId":"2P","stackId":3},{"sceneId":"2P","stackId":6},{"sceneId":"1P","stackId":5},{"sceneId":"1N","stackId":5},{"sceneId":"2P","stackId":5},{"sceneId":"1P","stackId":6}],"minigames":[{"levelSaveData":[{"starRating":3,"unlocked":true},{"starRating":3,"unlocked":true},{"starRating":3,"unlocked":true},{"starRating":2,"unlocked":true},{"starRating":0,"unlocked":false},{"starRating":2,"unlocked":true},{"starRating":2,"unlocked":true},{"starRating":0,"unlocked":true},{"starRating":0,"unlocked":true},{"starRating":0,"unlocked":true}],"skillPoints":15},{"levelSaveData":[{"starRating":3,"unlocked":true},{"starRating":3,"unlocked":true},{"starRating":3,"unlocked":true},{"starRating":3,"unlocked":true},{"starRating":3,"unlocked":true},{"starRating":2,"unlocked":true},{"starRating":0,"unlocked":false},{"starRating":0,"unlocked":true},{"starRating":0,"unlocked":true},{"starRating":0,"unlocked":true}],"skillPoints":17},{"levelSaveData":[{"starRating":3,"unlocked":true},{"starRating":3,"unlocked":true},{"starRating":3,"unlocked":true},{"starRating":1,"unlocked":true},{"starRating":0,"unlocked":false},{"starRating":2,"unlocked":true},{"starRating":1,"unlocked":true},{"starRating":0,"unlocked":true},{"starRating":3,"unlocked":true},{"starRating":0,"unlocked":false}],"skillPoints":16},{"levelSaveData":[{"starRating":3,"unlocked":true},{"starRating":3,"unlocked":true},{"starRating":3,"unlocked":true},{"starRating":3,"unlocked":true},{"starRating":3,"unlocked":true},{"starRating":3,"unlocked":true},{"starRating":3,"unlocked":true},{"starRating":0,"unlocked":true},{"starRating":0,"unlocked":false},{"starRating":0,"unlocked":false}],"skillPoints":21},{"age":12,"name":"cj","gender":0,"levelSaveData":[{"starRating":3,"unlocked":true},{"starRating":3,"chunks":[["3"],["7$$happy","15$$cool"],["4$$rainbow","8$$winner","3$$woods"],["3"]],"unlocked":true},{"starRating":3,"chunks":[["0"],["1$$basketball","3$$cooking"],["0$$cars","5$$football"]],"unlocked":true},{"starRating":3,"chunks":[["2"],["4"],["1"],["0"],["4","0"],["8"]],"unlocked":true},{"starRating":3,"chunks":[["6"],["3"],["4","19"],["1"],["4"],["3"]],"unlocked":true},{"starRating":0,"chunks":[[null],[null,null,null,null],[null],[null]],"unlocked":true},{"starRating":3,"chunks":[["3"],["3"],["4$$baby","3$$kids"],["2","2"],["3"]],"unlocked":true},{"starRating":3,"chunks":[["6","1","4"],["7","3","5"],["1"],["0"],["0"]],"unlocked":true},{"starRating":3,"chunks":[["4","7","3"],["0","2","6"],["1","5"]],"unlocked":true},{"starRating":0,"chunks":[[null],[null],[null],[null],[null],[null]],"unlocked":false}],"visualAvatar":0,"id":1,"skillPoints":24}],"avatar":{"age":12,"name":"cj","gender":0,"levelSaveData":[{"starRating":3,"unlocked":true},{"starRating":3,"chunks":[["3"],["7$$happy","15$$cool"],["4$$rainbow","8$$winner","3$$woods"],["3"]],"unlocked":true},{"starRating":3,"chunks":[["0"],["1$$basketball","3$$cooking"],["0$$cars","5$$football"]],"unlocked":true},{"starRating":3,"chunks":[["2"],["4"],["1"],["0"],["4","0"],["8"]],"unlocked":true},{"starRating":3,"chunks":[["6"],["3"],["4","19"],["1"],["4"],["3"]],"unlocked":true},{"starRating":0,"chunks":[[null],[null,null,null,null],[null],[null]],"unlocked":true},{"starRating":3,"chunks":[["3"],["3"],["4$$baby","3$$kids"],["2","2"],["3"]],"unlocked":true},{"starRating":3,"chunks":[["6","1","4"],["7","3","5"],["1"],["0"],["0"]],"unlocked":true},{"starRating":3,"chunks":[["4","7","3"],["0","2","6"],["1","5"]],"unlocked":true},{"starRating":0,"chunks":[[null],[null],[null],[null],[null],[null]],"unlocked":false}],"visualAvatar":0,"id":1,"skillPoints":24}}
