6567002,0,0:0:0,10/18/2013 4:03:42pm
6567002,600,0:0:20,3
6567002,601,0:0:30,0
6567002,602,0:0:31,3,0
6567002,603,0:1:1,0
6567002,604,0:1:2,0,Jordon
6567002,605,0:1:5
6567002,210,0:1:21,594,442
6567002,211,0:1:23,670,427
6567002,210,0:1:26,670,375
6567002,211,0:1:29,924,446
6567002,213,0:1:29,12,c_player_afri_M_a_G0a0,true
6567002,210,0:1:45,587,444
6567002,211,0:1:46,455,693
6567002,210,0:2:0,889,357
6567002,211,0:2:1,1070,260
6567002,207,0:2:1,12,0,-75
6567002,210,0:2:1,1004,257
6567002,207,0:2:2,12,-75,-570
6567002,211,0:2:6,1121,177
6567002,213,0:2:6,12,c_family_afri_a_G0a1N,true
6567002,205,0:2:6,12,c_family_afri_a_G0a1N,false,false
6567002,210,0:2:23,1314,422
6567002,211,0:2:23,1332,560
6567002,210,0:2:26,1271,534
6567002,211,0:2:26,1380,603
6567002,212,0:2:27,1
6567002,210,0:2:29,1300,527
6567002,211,0:2:30,1206,471
6567002,213,0:2:30,12,c_home_G0a1N,true
6567002,205,0:2:30,12,c_home_G0a1N,false,false
6567002,210,0:2:41,1471,535
6567002,207,0:2:41,12,-570,-813
6567002,211,0:2:42,1807,550
6567002,212,0:2:43,0
6567002,210,0:2:46,1746,554
6567002,207,0:2:51,12,-813,-138
6567002,211,0:2:53,666,233
6567002,213,0:2:53,12,c_job_G0a1N,true
6567002,205,0:2:53,12,c_job_G0a1N,false,false
6567002,210,0:3:7,873,476
6567002,211,0:3:8,609,505
6567002,221,0:3:27,12
6567002,220,0:3:36,12
6567002,210,0:3:44,876,273
6567002,207,0:3:46,12,0,-900
6567002,211,0:3:47,2072,306
6567002,207,0:3:47,12,-900,-1065
6567002,210,0:3:48,2105,304
6567002,207,0:3:48,12,-1065,-1140
6567002,207,0:3:50,12,-1140,-1790
6567002,207,0:3:53,12,-1790,-1280
6567002,211,0:3:55,1393,447
6567002,213,0:3:55,12,c_friends_G0a1P,true
6567002,212,0:4:1,1
6567002,210,0:4:2,1743,323
6567002,211,0:4:3,1781,236
6567002,213,0:4:3,12,c_dad_afri_a_G0a1P,true
6567002,205,0:4:3,12,c_dad_afri_a_G0a1P,false,false
6567002,212,0:4:12,2
6567002,210,0:4:13,1905,440
6567002,211,0:4:17,1650,414
6567002,213,0:4:17,12,c_grandma_afri_a_G0a1P,true
6567002,205,0:4:17,12,c_grandma_afri_a_G0a1P,false,false
6567002,210,0:4:22,1773,416
6567002,211,0:4:24,1428,224
6567002,213,0:4:24,12,c_Teacher_G0a1P,true
6567002,205,0:4:24,12,c_Teacher_G0a1P,false,false
6567002,210,0:4:30,1766,432
6567002,211,0:4:31,1207,358
6567002,207,0:4:31,12,-1280,-1190
6567002,210,0:4:31,1171,335
6567002,207,0:4:31,12,-1190,-1115
6567002,207,0:4:35,12,-1115,-440
6567002,211,0:4:38,1125,229
6567002,210,0:4:40,1102,146
6567002,211,0:4:42,940,444
6567002,210,0:4:43,1009,304
6567002,211,0:4:44,1016,488
6567002,213,0:4:44,12,c_friends_G0a1P,true
6567002,210,0:4:53,1141,199
6567002,211,0:4:54,736,517
6567002,213,0:4:54,12,c_cousins_M_a_G0a1P,true
6567002,210,0:4:59,1412,289
6567002,211,0:4:59,1552,254
6567002,207,0:4:59,12,-440,-530
6567002,210,0:4:59,1627,248
6567002,207,0:5:0,12,-530,-1010
6567002,211,0:5:4,1835,478
6567002,213,0:5:4,12,c_kidsister_afri_a_G0a1P,true
6567002,205,0:5:4,12,c_kidsister_afri_a_G0a1P,false,false
6567002,210,0:5:13,1682,257
6567002,211,0:5:14,1887,348
6567002,212,0:5:16,1
6567002,210,0:5:17,1921,199
6567002,211,0:5:19,1902,286
6567002,213,0:5:19,12,c_mom_afri_a_G0a1P,true
6567002,205,0:5:19,12,c_mom_afri_a_G0a1P,false,false
6567002,210,0:5:29,1769,286
6567002,211,0:5:33,862,388
6567002,207,0:5:33,12,-1010,-845
6567002,210,0:5:33,773,401
6567002,207,0:5:34,12,-845,-665
6567002,211,0:5:35,1083,469
6567002,213,0:5:35,12,c_friends_G0a1P,true
6567002,212,0:5:38,0
6567002,207,0:5:39,12,-665,-695
6567002,210,0:5:39,1598,294
6567002,211,0:5:41,1305,286
6567002,213,0:5:41,12,c_Nurse_G0a1P,true
6567002,205,0:5:41,12,c_Nurse_G0a1P,false,false
6567002,221,0:5:49,12
6567002,300,0:5:55
6567002,220,0:5:55,12
6567002,302,0:6:20,0,1,0,8
6567002,302,0:6:25,0,1,0,20
6567002,302,0:6:28,0,1,0,7
6567002,303,0:6:32,0,1,0,7
6567002,304,0:6:37,0,1,0,-1,,7,chill
6567002,302,0:6:44,0,1,1,5
6567002,302,0:6:48,0,1,1,10
6567002,303,0:6:50,0,1,1,10
6567002,304,0:6:52,0,1,1,-1,,10,funny
6567002,302,0:7:13,0,3,0,1
6567002,306,0:7:14,0,0,1
6567002,304,0:7:14,0,3,0,-1,,1,
6567002,302,0:7:31,0,0,0,1
6567002,304,0:7:32,0,0,0,-1,,1,
6567002,302,0:7:40,0,2,0,5
6567002,302,0:7:43,0,2,0,6
6567002,303,0:7:46,0,2,0,6
6567002,306,0:7:50,0,1,2
6567002,304,0:7:50,0,2,0,-1,,6,music
6567002,302,0:7:55,0,2,2,5
6567002,302,0:7:56,0,2,2,8
6567002,302,0:7:59,0,2,2,15
6567002,302,0:8:1,0,2,2,14
6567002,302,0:8:2,0,2,2,12
6567002,303,0:8:7,0,2,2,12
6567002,304,0:8:10,0,2,2,-1,,12,partying
6567002,302,0:8:15,0,2,1,3
6567002,302,0:8:15,0,2,1,0
6567002,303,0:8:19,0,2,1,0
6567002,306,0:8:20,0,2,3
6567002,304,0:8:20,0,2,1,-1,,0,rights
6567002,221,0:8:43,12
6567002,220,0:8:46,12
6567002,203,0:8:46,12
6567002,100,0:8:56,0
6567002,102,0:9:14,0
6567002,200,0:9:14,0,0,0,0,0,6
6567002,219,0:9:14,0
6567002,216,0:9:16,Stack_G7a0
6567002,217,0:9:51,Stack_G7a0,32,0.00
6567002,218,0:10:8,0
6567002,210,0:10:9,1038,451
6567002,207,0:10:16,0,-200,0
6567002,211,0:10:18,806,355
6567002,213,0:10:18,0,c_teacherEng_G7a0,false
6567002,210,0:10:25,754,429
6567002,211,0:10:29,889,474
6567002,212,0:10:30,1
6567002,210,0:10:31,782,316
6567002,207,0:10:32,0,0,-390
6567002,207,0:10:33,0,-390,-510
6567002,211,0:10:35,1070,598
6567002,213,0:10:35,0,s_vocabAssignment_G7a0,true
6567002,212,0:10:41,0
6567002,210,0:10:41,1340,497
6567002,207,0:10:47,0,-510,-240
6567002,207,0:10:48,0,-240,0
6567002,211,0:10:51,252,456
6567002,213,0:10:51,0,c_crewKid1_M_G7a0,true
6567002,212,0:10:58,1
6567002,210,0:10:59,829,433
6567002,211,0:11:5,268,116
6567002,213,0:11:5,0,s_flag_gen,false
6567002,212,0:11:13,2
6567002,212,0:11:14,1
6567002,210,0:11:14,674,309
6567002,207,0:11:18,0,0,-345
6567002,211,0:11:21,1131,280
6567002,212,0:11:21,0
6567002,210,0:11:22,1260,346
6567002,207,0:11:25,0,-345,-518.45
6567002,211,0:11:28,1243,340
6567002,213,0:11:28,0,s_doorClassroom_G7a0,true
6567002,210,0:11:34,1407,469
6567002,211,0:11:36,1165,576
6567002,212,0:11:37,1
6567002,210,0:11:37,1291,509
6567002,207,0:11:46,0,-518.45,-173.45
6567002,207,0:11:48,0,-173.45,0
6567002,211,0:11:51,276,407
6567002,212,0:11:53,2
6567002,210,0:11:55,706,525
6567002,207,0:12:5,0,0,-240
6567002,207,0:12:6,0,-240,-495
6567002,207,0:12:7,0,-495,-518.45
6567002,211,0:12:8,1454,539
6567002,213,0:12:8,0,c_friend1_M_a_G7a0,true
6567002,210,0:12:16,1190,417
6567002,211,0:12:19,1467,568
6567002,213,0:12:19,0,c_friend1_M_a_G7a0,true
6567002,210,0:12:28,1065,540
6567002,211,0:12:31,1497,578
6567002,213,0:12:31,0,c_friend1_M_a_G7a0,true
6567002,210,0:12:35,1169,438
6567002,211,0:12:37,1468,506
6567002,213,0:12:37,0,c_friend1_M_a_G7a0,true
6567002,210,0:12:41,1264,322
6567002,211,0:12:43,982,509
6567002,213,0:12:43,0,c_bestFriend_M_a_G7a0,false
6567002,210,0:12:48,1204,478
6567002,211,0:12:51,1180,588
6567002,212,0:12:52,1
6567002,210,0:12:52,1476,496
6567002,211,0:12:55,756,556
6567002,210,0:12:57,918,462
6567002,211,0:13:3,612,133
6567002,213,0:13:3,0,s_atwoodPoster_gen,true
6567002,210,0:13:10,867,475
6567002,211,0:13:10,462,624
6567002,207,0:13:10,0,-518.45,-443.45
6567002,207,0:13:11,0,-443.45,-398.45
6567002,210,0:13:11,491,482
6567002,207,0:13:13,0,-398.45,0
6567002,207,0:13:29,0,0,-375
6567002,211,0:13:32,1067,437
6567002,212,0:13:33,0
6567002,210,0:13:39,1075,243
6567002,211,0:13:41,1049,685
6567002,210,0:13:41,1083,549
6567002,207,0:13:47,0,-375,-518.45
6567002,211,0:13:47,1540,531
6567002,210,0:13:47,1526,481
6567002,211,0:13:50,1196,286
6567002,213,0:13:50,0,s_doorClassroom_G7a0,true
6567002,210,0:13:52,1335,128
6567002,207,0:14:0,0,-518.45,-158.45
6567002,207,0:14:3,0,-158.45,0
6567002,211,0:14:10,503,693
6567002,212,0:14:11,2
6567002,210,0:14:13,465,411
6567002,207,0:14:16,0,0,-510
6567002,211,0:14:19,1455,503
6567002,213,0:14:19,0,c_friend1_M_a_G7a0,true
6567002,210,0:14:35,1126,472
6567002,211,0:14:37,978,547
6567002,213,0:14:37,0,c_bestFriend_M_a_G7a0,false
6567002,1003,0:14:45,2
6567002,1004,0:14:47,0
6567002,900,0:15:6,0,[]
6567002,901,0:15:14,0,[PeopleData_id:2]
6567002,904,0:15:14,0,[PeopleData_id:2]
6567002,901,0:15:32,0,[PeopleData_id:2]
6567002,904,0:15:33,0,[PeopleData_id:2]
6567002,902,0:15:36,0,[PeopleData_id:2,PeopleData_data2Type]
6567002,903,0:15:40,0,[PeopleData_id2,PeopleData_data2Type]
6567002,902,0:15:42,0,[PeopleData_id:2,PeopleData_data3Type]
6567002,903,0:15:47,0,[PeopleData_id2,PeopleData_data3Type]
6567002,902,0:15:48,0,[PeopleData_id:2,PeopleData_data1Type]
6567002,903,0:15:51,0,[PeopleData_id2,PeopleData_data1Type]
6567002,901,0:15:52,0,[PeopleData_id:2]
6567002,904,0:15:52,0,[PeopleData_id:2]
6567002,905,0:15:53,0,[PeopleData_id:2,RankTypes_id:-1,RankTypes_id:0]
6567002,902,0:15:55,0,[PeopleData_id:2,PeopleData_data0Type]
6567002,903,0:15:59,0,[PeopleData_id2,PeopleData_data0Type]
6567002,901,0:16:1,0,[PeopleData_id:0]
6567002,902,0:16:3,0,[PeopleData_id:0,PeopleData_data3Type]
6567002,903,0:16:8,0,[PeopleData_id0,PeopleData_data3Type]
6567002,902,0:16:10,0,[PeopleData_id:0,PeopleData_data2Type]
6567002,903,0:16:12,0,[PeopleData_id0,PeopleData_data2Type]
6567002,902,0:16:14,0,[PeopleData_id:0,PeopleData_data1Type]
6567002,902,0:16:18,0,[PeopleData_id:0,PeopleData_data0Type]
6567002,903,0:16:21,0,[PeopleData_id0,PeopleData_data0Type]
6567002,901,0:16:22,0,[PeopleData_id:0]
6567002,904,0:16:22,0,[PeopleData_id:0]
6567002,905,0:16:23,0,[PeopleData_id:0,RankTypes_id:-1,RankTypes_id:3]
6567002,901,0:16:25,0,[PeopleData_id:1]
6567002,904,0:16:25,0,[PeopleData_id:1]
6567002,902,0:16:27,0,[PeopleData_id:1,PeopleData_data3Type]
6567002,903,0:16:31,0,[PeopleData_id1,PeopleData_data3Type]
6567002,902,0:16:32,0,[PeopleData_id:1,PeopleData_data2Type]
6567002,903,0:16:37,0,[PeopleData_id1,PeopleData_data2Type]
6567002,902,0:16:37,0,[PeopleData_id:1,PeopleData_data1Type]
6567002,903,0:16:41,0,[PeopleData_id1,PeopleData_data1Type]
6567002,902,0:16:43,0,[PeopleData_id:1,PeopleData_data0Type]
6567002,903,0:16:47,0,[PeopleData_id1,PeopleData_data0Type]
6567002,901,0:16:48,0,[PeopleData_id:1]
6567002,904,0:16:48,0,[PeopleData_id:1]
6567002,905,0:16:49,0,[PeopleData_id:1,RankTypes_id:-1,RankTypes_id:0]
6567002,901,0:16:51,0,[PeopleData_id:3]
6567002,901,0:16:52,0,[PeopleData_id:1]
6567002,904,0:16:52,0,[PeopleData_id:1]
6567002,905,0:16:52,0,[PeopleData_id:1,RankTypes_id:0,RankTypes_id:1]
6567002,901,0:16:53,0,[PeopleData_id:1]
6567002,904,0:16:53,0,[PeopleData_id:1]
6567002,905,0:16:54,0,[PeopleData_id:1,RankTypes_id:1,RankTypes_id:2]
6567002,901,0:16:55,0,[PeopleData_id:1]
6567002,904,0:16:55,0,[PeopleData_id:1]
6567002,905,0:16:55,0,[PeopleData_id:1,RankTypes_id:2,RankTypes_id:4]
6567002,901,0:16:56,0,[PeopleData_id:1]
6567002,904,0:16:56,0,[PeopleData_id:1]
6567002,905,0:16:57,0,[PeopleData_id:1,RankTypes_id:4,RankTypes_id:1]
6567002,901,0:16:58,0,[PeopleData_id:1]
6567002,904,0:16:58,0,[PeopleData_id:1]
6567002,905,0:16:59,0,[PeopleData_id:1,RankTypes_id:1,RankTypes_id:1]
6567002,901,0:17:0,0,[PeopleData_id:3]
6567002,904,0:17:0,0,[PeopleData_id:3]
6567002,902,0:17:2,0,[PeopleData_id:3,PeopleData_data2Type]
6567002,903,0:17:5,0,[PeopleData_id3,PeopleData_data2Type]
6567002,902,0:17:6,0,[PeopleData_id:3,PeopleData_data1Type]
6567002,903,0:17:9,0,[PeopleData_id3,PeopleData_data1Type]
6567002,902,0:17:10,0,[PeopleData_id:3,PeopleData_data0Type]
6567002,903,0:17:14,0,[PeopleData_id3,PeopleData_data0Type]
6567002,901,0:17:14,0,[PeopleData_id:3]
6567002,904,0:17:14,0,[PeopleData_id:3]
6567002,905,0:17:16,0,[PeopleData_id:3,RankTypes_id:-1,RankTypes_id:4]
6567002,901,0:17:18,0,[PeopleData_id:4]
6567002,902,0:17:22,0,[PeopleData_id:4,PeopleData_data3Type]
6567002,903,0:17:25,0,[PeopleData_id4,PeopleData_data3Type]
6567002,902,0:17:26,0,[PeopleData_id:4,PeopleData_data2Type]
6567002,903,0:17:29,0,[PeopleData_id4,PeopleData_data2Type]
6567002,902,0:17:29,0,[PeopleData_id:4,PeopleData_data1Type]
6567002,903,0:17:32,0,[PeopleData_id4,PeopleData_data1Type]
6567002,902,0:17:32,0,[PeopleData_id:4,PeopleData_data0Type]
6567002,903,0:17:35,0,[PeopleData_id4,PeopleData_data0Type]
6567002,901,0:17:36,0,[PeopleData_id:4]
6567002,904,0:17:36,0,[PeopleData_id:4]
6567002,905,0:17:37,0,[PeopleData_id:4,RankTypes_id:-1,RankTypes_id:3]
6567002,906,0:17:37,0,[]
6567002,907,0:17:48,0,[]
6567002,908,0:17:49,0,[InvitationData_id:8,PeopleData_id:3,RankTypes_id:4]
6567002,909,0:17:59,0,[InvitationData_id:8,PeopleData_id:3,RankTypes_id:4,1]
6567002,910,0:18:10,0,[InvitationData_id:8,9,false]
6567002,908,0:18:10,0,[InvitationData_id:4,PeopleData_id:4,RankTypes_id:3]
6567002,901,0:18:21,0,[PeopleData_id:4]
6567002,902,0:18:23,0,[PeopleData_id:4,PeopleData_data3Type]
6567002,902,0:18:25,0,[PeopleData_id:4,PeopleData_data2Type]
6567002,909,0:18:28,0,[InvitationData_id:4,PeopleData_id:4,RankTypes_id:3,0]
6567002,910,0:18:37,0,[InvitationData_id:4,-7,false]
6567002,908,0:18:37,0,[InvitationData_id:5,PeopleData_id:4,RankTypes_id:3]
6567002,909,0:18:46,0,[InvitationData_id:5,PeopleData_id:4,RankTypes_id:3,0]
6567002,910,0:18:48,0,[InvitationData_id:5,-7,false]
6567002,908,0:18:48,0,[InvitationData_id:0,PeopleData_id:3,RankTypes_id:4]
6567002,909,0:18:53,0,[InvitationData_id:0,PeopleData_id:3,RankTypes_id:4,1]
6567002,910,0:18:56,0,[InvitationData_id:0,9,false]
6567002,908,0:18:56,0,[InvitationData_id:9,PeopleData_id:4,RankTypes_id:3]
6567002,909,0:18:59,0,[InvitationData_id:9,PeopleData_id:4,RankTypes_id:3,0]
6567002,910,0:19:2,0,[InvitationData_id:9,-7,false]
6567002,908,0:19:2,0,[InvitationData_id:6,PeopleData_id:3,RankTypes_id:4]
6567002,909,0:19:6,0,[InvitationData_id:6,PeopleData_id:3,RankTypes_id:4,1]
6567002,910,0:19:8,0,[InvitationData_id:6,9,false]
6567002,908,0:19:8,0,[InvitationData_id:7,PeopleData_id:1,RankTypes_id:1]
6567002,901,0:19:14,0,[PeopleData_id:1]
6567002,902,0:19:15,0,[PeopleData_id:1,PeopleData_data3Type]
6567002,902,0:19:18,0,[PeopleData_id:1,PeopleData_data2Type]
6567002,902,0:19:21,0,[PeopleData_id:1,PeopleData_data1Type]
6567002,902,0:19:30,0,[PeopleData_id:1,PeopleData_data0Type]
6567002,909,0:19:35,0,[InvitationData_id:7,PeopleData_id:1,RankTypes_id:1,0]
6567002,910,0:19:40,0,[InvitationData_id:7,0,false]
6567002,908,0:19:40,0,[InvitationData_id:1,PeopleData_id:0,RankTypes_id:3]
6567002,909,0:19:47,0,[InvitationData_id:1,PeopleData_id:0,RankTypes_id:3,1]
6567002,910,0:19:50,0,[InvitationData_id:1,7,false]
6567002,908,0:19:50,0,[InvitationData_id:3,PeopleData_id:3,RankTypes_id:4]
6567002,909,0:19:56,0,[InvitationData_id:3,PeopleData_id:3,RankTypes_id:4,1]
6567002,910,0:20:0,0,[InvitationData_id:3,9,false]
6567002,911,0:20:19,0,[22,0,0,0]
6567002,1005,0:20:19,0,[2,0,2]
6567002,1001,0:20:26,0,[]
6567002,1003,0:20:26,2
6567002,210,0:20:31,867,349
6567002,211,0:20:33,805,389
6567002,213,0:20:33,0,c_teacherEng_G7a0,true
6567002,205,0:20:33,0,c_teacherEng_G7a0,false,false
6567002,210,0:20:37,829,325
6567002,211,0:20:40,990,526
6567002,213,0:20:40,0,c_bestFriend_M_a_G7a0,true
6567002,205,0:20:40,0,c_bestFriend_M_a_G7a0,false,false
6567002,210,0:20:44,927,436
6567002,207,0:20:45,0,-200,-518.45
6567002,211,0:20:45,1440,497
6567002,213,0:20:45,0,c_friend1_M_a_G7a0,true
6567002,212,0:20:49,1
6567002,210,0:20:50,1359,471
6567002,207,0:20:52,0,-518.45,-353.45
6567002,211,0:20:53,615,134
6567002,213,0:20:53,0,s_atwoodPoster_gen,true
6567002,210,0:20:57,835,411
6567002,207,0:21:5,0,-353.45,-53.45
6567002,211,0:21:6,330,457
6567002,212,0:21:7,0
6567002,207,0:21:8,0,-53.45,-98.45
6567002,210,0:21:8,1028,515
6567002,207,0:21:10,0,-98.45,0
6567002,211,0:21:12,424,389
6567002,212,0:21:13,1
6567002,210,0:21:13,632,299
6567002,211,0:21:14,252,129
6567002,213,0:21:14,0,s_flag_gen,false
6567002,1003,0:21:18,1
6567002,1004,0:21:19,0
6567002,800,0:21:28,0,[]
6567002,801,0:21:38,0,[]
6567002,814,0:21:41,0,[0]
6567002,815,0:21:41,0,0,OpportunityCardData_id:0
6567002,817,0:21:43,0,0
6567002,814,0:21:46,0,[1]
6567002,815,0:21:46,0,1,OpportunityCardData_id:7
6567002,815,0:21:53,0,1,OpportunityCardData_id:8
6567002,815,0:21:55,0,1,OpportunityCardData_id:9
6567002,815,0:21:57,0,1,OpportunityCardData_id:10
6567002,815,0:21:59,0,1,OpportunityCardData_id:11
6567002,815,0:22:0,0,1,OpportunityCardData_id:12
6567002,815,0:22:2,0,1,OpportunityCardData_id:7
6567002,815,0:22:4,0,1,OpportunityCardData_id:8
6567002,816,0:22:7,0,1,OpportunityCardData_id:8
6567002,803,0:22:12,0,[OpportunityCardData_id:8,OpportunityCardConsequencesData_logId:0]
6567002,803,0:22:18,0,[OpportunityCardData_id:8,OpportunityCardConsequencesData_logId:1]
6567002,803,0:22:21,0,[OpportunityCardData_id:8,OpportunityCardConsequencesData_logId:2]
6567002,805,0:22:27,0,[OpportunityCardData_id:8]
6567002,807,0:22:34,0,[OpportunityCardData_id:8]
6567002,808,0:22:40,0,[OpportunityCardData_id:8]
6567002,809,0:22:46,0,[OpportunityCardData_id:8,PriorityData_type:0,false]
6567002,810,0:22:55,0,[OpportunityCardData_id:8,PriorityData_type:1,20,PriorityData_type:0,25]
6567002,814,0:23:6,0,[2]
6567002,815,0:23:6,0,2,OpportunityCardData_id:13
6567002,815,0:23:8,0,2,OpportunityCardData_id:14
6567002,815,0:23:10,0,2,OpportunityCardData_id:15
6567002,815,0:23:14,0,2,OpportunityCardData_id:16
6567002,815,0:23:16,0,2,OpportunityCardData_id:17
6567002,816,0:23:20,0,2,OpportunityCardData_id:17
6567002,803,0:23:21,0,[OpportunityCardData_id:17,OpportunityCardConsequencesData_logId:0]
6567002,803,0:23:23,0,[OpportunityCardData_id:17,OpportunityCardConsequencesData_logId:1]
6567002,803,0:23:27,0,[OpportunityCardData_id:17,OpportunityCardConsequencesData_logId:2]
6567002,805,0:23:30,0,[OpportunityCardData_id:17]
6567002,807,0:23:32,0,[OpportunityCardData_id:17]
6567002,808,0:23:34,0,[OpportunityCardData_id:17]
6567002,809,0:23:44,0,[OpportunityCardData_id:17,PriorityData_type:4,false]
6567002,810,0:23:48,0,[OpportunityCardData_id:17,PriorityData_type:2,5,PriorityData_type:4,10]
6567002,814,0:23:57,0,[4]
6567002,815,0:23:57,0,4,OpportunityCardData_id:22
6567002,815,0:23:59,0,4,OpportunityCardData_id:26
6567002,815,0:24:2,0,4,OpportunityCardData_id:27
6567002,815,0:24:4,0,4,OpportunityCardData_id:28
6567002,815,0:24:7,0,4,OpportunityCardData_id:29
6567002,815,0:24:9,0,4,OpportunityCardData_id:30
6567002,815,0:24:13,0,4,OpportunityCardData_id:31
6567002,815,0:24:19,0,4,OpportunityCardData_id:22
6567002,815,0:24:21,0,4,OpportunityCardData_id:26
6567002,815,0:24:23,0,4,OpportunityCardData_id:27
6567002,816,0:25:8,0,4,OpportunityCardData_id:27
6567002,803,0:25:10,0,[OpportunityCardData_id:27,OpportunityCardConsequencesData_logId:0]
6567002,803,0:25:12,0,[OpportunityCardData_id:27,OpportunityCardConsequencesData_logId:1]
6567002,803,0:25:13,0,[OpportunityCardData_id:27,OpportunityCardConsequencesData_logId:2]
6567002,805,0:25:19,0,[OpportunityCardData_id:27]
6567002,807,0:25:21,0,[OpportunityCardData_id:27]
6567002,808,0:25:23,0,[OpportunityCardData_id:27]
6567002,809,0:25:31,0,[OpportunityCardData_id:27,Safe,false]
6567002,810,0:25:34,0,[OpportunityCardData_id:27,PriorityData_type:4,15,Safe,Safe]
6567002,814,0:25:46,0,[0]
6567002,815,0:25:46,0,0,OpportunityCardData_id:0
6567002,815,0:25:49,0,0,OpportunityCardData_id:1
6567002,815,0:25:53,0,0,OpportunityCardData_id:2
6567002,815,0:25:56,0,0,OpportunityCardData_id:3
6567002,815,0:25:59,0,0,OpportunityCardData_id:4
6567002,815,0:26:4,0,0,OpportunityCardData_id:5
6567002,816,0:26:7,0,0,OpportunityCardData_id:5
6567002,803,0:26:8,0,[OpportunityCardData_id:5,OpportunityCardConsequencesData_logId:0]
6567002,803,0:26:12,0,[OpportunityCardData_id:5,OpportunityCardConsequencesData_logId:1]
6567002,803,0:26:15,0,[OpportunityCardData_id:5,OpportunityCardConsequencesData_logId:2]
6567002,805,0:26:18,0,[OpportunityCardData_id:5]
6567002,807,0:26:19,0,[OpportunityCardData_id:5]
6567002,808,0:26:23,0,[OpportunityCardData_id:5]
6567002,809,0:26:29,0,[OpportunityCardData_id:5,PriorityData_type:2,false]
6567002,810,0:26:33,0,[OpportunityCardData_id:5,PriorityData_type:0,15,PriorityData_type:2,10]
6567002,814,0:26:47,0,[4]
6567002,815,0:26:47,0,4,OpportunityCardData_id:22
6567002,817,0:26:49,0,4
6567002,814,0:27:18,0,[4]
6567002,815,0:27:18,0,4,OpportunityCardData_id:22
6567002,815,0:27:24,0,4,OpportunityCardData_id:26
6567002,815,0:27:27,0,4,OpportunityCardData_id:28
6567002,815,0:27:30,0,4,OpportunityCardData_id:29
6567002,815,0:27:32,0,4,OpportunityCardData_id:30
6567002,815,0:27:34,0,4,OpportunityCardData_id:31
6567002,815,0:27:35,0,4,OpportunityCardData_id:22
6567002,815,0:27:36,0,4,OpportunityCardData_id:26
6567002,815,0:27:38,0,4,OpportunityCardData_id:22
6567002,816,0:27:40,0,4,OpportunityCardData_id:22
6567002,803,0:27:41,0,[OpportunityCardData_id:22,OpportunityCardConsequencesData_logId:0]
6567002,803,0:27:43,0,[OpportunityCardData_id:22,OpportunityCardConsequencesData_logId:1]
6567002,805,0:27:47,0,[OpportunityCardData_id:22]
6567002,806,0:27:50,0,[OpportunityCardData_id:22,PriorityData_type:3]
6567002,806,0:27:58,0,[OpportunityCardData_id:22,PriorityData_type:5]
6567002,807,0:27:59,0,[OpportunityCardData_id:22]
6567002,808,0:28:3,0,[OpportunityCardData_id:22]
6567002,809,0:28:8,0,[OpportunityCardData_id:22,Safe,false]
6567002,810,0:28:12,0,[OpportunityCardData_id:22,PriorityData_type:4,15,Safe,Safe]
6567002,814,0:28:33,0,[2]
6567002,815,0:28:33,0,2,OpportunityCardData_id:13
6567002,815,0:28:38,0,2,OpportunityCardData_id:14
6567002,816,0:28:39,0,2,OpportunityCardData_id:14
6567002,803,0:28:41,0,[OpportunityCardData_id:14,OpportunityCardConsequencesData_logId:0]
6567002,803,0:28:43,0,[OpportunityCardData_id:14,OpportunityCardConsequencesData_logId:1]
6567002,803,0:28:46,0,[OpportunityCardData_id:14,OpportunityCardConsequencesData_logId:2]
6567002,805,0:28:50,0,[OpportunityCardData_id:14]
6567002,806,0:28:55,0,[OpportunityCardData_id:14,PriorityData_type:3]
6567002,807,0:28:57,0,[OpportunityCardData_id:14]
6567002,808,0:29:2,0,[OpportunityCardData_id:14]
6567002,809,0:29:8,0,[OpportunityCardData_id:14,PriorityData_type:4,false]
6567002,810,0:29:12,0,[OpportunityCardData_id:14,PriorityData_type:2,15,PriorityData_type:4,10]
6567002,814,0:29:18,0,[4]
6567002,815,0:29:18,0,4,OpportunityCardData_id:26
6567002,815,0:29:19,0,4,OpportunityCardData_id:28
6567002,815,0:29:20,0,4,OpportunityCardData_id:29
6567002,815,0:29:22,0,4,OpportunityCardData_id:30
6567002,815,0:29:23,0,4,OpportunityCardData_id:31
6567002,815,0:29:24,0,4,OpportunityCardData_id:26
6567002,815,0:29:26,0,4,OpportunityCardData_id:31
6567002,815,0:29:30,0,4,OpportunityCardData_id:30
6567002,815,0:29:32,0,4,OpportunityCardData_id:29
6567002,815,0:29:32,0,4,OpportunityCardData_id:28
6567002,815,0:29:33,0,4,OpportunityCardData_id:29
6567002,815,0:29:35,0,4,OpportunityCardData_id:28
6567002,815,0:29:35,0,4,OpportunityCardData_id:26
6567002,815,0:29:37,0,4,OpportunityCardData_id:31
6567002,816,0:29:39,0,4,OpportunityCardData_id:31
6567002,803,0:29:40,0,[OpportunityCardData_id:31,OpportunityCardConsequencesData_logId:0]
6567002,803,0:29:42,0,[OpportunityCardData_id:31,OpportunityCardConsequencesData_logId:1]
6567002,803,0:29:44,0,[OpportunityCardData_id:31,OpportunityCardConsequencesData_logId:2]
6567002,805,0:29:48,0,[OpportunityCardData_id:31]
6567002,807,0:29:49,0,[OpportunityCardData_id:31]
6567002,808,0:29:52,0,[OpportunityCardData_id:31]
6567002,809,0:29:58,0,[OpportunityCardData_id:31,PriorityData_type:0,false]
6567002,810,0:30:4,0,[OpportunityCardData_id:31,PriorityData_type:4,10,PriorityData_type:0,20]
6567002,814,0:30:11,0,[4]
6567002,815,0:30:11,0,4,OpportunityCardData_id:26
6567002,815,0:30:12,0,4,OpportunityCardData_id:28
6567002,817,0:30:14,0,4
6567002,814,0:30:22,0,[4]
6567002,815,0:30:22,0,4,OpportunityCardData_id:26
6567002,815,0:30:23,0,4,OpportunityCardData_id:28
6567002,815,0:30:23,0,4,OpportunityCardData_id:29
6567002,815,0:30:23,0,4,OpportunityCardData_id:30
6567002,816,0:30:26,0,4,OpportunityCardData_id:30
6567002,803,0:30:27,0,[OpportunityCardData_id:30,OpportunityCardConsequencesData_logId:0]
6567002,803,0:30:28,0,[OpportunityCardData_id:30,OpportunityCardConsequencesData_logId:1]
6567002,805,0:30:30,0,[OpportunityCardData_id:30]
6567002,807,0:30:32,0,[OpportunityCardData_id:30]
6567002,808,0:30:39,0,[OpportunityCardData_id:30]
6567002,809,0:30:46,0,[OpportunityCardData_id:30,Safe,false]
6567002,810,0:30:48,0,[OpportunityCardData_id:30,PriorityData_type:4,10,Safe,Safe]
6567002,818,0:30:51,0,0
6567002,811,0:30:54,0,[OpportunityCardData_id:30,PriorityData_type:2,80,80,PriorityData_type:4,70,75]
6567002,1005,0:30:54,0,[1,0,3]
6567002,1001,0:30:56,0,[]
6567002,1003,0:30:56,1
6567002,210,0:31:0,655,377
6567002,207,0:31:1,0,-200,-5
6567002,211,0:31:2,236,143
6567002,213,0:31:2,0,s_flag_gen,true
6567002,205,0:31:2,0,s_flag_gen,false,false
6567002,207,0:31:7,0,-5,-50
6567002,210,0:31:7,619,390
6567002,211,0:31:7,410,490
6567002,221,0:31:16,0
6567002,208,0:31:32,0,s_flag_gen
6567002,300,0:31:33
6567002,220,0:31:33,0
6567002,210,0:31:40,954,339
6567002,211,0:31:41,904,441
6567002,221,0:31:41,0
6567002,220,0:31:46,0
6567002,219,0:31:47,0
6567002,216,0:31:47,Stack_G7a1N
6567002,217,0:32:12,Stack_G7a1N,20,0.00
6567002,218,0:32:16,0
6567002,210,0:32:18,1131,271
6567002,211,0:32:22,1321,521
6567002,212,0:32:22,2
6567002,210,0:32:24,1119,453
6567002,211,0:32:25,1058,530
6567002,213,0:32:25,0,c_bestFriend_M_a_G7a1N,true
6567002,205,0:32:25,0,c_bestFriend_M_a_G7a1N,false,false
6567002,210,0:32:31,1213,398
6567002,207,0:32:33,0,-400,-518.45
6567002,211,0:32:37,1030,515
6567002,213,0:32:37,0,c_bestFriend_M_a_G7a1N,true
6567002,205,0:32:37,0,c_bestFriend_M_a_G7a1N,false,true
6567002,210,0:32:40,1130,481
6567002,211,0:32:41,848,447
6567002,213,0:32:41,0,c_teacherEng_G7a1N,true
6567002,205,0:32:42,0,c_teacherEng_G7a1N,false,false
6567002,210,0:32:49,1052,457
6567002,211,0:32:52,480,466
6567002,207,0:32:52,0,-518.45,-458.45
6567002,210,0:32:52,386,491
6567002,207,0:32:52,0,-458.45,-278.45
6567002,207,0:32:54,0,-278.45,0
6567002,211,0:32:58,908,146
6567002,212,0:32:59,1
6567002,210,0:33:0,1036,431
6567002,207,0:33:0,0,0,-75
6567002,207,0:33:2,0,-75,-518.45
6567002,207,0:33:8,0,-518.45,-173.45
6567002,207,0:33:9,0,-173.45,0
6567002,207,0:33:18,0,0,-300
6567002,207,0:33:20,0,-300,-405
6567002,211,0:33:21,1275,331
6567002,212,0:33:22,0
6567002,210,0:33:23,1282,483
6567002,207,0:33:25,0,-405,-518.45
6567002,211,0:33:29,1217,514
6567002,213,0:33:29,0,s_otherStudent2_G7a1N,true
6567002,210,0:33:31,1254,456
6567002,207,0:33:36,0,-518.45,-353.45
6567002,207,0:33:38,0,-353.45,0
6567002,211,0:33:40,236,476
6567002,213,0:33:40,0,c_crewKid1_M_G7a1N,true
6567002,210,0:33:42,445,441
6567002,211,0:33:48,267,171
6567002,213,0:33:48,0,s_flag_gen,true
6567002,210,0:33:51,485,359
6567002,211,0:33:58,841,344
6567002,212,0:33:59,1
6567002,210,0:34:0,542,364
6567002,211,0:34:2,773,311
6567002,213,0:34:2,0,s_paperPlayers_G7a1N,true
6567002,205,0:34:2,0,s_paperPlayers_G7a1N,false,false
6567002,210,0:34:9,454,473
6567002,211,0:34:9,454,473
6567002,221,0:34:16,0
6567002,220,0:34:19,0
6567002,219,0:34:19,0
6567002,216,0:34:19,Stack_G7a1P
6567002,217,0:34:31,Stack_G7a1P,7.7,0.00
6567002,218,0:34:38,0
6567002,210,0:34:39,1207,427
6567002,211,0:34:41,700,412
6567002,213,0:34:41,0,c_teacherEng_G7a1P,true
6567002,205,0:34:41,0,c_teacherEng_G7a1P,false,false
6567002,210,0:34:48,830,364
6567002,207,0:34:51,0,-400,0
6567002,207,0:34:54,0,0,-450
6567002,211,0:34:55,1220,369
6567002,210,0:34:56,1284,363
6567002,207,0:34:59,0,-450,-120
6567002,211,0:35:5,882,307
6567002,212,0:35:6,0
6567002,210,0:35:7,968,446
6567002,211,0:35:7,955,442
6567002,213,0:35:7,0,c_bestFriend_M_a_G7a1P,true
6567002,1003,0:35:11,0
6567002,1004,0:35:12,0
6567002,400,0:35:20,0,[]
6567002,401,0:35:31,0,[StatementsData_logId:0]
6567002,404,0:35:44,0,[StatementsData_logId:0,false]
6567002,405,0:35:47,0,[StatementsData_logId:0]
6567002,406,0:35:51,0,[StatementsData_logId:0,-2]
6567002,411,0:35:53,0,[StatementsData_logId:0]
6567002,401,0:35:58,0,[StatementsData_logId:1]
6567002,402,0:35:59,0,[StatementsData_logId:1,true]
6567002,405,0:36:0,0,[StatementsData_logId:1]
6567002,406,0:36:4,0,[StatementsData_logId:1,2]
6567002,411,0:36:8,0,[StatementsData_logId:1]
6567002,401,0:36:16,0,[StatementsData_logId:2]
6567002,402,0:36:17,0,[StatementsData_logId:2,false]
6567002,405,0:36:18,0,[StatementsData_logId:2]
6567002,406,0:36:23,0,[StatementsData_logId:2,-2]
6567002,411,0:36:27,0,[StatementsData_logId:2]
6567002,401,0:36:38,0,[StatementsData_logId:3]
6567002,404,0:36:54,0,[StatementsData_logId:3,false]
6567002,405,0:36:56,0,[StatementsData_logId:3]
6567002,406,0:37:3,0,[StatementsData_logId:3,-2]
6567002,411,0:37:6,0,[StatementsData_logId:3]
6567002,401,0:37:12,0,[StatementsData_logId:4]
6567002,402,0:37:14,0,[StatementsData_logId:4,true]
6567002,405,0:37:15,0,[StatementsData_logId:4]
6567002,406,0:37:20,0,[StatementsData_logId:4,2]
6567002,411,0:37:24,0,[StatementsData_logId:4]
6567002,401,0:37:36,0,[StatementsData_logId:5]
6567002,402,0:37:36,0,[StatementsData_logId:5,false]
6567002,405,0:37:37,0,[StatementsData_logId:5]
6567002,406,0:37:42,0,[StatementsData_logId:5,-2]
6567002,411,0:37:43,0,[StatementsData_logId:5]
6567002,420,0:37:43,0,[28]
6567002,1000,0:37:45,0,[]
6567002,400,0:37:48,0,[]
6567002,401,0:37:58,0,[StatementsData_logId:0]
6567002,402,0:37:59,0,[StatementsData_logId:0,false]
6567002,405,0:38:0,0,[StatementsData_logId:0]
6567002,406,0:38:4,0,[StatementsData_logId:0,-2]
6567002,411,0:38:6,0,[StatementsData_logId:0]
6567002,401,0:38:8,0,[StatementsData_logId:1]
6567002,402,0:38:9,0,[StatementsData_logId:1,true]
6567002,405,0:38:10,0,[StatementsData_logId:1]
6567002,406,0:38:13,0,[StatementsData_logId:1,2]
6567002,411,0:38:14,0,[StatementsData_logId:1]
6567002,401,0:38:16,0,[StatementsData_logId:2]
6567002,404,0:38:17,0,[StatementsData_logId:2,true]
6567002,406,0:38:19,0,[StatementsData_logId:2,2]
6567002,412,0:38:22,0,[StatementsData_logId:2]
6567002,413,0:38:27,0,[StatementsData_logId:2,DuelResponsesData_logId:3]
6567002,414,0:38:31,0,[StatementsData_logId:2,DuelResponsesData_logId:3]
6567002,415,0:38:58,0,[StatementsData_logId:2,DuelResponsesData_logId:3,DuelResponsesData_ok_player_response]
6567002,416,0:39:0,0,[StatementsData_logId:2,DuelResponsesData_logId:3]
6567002,417,0:39:3,0,[StatementsData_logId:2,DuelResponsesData_logId:3]
6567002,413,0:39:13,0,[StatementsData_logId:2,DuelResponsesData_logId:4]
6567002,414,0:39:14,0,[StatementsData_logId:2,DuelResponsesData_logId:4]
6567002,415,0:39:22,0,[StatementsData_logId:2,DuelResponsesData_logId:4,DuelResponsesData_ok_player_response]
6567002,416,0:39:23,0,[StatementsData_logId:2,DuelResponsesData_logId:4]
6567002,417,0:39:26,0,[StatementsData_logId:2,DuelResponsesData_logId:4]
6567002,413,0:39:32,0,[StatementsData_logId:2,DuelResponsesData_logId:5]
6567002,414,0:39:33,0,[StatementsData_logId:2,DuelResponsesData_logId:5]
6567002,415,0:39:47,0,[StatementsData_logId:2,DuelResponsesData_logId:5,DuelResponsesData_ok_player_response]
6567002,416,0:39:48,0,[StatementsData_logId:2,DuelResponsesData_logId:5]
6567002,417,0:39:49,0,[StatementsData_logId:2,DuelResponsesData_logId:5]
6567002,418,0:39:49,0,[StatementsData_logId:2,false]
6567002,419,0:39:53,0,[StatementsData_logId:2,-4]
6567002,411,0:39:55,0,[StatementsData_logId:2]
6567002,401,0:40:0,0,[StatementsData_logId:3]
6567002,403,0:40:5,0,[StatementsData_logId:3,true]
6567002,405,0:40:7,0,[StatementsData_logId:3]
6567002,406,0:40:9,0,[StatementsData_logId:3,2]
6567002,407,0:40:9,0,[StatementsData_logId:3,FactCardData_id:7]
6567002,407,0:40:9,0,[StatementsData_logId:3,FactCardData_id:3]
6567002,407,0:40:9,0,[StatementsData_logId:3,FactCardData_id:0]
6567002,407,0:40:9,0,[StatementsData_logId:3,FactCardData_id:6]
6567002,407,0:40:9,0,[StatementsData_logId:3,FactCardData_id:5]
6567002,407,0:40:9,0,[StatementsData_logId:3,FactCardData_id:4]
6567002,407,0:40:25,0,[StatementsData_logId:3,FactCardData_id:4]
6567002,407,0:40:25,0,[StatementsData_logId:3,FactCardData_id:4]
6567002,407,0:40:29,0,[StatementsData_logId:3,FactCardData_id:6]
6567002,407,0:40:29,0,[StatementsData_logId:3,FactCardData_id:4]
6567002,407,0:40:29,0,[StatementsData_logId:3,FactCardData_id:6]
6567002,407,0:40:33,0,[StatementsData_logId:3,FactCardData_id:3]
6567002,407,0:40:33,0,[StatementsData_logId:3,FactCardData_id:6]
6567002,407,0:40:33,0,[StatementsData_logId:3,FactCardData_id:3]
6567002,407,0:40:38,0,[StatementsData_logId:3,FactCardData_id:5]
6567002,407,0:40:38,0,[StatementsData_logId:3,FactCardData_id:3]
6567002,407,0:40:38,0,[StatementsData_logId:3,FactCardData_id:5]
6567002,407,0:40:41,0,[StatementsData_logId:3,FactCardData_id:0]
6567002,407,0:40:41,0,[StatementsData_logId:3,FactCardData_id:5]
6567002,407,0:40:41,0,[StatementsData_logId:3,FactCardData_id:0]
6567002,407,0:40:46,0,[StatementsData_logId:3,FactCardData_id:7]
6567002,407,0:40:46,0,[StatementsData_logId:3,FactCardData_id:0]
6567002,407,0:40:46,0,[StatementsData_logId:3,FactCardData_id:7]
6567002,408,0:40:57,0,[StatementsData_logId:3,FactCardData_id:7,false]
6567002,406,0:41:3,0,[StatementsData_logId:3,-2]
6567002,411,0:41:7,0,[StatementsData_logId:3]
6567002,401,0:41:10,0,[StatementsData_logId:4]
6567002,402,0:41:11,0,[StatementsData_logId:4,true]
6567002,405,0:41:12,0,[StatementsData_logId:4]
6567002,406,0:41:16,0,[StatementsData_logId:4,2]
6567002,411,0:41:18,0,[StatementsData_logId:4]
6567002,401,0:41:25,0,[StatementsData_logId:5]
6567002,404,0:41:27,0,[StatementsData_logId:5,true]
6567002,406,0:41:29,0,[StatementsData_logId:5,2]
6567002,412,0:41:34,0,[StatementsData_logId:5]
6567002,413,0:41:40,0,[StatementsData_logId:5,DuelResponsesData_logId:9]
6567002,414,0:41:42,0,[StatementsData_logId:5,DuelResponsesData_logId:9]
6567002,415,0:42:8,0,[StatementsData_logId:5,DuelResponsesData_logId:9,DuelResponsesData_witty_player_response]
6567002,416,0:42:8,0,[StatementsData_logId:5,DuelResponsesData_logId:9]
6567002,417,0:42:10,0,[StatementsData_logId:5,DuelResponsesData_logId:9]
6567002,413,0:42:16,0,[StatementsData_logId:5,DuelResponsesData_logId:10]
6567002,414,0:42:22,0,[StatementsData_logId:5,DuelResponsesData_logId:10]
6567002,415,0:42:30,0,[StatementsData_logId:5,DuelResponsesData_logId:10,DuelResponsesData_ok_player_response]
6567002,416,0:42:31,0,[StatementsData_logId:5,DuelResponsesData_logId:10]
6567002,417,0:42:33,0,[StatementsData_logId:5,DuelResponsesData_logId:10]
6567002,413,0:42:39,0,[StatementsData_logId:5,DuelResponsesData_logId:11]
6567002,414,0:42:42,0,[StatementsData_logId:5,DuelResponsesData_logId:11]
6567002,415,0:42:53,0,[StatementsData_logId:5,DuelResponsesData_logId:11,DuelResponsesData_witty_player_response]
6567002,416,0:42:54,0,[StatementsData_logId:5,DuelResponsesData_logId:11]
6567002,417,0:42:57,0,[StatementsData_logId:5,DuelResponsesData_logId:11]
6567002,418,0:42:57,0,[StatementsData_logId:5,true]
6567002,419,0:43:1,0,[StatementsData_logId:5,4]
6567002,411,0:43:4,0,[StatementsData_logId:5]
6567002,420,0:43:4,0,[38]
6567002,1005,0:43:4,0,[0,0,1]
6567002,1001,0:43:7,0,[]
6567002,1003,0:43:7,0
6567002,210,0:43:11,1017,465
6567002,211,0:43:12,990,437
6567002,213,0:43:12,0,c_bestFriend_M_a_G7a1P,true
6567002,1003,0:43:15,0
6567002,1004,0:43:16,0
6567002,400,0:43:18,0,[]
6567002,401,0:43:26,0,[StatementsData_logId:0]
6567002,402,0:43:29,0,[StatementsData_logId:0,false]
6567002,405,0:43:30,0,[StatementsData_logId:0]
6567002,406,0:43:33,0,[StatementsData_logId:0,-2]
6567002,411,0:43:34,0,[StatementsData_logId:0]
6567002,401,0:43:37,0,[StatementsData_logId:1]
6567002,402,0:43:38,0,[StatementsData_logId:1,true]
6567002,405,0:43:38,0,[StatementsData_logId:1]
6567002,406,0:43:39,0,[StatementsData_logId:1,2]
6567002,411,0:43:42,0,[StatementsData_logId:1]
6567002,401,0:43:47,0,[StatementsData_logId:2]
6567002,404,0:43:47,0,[StatementsData_logId:2,true]
6567002,406,0:43:50,0,[StatementsData_logId:2,2]
6567002,412,0:43:53,0,[StatementsData_logId:2]
6567002,413,0:43:56,0,[StatementsData_logId:2,DuelResponsesData_logId:3]
6567002,414,0:43:57,0,[StatementsData_logId:2,DuelResponsesData_logId:3]
6567002,415,0:44:16,0,[StatementsData_logId:2,DuelResponsesData_logId:3,DuelResponsesData_ok_player_response]
6567002,416,0:44:17,0,[StatementsData_logId:2,DuelResponsesData_logId:3]
6567002,417,0:44:19,0,[StatementsData_logId:2,DuelResponsesData_logId:3]
6567002,413,0:44:27,0,[StatementsData_logId:2,DuelResponsesData_logId:4]
6567002,414,0:44:29,0,[StatementsData_logId:2,DuelResponsesData_logId:4]
6567002,415,0:44:36,0,[StatementsData_logId:2,DuelResponsesData_logId:4,DuelResponsesData_witty_player_response]
6567002,416,0:44:37,0,[StatementsData_logId:2,DuelResponsesData_logId:4]
6567002,417,0:44:39,0,[StatementsData_logId:2,DuelResponsesData_logId:4]
6567002,413,0:44:45,0,[StatementsData_logId:2,DuelResponsesData_logId:5]
6567002,414,0:44:46,0,[StatementsData_logId:2,DuelResponsesData_logId:5]
6567002,415,0:44:58,0,[StatementsData_logId:2,DuelResponsesData_logId:5,DuelResponsesData_witty_player_response]
6567002,416,0:44:58,0,[StatementsData_logId:2,DuelResponsesData_logId:5]
6567002,417,0:45:0,0,[StatementsData_logId:2,DuelResponsesData_logId:5]
6567002,418,0:45:0,0,[StatementsData_logId:2,true]
6567002,419,0:45:4,0,[StatementsData_logId:2,4]
6567002,411,0:45:6,0,[StatementsData_logId:2]
6567002,401,0:45:11,0,[StatementsData_logId:3]
6567002,403,0:45:19,0,[StatementsData_logId:3,true]
6567002,405,0:45:20,0,[StatementsData_logId:3]
6567002,406,0:45:22,0,[StatementsData_logId:3,2]
6567002,407,0:45:22,0,[StatementsData_logId:3,FactCardData_id:0]
6567002,407,0:45:22,0,[StatementsData_logId:3,FactCardData_id:4]
6567002,407,0:45:22,0,[StatementsData_logId:3,FactCardData_id:6]
6567002,407,0:45:22,0,[StatementsData_logId:3,FactCardData_id:3]
6567002,407,0:45:22,0,[StatementsData_logId:3,FactCardData_id:5]
6567002,407,0:45:22,0,[StatementsData_logId:3,FactCardData_id:7]
6567002,407,0:45:24,0,[StatementsData_logId:3,FactCardData_id:0]
6567002,407,0:45:24,0,[StatementsData_logId:3,FactCardData_id:0]
6567002,407,0:45:27,0,[StatementsData_logId:3,FactCardData_id:6]
6567002,407,0:45:27,0,[StatementsData_logId:3,FactCardData_id:0]
6567002,407,0:45:27,0,[StatementsData_logId:3,FactCardData_id:6]
6567002,407,0:45:31,0,[StatementsData_logId:3,FactCardData_id:5]
6567002,407,0:45:31,0,[StatementsData_logId:3,FactCardData_id:6]
6567002,407,0:45:31,0,[StatementsData_logId:3,FactCardData_id:5]
6567002,407,0:45:32,0,[StatementsData_logId:3,FactCardData_id:4]
6567002,407,0:45:32,0,[StatementsData_logId:3,FactCardData_id:5]
6567002,407,0:45:32,0,[StatementsData_logId:3,FactCardData_id:4]
6567002,408,0:45:47,0,[StatementsData_logId:3,FactCardData_id:4,false]
6567002,406,0:45:57,0,[StatementsData_logId:3,-2]
6567002,411,0:45:58,0,[StatementsData_logId:3]
6567002,401,0:46:1,0,[StatementsData_logId:4]
6567002,402,0:46:2,0,[StatementsData_logId:4,true]
6567002,405,0:46:3,0,[StatementsData_logId:4]
6567002,406,0:46:6,0,[StatementsData_logId:4,2]
6567002,411,0:46:7,0,[StatementsData_logId:4]
6567002,401,0:46:14,0,[StatementsData_logId:5]
6567002,404,0:46:19,0,[StatementsData_logId:5,true]
6567002,406,0:46:21,0,[StatementsData_logId:5,2]
6567002,412,0:46:24,0,[StatementsData_logId:5]
6567002,413,0:46:28,0,[StatementsData_logId:5,DuelResponsesData_logId:9]
6567002,414,0:46:29,0,[StatementsData_logId:5,DuelResponsesData_logId:9]
6567002,415,0:46:42,0,[StatementsData_logId:5,DuelResponsesData_logId:9,DuelResponsesData_witty_player_response]
6567002,416,0:46:43,0,[StatementsData_logId:5,DuelResponsesData_logId:9]
6567002,417,0:46:44,0,[StatementsData_logId:5,DuelResponsesData_logId:9]
6567002,413,0:46:47,0,[StatementsData_logId:5,DuelResponsesData_logId:10]
6567002,414,0:46:49,0,[StatementsData_logId:5,DuelResponsesData_logId:10]
6567002,415,0:47:1,0,[StatementsData_logId:5,DuelResponsesData_logId:10,DuelResponsesData_witty_player_response]
6567002,416,0:47:2,0,[StatementsData_logId:5,DuelResponsesData_logId:10]
6567002,417,0:47:3,0,[StatementsData_logId:5,DuelResponsesData_logId:10]
6567002,413,0:47:6,0,[StatementsData_logId:5,DuelResponsesData_logId:11]
6567002,414,0:47:15,0,[StatementsData_logId:5,DuelResponsesData_logId:11]
6567002,415,0:47:23,0,[StatementsData_logId:5,DuelResponsesData_logId:11,DuelResponsesData_witty_player_response]
6567002,416,0:47:24,0,[StatementsData_logId:5,DuelResponsesData_logId:11]
6567002,417,0:47:25,0,[StatementsData_logId:5,DuelResponsesData_logId:11]
6567002,418,0:47:25,0,[StatementsData_logId:5,true]
6567002,419,0:47:29,0,[StatementsData_logId:5,4]
6567002,411,0:47:34,0,[StatementsData_logId:5]
6567002,420,0:47:34,0,[46]
6567002,1005,0:47:34,0,[0,1,2]
6567002,1000,0:47:41,0,[]
6567002,400,0:47:42,0,[]
6567002,401,0:47:49,0,[StatementsData_logId:0]
6567002,403,0:47:49,0,[StatementsData_logId:0,true]
6567002,405,0:47:50,0,[StatementsData_logId:0]
6567002,406,0:47:52,0,[StatementsData_logId:0,2]
6567002,407,0:47:52,0,[StatementsData_logId:0,FactCardData_id:6]
6567002,407,0:47:52,0,[StatementsData_logId:0,FactCardData_id:7]
6567002,407,0:47:52,0,[StatementsData_logId:0,FactCardData_id:3]
6567002,407,0:47:52,0,[StatementsData_logId:0,FactCardData_id:4]
6567002,407,0:47:52,0,[StatementsData_logId:0,FactCardData_id:0]
6567002,407,0:47:52,0,[StatementsData_logId:0,FactCardData_id:5]
6567002,407,0:47:54,0,[StatementsData_logId:0,FactCardData_id:6]
6567002,407,0:47:54,0,[StatementsData_logId:0,FactCardData_id:6]
6567002,407,0:48:2,0,[StatementsData_logId:0,FactCardData_id:3]
6567002,407,0:48:2,0,[StatementsData_logId:0,FactCardData_id:6]
6567002,407,0:48:2,0,[StatementsData_logId:0,FactCardData_id:3]
6567002,407,0:48:11,0,[StatementsData_logId:0,FactCardData_id:6]
6567002,407,0:48:11,0,[StatementsData_logId:0,FactCardData_id:3]
6567002,407,0:48:11,0,[StatementsData_logId:0,FactCardData_id:6]
6567002,408,0:48:12,0,[StatementsData_logId:0,FactCardData_id:6,true]
6567002,409,0:48:12,0,[StatementsData_logId:0]
6567002,410,0:48:14,0,[StatementsData_logId:0,2]
6567002,412,0:48:19,0,[StatementsData_logId:0]
6567002,413,0:48:23,0,[StatementsData_logId:0,DuelResponsesData_logId:0]
6567002,414,0:48:25,0,[StatementsData_logId:0,DuelResponsesData_logId:0]
6567002,415,0:48:34,0,[StatementsData_logId:0,DuelResponsesData_logId:0,DuelResponsesData_ok_player_response]
6567002,416,0:48:35,0,[StatementsData_logId:0,DuelResponsesData_logId:0]
6567002,417,0:48:37,0,[StatementsData_logId:0,DuelResponsesData_logId:0]
6567002,413,0:48:41,0,[StatementsData_logId:0,DuelResponsesData_logId:1]
6567002,414,0:48:42,0,[StatementsData_logId:0,DuelResponsesData_logId:1]
6567002,415,0:48:48,0,[StatementsData_logId:0,DuelResponsesData_logId:1,DuelResponsesData_witty_player_response]
6567002,416,0:48:48,0,[StatementsData_logId:0,DuelResponsesData_logId:1]
6567002,417,0:48:50,0,[StatementsData_logId:0,DuelResponsesData_logId:1]
6567002,413,0:48:59,0,[StatementsData_logId:0,DuelResponsesData_logId:2]
6567002,414,0:49:0,0,[StatementsData_logId:0,DuelResponsesData_logId:2]
6567002,415,0:49:15,0,[StatementsData_logId:0,DuelResponsesData_logId:2,DuelResponsesData_witty_player_response]
6567002,416,0:49:16,0,[StatementsData_logId:0,DuelResponsesData_logId:2]
6567002,417,0:49:19,0,[StatementsData_logId:0,DuelResponsesData_logId:2]
6567002,418,0:49:19,0,[StatementsData_logId:0,true]
6567002,419,0:49:23,0,[StatementsData_logId:0,4]
6567002,411,0:49:25,0,[StatementsData_logId:0]
6567002,401,0:49:30,0,[StatementsData_logId:1]
6567002,402,0:49:33,0,[StatementsData_logId:1,true]
6567002,405,0:49:34,0,[StatementsData_logId:1]
6567002,406,0:49:37,0,[StatementsData_logId:1,2]
6567002,411,0:49:38,0,[StatementsData_logId:1]
6567002,401,0:49:42,0,[StatementsData_logId:2]
6567002,404,0:49:43,0,[StatementsData_logId:2,true]
6567002,406,0:49:44,0,[StatementsData_logId:2,2]
6567002,412,0:49:47,0,[StatementsData_logId:2]
6567002,413,0:49:49,0,[StatementsData_logId:2,DuelResponsesData_logId:3]
6567002,414,0:49:52,0,[StatementsData_logId:2,DuelResponsesData_logId:3]
6567002,415,0:49:58,0,[StatementsData_logId:2,DuelResponsesData_logId:3,DuelResponsesData_ok_player_response]
6567002,416,0:49:59,0,[StatementsData_logId:2,DuelResponsesData_logId:3]
6567002,417,0:50:0,0,[StatementsData_logId:2,DuelResponsesData_logId:3]
6567002,413,0:50:7,0,[StatementsData_logId:2,DuelResponsesData_logId:4]
6567002,414,0:50:8,0,[StatementsData_logId:2,DuelResponsesData_logId:4]
6567002,415,0:50:15,0,[StatementsData_logId:2,DuelResponsesData_logId:4,DuelResponsesData_witty_player_response]
6567002,416,0:50:16,0,[StatementsData_logId:2,DuelResponsesData_logId:4]
6567002,417,0:50:17,0,[StatementsData_logId:2,DuelResponsesData_logId:4]
6567002,413,0:50:21,0,[StatementsData_logId:2,DuelResponsesData_logId:5]
6567002,414,0:50:22,0,[StatementsData_logId:2,DuelResponsesData_logId:5]
6567002,415,0:50:26,0,[StatementsData_logId:2,DuelResponsesData_logId:5,DuelResponsesData_witty_player_response]
6567002,416,0:50:27,0,[StatementsData_logId:2,DuelResponsesData_logId:5]
6567002,417,0:50:28,0,[StatementsData_logId:2,DuelResponsesData_logId:5]
6567002,418,0:50:28,0,[StatementsData_logId:2,true]
6567002,419,0:50:37,0,[StatementsData_logId:2,4]
6567002,411,0:50:39,0,[StatementsData_logId:2]
6567002,401,0:50:42,0,[StatementsData_logId:3]
6567002,403,0:50:46,0,[StatementsData_logId:3,true]
6567002,405,0:50:47,0,[StatementsData_logId:3]
6567002,406,0:50:49,0,[StatementsData_logId:3,2]
6567002,407,0:50:49,0,[StatementsData_logId:3,FactCardData_id:3]
6567002,407,0:50:49,0,[StatementsData_logId:3,FactCardData_id:0]
6567002,407,0:50:49,0,[StatementsData_logId:3,FactCardData_id:6]
6567002,407,0:50:49,0,[StatementsData_logId:3,FactCardData_id:5]
6567002,407,0:50:49,0,[StatementsData_logId:3,FactCardData_id:4]
6567002,407,0:50:49,0,[StatementsData_logId:3,FactCardData_id:7]
6567002,407,0:50:50,0,[StatementsData_logId:3,FactCardData_id:3]
6567002,407,0:50:50,0,[StatementsData_logId:3,FactCardData_id:3]
6567002,407,0:50:54,0,[StatementsData_logId:3,FactCardData_id:6]
6567002,407,0:50:54,0,[StatementsData_logId:3,FactCardData_id:3]
6567002,407,0:50:54,0,[StatementsData_logId:3,FactCardData_id:6]
6567002,407,0:50:56,0,[StatementsData_logId:3,FactCardData_id:4]
6567002,407,0:50:56,0,[StatementsData_logId:3,FactCardData_id:6]
6567002,407,0:50:56,0,[StatementsData_logId:3,FactCardData_id:4]
6567002,407,0:50:58,0,[StatementsData_logId:3,FactCardData_id:0]
6567002,407,0:50:58,0,[StatementsData_logId:3,FactCardData_id:4]
6567002,407,0:50:58,0,[StatementsData_logId:3,FactCardData_id:0]
6567002,408,0:51:2,0,[StatementsData_logId:3,FactCardData_id:0,true]
6567002,409,0:51:2,0,[StatementsData_logId:3]
6567002,410,0:51:4,0,[StatementsData_logId:3,2]
6567002,412,0:51:6,0,[StatementsData_logId:3]
6567002,413,0:51:11,0,[StatementsData_logId:3,DuelResponsesData_logId:6]
6567002,414,0:51:12,0,[StatementsData_logId:3,DuelResponsesData_logId:6]
6567002,415,0:51:23,0,[StatementsData_logId:3,DuelResponsesData_logId:6,DuelResponsesData_witty_player_response]
6567002,416,0:51:24,0,[StatementsData_logId:3,DuelResponsesData_logId:6]
6567002,417,0:51:25,0,[StatementsData_logId:3,DuelResponsesData_logId:6]
6567002,413,0:51:28,0,[StatementsData_logId:3,DuelResponsesData_logId:7]
6567002,414,0:51:29,0,[StatementsData_logId:3,DuelResponsesData_logId:7]
6567002,415,0:51:39,0,[StatementsData_logId:3,DuelResponsesData_logId:7,DuelResponsesData_ok_player_response]
6567002,416,0:51:39,0,[StatementsData_logId:3,DuelResponsesData_logId:7]
6567002,417,0:51:41,0,[StatementsData_logId:3,DuelResponsesData_logId:7]
6567002,413,0:51:48,0,[StatementsData_logId:3,DuelResponsesData_logId:8]
6567002,414,0:51:49,0,[StatementsData_logId:3,DuelResponsesData_logId:8]
6567002,415,0:51:55,0,[StatementsData_logId:3,DuelResponsesData_logId:8,DuelResponsesData_ok_player_response]
6567002,416,0:51:56,0,[StatementsData_logId:3,DuelResponsesData_logId:8]
6567002,417,0:51:57,0,[StatementsData_logId:3,DuelResponsesData_logId:8]
6567002,418,0:51:57,0,[StatementsData_logId:3,true]
6567002,419,0:52:0,0,[StatementsData_logId:3,4]
6567002,411,0:52:1,0,[StatementsData_logId:3]
6567002,401,0:52:4,0,[StatementsData_logId:4]
6567002,402,0:52:7,0,[StatementsData_logId:4,true]
6567002,405,0:52:8,0,[StatementsData_logId:4]
6567002,406,0:52:9,0,[StatementsData_logId:4,2]
6567002,411,0:52:10,0,[StatementsData_logId:4]
6567002,401,0:52:17,0,[StatementsData_logId:5]
6567002,404,0:52:18,0,[StatementsData_logId:5,true]
6567002,406,0:52:19,0,[StatementsData_logId:5,2]
6567002,412,0:52:21,0,[StatementsData_logId:5]
6567002,413,0:52:25,0,[StatementsData_logId:5,DuelResponsesData_logId:9]
6567002,414,0:52:26,0,[StatementsData_logId:5,DuelResponsesData_logId:9]
6567002,415,0:52:29,0,[StatementsData_logId:5,DuelResponsesData_logId:9,DuelResponsesData_witty_player_response]
6567002,416,0:52:30,0,[StatementsData_logId:5,DuelResponsesData_logId:9]
6567002,417,0:52:31,0,[StatementsData_logId:5,DuelResponsesData_logId:9]
6567002,413,0:52:34,0,[StatementsData_logId:5,DuelResponsesData_logId:10]
6567002,414,0:52:35,0,[StatementsData_logId:5,DuelResponsesData_logId:10]
6567002,415,0:52:35,0,[StatementsData_logId:5,DuelResponsesData_logId:10,DuelResponsesData_ok_player_response]
6567002,416,0:52:40,0,[StatementsData_logId:5,DuelResponsesData_logId:10]
6567002,417,0:52:42,0,[StatementsData_logId:5,DuelResponsesData_logId:10]
6567002,413,0:52:49,0,[StatementsData_logId:5,DuelResponsesData_logId:11]
6567002,414,0:52:51,0,[StatementsData_logId:5,DuelResponsesData_logId:11]
6567002,415,0:52:58,0,[StatementsData_logId:5,DuelResponsesData_logId:11,DuelResponsesData_witty_player_response]
6567002,416,0:52:59,0,[StatementsData_logId:5,DuelResponsesData_logId:11]
6567002,417,0:53:1,0,[StatementsData_logId:5,DuelResponsesData_logId:11]
6567002,418,0:53:1,0,[StatementsData_logId:5,true]
6567002,419,0:53:4,0,[StatementsData_logId:5,4]
6567002,411,0:53:5,0,[StatementsData_logId:5]
6567002,420,0:53:5,0,[64]
6567002,1005,0:53:5,0,[0,2,3]
6567002,1001,0:53:7,0,[]
6567002,1003,0:53:7,0
6567002,210,0:53:10,995,427
6567002,211,0:53:11,976,438
6567002,213,0:53:11,0,c_bestFriend_M_a_G7a1P,true
6567002,205,0:53:11,0,c_bestFriend_M_a_G7a1P,false,false
6567002,210,0:53:18,741,472
6567002,211,0:53:22,1349,359
6567002,212,0:53:23,2
6567002,210,0:53:24,1189,376
6567002,207,0:53:29,0,-400,0
6567002,207,0:53:34,0,0,-225
6567002,211,0:53:34,982,652
6567002,210,0:53:36,968,499
6567002,207,0:53:38,0,-225,-465
6567002,207,0:53:39,0,-465,-518
6567002,211,0:53:46,704,104
6567002,213,0:53:46,0,s_angelouPoster_gen,true
6567002,210,0:53:52,1170,286
6567002,207,0:53:53,0,-518,-188
6567002,207,0:53:55,0,-188,0
6567002,211,0:53:56,262,166
6567002,213,0:53:56,0,s_flag_gen,false
6567002,1003,0:53:59,2
6567002,1004,0:54:0,0
6567002,900,0:54:6,0,[]
6567002,901,0:54:7,0,[PeopleData_id:2]
6567002,902,0:54:9,0,[PeopleData_id:2,PeopleData_data3Type]
6567002,902,0:54:12,0,[PeopleData_id:2,PeopleData_data2Type]
6567002,902,0:54:16,0,[PeopleData_id:2,PeopleData_data1Type]
6567002,902,0:54:19,0,[PeopleData_id:2,PeopleData_data0Type]
6567002,903,0:54:22,0,[PeopleData_id2,PeopleData_data0Type]
6567002,901,0:54:23,0,[PeopleData_id:2]
6567002,904,0:54:23,0,[PeopleData_id:2]
6567002,905,0:54:24,0,[PeopleData_id:2,RankTypes_id:-1,RankTypes_id:0]
6567002,901,0:54:25,0,[PeopleData_id:4]
6567002,902,0:54:26,0,[PeopleData_id:4,PeopleData_data3Type]
6567002,903,0:54:29,0,[PeopleData_id4,PeopleData_data3Type]
6567002,902,0:54:30,0,[PeopleData_id:4,PeopleData_data2Type]
6567002,903,0:54:32,0,[PeopleData_id4,PeopleData_data2Type]
6567002,902,0:54:32,0,[PeopleData_id:4,PeopleData_data1Type]
6567002,903,0:54:35,0,[PeopleData_id4,PeopleData_data1Type]
6567002,902,0:54:35,0,[PeopleData_id:4,PeopleData_data0Type]
6567002,903,0:54:38,0,[PeopleData_id4,PeopleData_data0Type]
6567002,901,0:54:39,0,[PeopleData_id:4]
6567002,904,0:54:39,0,[PeopleData_id:4]
6567002,905,0:54:40,0,[PeopleData_id:4,RankTypes_id:-1,RankTypes_id:1]
6567002,901,0:54:41,0,[PeopleData_id:1]
6567002,904,0:54:41,0,[PeopleData_id:1]
6567002,902,0:54:42,0,[PeopleData_id:1,PeopleData_data3Type]
6567002,902,0:54:45,0,[PeopleData_id:1,PeopleData_data2Type]
6567002,902,0:54:46,0,[PeopleData_id:1,PeopleData_data1Type]
6567002,902,0:54:49,0,[PeopleData_id:1,PeopleData_data0Type]
6567002,903,0:54:52,0,[PeopleData_id1,PeopleData_data0Type]
6567002,901,0:54:52,0,[PeopleData_id:1]
6567002,904,0:54:52,0,[PeopleData_id:1]
6567002,905,0:54:53,0,[PeopleData_id:1,RankTypes_id:-1,RankTypes_id:0]
6567002,901,0:54:54,0,[PeopleData_id:3]
6567002,902,0:54:56,0,[PeopleData_id:3,PeopleData_data2Type]
6567002,902,0:54:59,0,[PeopleData_id:3,PeopleData_data1Type]
6567002,902,0:55:1,0,[PeopleData_id:3,PeopleData_data0Type]
6567002,903,0:55:4,0,[PeopleData_id3,PeopleData_data0Type]
6567002,901,0:55:5,0,[PeopleData_id:3]
6567002,904,0:55:5,0,[PeopleData_id:3]
6567002,905,0:55:6,0,[PeopleData_id:3,RankTypes_id:-1,RankTypes_id:4]
6567002,901,0:55:7,0,[PeopleData_id:0]
6567002,902,0:55:8,0,[PeopleData_id:0,PeopleData_data3Type]
6567002,902,0:55:14,0,[PeopleData_id:0,PeopleData_data2Type]
6567002,902,0:55:15,0,[PeopleData_id:0,PeopleData_data1Type]
6567002,902,0:55:18,0,[PeopleData_id:0,PeopleData_data0Type]
6567002,903,0:55:20,0,[PeopleData_id0,PeopleData_data0Type]
6567002,901,0:55:20,0,[PeopleData_id:0]
6567002,904,0:55:20,0,[PeopleData_id:0]
6567002,905,0:55:21,0,[PeopleData_id:0,RankTypes_id:-1,RankTypes_id:4]
6567002,906,0:55:21,0,[]
6567002,907,0:55:25,0,[]
6567002,908,0:55:25,0,[InvitationData_id:4,PeopleData_id:4,RankTypes_id:1]
6567002,909,0:55:41,0,[InvitationData_id:4,PeopleData_id:4,RankTypes_id:1,0]
6567002,910,0:55:43,0,[InvitationData_id:4,0,false]
6567002,908,0:55:43,0,[InvitationData_id:8,PeopleData_id:0,RankTypes_id:4]
6567002,909,0:55:53,0,[InvitationData_id:8,PeopleData_id:0,RankTypes_id:4,1]
6567002,910,0:55:54,0,[InvitationData_id:8,9,false]
6567002,908,0:55:54,0,[InvitationData_id:9,PeopleData_id:4,RankTypes_id:1]
6567002,909,0:55:59,0,[InvitationData_id:9,PeopleData_id:4,RankTypes_id:1,0]
6567002,910,0:56:0,0,[InvitationData_id:9,0,false]
6567002,908,0:56:0,0,[InvitationData_id:1,PeopleData_id:0,RankTypes_id:4]
6567002,909,0:56:3,0,[InvitationData_id:1,PeopleData_id:0,RankTypes_id:4,1]
6567002,910,0:56:3,0,[InvitationData_id:1,9,false]
6567002,908,0:56:3,0,[InvitationData_id:6,PeopleData_id:0,RankTypes_id:4]
6567002,909,0:56:7,0,[InvitationData_id:6,PeopleData_id:0,RankTypes_id:4,1]
6567002,910,0:56:8,0,[InvitationData_id:6,9,false]
6567002,908,0:56:8,0,[InvitationData_id:0,PeopleData_id:0,RankTypes_id:4]
6567002,909,0:56:13,0,[InvitationData_id:0,PeopleData_id:0,RankTypes_id:4,1]
6567002,910,0:56:13,0,[InvitationData_id:0,9,false]
6567002,908,0:56:13,0,[InvitationData_id:5,PeopleData_id:4,RankTypes_id:1]
6567002,909,0:56:18,0,[InvitationData_id:5,PeopleData_id:4,RankTypes_id:1,0]
6567002,910,0:56:21,0,[InvitationData_id:5,0,false]
6567002,908,0:56:21,0,[InvitationData_id:3,PeopleData_id:3,RankTypes_id:4]
6567002,909,0:56:28,0,[InvitationData_id:3,PeopleData_id:3,RankTypes_id:4,1]
6567002,910,0:56:29,0,[InvitationData_id:3,9,false]
6567002,911,0:56:32,0,[45,0,0,0]
6567002,1005,0:56:32,0,[2,2,3]
6567002,1001,0:56:33,0,[]
6567002,1003,0:56:33,2
6567002,210,0:56:36,915,393
6567002,207,0:56:37,0,-400,-70
6567002,211,0:56:38,260,130
6567002,213,0:56:38,0,s_flag_gen,true
6567002,205,0:56:38,0,s_flag_gen,false,false
6567002,210,0:56:42,612,418
6567002,211,0:56:43,343,180
6567002,212,0:56:44,0
6567002,207,0:56:44,0,-70,-100
6567002,210,0:56:44,981,438
6567002,207,0:56:50,0,-100,-385
6567002,207,0:56:51,0,-385,-518
6567002,211,0:56:56,963,521
6567002,213,0:56:56,0,c_bestFriend_M_a_G7a1P,true
6567002,205,0:56:56,0,c_bestFriend_M_a_G7a1P,false,true
6567002,210,0:57:0,1203,466
6567002,207,0:57:3,0,-518,-278
6567002,207,0:57:5,0,-278,-128
6567002,207,0:57:5,0,-128,0
6567002,211,0:57:7,2,611
6567002,210,0:57:8,283,337
6567002,207,0:57:16,0,0,-518
6567002,211,0:57:26,757,417
6567002,219,0:57:29,0
6567002,218,0:57:33,0
6567002,210,0:57:34,1228,317
6567002,211,0:57:37,1136,242
6567002,210,0:57:38,1209,75
6567002,211,0:57:39,1223,167
6567002,213,0:57:39,0,s_clock_G7a1P,true
6567002,210,0:57:43,1481,451
6567002,211,0:57:45,1519,213
6567002,210,0:57:50,1511,299
6567002,211,0:57:53,670,384
6567002,213,0:57:53,0,s_paperPlayers_G7a1P,true
6567002,212,0:57:55,1
6567002,210,0:57:55,1256,415
6567002,211,0:57:57,796,352
6567002,213,0:57:57,0,c_teacherEng_G7a1P,true
6567002,205,0:57:57,0,c_teacherEng_G7a1P,false,true
6567002,210,0:58:1,1076,404
6567002,207,0:58:9,0,-518,-8
6567002,211,0:58:11,392,454
6567002,212,0:58:11,2
6567002,210,0:58:13,558,338
6567002,207,0:58:16,0,-8,-218
6567002,207,0:58:18,0,-218,-518
6567002,211,0:58:22,1221,405
6567002,210,0:58:23,1222,330
6567002,207,0:58:27,0,-518,-113
6567002,211,0:58:33,266,146
6567002,213,0:58:33,0,s_flag_gen,true
6567002,205,0:58:33,0,s_flag_gen,false,true
6567002,210,0:58:37,459,426
6567002,211,0:58:39,891,592
6567002,212,0:58:40,0
6567002,210,0:58:41,1029,479
6567002,211,0:58:45,642,484
6567002,210,0:58:45,639,428
6567002,207,0:58:51,0,-113,-518
6567002,211,0:58:57,807,609
6567002,210,0:58:59,859,413
6567002,211,0:58:59,752,560
6567002,210,0:59:1,643,481
6567002,211,0:59:9,1038,138
6567002,210,0:59:10,1220,126
6567002,207,0:59:14,0,-518,-473
6567002,211,0:59:15,689,145
6567002,213,0:59:15,0,s_angelouPoster_gen,true
6567002,210,0:59:16,965,57
6567002,207,0:59:17,0,-473,-323
6567002,211,0:59:19,485,92
6567002,210,0:59:19,504,98
6567002,211,0:59:20,466,366
6567002,210,0:59:26,877,286
6567002,207,0:59:26,0,-323,-218
6567002,211,0:59:27,147,432
6567002,207,0:59:27,0,-218,-128
6567002,210,0:59:28,62,426
6567002,207,0:59:28,0,-128,0
6567002,211,0:59:42,822,544
6567002,207,1:0:3,0,0,-15
6567002,210,1:0:3,609,398
6567002,211,1:0:3,581,427
6567002,210,1:0:3,677,446
6567002,207,1:0:6,0,-15,-518
6567002,211,1:0:7,1191,495
6567002,210,1:0:11,1525,334
6567002,211,1:0:11,1489,336
6567002,212,1:0:12,2
6567002,210,1:0:12,1536,412
6567002,211,1:0:13,1502,331
6567002,212,1:0:16,1
6567002,210,1:0:17,1500,361
6567002,211,1:0:17,1506,336
6567002,213,1:0:17,0,s_paperEnglish_gen,true
6567002,205,1:0:17,0,s_paperEnglish_gen,false,false
6567002,221,1:0:26,0
6567002,220,1:0:29,0
6567002,203,1:0:29,0
6567002,103,1:0:48
6567002,105,1:0:53
6567002,703,1:0:55,[|| EpilogueItem ID: 0 unlocked: true ||,|| EpilogueItem ID: 1 unlocked: false ||,|| EpilogueItem ID: 2 unlocked: false ||,|| EpilogueItem ID: 3 unlocked: false ||,|| EpilogueItem ID: 4 unlocked: false ||,|| EpilogueItem ID: 5 unlocked: false ||,|| EpilogueItem ID: 6 unlocked: false ||,|| EpilogueItem ID: 7 unlocked: false ||,|| EpilogueItem ID: 8 unlocked: false ||,|| EpilogueItem ID: 9 unlocked: false ||,|| EpilogueItem ID: 10 unlocked: false ||,|| EpilogueItem ID: 11 unlocked: false ||,|| EpilogueItem ID: 12 unlocked: false ||,|| EpilogueItem ID: 13 unlocked: false ||,|| EpilogueItem ID: 14 unlocked: false ||,|| EpilogueItem ID: 15 unlocked: false ||,|| EpilogueItem ID: 16 unlocked: false ||,|| EpilogueItem ID: 17 unlocked: false ||,|| EpilogueItem ID: 18 unlocked: false ||,|| EpilogueItem ID: 19 unlocked: false ||,|| EpilogueItem ID: 20 unlocked: false ||,|| EpilogueItem ID: 21 unlocked: false ||,|| EpilogueItem ID: 22 unlocked: false ||,|| EpilogueItem ID: 23 unlocked: false ||,|| EpilogueItem ID: 24 unlocked: false ||],0.04
6567002,706,1:0:59,(x=0, y=-100, w=1024, h=768),(x=0, y=-100, w=1024, h=768)
6567002,706,1:1:4,(x=1309, y=-100, w=1024, h=768),(x=1668, y=-100, w=1024, h=768)
6567002,706,1:1:7,(x=2531, y=-100, w=1024, h=768),(x=2531, y=-100, w=1024, h=768)
6567002,708,1:1:11
6567002,1,1:1:11,10/18/2013 5:04:54pm,{"gameTime":3671926,"challengeStacks":[{"challengeScenes":[{"miniGameCards":[],"viewedAnimatic":true,"keyPoints":["c_teacherEng_G7a0","c_bestFriend_M_a_G7a0","s_flag_gen"],"unlocked":true,"touchableObjects":["s_vocabAssignment_G7a0","c_crewKid1_M_G7a0","s_doorClassroom_G7a0","c_friend1_M_a_G7a0","s_atwoodPoster_gen","c_teacherEng_G7a0","c_bestFriend_M_a_G7a0","s_flag_gen"]},{"miniGameCards":[],"viewedAnimatic":true,"keyPoints":["c_bestFriend_M_a_G7a1N","c_teacherEng_G7a1N","s_paperPlayers_G7a1N"],"unlocked":true,"touchableObjects":["c_bestFriend_M_a_G7a1N","c_teacherEng_G7a1N","s_otherStudent2_G7a1N","c_crewKid1_M_G7a1N","s_flag_gen","s_paperPlayers_G7a1N"]},{"miniGameCards":[],"viewedAnimatic":true,"keyPoints":["c_teacherEng_G7a1P","c_bestFriend_M_a_G7a1P","s_flag_gen","s_paperEnglish_gen"],"unlocked":true,"touchableObjects":["c_teacherEng_G7a1P","c_bestFriend_M_a_G7a1P","s_angelouPoster_gen","s_flag_gen","s_clock_G7a1P","s_paperPlayers_G7a1P","s_paperEnglish_gen"]}],"stackSize":3,"resolved":true},{"challengeScenes":[{"miniGameCards":[],"viewedAnimatic":false,"keyPoints":[],"unlocked":true,"touchableObjects":[]},{"miniGameCards":[],"viewedAnimatic":false,"keyPoints":[],"unlocked":true,"touchableObjects":[]},{"miniGameCards":[],"viewedAnimatic":false,"keyPoints":[],"unlocked":false,"touchableObjects":[]},{"miniGameCards":[],"viewedAnimatic":false,"keyPoints":[],"unlocked":false,"touchableObjects":[]},{"miniGameCards":[],"viewedAnimatic":false,"keyPoints":[],"unlocked":false,"touchableObjects":[]}],"stackSize":5,"resolved":false},{"challengeScenes":[{"miniGameCards":[],"viewedAnimatic":false,"keyPoints":[],"unlocked":false,"touchableObjects":[]},{"miniGameCards":[],"viewedAnimatic":false,"keyPoints":[],"unlocked":false,"touchableObjects":[]},{"miniGameCards":[],"viewedAnimatic":false,"keyPoints":[],"unlocked":false,"touchableObjects":[]},{"miniGameCards":[],"viewedAnimatic":false,"keyPoints":[],"unlocked":false,"touchableObjects":[]},{"miniGameCards":[],"viewedAnimatic":false,"keyPoints":[],"unlocked":false,"touchableObjects":[]},{"miniGameCards":[],"viewedAnimatic":false,"keyPoints":[],"unlocked":false,"touchableObjects":[]},{"miniGameCards":[],"viewedAnimatic":false,"keyPoints":[],"unlocked":false,"touchableObjects":[]}],"stackSize":7,"resolved":false},{"challengeScenes":[{"miniGameCards":[],"viewedAnimatic":false,"keyPoints":[],"unlocked":false,"touchableObjects":[]},{"miniGameCards":[],"viewedAnimatic":false,"keyPoints":[],"unlocked":false,"touchableObjects":[]},{"miniGameCards":[],"viewedAnimatic":false,"keyPoints":[],"unlocked":false,"touchableObjects":[]},{"miniGameCards":[],"viewedAnimatic":false,"keyPoints":[],"unlocked":false,"touchableObjects":[]},{"miniGameCards":[],"viewedAnimatic":false,"keyPoints":[],"unlocked":false,"touchableObjects":[]}],"stackSize":5,"resolved":false},{"challengeScenes":[{"miniGameCards":[],"viewedAnimatic":false,"keyPoints":[],"unlocked":false,"touchableObjects":[]},{"miniGameCards":[],"viewedAnimatic":false,"keyPoints":[],"unlocked":false,"touchableObjects":[]},{"miniGameCards":[],"viewedAnimatic":false,"keyPoints":[],"unlocked":false,"touchableObjects":[]},{"miniGameCards":[],"viewedAnimatic":false,"keyPoints":[],"unlocked":false,"touchableObjects":[]},{"miniGameCards":[],"viewedAnimatic":false,"keyPoints":[],"unlocked":false,"touchableObjects":[]}],"stackSize":5,"resolved":false},{"challengeScenes":[{"miniGameCards":[],"viewedAnimatic":false,"keyPoints":[],"unlocked":false,"touchableObjects":[]},{"miniGameCards":[],"viewedAnimatic":false,"keyPoints":[],"unlocked":false,"touchableObjects":[]},{"miniGameCards":[],"viewedAnimatic":false,"keyPoints":[],"unlocked":false,"touchableObjects":[]},{"miniGameCards":[],"viewedAnimatic":false,"keyPoints":[],"unlocked":false,"touchableObjects":[]},{"miniGameCards":[],"viewedAnimatic":false,"keyPoints":[],"unlocked":false,"touchableObjects":[]}],"stackSize":5,"resolved":false},{"challengeScenes":[{"miniGameCards":[],"viewedAnimatic":false,"keyPoints":[],"unlocked":false,"touchableObjects":[]},{"miniGameCards":[],"viewedAnimatic":false,"keyPoints":[],"unlocked":false,"touchableObjects":[]},{"miniGameCards":[],"viewedAnimatic":false,"keyPoints":[],"unlocked":false,"touchableObjects":[]},{"miniGameCards":[],"viewedAnimatic":false,"keyPoints":[],"unlocked":false,"touchableObjects":[]},{"miniGameCards":[],"viewedAnimatic":false,"keyPoints":[],"unlocked":false,"touchableObjects":[]}],"stackSize":5,"resolved":false},{"challengeScenes":[{"miniGameCards":[],"viewedAnimatic":false,"keyPoints":[],"unlocked":false,"touchableObjects":[]},{"miniGameCards":[],"viewedAnimatic":false,"keyPoints":[],"unlocked":false,"touchableObjects":[]},{"miniGameCards":[],"viewedAnimatic":false,"keyPoints":[],"unlocked":false,"touchableObjects":[]},{"miniGameCards":[],"viewedAnimatic":false,"keyPoints":[],"unlocked":false,"touchableObjects":[]},{"miniGameCards":[],"viewedAnimatic":false,"keyPoints":[],"unlocked":false,"touchableObjects":[]}],"stackSize":5,"resolved":false},{"challengeScenes":[{"miniGameCards":[],"viewedAnimatic":false,"keyPoints":[],"unlocked":false,"touchableObjects":[]},{"miniGameCards":[],"viewedAnimatic":false,"keyPoints":[],"unlocked":false,"touchableObjects":[]},{"miniGameCards":[],"viewedAnimatic":false,"keyPoints":[],"unlocked":false,"touchableObjects":[]},{"miniGameCards":[],"viewedAnimatic":false,"keyPoints":[],"unlocked":false,"touchableObjects":[]},{"miniGameCards":[],"viewedAnimatic":false,"keyPoints":[],"unlocked":false,"touchableObjects":[]}],"stackSize":5,"resolved":false},{"challengeScenes":[{"miniGameCards":[],"viewedAnimatic":false,"keyPoints":[],"unlocked":false,"touchableObjects":[]},{"miniGameCards":[],"viewedAnimatic":false,"keyPoints":[],"unlocked":false,"touchableObjects":[]},{"miniGameCards":[],"viewedAnimatic":false,"keyPoints":[],"unlocked":false,"touchableObjects":[]},{"miniGameCards":[],"viewedAnimatic":false,"keyPoints":[],"unlocked":false,"touchableObjects":[]},{"miniGameCards":[],"viewedAnimatic":false,"keyPoints":[],"unlocked":false,"touchableObjects":[]}],"stackSize":5,"resolved":false},{"challengeScenes":[{"miniGameCards":[],"viewedAnimatic":false,"keyPoints":[],"unlocked":false,"touchableObjects":[]},{"miniGameCards":[],"viewedAnimatic":false,"keyPoints":[],"unlocked":false,"touchableObjects":[]},{"miniGameCards":[],"viewedAnimatic":false,"keyPoints":[],"unlocked":false,"touchableObjects":[]},{"miniGameCards":[],"viewedAnimatic":false,"keyPoints":[],"unlocked":false,"touchableObjects":[]},{"miniGameCards":[],"viewedAnimatic":false,"keyPoints":[],"unlocked":false,"touchableObjects":[]}],"stackSize":5,"resolved":false},{"challengeScenes":[{"miniGameCards":[],"viewedAnimatic":false,"keyPoints":[],"unlocked":false,"touchableObjects":[]},{"miniGameCards":[],"viewedAnimatic":false,"keyPoints":[],"unlocked":false,"touchableObjects":[]},{"miniGameCards":[],"viewedAnimatic":false,"keyPoints":[],"unlocked":false,"touchableObjects":[]},{"miniGameCards":[],"viewedAnimatic":false,"keyPoints":[],"unlocked":false,"touchableObjects":[]},{"miniGameCards":[],"viewedAnimatic":false,"keyPoints":[],"unlocked":false,"touchableObjects":[]}],"stackSize":5,"resolved":false},{"challengeScenes":[{"miniGameCards":[],"viewedAnimatic":false,"keyPoints":[],"unlocked":true,"touchableObjects":["c_player_afri_M_a_G0a0"]},{"miniGameCards":[],"viewedAnimatic":false,"keyPoints":["c_family_afri_a_G0a1N","c_home_G0a1N","c_job_G0a1N"],"unlocked":true,"touchableObjects":["c_family_afri_a_G0a1N","c_home_G0a1N","c_job_G0a1N"]},{"miniGameCards":[],"viewedAnimatic":false,"keyPoints":["c_dad_afri_a_G0a1P","c_grandma_afri_a_G0a1P","c_Teacher_G0a1P","c_kidsister_afri_a_G0a1P","c_mom_afri_a_G0a1P","c_Nurse_G0a1P"],"unlocked":true,"touchableObjects":["c_friends_G0a1P","c_dad_afri_a_G0a1P","c_grandma_afri_a_G0a1P","c_Teacher_G0a1P","c_cousins_M_a_G0a1P","c_kidsister_afri_a_G0a1P","c_mom_afri_a_G0a1P","c_Nurse_G0a1P"]}],"stackSize":3,"resolved":true}],"sessionId":1,"epilogue":{"rating":0},"playerId":6567002,"session":[{"sceneId":"1P","stackId":12},{"sceneId":"1P","stackId":0}],"minigames":[{"levelSaveData":[{"starRating":3,"unlocked":true},{"starRating":0,"unlocked":false},{"starRating":0,"unlocked":false},{"starRating":0,"unlocked":false},{"starRating":0,"unlocked":false},{"starRating":0,"unlocked":false},{"starRating":0,"unlocked":false},{"starRating":0,"unlocked":false},{"starRating":0,"unlocked":false},{"starRating":0,"unlocked":false}],"skillPoints":3},{"levelSaveData":[{"starRating":3,"unlocked":true},{"starRating":0,"unlocked":false},{"starRating":0,"unlocked":false},{"starRating":0,"unlocked":false},{"starRating":0,"unlocked":true},{"starRating":0,"unlocked":false},{"starRating":0,"unlocked":false},{"starRating":0,"unlocked":false},{"starRating":0,"unlocked":false},{"starRating":0,"unlocked":false}],"skillPoints":3},{"levelSaveData":[{"starRating":3,"unlocked":true},{"starRating":0,"unlocked":true},{"starRating":0,"unlocked":false},{"starRating":0,"unlocked":false},{"starRating":0,"unlocked":false},{"starRating":0,"unlocked":false},{"starRating":0,"unlocked":false},{"starRating":0,"unlocked":false},{"starRating":0,"unlocked":false},{"starRating":0,"unlocked":false}],"skillPoints":3},{"levelSaveData":[{"starRating":0,"unlocked":true},{"starRating":0,"unlocked":false},{"starRating":0,"unlocked":false},{"starRating":0,"unlocked":false},{"starRating":0,"unlocked":false},{"starRating":0,"unlocked":false},{"starRating":0,"unlocked":false},{"starRating":0,"unlocked":false},{"starRating":0,"unlocked":false},{"starRating":0,"unlocked":false}],"skillPoints":0},{"age":14,"name":"Jordon","gender":0,"levelSaveData":[{"starRating":3,"unlocked":true},{"starRating":3,"chunks":[["1"],["7$$chill","10$$funny"],["6$$music","0$$rights","12$$partying"],["1"]],"unlocked":true},{"starRating":0,"chunks":[[null],[null,null],[null,null]],"unlocked":true},{"starRating":0,"chunks":[[null],[null],[null],[null],[null,null],[null]],"unlocked":false},{"starRating":0,"chunks":[[null],[null],[null,null],[null],[null],[null]],"unlocked":false},{"starRating":0,"chunks":[[null],[null,null,null,null],[null],[null]],"unlocked":false},{"starRating":0,"chunks":[[null],[null],[null,null],[null,null],[null]],"unlocked":false},{"starRating":0,"chunks":[[null,null,null],[null,null,null],[null],[null],[null]],"unlocked":false},{"starRating":0,"chunks":[[null,null,null],[null,null,null],[null,null]],"unlocked":false},{"starRating":0,"chunks":[[null],[null],[null],[null],[null],[null]],"unlocked":false}],"visualAvatar":0,"id":0,"skillPoints":6}],"avatar":{"age":14,"name":"Jordon","gender":0,"levelSaveData":[{"starRating":3,"unlocked":true},{"starRating":3,"chunks":[["1"],["7$$chill","10$$funny"],["6$$music","0$$rights","12$$partying"],["1"]],"unlocked":true},{"starRating":0,"chunks":[[null],[null,null],[null,null]],"unlocked":true},{"starRating":0,"chunks":[[null],[null],[null],[null],[null,null],[null]],"unlocked":false},{"starRating":0,"chunks":[[null],[null],[null,null],[null],[null],[null]],"unlocked":false},{"starRating":0,"chunks":[[null],[null,null,null,null],[null],[null]],"unlocked":false},{"starRating":0,"chunks":[[null],[null],[null,null],[null,null],[null]],"unlocked":false},{"starRating":0,"chunks":[[null,null,null],[null,null,null],[null],[null],[null]],"unlocked":false},{"starRating":0,"chunks":[[null,null,null],[null,null,null],[null,null]],"unlocked":false},{"starRating":0,"chunks":[[null],[null],[null],[null],[null],[null]],"unlocked":false}],"visualAvatar":0,"id":0,"skillPoints":6}}
