6567002,0,1:1:11,10/25/2013 4:00:32pm
6567002,100,1:2:9,1
6567002,102,1:2:15,1
6567002,200,1:2:15,1,3,3,3,0,6
6567002,219,1:2:15,1
6567002,216,1:2:16,Stack_G7b0
6567002,217,1:2:37,Stack_G7b0,20,1.5
6567002,218,1:2:41,1
6567002,210,1:2:43,1241,294
6567002,207,1:2:47,1,-500,-290
6567002,207,1:2:48,1,-290,0
6567002,211,1:2:49,197,454
6567002,213,1:2:49,1,c_kidSister_afri_a_G7b0,true
6567002,205,1:2:49,1,c_kidSister_afri_a_G7b0,false,false
6567002,210,1:2:54,340,471
6567002,211,1:2:58,1189,420
6567002,207,1:2:58,1,0,-210
6567002,212,1:2:59,2
6567002,210,1:2:59,1255,506
6567002,207,1:2:59,1,-210,-330
6567002,211,1:3:2,1018,483
6567002,213,1:3:2,1,c_crewKid1_M_G7b0,false
6567002,210,1:3:8,1132,404
6567002,211,1:3:8,1018,497
6567002,213,1:3:8,1,c_crewKid1_M_G7b0,false
6567002,1003,1:3:12,2
6567002,1004,1:3:13,1
6567002,900,1:3:27,1,[]
6567002,901,1:3:28,1,[PeopleData_id:5]
6567002,902,1:3:29,1,[PeopleData_id:5,PeopleData_data2Type]
6567002,902,1:3:33,1,[PeopleData_id:5,PeopleData_data1Type]
6567002,902,1:3:35,1,[PeopleData_id:5,PeopleData_data0Type]
6567002,903,1:3:39,1,[PeopleData_id5,PeopleData_data0Type]
6567002,901,1:3:40,1,[PeopleData_id:5]
6567002,904,1:3:40,1,[PeopleData_id:5]
6567002,905,1:3:41,1,[PeopleData_id:5,RankTypes_id:-1,RankTypes_id:4]
6567002,901,1:3:42,1,[PeopleData_id:3]
6567002,902,1:3:44,1,[PeopleData_id:3,PeopleData_data3Type]
6567002,902,1:3:50,1,[PeopleData_id:3,PeopleData_data2Type]
6567002,902,1:3:54,1,[PeopleData_id:3,PeopleData_data1Type]
6567002,902,1:3:58,1,[PeopleData_id:3,PeopleData_data0Type]
6567002,903,1:4:6,1,[PeopleData_id3,PeopleData_data0Type]
6567002,901,1:4:7,1,[PeopleData_id:3]
6567002,904,1:4:7,1,[PeopleData_id:3]
6567002,905,1:4:8,1,[PeopleData_id:3,RankTypes_id:-1,RankTypes_id:0]
6567002,901,1:4:10,1,[PeopleData_id:4]
6567002,904,1:4:10,1,[PeopleData_id:4]
6567002,902,1:4:11,1,[PeopleData_id:4,PeopleData_data3Type]
6567002,902,1:4:14,1,[PeopleData_id:4,PeopleData_data2Type]
6567002,902,1:4:17,1,[PeopleData_id:4,PeopleData_data1Type]
6567002,902,1:4:19,1,[PeopleData_id:4,PeopleData_data0Type]
6567002,903,1:4:22,1,[PeopleData_id4,PeopleData_data0Type]
6567002,901,1:4:23,1,[PeopleData_id:4]
6567002,904,1:4:23,1,[PeopleData_id:4]
6567002,905,1:4:25,1,[PeopleData_id:4,RankTypes_id:-1,RankTypes_id:4]
6567002,901,1:4:26,1,[PeopleData_id:1]
6567002,904,1:4:26,1,[PeopleData_id:1]
6567002,902,1:4:27,1,[PeopleData_id:1,PeopleData_data3Type]
6567002,902,1:4:29,1,[PeopleData_id:1,PeopleData_data2Type]
6567002,902,1:4:31,1,[PeopleData_id:1,PeopleData_data1Type]
6567002,902,1:4:34,1,[PeopleData_id:1,PeopleData_data0Type]
6567002,903,1:4:37,1,[PeopleData_id1,PeopleData_data0Type]
6567002,901,1:4:38,1,[PeopleData_id:1]
6567002,904,1:4:38,1,[PeopleData_id:1]
6567002,905,1:4:39,1,[PeopleData_id:1,RankTypes_id:-1,RankTypes_id:3]
6567002,901,1:4:39,1,[PeopleData_id:2]
6567002,904,1:4:39,1,[PeopleData_id:2]
6567002,902,1:4:40,1,[PeopleData_id:2,PeopleData_data3Type]
6567002,902,1:4:44,1,[PeopleData_id:2,PeopleData_data2Type]
6567002,902,1:4:47,1,[PeopleData_id:2,PeopleData_data1Type]
6567002,902,1:4:50,1,[PeopleData_id:2,PeopleData_data0Type]
6567002,903,1:4:53,1,[PeopleData_id2,PeopleData_data0Type]
6567002,901,1:4:54,1,[PeopleData_id:2]
6567002,904,1:4:54,1,[PeopleData_id:2]
6567002,905,1:4:59,1,[PeopleData_id:2,RankTypes_id:-1,RankTypes_id:1]
6567002,901,1:4:59,1,[PeopleData_id:0]
6567002,902,1:5:1,1,[PeopleData_id:0,PeopleData_data2Type]
6567002,902,1:5:4,1,[PeopleData_id:0,PeopleData_data1Type]
6567002,902,1:5:6,1,[PeopleData_id:0,PeopleData_data0Type]
6567002,903,1:5:10,1,[PeopleData_id0,PeopleData_data0Type]
6567002,901,1:5:10,1,[PeopleData_id:0]
6567002,904,1:5:11,1,[PeopleData_id:0]
6567002,905,1:5:12,1,[PeopleData_id:0,RankTypes_id:-1,RankTypes_id:1]
6567002,901,1:5:13,1,[PeopleData_id:6]
6567002,902,1:5:14,1,[PeopleData_id:6,PeopleData_data3Type]
6567002,902,1:5:19,1,[PeopleData_id:6,PeopleData_data2Type]
6567002,902,1:5:21,1,[PeopleData_id:6,PeopleData_data1Type]
6567002,902,1:5:24,1,[PeopleData_id:6,PeopleData_data0Type]
6567002,903,1:5:32,1,[PeopleData_id6,PeopleData_data0Type]
6567002,901,1:5:32,1,[PeopleData_id:6]
6567002,904,1:5:32,1,[PeopleData_id:6]
6567002,905,1:5:33,1,[PeopleData_id:6,RankTypes_id:-1,RankTypes_id:2]
6567002,906,1:5:33,1,[]
6567002,907,1:5:36,1,[]
6567002,908,1:5:36,1,[InvitationData_id:0,PeopleData_id:4,RankTypes_id:4]
6567002,909,1:5:43,1,[InvitationData_id:0,PeopleData_id:4,RankTypes_id:4,1]
6567002,910,1:5:44,1,[InvitationData_id:0,9,false]
6567002,908,1:5:44,1,[InvitationData_id:10,PeopleData_id:4,RankTypes_id:4]
6567002,909,1:5:46,1,[InvitationData_id:10,PeopleData_id:4,RankTypes_id:4,1]
6567002,910,1:5:47,1,[InvitationData_id:10,9,false]
6567002,908,1:5:47,1,[InvitationData_id:7,PeopleData_id:2,RankTypes_id:1]
6567002,909,1:5:53,1,[InvitationData_id:7,PeopleData_id:2,RankTypes_id:1,0]
6567002,910,1:5:54,1,[InvitationData_id:7,0,false]
6567002,908,1:5:54,1,[InvitationData_id:8,PeopleData_id:5,RankTypes_id:4]
6567002,909,1:6:0,1,[InvitationData_id:8,PeopleData_id:5,RankTypes_id:4,1]
6567002,910,1:6:1,1,[InvitationData_id:8,9,false]
6567002,908,1:6:1,1,[InvitationData_id:5,PeopleData_id:6,RankTypes_id:2]
6567002,909,1:6:9,1,[InvitationData_id:5,PeopleData_id:6,RankTypes_id:2,0]
6567002,910,1:6:16,1,[InvitationData_id:5,-2,false]
6567002,908,1:6:16,1,[InvitationData_id:3,PeopleData_id:4,RankTypes_id:4]
6567002,909,1:6:20,1,[InvitationData_id:3,PeopleData_id:4,RankTypes_id:4,1]
6567002,910,1:6:21,1,[InvitationData_id:3,9,false]
6567002,908,1:6:21,1,[InvitationData_id:1,PeopleData_id:4,RankTypes_id:4]
6567002,909,1:6:25,1,[InvitationData_id:1,PeopleData_id:4,RankTypes_id:4,1]
6567002,910,1:6:26,1,[InvitationData_id:1,9,false]
6567002,908,1:6:26,1,[InvitationData_id:4,PeopleData_id:0,RankTypes_id:1]
6567002,901,1:6:33,1,[PeopleData_id:0]
6567002,902,1:6:34,1,[PeopleData_id:0,PeopleData_data2Type]
6567002,909,1:6:36,1,[InvitationData_id:4,PeopleData_id:0,RankTypes_id:1,0]
6567002,910,1:6:38,1,[InvitationData_id:4,0,false]
6567002,908,1:6:38,1,[InvitationData_id:2,PeopleData_id:4,RankTypes_id:4]
6567002,909,1:6:41,1,[InvitationData_id:2,PeopleData_id:4,RankTypes_id:4,1]
6567002,910,1:6:48,1,[InvitationData_id:2,0,true]
6567002,908,1:6:48,1,[InvitationData_id:9,PeopleData_id:4,RankTypes_id:4]
6567002,909,1:6:53,1,[InvitationData_id:9,PeopleData_id:4,RankTypes_id:4,1]
6567002,910,1:6:55,1,[InvitationData_id:9,0,true]
6567002,908,1:6:55,1,[InvitationData_id:6,PeopleData_id:4,RankTypes_id:4]
6567002,909,1:6:59,1,[InvitationData_id:6,PeopleData_id:4,RankTypes_id:4,0]
6567002,910,1:7:2,1,[InvitationData_id:6,-11,false]
6567002,911,1:7:4,1,[32,2,2,2]
6567002,1005,1:7:4,1,[2,0,1]
6567002,1000,1:7:9,1,[]
6567002,900,1:7:10,1,[]
6567002,901,1:7:11,1,[PeopleData_id:1]
6567002,904,1:7:12,1,[PeopleData_id:1]
6567002,902,1:7:13,1,[PeopleData_id:1,PeopleData_data3Type]
6567002,902,1:7:14,1,[PeopleData_id:1,PeopleData_data2Type]
6567002,902,1:7:15,1,[PeopleData_id:1,PeopleData_data1Type]
6567002,902,1:7:17,1,[PeopleData_id:1,PeopleData_data0Type]
6567002,903,1:7:18,1,[PeopleData_id1,PeopleData_data0Type]
6567002,901,1:7:19,1,[PeopleData_id:1]
6567002,904,1:7:19,1,[PeopleData_id:1]
6567002,905,1:7:20,1,[PeopleData_id:1,RankTypes_id:-1,RankTypes_id:4]
6567002,901,1:7:21,1,[PeopleData_id:4]
6567002,902,1:7:25,1,[PeopleData_id:4,PeopleData_data3Type]
6567002,902,1:7:27,1,[PeopleData_id:4,PeopleData_data2Type]
6567002,902,1:7:31,1,[PeopleData_id:4,PeopleData_data1Type]
6567002,902,1:7:32,1,[PeopleData_id:4,PeopleData_data0Type]
6567002,903,1:7:33,1,[PeopleData_id4,PeopleData_data0Type]
6567002,901,1:7:34,1,[PeopleData_id:4]
6567002,904,1:7:34,1,[PeopleData_id:4]
6567002,905,1:7:34,1,[PeopleData_id:4,RankTypes_id:-1,RankTypes_id:4]
6567002,901,1:7:35,1,[PeopleData_id:2]
6567002,902,1:7:36,1,[PeopleData_id:2,PeopleData_data3Type]
6567002,902,1:7:39,1,[PeopleData_id:2,PeopleData_data2Type]
6567002,902,1:7:42,1,[PeopleData_id:2,PeopleData_data1Type]
6567002,903,1:7:46,1,[PeopleData_id2,PeopleData_data1Type]
6567002,901,1:7:47,1,[PeopleData_id:2]
6567002,904,1:7:47,1,[PeopleData_id:2]
6567002,905,1:7:49,1,[PeopleData_id:2,RankTypes_id:-1,RankTypes_id:0]
6567002,901,1:7:50,1,[PeopleData_id:3]
6567002,902,1:7:51,1,[PeopleData_id:3,PeopleData_data3Type]
6567002,902,1:7:54,1,[PeopleData_id:3,PeopleData_data2Type]
6567002,902,1:7:57,1,[PeopleData_id:3,PeopleData_data1Type]
6567002,902,1:7:58,1,[PeopleData_id:3,PeopleData_data0Type]
6567002,903,1:7:59,1,[PeopleData_id3,PeopleData_data0Type]
6567002,901,1:8:0,1,[PeopleData_id:3]
6567002,904,1:8:0,1,[PeopleData_id:3]
6567002,905,1:8:1,1,[PeopleData_id:3,RankTypes_id:-1,RankTypes_id:0]
6567002,901,1:8:1,1,[PeopleData_id:6]
6567002,902,1:8:3,1,[PeopleData_id:6,PeopleData_data3Type]
6567002,902,1:8:5,1,[PeopleData_id:6,PeopleData_data2Type]
6567002,902,1:8:7,1,[PeopleData_id:6,PeopleData_data1Type]
6567002,902,1:8:9,1,[PeopleData_id:6,PeopleData_data0Type]
6567002,903,1:8:11,1,[PeopleData_id6,PeopleData_data0Type]
6567002,901,1:8:12,1,[PeopleData_id:6]
6567002,904,1:8:12,1,[PeopleData_id:6]
6567002,905,1:8:13,1,[PeopleData_id:6,RankTypes_id:-1,RankTypes_id:2]
6567002,901,1:8:13,1,[PeopleData_id:0]
6567002,902,1:8:14,1,[PeopleData_id:0,PeopleData_data2Type]
6567002,902,1:8:16,1,[PeopleData_id:0,PeopleData_data1Type]
6567002,902,1:8:20,1,[PeopleData_id:0,PeopleData_data0Type]
6567002,903,1:8:24,1,[PeopleData_id0,PeopleData_data0Type]
6567002,901,1:8:25,1,[PeopleData_id:0]
6567002,904,1:8:25,1,[PeopleData_id:0]
6567002,905,1:8:26,1,[PeopleData_id:0,RankTypes_id:-1,RankTypes_id:2]
6567002,901,1:8:27,1,[PeopleData_id:5]
6567002,902,1:8:28,1,[PeopleData_id:5,PeopleData_data2Type]
6567002,902,1:8:30,1,[PeopleData_id:5,PeopleData_data1Type]
6567002,902,1:8:32,1,[PeopleData_id:5,PeopleData_data0Type]
6567002,903,1:8:36,1,[PeopleData_id5,PeopleData_data0Type]
6567002,901,1:8:37,1,[PeopleData_id:5]
6567002,904,1:8:37,1,[PeopleData_id:5]
6567002,905,1:8:37,1,[PeopleData_id:5,RankTypes_id:-1,RankTypes_id:3]
6567002,906,1:8:37,1,[]
6567002,907,1:8:39,1,[]
6567002,908,1:8:39,1,[InvitationData_id:4,PeopleData_id:0,RankTypes_id:2]
6567002,901,1:8:44,1,[PeopleData_id:0]
6567002,902,1:8:45,1,[PeopleData_id:0,PeopleData_data2Type]
6567002,909,1:8:47,1,[InvitationData_id:4,PeopleData_id:0,RankTypes_id:2,0]
6567002,910,1:8:49,1,[InvitationData_id:4,-2,false]
6567002,908,1:8:49,1,[InvitationData_id:5,PeopleData_id:6,RankTypes_id:2]
6567002,909,1:8:57,1,[InvitationData_id:5,PeopleData_id:6,RankTypes_id:2,0]
6567002,910,1:8:59,1,[InvitationData_id:5,-2,false]
6567002,908,1:8:59,1,[InvitationData_id:0,PeopleData_id:4,RankTypes_id:4]
6567002,909,1:9:2,1,[InvitationData_id:0,PeopleData_id:4,RankTypes_id:4,1]
6567002,910,1:9:2,1,[InvitationData_id:0,9,false]
6567002,908,1:9:2,1,[InvitationData_id:6,PeopleData_id:4,RankTypes_id:4]
6567002,909,1:9:5,1,[InvitationData_id:6,PeopleData_id:4,RankTypes_id:4,1]
6567002,910,1:9:6,1,[InvitationData_id:6,9,false]
6567002,908,1:9:6,1,[InvitationData_id:2,PeopleData_id:4,RankTypes_id:4]
6567002,909,1:9:9,1,[InvitationData_id:2,PeopleData_id:4,RankTypes_id:4,0]
6567002,910,1:9:10,1,[InvitationData_id:2,-11,false]
6567002,908,1:9:10,1,[InvitationData_id:9,PeopleData_id:4,RankTypes_id:4]
6567002,909,1:9:13,1,[InvitationData_id:9,PeopleData_id:4,RankTypes_id:4,1]
6567002,910,1:9:14,1,[InvitationData_id:9,0,true]
6567002,908,1:9:14,1,[InvitationData_id:10,PeopleData_id:4,RankTypes_id:4]
6567002,909,1:9:18,1,[InvitationData_id:10,PeopleData_id:4,RankTypes_id:4,1]
6567002,910,1:9:19,1,[InvitationData_id:10,9,false]
6567002,908,1:9:19,1,[InvitationData_id:1,PeopleData_id:4,RankTypes_id:4]
6567002,909,1:9:25,1,[InvitationData_id:1,PeopleData_id:4,RankTypes_id:4,1]
6567002,910,1:9:26,1,[InvitationData_id:1,9,false]
6567002,908,1:9:26,1,[InvitationData_id:8,PeopleData_id:1,RankTypes_id:4]
6567002,909,1:9:30,1,[InvitationData_id:8,PeopleData_id:1,RankTypes_id:4,1]
6567002,910,1:9:31,1,[InvitationData_id:8,9,false]
6567002,908,1:9:31,1,[InvitationData_id:3,PeopleData_id:4,RankTypes_id:4]
6567002,909,1:9:35,1,[InvitationData_id:3,PeopleData_id:4,RankTypes_id:4,1]
6567002,910,1:9:35,1,[InvitationData_id:3,9,false]
6567002,911,1:9:38,1,[39,1,1,1]
6567002,1005,1:9:38,1,[2,1,2]
6567002,1001,1:9:40,1,[]
6567002,1003,1:9:40,2
6567002,210,1:9:44,1105,452
6567002,211,1:9:44,1022,483
6567002,213,1:9:44,1,c_crewKid1_M_G7b0,true
6567002,205,1:9:44,1,c_crewKid1_M_G7b0,false,false
6567002,210,1:9:48,1199,492
6567002,211,1:9:52,911,285
6567002,212,1:10:5,1
6567002,210,1:10:5,1262,434
6567002,207,1:10:10,1,-500,-830
6567002,207,1:10:11,1,-830,-1031
6567002,207,1:10:18,1,-1031,-251
6567002,207,1:10:22,1,-251,0
6567002,211,1:10:25,405,440
6567002,213,1:10:25,1,c_cousinsBrother_a_G7b0,true
6567002,212,1:10:27,0
6567002,210,1:10:28,808,478
6567002,207,1:10:37,1,0,-645
6567002,207,1:10:40,1,-645,-1031
6567002,211,1:10:46,1628,607
6567002,210,1:10:48,1874,452
6567002,211,1:10:48,1966,447
6567002,212,1:10:48,2
6567002,210,1:10:49,2005,486
6567002,211,1:10:53,1379,437
6567002,213,1:10:53,1,c_cousin_M_a_G7b0,true
6567002,210,1:10:57,1415,458
6567002,211,1:10:58,981,479
6567002,207,1:10:58,1,-1031,-896
6567002,210,1:10:59,1061,480
6567002,211,1:10:59,1060,463
6567002,213,1:10:59,1,c_crewKid1_M_G7b0,true
6567002,205,1:10:59,1,c_crewKid1_M_G7b0,false,true
6567002,210,1:11:2,1285,432
6567002,207,1:11:5,1,-896,-266
6567002,207,1:11:8,1,-266,0
6567002,211,1:11:12,804,160
6567002,212,1:11:14,1
6567002,210,1:11:15,443,487
6567002,211,1:11:17,221,485
6567002,213,1:11:17,1,c_kidSister_afri_a_G7b0,true
6567002,205,1:11:17,1,c_kidSister_afri_a_G7b0,false,true
6567002,210,1:11:20,309,475
6567002,211,1:11:26,830,534
6567002,212,1:11:27,0
6567002,210,1:11:28,728,515
6567002,211,1:11:28,557,498
6567002,213,1:11:28,1,s_backpack_M_G7b0,true
6567002,205,1:11:28,1,s_backpack_M_G7b0,false,false
6567002,221,1:11:34,1
6567002,220,1:11:38,1
6567002,221,1:11:38,1
6567002,220,1:11:41,1
6567002,1003,1:11:41,3
6567002,1004,1:11:43,0
6567002,500,1:11:58,0,[]
6567002,501,1:12:6,0,[]
6567002,502,1:12:17,0,[IntentionData_logId:2,true]
6567002,503,1:12:19,0,[]
6567002,504,1:12:31,0,[InfluenceData_logId:8]
6567002,504,1:12:36,0,[InfluenceData_logId:3]
6567002,504,1:12:40,0,[InfluenceData_logId:0]
6567002,504,1:12:43,0,[InfluenceData_logId:8]
6567002,504,1:12:44,0,[InfluenceData_logId:4]
6567002,504,1:12:46,0,[InfluenceData_logId:1]
6567002,504,1:12:49,0,[InfluenceData_logId:2]
6567002,504,1:12:52,0,[InfluenceData_logId:3]
6567002,504,1:12:56,0,[InfluenceData_logId:7]
6567002,504,1:12:59,0,[InfluenceData_logId:1]
6567002,505,1:13:1,0,[InfluenceData_logId:1,true,InfluenceData_logId:3,true,InfluenceData_logId:7,true]
6567002,506,1:13:3,0,[]
6567002,507,1:13:30,0,[OpponentAttackData_logId:3,OpponentAttackTypeData_logId:0,false,30]
6567002,508,1:13:34,0,[]
6567002,509,1:13:43,0,[RefusalData_logId:2,2]
6567002,510,1:13:48,0,[AvailableRefusalData_logId:2,0A]
6567002,510,1:13:59,0,[AvailableRefusalData_logId:2,0C]
6567002,510,1:14:0,0,[AvailableRefusalData_logId:2,1B]
6567002,510,1:14:2,0,[AvailableRefusalData_logId:2,2B]
6567002,511,1:14:35,0,[AvailableRefusalData_logId:2,0C,1B,2B,false,0]
6567002,512,1:14:38,0,[]
6567002,513,1:14:38,0,[30]
6567002,514,1:14:46,0,[]
6567002,507,1:14:58,0,[OpponentAttackData_logId:1,OpponentAttackTypeData_logId:2,false,30]
6567002,508,1:15:2,0,[]
6567002,509,1:15:19,0,[RefusalData_logId:8,2]
6567002,510,1:15:34,0,[AvailableRefusalData_logId:8,0A]
6567002,510,1:15:35,0,[AvailableRefusalData_logId:8,1A]
6567002,510,1:15:35,0,[AvailableRefusalData_logId:8,2A]
6567002,511,1:15:42,0,[AvailableRefusalData_logId:8,0A,1A,2A,true,50]
6567002,512,1:15:49,0,[]
6567002,513,1:15:49,0,[0]
6567002,514,1:15:54,0,[]
6567002,507,1:16:31,0,[OpponentAttackData_logId:0,OpponentAttackTypeData_logId:1,true,0]
6567002,508,1:16:37,0,[]
6567002,509,1:16:49,0,[RefusalData_logId:6,2]
6567002,510,1:16:57,0,[AvailableRefusalData_logId:6,0A]
6567002,510,1:16:58,0,[AvailableRefusalData_logId:6,1A]
6567002,510,1:17:4,0,[AvailableRefusalData_logId:6,0C]
6567002,510,1:17:20,0,[AvailableRefusalData_logId:6,2A]
6567002,511,1:17:23,0,[AvailableRefusalData_logId:6,0C,1A,2A,false,0]
6567002,512,1:17:25,0,[]
6567002,513,1:17:25,0,[30]
6567002,514,1:17:34,0,[]
6567002,507,1:17:41,0,[OpponentAttackData_logId:2,OpponentAttackTypeData_logId:4,true,0]
6567002,508,1:17:45,0,[]
6567002,509,1:17:49,0,[RefusalData_logId:4,1]
6567002,510,1:17:58,0,[AvailableRefusalData_logId:4,0C]
6567002,510,1:18:0,0,[AvailableRefusalData_logId:4,1C]
6567002,510,1:18:0,0,[AvailableRefusalData_logId:4,2B]
6567002,510,1:18:11,0,[AvailableRefusalData_logId:4,0B]
6567002,510,1:18:11,0,[AvailableRefusalData_logId:4,1B]
6567002,510,1:18:23,0,[AvailableRefusalData_logId:4,0A]
6567002,510,1:18:23,0,[AvailableRefusalData_logId:4,1A]
6567002,510,1:18:25,0,[AvailableRefusalData_logId:4,2A]
6567002,511,1:18:28,0,[AvailableRefusalData_logId:4,0A,1A,2A,true,30]
6567002,512,1:18:37,0,[]
6567002,513,1:18:37,0,[0]
6567002,514,1:18:40,0,[]
6567002,515,1:18:40,0,[30,20]
6567002,516,1:18:43,0,[]
6567002,517,1:18:50,0,[]
6567002,1005,1:18:50,0,[3,0,1]
6567002,1001,1:18:53,0,[]
6567002,1003,1:18:53,3
6567002,210,1:18:56,1123,389
6567002,211,1:18:58,575,467
6567002,213,1:18:58,1,s_backpack_M_G7b0,true
6567002,205,1:18:58,1,s_backpack_M_G7b0,false,true
6567002,221,1:19:3,1
6567002,220,1:19:9,1
6567002,219,1:19:10,1
6567002,216,1:19:11,Stack_G7b1N
6567002,217,1:19:31,Stack_G7b1N,16,1.0
6567002,218,1:19:34,1
6567002,210,1:19:36,690,482
6567002,207,1:19:40,1,-200,-1027
6567002,211,1:19:40,2045,356
6567002,212,1:19:41,1
6567002,210,1:19:42,1948,433
6567002,207,1:19:48,1,-1027,-817
6567002,211,1:19:49,1048,557
6567002,213,1:19:49,1,c_kidSister_afri_a_G7b1N,true
6567002,205,1:19:49,1,c_kidSister_afri_a_G7b1N,false,false
6567002,210,1:19:54,1296,423
6567002,207,1:19:56,1,-817,-502
6567002,207,1:19:59,1,-502,0
6567002,211,1:20:5,560,196
6567002,212,1:20:6,2
6567002,210,1:20:6,798,418
6567002,211,1:20:16,1125,584
6567002,207,1:20:16,1,0,-135
6567002,212,1:20:16,0
6567002,210,1:20:17,974,528
6567002,211,1:20:18,894,598
6567002,213,1:20:18,1,s_sprayPaintCan_G7b1N,true
6567002,205,1:20:18,1,s_sprayPaintCan_G7b1N,false,false
6567002,210,1:20:22,896,479
6567002,211,1:20:25,96,277
6567002,207,1:20:25,1,-135,-75
6567002,207,1:20:26,1,-75,0
6567002,210,1:20:26,13,282
6567002,211,1:20:28,3,398
6567002,210,1:20:28,171,380
6567002,207,1:20:32,1,0,-750
6567002,211,1:20:33,1637,407
6567002,213,1:20:33,1,s_brokenCarWindow_G7b1N,true
6567002,205,1:20:33,1,s_brokenCarWindow_G7b1N,false,false
6567002,210,1:20:38,1602,441
6567002,207,1:20:38,1,-750,-810
6567002,211,1:20:41,1347,209
6567002,213,1:20:41,1,s_graffiti_G7b1N,true
6567002,205,1:20:41,1,s_graffiti_G7b1N,false,false
6567002,210,1:20:45,1519,418
6567002,207,1:20:46,1,-810,-1027
6567002,211,1:20:49,1888,164
6567002,212,1:20:50,1
6567002,212,1:20:50,2
6567002,210,1:20:51,1909,160
6567002,211,1:20:52,1882,175
6567002,213,1:20:52,1,c_crewKid1_M_G7b1N,true
6567002,205,1:20:52,1,c_crewKid1_M_G7b1N,false,false
6567002,221,1:21:0,1
6567002,220,1:21:1,1
6567002,219,1:21:1,1
6567002,216,1:21:2,Stack_G7b1P
6567002,217,1:21:24,Stack_G7b1P,19,0.00
6567002,218,1:21:26,1
6567002,210,1:21:27,872,455
6567002,207,1:21:29,1,-200,-455
6567002,211,1:21:30,1148,290
6567002,210,1:21:31,1130,287
6567002,207,1:21:34,1,-455,-5
6567002,207,1:21:35,1,-5,0
6567002,211,1:21:37,109,350
6567002,212,1:21:38,1
6567002,210,1:21:38,590,401
6567002,207,1:21:45,1,0,-840
6567002,207,1:21:47,1,-840,-1031
6567002,211,1:21:48,1813,274
6567002,212,1:21:49,2
6567002,210,1:21:49,1855,405
6567002,211,1:21:53,1224,487
6567002,212,1:21:53,0
6567002,210,1:21:54,1888,447
6567002,207,1:22:2,1,-1031,-296
6567002,207,1:22:3,1,-296,-26
6567002,211,1:22:4,258,471
6567002,213,1:22:4,1,c_cousinsBrothersFriend_a_G7b1P,true
6567002,205,1:22:4,1,c_cousinsBrothersFriend_a_G7b1P,false,false
6567002,210,1:22:8,532,437
6567002,207,1:22:9,1,-26,0
6567002,211,1:22:11,182,323
6567002,212,1:22:11,2
6567002,210,1:22:12,714,510
6567002,211,1:22:16,356,314
6567002,212,1:22:17,0
6567002,210,1:22:18,440,350
6567002,211,1:22:19,349,400
6567002,212,1:22:20,2
6567002,210,1:22:21,317,393
6567002,211,1:22:25,957,128
6567002,207,1:22:25,1,0,-15
6567002,210,1:22:25,868,253
6567002,207,1:22:26,1,-15,-270
6567002,207,1:22:28,1,-270,-390
6567002,207,1:22:29,1,-390,-570
6567002,211,1:22:30,1383,205
6567002,212,1:22:31,1
6567002,212,1:22:32,2
6567002,210,1:22:32,1413,406
6567002,207,1:22:33,1,-570,-1031
6567002,211,1:22:35,1792,291
6567002,213,1:22:35,1,c_crush1_M_a_G7b1P,true
6567002,210,1:22:42,1898,233
6567002,211,1:22:48,1528,306
6567002,212,1:22:49,1
6567002,210,1:22:55,1497,372
6567002,211,1:22:58,1384,406
6567002,213,1:22:58,1,c_cousinsBrother_a_G7b1P,true
6567002,205,1:22:58,1,c_cousinsBrother_a_G7b1P,false,false
6567002,210,1:23:1,1532,443
6567002,211,1:23:3,1185,360
6567002,213,1:23:3,1,c_cousin_M_a_G7b1P,true
6567002,205,1:23:3,1,c_cousin_M_a_G7b1P,false,false
6567002,210,1:23:7,1685,455
6567002,207,1:23:13,1,-1031,0
6567002,211,1:23:17,572,194
6567002,212,1:23:18,0
6567002,210,1:23:18,806,335
6567002,207,1:23:27,1,0,-390
6567002,207,1:23:30,1,-390,-1031
6567002,211,1:23:34,2035,215
6567002,213,1:23:34,1,s_poolDay_ruleSign_G7b1P,true
6567002,205,1:23:35,1,s_poolDay_ruleSign_G7b1P,false,false
6567002,221,1:23:41,1
6567002,300,1:23:43
6567002,220,1:23:43,1
6567002,301,1:23:45,1
6567002,302,1:24:1,1,1,0,0
6567002,303,1:24:3,1,1,0,0
6567002,304,1:24:9,1,1,0,-1,,0,jogging
6567002,302,1:24:13,1,1,1,2
6567002,302,1:24:17,1,1,1,11
6567002,302,1:24:18,1,1,1,8
6567002,302,1:24:19,1,1,1,5
6567002,302,1:24:19,1,1,1,2
6567002,303,1:24:21,1,1,1,2
6567002,306,1:24:37,1,0,1
6567002,304,1:24:37,1,1,1,-1,,2,taking selfies
6567002,302,1:24:43,1,2,0,9
6567002,302,1:24:44,1,2,0,0
6567002,303,1:24:46,1,2,0,0
6567002,304,1:24:51,1,2,0,-1,,0,drive a car
6567002,302,1:24:56,1,0,0,1
6567002,306,1:24:57,1,1,2
6567002,304,1:24:57,1,0,0,-1,,1,
6567002,302,1:25:7,1,2,1,9
6567002,302,1:25:7,1,2,1,11
6567002,303,1:25:9,1,2,1,11
6567002,306,1:25:17,1,2,3
6567002,304,1:25:17,1,2,1,-1,,11,work out out
6567002,210,1:25:23,1019,374
6567002,211,1:25:24,1281,328
6567002,207,1:25:24,1,-200,-275
6567002,210,1:25:27,970,348
6567002,207,1:25:29,1,-275,-1031
6567002,211,1:25:30,2025,311
6567002,213,1:25:30,1,s_poolDay_ruleSign_G7b1P,true
6567002,205,1:25:30,1,s_poolDay_ruleSign_G7b1P,false,true
6567002,221,1:25:37,1
6567002,220,1:25:40,1
6567002,219,1:25:42,1
6567002,216,1:25:43,Stack_G7b2N
6567002,217,1:25:52,Stack_G7b2N,6.8,1.0
6567002,218,1:25:55,1
6567002,210,1:25:56,721,444
6567002,211,1:25:57,548,375
6567002,213,1:25:57,1,c_cousin_M_a_G7b2N,true
6567002,205,1:25:57,1,c_cousin_M_a_G7b2N,false,false
6567002,210,1:26:1,463,434
6567002,211,1:26:4,849,259
6567002,213,1:26:4,1,s_kid1_G7b2N,true
6567002,205,1:26:4,1,s_kid1_G7b2N,false,false
6567002,210,1:26:8,883,276
6567002,211,1:26:15,201,383
6567002,213,1:26:15,1,c_kidSister_afri_a_G7b2N,true
6567002,205,1:26:15,1,c_kidSister_afri_a_G7b2N,false,false
6567002,210,1:26:19,220,509
6567002,207,1:26:20,1,-106,0
6567002,207,1:26:22,1,0,-106
6567002,211,1:26:25,1024,210
6567002,212,1:26:26,1
6567002,210,1:26:27,1056,313
6567002,211,1:26:29,921,411
6567002,213,1:26:29,1,c_crush1_M_a_G7b2N,true
6567002,205,1:26:29,1,c_crush1_M_a_G7b2N,false,false
6567002,221,1:26:36,1
6567002,220,1:26:37,1
6567002,219,1:26:37,1
6567002,216,1:26:38,Stack_G7b2P
6567002,217,1:26:53,Stack_G7b2P,12,0.00
6567002,218,1:26:55,1
6567002,210,1:26:56,797,500
6567002,207,1:27:3,1,-200,0
6567002,211,1:27:6,1389,521
6567002,207,1:27:6,1,0,-405
6567002,212,1:27:7,2
6567002,210,1:27:7,1150,556
6567002,211,1:27:10,536,485
6567002,210,1:27:11,637,408
6567002,211,1:27:12,534,461
6567002,213,1:27:12,1,c_kidSister_afri_a_G7b2P,true
6567002,205,1:27:12,1,c_kidSister_afri_a_G7b2P,false,false
6567002,210,1:27:17,718,386
6567002,207,1:27:20,1,-405,-512
6567002,211,1:27:22,1104,457
6567002,212,1:27:23,0
6567002,210,1:27:23,1380,544
6567002,211,1:27:24,1309,530
6567002,213,1:27:24,1,s_computer_M_G7b2P,true
6567002,205,1:27:24,1,s_computer_M_G7b2P,false,false
6567002,210,1:27:29,1221,350
6567002,211,1:27:31,1030,511
6567002,213,1:27:31,1,c_cousin_M_a_G7b2P,true
6567002,205,1:27:31,1,c_cousin_M_a_G7b2P,false,false
6567002,221,1:27:35,1
6567002,220,1:27:38,1
6567002,1003,1:27:38,3
6567002,1004,1:27:39,0
6567002,500,1:27:43,0,[]
6567002,501,1:27:46,0,[]
6567002,502,1:27:53,0,[IntentionData_logId:2,true]
6567002,503,1:27:56,0,[]
6567002,504,1:27:59,0,[InfluenceData_logId:2]
6567002,504,1:28:4,0,[InfluenceData_logId:1]
6567002,504,1:28:6,0,[InfluenceData_logId:5]
6567002,504,1:28:8,0,[InfluenceData_logId:4]
6567002,504,1:28:10,0,[InfluenceData_logId:3]
6567002,504,1:28:13,0,[InfluenceData_logId:7]
6567002,505,1:28:17,0,[InfluenceData_logId:1,true,InfluenceData_logId:3,true,InfluenceData_logId:7,true]
6567002,506,1:28:18,0,[]
6567002,507,1:28:31,0,[OpponentAttackData_logId:0,OpponentAttackTypeData_logId:2,false,30]
6567002,508,1:28:34,0,[]
6567002,509,1:28:38,0,[RefusalData_logId:2,2]
6567002,510,1:28:40,0,[AvailableRefusalData_logId:2,0A]
6567002,510,1:28:41,0,[AvailableRefusalData_logId:2,1A]
6567002,510,1:28:42,0,[AvailableRefusalData_logId:2,0C]
6567002,510,1:28:43,0,[AvailableRefusalData_logId:2,1B]
6567002,510,1:28:44,0,[AvailableRefusalData_logId:2,2B]
6567002,510,1:28:48,0,[AvailableRefusalData_logId:2,0A]
6567002,510,1:28:49,0,[AvailableRefusalData_logId:2,1A]
6567002,510,1:28:49,0,[AvailableRefusalData_logId:2,2A]
6567002,511,1:28:50,0,[AvailableRefusalData_logId:2,0A,1A,2A,true,50]
6567002,512,1:28:53,0,[]
6567002,513,1:28:53,0,[0]
6567002,514,1:28:56,0,[]
6567002,507,1:29:6,0,[OpponentAttackData_logId:2,OpponentAttackTypeData_logId:4,true,0]
6567002,508,1:29:9,0,[]
6567002,509,1:29:16,0,[RefusalData_logId:6,2]
6567002,510,1:29:24,0,[AvailableRefusalData_logId:6,0A]
6567002,510,1:29:25,0,[AvailableRefusalData_logId:6,1A]
6567002,510,1:29:29,0,[AvailableRefusalData_logId:6,0B]
6567002,510,1:29:38,0,[AvailableRefusalData_logId:6,2B]
6567002,511,1:29:39,0,[AvailableRefusalData_logId:6,0B,1A,2B,false,0]
6567002,512,1:29:42,0,[]
6567002,513,1:29:42,0,[30]
6567002,514,1:29:45,0,[]
6567002,507,1:29:54,0,[OpponentAttackData_logId:3,OpponentAttackTypeData_logId:3,false,30]
6567002,508,1:29:56,0,[]
6567002,509,1:30:4,0,[RefusalData_logId:8,2]
6567002,510,1:30:7,0,[AvailableRefusalData_logId:8,0A]
6567002,510,1:30:8,0,[AvailableRefusalData_logId:8,1A]
6567002,510,1:30:12,0,[AvailableRefusalData_logId:8,2A]
6567002,511,1:30:12,0,[AvailableRefusalData_logId:8,0A,1A,2A,true,50]
6567002,512,1:30:16,0,[]
6567002,515,1:30:16,0,[60,0]
6567002,516,1:30:20,0,[]
6567002,517,1:30:21,0,[]
6567002,1005,1:30:21,0,[3,1,2]
6567002,1001,1:30:23,0,[]
6567002,1003,1:30:23,3
6567002,207,1:30:25,1,-200,-200
6567002,210,1:30:26,1039,341
6567002,211,1:30:26,1059,479
6567002,213,1:30:26,1,c_cousin_M_a_G7b2P,true
6567002,205,1:30:26,1,c_cousin_M_a_G7b2P,false,true
6567002,221,1:30:32,1
6567002,220,1:30:34,1
6567002,203,1:30:34,1
6567002,100,1:30:41,4
6567002,101,1:30:42,4
6567002,100,1:30:43,2
6567002,102,1:30:47,2
6567002,200,1:30:47,2,3,3,5,2,9
6567002,219,1:30:47,2
6567002,216,1:30:49,Stack_G8a0
6567002,217,1:31:10,Stack_G8a0,17,0.00
6567002,218,1:31:17,2
6567002,210,1:31:21,691,460
6567002,211,1:31:23,509,560
6567002,213,1:31:23,2,c_crush2_M_a_G8a0,true
6567002,205,1:31:23,2,c_crush2_M_a_G8a0,false,false
6567002,210,1:31:27,511,477
6567002,211,1:31:30,934,339
6567002,213,1:31:30,2,c_cousin_M_a_G8a0,true
6567002,205,1:31:30,2,c_cousin_M_a_G8a0,false,false
6567002,210,1:31:34,874,335
6567002,211,1:31:37,929,528
6567002,210,1:31:38,925,510
6567002,207,1:31:39,2,-200,-492
6567002,207,1:31:48,2,-492,0
6567002,211,1:31:52,554,607
6567002,213,1:31:52,2,c_crush2_M_a_G8a0,true
6567002,205,1:31:52,2,c_crush2_M_a_G8a0,false,true
6567002,212,1:31:56,2
6567002,210,1:31:56,693,573
6567002,207,1:32:4,2,0,-150
6567002,207,1:32:7,2,-150,-492
6567002,211,1:32:10,1013,254
6567002,212,1:32:11,0
6567002,210,1:32:12,1495,264
6567002,211,1:32:16,907,316
6567002,213,1:32:16,2,c_cousin_M_a_G8a0,true
6567002,205,1:32:16,2,c_cousin_M_a_G8a0,false,true
6567002,212,1:32:22,1
6567002,210,1:32:23,1467,418
6567002,207,1:32:29,2,-492,-282
6567002,207,1:32:31,2,-282,-57
6567002,207,1:32:33,2,-57,0
6567002,211,1:32:35,392,146
6567002,213,1:32:35,2,s_clock_G8a0,false
6567002,1003,1:32:38,1
6567002,1004,1:32:42,4
6567002,800,1:32:53,4,[]
6567002,801,1:32:55,4,[]
6567002,1002,1:33:1,4
6567002,1003,1:33:1,1
6567002,1004,1:33:2,2
6567002,800,1:33:9,2,[]
6567002,801,1:33:10,2,[]
6567002,814,1:33:13,2,[3]
6567002,815,1:33:13,2,3,OpportunityCardData_id:19
6567002,815,1:33:17,2,3,OpportunityCardData_id:20
6567002,815,1:33:26,2,3,OpportunityCardData_id:21
6567002,815,1:33:29,2,3,OpportunityCardData_id:23
6567002,815,1:33:31,2,3,OpportunityCardData_id:24
6567002,815,1:33:32,2,3,OpportunityCardData_id:25
6567002,815,1:33:35,2,3,OpportunityCardData_id:19
6567002,815,1:33:36,2,3,OpportunityCardData_id:20
6567002,815,1:33:38,2,3,OpportunityCardData_id:19
6567002,816,1:33:41,2,3,OpportunityCardData_id:19
6567002,803,1:33:43,2,[OpportunityCardData_id:19,OpportunityCardConsequencesData_logId:0]
6567002,803,1:33:45,2,[OpportunityCardData_id:19,OpportunityCardConsequencesData_logId:1]
6567002,803,1:33:46,2,[OpportunityCardData_id:19,OpportunityCardConsequencesData_logId:2]
6567002,805,1:33:50,2,[OpportunityCardData_id:19]
6567002,807,1:33:52,2,[OpportunityCardData_id:19]
6567002,808,1:33:55,2,[OpportunityCardData_id:19]
6567002,809,1:33:59,2,[OpportunityCardData_id:19,PriorityData_type:2,false]
6567002,810,1:33:59,2,[OpportunityCardData_id:19,PriorityData_type:3,15,PriorityData_type:2,15]
6567002,814,1:34:5,2,[2]
6567002,815,1:34:5,2,2,OpportunityCardData_id:13
6567002,815,1:34:7,2,2,OpportunityCardData_id:14
6567002,815,1:34:12,2,2,OpportunityCardData_id:15
6567002,815,1:34:15,2,2,OpportunityCardData_id:16
6567002,815,1:34:15,2,2,OpportunityCardData_id:17
6567002,815,1:34:16,2,2,OpportunityCardData_id:18
6567002,815,1:34:17,2,2,OpportunityCardData_id:13
6567002,815,1:34:18,2,2,OpportunityCardData_id:18
6567002,815,1:34:21,2,2,OpportunityCardData_id:13
6567002,816,1:34:23,2,2,OpportunityCardData_id:13
6567002,803,1:34:25,2,[OpportunityCardData_id:13,OpportunityCardConsequencesData_logId:0]
6567002,803,1:34:26,2,[OpportunityCardData_id:13,OpportunityCardConsequencesData_logId:1]
6567002,803,1:34:28,2,[OpportunityCardData_id:13,OpportunityCardConsequencesData_logId:2]
6567002,805,1:34:29,2,[OpportunityCardData_id:13]
6567002,806,1:34:32,2,[OpportunityCardData_id:13,PriorityData_type:3]
6567002,807,1:34:33,2,[OpportunityCardData_id:13]
6567002,808,1:34:35,2,[OpportunityCardData_id:13]
6567002,809,1:34:39,2,[OpportunityCardData_id:13,PriorityData_type:4,false]
6567002,810,1:34:41,2,[OpportunityCardData_id:13,PriorityData_type:2,5,PriorityData_type:4,10]
6567002,814,1:34:54,2,[3]
6567002,815,1:34:54,2,3,OpportunityCardData_id:20
6567002,815,1:34:56,2,3,OpportunityCardData_id:21
6567002,815,1:34:57,2,3,OpportunityCardData_id:23
6567002,815,1:34:58,2,3,OpportunityCardData_id:24
6567002,815,1:34:59,2,3,OpportunityCardData_id:25
6567002,815,1:35:0,2,3,OpportunityCardData_id:20
6567002,815,1:35:5,2,3,OpportunityCardData_id:21
6567002,815,1:35:7,2,3,OpportunityCardData_id:23
6567002,815,1:35:7,2,3,OpportunityCardData_id:24
6567002,815,1:35:7,2,3,OpportunityCardData_id:25
6567002,816,1:35:9,2,3,OpportunityCardData_id:25
6567002,803,1:35:11,2,[OpportunityCardData_id:25,OpportunityCardConsequencesData_logId:0]
6567002,803,1:35:14,2,[OpportunityCardData_id:25,OpportunityCardConsequencesData_logId:1]
6567002,803,1:35:17,2,[OpportunityCardData_id:25,OpportunityCardConsequencesData_logId:2]
6567002,805,1:35:20,2,[OpportunityCardData_id:25]
6567002,807,1:35:21,2,[OpportunityCardData_id:25]
6567002,808,1:35:22,2,[OpportunityCardData_id:25]
6567002,809,1:35:28,2,[OpportunityCardData_id:25,Safe,false]
6567002,810,1:35:29,2,[OpportunityCardData_id:25,PriorityData_type:3,5,Safe,Safe]
6567002,814,1:35:34,2,[2]
6567002,815,1:35:34,2,2,OpportunityCardData_id:14
6567002,815,1:35:36,2,2,OpportunityCardData_id:18
6567002,816,1:35:39,2,2,OpportunityCardData_id:18
6567002,803,1:35:40,2,[OpportunityCardData_id:18,OpportunityCardConsequencesData_logId:0]
6567002,803,1:35:42,2,[OpportunityCardData_id:18,OpportunityCardConsequencesData_logId:1]
6567002,805,1:35:44,2,[OpportunityCardData_id:18]
6567002,807,1:35:45,2,[OpportunityCardData_id:18]
6567002,808,1:35:47,2,[OpportunityCardData_id:18]
6567002,809,1:35:51,2,[OpportunityCardData_id:18,PriorityData_type:4,false]
6567002,810,1:35:52,2,[OpportunityCardData_id:18,PriorityData_type:2,15,PriorityData_type:4,10]
6567002,814,1:36:3,2,[5]
6567002,815,1:36:3,2,5,OpportunityCardData_id:32
6567002,815,1:36:5,2,5,OpportunityCardData_id:33
6567002,815,1:36:8,2,5,OpportunityCardData_id:34
6567002,815,1:36:10,2,5,OpportunityCardData_id:33
6567002,816,1:36:10,2,5,OpportunityCardData_id:33
6567002,803,1:36:11,2,[OpportunityCardData_id:33,OpportunityCardConsequencesData_logId:0]
6567002,803,1:36:12,2,[OpportunityCardData_id:33,OpportunityCardConsequencesData_logId:1]
6567002,803,1:36:15,2,[OpportunityCardData_id:33,OpportunityCardConsequencesData_logId:2]
6567002,804,1:36:16,2,[OpportunityCardData_id:33]
6567002,814,1:36:17,2,[5]
6567002,815,1:36:17,2,5,OpportunityCardData_id:32
6567002,815,1:36:18,2,5,OpportunityCardData_id:34
6567002,815,1:36:21,2,5,OpportunityCardData_id:35
6567002,815,1:36:22,2,5,OpportunityCardData_id:36
6567002,815,1:36:23,2,5,OpportunityCardData_id:35
6567002,816,1:36:24,2,5,OpportunityCardData_id:35
6567002,803,1:36:25,2,[OpportunityCardData_id:35,OpportunityCardConsequencesData_logId:0]
6567002,803,1:36:27,2,[OpportunityCardData_id:35,OpportunityCardConsequencesData_logId:1]
6567002,803,1:36:31,2,[OpportunityCardData_id:35,OpportunityCardConsequencesData_logId:2]
6567002,804,1:36:39,2,[OpportunityCardData_id:35]
6567002,814,1:36:40,2,[5]
6567002,815,1:36:40,2,5,OpportunityCardData_id:32
6567002,815,1:36:40,2,5,OpportunityCardData_id:34
6567002,815,1:36:41,2,5,OpportunityCardData_id:36
6567002,815,1:36:42,2,5,OpportunityCardData_id:37
6567002,815,1:36:42,2,5,OpportunityCardData_id:36
6567002,816,1:36:43,2,5,OpportunityCardData_id:36
6567002,803,1:36:44,2,[OpportunityCardData_id:36,OpportunityCardConsequencesData_logId:0]
6567002,803,1:36:45,2,[OpportunityCardData_id:36,OpportunityCardConsequencesData_logId:1]
6567002,805,1:36:47,2,[OpportunityCardData_id:36]
6567002,806,1:36:56,2,[OpportunityCardData_id:36,PriorityData_type:4]
6567002,807,1:36:57,2,[OpportunityCardData_id:36]
6567002,808,1:36:59,2,[OpportunityCardData_id:36]
6567002,809,1:37:4,2,[OpportunityCardData_id:36,Safe,false]
6567002,810,1:37:5,2,[OpportunityCardData_id:36,PriorityData_type:5,5,Safe,Safe]
6567002,814,1:37:13,2,[3]
6567002,815,1:37:13,2,3,OpportunityCardData_id:20
6567002,816,1:37:15,2,3,OpportunityCardData_id:20
6567002,803,1:37:16,2,[OpportunityCardData_id:20,OpportunityCardConsequencesData_logId:0]
6567002,803,1:37:18,2,[OpportunityCardData_id:20,OpportunityCardConsequencesData_logId:1]
6567002,803,1:37:19,2,[OpportunityCardData_id:20,OpportunityCardConsequencesData_logId:2]
6567002,804,1:37:20,2,[OpportunityCardData_id:20]
6567002,814,1:37:22,2,[4]
6567002,815,1:37:22,2,4,OpportunityCardData_id:22
6567002,815,1:37:24,2,4,OpportunityCardData_id:26
6567002,815,1:37:28,2,4,OpportunityCardData_id:27
6567002,815,1:37:31,2,4,OpportunityCardData_id:28
6567002,815,1:37:33,2,4,OpportunityCardData_id:29
6567002,815,1:37:35,2,4,OpportunityCardData_id:30
6567002,815,1:37:36,2,4,OpportunityCardData_id:31
6567002,816,1:37:40,2,4,OpportunityCardData_id:31
6567002,803,1:37:41,2,[OpportunityCardData_id:31,OpportunityCardConsequencesData_logId:0]
6567002,803,1:37:43,2,[OpportunityCardData_id:31,OpportunityCardConsequencesData_logId:1]
6567002,803,1:37:45,2,[OpportunityCardData_id:31,OpportunityCardConsequencesData_logId:2]
6567002,804,1:37:48,2,[OpportunityCardData_id:31]
6567002,814,1:37:49,2,[4]
6567002,815,1:37:49,2,4,OpportunityCardData_id:22
6567002,815,1:37:50,2,4,OpportunityCardData_id:26
6567002,815,1:37:53,2,4,OpportunityCardData_id:22
6567002,815,1:37:58,2,4,OpportunityCardData_id:26
6567002,815,1:37:59,2,4,OpportunityCardData_id:27
6567002,815,1:38:2,2,4,OpportunityCardData_id:28
6567002,815,1:38:4,2,4,OpportunityCardData_id:29
6567002,815,1:38:6,2,4,OpportunityCardData_id:30
6567002,815,1:38:7,2,4,OpportunityCardData_id:22
6567002,816,1:38:10,2,4,OpportunityCardData_id:22
6567002,803,1:38:11,2,[OpportunityCardData_id:22,OpportunityCardConsequencesData_logId:0]
6567002,803,1:38:12,2,[OpportunityCardData_id:22,OpportunityCardConsequencesData_logId:1]
6567002,805,1:38:15,2,[OpportunityCardData_id:22]
6567002,806,1:38:19,2,[OpportunityCardData_id:22,PriorityData_type:5]
6567002,807,1:38:24,2,[OpportunityCardData_id:22]
6567002,808,1:38:27,2,[OpportunityCardData_id:22]
6567002,809,1:38:32,2,[OpportunityCardData_id:22,PriorityData_type:2,false]
6567002,810,1:38:34,2,[OpportunityCardData_id:22,PriorityData_type:4,15,PriorityData_type:2,10]
6567002,814,1:38:49,2,[4]
6567002,815,1:38:49,2,4,OpportunityCardData_id:26
6567002,817,1:38:53,2,4
6567002,814,1:38:54,2,[4]
6567002,815,1:38:54,2,4,OpportunityCardData_id:26
6567002,815,1:38:55,2,4,OpportunityCardData_id:27
6567002,815,1:38:58,2,4,OpportunityCardData_id:28
6567002,815,1:38:59,2,4,OpportunityCardData_id:29
6567002,815,1:39:1,2,4,OpportunityCardData_id:30
6567002,816,1:39:4,2,4,OpportunityCardData_id:30
6567002,803,1:39:5,2,[OpportunityCardData_id:30,OpportunityCardConsequencesData_logId:0]
6567002,803,1:39:7,2,[OpportunityCardData_id:30,OpportunityCardConsequencesData_logId:1]
6567002,803,1:39:8,2,[OpportunityCardData_id:30,OpportunityCardConsequencesData_logId:2]
6567002,804,1:39:9,2,[OpportunityCardData_id:30]
6567002,814,1:39:10,2,[4]
6567002,815,1:39:10,2,4,OpportunityCardData_id:26
6567002,815,1:39:11,2,4,OpportunityCardData_id:27
6567002,815,1:39:12,2,4,OpportunityCardData_id:28
6567002,815,1:39:13,2,4,OpportunityCardData_id:29
6567002,815,1:39:14,2,4,OpportunityCardData_id:26
6567002,815,1:39:15,2,4,OpportunityCardData_id:27
6567002,815,1:39:16,2,4,OpportunityCardData_id:28
6567002,815,1:39:16,2,4,OpportunityCardData_id:29
6567002,815,1:39:18,2,4,OpportunityCardData_id:26
6567002,815,1:39:19,2,4,OpportunityCardData_id:27
6567002,815,1:39:20,2,4,OpportunityCardData_id:28
6567002,817,1:39:21,2,4
6567002,814,1:39:22,2,[4]
6567002,815,1:39:22,2,4,OpportunityCardData_id:26
6567002,817,1:39:24,2,4
6567002,814,1:39:24,2,[3]
6567002,815,1:39:24,2,3,OpportunityCardData_id:21
6567002,816,1:39:28,2,3,OpportunityCardData_id:21
6567002,803,1:39:29,2,[OpportunityCardData_id:21,OpportunityCardConsequencesData_logId:0]
6567002,803,1:39:31,2,[OpportunityCardData_id:21,OpportunityCardConsequencesData_logId:1]
6567002,803,1:39:35,2,[OpportunityCardData_id:21,OpportunityCardConsequencesData_logId:2]
6567002,804,1:39:40,2,[OpportunityCardData_id:21]
6567002,811,1:39:42,2,[OpportunityCardData_id:21,PriorityData_type:3,80,50,PriorityData_type:5,80,35]
6567002,1005,1:39:42,2,[1,0,1]
6567002,1001,1:39:46,2,[]
6567002,1003,1:39:46,1
6567002,210,1:39:50,630,305
6567002,211,1:39:51,392,156
6567002,213,1:39:51,2,s_clock_G8a0,false
6567002,1003,1:39:55,1
6567002,1004,1:39:58,1
6567002,800,1:40:0,1,[]
6567002,801,1:40:2,1,[]
6567002,814,1:40:4,1,[2]
6567002,815,1:40:4,1,2,OpportunityCardData_id:13
6567002,817,1:40:5,1,2
6567002,814,1:40:14,1,[3]
6567002,815,1:40:14,1,3,OpportunityCardData_id:19
6567002,815,1:40:18,1,3,OpportunityCardData_id:20
6567002,816,1:40:21,1,3,OpportunityCardData_id:20
6567002,803,1:40:21,1,[OpportunityCardData_id:20,OpportunityCardConsequencesData_logId:0]
6567002,803,1:40:23,1,[OpportunityCardData_id:20,OpportunityCardConsequencesData_logId:1]
6567002,803,1:40:24,1,[OpportunityCardData_id:20,OpportunityCardConsequencesData_logId:2]
6567002,805,1:40:27,1,[OpportunityCardData_id:20]
6567002,807,1:40:30,1,[OpportunityCardData_id:20]
6567002,808,1:40:32,1,[OpportunityCardData_id:20]
6567002,809,1:40:38,1,[OpportunityCardData_id:20,PriorityData_type:0,false]
6567002,810,1:40:40,1,[OpportunityCardData_id:20,PriorityData_type:3,15,PriorityData_type:0,25]
6567002,814,1:40:47,1,[4]
6567002,815,1:40:47,1,4,OpportunityCardData_id:22
6567002,817,1:40:49,1,4
6567002,814,1:40:52,1,[3]
6567002,815,1:40:52,1,3,OpportunityCardData_id:19
6567002,815,1:40:53,1,3,OpportunityCardData_id:21
6567002,816,1:40:55,1,3,OpportunityCardData_id:21
6567002,803,1:40:56,1,[OpportunityCardData_id:21,OpportunityCardConsequencesData_logId:0]
6567002,803,1:41:0,1,[OpportunityCardData_id:21,OpportunityCardConsequencesData_logId:1]
6567002,803,1:41:3,1,[OpportunityCardData_id:21,OpportunityCardConsequencesData_logId:2]
6567002,804,1:41:5,1,[OpportunityCardData_id:21]
6567002,814,1:41:9,1,[3]
6567002,815,1:41:9,1,3,OpportunityCardData_id:19
6567002,815,1:41:10,1,3,OpportunityCardData_id:23
6567002,816,1:41:13,1,3,OpportunityCardData_id:23
6567002,803,1:41:14,1,[OpportunityCardData_id:23,OpportunityCardConsequencesData_logId:0]
6567002,803,1:41:16,1,[OpportunityCardData_id:23,OpportunityCardConsequencesData_logId:1]
6567002,805,1:41:19,1,[OpportunityCardData_id:23]
6567002,807,1:41:21,1,[OpportunityCardData_id:23]
6567002,808,1:41:24,1,[OpportunityCardData_id:23]
6567002,809,1:41:30,1,[OpportunityCardData_id:23,Safe,false]
6567002,810,1:41:32,1,[OpportunityCardData_id:23,PriorityData_type:3,10,Safe,Safe]
6567002,814,1:41:38,1,[3]
6567002,815,1:41:38,1,3,OpportunityCardData_id:19
6567002,815,1:41:39,1,3,OpportunityCardData_id:24
6567002,815,1:41:40,1,3,OpportunityCardData_id:25
6567002,815,1:41:42,1,3,OpportunityCardData_id:24
6567002,816,1:41:44,1,3,OpportunityCardData_id:24
6567002,803,1:41:45,1,[OpportunityCardData_id:24,OpportunityCardConsequencesData_logId:0]
6567002,803,1:41:46,1,[OpportunityCardData_id:24,OpportunityCardConsequencesData_logId:1]
6567002,803,1:41:48,1,[OpportunityCardData_id:24,OpportunityCardConsequencesData_logId:2]
6567002,805,1:41:50,1,[OpportunityCardData_id:24]
6567002,807,1:41:51,1,[OpportunityCardData_id:24]
6567002,808,1:41:54,1,[OpportunityCardData_id:24]
6567002,809,1:42:5,1,[OpportunityCardData_id:24,Safe,false]
6567002,810,1:42:7,1,[OpportunityCardData_id:24,PriorityData_type:3,10,Safe,Safe]
6567002,814,1:42:13,1,[0]
6567002,815,1:42:13,1,0,OpportunityCardData_id:0
6567002,815,1:42:14,1,0,OpportunityCardData_id:1
6567002,815,1:42:16,1,0,OpportunityCardData_id:2
6567002,816,1:42:19,1,0,OpportunityCardData_id:2
6567002,803,1:42:20,1,[OpportunityCardData_id:2,OpportunityCardConsequencesData_logId:0]
6567002,803,1:42:21,1,[OpportunityCardData_id:2,OpportunityCardConsequencesData_logId:1]
6567002,803,1:42:23,1,[OpportunityCardData_id:2,OpportunityCardConsequencesData_logId:2]
6567002,805,1:42:29,1,[OpportunityCardData_id:2]
6567002,807,1:42:30,1,[OpportunityCardData_id:2]
6567002,808,1:42:32,1,[OpportunityCardData_id:2]
6567002,809,1:42:43,1,[OpportunityCardData_id:2,Safe,false]
6567002,810,1:42:45,1,[OpportunityCardData_id:2,PriorityData_type:0,10,Safe,Safe]
6567002,814,1:42:49,1,[0]
6567002,815,1:42:49,1,0,OpportunityCardData_id:0
6567002,815,1:42:50,1,0,OpportunityCardData_id:1
6567002,815,1:42:52,1,0,OpportunityCardData_id:3
6567002,816,1:42:55,1,0,OpportunityCardData_id:3
6567002,803,1:42:56,1,[OpportunityCardData_id:3,OpportunityCardConsequencesData_logId:0]
6567002,803,1:42:57,1,[OpportunityCardData_id:3,OpportunityCardConsequencesData_logId:1]
6567002,803,1:42:59,1,[OpportunityCardData_id:3,OpportunityCardConsequencesData_logId:2]
6567002,805,1:43:1,1,[OpportunityCardData_id:3]
6567002,807,1:43:3,1,[OpportunityCardData_id:3]
6567002,808,1:43:5,1,[OpportunityCardData_id:3]
6567002,809,1:43:13,1,[OpportunityCardData_id:3,PriorityData_type:1,false]
6567002,810,1:43:15,1,[OpportunityCardData_id:3,PriorityData_type:0,10,PriorityData_type:1,10]
6567002,814,1:43:19,1,[0]
6567002,815,1:43:19,1,0,OpportunityCardData_id:0
6567002,815,1:43:20,1,0,OpportunityCardData_id:1
6567002,815,1:43:22,1,0,OpportunityCardData_id:4
6567002,816,1:43:27,1,0,OpportunityCardData_id:4
6567002,803,1:43:27,1,[OpportunityCardData_id:4,OpportunityCardConsequencesData_logId:0]
6567002,803,1:43:30,1,[OpportunityCardData_id:4,OpportunityCardConsequencesData_logId:1]
6567002,805,1:43:32,1,[OpportunityCardData_id:4]
6567002,807,1:43:34,1,[OpportunityCardData_id:4]
6567002,808,1:43:36,1,[OpportunityCardData_id:4]
6567002,809,1:43:44,1,[OpportunityCardData_id:4,Safe,false]
6567002,810,1:43:45,1,[OpportunityCardData_id:4,PriorityData_type:0,25,Safe,Safe]
6567002,818,1:43:48,1,5
6567002,811,1:43:51,1,[OpportunityCardData_id:4,PriorityData_type:0,70,80,PriorityData_type:3,80,85]
6567002,1005,1:43:51,1,[1,0,3]
6567002,1001,1:43:52,1,[]
6567002,1003,1:43:52,1
6567002,210,1:43:55,972,358
6567002,211,1:43:57,377,139
6567002,213,1:43:57,2,s_clock_G8a0,true
6567002,205,1:43:57,2,s_clock_G8a0,false,false
6567002,210,1:44:2,1102,495
6567002,207,1:44:4,2,-200,-492
6567002,211,1:44:7,1218,111
6567002,210,1:44:7,1263,173
6567002,211,1:44:12,887,493
6567002,213,1:44:12,2,s_cellphone_G8a0,true
6567002,205,1:44:12,2,s_cellphone_G8a0,false,false
6567002,210,1:44:19,1032,419
6567002,211,1:44:20,799,494
6567002,213,1:44:20,2,s_bottleTable_G8a0,true
6567002,210,1:44:23,886,505
6567002,211,1:44:27,686,223
6567002,212,1:44:28,2
6567002,210,1:44:28,1363,446
6567002,207,1:44:34,2,-492,0
6567002,211,1:44:39,322,600
6567002,212,1:44:40,1
6567002,210,1:44:42,787,542
6567002,211,1:44:55,710,524
6567002,212,1:44:56,0
6567002,210,1:44:56,841,565
6567002,211,1:44:58,726,534
6567002,212,1:44:58,2
6567002,210,1:44:59,755,549
6567002,211,1:45:0,707,543
6567002,212,1:45:0,1
6567002,210,1:45:2,825,492
6567002,211,1:45:9,517,598
6567002,212,1:45:9,0
6567002,210,1:45:10,813,548
6567002,211,1:45:11,515,602
6567002,213,1:45:11,2,c_crush2_M_a_G8a0,true
6567002,205,1:45:11,2,c_crush2_M_a_G8a0,false,true
6567002,212,1:45:15,2
6567002,210,1:45:16,622,572
6567002,211,1:45:17,524,605
6567002,212,1:45:18,1
6567002,210,1:45:18,780,536
6567002,211,1:45:19,506,594
6567002,210,1:45:20,662,539
6567002,211,1:45:22,505,586
6567002,207,1:45:24,2,0,-30
6567002,210,1:45:24,904,493
6567002,211,1:45:24,876,495
6567002,210,1:45:24,857,519
6567002,211,1:45:24,857,519
6567002,207,1:45:25,2,-30,-75
6567002,210,1:45:25,996,325
6567002,207,1:45:27,2,-75,-492
6567002,211,1:45:29,1287,264
6567002,212,1:45:30,0
6567002,210,1:45:30,1374,423
6567002,211,1:45:32,1393,407
6567002,210,1:45:33,1359,433
6567002,211,1:45:33,1340,433
6567002,213,1:45:33,2,s_cigaretteKid1_G8a0,true
6567002,210,1:45:37,1331,483
6567002,211,1:45:37,1335,504
6567002,212,1:45:37,1
6567002,210,1:45:39,1273,331
6567002,211,1:45:39,1273,243
6567002,212,1:45:40,2
6567002,210,1:45:41,1355,364
6567002,211,1:45:45,1335,141
6567002,212,1:45:46,1
6567002,210,1:45:46,1408,289
6567002,211,1:45:53,1368,125
6567002,212,1:45:53,0
6567002,210,1:45:54,1424,364
6567002,211,1:45:56,1515,116
6567002,210,1:45:56,1512,172
6567002,207,1:46:1,2,-492,0
6567002,211,1:46:4,323,666
6567002,213,1:46:4,2,s_beerCooler_G8a0,true
6567002,210,1:46:10,778,359
6567002,207,1:46:14,2,0,-492
6567002,211,1:46:20,1004,407
6567002,212,1:46:21,1
6567002,212,1:46:22,0
6567002,210,1:46:25,1439,358
6567002,207,1:46:31,2,-492,-432
6567002,211,1:46:38,950,289
6567002,210,1:46:39,869,330
6567002,211,1:46:39,926,335
6567002,213,1:46:39,2,c_cousin_M_a_G8a0,true
6567002,205,1:46:39,2,c_cousin_M_a_G8a0,false,true
6567002,210,1:46:43,989,206
6567002,211,1:46:50,843,546
6567002,212,1:46:51,1
6567002,210,1:46:53,1215,425
6567002,211,1:46:56,513,595
6567002,210,1:46:56,670,514
6567002,211,1:47:3,521,607
6567002,212,1:47:3,2
6567002,210,1:47:4,972,488
6567002,207,1:47:4,2,-432,-282
6567002,211,1:47:5,513,593
6567002,212,1:47:7,1
6567002,210,1:47:9,554,525
6567002,211,1:47:11,510,606
6567002,212,1:47:12,0
6567002,210,1:47:13,766,385
6567002,211,1:47:16,662,468
6567002,210,1:47:58,1014,364
6567002,207,1:48:3,2,-282,-42
6567002,207,1:48:6,2,-42,0
6567002,211,1:48:6,3,545
6567002,210,1:48:6,56,424
6567002,211,1:48:7,139,170
6567002,212,1:48:8,1
6567002,210,1:48:9,737,524
6567002,211,1:48:13,431,345
6567002,210,1:48:13,382,161
6567002,211,1:48:14,382,144
6567002,213,1:48:14,2,s_clock_G8a0,true
6567002,205,1:48:14,2,s_clock_G8a0,false,true
6567002,210,1:48:17,327,256
6567002,211,1:48:23,507,598
6567002,210,1:48:24,615,540
6567002,211,1:48:26,753,493
6567002,210,1:48:27,776,465
6567002,211,1:48:28,783,492
6567002,213,1:48:28,2,s_bottleTable_G8a0,true
6567002,210,1:48:31,514,494
6567002,211,1:48:31,514,494
6567002,210,1:48:32,866,471
6567002,211,1:48:35,1078,403
6567002,207,1:48:35,2,0,-75
6567002,207,1:48:35,2,-75,-120
6567002,210,1:48:35,1060,425
6567002,207,1:48:37,2,-120,-492
6567002,211,1:48:39,1511,132
6567002,210,1:48:39,1459,72
6567002,211,1:48:42,1512,544
6567002,210,1:48:42,1498,481
6567002,207,1:48:47,2,-492,-282
6567002,211,1:48:47,534,607
6567002,212,1:48:48,0
6567002,210,1:48:49,624,568
6567002,211,1:48:50,520,598
6567002,213,1:48:50,2,c_crush2_M_a_G8a0,true
6567002,205,1:48:50,2,c_crush2_M_a_G8a0,false,true
6567002,210,1:48:54,608,536
6567002,207,1:48:56,2,-282,-57
6567002,207,1:48:58,2,-57,0
6567002,211,1:48:59,150,344
6567002,213,1:48:59,2,s_stairs_G8a0,true
6567002,212,1:49:5,2
6567002,210,1:49:6,407,505
6567002,211,1:49:9,532,416
6567002,213,1:49:9,2,c_friend1_M_G8a0,true
6567002,210,1:49:11,343,443
6567002,211,1:49:15,505,581
6567002,213,1:49:15,2,s_bottleCrush2_M_G8a0,true
6567002,205,1:49:15,2,s_bottleCrush2_M_G8a0,false,false
6567002,221,1:49:21,2
6567002,220,1:49:22,2
6567002,1003,1:49:22,3
6567002,1004,1:49:25,4
6567002,500,1:49:42,4,[]
6567002,501,1:49:45,4,[]
6567002,502,1:49:57,4,[IntentionData_logId:1,true]
6567002,503,1:49:58,4,[]
6567002,504,1:50:2,4,[InfluenceData_logId:2]
6567002,504,1:50:5,4,[InfluenceData_logId:0]
6567002,504,1:50:7,4,[InfluenceData_logId:1]
6567002,504,1:50:11,4,[InfluenceData_logId:0]
6567002,504,1:50:13,4,[InfluenceData_logId:5]
6567002,504,1:50:15,4,[InfluenceData_logId:3]
6567002,504,1:50:17,4,[InfluenceData_logId:4]
6567002,504,1:50:20,4,[InfluenceData_logId:3]
6567002,504,1:50:23,4,[InfluenceData_logId:4]
6567002,504,1:50:26,4,[InfluenceData_logId:8]
6567002,504,1:50:30,4,[InfluenceData_logId:7]
6567002,504,1:50:34,4,[InfluenceData_logId:6]
6567002,505,1:50:39,4,[InfluenceData_logId:0,true,InfluenceData_logId:4,true,InfluenceData_logId:6,true]
6567002,506,1:50:41,4,[]
6567002,507,1:50:57,4,[OpponentAttackData_logId:0,OpponentAttackTypeData_logId:1,true,0]
6567002,508,1:50:59,4,[]
6567002,509,1:51:7,4,[RefusalData_logId:4,2]
6567002,510,1:51:14,4,[AvailableRefusalData_logId:4,0A]
6567002,510,1:51:14,4,[AvailableRefusalData_logId:4,1A]
6567002,510,1:51:15,4,[AvailableRefusalData_logId:4,2A]
6567002,511,1:51:15,4,[AvailableRefusalData_logId:4,0A,1A,2A,true,50]
6567002,512,1:51:18,4,[]
6567002,513,1:51:18,4,[0]
6567002,514,1:51:21,4,[]
6567002,507,1:51:34,4,[OpponentAttackData_logId:1,OpponentAttackTypeData_logId:2,true,0]
6567002,508,1:51:37,4,[]
6567002,509,1:51:45,4,[RefusalData_logId:3,2]
6567002,510,1:51:50,4,[AvailableRefusalData_logId:3,0A]
6567002,510,1:51:57,4,[AvailableRefusalData_logId:3,1A]
6567002,510,1:51:57,4,[AvailableRefusalData_logId:3,2A]
6567002,511,1:52:12,4,[AvailableRefusalData_logId:3,0A,1A,2A,true,50]
6567002,512,1:52:15,4,[]
6567002,515,1:52:15,4,[150,0]
6567002,516,1:52:19,4,[]
6567002,517,1:52:21,4,[]
6567002,1005,1:52:21,4,[3,0,3]
6567002,1001,1:52:22,4,[]
6567002,1003,1:52:22,3
6567002,210,1:52:26,612,548
6567002,211,1:52:27,534,588
6567002,221,1:52:28,2
6567002,220,1:52:32,2
6567002,219,1:52:33,2
6567002,216,1:52:35,Stack_G8a1N
6567002,217,1:52:41,Stack_G8a1N,4.7,0.00
6567002,218,1:52:43,2
6567002,207,1:52:44,2,-200,-215
6567002,210,1:52:45,1067,441
6567002,211,1:52:47,812,447
6567002,213,1:52:47,2,c_crush2_M_a_G8a1N,true
6567002,210,1:52:54,621,412
6567002,207,1:52:55,2,-215,-140
6567002,211,1:52:55,225,506
6567002,213,1:52:55,2,s_waterHeater_gen,true
6567002,212,1:52:57,1
6567002,212,1:52:58,0
6567002,210,1:52:58,811,476
6567002,211,1:52:59,704,535
6567002,213,1:52:59,2,s_crush2Sore_M_G8a1N,true
6567002,205,1:52:59,2,s_crush2Sore_M_G8a1N,false,false
6567002,210,1:53:3,648,481
6567002,207,1:53:6,2,-140,0
6567002,207,1:53:10,2,0,-492
6567002,211,1:53:13,1156,547
6567002,212,1:53:14,2
6567002,210,1:53:15,1096,549
6567002,207,1:53:26,2,-492,0
6567002,211,1:53:31,96,618
6567002,212,1:53:32,0
6567002,210,1:53:33,894,539
6567002,211,1:53:38,743,554
6567002,213,1:53:38,2,s_crush2Lips_M_G8a1N,true
6567002,205,1:53:38,2,s_crush2Lips_M_G8a1N,false,false
6567002,210,1:53:41,533,457
6567002,211,1:53:45,639,425
6567002,213,1:53:45,2,s_crush2Eyes_M_G8a1N,true
6567002,205,1:53:45,2,s_crush2Eyes_M_G8a1N,false,false
6567002,210,1:53:49,440,476
6567002,207,1:53:54,2,0,-180
6567002,207,1:53:57,2,-180,-450
6567002,207,1:54:1,2,-450,-492
6567002,207,1:54:12,2,-492,0
6567002,211,1:54:16,75,468
6567002,212,1:54:17,1
6567002,210,1:54:18,783,462
6567002,207,1:54:19,2,0,-90
6567002,211,1:54:24,567,638
6567002,213,1:54:24,2,s_dirtyClothes_gen,true
6567002,205,1:54:24,2,s_dirtyClothes_gen,false,false
6567002,210,1:54:29,569,549
6567002,207,1:54:32,2,-90,0
6567002,211,1:54:34,493,126
6567002,213,1:54:34,2,s_basementDoor_gen,true
6567002,205,1:54:34,2,s_basementDoor_gen,false,false
6567002,221,1:54:39,2
6567002,220,1:54:46,2
6567002,221,1:54:49,2
6567002,220,1:54:50,2
6567002,219,1:54:51,2
6567002,216,1:54:51,Stack_G8a3N
6567002,217,1:54:59,Stack_G8a3N,5.0,0.83
6567002,218,1:55:1,2
6567002,210,1:55:4,442,396
6567002,211,1:55:5,437,472
6567002,213,1:55:5,2,s_mirror_afri_M_a_G8a3N,true
6567002,205,1:55:5,2,s_mirror_afri_M_a_G8a3N,false,false
6567002,210,1:55:9,821,469
6567002,207,1:55:12,2,-200,-65
6567002,207,1:55:14,2,-65,0
6567002,211,1:55:15,932,669
6567002,212,1:55:16,2
6567002,210,1:55:17,750,456
6567002,207,1:55:20,2,0,-90
6567002,207,1:55:22,2,-90,0
6567002,211,1:55:24,1097,558
6567002,207,1:55:24,2,0,-90
6567002,210,1:55:25,1182,468
6567002,207,1:55:25,2,-90,-285
6567002,211,1:55:27,1041,462
6567002,212,1:55:27,0
6567002,207,1:55:28,2,-285,-330
6567002,210,1:55:28,1254,535
6567002,211,1:55:29,1439,485
6567002,207,1:55:29,2,-330,-435
6567002,207,1:55:30,2,-435,-492
6567002,210,1:55:30,1447,535
6567002,211,1:55:30,1513,532
6567002,210,1:55:31,1467,451
6567002,207,1:55:37,2,-492,-447
6567002,211,1:55:38,880,476
6567002,213,1:55:38,2,c_nurse_a_G8a3N,true
6567002,210,1:55:47,905,433
6567002,211,1:55:48,888,419
6567002,213,1:55:48,2,c_nurse_a_G8a3N,true
6567002,1003,1:55:50,0
6567002,1004,1:55:54,1
6567002,400,1:56:7,1,[]
6567002,401,1:56:14,1,[StatementsData_logId:0]
6567002,402,1:56:15,1,[StatementsData_logId:0,true]
6567002,405,1:56:17,1,[StatementsData_logId:0]
6567002,406,1:56:23,1,[StatementsData_logId:0,2]
6567002,411,1:56:25,1,[StatementsData_logId:0]
6567002,401,1:56:31,1,[StatementsData_logId:1]
6567002,402,1:56:32,1,[StatementsData_logId:1,true]
6567002,405,1:56:33,1,[StatementsData_logId:1]
6567002,406,1:56:40,1,[StatementsData_logId:1,2]
6567002,411,1:56:41,1,[StatementsData_logId:1]
6567002,401,1:56:47,1,[StatementsData_logId:2]
6567002,404,1:56:49,1,[StatementsData_logId:2,false]
6567002,405,1:56:49,1,[StatementsData_logId:2]
6567002,406,1:56:54,1,[StatementsData_logId:2,-2]
6567002,411,1:56:55,1,[StatementsData_logId:2]
6567002,401,1:57:0,1,[StatementsData_logId:3]
6567002,402,1:57:1,1,[StatementsData_logId:3,true]
6567002,405,1:57:1,1,[StatementsData_logId:3]
6567002,406,1:57:6,1,[StatementsData_logId:3,2]
6567002,411,1:57:8,1,[StatementsData_logId:3]
6567002,401,1:57:14,1,[StatementsData_logId:4]
6567002,402,1:57:15,1,[StatementsData_logId:4,false]
6567002,405,1:57:16,1,[StatementsData_logId:4]
6567002,406,1:57:19,1,[StatementsData_logId:4,-2]
6567002,411,1:57:20,1,[StatementsData_logId:4]
6567002,401,1:57:28,1,[StatementsData_logId:5]
6567002,403,1:57:32,1,[StatementsData_logId:5,false]
6567002,405,1:57:33,1,[StatementsData_logId:5]
6567002,406,1:57:38,1,[StatementsData_logId:5,-2]
6567002,411,1:57:41,1,[StatementsData_logId:5]
6567002,420,1:57:41,1,[28]
6567002,1005,1:57:41,1,[0,0,1]
6567002,1001,1:57:42,1,[]
6567002,1003,1:57:42,0
6567002,1004,1:57:43,1
6567002,400,1:57:46,1,[]
6567002,401,1:57:47,1,[StatementsData_logId:0]
6567002,402,1:57:48,1,[StatementsData_logId:0,true]
6567002,405,1:57:48,1,[StatementsData_logId:0]
6567002,406,1:57:52,1,[StatementsData_logId:0,2]
6567002,411,1:57:53,1,[StatementsData_logId:0]
6567002,401,1:57:55,1,[StatementsData_logId:1]
6567002,402,1:57:56,1,[StatementsData_logId:1,true]
6567002,405,1:57:56,1,[StatementsData_logId:1]
6567002,406,1:57:59,1,[StatementsData_logId:1,2]
6567002,411,1:58:1,1,[StatementsData_logId:1]
6567002,401,1:58:3,1,[StatementsData_logId:2]
6567002,402,1:58:3,1,[StatementsData_logId:2,false]
6567002,405,1:58:4,1,[StatementsData_logId:2]
6567002,406,1:58:7,1,[StatementsData_logId:2,-2]
6567002,411,1:58:8,1,[StatementsData_logId:2]
6567002,401,1:58:13,1,[StatementsData_logId:3]
6567002,402,1:58:13,1,[StatementsData_logId:3,true]
6567002,405,1:58:15,1,[StatementsData_logId:3]
6567002,406,1:58:21,1,[StatementsData_logId:3,2]
6567002,411,1:58:23,1,[StatementsData_logId:3]
6567002,401,1:58:26,1,[StatementsData_logId:4]
6567002,403,1:58:30,1,[StatementsData_logId:4,true]
6567002,405,1:58:31,1,[StatementsData_logId:4]
6567002,406,1:58:34,1,[StatementsData_logId:4,2]
6567002,407,1:58:34,1,[StatementsData_logId:4,FactCardData_id:22]
6567002,407,1:58:34,1,[StatementsData_logId:4,FactCardData_id:23]
6567002,407,1:58:34,1,[StatementsData_logId:4,FactCardData_id:24]
6567002,407,1:58:34,1,[StatementsData_logId:4,FactCardData_id:25]
6567002,407,1:58:34,1,[StatementsData_logId:4,FactCardData_id:20]
6567002,407,1:58:34,1,[StatementsData_logId:4,FactCardData_id:26]
6567002,407,1:58:38,1,[StatementsData_logId:4,FactCardData_id:22]
6567002,407,1:58:38,1,[StatementsData_logId:4,FactCardData_id:22]
6567002,407,1:58:43,1,[StatementsData_logId:4,FactCardData_id:25]
6567002,407,1:58:43,1,[StatementsData_logId:4,FactCardData_id:22]
6567002,407,1:58:43,1,[StatementsData_logId:4,FactCardData_id:25]
6567002,407,1:58:47,1,[StatementsData_logId:4,FactCardData_id:26]
6567002,407,1:58:47,1,[StatementsData_logId:4,FactCardData_id:25]
6567002,407,1:58:47,1,[StatementsData_logId:4,FactCardData_id:26]
6567002,407,1:58:52,1,[StatementsData_logId:4,FactCardData_id:23]
6567002,407,1:58:52,1,[StatementsData_logId:4,FactCardData_id:26]
6567002,407,1:58:52,1,[StatementsData_logId:4,FactCardData_id:23]
6567002,408,1:58:57,1,[StatementsData_logId:4,FactCardData_id:23,true]
6567002,409,1:58:57,1,[StatementsData_logId:4]
6567002,410,1:58:58,1,[StatementsData_logId:4,2]
6567002,412,1:59:0,1,[StatementsData_logId:4]
6567002,413,1:59:3,1,[StatementsData_logId:4,DuelResponsesData_logId:3]
6567002,414,1:59:4,1,[StatementsData_logId:4,DuelResponsesData_logId:3]
6567002,415,1:59:13,1,[StatementsData_logId:4,DuelResponsesData_logId:3,DuelResponsesData_ok_player_response]
6567002,416,1:59:14,1,[StatementsData_logId:4,DuelResponsesData_logId:3]
6567002,417,1:59:15,1,[StatementsData_logId:4,DuelResponsesData_logId:3]
6567002,413,1:59:22,1,[StatementsData_logId:4,DuelResponsesData_logId:4]
6567002,414,1:59:23,1,[StatementsData_logId:4,DuelResponsesData_logId:4]
6567002,415,1:59:40,1,[StatementsData_logId:4,DuelResponsesData_logId:4,DuelResponsesData_lame_player_response]
6567002,416,1:59:47,1,[StatementsData_logId:4,DuelResponsesData_logId:4]
6567002,417,1:59:48,1,[StatementsData_logId:4,DuelResponsesData_logId:4]
6567002,413,1:59:52,1,[StatementsData_logId:4,DuelResponsesData_logId:5]
6567002,414,1:59:53,1,[StatementsData_logId:4,DuelResponsesData_logId:5]
6567002,415,2:0:5,1,[StatementsData_logId:4,DuelResponsesData_logId:5,DuelResponsesData_ok_player_response]
6567002,416,2:0:6,1,[StatementsData_logId:4,DuelResponsesData_logId:5]
6567002,417,2:0:7,1,[StatementsData_logId:4,DuelResponsesData_logId:5]
6567002,418,2:0:7,1,[StatementsData_logId:4,true]
6567002,419,2:0:9,1,[StatementsData_logId:4,4]
6567002,411,2:0:11,1,[StatementsData_logId:4]
6567002,401,2:0:15,1,[StatementsData_logId:5]
6567002,404,2:0:15,1,[StatementsData_logId:5,true]
6567002,406,2:0:16,1,[StatementsData_logId:5,2]
6567002,412,2:0:24,1,[StatementsData_logId:5]
6567002,413,2:0:28,1,[StatementsData_logId:5,DuelResponsesData_logId:6]
6567002,414,2:0:34,1,[StatementsData_logId:5,DuelResponsesData_logId:6]
6567002,415,2:0:47,1,[StatementsData_logId:5,DuelResponsesData_logId:6,DuelResponsesData_witty_player_response]
6567002,416,2:0:48,1,[StatementsData_logId:5,DuelResponsesData_logId:6]
6567002,417,2:0:50,1,[StatementsData_logId:5,DuelResponsesData_logId:6]
6567002,413,2:0:55,1,[StatementsData_logId:5,DuelResponsesData_logId:7]
6567002,414,2:0:56,1,[StatementsData_logId:5,DuelResponsesData_logId:7]
6567002,415,2:1:9,1,[StatementsData_logId:5,DuelResponsesData_logId:7,DuelResponsesData_ok_player_response]
6567002,416,2:1:10,1,[StatementsData_logId:5,DuelResponsesData_logId:7]
6567002,417,2:1:11,1,[StatementsData_logId:5,DuelResponsesData_logId:7]
6567002,413,2:1:23,1,[StatementsData_logId:5,DuelResponsesData_logId:8]
6567002,414,2:1:24,1,[StatementsData_logId:5,DuelResponsesData_logId:8]
6567002,415,2:1:31,1,[StatementsData_logId:5,DuelResponsesData_logId:8,DuelResponsesData_witty_player_response]
6567002,416,2:1:31,1,[StatementsData_logId:5,DuelResponsesData_logId:8]
6567002,417,2:1:32,1,[StatementsData_logId:5,DuelResponsesData_logId:8]
6567002,418,2:1:32,1,[StatementsData_logId:5,true]
6567002,419,2:1:33,1,[StatementsData_logId:5,4]
6567002,411,2:1:35,1,[StatementsData_logId:5]
6567002,420,2:1:35,1,[46]
6567002,1005,2:1:35,1,[0,1,2]
6567002,1001,2:1:36,1,[]
6567002,1003,2:1:36,0
6567002,210,2:1:40,1089,490
6567002,207,2:1:41,2,-200,-320
6567002,211,2:1:42,860,470
6567002,213,2:1:42,2,c_nurse_a_G8a3N,true
6567002,205,2:1:42,2,c_nurse_a_G8a3N,false,false
6567002,212,2:1:46,2
6567002,210,2:1:47,977,504
6567002,211,2:1:48,958,605
6567002,204,2:1:49,2
6567002,103,2:1:54
6567002,104,2:1:56
6567002,103,2:2:2
6567002,105,2:2:3
6567002,703,2:2:5,[|| EpilogueItem ID: 0 unlocked: true ||,|| EpilogueItem ID: 1 unlocked: true ||,|| EpilogueItem ID: 2 unlocked: false ||,|| EpilogueItem ID: 3 unlocked: false ||,|| EpilogueItem ID: 4 unlocked: false ||,|| EpilogueItem ID: 5 unlocked: false ||,|| EpilogueItem ID: 6 unlocked: false ||,|| EpilogueItem ID: 7 unlocked: false ||,|| EpilogueItem ID: 8 unlocked: false ||,|| EpilogueItem ID: 9 unlocked: false ||,|| EpilogueItem ID: 10 unlocked: false ||,|| EpilogueItem ID: 11 unlocked: false ||,|| EpilogueItem ID: 12 unlocked: false ||,|| EpilogueItem ID: 13 unlocked: false ||,|| EpilogueItem ID: 14 unlocked: false ||,|| EpilogueItem ID: 15 unlocked: false ||,|| EpilogueItem ID: 16 unlocked: false ||,|| EpilogueItem ID: 17 unlocked: false ||,|| EpilogueItem ID: 18 unlocked: false ||,|| EpilogueItem ID: 19 unlocked: false ||,|| EpilogueItem ID: 20 unlocked: false ||,|| EpilogueItem ID: 21 unlocked: false ||,|| EpilogueItem ID: 22 unlocked: false ||,|| EpilogueItem ID: 23 unlocked: false ||,|| EpilogueItem ID: 24 unlocked: false ||],0.08
6567002,708,2:2:8
6567002,1,2:2:8,10/25/2013 5:01:28pm,{"gameTime":7328769,"challengeStacks":[{"challengeScenes":[{"miniGameCards":[],"viewedAnimatic":true,"keyPoints":["c_teacherEng_G7a0","c_bestFriend_M_a_G7a0","s_flag_gen"],"unlocked":true,"touchableObjects":["s_vocabAssignment_G7a0","c_crewKid1_M_G7a0","s_doorClassroom_G7a0","c_friend1_M_a_G7a0","s_atwoodPoster_gen","c_teacherEng_G7a0","c_bestFriend_M_a_G7a0","s_flag_gen"]},{"miniGameCards":[],"viewedAnimatic":true,"keyPoints":["c_bestFriend_M_a_G7a1N","c_teacherEng_G7a1N","s_paperPlayers_G7a1N"],"unlocked":true,"touchableObjects":["c_bestFriend_M_a_G7a1N","c_teacherEng_G7a1N","s_otherStudent2_G7a1N","c_crewKid1_M_G7a1N","s_flag_gen","s_paperPlayers_G7a1N"]},{"miniGameCards":[],"viewedAnimatic":true,"keyPoints":["c_teacherEng_G7a1P","c_bestFriend_M_a_G7a1P","s_flag_gen","s_paperEnglish_gen"],"unlocked":true,"touchableObjects":["c_teacherEng_G7a1P","c_bestFriend_M_a_G7a1P","s_angelouPoster_gen","s_flag_gen","s_clock_G7a1P","s_paperPlayers_G7a1P","s_paperEnglish_gen"]}],"stackSize":3,"resolved":true},{"challengeScenes":[{"miniGameCards":[],"viewedAnimatic":true,"keyPoints":["c_kidSister_afri_a_G7b0","c_crewKid1_M_G7b0","s_backpack_M_G7b0"],"unlocked":true,"touchableObjects":["c_kidSister_afri_a_G7b0","c_crewKid1_M_G7b0","c_cousinsBrother_a_G7b0","c_cousin_M_a_G7b0","s_backpack_M_G7b0"]},{"miniGameCards":[],"viewedAnimatic":true,"keyPoints":["c_kidSister_afri_a_G7b1N","s_sprayPaintCan_G7b1N","s_brokenCarWindow_G7b1N","s_graffiti_G7b1N","c_crewKid1_M_G7b1N"],"unlocked":true,"touchableObjects":["c_kidSister_afri_a_G7b1N","s_sprayPaintCan_G7b1N","s_brokenCarWindow_G7b1N","s_graffiti_G7b1N","c_crewKid1_M_G7b1N"]},{"miniGameCards":[],"viewedAnimatic":true,"keyPoints":["c_cousinsBrothersFriend_a_G7b1P","c_cousinsBrother_a_G7b1P","c_cousin_M_a_G7b1P","s_poolDay_ruleSign_G7b1P"],"unlocked":true,"touchableObjects":["c_cousinsBrothersFriend_a_G7b1P","c_crush1_M_a_G7b1P","c_cousinsBrother_a_G7b1P","c_cousin_M_a_G7b1P","s_poolDay_ruleSign_G7b1P"]},{"miniGameCards":[],"viewedAnimatic":true,"keyPoints":["c_cousin_M_a_G7b2N","s_kid1_G7b2N","c_kidSister_afri_a_G7b2N","c_crush1_M_a_G7b2N"],"unlocked":true,"touchableObjects":["c_cousin_M_a_G7b2N","s_kid1_G7b2N","c_kidSister_afri_a_G7b2N","c_crush1_M_a_G7b2N"]},{"miniGameCards":[],"viewedAnimatic":true,"keyPoints":["c_kidSister_afri_a_G7b2P","s_computer_M_G7b2P","c_cousin_M_a_G7b2P"],"unlocked":true,"touchableObjects":["c_kidSister_afri_a_G7b2P","s_computer_M_G7b2P","c_cousin_M_a_G7b2P"]}],"stackSize":5,"resolved":true},{"challengeScenes":[{"miniGameCards":[],"viewedAnimatic":true,"keyPoints":["c_crush2_M_a_G8a0","c_cousin_M_a_G8a0","s_clock_G8a0","s_cellphone_G8a0","s_bottleCrush2_M_G8a0"],"unlocked":true,"touchableObjects":["c_crush2_M_a_G8a0","c_cousin_M_a_G8a0","s_clock_G8a0","s_cellphone_G8a0","s_bottleTable_G8a0","s_cigaretteKid1_G8a0","s_beerCooler_G8a0","s_stairs_G8a0","c_friend1_M_G8a0","s_bottleCrush2_M_G8a0"]},{"miniGameCards":[],"viewedAnimatic":true,"keyPoints":["s_crush2Sore_M_G8a1N","s_crush2Lips_M_G8a1N","s_crush2Eyes_M_G8a1N","s_dirtyClothes_gen","s_basementDoor_gen"],"unlocked":true,"touchableObjects":["c_crush2_M_a_G8a1N","s_waterHeater_gen","s_crush2Sore_M_G8a1N","s_crush2Lips_M_G8a1N","s_crush2Eyes_M_G8a1N","s_dirtyClothes_gen","s_basementDoor_gen"]},{"miniGameCards":[],"viewedAnimatic":false,"keyPoints":[],"unlocked":false,"touchableObjects":[]},{"miniGameCards":[],"viewedAnimatic":false,"keyPoints":[],"unlocked":false,"touchableObjects":[]},{"miniGameCards":[],"viewedAnimatic":false,"keyPoints":[],"unlocked":false,"touchableObjects":[]},{"miniGameCards":[],"viewedAnimatic":true,"keyPoints":["s_mirror_afri_M_a_G8a3N","c_nurse_a_G8a3N"],"unlocked":true,"touchableObjects":["s_mirror_afri_M_a_G8a3N","c_nurse_a_G8a3N"]},{"miniGameCards":[],"viewedAnimatic":false,"keyPoints":[],"unlocked":false,"touchableObjects":[]}],"stackSize":7,"resolved":false},{"challengeScenes":[{"miniGameCards":[],"viewedAnimatic":false,"keyPoints":[],"unlocked":false,"touchableObjects":[]},{"miniGameCards":[],"viewedAnimatic":false,"keyPoints":[],"unlocked":false,"touchableObjects":[]},{"miniGameCards":[],"viewedAnimatic":false,"keyPoints":[],"unlocked":false,"touchableObjects":[]},{"miniGameCards":[],"viewedAnimatic":false,"keyPoints":[],"unlocked":false,"touchableObjects":[]},{"miniGameCards":[],"viewedAnimatic":false,"keyPoints":[],"unlocked":false,"touchableObjects":[]}],"stackSize":5,"resolved":false},{"challengeScenes":[{"miniGameCards":[],"viewedAnimatic":false,"keyPoints":[],"unlocked":true,"touchableObjects":[]},{"miniGameCards":[],"viewedAnimatic":false,"keyPoints":[],"unlocked":true,"touchableObjects":[]},{"miniGameCards":[],"viewedAnimatic":false,"keyPoints":[],"unlocked":false,"touchableObjects":[]},{"miniGameCards":[],"viewedAnimatic":false,"keyPoints":[],"unlocked":false,"touchableObjects":[]},{"miniGameCards":[],"viewedAnimatic":false,"keyPoints":[],"unlocked":false,"touchableObjects":[]}],"stackSize":5,"resolved":false},{"challengeScenes":[{"miniGameCards":[],"viewedAnimatic":false,"keyPoints":[],"unlocked":false,"touchableObjects":[]},{"miniGameCards":[],"viewedAnimatic":false,"keyPoints":[],"unlocked":false,"touchableObjects":[]},{"miniGameCards":[],"viewedAnimatic":false,"keyPoints":[],"unlocked":false,"touchableObjects":[]},{"miniGameCards":[],"viewedAnimatic":false,"keyPoints":[],"unlocked":false,"touchableObjects":[]},{"miniGameCards":[],"viewedAnimatic":false,"keyPoints":[],"unlocked":false,"touchableObjects":[]}],"stackSize":5,"resolved":false},{"challengeScenes":[{"miniGameCards":[],"viewedAnimatic":false,"keyPoints":[],"unlocked":false,"touchableObjects":[]},{"miniGameCards":[],"viewedAnimatic":false,"keyPoints":[],"unlocked":false,"touchableObjects":[]},{"miniGameCards":[],"viewedAnimatic":false,"keyPoints":[],"unlocked":false,"touchableObjects":[]},{"miniGameCards":[],"viewedAnimatic":false,"keyPoints":[],"unlocked":false,"touchableObjects":[]},{"miniGameCards":[],"viewedAnimatic":false,"keyPoints":[],"unlocked":false,"touchableObjects":[]}],"stackSize":5,"resolved":false},{"challengeScenes":[{"miniGameCards":[],"viewedAnimatic":false,"keyPoints":[],"unlocked":false,"touchableObjects":[]},{"miniGameCards":[],"viewedAnimatic":false,"keyPoints":[],"unlocked":false,"touchableObjects":[]},{"miniGameCards":[],"viewedAnimatic":false,"keyPoints":[],"unlocked":false,"touchableObjects":[]},{"miniGameCards":[],"viewedAnimatic":false,"keyPoints":[],"unlocked":false,"touchableObjects":[]},{"miniGameCards":[],"viewedAnimatic":false,"keyPoints":[],"unlocked":false,"touchableObjects":[]}],"stackSize":5,"resolved":false},{"challengeScenes":[{"miniGameCards":[],"viewedAnimatic":false,"keyPoints":[],"unlocked":false,"touchableObjects":[]},{"miniGameCards":[],"viewedAnimatic":false,"keyPoints":[],"unlocked":false,"touchableObjects":[]},{"miniGameCards":[],"viewedAnimatic":false,"keyPoints":[],"unlocked":false,"touchableObjects":[]},{"miniGameCards":[],"viewedAnimatic":false,"keyPoints":[],"unlocked":false,"touchableObjects":[]},{"miniGameCards":[],"viewedAnimatic":false,"keyPoints":[],"unlocked":false,"touchableObjects":[]}],"stackSize":5,"resolved":false},{"challengeScenes":[{"miniGameCards":[],"viewedAnimatic":false,"keyPoints":[],"unlocked":false,"touchableObjects":[]},{"miniGameCards":[],"viewedAnimatic":false,"keyPoints":[],"unlocked":false,"touchableObjects":[]},{"miniGameCards":[],"viewedAnimatic":false,"keyPoints":[],"unlocked":false,"touchableObjects":[]},{"miniGameCards":[],"viewedAnimatic":false,"keyPoints":[],"unlocked":false,"touchableObjects":[]},{"miniGameCards":[],"viewedAnimatic":false,"keyPoints":[],"unlocked":false,"touchableObjects":[]}],"stackSize":5,"resolved":false},{"challengeScenes":[{"miniGameCards":[],"viewedAnimatic":false,"keyPoints":[],"unlocked":false,"touchableObjects":[]},{"miniGameCards":[],"viewedAnimatic":false,"keyPoints":[],"unlocked":false,"touchableObjects":[]},{"miniGameCards":[],"viewedAnimatic":false,"keyPoints":[],"unlocked":false,"touchableObjects":[]},{"miniGameCards":[],"viewedAnimatic":false,"keyPoints":[],"unlocked":false,"touchableObjects":[]},{"miniGameCards":[],"viewedAnimatic":false,"keyPoints":[],"unlocked":false,"touchableObjects":[]}],"stackSize":5,"resolved":false},{"challengeScenes":[{"miniGameCards":[],"viewedAnimatic":false,"keyPoints":[],"unlocked":false,"touchableObjects":[]},{"miniGameCards":[],"viewedAnimatic":false,"keyPoints":[],"unlocked":false,"touchableObjects":[]},{"miniGameCards":[],"viewedAnimatic":false,"keyPoints":[],"unlocked":false,"touchableObjects":[]},{"miniGameCards":[],"viewedAnimatic":false,"keyPoints":[],"unlocked":false,"touchableObjects":[]},{"miniGameCards":[],"viewedAnimatic":false,"keyPoints":[],"unlocked":false,"touchableObjects":[]}],"stackSize":5,"resolved":false},{"challengeScenes":[{"miniGameCards":[],"viewedAnimatic":false,"keyPoints":[],"unlocked":true,"touchableObjects":["c_player_afri_M_a_G0a0"]},{"miniGameCards":[],"viewedAnimatic":false,"keyPoints":["c_family_afri_a_G0a1N","c_home_G0a1N","c_job_G0a1N"],"unlocked":true,"touchableObjects":["c_family_afri_a_G0a1N","c_home_G0a1N","c_job_G0a1N"]},{"miniGameCards":[],"viewedAnimatic":false,"keyPoints":["c_dad_afri_a_G0a1P","c_grandma_afri_a_G0a1P","c_Teacher_G0a1P","c_kidsister_afri_a_G0a1P","c_mom_afri_a_G0a1P","c_Nurse_G0a1P"],"unlocked":true,"touchableObjects":["c_friends_G0a1P","c_dad_afri_a_G0a1P","c_grandma_afri_a_G0a1P","c_Teacher_G0a1P","c_cousins_M_a_G0a1P","c_kidsister_afri_a_G0a1P","c_mom_afri_a_G0a1P","c_Nurse_G0a1P"]}],"stackSize":3,"resolved":true}],"sessionId":2,"epilogue":{"rating":0},"playerId":6567002,"session":[{"sceneId":"1P","stackId":12},{"sceneId":"1P","stackId":0},{"sceneId":"1P","stackId":1},{"sceneId":"1N","stackId":1},{"sceneId":"2P","stackId":1}],"minigames":[{"levelSaveData":[{"starRating":3,"unlocked":true},{"starRating":2,"unlocked":true},{"starRating":0,"unlocked":true},{"starRating":0,"unlocked":false},{"starRating":0,"unlocked":false},{"starRating":0,"unlocked":false},{"starRating":0,"unlocked":false},{"starRating":0,"unlocked":false},{"starRating":0,"unlocked":false},{"starRating":0,"unlocked":false}],"skillPoints":5},{"levelSaveData":[{"starRating":3,"unlocked":true},{"starRating":3,"unlocked":true},{"starRating":1,"unlocked":true},{"starRating":0,"unlocked":false},{"starRating":0,"unlocked":true},{"starRating":0,"unlocked":false},{"starRating":0,"unlocked":false},{"starRating":0,"unlocked":false},{"starRating":0,"unlocked":false},{"starRating":0,"unlocked":false}],"skillPoints":7},{"levelSaveData":[{"starRating":3,"unlocked":true},{"starRating":2,"unlocked":true},{"starRating":0,"unlocked":true},{"starRating":0,"unlocked":false},{"starRating":0,"unlocked":false},{"starRating":0,"unlocked":false},{"starRating":0,"unlocked":false},{"starRating":0,"unlocked":false},{"starRating":0,"unlocked":true},{"starRating":0,"unlocked":false}],"skillPoints":5},{"levelSaveData":[{"starRating":2,"unlocked":true},{"starRating":0,"unlocked":true},{"starRating":0,"unlocked":false},{"starRating":0,"unlocked":false},{"starRating":3,"unlocked":true},{"starRating":0,"unlocked":false},{"starRating":0,"unlocked":false},{"starRating":0,"unlocked":false},{"starRating":0,"unlocked":false},{"starRating":0,"unlocked":false}],"skillPoints":5},{"age":14,"name":"Jordon","gender":0,"levelSaveData":[{"starRating":3,"unlocked":true},{"starRating":3,"chunks":[["1"],["7$$chill","10$$funny"],["6$$music","0$$rights","12$$partying"],["1"]],"unlocked":true},{"starRating":3,"chunks":[["1"],["0$$jogging","2$$taking selfies"],["0$$drive a car","11$$work out out"]],"unlocked":true},{"starRating":0,"chunks":[[null],[null],[null],[null],[null,null],[null]],"unlocked":true},{"starRating":0,"chunks":[[null],[null],[null,null],[null],[null],[null]],"unlocked":false},{"starRating":0,"chunks":[[null],[null,null,null,null],[null],[null]],"unlocked":false},{"starRating":0,"chunks":[[null],[null],[null,null],[null,null],[null]],"unlocked":false},{"starRating":0,"chunks":[[null,null,null],[null,null,null],[null],[null],[null]],"unlocked":false},{"starRating":0,"chunks":[[null,null,null],[null,null,null],[null,null]],"unlocked":false},{"starRating":0,"chunks":[[null],[null],[null],[null],[null],[null]],"unlocked":false}],"visualAvatar":0,"id":0,"skillPoints":9}],"avatar":{"age":14,"name":"Jordon","gender":0,"levelSaveData":[{"starRating":3,"unlocked":true},{"starRating":3,"chunks":[["1"],["7$$chill","10$$funny"],["6$$music","0$$rights","12$$partying"],["1"]],"unlocked":true},{"starRating":3,"chunks":[["1"],["0$$jogging","2$$taking selfies"],["0$$drive a car","11$$work out out"]],"unlocked":true},{"starRating":0,"chunks":[[null],[null],[null],[null],[null,null],[null]],"unlocked":true},{"starRating":0,"chunks":[[null],[null],[null,null],[null],[null],[null]],"unlocked":false},{"starRating":0,"chunks":[[null],[null,null,null,null],[null],[null]],"unlocked":false},{"starRating":0,"chunks":[[null],[null],[null,null],[null,null],[null]],"unlocked":false},{"starRating":0,"chunks":[[null,null,null],[null,null,null],[null],[null],[null]],"unlocked":false},{"starRating":0,"chunks":[[null,null,null],[null,null,null],[null,null]],"unlocked":false},{"starRating":0,"chunks":[[null],[null],[null],[null],[null],[null]],"unlocked":false}],"visualAvatar":0,"id":0,"skillPoints":9}}
