6430001,0,1:50:37,7/12/2013 11:19:43am
6430001,100,1:51:13,2
6430001,102,1:51:14,2
6430001,200,1:51:14,2,4,11,5,3,9
6430001,221,1:51:27,2
6430001,220,1:51:31,2
6430001,210,1:51:34,1217,530
6430001,207,1:51:35,2,-200,-492
6430001,211,1:51:39,1360,507
6430001,213,1:51:39,2,s_inhalantsShelf_gen,true
6430001,210,1:51:41,1386,543
6430001,207,1:51:47,2,-492,0
6430001,211,1:51:50,275,571
6430001,213,1:51:50,2,s_waterHeater_gen,true
6430001,210,1:51:52,492,482
6430001,211,1:51:57,617,418
6430001,213,1:51:57,2,s_crush2Eyes_F_G8a1N,true
6430001,205,1:51:57,2,s_crush2Eyes_F_G8a1N,false,true
6430001,210,1:52:1,712,471
6430001,211,1:52:3,714,510
6430001,213,1:52:4,2,s_crush2Sore_F_G8a1N,true
6430001,205,1:52:4,2,s_crush2Sore_F_G8a1N,false,true
6430001,210,1:52:7,885,415
6430001,211,1:52:11,769,555
6430001,213,1:52:11,2,s_crush2Lips_F_G8a1N,true
6430001,205,1:52:11,2,s_crush2Lips_F_G8a1N,false,true
6430001,221,1:52:15,2
6430001,300,1:52:19
6430001,220,1:52:19,2
6430001,301,1:52:22,2
6430001,302,1:52:38,2,2,0,15
6430001,304,1:52:39,2,2,0,-1,,15,
6430001,302,1:52:42,2,3,0,0
6430001,304,1:52:43,2,3,0,-1,,0,
6430001,302,1:52:47,2,4,0,5
6430001,306,1:52:49,2,0,1
6430001,304,1:52:49,2,4,0,-1,,5,
6430001,302,1:52:53,2,4,1,4
6430001,304,1:52:53,2,4,1,-1,,4,
6430001,302,1:53:1,2,5,0,5
6430001,306,1:53:2,2,1,2
6430001,304,1:53:2,2,5,0,-1,,5,
6430001,302,1:53:9,2,0,0,11
6430001,304,1:53:9,2,0,0,-1,,11,
6430001,302,1:53:15,2,1,0,4
6430001,306,1:53:16,2,2,3
6430001,304,1:53:16,2,1,0,-1,,4,
6430001,221,1:53:23,2
6430001,220,1:53:27,2
6430001,1003,1:53:27,3
6430001,1004,1:53:29,1
6430001,500,1:53:39,1,[]
6430001,501,1:53:42,1,[]
6430001,502,1:53:50,1,[IntentionData_logId:3,true]
6430001,503,1:53:51,1,[]
6430001,504,1:53:54,1,[InfluenceData_logId:0]
6430001,504,1:53:56,1,[InfluenceData_logId:2]
6430001,504,1:54:0,1,[InfluenceData_logId:1]
6430001,504,1:54:4,1,[InfluenceData_logId:0]
6430001,504,1:54:6,1,[InfluenceData_logId:5]
6430001,504,1:54:9,1,[InfluenceData_logId:4]
6430001,504,1:54:13,1,[InfluenceData_logId:3]
6430001,504,1:54:16,1,[InfluenceData_logId:5]
6430001,504,1:54:17,1,[InfluenceData_logId:6]
6430001,505,1:54:20,1,[InfluenceData_logId:0,true,InfluenceData_logId:5,true,InfluenceData_logId:6,true]
6430001,506,1:54:22,1,[]
6430001,507,1:54:31,1,[OpponentAttackData_logId:0,OpponentAttackTypeData_logId:2,true,0]
6430001,508,1:54:36,1,[]
6430001,509,1:54:40,1,[RefusalData_logId:4,2]
6430001,510,1:54:48,1,[AvailableRefusalData_logId:4,0A]
6430001,510,1:54:48,1,[AvailableRefusalData_logId:4,1A]
6430001,510,1:54:49,1,[AvailableRefusalData_logId:4,2A]
6430001,511,1:54:49,1,[AvailableRefusalData_logId:4,0A,1A,2A,true,50]
6430001,512,1:54:57,1,[]
6430001,513,1:54:57,1,[0]
6430001,514,1:54:59,1,[]
6430001,507,1:55:11,1,[OpponentAttackData_logId:3,OpponentAttackTypeData_logId:4,true,0]
6430001,508,1:55:14,1,[]
6430001,509,1:55:23,1,[RefusalData_logId:0,0]
6430001,510,1:55:28,1,[AvailableRefusalData_logId:0,0A]
6430001,510,1:55:29,1,[AvailableRefusalData_logId:0,1A]
6430001,510,1:55:29,1,[AvailableRefusalData_logId:0,2A]
6430001,511,1:55:30,1,[AvailableRefusalData_logId:0,0A,1A,2A,true,20]
6430001,512,1:55:34,1,[]
6430001,513,1:55:34,1,[30]
6430001,514,1:55:40,1,[]
6430001,507,1:55:52,1,[OpponentAttackData_logId:1,OpponentAttackTypeData_logId:1,true,0]
6430001,508,1:55:54,1,[]
6430001,509,1:55:59,1,[RefusalData_logId:7,2]
6430001,510,1:56:23,1,[AvailableRefusalData_logId:7,0A]
6430001,510,1:56:24,1,[AvailableRefusalData_logId:7,1A]
6430001,510,1:56:24,1,[AvailableRefusalData_logId:7,2A]
6430001,511,1:56:27,1,[AvailableRefusalData_logId:7,0A,1A,2A,true,50]
6430001,512,1:56:31,1,[]
6430001,515,1:56:31,1,[120,0]
6430001,516,1:56:34,1,[]
6430001,517,1:56:43,1,[]
6430001,1005,1:56:43,1,[3,0,3]
6430001,1001,1:56:45,1,[]
6430001,1003,1:56:45,3
6430001,1004,1:56:46,4
6430001,500,1:57:24,4,[]
6430001,501,1:57:27,4,[]
6430001,502,1:57:33,4,[IntentionData_logId:1,true]
6430001,503,1:57:34,4,[]
6430001,504,1:57:37,4,[InfluenceData_logId:1]
6430001,504,1:57:40,4,[InfluenceData_logId:2]
6430001,504,1:57:42,4,[InfluenceData_logId:0]
6430001,504,1:57:44,4,[InfluenceData_logId:5]
6430001,504,1:57:46,4,[InfluenceData_logId:3]
6430001,504,1:57:48,4,[InfluenceData_logId:4]
6430001,504,1:57:52,4,[InfluenceData_logId:6]
6430001,505,1:57:56,4,[InfluenceData_logId:0,true,InfluenceData_logId:4,true,InfluenceData_logId:6,true]
6430001,506,1:57:58,4,[]
6430001,507,1:58:27,4,[OpponentAttackData_logId:3,OpponentAttackTypeData_logId:3,true,0]
6430001,508,1:58:29,4,[]
6430001,509,1:58:34,4,[RefusalData_logId:4,2]
6430001,510,1:58:39,4,[AvailableRefusalData_logId:4,0B]
6430001,510,1:58:40,4,[AvailableRefusalData_logId:4,1B]
6430001,510,1:58:40,4,[AvailableRefusalData_logId:4,2B]
6430001,511,1:58:41,4,[AvailableRefusalData_logId:4,0B,1B,2B,false,0]
6430001,512,1:58:44,4,[]
6430001,513,1:58:44,4,[30]
6430001,514,1:58:47,4,[]
6430001,507,1:58:52,4,[OpponentAttackData_logId:2,OpponentAttackTypeData_logId:4,true,0]
6430001,508,1:58:55,4,[]
6430001,509,1:59:1,4,[RefusalData_logId:6,2]
6430001,510,1:59:6,4,[AvailableRefusalData_logId:6,0A]
6430001,510,1:59:6,4,[AvailableRefusalData_logId:6,1A]
6430001,510,1:59:7,4,[AvailableRefusalData_logId:6,2A]
6430001,511,1:59:7,4,[AvailableRefusalData_logId:6,0A,1A,2A,true,50]
6430001,512,1:59:10,4,[]
6430001,513,1:59:10,4,[0]
6430001,514,1:59:13,4,[]
6430001,507,1:59:24,4,[OpponentAttackData_logId:1,OpponentAttackTypeData_logId:2,true,0]
6430001,508,1:59:26,4,[]
6430001,509,1:59:29,4,[RefusalData_logId:3,2]
6430001,510,1:59:34,4,[AvailableRefusalData_logId:3,0A]
6430001,510,1:59:35,4,[AvailableRefusalData_logId:3,1A]
6430001,510,1:59:36,4,[AvailableRefusalData_logId:3,2A]
6430001,511,1:59:37,4,[AvailableRefusalData_logId:3,0A,1A,2A,true,50]
6430001,512,1:59:40,4,[]
6430001,515,1:59:40,4,[120,0]
6430001,516,1:59:43,4,[]
6430001,517,1:59:49,4,[]
6430001,1005,1:59:49,4,[3,0,3]
6430001,1001,1:59:50,4,[]
6430001,1003,1:59:50,3
6430001,221,1:59:55,2
6430001,220,2:0:1,2
6430001,212,2:0:2,1
6430001,210,2:0:3,567,483
6430001,211,2:0:4,506,693
6430001,210,2:0:6,403,509
6430001,211,2:0:7,445,535
6430001,213,2:0:7,2,s_dryer_G8a1N,true
6430001,210,2:0:8,384,507
6430001,207,2:0:10,2,-200,0
6430001,211,2:0:10,2,256
6430001,210,2:0:10,4,480
6430001,211,2:0:15,566,630
6430001,213,2:0:15,2,s_dirtyClothes_gen,true
6430001,205,2:0:15,2,s_dirtyClothes_gen,false,true
6430001,210,2:0:19,149,564
6430001,211,2:0:22,487,191
6430001,213,2:0:22,2,s_basementDoor_gen,true
6430001,205,2:0:22,2,s_basementDoor_gen,false,true
6430001,210,2:0:27,314,420
6430001,207,2:0:33,2,0,-492
6430001,211,2:1:0,936,515
6430001,213,2:1:0,2,s_stairs_G8a1N,true
6430001,210,2:1:2,908,521
6430001,211,2:1:6,596,326
6430001,213,2:1:6,2,c_crush2_F_a_G8a1N,true
6430001,210,2:1:8,499,398
6430001,207,2:1:9,2,-492,-312
6430001,211,2:1:11,239,462
6430001,207,2:1:11,2,-312,-222
6430001,210,2:1:12,171,630
6430001,207,2:1:12,2,-222,0
6430001,211,2:1:13,195,108
6430001,221,2:1:13,2
6430001,220,2:1:22,2
6430001,204,2:1:23,2
6430001,100,2:1:27,4
6430001,101,2:1:29,4
6430001,100,2:1:35,4
6430001,102,2:1:37,4
6430001,200,2:1:37,4,4,11,5,9,12
6430001,219,2:1:37,4
6430001,216,2:1:38,Stack_G9a0
6430001,217,2:1:56,Stack_G9a0,17,0.50
6430001,218,2:1:58,4
6430001,210,2:1:59,1077,524
6430001,211,2:2:0,1013,584
6430001,210,2:2:1,1005,543
6430001,211,2:2:1,990,540
6430001,210,2:2:2,1010,534
6430001,211,2:2:2,1000,538
6430001,213,2:2:2,4,s_bathingSuit_F_G9a0,true
6430001,205,2:2:2,4,s_bathingSuit_F_G9a0,false,false
6430001,210,2:2:12,849,532
6430001,207,2:2:13,4,-200,-155
6430001,211,2:2:18,544,206
6430001,213,2:2:18,4,s_calendar_F_gen,true
6430001,210,2:2:23,1105,423
6430001,207,2:2:25,4,-155,-512
6430001,211,2:2:29,895,315
6430001,213,2:2:29,4,s_door_F_gen,true
6430001,205,2:2:29,4,s_door_F_gen,false,false
6430001,212,2:2:35,2
6430001,210,2:2:35,1379,583
6430001,211,2:2:39,1272,378
6430001,213,2:2:39,4,s_window_F_G9a0,true
6430001,210,2:2:42,1161,328
6430001,207,2:2:47,4,-512,-77
6430001,211,2:2:48,275,601
6430001,213,2:2:48,4,s_cellPhone_F_G9a0,false
6430001,1003,2:2:53,2
6430001,1004,2:2:57,8
6430001,900,2:3:6,8,[]
6430001,901,2:3:8,8,[PeopleData_id:2]
6430001,902,2:3:9,8,[PeopleData_id:2,PeopleData_data3Type]
6430001,902,2:3:19,8,[PeopleData_id:2,PeopleData_data2Type]
6430001,902,2:3:20,8,[PeopleData_id:2,PeopleData_data1Type]
6430001,903,2:3:23,8,[PeopleData_id2,PeopleData_data1Type]
6430001,901,2:3:23,8,[PeopleData_id:2]
6430001,904,2:3:23,8,[PeopleData_id:2]
6430001,905,2:3:24,8,[PeopleData_id:2,RankTypes_id:-1,RankTypes_id:0]
6430001,901,2:3:25,8,[PeopleData_id:1]
6430001,902,2:3:26,8,[PeopleData_id:1,PeopleData_data3Type]
6430001,902,2:3:29,8,[PeopleData_id:1,PeopleData_data2Type]
6430001,902,2:3:33,8,[PeopleData_id:1,PeopleData_data1Type]
6430001,902,2:3:37,8,[PeopleData_id:1,PeopleData_data0Type]
6430001,903,2:3:42,8,[PeopleData_id1,PeopleData_data0Type]
6430001,901,2:3:42,8,[PeopleData_id:1]
6430001,904,2:3:42,8,[PeopleData_id:1]
6430001,905,2:3:43,8,[PeopleData_id:1,RankTypes_id:-1,RankTypes_id:3]
6430001,901,2:3:44,8,[PeopleData_id:1]
6430001,904,2:3:45,8,[PeopleData_id:1]
6430001,905,2:3:45,8,[PeopleData_id:1,RankTypes_id:3,RankTypes_id:4]
6430001,901,2:3:46,8,[PeopleData_id:1]
6430001,904,2:3:46,8,[PeopleData_id:1]
6430001,905,2:3:46,8,[PeopleData_id:1,RankTypes_id:4,RankTypes_id:2]
6430001,901,2:3:47,8,[PeopleData_id:1]
6430001,904,2:3:47,8,[PeopleData_id:1]
6430001,905,2:3:48,8,[PeopleData_id:1,RankTypes_id:2,RankTypes_id:1]
6430001,901,2:3:48,8,[PeopleData_id:1]
6430001,904,2:3:48,8,[PeopleData_id:1]
6430001,905,2:3:49,8,[PeopleData_id:1,RankTypes_id:1,RankTypes_id:0]
6430001,901,2:3:49,8,[PeopleData_id:1]
6430001,904,2:3:49,8,[PeopleData_id:1]
6430001,905,2:3:50,8,[PeopleData_id:1,RankTypes_id:0,RankTypes_id:4]
6430001,901,2:3:51,8,[PeopleData_id:1]
6430001,904,2:3:51,8,[PeopleData_id:1]
6430001,905,2:3:51,8,[PeopleData_id:1,RankTypes_id:4,RankTypes_id:3]
6430001,901,2:3:52,8,[PeopleData_id:7]
6430001,904,2:3:53,8,[PeopleData_id:7]
6430001,902,2:3:53,8,[PeopleData_id:7,PeopleData_data3Type]
6430001,903,2:3:56,8,[PeopleData_id7,PeopleData_data3Type]
6430001,902,2:3:57,8,[PeopleData_id:7,PeopleData_data2Type]
6430001,903,2:4:2,8,[PeopleData_id7,PeopleData_data2Type]
6430001,902,2:4:3,8,[PeopleData_id:7,PeopleData_data1Type]
6430001,903,2:4:7,8,[PeopleData_id7,PeopleData_data1Type]
6430001,902,2:4:7,8,[PeopleData_id:7,PeopleData_data0Type]
6430001,903,2:4:11,8,[PeopleData_id7,PeopleData_data0Type]
6430001,901,2:4:13,8,[PeopleData_id:8]
6430001,902,2:4:13,8,[PeopleData_id:8,PeopleData_data3Type]
6430001,902,2:4:16,8,[PeopleData_id:8,PeopleData_data2Type]
6430001,902,2:4:20,8,[PeopleData_id:8,PeopleData_data1Type]
6430001,902,2:4:28,8,[PeopleData_id:8,PeopleData_data0Type]
6430001,903,2:4:30,8,[PeopleData_id8,PeopleData_data0Type]
6430001,901,2:4:31,8,[PeopleData_id:7]
6430001,904,2:4:31,8,[PeopleData_id:7]
6430001,901,2:4:33,8,[PeopleData_id:7]
6430001,904,2:4:33,8,[PeopleData_id:7]
6430001,905,2:4:33,8,[PeopleData_id:7,RankTypes_id:-1,RankTypes_id:4]
6430001,901,2:4:35,8,[PeopleData_id:8]
6430001,904,2:4:35,8,[PeopleData_id:8]
6430001,905,2:4:36,8,[PeopleData_id:8,RankTypes_id:-1,RankTypes_id:4]
6430001,901,2:4:55,8,[PeopleData_id:3]
6430001,902,2:4:56,8,[PeopleData_id:3,PeopleData_data3Type]
6430001,902,2:5:0,8,[PeopleData_id:3,PeopleData_data2Type]
6430001,902,2:5:3,8,[PeopleData_id:3,PeopleData_data1Type]
6430001,903,2:5:6,8,[PeopleData_id3,PeopleData_data1Type]
6430001,901,2:5:7,8,[PeopleData_id:3]
6430001,904,2:5:7,8,[PeopleData_id:3]
6430001,905,2:5:8,8,[PeopleData_id:3,RankTypes_id:-1,RankTypes_id:0]
6430001,901,2:5:8,8,[PeopleData_id:0]
6430001,902,2:5:9,8,[PeopleData_id:0,PeopleData_data2Type]
6430001,902,2:5:13,8,[PeopleData_id:0,PeopleData_data3Type]
6430001,902,2:5:16,8,[PeopleData_id:0,PeopleData_data0Type]
6430001,902,2:5:18,8,[PeopleData_id:0,PeopleData_data1Type]
6430001,903,2:5:23,8,[PeopleData_id0,PeopleData_data1Type]
6430001,901,2:5:23,8,[PeopleData_id:0]
6430001,904,2:5:23,8,[PeopleData_id:0]
6430001,905,2:5:24,8,[PeopleData_id:0,RankTypes_id:-1,RankTypes_id:1]
6430001,901,2:5:24,8,[PeopleData_id:9]
6430001,902,2:5:26,8,[PeopleData_id:9,PeopleData_data3Type]
6430001,902,2:5:29,8,[PeopleData_id:9,PeopleData_data2Type]
6430001,902,2:5:32,8,[PeopleData_id:9,PeopleData_data1Type]
6430001,902,2:5:36,8,[PeopleData_id:9,PeopleData_data0Type]
6430001,903,2:5:39,8,[PeopleData_id9,PeopleData_data0Type]
6430001,901,2:5:40,8,[PeopleData_id:6]
6430001,904,2:5:40,8,[PeopleData_id:6]
6430001,902,2:5:41,8,[PeopleData_id:6,PeopleData_data3Type]
6430001,902,2:5:44,8,[PeopleData_id:6,PeopleData_data2Type]
6430001,902,2:5:47,8,[PeopleData_id:6,PeopleData_data1Type]
6430001,902,2:5:49,8,[PeopleData_id:6,PeopleData_data0Type]
6430001,903,2:5:55,8,[PeopleData_id6,PeopleData_data0Type]
6430001,901,2:5:56,8,[PeopleData_id:9]
6430001,904,2:5:56,8,[PeopleData_id:9]
6430001,905,2:5:57,8,[PeopleData_id:9,RankTypes_id:-1,RankTypes_id:1]
6430001,901,2:5:58,8,[PeopleData_id:9]
6430001,904,2:5:59,8,[PeopleData_id:9]
6430001,905,2:5:59,8,[PeopleData_id:9,RankTypes_id:1,RankTypes_id:2]
6430001,901,2:6:0,8,[PeopleData_id:4]
6430001,902,2:6:2,8,[PeopleData_id:4,PeopleData_data3Type]
6430001,902,2:6:5,8,[PeopleData_id:4,PeopleData_data2Type]
6430001,902,2:6:8,8,[PeopleData_id:4,PeopleData_data1Type]
6430001,903,2:6:9,8,[PeopleData_id4,PeopleData_data1Type]
6430001,901,2:6:10,8,[PeopleData_id:4]
6430001,904,2:6:10,8,[PeopleData_id:4]
6430001,905,2:6:10,8,[PeopleData_id:4,RankTypes_id:-1,RankTypes_id:0]
6430001,901,2:6:11,8,[PeopleData_id:6]
6430001,902,2:6:12,8,[PeopleData_id:6,PeopleData_data3Type]
6430001,903,2:6:13,8,[PeopleData_id6,PeopleData_data3Type]
6430001,901,2:6:13,8,[PeopleData_id:6]
6430001,904,2:6:14,8,[PeopleData_id:6]
6430001,905,2:6:14,8,[PeopleData_id:6,RankTypes_id:-1,RankTypes_id:1]
6430001,901,2:6:15,8,[PeopleData_id:5]
6430001,902,2:6:16,8,[PeopleData_id:5,PeopleData_data3Type]
6430001,902,2:6:16,8,[PeopleData_id:5,PeopleData_data3Type]
6430001,902,2:6:18,8,[PeopleData_id:5,PeopleData_data2Type]
6430001,902,2:6:20,8,[PeopleData_id:5,PeopleData_data1Type]
6430001,902,2:6:23,8,[PeopleData_id:5,PeopleData_data0Type]
6430001,903,2:6:26,8,[PeopleData_id5,PeopleData_data0Type]
6430001,902,2:6:27,8,[PeopleData_id:5,PeopleData_data0Type]
6430001,903,2:6:32,8,[PeopleData_id5,PeopleData_data0Type]
6430001,901,2:6:32,8,[PeopleData_id:8]
6430001,905,2:6:32,8,[PeopleData_id:8,RankTypes_id:4,RankTypes_id:4]
6430001,902,2:6:33,8,[PeopleData_id:8,PeopleData_data3Type]
6430001,902,2:6:34,8,[PeopleData_id:8,PeopleData_data2Type]
6430001,903,2:6:36,8,[PeopleData_id8,PeopleData_data2Type]
6430001,901,2:6:37,8,[PeopleData_id:5]
6430001,904,2:6:37,8,[PeopleData_id:5]
6430001,905,2:6:37,8,[PeopleData_id:5,RankTypes_id:-1,RankTypes_id:3]
6430001,906,2:6:37,8,[]
6430001,907,2:6:39,8,[]
6430001,908,2:6:39,8,[InvitationData_id:5,PeopleData_id:6,RankTypes_id:1]
6430001,909,2:6:49,8,[InvitationData_id:5,PeopleData_id:6,RankTypes_id:1,0]
6430001,910,2:6:52,8,[InvitationData_id:5,0,false]
6430001,908,2:6:52,8,[InvitationData_id:12,PeopleData_id:0,RankTypes_id:1]
6430001,909,2:6:57,8,[InvitationData_id:12,PeopleData_id:0,RankTypes_id:1,1]
6430001,910,2:7:0,8,[InvitationData_id:12,3,false]
6430001,908,2:7:0,8,[InvitationData_id:3,PeopleData_id:9,RankTypes_id:2]
6430001,909,2:7:5,8,[InvitationData_id:3,PeopleData_id:9,RankTypes_id:2,1]
6430001,910,2:7:8,8,[InvitationData_id:3,0,true]
6430001,908,2:7:8,8,[InvitationData_id:6,PeopleData_id:7,RankTypes_id:4]
6430001,909,2:7:10,8,[InvitationData_id:6,PeopleData_id:7,RankTypes_id:4,1]
6430001,910,2:7:11,8,[InvitationData_id:6,9,false]
6430001,908,2:7:11,8,[InvitationData_id:4,PeopleData_id:6,RankTypes_id:1]
6430001,909,2:7:15,8,[InvitationData_id:4,PeopleData_id:6,RankTypes_id:1,0]
6430001,910,2:7:19,8,[InvitationData_id:4,0,false]
6430001,908,2:7:19,8,[InvitationData_id:7,PeopleData_id:7,RankTypes_id:4]
6430001,909,2:7:22,8,[InvitationData_id:7,PeopleData_id:7,RankTypes_id:4,1]
6430001,910,2:7:23,8,[InvitationData_id:7,9,false]
6430001,908,2:7:23,8,[InvitationData_id:11,PeopleData_id:7,RankTypes_id:4]
6430001,909,2:7:25,8,[InvitationData_id:11,PeopleData_id:7,RankTypes_id:4,1]
6430001,910,2:7:27,8,[InvitationData_id:11,9,false]
6430001,908,2:7:27,8,[InvitationData_id:8,PeopleData_id:7,RankTypes_id:4]
6430001,909,2:7:28,8,[InvitationData_id:8,PeopleData_id:7,RankTypes_id:4,1]
6430001,910,2:7:29,8,[InvitationData_id:8,9,false]
6430001,908,2:7:29,8,[InvitationData_id:0,PeopleData_id:0,RankTypes_id:1]
6430001,909,2:7:34,8,[InvitationData_id:0,PeopleData_id:0,RankTypes_id:1,0]
6430001,910,2:7:38,8,[InvitationData_id:0,0,false]
6430001,908,2:7:38,8,[InvitationData_id:9,PeopleData_id:7,RankTypes_id:4]
6430001,909,2:7:41,8,[InvitationData_id:9,PeopleData_id:7,RankTypes_id:4,1]
6430001,910,2:7:42,8,[InvitationData_id:9,9,false]
6430001,908,2:7:42,8,[InvitationData_id:10,PeopleData_id:9,RankTypes_id:2]
6430001,909,2:7:46,8,[InvitationData_id:10,PeopleData_id:9,RankTypes_id:2,0]
6430001,910,2:7:49,8,[InvitationData_id:10,-2,false]
6430001,911,2:7:51,8,[46,1,1,1]
6430001,1005,2:7:51,8,[2,0,2]
6430001,1000,2:7:52,8,[]
6430001,900,2:7:54,8,[]
6430001,1002,2:8:1,8
6430001,1003,2:8:1,2
6430001,1004,2:8:4,2
6430001,900,2:8:12,2,[]
6430001,901,2:8:13,2,[PeopleData_id:3]
6430001,904,2:8:13,2,[PeopleData_id:3]
6430001,902,2:8:14,2,[PeopleData_id:3,PeopleData_data3Type]
6430001,902,2:8:17,2,[PeopleData_id:3,PeopleData_data2Type]
6430001,902,2:8:22,2,[PeopleData_id:3,PeopleData_data1Type]
6430001,902,2:8:24,2,[PeopleData_id:3,PeopleData_data0Type]
6430001,903,2:8:25,2,[PeopleData_id3,PeopleData_data0Type]
6430001,901,2:8:26,2,[PeopleData_id:3]
6430001,904,2:8:26,2,[PeopleData_id:3]
6430001,905,2:8:26,2,[PeopleData_id:3,RankTypes_id:-1,RankTypes_id:3]
6430001,901,2:8:27,2,[PeopleData_id:5]
6430001,902,2:8:28,2,[PeopleData_id:5,PeopleData_data3Type]
6430001,902,2:8:32,2,[PeopleData_id:5,PeopleData_data2Type]
6430001,902,2:8:35,2,[PeopleData_id:5,PeopleData_data1Type]
6430001,902,2:8:36,2,[PeopleData_id:5,PeopleData_data0Type]
6430001,903,2:8:39,2,[PeopleData_id5,PeopleData_data0Type]
6430001,901,2:8:40,2,[PeopleData_id:5]
6430001,904,2:8:40,2,[PeopleData_id:5]
6430001,905,2:8:41,2,[PeopleData_id:5,RankTypes_id:-1,RankTypes_id:1]
6430001,901,2:8:41,2,[PeopleData_id:6]
6430001,902,2:8:42,2,[PeopleData_id:6,PeopleData_data2Type]
6430001,902,2:8:44,2,[PeopleData_id:6,PeopleData_data1Type]
6430001,902,2:8:46,2,[PeopleData_id:6,PeopleData_data0Type]
6430001,903,2:8:47,2,[PeopleData_id6,PeopleData_data0Type]
6430001,901,2:8:47,2,[PeopleData_id:6]
6430001,904,2:8:48,2,[PeopleData_id:6]
6430001,905,2:8:48,2,[PeopleData_id:6,RankTypes_id:-1,RankTypes_id:1]
6430001,901,2:8:49,2,[PeopleData_id:1]
6430001,902,2:8:50,2,[PeopleData_id:1,PeopleData_data2Type]
6430001,903,2:8:54,2,[PeopleData_id1,PeopleData_data2Type]
6430001,901,2:8:55,2,[PeopleData_id:1]
6430001,904,2:8:55,2,[PeopleData_id:1]
6430001,905,2:8:56,2,[PeopleData_id:1,RankTypes_id:-1,RankTypes_id:0]
6430001,901,2:8:56,2,[PeopleData_id:0]
6430001,902,2:8:57,2,[PeopleData_id:0,PeopleData_data2Type]
6430001,902,2:9:2,2,[PeopleData_id:0,PeopleData_data3Type]
6430001,902,2:9:4,2,[PeopleData_id:0,PeopleData_data1Type]
6430001,902,2:9:7,2,[PeopleData_id:0,PeopleData_data0Type]
6430001,903,2:9:10,2,[PeopleData_id0,PeopleData_data0Type]
6430001,901,2:9:11,2,[PeopleData_id:0]
6430001,904,2:9:11,2,[PeopleData_id:0]
6430001,905,2:9:12,2,[PeopleData_id:0,RankTypes_id:-1,RankTypes_id:3]
6430001,901,2:9:13,2,[PeopleData_id:4]
6430001,902,2:9:14,2,[PeopleData_id:4,PeopleData_data2Type]
6430001,902,2:9:18,2,[PeopleData_id:4,PeopleData_data1Type]
6430001,902,2:9:21,2,[PeopleData_id:4,PeopleData_data0Type]
6430001,903,2:9:23,2,[PeopleData_id4,PeopleData_data0Type]
6430001,901,2:9:24,2,[PeopleData_id:4]
6430001,904,2:9:24,2,[PeopleData_id:4]
6430001,901,2:9:25,2,[PeopleData_id:4]
6430001,904,2:9:25,2,[PeopleData_id:4]
6430001,905,2:9:25,2,[PeopleData_id:4,RankTypes_id:-1,RankTypes_id:4]
6430001,901,2:9:26,2,[PeopleData_id:2]
6430001,904,2:9:26,2,[PeopleData_id:2]
6430001,902,2:9:27,2,[PeopleData_id:2,PeopleData_data3Type]
6430001,902,2:9:30,2,[PeopleData_id:2,PeopleData_data2Type]
6430001,902,2:9:33,2,[PeopleData_id:2,PeopleData_data1Type]
6430001,902,2:9:36,2,[PeopleData_id:2,PeopleData_data0Type]
6430001,903,2:9:40,2,[PeopleData_id2,PeopleData_data0Type]
6430001,901,2:9:41,2,[PeopleData_id:2]
6430001,904,2:9:41,2,[PeopleData_id:2]
6430001,905,2:9:43,2,[PeopleData_id:2,RankTypes_id:-1,RankTypes_id:4]
6430001,906,2:9:43,2,[]
6430001,907,2:9:43,2,[]
6430001,908,2:9:43,2,[InvitationData_id:8,PeopleData_id:2,RankTypes_id:4]
6430001,909,2:9:46,2,[InvitationData_id:8,PeopleData_id:2,RankTypes_id:4,1]
6430001,910,2:9:49,2,[InvitationData_id:8,0,true]
6430001,908,2:9:49,2,[InvitationData_id:10,PeopleData_id:2,RankTypes_id:4]
6430001,909,2:9:53,2,[InvitationData_id:10,PeopleData_id:2,RankTypes_id:4,0]
6430001,910,2:9:56,2,[InvitationData_id:10,-11,false]
6430001,908,2:9:56,2,[InvitationData_id:0,PeopleData_id:2,RankTypes_id:4]
6430001,909,2:9:59,2,[InvitationData_id:0,PeopleData_id:2,RankTypes_id:4,1]
6430001,910,2:10:0,2,[InvitationData_id:0,9,false]
6430001,908,2:10:0,2,[InvitationData_id:6,PeopleData_id:5,RankTypes_id:1]
6430001,909,2:10:5,2,[InvitationData_id:6,PeopleData_id:5,RankTypes_id:1,0]
6430001,910,2:10:7,2,[InvitationData_id:6,0,false]
6430001,908,2:10:7,2,[InvitationData_id:4,PeopleData_id:2,RankTypes_id:4]
6430001,909,2:10:10,2,[InvitationData_id:4,PeopleData_id:2,RankTypes_id:4,1]
6430001,910,2:10:11,2,[InvitationData_id:4,9,false]
6430001,908,2:10:11,2,[InvitationData_id:9,PeopleData_id:2,RankTypes_id:4]
6430001,909,2:10:16,2,[InvitationData_id:9,PeopleData_id:2,RankTypes_id:4,1]
6430001,910,2:10:18,2,[InvitationData_id:9,9,false]
6430001,908,2:10:18,2,[InvitationData_id:7,PeopleData_id:5,RankTypes_id:1]
6430001,909,2:10:22,2,[InvitationData_id:7,PeopleData_id:5,RankTypes_id:1,0]
6430001,910,2:10:25,2,[InvitationData_id:7,0,false]
6430001,908,2:10:25,2,[InvitationData_id:1,PeopleData_id:2,RankTypes_id:4]
6430001,909,2:10:28,2,[InvitationData_id:1,PeopleData_id:2,RankTypes_id:4,0]
6430001,910,2:10:29,2,[InvitationData_id:1,-11,false]
6430001,908,2:10:29,2,[InvitationData_id:5,PeopleData_id:4,RankTypes_id:4]
6430001,909,2:10:34,2,[InvitationData_id:5,PeopleData_id:4,RankTypes_id:4,1]
6430001,910,2:10:43,2,[InvitationData_id:5,9,false]
6430001,908,2:10:43,2,[InvitationData_id:3,PeopleData_id:0,RankTypes_id:3]
6430001,909,2:10:48,2,[InvitationData_id:3,PeopleData_id:0,RankTypes_id:3,1]
6430001,910,2:10:52,2,[InvitationData_id:3,7,false]
6430001,908,2:10:52,2,[InvitationData_id:2,PeopleData_id:4,RankTypes_id:4]
6430001,909,2:10:54,2,[InvitationData_id:2,PeopleData_id:4,RankTypes_id:4,1]
6430001,910,2:10:55,2,[InvitationData_id:2,9,false]
6430001,911,2:10:57,2,[30,1,0,1]
6430001,1005,2:10:57,2,[2,0,2]
6430001,1001,2:10:58,2,[]
6430001,1003,2:10:58,2
6430001,210,2:11:7,608,480
6430001,207,2:11:7,4,-200,-110
6430001,211,2:11:8,274,605
6430001,213,2:11:8,4,s_cellPhone_F_G9a0,true
6430001,205,2:11:8,4,s_cellPhone_F_G9a0,false,false
6430001,210,2:11:14,408,420
6430001,207,2:11:19,4,-110,-200
6430001,207,2:11:20,4,-200,-485
6430001,207,2:11:22,4,-485,-512
6430001,211,2:11:24,1058,598
6430001,212,2:11:24,1
6430001,210,2:11:25,1297,454
6430001,207,2:11:28,4,-512,-332
6430001,211,2:11:28,542,374
6430001,219,2:11:29,4
6430001,216,2:11:31,Stack_G9a1N
6430001,217,2:11:43,Stack_G9a1N,8.7,0.00
6430001,218,2:11:47,4
6430001,210,2:11:48,1107,516
6430001,211,2:11:50,1108,346
6430001,213,2:11:50,4,c_cousinsBrothersFriend_a_G9a1N,true
6430001,207,2:11:55,4,-200,-245
6430001,210,2:11:55,1143,389
6430001,211,2:11:57,946,192
6430001,213,2:11:57,4,c_policeOfficer_G9a1N,true
6430001,205,2:11:57,4,c_policeOfficer_G9a1N,false,false
6430001,210,2:12:5,756,447
6430001,211,2:12:5,618,345
6430001,213,2:12:5,4,s_kid4_G9a1N,true
6430001,210,2:12:8,606,408
6430001,211,2:12:9,563,418
6430001,210,2:12:10,558,413
6430001,211,2:12:11,559,421
6430001,213,2:12:11,4,s_bathingSuits_G9a1N,true
6430001,210,2:12:15,473,474
6430001,207,2:12:16,4,-245,0
6430001,211,2:12:17,250,359
6430001,213,2:12:17,4,s_kid3_G9a1N,true
6430001,205,2:12:17,4,s_kid3_G9a1N,false,false
6430001,210,2:12:27,159,483
6430001,211,2:12:31,365,335
6430001,212,2:12:31,0
6430001,210,2:12:32,819,544
6430001,211,2:12:34,348,321
6430001,212,2:12:34,1
6430001,210,2:12:35,376,357
6430001,211,2:12:38,348,323
6430001,212,2:12:39,2
6430001,210,2:12:39,687,490
6430001,211,2:12:41,362,340
6430001,213,2:12:41,4,c_cousin_F_a_G9a1N,true
6430001,205,2:12:41,4,c_cousin_F_a_G9a1N,false,false
6430001,210,2:12:48,578,373
6430001,211,2:12:51,811,194
6430001,213,2:12:51,4,s_policeCar_G9a1N,true
6430001,210,2:12:54,933,255
6430001,211,2:12:57,90,522
6430001,212,2:12:57,1
6430001,210,2:12:58,909,378
6430001,207,2:12:59,4,0,-30
6430001,211,2:12:59,939,194
6430001,210,2:13:0,919,176
6430001,211,2:13:1,948,190
6430001,213,2:13:1,4,c_policeOfficer_G9a1N,true
6430001,205,2:13:1,4,c_policeOfficer_G9a1N,false,true
6430001,210,2:13:5,827,125
6430001,211,2:13:5,747,190
6430001,212,2:13:6,0
6430001,210,2:13:7,632,136
6430001,211,2:13:7,637,158
6430001,213,2:13:7,4,s_fence_G9a1N,true
6430001,1003,2:13:10,0
6430001,1004,2:13:12,2
6430001,400,2:13:26,2,[]
6430001,401,2:13:29,2,[StatementsData_logId:0]
6430001,403,2:13:31,2,[StatementsData_logId:0,true]
6430001,405,2:13:32,2,[StatementsData_logId:0]
6430001,406,2:13:33,2,[StatementsData_logId:0,2]
6430001,407,2:13:33,2,[StatementsData_logId:0,FactCardData_id:19]
6430001,407,2:13:33,2,[StatementsData_logId:0,FactCardData_id:18]
6430001,407,2:13:33,2,[StatementsData_logId:0,FactCardData_id:22]
6430001,407,2:13:33,2,[StatementsData_logId:0,FactCardData_id:21]
6430001,407,2:13:33,2,[StatementsData_logId:0,FactCardData_id:20]
6430001,407,2:13:33,2,[StatementsData_logId:0,FactCardData_id:24]
6430001,407,2:13:37,2,[StatementsData_logId:0,FactCardData_id:19]
6430001,407,2:13:37,2,[StatementsData_logId:0,FactCardData_id:19]
6430001,407,2:13:40,2,[StatementsData_logId:0,FactCardData_id:22]
6430001,407,2:13:40,2,[StatementsData_logId:0,FactCardData_id:19]
6430001,407,2:13:40,2,[StatementsData_logId:0,FactCardData_id:22]
6430001,407,2:13:43,2,[StatementsData_logId:0,FactCardData_id:20]
6430001,407,2:13:43,2,[StatementsData_logId:0,FactCardData_id:22]
6430001,407,2:13:43,2,[StatementsData_logId:0,FactCardData_id:20]
6430001,407,2:13:48,2,[StatementsData_logId:0,FactCardData_id:18]
6430001,407,2:13:48,2,[StatementsData_logId:0,FactCardData_id:20]
6430001,407,2:13:48,2,[StatementsData_logId:0,FactCardData_id:18]
6430001,407,2:13:51,2,[StatementsData_logId:0,FactCardData_id:21]
6430001,407,2:13:51,2,[StatementsData_logId:0,FactCardData_id:18]
6430001,407,2:13:51,2,[StatementsData_logId:0,FactCardData_id:21]
6430001,408,2:13:55,2,[StatementsData_logId:0,FactCardData_id:21,true]
6430001,409,2:13:55,2,[StatementsData_logId:0]
6430001,410,2:13:56,2,[StatementsData_logId:0,2]
6430001,412,2:14:0,2,[StatementsData_logId:0]
6430001,413,2:14:3,2,[StatementsData_logId:0,DuelResponsesData_logId:0]
6430001,414,2:14:4,2,[StatementsData_logId:0,DuelResponsesData_logId:0]
6430001,415,2:14:7,2,[StatementsData_logId:0,DuelResponsesData_logId:0,DuelResponsesData_ok_player_response]
6430001,416,2:14:8,2,[StatementsData_logId:0,DuelResponsesData_logId:0]
6430001,417,2:14:9,2,[StatementsData_logId:0,DuelResponsesData_logId:0]
6430001,413,2:14:13,2,[StatementsData_logId:0,DuelResponsesData_logId:1]
6430001,414,2:14:14,2,[StatementsData_logId:0,DuelResponsesData_logId:1]
6430001,415,2:14:21,2,[StatementsData_logId:0,DuelResponsesData_logId:1,DuelResponsesData_witty_player_response]
6430001,416,2:14:21,2,[StatementsData_logId:0,DuelResponsesData_logId:1]
6430001,417,2:14:23,2,[StatementsData_logId:0,DuelResponsesData_logId:1]
6430001,413,2:14:26,2,[StatementsData_logId:0,DuelResponsesData_logId:2]
6430001,414,2:14:27,2,[StatementsData_logId:0,DuelResponsesData_logId:2]
6430001,415,2:14:36,2,[StatementsData_logId:0,DuelResponsesData_logId:2,DuelResponsesData_witty_player_response]
6430001,416,2:14:37,2,[StatementsData_logId:0,DuelResponsesData_logId:2]
6430001,417,2:14:38,2,[StatementsData_logId:0,DuelResponsesData_logId:2]
6430001,418,2:14:38,2,[StatementsData_logId:0,true]
6430001,419,2:14:42,2,[StatementsData_logId:0,4]
6430001,411,2:14:44,2,[StatementsData_logId:0]
6430001,401,2:14:52,2,[StatementsData_logId:1]
6430001,402,2:14:53,2,[StatementsData_logId:1,true]
6430001,405,2:14:54,2,[StatementsData_logId:1]
6430001,406,2:14:56,2,[StatementsData_logId:1,2]
6430001,411,2:14:58,2,[StatementsData_logId:1]
6430001,401,2:15:1,2,[StatementsData_logId:2]
6430001,404,2:15:2,2,[StatementsData_logId:2,true]
6430001,406,2:15:3,2,[StatementsData_logId:2,2]
6430001,412,2:15:8,2,[StatementsData_logId:2]
6430001,413,2:15:11,2,[StatementsData_logId:2,DuelResponsesData_logId:3]
6430001,414,2:15:11,2,[StatementsData_logId:2,DuelResponsesData_logId:3]
6430001,415,2:15:18,2,[StatementsData_logId:2,DuelResponsesData_logId:3,DuelResponsesData_ok_player_response]
6430001,416,2:15:19,2,[StatementsData_logId:2,DuelResponsesData_logId:3]
6430001,417,2:15:20,2,[StatementsData_logId:2,DuelResponsesData_logId:3]
6430001,413,2:15:22,2,[StatementsData_logId:2,DuelResponsesData_logId:4]
6430001,414,2:15:23,2,[StatementsData_logId:2,DuelResponsesData_logId:4]
6430001,415,2:15:28,2,[StatementsData_logId:2,DuelResponsesData_logId:4,DuelResponsesData_witty_player_response]
6430001,416,2:15:29,2,[StatementsData_logId:2,DuelResponsesData_logId:4]
6430001,417,2:15:30,2,[StatementsData_logId:2,DuelResponsesData_logId:4]
6430001,413,2:15:32,2,[StatementsData_logId:2,DuelResponsesData_logId:5]
6430001,414,2:15:33,2,[StatementsData_logId:2,DuelResponsesData_logId:5]
6430001,415,2:15:45,2,[StatementsData_logId:2,DuelResponsesData_logId:5,DuelResponsesData_witty_player_response]
6430001,416,2:15:45,2,[StatementsData_logId:2,DuelResponsesData_logId:5]
6430001,417,2:15:46,2,[StatementsData_logId:2,DuelResponsesData_logId:5]
6430001,418,2:15:46,2,[StatementsData_logId:2,true]
6430001,419,2:15:52,2,[StatementsData_logId:2,4]
6430001,411,2:15:54,2,[StatementsData_logId:2]
6430001,401,2:15:58,2,[StatementsData_logId:3]
6430001,402,2:15:58,2,[StatementsData_logId:3,true]
6430001,405,2:15:59,2,[StatementsData_logId:3]
6430001,406,2:16:1,2,[StatementsData_logId:3,2]
6430001,411,2:16:3,2,[StatementsData_logId:3]
6430001,401,2:16:8,2,[StatementsData_logId:4]
6430001,404,2:16:8,2,[StatementsData_logId:4,false]
6430001,405,2:16:9,2,[StatementsData_logId:4]
6430001,406,2:16:15,2,[StatementsData_logId:4,-2]
6430001,411,2:16:17,2,[StatementsData_logId:4]
6430001,401,2:16:23,2,[StatementsData_logId:5]
6430001,404,2:16:25,2,[StatementsData_logId:5,false]
6430001,405,2:16:25,2,[StatementsData_logId:5]
6430001,406,2:16:28,2,[StatementsData_logId:5,-2]
6430001,411,2:16:29,2,[StatementsData_logId:5]
6430001,401,2:16:35,2,[StatementsData_logId:6]
6430001,402,2:16:36,2,[StatementsData_logId:6,true]
6430001,405,2:16:36,2,[StatementsData_logId:6]
6430001,406,2:16:40,2,[StatementsData_logId:6,2]
6430001,411,2:16:41,2,[StatementsData_logId:6]
6430001,420,2:16:41,2,[52]
6430001,1005,2:16:41,2,[0,0,2]
6430001,1001,2:16:42,2,[]
6430001,1003,2:16:42,0
6430001,210,2:16:46,809,436
6430001,211,2:16:48,649,192
6430001,213,2:16:48,4,s_fence_G9a1N,true
6430001,205,2:16:48,4,s_fence_G9a1N,false,false
6430001,221,2:16:55,4
6430001,220,2:16:57,4
6430001,207,2:16:58,4,-200,-215
6430001,210,2:16:58,1097,552
6430001,211,2:17:9,971,423
6430001,210,2:17:52,1020,524
6430001,207,2:17:55,4,-215,-440
6430001,207,2:17:58,4,-440,-395
6430001,211,2:17:59,548,210
6430001,213,2:17:59,4,s_calendar_F_gen,true
6430001,210,2:18:2,986,522
6430001,207,2:18:3,4,-395,-215
6430001,207,2:18:4,4,-215,-35
6430001,207,2:18:6,4,-35,0
6430001,211,2:18:12,361,434
6430001,213,2:18:12,4,s_clock_F_G9a0,true
6430001,205,2:18:12,4,s_clock_F_G9a0,false,false
6430001,221,2:18:17,4
6430001,220,2:18:19,4
6430001,219,2:18:19,4
6430001,216,2:18:20,Stack_G9a1P
6430001,217,2:18:29,Stack_G9a1P,6.0,1.3
6430001,218,2:18:30,4
6430001,210,2:18:31,1097,500
6430001,207,2:18:32,4,-200,-395
6430001,211,2:18:33,1222,349
6430001,210,2:18:33,1213,347
6430001,211,2:18:34,1217,331
6430001,213,2:18:34,4,s_joint_F_G9a1P,true
6430001,205,2:18:34,4,s_joint_F_G9a1P,false,false
6430001,210,2:18:39,1094,482
6430001,211,2:18:40,1289,372
6430001,212,2:18:41,2
6430001,210,2:18:41,1299,331
6430001,211,2:18:42,1289,341
6430001,213,2:18:42,4,c_cousin_F_a_G9a1P,true
6430001,205,2:18:42,4,c_cousin_F_a_G9a1P,false,false
6430001,210,2:18:46,1054,525
6430001,207,2:18:47,4,-395,-512
6430001,211,2:18:47,1361,503
6430001,213,2:18:47,4,s_computer_F_gen,true
6430001,210,2:18:52,1375,390
6430001,211,2:18:54,983,276
6430001,212,2:18:55,1
6430001,210,2:18:55,930,256
6430001,211,2:18:56,889,293
6430001,213,2:18:56,4,s_door_F_gen,true
6430001,205,2:18:56,4,s_door_F_gen,false,false
6430001,210,2:18:59,843,505
6430001,207,2:19:1,4,-512,-62
6430001,211,2:19:2,346,397
6430001,212,2:19:3,0
6430001,210,2:19:3,410,415
6430001,211,2:19:7,369,182
6430001,213,2:19:7,4,s_poster_F_gen,true
6430001,205,2:19:7,4,s_poster_F_gen,false,false
6430001,210,2:19:11,519,496
6430001,211,2:19:12,349,417
6430001,212,2:19:13,1
6430001,210,2:19:14,405,421
6430001,211,2:19:15,338,398
6430001,212,2:19:15,2
6430001,210,2:19:16,370,421
6430001,211,2:19:18,538,174
6430001,212,2:19:19,1
6430001,210,2:19:19,629,305
6430001,211,2:19:20,524,214
6430001,213,2:19:20,4,s_calendar_F_gen,true
6430001,205,2:19:20,4,s_calendar_F_gen,false,false
6430001,221,2:19:26,4
6430001,220,2:19:40,4
6430001,210,2:19:41,1004,462
6430001,207,2:19:42,4,-62,-242
6430001,207,2:19:44,4,-242,-512
6430001,211,2:19:49,898,278
6430001,213,2:19:49,4,s_door_F_gen,true
6430001,205,2:19:49,4,s_door_F_gen,false,true
6430001,210,2:19:53,1069,549
6430001,207,2:20:3,4,-512,0
6430001,211,2:20:17,406,423
6430001,212,2:20:17,0
6430001,210,2:20:18,411,422
6430001,207,2:20:24,4,0,-240
6430001,207,2:20:25,4,-240,-512
6430001,211,2:20:30,1127,444
6430001,221,2:20:30,4
6430001,220,2:20:33,4
6430001,1003,2:20:33,3
6430001,210,2:20:38,1047,617
6430001,211,2:20:38,1047,617
6430001,210,2:20:39,904,416
6430001,211,2:20:39,1110,408
6430001,210,2:20:40,623,512
6430001,207,2:20:41,4,-200,0
6430001,207,2:20:45,4,0,-512
6430001,207,2:20:49,4,-512,0
6430001,211,2:20:50,140,419
6430001,219,2:20:51,4
6430001,216,2:20:52,Stack_G9a2N
6430001,217,2:20:57,Stack_G9a2N,3.7,0.33
6430001,218,2:21:0,4
6430001,210,2:21:2,712,394
6430001,211,2:21:3,611,172
6430001,213,2:21:3,4,s_potSmokeCloud_F_G9a2N,true
6430001,1003,2:21:6,0
6430001,210,2:21:15,1049,488
6430001,211,2:21:15,896,386
6430001,212,2:21:16,2
6430001,210,2:21:16,912,389
6430001,211,2:21:18,533,467
6430001,210,2:21:19,520,468
6430001,211,2:21:19,506,465
6430001,213,2:21:19,4,c_cousin_F_a_G9a2N,true
6430001,205,2:21:19,4,c_cousin_F_a_G9a2N,false,false
6430001,210,2:21:25,377,570
6430001,211,2:21:28,1034,384
6430001,212,2:21:29,1
6430001,210,2:21:30,881,383
6430001,211,2:21:30,813,340
6430001,213,2:21:30,4,c_mom_afri_a_G9a2N,true
6430001,205,2:21:30,4,c_mom_afri_a_G9a2N,false,false
6430001,210,2:21:35,905,311
6430001,211,2:21:36,902,355
6430001,213,2:21:36,4,c_kidSister_afri_a_G9a2N,true
6430001,205,2:21:36,4,c_kidSister_afri_a_G9a2N,false,false
6430001,210,2:21:41,998,262
6430001,211,2:21:42,989,278
6430001,213,2:21:42,4,s_pictureDad_afri_F_gen,true
6430001,205,2:21:42,4,s_pictureDad_afri_F_gen,false,false
6430001,210,2:21:46,1212,442
6430001,211,2:21:46,1327,430
6430001,207,2:21:46,4,-200,-305
6430001,207,2:21:47,4,-305,-350
6430001,210,2:21:47,1272,464
6430001,211,2:21:51,173,546
6430001,207,2:21:51,4,-350,-155
6430001,207,2:21:51,4,-155,-110
6430001,210,2:21:51,205,546
6430001,211,2:21:52,297,589
6430001,212,2:21:53,0
6430001,210,2:21:53,473,532
6430001,211,2:21:54,294,582
6430001,213,2:21:54,4,s_cookieTrayEmpty_F_G9a2N,true
6430001,210,2:21:57,304,476
6430001,211,2:21:58,535,213
6430001,213,2:21:58,4,s_potSmokeCloud_F_G9a2N,true
6430001,1003,2:22:5,0
6430001,1004,2:22:8,1
6430001,400,2:22:10,1,[]
6430001,401,2:22:17,1,[StatementsData_logId:0]
6430001,402,2:22:18,1,[StatementsData_logId:0,true]
6430001,405,2:22:18,1,[StatementsData_logId:0]
6430001,406,2:22:19,1,[StatementsData_logId:0,2]
6430001,411,2:22:21,1,[StatementsData_logId:0]
6430001,401,2:22:25,1,[StatementsData_logId:1]
6430001,404,2:22:25,1,[StatementsData_logId:1,false]
6430001,405,2:22:26,1,[StatementsData_logId:1]
6430001,406,2:22:27,1,[StatementsData_logId:1,-2]
6430001,411,2:22:28,1,[StatementsData_logId:1]
6430001,401,2:22:32,1,[StatementsData_logId:2]
6430001,402,2:22:32,1,[StatementsData_logId:2,false]
6430001,1002,2:22:36,1
6430001,1003,2:22:36,0
6430001,1004,2:22:37,1
6430001,400,2:22:39,1,[]
6430001,401,2:22:42,1,[StatementsData_logId:0]
6430001,402,2:22:43,1,[StatementsData_logId:0,true]
6430001,405,2:22:43,1,[StatementsData_logId:0]
6430001,406,2:22:44,1,[StatementsData_logId:0,2]
6430001,411,2:22:45,1,[StatementsData_logId:0]
6430001,401,2:22:47,1,[StatementsData_logId:1]
6430001,402,2:22:47,1,[StatementsData_logId:1,true]
6430001,405,2:22:48,1,[StatementsData_logId:1]
6430001,406,2:22:49,1,[StatementsData_logId:1,2]
6430001,411,2:22:50,1,[StatementsData_logId:1]
6430001,401,2:22:54,1,[StatementsData_logId:2]
6430001,404,2:22:55,1,[StatementsData_logId:2,false]
6430001,405,2:22:55,1,[StatementsData_logId:2]
6430001,406,2:22:57,1,[StatementsData_logId:2,-2]
6430001,411,2:22:59,1,[StatementsData_logId:2]
6430001,401,2:23:2,1,[StatementsData_logId:3]
6430001,402,2:23:2,1,[StatementsData_logId:3,true]
6430001,405,2:23:3,1,[StatementsData_logId:3]
6430001,406,2:23:3,1,[StatementsData_logId:3,2]
6430001,411,2:23:4,1,[StatementsData_logId:3]
6430001,401,2:23:16,1,[StatementsData_logId:4]
6430001,402,2:23:18,1,[StatementsData_logId:4,false]
6430001,405,2:23:18,1,[StatementsData_logId:4]
6430001,406,2:23:20,1,[StatementsData_logId:4,-2]
6430001,411,2:23:21,1,[StatementsData_logId:4]
6430001,1002,2:23:24,1
6430001,1003,2:23:24,0
6430001,1004,2:23:25,1
6430001,400,2:23:27,1,[]
6430001,401,2:23:28,1,[StatementsData_logId:0]
6430001,402,2:23:29,1,[StatementsData_logId:0,true]
6430001,405,2:23:30,1,[StatementsData_logId:0]
6430001,406,2:23:30,1,[StatementsData_logId:0,2]
6430001,411,2:23:31,1,[StatementsData_logId:0]
6430001,401,2:23:32,1,[StatementsData_logId:1]
6430001,402,2:23:33,1,[StatementsData_logId:1,true]
6430001,405,2:23:33,1,[StatementsData_logId:1]
6430001,406,2:23:34,1,[StatementsData_logId:1,2]
6430001,411,2:23:35,1,[StatementsData_logId:1]
6430001,401,2:23:38,1,[StatementsData_logId:2]
6430001,403,2:23:39,1,[StatementsData_logId:2,true]
6430001,405,2:23:39,1,[StatementsData_logId:2]
6430001,406,2:23:39,1,[StatementsData_logId:2,2]
6430001,407,2:23:39,1,[StatementsData_logId:2,FactCardData_id:24]
6430001,407,2:23:39,1,[StatementsData_logId:2,FactCardData_id:20]
6430001,407,2:23:39,1,[StatementsData_logId:2,FactCardData_id:22]
6430001,407,2:23:39,1,[StatementsData_logId:2,FactCardData_id:26]
6430001,407,2:23:39,1,[StatementsData_logId:2,FactCardData_id:25]
6430001,407,2:23:39,1,[StatementsData_logId:2,FactCardData_id:23]
6430001,407,2:23:46,1,[StatementsData_logId:2,FactCardData_id:24]
6430001,407,2:23:46,1,[StatementsData_logId:2,FactCardData_id:24]
6430001,407,2:23:48,1,[StatementsData_logId:2,FactCardData_id:22]
6430001,407,2:23:48,1,[StatementsData_logId:2,FactCardData_id:24]
6430001,407,2:23:48,1,[StatementsData_logId:2,FactCardData_id:22]
6430001,407,2:23:49,1,[StatementsData_logId:2,FactCardData_id:24]
6430001,407,2:23:49,1,[StatementsData_logId:2,FactCardData_id:22]
6430001,407,2:23:49,1,[StatementsData_logId:2,FactCardData_id:24]
6430001,408,2:23:49,1,[StatementsData_logId:2,FactCardData_id:24,true]
6430001,409,2:23:49,1,[StatementsData_logId:2]
6430001,410,2:23:51,1,[StatementsData_logId:2,2]
6430001,412,2:23:55,1,[StatementsData_logId:2]
6430001,413,2:23:57,1,[StatementsData_logId:2,DuelResponsesData_logId:0]
6430001,414,2:23:58,1,[StatementsData_logId:2,DuelResponsesData_logId:0]
6430001,415,2:24:5,1,[StatementsData_logId:2,DuelResponsesData_logId:0,DuelResponsesData_witty_player_response]
6430001,416,2:24:6,1,[StatementsData_logId:2,DuelResponsesData_logId:0]
6430001,417,2:24:6,1,[StatementsData_logId:2,DuelResponsesData_logId:0]
6430001,413,2:24:11,1,[StatementsData_logId:2,DuelResponsesData_logId:1]
6430001,414,2:24:11,1,[StatementsData_logId:2,DuelResponsesData_logId:1]
6430001,415,2:24:20,1,[StatementsData_logId:2,DuelResponsesData_logId:1,DuelResponsesData_ok_player_response]
6430001,416,2:24:21,1,[StatementsData_logId:2,DuelResponsesData_logId:1]
6430001,417,2:24:21,1,[StatementsData_logId:2,DuelResponsesData_logId:1]
6430001,413,2:24:24,1,[StatementsData_logId:2,DuelResponsesData_logId:2]
6430001,414,2:24:25,1,[StatementsData_logId:2,DuelResponsesData_logId:2]
6430001,415,2:24:37,1,[StatementsData_logId:2,DuelResponsesData_logId:2,DuelResponsesData_witty_player_response]
6430001,416,2:24:37,1,[StatementsData_logId:2,DuelResponsesData_logId:2]
6430001,417,2:24:38,1,[StatementsData_logId:2,DuelResponsesData_logId:2]
6430001,418,2:24:38,1,[StatementsData_logId:2,true]
6430001,419,2:24:44,1,[StatementsData_logId:2,4]
6430001,411,2:24:45,1,[StatementsData_logId:2]
6430001,401,2:24:47,1,[StatementsData_logId:3]
6430001,402,2:24:47,1,[StatementsData_logId:3,true]
6430001,405,2:24:48,1,[StatementsData_logId:3]
6430001,406,2:24:48,1,[StatementsData_logId:3,2]
6430001,411,2:24:49,1,[StatementsData_logId:3]
6430001,401,2:24:52,1,[StatementsData_logId:4]
6430001,403,2:24:52,1,[StatementsData_logId:4,true]
6430001,405,2:24:53,1,[StatementsData_logId:4]
6430001,406,2:24:53,1,[StatementsData_logId:4,2]
6430001,407,2:24:53,1,[StatementsData_logId:4,FactCardData_id:20]
6430001,407,2:24:53,1,[StatementsData_logId:4,FactCardData_id:23]
6430001,407,2:24:53,1,[StatementsData_logId:4,FactCardData_id:25]
6430001,407,2:24:53,1,[StatementsData_logId:4,FactCardData_id:22]
6430001,407,2:24:53,1,[StatementsData_logId:4,FactCardData_id:24]
6430001,407,2:24:53,1,[StatementsData_logId:4,FactCardData_id:26]
6430001,407,2:24:56,1,[StatementsData_logId:4,FactCardData_id:24]
6430001,407,2:24:56,1,[StatementsData_logId:4,FactCardData_id:24]
6430001,407,2:24:59,1,[StatementsData_logId:4,FactCardData_id:25]
6430001,407,2:24:59,1,[StatementsData_logId:4,FactCardData_id:24]
6430001,407,2:24:59,1,[StatementsData_logId:4,FactCardData_id:25]
6430001,407,2:25:1,1,[StatementsData_logId:4,FactCardData_id:23]
6430001,407,2:25:1,1,[StatementsData_logId:4,FactCardData_id:25]
6430001,407,2:25:1,1,[StatementsData_logId:4,FactCardData_id:23]
6430001,408,2:25:4,1,[StatementsData_logId:4,FactCardData_id:23,true]
6430001,409,2:25:4,1,[StatementsData_logId:4]
6430001,410,2:25:5,1,[StatementsData_logId:4,2]
6430001,412,2:25:7,1,[StatementsData_logId:4]
6430001,413,2:25:9,1,[StatementsData_logId:4,DuelResponsesData_logId:3]
6430001,414,2:25:10,1,[StatementsData_logId:4,DuelResponsesData_logId:3]
6430001,415,2:25:12,1,[StatementsData_logId:4,DuelResponsesData_logId:3,DuelResponsesData_witty_player_response]
6430001,416,2:25:13,1,[StatementsData_logId:4,DuelResponsesData_logId:3]
6430001,417,2:25:13,1,[StatementsData_logId:4,DuelResponsesData_logId:3]
6430001,413,2:25:18,1,[StatementsData_logId:4,DuelResponsesData_logId:4]
6430001,414,2:25:19,1,[StatementsData_logId:4,DuelResponsesData_logId:4]
6430001,415,2:25:22,1,[StatementsData_logId:4,DuelResponsesData_logId:4,DuelResponsesData_witty_player_response]
6430001,416,2:25:23,1,[StatementsData_logId:4,DuelResponsesData_logId:4]
6430001,417,2:25:23,1,[StatementsData_logId:4,DuelResponsesData_logId:4]
6430001,413,2:25:25,1,[StatementsData_logId:4,DuelResponsesData_logId:5]
6430001,414,2:25:26,1,[StatementsData_logId:4,DuelResponsesData_logId:5]
6430001,415,2:25:30,1,[StatementsData_logId:4,DuelResponsesData_logId:5,DuelResponsesData_witty_player_response]
6430001,416,2:25:30,1,[StatementsData_logId:4,DuelResponsesData_logId:5]
6430001,417,2:25:31,1,[StatementsData_logId:4,DuelResponsesData_logId:5]
6430001,418,2:25:31,1,[StatementsData_logId:4,true]
6430001,419,2:25:34,1,[StatementsData_logId:4,4]
6430001,411,2:25:35,1,[StatementsData_logId:4]
6430001,401,2:25:38,1,[StatementsData_logId:5]
6430001,404,2:25:38,1,[StatementsData_logId:5,true]
6430001,406,2:25:39,1,[StatementsData_logId:5,2]
6430001,412,2:25:41,1,[StatementsData_logId:5]
6430001,413,2:25:42,1,[StatementsData_logId:5,DuelResponsesData_logId:6]
6430001,414,2:25:43,1,[StatementsData_logId:5,DuelResponsesData_logId:6]
6430001,415,2:25:47,1,[StatementsData_logId:5,DuelResponsesData_logId:6,DuelResponsesData_ok_player_response]
6430001,416,2:25:47,1,[StatementsData_logId:5,DuelResponsesData_logId:6]
6430001,417,2:25:47,1,[StatementsData_logId:5,DuelResponsesData_logId:6]
6430001,413,2:25:48,1,[StatementsData_logId:5,DuelResponsesData_logId:7]
6430001,414,2:25:51,1,[StatementsData_logId:5,DuelResponsesData_logId:7]
6430001,415,2:25:57,1,[StatementsData_logId:5,DuelResponsesData_logId:7,DuelResponsesData_witty_player_response]
6430001,416,2:25:57,1,[StatementsData_logId:5,DuelResponsesData_logId:7]
6430001,417,2:25:58,1,[StatementsData_logId:5,DuelResponsesData_logId:7]
6430001,413,2:26:2,1,[StatementsData_logId:5,DuelResponsesData_logId:8]
6430001,414,2:26:3,1,[StatementsData_logId:5,DuelResponsesData_logId:8]
6430001,415,2:26:9,1,[StatementsData_logId:5,DuelResponsesData_logId:8,DuelResponsesData_lame_player_response]
6430001,416,2:26:10,1,[StatementsData_logId:5,DuelResponsesData_logId:8]
6430001,417,2:26:10,1,[StatementsData_logId:5,DuelResponsesData_logId:8]
6430001,418,2:26:10,1,[StatementsData_logId:5,true]
6430001,419,2:26:11,1,[StatementsData_logId:5,4]
6430001,411,2:26:13,1,[StatementsData_logId:5]
6430001,420,2:26:13,1,[56]
6430001,1005,2:26:13,1,[0,1,3]
6430001,1001,2:26:14,1,[]
6430001,1003,2:26:14,0
6430001,210,2:26:18,407,390
6430001,211,2:26:19,600,156
6430001,213,2:26:19,4,s_potSmokeCloud_F_G9a2N,true
6430001,205,2:26:19,4,s_potSmokeCloud_F_G9a2N,false,false
6430001,221,2:26:26,4
6430001,220,2:26:28,4
6430001,219,2:26:28,4
6430001,216,2:26:29,Stack_G9a2P
6430001,217,2:26:34,Stack_G9a2P,3.7,0.00
6430001,218,2:26:35,4
6430001,210,2:26:37,1037,482
6430001,211,2:26:38,977,499
6430001,213,2:26:38,4,c_kidSister_afri_a_G9a2P,true
6430001,210,2:26:40,759,539
6430001,211,2:26:43,1493,372
6430001,207,2:26:43,4,-200,-485
6430001,210,2:26:44,1518,563
6430001,207,2:26:44,4,-485,-560
6430001,211,2:26:44,1623,538
6430001,207,2:26:44,4,-560,-620
6430001,207,2:26:45,4,-620,-665
6430001,210,2:26:45,1613,576
6430001,207,2:26:46,4,-665,-995
6430001,211,2:26:46,2018,481
6430001,210,2:26:46,1834,487
6430001,211,2:26:47,1788,523
6430001,213,2:26:47,4,c_grandma_afri_a_G9a2P,true
6430001,212,2:26:54,2
6430001,210,2:26:54,1790,523
6430001,211,2:26:55,1163,333
6430001,213,2:26:55,4,c_cousin_F_a_G9a2P,true
6430001,205,2:26:55,4,c_cousin_F_a_G9a2P,false,false
6430001,210,2:27:0,1018,428
6430001,207,2:27:1,4,-995,-770
6430001,211,2:27:3,367,350
6430001,207,2:27:3,4,-770,-350
6430001,207,2:27:3,4,-350,-305
6430001,210,2:27:3,410,274
6430001,211,2:27:4,486,258
6430001,213,2:27:4,4,c_mom_afri_a_G9a2P,true
6430001,205,2:27:4,4,c_mom_afri_a_G9a2P,false,false
6430001,210,2:27:7,755,327
6430001,207,2:27:10,4,-305,0
6430001,211,2:27:10,3,281
6430001,210,2:27:10,158,425
6430001,211,2:27:11,218,383
6430001,213,2:27:11,4,s_tv_G9a2P,true
6430001,210,2:27:14,279,531
6430001,211,2:27:16,417,523
6430001,210,2:27:17,552,410
6430001,211,2:27:18,672,412
6430001,212,2:27:19,1
6430001,210,2:27:20,834,535
6430001,211,2:27:20,734,276
6430001,213,2:27:20,4,s_door_gen,true
6430001,205,2:27:20,4,s_door_gen,false,false
6430001,210,2:27:24,759,275
6430001,207,2:27:25,4,0,-135
6430001,207,2:27:28,4,-135,-540
6430001,211,2:27:30,1422,612
6430001,213,2:27:30,4,s_pizzaBox_G9a2P,true
6430001,205,2:27:30,4,s_pizzaBox_G9a2P,false,false
6430001,221,2:27:36,4
6430001,220,2:27:37,4
6430001,203,2:27:37,4
6430001,100,2:27:52,2
6430001,102,2:27:55,2
6430001,200,2:27:55,2,8,11,9,9,12
6430001,221,2:28:2,2
6430001,220,2:28:4,2
6430001,212,2:28:5,0
6430001,210,2:28:6,1176,386
6430001,207,2:28:6,2,-200,-380
6430001,207,2:28:8,2,-380,-492
6430001,207,2:28:17,2,-492,-297
6430001,207,2:28:19,2,-297,-42
6430001,211,2:28:21,301,582
6430001,213,2:28:21,2,s_beerCooler_G8a0,true
6430001,210,2:28:25,164,530
6430001,207,2:28:25,2,-42,0
6430001,211,2:28:26,1,150
6430001,210,2:28:27,40,504
6430001,211,2:28:32,813,307
6430001,212,2:28:33,2
6430001,210,2:28:33,748,394
6430001,207,2:28:38,2,0,-270
6430001,211,2:28:39,1072,337
6430001,213,2:28:39,2,c_crewKid1_F_a_G8a0,true
6430001,210,2:28:42,781,295
6430001,207,2:28:44,2,-270,-435
6430001,211,2:28:45,1278,485
6430001,212,2:28:45,0
6430001,210,2:28:46,1340,405
6430001,207,2:28:46,2,-435,-492
6430001,211,2:28:50,918,372
6430001,213,2:28:50,2,c_cousin_F_a_G8a0,true
6430001,205,2:28:50,2,c_cousin_F_a_G8a0,false,true
6430001,210,2:28:54,689,293
6430001,211,2:28:57,419,179
6430001,207,2:28:57,2,-492,-402
6430001,210,2:28:58,336,214
6430001,207,2:28:58,2,-402,-207
6430001,211,2:28:59,443,360
6430001,221,2:29:5,2
6430001,220,2:29:7,2
6430001,204,2:29:8,2
6430001,100,2:29:10,2
6430001,102,2:29:11,2
6430001,200,2:29:11,2,8,11,9,9,12
6430001,210,2:29:21,991,459
6430001,211,2:29:22,781,622
6430001,213,2:29:22,2,s_bottleFloor_G8a0,true
6430001,204,2:29:29,2
6430001,100,2:29:30,2
6430001,102,2:29:31,2
6430001,200,2:29:31,2,8,11,9,9,12
6430001,221,2:29:33,2
6430001,220,2:29:38,2
6430001,1003,2:29:38,3
6430001,1004,2:29:40,5
6430001,500,2:29:47,5,[]
6430001,501,2:29:50,5,[]
6430001,502,2:29:56,5,[IntentionData_logId:2,true]
6430001,503,2:29:58,5,[]
6430001,504,2:30:1,5,[InfluenceData_logId:0]
6430001,504,2:30:3,5,[InfluenceData_logId:4]
6430001,504,2:30:4,5,[InfluenceData_logId:5]
6430001,504,2:30:6,5,[InfluenceData_logId:8]
6430001,504,2:30:7,5,[InfluenceData_logId:7]
6430001,504,2:30:10,5,[InfluenceData_logId:8]
6430001,504,2:30:13,5,[InfluenceData_logId:6]
6430001,504,2:30:15,5,[InfluenceData_logId:7]
6430001,504,2:30:19,5,[InfluenceData_logId:8]
6430001,505,2:30:21,5,[InfluenceData_logId:0,true,InfluenceData_logId:5,true,InfluenceData_logId:8,true]
6430001,506,2:30:23,5,[]
6430001,507,2:30:33,5,[OpponentAttackData_logId:1,OpponentAttackTypeData_logId:2,false,30]
6430001,508,2:30:36,5,[]
6430001,509,2:30:39,5,[RefusalData_logId:4,2]
6430001,510,2:30:45,5,[AvailableRefusalData_logId:4,0A]
6430001,510,2:30:45,5,[AvailableRefusalData_logId:4,1A]
6430001,510,2:30:46,5,[AvailableRefusalData_logId:4,2A]
6430001,511,2:30:46,5,[AvailableRefusalData_logId:4,0A,1A,2A,true,50]
6430001,512,2:30:49,5,[]
6430001,513,2:30:49,5,[0]
6430001,514,2:30:50,5,[]
6430001,507,2:30:56,5,[OpponentAttackData_logId:3,OpponentAttackTypeData_logId:3,true,0]
6430001,508,2:30:58,5,[]
6430001,509,2:31:4,5,[RefusalData_logId:3,1]
6430001,510,2:31:26,5,[AvailableRefusalData_logId:3,0B]
6430001,510,2:31:26,5,[AvailableRefusalData_logId:3,1A]
6430001,510,2:31:30,5,[AvailableRefusalData_logId:3,1B]
6430001,510,2:31:31,5,[AvailableRefusalData_logId:3,2B]
6430001,511,2:31:31,5,[AvailableRefusalData_logId:3,0B,1B,2B,false,0]
6430001,512,2:31:34,5,[]
6430001,513,2:31:34,5,[30]
6430001,514,2:31:36,5,[]
6430001,507,2:31:44,5,[OpponentAttackData_logId:0,OpponentAttackTypeData_logId:1,true,0]
6430001,508,2:31:46,5,[]
6430001,509,2:31:50,5,[RefusalData_logId:2,2]
6430001,510,2:31:54,5,[AvailableRefusalData_logId:2,0A]
6430001,510,2:31:55,5,[AvailableRefusalData_logId:2,1A]
6430001,510,2:31:57,5,[AvailableRefusalData_logId:2,2A]
6430001,511,2:31:57,5,[AvailableRefusalData_logId:2,0A,1A,2A,true,50]
6430001,512,2:32:0,5,[]
6430001,515,2:32:0,5,[90,0]
6430001,516,2:32:2,5,[]
6430001,517,2:32:3,5,[]
6430001,1005,2:32:3,5,[3,0,2]
6430001,1001,2:32:5,5,[]
6430001,1003,2:32:5,3
6430001,1004,2:32:6,6
6430001,500,2:32:17,6,[]
6430001,501,2:32:21,6,[]
6430001,502,2:32:27,6,[IntentionData_logId:4,true]
6430001,503,2:32:27,6,[]
6430001,504,2:32:30,6,[InfluenceData_logId:0]
6430001,504,2:32:33,6,[InfluenceData_logId:1]
6430001,504,2:32:35,6,[InfluenceData_logId:4]
6430001,504,2:32:35,6,[InfluenceData_logId:3]
6430001,504,2:32:39,6,[InfluenceData_logId:8]
6430001,504,2:32:45,6,[InfluenceData_logId:6]
6430001,505,2:32:48,6,[InfluenceData_logId:1,true,InfluenceData_logId:3,true,InfluenceData_logId:6,true]
6430001,506,2:32:49,6,[]
6430001,507,2:32:58,6,[OpponentAttackData_logId:0,OpponentAttackTypeData_logId:1,true,0]
6430001,508,2:33:0,6,[]
6430001,509,2:33:11,6,[RefusalData_logId:0,2]
6430001,510,2:33:22,6,[AvailableRefusalData_logId:0,0A]
6430001,510,2:33:23,6,[AvailableRefusalData_logId:0,1A]
6430001,510,2:33:24,6,[AvailableRefusalData_logId:0,2A]
6430001,511,2:33:24,6,[AvailableRefusalData_logId:0,0A,1A,2A,true,50]
6430001,512,2:33:27,6,[]
6430001,513,2:33:27,6,[0]
6430001,514,2:33:30,6,[]
6430001,507,2:33:36,6,[OpponentAttackData_logId:2,OpponentAttackTypeData_logId:3,false,30]
6430001,508,2:33:38,6,[]
6430001,509,2:33:44,6,[RefusalData_logId:9,2]
6430001,510,2:33:46,6,[AvailableRefusalData_logId:9,0A]
6430001,510,2:33:50,6,[AvailableRefusalData_logId:9,1A]
6430001,510,2:33:50,6,[AvailableRefusalData_logId:9,2A]
6430001,511,2:33:51,6,[AvailableRefusalData_logId:9,0A,1A,2A,true,50]
6430001,512,2:33:54,6,[]
6430001,515,2:33:54,6,[120,0]
6430001,516,2:33:56,6,[]
6430001,517,2:33:57,6,[]
6430001,1005,2:33:57,6,[3,0,3]
6430001,1001,2:33:57,6,[]
6430001,1003,2:33:57,3
6430001,221,2:34:2,2
6430001,220,2:34:9,2
6430001,210,2:34:9,756,573
6430001,211,2:34:11,514,552
6430001,213,2:34:11,2,c_crush2_F_a_G8a0,true
6430001,205,2:34:11,2,c_crush2_F_a_G8a0,false,true
6430001,210,2:34:14,737,418
6430001,211,2:34:20,652,386
6430001,213,2:34:20,2,s_beerSixpack_G8a0,true
6430001,204,2:34:22,2
6430001,100,2:34:24,6
6430001,102,2:34:30,6
6430001,200,2:34:30,6,8,11,9,14,12
6430001,219,2:34:30,6
6430001,216,2:34:32,Stack_G10a0
6430001,217,2:34:41,Stack_G10a0,8.8,4.4
6430001,216,2:34:46,Stack_G10a0
6430001,217,2:35:1,Stack_G10a0,13,0.00
6430001,218,2:35:2,6
6430001,210,2:35:3,749,527
6430001,211,2:35:3,717,516
6430001,212,2:35:4,2
6430001,210,2:35:4,770,519
6430001,211,2:35:5,707,521
6430001,213,2:35:5,6,c_crush1_F_b_G10a0,false
6430001,1003,2:35:8,2
6430001,1004,2:35:9,3
6430001,900,2:35:12,3,[]
6430001,901,2:35:13,3,[PeopleData_id:0]
6430001,902,2:35:13,3,[PeopleData_id:0,PeopleData_data3Type]
6430001,902,2:35:17,3,[PeopleData_id:0,PeopleData_data2Type]
6430001,902,2:35:21,3,[PeopleData_id:0,PeopleData_data1Type]
6430001,902,2:35:24,3,[PeopleData_id:0,PeopleData_data0Type]
6430001,903,2:35:26,3,[PeopleData_id0,PeopleData_data0Type]
6430001,901,2:35:27,3,[PeopleData_id:0]
6430001,904,2:35:27,3,[PeopleData_id:0]
6430001,905,2:35:27,3,[PeopleData_id:0,RankTypes_id:-1,RankTypes_id:3]
6430001,901,2:35:28,3,[PeopleData_id:4]
6430001,902,2:35:29,3,[PeopleData_id:4,PeopleData_data2Type]
6430001,902,2:35:32,3,[PeopleData_id:4,PeopleData_data1Type]
6430001,902,2:35:34,3,[PeopleData_id:4,PeopleData_data0Type]
6430001,903,2:35:36,3,[PeopleData_id4,PeopleData_data0Type]
6430001,901,2:35:37,3,[PeopleData_id:4]
6430001,904,2:35:37,3,[PeopleData_id:4]
6430001,905,2:35:37,3,[PeopleData_id:4,RankTypes_id:-1,RankTypes_id:2]
6430001,901,2:35:37,3,[PeopleData_id:1]
6430001,904,2:35:37,3,[PeopleData_id:1]
6430001,902,2:35:38,3,[PeopleData_id:1,PeopleData_data2Type]
6430001,902,2:35:41,3,[PeopleData_id:1,PeopleData_data1Type]
6430001,902,2:35:43,3,[PeopleData_id:1,PeopleData_data0Type]
6430001,903,2:35:45,3,[PeopleData_id1,PeopleData_data0Type]
6430001,901,2:35:45,3,[PeopleData_id:1]
6430001,904,2:35:45,3,[PeopleData_id:1]
6430001,905,2:35:46,3,[PeopleData_id:1,RankTypes_id:-1,RankTypes_id:4]
6430001,901,2:35:46,3,[PeopleData_id:5]
6430001,902,2:35:48,3,[PeopleData_id:5,PeopleData_data3Type]
6430001,902,2:35:51,3,[PeopleData_id:5,PeopleData_data2Type]
6430001,902,2:35:55,3,[PeopleData_id:5,PeopleData_data1Type]
6430001,902,2:35:58,3,[PeopleData_id:5,PeopleData_data0Type]
6430001,903,2:36:0,3,[PeopleData_id5,PeopleData_data0Type]
6430001,901,2:36:1,3,[PeopleData_id:5]
6430001,904,2:36:1,3,[PeopleData_id:5]
6430001,905,2:36:2,3,[PeopleData_id:5,RankTypes_id:-1,RankTypes_id:1]
6430001,901,2:36:2,3,[PeopleData_id:2]
6430001,902,2:36:3,3,[PeopleData_id:2,PeopleData_data1Type]
6430001,902,2:36:5,3,[PeopleData_id:2,PeopleData_data0Type]
6430001,903,2:36:11,3,[PeopleData_id2,PeopleData_data0Type]
6430001,901,2:36:12,3,[PeopleData_id:2]
6430001,904,2:36:12,3,[PeopleData_id:2]
6430001,905,2:36:13,3,[PeopleData_id:2,RankTypes_id:-1,RankTypes_id:1]
6430001,901,2:36:14,3,[PeopleData_id:3]
6430001,902,2:36:15,3,[PeopleData_id:3,PeopleData_data3Type]
6430001,902,2:36:17,3,[PeopleData_id:3,PeopleData_data2Type]
6430001,902,2:36:19,3,[PeopleData_id:3,PeopleData_data1Type]
6430001,902,2:36:20,3,[PeopleData_id:3,PeopleData_data0Type]
6430001,903,2:36:22,3,[PeopleData_id3,PeopleData_data0Type]
6430001,901,2:36:22,3,[PeopleData_id:3]
6430001,904,2:36:22,3,[PeopleData_id:3]
6430001,905,2:36:23,3,[PeopleData_id:3,RankTypes_id:-1,RankTypes_id:4]
6430001,906,2:36:23,3,[]
6430001,907,2:36:24,3,[]
6430001,908,2:36:24,3,[InvitationData_id:7,PeopleData_id:4,RankTypes_id:2]
6430001,909,2:36:29,3,[InvitationData_id:7,PeopleData_id:4,RankTypes_id:2,0]
6430001,910,2:36:31,3,[InvitationData_id:7,-2,false]
6430001,908,2:36:31,3,[InvitationData_id:2,PeopleData_id:0,RankTypes_id:3]
6430001,909,2:36:35,3,[InvitationData_id:2,PeopleData_id:0,RankTypes_id:3,0]
6430001,910,2:36:36,3,[InvitationData_id:2,-7,false]
6430001,908,2:36:36,3,[InvitationData_id:4,PeopleData_id:0,RankTypes_id:3]
6430001,909,2:36:42,3,[InvitationData_id:4,PeopleData_id:0,RankTypes_id:3,1]
6430001,910,2:36:43,3,[InvitationData_id:4,7,false]
6430001,908,2:36:43,3,[InvitationData_id:10,PeopleData_id:1,RankTypes_id:4]
6430001,909,2:36:46,3,[InvitationData_id:10,PeopleData_id:1,RankTypes_id:4,1]
6430001,910,2:36:46,3,[InvitationData_id:10,9,false]
6430001,908,2:36:46,3,[InvitationData_id:12,PeopleData_id:2,RankTypes_id:1]
6430001,909,2:36:52,3,[InvitationData_id:12,PeopleData_id:2,RankTypes_id:1,0]
6430001,910,2:36:53,3,[InvitationData_id:12,0,false]
6430001,908,2:36:53,3,[InvitationData_id:6,PeopleData_id:3,RankTypes_id:4]
6430001,909,2:36:59,3,[InvitationData_id:6,PeopleData_id:3,RankTypes_id:4,1]
6430001,910,2:37:0,3,[InvitationData_id:6,9,false]
6430001,908,2:37:0,3,[InvitationData_id:3,PeopleData_id:1,RankTypes_id:4]
6430001,909,2:37:3,3,[InvitationData_id:3,PeopleData_id:1,RankTypes_id:4,1]
6430001,910,2:37:4,3,[InvitationData_id:3,9,false]
6430001,908,2:37:4,3,[InvitationData_id:5,PeopleData_id:3,RankTypes_id:4]
6430001,909,2:37:7,3,[InvitationData_id:5,PeopleData_id:3,RankTypes_id:4,1]
6430001,910,2:37:8,3,[InvitationData_id:5,9,false]
6430001,908,2:37:8,3,[InvitationData_id:8,PeopleData_id:5,RankTypes_id:1]
6430001,909,2:37:18,3,[InvitationData_id:8,PeopleData_id:5,RankTypes_id:1,0]
6430001,910,2:37:19,3,[InvitationData_id:8,0,false]
6430001,908,2:37:19,3,[InvitationData_id:11,PeopleData_id:4,RankTypes_id:2]
6430001,909,2:37:23,3,[InvitationData_id:11,PeopleData_id:4,RankTypes_id:2,0]
6430001,910,2:37:24,3,[InvitationData_id:11,-2,false]
6430001,908,2:37:24,3,[InvitationData_id:9,PeopleData_id:4,RankTypes_id:2]
6430001,909,2:37:27,3,[InvitationData_id:9,PeopleData_id:4,RankTypes_id:2,0]
6430001,910,2:37:28,3,[InvitationData_id:9,-2,false]
6430001,908,2:37:28,3,[InvitationData_id:0,PeopleData_id:1,RankTypes_id:4]
6430001,909,2:37:30,3,[InvitationData_id:0,PeopleData_id:1,RankTypes_id:4,1]
6430001,910,2:37:31,3,[InvitationData_id:0,9,false]
6430001,908,2:37:31,3,[InvitationData_id:1,PeopleData_id:5,RankTypes_id:1]
6430001,909,2:37:34,3,[InvitationData_id:1,PeopleData_id:5,RankTypes_id:1,1]
6430001,910,2:37:39,3,[InvitationData_id:1,0,true]
6430001,911,2:37:40,3,[39,1,0,1]
6430001,1005,2:37:40,3,[2,0,2]
6430001,1001,2:37:42,3,[]
6430001,1003,2:37:42,2
6430001,210,2:37:47,1053,393
6430001,211,2:37:49,1013,548
6430001,213,2:37:49,6,s_chairClothes_F_G10a0,true
6430001,210,2:37:52,377,373
6430001,211,2:37:55,899,263
6430001,212,2:37:56,1
6430001,210,2:37:57,915,380
6430001,211,2:37:57,897,297
6430001,213,2:37:57,6,s_door_F_gen,false
6430001,1003,2:38:0,1
6430001,1004,2:38:1,8
6430001,1002,2:38:18,8
6430001,1003,2:38:18,1
6430001,210,2:38:22,1016,395
6430001,211,2:38:23,1388,384
6430001,207,2:38:23,6,-200,-380
6430001,207,2:38:23,6,-380,-410
6430001,210,2:38:23,1336,410
6430001,211,2:38:24,1254,261
6430001,210,2:38:25,1237,108
6430001,211,2:38:25,1237,108
6430001,204,2:38:28,6
6430001,103,2:38:30
6430001,105,2:38:31
6430001,703,2:38:34,[|| EpilogueItem ID: 0 unlocked: true ||,|| EpilogueItem ID: 1 unlocked: true ||,|| EpilogueItem ID: 2 unlocked: false ||,|| EpilogueItem ID: 3 unlocked: false ||,|| EpilogueItem ID: 4 unlocked: true ||,|| EpilogueItem ID: 5 unlocked: false ||,|| EpilogueItem ID: 6 unlocked: false ||,|| EpilogueItem ID: 7 unlocked: false ||,|| EpilogueItem ID: 8 unlocked: false ||,|| EpilogueItem ID: 9 unlocked: false ||,|| EpilogueItem ID: 10 unlocked: false ||,|| EpilogueItem ID: 11 unlocked: false ||,|| EpilogueItem ID: 12 unlocked: false ||,|| EpilogueItem ID: 13 unlocked: false ||,|| EpilogueItem ID: 14 unlocked: false ||,|| EpilogueItem ID: 15 unlocked: false ||,|| EpilogueItem ID: 16 unlocked: false ||,|| EpilogueItem ID: 17 unlocked: false ||,|| EpilogueItem ID: 18 unlocked: false ||,|| EpilogueItem ID: 19 unlocked: false ||,|| EpilogueItem ID: 20 unlocked: false ||,|| EpilogueItem ID: 21 unlocked: false ||,|| EpilogueItem ID: 22 unlocked: false ||,|| EpilogueItem ID: 23 unlocked: false ||,|| EpilogueItem ID: 24 unlocked: false ||],0.12
6430001,706,2:38:36,(x=14, y=-100, w=1024, h=768),(x=14, y=-100, w=1024, h=768)
6430001,706,2:38:42,(x=670, y=-100, w=1024, h=768),(x=670, y=-100, w=1024, h=768)
6430001,706,2:38:45,(x=949, y=-100, w=1024, h=768),(x=974, y=-100, w=1024, h=768)
6430001,706,2:38:46,(x=1204, y=-100, w=1024, h=768),(x=1204, y=-100, w=1024, h=768)
6430001,706,2:38:47,(x=1392, y=-100, w=1024, h=768),(x=1392, y=-100, w=1024, h=768)
6430001,706,2:38:49,(x=1634, y=-100, w=1024, h=768),(x=1638, y=-100, w=1024, h=768)
6430001,706,2:38:50,(x=1779, y=-100, w=1024, h=768),(x=1779, y=-100, w=1024, h=768)
6430001,706,2:38:57,(x=2406, y=-100, w=1024, h=768),(x=2531, y=-100, w=1024, h=768)
6430001,708,2:38:57
6430001,1,2:38:57,7/12/2013 12:08:04pm,{"gameTime":9537494,"challengeStacks":[{"challengeScenes":[{"miniGameCards":[],"viewedAnimatic":true,"keyPoints":["c_teacherEng_G7a0","c_bestFriend_F_a_G7a0","s_flag_gen"],"unlocked":true,"touchableObjects":["c_teacherEng_G7a0","c_bestFriend_F_a_G7a0","s_vocabAssignment_G7a0","s_flag_gen"]},{"miniGameCards":[],"viewedAnimatic":true,"keyPoints":["s_paperPlayers_G7a1N","c_bestFriend_F_a_G7a1N","c_teacherEng_G7a1N"],"unlocked":true,"touchableObjects":["s_paperPlayers_G7a1N","c_bestFriend_F_a_G7a1N","c_teacherEng_G7a1N"]},{"miniGameCards":[],"viewedAnimatic":true,"keyPoints":["c_teacherEng_G7a1P","s_flag_gen","c_bestFriend_F_a_G7a1P","s_paperEnglish_gen"],"unlocked":true,"touchableObjects":["s_paperPlayers_G7a1P","c_teacherEng_G7a1P","s_flag_gen","s_clock_G7a1P","c_bestFriend_F_a_G7a1P","s_paperEnglish_gen"]}],"stackSize":3,"resolved":true},{"challengeScenes":[{"miniGameCards":[],"viewedAnimatic":true,"keyPoints":["c_crewKid1_F_G7b0","c_kidSister_afri_a_G7b0","s_backpack_F_G7b0"],"unlocked":true,"touchableObjects":["c_crewKid1_F_G7b0","c_cousin_F_a_G7b0","c_crewKid2_F_G7b0","c_cousinsBrother_a_G7b0","c_kidSister_afri_a_G7b0","c_cousinsBrothersFriend_a_G7b0","c_cousinsBrothersFriendsGF_G7b0","s_backpack_F_G7b0","s_lifeguard_G7b0"]},{"miniGameCards":[],"viewedAnimatic":true,"keyPoints":["s_sprayPaintCan_G7b1N","c_kidSister_afri_a_G7b1N","s_brokenCarWindow_G7b1N","s_graffiti_G7b1N","c_crewKid1_F_G7b1N"],"unlocked":true,"touchableObjects":["s_sprayPaintCan_G7b1N","c_teacherEng_G7b1N","c_policeOfficer_G7b1N","c_kidSister_afri_a_G7b1N","s_wreckedPlants_G7b1N","s_brokenCarWindow_G7b1N","s_graffiti_G7b1N","c_crewKid1_F_G7b1N","c_crewKid2_F_a_G7b1N"]},{"miniGameCards":[],"viewedAnimatic":true,"keyPoints":["c_cousinsBrothersFriend_a_G7b1P","c_cousinsBrother_a_G7b1P","c_cousin_F_a_G7b1P","s_poolDay_ruleSign_G7b1P"],"unlocked":true,"touchableObjects":["c_cousinsBrothersFriend_a_G7b1P","c_crush1_F_a_G7b1P","c_cousinsBrother_a_G7b1P","c_cousin_F_a_G7b1P","c_kidSister_afri_a_G7b1P","s_poolDay_ruleSign_G7b1P"]},{"miniGameCards":[],"viewedAnimatic":true,"keyPoints":["c_cousin_F_a_G7b2N","c_kidSister_afri_a_G7b2N","s_kid1_G7b2N","c_crush1_F_a_G7b2N"],"unlocked":true,"touchableObjects":["c_cousin_F_a_G7b2N","c_kidSister_afri_a_G7b2N","c_cousinsBrothersFriend_a_G7b2N","s_kid1_G7b2N","c_crewKid2_F_G7b2N","s_lifeguard_G7b2N","c_crush1_F_a_G7b2N","s_cousinsBFgirlfriend_G7b2N","c_cousinsBrother_a_G7b2N"]},{"miniGameCards":[],"viewedAnimatic":true,"keyPoints":["c_kidSister_afri_a_G7b2P","s_computer_F_G7b2P","c_cousin_F_a_G7b2P","s_pictureDad_afri_F_gen"],"unlocked":true,"touchableObjects":["s_closet_F_G7b2P","c_grandma_afri_a_G7b2P","c_kidSister_afri_a_G7b2P","s_calendar_F_gen","s_computer_F_G7b2P","c_cousin_F_a_G7b2P","s_pictureDad_afri_F_gen"]}],"stackSize":5,"resolved":true},{"challengeScenes":[{"miniGameCards":[],"viewedAnimatic":true,"keyPoints":["c_crush2_F_a_G8a0","c_cousin_F_a_G8a0","s_cellphone_G8a0","s_clock_G8a0","s_bottleCrush2_F_G8a0"],"unlocked":true,"touchableObjects":["c_friend1_F_G8a0","s_beerSixpack_G8a0","s_bottleTable_G8a0","c_crewKid1_F_a_G8a0","s_stairs_G8a0","c_crush2_F_a_G8a0","c_cousin_F_a_G8a0","s_cigaretteKid1_G8a0","s_cellphone_G8a0","s_clock_G8a0","s_bottleCrush2_F_G8a0","s_beerCooler_G8a0","s_bottleFloor_G8a0"]},{"miniGameCards":[],"viewedAnimatic":true,"keyPoints":["s_crush2Lips_F_G8a1N","s_basementDoor_gen","s_dirtyClothes_gen","s_crush2Sore_F_G8a1N","s_crush2Eyes_F_G8a1N"],"unlocked":true,"touchableObjects":["c_crush2_F_a_G8a1N","s_waterHeater_gen","s_crush2Lips_F_G8a1N","s_inhalantsShelf_gen","s_stairs_G8a1N","s_dryer_G8a1N","s_basementDoor_gen","s_dirtyClothes_gen","s_crush2Sore_F_G8a1N","s_crush2Eyes_F_G8a1N"]},{"miniGameCards":[],"viewedAnimatic":false,"keyPoints":[],"unlocked":false,"touchableObjects":[]},{"miniGameCards":[],"viewedAnimatic":false,"keyPoints":[],"unlocked":false,"touchableObjects":[]},{"miniGameCards":[],"viewedAnimatic":false,"keyPoints":[],"unlocked":false,"touchableObjects":[]},{"miniGameCards":[],"viewedAnimatic":true,"keyPoints":[],"unlocked":true,"touchableObjects":[]},{"miniGameCards":[],"viewedAnimatic":false,"keyPoints":[],"unlocked":false,"touchableObjects":[]}],"stackSize":7,"resolved":false},{"challengeScenes":[{"miniGameCards":[],"viewedAnimatic":false,"keyPoints":[],"unlocked":false,"touchableObjects":[]},{"miniGameCards":[],"viewedAnimatic":false,"keyPoints":[],"unlocked":false,"touchableObjects":[]},{"miniGameCards":[],"viewedAnimatic":false,"keyPoints":[],"unlocked":false,"touchableObjects":[]},{"miniGameCards":[],"viewedAnimatic":false,"keyPoints":[],"unlocked":false,"touchableObjects":[]},{"miniGameCards":[],"viewedAnimatic":false,"keyPoints":[],"unlocked":false,"touchableObjects":[]}],"stackSize":5,"resolved":false},{"challengeScenes":[{"miniGameCards":[],"viewedAnimatic":true,"keyPoints":["s_bathingSuit_F_G9a0","s_door_F_gen","s_cellPhone_F_G9a0","s_clock_F_G9a0"],"unlocked":true,"touchableObjects":["s_bathingSuit_F_G9a0","s_calendar_F_gen","s_door_F_gen","s_window_F_G9a0","s_cellPhone_F_G9a0","s_clock_F_G9a0"]},{"miniGameCards":[],"viewedAnimatic":true,"keyPoints":["c_policeOfficer_G9a1N","s_kid3_G9a1N","c_cousin_F_a_G9a1N","s_fence_G9a1N"],"unlocked":true,"touchableObjects":["c_cousinsBrothersFriend_a_G9a1N","c_policeOfficer_G9a1N","s_kid4_G9a1N","s_bathingSuits_G9a1N","s_kid3_G9a1N","c_cousin_F_a_G9a1N","s_policeCar_G9a1N","s_fence_G9a1N"]},{"miniGameCards":[],"viewedAnimatic":true,"keyPoints":["s_joint_F_G9a1P","c_cousin_F_a_G9a1P","s_door_F_gen","s_poster_F_gen","s_calendar_F_gen"],"unlocked":true,"touchableObjects":["s_joint_F_G9a1P","c_cousin_F_a_G9a1P","s_computer_F_gen","s_door_F_gen","s_poster_F_gen","s_calendar_F_gen"]},{"miniGameCards":[],"viewedAnimatic":true,"keyPoints":["c_cousin_F_a_G9a2N","c_mom_afri_a_G9a2N","c_kidSister_afri_a_G9a2N","s_pictureDad_afri_F_gen","s_potSmokeCloud_F_G9a2N"],"unlocked":true,"touchableObjects":["c_cousin_F_a_G9a2N","c_mom_afri_a_G9a2N","c_kidSister_afri_a_G9a2N","s_pictureDad_afri_F_gen","s_cookieTrayEmpty_F_G9a2N","s_potSmokeCloud_F_G9a2N"]},{"miniGameCards":[],"viewedAnimatic":true,"keyPoints":["c_cousin_F_a_G9a2P","c_mom_afri_a_G9a2P","s_door_gen","s_pizzaBox_G9a2P"],"unlocked":true,"touchableObjects":["c_kidSister_afri_a_G9a2P","c_grandma_afri_a_G9a2P","c_cousin_F_a_G9a2P","c_mom_afri_a_G9a2P","s_tv_G9a2P","s_door_gen","s_pizzaBox_G9a2P"]}],"stackSize":5,"resolved":true},{"challengeScenes":[{"miniGameCards":[],"viewedAnimatic":false,"keyPoints":[],"unlocked":false,"touchableObjects":[]},{"miniGameCards":[],"viewedAnimatic":false,"keyPoints":[],"unlocked":false,"touchableObjects":[]},{"miniGameCards":[],"viewedAnimatic":false,"keyPoints":[],"unlocked":false,"touchableObjects":[]},{"miniGameCards":[],"viewedAnimatic":false,"keyPoints":[],"unlocked":false,"touchableObjects":[]},{"miniGameCards":[],"viewedAnimatic":false,"keyPoints":[],"unlocked":false,"touchableObjects":[]}],"stackSize":5,"resolved":false},{"challengeScenes":[{"miniGameCards":[],"viewedAnimatic":true,"keyPoints":[],"unlocked":true,"touchableObjects":["s_chairClothes_F_G10a0"]},{"miniGameCards":[],"viewedAnimatic":false,"keyPoints":[],"unlocked":true,"touchableObjects":[]},{"miniGameCards":[],"viewedAnimatic":false,"keyPoints":[],"unlocked":false,"touchableObjects":[]},{"miniGameCards":[],"viewedAnimatic":false,"keyPoints":[],"unlocked":true,"touchableObjects":[]},{"miniGameCards":[],"viewedAnimatic":false,"keyPoints":[],"unlocked":false,"touchableObjects":[]}],"stackSize":5,"resolved":false},{"challengeScenes":[{"miniGameCards":[],"viewedAnimatic":false,"keyPoints":[],"unlocked":false,"touchableObjects":[]},{"miniGameCards":[],"viewedAnimatic":false,"keyPoints":[],"unlocked":false,"touchableObjects":[]},{"miniGameCards":[],"viewedAnimatic":false,"keyPoints":[],"unlocked":false,"touchableObjects":[]},{"miniGameCards":[],"viewedAnimatic":false,"keyPoints":[],"unlocked":false,"touchableObjects":[]},{"miniGameCards":[],"viewedAnimatic":false,"keyPoints":[],"unlocked":false,"touchableObjects":[]}],"stackSize":5,"resolved":false},{"challengeScenes":[{"miniGameCards":[],"viewedAnimatic":false,"keyPoints":[],"unlocked":false,"touchableObjects":[]},{"miniGameCards":[],"viewedAnimatic":false,"keyPoints":[],"unlocked":false,"touchableObjects":[]},{"miniGameCards":[],"viewedAnimatic":false,"keyPoints":[],"unlocked":false,"touchableObjects":[]},{"miniGameCards":[],"viewedAnimatic":false,"keyPoints":[],"unlocked":false,"touchableObjects":[]},{"miniGameCards":[],"viewedAnimatic":false,"keyPoints":[],"unlocked":false,"touchableObjects":[]}],"stackSize":5,"resolved":false},{"challengeScenes":[{"miniGameCards":[],"viewedAnimatic":false,"keyPoints":[],"unlocked":false,"touchableObjects":[]},{"miniGameCards":[],"viewedAnimatic":false,"keyPoints":[],"unlocked":false,"touchableObjects":[]},{"miniGameCards":[],"viewedAnimatic":false,"keyPoints":[],"unlocked":false,"touchableObjects":[]},{"miniGameCards":[],"viewedAnimatic":false,"keyPoints":[],"unlocked":false,"touchableObjects":[]},{"miniGameCards":[],"viewedAnimatic":false,"keyPoints":[],"unlocked":false,"touchableObjects":[]}],"stackSize":5,"resolved":false},{"challengeScenes":[{"miniGameCards":[],"viewedAnimatic":false,"keyPoints":[],"unlocked":true,"touchableObjects":[]},{"miniGameCards":[],"viewedAnimatic":false,"keyPoints":[],"unlocked":true,"touchableObjects":[]},{"miniGameCards":[],"viewedAnimatic":false,"keyPoints":[],"unlocked":false,"touchableObjects":[]},{"miniGameCards":[],"viewedAnimatic":false,"keyPoints":[],"unlocked":true,"touchableObjects":[]},{"miniGameCards":[],"viewedAnimatic":false,"keyPoints":[],"unlocked":false,"touchableObjects":[]}],"stackSize":5,"resolved":false},{"challengeScenes":[{"miniGameCards":[],"viewedAnimatic":false,"keyPoints":[],"unlocked":false,"touchableObjects":[]},{"miniGameCards":[],"viewedAnimatic":false,"keyPoints":[],"unlocked":false,"touchableObjects":[]},{"miniGameCards":[],"viewedAnimatic":false,"keyPoints":[],"unlocked":false,"touchableObjects":[]},{"miniGameCards":[],"viewedAnimatic":false,"keyPoints":[],"unlocked":false,"touchableObjects":[]},{"miniGameCards":[],"viewedAnimatic":false,"keyPoints":[],"unlocked":false,"touchableObjects":[]}],"stackSize":5,"resolved":false},{"challengeScenes":[{"miniGameCards":[],"viewedAnimatic":false,"keyPoints":[],"unlocked":true,"touchableObjects":["c_education_G0a0","c_family_afri_a_G0a0","c_player_afri_F_a_G0a0","c_friends_G0a0"]},{"miniGameCards":[],"viewedAnimatic":false,"keyPoints":["c_job_G0a1N","c_home_G0a1N","c_family_afri_a_G0a1N"],"unlocked":true,"touchableObjects":["c_job_G0a1N","c_home_G0a1N","c_family_afri_a_G0a1N"]},{"miniGameCards":[],"viewedAnimatic":false,"keyPoints":["c_Teacher_G0a1P","c_grandma_afri_a_G0a1P","c_kidsister_afri_a_G0a1P","c_dad_afri_a_G0a1P","c_Nurse_G0a1P","c_mom_afri_a_G0a1P"],"unlocked":true,"touchableObjects":["c_Teacher_G0a1P","c_grandma_afri_a_G0a1P","c_kidsister_afri_a_G0a1P","c_dad_afri_a_G0a1P","c_Nurse_G0a1P","c_mom_afri_a_G0a1P"]}],"stackSize":3,"resolved":true}],"sessionId":3,"epilogue":{"rating":3},"playerId":6430001,"session":[{"sceneId":"1P","stackId":12},{"sceneId":"1P","stackId":0},{"sceneId":"1P","stackId":1},{"sceneId":"1N","stackId":1},{"sceneId":"2P","stackId":1},{"sceneId":"1P","stackId":4},{"sceneId":"1N","stackId":4},{"sceneId":"2P","stackId":4}],"minigames":[{"levelSaveData":[{"starRating":3,"unlocked":true},{"starRating":3,"unlocked":true},{"starRating":2,"unlocked":true},{"starRating":0,"unlocked":false},{"starRating":0,"unlocked":false},{"starRating":0,"unlocked":false},{"starRating":0,"unlocked":true},{"starRating":0,"unlocked":false},{"starRating":0,"unlocked":true},{"starRating":0,"unlocked":true}],"skillPoints":8},{"levelSaveData":[{"starRating":3,"unlocked":true},{"starRating":3,"unlocked":true},{"starRating":2,"unlocked":true},{"starRating":0,"unlocked":false},{"starRating":3,"unlocked":true},{"starRating":0,"unlocked":false},{"starRating":0,"unlocked":false},{"starRating":0,"unlocked":false},{"starRating":0,"unlocked":true},{"starRating":0,"unlocked":true}],"skillPoints":11},{"levelSaveData":[{"starRating":3,"unlocked":true},{"starRating":2,"unlocked":true},{"starRating":2,"unlocked":true},{"starRating":2,"unlocked":true},{"starRating":0,"unlocked":false},{"starRating":0,"unlocked":false},{"starRating":0,"unlocked":false},{"starRating":0,"unlocked":false},{"starRating":2,"unlocked":true},{"starRating":0,"unlocked":false}],"skillPoints":11},{"levelSaveData":[{"starRating":3,"unlocked":true},{"starRating":3,"unlocked":true},{"starRating":0,"unlocked":false},{"starRating":0,"unlocked":false},{"starRating":3,"unlocked":true},{"starRating":2,"unlocked":true},{"starRating":3,"unlocked":true},{"starRating":0,"unlocked":false},{"starRating":0,"unlocked":false},{"starRating":0,"unlocked":false}],"skillPoints":14},{"age":12,"name":"solace","gender":1,"levelSaveData":[{"starRating":3,"unlocked":true},{"starRating":3,"chunks":[["1"],["20$$fun ","16$$intelligent"],["0$$family/friends","6$$music/singing","13$$education"],["1"]],"unlocked":true},{"starRating":3,"chunks":[["1"],["0$$sports/lacross","6$$music"],["3$$photographer","6$$makeup guru"]],"unlocked":true},{"starRating":3,"chunks":[["11"],["4"],["15"],["0"],["5","4"],["5"]],"unlocked":true},{"starRating":0,"chunks":[[null],[null],[null,null],[null],[null],[null]],"unlocked":false},{"starRating":0,"chunks":[[null],[null,null,null,null],[null],[null]],"unlocked":false},{"starRating":0,"chunks":[[null],[null],[null,null],[null,null],[null]],"unlocked":true},{"starRating":0,"chunks":[[null,null,null],[null,null,null],[null],[null],[null]],"unlocked":true},{"starRating":0,"chunks":[[null,null,null],[null,null,null],[null,null]],"unlocked":false},{"starRating":0,"chunks":[[null],[null],[null],[null],[null],[null]],"unlocked":false}],"visualAvatar":0,"id":0,"skillPoints":12}],"avatar":{"age":12,"name":"solace","gender":1,"levelSaveData":[{"starRating":3,"unlocked":true},{"starRating":3,"chunks":[["1"],["20$$fun ","16$$intelligent"],["0$$family/friends","6$$music/singing","13$$education"],["1"]],"unlocked":true},{"starRating":3,"chunks":[["1"],["0$$sports/lacross","6$$music"],["3$$photographer","6$$makeup guru"]],"unlocked":true},{"starRating":3,"chunks":[["11"],["4"],["15"],["0"],["5","4"],["5"]],"unlocked":true},{"starRating":0,"chunks":[[null],[null],[null,null],[null],[null],[null]],"unlocked":false},{"starRating":0,"chunks":[[null],[null,null,null,null],[null],[null]],"unlocked":false},{"starRating":0,"chunks":[[null],[null],[null,null],[null,null],[null]],"unlocked":true},{"starRating":0,"chunks":[[null,null,null],[null,null,null],[null],[null],[null]],"unlocked":true},{"starRating":0,"chunks":[[null,null,null],[null,null,null],[null,null]],"unlocked":false},{"starRating":0,"chunks":[[null],[null],[null],[null],[null],[null]],"unlocked":false}],"visualAvatar":0,"id":0,"skillPoints":12}}
