6566001,0,176:21:6,12/5/2013 4:13:57pm
6566001,100,176:21:13,5
6566001,102,176:21:20,5
6566001,200,176:21:20,5,12,15,13,12,18
6566001,210,176:21:22,637,495
6566001,211,176:21:25,877,602
6566001,221,176:21:25,5
6566001,220,176:21:26,5
6566001,210,176:21:28,770,462
6566001,211,176:21:29,309,493
6566001,213,176:21:29,5,s_joint_G9b1N,true
6566001,205,176:21:29,5,s_joint_G9b1N,false,false
6566001,210,176:21:33,412,571
6566001,207,176:21:33,5,-200,0
6566001,211,176:21:35,220,178
6566001,212,176:21:36,1
6566001,210,176:21:36,194,176
6566001,211,176:21:37,188,186
6566001,213,176:21:37,5,c_kidSister_afri_a_G9b1N,true
6566001,205,176:21:37,5,c_kidSister_afri_a_G9b1N,false,false
6566001,210,176:21:43,485,303
6566001,211,176:21:44,394,256
6566001,210,176:21:46,228,402
6566001,211,176:21:51,755,318
6566001,213,176:21:51,5,c_teacherEng_G9b1N,true
6566001,205,176:21:51,5,c_teacherEng_G9b1N,false,true
6566001,210,176:21:54,561,520
6566001,207,176:22:0,5,0,-720
6566001,211,176:22:1,1154,302
6566001,213,176:22:1,5,c_cousin_F_a_G9b1N,true
6566001,205,176:22:1,5,c_cousin_F_a_G9b1N,false,true
6566001,210,176:22:4,1028,503
6566001,211,176:22:6,1371,530
6566001,213,176:22:6,5,s_puddleFloor_G9b1N,true
6566001,210,176:22:8,1616,444
6566001,207,176:22:9,5,-720,-780
6566001,211,176:22:10,1609,500
6566001,213,176:22:10,5,s_coupleOnCouch_G9b1N,true
6566001,210,176:22:18,1806,452
6566001,207,176:22:19,5,-780,-995
6566001,211,176:22:21,1612,616
6566001,213,176:22:21,5,s_boomBox_G9b1N,true
6566001,210,176:22:24,1632,577
6566001,211,176:22:24,1621,580
6566001,210,176:22:25,1611,584
6566001,211,176:22:25,1613,611
6566001,213,176:22:25,5,s_boomBox_G9b1N,true
6566001,210,176:22:27,1855,127
6566001,211,176:22:28,1817,148
6566001,213,176:22:28,5,s_photoCracked_G9b1N,true
6566001,210,176:22:31,1560,621
6566001,211,176:22:32,1616,623
6566001,213,176:22:32,5,s_boomBox_G9b1N,true
6566001,210,176:22:33,1527,562
6566001,211,176:22:37,1455,266
6566001,212,176:22:37,2
6566001,210,176:22:38,1657,228
6566001,211,176:22:41,1854,417
6566001,212,176:22:42,0
6566001,210,176:22:42,1923,128
6566001,207,176:22:46,5,-995,-920
6566001,207,176:22:49,5,-920,-425
6566001,207,176:22:54,5,-425,0
6566001,211,176:23:0,560,232
6566001,212,176:23:0,1
6566001,210,176:23:1,450,266
6566001,211,176:23:1,449,203
6566001,212,176:23:2,2
6566001,210,176:23:3,430,170
6566001,211,176:23:3,426,177
6566001,210,176:23:6,34,93
6566001,207,176:23:17,5,0,-375
6566001,207,176:23:18,5,-375,-495
6566001,211,176:23:20,1226,170
6566001,212,176:23:20,0
6566001,210,176:23:21,1236,99
6566001,211,176:23:21,1215,121
6566001,212,176:23:22,1
6566001,210,176:23:23,1242,194
6566001,211,176:23:24,1223,116
6566001,213,176:23:24,5,s_clock_G9b1N,true
6566001,205,176:23:24,5,s_clock_G9b1N,false,false
6566001,210,176:23:30,1113,405
6566001,207,176:23:34,5,-495,-995
6566001,207,176:23:40,5,-995,-950
6566001,211,176:23:41,1987,121
6566001,207,176:23:41,5,-950,-980
6566001,207,176:23:41,5,-980,-995
6566001,210,176:23:41,1852,182
6566001,211,176:23:42,1810,193
6566001,213,176:23:42,5,s_photoCracked_G9b1N,true
6566001,210,176:23:45,1859,285
6566001,211,176:23:46,1988,148
6566001,213,176:23:46,5,s_pictureDaddark_afri_gen,true
6566001,212,176:23:50,0
6566001,210,176:23:50,1928,305
6566001,211,176:23:51,1909,328
6566001,212,176:23:51,2
6566001,210,176:23:52,1779,327
6566001,211,176:23:54,1539,601
6566001,212,176:23:56,1
6566001,210,176:23:56,1657,615
6566001,211,176:23:58,1617,654
6566001,210,176:24:0,1608,584
6566001,211,176:24:1,1613,609
6566001,213,176:24:1,5,s_boomBox_G9b1N,true
6566001,212,176:24:3,0
6566001,210,176:24:3,1640,559
6566001,211,176:24:6,1490,577
6566001,213,176:24:6,5,s_beerBottle_G9b1N,true
6566001,205,176:24:6,5,s_beerBottle_G9b1N,false,false
6566001,210,176:24:9,1383,558
6566001,211,176:24:11,1378,589
6566001,213,176:24:11,5,s_ashtray_G9b1N,true
6566001,210,176:24:16,1332,615
6566001,211,176:24:27,1649,270
6566001,212,176:24:27,1
6566001,210,176:24:28,1430,295
6566001,211,176:24:29,1503,305
6566001,212,176:24:30,2
6566001,210,176:24:31,1669,257
6566001,211,176:24:32,1689,327
6566001,212,176:24:32,1
6566001,210,176:24:33,1743,358
6566001,211,176:24:33,1694,318
6566001,212,176:24:34,0
6566001,210,176:24:34,1679,323
6566001,211,176:24:36,982,510
6566001,207,176:24:36,5,-995,-965
6566001,212,176:24:37,2
6566001,210,176:24:37,1428,554
6566001,211,176:24:38,1529,578
6566001,212,176:24:39,1
6566001,210,176:24:39,1527,548
6566001,211,176:24:40,1530,601
6566001,212,176:24:40,0
6566001,210,176:24:41,1465,586
6566001,207,176:24:43,5,-965,-515
6566001,207,176:24:45,5,-515,-155
6566001,207,176:24:46,5,-155,-125
6566001,211,176:24:47,318,483
6566001,213,176:24:47,5,s_joint_G9b1N,true
6566001,205,176:24:47,5,s_joint_G9b1N,false,true
6566001,210,176:24:50,743,269
6566001,211,176:24:50,741,271
6566001,212,176:24:51,2
6566001,210,176:24:52,752,235
6566001,211,176:24:52,752,235
6566001,212,176:24:53,0
6566001,212,176:24:54,1
6566001,213,176:24:54,5,c_teacherEng_G9b1N,true
6566001,205,176:24:54,5,c_teacherEng_G9b1N,false,true
6566001,210,176:24:58,386,528
6566001,207,176:24:59,5,-125,0
6566001,211,176:25:2,120,292
6566001,213,176:25:2,5,s_brokenLamp_G9b1N,true
6566001,205,176:25:2,5,s_brokenLamp_G9b1N,false,false
6566001,210,176:25:8,334,480
6566001,211,176:25:9,567,538
6566001,221,176:25:11,5
6566001,220,176:25:13,5
6566001,221,176:25:14,5
6566001,220,176:25:15,5
6566001,221,176:25:20,5
6566001,220,176:25:22,5
6566001,1003,176:25:22,3
6566001,1004,176:25:26,2
6566001,500,176:25:46,2,[]
6566001,501,176:25:59,2,[]
6566001,502,176:26:13,2,[IntentionData_logId:1,false]
6566001,503,176:26:15,2,[]
6566001,504,176:26:18,2,[InfluenceData_logId:0]
6566001,504,176:26:20,2,[InfluenceData_logId:1]
6566001,504,176:26:24,2,[InfluenceData_logId:2]
6566001,504,176:26:30,2,[InfluenceData_logId:2]
6566001,504,176:26:34,2,[InfluenceData_logId:0]
6566001,504,176:26:35,2,[InfluenceData_logId:3]
6566001,504,176:26:38,2,[InfluenceData_logId:5]
6566001,504,176:26:43,2,[InfluenceData_logId:4]
6566001,504,176:26:47,2,[InfluenceData_logId:3]
6566001,504,176:26:47,2,[InfluenceData_logId:6]
6566001,504,176:26:55,2,[InfluenceData_logId:6]
6566001,504,176:27:3,2,[InfluenceData_logId:8]
6566001,504,176:27:8,2,[InfluenceData_logId:7]
6566001,504,176:27:12,2,[InfluenceData_logId:6]
6566001,505,176:27:13,2,[InfluenceData_logId:0,true,InfluenceData_logId:3,true,InfluenceData_logId:6,true]
6566001,506,176:27:14,2,[]
6566001,507,176:27:22,2,[OpponentAttackData_logId:2,OpponentAttackTypeData_logId:3,true,0]
6566001,508,176:27:24,2,[]
6566001,509,176:27:27,2,[RefusalData_logId:4,2]
6566001,510,176:27:29,2,[AvailableRefusalData_logId:4,0A]
6566001,510,176:27:38,2,[AvailableRefusalData_logId:4,0B]
6566001,510,176:27:42,2,[AvailableRefusalData_logId:4,1B]
6566001,510,176:27:53,2,[AvailableRefusalData_logId:4,1A]
6566001,510,176:27:53,2,[AvailableRefusalData_logId:4,2B]
6566001,510,176:27:56,2,[AvailableRefusalData_logId:4,1B]
6566001,511,176:27:56,2,[AvailableRefusalData_logId:4,0B,1B,2B,false,0]
6566001,512,176:27:58,2,[]
6566001,513,176:27:58,2,[30]
6566001,514,176:28:1,2,[]
6566001,507,176:28:9,2,[OpponentAttackData_logId:1,OpponentAttackTypeData_logId:0,false,30]
6566001,508,176:28:10,2,[]
6566001,509,176:28:15,2,[RefusalData_logId:7,0]
6566001,510,176:28:17,2,[AvailableRefusalData_logId:7,0A]
6566001,510,176:28:18,2,[AvailableRefusalData_logId:7,1A]
6566001,510,176:28:20,2,[AvailableRefusalData_logId:7,2A]
6566001,511,176:28:21,2,[AvailableRefusalData_logId:7,0A,1A,2A,true,20]
6566001,512,176:28:23,2,[]
6566001,513,176:28:23,2,[30]
6566001,514,176:28:26,2,[]
6566001,507,176:28:35,2,[OpponentAttackData_logId:0,OpponentAttackTypeData_logId:2,false,30]
6566001,508,176:28:36,2,[]
6566001,509,176:28:40,2,[RefusalData_logId:6,1]
6566001,510,176:28:42,2,[AvailableRefusalData_logId:6,0C]
6566001,510,176:28:43,2,[AvailableRefusalData_logId:6,1A]
6566001,510,176:28:47,2,[AvailableRefusalData_logId:6,0B]
6566001,510,176:28:50,2,[AvailableRefusalData_logId:6,0A]
6566001,510,176:28:51,2,[AvailableRefusalData_logId:6,2A]
6566001,511,176:28:52,2,[AvailableRefusalData_logId:6,0A,1A,2A,true,30]
6566001,512,176:28:55,2,[]
6566001,513,176:28:55,2,[0]
6566001,514,176:28:56,2,[]
6566001,507,176:29:3,2,[OpponentAttackData_logId:3,OpponentAttackTypeData_logId:4,true,0]
6566001,508,176:29:7,2,[]
6566001,509,176:29:21,2,[RefusalData_logId:2,2]
6566001,510,176:29:22,2,[AvailableRefusalData_logId:2,0C]
6566001,510,176:29:25,2,[AvailableRefusalData_logId:2,0A]
6566001,510,176:29:26,2,[AvailableRefusalData_logId:2,1A]
6566001,510,176:29:27,2,[AvailableRefusalData_logId:2,2A]
6566001,510,176:29:28,2,[AvailableRefusalData_logId:2,0B]
6566001,510,176:29:29,2,[AvailableRefusalData_logId:2,1B]
6566001,510,176:29:30,2,[AvailableRefusalData_logId:2,2B]
6566001,510,176:29:30,2,[AvailableRefusalData_logId:2,0C]
6566001,511,176:29:34,2,[AvailableRefusalData_logId:2,0C,1B,2B,false,0]
6566001,512,176:29:36,2,[]
6566001,513,176:29:36,2,[30]
6566001,515,176:29:38,2,[0,50]
6566001,516,176:29:38,2,[]
6566001,517,176:29:39,2,[]
6566001,1000,176:29:40,2,[]
6566001,500,176:29:41,2,[]
6566001,501,176:29:45,2,[]
6566001,502,176:29:52,2,[IntentionData_logId:1,false]
6566001,503,176:29:58,2,[]
6566001,504,176:30:3,2,[InfluenceData_logId:0]
6566001,504,176:30:5,2,[InfluenceData_logId:3]
6566001,504,176:30:6,2,[InfluenceData_logId:4]
6566001,504,176:30:7,2,[InfluenceData_logId:8]
6566001,504,176:30:16,2,[InfluenceData_logId:6]
6566001,505,176:30:25,2,[InfluenceData_logId:0,true,InfluenceData_logId:4,false,InfluenceData_logId:6,true]
6566001,506,176:30:26,2,[]
6566001,507,176:30:32,2,[OpponentAttackData_logId:1,OpponentAttackTypeData_logId:1,true,0]
6566001,508,176:30:36,2,[]
6566001,509,176:30:41,2,[RefusalData_logId:7,0]
6566001,510,176:30:44,2,[AvailableRefusalData_logId:7,0A]
6566001,510,176:30:57,2,[AvailableRefusalData_logId:7,1A]
6566001,510,176:30:58,2,[AvailableRefusalData_logId:7,2A]
6566001,511,176:30:59,2,[AvailableRefusalData_logId:7,0A,1A,2A,true,20]
6566001,512,176:31:2,2,[]
6566001,513,176:31:2,2,[30]
6566001,514,176:31:5,2,[]
6566001,507,176:31:14,2,[OpponentAttackData_logId:2,OpponentAttackTypeData_logId:4,false,30]
6566001,508,176:31:16,2,[]
6566001,509,176:31:22,2,[RefusalData_logId:4,2]
6566001,510,176:31:24,2,[AvailableRefusalData_logId:4,0A]
6566001,510,176:31:25,2,[AvailableRefusalData_logId:4,1C]
6566001,510,176:31:27,2,[AvailableRefusalData_logId:4,0B]
6566001,510,176:31:29,2,[AvailableRefusalData_logId:4,0C]
6566001,510,176:31:31,2,[AvailableRefusalData_logId:4,1A]
6566001,510,176:31:36,2,[AvailableRefusalData_logId:4,0A]
6566001,510,176:31:39,2,[AvailableRefusalData_logId:4,2A]
6566001,511,176:31:39,2,[AvailableRefusalData_logId:4,0A,1A,2A,true,50]
6566001,512,176:31:42,2,[]
6566001,513,176:31:42,2,[0]
6566001,514,176:31:43,2,[]
6566001,507,176:31:49,2,[OpponentAttackData_logId:3,OpponentAttackTypeData_logId:0,false,30]
6566001,508,176:31:50,2,[]
6566001,509,176:31:55,2,[RefusalData_logId:6,1]
6566001,510,176:31:56,2,[AvailableRefusalData_logId:6,0A]
6566001,510,176:31:59,2,[AvailableRefusalData_logId:6,1A]
6566001,510,176:32:1,2,[AvailableRefusalData_logId:6,2A]
6566001,511,176:32:1,2,[AvailableRefusalData_logId:6,0A,1A,2A,true,30]
6566001,512,176:32:4,2,[]
6566001,515,176:32:4,2,[30,0]
6566001,516,176:32:8,2,[]
6566001,517,176:32:11,2,[]
6566001,1005,176:32:11,2,[3,0,1]
6566001,1001,176:32:12,2,[]
6566001,1003,176:32:12,3
6566001,1004,176:32:14,5
6566001,500,176:32:17,5,[]
6566001,1002,176:32:20,5
6566001,1003,176:32:20,3
6566001,1004,176:33:8,5
6566001,500,176:33:43,5,[]
6566001,501,176:33:47,5,[]
6566001,502,176:34:2,5,[IntentionData_logId:2,true]
6566001,503,176:34:3,5,[]
6566001,504,176:34:7,5,[InfluenceData_logId:2]
6566001,504,176:34:12,5,[InfluenceData_logId:0]
6566001,504,176:34:16,5,[InfluenceData_logId:1]
6566001,504,176:34:19,5,[InfluenceData_logId:1]
6566001,504,176:34:56,5,[InfluenceData_logId:1]
6566001,504,176:35:8,5,[InfluenceData_logId:1]
6566001,504,176:35:11,5,[InfluenceData_logId:2]
6566001,504,176:35:12,5,[InfluenceData_logId:5]
6566001,504,176:35:14,5,[InfluenceData_logId:4]
6566001,504,176:35:17,5,[InfluenceData_logId:4]
6566001,504,176:35:21,5,[InfluenceData_logId:4]
6566001,504,176:35:36,5,[InfluenceData_logId:4]
6566001,504,176:36:6,5,[InfluenceData_logId:4]
6566001,504,176:36:43,5,[InfluenceData_logId:3]
6566001,504,176:36:47,5,[InfluenceData_logId:3]
6566001,504,176:37:9,5,[InfluenceData_logId:5]
6566001,504,176:37:10,5,[InfluenceData_logId:6]
6566001,504,176:37:21,5,[InfluenceData_logId:6]
6566001,504,176:37:25,5,[InfluenceData_logId:7]
6566001,504,176:37:29,5,[InfluenceData_logId:7]
6566001,504,176:37:31,5,[InfluenceData_logId:7]
6566001,504,176:37:32,5,[InfluenceData_logId:7]
6566001,504,176:37:32,5,[InfluenceData_logId:7]
6566001,504,176:37:32,5,[InfluenceData_logId:7]
6566001,504,176:37:32,5,[InfluenceData_logId:7]
6566001,504,176:37:32,5,[InfluenceData_logId:7]
6566001,504,176:37:33,5,[InfluenceData_logId:7]
6566001,504,176:37:33,5,[InfluenceData_logId:7]
6566001,504,176:37:33,5,[InfluenceData_logId:7]
6566001,504,176:37:33,5,[InfluenceData_logId:7]
6566001,504,176:37:34,5,[InfluenceData_logId:6]
6566001,504,176:37:35,5,[InfluenceData_logId:7]
6566001,504,176:37:38,5,[InfluenceData_logId:8]
6566001,504,176:37:46,5,[InfluenceData_logId:7]
6566001,504,176:37:49,5,[InfluenceData_logId:6]
6566001,505,176:37:50,5,[InfluenceData_logId:2,true,InfluenceData_logId:5,true,InfluenceData_logId:6,true]
6566001,506,176:37:51,5,[]
6566001,507,176:37:58,5,[OpponentAttackData_logId:1,OpponentAttackTypeData_logId:2,false,30]
6566001,1002,176:38:2,5
6566001,1003,176:38:2,3
6566001,1004,176:38:3,5
6566001,500,176:38:4,5,[]
6566001,501,176:38:10,5,[]
6566001,502,176:38:13,5,[IntentionData_logId:2,true]
6566001,503,176:38:13,5,[]
6566001,504,176:38:15,5,[InfluenceData_logId:2]
6566001,504,176:38:16,5,[InfluenceData_logId:4]
6566001,504,176:38:17,5,[InfluenceData_logId:5]
6566001,504,176:38:18,5,[InfluenceData_logId:3]
6566001,504,176:38:19,5,[InfluenceData_logId:5]
6566001,504,176:38:20,5,[InfluenceData_logId:7]
6566001,504,176:38:21,5,[InfluenceData_logId:8]
6566001,504,176:38:22,5,[InfluenceData_logId:6]
6566001,505,176:38:23,5,[InfluenceData_logId:2,true,InfluenceData_logId:5,true,InfluenceData_logId:6,true]
6566001,506,176:38:24,5,[]
6566001,507,176:38:40,5,[OpponentAttackData_logId:0,OpponentAttackTypeData_logId:0,false,30]
6566001,508,176:38:42,5,[]
6566001,1002,176:38:43,5
6566001,1003,176:38:43,3
6566001,1004,176:38:44,5
6566001,500,176:38:46,5,[]
6566001,501,176:38:47,5,[]
6566001,502,176:38:51,5,[IntentionData_logId:2,true]
6566001,503,176:38:52,5,[]
6566001,504,176:38:54,5,[InfluenceData_logId:1]
6566001,504,176:38:54,5,[InfluenceData_logId:0]
6566001,504,176:38:54,5,[InfluenceData_logId:2]
6566001,504,176:38:55,5,[InfluenceData_logId:5]
6566001,504,176:38:56,5,[InfluenceData_logId:7]
6566001,504,176:38:56,5,[InfluenceData_logId:6]
6566001,505,176:38:57,5,[InfluenceData_logId:2,true,InfluenceData_logId:5,true,InfluenceData_logId:6,true]
6566001,506,176:38:59,5,[]
6566001,507,176:39:12,5,[OpponentAttackData_logId:3,OpponentAttackTypeData_logId:4,false,30]
6566001,508,176:39:13,5,[]
6566001,509,176:39:18,5,[RefusalData_logId:7,0]
6566001,510,176:39:21,5,[AvailableRefusalData_logId:7,0A]
6566001,510,176:39:23,5,[AvailableRefusalData_logId:7,1A]
6566001,510,176:39:25,5,[AvailableRefusalData_logId:7,2A]
6566001,511,176:39:25,5,[AvailableRefusalData_logId:7,0A,1A,2A,true,20]
6566001,512,176:39:28,5,[]
6566001,513,176:39:28,5,[30]
6566001,514,176:39:30,5,[]
6566001,507,176:39:34,5,[OpponentAttackData_logId:1,OpponentAttackTypeData_logId:0,true,0]
6566001,508,176:39:36,5,[]
6566001,509,176:39:40,5,[RefusalData_logId:6,1]
6566001,510,176:39:42,5,[AvailableRefusalData_logId:6,0A]
6566001,510,176:39:43,5,[AvailableRefusalData_logId:6,0C]
6566001,510,176:39:43,5,[AvailableRefusalData_logId:6,1C]
6566001,510,176:39:45,5,[AvailableRefusalData_logId:6,0A]
6566001,510,176:39:48,5,[AvailableRefusalData_logId:6,1A]
6566001,510,176:39:52,5,[AvailableRefusalData_logId:6,2A]
6566001,511,176:39:53,5,[AvailableRefusalData_logId:6,0A,1A,2A,true,30]
6566001,512,176:39:55,5,[]
6566001,513,176:39:55,5,[0]
6566001,514,176:39:56,5,[]
6566001,507,176:40:2,5,[OpponentAttackData_logId:2,OpponentAttackTypeData_logId:2,true,0]
6566001,508,176:40:4,5,[]
6566001,509,176:40:8,5,[RefusalData_logId:4,2]
6566001,510,176:40:10,5,[AvailableRefusalData_logId:4,0C]
6566001,510,176:40:14,5,[AvailableRefusalData_logId:4,0B]
6566001,510,176:40:15,5,[AvailableRefusalData_logId:4,1B]
6566001,510,176:40:16,5,[AvailableRefusalData_logId:4,2B]
6566001,510,176:40:17,5,[AvailableRefusalData_logId:4,0A]
6566001,510,176:40:19,5,[AvailableRefusalData_logId:4,1A]
6566001,510,176:40:20,5,[AvailableRefusalData_logId:4,2A]
6566001,511,176:40:20,5,[AvailableRefusalData_logId:4,0A,1A,2A,true,50]
6566001,512,176:40:23,5,[]
6566001,515,176:40:23,5,[90,0]
6566001,516,176:40:23,5,[]
6566001,517,176:40:24,5,[]
6566001,1005,176:40:24,5,[3,0,2]
6566001,1001,176:40:25,5,[]
6566001,1003,176:40:25,3
6566001,1004,176:40:26,6
6566001,500,176:40:28,6,[]
6566001,1002,176:40:31,6
6566001,1003,176:40:31,3
6566001,1004,176:40:32,6
6566001,500,176:40:50,6,[]
6566001,501,176:40:54,6,[]
6566001,502,176:42:34,6,[IntentionData_logId:4,true]
6566001,503,176:42:35,6,[]
6566001,504,176:42:37,6,[InfluenceData_logId:0]
6566001,504,176:42:50,6,[InfluenceData_logId:0]
6566001,504,176:42:53,6,[InfluenceData_logId:0]
6566001,504,176:42:57,6,[InfluenceData_logId:2]
6566001,504,176:43:0,6,[InfluenceData_logId:1]
6566001,504,176:43:4,6,[InfluenceData_logId:1]
6566001,504,176:43:6,6,[InfluenceData_logId:0]
6566001,504,176:43:7,6,[InfluenceData_logId:1]
6566001,504,176:43:10,6,[InfluenceData_logId:1]
6566001,504,176:43:13,6,[InfluenceData_logId:0]
6566001,504,176:43:14,6,[InfluenceData_logId:3]
6566001,504,176:43:18,6,[InfluenceData_logId:5]
6566001,504,176:43:22,6,[InfluenceData_logId:4]
6566001,504,176:43:27,6,[InfluenceData_logId:3]
6566001,504,176:43:30,6,[InfluenceData_logId:8]
6566001,504,176:43:36,6,[InfluenceData_logId:8]
6566001,504,176:43:37,6,[InfluenceData_logId:8]
6566001,504,176:43:38,6,[InfluenceData_logId:8]
6566001,504,176:43:38,6,[InfluenceData_logId:8]
6566001,504,176:43:38,6,[InfluenceData_logId:8]
6566001,504,176:43:45,6,[InfluenceData_logId:7]
6566001,504,176:43:50,6,[InfluenceData_logId:6]
6566001,504,176:44:1,6,[InfluenceData_logId:8]
6566001,505,176:44:2,6,[InfluenceData_logId:0,false,InfluenceData_logId:3,true,InfluenceData_logId:8,true]
6566001,506,176:44:5,6,[]
6566001,507,176:44:14,6,[OpponentAttackData_logId:3,OpponentAttackTypeData_logId:3,true,0]
6566001,1002,176:45:12,6
6566001,1003,176:45:12,3
6566001,1004,176:45:12,6
6566001,500,176:45:19,6,[]
6566001,501,176:45:21,6,[]
6566001,502,176:45:24,6,[IntentionData_logId:4,true]
6566001,503,176:45:25,6,[]
6566001,504,176:45:30,6,[InfluenceData_logId:2]
6566001,504,176:45:32,6,[InfluenceData_logId:1]
6566001,504,176:45:32,6,[InfluenceData_logId:4]
6566001,504,176:45:33,6,[InfluenceData_logId:5]
6566001,504,176:45:34,6,[InfluenceData_logId:3]
6566001,504,176:45:34,6,[InfluenceData_logId:5]
6566001,504,176:45:35,6,[InfluenceData_logId:4]
6566001,504,176:45:35,6,[InfluenceData_logId:5]
6566001,504,176:45:35,6,[InfluenceData_logId:3]
6566001,504,176:45:36,6,[InfluenceData_logId:8]
6566001,505,176:45:38,6,[InfluenceData_logId:1,true,InfluenceData_logId:3,true,InfluenceData_logId:8,true]
6566001,506,176:46:6,6,[]
6566001,507,176:46:21,6,[OpponentAttackData_logId:1,OpponentAttackTypeData_logId:0,false,30]
6566001,508,176:46:23,6,[]
6566001,509,176:46:35,6,[RefusalData_logId:0,2]
6566001,510,176:46:36,6,[AvailableRefusalData_logId:0,0C]
6566001,510,176:46:38,6,[AvailableRefusalData_logId:0,0A]
6566001,510,176:46:38,6,[AvailableRefusalData_logId:0,1A]
6566001,510,176:46:40,6,[AvailableRefusalData_logId:0,2A]
6566001,511,176:46:41,6,[AvailableRefusalData_logId:0,0A,1A,2A,true,50]
6566001,512,176:46:44,6,[]
6566001,513,176:46:44,6,[0]
6566001,514,176:46:45,6,[]
6566001,507,176:46:50,6,[OpponentAttackData_logId:2,OpponentAttackTypeData_logId:4,true,0]
6566001,508,176:46:55,6,[]
6566001,509,176:47:2,6,[RefusalData_logId:9,2]
6566001,510,176:47:3,6,[AvailableRefusalData_logId:9,0A]
6566001,510,176:47:6,6,[AvailableRefusalData_logId:9,1A]
6566001,510,176:47:9,6,[AvailableRefusalData_logId:9,2A]
6566001,511,176:47:10,6,[AvailableRefusalData_logId:9,0A,1A,2A,true,50]
6566001,512,176:47:13,6,[]
6566001,515,176:47:13,6,[120,0]
6566001,516,176:47:17,6,[]
6566001,517,176:47:23,6,[]
6566001,1005,176:47:23,6,[3,0,3]
6566001,1001,176:47:37,6,[]
6566001,1003,176:47:37,3
6566001,221,176:47:44,5
6566001,300,176:47:46
6566001,220,176:47:46,5
6566001,301,176:47:50,4
6566001,302,176:48:0,4,2,0,8
6566001,303,176:48:2,4,2,0,8
6566001,304,176:48:37,4,2,0,-1,,8,HAWAII
6566001,302,176:48:43,4,1,0,5
6566001,302,176:48:55,4,1,0,8
6566001,302,176:49:3,4,1,0,5
6566001,302,176:49:6,4,1,0,0
6566001,302,176:49:7,4,1,0,1
6566001,304,176:49:8,4,1,0,-1,,1,
6566001,302,176:49:15,4,0,0,8
6566001,302,176:49:20,4,0,0,0
6566001,302,176:49:21,4,0,0,1
6566001,302,176:49:23,4,0,0,6
6566001,306,176:49:23,4,0,1
6566001,304,176:49:23,4,0,0,-1,,6,
6566001,302,176:49:29,4,1,1,4
6566001,304,176:49:30,4,1,1,-1,,4,
6566001,302,176:49:35,4,1,2,4
6566001,306,176:49:36,4,1,2
6566001,304,176:49:36,4,1,2,-1,,4,
6566001,302,176:49:42,4,1,3,1
6566001,304,176:49:43,4,1,3,-1,,1,
6566001,302,176:49:48,4,3,0,4
6566001,302,176:49:56,4,3,0,0
6566001,303,176:49:58,4,3,0,0
6566001,306,176:50:11,4,2,3
6566001,304,176:50:11,4,3,0,-1,,0,MALL
6566001,221,176:50:14,5
6566001,300,176:50:15
6566001,220,176:50:15,5
6566001,301,176:50:17,5
6566001,302,176:50:28,5,4,0,5
6566001,302,176:50:46,5,4,0,8
6566001,302,176:50:53,5,4,0,11
6566001,302,176:51:5,5,4,0,7
6566001,302,176:51:11,5,4,0,1
6566001,303,176:51:19,5,4,0,1
6566001,304,176:51:39,5,4,0,-1,,1,TOGETHER FOREV
6566001,302,176:51:54,5,2,1,5
6566001,302,176:51:55,5,2,1,8
6566001,302,176:51:58,5,2,1,14
6566001,302,176:52:0,5,2,1,20
6566001,302,176:52:5,5,2,1,11
6566001,302,176:52:7,5,2,1,8
6566001,302,176:52:8,5,2,1,5
6566001,303,176:52:19,5,2,1,5
6566001,304,176:52:26,5,2,1,-1,,5,MY CHILD
6566001,302,176:53:6,5,2,0,8
6566001,302,176:53:7,5,2,0,7
6566001,303,176:53:17,5,2,0,7
6566001,302,176:53:25,5,2,0,10
6566001,302,176:53:26,5,2,0,8
6566001,302,176:53:27,5,2,0,5
6566001,302,176:53:28,5,2,0,2
6566001,306,176:53:35,5,0,1
6566001,304,176:53:35,5,2,0,-1,,2,MYSELF
6566001,302,176:53:43,5,0,0,2
6566001,304,176:53:44,5,0,0,-1,,2,
6566001,305,176:53:48,5,1,0,-1,
6566001,302,176:53:51,5,1,0,0
6566001,306,176:53:52,5,1,2
6566001,304,176:53:52,5,1,0,-1,,0,
6566001,302,176:54:2,5,3,0,2
6566001,304,176:54:3,5,3,0,-1,,2,
6566001,302,176:54:7,5,3,1,2
6566001,306,176:54:8,5,2,3
6566001,304,176:54:8,5,3,1,-1,,2,
6566001,221,176:54:13,5
6566001,220,176:54:14,5
6566001,219,176:54:14,5
6566001,216,176:54:15,Stack_G9b1P
6566001,217,176:54:25,Stack_G9b1P,9.5,0.00
6566001,218,176:54:26,5
6566001,210,176:54:27,1019,435
6566001,211,176:54:28,1014,342
6566001,213,176:54:28,5,c_bestFriend_F_a_G9b1P,true
6566001,205,176:54:28,5,c_bestFriend_F_a_G9b1P,false,false
6566001,210,176:54:33,387,536
6566001,211,176:54:33,365,565
6566001,213,176:54:33,5,c_kidSister_afri_a_G9b1P,true
6566001,210,176:54:36,753,356
6566001,211,176:54:36,759,309
6566001,213,176:54:36,5,c_friend1_F_a_G9b1P,true
6566001,205,176:54:36,5,c_friend1_F_a_G9b1P,false,false
6566001,210,176:54:40,735,350
6566001,211,176:54:41,713,268
6566001,213,176:54:41,5,s_door_G9b1P,true
6566001,210,176:54:46,764,306
6566001,207,176:54:49,5,-200,0
6566001,211,176:54:53,1231,358
6566001,207,176:54:53,5,0,-225
6566001,207,176:54:54,5,-225,-285
6566001,210,176:54:54,1239,372
6566001,207,176:54:55,5,-285,-885
6566001,211,176:54:57,1649,450
6566001,213,176:54:57,5,c_crush1_F_a_G9b1P,true
6566001,205,176:54:57,5,c_crush1_F_a_G9b1P,false,false
6566001,210,176:55:1,1817,464
6566001,211,176:55:2,1775,559
6566001,213,176:55:2,5,s_beerBottle_G9b1P,true
6566001,210,176:55:7,1420,304
6566001,211,176:55:9,1832,198
6566001,213,176:55:9,5,s_pictureMomdark_afri_G9b1P,true
6566001,205,176:55:9,5,s_pictureMomdark_afri_G9b1P,false,false
6566001,210,176:55:12,1645,306
6566001,207,176:55:13,5,-885,-995
6566001,211,176:55:15,1826,331
6566001,212,176:55:15,0
6566001,210,176:55:16,1707,338
6566001,211,176:55:19,1378,331
6566001,213,176:55:19,5,c_cousin_F_a_G9b1P,true
6566001,205,176:55:19,5,c_cousin_F_a_G9b1P,false,false
6566001,210,176:55:24,1786,436
6566001,211,176:55:27,1864,470
6566001,212,176:55:27,2
6566001,210,176:55:28,1870,462
6566001,211,176:55:29,1854,513
6566001,212,176:55:29,1
6566001,210,176:55:30,1785,484
6566001,211,176:55:30,1845,489
6566001,212,176:55:30,0
6566001,210,176:55:31,1810,485
6566001,211,176:55:31,1840,470
6566001,212,176:55:33,2
6566001,210,176:55:33,1964,113
6566001,211,176:55:34,1966,119
6566001,213,176:55:34,5,s_pictureDaddark_afri_gen,true
6566001,205,176:55:34,5,s_pictureDaddark_afri_gen,false,false
6566001,210,176:55:37,1602,250
6566001,211,176:55:38,1488,254
6566001,213,176:55:38,5,s_kidsGroupKitchen_G9b1P,true
6566001,205,176:55:38,5,s_kidsGroupKitchen_G9b1P,false,false
6566001,221,176:55:52,5
6566001,220,176:55:57,5
6566001,219,176:55:59,5
6566001,216,176:56:0,Stack_G9b2N
6566001,217,176:56:29,Stack_G9b2N,12,0.00
6566001,216,176:56:30,Stack_G9b2N
6566001,217,176:56:53,Stack_G9b2N,12,0.00
6566001,218,176:56:55,5
6566001,204,176:56:57,5
6566001,103,176:56:59
6566001,105,176:57:0
6566001,703,176:57:1,[|| EpilogueItem ID: 0 unlocked: true ||,|| EpilogueItem ID: 1 unlocked: true ||,|| EpilogueItem ID: 2 unlocked: true ||,|| EpilogueItem ID: 3 unlocked: true ||,|| EpilogueItem ID: 4 unlocked: true ||,|| EpilogueItem ID: 5 unlocked: false ||,|| EpilogueItem ID: 6 unlocked: false ||,|| EpilogueItem ID: 7 unlocked: false ||,|| EpilogueItem ID: 8 unlocked: false ||,|| EpilogueItem ID: 9 unlocked: false ||,|| EpilogueItem ID: 10 unlocked: false ||,|| EpilogueItem ID: 11 unlocked: false ||,|| EpilogueItem ID: 12 unlocked: false ||,|| EpilogueItem ID: 13 unlocked: true ||,|| EpilogueItem ID: 14 unlocked: false ||,|| EpilogueItem ID: 15 unlocked: false ||,|| EpilogueItem ID: 16 unlocked: false ||,|| EpilogueItem ID: 17 unlocked: false ||,|| EpilogueItem ID: 18 unlocked: false ||,|| EpilogueItem ID: 19 unlocked: false ||,|| EpilogueItem ID: 20 unlocked: false ||,|| EpilogueItem ID: 21 unlocked: false ||,|| EpilogueItem ID: 22 unlocked: false ||,|| EpilogueItem ID: 23 unlocked: false ||,|| EpilogueItem ID: 24 unlocked: false ||],0.24
6566001,706,176:57:2,(x=1294, y=-100, w=1024, h=768),(x=2531, y=-100, w=1024, h=768)
6566001,706,176:57:3,(x=2531, y=-100, w=1024, h=768),(x=2531, y=-100, w=1024, h=768)
6566001,708,176:57:3
6566001,1,176:57:3,12/5/2013 4:49:55pm,{"gameTime":637023920,"challengeStacks":[{"challengeScenes":[{"miniGameCards":[],"viewedAnimatic":true,"keyPoints":["c_bestFriend_F_a_G7a0","c_teacherEng_G7a0","s_flag_gen"],"unlocked":true,"touchableObjects":["s_otherStudent1_G7a0","c_crewKid1_F_G7a0","c_friend1_F_a_G7a0","s_vocabAssignment_G7a0","s_doorClassroom_G7a0","s_shakespearePoster_gen","s_atwoodPoster_gen","s_angelouPoster_gen","s_poePoster_gen","s_clock_G7a0","c_bestFriend_F_a_G7a0","c_teacherEng_G7a0","s_flag_gen"]},{"miniGameCards":[],"viewedAnimatic":true,"keyPoints":["c_teacherEng_G7a1N","c_bestFriend_F_a_G7a1N","s_paperPlayers_G7a1N"],"unlocked":true,"touchableObjects":["s_otherStudent1_G7a1N","s_otherStudent2_G7a1N","c_crewKid1_F_G7a1N","c_teacherEng_G7a1N","c_bestFriend_F_a_G7a1N","s_poePoster_gen","s_shakespearePoster_gen","s_angelouPoster_gen","s_atwoodPoster_gen","s_posterPlagiarism_gen","s_flag_gen","s_paperPlayers_G7a1N"]},{"miniGameCards":[],"viewedAnimatic":true,"keyPoints":["c_teacherEng_G7a1P","s_flag_gen","c_bestFriend_F_a_G7a1P","s_paperEnglish_gen"],"unlocked":true,"touchableObjects":["c_teacherEng_G7a1P","s_clock_G7a1P","s_poePoster_gen","s_shakespearePoster_gen","s_angelouPoster_gen","s_atwoodPoster_gen","s_paperPlayers_G7a1P","s_flag_gen","c_bestFriend_F_a_G7a1P","s_papersDetention_gen","s_paperEnglish_gen"]}],"stackSize":3,"resolved":true},{"challengeScenes":[{"miniGameCards":[],"viewedAnimatic":true,"keyPoints":["s_backpack_F_G7b0","c_kidSister_afri_a_G7b0","c_crewKid1_F_G7b0"],"unlocked":true,"touchableObjects":["c_crewKid2_F_G7b0","c_cousinsBrother_a_G7b0","s_lifeguard_G7b0","s_backpack_F_G7b0","c_cousinsBrothersFriend_a_G7b0","c_kidSister_afri_a_G7b0","c_cousin_F_a_G7b0","c_crewKid1_F_G7b0","s_snackBarWorker_G7b0","c_cousinsBrothersFriendsGF_G7b0"]},{"miniGameCards":[],"viewedAnimatic":true,"keyPoints":["s_brokenCarWindow_G7b1N","s_graffiti_G7b1N","s_sprayPaintCan_G7b1N","c_kidSister_afri_a_G7b1N","c_crewKid1_F_G7b1N"],"unlocked":true,"touchableObjects":["c_policeOfficer_G7b1N","c_teacherEng_G7b1N","c_cousin_F_a_G7b1N","s_brokenCarWindow_G7b1N","c_crewKid2_F_a_G7b1N","s_cat_G7b1N","s_graffiti_G7b1N","s_sprayPaintCan_G7b1N","s_flag_G7b1N","c_kidSister_afri_a_G7b1N","s_wreckedPlants_G7b1N","c_crewKid1_F_G7b1N"]},{"miniGameCards":[],"viewedAnimatic":true,"keyPoints":["c_cousinsBrother_a_G7b1P","c_cousin_F_a_G7b1P","c_cousinsBrothersFriend_a_G7b1P","s_poolDay_ruleSign_G7b1P"],"unlocked":true,"touchableObjects":["c_kidSister_afri_a_G7b1P","c_crush1_F_a_G7b1P","c_cousinsBrother_a_G7b1P","c_cousin_F_a_G7b1P","c_cousinsBrothersFriend_a_G7b1P","s_poolDay_ruleSign_G7b1P"]},{"miniGameCards":[],"viewedAnimatic":true,"keyPoints":["c_cousin_F_a_G7b2N","c_kidSister_afri_a_G7b2N","s_kid1_G7b2N","c_crush1_F_a_G7b2N"],"unlocked":true,"touchableObjects":["c_cousin_F_a_G7b2N","c_kidSister_afri_a_G7b2N","s_kidPool1_G7b2N","s_kidPool2_G7b2N","s_lifeguard_G7b2N","s_kid1_G7b2N","c_cousinsBrother_a_G7b2N","s_cousinsBFgirlfriend_G7b2N","c_crush1_F_a_G7b2N"]},{"miniGameCards":[],"viewedAnimatic":true,"keyPoints":["s_pictureDad_afri_F_gen","c_kidSister_afri_a_G7b2P","s_computer_F_G7b2P","c_cousin_F_a_G7b2P"],"unlocked":true,"touchableObjects":["s_closet_F_G7b2P","s_pictureDad_afri_F_gen","c_kidSister_afri_a_G7b2P","s_calendar_F_gen","c_grandma_afri_a_G7b2P","s_computer_F_G7b2P","c_cousin_F_a_G7b2P"]}],"stackSize":5,"resolved":true},{"challengeScenes":[{"miniGameCards":[],"viewedAnimatic":true,"keyPoints":["c_crush2_F_a_G8a0","c_cousin_F_a_G8a0","s_cellphone_G8a0","s_clock_G8a0","s_bottleCrush2_F_G8a0"],"unlocked":true,"touchableObjects":["c_crush2_F_a_G8a0","c_friend1_F_G8a0","c_cousin_F_a_G8a0","s_beerSixpack_G8a0","s_cigaretteKid1_G8a0","s_stairs_G8a0","s_beerCooler_G8a0","c_crewKid1_F_a_G8a0","s_bottleTable_G8a0","s_cellphone_G8a0","s_clock_G8a0","s_bottleFloor_G8a0","s_bottleCrush2_F_G8a0"]},{"miniGameCards":[],"viewedAnimatic":true,"keyPoints":["s_crush2Lips_F_G8a1N","s_crush2Eyes_F_G8a1N","s_basementDoor_gen","s_dirtyClothes_gen","s_crush2Sore_F_G8a1N"],"unlocked":true,"touchableObjects":["c_crush2_F_a_G8a1N","s_dryer_G8a1N","s_waterHeater_gen","s_stairs_G8a1N","s_inhalantsShelf_gen","s_crush2Lips_F_G8a1N","s_crush2Eyes_F_G8a1N","s_basementDoor_gen","s_dirtyClothes_gen","s_crush2Sore_F_G8a1N"]},{"miniGameCards":[],"viewedAnimatic":true,"keyPoints":["c_crush2_F_a_G8a1P","s_inhalantsShelf_gen","s_dirtyClothes_gen","s_basementDoor_gen"],"unlocked":true,"touchableObjects":["s_spraypaintCrush2_F_G8a1P","c_crush2_F_a_G8a1P","s_waterHeater_gen","s_inhalantsShelf_gen","s_dirtyClothes_gen","s_basementDoor_gen"]},{"miniGameCards":[],"viewedAnimatic":true,"keyPoints":["c_crush2_F_a_G8a2N","s_spraypaintCan_G8a2N"],"unlocked":true,"touchableObjects":["c_friend1_F_a_G8a2N","c_crush2_F_a_G8a2N","s_fumes_G8a2N","s_spraypaintCan_G8a2N"]},{"miniGameCards":[],"viewedAnimatic":true,"keyPoints":["s_pictureDad_afri_gen","c_kidSister_afri_a_G8a2P","s_magazine_G8a2P","s_sistersToy_G8a2P","c_crush2_F_a_G8a2P"],"unlocked":true,"touchableObjects":["s_cigarette_G8a2P","s_pictureDad_afri_gen","s_teaCup_G8a2P","s_videoGame_G8a2P","c_kidSister_afri_a_G8a2P","s_stairs_G8a2P","s_magazine_G8a2P","s_sistersToy_G8a2P","c_crush2_F_a_G8a2P"]},{"miniGameCards":[],"viewedAnimatic":true,"keyPoints":["s_mirror_afri_F_a_G8a3N","c_nurse_a_G8a3N","s_pamphlet3_G8a3N","s_pamphlet1_G8a3N"],"unlocked":true,"touchableObjects":["s_poster_G8a3N","s_phone_G8a3N","s_door_G8a3N","s_mirror_afri_F_a_G8a3N","c_nurse_a_G8a3N","s_pamphlet3_G8a3N","s_pamphlet1_G8a3N"]},{"miniGameCards":[],"viewedAnimatic":true,"keyPoints":["c_crush2_F_a_G8a3P","s_kidsCouch_G8a3P"],"unlocked":true,"touchableObjects":["c_crush2_F_a_G8a3P","c_cousin_F_a_G8a3P","s_kidsCouch_G8a3P","s_window_G8a3P","c_crewKid1_F_a_G8a3P","c_friend1_F_a_G8a3P"]}],"stackSize":7,"resolved":true},{"challengeScenes":[{"miniGameCards":[],"viewedAnimatic":true,"keyPoints":["c_friend1_F_a_G8b0","s_pillBottle_G8b0","c_kidSister_afri_a_G8b0"],"unlocked":true,"touchableObjects":["c_friend1_F_a_G8b0","c_grandma_afri_a_G8b0","s_pillBottle_G8b0","s_cigarette_G8b0","s_pictureDad_afri_gen","s_pictureMom_afri_gen","c_kidSister_afri_a_G8b0"]},{"miniGameCards":[],"viewedAnimatic":true,"keyPoints":["c_friend1_F_a_G8b1N","c_kidSister_afri_a_G8b1N","c_grandma_afri_a_G8b1N"],"unlocked":true,"touchableObjects":["c_friend1_F_a_G8b1N","c_kidSister_afri_a_G8b1N","s_pillBottle_G8b1N","c_grandma_afri_a_G8b1N"]},{"miniGameCards":[],"viewedAnimatic":true,"keyPoints":["s_pillBottle_F_G8b1P","c_grandma_afri_a_G8b1P","c_friend1_F_a_G8b1P"],"unlocked":true,"touchableObjects":["s_pillBottle_F_G8b1P","s_tvGuide_G8b1P","c_grandma_afri_a_G8b1P","c_kidSister_afri_a_G8b1P","c_friend1_F_a_G8b1P"]},{"miniGameCards":[],"viewedAnimatic":true,"keyPoints":["s_sandwichBagPills_G8b2N","c_teacherEng_G8b2N","c_crewKid2_F_a_G8b2N","s_clock_G8b2N","c_friend1_F_a_G8b2N"],"unlocked":true,"touchableObjects":["s_kid2_G8b2N","s_kid5_G8b2N","s_camera_gen","s_sandwichBagPills_G8b2N","s_kid3_G8b2N","c_teacherEng_G8b2N","s_kid4_G8b2N","c_crewKid2_F_a_G8b2N","s_clock_G8b2N","c_friend1_F_a_G8b2N"]},{"miniGameCards":[],"viewedAnimatic":true,"keyPoints":["c_friend1_F_a_G8b2P","s_pillBottle_G8b2P","c_grandma_afri_a_G8b2P"],"unlocked":true,"touchableObjects":["c_friend1_F_a_G8b2P","s_videoGameScreen_G8b2P","c_mom_afri_a_G8b2P","c_kidSister_afri_a_G8b2P","s_pillBottle_G8b2P","c_grandma_afri_a_G8b2P"]}],"stackSize":5,"resolved":true},{"challengeScenes":[{"miniGameCards":[],"viewedAnimatic":true,"keyPoints":["s_bathingSuit_F_G9a0","s_door_F_gen","s_cellPhone_F_G9a0","s_clock_F_G9a0"],"unlocked":true,"touchableObjects":["s_calendar_F_gen","s_bathingSuit_F_G9a0","s_window_F_G9a0","s_door_F_gen","s_cellPhone_F_G9a0","s_clock_F_G9a0"]},{"miniGameCards":[],"viewedAnimatic":true,"keyPoints":["c_policeOfficer_G9a1N","s_kid3_G9a1N","s_fence_G9a1N","c_cousin_F_a_G9a1N"],"unlocked":true,"touchableObjects":["c_cousinsBrothersFriend_a_G9a1N","c_policeOfficer_G9a1N","s_kid4_G9a1N","s_kid3_G9a1N","s_poolNight_ruleSign_G9a1N","s_potSmokeCloud_G9a1N","s_policeCar_G9a1N","s_fence_G9a1N","c_cousin_F_a_G9a1N","s_bathingSuits_G9a1N"]},{"miniGameCards":[],"viewedAnimatic":true,"keyPoints":["c_cousin_F_a_G9a1P","s_calendar_F_gen","s_door_F_gen","s_poster_F_gen","s_joint_F_G9a1P"],"unlocked":true,"touchableObjects":["c_cousin_F_a_G9a1P","s_calendar_F_gen","s_computer_F_gen","s_door_F_gen","s_poster_F_gen","s_joint_F_G9a1P"]},{"miniGameCards":[],"viewedAnimatic":true,"keyPoints":["c_kidSister_afri_a_G9a2N","c_cousin_F_a_G9a2N","c_mom_afri_a_G9a2N","s_potSmokeCloud_F_G9a2N","s_pictureDad_afri_F_gen"],"unlocked":true,"touchableObjects":["s_cookieTrayEmpty_F_G9a2N","c_kidSister_afri_a_G9a2N","c_cousin_F_a_G9a2N","c_mom_afri_a_G9a2N","s_potSmokeCloud_F_G9a2N","s_pictureDad_afri_F_gen"]},{"miniGameCards":[],"viewedAnimatic":true,"keyPoints":["c_mom_afri_a_G9a2P","c_cousin_F_a_G9a2P","s_pizzaBox_G9a2P","s_door_gen"],"unlocked":true,"touchableObjects":["c_kidSister_afri_a_G9a2P","c_mom_afri_a_G9a2P","c_cousin_F_a_G9a2P","c_grandma_afri_a_G9a2P","s_pictureDad_afri_gen","s_pizzaBox_G9a2P","s_door_gen"]}],"stackSize":5,"resolved":true},{"challengeScenes":[{"miniGameCards":[],"viewedAnimatic":true,"keyPoints":["s_computer_F_gen","s_mirror_F_G9b0","s_pictureDad_afri_F_gen"],"unlocked":true,"touchableObjects":["s_closet_F_G9b0","c_cousin_F_a_G9b0","c_kidSister_afri_a_G9b0","s_calendar_F_gen","s_computer_F_gen","s_mirror_F_G9b0","s_pictureDad_afri_F_gen","s_cellPhone_F_G9b0"]},{"miniGameCards":[],"viewedAnimatic":true,"keyPoints":["c_teacherEng_G9b1N","c_cousin_F_a_G9b1N","s_joint_G9b1N","c_kidSister_afri_a_G9b1N","s_clock_G9b1N","s_beerBottle_G9b1N","s_brokenLamp_G9b1N"],"unlocked":true,"touchableObjects":["c_teacherEng_G9b1N","s_photoCracked_G9b1N","s_coupleOnCouch_G9b1N","s_puddleFloor_G9b1N","s_boomBox_G9b1N","c_cousin_F_a_G9b1N","s_pictureDaddark_afri_gen","s_joint_G9b1N","c_kidSister_afri_a_G9b1N","s_clock_G9b1N","s_beerBottle_G9b1N","s_ashtray_G9b1N","s_brokenLamp_G9b1N"]},{"miniGameCards":[],"viewedAnimatic":true,"keyPoints":["c_bestFriend_F_a_G9b1P","c_friend1_F_a_G9b1P","c_crush1_F_a_G9b1P","s_pictureMomdark_afri_G9b1P","c_cousin_F_a_G9b1P","s_pictureDaddark_afri_gen","s_kidsGroupKitchen_G9b1P"],"unlocked":true,"touchableObjects":["c_bestFriend_F_a_G9b1P","c_kidSister_afri_a_G9b1P","c_friend1_F_a_G9b1P","s_door_G9b1P","c_crush1_F_a_G9b1P","s_beerBottle_G9b1P","s_pictureMomdark_afri_G9b1P","c_cousin_F_a_G9b1P","s_pictureDaddark_afri_gen","s_kidsGroupKitchen_G9b1P"]},{"miniGameCards":[],"viewedAnimatic":true,"keyPoints":[],"unlocked":true,"touchableObjects":[]},{"miniGameCards":[],"viewedAnimatic":false,"keyPoints":[],"unlocked":false,"touchableObjects":[]}],"stackSize":5,"resolved":false},{"challengeScenes":[{"miniGameCards":[],"viewedAnimatic":false,"keyPoints":[],"unlocked":true,"touchableObjects":[]},{"miniGameCards":[],"viewedAnimatic":false,"keyPoints":[],"unlocked":true,"touchableObjects":[]},{"miniGameCards":[],"viewedAnimatic":false,"keyPoints":[],"unlocked":false,"touchableObjects":[]},{"miniGameCards":[],"viewedAnimatic":false,"keyPoints":[],"unlocked":true,"touchableObjects":[]},{"miniGameCards":[],"viewedAnimatic":false,"keyPoints":[],"unlocked":false,"touchableObjects":[]}],"stackSize":5,"resolved":false},{"challengeScenes":[{"miniGameCards":[],"viewedAnimatic":false,"keyPoints":[],"unlocked":false,"touchableObjects":[]},{"miniGameCards":[],"viewedAnimatic":false,"keyPoints":[],"unlocked":false,"touchableObjects":[]},{"miniGameCards":[],"viewedAnimatic":false,"keyPoints":[],"unlocked":false,"touchableObjects":[]},{"miniGameCards":[],"viewedAnimatic":false,"keyPoints":[],"unlocked":false,"touchableObjects":[]},{"miniGameCards":[],"viewedAnimatic":false,"keyPoints":[],"unlocked":false,"touchableObjects":[]}],"stackSize":5,"resolved":false},{"challengeScenes":[{"miniGameCards":[],"viewedAnimatic":true,"keyPoints":[],"unlocked":true,"touchableObjects":[]},{"miniGameCards":[],"viewedAnimatic":true,"keyPoints":[],"unlocked":true,"touchableObjects":[]},{"miniGameCards":[],"viewedAnimatic":false,"keyPoints":[],"unlocked":false,"touchableObjects":[]},{"miniGameCards":[],"viewedAnimatic":false,"keyPoints":[],"unlocked":false,"touchableObjects":[]},{"miniGameCards":[],"viewedAnimatic":false,"keyPoints":[],"unlocked":false,"touchableObjects":[]}],"stackSize":5,"resolved":false},{"challengeScenes":[{"miniGameCards":[],"viewedAnimatic":false,"keyPoints":[],"unlocked":false,"touchableObjects":[]},{"miniGameCards":[],"viewedAnimatic":false,"keyPoints":[],"unlocked":false,"touchableObjects":[]},{"miniGameCards":[],"viewedAnimatic":false,"keyPoints":[],"unlocked":false,"touchableObjects":[]},{"miniGameCards":[],"viewedAnimatic":false,"keyPoints":[],"unlocked":false,"touchableObjects":[]},{"miniGameCards":[],"viewedAnimatic":false,"keyPoints":[],"unlocked":false,"touchableObjects":[]}],"stackSize":5,"resolved":false},{"challengeScenes":[{"miniGameCards":[],"viewedAnimatic":false,"keyPoints":[],"unlocked":true,"touchableObjects":[]},{"miniGameCards":[],"viewedAnimatic":false,"keyPoints":[],"unlocked":true,"touchableObjects":[]},{"miniGameCards":[],"viewedAnimatic":false,"keyPoints":[],"unlocked":false,"touchableObjects":[]},{"miniGameCards":[],"viewedAnimatic":false,"keyPoints":[],"unlocked":true,"touchableObjects":[]},{"miniGameCards":[],"viewedAnimatic":false,"keyPoints":[],"unlocked":false,"touchableObjects":[]}],"stackSize":5,"resolved":false},{"challengeScenes":[{"miniGameCards":[],"viewedAnimatic":false,"keyPoints":[],"unlocked":false,"touchableObjects":[]},{"miniGameCards":[],"viewedAnimatic":false,"keyPoints":[],"unlocked":false,"touchableObjects":[]},{"miniGameCards":[],"viewedAnimatic":false,"keyPoints":[],"unlocked":false,"touchableObjects":[]},{"miniGameCards":[],"viewedAnimatic":false,"keyPoints":[],"unlocked":false,"touchableObjects":[]},{"miniGameCards":[],"viewedAnimatic":false,"keyPoints":[],"unlocked":false,"touchableObjects":[]}],"stackSize":5,"resolved":false},{"challengeScenes":[{"miniGameCards":[],"viewedAnimatic":false,"keyPoints":[],"unlocked":true,"touchableObjects":["c_family_afri_a_G0a0","c_friends_G0a0","c_education_G0a0"]},{"miniGameCards":[],"viewedAnimatic":false,"keyPoints":["c_job_G0a1N","c_family_afri_a_G0a1N","c_home_G0a1N"],"unlocked":true,"touchableObjects":["c_player_afri_F_a_G0a1N","c_job_G0a1N","c_family_afri_a_G0a1N","c_home_G0a1N"]},{"miniGameCards":[],"viewedAnimatic":false,"keyPoints":["c_Nurse_G0a1P","c_mom_afri_a_G0a1P","c_dad_afri_a_G0a1P","c_kidsister_afri_a_G0a1P","c_grandma_afri_a_G0a1P","c_Teacher_G0a1P"],"unlocked":true,"touchableObjects":["c_cousins_F_a_G0a1P","c_friends_G0a1P","c_Nurse_G0a1P","c_mom_afri_a_G0a1P","c_dad_afri_a_G0a1P","c_kidsister_afri_a_G0a1P","c_grandma_afri_a_G0a1P","c_Teacher_G0a1P"]}],"stackSize":3,"resolved":true}],"sessionId":14,"epilogue":{"rating":4},"playerId":6566001,"session":[{"sceneId":"1P","stackId":12},{"sceneId":"1P","stackId":0},{"sceneId":"1P","stackId":1},{"sceneId":"1N","stackId":1},{"sceneId":"2P","stackId":1},{"sceneId":"1P","stackId":4},{"sceneId":"1N","stackId":4},{"sceneId":"3P","stackId":2},{"sceneId":"1P","stackId":2},{"sceneId":"1N","stackId":2},{"sceneId":"2P","stackId":2},{"sceneId":"1P","stackId":3},{"sceneId":"1N","stackId":3},{"sceneId":"2P","stackId":3},{"sceneId":"2P","stackId":4},{"sceneId":"1P","stackId":5},{"sceneId":"1N","stackId":5}],"minigames":[{"levelSaveData":[{"starRating":3,"unlocked":true},{"starRating":2,"unlocked":true},{"starRating":1,"unlocked":true},{"starRating":2,"unlocked":true},{"starRating":0,"unlocked":false},{"starRating":1,"unlocked":true},{"starRating":1,"unlocked":true},{"starRating":2,"unlocked":true},{"starRating":0,"unlocked":true},{"starRating":0,"unlocked":true}],"skillPoints":12},{"levelSaveData":[{"starRating":3,"unlocked":true},{"starRating":3,"unlocked":true},{"starRating":3,"unlocked":true},{"starRating":3,"unlocked":true},{"starRating":3,"unlocked":true},{"starRating":0,"unlocked":true},{"starRating":0,"unlocked":false},{"starRating":0,"unlocked":false},{"starRating":0,"unlocked":true},{"starRating":0,"unlocked":true}],"skillPoints":15},{"levelSaveData":[{"starRating":3,"unlocked":true},{"starRating":3,"unlocked":true},{"starRating":2,"unlocked":true},{"starRating":0,"unlocked":true},{"starRating":0,"unlocked":false},{"starRating":0,"unlocked":true},{"starRating":0,"unlocked":false},{"starRating":2,"unlocked":true},{"starRating":3,"unlocked":true},{"starRating":0,"unlocked":false}],"skillPoints":13},{"levelSaveData":[{"starRating":3,"unlocked":true},{"starRating":3,"unlocked":true},{"starRating":1,"unlocked":true},{"starRating":3,"unlocked":true},{"starRating":3,"unlocked":true},{"starRating":2,"unlocked":true},{"starRating":3,"unlocked":true},{"starRating":0,"unlocked":false},{"starRating":0,"unlocked":false},{"starRating":0,"unlocked":false}],"skillPoints":18},{"age":11,"name":"tashanti","gender":1,"id":0,"levelSaveData":[{"starRating":3,"unlocked":true},{"starRating":3,"chunks":[["3"],["22$$sincere","16$$intelligent"],["1$$giving a hand ","16$$study's","0$$family"],["1"]],"unlocked":true},{"starRating":3,"chunks":[["1"],["12$$being fit","3$$cooking"],["12$$technition","1$$runner"]],"unlocked":true},{"starRating":3,"chunks":[["2$$motorcycle"],["0"],["10"],["0"],["6","4"],["4"]],"unlocked":true},{"starRating":3,"chunks":[["2$$reading"],["3"],["2$$help others","1"],["1"],["4"],["8$$a doctor"]],"unlocked":true},{"starRating":3,"chunks":[["6"],["1","4","4","1"],["8$$HAWAII"],["0$$MALL"]],"unlocked":true},{"starRating":3,"chunks":[["2"],["0"],["2$$MYSELF","5$$MY CHILD"],["2","2"],["1$$TOGETHER FOREV"]],"unlocked":true},{"starRating":0,"chunks":[[null,null,null],[null,null,null],[null],[null],[null]],"unlocked":true},{"starRating":3,"chunks":[["7","3","4"],["1","6","2"],["0","5"]],"unlocked":true},{"starRating":0,"chunks":[[null],[null],[null],[null],[null],[null]],"unlocked":false}],"visualAvatar":0,"skillPoints":24}],"avatar":{"age":11,"name":"tashanti","gender":1,"id":0,"levelSaveData":[{"starRating":3,"unlocked":true},{"starRating":3,"chunks":[["3"],["22$$sincere","16$$intelligent"],["1$$giving a hand ","16$$study's","0$$family"],["1"]],"unlocked":true},{"starRating":3,"chunks":[["1"],["12$$being fit","3$$cooking"],["12$$technition","1$$runner"]],"unlocked":true},{"starRating":3,"chunks":[["2$$motorcycle"],["0"],["10"],["0"],["6","4"],["4"]],"unlocked":true},{"starRating":3,"chunks":[["2$$reading"],["3"],["2$$help others","1"],["1"],["4"],["8$$a doctor"]],"unlocked":true},{"starRating":3,"chunks":[["6"],["1","4","4","1"],["8$$HAWAII"],["0$$MALL"]],"unlocked":true},{"starRating":3,"chunks":[["2"],["0"],["2$$MYSELF","5$$MY CHILD"],["2","2"],["1$$TOGETHER FOREV"]],"unlocked":true},{"starRating":0,"chunks":[[null,null,null],[null,null,null],[null],[null],[null]],"unlocked":true},{"starRating":3,"chunks":[["7","3","4"],["1","6","2"],["0","5"]],"unlocked":true},{"starRating":0,"chunks":[[null],[null],[null],[null],[null],[null]],"unlocked":false}],"visualAvatar":0,"skillPoints":24}}
