6566001,0,176:57:3,12/12/2013 4:14:32pm
6566001,103,176:57:8
6566001,104,176:57:9
6566001,100,176:57:16,6
6566001,102,176:57:25,6
6566001,200,176:57:25,6,12,15,13,18,24
6566001,219,176:57:25,6
6566001,216,176:57:26,Stack_G10a0
6566001,217,176:57:40,Stack_G10a0,13,0.00
6566001,216,176:57:51,Stack_G10a0
6566001,217,176:57:53,Stack_G10a0,1.5,12
6566001,216,176:58:12,Stack_G10a0
6566001,217,176:58:26,Stack_G10a0,13,0.00
6566001,218,176:58:26,6
6566001,210,176:58:27,930,375
6566001,211,176:58:28,942,338
6566001,210,176:58:28,506,210
6566001,211,176:58:29,735,471
6566001,213,176:58:29,6,c_crush1_F_b_G10a0,false
6566001,210,176:58:33,286,554
6566001,207,176:58:34,6,-200,0
6566001,211,176:58:36,219,518
6566001,213,176:58:36,6,s_bed2_F_G10a0,true
6566001,210,176:58:39,382,284
6566001,207,176:58:43,6,0,-512
6566001,211,176:58:43,1155,465
6566001,210,176:58:44,1327,509
6566001,207,176:58:49,6,-512,-197
6566001,207,176:58:50,6,-197,0
6566001,211,176:58:51,671,425
6566001,213,176:58:51,6,c_crush1_F_b_G10a0,false
6566001,1003,176:58:53,2
6566001,1004,176:58:55,3
6566001,900,176:58:57,3,[]
6566001,901,176:59:0,3,[PeopleData_id:2]
6566001,902,176:59:2,3,[PeopleData_id:2,PeopleData_data1Type]
6566001,902,176:59:4,3,[PeopleData_id:2,PeopleData_data0Type]
6566001,902,176:59:18,3,[PeopleData_id:2,PeopleData_data1Type]
6566001,903,176:59:20,3,[PeopleData_id2,PeopleData_data1Type]
6566001,901,176:59:21,3,[PeopleData_id:2]
6566001,904,176:59:21,3,[PeopleData_id:2]
6566001,905,176:59:23,3,[PeopleData_id:2,RankTypes_id:-1,RankTypes_id:2]
6566001,901,176:59:24,3,[PeopleData_id:3]
6566001,902,176:59:26,3,[PeopleData_id:3,PeopleData_data3Type]
6566001,902,176:59:30,3,[PeopleData_id:3,PeopleData_data2Type]
6566001,902,176:59:36,3,[PeopleData_id:3,PeopleData_data1Type]
6566001,902,176:59:38,3,[PeopleData_id:3,PeopleData_data0Type]
6566001,902,176:59:44,3,[PeopleData_id:3,PeopleData_data0Type]
6566001,902,176:59:44,3,[PeopleData_id:3,PeopleData_data0Type]
6566001,902,176:59:46,3,[PeopleData_id:3,PeopleData_data0Type]
6566001,902,176:59:46,3,[PeopleData_id:3,PeopleData_data0Type]
6566001,902,176:59:46,3,[PeopleData_id:3,PeopleData_data0Type]
6566001,902,176:59:47,3,[PeopleData_id:3,PeopleData_data0Type]
6566001,902,176:59:47,3,[PeopleData_id:3,PeopleData_data0Type]
6566001,902,176:59:48,3,[PeopleData_id:3,PeopleData_data0Type]
6566001,902,176:59:48,3,[PeopleData_id:3,PeopleData_data0Type]
6566001,902,176:59:48,3,[PeopleData_id:3,PeopleData_data0Type]
6566001,902,176:59:48,3,[PeopleData_id:3,PeopleData_data0Type]
6566001,902,176:59:48,3,[PeopleData_id:3,PeopleData_data0Type]
6566001,902,176:59:49,3,[PeopleData_id:3,PeopleData_data0Type]
6566001,902,176:59:49,3,[PeopleData_id:3,PeopleData_data0Type]
6566001,902,176:59:49,3,[PeopleData_id:3,PeopleData_data0Type]
6566001,902,176:59:49,3,[PeopleData_id:3,PeopleData_data0Type]
6566001,902,176:59:49,3,[PeopleData_id:3,PeopleData_data0Type]
6566001,902,176:59:50,3,[PeopleData_id:3,PeopleData_data0Type]
6566001,903,176:59:50,3,[PeopleData_id3,PeopleData_data0Type]
6566001,901,176:59:51,3,[PeopleData_id:3]
6566001,904,176:59:51,3,[PeopleData_id:3]
6566001,905,176:59:52,3,[PeopleData_id:3,RankTypes_id:-1,RankTypes_id:3]
6566001,901,176:59:53,3,[PeopleData_id:3]
6566001,904,176:59:53,3,[PeopleData_id:3]
6566001,901,176:59:53,3,[PeopleData_id:3]
6566001,904,176:59:53,3,[PeopleData_id:3]
6566001,905,176:59:53,3,[PeopleData_id:3,RankTypes_id:3,RankTypes_id:4]
6566001,901,176:59:54,3,[PeopleData_id:3]
6566001,904,176:59:54,3,[PeopleData_id:3]
6566001,905,176:59:55,3,[PeopleData_id:3,RankTypes_id:4,RankTypes_id:3]
6566001,901,176:59:55,3,[PeopleData_id:4]
6566001,902,176:59:56,3,[PeopleData_id:4,PeopleData_data2Type]
6566001,902,177:0:2,3,[PeopleData_id:4,PeopleData_data1Type]
6566001,902,177:0:6,3,[PeopleData_id:4,PeopleData_data0Type]
6566001,903,177:0:9,3,[PeopleData_id4,PeopleData_data0Type]
6566001,901,177:0:10,3,[PeopleData_id:4]
6566001,904,177:0:10,3,[PeopleData_id:4]
6566001,905,177:0:11,3,[PeopleData_id:4,RankTypes_id:-1,RankTypes_id:3]
6566001,901,177:0:13,3,[PeopleData_id:0]
6566001,902,177:0:14,3,[PeopleData_id:0,PeopleData_data3Type]
6566001,902,177:0:15,3,[PeopleData_id:0,PeopleData_data3Type]
6566001,902,177:0:19,3,[PeopleData_id:0,PeopleData_data2Type]
6566001,902,177:0:25,3,[PeopleData_id:0,PeopleData_data2Type]
6566001,902,177:0:25,3,[PeopleData_id:0,PeopleData_data1Type]
6566001,902,177:0:30,3,[PeopleData_id:0,PeopleData_data0Type]
6566001,903,177:0:34,3,[PeopleData_id0,PeopleData_data0Type]
6566001,901,177:0:35,3,[PeopleData_id:0]
6566001,904,177:0:35,3,[PeopleData_id:0]
6566001,905,177:0:35,3,[PeopleData_id:0,RankTypes_id:-1,RankTypes_id:3]
6566001,901,177:0:36,3,[PeopleData_id:1]
6566001,904,177:0:36,3,[PeopleData_id:1]
6566001,902,177:0:37,3,[PeopleData_id:1,PeopleData_data2Type]
6566001,902,177:0:41,3,[PeopleData_id:1,PeopleData_data1Type]
6566001,902,177:0:44,3,[PeopleData_id:1,PeopleData_data0Type]
6566001,903,177:0:46,3,[PeopleData_id1,PeopleData_data0Type]
6566001,901,177:0:46,3,[PeopleData_id:1]
6566001,904,177:0:47,3,[PeopleData_id:1]
6566001,905,177:0:47,3,[PeopleData_id:1,RankTypes_id:-1,RankTypes_id:3]
6566001,901,177:0:48,3,[PeopleData_id:5]
6566001,902,177:0:48,3,[PeopleData_id:5,PeopleData_data3Type]
6566001,902,177:0:53,3,[PeopleData_id:5,PeopleData_data2Type]
6566001,902,177:0:57,3,[PeopleData_id:5,PeopleData_data1Type]
6566001,902,177:1:2,3,[PeopleData_id:5,PeopleData_data1Type]
6566001,902,177:1:3,3,[PeopleData_id:5,PeopleData_data0Type]
6566001,903,177:1:5,3,[PeopleData_id5,PeopleData_data0Type]
6566001,902,177:1:6,3,[PeopleData_id:5,PeopleData_data0Type]
6566001,903,177:1:8,3,[PeopleData_id5,PeopleData_data0Type]
6566001,901,177:1:8,3,[PeopleData_id:5]
6566001,904,177:1:8,3,[PeopleData_id:5]
6566001,905,177:1:9,3,[PeopleData_id:5,RankTypes_id:-1,RankTypes_id:0]
6566001,906,177:1:9,3,[]
6566001,907,177:1:11,3,[]
6566001,908,177:1:11,3,[InvitationData_id:5,PeopleData_id:3,RankTypes_id:3]
6566001,909,177:1:16,3,[InvitationData_id:5,PeopleData_id:3,RankTypes_id:3,1]
6566001,910,177:1:16,3,[InvitationData_id:5,7,false]
6566001,908,177:1:16,3,[InvitationData_id:11,PeopleData_id:4,RankTypes_id:3]
6566001,909,177:1:25,3,[InvitationData_id:11,PeopleData_id:4,RankTypes_id:3,1]
6566001,910,177:1:31,3,[InvitationData_id:11,0,true]
6566001,908,177:1:31,3,[InvitationData_id:7,PeopleData_id:4,RankTypes_id:3]
6566001,909,177:1:39,3,[InvitationData_id:7,PeopleData_id:4,RankTypes_id:3,0]
6566001,910,177:1:43,3,[InvitationData_id:7,-7,false]
6566001,908,177:1:43,3,[InvitationData_id:4,PeopleData_id:0,RankTypes_id:3]
6566001,909,177:1:44,3,[InvitationData_id:4,PeopleData_id:0,RankTypes_id:3,1]
6566001,910,177:1:45,3,[InvitationData_id:4,7,false]
6566001,908,177:1:45,3,[InvitationData_id:3,PeopleData_id:0,RankTypes_id:3]
6566001,909,177:1:52,3,[InvitationData_id:3,PeopleData_id:0,RankTypes_id:3,1]
6566001,910,177:1:52,3,[InvitationData_id:3,7,false]
6566001,908,177:1:52,3,[InvitationData_id:9,PeopleData_id:4,RankTypes_id:3]
6566001,909,177:2:2,3,[InvitationData_id:9,PeopleData_id:4,RankTypes_id:3,0]
6566001,910,177:2:4,3,[InvitationData_id:9,-7,false]
6566001,908,177:2:4,3,[InvitationData_id:2,PeopleData_id:0,RankTypes_id:3]
6566001,909,177:2:11,3,[InvitationData_id:2,PeopleData_id:0,RankTypes_id:3,0]
6566001,910,177:2:16,3,[InvitationData_id:2,-7,false]
6566001,908,177:2:16,3,[InvitationData_id:6,PeopleData_id:0,RankTypes_id:3]
6566001,909,177:2:20,3,[InvitationData_id:6,PeopleData_id:0,RankTypes_id:3,1]
6566001,910,177:2:21,3,[InvitationData_id:6,7,false]
6566001,908,177:2:21,3,[InvitationData_id:0,PeopleData_id:0,RankTypes_id:3]
6566001,909,177:2:23,3,[InvitationData_id:0,PeopleData_id:0,RankTypes_id:3,1]
6566001,910,177:2:24,3,[InvitationData_id:0,7,false]
6566001,908,177:2:24,3,[InvitationData_id:12,PeopleData_id:2,RankTypes_id:2]
6566001,909,177:2:31,3,[InvitationData_id:12,PeopleData_id:2,RankTypes_id:2,0]
6566001,910,177:2:35,3,[InvitationData_id:12,-2,false]
6566001,908,177:2:35,3,[InvitationData_id:10,PeopleData_id:1,RankTypes_id:3]
6566001,909,177:2:41,3,[InvitationData_id:10,PeopleData_id:1,RankTypes_id:3,1]
6566001,910,177:2:42,3,[InvitationData_id:10,7,false]
6566001,911,177:2:43,3,[19,1,0,1]
6566001,1005,177:2:43,3,[2,0,2]
6566001,1001,177:2:47,3,[]
6566001,1003,177:2:47,2
6566001,1004,177:2:49,5
6566001,900,177:2:51,5,[]
6566001,901,177:2:59,5,[PeopleData_id:3]
6566001,902,177:3:2,5,[PeopleData_id:3,PeopleData_data2Type]
6566001,902,177:3:19,5,[PeopleData_id:3,PeopleData_data1Type]
6566001,902,177:3:23,5,[PeopleData_id:3,PeopleData_data0Type]
6566001,903,177:3:27,5,[PeopleData_id3,PeopleData_data0Type]
6566001,901,177:3:29,5,[PeopleData_id:3]
6566001,904,177:3:29,5,[PeopleData_id:3]
6566001,905,177:3:30,5,[PeopleData_id:3,RankTypes_id:-1,RankTypes_id:0]
6566001,901,177:3:32,5,[PeopleData_id:3]
6566001,904,177:3:32,5,[PeopleData_id:3]
6566001,905,177:3:32,5,[PeopleData_id:3,RankTypes_id:0,RankTypes_id:1]
6566001,901,177:3:33,5,[PeopleData_id:3]
6566001,905,177:3:33,5,[PeopleData_id:3,RankTypes_id:1,RankTypes_id:1]
6566001,902,177:3:33,5,[PeopleData_id:3,PeopleData_data2Type]
6566001,902,177:3:34,5,[PeopleData_id:3,PeopleData_data1Type]
6566001,902,177:3:34,5,[PeopleData_id:3,PeopleData_data0Type]
6566001,903,177:3:36,5,[PeopleData_id3,PeopleData_data0Type]
6566001,901,177:3:36,5,[PeopleData_id:3]
6566001,904,177:3:36,5,[PeopleData_id:3]
6566001,905,177:3:37,5,[PeopleData_id:3,RankTypes_id:1,RankTypes_id:0]
6566001,901,177:3:37,5,[PeopleData_id:7]
6566001,902,177:3:40,5,[PeopleData_id:7,PeopleData_data3Type]
6566001,902,177:3:44,5,[PeopleData_id:7,PeopleData_data2Type]
6566001,902,177:3:47,5,[PeopleData_id:7,PeopleData_data1Type]
6566001,902,177:3:50,5,[PeopleData_id:7,PeopleData_data0Type]
6566001,903,177:3:52,5,[PeopleData_id7,PeopleData_data0Type]
6566001,902,177:3:54,5,[PeopleData_id:7,PeopleData_data0Type]
6566001,903,177:3:56,5,[PeopleData_id7,PeopleData_data0Type]
6566001,901,177:3:56,5,[PeopleData_id:7]
6566001,904,177:3:56,5,[PeopleData_id:7]
6566001,905,177:3:56,5,[PeopleData_id:7,RankTypes_id:-1,RankTypes_id:0]
6566001,901,177:3:57,5,[PeopleData_id:2]
6566001,902,177:3:59,5,[PeopleData_id:2,PeopleData_data2Type]
6566001,902,177:4:4,5,[PeopleData_id:2,PeopleData_data1Type]
6566001,902,177:4:6,5,[PeopleData_id:2,PeopleData_data0Type]
6566001,903,177:4:8,5,[PeopleData_id2,PeopleData_data0Type]
6566001,901,177:4:9,5,[PeopleData_id:2]
6566001,904,177:4:9,5,[PeopleData_id:2]
6566001,905,177:4:10,5,[PeopleData_id:2,RankTypes_id:-1,RankTypes_id:0]
6566001,901,177:4:11,5,[PeopleData_id:4]
6566001,902,177:4:12,5,[PeopleData_id:4,PeopleData_data3Type]
6566001,902,177:4:15,5,[PeopleData_id:4,PeopleData_data2Type]
6566001,902,177:4:18,5,[PeopleData_id:4,PeopleData_data1Type]
6566001,902,177:4:20,5,[PeopleData_id:4,PeopleData_data0Type]
6566001,903,177:4:25,5,[PeopleData_id4,PeopleData_data0Type]
6566001,901,177:4:26,5,[PeopleData_id:4]
6566001,904,177:4:26,5,[PeopleData_id:4]
6566001,905,177:4:26,5,[PeopleData_id:4,RankTypes_id:-1,RankTypes_id:0]
6566001,901,177:4:27,5,[PeopleData_id:6]
6566001,902,177:4:28,5,[PeopleData_id:6,PeopleData_data3Type]
6566001,902,177:4:28,5,[PeopleData_id:6,PeopleData_data3Type]
6566001,902,177:4:39,5,[PeopleData_id:6,PeopleData_data2Type]
6566001,902,177:4:44,5,[PeopleData_id:6,PeopleData_data1Type]
6566001,902,177:4:50,5,[PeopleData_id:6,PeopleData_data1Type]
6566001,902,177:4:51,5,[PeopleData_id:6,PeopleData_data0Type]
6566001,903,177:4:56,5,[PeopleData_id6,PeopleData_data0Type]
6566001,901,177:4:58,5,[PeopleData_id:6]
6566001,904,177:4:58,5,[PeopleData_id:6]
6566001,905,177:4:59,5,[PeopleData_id:6,RankTypes_id:-1,RankTypes_id:4]
6566001,901,177:5:0,5,[PeopleData_id:5]
6566001,904,177:5:0,5,[PeopleData_id:5]
6566001,902,177:5:1,5,[PeopleData_id:5,PeopleData_data3Type]
6566001,902,177:5:8,5,[PeopleData_id:5,PeopleData_data2Type]
6566001,902,177:5:14,5,[PeopleData_id:5,PeopleData_data1Type]
6566001,902,177:5:24,5,[PeopleData_id:5,PeopleData_data0Type]
6566001,903,177:5:28,5,[PeopleData_id5,PeopleData_data0Type]
6566001,901,177:5:29,5,[PeopleData_id:5]
6566001,904,177:5:29,5,[PeopleData_id:5]
6566001,905,177:5:29,5,[PeopleData_id:5,RankTypes_id:-1,RankTypes_id:0]
6566001,901,177:5:30,5,[PeopleData_id:1]
6566001,902,177:5:31,5,[PeopleData_id:1,PeopleData_data3Type]
6566001,902,177:5:33,5,[PeopleData_id:1,PeopleData_data2Type]
6566001,902,177:5:37,5,[PeopleData_id:1,PeopleData_data1Type]
6566001,902,177:5:40,5,[PeopleData_id:1,PeopleData_data0Type]
6566001,903,177:5:44,5,[PeopleData_id1,PeopleData_data0Type]
6566001,901,177:5:46,5,[PeopleData_id:1]
6566001,904,177:5:46,5,[PeopleData_id:1]
6566001,905,177:5:46,5,[PeopleData_id:1,RankTypes_id:-1,RankTypes_id:3]
6566001,901,177:5:47,5,[PeopleData_id:0]
6566001,904,177:5:47,5,[PeopleData_id:0]
6566001,902,177:5:48,5,[PeopleData_id:0,PeopleData_data3Type]
6566001,902,177:5:53,5,[PeopleData_id:0,PeopleData_data2Type]
6566001,902,177:5:56,5,[PeopleData_id:0,PeopleData_data1Type]
6566001,902,177:5:59,5,[PeopleData_id:0,PeopleData_data0Type]
6566001,903,177:6:1,5,[PeopleData_id0,PeopleData_data0Type]
6566001,901,177:6:3,5,[PeopleData_id:0]
6566001,904,177:6:3,5,[PeopleData_id:0]
6566001,905,177:6:3,5,[PeopleData_id:0,RankTypes_id:-1,RankTypes_id:4]
6566001,906,177:6:3,5,[]
6566001,907,177:6:4,5,[]
6566001,908,177:6:4,5,[InvitationData_id:8,PeopleData_id:1,RankTypes_id:3]
6566001,909,177:6:10,5,[InvitationData_id:8,PeopleData_id:1,RankTypes_id:3,1]
6566001,910,177:6:11,5,[InvitationData_id:8,7,false]
6566001,908,177:6:11,5,[InvitationData_id:1,PeopleData_id:1,RankTypes_id:3]
6566001,909,177:6:20,5,[InvitationData_id:1,PeopleData_id:1,RankTypes_id:3,0]
6566001,910,177:6:24,5,[InvitationData_id:1,-7,false]
6566001,908,177:6:24,5,[InvitationData_id:0,PeopleData_id:6,RankTypes_id:4]
6566001,909,177:6:28,5,[InvitationData_id:0,PeopleData_id:6,RankTypes_id:4,1]
6566001,910,177:6:28,5,[InvitationData_id:0,9,false]
6566001,908,177:6:28,5,[InvitationData_id:6,PeopleData_id:0,RankTypes_id:4]
6566001,909,177:6:32,5,[InvitationData_id:6,PeopleData_id:0,RankTypes_id:4,1]
6566001,910,177:6:33,5,[InvitationData_id:6,9,false]
6566001,908,177:6:33,5,[InvitationData_id:2,PeopleData_id:1,RankTypes_id:3]
6566001,909,177:6:36,5,[InvitationData_id:2,PeopleData_id:1,RankTypes_id:3,1]
6566001,910,177:6:37,5,[InvitationData_id:2,7,false]
6566001,908,177:6:37,5,[InvitationData_id:11,PeopleData_id:0,RankTypes_id:4]
6566001,909,177:6:42,5,[InvitationData_id:11,PeopleData_id:0,RankTypes_id:4,1]
6566001,910,177:6:43,5,[InvitationData_id:11,9,false]
6566001,911,177:6:46,5,[34,0,1,0]
6566001,1005,177:6:46,5,[2,0,2]
6566001,1001,177:6:48,5,[]
6566001,1003,177:6:48,2
6566001,210,177:6:52,762,481
6566001,211,177:6:52,700,558
6566001,213,177:6:52,6,c_crush1_F_b_G10a0,true
6566001,205,177:6:52,6,c_crush1_F_b_G10a0,false,false
6566001,210,177:7:0,844,282
6566001,211,177:7:2,398,229
6566001,212,177:7:2,1
6566001,210,177:7:3,911,304
6566001,211,177:7:3,900,311
6566001,213,177:7:3,6,s_door_F_gen,true
6566001,210,177:7:9,998,436
6566001,211,177:7:11,1000,577
6566001,213,177:7:11,6,s_chairClothes_F_G10a0,true
6566001,210,177:7:17,932,428
6566001,211,177:7:18,880,350
6566001,213,177:7:18,6,s_door_F_gen,true
6566001,210,177:7:21,920,301
6566001,211,177:7:22,883,278
6566001,213,177:7:22,6,s_door_F_gen,true
6566001,210,177:7:25,640,235
6566001,211,177:7:26,532,220
6566001,213,177:7:26,6,s_calendar_F_gen,true
6566001,210,177:7:29,450,229
6566001,211,177:7:30,374,220
6566001,213,177:7:30,6,s_poster_F_gen,true
6566001,205,177:7:30,6,s_poster_F_gen,false,false
6566001,210,177:7:33,478,430
6566001,207,177:7:34,6,-200,0
6566001,211,177:7:35,269,613
6566001,213,177:7:35,6,s_cellPhone_F_G10a0,true
6566001,205,177:7:35,6,s_cellPhone_F_G10a0,false,false
6566001,210,177:7:40,385,241
6566001,207,177:7:42,6,0,-165
6566001,207,177:7:44,6,-165,-435
6566001,211,177:7:45,1350,525
6566001,213,177:7:45,6,s_computer_F_gen,true
6566001,210,177:7:50,1304,558
6566001,211,177:7:50,1309,558
6566001,213,177:7:50,6,s_computer_F_gen,true
6566001,212,177:7:54,0
6566001,210,177:7:54,1480,461
6566001,207,177:7:54,6,-435,-512
6566001,211,177:7:56,1281,372
6566001,213,177:7:56,6,s_window_F_G10a0,true
6566001,1003,177:8:2,0
6566001,1004,177:8:5,8
6566001,400,177:8:10,8,[]
6566001,401,177:8:20,8,[StatementsData_logId:0]
6566001,402,177:8:22,8,[StatementsData_logId:0,true]
6566001,405,177:8:23,8,[StatementsData_logId:0]
6566001,406,177:8:24,8,[StatementsData_logId:0,2]
6566001,411,177:8:25,8,[StatementsData_logId:0]
6566001,401,177:8:28,8,[StatementsData_logId:1]
6566001,404,177:8:28,8,[StatementsData_logId:1,true]
6566001,406,177:8:29,8,[StatementsData_logId:1,2]
6566001,412,177:8:33,8,[StatementsData_logId:1]
6566001,413,177:8:38,8,[StatementsData_logId:1,DuelResponsesData_logId:0]
6566001,414,177:8:40,8,[StatementsData_logId:1,DuelResponsesData_logId:0]
6566001,415,177:9:1,8,[StatementsData_logId:1,DuelResponsesData_logId:0,DuelResponsesData_witty_player_response]
6566001,416,177:9:2,8,[StatementsData_logId:1,DuelResponsesData_logId:0]
6566001,417,177:9:2,8,[StatementsData_logId:1,DuelResponsesData_logId:0]
6566001,413,177:9:3,8,[StatementsData_logId:1,DuelResponsesData_logId:1]
6566001,414,177:9:3,8,[StatementsData_logId:1,DuelResponsesData_logId:1]
6566001,415,177:9:17,8,[StatementsData_logId:1,DuelResponsesData_logId:1,DuelResponsesData_witty_player_response]
6566001,416,177:9:17,8,[StatementsData_logId:1,DuelResponsesData_logId:1]
6566001,417,177:9:18,8,[StatementsData_logId:1,DuelResponsesData_logId:1]
6566001,413,177:9:18,8,[StatementsData_logId:1,DuelResponsesData_logId:2]
6566001,414,177:9:19,8,[StatementsData_logId:1,DuelResponsesData_logId:2]
6566001,415,177:9:34,8,[StatementsData_logId:1,DuelResponsesData_logId:2,DuelResponsesData_ok_player_response]
6566001,416,177:9:35,8,[StatementsData_logId:1,DuelResponsesData_logId:2]
6566001,417,177:9:35,8,[StatementsData_logId:1,DuelResponsesData_logId:2]
6566001,418,177:9:35,8,[StatementsData_logId:1,true]
6566001,419,177:9:37,8,[StatementsData_logId:1,4]
6566001,411,177:9:38,8,[StatementsData_logId:1]
6566001,401,177:9:45,8,[StatementsData_logId:2]
6566001,403,177:9:48,8,[StatementsData_logId:2,true]
6566001,405,177:9:48,8,[StatementsData_logId:2]
6566001,406,177:9:49,8,[StatementsData_logId:2,2]
6566001,407,177:9:49,8,[StatementsData_logId:2,FactCardData_id:3]
6566001,407,177:9:49,8,[StatementsData_logId:2,FactCardData_id:7]
6566001,407,177:9:49,8,[StatementsData_logId:2,FactCardData_id:0]
6566001,407,177:9:49,8,[StatementsData_logId:2,FactCardData_id:5]
6566001,407,177:9:49,8,[StatementsData_logId:2,FactCardData_id:2]
6566001,407,177:9:49,8,[StatementsData_logId:2,FactCardData_id:4]
6566001,407,177:9:52,8,[StatementsData_logId:2,FactCardData_id:3]
6566001,407,177:9:52,8,[StatementsData_logId:2,FactCardData_id:3]
6566001,407,177:9:58,8,[StatementsData_logId:2,FactCardData_id:5]
6566001,407,177:9:58,8,[StatementsData_logId:2,FactCardData_id:3]
6566001,407,177:9:58,8,[StatementsData_logId:2,FactCardData_id:5]
6566001,408,177:10:2,8,[StatementsData_logId:2,FactCardData_id:5,true]
6566001,409,177:10:2,8,[StatementsData_logId:2]
6566001,410,177:10:3,8,[StatementsData_logId:2,2]
6566001,412,177:10:14,8,[StatementsData_logId:2]
6566001,413,177:10:19,8,[StatementsData_logId:2,DuelResponsesData_logId:3]
6566001,414,177:10:20,8,[StatementsData_logId:2,DuelResponsesData_logId:3]
6566001,415,177:10:28,8,[StatementsData_logId:2,DuelResponsesData_logId:3,DuelResponsesData_witty_player_response]
6566001,416,177:10:28,8,[StatementsData_logId:2,DuelResponsesData_logId:3]
6566001,417,177:10:31,8,[StatementsData_logId:2,DuelResponsesData_logId:3]
6566001,413,177:10:31,8,[StatementsData_logId:2,DuelResponsesData_logId:4]
6566001,414,177:10:32,8,[StatementsData_logId:2,DuelResponsesData_logId:4]
6566001,415,177:10:42,8,[StatementsData_logId:2,DuelResponsesData_logId:4,DuelResponsesData_witty_player_response]
6566001,416,177:10:43,8,[StatementsData_logId:2,DuelResponsesData_logId:4]
6566001,417,177:10:43,8,[StatementsData_logId:2,DuelResponsesData_logId:4]
6566001,413,177:10:44,8,[StatementsData_logId:2,DuelResponsesData_logId:5]
6566001,414,177:10:44,8,[StatementsData_logId:2,DuelResponsesData_logId:5]
6566001,415,177:10:53,8,[StatementsData_logId:2,DuelResponsesData_logId:5,DuelResponsesData_witty_player_response]
6566001,416,177:10:54,8,[StatementsData_logId:2,DuelResponsesData_logId:5]
6566001,417,177:10:56,8,[StatementsData_logId:2,DuelResponsesData_logId:5]
6566001,418,177:10:56,8,[StatementsData_logId:2,true]
6566001,419,177:10:56,8,[StatementsData_logId:2,4]
6566001,411,177:10:57,8,[StatementsData_logId:2]
6566001,401,177:11:6,8,[StatementsData_logId:3]
6566001,404,177:11:7,8,[StatementsData_logId:3,false]
6566001,405,177:11:8,8,[StatementsData_logId:3]
6566001,406,177:11:8,8,[StatementsData_logId:3,-2]
6566001,411,177:11:9,8,[StatementsData_logId:3]
6566001,401,177:11:10,8,[StatementsData_logId:4]
6566001,403,177:11:15,8,[StatementsData_logId:4,true]
6566001,405,177:11:15,8,[StatementsData_logId:4]
6566001,406,177:11:16,8,[StatementsData_logId:4,2]
6566001,407,177:11:16,8,[StatementsData_logId:4,FactCardData_id:2]
6566001,407,177:11:16,8,[StatementsData_logId:4,FactCardData_id:7]
6566001,407,177:11:16,8,[StatementsData_logId:4,FactCardData_id:5]
6566001,407,177:11:16,8,[StatementsData_logId:4,FactCardData_id:0]
6566001,407,177:11:16,8,[StatementsData_logId:4,FactCardData_id:4]
6566001,407,177:11:16,8,[StatementsData_logId:4,FactCardData_id:3]
6566001,407,177:11:21,8,[StatementsData_logId:4,FactCardData_id:0]
6566001,407,177:11:21,8,[StatementsData_logId:4,FactCardData_id:0]
6566001,408,177:11:26,8,[StatementsData_logId:4,FactCardData_id:0,false]
6566001,406,177:11:29,8,[StatementsData_logId:4,-2]
6566001,411,177:11:30,8,[StatementsData_logId:4]
6566001,401,177:11:31,8,[StatementsData_logId:5]
6566001,404,177:11:33,8,[StatementsData_logId:5,true]
6566001,406,177:11:33,8,[StatementsData_logId:5,2]
6566001,412,177:11:34,8,[StatementsData_logId:5]
6566001,413,177:11:35,8,[StatementsData_logId:5,DuelResponsesData_logId:12]
6566001,414,177:11:37,8,[StatementsData_logId:5,DuelResponsesData_logId:12]
6566001,415,177:11:47,8,[StatementsData_logId:5,DuelResponsesData_logId:12,DuelResponsesData_witty_player_response]
6566001,416,177:11:48,8,[StatementsData_logId:5,DuelResponsesData_logId:12]
6566001,417,177:11:48,8,[StatementsData_logId:5,DuelResponsesData_logId:12]
6566001,413,177:11:49,8,[StatementsData_logId:5,DuelResponsesData_logId:13]
6566001,414,177:11:49,8,[StatementsData_logId:5,DuelResponsesData_logId:13]
6566001,415,177:12:7,8,[StatementsData_logId:5,DuelResponsesData_logId:13,DuelResponsesData_ok_player_response]
6566001,416,177:12:7,8,[StatementsData_logId:5,DuelResponsesData_logId:13]
6566001,417,177:12:7,8,[StatementsData_logId:5,DuelResponsesData_logId:13]
6566001,413,177:12:8,8,[StatementsData_logId:5,DuelResponsesData_logId:14]
6566001,414,177:12:9,8,[StatementsData_logId:5,DuelResponsesData_logId:14]
6566001,415,177:12:20,8,[StatementsData_logId:5,DuelResponsesData_logId:14,DuelResponsesData_witty_player_response]
6566001,416,177:12:21,8,[StatementsData_logId:5,DuelResponsesData_logId:14]
6566001,417,177:12:21,8,[StatementsData_logId:5,DuelResponsesData_logId:14]
6566001,418,177:12:21,8,[StatementsData_logId:5,true]
6566001,419,177:12:22,8,[StatementsData_logId:5,4]
6566001,411,177:12:23,8,[StatementsData_logId:5]
6566001,401,177:12:27,8,[StatementsData_logId:6]
6566001,402,177:12:31,8,[StatementsData_logId:6,true]
6566001,405,177:12:31,8,[StatementsData_logId:6]
6566001,406,177:12:32,8,[StatementsData_logId:6,2]
6566001,411,177:12:33,8,[StatementsData_logId:6]
6566001,420,177:12:33,8,[62]
6566001,1005,177:12:33,8,[0,0,2]
6566001,1001,177:12:34,8,[]
6566001,1003,177:12:34,0
6566001,210,177:12:36,789,326
6566001,211,177:12:38,421,571
6566001,213,177:12:38,6,s_bed1_F_G10a0,true
6566001,210,177:12:41,331,506
6566001,207,177:12:41,6,-200,-20
6566001,211,177:12:44,223,540
6566001,213,177:12:44,6,s_bed2_F_G10a0,true
6566001,210,177:12:45,445,536
6566001,211,177:12:46,395,562
6566001,213,177:12:46,6,s_bed1_F_G10a0,true
6566001,210,177:12:51,289,582
6566001,207,177:12:55,6,-20,-320
6566001,207,177:12:58,6,-320,-80
6566001,211,177:13:1,542,413
6566001,210,177:13:1,382,444
6566001,211,177:13:2,353,439
6566001,213,177:13:2,6,s_clock_F_G10a0,true
6566001,210,177:13:5,535,275
6566001,207,177:13:8,6,-80,-155
6566001,211,177:13:9,1077,462
6566001,210,177:13:9,1036,499
6566001,207,177:13:11,6,-155,-425
6566001,211,177:13:11,1259,382
6566001,213,177:13:11,6,s_window_F_G10a0,true
6566001,205,177:13:11,6,s_window_F_G10a0,false,false
6566001,210,177:13:15,1463,392
6566001,207,177:13:15,6,-425,-512
6566001,211,177:13:17,974,314
6566001,212,177:13:18,1
6566001,210,177:13:18,1411,409
6566001,211,177:13:20,1349,557
6566001,213,177:13:20,6,s_computer_F_gen,true
6566001,210,177:13:23,1014,534
6566001,207,177:13:31,6,-512,-47
6566001,211,177:13:33,407,214
6566001,213,177:13:33,6,s_poster_F_gen,true
6566001,205,177:13:33,6,s_poster_F_gen,false,true
6566001,210,177:13:37,566,328
6566001,207,177:13:39,6,-47,-17
6566001,211,177:13:42,718,308
6566001,212,177:13:43,2
6566001,210,177:13:43,699,348
6566001,207,177:13:45,6,-17,-272
6566001,211,177:13:46,941,571
6566001,213,177:13:46,6,s_chairClothes_F_G10a0,true
6566001,210,177:13:48,653,188
6566001,207,177:13:49,6,-272,-242
6566001,211,177:13:49,469,331
6566001,221,177:14:47,6
6566001,220,177:14:50,6
6566001,1003,177:14:50,3
6566001,219,177:14:56,6
6566001,216,177:14:57,Stack_G10a1N
6566001,217,177:15:6,Stack_G10a1N,7.7,0.33
6566001,216,177:15:9,Stack_G10a1N
6566001,217,177:15:17,Stack_G10a1N,7.3,0.67
6566001,216,177:15:21,Stack_G10a1N
6566001,217,177:15:30,Stack_G10a1N,7.7,0.33
6566001,218,177:15:31,6
6566001,210,177:15:32,750,500
6566001,207,177:15:33,6,-200,-5
6566001,211,177:15:34,644,345
6566001,213,177:15:34,6,s_closet_F_G10a1N,true
6566001,210,177:15:44,793,563
6566001,211,177:15:44,780,594
6566001,213,177:15:44,6,s_crushClothes_F_G10a1N,true
6566001,210,177:15:57,604,242
6566001,211,177:15:57,538,200
6566001,213,177:15:57,6,s_calendar_F_gen,true
6566001,210,177:16:3,409,252
6566001,211,177:16:5,871,295
6566001,213,177:16:5,6,s_door_F_gen,true
6566001,210,177:16:12,872,286
6566001,207,177:16:15,6,-5,-140
6566001,211,177:16:16,1220,365
6566001,207,177:16:16,6,-140,-215
6566001,210,177:16:17,1250,291
6566001,207,177:16:17,6,-215,-290
6566001,211,177:16:18,1097,277
6566001,213,177:16:18,6,s_mirror_F_G10a1N,true
6566001,205,177:16:18,6,s_mirror_F_G10a1N,false,false
6566001,210,177:16:23,1333,544
6566001,207,177:16:24,6,-290,-485
6566001,211,177:16:25,1339,567
6566001,213,177:16:25,6,s_computer_F_gen,true
6566001,210,177:16:30,1286,249
6566001,211,177:16:32,1269,344
6566001,213,177:16:32,6,s_window_F_G10a1N,true
6566001,210,177:16:35,1432,285
6566001,207,177:16:41,6,-485,-50
6566001,207,177:16:43,6,-50,0
6566001,211,177:16:45,184,450
6566001,213,177:16:45,6,c_crush1_F_b_G10a1N,true
6566001,205,177:16:45,6,c_crush1_F_b_G10a1N,false,false
6566001,210,177:16:49,873,341
6566001,207,177:16:50,6,0,-90
6566001,211,177:16:51,981,297
6566001,212,177:16:51,1
6566001,210,177:16:52,1019,320
6566001,207,177:17:2,6,-90,-390
6566001,211,177:17:5,1013,376
6566001,212,177:17:5,2
6566001,210,177:17:6,1010,366
6566001,211,177:17:6,1081,451
6566001,212,177:17:7,0
6566001,210,177:17:7,1004,360
6566001,211,177:17:8,1012,385
6566001,210,177:17:9,1026,370
6566001,211,177:17:9,1009,364
6566001,213,177:17:9,6,s_picture_F_G10a1N,true
6566001,205,177:17:9,6,s_picture_F_G10a1N,false,false
6566001,210,177:17:24,977,274
6566001,211,177:17:25,994,286
6566001,212,177:17:25,1
6566001,210,177:17:26,1013,265
6566001,211,177:17:27,993,284
6566001,212,177:17:27,2
6566001,210,177:17:28,973,259
6566001,211,177:17:29,986,293
6566001,212,177:17:29,0
6566001,210,177:17:30,1174,496
6566001,207,177:17:31,6,-390,-465
6566001,207,177:17:32,6,-465,-512
6566001,207,177:17:36,6,-512,-92
6566001,207,177:17:38,6,-92,-2
6566001,211,177:17:40,510,486
6566001,213,177:17:40,6,s_condom_F_G10a1N,true
6566001,205,177:17:40,6,s_condom_F_G10a1N,false,false
6566001,210,177:17:48,122,419
6566001,211,177:17:50,326,302
6566001,210,177:17:52,486,458
6566001,211,177:17:54,508,486
6566001,213,177:17:54,6,s_condom_F_G10a1N,true
6566001,205,177:17:54,6,s_condom_F_G10a1N,false,true
6566001,210,177:17:59,183,456
6566001,211,177:17:59,633,327
6566001,213,177:17:59,6,s_closet_F_G10a1N,true
6566001,221,177:18:4,6
6566001,220,177:18:5,6
6566001,1003,177:18:5,3
6566001,219,177:18:10,6
6566001,216,177:18:11,Stack_G10a2N
6566001,217,177:18:30,Stack_G10a2N,13,0.00
6566001,218,177:18:31,6
6566001,210,177:18:33,811,356
6566001,211,177:18:38,359,407
6566001,213,177:18:38,6,s_curtain_G10a2N,true
6566001,210,177:19:25,638,271
6566001,207,177:19:29,6,-200,-492
6566001,211,177:19:32,1018,444
6566001,213,177:19:32,6,s_kleenex_G10a2N,true
6566001,210,177:19:36,1063,207
6566001,207,177:19:39,6,-492,0
6566001,211,177:19:46,248,610
6566001,213,177:19:46,6,s_pamphlet2_G10a2N,true
6566001,210,177:19:52,767,134
6566001,211,177:19:54,664,269
6566001,212,177:19:55,2
6566001,210,177:19:55,673,332
6566001,211,177:19:57,640,374
6566001,213,177:19:57,6,s_cot_G10a2N,true
6566001,210,177:20:1,507,341
6566001,207,177:20:11,6,0,-492
6566001,211,177:20:22,745,177
6566001,212,177:20:22,0
6566001,210,177:20:23,1373,600
6566001,211,177:20:25,1112,547
6566001,212,177:20:25,1
6566001,210,177:20:26,1408,385
6566001,207,177:20:28,6,-492,-327
6566001,211,177:20:30,615,325
6566001,213,177:20:30,6,c_nurse_G10a2N,true
6566001,205,177:20:30,6,c_nurse_G10a2N,false,false
6566001,210,177:20:37,561,280
6566001,211,177:20:39,474,229
6566001,212,177:20:40,0
6566001,210,177:20:40,530,303
6566001,211,177:20:42,486,227
6566001,212,177:20:42,2
6566001,210,177:20:43,417,287
6566001,211,177:20:44,487,244
6566001,213,177:20:44,6,s_pamphlet5_G10a2N,true
6566001,205,177:20:44,6,s_pamphlet5_G10a2N,false,false
6566001,210,177:20:49,452,166
6566001,211,177:20:59,798,510
6566001,212,177:21:0,1
6566001,210,177:21:1,1001,502
6566001,207,177:21:5,6,-327,0
6566001,211,177:21:7,339,523
6566001,221,177:21:12,6
6566001,220,177:21:19,6
6566001,210,177:21:20,315,557
6566001,211,177:21:20,576,399
6566001,210,177:21:22,928,404
6566001,211,177:21:32,491,431
6566001,212,177:21:33,0
6566001,210,177:21:33,436,382
6566001,211,177:21:34,339,443
6566001,213,177:21:34,6,s_clock_F_G10a0,true
6566001,210,177:21:38,279,540
6566001,207,177:21:38,6,-200,-125
6566001,211,177:21:41,593,596
6566001,212,177:21:42,2
6566001,210,177:21:43,290,570
6566001,211,177:21:44,262,608
6566001,212,177:21:44,0
6566001,210,177:21:45,289,545
6566001,211,177:21:46,284,599
6566001,212,177:21:47,1
6566001,210,177:21:47,299,591
6566001,211,177:21:48,274,599
6566001,213,177:21:48,6,s_cellPhone_F_G10a0,true
6566001,205,177:21:48,6,s_cellPhone_F_G10a0,false,true
6566001,210,177:22:52,609,384
6566001,211,177:22:54,881,297
6566001,213,177:22:54,6,s_door_F_gen,true
6566001,210,177:23:0,939,229
6566001,207,177:23:0,6,-125,-185
6566001,207,177:23:2,6,-185,-512
6566001,211,177:23:6,1060,452
6566001,210,177:23:6,1012,328
6566001,211,177:23:6,1011,327
6566001,212,177:23:7,2
6566001,210,177:23:7,1070,416
6566001,211,177:23:15,1158,370
6566001,212,177:23:16,1
6566001,210,177:23:17,1084,414
6566001,211,177:23:19,1214,407
6566001,212,177:23:20,0
6566001,210,177:23:21,1104,393
6566001,211,177:23:22,1048,441
6566001,210,177:23:23,1036,305
6566001,211,177:23:29,1125,611
6566001,212,177:23:30,2
6566001,210,177:23:30,1424,567
6566001,211,177:23:32,1195,559
6566001,212,177:23:32,1
6566001,210,177:23:33,1379,505
6566001,207,177:23:40,6,-512,0
6566001,211,177:23:47,137,271
6566001,213,177:23:47,6,s_pictureFamily_F_G10a0,true
6566001,210,177:23:51,181,233
6566001,211,177:23:58,324,304
6566001,212,177:23:59,2
6566001,210,177:23:59,286,273
6566001,211,177:24:4,144,83
6566001,212,177:24:5,0
6566001,210,177:24:6,203,190
6566001,211,177:24:9,37,175
6566001,210,177:24:10,149,403
6566001,211,177:24:21,905,306
6566001,204,177:24:23,6
6566001,100,177:24:26,10
6566001,102,177:24:27,10
6566001,200,177:24:27,10,14,15,17,18,24
6566001,219,177:24:27,10
6566001,216,177:24:28,Stack_G12a0
6566001,217,177:24:40,Stack_G12a0,10,1.0
6566001,218,177:24:42,10
6566001,210,177:24:43,739,403
6566001,211,177:24:45,985,144
6566001,210,177:24:45,792,157
6566001,211,177:24:47,368,631
6566001,213,177:24:47,10,s_magazine_G12a0,true
6566001,210,177:24:52,751,261
6566001,211,177:24:53,992,91
6566001,212,177:24:54,1
6566001,210,177:24:54,939,112
6566001,211,177:24:56,776,454
6566001,212,177:24:57,2
6566001,210,177:24:57,771,404
6566001,211,177:25:0,127,278
6566001,210,177:32:6,970,128
6566001,211,177:32:6,973,150
6566001,213,177:32:6,10,s_pictureDad_afri_gen,false
6566001,1003,177:32:13,2
6566001,1004,177:32:17,2
6566001,900,177:32:20,2,[]
6566001,901,177:33:46,2,[PeopleData_id:6]
6566001,904,177:33:46,2,[PeopleData_id:6]
6566001,905,177:33:46,2,[PeopleData_id:6,RankTypes_id:-1,RankTypes_id:2]
6566001,901,177:33:47,2,[PeopleData_id:3]
6566001,904,177:33:47,2,[PeopleData_id:3]
6566001,901,177:33:48,2,[PeopleData_id:1]
6566001,904,177:33:48,2,[PeopleData_id:1]
6566001,905,177:33:48,2,[PeopleData_id:1,RankTypes_id:-1,RankTypes_id:3]
6566001,901,177:33:48,2,[PeopleData_id:3]
6566001,904,177:33:48,2,[PeopleData_id:3]
6566001,905,177:33:48,2,[PeopleData_id:3,RankTypes_id:-1,RankTypes_id:3]
6566001,901,177:33:48,2,[PeopleData_id:0]
6566001,904,177:33:49,2,[PeopleData_id:0]
6566001,905,177:33:49,2,[PeopleData_id:0,RankTypes_id:-1,RankTypes_id:1]
6566001,901,177:33:49,2,[PeopleData_id:5]
6566001,904,177:33:49,2,[PeopleData_id:5]
6566001,905,177:33:49,2,[PeopleData_id:5,RankTypes_id:-1,RankTypes_id:0]
6566001,901,177:33:49,2,[PeopleData_id:2]
6566001,904,177:33:49,2,[PeopleData_id:2]
6566001,901,177:33:50,2,[PeopleData_id:2]
6566001,904,177:33:50,2,[PeopleData_id:2]
6566001,905,177:33:50,2,[PeopleData_id:2,RankTypes_id:-1,RankTypes_id:2]
6566001,901,177:33:51,2,[PeopleData_id:4]
6566001,904,177:33:51,2,[PeopleData_id:4]
6566001,905,177:33:51,2,[PeopleData_id:4,RankTypes_id:-1,RankTypes_id:2]
6566001,906,177:33:51,2,[]
6566001,907,177:33:53,2,[]
6566001,908,177:33:53,2,[InvitationData_id:1,PeopleData_id:1,RankTypes_id:3]
6566001,909,177:33:54,2,[InvitationData_id:1,PeopleData_id:1,RankTypes_id:3,1]
6566001,910,177:33:54,2,[InvitationData_id:1,0,true]
6566001,908,177:33:54,2,[InvitationData_id:8,PeopleData_id:2,RankTypes_id:2]
6566001,909,177:33:55,2,[InvitationData_id:8,PeopleData_id:2,RankTypes_id:2,1]
6566001,910,177:33:55,2,[InvitationData_id:8,0,true]
6566001,908,177:33:55,2,[InvitationData_id:2,PeopleData_id:3,RankTypes_id:3]
6566001,909,177:33:56,2,[InvitationData_id:2,PeopleData_id:3,RankTypes_id:3,1]
6566001,910,177:33:57,2,[InvitationData_id:2,7,false]
6566001,908,177:33:57,2,[InvitationData_id:7,PeopleData_id:1,RankTypes_id:3]
6566001,909,177:33:58,2,[InvitationData_id:7,PeopleData_id:1,RankTypes_id:3,1]
6566001,910,177:33:58,2,[InvitationData_id:7,0,true]
6566001,912,177:33:59,2,[]
6566001,1001,177:34:1,2,[]
6566001,1003,177:34:1,2
6566001,1004,177:34:3,5
6566001,1002,177:34:5,5
6566001,1003,177:34:5,2
6566001,300,177:34:19
6566001,301,177:34:21,6
6566001,302,177:34:29,6,2,0,0
6566001,304,177:34:30,6,2,0,-1,,0,
6566001,302,177:34:35,6,3,0,3
6566001,303,177:34:36,6,3,0,3
6566001,304,177:34:43,6,3,0,-1,,3,FRUITS
6566001,302,177:34:49,6,4,0,2
6566001,303,177:34:53,6,4,0,2
6566001,306,177:34:56,6,0,1
6566001,304,177:34:56,6,4,0,-1,,2,TABACCO
6566001,302,177:35:1,6,0,0,0
6566001,304,177:35:3,6,0,0,-1,,0,
6566001,302,177:35:6,6,1,0,0
6566001,304,177:35:7,6,1,0,-1,,0,
6566001,302,177:35:12,6,0,0,1
6566001,304,177:35:13,6,0,0,0,,1,
6566001,302,177:35:15,6,0,1,2
6566001,306,177:35:15,6,1,2
6566001,304,177:35:15,6,0,1,-1,,2,
6566001,302,177:35:18,6,0,2,4
6566001,304,177:35:19,6,0,2,-1,,4,
6566001,302,177:35:22,6,0,1,5
6566001,304,177:35:22,6,0,1,2,,5,
6566001,302,177:35:27,6,1,1,3
6566001,302,177:35:27,6,1,1,1
6566001,302,177:35:28,6,1,1,4
6566001,302,177:35:29,6,1,1,2
6566001,304,177:35:29,6,1,1,-1,,2,
6566001,302,177:35:31,6,1,2,3
6566001,306,177:35:31,6,2,3
6566001,304,177:35:31,6,1,2,-1,,3,
6566001,300,177:35:33
6566001,103,177:35:40
6566001,105,177:35:41
6566001,703,177:35:43,[|| EpilogueItem ID: 0 unlocked: true ||,|| EpilogueItem ID: 1 unlocked: true ||,|| EpilogueItem ID: 2 unlocked: true ||,|| EpilogueItem ID: 3 unlocked: true ||,|| EpilogueItem ID: 4 unlocked: true ||,|| EpilogueItem ID: 5 unlocked: false ||,|| EpilogueItem ID: 6 unlocked: false ||,|| EpilogueItem ID: 7 unlocked: false ||,|| EpilogueItem ID: 8 unlocked: false ||,|| EpilogueItem ID: 9 unlocked: false ||,|| EpilogueItem ID: 10 unlocked: false ||,|| EpilogueItem ID: 11 unlocked: false ||,|| EpilogueItem ID: 12 unlocked: false ||,|| EpilogueItem ID: 13 unlocked: true ||,|| EpilogueItem ID: 14 unlocked: false ||,|| EpilogueItem ID: 15 unlocked: false ||,|| EpilogueItem ID: 16 unlocked: false ||,|| EpilogueItem ID: 17 unlocked: false ||,|| EpilogueItem ID: 18 unlocked: false ||,|| EpilogueItem ID: 19 unlocked: false ||,|| EpilogueItem ID: 20 unlocked: false ||,|| EpilogueItem ID: 21 unlocked: false ||,|| EpilogueItem ID: 22 unlocked: false ||,|| EpilogueItem ID: 23 unlocked: false ||,|| EpilogueItem ID: 24 unlocked: false ||],0.24
6566001,706,177:35:43,(x=175, y=-100, w=1024, h=768),(x=562, y=-100, w=1024, h=768)
6566001,704,177:35:43,16
6566001,705,177:35:45,16,true
6566001,706,177:35:45,(x=544, y=-100, w=1024, h=768),(x=2531, y=-100, w=1024, h=768)
6566001,706,177:35:46,(x=2527, y=-100, w=1024, h=768),(x=2512, y=-100, w=1024, h=768)
6566001,708,177:35:46
6566001,1,177:35:46,12/12/2013 4:53:14pm,{"gameTime":639346621,"challengeStacks":[{"challengeScenes":[{"miniGameCards":[],"viewedAnimatic":true,"keyPoints":["c_bestFriend_F_a_G7a0","c_teacherEng_G7a0","s_flag_gen"],"unlocked":true,"touchableObjects":["s_otherStudent1_G7a0","c_crewKid1_F_G7a0","c_friend1_F_a_G7a0","s_vocabAssignment_G7a0","s_doorClassroom_G7a0","s_shakespearePoster_gen","s_atwoodPoster_gen","s_angelouPoster_gen","s_poePoster_gen","s_clock_G7a0","c_bestFriend_F_a_G7a0","c_teacherEng_G7a0","s_flag_gen"]},{"miniGameCards":[],"viewedAnimatic":true,"keyPoints":["c_teacherEng_G7a1N","c_bestFriend_F_a_G7a1N","s_paperPlayers_G7a1N"],"unlocked":true,"touchableObjects":["s_otherStudent1_G7a1N","s_otherStudent2_G7a1N","c_crewKid1_F_G7a1N","c_teacherEng_G7a1N","c_bestFriend_F_a_G7a1N","s_poePoster_gen","s_shakespearePoster_gen","s_angelouPoster_gen","s_atwoodPoster_gen","s_posterPlagiarism_gen","s_flag_gen","s_paperPlayers_G7a1N"]},{"miniGameCards":[],"viewedAnimatic":true,"keyPoints":["c_teacherEng_G7a1P","s_flag_gen","c_bestFriend_F_a_G7a1P","s_paperEnglish_gen"],"unlocked":true,"touchableObjects":["c_teacherEng_G7a1P","s_clock_G7a1P","s_poePoster_gen","s_shakespearePoster_gen","s_angelouPoster_gen","s_atwoodPoster_gen","s_paperPlayers_G7a1P","s_flag_gen","c_bestFriend_F_a_G7a1P","s_papersDetention_gen","s_paperEnglish_gen"]}],"stackSize":3,"resolved":true},{"challengeScenes":[{"miniGameCards":[],"viewedAnimatic":true,"keyPoints":["s_backpack_F_G7b0","c_kidSister_afri_a_G7b0","c_crewKid1_F_G7b0"],"unlocked":true,"touchableObjects":["c_crewKid2_F_G7b0","c_cousinsBrother_a_G7b0","s_lifeguard_G7b0","s_backpack_F_G7b0","c_cousinsBrothersFriend_a_G7b0","c_kidSister_afri_a_G7b0","c_cousin_F_a_G7b0","c_crewKid1_F_G7b0","s_snackBarWorker_G7b0","c_cousinsBrothersFriendsGF_G7b0"]},{"miniGameCards":[],"viewedAnimatic":true,"keyPoints":["s_brokenCarWindow_G7b1N","s_graffiti_G7b1N","s_sprayPaintCan_G7b1N","c_kidSister_afri_a_G7b1N","c_crewKid1_F_G7b1N"],"unlocked":true,"touchableObjects":["c_policeOfficer_G7b1N","c_teacherEng_G7b1N","c_cousin_F_a_G7b1N","s_brokenCarWindow_G7b1N","c_crewKid2_F_a_G7b1N","s_cat_G7b1N","s_graffiti_G7b1N","s_sprayPaintCan_G7b1N","s_flag_G7b1N","c_kidSister_afri_a_G7b1N","s_wreckedPlants_G7b1N","c_crewKid1_F_G7b1N"]},{"miniGameCards":[],"viewedAnimatic":true,"keyPoints":["c_cousinsBrother_a_G7b1P","c_cousin_F_a_G7b1P","c_cousinsBrothersFriend_a_G7b1P","s_poolDay_ruleSign_G7b1P"],"unlocked":true,"touchableObjects":["c_kidSister_afri_a_G7b1P","c_crush1_F_a_G7b1P","c_cousinsBrother_a_G7b1P","c_cousin_F_a_G7b1P","c_cousinsBrothersFriend_a_G7b1P","s_poolDay_ruleSign_G7b1P"]},{"miniGameCards":[],"viewedAnimatic":true,"keyPoints":["c_cousin_F_a_G7b2N","c_kidSister_afri_a_G7b2N","s_kid1_G7b2N","c_crush1_F_a_G7b2N"],"unlocked":true,"touchableObjects":["c_cousin_F_a_G7b2N","c_kidSister_afri_a_G7b2N","s_kidPool1_G7b2N","s_kidPool2_G7b2N","s_lifeguard_G7b2N","s_kid1_G7b2N","c_cousinsBrother_a_G7b2N","s_cousinsBFgirlfriend_G7b2N","c_crush1_F_a_G7b2N"]},{"miniGameCards":[],"viewedAnimatic":true,"keyPoints":["s_pictureDad_afri_F_gen","c_kidSister_afri_a_G7b2P","s_computer_F_G7b2P","c_cousin_F_a_G7b2P"],"unlocked":true,"touchableObjects":["s_closet_F_G7b2P","s_pictureDad_afri_F_gen","c_kidSister_afri_a_G7b2P","s_calendar_F_gen","c_grandma_afri_a_G7b2P","s_computer_F_G7b2P","c_cousin_F_a_G7b2P"]}],"stackSize":5,"resolved":true},{"challengeScenes":[{"miniGameCards":[],"viewedAnimatic":true,"keyPoints":["c_crush2_F_a_G8a0","c_cousin_F_a_G8a0","s_cellphone_G8a0","s_clock_G8a0","s_bottleCrush2_F_G8a0"],"unlocked":true,"touchableObjects":["c_crush2_F_a_G8a0","c_friend1_F_G8a0","c_cousin_F_a_G8a0","s_beerSixpack_G8a0","s_cigaretteKid1_G8a0","s_stairs_G8a0","s_beerCooler_G8a0","c_crewKid1_F_a_G8a0","s_bottleTable_G8a0","s_cellphone_G8a0","s_clock_G8a0","s_bottleFloor_G8a0","s_bottleCrush2_F_G8a0"]},{"miniGameCards":[],"viewedAnimatic":true,"keyPoints":["s_crush2Lips_F_G8a1N","s_crush2Eyes_F_G8a1N","s_basementDoor_gen","s_dirtyClothes_gen","s_crush2Sore_F_G8a1N"],"unlocked":true,"touchableObjects":["c_crush2_F_a_G8a1N","s_dryer_G8a1N","s_waterHeater_gen","s_stairs_G8a1N","s_inhalantsShelf_gen","s_crush2Lips_F_G8a1N","s_crush2Eyes_F_G8a1N","s_basementDoor_gen","s_dirtyClothes_gen","s_crush2Sore_F_G8a1N"]},{"miniGameCards":[],"viewedAnimatic":true,"keyPoints":["c_crush2_F_a_G8a1P","s_inhalantsShelf_gen","s_dirtyClothes_gen","s_basementDoor_gen"],"unlocked":true,"touchableObjects":["s_spraypaintCrush2_F_G8a1P","c_crush2_F_a_G8a1P","s_waterHeater_gen","s_inhalantsShelf_gen","s_dirtyClothes_gen","s_basementDoor_gen"]},{"miniGameCards":[],"viewedAnimatic":true,"keyPoints":["c_crush2_F_a_G8a2N","s_spraypaintCan_G8a2N"],"unlocked":true,"touchableObjects":["c_friend1_F_a_G8a2N","c_crush2_F_a_G8a2N","s_fumes_G8a2N","s_spraypaintCan_G8a2N"]},{"miniGameCards":[],"viewedAnimatic":true,"keyPoints":["s_pictureDad_afri_gen","c_kidSister_afri_a_G8a2P","s_magazine_G8a2P","s_sistersToy_G8a2P","c_crush2_F_a_G8a2P"],"unlocked":true,"touchableObjects":["s_cigarette_G8a2P","s_pictureDad_afri_gen","s_teaCup_G8a2P","s_videoGame_G8a2P","c_kidSister_afri_a_G8a2P","s_stairs_G8a2P","s_magazine_G8a2P","s_sistersToy_G8a2P","c_crush2_F_a_G8a2P"]},{"miniGameCards":[],"viewedAnimatic":true,"keyPoints":["s_mirror_afri_F_a_G8a3N","c_nurse_a_G8a3N","s_pamphlet3_G8a3N","s_pamphlet1_G8a3N"],"unlocked":true,"touchableObjects":["s_poster_G8a3N","s_phone_G8a3N","s_door_G8a3N","s_mirror_afri_F_a_G8a3N","c_nurse_a_G8a3N","s_pamphlet3_G8a3N","s_pamphlet1_G8a3N"]},{"miniGameCards":[],"viewedAnimatic":true,"keyPoints":["c_crush2_F_a_G8a3P","s_kidsCouch_G8a3P"],"unlocked":true,"touchableObjects":["c_crush2_F_a_G8a3P","c_cousin_F_a_G8a3P","s_kidsCouch_G8a3P","s_window_G8a3P","c_crewKid1_F_a_G8a3P","c_friend1_F_a_G8a3P"]}],"stackSize":7,"resolved":true},{"challengeScenes":[{"miniGameCards":[],"viewedAnimatic":true,"keyPoints":["c_friend1_F_a_G8b0","s_pillBottle_G8b0","c_kidSister_afri_a_G8b0"],"unlocked":true,"touchableObjects":["c_friend1_F_a_G8b0","c_grandma_afri_a_G8b0","s_pillBottle_G8b0","s_cigarette_G8b0","s_pictureDad_afri_gen","s_pictureMom_afri_gen","c_kidSister_afri_a_G8b0"]},{"miniGameCards":[],"viewedAnimatic":true,"keyPoints":["c_friend1_F_a_G8b1N","c_kidSister_afri_a_G8b1N","c_grandma_afri_a_G8b1N"],"unlocked":true,"touchableObjects":["c_friend1_F_a_G8b1N","c_kidSister_afri_a_G8b1N","s_pillBottle_G8b1N","c_grandma_afri_a_G8b1N"]},{"miniGameCards":[],"viewedAnimatic":true,"keyPoints":["s_pillBottle_F_G8b1P","c_grandma_afri_a_G8b1P","c_friend1_F_a_G8b1P"],"unlocked":true,"touchableObjects":["s_pillBottle_F_G8b1P","s_tvGuide_G8b1P","c_grandma_afri_a_G8b1P","c_kidSister_afri_a_G8b1P","c_friend1_F_a_G8b1P"]},{"miniGameCards":[],"viewedAnimatic":true,"keyPoints":["s_sandwichBagPills_G8b2N","c_teacherEng_G8b2N","c_crewKid2_F_a_G8b2N","s_clock_G8b2N","c_friend1_F_a_G8b2N"],"unlocked":true,"touchableObjects":["s_kid2_G8b2N","s_kid5_G8b2N","s_camera_gen","s_sandwichBagPills_G8b2N","s_kid3_G8b2N","c_teacherEng_G8b2N","s_kid4_G8b2N","c_crewKid2_F_a_G8b2N","s_clock_G8b2N","c_friend1_F_a_G8b2N"]},{"miniGameCards":[],"viewedAnimatic":true,"keyPoints":["c_friend1_F_a_G8b2P","s_pillBottle_G8b2P","c_grandma_afri_a_G8b2P"],"unlocked":true,"touchableObjects":["c_friend1_F_a_G8b2P","s_videoGameScreen_G8b2P","c_mom_afri_a_G8b2P","c_kidSister_afri_a_G8b2P","s_pillBottle_G8b2P","c_grandma_afri_a_G8b2P"]}],"stackSize":5,"resolved":true},{"challengeScenes":[{"miniGameCards":[],"viewedAnimatic":true,"keyPoints":["s_bathingSuit_F_G9a0","s_door_F_gen","s_cellPhone_F_G9a0","s_clock_F_G9a0"],"unlocked":true,"touchableObjects":["s_calendar_F_gen","s_bathingSuit_F_G9a0","s_window_F_G9a0","s_door_F_gen","s_cellPhone_F_G9a0","s_clock_F_G9a0"]},{"miniGameCards":[],"viewedAnimatic":true,"keyPoints":["c_policeOfficer_G9a1N","s_kid3_G9a1N","s_fence_G9a1N","c_cousin_F_a_G9a1N"],"unlocked":true,"touchableObjects":["c_cousinsBrothersFriend_a_G9a1N","c_policeOfficer_G9a1N","s_kid4_G9a1N","s_kid3_G9a1N","s_poolNight_ruleSign_G9a1N","s_potSmokeCloud_G9a1N","s_policeCar_G9a1N","s_fence_G9a1N","c_cousin_F_a_G9a1N","s_bathingSuits_G9a1N"]},{"miniGameCards":[],"viewedAnimatic":true,"keyPoints":["c_cousin_F_a_G9a1P","s_calendar_F_gen","s_door_F_gen","s_poster_F_gen","s_joint_F_G9a1P"],"unlocked":true,"touchableObjects":["c_cousin_F_a_G9a1P","s_calendar_F_gen","s_computer_F_gen","s_door_F_gen","s_poster_F_gen","s_joint_F_G9a1P"]},{"miniGameCards":[],"viewedAnimatic":true,"keyPoints":["c_kidSister_afri_a_G9a2N","c_cousin_F_a_G9a2N","c_mom_afri_a_G9a2N","s_potSmokeCloud_F_G9a2N","s_pictureDad_afri_F_gen"],"unlocked":true,"touchableObjects":["s_cookieTrayEmpty_F_G9a2N","c_kidSister_afri_a_G9a2N","c_cousin_F_a_G9a2N","c_mom_afri_a_G9a2N","s_potSmokeCloud_F_G9a2N","s_pictureDad_afri_F_gen"]},{"miniGameCards":[],"viewedAnimatic":true,"keyPoints":["c_mom_afri_a_G9a2P","c_cousin_F_a_G9a2P","s_pizzaBox_G9a2P","s_door_gen"],"unlocked":true,"touchableObjects":["c_kidSister_afri_a_G9a2P","c_mom_afri_a_G9a2P","c_cousin_F_a_G9a2P","c_grandma_afri_a_G9a2P","s_pictureDad_afri_gen","s_pizzaBox_G9a2P","s_door_gen"]}],"stackSize":5,"resolved":true},{"challengeScenes":[{"miniGameCards":[],"viewedAnimatic":true,"keyPoints":["s_computer_F_gen","s_mirror_F_G9b0","s_pictureDad_afri_F_gen"],"unlocked":true,"touchableObjects":["s_closet_F_G9b0","c_cousin_F_a_G9b0","c_kidSister_afri_a_G9b0","s_calendar_F_gen","s_computer_F_gen","s_mirror_F_G9b0","s_pictureDad_afri_F_gen","s_cellPhone_F_G9b0"]},{"miniGameCards":[],"viewedAnimatic":true,"keyPoints":["c_teacherEng_G9b1N","c_cousin_F_a_G9b1N","s_joint_G9b1N","c_kidSister_afri_a_G9b1N","s_clock_G9b1N","s_beerBottle_G9b1N","s_brokenLamp_G9b1N"],"unlocked":true,"touchableObjects":["c_teacherEng_G9b1N","s_photoCracked_G9b1N","s_coupleOnCouch_G9b1N","s_puddleFloor_G9b1N","s_boomBox_G9b1N","c_cousin_F_a_G9b1N","s_pictureDaddark_afri_gen","s_joint_G9b1N","c_kidSister_afri_a_G9b1N","s_clock_G9b1N","s_beerBottle_G9b1N","s_ashtray_G9b1N","s_brokenLamp_G9b1N"]},{"miniGameCards":[],"viewedAnimatic":true,"keyPoints":["c_bestFriend_F_a_G9b1P","c_friend1_F_a_G9b1P","c_crush1_F_a_G9b1P","s_pictureMomdark_afri_G9b1P","c_cousin_F_a_G9b1P","s_pictureDaddark_afri_gen","s_kidsGroupKitchen_G9b1P"],"unlocked":true,"touchableObjects":["c_bestFriend_F_a_G9b1P","c_kidSister_afri_a_G9b1P","c_friend1_F_a_G9b1P","s_door_G9b1P","c_crush1_F_a_G9b1P","s_beerBottle_G9b1P","s_pictureMomdark_afri_G9b1P","c_cousin_F_a_G9b1P","s_pictureDaddark_afri_gen","s_kidsGroupKitchen_G9b1P"]},{"miniGameCards":[],"viewedAnimatic":true,"keyPoints":[],"unlocked":true,"touchableObjects":[]},{"miniGameCards":[],"viewedAnimatic":false,"keyPoints":[],"unlocked":false,"touchableObjects":[]}],"stackSize":5,"resolved":false},{"challengeScenes":[{"miniGameCards":[],"viewedAnimatic":true,"keyPoints":["c_crush1_F_b_G10a0","s_poster_F_gen","s_cellPhone_F_G10a0","s_window_F_G10a0"],"unlocked":true,"touchableObjects":["s_bed2_F_G10a0","c_crush1_F_b_G10a0","s_door_F_gen","s_chairClothes_F_G10a0","s_calendar_F_gen","s_poster_F_gen","s_cellPhone_F_G10a0","s_computer_F_gen","s_bed1_F_G10a0","s_clock_F_G10a0","s_window_F_G10a0","s_pictureFamily_F_G10a0"]},{"miniGameCards":[],"viewedAnimatic":true,"keyPoints":["s_mirror_F_G10a1N","c_crush1_F_b_G10a1N","s_picture_F_G10a1N","s_condom_F_G10a1N"],"unlocked":true,"touchableObjects":["s_closet_F_G10a1N","s_crushClothes_F_G10a1N","s_calendar_F_gen","s_door_F_gen","s_mirror_F_G10a1N","s_computer_F_gen","s_window_F_G10a1N","c_crush1_F_b_G10a1N","s_picture_F_G10a1N","s_condom_F_G10a1N"]},{"miniGameCards":[],"viewedAnimatic":false,"keyPoints":[],"unlocked":false,"touchableObjects":[]},{"miniGameCards":[],"viewedAnimatic":true,"keyPoints":["c_nurse_G10a2N","s_pamphlet5_G10a2N"],"unlocked":true,"touchableObjects":["s_curtain_G10a2N","s_kleenex_G10a2N","s_pamphlet2_G10a2N","s_cot_G10a2N","c_nurse_G10a2N","s_pamphlet5_G10a2N"]},{"miniGameCards":[],"viewedAnimatic":false,"keyPoints":[],"unlocked":false,"touchableObjects":[]}],"stackSize":5,"resolved":false},{"challengeScenes":[{"miniGameCards":[],"viewedAnimatic":false,"keyPoints":[],"unlocked":false,"touchableObjects":[]},{"miniGameCards":[],"viewedAnimatic":false,"keyPoints":[],"unlocked":false,"touchableObjects":[]},{"miniGameCards":[],"viewedAnimatic":false,"keyPoints":[],"unlocked":false,"touchableObjects":[]},{"miniGameCards":[],"viewedAnimatic":false,"keyPoints":[],"unlocked":false,"touchableObjects":[]},{"miniGameCards":[],"viewedAnimatic":false,"keyPoints":[],"unlocked":false,"touchableObjects":[]}],"stackSize":5,"resolved":false},{"challengeScenes":[{"miniGameCards":[],"viewedAnimatic":true,"keyPoints":[],"unlocked":true,"touchableObjects":[]},{"miniGameCards":[],"viewedAnimatic":true,"keyPoints":[],"unlocked":true,"touchableObjects":[]},{"miniGameCards":[],"viewedAnimatic":false,"keyPoints":[],"unlocked":false,"touchableObjects":[]},{"miniGameCards":[],"viewedAnimatic":false,"keyPoints":[],"unlocked":false,"touchableObjects":[]},{"miniGameCards":[],"viewedAnimatic":false,"keyPoints":[],"unlocked":false,"touchableObjects":[]}],"stackSize":5,"resolved":false},{"challengeScenes":[{"miniGameCards":[],"viewedAnimatic":false,"keyPoints":[],"unlocked":false,"touchableObjects":[]},{"miniGameCards":[],"viewedAnimatic":false,"keyPoints":[],"unlocked":false,"touchableObjects":[]},{"miniGameCards":[],"viewedAnimatic":false,"keyPoints":[],"unlocked":false,"touchableObjects":[]},{"miniGameCards":[],"viewedAnimatic":false,"keyPoints":[],"unlocked":false,"touchableObjects":[]},{"miniGameCards":[],"viewedAnimatic":false,"keyPoints":[],"unlocked":false,"touchableObjects":[]}],"stackSize":5,"resolved":false},{"challengeScenes":[{"miniGameCards":[],"viewedAnimatic":true,"keyPoints":[],"unlocked":true,"touchableObjects":[]},{"miniGameCards":[],"viewedAnimatic":false,"keyPoints":[],"unlocked":true,"touchableObjects":[]},{"miniGameCards":[],"viewedAnimatic":false,"keyPoints":[],"unlocked":false,"touchableObjects":[]},{"miniGameCards":[],"viewedAnimatic":false,"keyPoints":[],"unlocked":true,"touchableObjects":[]},{"miniGameCards":[],"viewedAnimatic":false,"keyPoints":[],"unlocked":false,"touchableObjects":[]}],"stackSize":5,"resolved":false},{"challengeScenes":[{"miniGameCards":[],"viewedAnimatic":false,"keyPoints":[],"unlocked":false,"touchableObjects":[]},{"miniGameCards":[],"viewedAnimatic":false,"keyPoints":[],"unlocked":false,"touchableObjects":[]},{"miniGameCards":[],"viewedAnimatic":false,"keyPoints":[],"unlocked":false,"touchableObjects":[]},{"miniGameCards":[],"viewedAnimatic":false,"keyPoints":[],"unlocked":false,"touchableObjects":[]},{"miniGameCards":[],"viewedAnimatic":false,"keyPoints":[],"unlocked":false,"touchableObjects":[]}],"stackSize":5,"resolved":false},{"challengeScenes":[{"miniGameCards":[],"viewedAnimatic":false,"keyPoints":[],"unlocked":true,"touchableObjects":["c_family_afri_a_G0a0","c_friends_G0a0","c_education_G0a0"]},{"miniGameCards":[],"viewedAnimatic":false,"keyPoints":["c_job_G0a1N","c_family_afri_a_G0a1N","c_home_G0a1N"],"unlocked":true,"touchableObjects":["c_player_afri_F_a_G0a1N","c_job_G0a1N","c_family_afri_a_G0a1N","c_home_G0a1N"]},{"miniGameCards":[],"viewedAnimatic":false,"keyPoints":["c_Nurse_G0a1P","c_mom_afri_a_G0a1P","c_dad_afri_a_G0a1P","c_kidsister_afri_a_G0a1P","c_grandma_afri_a_G0a1P","c_Teacher_G0a1P"],"unlocked":true,"touchableObjects":["c_cousins_F_a_G0a1P","c_friends_G0a1P","c_Nurse_G0a1P","c_mom_afri_a_G0a1P","c_dad_afri_a_G0a1P","c_kidsister_afri_a_G0a1P","c_grandma_afri_a_G0a1P","c_Teacher_G0a1P"]}],"stackSize":3,"resolved":true}],"sessionId":15,"epilogue":{"rating":4},"playerId":6566001,"session":[{"sceneId":"1P","stackId":12},{"sceneId":"1P","stackId":0},{"sceneId":"1P","stackId":1},{"sceneId":"1N","stackId":1},{"sceneId":"2P","stackId":1},{"sceneId":"1P","stackId":4},{"sceneId":"1N","stackId":4},{"sceneId":"3P","stackId":2},{"sceneId":"1P","stackId":2},{"sceneId":"1N","stackId":2},{"sceneId":"2P","stackId":2},{"sceneId":"1P","stackId":3},{"sceneId":"1N","stackId":3},{"sceneId":"2P","stackId":3},{"sceneId":"2P","stackId":4},{"sceneId":"1P","stackId":5},{"sceneId":"1N","stackId":5}],"minigames":[{"levelSaveData":[{"starRating":3,"unlocked":true},{"starRating":2,"unlocked":true},{"starRating":1,"unlocked":true},{"starRating":2,"unlocked":true},{"starRating":0,"unlocked":false},{"starRating":1,"unlocked":true},{"starRating":1,"unlocked":true},{"starRating":2,"unlocked":true},{"starRating":2,"unlocked":true},{"starRating":0,"unlocked":true}],"skillPoints":14},{"levelSaveData":[{"starRating":3,"unlocked":true},{"starRating":3,"unlocked":true},{"starRating":3,"unlocked":true},{"starRating":3,"unlocked":true},{"starRating":3,"unlocked":true},{"starRating":0,"unlocked":true},{"starRating":0,"unlocked":false},{"starRating":0,"unlocked":false},{"starRating":0,"unlocked":true},{"starRating":0,"unlocked":true}],"skillPoints":15},{"levelSaveData":[{"starRating":3,"unlocked":true},{"starRating":3,"unlocked":true},{"starRating":2,"unlocked":true},{"starRating":2,"unlocked":true},{"starRating":0,"unlocked":false},{"starRating":2,"unlocked":true},{"starRating":0,"unlocked":false},{"starRating":2,"unlocked":true},{"starRating":3,"unlocked":true},{"starRating":0,"unlocked":false}],"skillPoints":17},{"levelSaveData":[{"starRating":3,"unlocked":true},{"starRating":3,"unlocked":true},{"starRating":1,"unlocked":true},{"starRating":3,"unlocked":true},{"starRating":3,"unlocked":true},{"starRating":2,"unlocked":true},{"starRating":3,"unlocked":true},{"starRating":0,"unlocked":false},{"starRating":0,"unlocked":false},{"starRating":0,"unlocked":false}],"skillPoints":18},{"age":11,"name":"tashanti","gender":1,"id":0,"levelSaveData":[{"starRating":3,"unlocked":true},{"starRating":3,"chunks":[["3"],["22$$sincere","16$$intelligent"],["1$$giving a hand ","16$$study's","0$$family"],["1"]],"unlocked":true},{"starRating":3,"chunks":[["1"],["12$$being fit","3$$cooking"],["12$$technition","1$$runner"]],"unlocked":true},{"starRating":3,"chunks":[["2$$motorcycle"],["0"],["10"],["0"],["6","4"],["4"]],"unlocked":true},{"starRating":3,"chunks":[["2$$reading"],["3"],["2$$help others","1"],["1"],["4"],["8$$a doctor"]],"unlocked":true},{"starRating":3,"chunks":[["6"],["1","4","4","1"],["8$$HAWAII"],["0$$MALL"]],"unlocked":true},{"starRating":3,"chunks":[["2"],["0"],["2$$MYSELF","5$$MY CHILD"],["2","2"],["1$$TOGETHER FOREV"]],"unlocked":true},{"starRating":3,"chunks":[["1","5","4"],["0","2","3"],["0"],["3$$FRUITS"],["2$$TABACCO"]],"unlocked":true},{"starRating":3,"chunks":[["7","3","4"],["1","6","2"],["0","5"]],"unlocked":true},{"starRating":0,"chunks":[[null],[null],[null],[null],[null],[null]],"unlocked":false}],"visualAvatar":0,"skillPoints":27}],"avatar":{"age":11,"name":"tashanti","gender":1,"id":0,"levelSaveData":[{"starRating":3,"unlocked":true},{"starRating":3,"chunks":[["3"],["22$$sincere","16$$intelligent"],["1$$giving a hand ","16$$study's","0$$family"],["1"]],"unlocked":true},{"starRating":3,"chunks":[["1"],["12$$being fit","3$$cooking"],["12$$technition","1$$runner"]],"unlocked":true},{"starRating":3,"chunks":[["2$$motorcycle"],["0"],["10"],["0"],["6","4"],["4"]],"unlocked":true},{"starRating":3,"chunks":[["2$$reading"],["3"],["2$$help others","1"],["1"],["4"],["8$$a doctor"]],"unlocked":true},{"starRating":3,"chunks":[["6"],["1","4","4","1"],["8$$HAWAII"],["0$$MALL"]],"unlocked":true},{"starRating":3,"chunks":[["2"],["0"],["2$$MYSELF","5$$MY CHILD"],["2","2"],["1$$TOGETHER FOREV"]],"unlocked":true},{"starRating":3,"chunks":[["1","5","4"],["0","2","3"],["0"],["3$$FRUITS"],["2$$TABACCO"]],"unlocked":true},{"starRating":3,"chunks":[["7","3","4"],["1","6","2"],["0","5"]],"unlocked":true},{"starRating":0,"chunks":[[null],[null],[null],[null],[null],[null]],"unlocked":false}],"visualAvatar":0,"skillPoints":27}}
