6566001,0,177:35:46,12/19/2013 4:15:04pm
6566001,100,177:36:11,10
6566001,101,177:36:12,10
6566001,100,177:36:14,10
6566001,102,177:36:15,10
6566001,200,177:36:15,10,14,15,17,18,27
6566001,210,177:36:17,735,484
6566001,211,177:36:18,723,506
6566001,213,177:36:18,10,c_mom_afri_G12a0,false
6566001,1003,177:36:22,2
6566001,1004,177:36:24,2
6566001,1002,177:36:28,2
6566001,1003,177:36:29,2
6566001,1004,177:36:33,7
6566001,1002,177:36:35,7
6566001,1003,177:36:35,2
6566001,1004,177:36:35,5
6566001,1002,177:36:37,5
6566001,1003,177:36:37,2
6566001,1004,177:36:37,3
6566001,1002,177:36:39,3
6566001,1003,177:36:39,2
6566001,1004,177:36:40,2
6566001,900,177:36:41,2,[]
6566001,1002,177:36:45,2
6566001,1003,177:36:45,2
6566001,100,177:36:47,8
6566001,102,177:36:49,8
6566001,200,177:36:49,8,14,15,17,18,27
6566001,210,177:36:51,528,504
6566001,211,177:36:52,401,398
6566001,210,177:36:53,370,406
6566001,211,177:36:53,406,407
6566001,213,177:36:53,8,c_friend1_F_G11a0,false
6566001,1003,177:36:56,2
6566001,1004,177:36:59,2
6566001,900,177:44:13,2,[]
6566001,901,177:44:29,2,[PeopleData_id:6]
6566001,904,177:44:29,2,[PeopleData_id:6]
6566001,902,177:44:31,2,[PeopleData_id:6,PeopleData_data2Type]
6566001,902,177:45:10,2,[PeopleData_id:6,PeopleData_data1Type]
6566001,902,177:45:13,2,[PeopleData_id:6,PeopleData_data0Type]
6566001,903,177:45:17,2,[PeopleData_id6,PeopleData_data0Type]
6566001,901,177:45:18,2,[PeopleData_id:6]
6566001,904,177:45:18,2,[PeopleData_id:6]
6566001,901,177:45:20,2,[PeopleData_id:6]
6566001,904,177:45:21,2,[PeopleData_id:6]
6566001,905,177:45:21,2,[PeopleData_id:6,RankTypes_id:-1,RankTypes_id:1]
6566001,901,177:45:23,2,[PeopleData_id:4]
6566001,902,177:45:24,2,[PeopleData_id:4,PeopleData_data2Type]
6566001,902,177:45:25,2,[PeopleData_id:4,PeopleData_data1Type]
6566001,902,177:45:29,2,[PeopleData_id:4,PeopleData_data0Type]
6566001,903,177:45:32,2,[PeopleData_id4,PeopleData_data0Type]
6566001,901,177:45:32,2,[PeopleData_id:4]
6566001,904,177:45:33,2,[PeopleData_id:4]
6566001,905,177:45:33,2,[PeopleData_id:4,RankTypes_id:-1,RankTypes_id:3]
6566001,901,177:45:34,2,[PeopleData_id:4]
6566001,904,177:45:34,2,[PeopleData_id:4]
6566001,901,177:45:35,2,[PeopleData_id:4]
6566001,904,177:45:35,2,[PeopleData_id:4]
6566001,905,177:45:35,2,[PeopleData_id:4,RankTypes_id:3,RankTypes_id:4]
6566001,901,177:45:35,2,[PeopleData_id:4]
6566001,904,177:45:35,2,[PeopleData_id:4]
6566001,905,177:45:35,2,[PeopleData_id:4,RankTypes_id:4,RankTypes_id:3]
6566001,901,177:45:36,2,[PeopleData_id:3]
6566001,904,177:45:36,2,[PeopleData_id:3]
6566001,902,177:45:37,2,[PeopleData_id:3,PeopleData_data3Type]
6566001,902,177:45:40,2,[PeopleData_id:3,PeopleData_data2Type]
6566001,902,177:45:43,2,[PeopleData_id:3,PeopleData_data1Type]
6566001,902,177:45:45,2,[PeopleData_id:3,PeopleData_data0Type]
6566001,903,177:45:45,2,[PeopleData_id3,PeopleData_data0Type]
6566001,901,177:45:46,2,[PeopleData_id:3]
6566001,904,177:45:46,2,[PeopleData_id:3]
6566001,905,177:45:46,2,[PeopleData_id:3,RankTypes_id:-1,RankTypes_id:3]
6566001,901,177:45:47,2,[PeopleData_id:1]
6566001,904,177:45:47,2,[PeopleData_id:1]
6566001,902,177:45:48,2,[PeopleData_id:1,PeopleData_data2Type]
6566001,903,177:46:2,2,[PeopleData_id1,PeopleData_data2Type]
6566001,901,177:46:3,2,[PeopleData_id:1]
6566001,902,177:46:3,2,[PeopleData_id:1,PeopleData_data1Type]
6566001,902,177:46:6,2,[PeopleData_id:1,PeopleData_data0Type]
6566001,903,177:46:9,2,[PeopleData_id1,PeopleData_data0Type]
6566001,901,177:46:9,2,[PeopleData_id:1]
6566001,904,177:46:9,2,[PeopleData_id:1]
6566001,901,177:46:11,2,[PeopleData_id:1]
6566001,904,177:46:11,2,[PeopleData_id:1]
6566001,905,177:46:11,2,[PeopleData_id:1,RankTypes_id:-1,RankTypes_id:2]
6566001,902,177:46:13,2,[PeopleData_id:1,PeopleData_data2Type]
6566001,903,177:46:14,2,[PeopleData_id1,PeopleData_data2Type]
6566001,901,177:46:15,2,[PeopleData_id:1]
6566001,904,177:46:15,2,[PeopleData_id:1]
6566001,905,177:46:15,2,[PeopleData_id:1,RankTypes_id:2,RankTypes_id:1]
6566001,901,177:46:16,2,[PeopleData_id:5]
6566001,904,177:46:16,2,[PeopleData_id:5]
6566001,902,177:46:17,2,[PeopleData_id:5,PeopleData_data3Type]
6566001,902,177:46:20,2,[PeopleData_id:5,PeopleData_data2Type]
6566001,902,177:46:27,2,[PeopleData_id:5,PeopleData_data1Type]
6566001,902,177:46:28,2,[PeopleData_id:5,PeopleData_data0Type]
6566001,903,177:46:31,2,[PeopleData_id5,PeopleData_data0Type]
6566001,901,177:46:32,2,[PeopleData_id:5]
6566001,904,177:46:32,2,[PeopleData_id:5]
6566001,905,177:46:33,2,[PeopleData_id:5,RankTypes_id:-1,RankTypes_id:0]
6566001,901,177:46:34,2,[PeopleData_id:2]
6566001,904,177:46:34,2,[PeopleData_id:2]
6566001,902,177:46:35,2,[PeopleData_id:2,PeopleData_data3Type]
6566001,902,177:46:37,2,[PeopleData_id:2,PeopleData_data2Type]
6566001,902,177:46:40,2,[PeopleData_id:2,PeopleData_data1Type]
6566001,902,177:46:44,2,[PeopleData_id:2,PeopleData_data0Type]
6566001,903,177:46:47,2,[PeopleData_id2,PeopleData_data0Type]
6566001,901,177:46:48,2,[PeopleData_id:2]
6566001,904,177:46:48,2,[PeopleData_id:2]
6566001,905,177:46:49,2,[PeopleData_id:2,RankTypes_id:-1,RankTypes_id:2]
6566001,901,177:46:50,2,[PeopleData_id:0]
6566001,902,177:46:51,2,[PeopleData_id:0,PeopleData_data3Type]
6566001,902,177:46:52,2,[PeopleData_id:0,PeopleData_data2Type]
6566001,902,177:47:0,2,[PeopleData_id:0,PeopleData_data1Type]
6566001,902,177:47:3,2,[PeopleData_id:0,PeopleData_data0Type]
6566001,903,177:47:5,2,[PeopleData_id0,PeopleData_data0Type]
6566001,901,177:47:6,2,[PeopleData_id:0]
6566001,904,177:47:6,2,[PeopleData_id:0]
6566001,905,177:47:6,2,[PeopleData_id:0,RankTypes_id:-1,RankTypes_id:4]
6566001,906,177:47:6,2,[]
6566001,901,177:47:7,2,[PeopleData_id:3]
6566001,904,177:47:7,2,[PeopleData_id:3]
6566001,905,177:47:7,2,[PeopleData_id:3,RankTypes_id:3,RankTypes_id:4]
6566001,901,177:47:8,2,[PeopleData_id:4]
6566001,904,177:47:8,2,[PeopleData_id:4]
6566001,905,177:47:8,2,[PeopleData_id:4,RankTypes_id:3,RankTypes_id:3]
6566001,901,177:47:8,2,[PeopleData_id:0]
6566001,904,177:47:8,2,[PeopleData_id:0]
6566001,905,177:47:8,2,[PeopleData_id:0,RankTypes_id:4,RankTypes_id:3]
6566001,901,177:47:9,2,[PeopleData_id:4]
6566001,904,177:47:9,2,[PeopleData_id:4]
6566001,905,177:47:9,2,[PeopleData_id:4,RankTypes_id:3,RankTypes_id:4]
6566001,907,177:47:10,2,[]
6566001,908,177:47:10,2,[InvitationData_id:8,PeopleData_id:2,RankTypes_id:2]
6566001,909,177:47:17,2,[InvitationData_id:8,PeopleData_id:2,RankTypes_id:2,0]
6566001,910,177:47:18,2,[InvitationData_id:8,-2,false]
6566001,908,177:47:18,2,[InvitationData_id:1,PeopleData_id:2,RankTypes_id:2]
6566001,909,177:47:24,2,[InvitationData_id:1,PeopleData_id:2,RankTypes_id:2,1]
6566001,910,177:47:25,2,[InvitationData_id:1,0,true]
6566001,908,177:47:25,2,[InvitationData_id:0,PeopleData_id:3,RankTypes_id:4]
6566001,901,177:47:30,2,[PeopleData_id:3]
6566001,901,177:47:31,2,[PeopleData_id:0]
6566001,1002,177:47:32,2
6566001,1003,177:47:32,2
6566001,1004,177:47:34,3
6566001,900,177:47:35,3,[]
6566001,1002,177:47:38,3
6566001,1003,177:47:38,2
6566001,1004,177:47:38,2
6566001,900,177:47:39,2,[]
6566001,901,177:47:42,2,[PeopleData_id:4]
6566001,904,177:47:42,2,[PeopleData_id:4]
6566001,905,177:47:43,2,[PeopleData_id:4,RankTypes_id:-1,RankTypes_id:3]
6566001,901,177:47:43,2,[PeopleData_id:5]
6566001,904,177:47:44,2,[PeopleData_id:5]
6566001,905,177:47:44,2,[PeopleData_id:5,RankTypes_id:-1,RankTypes_id:4]
6566001,901,177:47:45,2,[PeopleData_id:0]
6566001,904,177:47:45,2,[PeopleData_id:0]
6566001,905,177:47:46,2,[PeopleData_id:0,RankTypes_id:-1,RankTypes_id:4]
6566001,901,177:47:47,2,[PeopleData_id:3]
6566001,904,177:47:47,2,[PeopleData_id:3]
6566001,905,177:47:48,2,[PeopleData_id:3,RankTypes_id:-1,RankTypes_id:0]
6566001,901,177:47:49,2,[PeopleData_id:2]
6566001,904,177:47:49,2,[PeopleData_id:2]
6566001,905,177:47:49,2,[PeopleData_id:2,RankTypes_id:-1,RankTypes_id:1]
6566001,901,177:47:50,2,[PeopleData_id:6]
6566001,904,177:47:50,2,[PeopleData_id:6]
6566001,905,177:47:50,2,[PeopleData_id:6,RankTypes_id:-1,RankTypes_id:1]
6566001,901,177:47:51,2,[PeopleData_id:1]
6566001,904,177:47:52,2,[PeopleData_id:1]
6566001,905,177:47:52,2,[PeopleData_id:1,RankTypes_id:-1,RankTypes_id:2]
6566001,906,177:47:52,2,[]
6566001,902,177:47:54,2,[PeopleData_id:1,PeopleData_data2Type]
6566001,902,177:47:55,2,[PeopleData_id:1,PeopleData_data1Type]
6566001,902,177:47:56,2,[PeopleData_id:1,PeopleData_data0Type]
6566001,903,177:47:57,2,[PeopleData_id1,PeopleData_data0Type]
6566001,901,177:47:57,2,[PeopleData_id:1]
6566001,904,177:47:57,2,[PeopleData_id:1]
6566001,905,177:47:58,2,[PeopleData_id:1,RankTypes_id:2,RankTypes_id:1]
6566001,901,177:47:59,2,[PeopleData_id:6]
6566001,905,177:47:59,2,[PeopleData_id:6,RankTypes_id:1,RankTypes_id:1]
6566001,902,177:47:59,2,[PeopleData_id:6,PeopleData_data2Type]
6566001,902,177:48:0,2,[PeopleData_id:6,PeopleData_data1Type]
6566001,902,177:48:1,2,[PeopleData_id:6,PeopleData_data0Type]
6566001,903,177:48:2,2,[PeopleData_id6,PeopleData_data0Type]
6566001,901,177:48:3,2,[PeopleData_id:6]
6566001,904,177:48:3,2,[PeopleData_id:6]
6566001,905,177:48:5,2,[PeopleData_id:6,RankTypes_id:1,RankTypes_id:1]
6566001,901,177:48:6,2,[PeopleData_id:2]
6566001,905,177:48:6,2,[PeopleData_id:2,RankTypes_id:1,RankTypes_id:1]
6566001,902,177:48:7,2,[PeopleData_id:2,PeopleData_data3Type]
6566001,902,177:48:8,2,[PeopleData_id:2,PeopleData_data2Type]
6566001,902,177:48:9,2,[PeopleData_id:2,PeopleData_data1Type]
6566001,902,177:48:11,2,[PeopleData_id:2,PeopleData_data0Type]
6566001,903,177:48:13,2,[PeopleData_id2,PeopleData_data0Type]
6566001,901,177:48:13,2,[PeopleData_id:2]
6566001,904,177:48:13,2,[PeopleData_id:2]
6566001,905,177:48:14,2,[PeopleData_id:2,RankTypes_id:1,RankTypes_id:2]
6566001,901,177:48:15,2,[PeopleData_id:3]
6566001,905,177:48:15,2,[PeopleData_id:3,RankTypes_id:0,RankTypes_id:0]
6566001,902,177:48:16,2,[PeopleData_id:3,PeopleData_data3Type]
6566001,902,177:48:18,2,[PeopleData_id:3,PeopleData_data2Type]
6566001,902,177:48:19,2,[PeopleData_id:3,PeopleData_data1Type]
6566001,902,177:48:20,2,[PeopleData_id:3,PeopleData_data0Type]
6566001,903,177:48:21,2,[PeopleData_id3,PeopleData_data0Type]
6566001,901,177:48:21,2,[PeopleData_id:3]
6566001,904,177:48:21,2,[PeopleData_id:3]
6566001,905,177:48:23,2,[PeopleData_id:3,RankTypes_id:0,RankTypes_id:3]
6566001,902,177:48:24,2,[PeopleData_id:3,PeopleData_data3Type]
6566001,902,177:48:25,2,[PeopleData_id:3,PeopleData_data2Type]
6566001,902,177:48:26,2,[PeopleData_id:3,PeopleData_data1Type]
6566001,902,177:48:27,2,[PeopleData_id:3,PeopleData_data0Type]
6566001,903,177:48:29,2,[PeopleData_id3,PeopleData_data0Type]
6566001,901,177:48:31,2,[PeopleData_id:4]
6566001,904,177:48:31,2,[PeopleData_id:4]
6566001,902,177:48:31,2,[PeopleData_id:4,PeopleData_data2Type]
6566001,902,177:48:32,2,[PeopleData_id:4,PeopleData_data1Type]
6566001,902,177:48:33,2,[PeopleData_id:4,PeopleData_data0Type]
6566001,902,177:48:34,2,[PeopleData_id:4,PeopleData_data1Type]
6566001,903,177:48:35,2,[PeopleData_id4,PeopleData_data1Type]
6566001,901,177:48:36,2,[PeopleData_id:5]
6566001,905,177:48:36,2,[PeopleData_id:5,RankTypes_id:4,RankTypes_id:4]
6566001,902,177:48:37,2,[PeopleData_id:5,PeopleData_data3Type]
6566001,902,177:48:38,2,[PeopleData_id:5,PeopleData_data2Type]
6566001,902,177:48:40,2,[PeopleData_id:5,PeopleData_data1Type]
6566001,902,177:48:40,2,[PeopleData_id:5,PeopleData_data0Type]
6566001,903,177:48:41,2,[PeopleData_id5,PeopleData_data0Type]
6566001,901,177:48:42,2,[PeopleData_id:5]
6566001,904,177:48:42,2,[PeopleData_id:5]
6566001,905,177:48:42,2,[PeopleData_id:5,RankTypes_id:4,RankTypes_id:0]
6566001,901,177:48:44,2,[PeopleData_id:0]
6566001,905,177:48:45,2,[PeopleData_id:0,RankTypes_id:4,RankTypes_id:4]
6566001,902,177:48:45,2,[PeopleData_id:0,PeopleData_data3Type]
6566001,902,177:48:46,2,[PeopleData_id:0,PeopleData_data2Type]
6566001,902,177:48:47,2,[PeopleData_id:0,PeopleData_data1Type]
6566001,902,177:48:47,2,[PeopleData_id:0,PeopleData_data0Type]
6566001,903,177:48:48,2,[PeopleData_id0,PeopleData_data0Type]
6566001,901,177:48:49,2,[PeopleData_id:3]
6566001,905,177:48:49,2,[PeopleData_id:3,RankTypes_id:3,RankTypes_id:3]
6566001,901,177:48:50,2,[PeopleData_id:3]
6566001,904,177:48:50,2,[PeopleData_id:3]
6566001,905,177:48:50,2,[PeopleData_id:3,RankTypes_id:3,RankTypes_id:4]
6566001,901,177:48:50,2,[PeopleData_id:4]
6566001,904,177:48:51,2,[PeopleData_id:4]
6566001,905,177:48:51,2,[PeopleData_id:4,RankTypes_id:3,RankTypes_id:3]
6566001,902,177:50:43,2,[PeopleData_id:4,PeopleData_data2Type]
6566001,902,177:50:44,2,[PeopleData_id:4,PeopleData_data1Type]
6566001,902,177:50:45,2,[PeopleData_id:4,PeopleData_data0Type]
6566001,903,177:50:46,2,[PeopleData_id4,PeopleData_data0Type]
6566001,901,177:50:48,2,[PeopleData_id:3]
6566001,905,177:50:48,2,[PeopleData_id:3,RankTypes_id:4,RankTypes_id:4]
6566001,902,177:50:48,2,[PeopleData_id:3,PeopleData_data2Type]
6566001,902,177:50:49,2,[PeopleData_id:3,PeopleData_data3Type]
6566001,902,177:50:50,2,[PeopleData_id:3,PeopleData_data1Type]
6566001,902,177:50:50,2,[PeopleData_id:3,PeopleData_data0Type]
6566001,903,177:50:51,2,[PeopleData_id3,PeopleData_data0Type]
6566001,901,177:50:51,2,[PeopleData_id:0]
6566001,905,177:50:52,2,[PeopleData_id:0,RankTypes_id:4,RankTypes_id:4]
6566001,902,177:50:53,2,[PeopleData_id:0,PeopleData_data3Type]
6566001,902,177:50:53,2,[PeopleData_id:0,PeopleData_data2Type]
6566001,902,177:50:54,2,[PeopleData_id:0,PeopleData_data1Type]
6566001,902,177:50:55,2,[PeopleData_id:0,PeopleData_data0Type]
6566001,903,177:50:56,2,[PeopleData_id0,PeopleData_data0Type]
6566001,907,177:50:58,2,[]
6566001,908,177:50:58,2,[InvitationData_id:1,PeopleData_id:2,RankTypes_id:2]
6566001,909,177:51:3,2,[InvitationData_id:1,PeopleData_id:2,RankTypes_id:2,0]
6566001,910,177:51:4,2,[InvitationData_id:1,-2,false]
6566001,908,177:51:4,2,[InvitationData_id:7,PeopleData_id:1,RankTypes_id:1]
6566001,901,177:51:9,2,[PeopleData_id:5]
6566001,902,177:51:10,2,[PeopleData_id:5,PeopleData_data3Type]
6566001,902,177:51:11,2,[PeopleData_id:5,PeopleData_data2Type]
6566001,902,177:51:12,2,[PeopleData_id:5,PeopleData_data1Type]
6566001,902,177:51:13,2,[PeopleData_id:5,PeopleData_data0Type]
6566001,909,177:51:15,2,[InvitationData_id:7,PeopleData_id:1,RankTypes_id:1,0]
6566001,910,177:51:16,2,[InvitationData_id:7,0,false]
6566001,908,177:51:16,2,[InvitationData_id:0,PeopleData_id:3,RankTypes_id:4]
6566001,909,177:51:18,2,[InvitationData_id:0,PeopleData_id:3,RankTypes_id:4,1]
6566001,910,177:51:19,2,[InvitationData_id:0,9,false]
6566001,908,177:51:19,2,[InvitationData_id:3,PeopleData_id:0,RankTypes_id:4]
6566001,909,177:51:23,2,[InvitationData_id:3,PeopleData_id:0,RankTypes_id:4,1]
6566001,910,177:51:23,2,[InvitationData_id:3,9,false]
6566001,908,177:51:23,2,[InvitationData_id:10,PeopleData_id:0,RankTypes_id:4]
6566001,909,177:51:29,2,[InvitationData_id:10,PeopleData_id:0,RankTypes_id:4,0]
6566001,910,177:51:29,2,[InvitationData_id:10,-11,false]
6566001,908,177:51:29,2,[InvitationData_id:9,PeopleData_id:0,RankTypes_id:4]
6566001,909,177:51:34,2,[InvitationData_id:9,PeopleData_id:0,RankTypes_id:4,1]
6566001,910,177:51:35,2,[InvitationData_id:9,9,false]
6566001,908,177:51:35,2,[InvitationData_id:5,PeopleData_id:4,RankTypes_id:3]
6566001,901,177:51:39,2,[PeopleData_id:6]
6566001,902,177:51:40,2,[PeopleData_id:6,PeopleData_data2Type]
6566001,902,177:51:41,2,[PeopleData_id:6,PeopleData_data1Type]
6566001,902,177:51:41,2,[PeopleData_id:6,PeopleData_data0Type]
6566001,909,177:51:43,2,[InvitationData_id:5,PeopleData_id:4,RankTypes_id:3,0]
6566001,910,177:51:44,2,[InvitationData_id:5,-7,false]
6566001,908,177:51:44,2,[InvitationData_id:2,PeopleData_id:3,RankTypes_id:4]
6566001,909,177:51:48,2,[InvitationData_id:2,PeopleData_id:3,RankTypes_id:4,1]
6566001,910,177:51:49,2,[InvitationData_id:2,9,false]
6566001,908,177:51:49,2,[InvitationData_id:4,PeopleData_id:3,RankTypes_id:4]
6566001,909,177:51:52,2,[InvitationData_id:4,PeopleData_id:3,RankTypes_id:4,1]
6566001,910,177:51:52,2,[InvitationData_id:4,9,false]
6566001,908,177:51:52,2,[InvitationData_id:8,PeopleData_id:2,RankTypes_id:2]
6566001,909,177:51:58,2,[InvitationData_id:8,PeopleData_id:2,RankTypes_id:2,0]
6566001,910,177:51:59,2,[InvitationData_id:8,-2,false]
6566001,911,177:52:0,2,[23,0,1,0]
6566001,1001,177:52:2,2,[]
6566001,1003,177:52:2,2
6566001,210,177:52:6,457,341
6566001,211,177:52:10,698,511
6566001,210,177:52:16,529,434
6566001,211,177:52:17,528,440
6566001,213,177:52:17,8,c_crush1_F_G11a1N,false
6566001,210,177:52:22,700,521
6566001,211,177:52:23,777,530
6566001,221,177:52:23,8
6566001,300,177:52:25
6566001,220,177:52:25,8
6566001,301,177:52:37,7
6566001,301,177:52:39,6
6566001,301,177:52:46,5
6566001,301,177:52:47,4
6566001,301,177:52:49,5
6566001,221,177:53:4,8
6566001,220,177:53:5,8
6566001,1003,177:53:5,3
6566001,1004,177:53:7,2
6566001,500,177:53:9,2,[]
6566001,501,177:53:14,2,[]
6566001,502,177:53:29,2,[IntentionData_logId:1,false]
6566001,503,177:53:30,2,[]
6566001,1002,177:53:32,2
6566001,1003,177:53:32,3
6566001,1004,177:53:34,2
6566001,500,177:53:36,2,[]
6566001,501,177:53:37,2,[]
6566001,502,177:53:42,2,[IntentionData_logId:0,false]
6566001,503,177:53:44,2,[]
6566001,1002,177:53:46,2
6566001,1003,177:53:46,3
6566001,1004,177:53:47,2
6566001,500,177:53:49,2,[]
6566001,501,177:53:50,2,[]
6566001,502,177:53:54,2,[IntentionData_logId:3,false]
6566001,503,177:53:55,2,[]
6566001,1002,177:53:57,2
6566001,1003,177:53:57,3
6566001,1004,177:53:58,2
6566001,500,177:54:1,2,[]
6566001,501,177:54:3,2,[]
6566001,502,177:54:10,2,[IntentionData_logId:4,true]
6566001,503,177:54:11,2,[]
6566001,504,177:54:14,2,[InfluenceData_logId:2]
6566001,504,177:54:20,2,[InfluenceData_logId:2]
6566001,504,177:54:24,2,[InfluenceData_logId:0]
6566001,504,177:54:27,2,[InfluenceData_logId:1]
6566001,504,177:54:32,2,[InfluenceData_logId:4]
6566001,504,177:54:36,2,[InfluenceData_logId:3]
6566001,504,177:54:40,2,[InfluenceData_logId:5]
6566001,504,177:54:45,2,[InfluenceData_logId:7]
6566001,504,177:54:49,2,[InfluenceData_logId:6]
6566001,504,177:54:57,2,[InfluenceData_logId:8]
6566001,504,177:55:2,2,[InfluenceData_logId:2]
6566001,504,177:55:3,2,[InfluenceData_logId:0]
6566001,504,177:55:4,2,[InfluenceData_logId:2]
6566001,504,177:55:5,2,[InfluenceData_logId:0]
6566001,505,177:55:6,2,[InfluenceData_logId:0,true,InfluenceData_logId:5,true,InfluenceData_logId:8,true]
6566001,506,177:55:6,2,[]
6566001,507,177:55:12,2,[OpponentAttackData_logId:2,OpponentAttackTypeData_logId:3,true,0]
6566001,508,177:55:14,2,[]
6566001,509,177:55:18,2,[RefusalData_logId:7,0]
6566001,510,177:55:20,2,[AvailableRefusalData_logId:7,0A]
6566001,510,177:55:21,2,[AvailableRefusalData_logId:7,1A]
6566001,510,177:55:21,2,[AvailableRefusalData_logId:7,2A]
6566001,511,177:55:24,2,[AvailableRefusalData_logId:7,0A,1A,2A,true,20]
6566001,512,177:55:27,2,[]
6566001,513,177:55:27,2,[30]
6566001,514,177:55:29,2,[]
6566001,507,177:55:42,2,[OpponentAttackData_logId:0,OpponentAttackTypeData_logId:0,true,0]
6566001,508,177:55:45,2,[]
6566001,509,177:55:50,2,[RefusalData_logId:6,1]
6566001,510,177:55:51,2,[AvailableRefusalData_logId:6,0A]
6566001,510,177:55:52,2,[AvailableRefusalData_logId:6,0C]
6566001,510,177:55:54,2,[AvailableRefusalData_logId:6,1C]
6566001,510,177:55:55,2,[AvailableRefusalData_logId:6,2C]
6566001,511,177:55:56,2,[AvailableRefusalData_logId:6,0C,1C,2C,false,0]
6566001,512,177:55:58,2,[]
6566001,513,177:55:58,2,[30]
6566001,514,177:56:1,2,[]
6566001,507,177:57:40,2,[OpponentAttackData_logId:1,OpponentAttackTypeData_logId:1,true,0]
6566001,508,177:57:51,2,[]
6566001,509,177:58:0,2,[RefusalData_logId:4,2]
6566001,510,177:58:8,2,[AvailableRefusalData_logId:4,0A]
6566001,510,177:58:10,2,[AvailableRefusalData_logId:4,1A]
6566001,510,177:58:11,2,[AvailableRefusalData_logId:4,2A]
6566001,511,177:58:12,2,[AvailableRefusalData_logId:4,0A,1A,2A,true,50]
6566001,512,177:58:15,2,[]
6566001,513,177:58:15,2,[0]
6566001,514,177:58:26,2,[]
6566001,507,177:58:34,2,[OpponentAttackData_logId:3,OpponentAttackTypeData_logId:4,true,0]
6566001,508,177:58:37,2,[]
6566001,509,177:58:43,2,[RefusalData_logId:2,2]
6566001,510,177:58:45,2,[AvailableRefusalData_logId:2,0A]
6566001,510,177:58:48,2,[AvailableRefusalData_logId:2,1A]
6566001,510,177:58:49,2,[AvailableRefusalData_logId:2,2A]
6566001,511,177:58:49,2,[AvailableRefusalData_logId:2,0A,1A,2A,true,50]
6566001,512,177:58:52,2,[]
6566001,515,177:58:52,2,[90,0]
6566001,516,177:59:0,2,[]
6566001,517,177:59:1,2,[]
6566001,1005,177:59:1,2,[3,1,2]
6566001,1001,177:59:3,2,[]
6566001,1003,177:59:3,3
6566001,210,177:59:7,393,385
6566001,211,177:59:7,414,397
6566001,213,177:59:7,8,c_friend1_F_G11a0,false
6566001,1003,177:59:10,2
6566001,221,177:59:16,8
6566001,220,177:59:29,8
6566001,210,177:59:31,697,163
6566001,211,177:59:31,710,168
6566001,212,177:59:32,1
6566001,210,177:59:33,722,150
6566001,211,177:59:33,712,159
6566001,213,177:59:33,8,s_mirror_G11a0,false
6566001,1003,177:59:38,1
6566001,1004,178:1:2,5
6566001,800,178:1:3,5,[]
6566001,801,178:1:8,5,[]
6566001,814,178:1:20,5,[1]
6566001,815,178:1:20,5,1,OpportunityCardData_id:7
6566001,815,178:1:22,5,1,OpportunityCardData_id:8
6566001,816,178:1:25,5,1,OpportunityCardData_id:8
6566001,803,178:1:26,5,[OpportunityCardData_id:8,OpportunityCardConsequencesData_logId:0]
6566001,803,178:1:27,5,[OpportunityCardData_id:8,OpportunityCardConsequencesData_logId:1]
6566001,803,178:1:27,5,[OpportunityCardData_id:8,OpportunityCardConsequencesData_logId:2]
6566001,804,178:1:36,5,[OpportunityCardData_id:8]
6566001,814,178:1:39,5,[1]
6566001,815,178:1:39,5,1,OpportunityCardData_id:7
6566001,816,178:1:41,5,1,OpportunityCardData_id:7
6566001,804,178:1:43,5,[OpportunityCardData_id:7]
6566001,814,178:1:44,5,[4]
6566001,815,178:1:44,5,4,OpportunityCardData_id:25
6566001,815,178:1:49,5,4,OpportunityCardData_id:26
6566001,816,178:1:54,5,4,OpportunityCardData_id:26
6566001,803,178:1:55,5,[OpportunityCardData_id:26,OpportunityCardConsequencesData_logId:0]
6566001,803,178:1:55,5,[OpportunityCardData_id:26,OpportunityCardConsequencesData_logId:1]
6566001,803,178:1:56,5,[OpportunityCardData_id:26,OpportunityCardConsequencesData_logId:2]
6566001,804,178:1:57,5,[OpportunityCardData_id:26]
6566001,814,178:1:57,5,[4]
6566001,815,178:1:57,5,4,OpportunityCardData_id:25
6566001,815,178:1:58,5,4,OpportunityCardData_id:27
6566001,815,178:1:58,5,4,OpportunityCardData_id:28
6566001,815,178:2:0,5,4,OpportunityCardData_id:27
6566001,815,178:2:2,5,4,OpportunityCardData_id:28
6566001,815,178:2:4,5,4,OpportunityCardData_id:29
6566001,816,178:2:6,5,4,OpportunityCardData_id:29
6566001,803,178:2:7,5,[OpportunityCardData_id:29,OpportunityCardConsequencesData_logId:0]
6566001,803,178:2:7,5,[OpportunityCardData_id:29,OpportunityCardConsequencesData_logId:1]
6566001,805,178:2:13,5,[OpportunityCardData_id:29]
6566001,806,178:2:14,5,[OpportunityCardData_id:29,PriorityData_type:1]
6566001,806,178:2:14,5,[OpportunityCardData_id:29,PriorityData_type:0]
6566001,806,178:2:14,5,[OpportunityCardData_id:29,PriorityData_type:2]
6566001,806,178:2:15,5,[OpportunityCardData_id:29,PriorityData_type:3]
6566001,806,178:2:15,5,[OpportunityCardData_id:29,PriorityData_type:1]
6566001,806,178:2:16,5,[OpportunityCardData_id:29,PriorityData_type:2]
6566001,806,178:2:16,5,[OpportunityCardData_id:29,PriorityData_type:1]
6566001,806,178:2:16,5,[OpportunityCardData_id:29,PriorityData_type:2]
6566001,806,178:2:17,5,[OpportunityCardData_id:29,PriorityData_type:5]
6566001,806,178:2:18,5,[OpportunityCardData_id:29,PriorityData_type:3]
6566001,806,178:2:19,5,[OpportunityCardData_id:29,PriorityData_type:5]
6566001,807,178:2:20,5,[OpportunityCardData_id:29]
6566001,808,178:2:22,5,[OpportunityCardData_id:29]
6566001,809,178:2:26,5,[OpportunityCardData_id:29,Safe,false]
6566001,810,178:2:28,5,[OpportunityCardData_id:29,PriorityData_type:4,10,Safe,Safe]
6566001,814,178:4:45,5,[4]
6566001,815,178:4:45,5,4,OpportunityCardData_id:25
6566001,815,178:4:47,5,4,OpportunityCardData_id:27
6566001,815,178:4:48,5,4,OpportunityCardData_id:28
6566001,815,178:4:49,5,4,OpportunityCardData_id:30
6566001,815,178:4:50,5,4,OpportunityCardData_id:25
6566001,815,178:4:52,5,4,OpportunityCardData_id:27
6566001,816,178:4:53,5,4,OpportunityCardData_id:27
6566001,803,178:4:54,5,[OpportunityCardData_id:27,OpportunityCardConsequencesData_logId:0]
6566001,803,178:4:54,5,[OpportunityCardData_id:27,OpportunityCardConsequencesData_logId:1]
6566001,803,178:4:54,5,[OpportunityCardData_id:27,OpportunityCardConsequencesData_logId:2]
6566001,805,178:6:50,5,[OpportunityCardData_id:27]
6566001,806,178:6:52,5,[OpportunityCardData_id:27,PriorityData_type:5]
6566001,806,178:6:52,5,[OpportunityCardData_id:27,PriorityData_type:2]
6566001,806,178:6:53,5,[OpportunityCardData_id:27,PriorityData_type:5]
6566001,807,178:6:54,5,[OpportunityCardData_id:27]
6566001,808,178:6:56,5,[OpportunityCardData_id:27]
6566001,809,178:7:0,5,[OpportunityCardData_id:27,Safe,false]
6566001,810,178:7:1,5,[OpportunityCardData_id:27,PriorityData_type:4,15,Safe,Safe]
6566001,814,178:7:11,5,[4]
6566001,815,178:7:11,5,4,OpportunityCardData_id:25
6566001,815,178:7:12,5,4,OpportunityCardData_id:28
6566001,815,178:7:13,5,4,OpportunityCardData_id:25
6566001,816,178:7:14,5,4,OpportunityCardData_id:25
6566001,803,178:7:14,5,[OpportunityCardData_id:25,OpportunityCardConsequencesData_logId:0]
6566001,803,178:7:15,5,[OpportunityCardData_id:25,OpportunityCardConsequencesData_logId:1]
6566001,805,178:7:18,5,[OpportunityCardData_id:25]
6566001,806,178:7:19,5,[OpportunityCardData_id:25,PriorityData_type:0]
6566001,807,178:7:20,5,[OpportunityCardData_id:25]
6566001,808,178:7:22,5,[OpportunityCardData_id:25]
6566001,809,178:7:26,5,[OpportunityCardData_id:25,PriorityData_type:0,true]
6566001,810,178:7:26,5,[OpportunityCardData_id:25,PriorityData_type:4,15,Safe,Safe]
6566001,814,178:7:33,5,[1]
6566001,815,178:7:33,5,1,OpportunityCardData_id:9
6566001,816,178:7:35,5,1,OpportunityCardData_id:9
6566001,803,178:7:36,5,[OpportunityCardData_id:9,OpportunityCardConsequencesData_logId:0]
6566001,803,178:7:37,5,[OpportunityCardData_id:9,OpportunityCardConsequencesData_logId:1]
6566001,805,178:7:39,5,[OpportunityCardData_id:9]
6566001,806,178:7:41,5,[OpportunityCardData_id:9,PriorityData_type:3]
6566001,807,178:7:41,5,[OpportunityCardData_id:9]
6566001,808,178:7:43,5,[OpportunityCardData_id:9]
6566001,809,178:7:47,5,[OpportunityCardData_id:9,Safe,false]
6566001,810,178:7:48,5,[OpportunityCardData_id:9,PriorityData_type:1,5,Safe,Safe]
6566001,814,178:7:50,5,[1]
6566001,815,178:7:51,5,1,OpportunityCardData_id:10
6566001,815,178:7:54,5,1,OpportunityCardData_id:11
6566001,815,178:7:59,5,1,OpportunityCardData_id:12
6566001,816,178:8:3,5,1,OpportunityCardData_id:12
6566001,803,178:8:3,5,[OpportunityCardData_id:12,OpportunityCardConsequencesData_logId:0]
6566001,803,178:8:3,5,[OpportunityCardData_id:12,OpportunityCardConsequencesData_logId:1]
6566001,803,178:8:4,5,[OpportunityCardData_id:12,OpportunityCardConsequencesData_logId:2]
6566001,805,178:8:9,5,[OpportunityCardData_id:12]
6566001,806,178:8:10,5,[OpportunityCardData_id:12,PriorityData_type:0]
6566001,807,178:8:11,5,[OpportunityCardData_id:12]
6566001,808,178:8:12,5,[OpportunityCardData_id:12]
6566001,809,178:8:16,5,[OpportunityCardData_id:12,PriorityData_type:0,true]
6566001,810,178:8:16,5,[OpportunityCardData_id:12,PriorityData_type:1,15,Safe,Safe]
6566001,814,178:8:18,5,[1]
6566001,815,178:8:18,5,1,OpportunityCardData_id:10
6566001,815,178:8:19,5,1,OpportunityCardData_id:11
6566001,815,178:8:20,5,1,OpportunityCardData_id:10
6566001,815,178:8:21,5,1,OpportunityCardData_id:11
6566001,815,178:8:22,5,1,OpportunityCardData_id:10
6566001,816,178:8:23,5,1,OpportunityCardData_id:10
6566001,803,178:8:24,5,[OpportunityCardData_id:10,OpportunityCardConsequencesData_logId:0]
6566001,803,178:8:24,5,[OpportunityCardData_id:10,OpportunityCardConsequencesData_logId:1]
6566001,803,178:8:24,5,[OpportunityCardData_id:10,OpportunityCardConsequencesData_logId:2]
6566001,805,178:8:29,5,[OpportunityCardData_id:10]
6566001,806,178:8:32,5,[OpportunityCardData_id:10,PriorityData_type:5]
6566001,807,178:8:32,5,[OpportunityCardData_id:10]
6566001,808,178:8:34,5,[OpportunityCardData_id:10]
6566001,809,178:8:38,5,[OpportunityCardData_id:10,PriorityData_type:2,false]
6566001,810,178:8:39,5,[OpportunityCardData_id:10,PriorityData_type:1,5,PriorityData_type:2,10]
6566001,814,178:8:46,5,[1]
6566001,815,178:8:46,5,1,OpportunityCardData_id:11
6566001,817,178:8:48,5,1
6566001,814,178:8:50,5,[1]
6566001,815,178:8:50,5,1,OpportunityCardData_id:11
6566001,817,178:8:52,5,1
6566001,814,178:8:54,5,[3]
6566001,815,178:8:54,5,3,OpportunityCardData_id:19
6566001,815,178:8:55,5,3,OpportunityCardData_id:20
6566001,815,178:8:57,5,3,OpportunityCardData_id:21
6566001,815,178:9:0,5,3,OpportunityCardData_id:22
6566001,815,178:9:1,5,3,OpportunityCardData_id:23
6566001,815,178:9:2,5,3,OpportunityCardData_id:22
6566001,816,178:9:2,5,3,OpportunityCardData_id:22
6566001,803,178:9:4,5,[OpportunityCardData_id:22,OpportunityCardConsequencesData_logId:0]
6566001,803,178:9:4,5,[OpportunityCardData_id:22,OpportunityCardConsequencesData_logId:1]
6566001,803,178:9:4,5,[OpportunityCardData_id:22,OpportunityCardConsequencesData_logId:2]
6566001,805,178:9:9,5,[OpportunityCardData_id:22]
6566001,806,178:9:11,5,[OpportunityCardData_id:22,PriorityData_type:5]
6566001,807,178:9:11,5,[OpportunityCardData_id:22]
6566001,808,178:9:13,5,[OpportunityCardData_id:22]
6566001,809,178:9:17,5,[OpportunityCardData_id:22,PriorityData_type:2,false]
6566001,810,178:9:18,5,[OpportunityCardData_id:22,PriorityData_type:3,10,PriorityData_type:2,20]
6566001,812,178:10:50,5,[OpportunityCardData_id:22,PriorityData_type:2]
6566001,103,178:10:53
6566001,105,178:10:53
6566001,703,178:10:54,[|| EpilogueItem ID: 0 unlocked: true ||,|| EpilogueItem ID: 1 unlocked: true ||,|| EpilogueItem ID: 2 unlocked: true ||,|| EpilogueItem ID: 3 unlocked: true ||,|| EpilogueItem ID: 4 unlocked: true ||,|| EpilogueItem ID: 5 unlocked: false ||,|| EpilogueItem ID: 6 unlocked: false ||,|| EpilogueItem ID: 7 unlocked: false ||,|| EpilogueItem ID: 8 unlocked: false ||,|| EpilogueItem ID: 9 unlocked: false ||,|| EpilogueItem ID: 10 unlocked: false ||,|| EpilogueItem ID: 11 unlocked: false ||,|| EpilogueItem ID: 12 unlocked: false ||,|| EpilogueItem ID: 13 unlocked: true ||,|| EpilogueItem ID: 14 unlocked: false ||,|| EpilogueItem ID: 15 unlocked: false ||,|| EpilogueItem ID: 16 unlocked: false ||,|| EpilogueItem ID: 17 unlocked: false ||,|| EpilogueItem ID: 18 unlocked: false ||,|| EpilogueItem ID: 19 unlocked: false ||,|| EpilogueItem ID: 20 unlocked: false ||,|| EpilogueItem ID: 21 unlocked: false ||,|| EpilogueItem ID: 22 unlocked: false ||,|| EpilogueItem ID: 23 unlocked: false ||,|| EpilogueItem ID: 24 unlocked: false ||],0.24
6566001,706,178:10:56,(x=1741, y=-100, w=1024, h=768),(x=2531, y=-100, w=1024, h=768)
6566001,708,178:10:56
6566001,1,178:10:56,12/19/2013 4:50:14pm,{"gameTime":641456522,"challengeStacks":[{"challengeScenes":[{"miniGameCards":[],"viewedAnimatic":true,"keyPoints":["c_bestFriend_F_a_G7a0","c_teacherEng_G7a0","s_flag_gen"],"unlocked":true,"touchableObjects":["s_otherStudent1_G7a0","c_crewKid1_F_G7a0","c_friend1_F_a_G7a0","s_vocabAssignment_G7a0","s_doorClassroom_G7a0","s_shakespearePoster_gen","s_atwoodPoster_gen","s_angelouPoster_gen","s_poePoster_gen","s_clock_G7a0","c_bestFriend_F_a_G7a0","c_teacherEng_G7a0","s_flag_gen"]},{"miniGameCards":[],"viewedAnimatic":true,"keyPoints":["c_teacherEng_G7a1N","c_bestFriend_F_a_G7a1N","s_paperPlayers_G7a1N"],"unlocked":true,"touchableObjects":["s_otherStudent1_G7a1N","s_otherStudent2_G7a1N","c_crewKid1_F_G7a1N","c_teacherEng_G7a1N","c_bestFriend_F_a_G7a1N","s_poePoster_gen","s_shakespearePoster_gen","s_angelouPoster_gen","s_atwoodPoster_gen","s_posterPlagiarism_gen","s_flag_gen","s_paperPlayers_G7a1N"]},{"miniGameCards":[],"viewedAnimatic":true,"keyPoints":["c_teacherEng_G7a1P","s_flag_gen","c_bestFriend_F_a_G7a1P","s_paperEnglish_gen"],"unlocked":true,"touchableObjects":["c_teacherEng_G7a1P","s_clock_G7a1P","s_poePoster_gen","s_shakespearePoster_gen","s_angelouPoster_gen","s_atwoodPoster_gen","s_paperPlayers_G7a1P","s_flag_gen","c_bestFriend_F_a_G7a1P","s_papersDetention_gen","s_paperEnglish_gen"]}],"stackSize":3,"resolved":true},{"challengeScenes":[{"miniGameCards":[],"viewedAnimatic":true,"keyPoints":["s_backpack_F_G7b0","c_kidSister_afri_a_G7b0","c_crewKid1_F_G7b0"],"unlocked":true,"touchableObjects":["c_crewKid2_F_G7b0","c_cousinsBrother_a_G7b0","s_lifeguard_G7b0","s_backpack_F_G7b0","c_cousinsBrothersFriend_a_G7b0","c_kidSister_afri_a_G7b0","c_cousin_F_a_G7b0","c_crewKid1_F_G7b0","s_snackBarWorker_G7b0","c_cousinsBrothersFriendsGF_G7b0"]},{"miniGameCards":[],"viewedAnimatic":true,"keyPoints":["s_brokenCarWindow_G7b1N","s_graffiti_G7b1N","s_sprayPaintCan_G7b1N","c_kidSister_afri_a_G7b1N","c_crewKid1_F_G7b1N"],"unlocked":true,"touchableObjects":["c_policeOfficer_G7b1N","c_teacherEng_G7b1N","c_cousin_F_a_G7b1N","s_brokenCarWindow_G7b1N","c_crewKid2_F_a_G7b1N","s_cat_G7b1N","s_graffiti_G7b1N","s_sprayPaintCan_G7b1N","s_flag_G7b1N","c_kidSister_afri_a_G7b1N","s_wreckedPlants_G7b1N","c_crewKid1_F_G7b1N"]},{"miniGameCards":[],"viewedAnimatic":true,"keyPoints":["c_cousinsBrother_a_G7b1P","c_cousin_F_a_G7b1P","c_cousinsBrothersFriend_a_G7b1P","s_poolDay_ruleSign_G7b1P"],"unlocked":true,"touchableObjects":["c_kidSister_afri_a_G7b1P","c_crush1_F_a_G7b1P","c_cousinsBrother_a_G7b1P","c_cousin_F_a_G7b1P","c_cousinsBrothersFriend_a_G7b1P","s_poolDay_ruleSign_G7b1P"]},{"miniGameCards":[],"viewedAnimatic":true,"keyPoints":["c_cousin_F_a_G7b2N","c_kidSister_afri_a_G7b2N","s_kid1_G7b2N","c_crush1_F_a_G7b2N"],"unlocked":true,"touchableObjects":["c_cousin_F_a_G7b2N","c_kidSister_afri_a_G7b2N","s_kidPool1_G7b2N","s_kidPool2_G7b2N","s_lifeguard_G7b2N","s_kid1_G7b2N","c_cousinsBrother_a_G7b2N","s_cousinsBFgirlfriend_G7b2N","c_crush1_F_a_G7b2N"]},{"miniGameCards":[],"viewedAnimatic":true,"keyPoints":["s_pictureDad_afri_F_gen","c_kidSister_afri_a_G7b2P","s_computer_F_G7b2P","c_cousin_F_a_G7b2P"],"unlocked":true,"touchableObjects":["s_closet_F_G7b2P","s_pictureDad_afri_F_gen","c_kidSister_afri_a_G7b2P","s_calendar_F_gen","c_grandma_afri_a_G7b2P","s_computer_F_G7b2P","c_cousin_F_a_G7b2P"]}],"stackSize":5,"resolved":true},{"challengeScenes":[{"miniGameCards":[],"viewedAnimatic":true,"keyPoints":["c_crush2_F_a_G8a0","c_cousin_F_a_G8a0","s_cellphone_G8a0","s_clock_G8a0","s_bottleCrush2_F_G8a0"],"unlocked":true,"touchableObjects":["c_crush2_F_a_G8a0","c_friend1_F_G8a0","c_cousin_F_a_G8a0","s_beerSixpack_G8a0","s_cigaretteKid1_G8a0","s_stairs_G8a0","s_beerCooler_G8a0","c_crewKid1_F_a_G8a0","s_bottleTable_G8a0","s_cellphone_G8a0","s_clock_G8a0","s_bottleFloor_G8a0","s_bottleCrush2_F_G8a0"]},{"miniGameCards":[],"viewedAnimatic":true,"keyPoints":["s_crush2Lips_F_G8a1N","s_crush2Eyes_F_G8a1N","s_basementDoor_gen","s_dirtyClothes_gen","s_crush2Sore_F_G8a1N"],"unlocked":true,"touchableObjects":["c_crush2_F_a_G8a1N","s_dryer_G8a1N","s_waterHeater_gen","s_stairs_G8a1N","s_inhalantsShelf_gen","s_crush2Lips_F_G8a1N","s_crush2Eyes_F_G8a1N","s_basementDoor_gen","s_dirtyClothes_gen","s_crush2Sore_F_G8a1N"]},{"miniGameCards":[],"viewedAnimatic":true,"keyPoints":["c_crush2_F_a_G8a1P","s_inhalantsShelf_gen","s_dirtyClothes_gen","s_basementDoor_gen"],"unlocked":true,"touchableObjects":["s_spraypaintCrush2_F_G8a1P","c_crush2_F_a_G8a1P","s_waterHeater_gen","s_inhalantsShelf_gen","s_dirtyClothes_gen","s_basementDoor_gen"]},{"miniGameCards":[],"viewedAnimatic":true,"keyPoints":["c_crush2_F_a_G8a2N","s_spraypaintCan_G8a2N"],"unlocked":true,"touchableObjects":["c_friend1_F_a_G8a2N","c_crush2_F_a_G8a2N","s_fumes_G8a2N","s_spraypaintCan_G8a2N"]},{"miniGameCards":[],"viewedAnimatic":true,"keyPoints":["s_pictureDad_afri_gen","c_kidSister_afri_a_G8a2P","s_magazine_G8a2P","s_sistersToy_G8a2P","c_crush2_F_a_G8a2P"],"unlocked":true,"touchableObjects":["s_cigarette_G8a2P","s_pictureDad_afri_gen","s_teaCup_G8a2P","s_videoGame_G8a2P","c_kidSister_afri_a_G8a2P","s_stairs_G8a2P","s_magazine_G8a2P","s_sistersToy_G8a2P","c_crush2_F_a_G8a2P"]},{"miniGameCards":[],"viewedAnimatic":true,"keyPoints":["s_mirror_afri_F_a_G8a3N","c_nurse_a_G8a3N","s_pamphlet3_G8a3N","s_pamphlet1_G8a3N"],"unlocked":true,"touchableObjects":["s_poster_G8a3N","s_phone_G8a3N","s_door_G8a3N","s_mirror_afri_F_a_G8a3N","c_nurse_a_G8a3N","s_pamphlet3_G8a3N","s_pamphlet1_G8a3N"]},{"miniGameCards":[],"viewedAnimatic":true,"keyPoints":["c_crush2_F_a_G8a3P","s_kidsCouch_G8a3P"],"unlocked":true,"touchableObjects":["c_crush2_F_a_G8a3P","c_cousin_F_a_G8a3P","s_kidsCouch_G8a3P","s_window_G8a3P","c_crewKid1_F_a_G8a3P","c_friend1_F_a_G8a3P"]}],"stackSize":7,"resolved":true},{"challengeScenes":[{"miniGameCards":[],"viewedAnimatic":true,"keyPoints":["c_friend1_F_a_G8b0","s_pillBottle_G8b0","c_kidSister_afri_a_G8b0"],"unlocked":true,"touchableObjects":["c_friend1_F_a_G8b0","c_grandma_afri_a_G8b0","s_pillBottle_G8b0","s_cigarette_G8b0","s_pictureDad_afri_gen","s_pictureMom_afri_gen","c_kidSister_afri_a_G8b0"]},{"miniGameCards":[],"viewedAnimatic":true,"keyPoints":["c_friend1_F_a_G8b1N","c_kidSister_afri_a_G8b1N","c_grandma_afri_a_G8b1N"],"unlocked":true,"touchableObjects":["c_friend1_F_a_G8b1N","c_kidSister_afri_a_G8b1N","s_pillBottle_G8b1N","c_grandma_afri_a_G8b1N"]},{"miniGameCards":[],"viewedAnimatic":true,"keyPoints":["s_pillBottle_F_G8b1P","c_grandma_afri_a_G8b1P","c_friend1_F_a_G8b1P"],"unlocked":true,"touchableObjects":["s_pillBottle_F_G8b1P","s_tvGuide_G8b1P","c_grandma_afri_a_G8b1P","c_kidSister_afri_a_G8b1P","c_friend1_F_a_G8b1P"]},{"miniGameCards":[],"viewedAnimatic":true,"keyPoints":["s_sandwichBagPills_G8b2N","c_teacherEng_G8b2N","c_crewKid2_F_a_G8b2N","s_clock_G8b2N","c_friend1_F_a_G8b2N"],"unlocked":true,"touchableObjects":["s_kid2_G8b2N","s_kid5_G8b2N","s_camera_gen","s_sandwichBagPills_G8b2N","s_kid3_G8b2N","c_teacherEng_G8b2N","s_kid4_G8b2N","c_crewKid2_F_a_G8b2N","s_clock_G8b2N","c_friend1_F_a_G8b2N"]},{"miniGameCards":[],"viewedAnimatic":true,"keyPoints":["c_friend1_F_a_G8b2P","s_pillBottle_G8b2P","c_grandma_afri_a_G8b2P"],"unlocked":true,"touchableObjects":["c_friend1_F_a_G8b2P","s_videoGameScreen_G8b2P","c_mom_afri_a_G8b2P","c_kidSister_afri_a_G8b2P","s_pillBottle_G8b2P","c_grandma_afri_a_G8b2P"]}],"stackSize":5,"resolved":true},{"challengeScenes":[{"miniGameCards":[],"viewedAnimatic":true,"keyPoints":["s_bathingSuit_F_G9a0","s_door_F_gen","s_cellPhone_F_G9a0","s_clock_F_G9a0"],"unlocked":true,"touchableObjects":["s_calendar_F_gen","s_bathingSuit_F_G9a0","s_window_F_G9a0","s_door_F_gen","s_cellPhone_F_G9a0","s_clock_F_G9a0"]},{"miniGameCards":[],"viewedAnimatic":true,"keyPoints":["c_policeOfficer_G9a1N","s_kid3_G9a1N","s_fence_G9a1N","c_cousin_F_a_G9a1N"],"unlocked":true,"touchableObjects":["c_cousinsBrothersFriend_a_G9a1N","c_policeOfficer_G9a1N","s_kid4_G9a1N","s_kid3_G9a1N","s_poolNight_ruleSign_G9a1N","s_potSmokeCloud_G9a1N","s_policeCar_G9a1N","s_fence_G9a1N","c_cousin_F_a_G9a1N","s_bathingSuits_G9a1N"]},{"miniGameCards":[],"viewedAnimatic":true,"keyPoints":["c_cousin_F_a_G9a1P","s_calendar_F_gen","s_door_F_gen","s_poster_F_gen","s_joint_F_G9a1P"],"unlocked":true,"touchableObjects":["c_cousin_F_a_G9a1P","s_calendar_F_gen","s_computer_F_gen","s_door_F_gen","s_poster_F_gen","s_joint_F_G9a1P"]},{"miniGameCards":[],"viewedAnimatic":true,"keyPoints":["c_kidSister_afri_a_G9a2N","c_cousin_F_a_G9a2N","c_mom_afri_a_G9a2N","s_potSmokeCloud_F_G9a2N","s_pictureDad_afri_F_gen"],"unlocked":true,"touchableObjects":["s_cookieTrayEmpty_F_G9a2N","c_kidSister_afri_a_G9a2N","c_cousin_F_a_G9a2N","c_mom_afri_a_G9a2N","s_potSmokeCloud_F_G9a2N","s_pictureDad_afri_F_gen"]},{"miniGameCards":[],"viewedAnimatic":true,"keyPoints":["c_mom_afri_a_G9a2P","c_cousin_F_a_G9a2P","s_pizzaBox_G9a2P","s_door_gen"],"unlocked":true,"touchableObjects":["c_kidSister_afri_a_G9a2P","c_mom_afri_a_G9a2P","c_cousin_F_a_G9a2P","c_grandma_afri_a_G9a2P","s_pictureDad_afri_gen","s_pizzaBox_G9a2P","s_door_gen"]}],"stackSize":5,"resolved":true},{"challengeScenes":[{"miniGameCards":[],"viewedAnimatic":true,"keyPoints":["s_computer_F_gen","s_mirror_F_G9b0","s_pictureDad_afri_F_gen"],"unlocked":true,"touchableObjects":["s_closet_F_G9b0","c_cousin_F_a_G9b0","c_kidSister_afri_a_G9b0","s_calendar_F_gen","s_computer_F_gen","s_mirror_F_G9b0","s_pictureDad_afri_F_gen","s_cellPhone_F_G9b0"]},{"miniGameCards":[],"viewedAnimatic":true,"keyPoints":["c_teacherEng_G9b1N","c_cousin_F_a_G9b1N","s_joint_G9b1N","c_kidSister_afri_a_G9b1N","s_clock_G9b1N","s_beerBottle_G9b1N","s_brokenLamp_G9b1N"],"unlocked":true,"touchableObjects":["c_teacherEng_G9b1N","s_photoCracked_G9b1N","s_coupleOnCouch_G9b1N","s_puddleFloor_G9b1N","s_boomBox_G9b1N","c_cousin_F_a_G9b1N","s_pictureDaddark_afri_gen","s_joint_G9b1N","c_kidSister_afri_a_G9b1N","s_clock_G9b1N","s_beerBottle_G9b1N","s_ashtray_G9b1N","s_brokenLamp_G9b1N"]},{"miniGameCards":[],"viewedAnimatic":true,"keyPoints":["c_bestFriend_F_a_G9b1P","c_friend1_F_a_G9b1P","c_crush1_F_a_G9b1P","s_pictureMomdark_afri_G9b1P","c_cousin_F_a_G9b1P","s_pictureDaddark_afri_gen","s_kidsGroupKitchen_G9b1P"],"unlocked":true,"touchableObjects":["c_bestFriend_F_a_G9b1P","c_kidSister_afri_a_G9b1P","c_friend1_F_a_G9b1P","s_door_G9b1P","c_crush1_F_a_G9b1P","s_beerBottle_G9b1P","s_pictureMomdark_afri_G9b1P","c_cousin_F_a_G9b1P","s_pictureDaddark_afri_gen","s_kidsGroupKitchen_G9b1P"]},{"miniGameCards":[],"viewedAnimatic":true,"keyPoints":[],"unlocked":true,"touchableObjects":[]},{"miniGameCards":[],"viewedAnimatic":false,"keyPoints":[],"unlocked":false,"touchableObjects":[]}],"stackSize":5,"resolved":false},{"challengeScenes":[{"miniGameCards":[],"viewedAnimatic":true,"keyPoints":["c_crush1_F_b_G10a0","s_poster_F_gen","s_cellPhone_F_G10a0","s_window_F_G10a0"],"unlocked":true,"touchableObjects":["s_bed2_F_G10a0","c_crush1_F_b_G10a0","s_door_F_gen","s_chairClothes_F_G10a0","s_calendar_F_gen","s_poster_F_gen","s_cellPhone_F_G10a0","s_computer_F_gen","s_bed1_F_G10a0","s_clock_F_G10a0","s_window_F_G10a0","s_pictureFamily_F_G10a0"]},{"miniGameCards":[],"viewedAnimatic":true,"keyPoints":["s_mirror_F_G10a1N","c_crush1_F_b_G10a1N","s_picture_F_G10a1N","s_condom_F_G10a1N"],"unlocked":true,"touchableObjects":["s_closet_F_G10a1N","s_crushClothes_F_G10a1N","s_calendar_F_gen","s_door_F_gen","s_mirror_F_G10a1N","s_computer_F_gen","s_window_F_G10a1N","c_crush1_F_b_G10a1N","s_picture_F_G10a1N","s_condom_F_G10a1N"]},{"miniGameCards":[],"viewedAnimatic":false,"keyPoints":[],"unlocked":false,"touchableObjects":[]},{"miniGameCards":[],"viewedAnimatic":true,"keyPoints":["c_nurse_G10a2N","s_pamphlet5_G10a2N"],"unlocked":true,"touchableObjects":["s_curtain_G10a2N","s_kleenex_G10a2N","s_pamphlet2_G10a2N","s_cot_G10a2N","c_nurse_G10a2N","s_pamphlet5_G10a2N"]},{"miniGameCards":[],"viewedAnimatic":false,"keyPoints":[],"unlocked":false,"touchableObjects":[]}],"stackSize":5,"resolved":false},{"challengeScenes":[{"miniGameCards":[],"viewedAnimatic":false,"keyPoints":[],"unlocked":false,"touchableObjects":[]},{"miniGameCards":[],"viewedAnimatic":false,"keyPoints":[],"unlocked":false,"touchableObjects":[]},{"miniGameCards":[],"viewedAnimatic":false,"keyPoints":[],"unlocked":false,"touchableObjects":[]},{"miniGameCards":[],"viewedAnimatic":false,"keyPoints":[],"unlocked":false,"touchableObjects":[]},{"miniGameCards":[],"viewedAnimatic":false,"keyPoints":[],"unlocked":false,"touchableObjects":[]}],"stackSize":5,"resolved":false},{"challengeScenes":[{"miniGameCards":[],"viewedAnimatic":true,"keyPoints":[],"unlocked":true,"touchableObjects":[]},{"miniGameCards":[],"viewedAnimatic":true,"keyPoints":[],"unlocked":true,"touchableObjects":[]},{"miniGameCards":[],"viewedAnimatic":false,"keyPoints":[],"unlocked":false,"touchableObjects":[]},{"miniGameCards":[],"viewedAnimatic":false,"keyPoints":[],"unlocked":false,"touchableObjects":[]},{"miniGameCards":[],"viewedAnimatic":false,"keyPoints":[],"unlocked":false,"touchableObjects":[]}],"stackSize":5,"resolved":false},{"challengeScenes":[{"miniGameCards":[],"viewedAnimatic":false,"keyPoints":[],"unlocked":false,"touchableObjects":[]},{"miniGameCards":[],"viewedAnimatic":false,"keyPoints":[],"unlocked":false,"touchableObjects":[]},{"miniGameCards":[],"viewedAnimatic":false,"keyPoints":[],"unlocked":false,"touchableObjects":[]},{"miniGameCards":[],"viewedAnimatic":false,"keyPoints":[],"unlocked":false,"touchableObjects":[]},{"miniGameCards":[],"viewedAnimatic":false,"keyPoints":[],"unlocked":false,"touchableObjects":[]}],"stackSize":5,"resolved":false},{"challengeScenes":[{"miniGameCards":[],"viewedAnimatic":true,"keyPoints":[],"unlocked":true,"touchableObjects":[]},{"miniGameCards":[],"viewedAnimatic":false,"keyPoints":[],"unlocked":true,"touchableObjects":[]},{"miniGameCards":[],"viewedAnimatic":false,"keyPoints":[],"unlocked":false,"touchableObjects":[]},{"miniGameCards":[],"viewedAnimatic":false,"keyPoints":[],"unlocked":true,"touchableObjects":[]},{"miniGameCards":[],"viewedAnimatic":false,"keyPoints":[],"unlocked":false,"touchableObjects":[]}],"stackSize":5,"resolved":false},{"challengeScenes":[{"miniGameCards":[],"viewedAnimatic":false,"keyPoints":[],"unlocked":false,"touchableObjects":[]},{"miniGameCards":[],"viewedAnimatic":false,"keyPoints":[],"unlocked":false,"touchableObjects":[]},{"miniGameCards":[],"viewedAnimatic":false,"keyPoints":[],"unlocked":false,"touchableObjects":[]},{"miniGameCards":[],"viewedAnimatic":false,"keyPoints":[],"unlocked":false,"touchableObjects":[]},{"miniGameCards":[],"viewedAnimatic":false,"keyPoints":[],"unlocked":false,"touchableObjects":[]}],"stackSize":5,"resolved":false},{"challengeScenes":[{"miniGameCards":[],"viewedAnimatic":false,"keyPoints":[],"unlocked":true,"touchableObjects":["c_family_afri_a_G0a0","c_friends_G0a0","c_education_G0a0"]},{"miniGameCards":[],"viewedAnimatic":false,"keyPoints":["c_job_G0a1N","c_family_afri_a_G0a1N","c_home_G0a1N"],"unlocked":true,"touchableObjects":["c_player_afri_F_a_G0a1N","c_job_G0a1N","c_family_afri_a_G0a1N","c_home_G0a1N"]},{"miniGameCards":[],"viewedAnimatic":false,"keyPoints":["c_Nurse_G0a1P","c_mom_afri_a_G0a1P","c_dad_afri_a_G0a1P","c_kidsister_afri_a_G0a1P","c_grandma_afri_a_G0a1P","c_Teacher_G0a1P"],"unlocked":true,"touchableObjects":["c_cousins_F_a_G0a1P","c_friends_G0a1P","c_Nurse_G0a1P","c_mom_afri_a_G0a1P","c_dad_afri_a_G0a1P","c_kidsister_afri_a_G0a1P","c_grandma_afri_a_G0a1P","c_Teacher_G0a1P"]}],"stackSize":3,"resolved":true}],"sessionId":16,"epilogue":{"rating":4},"playerId":6566001,"session":[{"sceneId":"1P","stackId":12},{"sceneId":"1P","stackId":0},{"sceneId":"1P","stackId":1},{"sceneId":"1N","stackId":1},{"sceneId":"2P","stackId":1},{"sceneId":"1P","stackId":4},{"sceneId":"1N","stackId":4},{"sceneId":"3P","stackId":2},{"sceneId":"1P","stackId":2},{"sceneId":"1N","stackId":2},{"sceneId":"2P","stackId":2},{"sceneId":"1P","stackId":3},{"sceneId":"1N","stackId":3},{"sceneId":"2P","stackId":3},{"sceneId":"2P","stackId":4},{"sceneId":"1P","stackId":5},{"sceneId":"1N","stackId":5}],"minigames":[{"levelSaveData":[{"starRating":3,"unlocked":true},{"starRating":2,"unlocked":true},{"starRating":1,"unlocked":true},{"starRating":2,"unlocked":true},{"starRating":0,"unlocked":false},{"starRating":1,"unlocked":true},{"starRating":1,"unlocked":true},{"starRating":2,"unlocked":true},{"starRating":2,"unlocked":true},{"starRating":0,"unlocked":true}],"skillPoints":14},{"levelSaveData":[{"starRating":3,"unlocked":true},{"starRating":3,"unlocked":true},{"starRating":3,"unlocked":true},{"starRating":3,"unlocked":true},{"starRating":3,"unlocked":true},{"starRating":0,"unlocked":true},{"starRating":0,"unlocked":false},{"starRating":0,"unlocked":false},{"starRating":0,"unlocked":true},{"starRating":0,"unlocked":true}],"skillPoints":15},{"levelSaveData":[{"starRating":3,"unlocked":true},{"starRating":3,"unlocked":true},{"starRating":2,"unlocked":true},{"starRating":2,"unlocked":true},{"starRating":0,"unlocked":false},{"starRating":2,"unlocked":true},{"starRating":0,"unlocked":false},{"starRating":2,"unlocked":true},{"starRating":3,"unlocked":true},{"starRating":0,"unlocked":false}],"skillPoints":17},{"levelSaveData":[{"starRating":3,"unlocked":true},{"starRating":3,"unlocked":true},{"starRating":2,"unlocked":true},{"starRating":3,"unlocked":true},{"starRating":3,"unlocked":true},{"starRating":2,"unlocked":true},{"starRating":3,"unlocked":true},{"starRating":0,"unlocked":false},{"starRating":0,"unlocked":false},{"starRating":0,"unlocked":false}],"skillPoints":19},{"age":11,"name":"tashanti","gender":1,"id":0,"levelSaveData":[{"starRating":3,"unlocked":true},{"starRating":3,"chunks":[["3"],["22$$sincere","16$$intelligent"],["1$$giving a hand ","16$$study's","0$$family"],["1"]],"unlocked":true},{"starRating":3,"chunks":[["1"],["12$$being fit","3$$cooking"],["12$$technition","1$$runner"]],"unlocked":true},{"starRating":3,"chunks":[["2$$motorcycle"],["0"],["10"],["0"],["6","4"],["4"]],"unlocked":true},{"starRating":3,"chunks":[["2$$reading"],["3"],["2$$help others","1"],["1"],["4"],["8$$a doctor"]],"unlocked":true},{"starRating":3,"chunks":[["6"],["1","4","4","1"],["8$$HAWAII"],["0$$MALL"]],"unlocked":true},{"starRating":3,"chunks":[["2"],["0"],["2$$MYSELF","5$$MY CHILD"],["2","2"],["1$$TOGETHER FOREV"]],"unlocked":true},{"starRating":3,"chunks":[["1","5","4"],["0","2","3"],["0"],["3$$FRUITS"],["2$$TABACCO"]],"unlocked":true},{"starRating":3,"chunks":[["7","3","4"],["1","6","2"],["0","5"]],"unlocked":true},{"starRating":0,"chunks":[[null],[null],[null],[null],[null],[null]],"unlocked":false}],"visualAvatar":0,"skillPoints":27}],"avatar":{"age":11,"name":"tashanti","gender":1,"id":0,"levelSaveData":[{"starRating":3,"unlocked":true},{"starRating":3,"chunks":[["3"],["22$$sincere","16$$intelligent"],["1$$giving a hand ","16$$study's","0$$family"],["1"]],"unlocked":true},{"starRating":3,"chunks":[["1"],["12$$being fit","3$$cooking"],["12$$technition","1$$runner"]],"unlocked":true},{"starRating":3,"chunks":[["2$$motorcycle"],["0"],["10"],["0"],["6","4"],["4"]],"unlocked":true},{"starRating":3,"chunks":[["2$$reading"],["3"],["2$$help others","1"],["1"],["4"],["8$$a doctor"]],"unlocked":true},{"starRating":3,"chunks":[["6"],["1","4","4","1"],["8$$HAWAII"],["0$$MALL"]],"unlocked":true},{"starRating":3,"chunks":[["2"],["0"],["2$$MYSELF","5$$MY CHILD"],["2","2"],["1$$TOGETHER FOREV"]],"unlocked":true},{"starRating":3,"chunks":[["1","5","4"],["0","2","3"],["0"],["3$$FRUITS"],["2$$TABACCO"]],"unlocked":true},{"starRating":3,"chunks":[["7","3","4"],["1","6","2"],["0","5"]],"unlocked":true},{"starRating":0,"chunks":[[null],[null],[null],[null],[null],[null]],"unlocked":false}],"visualAvatar":0,"skillPoints":27}}
