6566001,0,174:18:58,11/12/2013 4:10:05pm
6566001,100,174:19:3,8
6566001,102,174:19:14,8
6566001,200,174:19:14,8,6,9,9,9,12
6566001,219,174:19:14,8
6566001,216,174:19:14,Stack_G11a0
6566001,217,174:19:29,Stack_G11a0,14,1.7
6566001,216,174:19:31,Stack_G11a0
6566001,217,174:19:46,Stack_G11a0,14,1.7
6566001,216,174:20:2,Stack_G11a0
6566001,217,174:20:19,Stack_G11a0,14,1.7
6566001,218,174:20:21,8
6566001,210,174:20:22,536,427
6566001,211,174:20:26,963,232
6566001,212,174:20:27,2
6566001,210,174:20:27,558,439
6566001,211,174:20:29,660,597
6566001,212,174:20:30,0
6566001,210,174:20:30,667,482
6566001,211,174:20:33,694,455
6566001,212,174:20:33,2
6566001,210,174:20:34,348,504
6566001,211,174:20:35,130,511
6566001,210,174:20:39,203,441
6566001,211,174:20:42,1017,355
6566001,210,174:20:43,1023,355
6566001,211,174:20:51,423,392
6566001,213,174:20:51,8,c_friend1_F_G11a0,false
6566001,1003,174:21:0,2
6566001,1004,174:21:4,2
6566001,1002,174:21:10,2
6566001,1003,174:21:10,2
6566001,1004,174:21:10,7
6566001,1002,174:21:13,7
6566001,1003,174:21:13,2
6566001,1004,174:21:14,2
6566001,900,174:21:15,2,[]
6566001,901,174:21:17,2,[PeopleData_id:6]
6566001,904,174:21:17,2,[PeopleData_id:6]
6566001,902,174:21:19,2,[PeopleData_id:6,PeopleData_data2Type]
6566001,902,174:21:23,2,[PeopleData_id:6,PeopleData_data1Type]
6566001,902,174:21:28,2,[PeopleData_id:6,PeopleData_data0Type]
6566001,903,174:21:32,2,[PeopleData_id6,PeopleData_data0Type]
6566001,901,174:21:32,2,[PeopleData_id:1]
6566001,902,174:21:34,2,[PeopleData_id:1,PeopleData_data2Type]
6566001,902,174:22:13,2,[PeopleData_id:1,PeopleData_data0Type]
6566001,902,174:22:16,2,[PeopleData_id:1,PeopleData_data0Type]
6566001,902,174:22:18,2,[PeopleData_id:1,PeopleData_data0Type]
6566001,902,174:22:18,2,[PeopleData_id:1,PeopleData_data1Type]
6566001,903,174:22:23,2,[PeopleData_id1,PeopleData_data1Type]
6566001,901,174:22:23,2,[PeopleData_id:3]
6566001,902,174:22:24,2,[PeopleData_id:3,PeopleData_data3Type]
6566001,902,174:22:29,2,[PeopleData_id:3,PeopleData_data2Type]
6566001,902,174:22:33,2,[PeopleData_id:3,PeopleData_data1Type]
6566001,902,174:22:38,2,[PeopleData_id:3,PeopleData_data0Type]
6566001,903,174:22:43,2,[PeopleData_id3,PeopleData_data0Type]
6566001,901,174:22:44,2,[PeopleData_id:3]
6566001,904,174:22:45,2,[PeopleData_id:3]
6566001,905,174:22:46,2,[PeopleData_id:3,RankTypes_id:-1,RankTypes_id:4]
6566001,901,174:22:47,2,[PeopleData_id:0]
6566001,904,174:22:47,2,[PeopleData_id:0]
6566001,902,174:22:48,2,[PeopleData_id:0,PeopleData_data3Type]
6566001,902,174:22:52,2,[PeopleData_id:0,PeopleData_data2Type]
6566001,902,174:23:18,2,[PeopleData_id:0,PeopleData_data1Type]
6566001,902,174:23:24,2,[PeopleData_id:0,PeopleData_data0Type]
6566001,903,174:23:28,2,[PeopleData_id0,PeopleData_data0Type]
6566001,901,174:23:28,2,[PeopleData_id:0]
6566001,904,174:23:28,2,[PeopleData_id:0]
6566001,905,174:23:29,2,[PeopleData_id:0,RankTypes_id:-1,RankTypes_id:4]
6566001,901,174:23:30,2,[PeopleData_id:4]
6566001,902,174:23:30,2,[PeopleData_id:4,PeopleData_data2Type]
6566001,902,174:23:32,2,[PeopleData_id:4,PeopleData_data1Type]
6566001,902,174:23:36,2,[PeopleData_id:4,PeopleData_data0Type]
6566001,902,174:23:40,2,[PeopleData_id:4,PeopleData_data1Type]
6566001,903,174:23:42,2,[PeopleData_id4,PeopleData_data1Type]
6566001,901,174:23:43,2,[PeopleData_id:4]
6566001,904,174:23:43,2,[PeopleData_id:4]
6566001,905,174:23:44,2,[PeopleData_id:4,RankTypes_id:-1,RankTypes_id:3]
6566001,901,174:23:45,2,[PeopleData_id:4]
6566001,904,174:23:45,2,[PeopleData_id:4]
6566001,905,174:23:45,2,[PeopleData_id:4,RankTypes_id:3,RankTypes_id:2]
6566001,901,174:23:46,2,[PeopleData_id:4]
6566001,904,174:23:46,2,[PeopleData_id:4]
6566001,905,174:23:46,2,[PeopleData_id:4,RankTypes_id:2,RankTypes_id:1]
6566001,901,174:23:47,2,[PeopleData_id:4]
6566001,904,174:23:47,2,[PeopleData_id:4]
6566001,905,174:23:48,2,[PeopleData_id:4,RankTypes_id:1,RankTypes_id:0]
6566001,901,174:23:49,2,[PeopleData_id:4]
6566001,904,174:23:49,2,[PeopleData_id:4]
6566001,905,174:23:49,2,[PeopleData_id:4,RankTypes_id:0,RankTypes_id:3]
6566001,901,174:23:51,2,[PeopleData_id:5]
6566001,902,174:23:52,2,[PeopleData_id:5,PeopleData_data3Type]
6566001,902,174:23:57,2,[PeopleData_id:5,PeopleData_data2Type]
6566001,902,174:24:10,2,[PeopleData_id:5,PeopleData_data1Type]
6566001,902,174:24:13,2,[PeopleData_id:5,PeopleData_data0Type]
6566001,903,174:24:16,2,[PeopleData_id5,PeopleData_data0Type]
6566001,901,174:24:16,2,[PeopleData_id:5]
6566001,904,174:24:16,2,[PeopleData_id:5]
6566001,905,174:24:17,2,[PeopleData_id:5,RankTypes_id:-1,RankTypes_id:0]
6566001,901,174:24:18,2,[PeopleData_id:2]
6566001,904,174:24:18,2,[PeopleData_id:2]
6566001,902,174:24:19,2,[PeopleData_id:2,PeopleData_data3Type]
6566001,902,174:24:21,2,[PeopleData_id:2,PeopleData_data2Type]
6566001,902,174:24:25,2,[PeopleData_id:2,PeopleData_data1Type]
6566001,902,174:24:31,2,[PeopleData_id:2,PeopleData_data0Type]
6566001,903,174:24:34,2,[PeopleData_id2,PeopleData_data0Type]
6566001,901,174:24:35,2,[PeopleData_id:2]
6566001,904,174:24:35,2,[PeopleData_id:2]
6566001,905,174:24:39,2,[PeopleData_id:2,RankTypes_id:-1,RankTypes_id:1]
6566001,901,174:24:40,2,[PeopleData_id:2]
6566001,904,174:24:40,2,[PeopleData_id:2]
6566001,905,174:24:40,2,[PeopleData_id:2,RankTypes_id:1,RankTypes_id:1]
6566001,901,174:24:41,2,[PeopleData_id:2]
6566001,904,174:24:41,2,[PeopleData_id:2]
6566001,905,174:24:43,2,[PeopleData_id:2,RankTypes_id:1,RankTypes_id:1]
6566001,901,174:24:45,2,[PeopleData_id:2]
6566001,904,174:24:45,2,[PeopleData_id:2]
6566001,901,174:24:46,2,[PeopleData_id:2]
6566001,904,174:24:46,2,[PeopleData_id:2]
6566001,905,174:24:46,2,[PeopleData_id:2,RankTypes_id:1,RankTypes_id:2]
6566001,901,174:24:47,2,[PeopleData_id:2]
6566001,904,174:24:47,2,[PeopleData_id:2]
6566001,905,174:24:47,2,[PeopleData_id:2,RankTypes_id:2,RankTypes_id:1]
6566001,901,174:24:47,2,[PeopleData_id:2]
6566001,904,174:24:47,2,[PeopleData_id:2]
6566001,905,174:24:48,2,[PeopleData_id:2,RankTypes_id:1,RankTypes_id:1]
6566001,901,174:24:48,2,[PeopleData_id:2]
6566001,904,174:24:48,2,[PeopleData_id:2]
6566001,901,174:24:50,2,[PeopleData_id:2]
6566001,904,174:24:50,2,[PeopleData_id:2]
6566001,905,174:24:50,2,[PeopleData_id:2,RankTypes_id:1,RankTypes_id:1]
6566001,901,174:24:51,2,[PeopleData_id:2]
6566001,904,174:24:51,2,[PeopleData_id:2]
6566001,905,174:24:51,2,[PeopleData_id:2,RankTypes_id:1,RankTypes_id:1]
6566001,901,174:24:51,2,[PeopleData_id:2]
6566001,904,174:24:51,2,[PeopleData_id:2]
6566001,905,174:24:52,2,[PeopleData_id:2,RankTypes_id:1,RankTypes_id:1]
6566001,901,174:24:52,2,[PeopleData_id:2]
6566001,905,174:24:52,2,[PeopleData_id:2,RankTypes_id:1,RankTypes_id:1]
6566001,901,174:24:52,2,[PeopleData_id:2]
6566001,905,174:24:52,2,[PeopleData_id:2,RankTypes_id:1,RankTypes_id:1]
6566001,901,174:24:52,2,[PeopleData_id:2]
6566001,905,174:24:52,2,[PeopleData_id:2,RankTypes_id:1,RankTypes_id:1]
6566001,901,174:24:53,2,[PeopleData_id:2]
6566001,904,174:24:53,2,[PeopleData_id:2]
6566001,905,174:24:53,2,[PeopleData_id:2,RankTypes_id:1,RankTypes_id:1]
6566001,901,174:24:55,2,[PeopleData_id:6]
6566001,902,174:24:56,2,[PeopleData_id:6,PeopleData_data2Type]
6566001,902,174:25:1,2,[PeopleData_id:6,PeopleData_data1Type]
6566001,902,174:25:2,2,[PeopleData_id:6,PeopleData_data0Type]
6566001,903,174:25:4,2,[PeopleData_id6,PeopleData_data0Type]
6566001,901,174:25:5,2,[PeopleData_id:6]
6566001,904,174:25:5,2,[PeopleData_id:6]
6566001,902,174:25:7,2,[PeopleData_id:6,PeopleData_data2Type]
6566001,903,174:25:10,2,[PeopleData_id6,PeopleData_data2Type]
6566001,901,174:25:11,2,[PeopleData_id:6]
6566001,904,174:25:11,2,[PeopleData_id:6]
6566001,905,174:25:13,2,[PeopleData_id:6,RankTypes_id:-1,RankTypes_id:1]
6566001,901,174:25:14,2,[PeopleData_id:1]
6566001,901,174:25:15,2,[PeopleData_id:6]
6566001,904,174:25:15,2,[PeopleData_id:6]
6566001,905,174:25:16,2,[PeopleData_id:6,RankTypes_id:1,RankTypes_id:0]
6566001,901,174:25:17,2,[PeopleData_id:1]
6566001,901,174:25:18,2,[PeopleData_id:6]
6566001,904,174:25:18,2,[PeopleData_id:6]
6566001,905,174:25:18,2,[PeopleData_id:6,RankTypes_id:0,RankTypes_id:1]
6566001,901,174:25:19,2,[PeopleData_id:1]
6566001,904,174:25:19,2,[PeopleData_id:1]
6566001,902,174:25:19,2,[PeopleData_id:1,PeopleData_data2Type]
6566001,902,174:25:22,2,[PeopleData_id:1,PeopleData_data1Type]
6566001,902,174:25:23,2,[PeopleData_id:1,PeopleData_data0Type]
6566001,903,174:25:25,2,[PeopleData_id1,PeopleData_data0Type]
6566001,901,174:25:25,2,[PeopleData_id:1]
6566001,904,174:25:25,2,[PeopleData_id:1]
6566001,901,174:25:26,2,[PeopleData_id:1]
6566001,904,174:25:27,2,[PeopleData_id:1]
6566001,905,174:25:27,2,[PeopleData_id:1,RankTypes_id:-1,RankTypes_id:0]
6566001,906,174:25:27,2,[]
6566001,901,174:25:28,2,[PeopleData_id:6]
6566001,904,174:25:28,2,[PeopleData_id:6]
6566001,905,174:25:28,2,[PeopleData_id:6,RankTypes_id:1,RankTypes_id:0]
6566001,902,174:25:30,2,[PeopleData_id:6,PeopleData_data2Type]
6566001,903,174:25:31,2,[PeopleData_id6,PeopleData_data2Type]
6566001,901,174:25:32,2,[PeopleData_id:6]
6566001,904,174:25:32,2,[PeopleData_id:6]
6566001,905,174:25:33,2,[PeopleData_id:6,RankTypes_id:0,RankTypes_id:1]
6566001,902,174:25:33,2,[PeopleData_id:6,PeopleData_data1Type]
6566001,902,174:25:35,2,[PeopleData_id:6,PeopleData_data0Type]
6566001,902,174:25:36,2,[PeopleData_id:6,PeopleData_data2Type]
6566001,903,174:25:37,2,[PeopleData_id6,PeopleData_data2Type]
6566001,907,174:25:40,2,[]
6566001,908,174:25:40,2,[InvitationData_id:0,PeopleData_id:3,RankTypes_id:4]
6566001,901,174:25:42,2,[PeopleData_id:6]
6566001,901,174:25:43,2,[PeopleData_id:6]
6566001,909,174:26:3,2,[InvitationData_id:0,PeopleData_id:3,RankTypes_id:4,1]
6566001,910,174:26:7,2,[InvitationData_id:0,9,false]
6566001,908,174:26:7,2,[InvitationData_id:9,PeopleData_id:0,RankTypes_id:4]
6566001,909,174:26:15,2,[InvitationData_id:9,PeopleData_id:0,RankTypes_id:4,0]
6566001,910,174:26:16,2,[InvitationData_id:9,-11,false]
6566001,908,174:26:16,2,[InvitationData_id:4,PeopleData_id:3,RankTypes_id:4]
6566001,909,174:26:23,2,[InvitationData_id:4,PeopleData_id:3,RankTypes_id:4,1]
6566001,910,174:26:25,2,[InvitationData_id:4,9,false]
6566001,908,174:26:25,2,[InvitationData_id:10,PeopleData_id:0,RankTypes_id:4]
6566001,909,174:26:39,2,[InvitationData_id:10,PeopleData_id:0,RankTypes_id:4,0]
6566001,910,174:26:45,2,[InvitationData_id:10,-11,false]
6566001,908,174:26:45,2,[InvitationData_id:3,PeopleData_id:0,RankTypes_id:4]
6566001,909,174:26:53,2,[InvitationData_id:3,PeopleData_id:0,RankTypes_id:4,1]
6566001,910,174:27:0,2,[InvitationData_id:3,9,false]
6566001,908,174:27:0,2,[InvitationData_id:8,PeopleData_id:2,RankTypes_id:1]
6566001,909,174:27:6,2,[InvitationData_id:8,PeopleData_id:2,RankTypes_id:1,0]
6566001,910,174:27:11,2,[InvitationData_id:8,0,false]
6566001,908,174:27:11,2,[InvitationData_id:1,PeopleData_id:2,RankTypes_id:1]
6566001,909,174:27:16,2,[InvitationData_id:1,PeopleData_id:2,RankTypes_id:1,0]
6566001,910,174:27:24,2,[InvitationData_id:1,0,false]
6566001,908,174:27:24,2,[InvitationData_id:5,PeopleData_id:4,RankTypes_id:3]
6566001,909,174:27:28,2,[InvitationData_id:5,PeopleData_id:4,RankTypes_id:3,0]
6566001,910,174:27:31,2,[InvitationData_id:5,-7,false]
6566001,908,174:27:31,2,[InvitationData_id:2,PeopleData_id:3,RankTypes_id:4]
6566001,909,174:27:37,2,[InvitationData_id:2,PeopleData_id:3,RankTypes_id:4,1]
6566001,910,174:27:39,2,[InvitationData_id:2,9,false]
6566001,911,174:27:44,2,[7,0,2,0]
6566001,1005,174:27:44,2,[2,0,1]
6566001,1000,174:27:50,2,[]
6566001,900,174:27:51,2,[]
6566001,901,174:27:53,2,[PeopleData_id:6]
6566001,904,174:27:53,2,[PeopleData_id:6]
6566001,905,174:27:53,2,[PeopleData_id:6,RankTypes_id:-1,RankTypes_id:4]
6566001,901,174:27:55,2,[PeopleData_id:2]
6566001,902,174:27:55,2,[PeopleData_id:2,PeopleData_data3Type]
6566001,902,174:27:56,2,[PeopleData_id:2,PeopleData_data2Type]
6566001,902,174:27:58,2,[PeopleData_id:2,PeopleData_data1Type]
6566001,902,174:28:0,2,[PeopleData_id:2,PeopleData_data0Type]
6566001,902,174:28:0,2,[PeopleData_id:2,PeopleData_data0Type]
6566001,903,174:28:1,2,[PeopleData_id2,PeopleData_data0Type]
6566001,901,174:28:2,2,[PeopleData_id:2]
6566001,904,174:28:2,2,[PeopleData_id:2]
6566001,905,174:28:4,2,[PeopleData_id:2,RankTypes_id:-1,RankTypes_id:2]
6566001,901,174:28:5,2,[PeopleData_id:3]
6566001,902,174:28:6,2,[PeopleData_id:3,PeopleData_data3Type]
6566001,902,174:28:7,2,[PeopleData_id:3,PeopleData_data2Type]
6566001,902,174:28:9,2,[PeopleData_id:3,PeopleData_data1Type]
6566001,902,174:28:10,2,[PeopleData_id:3,PeopleData_data0Type]
6566001,903,174:28:11,2,[PeopleData_id3,PeopleData_data0Type]
6566001,901,174:28:12,2,[PeopleData_id:3]
6566001,904,174:28:12,2,[PeopleData_id:3]
6566001,905,174:28:12,2,[PeopleData_id:3,RankTypes_id:-1,RankTypes_id:4]
6566001,901,174:28:14,2,[PeopleData_id:4]
6566001,904,174:28:14,2,[PeopleData_id:4]
6566001,902,174:28:15,2,[PeopleData_id:4,PeopleData_data2Type]
6566001,902,174:28:15,2,[PeopleData_id:4,PeopleData_data1Type]
6566001,902,174:28:17,2,[PeopleData_id:4,PeopleData_data0Type]
6566001,903,174:28:18,2,[PeopleData_id4,PeopleData_data0Type]
6566001,901,174:28:19,2,[PeopleData_id:4]
6566001,904,174:28:19,2,[PeopleData_id:4]
6566001,905,174:28:21,2,[PeopleData_id:4,RankTypes_id:-1,RankTypes_id:3]
6566001,901,174:28:22,2,[PeopleData_id:5]
6566001,902,174:28:22,2,[PeopleData_id:5,PeopleData_data2Type]
6566001,902,174:28:23,2,[PeopleData_id:5,PeopleData_data3Type]
6566001,902,174:28:24,2,[PeopleData_id:5,PeopleData_data1Type]
6566001,902,174:28:25,2,[PeopleData_id:5,PeopleData_data2Type]
6566001,902,174:28:26,2,[PeopleData_id:5,PeopleData_data0Type]
6566001,903,174:28:27,2,[PeopleData_id5,PeopleData_data0Type]
6566001,901,174:28:28,2,[PeopleData_id:5]
6566001,904,174:28:28,2,[PeopleData_id:5]
6566001,905,174:28:28,2,[PeopleData_id:5,RankTypes_id:-1,RankTypes_id:0]
6566001,901,174:28:29,2,[PeopleData_id:1]
6566001,902,174:28:30,2,[PeopleData_id:1,PeopleData_data2Type]
6566001,902,174:28:32,2,[PeopleData_id:1,PeopleData_data1Type]
6566001,902,174:28:33,2,[PeopleData_id:1,PeopleData_data0Type]
6566001,903,174:28:35,2,[PeopleData_id1,PeopleData_data0Type]
6566001,901,174:28:35,2,[PeopleData_id:1]
6566001,904,174:28:35,2,[PeopleData_id:1]
6566001,905,174:28:36,2,[PeopleData_id:1,RankTypes_id:-1,RankTypes_id:0]
6566001,901,174:28:36,2,[PeopleData_id:0]
6566001,902,174:28:37,2,[PeopleData_id:0,PeopleData_data3Type]
6566001,902,174:28:39,2,[PeopleData_id:0,PeopleData_data2Type]
6566001,902,174:28:42,2,[PeopleData_id:0,PeopleData_data1Type]
6566001,902,174:28:44,2,[PeopleData_id:0,PeopleData_data0Type]
6566001,903,174:28:45,2,[PeopleData_id0,PeopleData_data0Type]
6566001,901,174:28:46,2,[PeopleData_id:0]
6566001,904,174:28:46,2,[PeopleData_id:0]
6566001,905,174:28:47,2,[PeopleData_id:0,RankTypes_id:-1,RankTypes_id:3]
6566001,906,174:28:47,2,[]
6566001,907,174:28:50,2,[]
6566001,908,174:28:50,2,[InvitationData_id:3,PeopleData_id:0,RankTypes_id:3]
6566001,909,174:28:54,2,[InvitationData_id:3,PeopleData_id:0,RankTypes_id:3,1]
6566001,910,174:28:55,2,[InvitationData_id:3,7,false]
6566001,908,174:28:55,2,[InvitationData_id:0,PeopleData_id:6,RankTypes_id:4]
6566001,909,174:29:2,2,[InvitationData_id:0,PeopleData_id:6,RankTypes_id:4,1]
6566001,910,174:29:4,2,[InvitationData_id:0,9,false]
6566001,908,174:29:4,2,[InvitationData_id:1,PeopleData_id:2,RankTypes_id:2]
6566001,909,174:29:7,2,[InvitationData_id:1,PeopleData_id:2,RankTypes_id:2,0]
6566001,910,174:29:9,2,[InvitationData_id:1,-2,false]
6566001,908,174:29:9,2,[InvitationData_id:10,PeopleData_id:6,RankTypes_id:4]
6566001,909,174:29:12,2,[InvitationData_id:10,PeopleData_id:6,RankTypes_id:4,0]
6566001,910,174:29:12,2,[InvitationData_id:10,-11,false]
6566001,908,174:29:12,2,[InvitationData_id:9,PeopleData_id:3,RankTypes_id:4]
6566001,909,174:29:15,2,[InvitationData_id:9,PeopleData_id:3,RankTypes_id:4,1]
6566001,910,174:29:15,2,[InvitationData_id:9,9,false]
6566001,908,174:29:15,2,[InvitationData_id:5,PeopleData_id:6,RankTypes_id:4]
6566001,909,174:29:20,2,[InvitationData_id:5,PeopleData_id:6,RankTypes_id:4,1]
6566001,910,174:29:22,2,[InvitationData_id:5,9,false]
6566001,908,174:29:22,2,[InvitationData_id:4,PeopleData_id:3,RankTypes_id:4]
6566001,909,174:29:26,2,[InvitationData_id:4,PeopleData_id:3,RankTypes_id:4,1]
6566001,910,174:29:28,2,[InvitationData_id:4,9,false]
6566001,908,174:29:28,2,[InvitationData_id:8,PeopleData_id:6,RankTypes_id:4]
6566001,909,174:29:33,2,[InvitationData_id:8,PeopleData_id:6,RankTypes_id:4,0]
6566001,910,174:29:35,2,[InvitationData_id:8,-11,false]
6566001,908,174:29:35,2,[InvitationData_id:2,PeopleData_id:3,RankTypes_id:4]
6566001,909,174:29:51,2,[InvitationData_id:2,PeopleData_id:3,RankTypes_id:4,1]
6566001,910,174:29:53,2,[InvitationData_id:2,9,false]
6566001,911,174:29:55,2,[28,0,0,0]
6566001,1005,174:29:55,2,[2,1,2]
6566001,1001,174:29:58,2,[]
6566001,1003,174:29:58,2
6566001,1004,174:33:2,7
6566001,900,174:33:10,7,[]
6566001,901,174:33:13,7,[PeopleData_id:9]
6566001,902,174:33:14,7,[PeopleData_id:9,PeopleData_data3Type]
6566001,902,174:33:19,7,[PeopleData_id:9,PeopleData_data2Type]
6566001,902,174:33:26,7,[PeopleData_id:9,PeopleData_data1Type]
6566001,902,174:33:33,7,[PeopleData_id:9,PeopleData_data0Type]
6566001,903,174:33:38,7,[PeopleData_id9,PeopleData_data0Type]
6566001,901,174:33:38,7,[PeopleData_id:9]
6566001,904,174:33:38,7,[PeopleData_id:9]
6566001,905,174:33:40,7,[PeopleData_id:9,RankTypes_id:-1,RankTypes_id:0]
6566001,901,174:33:41,7,[PeopleData_id:8]
6566001,902,174:33:42,7,[PeopleData_id:8,PeopleData_data2Type]
6566001,902,174:33:47,7,[PeopleData_id:8,PeopleData_data1Type]
6566001,902,174:33:50,7,[PeopleData_id:8,PeopleData_data0Type]
6566001,903,174:33:52,7,[PeopleData_id8,PeopleData_data0Type]
6566001,901,174:33:53,7,[PeopleData_id:8]
6566001,904,174:33:53,7,[PeopleData_id:8]
6566001,905,174:33:53,7,[PeopleData_id:8,RankTypes_id:-1,RankTypes_id:4]
6566001,901,174:33:54,7,[PeopleData_id:2]
6566001,904,174:33:54,7,[PeopleData_id:2]
6566001,902,174:33:55,7,[PeopleData_id:2,PeopleData_data2Type]
6566001,902,174:34:0,7,[PeopleData_id:2,PeopleData_data1Type]
6566001,902,174:34:3,7,[PeopleData_id:2,PeopleData_data0Type]
6566001,903,174:34:5,7,[PeopleData_id2,PeopleData_data0Type]
6566001,901,174:34:6,7,[PeopleData_id:2]
6566001,904,174:34:6,7,[PeopleData_id:2]
6566001,905,174:34:7,7,[PeopleData_id:2,RankTypes_id:-1,RankTypes_id:3]
6566001,901,174:34:7,7,[PeopleData_id:8]
6566001,905,174:34:8,7,[PeopleData_id:8,RankTypes_id:4,RankTypes_id:4]
6566001,901,174:34:9,7,[PeopleData_id:8]
6566001,904,174:34:9,7,[PeopleData_id:8]
6566001,905,174:34:9,7,[PeopleData_id:8,RankTypes_id:4,RankTypes_id:3]
6566001,901,174:34:10,7,[PeopleData_id:0]
6566001,902,174:34:11,7,[PeopleData_id:0,PeopleData_data2Type]
6566001,902,174:34:37,7,[PeopleData_id:0,PeopleData_data1Type]
6566001,902,174:34:37,7,[PeopleData_id:0,PeopleData_data2Type]
6566001,903,174:34:38,7,[PeopleData_id0,PeopleData_data2Type]
6566001,901,174:34:40,7,[PeopleData_id:0]
6566001,904,174:34:41,7,[PeopleData_id:0]
6566001,905,174:34:43,7,[PeopleData_id:0,RankTypes_id:-1,RankTypes_id:3]
6566001,901,174:34:44,7,[PeopleData_id:0]
6566001,905,174:34:44,7,[PeopleData_id:0,RankTypes_id:3,RankTypes_id:3]
6566001,902,174:34:45,7,[PeopleData_id:0,PeopleData_data0Type]
6566001,902,174:34:47,7,[PeopleData_id:0,PeopleData_data1Type]
6566001,902,174:34:48,7,[PeopleData_id:0,PeopleData_data2Type]
6566001,903,174:34:49,7,[PeopleData_id0,PeopleData_data2Type]
6566001,901,174:34:50,7,[PeopleData_id:8]
6566001,905,174:34:50,7,[PeopleData_id:8,RankTypes_id:3,RankTypes_id:3]
6566001,901,174:34:50,7,[PeopleData_id:2]
6566001,905,174:34:50,7,[PeopleData_id:2,RankTypes_id:3,RankTypes_id:3]
6566001,902,174:34:51,7,[PeopleData_id:2,PeopleData_data2Type]
6566001,902,174:34:52,7,[PeopleData_id:2,PeopleData_data1Type]
6566001,902,174:34:53,7,[PeopleData_id:2,PeopleData_data0Type]
6566001,903,174:34:54,7,[PeopleData_id2,PeopleData_data0Type]
6566001,901,174:34:55,7,[PeopleData_id:8]
6566001,905,174:34:55,7,[PeopleData_id:8,RankTypes_id:3,RankTypes_id:3]
6566001,901,174:34:56,7,[PeopleData_id:0]
6566001,905,174:34:56,7,[PeopleData_id:0,RankTypes_id:3,RankTypes_id:3]
6566001,902,174:34:57,7,[PeopleData_id:0,PeopleData_data2Type]
6566001,903,174:35:7,7,[PeopleData_id0,PeopleData_data2Type]
6566001,901,174:35:9,7,[PeopleData_id:3]
6566001,902,174:35:11,7,[PeopleData_id:3,PeopleData_data3Type]
6566001,902,174:35:16,7,[PeopleData_id:3,PeopleData_data2Type]
6566001,902,174:35:20,7,[PeopleData_id:3,PeopleData_data1Type]
6566001,902,174:35:24,7,[PeopleData_id:3,PeopleData_data0Type]
6566001,903,174:35:26,7,[PeopleData_id3,PeopleData_data0Type]
6566001,901,174:35:26,7,[PeopleData_id:3]
6566001,904,174:35:26,7,[PeopleData_id:3]
6566001,905,174:35:27,7,[PeopleData_id:3,RankTypes_id:-1,RankTypes_id:3]
6566001,901,174:35:28,7,[PeopleData_id:5]
6566001,904,174:35:28,7,[PeopleData_id:5]
6566001,902,174:35:29,7,[PeopleData_id:5,PeopleData_data2Type]
6566001,902,174:35:31,7,[PeopleData_id:5,PeopleData_data1Type]
6566001,902,174:35:35,7,[PeopleData_id:5,PeopleData_data0Type]
6566001,903,174:35:36,7,[PeopleData_id5,PeopleData_data0Type]
6566001,901,174:35:37,7,[PeopleData_id:1]
6566001,904,174:35:37,7,[PeopleData_id:1]
6566001,905,174:35:37,7,[PeopleData_id:1,RankTypes_id:-1,RankTypes_id:0]
6566001,901,174:35:38,7,[PeopleData_id:5]
6566001,902,174:35:39,7,[PeopleData_id:5,PeopleData_data2Type]
6566001,902,174:35:42,7,[PeopleData_id:5,PeopleData_data1Type]
6566001,902,174:35:44,7,[PeopleData_id:5,PeopleData_data0Type]
6566001,902,174:35:45,7,[PeopleData_id:5,PeopleData_data0Type]
6566001,903,174:35:45,7,[PeopleData_id5,PeopleData_data0Type]
6566001,901,174:35:46,7,[PeopleData_id:5]
6566001,904,174:35:46,7,[PeopleData_id:5]
6566001,905,174:35:47,7,[PeopleData_id:5,RankTypes_id:-1,RankTypes_id:0]
6566001,901,174:35:47,7,[PeopleData_id:1]
6566001,904,174:35:48,7,[PeopleData_id:1]
6566001,901,174:35:49,7,[PeopleData_id:1]
6566001,904,174:35:49,7,[PeopleData_id:1]
6566001,902,174:35:51,7,[PeopleData_id:1,PeopleData_data2Type]
6566001,902,174:35:53,7,[PeopleData_id:1,PeopleData_data1Type]
6566001,902,174:35:54,7,[PeopleData_id:1,PeopleData_data0Type]
6566001,903,174:35:56,7,[PeopleData_id1,PeopleData_data0Type]
6566001,901,174:35:57,7,[PeopleData_id:4]
6566001,902,174:35:57,7,[PeopleData_id:4,PeopleData_data2Type]
6566001,902,174:36:7,7,[PeopleData_id:4,PeopleData_data1Type]
6566001,902,174:36:15,7,[PeopleData_id:4,PeopleData_data0Type]
6566001,903,174:36:21,7,[PeopleData_id4,PeopleData_data0Type]
6566001,901,174:36:21,7,[PeopleData_id:4]
6566001,904,174:36:21,7,[PeopleData_id:4]
6566001,905,174:36:22,7,[PeopleData_id:4,RankTypes_id:-1,RankTypes_id:3]
6566001,901,174:36:22,7,[PeopleData_id:6]
6566001,902,174:36:23,7,[PeopleData_id:6,PeopleData_data2Type]
6566001,902,174:36:24,7,[PeopleData_id:6,PeopleData_data3Type]
6566001,902,174:36:28,7,[PeopleData_id:6,PeopleData_data2Type]
6566001,902,174:36:32,7,[PeopleData_id:6,PeopleData_data1Type]
6566001,902,174:36:33,7,[PeopleData_id:6,PeopleData_data0Type]
6566001,902,174:36:34,7,[PeopleData_id:6,PeopleData_data1Type]
6566001,902,174:36:37,7,[PeopleData_id:6,PeopleData_data0Type]
6566001,903,174:36:37,7,[PeopleData_id6,PeopleData_data0Type]
6566001,901,174:36:38,7,[PeopleData_id:6]
6566001,904,174:36:38,7,[PeopleData_id:6]
6566001,905,174:36:39,7,[PeopleData_id:6,RankTypes_id:-1,RankTypes_id:0]
6566001,901,174:36:39,7,[PeopleData_id:7]
6566001,904,174:36:39,7,[PeopleData_id:7]
6566001,902,174:36:40,7,[PeopleData_id:7,PeopleData_data3Type]
6566001,902,174:36:45,7,[PeopleData_id:7,PeopleData_data2Type]
6566001,902,174:36:50,7,[PeopleData_id:7,PeopleData_data1Type]
6566001,902,174:36:55,7,[PeopleData_id:7,PeopleData_data0Type]
6566001,903,174:36:58,7,[PeopleData_id7,PeopleData_data0Type]
6566001,901,174:36:59,7,[PeopleData_id:7]
6566001,904,174:36:59,7,[PeopleData_id:7]
6566001,905,174:37:0,7,[PeopleData_id:7,RankTypes_id:-1,RankTypes_id:3]
6566001,906,174:37:0,7,[]
6566001,901,174:37:2,7,[PeopleData_id:2]
6566001,905,174:37:2,7,[PeopleData_id:2,RankTypes_id:3,RankTypes_id:3]
6566001,901,174:37:2,7,[PeopleData_id:2]
6566001,904,174:37:2,7,[PeopleData_id:2]
6566001,905,174:37:2,7,[PeopleData_id:2,RankTypes_id:3,RankTypes_id:4]
6566001,901,174:37:3,7,[PeopleData_id:8]
6566001,904,174:37:3,7,[PeopleData_id:8]
6566001,905,174:37:3,7,[PeopleData_id:8,RankTypes_id:3,RankTypes_id:4]
6566001,901,174:37:4,7,[PeopleData_id:0]
6566001,904,174:37:4,7,[PeopleData_id:0]
6566001,905,174:37:5,7,[PeopleData_id:0,RankTypes_id:3,RankTypes_id:3]
6566001,901,174:37:5,7,[PeopleData_id:3]
6566001,904,174:37:5,7,[PeopleData_id:3]
6566001,905,174:37:6,7,[PeopleData_id:3,RankTypes_id:3,RankTypes_id:3]
6566001,901,174:37:7,7,[PeopleData_id:4]
6566001,904,174:37:7,7,[PeopleData_id:4]
6566001,905,174:37:7,7,[PeopleData_id:4,RankTypes_id:3,RankTypes_id:3]
6566001,901,174:37:7,7,[PeopleData_id:7]
6566001,904,174:37:8,7,[PeopleData_id:7]
6566001,905,174:37:8,7,[PeopleData_id:7,RankTypes_id:3,RankTypes_id:3]
6566001,901,174:37:9,7,[PeopleData_id:4]
6566001,905,174:37:9,7,[PeopleData_id:4,RankTypes_id:3,RankTypes_id:3]
6566001,901,174:37:9,7,[PeopleData_id:3]
6566001,905,174:37:9,7,[PeopleData_id:3,RankTypes_id:3,RankTypes_id:3]
6566001,901,174:37:9,7,[PeopleData_id:0]
6566001,905,174:37:9,7,[PeopleData_id:0,RankTypes_id:3,RankTypes_id:3]
6566001,901,174:37:9,7,[PeopleData_id:2]
6566001,904,174:37:10,7,[PeopleData_id:2]
6566001,905,174:37:10,7,[PeopleData_id:2,RankTypes_id:4,RankTypes_id:4]
6566001,901,174:37:10,7,[PeopleData_id:8]
6566001,905,174:37:10,7,[PeopleData_id:8,RankTypes_id:4,RankTypes_id:4]
6566001,901,174:37:11,7,[PeopleData_id:0]
6566001,905,174:37:11,7,[PeopleData_id:0,RankTypes_id:3,RankTypes_id:3]
6566001,901,174:37:11,7,[PeopleData_id:0]
6566001,905,174:37:11,7,[PeopleData_id:0,RankTypes_id:3,RankTypes_id:3]
6566001,901,174:37:11,7,[PeopleData_id:3]
6566001,904,174:37:11,7,[PeopleData_id:3]
6566001,905,174:37:11,7,[PeopleData_id:3,RankTypes_id:3,RankTypes_id:3]
6566001,901,174:37:11,7,[PeopleData_id:4]
6566001,905,174:37:11,7,[PeopleData_id:4,RankTypes_id:3,RankTypes_id:3]
6566001,901,174:37:11,7,[PeopleData_id:7]
6566001,904,174:37:12,7,[PeopleData_id:7]
6566001,905,174:37:12,7,[PeopleData_id:7,RankTypes_id:3,RankTypes_id:3]
6566001,901,174:37:12,7,[PeopleData_id:8]
6566001,905,174:37:12,7,[PeopleData_id:8,RankTypes_id:4,RankTypes_id:4]
6566001,901,174:37:13,7,[PeopleData_id:9]
6566001,904,174:37:13,7,[PeopleData_id:9]
6566001,905,174:37:13,7,[PeopleData_id:9,RankTypes_id:0,RankTypes_id:0]
6566001,901,174:37:13,7,[PeopleData_id:1]
6566001,905,174:37:13,7,[PeopleData_id:1,RankTypes_id:0,RankTypes_id:0]
6566001,901,174:37:13,7,[PeopleData_id:5]
6566001,904,174:37:13,7,[PeopleData_id:5]
6566001,905,174:37:13,7,[PeopleData_id:5,RankTypes_id:0,RankTypes_id:0]
6566001,901,174:37:13,7,[PeopleData_id:6]
6566001,904,174:37:13,7,[PeopleData_id:6]
6566001,905,174:37:13,7,[PeopleData_id:6,RankTypes_id:0,RankTypes_id:0]
6566001,901,174:37:13,7,[PeopleData_id:0]
6566001,905,174:37:13,7,[PeopleData_id:0,RankTypes_id:3,RankTypes_id:3]
6566001,901,174:37:15,7,[PeopleData_id:9]
6566001,905,174:37:15,7,[PeopleData_id:9,RankTypes_id:0,RankTypes_id:0]
6566001,901,174:37:16,7,[PeopleData_id:9]
6566001,905,174:37:16,7,[PeopleData_id:9,RankTypes_id:0,RankTypes_id:0]
6566001,901,174:37:16,7,[PeopleData_id:1]
6566001,905,174:37:16,7,[PeopleData_id:1,RankTypes_id:0,RankTypes_id:0]
6566001,901,174:37:16,7,[PeopleData_id:6]
6566001,905,174:37:16,7,[PeopleData_id:6,RankTypes_id:0,RankTypes_id:0]
6566001,901,174:37:16,7,[PeopleData_id:0]
6566001,905,174:37:16,7,[PeopleData_id:0,RankTypes_id:3,RankTypes_id:3]
6566001,901,174:37:17,7,[PeopleData_id:6]
6566001,905,174:37:17,7,[PeopleData_id:6,RankTypes_id:0,RankTypes_id:0]
6566001,901,174:37:17,7,[PeopleData_id:3]
6566001,904,174:37:17,7,[PeopleData_id:3]
6566001,905,174:37:17,7,[PeopleData_id:3,RankTypes_id:3,RankTypes_id:3]
6566001,901,174:37:17,7,[PeopleData_id:4]
6566001,904,174:37:17,7,[PeopleData_id:4]
6566001,905,174:37:17,7,[PeopleData_id:4,RankTypes_id:3,RankTypes_id:3]
6566001,901,174:37:17,7,[PeopleData_id:0]
6566001,904,174:37:17,7,[PeopleData_id:0]
6566001,905,174:37:17,7,[PeopleData_id:0,RankTypes_id:3,RankTypes_id:3]
6566001,901,174:37:17,7,[PeopleData_id:4]
6566001,904,174:37:17,7,[PeopleData_id:4]
6566001,905,174:37:17,7,[PeopleData_id:4,RankTypes_id:3,RankTypes_id:3]
6566001,901,174:37:18,7,[PeopleData_id:7]
6566001,905,174:37:18,7,[PeopleData_id:7,RankTypes_id:3,RankTypes_id:3]
6566001,901,174:37:18,7,[PeopleData_id:3]
6566001,905,174:37:18,7,[PeopleData_id:3,RankTypes_id:3,RankTypes_id:3]
6566001,901,174:37:18,7,[PeopleData_id:0]
6566001,904,174:37:18,7,[PeopleData_id:0]
6566001,905,174:37:18,7,[PeopleData_id:0,RankTypes_id:3,RankTypes_id:3]
6566001,901,174:37:19,7,[PeopleData_id:2]
6566001,905,174:37:19,7,[PeopleData_id:2,RankTypes_id:4,RankTypes_id:4]
6566001,901,174:37:19,7,[PeopleData_id:2]
6566001,904,174:37:19,7,[PeopleData_id:2]
6566001,905,174:37:19,7,[PeopleData_id:2,RankTypes_id:4,RankTypes_id:4]
6566001,901,174:37:20,7,[PeopleData_id:2]
6566001,905,174:37:20,7,[PeopleData_id:2,RankTypes_id:4,RankTypes_id:4]
6566001,901,174:37:20,7,[PeopleData_id:2]
6566001,905,174:37:20,7,[PeopleData_id:2,RankTypes_id:4,RankTypes_id:4]
6566001,901,174:37:21,7,[PeopleData_id:2]
6566001,904,174:37:22,7,[PeopleData_id:2]
6566001,905,174:37:22,7,[PeopleData_id:2,RankTypes_id:4,RankTypes_id:4]
6566001,901,174:37:22,7,[PeopleData_id:2]
6566001,905,174:37:22,7,[PeopleData_id:2,RankTypes_id:4,RankTypes_id:4]
6566001,901,174:37:22,7,[PeopleData_id:2]
6566001,905,174:37:22,7,[PeopleData_id:2,RankTypes_id:4,RankTypes_id:4]
6566001,901,174:37:23,7,[PeopleData_id:2]
6566001,905,174:37:23,7,[PeopleData_id:2,RankTypes_id:4,RankTypes_id:4]
6566001,907,174:37:33,7,[]
6566001,908,174:37:33,7,[InvitationData_id:9,PeopleData_id:7,RankTypes_id:3]
6566001,909,174:37:36,7,[InvitationData_id:9,PeopleData_id:7,RankTypes_id:3,0]
6566001,910,174:37:38,7,[InvitationData_id:9,-7,false]
6566001,908,174:37:38,7,[InvitationData_id:2,PeopleData_id:2,RankTypes_id:4]
6566001,909,174:37:43,7,[InvitationData_id:2,PeopleData_id:2,RankTypes_id:4,1]
6566001,910,174:37:44,7,[InvitationData_id:2,9,false]
6566001,908,174:37:44,7,[InvitationData_id:10,PeopleData_id:0,RankTypes_id:3]
6566001,909,174:38:6,7,[InvitationData_id:10,PeopleData_id:0,RankTypes_id:3,0]
6566001,910,174:38:14,7,[InvitationData_id:10,-7,false]
6566001,908,174:38:14,7,[InvitationData_id:0,PeopleData_id:8,RankTypes_id:4]
6566001,909,174:38:19,7,[InvitationData_id:0,PeopleData_id:8,RankTypes_id:4,1]
6566001,910,174:38:20,7,[InvitationData_id:0,9,false]
6566001,908,174:38:20,7,[InvitationData_id:1,PeopleData_id:2,RankTypes_id:4]
6566001,909,174:38:29,7,[InvitationData_id:1,PeopleData_id:2,RankTypes_id:4,1]
6566001,910,174:38:30,7,[InvitationData_id:1,9,false]
6566001,908,174:38:30,7,[InvitationData_id:6,PeopleData_id:2,RankTypes_id:4]
6566001,909,174:38:36,7,[InvitationData_id:6,PeopleData_id:2,RankTypes_id:4,0]
6566001,910,174:38:42,7,[InvitationData_id:6,-11,false]
6566001,908,174:38:42,7,[InvitationData_id:3,PeopleData_id:2,RankTypes_id:4]
6566001,909,174:38:47,7,[InvitationData_id:3,PeopleData_id:2,RankTypes_id:4,1]
6566001,910,174:38:49,7,[InvitationData_id:3,9,false]
6566001,908,174:38:49,7,[InvitationData_id:4,PeopleData_id:3,RankTypes_id:3]
6566001,909,174:38:55,7,[InvitationData_id:4,PeopleData_id:3,RankTypes_id:3,1]
6566001,910,174:38:57,7,[InvitationData_id:4,7,false]
6566001,908,174:38:57,7,[InvitationData_id:5,PeopleData_id:3,RankTypes_id:3]
6566001,909,174:39:4,7,[InvitationData_id:5,PeopleData_id:3,RankTypes_id:3,1]
6566001,910,174:39:5,7,[InvitationData_id:5,7,false]
6566001,911,174:39:7,7,[25,0,0,0]
6566001,1005,174:39:7,7,[2,0,2]
6566001,1001,174:39:9,7,[]
6566001,1003,174:39:9,2
6566001,210,174:39:13,513,435
6566001,211,174:39:18,821,427
6566001,219,174:39:20,8
6566001,216,174:39:21,Stack_G11a1N
6566001,217,174:39:38,Stack_G11a1N,15,0.00
6566001,218,174:39:39,8
6566001,210,174:39:40,539,463
6566001,211,174:39:41,884,493
6566001,212,174:39:43,1
6566001,210,174:39:43,1097,472
6566001,207,174:39:46,8,-200,-170
6566001,207,174:39:47,8,-170,0
6566001,211,174:39:48,184,539
6566001,213,174:39:48,8,s_bed_F_G11a1N,false
6566001,210,174:39:53,282,523
6566001,211,174:40:5,341,577
6566001,213,174:40:5,8,s_bed_F_G11a1N,false
6566001,1003,174:42:9,1
6566001,1004,174:42:18,1
6566001,800,174:42:24,1,[]
6566001,801,174:42:25,1,[]
6566001,814,174:42:27,1,[0]
6566001,815,174:42:27,1,0,OpportunityCardData_id:0
6566001,816,174:42:30,1,0,OpportunityCardData_id:0
6566001,803,174:42:31,1,[OpportunityCardData_id:0,OpportunityCardConsequencesData_logId:0]
6566001,803,174:42:32,1,[OpportunityCardData_id:0,OpportunityCardConsequencesData_logId:1]
6566001,803,174:42:36,1,[OpportunityCardData_id:0,OpportunityCardConsequencesData_logId:2]
6566001,804,174:42:38,1,[OpportunityCardData_id:0]
6566001,814,174:42:39,1,[0]
6566001,815,174:42:39,1,0,OpportunityCardData_id:1
6566001,816,174:42:42,1,0,OpportunityCardData_id:1
6566001,803,174:42:43,1,[OpportunityCardData_id:1,OpportunityCardConsequencesData_logId:0]
6566001,803,174:42:47,1,[OpportunityCardData_id:1,OpportunityCardConsequencesData_logId:1]
6566001,804,174:42:51,1,[OpportunityCardData_id:1]
6566001,814,174:42:52,1,[0]
6566001,815,174:42:52,1,0,OpportunityCardData_id:2
6566001,815,174:42:53,1,0,OpportunityCardData_id:3
6566001,815,174:42:54,1,0,OpportunityCardData_id:2
6566001,816,174:42:58,1,0,OpportunityCardData_id:2
6566001,803,174:42:59,1,[OpportunityCardData_id:2,OpportunityCardConsequencesData_logId:0]
6566001,803,174:42:59,1,[OpportunityCardData_id:2,OpportunityCardConsequencesData_logId:1]
6566001,803,174:42:59,1,[OpportunityCardData_id:2,OpportunityCardConsequencesData_logId:2]
6566001,804,174:43:7,1,[OpportunityCardData_id:2]
6566001,814,174:43:8,1,[0]
6566001,815,174:43:8,1,0,OpportunityCardData_id:3
6566001,816,174:43:19,1,0,OpportunityCardData_id:3
6566001,803,174:43:19,1,[OpportunityCardData_id:3,OpportunityCardConsequencesData_logId:0]
6566001,803,174:43:19,1,[OpportunityCardData_id:3,OpportunityCardConsequencesData_logId:1]
6566001,803,174:43:20,1,[OpportunityCardData_id:3,OpportunityCardConsequencesData_logId:2]
6566001,804,174:43:23,1,[OpportunityCardData_id:3]
6566001,814,174:43:50,1,[0]
6566001,815,174:43:50,1,0,OpportunityCardData_id:4
6566001,816,174:43:52,1,0,OpportunityCardData_id:4
6566001,803,174:43:53,1,[OpportunityCardData_id:4,OpportunityCardConsequencesData_logId:0]
6566001,803,174:43:54,1,[OpportunityCardData_id:4,OpportunityCardConsequencesData_logId:1]
6566001,804,174:44:0,1,[OpportunityCardData_id:4]
6566001,814,174:44:0,1,[0]
6566001,815,174:44:0,1,0,OpportunityCardData_id:5
6566001,816,174:44:4,1,0,OpportunityCardData_id:5
6566001,803,174:44:4,1,[OpportunityCardData_id:5,OpportunityCardConsequencesData_logId:0]
6566001,803,174:44:4,1,[OpportunityCardData_id:5,OpportunityCardConsequencesData_logId:1]
6566001,803,174:44:5,1,[OpportunityCardData_id:5,OpportunityCardConsequencesData_logId:2]
6566001,804,174:44:12,1,[OpportunityCardData_id:5]
6566001,814,174:44:12,1,[0]
6566001,815,174:44:12,1,0,OpportunityCardData_id:6
6566001,816,174:44:15,1,0,OpportunityCardData_id:6
6566001,803,174:44:16,1,[OpportunityCardData_id:6,OpportunityCardConsequencesData_logId:0]
6566001,803,174:44:16,1,[OpportunityCardData_id:6,OpportunityCardConsequencesData_logId:1]
6566001,803,174:44:17,1,[OpportunityCardData_id:6,OpportunityCardConsequencesData_logId:2]
6566001,804,174:44:19,1,[OpportunityCardData_id:6]
6566001,814,174:44:20,1,[1]
6566001,815,174:44:20,1,1,OpportunityCardData_id:7
6566001,817,174:44:22,1,1
6566001,1002,174:44:26,1
6566001,1003,174:44:26,1
6566001,1004,174:44:27,1
6566001,800,174:44:30,1,[]
6566001,801,174:44:32,1,[]
6566001,814,174:44:53,1,[3]
6566001,815,174:44:53,1,3,OpportunityCardData_id:19
6566001,815,174:44:58,1,3,OpportunityCardData_id:20
6566001,816,174:45:3,1,3,OpportunityCardData_id:20
6566001,803,174:45:4,1,[OpportunityCardData_id:20,OpportunityCardConsequencesData_logId:0]
6566001,803,174:45:4,1,[OpportunityCardData_id:20,OpportunityCardConsequencesData_logId:1]
6566001,803,174:45:4,1,[OpportunityCardData_id:20,OpportunityCardConsequencesData_logId:2]
6566001,804,174:45:27,1,[OpportunityCardData_id:20]
6566001,814,174:45:30,1,[3]
6566001,815,174:45:30,1,3,OpportunityCardData_id:19
6566001,815,174:45:32,1,3,OpportunityCardData_id:21
6566001,815,174:45:34,1,3,OpportunityCardData_id:23
6566001,816,174:45:37,1,3,OpportunityCardData_id:23
6566001,803,174:45:37,1,[OpportunityCardData_id:23,OpportunityCardConsequencesData_logId:0]
6566001,803,174:45:38,1,[OpportunityCardData_id:23,OpportunityCardConsequencesData_logId:1]
6566001,805,174:45:42,1,[OpportunityCardData_id:23]
6566001,806,174:45:43,1,[OpportunityCardData_id:23,PriorityData_type:5]
6566001,806,174:45:44,1,[OpportunityCardData_id:23,PriorityData_type:2]
6566001,807,174:45:52,1,[OpportunityCardData_id:23]
6566001,808,174:45:54,1,[OpportunityCardData_id:23]
6566001,809,174:45:58,1,[OpportunityCardData_id:23,Safe,false]
6566001,810,174:45:59,1,[OpportunityCardData_id:23,PriorityData_type:3,10,Safe,Safe]
6566001,814,174:56:12,1,[3]
6566001,815,174:56:12,1,3,OpportunityCardData_id:19
6566001,815,174:56:13,1,3,OpportunityCardData_id:21
6566001,815,174:56:15,1,3,OpportunityCardData_id:24
6566001,816,174:56:16,1,3,OpportunityCardData_id:24
6566001,803,174:56:17,1,[OpportunityCardData_id:24,OpportunityCardConsequencesData_logId:0]
6566001,803,174:56:17,1,[OpportunityCardData_id:24,OpportunityCardConsequencesData_logId:1]
6566001,803,174:56:18,1,[OpportunityCardData_id:24,OpportunityCardConsequencesData_logId:2]
6566001,805,174:56:21,1,[OpportunityCardData_id:24]
6566001,806,174:56:22,1,[OpportunityCardData_id:24,PriorityData_type:5]
6566001,806,174:56:23,1,[OpportunityCardData_id:24,PriorityData_type:2]
6566001,806,174:56:24,1,[OpportunityCardData_id:24,PriorityData_type:0]
6566001,806,174:56:24,1,[OpportunityCardData_id:24,PriorityData_type:1]
6566001,807,174:56:26,1,[OpportunityCardData_id:24]
6566001,808,174:56:28,1,[OpportunityCardData_id:24]
6566001,809,174:56:32,1,[OpportunityCardData_id:24,Safe,false]
6566001,810,174:56:32,1,[OpportunityCardData_id:24,PriorityData_type:3,10,Safe,Safe]
6566001,814,174:56:36,1,[3]
6566001,815,174:56:36,1,3,OpportunityCardData_id:19
6566001,815,174:56:37,1,3,OpportunityCardData_id:21
6566001,815,174:56:38,1,3,OpportunityCardData_id:25
6566001,815,174:56:42,1,3,OpportunityCardData_id:19
6566001,815,174:56:43,1,3,OpportunityCardData_id:21
6566001,816,174:56:45,1,3,OpportunityCardData_id:21
6566001,803,174:56:45,1,[OpportunityCardData_id:21,OpportunityCardConsequencesData_logId:0]
6566001,803,174:56:45,1,[OpportunityCardData_id:21,OpportunityCardConsequencesData_logId:1]
6566001,803,174:56:46,1,[OpportunityCardData_id:21,OpportunityCardConsequencesData_logId:2]
6566001,805,174:56:51,1,[OpportunityCardData_id:21]
6566001,806,174:56:52,1,[OpportunityCardData_id:21,PriorityData_type:2]
6566001,806,174:56:54,1,[OpportunityCardData_id:21,PriorityData_type:0]
6566001,807,174:56:57,1,[OpportunityCardData_id:21]
6566001,808,174:56:58,1,[OpportunityCardData_id:21]
6566001,809,174:57:3,1,[OpportunityCardData_id:21,Safe,false]
6566001,810,174:58:2,1,[OpportunityCardData_id:21,PriorityData_type:3,5,Safe,Safe]
6566001,814,174:58:7,1,[3]
6566001,815,174:58:7,1,3,OpportunityCardData_id:19
6566001,815,174:58:8,1,3,OpportunityCardData_id:25
6566001,815,174:58:8,1,3,OpportunityCardData_id:19
6566001,815,174:58:9,1,3,OpportunityCardData_id:25
6566001,816,174:58:10,1,3,OpportunityCardData_id:25
6566001,803,174:58:10,1,[OpportunityCardData_id:25,OpportunityCardConsequencesData_logId:0]
6566001,803,174:58:11,1,[OpportunityCardData_id:25,OpportunityCardConsequencesData_logId:1]
6566001,803,174:58:11,1,[OpportunityCardData_id:25,OpportunityCardConsequencesData_logId:2]
6566001,805,174:58:15,1,[OpportunityCardData_id:25]
6566001,806,174:58:18,1,[OpportunityCardData_id:25,PriorityData_type:5]
6566001,806,174:58:19,1,[OpportunityCardData_id:25,PriorityData_type:4]
6566001,806,174:58:19,1,[OpportunityCardData_id:25,PriorityData_type:5]
6566001,807,174:58:20,1,[OpportunityCardData_id:25]
6566001,808,174:58:21,1,[OpportunityCardData_id:25]
6566001,809,174:58:27,1,[OpportunityCardData_id:25,PriorityData_type:5,true]
6566001,810,174:59:36,1,[OpportunityCardData_id:25,PriorityData_type:3,5,Safe,Safe]
6566001,814,174:59:38,1,[0]
6566001,815,174:59:38,1,0,OpportunityCardData_id:0
6566001,815,174:59:41,1,0,OpportunityCardData_id:1
6566001,815,174:59:42,1,0,OpportunityCardData_id:2
6566001,815,174:59:42,1,0,OpportunityCardData_id:1
6566001,815,174:59:45,1,0,OpportunityCardData_id:2
6566001,815,174:59:46,1,0,OpportunityCardData_id:3
6566001,815,174:59:47,1,0,OpportunityCardData_id:4
6566001,815,174:59:49,1,0,OpportunityCardData_id:5
6566001,815,174:59:51,1,0,OpportunityCardData_id:6
6566001,815,174:59:55,1,0,OpportunityCardData_id:0
6566001,815,174:59:56,1,0,OpportunityCardData_id:1
6566001,815,174:59:57,1,0,OpportunityCardData_id:2
6566001,815,174:59:58,1,0,OpportunityCardData_id:3
6566001,815,174:59:58,1,0,OpportunityCardData_id:4
6566001,816,174:59:59,1,0,OpportunityCardData_id:4
6566001,803,175:0:0,1,[OpportunityCardData_id:4,OpportunityCardConsequencesData_logId:0]
6566001,803,175:0:0,1,[OpportunityCardData_id:4,OpportunityCardConsequencesData_logId:1]
6566001,805,175:0:1,1,[OpportunityCardData_id:4]
6566001,806,175:0:6,1,[OpportunityCardData_id:4,PriorityData_type:4]
6566001,807,175:0:7,1,[OpportunityCardData_id:4]
6566001,808,175:0:9,1,[OpportunityCardData_id:4]
6566001,809,175:0:13,1,[OpportunityCardData_id:4,Safe,false]
6566001,810,175:0:14,1,[OpportunityCardData_id:4,PriorityData_type:0,25,Safe,Safe]
6566001,818,175:0:16,1,6
6566001,811,175:0:17,1,[OpportunityCardData_id:4,PriorityData_type:0,70,85,PriorityData_type:3,80,80]
6566001,1005,175:0:17,1,[1,0,3]
6566001,1001,175:1:42,1,[]
6566001,1003,175:1:42,1
6566001,1004,175:1:44,3
6566001,800,175:1:45,3,[]
6566001,801,175:1:47,3,[]
6566001,814,175:1:49,3,[2]
6566001,815,175:1:49,3,2,OpportunityCardData_id:12
6566001,815,175:2:16,3,2,OpportunityCardData_id:13
6566001,815,175:2:19,3,2,OpportunityCardData_id:14
6566001,815,175:2:20,3,2,OpportunityCardData_id:15
6566001,815,175:2:21,3,2,OpportunityCardData_id:16
6566001,815,175:2:21,3,2,OpportunityCardData_id:17
6566001,815,175:2:22,3,2,OpportunityCardData_id:12
6566001,815,175:2:23,3,2,OpportunityCardData_id:17
6566001,816,175:2:29,3,2,OpportunityCardData_id:17
6566001,803,175:2:30,3,[OpportunityCardData_id:17,OpportunityCardConsequencesData_logId:1]
6566001,803,175:2:30,3,[OpportunityCardData_id:17,OpportunityCardConsequencesData_logId:0]
6566001,805,175:2:33,3,[OpportunityCardData_id:17]
6566001,806,175:2:34,3,[OpportunityCardData_id:17,PriorityData_type:4]
6566001,806,175:2:36,3,[OpportunityCardData_id:17,PriorityData_type:3]
6566001,807,175:2:37,3,[OpportunityCardData_id:17]
6566001,808,175:2:38,3,[OpportunityCardData_id:17]
6566001,809,175:2:59,3,[OpportunityCardData_id:17,PriorityData_type:3,true]
6566001,810,175:3:0,3,[OpportunityCardData_id:17,PriorityData_type:2,15,Safe,Safe]
6566001,814,175:3:2,3,[3]
6566001,815,175:3:2,3,3,OpportunityCardData_id:18
6566001,817,175:3:6,3,3
6566001,103,175:3:9
6566001,105,175:3:10
6566001,703,175:3:11,[|| EpilogueItem ID: 0 unlocked: true ||,|| EpilogueItem ID: 1 unlocked: true ||,|| EpilogueItem ID: 2 unlocked: true ||,|| EpilogueItem ID: 3 unlocked: false ||,|| EpilogueItem ID: 4 unlocked: false ||,|| EpilogueItem ID: 5 unlocked: false ||,|| EpilogueItem ID: 6 unlocked: false ||,|| EpilogueItem ID: 7 unlocked: false ||,|| EpilogueItem ID: 8 unlocked: false ||,|| EpilogueItem ID: 9 unlocked: false ||,|| EpilogueItem ID: 10 unlocked: false ||,|| EpilogueItem ID: 11 unlocked: false ||,|| EpilogueItem ID: 12 unlocked: false ||,|| EpilogueItem ID: 13 unlocked: false ||,|| EpilogueItem ID: 14 unlocked: false ||,|| EpilogueItem ID: 15 unlocked: false ||,|| EpilogueItem ID: 16 unlocked: false ||,|| EpilogueItem ID: 17 unlocked: false ||,|| EpilogueItem ID: 18 unlocked: false ||,|| EpilogueItem ID: 19 unlocked: false ||,|| EpilogueItem ID: 20 unlocked: false ||,|| EpilogueItem ID: 21 unlocked: false ||,|| EpilogueItem ID: 22 unlocked: false ||,|| EpilogueItem ID: 23 unlocked: false ||,|| EpilogueItem ID: 24 unlocked: false ||],0.12
6566001,706,175:3:13,(x=2531, y=-100, w=1024, h=768),(x=2531, y=-100, w=1024, h=768)
6566001,708,175:3:13
6566001,1,175:3:13,11/12/2013 4:54:21pm,{"gameTime":630193859,"challengeStacks":[{"challengeScenes":[{"miniGameCards":[],"viewedAnimatic":true,"keyPoints":["c_bestFriend_F_a_G7a0","c_teacherEng_G7a0","s_flag_gen"],"unlocked":true,"touchableObjects":["s_otherStudent1_G7a0","c_crewKid1_F_G7a0","c_friend1_F_a_G7a0","s_vocabAssignment_G7a0","s_doorClassroom_G7a0","s_shakespearePoster_gen","s_atwoodPoster_gen","s_angelouPoster_gen","s_poePoster_gen","s_clock_G7a0","c_bestFriend_F_a_G7a0","c_teacherEng_G7a0","s_flag_gen"]},{"miniGameCards":[],"viewedAnimatic":true,"keyPoints":["c_teacherEng_G7a1N","c_bestFriend_F_a_G7a1N","s_paperPlayers_G7a1N"],"unlocked":true,"touchableObjects":["s_otherStudent1_G7a1N","s_otherStudent2_G7a1N","c_crewKid1_F_G7a1N","c_teacherEng_G7a1N","c_bestFriend_F_a_G7a1N","s_poePoster_gen","s_shakespearePoster_gen","s_angelouPoster_gen","s_atwoodPoster_gen","s_posterPlagiarism_gen","s_flag_gen","s_paperPlayers_G7a1N"]},{"miniGameCards":[],"viewedAnimatic":true,"keyPoints":["c_teacherEng_G7a1P","s_flag_gen","c_bestFriend_F_a_G7a1P","s_paperEnglish_gen"],"unlocked":true,"touchableObjects":["c_teacherEng_G7a1P","s_clock_G7a1P","s_poePoster_gen","s_shakespearePoster_gen","s_angelouPoster_gen","s_atwoodPoster_gen","s_paperPlayers_G7a1P","s_flag_gen","c_bestFriend_F_a_G7a1P","s_papersDetention_gen","s_paperEnglish_gen"]}],"stackSize":3,"resolved":true},{"challengeScenes":[{"miniGameCards":[],"viewedAnimatic":true,"keyPoints":["s_backpack_F_G7b0","c_kidSister_afri_a_G7b0","c_crewKid1_F_G7b0"],"unlocked":true,"touchableObjects":["c_crewKid2_F_G7b0","c_cousinsBrother_a_G7b0","s_lifeguard_G7b0","s_backpack_F_G7b0","c_cousinsBrothersFriend_a_G7b0","c_kidSister_afri_a_G7b0","c_cousin_F_a_G7b0","c_crewKid1_F_G7b0","s_snackBarWorker_G7b0","c_cousinsBrothersFriendsGF_G7b0"]},{"miniGameCards":[],"viewedAnimatic":true,"keyPoints":["s_brokenCarWindow_G7b1N","s_graffiti_G7b1N","s_sprayPaintCan_G7b1N","c_kidSister_afri_a_G7b1N","c_crewKid1_F_G7b1N"],"unlocked":true,"touchableObjects":["c_policeOfficer_G7b1N","c_teacherEng_G7b1N","c_cousin_F_a_G7b1N","s_brokenCarWindow_G7b1N","c_crewKid2_F_a_G7b1N","s_cat_G7b1N","s_graffiti_G7b1N","s_sprayPaintCan_G7b1N","s_flag_G7b1N","c_kidSister_afri_a_G7b1N","s_wreckedPlants_G7b1N","c_crewKid1_F_G7b1N"]},{"miniGameCards":[],"viewedAnimatic":true,"keyPoints":["c_cousinsBrother_a_G7b1P","c_cousin_F_a_G7b1P","c_cousinsBrothersFriend_a_G7b1P","s_poolDay_ruleSign_G7b1P"],"unlocked":true,"touchableObjects":["c_kidSister_afri_a_G7b1P","c_crush1_F_a_G7b1P","c_cousinsBrother_a_G7b1P","c_cousin_F_a_G7b1P","c_cousinsBrothersFriend_a_G7b1P","s_poolDay_ruleSign_G7b1P"]},{"miniGameCards":[],"viewedAnimatic":true,"keyPoints":["c_cousin_F_a_G7b2N","c_kidSister_afri_a_G7b2N","s_kid1_G7b2N","c_crush1_F_a_G7b2N"],"unlocked":true,"touchableObjects":["c_cousin_F_a_G7b2N","c_kidSister_afri_a_G7b2N","s_kidPool1_G7b2N","s_kidPool2_G7b2N","s_lifeguard_G7b2N","s_kid1_G7b2N","c_cousinsBrother_a_G7b2N","s_cousinsBFgirlfriend_G7b2N","c_crush1_F_a_G7b2N"]},{"miniGameCards":[],"viewedAnimatic":true,"keyPoints":["s_pictureDad_afri_F_gen","c_kidSister_afri_a_G7b2P","s_computer_F_G7b2P","c_cousin_F_a_G7b2P"],"unlocked":true,"touchableObjects":["s_closet_F_G7b2P","s_pictureDad_afri_F_gen","c_kidSister_afri_a_G7b2P","s_calendar_F_gen","c_grandma_afri_a_G7b2P","s_computer_F_G7b2P","c_cousin_F_a_G7b2P"]}],"stackSize":5,"resolved":true},{"challengeScenes":[{"miniGameCards":[],"viewedAnimatic":true,"keyPoints":["c_crush2_F_a_G8a0","c_cousin_F_a_G8a0","s_cellphone_G8a0","s_clock_G8a0","s_bottleCrush2_F_G8a0"],"unlocked":true,"touchableObjects":["c_crush2_F_a_G8a0","c_friend1_F_G8a0","c_cousin_F_a_G8a0","s_beerSixpack_G8a0","s_cigaretteKid1_G8a0","s_stairs_G8a0","s_beerCooler_G8a0","c_crewKid1_F_a_G8a0","s_bottleTable_G8a0","s_cellphone_G8a0","s_clock_G8a0","s_bottleFloor_G8a0","s_bottleCrush2_F_G8a0"]},{"miniGameCards":[],"viewedAnimatic":true,"keyPoints":["s_crush2Lips_F_G8a1N","s_crush2Eyes_F_G8a1N","s_basementDoor_gen","s_dirtyClothes_gen","s_crush2Sore_F_G8a1N"],"unlocked":true,"touchableObjects":["c_crush2_F_a_G8a1N","s_dryer_G8a1N","s_waterHeater_gen","s_stairs_G8a1N","s_inhalantsShelf_gen","s_crush2Lips_F_G8a1N","s_crush2Eyes_F_G8a1N","s_basementDoor_gen","s_dirtyClothes_gen","s_crush2Sore_F_G8a1N"]},{"miniGameCards":[],"viewedAnimatic":true,"keyPoints":["c_crush2_F_a_G8a1P","s_inhalantsShelf_gen","s_dirtyClothes_gen","s_basementDoor_gen"],"unlocked":true,"touchableObjects":["s_spraypaintCrush2_F_G8a1P","c_crush2_F_a_G8a1P","s_waterHeater_gen","s_inhalantsShelf_gen","s_dirtyClothes_gen","s_basementDoor_gen"]},{"miniGameCards":[],"viewedAnimatic":true,"keyPoints":["c_crush2_F_a_G8a2N","s_spraypaintCan_G8a2N"],"unlocked":true,"touchableObjects":["c_friend1_F_a_G8a2N","c_crush2_F_a_G8a2N","s_fumes_G8a2N","s_spraypaintCan_G8a2N"]},{"miniGameCards":[],"viewedAnimatic":true,"keyPoints":["s_pictureDad_afri_gen","c_kidSister_afri_a_G8a2P","s_magazine_G8a2P","s_sistersToy_G8a2P","c_crush2_F_a_G8a2P"],"unlocked":true,"touchableObjects":["s_cigarette_G8a2P","s_pictureDad_afri_gen","s_teaCup_G8a2P","s_videoGame_G8a2P","c_kidSister_afri_a_G8a2P","s_stairs_G8a2P","s_magazine_G8a2P","s_sistersToy_G8a2P","c_crush2_F_a_G8a2P"]},{"miniGameCards":[],"viewedAnimatic":true,"keyPoints":["s_mirror_afri_F_a_G8a3N","c_nurse_a_G8a3N","s_pamphlet3_G8a3N","s_pamphlet1_G8a3N"],"unlocked":true,"touchableObjects":["s_poster_G8a3N","s_phone_G8a3N","s_door_G8a3N","s_mirror_afri_F_a_G8a3N","c_nurse_a_G8a3N","s_pamphlet3_G8a3N","s_pamphlet1_G8a3N"]},{"miniGameCards":[],"viewedAnimatic":true,"keyPoints":["c_crush2_F_a_G8a3P","s_kidsCouch_G8a3P"],"unlocked":true,"touchableObjects":["c_crush2_F_a_G8a3P","c_cousin_F_a_G8a3P","s_kidsCouch_G8a3P","s_window_G8a3P","c_crewKid1_F_a_G8a3P","c_friend1_F_a_G8a3P"]}],"stackSize":7,"resolved":true},{"challengeScenes":[{"miniGameCards":[],"viewedAnimatic":true,"keyPoints":["c_friend1_F_a_G8b0","s_pillBottle_G8b0","c_kidSister_afri_a_G8b0"],"unlocked":true,"touchableObjects":["c_friend1_F_a_G8b0","c_grandma_afri_a_G8b0","s_pillBottle_G8b0","s_cigarette_G8b0","s_pictureDad_afri_gen","s_pictureMom_afri_gen","c_kidSister_afri_a_G8b0"]},{"miniGameCards":[],"viewedAnimatic":true,"keyPoints":["c_friend1_F_a_G8b1N","c_kidSister_afri_a_G8b1N","c_grandma_afri_a_G8b1N"],"unlocked":true,"touchableObjects":["c_friend1_F_a_G8b1N","c_kidSister_afri_a_G8b1N","s_pillBottle_G8b1N","c_grandma_afri_a_G8b1N"]},{"miniGameCards":[],"viewedAnimatic":false,"keyPoints":[],"unlocked":false,"touchableObjects":[]},{"miniGameCards":[],"viewedAnimatic":false,"keyPoints":[],"unlocked":false,"touchableObjects":[]},{"miniGameCards":[],"viewedAnimatic":false,"keyPoints":[],"unlocked":false,"touchableObjects":[]}],"stackSize":5,"resolved":false},{"challengeScenes":[{"miniGameCards":[],"viewedAnimatic":true,"keyPoints":["s_bathingSuit_F_G9a0","s_door_F_gen","s_cellPhone_F_G9a0","s_clock_F_G9a0"],"unlocked":true,"touchableObjects":["s_calendar_F_gen","s_bathingSuit_F_G9a0","s_window_F_G9a0","s_door_F_gen","s_cellPhone_F_G9a0","s_clock_F_G9a0"]},{"miniGameCards":[],"viewedAnimatic":true,"keyPoints":["c_policeOfficer_G9a1N","s_kid3_G9a1N","s_fence_G9a1N","c_cousin_F_a_G9a1N"],"unlocked":true,"touchableObjects":["c_cousinsBrothersFriend_a_G9a1N","c_policeOfficer_G9a1N","s_kid4_G9a1N","s_kid3_G9a1N","s_poolNight_ruleSign_G9a1N","s_potSmokeCloud_G9a1N","s_policeCar_G9a1N","s_fence_G9a1N","c_cousin_F_a_G9a1N","s_bathingSuits_G9a1N"]},{"miniGameCards":[],"viewedAnimatic":true,"keyPoints":["c_cousin_F_a_G9a1P","s_calendar_F_gen","s_door_F_gen","s_poster_F_gen","s_joint_F_G9a1P"],"unlocked":true,"touchableObjects":["c_cousin_F_a_G9a1P","s_calendar_F_gen","s_computer_F_gen","s_door_F_gen","s_poster_F_gen","s_joint_F_G9a1P"]},{"miniGameCards":[],"viewedAnimatic":true,"keyPoints":["c_kidSister_afri_a_G9a2N","c_cousin_F_a_G9a2N","c_mom_afri_a_G9a2N"],"unlocked":true,"touchableObjects":["s_cookieTrayEmpty_F_G9a2N","c_kidSister_afri_a_G9a2N","c_cousin_F_a_G9a2N","c_mom_afri_a_G9a2N"]},{"miniGameCards":[],"viewedAnimatic":false,"keyPoints":[],"unlocked":false,"touchableObjects":[]}],"stackSize":5,"resolved":false},{"challengeScenes":[{"miniGameCards":[],"viewedAnimatic":false,"keyPoints":[],"unlocked":false,"touchableObjects":[]},{"miniGameCards":[],"viewedAnimatic":false,"keyPoints":[],"unlocked":false,"touchableObjects":[]},{"miniGameCards":[],"viewedAnimatic":false,"keyPoints":[],"unlocked":false,"touchableObjects":[]},{"miniGameCards":[],"viewedAnimatic":false,"keyPoints":[],"unlocked":false,"touchableObjects":[]},{"miniGameCards":[],"viewedAnimatic":false,"keyPoints":[],"unlocked":false,"touchableObjects":[]}],"stackSize":5,"resolved":false},{"challengeScenes":[{"miniGameCards":[],"viewedAnimatic":false,"keyPoints":[],"unlocked":false,"touchableObjects":[]},{"miniGameCards":[],"viewedAnimatic":false,"keyPoints":[],"unlocked":false,"touchableObjects":[]},{"miniGameCards":[],"viewedAnimatic":false,"keyPoints":[],"unlocked":false,"touchableObjects":[]},{"miniGameCards":[],"viewedAnimatic":false,"keyPoints":[],"unlocked":false,"touchableObjects":[]},{"miniGameCards":[],"viewedAnimatic":false,"keyPoints":[],"unlocked":false,"touchableObjects":[]}],"stackSize":5,"resolved":false},{"challengeScenes":[{"miniGameCards":[],"viewedAnimatic":false,"keyPoints":[],"unlocked":false,"touchableObjects":[]},{"miniGameCards":[],"viewedAnimatic":false,"keyPoints":[],"unlocked":false,"touchableObjects":[]},{"miniGameCards":[],"viewedAnimatic":false,"keyPoints":[],"unlocked":false,"touchableObjects":[]},{"miniGameCards":[],"viewedAnimatic":false,"keyPoints":[],"unlocked":false,"touchableObjects":[]},{"miniGameCards":[],"viewedAnimatic":false,"keyPoints":[],"unlocked":false,"touchableObjects":[]}],"stackSize":5,"resolved":false},{"challengeScenes":[{"miniGameCards":[],"viewedAnimatic":true,"keyPoints":[],"unlocked":true,"touchableObjects":[]},{"miniGameCards":[],"viewedAnimatic":true,"keyPoints":[],"unlocked":true,"touchableObjects":[]},{"miniGameCards":[],"viewedAnimatic":false,"keyPoints":[],"unlocked":false,"touchableObjects":[]},{"miniGameCards":[],"viewedAnimatic":false,"keyPoints":[],"unlocked":false,"touchableObjects":[]},{"miniGameCards":[],"viewedAnimatic":false,"keyPoints":[],"unlocked":false,"touchableObjects":[]}],"stackSize":5,"resolved":false},{"challengeScenes":[{"miniGameCards":[],"viewedAnimatic":false,"keyPoints":[],"unlocked":false,"touchableObjects":[]},{"miniGameCards":[],"viewedAnimatic":false,"keyPoints":[],"unlocked":false,"touchableObjects":[]},{"miniGameCards":[],"viewedAnimatic":false,"keyPoints":[],"unlocked":false,"touchableObjects":[]},{"miniGameCards":[],"viewedAnimatic":false,"keyPoints":[],"unlocked":false,"touchableObjects":[]},{"miniGameCards":[],"viewedAnimatic":false,"keyPoints":[],"unlocked":false,"touchableObjects":[]}],"stackSize":5,"resolved":false},{"challengeScenes":[{"miniGameCards":[],"viewedAnimatic":false,"keyPoints":[],"unlocked":false,"touchableObjects":[]},{"miniGameCards":[],"viewedAnimatic":false,"keyPoints":[],"unlocked":false,"touchableObjects":[]},{"miniGameCards":[],"viewedAnimatic":false,"keyPoints":[],"unlocked":false,"touchableObjects":[]},{"miniGameCards":[],"viewedAnimatic":false,"keyPoints":[],"unlocked":false,"touchableObjects":[]},{"miniGameCards":[],"viewedAnimatic":false,"keyPoints":[],"unlocked":false,"touchableObjects":[]}],"stackSize":5,"resolved":false},{"challengeScenes":[{"miniGameCards":[],"viewedAnimatic":false,"keyPoints":[],"unlocked":false,"touchableObjects":[]},{"miniGameCards":[],"viewedAnimatic":false,"keyPoints":[],"unlocked":false,"touchableObjects":[]},{"miniGameCards":[],"viewedAnimatic":false,"keyPoints":[],"unlocked":false,"touchableObjects":[]},{"miniGameCards":[],"viewedAnimatic":false,"keyPoints":[],"unlocked":false,"touchableObjects":[]},{"miniGameCards":[],"viewedAnimatic":false,"keyPoints":[],"unlocked":false,"touchableObjects":[]}],"stackSize":5,"resolved":false},{"challengeScenes":[{"miniGameCards":[],"viewedAnimatic":false,"keyPoints":[],"unlocked":true,"touchableObjects":["c_family_afri_a_G0a0","c_friends_G0a0","c_education_G0a0"]},{"miniGameCards":[],"viewedAnimatic":false,"keyPoints":["c_job_G0a1N","c_family_afri_a_G0a1N","c_home_G0a1N"],"unlocked":true,"touchableObjects":["c_player_afri_F_a_G0a1N","c_job_G0a1N","c_family_afri_a_G0a1N","c_home_G0a1N"]},{"miniGameCards":[],"viewedAnimatic":false,"keyPoints":["c_Nurse_G0a1P","c_mom_afri_a_G0a1P","c_dad_afri_a_G0a1P","c_kidsister_afri_a_G0a1P","c_grandma_afri_a_G0a1P","c_Teacher_G0a1P"],"unlocked":true,"touchableObjects":["c_cousins_F_a_G0a1P","c_friends_G0a1P","c_Nurse_G0a1P","c_mom_afri_a_G0a1P","c_dad_afri_a_G0a1P","c_kidsister_afri_a_G0a1P","c_grandma_afri_a_G0a1P","c_Teacher_G0a1P"]}],"stackSize":3,"resolved":true}],"sessionId":11,"epilogue":{"rating":4},"playerId":6566001,"session":[{"sceneId":"1P","stackId":12},{"sceneId":"1P","stackId":0},{"sceneId":"1P","stackId":1},{"sceneId":"1N","stackId":1},{"sceneId":"2P","stackId":1},{"sceneId":"1P","stackId":4},{"sceneId":"1N","stackId":4},{"sceneId":"3P","stackId":2},{"sceneId":"1P","stackId":2},{"sceneId":"1N","stackId":2},{"sceneId":"2P","stackId":2}],"minigames":[{"levelSaveData":[{"starRating":3,"unlocked":true},{"starRating":2,"unlocked":true},{"starRating":1,"unlocked":true},{"starRating":0,"unlocked":true},{"starRating":0,"unlocked":false},{"starRating":0,"unlocked":false},{"starRating":0,"unlocked":false},{"starRating":0,"unlocked":true},{"starRating":0,"unlocked":false},{"starRating":0,"unlocked":false}],"skillPoints":6},{"levelSaveData":[{"starRating":3,"unlocked":true},{"starRating":3,"unlocked":true},{"starRating":3,"unlocked":true},{"starRating":0,"unlocked":true},{"starRating":3,"unlocked":true},{"starRating":0,"unlocked":false},{"starRating":0,"unlocked":false},{"starRating":0,"unlocked":false},{"starRating":0,"unlocked":false},{"starRating":0,"unlocked":false}],"skillPoints":12},{"levelSaveData":[{"starRating":3,"unlocked":true},{"starRating":3,"unlocked":true},{"starRating":2,"unlocked":true},{"starRating":0,"unlocked":false},{"starRating":0,"unlocked":false},{"starRating":0,"unlocked":false},{"starRating":0,"unlocked":false},{"starRating":2,"unlocked":true},{"starRating":3,"unlocked":true},{"starRating":0,"unlocked":false}],"skillPoints":13},{"levelSaveData":[{"starRating":3,"unlocked":true},{"starRating":3,"unlocked":true},{"starRating":0,"unlocked":false},{"starRating":0,"unlocked":true},{"starRating":3,"unlocked":true},{"starRating":0,"unlocked":false},{"starRating":0,"unlocked":false},{"starRating":0,"unlocked":false},{"starRating":0,"unlocked":false},{"starRating":0,"unlocked":false}],"skillPoints":9},{"age":11,"name":"tashanti","gender":1,"id":0,"levelSaveData":[{"starRating":3,"unlocked":true},{"starRating":3,"chunks":[["3"],["22$$sincere","16$$intelligent"],["1$$giving a hand ","16$$study's","0$$family"],["1"]],"unlocked":true},{"starRating":3,"chunks":[["1"],["12$$being fit","3$$cooking"],["12$$technition","1$$runner"]],"unlocked":true},{"starRating":3,"chunks":[["2$$motorcycle"],["0"],["10"],["0"],["6","4"],["4"]],"unlocked":true},{"starRating":0,"chunks":[[null],[null],[null,null],[null],[null],[null]],"unlocked":true},{"starRating":0,"chunks":[[null],[null,null,null,null],[null],[null]],"unlocked":false},{"starRating":0,"chunks":[[null],[null],[null,null],[null,null],[null]],"unlocked":false},{"starRating":0,"chunks":[[null,null,null],[null,null,null],[null],[null],[null]],"unlocked":false},{"starRating":0,"chunks":[[null,null,null],[null,null,null],[null,null]],"unlocked":true},{"starRating":0,"chunks":[[null],[null],[null],[null],[null],[null]],"unlocked":false}],"visualAvatar":0,"skillPoints":12}],"avatar":{"age":11,"name":"tashanti","gender":1,"id":0,"levelSaveData":[{"starRating":3,"unlocked":true},{"starRating":3,"chunks":[["3"],["22$$sincere","16$$intelligent"],["1$$giving a hand ","16$$study's","0$$family"],["1"]],"unlocked":true},{"starRating":3,"chunks":[["1"],["12$$being fit","3$$cooking"],["12$$technition","1$$runner"]],"unlocked":true},{"starRating":3,"chunks":[["2$$motorcycle"],["0"],["10"],["0"],["6","4"],["4"]],"unlocked":true},{"starRating":0,"chunks":[[null],[null],[null,null],[null],[null],[null]],"unlocked":true},{"starRating":0,"chunks":[[null],[null,null,null,null],[null],[null]],"unlocked":false},{"starRating":0,"chunks":[[null],[null],[null,null],[null,null],[null]],"unlocked":false},{"starRating":0,"chunks":[[null,null,null],[null,null,null],[null],[null],[null]],"unlocked":false},{"starRating":0,"chunks":[[null,null,null],[null,null,null],[null,null]],"unlocked":true},{"starRating":0,"chunks":[[null],[null],[null],[null],[null],[null]],"unlocked":false}],"visualAvatar":0,"skillPoints":12}}
