6430006,0,0:0:0,7/10/2013 11:05:32am
6430006,600,0:2:58,0
6430006,601,0:3:0,0
6430006,600,0:3:1,3
6430006,600,0:3:3,1
6430006,602,0:3:4,1,0
6430006,603,0:3:10,0
6430006,604,0:3:38,0,bryant
6430006,605,0:3:40
6430006,210,0:3:45,880,334
6430006,207,0:3:45,12,0,-90
6430006,211,0:3:46,697,442
6430006,210,0:3:56,537,290
6430006,211,0:3:57,537,290
6430006,210,0:3:57,496,370
6430006,211,0:3:57,534,369
6430006,210,0:3:58,1154,452
6430006,211,0:3:58,1169,452
6430006,207,0:3:58,12,-90,-180
6430006,210,0:3:59,625,397
6430006,211,0:3:59,762,417
6430006,210,0:3:59,805,461
6430006,211,0:4:0,711,481
6430006,210,0:4:0,318,369
6430006,211,0:4:1,400,376
6430006,210,0:4:1,139,248
6430006,207,0:4:1,12,-180,0
6430006,211,0:4:2,52,248
6430006,210,0:4:3,16,291
6430006,211,0:4:3,12,291
6430006,210,0:4:33,722,168
6430006,211,0:4:33,722,168
6430006,210,0:4:33,807,356
6430006,211,0:4:34,744,335
6430006,210,0:4:35,628,348
6430006,207,0:4:37,12,0,-180
6430006,211,0:4:39,1454,313
6430006,207,0:4:39,12,-180,-480
6430006,210,0:5:38,1226,350
6430006,211,0:5:38,1192,359
6430006,210,0:5:39,1046,381
6430006,211,0:5:39,892,365
6430006,213,0:5:39,12,c_player_afri_M_a_G0a0,true
6430006,210,0:5:42,845,301
6430006,211,0:5:43,980,308
6430006,213,0:5:43,12,c_player_afri_M_a_G0a0,true
6430006,210,0:5:46,764,338
6430006,211,0:5:46,764,337
6430006,213,0:5:46,12,c_player_afri_M_a_G0a0,true
6430006,210,0:5:49,730,284
6430006,207,0:5:51,12,-480,-210
6430006,207,0:5:55,12,-210,0
6430006,211,0:5:55,12,325
6430006,210,0:7:21,695,305
6430006,211,0:7:21,695,305
6430006,210,0:7:35,564,471
6430006,211,0:7:35,564,471
6430006,210,0:7:36,849,368
6430006,211,0:7:37,788,367
6430006,213,0:7:37,12,c_player_afri_M_a_G0a0,true
6430006,210,0:7:39,1092,411
6430006,211,0:7:40,1430,437
6430006,207,0:7:40,12,0,-465
6430006,207,0:8:17,12,-465,-480
6430006,207,0:8:49,12,-480,-465
6430006,210,0:8:49,544,409
6430006,211,0:8:51,1561,322
6430006,207,0:8:51,12,-465,-555
6430006,210,0:8:52,1591,340
6430006,207,0:8:52,12,-555,-615
6430006,207,0:8:54,12,-615,-285
6430006,211,0:8:55,676,423
6430006,212,0:8:59,1
6430006,212,0:8:59,0
6430006,212,0:9:1,2
6430006,212,0:9:2,1
6430006,212,0:9:2,0
6430006,210,0:9:3,570,379
6430006,207,0:9:8,12,-285,-1035
6430006,211,0:9:12,1260,447
6430006,210,0:9:17,1165,349
6430006,211,0:9:18,882,360
6430006,207,0:9:18,12,-1035,-840
6430006,210,0:9:19,769,301
6430006,211,0:9:19,663,301
6430006,207,0:9:19,12,-840,-660
6430006,210,0:9:31,390,491
6430006,211,0:9:33,1169,284
6430006,207,0:9:33,12,0,-165
6430006,207,0:9:34,12,-165,-225
6430006,210,0:9:34,1178,293
6430006,207,0:9:34,12,-225,-525
6430006,211,0:9:36,619,412
6430006,210,0:10:1,1009,416
6430006,211,0:10:3,853,460
6430006,213,0:10:3,12,c_player_afri_M_a_G0a1N,true
6430006,210,0:10:5,802,420
6430006,211,0:10:7,617,189
6430006,213,0:10:7,12,c_job_G0a1N,true
6430006,205,0:10:7,12,c_job_G0a1N,false,false
6430006,212,0:10:12,1
6430006,210,0:10:13,1147,537
6430006,211,0:10:13,1141,457
6430006,213,0:10:13,12,c_home_G0a1N,true
6430006,205,0:10:13,12,c_home_G0a1N,false,false
6430006,213,0:10:16,12,c_home_G0a1N,true
6430006,205,0:10:16,12,c_home_G0a1N,false,true
6430006,212,0:10:21,2
6430006,210,0:10:25,1208,583
6430006,211,0:10:25,1115,170
6430006,213,0:10:25,12,c_family_afri_a_G0a1N,true
6430006,205,0:10:25,12,c_family_afri_a_G0a1N,false,false
6430006,221,0:11:6,12
6430006,220,0:11:15,12
6430006,213,0:11:19,12,c_friends_G0a1P,true
6430006,210,0:11:30,559,512
6430006,211,0:11:35,638,512
6430006,213,0:11:35,12,c_cousins_M_a_G0a1P,true
6430006,210,0:11:38,683,430
6430006,211,0:11:39,750,427
6430006,213,0:11:39,12,c_cousins_M_a_G0a1P,true
6430006,210,0:11:42,702,113
6430006,211,0:11:43,642,139
6430006,210,0:11:43,928,185
6430006,211,0:11:44,781,178
6430006,210,0:11:45,1034,544
6430006,207,0:11:45,12,0,-75
6430006,211,0:11:46,1322,479
6430006,207,0:11:46,12,-75,-315
6430006,207,0:11:46,12,-315,-390
6430006,210,0:11:46,1328,527
6430006,211,0:11:47,1486,530
6430006,207,0:11:47,12,-390,-480
6430006,207,0:11:48,12,-480,-525
6430006,210,0:11:48,1458,499
6430006,207,0:11:51,12,-525,-1790
6430006,207,0:11:53,12,-1790,-1550
6430006,207,0:11:54,12,-1550,-1295
6430006,211,0:11:55,1675,377
6430006,213,0:11:55,12,c_grandma_afri_a_G0a1P,true
6430006,205,0:11:55,12,c_grandma_afri_a_G0a1P,false,false
6430006,210,0:12:3,1676,333
6430006,211,0:12:9,1847,507
6430006,213,0:12:9,12,c_kidsister_afri_a_G0a1P,true
6430006,205,0:12:9,12,c_kidsister_afri_a_G0a1P,false,false
6430006,210,0:12:14,1611,374
6430006,211,0:12:14,1669,363
6430006,213,0:12:14,12,c_grandma_afri_a_G0a1P,true
6430006,205,0:12:14,12,c_grandma_afri_a_G0a1P,false,true
6430006,210,0:12:19,1510,125
6430006,207,0:12:20,12,-1295,-1010
6430006,207,0:12:21,12,-1010,-770
6430006,207,0:12:24,12,-770,-500
6430006,211,0:12:28,1389,204
6430006,213,0:12:28,12,c_Teacher_G0a1P,true
6430006,205,0:12:28,12,c_Teacher_G0a1P,false,false
6430006,212,0:12:32,1
6430006,210,0:12:33,1181,265
6430006,207,0:12:38,12,-500,-755
6430006,207,0:12:39,12,-755,-950
6430006,211,0:12:42,1824,252
6430006,213,0:12:42,12,c_dad_afri_a_G0a1P,true
6430006,205,0:12:42,12,c_dad_afri_a_G0a1P,false,false
6430006,210,0:12:48,1886,192
6430006,211,0:12:48,1884,192
6430006,213,0:12:48,12,c_mom_afri_a_G0a1P,true
6430006,205,0:12:48,12,c_mom_afri_a_G0a1P,false,false
6430006,212,0:12:53,0
6430006,210,0:12:53,1391,520
6430006,207,0:12:54,12,-950,-905
6430006,211,0:12:55,1287,206
6430006,213,0:12:55,12,c_Nurse_G0a1P,true
6430006,205,0:12:55,12,c_Nurse_G0a1P,false,false
6430006,221,0:13:2,12
6430006,300,0:13:10
6430006,220,0:13:10,12
6430006,302,0:13:53,0,1,0,14
6430006,302,0:13:57,0,1,0,15
6430006,304,0:13:58,0,1,0,-1,,15,
6430006,302,0:14:5,0,1,1,9
6430006,302,0:14:6,0,1,1,10
6430006,304,0:14:8,0,1,1,-1,,10,
6430006,302,0:14:48,0,3,0,0
6430006,306,0:14:49,0,0,1
6430006,304,0:14:49,0,3,0,-1,,0,
6430006,302,0:15:8,0,0,0,0
6430006,304,0:15:10,0,0,0,-1,,0,
6430006,302,0:15:18,0,2,0,4
6430006,302,0:15:19,0,2,0,7
6430006,302,0:15:21,0,2,0,6
6430006,306,0:15:22,0,1,2
6430006,304,0:15:22,0,2,0,-1,,6,
6430006,302,0:15:26,0,2,2,8
6430006,304,0:15:26,0,2,2,-1,,8,
6430006,302,0:15:29,0,2,1,1
6430006,302,0:15:30,0,2,1,5
6430006,306,0:15:31,0,2,3
6430006,304,0:15:31,0,2,1,-1,,5,
6430006,302,0:15:47,0,2,1,8
6430006,302,0:15:48,0,2,1,11
6430006,302,0:15:48,0,2,1,10
6430006,304,0:15:51,0,2,1,5,,10,
6430006,221,0:15:56,12
6430006,220,0:15:57,12
6430006,203,0:15:57,12
6430006,100,0:16:2,0
6430006,102,0:16:5,0
6430006,200,0:16:5,0,0,0,0,0,6
6430006,219,0:16:5,0
6430006,216,0:16:7,Stack_G7a0
6430006,217,0:16:42,Stack_G7a0,32,0.00
6430006,218,0:16:49,0
6430006,213,0:16:49,0,s_otherStudent1_G7a0,true
6430006,210,0:16:52,450,243
6430006,211,0:16:54,821,374
6430006,213,0:16:54,0,c_teacherEng_G7a0,false
6430006,210,0:16:59,761,347
6430006,211,0:17:0,802,327
6430006,213,0:17:0,0,c_teacherEng_G7a0,false
6430006,1003,0:17:6,2
6430006,1004,0:17:7,0
6430006,900,0:17:10,0,[]
6430006,901,0:17:30,0,[PeopleData_id:3]
6430006,904,0:17:30,0,[PeopleData_id:3]
6430006,901,0:17:32,0,[PeopleData_id:3]
6430006,904,0:17:32,0,[PeopleData_id:3]
6430006,901,0:17:39,0,[PeopleData_id:3]
6430006,904,0:17:39,0,[PeopleData_id:3]
6430006,905,0:17:40,0,[PeopleData_id:3,RankTypes_id:-1,RankTypes_id:4]
6430006,901,0:17:41,0,[PeopleData_id:3]
6430006,904,0:17:41,0,[PeopleData_id:3]
6430006,905,0:17:42,0,[PeopleData_id:3,RankTypes_id:4,RankTypes_id:3]
6430006,901,0:17:43,0,[PeopleData_id:3]
6430006,904,0:17:43,0,[PeopleData_id:3]
6430006,905,0:17:44,0,[PeopleData_id:3,RankTypes_id:3,RankTypes_id:2]
6430006,901,0:17:45,0,[PeopleData_id:3]
6430006,904,0:17:45,0,[PeopleData_id:3]
6430006,905,0:17:45,0,[PeopleData_id:3,RankTypes_id:2,RankTypes_id:1]
6430006,901,0:17:46,0,[PeopleData_id:3]
6430006,904,0:17:46,0,[PeopleData_id:3]
6430006,905,0:17:46,0,[PeopleData_id:3,RankTypes_id:1,RankTypes_id:0]
6430006,901,0:17:46,0,[PeopleData_id:3]
6430006,904,0:17:47,0,[PeopleData_id:3]
6430006,905,0:17:48,0,[PeopleData_id:3,RankTypes_id:0,RankTypes_id:3]
6430006,901,0:17:49,0,[PeopleData_id:3]
6430006,904,0:17:49,0,[PeopleData_id:3]
6430006,905,0:17:49,0,[PeopleData_id:3,RankTypes_id:3,RankTypes_id:2]
6430006,901,0:17:50,0,[PeopleData_id:3]
6430006,904,0:17:50,0,[PeopleData_id:3]
6430006,905,0:17:51,0,[PeopleData_id:3,RankTypes_id:2,RankTypes_id:3]
6430006,901,0:17:51,0,[PeopleData_id:1]
6430006,904,0:17:51,0,[PeopleData_id:1]
6430006,905,0:17:52,0,[PeopleData_id:1,RankTypes_id:-1,RankTypes_id:3]
6430006,901,0:17:52,0,[PeopleData_id:2]
6430006,904,0:17:53,0,[PeopleData_id:2]
6430006,905,0:17:53,0,[PeopleData_id:2,RankTypes_id:-1,RankTypes_id:3]
6430006,901,0:17:54,0,[PeopleData_id:4]
6430006,904,0:17:54,0,[PeopleData_id:4]
6430006,905,0:17:56,0,[PeopleData_id:4,RankTypes_id:-1,RankTypes_id:4]
6430006,901,0:17:56,0,[PeopleData_id:0]
6430006,904,0:17:57,0,[PeopleData_id:0]
6430006,901,0:17:59,0,[PeopleData_id:0]
6430006,904,0:17:59,0,[PeopleData_id:0]
6430006,905,0:18:0,0,[PeopleData_id:0,RankTypes_id:-1,RankTypes_id:3]
6430006,906,0:18:0,0,[]
6430006,907,0:18:4,0,[]
6430006,908,0:18:4,0,[InvitationData_id:8,PeopleData_id:0,RankTypes_id:3]
6430006,909,0:18:14,0,[InvitationData_id:8,PeopleData_id:0,RankTypes_id:3,1]
6430006,910,0:18:17,0,[InvitationData_id:8,7,false]
6430006,908,0:18:17,0,[InvitationData_id:1,PeopleData_id:0,RankTypes_id:3]
6430006,901,0:18:22,0,[PeopleData_id:0]
6430006,901,0:18:23,0,[PeopleData_id:0]
6430006,901,0:18:24,0,[PeopleData_id:4]
6430006,901,0:18:24,0,[PeopleData_id:4]
6430006,901,0:18:25,0,[PeopleData_id:4]
6430006,909,0:18:27,0,[InvitationData_id:1,PeopleData_id:0,RankTypes_id:3,1]
6430006,910,0:18:28,0,[InvitationData_id:1,7,false]
6430006,908,0:18:28,0,[InvitationData_id:6,PeopleData_id:0,RankTypes_id:3]
6430006,909,0:18:30,0,[InvitationData_id:6,PeopleData_id:0,RankTypes_id:3,1]
6430006,910,0:18:31,0,[InvitationData_id:6,7,false]
6430006,908,0:18:31,0,[InvitationData_id:7,PeopleData_id:1,RankTypes_id:3]
6430006,909,0:18:32,0,[InvitationData_id:7,PeopleData_id:1,RankTypes_id:3,1]
6430006,910,0:18:38,0,[InvitationData_id:7,0,true]
6430006,908,0:18:38,0,[InvitationData_id:9,PeopleData_id:4,RankTypes_id:4]
6430006,909,0:18:44,0,[InvitationData_id:9,PeopleData_id:4,RankTypes_id:4,1]
6430006,910,0:18:45,0,[InvitationData_id:9,0,true]
6430006,908,0:18:45,0,[InvitationData_id:10,PeopleData_id:2,RankTypes_id:3]
6430006,909,0:18:50,0,[InvitationData_id:10,PeopleData_id:2,RankTypes_id:3,1]
6430006,910,0:18:54,0,[InvitationData_id:10,0,true]
6430006,912,0:18:57,0,[]
6430006,1000,0:19:3,0,[]
6430006,900,0:19:5,0,[]
6430006,901,0:19:7,0,[PeopleData_id:3]
6430006,904,0:19:7,0,[PeopleData_id:3]
6430006,901,0:19:8,0,[PeopleData_id:3]
6430006,904,0:19:9,0,[PeopleData_id:3]
6430006,905,0:19:9,0,[PeopleData_id:3,RankTypes_id:-1,RankTypes_id:4]
6430006,901,0:19:10,0,[PeopleData_id:1]
6430006,901,0:19:11,0,[PeopleData_id:1]
6430006,904,0:19:11,0,[PeopleData_id:1]
6430006,905,0:19:12,0,[PeopleData_id:1,RankTypes_id:-1,RankTypes_id:4]
6430006,901,0:19:13,0,[PeopleData_id:4]
6430006,904,0:19:13,0,[PeopleData_id:4]
6430006,905,0:19:14,0,[PeopleData_id:4,RankTypes_id:-1,RankTypes_id:3]
6430006,901,0:19:14,0,[PeopleData_id:0]
6430006,904,0:19:14,0,[PeopleData_id:0]
6430006,905,0:19:15,0,[PeopleData_id:0,RankTypes_id:-1,RankTypes_id:3]
6430006,901,0:19:15,0,[PeopleData_id:2]
6430006,904,0:19:15,0,[PeopleData_id:2]
6430006,905,0:19:16,0,[PeopleData_id:2,RankTypes_id:-1,RankTypes_id:3]
6430006,906,0:19:16,0,[]
6430006,907,0:19:17,0,[]
6430006,908,0:19:17,0,[InvitationData_id:5,PeopleData_id:1,RankTypes_id:4]
6430006,909,0:19:22,0,[InvitationData_id:5,PeopleData_id:1,RankTypes_id:4,0]
6430006,910,0:19:25,0,[InvitationData_id:5,-11,false]
6430006,908,0:19:25,0,[InvitationData_id:10,PeopleData_id:2,RankTypes_id:3]
6430006,909,0:19:30,0,[InvitationData_id:10,PeopleData_id:2,RankTypes_id:3,0]
6430006,910,0:19:32,0,[InvitationData_id:10,-7,false]
6430006,908,0:19:32,0,[InvitationData_id:8,PeopleData_id:3,RankTypes_id:4]
6430006,909,0:19:34,0,[InvitationData_id:8,PeopleData_id:3,RankTypes_id:4,1]
6430006,910,0:19:36,0,[InvitationData_id:8,9,false]
6430006,908,0:19:36,0,[InvitationData_id:0,PeopleData_id:3,RankTypes_id:4]
6430006,909,0:19:39,0,[InvitationData_id:0,PeopleData_id:3,RankTypes_id:4,1]
6430006,910,0:19:42,0,[InvitationData_id:0,9,false]
6430006,908,0:19:42,0,[InvitationData_id:7,PeopleData_id:1,RankTypes_id:4]
6430006,909,0:19:46,0,[InvitationData_id:7,PeopleData_id:1,RankTypes_id:4,0]
6430006,910,0:20:13,0,[InvitationData_id:7,-11,false]
6430006,908,0:20:13,0,[InvitationData_id:4,PeopleData_id:1,RankTypes_id:4]
6430006,909,0:20:19,0,[InvitationData_id:4,PeopleData_id:1,RankTypes_id:4,0]
6430006,910,0:20:20,0,[InvitationData_id:4,-11,false]
6430006,908,0:20:20,0,[InvitationData_id:9,PeopleData_id:1,RankTypes_id:4]
6430006,909,0:20:23,0,[InvitationData_id:9,PeopleData_id:1,RankTypes_id:4,0]
6430006,910,0:20:25,0,[InvitationData_id:9,-11,false]
6430006,908,0:20:25,0,[InvitationData_id:3,PeopleData_id:3,RankTypes_id:4]
6430006,909,0:20:28,0,[InvitationData_id:3,PeopleData_id:3,RankTypes_id:4,1]
6430006,910,0:20:31,0,[InvitationData_id:3,9,false]
6430006,908,0:20:31,0,[InvitationData_id:6,PeopleData_id:3,RankTypes_id:4]
6430006,909,0:20:34,0,[InvitationData_id:6,PeopleData_id:3,RankTypes_id:4,1]
6430006,910,0:20:35,0,[InvitationData_id:6,9,false]
6430006,908,0:20:35,0,[InvitationData_id:1,PeopleData_id:0,RankTypes_id:3]
6430006,909,0:20:39,0,[InvitationData_id:1,PeopleData_id:0,RankTypes_id:3,1]
6430006,910,0:20:41,0,[InvitationData_id:1,7,false]
6430006,908,0:20:41,0,[InvitationData_id:2,PeopleData_id:2,RankTypes_id:3]
6430006,909,0:20:46,0,[InvitationData_id:2,PeopleData_id:2,RankTypes_id:3,0]
6430006,910,0:20:47,0,[InvitationData_id:2,-7,false]
6430006,911,0:20:56,0,[-15,0,0,0]
6430006,1005,0:20:56,0,[2,0,1]
6430006,1000,0:20:59,0,[]
6430006,900,0:21:0,0,[]
6430006,1002,0:21:28,0
6430006,1003,0:21:28,2
6430006,210,0:21:34,811,418
6430006,211,0:21:35,818,329
6430006,213,0:21:35,0,c_teacherEng_G7a0,true
6430006,205,0:21:35,0,c_teacherEng_G7a0,false,false
6430006,210,0:21:40,635,389
6430006,211,0:21:45,975,526
6430006,213,0:21:45,0,c_bestFriend_M_a_G7a0,false
6430006,1003,0:21:48,2
6430006,1004,0:21:49,0
6430006,900,0:21:52,0,[]
6430006,901,0:21:54,0,[PeopleData_id:3]
6430006,904,0:21:54,0,[PeopleData_id:3]
6430006,905,0:21:54,0,[PeopleData_id:3,RankTypes_id:-1,RankTypes_id:4]
6430006,901,0:21:55,0,[PeopleData_id:2]
6430006,904,0:21:55,0,[PeopleData_id:2]
6430006,905,0:21:55,0,[PeopleData_id:2,RankTypes_id:-1,RankTypes_id:4]
6430006,901,0:21:56,0,[PeopleData_id:0]
6430006,904,0:21:56,0,[PeopleData_id:0]
6430006,905,0:21:56,0,[PeopleData_id:0,RankTypes_id:-1,RankTypes_id:3]
6430006,901,0:21:57,0,[PeopleData_id:1]
6430006,904,0:21:57,0,[PeopleData_id:1]
6430006,905,0:21:57,0,[PeopleData_id:1,RankTypes_id:-1,RankTypes_id:3]
6430006,901,0:21:58,0,[PeopleData_id:4]
6430006,904,0:21:58,0,[PeopleData_id:4]
6430006,901,0:21:58,0,[PeopleData_id:1]
6430006,904,0:21:58,0,[PeopleData_id:1]
6430006,905,0:21:58,0,[PeopleData_id:1,RankTypes_id:3,RankTypes_id:3]
6430006,901,0:21:59,0,[PeopleData_id:4]
6430006,904,0:21:59,0,[PeopleData_id:4]
6430006,901,0:22:1,0,[PeopleData_id:1]
6430006,904,0:22:1,0,[PeopleData_id:1]
6430006,905,0:22:1,0,[PeopleData_id:1,RankTypes_id:3,RankTypes_id:3]
6430006,901,0:22:2,0,[PeopleData_id:4]
6430006,904,0:22:3,0,[PeopleData_id:4]
6430006,905,0:22:3,0,[PeopleData_id:4,RankTypes_id:-1,RankTypes_id:3]
6430006,906,0:22:3,0,[]
6430006,907,0:22:9,0,[]
6430006,908,0:22:9,0,[InvitationData_id:8,PeopleData_id:3,RankTypes_id:4]
6430006,909,0:22:12,0,[InvitationData_id:8,PeopleData_id:3,RankTypes_id:4,1]
6430006,910,0:22:14,0,[InvitationData_id:8,9,false]
6430006,908,0:22:14,0,[InvitationData_id:9,PeopleData_id:1,RankTypes_id:3]
6430006,909,0:22:18,0,[InvitationData_id:9,PeopleData_id:1,RankTypes_id:3,0]
6430006,910,0:22:19,0,[InvitationData_id:9,-7,false]
6430006,908,0:22:19,0,[InvitationData_id:2,PeopleData_id:2,RankTypes_id:4]
6430006,909,0:22:21,0,[InvitationData_id:2,PeopleData_id:2,RankTypes_id:4,0]
6430006,910,0:22:22,0,[InvitationData_id:2,-11,false]
6430006,908,0:22:22,0,[InvitationData_id:0,PeopleData_id:3,RankTypes_id:4]
6430006,909,0:22:25,0,[InvitationData_id:0,PeopleData_id:3,RankTypes_id:4,1]
6430006,910,0:22:26,0,[InvitationData_id:0,9,false]
6430006,908,0:22:26,0,[InvitationData_id:10,PeopleData_id:2,RankTypes_id:4]
6430006,909,0:22:28,0,[InvitationData_id:10,PeopleData_id:2,RankTypes_id:4,0]
6430006,910,0:22:29,0,[InvitationData_id:10,-11,false]
6430006,908,0:22:29,0,[InvitationData_id:4,PeopleData_id:2,RankTypes_id:4]
6430006,909,0:22:32,0,[InvitationData_id:4,PeopleData_id:2,RankTypes_id:4,0]
6430006,910,0:22:33,0,[InvitationData_id:4,-11,false]
6430006,908,0:22:33,0,[InvitationData_id:7,PeopleData_id:1,RankTypes_id:3]
6430006,909,0:22:40,0,[InvitationData_id:7,PeopleData_id:1,RankTypes_id:3,0]
6430006,910,0:22:42,0,[InvitationData_id:7,-7,false]
6430006,908,0:22:42,0,[InvitationData_id:5,PeopleData_id:1,RankTypes_id:3]
6430006,909,0:22:46,0,[InvitationData_id:5,PeopleData_id:1,RankTypes_id:3,0]
6430006,910,0:22:46,0,[InvitationData_id:5,-7,false]
6430006,908,0:22:46,0,[InvitationData_id:3,PeopleData_id:3,RankTypes_id:4]
6430006,909,0:22:49,0,[InvitationData_id:3,PeopleData_id:3,RankTypes_id:4,1]
6430006,910,0:22:50,0,[InvitationData_id:3,9,false]
6430006,908,0:22:50,0,[InvitationData_id:1,PeopleData_id:0,RankTypes_id:3]
6430006,909,0:22:54,0,[InvitationData_id:1,PeopleData_id:0,RankTypes_id:3,1]
6430006,910,0:22:55,0,[InvitationData_id:1,7,false]
6430006,908,0:22:55,0,[InvitationData_id:6,PeopleData_id:2,RankTypes_id:4]
6430006,909,0:22:57,0,[InvitationData_id:6,PeopleData_id:2,RankTypes_id:4,1]
6430006,910,0:22:58,0,[InvitationData_id:6,9,false]
6430006,911,0:22:58,0,[-11,0,0,0]
6430006,1000,0:23:1,0,[]
6430006,900,0:23:3,0,[]
6430006,901,0:23:45,0,[PeopleData_id:2]
6430006,904,0:23:45,0,[PeopleData_id:2]
6430006,905,0:23:45,0,[PeopleData_id:2,RankTypes_id:-1,RankTypes_id:4]
6430006,901,0:23:45,0,[PeopleData_id:3]
6430006,904,0:23:46,0,[PeopleData_id:3]
6430006,905,0:23:46,0,[PeopleData_id:3,RankTypes_id:-1,RankTypes_id:3]
6430006,901,0:23:46,0,[PeopleData_id:0]
6430006,904,0:23:46,0,[PeopleData_id:0]
6430006,905,0:23:47,0,[PeopleData_id:0,RankTypes_id:-1,RankTypes_id:3]
6430006,901,0:23:49,0,[PeopleData_id:1]
6430006,904,0:23:49,0,[PeopleData_id:1]
6430006,905,0:23:50,0,[PeopleData_id:1,RankTypes_id:-1,RankTypes_id:4]
6430006,901,0:23:51,0,[PeopleData_id:4]
6430006,904,0:23:51,0,[PeopleData_id:4]
6430006,901,0:23:52,0,[PeopleData_id:4]
6430006,904,0:23:52,0,[PeopleData_id:4]
6430006,905,0:23:52,0,[PeopleData_id:4,RankTypes_id:-1,RankTypes_id:3]
6430006,906,0:23:52,0,[]
6430006,907,0:23:54,0,[]
6430006,908,0:23:54,0,[InvitationData_id:9,PeopleData_id:1,RankTypes_id:4]
6430006,909,0:23:58,0,[InvitationData_id:9,PeopleData_id:1,RankTypes_id:4,0]
6430006,910,0:24:0,0,[InvitationData_id:9,-11,false]
6430006,908,0:24:0,0,[InvitationData_id:1,PeopleData_id:0,RankTypes_id:3]
6430006,909,0:24:3,0,[InvitationData_id:1,PeopleData_id:0,RankTypes_id:3,1]
6430006,910,0:24:4,0,[InvitationData_id:1,7,false]
6430006,908,0:24:4,0,[InvitationData_id:6,PeopleData_id:2,RankTypes_id:4]
6430006,909,0:24:5,0,[InvitationData_id:6,PeopleData_id:2,RankTypes_id:4,1]
6430006,910,0:24:8,0,[InvitationData_id:6,9,false]
6430006,908,0:24:8,0,[InvitationData_id:4,PeopleData_id:2,RankTypes_id:4]
6430006,909,0:24:10,0,[InvitationData_id:4,PeopleData_id:2,RankTypes_id:4,0]
6430006,910,0:24:11,0,[InvitationData_id:4,-11,false]
6430006,908,0:24:11,0,[InvitationData_id:7,PeopleData_id:1,RankTypes_id:4]
6430006,909,0:24:16,0,[InvitationData_id:7,PeopleData_id:1,RankTypes_id:4,0]
6430006,910,0:24:22,0,[InvitationData_id:7,-11,false]
6430006,908,0:24:22,0,[InvitationData_id:0,PeopleData_id:3,RankTypes_id:3]
6430006,909,0:24:25,0,[InvitationData_id:0,PeopleData_id:3,RankTypes_id:3,1]
6430006,910,0:24:26,0,[InvitationData_id:0,7,false]
6430006,908,0:24:26,0,[InvitationData_id:5,PeopleData_id:1,RankTypes_id:4]
6430006,909,0:24:30,0,[InvitationData_id:5,PeopleData_id:1,RankTypes_id:4,0]
6430006,910,0:24:39,0,[InvitationData_id:5,-11,false]
6430006,908,0:24:39,0,[InvitationData_id:3,PeopleData_id:3,RankTypes_id:3]
6430006,909,0:24:44,0,[InvitationData_id:3,PeopleData_id:3,RankTypes_id:3,0]
6430006,910,0:24:45,0,[InvitationData_id:3,-7,false]
6430006,908,0:24:45,0,[InvitationData_id:10,PeopleData_id:2,RankTypes_id:4]
6430006,909,0:24:49,0,[InvitationData_id:10,PeopleData_id:2,RankTypes_id:4,0]
6430006,910,0:24:50,0,[InvitationData_id:10,-11,false]
6430006,908,0:24:50,0,[InvitationData_id:2,PeopleData_id:2,RankTypes_id:4]
6430006,909,0:24:53,0,[InvitationData_id:2,PeopleData_id:2,RankTypes_id:4,0]
6430006,910,0:24:54,0,[InvitationData_id:2,-11,false]
6430006,908,0:24:54,0,[InvitationData_id:8,PeopleData_id:3,RankTypes_id:3]
6430006,909,0:24:57,0,[InvitationData_id:8,PeopleData_id:3,RankTypes_id:3,1]
6430006,910,0:24:58,0,[InvitationData_id:8,7,false]
6430006,911,0:25:1,0,[-43,0,1,0]
6430006,1000,0:25:3,0,[]
6430006,900,0:25:4,0,[]
6430006,901,0:25:5,0,[PeopleData_id:2]
6430006,904,0:25:5,0,[PeopleData_id:2]
6430006,905,0:25:5,0,[PeopleData_id:2,RankTypes_id:-1,RankTypes_id:4]
6430006,901,0:25:6,0,[PeopleData_id:3]
6430006,904,0:25:6,0,[PeopleData_id:3]
6430006,905,0:25:6,0,[PeopleData_id:3,RankTypes_id:-1,RankTypes_id:4]
6430006,901,0:25:6,0,[PeopleData_id:1]
6430006,904,0:25:6,0,[PeopleData_id:1]
6430006,905,0:25:7,0,[PeopleData_id:1,RankTypes_id:-1,RankTypes_id:3]
6430006,901,0:25:8,0,[PeopleData_id:0]
6430006,904,0:25:8,0,[PeopleData_id:0]
6430006,901,0:25:10,0,[PeopleData_id:0]
6430006,904,0:25:10,0,[PeopleData_id:0]
6430006,905,0:25:10,0,[PeopleData_id:0,RankTypes_id:-1,RankTypes_id:3]
6430006,901,0:25:12,0,[PeopleData_id:4]
6430006,904,0:25:12,0,[PeopleData_id:4]
6430006,905,0:25:13,0,[PeopleData_id:4,RankTypes_id:-1,RankTypes_id:0]
6430006,906,0:25:13,0,[]
6430006,901,0:25:14,0,[PeopleData_id:0]
6430006,904,0:25:15,0,[PeopleData_id:0]
6430006,905,0:25:15,0,[PeopleData_id:0,RankTypes_id:3,RankTypes_id:0]
6430006,901,0:25:16,0,[PeopleData_id:1]
6430006,904,0:25:16,0,[PeopleData_id:1]
6430006,905,0:25:16,0,[PeopleData_id:1,RankTypes_id:3,RankTypes_id:0]
6430006,907,0:25:17,0,[]
6430006,908,0:25:17,0,[InvitationData_id:10,PeopleData_id:2,RankTypes_id:4]
6430006,909,0:25:23,0,[InvitationData_id:10,PeopleData_id:2,RankTypes_id:4,0]
6430006,910,0:25:24,0,[InvitationData_id:10,-11,false]
6430006,908,0:25:24,0,[InvitationData_id:8,PeopleData_id:3,RankTypes_id:4]
6430006,909,0:25:31,0,[InvitationData_id:8,PeopleData_id:3,RankTypes_id:4,1]
6430006,910,0:25:32,0,[InvitationData_id:8,9,false]
6430006,908,0:25:32,0,[InvitationData_id:6,PeopleData_id:2,RankTypes_id:4]
6430006,909,0:25:43,0,[InvitationData_id:6,PeopleData_id:2,RankTypes_id:4,0]
6430006,910,0:25:44,0,[InvitationData_id:6,-11,false]
6430006,908,0:25:44,0,[InvitationData_id:4,PeopleData_id:2,RankTypes_id:4]
6430006,909,0:25:48,0,[InvitationData_id:4,PeopleData_id:2,RankTypes_id:4,1]
6430006,910,0:25:49,0,[InvitationData_id:4,0,true]
6430006,908,0:25:49,0,[InvitationData_id:3,PeopleData_id:3,RankTypes_id:4]
6430006,909,0:25:50,0,[InvitationData_id:3,PeopleData_id:3,RankTypes_id:4,1]
6430006,910,0:25:51,0,[InvitationData_id:3,9,false]
6430006,908,0:25:51,0,[InvitationData_id:0,PeopleData_id:3,RankTypes_id:4]
6430006,909,0:25:52,0,[InvitationData_id:0,PeopleData_id:3,RankTypes_id:4,1]
6430006,910,0:25:53,0,[InvitationData_id:0,9,false]
6430006,908,0:25:53,0,[InvitationData_id:2,PeopleData_id:2,RankTypes_id:4]
6430006,909,0:25:54,0,[InvitationData_id:2,PeopleData_id:2,RankTypes_id:4,1]
6430006,910,0:25:55,0,[InvitationData_id:2,0,true]
6430006,911,0:25:56,0,[5,2,1,2]
6430006,1000,0:25:57,0,[]
6430006,900,0:25:58,0,[]
6430006,901,0:25:59,0,[PeopleData_id:2]
6430006,904,0:25:59,0,[PeopleData_id:2]
6430006,905,0:26:0,0,[PeopleData_id:2,RankTypes_id:-1,RankTypes_id:0]
6430006,901,0:26:0,0,[PeopleData_id:0]
6430006,904,0:26:0,0,[PeopleData_id:0]
6430006,901,0:26:1,0,[PeopleData_id:1]
6430006,904,0:26:1,0,[PeopleData_id:1]
6430006,901,0:26:2,0,[PeopleData_id:1]
6430006,904,0:26:2,0,[PeopleData_id:1]
6430006,905,0:26:3,0,[PeopleData_id:1,RankTypes_id:-1,RankTypes_id:0]
6430006,901,0:26:3,0,[PeopleData_id:4]
6430006,904,0:26:3,0,[PeopleData_id:4]
6430006,901,0:26:4,0,[PeopleData_id:4]
6430006,904,0:26:4,0,[PeopleData_id:4]
6430006,905,0:26:5,0,[PeopleData_id:4,RankTypes_id:-1,RankTypes_id:0]
6430006,901,0:26:6,0,[PeopleData_id:0]
6430006,904,0:26:6,0,[PeopleData_id:0]
6430006,905,0:26:6,0,[PeopleData_id:0,RankTypes_id:-1,RankTypes_id:0]
6430006,901,0:26:7,0,[PeopleData_id:3]
6430006,904,0:26:7,0,[PeopleData_id:3]
6430006,905,0:26:7,0,[PeopleData_id:3,RankTypes_id:-1,RankTypes_id:4]
6430006,906,0:26:7,0,[]
6430006,907,0:26:8,0,[]
6430006,908,0:26:8,0,[InvitationData_id:0,PeopleData_id:3,RankTypes_id:4]
6430006,909,0:26:10,0,[InvitationData_id:0,PeopleData_id:3,RankTypes_id:4,1]
6430006,910,0:26:12,0,[InvitationData_id:0,9,false]
6430006,908,0:26:12,0,[InvitationData_id:6,PeopleData_id:3,RankTypes_id:4]
6430006,909,0:26:19,0,[InvitationData_id:6,PeopleData_id:3,RankTypes_id:4,1]
6430006,910,0:26:20,0,[InvitationData_id:6,9,false]
6430006,908,0:26:20,0,[InvitationData_id:3,PeopleData_id:3,RankTypes_id:4]
6430006,909,0:26:24,0,[InvitationData_id:3,PeopleData_id:3,RankTypes_id:4,0]
6430006,910,0:26:25,0,[InvitationData_id:3,-11,false]
6430006,908,0:26:25,0,[InvitationData_id:8,PeopleData_id:3,RankTypes_id:4]
6430006,909,0:26:29,0,[InvitationData_id:8,PeopleData_id:3,RankTypes_id:4,1]
6430006,910,0:26:31,0,[InvitationData_id:8,9,false]
6430006,911,0:26:32,0,[16,0,1,0]
6430006,1000,0:26:33,0,[]
6430006,900,0:26:35,0,[]
6430006,901,0:26:37,0,[PeopleData_id:0]
6430006,904,0:26:37,0,[PeopleData_id:0]
6430006,905,0:26:38,0,[PeopleData_id:0,RankTypes_id:-1,RankTypes_id:3]
6430006,901,0:26:38,0,[PeopleData_id:2]
6430006,904,0:26:38,0,[PeopleData_id:2]
6430006,905,0:26:39,0,[PeopleData_id:2,RankTypes_id:-1,RankTypes_id:4]
6430006,901,0:26:40,0,[PeopleData_id:4]
6430006,904,0:26:40,0,[PeopleData_id:4]
6430006,905,0:26:40,0,[PeopleData_id:4,RankTypes_id:-1,RankTypes_id:3]
6430006,901,0:26:42,0,[PeopleData_id:3]
6430006,904,0:26:42,0,[PeopleData_id:3]
6430006,905,0:26:43,0,[PeopleData_id:3,RankTypes_id:-1,RankTypes_id:4]
6430006,901,0:26:46,0,[PeopleData_id:1]
6430006,904,0:26:46,0,[PeopleData_id:1]
6430006,905,0:26:47,0,[PeopleData_id:1,RankTypes_id:-1,RankTypes_id:3]
6430006,906,0:26:47,0,[]
6430006,907,0:26:49,0,[]
6430006,908,0:26:49,0,[InvitationData_id:4,PeopleData_id:2,RankTypes_id:4]
6430006,909,0:26:58,0,[InvitationData_id:4,PeopleData_id:2,RankTypes_id:4,0]
6430006,910,0:27:0,0,[InvitationData_id:4,-11,false]
6430006,908,0:27:0,0,[InvitationData_id:1,PeopleData_id:0,RankTypes_id:3]
6430006,909,0:27:5,0,[InvitationData_id:1,PeopleData_id:0,RankTypes_id:3,1]
6430006,910,0:27:6,0,[InvitationData_id:1,7,false]
6430006,908,0:27:6,0,[InvitationData_id:5,PeopleData_id:1,RankTypes_id:3]
6430006,909,0:27:9,0,[InvitationData_id:5,PeopleData_id:1,RankTypes_id:3,0]
6430006,910,0:27:14,0,[InvitationData_id:5,-7,false]
6430006,908,0:27:14,0,[InvitationData_id:8,PeopleData_id:3,RankTypes_id:4]
6430006,909,0:27:19,0,[InvitationData_id:8,PeopleData_id:3,RankTypes_id:4,1]
6430006,910,0:27:22,0,[InvitationData_id:8,9,false]
6430006,908,0:27:22,0,[InvitationData_id:3,PeopleData_id:3,RankTypes_id:4]
6430006,909,0:27:26,0,[InvitationData_id:3,PeopleData_id:3,RankTypes_id:4,1]
6430006,910,0:27:28,0,[InvitationData_id:3,9,false]
6430006,908,0:27:28,0,[InvitationData_id:2,PeopleData_id:2,RankTypes_id:4]
6430006,909,0:27:31,0,[InvitationData_id:2,PeopleData_id:2,RankTypes_id:4,0]
6430006,910,0:27:37,0,[InvitationData_id:2,-11,false]
6430006,908,0:27:37,0,[InvitationData_id:9,PeopleData_id:1,RankTypes_id:3]
6430006,909,0:27:40,0,[InvitationData_id:9,PeopleData_id:1,RankTypes_id:3,0]
6430006,910,0:27:43,0,[InvitationData_id:9,-7,false]
6430006,908,0:27:43,0,[InvitationData_id:10,PeopleData_id:2,RankTypes_id:4]
6430006,909,0:27:50,0,[InvitationData_id:10,PeopleData_id:2,RankTypes_id:4,0]
6430006,910,0:27:59,0,[InvitationData_id:10,-11,false]
6430006,908,0:27:59,0,[InvitationData_id:6,PeopleData_id:3,RankTypes_id:4]
6430006,909,0:28:2,0,[InvitationData_id:6,PeopleData_id:3,RankTypes_id:4,1]
6430006,910,0:28:6,0,[InvitationData_id:6,9,false]
6430006,908,0:28:6,0,[InvitationData_id:7,PeopleData_id:1,RankTypes_id:3]
6430006,909,0:28:10,0,[InvitationData_id:7,PeopleData_id:1,RankTypes_id:3,1]
6430006,910,0:28:11,0,[InvitationData_id:7,0,true]
6430006,908,0:28:11,0,[InvitationData_id:0,PeopleData_id:3,RankTypes_id:4]
6430006,909,0:28:14,0,[InvitationData_id:0,PeopleData_id:3,RankTypes_id:4,1]
6430006,910,0:28:15,0,[InvitationData_id:0,9,false]
6430006,911,0:28:16,0,[-4,1,0,1]
6430006,1001,0:28:19,0,[]
6430006,1003,0:28:19,2
6430006,1004,0:28:20,0
6430006,900,0:28:23,0,[]
6430006,901,0:28:24,0,[PeopleData_id:1]
6430006,904,0:28:24,0,[PeopleData_id:1]
6430006,905,0:28:24,0,[PeopleData_id:1,RankTypes_id:-1,RankTypes_id:4]
6430006,901,0:28:25,0,[PeopleData_id:2]
6430006,904,0:28:25,0,[PeopleData_id:2]
6430006,905,0:28:26,0,[PeopleData_id:2,RankTypes_id:-1,RankTypes_id:4]
6430006,901,0:28:26,0,[PeopleData_id:3]
6430006,904,0:28:26,0,[PeopleData_id:3]
6430006,901,0:28:27,0,[PeopleData_id:3]
6430006,904,0:28:28,0,[PeopleData_id:3]
6430006,905,0:28:28,0,[PeopleData_id:3,RankTypes_id:-1,RankTypes_id:3]
6430006,901,0:28:28,0,[PeopleData_id:4]
6430006,904,0:28:28,0,[PeopleData_id:4]
6430006,905,0:28:29,0,[PeopleData_id:4,RankTypes_id:-1,RankTypes_id:3]
6430006,901,0:28:34,0,[PeopleData_id:0]
6430006,904,0:28:34,0,[PeopleData_id:0]
6430006,905,0:28:35,0,[PeopleData_id:0,RankTypes_id:-1,RankTypes_id:3]
6430006,906,0:28:35,0,[]
6430006,901,0:28:37,0,[PeopleData_id:0]
6430006,904,0:28:37,0,[PeopleData_id:0]
6430006,907,0:28:40,0,[]
6430006,908,0:28:40,0,[InvitationData_id:0,PeopleData_id:0,RankTypes_id:3]
6430006,909,0:28:43,0,[InvitationData_id:0,PeopleData_id:0,RankTypes_id:3,1]
6430006,910,0:28:44,0,[InvitationData_id:0,7,false]
6430006,908,0:28:44,0,[InvitationData_id:1,PeopleData_id:0,RankTypes_id:3]
6430006,909,0:28:47,0,[InvitationData_id:1,PeopleData_id:0,RankTypes_id:3,1]
6430006,910,0:28:48,0,[InvitationData_id:1,7,false]
6430006,908,0:28:48,0,[InvitationData_id:8,PeopleData_id:0,RankTypes_id:3]
6430006,909,0:28:51,0,[InvitationData_id:8,PeopleData_id:0,RankTypes_id:3,1]
6430006,910,0:28:52,0,[InvitationData_id:8,7,false]
6430006,908,0:28:52,0,[InvitationData_id:10,PeopleData_id:2,RankTypes_id:4]
6430006,909,0:28:55,0,[InvitationData_id:10,PeopleData_id:2,RankTypes_id:4,0]
6430006,910,0:28:57,0,[InvitationData_id:10,-11,false]
6430006,908,0:28:57,0,[InvitationData_id:3,PeopleData_id:3,RankTypes_id:3]
6430006,909,0:29:0,0,[InvitationData_id:3,PeopleData_id:3,RankTypes_id:3,1]
6430006,910,0:29:1,0,[InvitationData_id:3,7,false]
6430006,908,0:29:1,0,[InvitationData_id:4,PeopleData_id:1,RankTypes_id:4]
6430006,909,0:29:5,0,[InvitationData_id:4,PeopleData_id:1,RankTypes_id:4,0]
6430006,910,0:29:10,0,[InvitationData_id:4,-11,false]
6430006,908,0:29:10,0,[InvitationData_id:2,PeopleData_id:2,RankTypes_id:4]
6430006,909,0:29:12,0,[InvitationData_id:2,PeopleData_id:2,RankTypes_id:4,0]
6430006,910,0:29:14,0,[InvitationData_id:2,-11,false]
6430006,908,0:29:14,0,[InvitationData_id:9,PeopleData_id:1,RankTypes_id:4]
6430006,909,0:29:16,0,[InvitationData_id:9,PeopleData_id:1,RankTypes_id:4,0]
6430006,910,0:29:18,0,[InvitationData_id:9,-11,false]
6430006,908,0:29:18,0,[InvitationData_id:7,PeopleData_id:1,RankTypes_id:4]
6430006,909,0:29:23,0,[InvitationData_id:7,PeopleData_id:1,RankTypes_id:4,0]
6430006,910,0:29:24,0,[InvitationData_id:7,-11,false]
6430006,908,0:29:24,0,[InvitationData_id:6,PeopleData_id:2,RankTypes_id:4]
6430006,909,0:29:30,0,[InvitationData_id:6,PeopleData_id:2,RankTypes_id:4,1]
6430006,910,0:29:32,0,[InvitationData_id:6,9,false]
6430006,908,0:29:32,0,[InvitationData_id:5,PeopleData_id:1,RankTypes_id:4]
6430006,909,0:29:34,0,[InvitationData_id:5,PeopleData_id:1,RankTypes_id:4,0]
6430006,910,0:29:35,0,[InvitationData_id:5,-11,false]
6430006,911,0:29:36,0,[-29,0,0,0]
6430006,1000,0:29:41,0,[]
6430006,900,0:29:42,0,[]
6430006,1002,0:29:50,0
6430006,1003,0:29:50,2
6430006,210,0:29:54,897,476
6430006,211,0:29:55,992,525
6430006,213,0:29:55,0,c_bestFriend_M_a_G7a0,false
6430006,1003,0:30:5,2
6430006,1004,0:30:7,0
6430006,900,0:30:9,0,[]
6430006,901,0:30:10,0,[PeopleData_id:0]
6430006,904,0:30:10,0,[PeopleData_id:0]
6430006,905,0:30:10,0,[PeopleData_id:0,RankTypes_id:-1,RankTypes_id:4]
6430006,901,0:30:11,0,[PeopleData_id:1]
6430006,904,0:30:11,0,[PeopleData_id:1]
6430006,905,0:30:11,0,[PeopleData_id:1,RankTypes_id:-1,RankTypes_id:4]
6430006,901,0:30:12,0,[PeopleData_id:2]
6430006,904,0:30:12,0,[PeopleData_id:2]
6430006,905,0:30:12,0,[PeopleData_id:2,RankTypes_id:-1,RankTypes_id:3]
6430006,901,0:30:13,0,[PeopleData_id:4]
6430006,904,0:30:13,0,[PeopleData_id:4]
6430006,905,0:30:14,0,[PeopleData_id:4,RankTypes_id:-1,RankTypes_id:3]
6430006,901,0:30:14,0,[PeopleData_id:3]
6430006,904,0:30:14,0,[PeopleData_id:3]
6430006,905,0:30:15,0,[PeopleData_id:3,RankTypes_id:-1,RankTypes_id:3]
6430006,906,0:30:15,0,[]
6430006,907,0:30:16,0,[]
6430006,908,0:30:16,0,[InvitationData_id:1,PeopleData_id:0,RankTypes_id:4]
6430006,909,0:30:19,0,[InvitationData_id:1,PeopleData_id:0,RankTypes_id:4,1]
6430006,910,0:30:20,0,[InvitationData_id:1,9,false]
6430006,908,0:30:20,0,[InvitationData_id:0,PeopleData_id:0,RankTypes_id:4]
6430006,909,0:30:22,0,[InvitationData_id:0,PeopleData_id:0,RankTypes_id:4,1]
6430006,910,0:30:23,0,[InvitationData_id:0,9,false]
6430006,908,0:30:23,0,[InvitationData_id:4,PeopleData_id:1,RankTypes_id:4]
6430006,909,0:30:25,0,[InvitationData_id:4,PeopleData_id:1,RankTypes_id:4,0]
6430006,910,0:30:26,0,[InvitationData_id:4,-11,false]
6430006,908,0:30:26,0,[InvitationData_id:2,PeopleData_id:2,RankTypes_id:3]
6430006,909,0:30:28,0,[InvitationData_id:2,PeopleData_id:2,RankTypes_id:3,0]
6430006,910,0:30:29,0,[InvitationData_id:2,-7,false]
6430006,908,0:30:29,0,[InvitationData_id:7,PeopleData_id:1,RankTypes_id:4]
6430006,909,0:30:34,0,[InvitationData_id:7,PeopleData_id:1,RankTypes_id:4,0]
6430006,910,0:30:36,0,[InvitationData_id:7,-11,false]
6430006,908,0:30:36,0,[InvitationData_id:9,PeopleData_id:1,RankTypes_id:4]
6430006,909,0:30:38,0,[InvitationData_id:9,PeopleData_id:1,RankTypes_id:4,0]
6430006,910,0:30:39,0,[InvitationData_id:9,-11,false]
6430006,908,0:30:39,0,[InvitationData_id:8,PeopleData_id:0,RankTypes_id:4]
6430006,909,0:30:42,0,[InvitationData_id:8,PeopleData_id:0,RankTypes_id:4,1]
6430006,910,0:30:43,0,[InvitationData_id:8,9,false]
6430006,908,0:30:43,0,[InvitationData_id:3,PeopleData_id:3,RankTypes_id:3]
6430006,909,0:30:48,0,[InvitationData_id:3,PeopleData_id:3,RankTypes_id:3,1]
6430006,910,0:30:55,0,[InvitationData_id:3,7,false]
6430006,908,0:30:55,0,[InvitationData_id:5,PeopleData_id:1,RankTypes_id:4]
6430006,909,0:31:5,0,[InvitationData_id:5,PeopleData_id:1,RankTypes_id:4,0]
6430006,910,0:31:6,0,[InvitationData_id:5,-11,false]
6430006,908,0:31:6,0,[InvitationData_id:10,PeopleData_id:2,RankTypes_id:3]
6430006,909,0:31:8,0,[InvitationData_id:10,PeopleData_id:2,RankTypes_id:3,0]
6430006,910,0:31:9,0,[InvitationData_id:10,-7,false]
6430006,908,0:31:9,0,[InvitationData_id:6,PeopleData_id:0,RankTypes_id:4]
6430006,909,0:31:11,0,[InvitationData_id:6,PeopleData_id:0,RankTypes_id:4,1]
6430006,910,0:31:12,0,[InvitationData_id:6,9,false]
6430006,911,0:31:32,0,[-15,0,0,0]
6430006,1000,0:31:35,0,[]
6430006,900,0:31:37,0,[]
6430006,901,0:31:38,0,[PeopleData_id:3]
6430006,904,0:31:38,0,[PeopleData_id:3]
6430006,905,0:31:38,0,[PeopleData_id:3,RankTypes_id:-1,RankTypes_id:1]
6430006,901,0:31:39,0,[PeopleData_id:3]
6430006,904,0:31:39,0,[PeopleData_id:3]
6430006,901,0:31:41,0,[PeopleData_id:4]
6430006,904,0:31:41,0,[PeopleData_id:4]
6430006,905,0:31:42,0,[PeopleData_id:4,RankTypes_id:-1,RankTypes_id:1]
6430006,901,0:31:43,0,[PeopleData_id:0]
6430006,904,0:31:43,0,[PeopleData_id:0]
6430006,905,0:31:44,0,[PeopleData_id:0,RankTypes_id:-1,RankTypes_id:1]
6430006,901,0:31:44,0,[PeopleData_id:2]
6430006,904,0:31:44,0,[PeopleData_id:2]
6430006,905,0:31:45,0,[PeopleData_id:2,RankTypes_id:-1,RankTypes_id:1]
6430006,901,0:31:45,0,[PeopleData_id:1]
6430006,904,0:31:45,0,[PeopleData_id:1]
6430006,901,0:31:47,0,[PeopleData_id:1]
6430006,904,0:31:48,0,[PeopleData_id:1]
6430006,905,0:31:49,0,[PeopleData_id:1,RankTypes_id:-1,RankTypes_id:1]
6430006,906,0:31:49,0,[]
6430006,907,0:31:50,0,[]
6430006,908,0:31:50,0,[InvitationData_id:5,PeopleData_id:1,RankTypes_id:1]
6430006,909,0:31:53,0,[InvitationData_id:5,PeopleData_id:1,RankTypes_id:1,0]
6430006,910,0:31:56,0,[InvitationData_id:5,0,false]
6430006,908,0:31:56,0,[InvitationData_id:7,PeopleData_id:1,RankTypes_id:1]
6430006,909,0:32:0,0,[InvitationData_id:7,PeopleData_id:1,RankTypes_id:1,1]
6430006,910,0:32:1,0,[InvitationData_id:7,0,true]
6430006,908,0:32:1,0,[InvitationData_id:9,PeopleData_id:1,RankTypes_id:1]
6430006,1002,0:32:5,0
6430006,1003,0:32:5,2
6430006,1004,0:32:20,0
6430006,900,0:32:22,0,[]
6430006,901,0:32:23,0,[PeopleData_id:4]
6430006,904,0:32:23,0,[PeopleData_id:4]
6430006,905,0:32:24,0,[PeopleData_id:4,RankTypes_id:-1,RankTypes_id:1]
6430006,901,0:32:24,0,[PeopleData_id:3]
6430006,904,0:32:24,0,[PeopleData_id:3]
6430006,905,0:32:25,0,[PeopleData_id:3,RankTypes_id:-1,RankTypes_id:1]
6430006,901,0:32:26,0,[PeopleData_id:1]
6430006,904,0:32:26,0,[PeopleData_id:1]
6430006,905,0:32:26,0,[PeopleData_id:1,RankTypes_id:-1,RankTypes_id:1]
6430006,901,0:32:27,0,[PeopleData_id:2]
6430006,904,0:32:27,0,[PeopleData_id:2]
6430006,901,0:32:29,0,[PeopleData_id:2]
6430006,904,0:32:29,0,[PeopleData_id:2]
6430006,905,0:32:29,0,[PeopleData_id:2,RankTypes_id:-1,RankTypes_id:1]
6430006,901,0:32:30,0,[PeopleData_id:0]
6430006,904,0:32:30,0,[PeopleData_id:0]
6430006,905,0:32:30,0,[PeopleData_id:0,RankTypes_id:-1,RankTypes_id:1]
6430006,906,0:32:30,0,[]
6430006,907,0:32:31,0,[]
6430006,908,0:32:31,0,[InvitationData_id:5,PeopleData_id:1,RankTypes_id:1]
6430006,909,0:32:34,0,[InvitationData_id:5,PeopleData_id:1,RankTypes_id:1,0]
6430006,910,0:32:35,0,[InvitationData_id:5,0,false]
6430006,908,0:32:35,0,[InvitationData_id:8,PeopleData_id:0,RankTypes_id:1]
6430006,909,0:32:38,0,[InvitationData_id:8,PeopleData_id:0,RankTypes_id:1,1]
6430006,910,0:32:39,0,[InvitationData_id:8,3,false]
6430006,908,0:32:39,0,[InvitationData_id:3,PeopleData_id:3,RankTypes_id:1]
6430006,909,0:32:46,0,[InvitationData_id:3,PeopleData_id:3,RankTypes_id:1,1]
6430006,910,0:32:47,0,[InvitationData_id:3,3,false]
6430006,908,0:32:47,0,[InvitationData_id:2,PeopleData_id:2,RankTypes_id:1]
6430006,909,0:32:49,0,[InvitationData_id:2,PeopleData_id:2,RankTypes_id:1,0]
6430006,910,0:32:50,0,[InvitationData_id:2,0,false]
6430006,908,0:32:50,0,[InvitationData_id:6,PeopleData_id:0,RankTypes_id:1]
6430006,909,0:32:53,0,[InvitationData_id:6,PeopleData_id:0,RankTypes_id:1,1]
6430006,910,0:32:54,0,[InvitationData_id:6,3,false]
6430006,908,0:32:54,0,[InvitationData_id:10,PeopleData_id:2,RankTypes_id:1]
6430006,909,0:32:56,0,[InvitationData_id:10,PeopleData_id:2,RankTypes_id:1,0]
6430006,910,0:32:57,0,[InvitationData_id:10,0,false]
6430006,908,0:32:57,0,[InvitationData_id:9,PeopleData_id:1,RankTypes_id:1]
6430006,909,0:33:0,0,[InvitationData_id:9,PeopleData_id:1,RankTypes_id:1,0]
6430006,910,0:33:2,0,[InvitationData_id:9,0,false]
6430006,908,0:33:2,0,[InvitationData_id:0,PeopleData_id:0,RankTypes_id:1]
6430006,909,0:33:5,0,[InvitationData_id:0,PeopleData_id:0,RankTypes_id:1,1]
6430006,910,0:33:30,0,[InvitationData_id:0,3,false]
6430006,908,0:33:30,0,[InvitationData_id:4,PeopleData_id:1,RankTypes_id:1]
6430006,909,0:33:33,0,[InvitationData_id:4,PeopleData_id:1,RankTypes_id:1,0]
6430006,910,0:33:34,0,[InvitationData_id:4,0,false]
6430006,908,0:33:34,0,[InvitationData_id:7,PeopleData_id:1,RankTypes_id:1]
6430006,909,0:33:37,0,[InvitationData_id:7,PeopleData_id:1,RankTypes_id:1,0]
6430006,910,0:33:38,0,[InvitationData_id:7,0,false]
6430006,908,0:33:38,0,[InvitationData_id:1,PeopleData_id:0,RankTypes_id:1]
6430006,909,0:33:41,0,[InvitationData_id:1,PeopleData_id:0,RankTypes_id:1,1]
6430006,910,0:33:43,0,[InvitationData_id:1,3,false]
6430006,911,0:33:46,0,[15,0,0,0]
6430006,1000,0:33:48,0,[]
6430006,900,0:33:50,0,[]
6430006,901,0:34:8,0,[PeopleData_id:2]
6430006,901,0:34:9,0,[PeopleData_id:2]
6430006,902,0:34:11,0,[PeopleData_id:2,PeopleData_data3Type]
6430006,902,0:34:14,0,[PeopleData_id:2,PeopleData_data2Type]
6430006,902,0:34:18,0,[PeopleData_id:2,PeopleData_data1Type]
6430006,902,0:34:21,0,[PeopleData_id:2,PeopleData_data0Type]
6430006,903,0:34:24,0,[PeopleData_id2,PeopleData_data0Type]
6430006,901,0:34:27,0,[PeopleData_id:2]
6430006,904,0:34:28,0,[PeopleData_id:2]
6430006,905,0:34:29,0,[PeopleData_id:2,RankTypes_id:-1,RankTypes_id:0]
6430006,901,0:34:31,0,[PeopleData_id:0]
6430006,902,0:34:33,0,[PeopleData_id:0,PeopleData_data3Type]
6430006,902,0:34:38,0,[PeopleData_id:0,PeopleData_data2Type]
6430006,902,0:34:40,0,[PeopleData_id:0,PeopleData_data1Type]
6430006,902,0:34:42,0,[PeopleData_id:0,PeopleData_data0Type]
6430006,903,0:34:44,0,[PeopleData_id0,PeopleData_data0Type]
6430006,901,0:34:46,0,[PeopleData_id:0]
6430006,904,0:34:46,0,[PeopleData_id:0]
6430006,905,0:34:48,0,[PeopleData_id:0,RankTypes_id:-1,RankTypes_id:2]
6430006,901,0:34:49,0,[PeopleData_id:3]
6430006,902,0:34:51,0,[PeopleData_id:3,PeopleData_data2Type]
6430006,902,0:34:54,0,[PeopleData_id:3,PeopleData_data1Type]
6430006,902,0:34:57,0,[PeopleData_id:3,PeopleData_data0Type]
6430006,903,0:35:1,0,[PeopleData_id3,PeopleData_data0Type]
6430006,901,0:35:2,0,[PeopleData_id:0]
6430006,904,0:35:2,0,[PeopleData_id:0]
6430006,905,0:35:2,0,[PeopleData_id:0,RankTypes_id:2,RankTypes_id:3]
6430006,901,0:35:3,0,[PeopleData_id:3]
6430006,904,0:35:3,0,[PeopleData_id:3]
6430006,905,0:35:5,0,[PeopleData_id:3,RankTypes_id:-1,RankTypes_id:3]
6430006,901,0:35:6,0,[PeopleData_id:1]
6430006,902,0:35:7,0,[PeopleData_id:1,PeopleData_data3Type]
6430006,902,0:35:10,0,[PeopleData_id:1,PeopleData_data2Type]
6430006,902,0:35:13,0,[PeopleData_id:1,PeopleData_data1Type]
6430006,902,0:35:15,0,[PeopleData_id:1,PeopleData_data0Type]
6430006,903,0:35:18,0,[PeopleData_id1,PeopleData_data0Type]
6430006,901,0:35:20,0,[PeopleData_id:1]
6430006,904,0:35:20,0,[PeopleData_id:1]
6430006,905,0:35:21,0,[PeopleData_id:1,RankTypes_id:-1,RankTypes_id:0]
6430006,901,0:35:23,0,[PeopleData_id:4]
6430006,902,0:35:24,0,[PeopleData_id:4,PeopleData_data3Type]
6430006,902,0:35:26,0,[PeopleData_id:4,PeopleData_data2Type]
6430006,902,0:35:28,0,[PeopleData_id:4,PeopleData_data1Type]
6430006,902,0:35:31,0,[PeopleData_id:4,PeopleData_data0Type]
6430006,903,0:35:33,0,[PeopleData_id4,PeopleData_data0Type]
6430006,901,0:35:34,0,[PeopleData_id:4]
6430006,904,0:35:34,0,[PeopleData_id:4]
6430006,905,0:35:35,0,[PeopleData_id:4,RankTypes_id:-1,RankTypes_id:0]
6430006,906,0:35:35,0,[]
6430006,901,0:35:39,0,[PeopleData_id:4]
6430006,904,0:35:39,0,[PeopleData_id:4]
6430006,905,0:35:39,0,[PeopleData_id:4,RankTypes_id:0,RankTypes_id:0]
6430006,907,0:35:43,0,[]
6430006,908,0:35:43,0,[InvitationData_id:0,PeopleData_id:0,RankTypes_id:3]
6430006,909,0:35:51,0,[InvitationData_id:0,PeopleData_id:0,RankTypes_id:3,1]
6430006,910,0:35:53,0,[InvitationData_id:0,7,false]
6430006,908,0:35:53,0,[InvitationData_id:1,PeopleData_id:0,RankTypes_id:3]
6430006,909,0:36:0,0,[InvitationData_id:1,PeopleData_id:0,RankTypes_id:3,1]
6430006,910,0:36:2,0,[InvitationData_id:1,7,false]
6430006,908,0:36:2,0,[InvitationData_id:3,PeopleData_id:3,RankTypes_id:3]
6430006,909,0:36:8,0,[InvitationData_id:3,PeopleData_id:3,RankTypes_id:3,1]
6430006,910,0:36:9,0,[InvitationData_id:3,7,false]
6430006,908,0:36:9,0,[InvitationData_id:6,PeopleData_id:0,RankTypes_id:3]
6430006,909,0:36:21,0,[InvitationData_id:6,PeopleData_id:0,RankTypes_id:3,1]
6430006,910,0:36:22,0,[InvitationData_id:6,7,false]
6430006,908,0:36:22,0,[InvitationData_id:8,PeopleData_id:0,RankTypes_id:3]
6430006,909,0:36:31,0,[InvitationData_id:8,PeopleData_id:0,RankTypes_id:3,1]
6430006,910,0:36:32,0,[InvitationData_id:8,7,false]
6430006,911,0:36:40,0,[35,0,0,0]
6430006,1005,0:36:40,0,[2,1,2]
6430006,1000,0:36:42,0,[]
6430006,900,0:36:45,0,[]
6430006,1002,0:36:48,0
6430006,1003,0:36:48,2
6430006,210,0:36:52,927,507
6430006,211,0:36:52,997,478
6430006,213,0:36:52,0,c_bestFriend_M_a_G7a0,true
6430006,205,0:36:52,0,c_bestFriend_M_a_G7a0,false,false
6430006,210,0:36:56,132,571
6430006,211,0:36:57,41,575
6430006,207,0:36:57,0,-200,-35
6430006,210,0:36:58,551,535
6430006,211,0:36:58,420,530
6430006,210,0:36:59,651,523
6430006,207,0:37:2,0,-35,0
6430006,211,0:37:5,249,466
6430006,213,0:37:5,0,c_crewKid1_M_G7a0,true
6430006,210,0:37:14,579,532
6430006,207,0:37:16,0,0,-465
6430006,207,0:37:17,0,-465,-518.45
6430006,211,0:37:17,1268,481
6430006,213,0:37:17,0,s_doorClassroom_G7a0,true
6430006,212,0:37:20,1
6430006,210,0:37:21,1464,530
6430006,211,0:37:23,662,597
6430006,213,0:37:23,0,s_otherStudent1_G7a0,true
6430006,210,0:37:26,607,524
6430006,207,0:37:26,0,-518.45,-293.45
6430006,207,0:37:27,0,-293.45,0
6430006,211,0:37:34,237,109
6430006,213,0:37:34,0,s_flag_gen,false
6430006,1003,0:37:40,1
6430006,1004,0:37:43,0
6430006,800,0:37:45,0,[]
6430006,801,0:37:47,0,[]
6430006,814,0:38:14,0,[2]
6430006,815,0:38:14,0,2,OpportunityCardData_id:13
6430006,815,0:38:16,0,2,OpportunityCardData_id:14
6430006,815,0:38:16,0,2,OpportunityCardData_id:15
6430006,815,0:38:16,0,2,OpportunityCardData_id:16
6430006,815,0:38:20,0,2,OpportunityCardData_id:15
6430006,815,0:38:27,0,2,OpportunityCardData_id:14
6430006,816,0:38:31,0,2,OpportunityCardData_id:14
6430006,803,0:38:51,0,[OpportunityCardData_id:14,OpportunityCardConsequencesData_logId:2]
6430006,803,0:38:55,0,[OpportunityCardData_id:14,OpportunityCardConsequencesData_logId:1]
6430006,803,0:39:0,0,[OpportunityCardData_id:14,OpportunityCardConsequencesData_logId:0]
6430006,805,0:39:14,0,[OpportunityCardData_id:14]
6430006,806,0:39:19,0,[OpportunityCardData_id:14,PriorityData_type:4]
6430006,807,0:39:22,0,[OpportunityCardData_id:14]
6430006,808,0:39:26,0,[OpportunityCardData_id:14]
6430006,809,0:39:37,0,[OpportunityCardData_id:14,Safe,false]
6430006,810,0:39:39,0,[OpportunityCardData_id:14,PriorityData_type:2,15,Safe,Safe]
6430006,814,0:39:48,0,[4]
6430006,815,0:39:48,0,4,OpportunityCardData_id:22
6430006,815,0:40:0,0,4,OpportunityCardData_id:26
6430006,815,0:40:4,0,4,OpportunityCardData_id:27
6430006,815,0:40:5,0,4,OpportunityCardData_id:28
6430006,815,0:40:7,0,4,OpportunityCardData_id:29
6430006,815,0:40:9,0,4,OpportunityCardData_id:30
6430006,815,0:40:12,0,4,OpportunityCardData_id:31
6430006,815,0:40:14,0,4,OpportunityCardData_id:22
6430006,815,0:40:14,0,4,OpportunityCardData_id:26
6430006,815,0:40:16,0,4,OpportunityCardData_id:22
6430006,816,0:40:20,0,4,OpportunityCardData_id:22
6430006,803,0:40:22,0,[OpportunityCardData_id:22,OpportunityCardConsequencesData_logId:1]
6430006,803,0:40:24,0,[OpportunityCardData_id:22,OpportunityCardConsequencesData_logId:0]
6430006,804,0:40:27,0,[OpportunityCardData_id:22]
6430006,814,0:40:28,0,[4]
6430006,815,0:40:28,0,4,OpportunityCardData_id:26
6430006,815,0:40:29,0,4,OpportunityCardData_id:27
6430006,816,0:40:31,0,4,OpportunityCardData_id:27
6430006,803,0:40:32,0,[OpportunityCardData_id:27,OpportunityCardConsequencesData_logId:2]
6430006,803,0:40:33,0,[OpportunityCardData_id:27,OpportunityCardConsequencesData_logId:1]
6430006,803,0:40:59,0,[OpportunityCardData_id:27,OpportunityCardConsequencesData_logId:0]
6430006,804,0:41:1,0,[OpportunityCardData_id:27]
6430006,814,0:41:2,0,[4]
6430006,815,0:41:2,0,4,OpportunityCardData_id:26
6430006,815,0:41:4,0,4,OpportunityCardData_id:28
6430006,815,0:41:4,0,4,OpportunityCardData_id:29
6430006,815,0:41:5,0,4,OpportunityCardData_id:30
6430006,816,0:41:9,0,4,OpportunityCardData_id:30
6430006,803,0:41:10,0,[OpportunityCardData_id:30,OpportunityCardConsequencesData_logId:1]
6430006,803,0:41:10,0,[OpportunityCardData_id:30,OpportunityCardConsequencesData_logId:0]
6430006,805,0:41:15,0,[OpportunityCardData_id:30]
6430006,806,0:41:21,0,[OpportunityCardData_id:30,PriorityData_type:3]
6430006,806,0:41:25,0,[OpportunityCardData_id:30,PriorityData_type:5]
6430006,807,0:41:27,0,[OpportunityCardData_id:30]
6430006,808,0:41:32,0,[OpportunityCardData_id:30]
6430006,809,0:41:37,0,[OpportunityCardData_id:30,PriorityData_type:5,true]
6430006,810,0:41:42,0,[OpportunityCardData_id:30,PriorityData_type:4,10,Safe,Safe]
6430006,814,0:41:52,0,[4]
6430006,815,0:41:52,0,4,OpportunityCardData_id:26
6430006,815,0:41:53,0,4,OpportunityCardData_id:28
6430006,816,0:41:55,0,4,OpportunityCardData_id:28
6430006,803,0:41:56,0,[OpportunityCardData_id:28,OpportunityCardConsequencesData_logId:2]
6430006,803,0:41:57,0,[OpportunityCardData_id:28,OpportunityCardConsequencesData_logId:1]
6430006,803,0:41:58,0,[OpportunityCardData_id:28,OpportunityCardConsequencesData_logId:0]
6430006,805,0:42:1,0,[OpportunityCardData_id:28]
6430006,806,0:42:3,0,[OpportunityCardData_id:28,PriorityData_type:5]
6430006,806,0:42:7,0,[OpportunityCardData_id:28,PriorityData_type:2]
6430006,806,0:42:11,0,[OpportunityCardData_id:28,PriorityData_type:3]
6430006,806,0:42:13,0,[OpportunityCardData_id:28,PriorityData_type:0]
6430006,807,0:42:16,0,[OpportunityCardData_id:28]
6430006,808,0:42:19,0,[OpportunityCardData_id:28]
6430006,809,0:42:26,0,[OpportunityCardData_id:28,PriorityData_type:0,true]
6430006,810,0:42:30,0,[OpportunityCardData_id:28,PriorityData_type:4,15,Safe,Safe]
6430006,818,0:42:32,0,3
6430006,811,0:42:34,0,[OpportunityCardData_id:28,PriorityData_type:2,80,85,PriorityData_type:4,70,70]
6430006,1005,0:42:34,0,[1,0,3]
6430006,1001,0:42:38,0,[]
6430006,1003,0:42:38,1
6430006,210,0:42:53,454,474
6430006,211,0:42:53,454,474
6430006,210,0:42:53,172,111
6430006,207,0:42:54,0,-200,0
6430006,211,0:42:54,55,112
6430006,210,0:42:55,222,92
6430006,211,0:42:56,252,138
6430006,213,0:42:56,0,s_flag_gen,true
6430006,205,0:42:56,0,s_flag_gen,false,false
6430006,219,0:43:3,0
6430006,216,0:43:3,Stack_G7a1N
6430006,217,0:43:27,Stack_G7a1N,20,0.00
6430006,218,0:43:29,0
6430006,210,0:43:34,793,424
6430006,211,0:43:36,830,441
6430006,212,0:43:36,0
6430006,210,0:43:37,802,410
6430006,211,0:43:38,847,441
6430006,210,0:43:38,585,578
6430006,207,0:43:39,0,-400,-518.45
6430006,211,0:43:41,982,550
6430006,212,0:43:42,2
6430006,210,0:43:42,1042,477
6430006,211,0:43:43,1053,493
6430006,213,0:43:43,0,c_bestFriend_M_a_G7a1N,true
6430006,205,0:43:43,0,c_bestFriend_M_a_G7a1N,false,false
6430006,210,0:43:49,874,507
6430006,211,0:43:50,849,478
6430006,213,0:43:50,0,c_teacherEng_G7a1N,true
6430006,205,0:43:50,0,c_teacherEng_G7a1N,false,false
6430006,210,0:43:54,688,481
6430006,211,0:43:54,515,401
6430006,207,0:43:54,0,-518.45,-488.45
6430006,207,0:43:55,0,-488.45,-458.45
6430006,210,0:43:55,541,461
6430006,207,0:43:56,0,-458.45,0
6430006,211,0:43:57,246,142
6430006,213,0:43:57,0,s_flag_gen,true
6430006,212,0:44:1,1
6430006,210,0:44:2,256,196
6430006,207,0:44:8,0,0,-225
6430006,211,0:44:8,1290,392
6430006,207,0:44:8,0,-225,-285
6430006,207,0:44:9,0,-285,-315
6430006,210,0:44:10,1394,462
6430006,207,0:44:10,0,-315,-518.45
6430006,211,0:44:12,1387,574
6430006,212,0:44:13,0
6430006,210,0:44:14,1444,525
6430006,207,0:44:19,0,-518.45,-173.45
6430006,207,0:44:20,0,-173.45,0
6430006,211,0:44:21,2,457
6430006,210,0:44:22,83,594
6430006,211,0:44:22,2,615
6430006,210,0:44:23,29,604
6430006,211,0:44:24,256,679
6430006,210,0:44:27,508,253
6430006,211,0:44:33,1278,171
6430006,207,0:44:33,0,0,-270
6430006,210,0:44:33,1367,196
6430006,207,0:44:34,0,-270,-465
6430006,211,0:44:34,1516,214
6430006,207,0:44:34,0,-465,-510
6430006,207,0:44:35,0,-510,-518.45
6430006,210,0:44:35,1462,360
6430006,211,0:44:43,778,506
6430006,212,0:44:44,1
6430006,210,0:44:44,942,222
6430006,211,0:44:45,888,249
6430006,212,0:44:48,2
6430006,212,0:44:48,1
6430006,210,0:44:53,1078,185
6430006,211,0:44:54,982,385
6430006,210,0:44:55,1102,301
6430006,211,0:45:10,510,574
6430006,207,0:45:10,0,-518.45,-488.45
6430006,210,0:45:11,454,567
6430006,207,0:45:12,0,-488.45,0
6430006,211,0:45:15,790,600
6430006,210,0:45:17,668,518
6430006,211,0:45:21,447,184
6430006,213,0:45:21,0,s_posterPlagiarism_gen,true
6430006,210,0:45:24,698,334
6430006,211,0:45:25,794,319
6430006,213,0:45:25,0,s_paperPlayers_G7a1N,true
6430006,205,0:45:25,0,s_paperPlayers_G7a1N,false,false
6430006,221,0:45:45,0
6430006,220,0:45:49,0
6430006,219,0:45:49,0
6430006,216,0:45:50,Stack_G7a1P
6430006,217,0:46:1,Stack_G7a1P,7.7,0.00
6430006,218,0:46:7,0
6430006,221,0:46:10,0
6430006,300,0:46:13
6430006,220,0:46:13,0
6430006,210,0:46:23,701,450
6430006,211,0:46:24,723,452
6430006,213,0:46:24,0,c_teacherEng_G7a1P,true
6430006,205,0:46:24,0,c_teacherEng_G7a1P,false,false
6430006,210,0:46:32,1000,518
6430006,211,0:46:36,452,443
6430006,207,0:46:36,0,-400,-370
6430006,212,0:46:37,2
6430006,210,0:46:37,965,573
6430006,211,0:46:41,663,362
6430006,213,0:46:41,0,s_paperPlayers_G7a1P,true
6430006,212,0:46:45,0
6430006,210,0:46:46,697,487
6430006,211,0:46:49,977,446
6430006,213,0:46:49,0,c_bestFriend_M_a_G7a1P,true
6430006,1003,0:46:54,0
6430006,1004,0:46:56,0
6430006,400,0:46:59,0,[]
6430006,401,0:47:24,0,[StatementsData_logId:0]
6430006,403,0:47:28,0,[StatementsData_logId:0,true]
6430006,405,0:47:29,0,[StatementsData_logId:0]
6430006,406,0:47:30,0,[StatementsData_logId:0,2]
6430006,407,0:47:30,0,[StatementsData_logId:0,FactCardData_id:3]
6430006,407,0:47:30,0,[StatementsData_logId:0,FactCardData_id:4]
6430006,407,0:47:30,0,[StatementsData_logId:0,FactCardData_id:0]
6430006,407,0:47:30,0,[StatementsData_logId:0,FactCardData_id:5]
6430006,407,0:47:30,0,[StatementsData_logId:0,FactCardData_id:7]
6430006,407,0:47:30,0,[StatementsData_logId:0,FactCardData_id:6]
6430006,407,0:47:43,0,[StatementsData_logId:0,FactCardData_id:6]
6430006,407,0:47:43,0,[StatementsData_logId:0,FactCardData_id:6]
6430006,408,0:47:53,0,[StatementsData_logId:0,FactCardData_id:6,true]
6430006,409,0:47:53,0,[StatementsData_logId:0]
6430006,410,0:47:56,0,[StatementsData_logId:0,2]
6430006,412,0:48:1,0,[StatementsData_logId:0]
6430006,413,0:48:6,0,[StatementsData_logId:0,DuelResponsesData_logId:0]
6430006,414,0:48:9,0,[StatementsData_logId:0,DuelResponsesData_logId:0]
6430006,415,0:48:10,0,[StatementsData_logId:0,DuelResponsesData_logId:0,DuelResponsesData_witty_player_response]
6430006,416,0:48:11,0,[StatementsData_logId:0,DuelResponsesData_logId:0]
6430006,417,0:48:17,0,[StatementsData_logId:0,DuelResponsesData_logId:0]
6430006,413,0:48:22,0,[StatementsData_logId:0,DuelResponsesData_logId:1]
6430006,414,0:48:23,0,[StatementsData_logId:0,DuelResponsesData_logId:1]
6430006,415,0:48:39,0,[StatementsData_logId:0,DuelResponsesData_logId:1,DuelResponsesData_witty_player_response]
6430006,416,0:48:41,0,[StatementsData_logId:0,DuelResponsesData_logId:1]
6430006,417,0:48:45,0,[StatementsData_logId:0,DuelResponsesData_logId:1]
6430006,413,0:48:48,0,[StatementsData_logId:0,DuelResponsesData_logId:2]
6430006,414,0:48:49,0,[StatementsData_logId:0,DuelResponsesData_logId:2]
6430006,415,0:49:8,0,[StatementsData_logId:0,DuelResponsesData_logId:2,DuelResponsesData_witty_player_response]
6430006,416,0:49:8,0,[StatementsData_logId:0,DuelResponsesData_logId:2]
6430006,417,0:49:12,0,[StatementsData_logId:0,DuelResponsesData_logId:2]
6430006,418,0:49:12,0,[StatementsData_logId:0,true]
6430006,419,0:49:13,0,[StatementsData_logId:0,4]
6430006,411,0:49:18,0,[StatementsData_logId:0]
6430006,401,0:49:21,0,[StatementsData_logId:1]
6430006,402,0:49:29,0,[StatementsData_logId:1,true]
6430006,405,0:49:30,0,[StatementsData_logId:1]
6430006,406,0:49:35,0,[StatementsData_logId:1,2]
6430006,411,0:49:37,0,[StatementsData_logId:1]
6430006,401,0:49:46,0,[StatementsData_logId:2]
6430006,403,0:49:54,0,[StatementsData_logId:2,false]
6430006,405,0:49:55,0,[StatementsData_logId:2]
6430006,406,0:49:55,0,[StatementsData_logId:2,-2]
6430006,411,0:49:57,0,[StatementsData_logId:2]
6430006,401,0:49:58,0,[StatementsData_logId:3]
6430006,404,0:50:18,0,[StatementsData_logId:3,false]
6430006,405,0:50:19,0,[StatementsData_logId:3]
6430006,406,0:50:30,0,[StatementsData_logId:3,-2]
6430006,411,0:50:32,0,[StatementsData_logId:3]
6430006,401,0:50:32,0,[StatementsData_logId:4]
6430006,402,0:50:37,0,[StatementsData_logId:4,true]
6430006,405,0:50:38,0,[StatementsData_logId:4]
6430006,406,0:50:40,0,[StatementsData_logId:4,2]
6430006,411,0:50:43,0,[StatementsData_logId:4]
6430006,401,0:50:52,0,[StatementsData_logId:5]
6430006,402,0:51:9,0,[StatementsData_logId:5,false]
6430006,405,0:51:10,0,[StatementsData_logId:5]
6430006,406,0:51:11,0,[StatementsData_logId:5,-2]
6430006,411,0:51:13,0,[StatementsData_logId:5]
6430006,420,0:51:13,0,[38]
6430006,1005,0:51:13,0,[0,0,1]
6430006,1001,0:51:17,0,[]
6430006,1003,0:51:17,0
6430006,1004,0:51:18,0
6430006,1002,0:51:24,0
6430006,1003,0:51:24,0
6430006,1004,0:51:26,0
6430006,400,0:51:40,0,[]
6430006,401,0:51:43,0,[StatementsData_logId:0]
6430006,403,0:51:44,0,[StatementsData_logId:0,true]
6430006,405,0:51:46,0,[StatementsData_logId:0]
6430006,406,0:51:48,0,[StatementsData_logId:0,2]
6430006,407,0:51:48,0,[StatementsData_logId:0,FactCardData_id:7]
6430006,407,0:51:48,0,[StatementsData_logId:0,FactCardData_id:4]
6430006,407,0:51:48,0,[StatementsData_logId:0,FactCardData_id:3]
6430006,407,0:51:48,0,[StatementsData_logId:0,FactCardData_id:0]
6430006,407,0:51:48,0,[StatementsData_logId:0,FactCardData_id:6]
6430006,407,0:51:48,0,[StatementsData_logId:0,FactCardData_id:5]
6430006,407,0:52:0,0,[StatementsData_logId:0,FactCardData_id:7]
6430006,407,0:52:0,0,[StatementsData_logId:0,FactCardData_id:7]
6430006,407,0:52:2,0,[StatementsData_logId:0,FactCardData_id:3]
6430006,407,0:52:2,0,[StatementsData_logId:0,FactCardData_id:7]
6430006,407,0:52:2,0,[StatementsData_logId:0,FactCardData_id:3]
6430006,407,0:52:4,0,[StatementsData_logId:0,FactCardData_id:4]
6430006,407,0:52:4,0,[StatementsData_logId:0,FactCardData_id:3]
6430006,407,0:52:4,0,[StatementsData_logId:0,FactCardData_id:4]
6430006,407,0:52:4,0,[StatementsData_logId:0,FactCardData_id:0]
6430006,407,0:52:4,0,[StatementsData_logId:0,FactCardData_id:4]
6430006,407,0:52:4,0,[StatementsData_logId:0,FactCardData_id:0]
6430006,407,0:52:6,0,[StatementsData_logId:0,FactCardData_id:4]
6430006,407,0:52:6,0,[StatementsData_logId:0,FactCardData_id:0]
6430006,407,0:52:6,0,[StatementsData_logId:0,FactCardData_id:4]
6430006,407,0:52:9,0,[StatementsData_logId:0,FactCardData_id:6]
6430006,407,0:52:9,0,[StatementsData_logId:0,FactCardData_id:4]
6430006,407,0:52:9,0,[StatementsData_logId:0,FactCardData_id:6]
6430006,408,0:52:15,0,[StatementsData_logId:0,FactCardData_id:6,true]
6430006,409,0:52:15,0,[StatementsData_logId:0]
6430006,410,0:52:17,0,[StatementsData_logId:0,2]
6430006,412,0:52:17,0,[StatementsData_logId:0]
6430006,413,0:52:20,0,[StatementsData_logId:0,DuelResponsesData_logId:0]
6430006,414,0:52:21,0,[StatementsData_logId:0,DuelResponsesData_logId:0]
6430006,415,0:52:23,0,[StatementsData_logId:0,DuelResponsesData_logId:0,DuelResponsesData_lame_player_response]
6430006,416,0:52:34,0,[StatementsData_logId:0,DuelResponsesData_logId:0]
6430006,417,0:52:39,0,[StatementsData_logId:0,DuelResponsesData_logId:0]
6430006,413,0:52:42,0,[StatementsData_logId:0,DuelResponsesData_logId:1]
6430006,414,0:52:43,0,[StatementsData_logId:0,DuelResponsesData_logId:1]
6430006,415,0:52:46,0,[StatementsData_logId:0,DuelResponsesData_logId:1,DuelResponsesData_witty_player_response]
6430006,416,0:52:47,0,[StatementsData_logId:0,DuelResponsesData_logId:1]
6430006,417,0:52:51,0,[StatementsData_logId:0,DuelResponsesData_logId:1]
6430006,413,0:53:2,0,[StatementsData_logId:0,DuelResponsesData_logId:2]
6430006,414,0:53:5,0,[StatementsData_logId:0,DuelResponsesData_logId:2]
6430006,415,0:53:15,0,[StatementsData_logId:0,DuelResponsesData_logId:2,DuelResponsesData_witty_player_response]
6430006,416,0:53:16,0,[StatementsData_logId:0,DuelResponsesData_logId:2]
6430006,417,0:53:18,0,[StatementsData_logId:0,DuelResponsesData_logId:2]
6430006,418,0:53:18,0,[StatementsData_logId:0,true]
6430006,419,0:53:19,0,[StatementsData_logId:0,4]
6430006,411,0:53:23,0,[StatementsData_logId:0]
6430006,401,0:53:31,0,[StatementsData_logId:1]
6430006,402,0:53:33,0,[StatementsData_logId:1,true]
6430006,405,0:53:34,0,[StatementsData_logId:1]
6430006,406,0:53:34,0,[StatementsData_logId:1,2]
6430006,411,0:53:36,0,[StatementsData_logId:1]
6430006,401,0:53:39,0,[StatementsData_logId:2]
6430006,404,0:53:40,0,[StatementsData_logId:2,true]
6430006,406,0:53:41,0,[StatementsData_logId:2,2]
6430006,412,0:53:47,0,[StatementsData_logId:2]
6430006,413,0:53:50,0,[StatementsData_logId:2,DuelResponsesData_logId:3]
6430006,414,0:53:52,0,[StatementsData_logId:2,DuelResponsesData_logId:3]
6430006,415,0:54:10,0,[StatementsData_logId:2,DuelResponsesData_logId:3,DuelResponsesData_witty_player_response]
6430006,416,0:54:11,0,[StatementsData_logId:2,DuelResponsesData_logId:3]
6430006,417,0:54:17,0,[StatementsData_logId:2,DuelResponsesData_logId:3]
6430006,413,0:54:17,0,[StatementsData_logId:2,DuelResponsesData_logId:4]
6430006,414,0:54:26,0,[StatementsData_logId:2,DuelResponsesData_logId:4]
6430006,415,0:54:49,0,[StatementsData_logId:2,DuelResponsesData_logId:4,DuelResponsesData_witty_player_response]
6430006,416,0:54:50,0,[StatementsData_logId:2,DuelResponsesData_logId:4]
6430006,417,0:54:53,0,[StatementsData_logId:2,DuelResponsesData_logId:4]
6430006,413,0:54:54,0,[StatementsData_logId:2,DuelResponsesData_logId:5]
6430006,414,0:54:56,0,[StatementsData_logId:2,DuelResponsesData_logId:5]
6430006,415,0:55:30,0,[StatementsData_logId:2,DuelResponsesData_logId:5,DuelResponsesData_witty_player_response]
6430006,416,0:55:32,0,[StatementsData_logId:2,DuelResponsesData_logId:5]
6430006,417,0:55:34,0,[StatementsData_logId:2,DuelResponsesData_logId:5]
6430006,418,0:55:34,0,[StatementsData_logId:2,true]
6430006,419,0:56:2,0,[StatementsData_logId:2,4]
6430006,411,0:56:4,0,[StatementsData_logId:2]
6430006,401,0:56:7,0,[StatementsData_logId:3]
6430006,404,0:56:7,0,[StatementsData_logId:3,false]
6430006,405,0:56:8,0,[StatementsData_logId:3]
6430006,406,0:56:9,0,[StatementsData_logId:3,-2]
6430006,411,0:56:10,0,[StatementsData_logId:3]
6430006,401,0:56:10,0,[StatementsData_logId:4]
6430006,404,0:56:34,0,[StatementsData_logId:4,false]
6430006,405,0:56:36,0,[StatementsData_logId:4]
6430006,406,0:56:53,0,[StatementsData_logId:4,-2]
6430006,411,0:57:5,0,[StatementsData_logId:4]
6430006,401,0:57:7,0,[StatementsData_logId:5]
6430006,404,0:57:8,0,[StatementsData_logId:5,true]
6430006,406,0:57:11,0,[StatementsData_logId:5,2]
6430006,412,0:57:15,0,[StatementsData_logId:5]
6430006,413,0:57:22,0,[StatementsData_logId:5,DuelResponsesData_logId:9]
6430006,414,0:57:23,0,[StatementsData_logId:5,DuelResponsesData_logId:9]
6430006,415,0:57:27,0,[StatementsData_logId:5,DuelResponsesData_logId:9,DuelResponsesData_witty_player_response]
6430006,416,0:57:28,0,[StatementsData_logId:5,DuelResponsesData_logId:9]
6430006,417,0:57:30,0,[StatementsData_logId:5,DuelResponsesData_logId:9]
6430006,413,0:57:32,0,[StatementsData_logId:5,DuelResponsesData_logId:10]
6430006,414,0:57:36,0,[StatementsData_logId:5,DuelResponsesData_logId:10]
6430006,415,0:57:45,0,[StatementsData_logId:5,DuelResponsesData_logId:10,DuelResponsesData_lame_player_response]
6430006,416,0:57:46,0,[StatementsData_logId:5,DuelResponsesData_logId:10]
6430006,417,0:57:47,0,[StatementsData_logId:5,DuelResponsesData_logId:10]
6430006,413,0:57:52,0,[StatementsData_logId:5,DuelResponsesData_logId:11]
6430006,414,0:57:53,0,[StatementsData_logId:5,DuelResponsesData_logId:11]
6430006,415,0:58:1,0,[StatementsData_logId:5,DuelResponsesData_logId:11,DuelResponsesData_witty_player_response]
6430006,416,0:58:2,0,[StatementsData_logId:5,DuelResponsesData_logId:11]
6430006,417,0:58:5,0,[StatementsData_logId:5,DuelResponsesData_logId:11]
6430006,418,0:58:5,0,[StatementsData_logId:5,true]
6430006,419,0:58:6,0,[StatementsData_logId:5,4]
6430006,411,0:58:8,0,[StatementsData_logId:5]
6430006,420,0:58:8,0,[50]
6430006,1005,0:58:8,0,[0,1,2]
6430006,1000,0:58:11,0,[]
6430006,400,0:58:12,0,[]
6430006,1002,0:58:14,0
6430006,1003,0:58:14,0
6430006,1004,0:58:15,0
6430006,1002,0:58:22,0
6430006,1003,0:58:22,0
6430006,207,0:58:44,0,-400,-355
6430006,210,0:58:44,471,249
6430006,211,0:58:44,471,249
6430006,210,0:58:45,628,308
6430006,207,0:58:49,0,-355,-220
6430006,211,0:58:51,661,369
6430006,213,0:58:51,0,s_paperPlayers_G7a1P,true
6430006,210,0:58:55,868,368
6430006,211,0:58:56,967,438
6430006,213,0:58:56,0,c_bestFriend_M_a_G7a1P,true
6430006,210,0:59:19,956,501
6430006,211,0:59:20,961,491
6430006,213,0:59:20,0,c_bestFriend_M_a_G7a1P,true
6430006,213,0:59:30,0,c_bestFriend_M_a_G7a1P,true
6430006,1003,0:59:33,0
6430006,1004,0:59:35,0
6430006,400,0:59:38,0,[]
6430006,401,0:59:40,0,[StatementsData_logId:0]
6430006,402,0:59:42,0,[StatementsData_logId:0,false]
6430006,405,0:59:43,0,[StatementsData_logId:0]
6430006,406,0:59:43,0,[StatementsData_logId:0,-2]
6430006,1002,1:0:25,0
6430006,1003,1:0:25,0
6430006,204,1:0:33,0
6430006,103,1:0:36
6430006,105,1:0:37
6430006,703,1:0:40,[|| EpilogueItem ID: 0 unlocked: false ||,|| EpilogueItem ID: 1 unlocked: false ||,|| EpilogueItem ID: 2 unlocked: false ||,|| EpilogueItem ID: 3 unlocked: false ||,|| EpilogueItem ID: 4 unlocked: false ||,|| EpilogueItem ID: 5 unlocked: false ||,|| EpilogueItem ID: 6 unlocked: false ||,|| EpilogueItem ID: 7 unlocked: false ||,|| EpilogueItem ID: 8 unlocked: false ||,|| EpilogueItem ID: 9 unlocked: false ||,|| EpilogueItem ID: 10 unlocked: false ||,|| EpilogueItem ID: 11 unlocked: false ||,|| EpilogueItem ID: 12 unlocked: false ||,|| EpilogueItem ID: 13 unlocked: false ||,|| EpilogueItem ID: 14 unlocked: false ||,|| EpilogueItem ID: 15 unlocked: false ||,|| EpilogueItem ID: 16 unlocked: false ||,|| EpilogueItem ID: 17 unlocked: false ||,|| EpilogueItem ID: 18 unlocked: false ||,|| EpilogueItem ID: 19 unlocked: false ||,|| EpilogueItem ID: 20 unlocked: false ||,|| EpilogueItem ID: 21 unlocked: false ||,|| EpilogueItem ID: 22 unlocked: false ||,|| EpilogueItem ID: 23 unlocked: false ||,|| EpilogueItem ID: 24 unlocked: false ||],0
6430006,706,1:0:41,(x=0, y=-100, w=1024, h=768),(x=0, y=-100, w=1024, h=768)
6430006,706,1:0:42,(x=4, y=-100, w=1024, h=768),(x=4, y=-100, w=1024, h=768)
6430006,706,1:0:43,(x=60, y=-100, w=1024, h=768),(x=91, y=-100, w=1024, h=768)
6430006,706,1:0:46,(x=595, y=-100, w=1024, h=768),(x=2531, y=-100, w=1024, h=768)
6430006,708,1:0:46
6430006,1,1:0:46,7/10/2013 12:06:18pm,{"gameTime":3646254,"challengeStacks":[{"challengeScenes":[{"miniGameCards":[],"viewedAnimatic":true,"keyPoints":["c_teacherEng_G7a0","c_bestFriend_M_a_G7a0","s_flag_gen"],"unlocked":true,"touchableObjects":["s_otherStudent1_G7a0","c_teacherEng_G7a0","c_bestFriend_M_a_G7a0","c_crewKid1_M_G7a0","s_doorClassroom_G7a0","s_flag_gen"]},{"miniGameCards":[],"viewedAnimatic":true,"keyPoints":["c_bestFriend_M_a_G7a1N","c_teacherEng_G7a1N","s_paperPlayers_G7a1N"],"unlocked":true,"touchableObjects":["c_bestFriend_M_a_G7a1N","c_teacherEng_G7a1N","s_flag_gen","s_posterPlagiarism_gen","s_paperPlayers_G7a1N"]},{"miniGameCards":[],"viewedAnimatic":true,"keyPoints":["c_teacherEng_G7a1P"],"unlocked":true,"touchableObjects":["c_teacherEng_G7a1P","s_paperPlayers_G7a1P"]}],"stackSize":3,"resolved":false},{"challengeScenes":[{"miniGameCards":[],"viewedAnimatic":false,"keyPoints":[],"unlocked":false,"touchableObjects":[]},{"miniGameCards":[],"viewedAnimatic":false,"keyPoints":[],"unlocked":false,"touchableObjects":[]},{"miniGameCards":[],"viewedAnimatic":false,"keyPoints":[],"unlocked":false,"touchableObjects":[]},{"miniGameCards":[],"viewedAnimatic":false,"keyPoints":[],"unlocked":false,"touchableObjects":[]},{"miniGameCards":[],"viewedAnimatic":false,"keyPoints":[],"unlocked":false,"touchableObjects":[]}],"stackSize":5,"resolved":false},{"challengeScenes":[{"miniGameCards":[],"viewedAnimatic":false,"keyPoints":[],"unlocked":false,"touchableObjects":[]},{"miniGameCards":[],"viewedAnimatic":false,"keyPoints":[],"unlocked":false,"touchableObjects":[]},{"miniGameCards":[],"viewedAnimatic":false,"keyPoints":[],"unlocked":false,"touchableObjects":[]},{"miniGameCards":[],"viewedAnimatic":false,"keyPoints":[],"unlocked":false,"touchableObjects":[]},{"miniGameCards":[],"viewedAnimatic":false,"keyPoints":[],"unlocked":false,"touchableObjects":[]},{"miniGameCards":[],"viewedAnimatic":false,"keyPoints":[],"unlocked":false,"touchableObjects":[]},{"miniGameCards":[],"viewedAnimatic":false,"keyPoints":[],"unlocked":false,"touchableObjects":[]}],"stackSize":7,"resolved":false},{"challengeScenes":[{"miniGameCards":[],"viewedAnimatic":false,"keyPoints":[],"unlocked":false,"touchableObjects":[]},{"miniGameCards":[],"viewedAnimatic":false,"keyPoints":[],"unlocked":false,"touchableObjects":[]},{"miniGameCards":[],"viewedAnimatic":false,"keyPoints":[],"unlocked":false,"touchableObjects":[]},{"miniGameCards":[],"viewedAnimatic":false,"keyPoints":[],"unlocked":false,"touchableObjects":[]},{"miniGameCards":[],"viewedAnimatic":false,"keyPoints":[],"unlocked":false,"touchableObjects":[]}],"stackSize":5,"resolved":false},{"challengeScenes":[{"miniGameCards":[],"viewedAnimatic":false,"keyPoints":[],"unlocked":false,"touchableObjects":[]},{"miniGameCards":[],"viewedAnimatic":false,"keyPoints":[],"unlocked":false,"touchableObjects":[]},{"miniGameCards":[],"viewedAnimatic":false,"keyPoints":[],"unlocked":false,"touchableObjects":[]},{"miniGameCards":[],"viewedAnimatic":false,"keyPoints":[],"unlocked":false,"touchableObjects":[]},{"miniGameCards":[],"viewedAnimatic":false,"keyPoints":[],"unlocked":false,"touchableObjects":[]}],"stackSize":5,"resolved":false},{"challengeScenes":[{"miniGameCards":[],"viewedAnimatic":false,"keyPoints":[],"unlocked":false,"touchableObjects":[]},{"miniGameCards":[],"viewedAnimatic":false,"keyPoints":[],"unlocked":false,"touchableObjects":[]},{"miniGameCards":[],"viewedAnimatic":false,"keyPoints":[],"unlocked":false,"touchableObjects":[]},{"miniGameCards":[],"viewedAnimatic":false,"keyPoints":[],"unlocked":false,"touchableObjects":[]},{"miniGameCards":[],"viewedAnimatic":false,"keyPoints":[],"unlocked":false,"touchableObjects":[]}],"stackSize":5,"resolved":false},{"challengeScenes":[{"miniGameCards":[],"viewedAnimatic":false,"keyPoints":[],"unlocked":false,"touchableObjects":[]},{"miniGameCards":[],"viewedAnimatic":false,"keyPoints":[],"unlocked":false,"touchableObjects":[]},{"miniGameCards":[],"viewedAnimatic":false,"keyPoints":[],"unlocked":false,"touchableObjects":[]},{"miniGameCards":[],"viewedAnimatic":false,"keyPoints":[],"unlocked":false,"touchableObjects":[]},{"miniGameCards":[],"viewedAnimatic":false,"keyPoints":[],"unlocked":false,"touchableObjects":[]}],"stackSize":5,"resolved":false},{"challengeScenes":[{"miniGameCards":[],"viewedAnimatic":false,"keyPoints":[],"unlocked":false,"touchableObjects":[]},{"miniGameCards":[],"viewedAnimatic":false,"keyPoints":[],"unlocked":false,"touchableObjects":[]},{"miniGameCards":[],"viewedAnimatic":false,"keyPoints":[],"unlocked":false,"touchableObjects":[]},{"miniGameCards":[],"viewedAnimatic":false,"keyPoints":[],"unlocked":false,"touchableObjects":[]},{"miniGameCards":[],"viewedAnimatic":false,"keyPoints":[],"unlocked":false,"touchableObjects":[]}],"stackSize":5,"resolved":false},{"challengeScenes":[{"miniGameCards":[],"viewedAnimatic":false,"keyPoints":[],"unlocked":false,"touchableObjects":[]},{"miniGameCards":[],"viewedAnimatic":false,"keyPoints":[],"unlocked":false,"touchableObjects":[]},{"miniGameCards":[],"viewedAnimatic":false,"keyPoints":[],"unlocked":false,"touchableObjects":[]},{"miniGameCards":[],"viewedAnimatic":false,"keyPoints":[],"unlocked":false,"touchableObjects":[]},{"miniGameCards":[],"viewedAnimatic":false,"keyPoints":[],"unlocked":false,"touchableObjects":[]}],"stackSize":5,"resolved":false},{"challengeScenes":[{"miniGameCards":[],"viewedAnimatic":false,"keyPoints":[],"unlocked":false,"touchableObjects":[]},{"miniGameCards":[],"viewedAnimatic":false,"keyPoints":[],"unlocked":false,"touchableObjects":[]},{"miniGameCards":[],"viewedAnimatic":false,"keyPoints":[],"unlocked":false,"touchableObjects":[]},{"miniGameCards":[],"viewedAnimatic":false,"keyPoints":[],"unlocked":false,"touchableObjects":[]},{"miniGameCards":[],"viewedAnimatic":false,"keyPoints":[],"unlocked":false,"touchableObjects":[]}],"stackSize":5,"resolved":false},{"challengeScenes":[{"miniGameCards":[],"viewedAnimatic":false,"keyPoints":[],"unlocked":false,"touchableObjects":[]},{"miniGameCards":[],"viewedAnimatic":false,"keyPoints":[],"unlocked":false,"touchableObjects":[]},{"miniGameCards":[],"viewedAnimatic":false,"keyPoints":[],"unlocked":false,"touchableObjects":[]},{"miniGameCards":[],"viewedAnimatic":false,"keyPoints":[],"unlocked":false,"touchableObjects":[]},{"miniGameCards":[],"viewedAnimatic":false,"keyPoints":[],"unlocked":false,"touchableObjects":[]}],"stackSize":5,"resolved":false},{"challengeScenes":[{"miniGameCards":[],"viewedAnimatic":false,"keyPoints":[],"unlocked":false,"touchableObjects":[]},{"miniGameCards":[],"viewedAnimatic":false,"keyPoints":[],"unlocked":false,"touchableObjects":[]},{"miniGameCards":[],"viewedAnimatic":false,"keyPoints":[],"unlocked":false,"touchableObjects":[]},{"miniGameCards":[],"viewedAnimatic":false,"keyPoints":[],"unlocked":false,"touchableObjects":[]},{"miniGameCards":[],"viewedAnimatic":false,"keyPoints":[],"unlocked":false,"touchableObjects":[]}],"stackSize":5,"resolved":false},{"challengeScenes":[{"miniGameCards":[],"viewedAnimatic":false,"keyPoints":[],"unlocked":true,"touchableObjects":["c_player_afri_M_a_G0a0"]},{"miniGameCards":[],"viewedAnimatic":false,"keyPoints":["c_job_G0a1N","c_home_G0a1N","c_family_afri_a_G0a1N"],"unlocked":true,"touchableObjects":["c_player_afri_M_a_G0a1N","c_job_G0a1N","c_home_G0a1N","c_family_afri_a_G0a1N"]},{"miniGameCards":[],"viewedAnimatic":false,"keyPoints":["c_grandma_afri_a_G0a1P","c_kidsister_afri_a_G0a1P","c_Teacher_G0a1P","c_dad_afri_a_G0a1P","c_mom_afri_a_G0a1P","c_Nurse_G0a1P"],"unlocked":true,"touchableObjects":["c_friends_G0a1P","c_cousins_M_a_G0a1P","c_grandma_afri_a_G0a1P","c_kidsister_afri_a_G0a1P","c_Teacher_G0a1P","c_dad_afri_a_G0a1P","c_mom_afri_a_G0a1P","c_Nurse_G0a1P"]}],"stackSize":3,"resolved":true}],"sessionId":1,"epilogue":{"rating":0},"playerId":6430006,"session":[{"sceneId":"1P","stackId":12},{"sceneId":"1P","stackId":0}],"minigames":[{"levelSaveData":[{"starRating":2,"unlocked":true},{"starRating":0,"unlocked":false},{"starRating":0,"unlocked":false},{"starRating":0,"unlocked":false},{"starRating":0,"unlocked":false},{"starRating":0,"unlocked":false},{"starRating":0,"unlocked":false},{"starRating":0,"unlocked":false},{"starRating":0,"unlocked":false},{"starRating":0,"unlocked":false}],"skillPoints":2},{"levelSaveData":[{"starRating":3,"unlocked":true},{"starRating":0,"unlocked":false},{"starRating":0,"unlocked":false},{"starRating":0,"unlocked":false},{"starRating":0,"unlocked":false},{"starRating":0,"unlocked":false},{"starRating":0,"unlocked":false},{"starRating":0,"unlocked":false},{"starRating":0,"unlocked":false},{"starRating":0,"unlocked":false}],"skillPoints":3},{"levelSaveData":[{"starRating":2,"unlocked":true},{"starRating":0,"unlocked":false},{"starRating":0,"unlocked":false},{"starRating":0,"unlocked":false},{"starRating":0,"unlocked":false},{"starRating":0,"unlocked":false},{"starRating":0,"unlocked":false},{"starRating":0,"unlocked":false},{"starRating":0,"unlocked":false},{"starRating":0,"unlocked":false}],"skillPoints":2},{"levelSaveData":[{"starRating":0,"unlocked":false},{"starRating":0,"unlocked":false},{"starRating":0,"unlocked":false},{"starRating":0,"unlocked":false},{"starRating":0,"unlocked":false},{"starRating":0,"unlocked":false},{"starRating":0,"unlocked":false},{"starRating":0,"unlocked":false},{"starRating":0,"unlocked":false},{"starRating":0,"unlocked":false}],"skillPoints":0},{"age":12,"name":"bryant","gender":0,"levelSaveData":[{"starRating":3,"unlocked":true},{"starRating":3,"chunks":[["0"],["15","10"],["6","10","8"],["0"]],"unlocked":true},{"starRating":0,"chunks":[[null],[null,null],[null,null]],"unlocked":false},{"starRating":0,"chunks":[[null],[null],[null],[null],[null,null],[null]],"unlocked":false},{"starRating":0,"chunks":[[null],[null],[null,null],[null],[null],[null]],"unlocked":false},{"starRating":0,"chunks":[[null],[null,null,null,null],[null],[null]],"unlocked":false},{"starRating":0,"chunks":[[null],[null],[null,null],[null,null],[null]],"unlocked":false},{"starRating":0,"chunks":[[null,null,null],[null,null,null],[null],[null],[null]],"unlocked":false},{"starRating":0,"chunks":[[null,null,null],[null,null,null],[null,null]],"unlocked":false},{"starRating":0,"chunks":[[null],[null],[null],[null],[null],[null]],"unlocked":false}],"visualAvatar":0,"id":0,"skillPoints":6}],"avatar":{"age":12,"name":"bryant","gender":0,"levelSaveData":[{"starRating":3,"unlocked":true},{"starRating":3,"chunks":[["0"],["15","10"],["6","10","8"],["0"]],"unlocked":true},{"starRating":0,"chunks":[[null],[null,null],[null,null]],"unlocked":false},{"starRating":0,"chunks":[[null],[null],[null],[null],[null,null],[null]],"unlocked":false},{"starRating":0,"chunks":[[null],[null],[null,null],[null],[null],[null]],"unlocked":false},{"starRating":0,"chunks":[[null],[null,null,null,null],[null],[null]],"unlocked":false},{"starRating":0,"chunks":[[null],[null],[null,null],[null,null],[null]],"unlocked":false},{"starRating":0,"chunks":[[null,null,null],[null,null,null],[null],[null],[null]],"unlocked":false},{"starRating":0,"chunks":[[null,null,null],[null,null,null],[null,null]],"unlocked":false},{"starRating":0,"chunks":[[null],[null],[null],[null],[null],[null]],"unlocked":false}],"visualAvatar":0,"id":0,"skillPoints":6}}
