6430006,0,4:42:20,7/23/2013 11:04:16am
6430006,1003,4:42:22,2
6430006,100,4:42:25,1
6430006,101,4:42:29,1
6430006,300,4:42:29
6430006,100,4:42:42,1
6430006,101,4:42:44,1
6430006,100,4:42:57,6
6430006,102,4:42:59,6
6430006,200,4:42:59,6,8,9,11,11,15
6430006,219,4:42:59,6
6430006,216,4:43:1,Stack_G10a0
6430006,217,4:43:19,Stack_G10a0,13,0.00
6430006,218,4:43:21,6
6430006,210,4:43:22,846,469
6430006,211,4:43:26,682,593
6430006,210,4:43:26,860,559
6430006,211,4:43:26,859,559
6430006,213,4:43:26,6,c_crush1_M_b_G10a0,false
6430006,1003,4:43:31,2
6430006,210,4:43:36,814,506
6430006,211,4:43:36,804,501
6430006,213,4:43:36,6,c_crush1_M_b_G10a0,false
6430006,1003,4:43:39,2
6430006,1004,4:43:41,3
6430006,900,4:43:43,3,[]
6430006,901,4:43:46,3,[PeopleData_id:2]
6430006,902,4:43:47,3,[PeopleData_id:2,PeopleData_data1Type]
6430006,903,4:43:49,3,[PeopleData_id2,PeopleData_data1Type]
6430006,902,4:43:50,3,[PeopleData_id:2,PeopleData_data0Type]
6430006,903,4:44:1,3,[PeopleData_id2,PeopleData_data0Type]
6430006,901,4:44:2,3,[PeopleData_id:2]
6430006,904,4:44:2,3,[PeopleData_id:2]
6430006,905,4:44:3,3,[PeopleData_id:2,RankTypes_id:-1,RankTypes_id:4]
6430006,901,4:44:4,3,[PeopleData_id:2]
6430006,904,4:44:4,3,[PeopleData_id:2]
6430006,905,4:44:5,3,[PeopleData_id:2,RankTypes_id:4,RankTypes_id:3]
6430006,901,4:44:6,3,[PeopleData_id:5]
6430006,904,4:44:6,3,[PeopleData_id:5]
6430006,902,4:44:9,3,[PeopleData_id:5,PeopleData_data3Type]
6430006,903,4:44:15,3,[PeopleData_id5,PeopleData_data3Type]
6430006,902,4:44:16,3,[PeopleData_id:5,PeopleData_data2Type]
6430006,903,4:44:17,3,[PeopleData_id5,PeopleData_data2Type]
6430006,902,4:44:18,3,[PeopleData_id:5,PeopleData_data2Type]
6430006,902,4:44:20,3,[PeopleData_id:5,PeopleData_data1Type]
6430006,902,4:44:26,3,[PeopleData_id:5,PeopleData_data0Type]
6430006,902,4:44:27,3,[PeopleData_id:5,PeopleData_data1Type]
6430006,902,4:44:28,3,[PeopleData_id:5,PeopleData_data0Type]
6430006,902,4:44:29,3,[PeopleData_id:5,PeopleData_data1Type]
6430006,902,4:44:30,3,[PeopleData_id:5,PeopleData_data1Type]
6430006,902,4:44:30,3,[PeopleData_id:5,PeopleData_data1Type]
6430006,902,4:44:31,3,[PeopleData_id:5,PeopleData_data0Type]
6430006,903,4:44:37,3,[PeopleData_id5,PeopleData_data0Type]
6430006,901,4:44:37,3,[PeopleData_id:5]
6430006,904,4:44:37,3,[PeopleData_id:5]
6430006,905,4:44:38,3,[PeopleData_id:5,RankTypes_id:-1,RankTypes_id:1]
6430006,901,4:44:39,3,[PeopleData_id:5]
6430006,904,4:44:39,3,[PeopleData_id:5]
6430006,905,4:44:39,3,[PeopleData_id:5,RankTypes_id:1,RankTypes_id:0]
6430006,902,4:44:41,3,[PeopleData_id:5,PeopleData_data3Type]
6430006,903,4:44:43,3,[PeopleData_id5,PeopleData_data3Type]
6430006,902,4:44:44,3,[PeopleData_id:5,PeopleData_data1Type]
6430006,903,4:44:46,3,[PeopleData_id5,PeopleData_data1Type]
6430006,901,4:44:46,3,[PeopleData_id:0]
6430006,902,4:44:48,3,[PeopleData_id:0,PeopleData_data3Type]
6430006,903,4:44:59,3,[PeopleData_id0,PeopleData_data3Type]
6430006,902,4:45:0,3,[PeopleData_id:0,PeopleData_data2Type]
6430006,903,4:45:6,3,[PeopleData_id0,PeopleData_data2Type]
6430006,902,4:45:7,3,[PeopleData_id:0,PeopleData_data1Type]
6430006,903,4:45:15,3,[PeopleData_id0,PeopleData_data1Type]
6430006,902,4:45:16,3,[PeopleData_id:0,PeopleData_data0Type]
6430006,903,4:45:21,3,[PeopleData_id0,PeopleData_data0Type]
6430006,901,4:45:22,3,[PeopleData_id:0]
6430006,904,4:45:22,3,[PeopleData_id:0]
6430006,905,4:45:24,3,[PeopleData_id:0,RankTypes_id:-1,RankTypes_id:3]
6430006,901,4:45:25,3,[PeopleData_id:3]
6430006,902,4:45:26,3,[PeopleData_id:3,PeopleData_data3Type]
6430006,903,4:45:30,3,[PeopleData_id3,PeopleData_data3Type]
6430006,902,4:45:30,3,[PeopleData_id:3,PeopleData_data2Type]
6430006,903,4:45:31,3,[PeopleData_id3,PeopleData_data2Type]
6430006,902,4:45:32,3,[PeopleData_id:3,PeopleData_data1Type]
6430006,903,4:45:33,3,[PeopleData_id3,PeopleData_data1Type]
6430006,902,4:45:34,3,[PeopleData_id:3,PeopleData_data0Type]
6430006,903,4:45:35,3,[PeopleData_id3,PeopleData_data0Type]
6430006,901,4:45:35,3,[PeopleData_id:3]
6430006,904,4:45:36,3,[PeopleData_id:3]
6430006,905,4:45:37,3,[PeopleData_id:3,RankTypes_id:-1,RankTypes_id:3]
6430006,901,4:45:38,3,[PeopleData_id:1]
6430006,902,4:45:40,3,[PeopleData_id:1,PeopleData_data2Type]
6430006,903,4:45:42,3,[PeopleData_id1,PeopleData_data2Type]
6430006,902,4:45:43,3,[PeopleData_id:1,PeopleData_data1Type]
6430006,903,4:45:44,3,[PeopleData_id1,PeopleData_data1Type]
6430006,902,4:45:45,3,[PeopleData_id:1,PeopleData_data1Type]
6430006,902,4:45:47,3,[PeopleData_id:1,PeopleData_data0Type]
6430006,902,4:45:48,3,[PeopleData_id:1,PeopleData_data1Type]
6430006,902,4:45:49,3,[PeopleData_id:1,PeopleData_data0Type]
6430006,903,4:45:50,3,[PeopleData_id1,PeopleData_data0Type]
6430006,902,4:45:51,3,[PeopleData_id:1,PeopleData_data0Type]
6430006,903,4:45:52,3,[PeopleData_id1,PeopleData_data0Type]
6430006,901,4:45:53,3,[PeopleData_id:1]
6430006,904,4:45:53,3,[PeopleData_id:1]
6430006,905,4:45:54,3,[PeopleData_id:1,RankTypes_id:-1,RankTypes_id:3]
6430006,901,4:45:56,3,[PeopleData_id:4]
6430006,902,4:45:57,3,[PeopleData_id:4,PeopleData_data2Type]
6430006,902,4:46:3,3,[PeopleData_id:4,PeopleData_data1Type]
6430006,902,4:46:8,3,[PeopleData_id:4,PeopleData_data0Type]
6430006,903,4:46:12,3,[PeopleData_id4,PeopleData_data0Type]
6430006,901,4:46:15,3,[PeopleData_id:4]
6430006,904,4:46:16,3,[PeopleData_id:4]
6430006,905,4:46:17,3,[PeopleData_id:4,RankTypes_id:-1,RankTypes_id:0]
6430006,906,4:46:17,3,[]
6430006,901,4:46:17,3,[PeopleData_id:4]
6430006,904,4:46:18,3,[PeopleData_id:4]
6430006,905,4:46:18,3,[PeopleData_id:4,RankTypes_id:0,RankTypes_id:0]
6430006,901,4:46:19,3,[PeopleData_id:3]
6430006,904,4:46:19,3,[PeopleData_id:3]
6430006,905,4:46:20,3,[PeopleData_id:3,RankTypes_id:3,RankTypes_id:3]
6430006,901,4:46:20,3,[PeopleData_id:0]
6430006,904,4:46:20,3,[PeopleData_id:0]
6430006,901,4:46:20,3,[PeopleData_id:1]
6430006,904,4:46:20,3,[PeopleData_id:1]
6430006,905,4:46:21,3,[PeopleData_id:1,RankTypes_id:3,RankTypes_id:3]
6430006,901,4:46:23,3,[PeopleData_id:0]
6430006,904,4:46:23,3,[PeopleData_id:0]
6430006,905,4:46:23,3,[PeopleData_id:0,RankTypes_id:3,RankTypes_id:3]
6430006,907,4:46:25,3,[]
6430006,908,4:46:25,3,[InvitationData_id:5,PeopleData_id:3,RankTypes_id:3]
6430006,909,4:46:30,3,[InvitationData_id:5,PeopleData_id:3,RankTypes_id:3,1]
6430006,910,4:46:35,3,[InvitationData_id:5,7,false]
6430006,908,4:46:35,3,[InvitationData_id:7,PeopleData_id:2,RankTypes_id:3]
6430006,909,4:46:41,3,[InvitationData_id:7,PeopleData_id:2,RankTypes_id:3,0]
6430006,910,4:46:48,3,[InvitationData_id:7,-7,false]
6430006,908,4:46:48,3,[InvitationData_id:10,PeopleData_id:1,RankTypes_id:3]
6430006,909,4:46:53,3,[InvitationData_id:10,PeopleData_id:1,RankTypes_id:3,1]
6430006,910,4:46:54,3,[InvitationData_id:10,7,false]
6430006,908,4:46:54,3,[InvitationData_id:3,PeopleData_id:0,RankTypes_id:3]
6430006,909,4:47:8,3,[InvitationData_id:3,PeopleData_id:0,RankTypes_id:3,1]
6430006,910,4:47:12,3,[InvitationData_id:3,7,false]
6430006,908,4:47:12,3,[InvitationData_id:0,PeopleData_id:0,RankTypes_id:3]
6430006,909,4:47:16,3,[InvitationData_id:0,PeopleData_id:0,RankTypes_id:3,1]
6430006,910,4:47:18,3,[InvitationData_id:0,7,false]
6430006,908,4:47:18,3,[InvitationData_id:4,PeopleData_id:0,RankTypes_id:3]
6430006,909,4:47:42,3,[InvitationData_id:4,PeopleData_id:0,RankTypes_id:3,0]
6430006,910,4:47:46,3,[InvitationData_id:4,-7,false]
6430006,908,4:47:46,3,[InvitationData_id:12,PeopleData_id:2,RankTypes_id:3]
6430006,909,4:47:58,3,[InvitationData_id:12,PeopleData_id:2,RankTypes_id:3,0]
6430006,910,4:48:1,3,[InvitationData_id:12,-7,false]
6430006,908,4:48:1,3,[InvitationData_id:6,PeopleData_id:0,RankTypes_id:3]
6430006,909,4:48:5,3,[InvitationData_id:6,PeopleData_id:0,RankTypes_id:3,1]
6430006,910,4:48:6,3,[InvitationData_id:6,7,false]
6430006,908,4:48:6,3,[InvitationData_id:2,PeopleData_id:0,RankTypes_id:3]
6430006,909,4:48:10,3,[InvitationData_id:2,PeopleData_id:0,RankTypes_id:3,0]
6430006,910,4:48:12,3,[InvitationData_id:2,-7,false]
6430006,911,4:48:13,3,[7,0,1,0]
6430006,1005,4:48:13,3,[2,0,1]
6430006,1000,4:48:16,3,[]
6430006,900,4:48:16,3,[]
6430006,901,4:48:18,3,[PeopleData_id:0]
6430006,904,4:48:18,3,[PeopleData_id:0]
6430006,905,4:48:19,3,[PeopleData_id:0,RankTypes_id:-1,RankTypes_id:3]
6430006,902,4:48:20,3,[PeopleData_id:0,PeopleData_data3Type]
6430006,903,4:48:22,3,[PeopleData_id0,PeopleData_data3Type]
6430006,901,4:48:23,3,[PeopleData_id:2]
6430006,904,4:48:23,3,[PeopleData_id:2]
6430006,905,4:48:24,3,[PeopleData_id:2,RankTypes_id:-1,RankTypes_id:3]
6430006,902,4:48:25,3,[PeopleData_id:2,PeopleData_data1Type]
6430006,902,4:48:25,3,[PeopleData_id:2,PeopleData_data1Type]
6430006,903,4:48:27,3,[PeopleData_id2,PeopleData_data1Type]
6430006,902,4:48:28,3,[PeopleData_id:2,PeopleData_data0Type]
6430006,903,4:48:29,3,[PeopleData_id2,PeopleData_data0Type]
6430006,901,4:48:31,3,[PeopleData_id:1]
6430006,904,4:48:31,3,[PeopleData_id:1]
6430006,905,4:48:32,3,[PeopleData_id:1,RankTypes_id:-1,RankTypes_id:3]
6430006,902,4:48:33,3,[PeopleData_id:1,PeopleData_data2Type]
6430006,903,4:48:34,3,[PeopleData_id1,PeopleData_data2Type]
6430006,902,4:48:35,3,[PeopleData_id:1,PeopleData_data1Type]
6430006,903,4:48:36,3,[PeopleData_id1,PeopleData_data1Type]
6430006,902,4:48:37,3,[PeopleData_id:1,PeopleData_data0Type]
6430006,903,4:48:39,3,[PeopleData_id1,PeopleData_data0Type]
6430006,901,4:48:40,3,[PeopleData_id:3]
6430006,904,4:48:40,3,[PeopleData_id:3]
6430006,905,4:48:41,3,[PeopleData_id:3,RankTypes_id:-1,RankTypes_id:3]
6430006,902,4:48:41,3,[PeopleData_id:3,PeopleData_data3Type]
6430006,903,4:48:42,3,[PeopleData_id3,PeopleData_data3Type]
6430006,902,4:48:43,3,[PeopleData_id:3,PeopleData_data3Type]
6430006,903,4:48:44,3,[PeopleData_id3,PeopleData_data3Type]
6430006,901,4:48:46,3,[PeopleData_id:5]
6430006,904,4:48:46,3,[PeopleData_id:5]
6430006,905,4:48:48,3,[PeopleData_id:5,RankTypes_id:-1,RankTypes_id:3]
6430006,902,4:48:49,3,[PeopleData_id:5,PeopleData_data3Type]
6430006,903,4:48:52,3,[PeopleData_id5,PeopleData_data3Type]
6430006,901,4:48:52,3,[PeopleData_id:5]
6430006,904,4:48:52,3,[PeopleData_id:5]
6430006,905,4:48:53,3,[PeopleData_id:5,RankTypes_id:3,RankTypes_id:0]
6430006,901,4:48:54,3,[PeopleData_id:4]
6430006,902,4:48:54,3,[PeopleData_id:4,PeopleData_data2Type]
6430006,903,4:48:56,3,[PeopleData_id4,PeopleData_data2Type]
6430006,901,4:48:58,3,[PeopleData_id:4]
6430006,904,4:48:58,3,[PeopleData_id:4]
6430006,905,4:48:58,3,[PeopleData_id:4,RankTypes_id:-1,RankTypes_id:3]
6430006,906,4:48:58,3,[]
6430006,907,4:48:59,3,[]
6430006,908,4:49:0,3,[InvitationData_id:3,PeopleData_id:0,RankTypes_id:3]
6430006,909,4:49:2,3,[InvitationData_id:3,PeopleData_id:0,RankTypes_id:3,1]
6430006,910,4:49:4,3,[InvitationData_id:3,7,false]
6430006,908,4:49:4,3,[InvitationData_id:2,PeopleData_id:0,RankTypes_id:3]
6430006,909,4:49:8,3,[InvitationData_id:2,PeopleData_id:0,RankTypes_id:3,0]
6430006,910,4:49:9,3,[InvitationData_id:2,-7,false]
6430006,908,4:49:9,3,[InvitationData_id:4,PeopleData_id:0,RankTypes_id:3]
6430006,909,4:49:16,3,[InvitationData_id:4,PeopleData_id:0,RankTypes_id:3,1]
6430006,910,4:49:19,3,[InvitationData_id:4,7,false]
6430006,908,4:49:19,3,[InvitationData_id:11,PeopleData_id:4,RankTypes_id:3]
6430006,909,4:49:24,3,[InvitationData_id:11,PeopleData_id:4,RankTypes_id:3,1]
6430006,910,4:49:29,3,[InvitationData_id:11,0,true]
6430006,908,4:49:29,3,[InvitationData_id:7,PeopleData_id:2,RankTypes_id:3]
6430006,909,4:49:34,3,[InvitationData_id:7,PeopleData_id:2,RankTypes_id:3,0]
6430006,910,4:49:36,3,[InvitationData_id:7,-7,false]
6430006,908,4:49:36,3,[InvitationData_id:12,PeopleData_id:2,RankTypes_id:3]
6430006,909,4:49:40,3,[InvitationData_id:12,PeopleData_id:2,RankTypes_id:3,0]
6430006,910,4:49:41,3,[InvitationData_id:12,-7,false]
6430006,908,4:49:41,3,[InvitationData_id:6,PeopleData_id:0,RankTypes_id:3]
6430006,909,4:49:48,3,[InvitationData_id:6,PeopleData_id:0,RankTypes_id:3,1]
6430006,910,4:49:50,3,[InvitationData_id:6,7,false]
6430006,908,4:49:50,3,[InvitationData_id:5,PeopleData_id:3,RankTypes_id:3]
6430006,909,4:49:54,3,[InvitationData_id:5,PeopleData_id:3,RankTypes_id:3,1]
6430006,910,4:49:55,3,[InvitationData_id:5,7,false]
6430006,908,4:49:55,3,[InvitationData_id:0,PeopleData_id:0,RankTypes_id:3]
6430006,909,4:49:57,3,[InvitationData_id:0,PeopleData_id:0,RankTypes_id:3,1]
6430006,910,4:49:58,3,[InvitationData_id:0,7,false]
6430006,908,4:49:58,3,[InvitationData_id:10,PeopleData_id:1,RankTypes_id:3]
6430006,909,4:50:0,3,[InvitationData_id:10,PeopleData_id:1,RankTypes_id:3,1]
6430006,910,4:50:1,3,[InvitationData_id:10,7,false]
6430006,908,4:50:1,3,[InvitationData_id:9,PeopleData_id:4,RankTypes_id:3]
6430006,909,4:50:8,3,[InvitationData_id:9,PeopleData_id:4,RankTypes_id:3,0]
6430006,910,4:50:10,3,[InvitationData_id:9,-7,false]
6430006,911,4:50:11,3,[14,1,0,1]
6430006,1000,4:50:15,3,[]
6430006,900,4:50:17,3,[]
6430006,901,4:50:20,3,[PeopleData_id:5]
6430006,904,4:50:20,3,[PeopleData_id:5]
6430006,902,4:50:22,3,[PeopleData_id:5,PeopleData_data3Type]
6430006,903,4:50:24,3,[PeopleData_id5,PeopleData_data3Type]
6430006,901,4:50:25,3,[PeopleData_id:5]
6430006,904,4:50:25,3,[PeopleData_id:5]
6430006,901,4:50:25,3,[PeopleData_id:5]
6430006,904,4:50:25,3,[PeopleData_id:5]
6430006,905,4:50:27,3,[PeopleData_id:5,RankTypes_id:-1,RankTypes_id:0]
6430006,901,4:50:28,3,[PeopleData_id:1]
6430006,902,4:50:30,3,[PeopleData_id:1,PeopleData_data2Type]
6430006,903,4:50:33,3,[PeopleData_id1,PeopleData_data2Type]
6430006,901,4:50:34,3,[PeopleData_id:1]
6430006,904,4:50:35,3,[PeopleData_id:1]
6430006,902,4:50:36,3,[PeopleData_id:1,PeopleData_data2Type]
6430006,902,4:50:36,3,[PeopleData_id:1,PeopleData_data1Type]
6430006,903,4:50:37,3,[PeopleData_id1,PeopleData_data1Type]
6430006,901,4:50:38,3,[PeopleData_id:1]
6430006,904,4:50:38,3,[PeopleData_id:1]
6430006,905,4:50:39,3,[PeopleData_id:1,RankTypes_id:-1,RankTypes_id:3]
6430006,902,4:50:41,3,[PeopleData_id:1,PeopleData_data2Type]
6430006,902,4:50:49,3,[PeopleData_id:1,PeopleData_data1Type]
6430006,903,4:50:49,3,[PeopleData_id1,PeopleData_data1Type]
6430006,901,4:50:50,3,[PeopleData_id:0]
6430006,902,4:50:51,3,[PeopleData_id:0,PeopleData_data3Type]
6430006,902,4:50:53,3,[PeopleData_id:0,PeopleData_data2Type]
6430006,902,4:50:55,3,[PeopleData_id:0,PeopleData_data1Type]
6430006,903,4:50:55,3,[PeopleData_id0,PeopleData_data1Type]
6430006,901,4:50:56,3,[PeopleData_id:3]
6430006,901,4:50:57,3,[PeopleData_id:0]
6430006,904,4:50:57,3,[PeopleData_id:0]
6430006,905,4:50:58,3,[PeopleData_id:0,RankTypes_id:-1,RankTypes_id:1]
6430006,901,4:51:0,3,[PeopleData_id:3]
6430006,904,4:51:0,3,[PeopleData_id:3]
6430006,902,4:51:1,3,[PeopleData_id:3,PeopleData_data3Type]
6430006,903,4:51:8,3,[PeopleData_id3,PeopleData_data3Type]
6430006,901,4:51:9,3,[PeopleData_id:3]
6430006,904,4:51:9,3,[PeopleData_id:3]
6430006,905,4:51:11,3,[PeopleData_id:3,RankTypes_id:-1,RankTypes_id:3]
6430006,902,4:51:12,3,[PeopleData_id:3,PeopleData_data3Type]
6430006,903,4:51:20,3,[PeopleData_id3,PeopleData_data3Type]
6430006,901,4:51:21,3,[PeopleData_id:4]
6430006,902,4:51:22,3,[PeopleData_id:4,PeopleData_data2Type]
6430006,902,4:51:25,3,[PeopleData_id:4,PeopleData_data1Type]
6430006,902,4:51:25,3,[PeopleData_id:4,PeopleData_data1Type]
6430006,902,4:51:27,3,[PeopleData_id:4,PeopleData_data0Type]
6430006,903,4:51:30,3,[PeopleData_id4,PeopleData_data0Type]
6430006,901,4:51:31,3,[PeopleData_id:4]
6430006,904,4:51:31,3,[PeopleData_id:4]
6430006,905,4:51:32,3,[PeopleData_id:4,RankTypes_id:-1,RankTypes_id:0]
6430006,902,4:51:34,3,[PeopleData_id:4,PeopleData_data2Type]
6430006,903,4:51:36,3,[PeopleData_id4,PeopleData_data2Type]
6430006,901,4:51:36,3,[PeopleData_id:2]
6430006,904,4:51:36,3,[PeopleData_id:2]
6430006,902,4:51:37,3,[PeopleData_id:2,PeopleData_data1Type]
6430006,902,4:51:48,3,[PeopleData_id:2,PeopleData_data0Type]
6430006,903,4:51:53,3,[PeopleData_id2,PeopleData_data0Type]
6430006,901,4:51:54,3,[PeopleData_id:2]
6430006,904,4:51:54,3,[PeopleData_id:2]
6430006,905,4:51:57,3,[PeopleData_id:2,RankTypes_id:-1,RankTypes_id:2]
6430006,906,4:51:57,3,[]
6430006,907,4:51:58,3,[]
6430006,908,4:51:58,3,[InvitationData_id:10,PeopleData_id:1,RankTypes_id:3]
6430006,909,4:52:1,3,[InvitationData_id:10,PeopleData_id:1,RankTypes_id:3,1]
6430006,910,4:52:3,3,[InvitationData_id:10,7,false]
6430006,908,4:52:3,3,[InvitationData_id:7,PeopleData_id:2,RankTypes_id:2]
6430006,909,4:52:8,3,[InvitationData_id:7,PeopleData_id:2,RankTypes_id:2,0]
6430006,910,4:52:9,3,[InvitationData_id:7,-2,false]
6430006,908,4:52:9,3,[InvitationData_id:2,PeopleData_id:0,RankTypes_id:1]
6430006,909,4:52:13,3,[InvitationData_id:2,PeopleData_id:0,RankTypes_id:1,0]
6430006,910,4:52:14,3,[InvitationData_id:2,0,false]
6430006,908,4:52:14,3,[InvitationData_id:0,PeopleData_id:1,RankTypes_id:3]
6430006,909,4:52:18,3,[InvitationData_id:0,PeopleData_id:1,RankTypes_id:3,1]
6430006,910,4:52:20,3,[InvitationData_id:0,7,false]
6430006,908,4:52:20,3,[InvitationData_id:5,PeopleData_id:3,RankTypes_id:3]
6430006,909,4:52:22,3,[InvitationData_id:5,PeopleData_id:3,RankTypes_id:3,1]
6430006,910,4:52:24,3,[InvitationData_id:5,7,false]
6430006,908,4:52:24,3,[InvitationData_id:12,PeopleData_id:2,RankTypes_id:2]
6430006,909,4:52:28,3,[InvitationData_id:12,PeopleData_id:2,RankTypes_id:2,0]
6430006,910,4:52:30,3,[InvitationData_id:12,-2,false]
6430006,908,4:52:30,3,[InvitationData_id:4,PeopleData_id:0,RankTypes_id:1]
6430006,909,4:52:35,3,[InvitationData_id:4,PeopleData_id:0,RankTypes_id:1,1]
6430006,910,4:52:37,3,[InvitationData_id:4,3,false]
6430006,908,4:52:37,3,[InvitationData_id:6,PeopleData_id:3,RankTypes_id:3]
6430006,909,4:52:41,3,[InvitationData_id:6,PeopleData_id:3,RankTypes_id:3,1]
6430006,910,4:52:42,3,[InvitationData_id:6,7,false]
6430006,908,4:52:42,3,[InvitationData_id:3,PeopleData_id:1,RankTypes_id:3]
6430006,909,4:52:44,3,[InvitationData_id:3,PeopleData_id:1,RankTypes_id:3,1]
6430006,910,4:52:45,3,[InvitationData_id:3,7,false]
6430006,911,4:52:48,3,[34,0,0,0]
6430006,1005,4:52:48,3,[2,1,3]
6430006,1001,4:52:50,3,[]
6430006,1003,4:52:50,2
6430006,210,4:52:54,736,319
6430006,211,4:52:55,907,480
6430006,213,4:52:55,6,c_crush1_M_b_G10a0,true
6430006,205,4:52:55,6,c_crush1_M_b_G10a0,false,false
6430006,210,4:53:2,477,408
6430006,211,4:53:7,757,471
6430006,213,4:53:7,6,c_crush1_M_b_G10a0,true
6430006,205,4:53:7,6,c_crush1_M_b_G10a0,false,true
6430006,210,4:53:12,504,405
6430006,211,4:53:24,406,558
6430006,213,4:53:24,6,s_bed1_M_G10a0,true
6430006,210,4:53:28,502,469
6430006,207,4:53:29,6,-200,0
6430006,211,4:53:30,10,608
6430006,210,4:53:30,41,420
6430006,211,4:53:40,1066,332
6430006,207,4:53:40,6,0,-60
6430006,210,4:53:40,1149,345
6430006,207,4:53:41,6,-60,-195
6430006,207,4:53:42,6,-195,-285
6430006,207,4:53:48,6,-285,-512
6430006,211,4:53:50,1533,473
6430006,210,4:53:50,1436,430
6430006,207,4:53:55,6,-512,-47
6430006,211,4:53:58,504,221
6430006,210,4:54:33,509,355
6430006,211,4:54:41,499,495
6430006,210,4:54:42,480,482
6430006,211,4:54:46,446,500
6430006,212,4:54:48,1
6430006,210,4:54:48,541,469
6430006,211,4:54:50,433,413
6430006,212,4:54:51,0
6430006,210,4:54:52,504,423
6430006,211,4:54:53,484,496
6430006,213,4:54:53,6,s_drawer_M_G10a0,true
6430006,1003,4:55:48,0
6430006,1004,4:55:56,0
6430006,400,4:55:59,0,[]
6430006,1002,4:56:5,0
6430006,1003,4:56:5,0
6430006,1004,4:56:5,8
6430006,400,4:56:9,8,[]
6430006,1002,4:56:27,8
6430006,1003,4:56:27,0
6430006,1004,4:56:29,3
6430006,400,4:56:48,3,[]
6430006,401,4:56:51,3,[StatementsData_logId:0]
6430006,403,4:57:2,3,[StatementsData_logId:0,true]
6430006,405,4:57:4,3,[StatementsData_logId:0]
6430006,406,4:57:7,3,[StatementsData_logId:0,2]
6430006,407,4:57:7,3,[StatementsData_logId:0,FactCardData_id:21]
6430006,407,4:57:7,3,[StatementsData_logId:0,FactCardData_id:23]
6430006,407,4:57:7,3,[StatementsData_logId:0,FactCardData_id:20]
6430006,407,4:57:7,3,[StatementsData_logId:0,FactCardData_id:19]
6430006,407,4:57:7,3,[StatementsData_logId:0,FactCardData_id:18]
6430006,407,4:57:7,3,[StatementsData_logId:0,FactCardData_id:22]
6430006,407,4:57:51,3,[StatementsData_logId:0,FactCardData_id:21]
6430006,407,4:57:51,3,[StatementsData_logId:0,FactCardData_id:21]
6430006,407,4:57:54,3,[StatementsData_logId:0,FactCardData_id:20]
6430006,407,4:57:54,3,[StatementsData_logId:0,FactCardData_id:21]
6430006,407,4:57:54,3,[StatementsData_logId:0,FactCardData_id:20]
6430006,407,4:57:55,3,[StatementsData_logId:0,FactCardData_id:18]
6430006,407,4:57:55,3,[StatementsData_logId:0,FactCardData_id:20]
6430006,407,4:57:55,3,[StatementsData_logId:0,FactCardData_id:18]
6430006,407,4:57:56,3,[StatementsData_logId:0,FactCardData_id:22]
6430006,407,4:57:56,3,[StatementsData_logId:0,FactCardData_id:18]
6430006,407,4:57:56,3,[StatementsData_logId:0,FactCardData_id:22]
6430006,407,4:57:58,3,[StatementsData_logId:0,FactCardData_id:19]
6430006,407,4:57:58,3,[StatementsData_logId:0,FactCardData_id:22]
6430006,407,4:57:58,3,[StatementsData_logId:0,FactCardData_id:19]
6430006,407,4:57:59,3,[StatementsData_logId:0,FactCardData_id:21]
6430006,407,4:57:59,3,[StatementsData_logId:0,FactCardData_id:19]
6430006,407,4:57:59,3,[StatementsData_logId:0,FactCardData_id:21]
6430006,408,4:58:0,3,[StatementsData_logId:0,FactCardData_id:21,false]
6430006,406,4:58:2,3,[StatementsData_logId:0,-2]
6430006,411,4:58:3,3,[StatementsData_logId:0]
6430006,401,4:58:5,3,[StatementsData_logId:1]
6430006,403,4:58:44,3,[StatementsData_logId:1,false]
6430006,405,4:58:45,3,[StatementsData_logId:1]
6430006,406,4:58:46,3,[StatementsData_logId:1,-2]
6430006,411,4:58:47,3,[StatementsData_logId:1]
6430006,401,4:58:52,3,[StatementsData_logId:2]
6430006,403,4:58:52,3,[StatementsData_logId:2,false]
6430006,405,4:58:53,3,[StatementsData_logId:2]
6430006,406,4:58:54,3,[StatementsData_logId:2,-2]
6430006,411,4:58:56,3,[StatementsData_logId:2]
6430006,401,4:58:57,3,[StatementsData_logId:3]
6430006,403,4:58:57,3,[StatementsData_logId:3,true]
6430006,405,4:58:59,3,[StatementsData_logId:3]
6430006,406,4:59:0,3,[StatementsData_logId:3,2]
6430006,407,4:59:0,3,[StatementsData_logId:3,FactCardData_id:18]
6430006,407,4:59:0,3,[StatementsData_logId:3,FactCardData_id:20]
6430006,407,4:59:0,3,[StatementsData_logId:3,FactCardData_id:23]
6430006,407,4:59:0,3,[StatementsData_logId:3,FactCardData_id:22]
6430006,407,4:59:0,3,[StatementsData_logId:3,FactCardData_id:21]
6430006,407,4:59:0,3,[StatementsData_logId:3,FactCardData_id:19]
6430006,407,4:59:8,3,[StatementsData_logId:3,FactCardData_id:18]
6430006,407,4:59:8,3,[StatementsData_logId:3,FactCardData_id:18]
6430006,407,4:59:9,3,[StatementsData_logId:3,FactCardData_id:23]
6430006,407,4:59:9,3,[StatementsData_logId:3,FactCardData_id:18]
6430006,407,4:59:9,3,[StatementsData_logId:3,FactCardData_id:23]
6430006,407,4:59:15,3,[StatementsData_logId:3,FactCardData_id:21]
6430006,407,4:59:15,3,[StatementsData_logId:3,FactCardData_id:23]
6430006,407,4:59:15,3,[StatementsData_logId:3,FactCardData_id:21]
6430006,407,4:59:20,3,[StatementsData_logId:3,FactCardData_id:20]
6430006,407,4:59:20,3,[StatementsData_logId:3,FactCardData_id:21]
6430006,407,4:59:20,3,[StatementsData_logId:3,FactCardData_id:20]
6430006,407,4:59:21,3,[StatementsData_logId:3,FactCardData_id:22]
6430006,407,4:59:21,3,[StatementsData_logId:3,FactCardData_id:20]
6430006,407,4:59:21,3,[StatementsData_logId:3,FactCardData_id:22]
6430006,407,4:59:21,3,[StatementsData_logId:3,FactCardData_id:19]
6430006,407,4:59:21,3,[StatementsData_logId:3,FactCardData_id:22]
6430006,407,4:59:21,3,[StatementsData_logId:3,FactCardData_id:19]
6430006,407,4:59:24,3,[StatementsData_logId:3,FactCardData_id:21]
6430006,407,4:59:24,3,[StatementsData_logId:3,FactCardData_id:19]
6430006,407,4:59:24,3,[StatementsData_logId:3,FactCardData_id:21]
6430006,407,4:59:26,3,[StatementsData_logId:3,FactCardData_id:19]
6430006,407,4:59:26,3,[StatementsData_logId:3,FactCardData_id:21]
6430006,407,4:59:26,3,[StatementsData_logId:3,FactCardData_id:19]
6430006,407,4:59:32,3,[StatementsData_logId:3,FactCardData_id:22]
6430006,407,4:59:32,3,[StatementsData_logId:3,FactCardData_id:19]
6430006,407,4:59:32,3,[StatementsData_logId:3,FactCardData_id:22]
6430006,408,4:59:34,3,[StatementsData_logId:3,FactCardData_id:22,true]
6430006,409,4:59:34,3,[StatementsData_logId:3]
6430006,410,4:59:36,3,[StatementsData_logId:3,2]
6430006,412,4:59:37,3,[StatementsData_logId:3]
6430006,413,4:59:42,3,[StatementsData_logId:3,DuelResponsesData_logId:6]
6430006,414,4:59:42,3,[StatementsData_logId:3,DuelResponsesData_logId:6]
6430006,415,4:59:50,3,[StatementsData_logId:3,DuelResponsesData_logId:6,DuelResponsesData_witty_player_response]
6430006,416,4:59:50,3,[StatementsData_logId:3,DuelResponsesData_logId:6]
6430006,417,4:59:53,3,[StatementsData_logId:3,DuelResponsesData_logId:6]
6430006,413,4:59:53,3,[StatementsData_logId:3,DuelResponsesData_logId:7]
6430006,414,4:59:57,3,[StatementsData_logId:3,DuelResponsesData_logId:7]
6430006,415,5:0:13,3,[StatementsData_logId:3,DuelResponsesData_logId:7,DuelResponsesData_witty_player_response]
6430006,416,5:0:13,3,[StatementsData_logId:3,DuelResponsesData_logId:7]
6430006,417,5:0:15,3,[StatementsData_logId:3,DuelResponsesData_logId:7]
6430006,413,5:0:17,3,[StatementsData_logId:3,DuelResponsesData_logId:8]
6430006,414,5:0:18,3,[StatementsData_logId:3,DuelResponsesData_logId:8]
6430006,415,5:0:28,3,[StatementsData_logId:3,DuelResponsesData_logId:8,DuelResponsesData_witty_player_response]
6430006,416,5:0:29,3,[StatementsData_logId:3,DuelResponsesData_logId:8]
6430006,417,5:0:33,3,[StatementsData_logId:3,DuelResponsesData_logId:8]
6430006,418,5:0:33,3,[StatementsData_logId:3,true]
6430006,419,5:0:34,3,[StatementsData_logId:3,4]
6430006,411,5:0:37,3,[StatementsData_logId:3]
6430006,401,5:0:38,3,[StatementsData_logId:4]
6430006,404,5:0:38,3,[StatementsData_logId:4,false]
6430006,405,5:0:40,3,[StatementsData_logId:4]
6430006,406,5:0:41,3,[StatementsData_logId:4,-2]
6430006,411,5:0:43,3,[StatementsData_logId:4]
6430006,1002,5:0:45,3
6430006,1003,5:0:45,0
6430006,1004,5:0:47,3
6430006,400,5:0:49,3,[]
6430006,401,5:0:50,3,[StatementsData_logId:0]
6430006,403,5:0:51,3,[StatementsData_logId:0,true]
6430006,405,5:0:51,3,[StatementsData_logId:0]
6430006,406,5:0:52,3,[StatementsData_logId:0,2]
6430006,407,5:0:52,3,[StatementsData_logId:0,FactCardData_id:18]
6430006,407,5:0:52,3,[StatementsData_logId:0,FactCardData_id:21]
6430006,407,5:0:52,3,[StatementsData_logId:0,FactCardData_id:20]
6430006,407,5:0:52,3,[StatementsData_logId:0,FactCardData_id:22]
6430006,407,5:0:52,3,[StatementsData_logId:0,FactCardData_id:19]
6430006,407,5:0:52,3,[StatementsData_logId:0,FactCardData_id:23]
6430006,407,5:0:54,3,[StatementsData_logId:0,FactCardData_id:23]
6430006,407,5:0:54,3,[StatementsData_logId:0,FactCardData_id:23]
6430006,407,5:0:55,3,[StatementsData_logId:0,FactCardData_id:22]
6430006,407,5:0:55,3,[StatementsData_logId:0,FactCardData_id:23]
6430006,407,5:0:55,3,[StatementsData_logId:0,FactCardData_id:22]
6430006,407,5:0:57,3,[StatementsData_logId:0,FactCardData_id:21]
6430006,407,5:0:57,3,[StatementsData_logId:0,FactCardData_id:22]
6430006,407,5:0:57,3,[StatementsData_logId:0,FactCardData_id:21]
6430006,407,5:0:57,3,[StatementsData_logId:0,FactCardData_id:18]
6430006,407,5:0:57,3,[StatementsData_logId:0,FactCardData_id:21]
6430006,407,5:0:57,3,[StatementsData_logId:0,FactCardData_id:18]
6430006,407,5:0:58,3,[StatementsData_logId:0,FactCardData_id:20]
6430006,407,5:0:58,3,[StatementsData_logId:0,FactCardData_id:18]
6430006,407,5:0:58,3,[StatementsData_logId:0,FactCardData_id:20]
6430006,407,5:0:59,3,[StatementsData_logId:0,FactCardData_id:19]
6430006,407,5:0:59,3,[StatementsData_logId:0,FactCardData_id:20]
6430006,407,5:0:59,3,[StatementsData_logId:0,FactCardData_id:19]
6430006,407,5:0:59,3,[StatementsData_logId:0,FactCardData_id:22]
6430006,407,5:0:59,3,[StatementsData_logId:0,FactCardData_id:19]
6430006,407,5:0:59,3,[StatementsData_logId:0,FactCardData_id:22]
6430006,408,5:1:1,3,[StatementsData_logId:0,FactCardData_id:22,false]
6430006,406,5:1:3,3,[StatementsData_logId:0,-2]
6430006,1002,5:1:9,3
6430006,1003,5:1:9,0
6430006,1004,5:1:10,3
6430006,400,5:1:12,3,[]
6430006,401,5:1:15,3,[StatementsData_logId:0]
6430006,403,5:1:16,3,[StatementsData_logId:0,true]
6430006,405,5:1:17,3,[StatementsData_logId:0]
6430006,406,5:1:18,3,[StatementsData_logId:0,2]
6430006,407,5:1:18,3,[StatementsData_logId:0,FactCardData_id:21]
6430006,407,5:1:18,3,[StatementsData_logId:0,FactCardData_id:23]
6430006,407,5:1:18,3,[StatementsData_logId:0,FactCardData_id:19]
6430006,407,5:1:18,3,[StatementsData_logId:0,FactCardData_id:20]
6430006,407,5:1:18,3,[StatementsData_logId:0,FactCardData_id:18]
6430006,407,5:1:18,3,[StatementsData_logId:0,FactCardData_id:22]
6430006,407,5:1:19,3,[StatementsData_logId:0,FactCardData_id:19]
6430006,407,5:1:19,3,[StatementsData_logId:0,FactCardData_id:19]
6430006,408,5:1:20,3,[StatementsData_logId:0,FactCardData_id:19,true]
6430006,409,5:1:20,3,[StatementsData_logId:0]
6430006,410,5:1:21,3,[StatementsData_logId:0,2]
6430006,412,5:1:24,3,[StatementsData_logId:0]
6430006,413,5:1:35,3,[StatementsData_logId:0,DuelResponsesData_logId:0]
6430006,414,5:1:36,3,[StatementsData_logId:0,DuelResponsesData_logId:0]
6430006,415,5:1:42,3,[StatementsData_logId:0,DuelResponsesData_logId:0,DuelResponsesData_witty_player_response]
6430006,416,5:1:43,3,[StatementsData_logId:0,DuelResponsesData_logId:0]
6430006,417,5:1:46,3,[StatementsData_logId:0,DuelResponsesData_logId:0]
6430006,413,5:1:47,3,[StatementsData_logId:0,DuelResponsesData_logId:1]
6430006,414,5:1:48,3,[StatementsData_logId:0,DuelResponsesData_logId:1]
6430006,415,5:1:57,3,[StatementsData_logId:0,DuelResponsesData_logId:1,DuelResponsesData_witty_player_response]
6430006,416,5:1:57,3,[StatementsData_logId:0,DuelResponsesData_logId:1]
6430006,417,5:1:59,3,[StatementsData_logId:0,DuelResponsesData_logId:1]
6430006,413,5:2:2,3,[StatementsData_logId:0,DuelResponsesData_logId:2]
6430006,414,5:2:2,3,[StatementsData_logId:0,DuelResponsesData_logId:2]
6430006,415,5:2:3,3,[StatementsData_logId:0,DuelResponsesData_logId:2,DuelResponsesData_ok_player_response]
6430006,416,5:2:5,3,[StatementsData_logId:0,DuelResponsesData_logId:2]
6430006,417,5:2:5,3,[StatementsData_logId:0,DuelResponsesData_logId:2]
6430006,418,5:2:5,3,[StatementsData_logId:0,true]
6430006,419,5:2:7,3,[StatementsData_logId:0,4]
6430006,411,5:2:9,3,[StatementsData_logId:0]
6430006,401,5:2:12,3,[StatementsData_logId:1]
6430006,402,5:2:15,3,[StatementsData_logId:1,true]
6430006,405,5:2:17,3,[StatementsData_logId:1]
6430006,406,5:2:17,3,[StatementsData_logId:1,2]
6430006,411,5:2:19,3,[StatementsData_logId:1]
6430006,401,5:2:20,3,[StatementsData_logId:2]
6430006,404,5:2:20,3,[StatementsData_logId:2,true]
6430006,406,5:2:21,3,[StatementsData_logId:2,2]
6430006,412,5:2:21,3,[StatementsData_logId:2]
6430006,413,5:2:22,3,[StatementsData_logId:2,DuelResponsesData_logId:3]
6430006,414,5:2:23,3,[StatementsData_logId:2,DuelResponsesData_logId:3]
6430006,415,5:2:30,3,[StatementsData_logId:2,DuelResponsesData_logId:3,DuelResponsesData_witty_player_response]
6430006,416,5:2:31,3,[StatementsData_logId:2,DuelResponsesData_logId:3]
6430006,417,5:2:33,3,[StatementsData_logId:2,DuelResponsesData_logId:3]
6430006,413,5:2:36,3,[StatementsData_logId:2,DuelResponsesData_logId:4]
6430006,414,5:2:38,3,[StatementsData_logId:2,DuelResponsesData_logId:4]
6430006,415,5:2:39,3,[StatementsData_logId:2,DuelResponsesData_logId:4,DuelResponsesData_witty_player_response]
6430006,416,5:2:39,3,[StatementsData_logId:2,DuelResponsesData_logId:4]
6430006,417,5:2:40,3,[StatementsData_logId:2,DuelResponsesData_logId:4]
6430006,413,5:2:42,3,[StatementsData_logId:2,DuelResponsesData_logId:5]
6430006,414,5:2:42,3,[StatementsData_logId:2,DuelResponsesData_logId:5]
6430006,415,5:2:48,3,[StatementsData_logId:2,DuelResponsesData_logId:5,DuelResponsesData_ok_player_response]
6430006,416,5:2:49,3,[StatementsData_logId:2,DuelResponsesData_logId:5]
6430006,417,5:2:50,3,[StatementsData_logId:2,DuelResponsesData_logId:5]
6430006,418,5:2:50,3,[StatementsData_logId:2,true]
6430006,419,5:2:54,3,[StatementsData_logId:2,4]
6430006,411,5:2:55,3,[StatementsData_logId:2]
6430006,401,5:2:58,3,[StatementsData_logId:3]
6430006,403,5:2:59,3,[StatementsData_logId:3,true]
6430006,405,5:2:59,3,[StatementsData_logId:3]
6430006,406,5:3:0,3,[StatementsData_logId:3,2]
6430006,407,5:3:0,3,[StatementsData_logId:3,FactCardData_id:22]
6430006,407,5:3:0,3,[StatementsData_logId:3,FactCardData_id:19]
6430006,407,5:3:0,3,[StatementsData_logId:3,FactCardData_id:21]
6430006,407,5:3:0,3,[StatementsData_logId:3,FactCardData_id:18]
6430006,407,5:3:0,3,[StatementsData_logId:3,FactCardData_id:20]
6430006,407,5:3:0,3,[StatementsData_logId:3,FactCardData_id:23]
6430006,407,5:3:4,3,[StatementsData_logId:3,FactCardData_id:22]
6430006,407,5:3:4,3,[StatementsData_logId:3,FactCardData_id:22]
6430006,407,5:3:8,3,[StatementsData_logId:3,FactCardData_id:21]
6430006,407,5:3:8,3,[StatementsData_logId:3,FactCardData_id:22]
6430006,407,5:3:8,3,[StatementsData_logId:3,FactCardData_id:21]
6430006,407,5:3:10,3,[StatementsData_logId:3,FactCardData_id:22]
6430006,407,5:3:10,3,[StatementsData_logId:3,FactCardData_id:21]
6430006,407,5:3:10,3,[StatementsData_logId:3,FactCardData_id:22]
6430006,408,5:3:11,3,[StatementsData_logId:3,FactCardData_id:22,true]
6430006,409,5:3:11,3,[StatementsData_logId:3]
6430006,410,5:3:11,3,[StatementsData_logId:3,2]
6430006,412,5:3:13,3,[StatementsData_logId:3]
6430006,413,5:3:14,3,[StatementsData_logId:3,DuelResponsesData_logId:6]
6430006,414,5:3:55,3,[StatementsData_logId:3,DuelResponsesData_logId:6]
6430006,415,5:3:57,3,[StatementsData_logId:3,DuelResponsesData_logId:6,DuelResponsesData_lame_player_response]
6430006,416,5:3:58,3,[StatementsData_logId:3,DuelResponsesData_logId:6]
6430006,417,5:3:59,3,[StatementsData_logId:3,DuelResponsesData_logId:6]
6430006,413,5:4:0,3,[StatementsData_logId:3,DuelResponsesData_logId:7]
6430006,414,5:4:1,3,[StatementsData_logId:3,DuelResponsesData_logId:7]
6430006,415,5:4:11,3,[StatementsData_logId:3,DuelResponsesData_logId:7,DuelResponsesData_witty_player_response]
6430006,416,5:4:12,3,[StatementsData_logId:3,DuelResponsesData_logId:7]
6430006,417,5:4:13,3,[StatementsData_logId:3,DuelResponsesData_logId:7]
6430006,413,5:4:13,3,[StatementsData_logId:3,DuelResponsesData_logId:8]
6430006,414,5:4:15,3,[StatementsData_logId:3,DuelResponsesData_logId:8]
6430006,415,5:4:15,3,[StatementsData_logId:3,DuelResponsesData_logId:8,DuelResponsesData_ok_player_response]
6430006,416,5:4:16,3,[StatementsData_logId:3,DuelResponsesData_logId:8]
6430006,417,5:4:17,3,[StatementsData_logId:3,DuelResponsesData_logId:8]
6430006,418,5:4:17,3,[StatementsData_logId:3,true]
6430006,419,5:4:19,3,[StatementsData_logId:3,4]
6430006,411,5:4:20,3,[StatementsData_logId:3]
6430006,401,5:4:40,3,[StatementsData_logId:4]
6430006,403,5:4:41,3,[StatementsData_logId:4,true]
6430006,405,5:4:42,3,[StatementsData_logId:4]
6430006,406,5:4:44,3,[StatementsData_logId:4,2]
6430006,407,5:4:44,3,[StatementsData_logId:4,FactCardData_id:22]
6430006,407,5:4:44,3,[StatementsData_logId:4,FactCardData_id:21]
6430006,407,5:4:44,3,[StatementsData_logId:4,FactCardData_id:20]
6430006,407,5:4:44,3,[StatementsData_logId:4,FactCardData_id:23]
6430006,407,5:4:44,3,[StatementsData_logId:4,FactCardData_id:18]
6430006,407,5:4:44,3,[StatementsData_logId:4,FactCardData_id:19]
6430006,407,5:5:16,3,[StatementsData_logId:4,FactCardData_id:20]
6430006,407,5:5:16,3,[StatementsData_logId:4,FactCardData_id:20]
6430006,407,5:5:20,3,[StatementsData_logId:4,FactCardData_id:18]
6430006,407,5:5:20,3,[StatementsData_logId:4,FactCardData_id:20]
6430006,407,5:5:20,3,[StatementsData_logId:4,FactCardData_id:18]
6430006,407,5:5:22,3,[StatementsData_logId:4,FactCardData_id:21]
6430006,407,5:5:22,3,[StatementsData_logId:4,FactCardData_id:18]
6430006,407,5:5:22,3,[StatementsData_logId:4,FactCardData_id:21]
6430006,407,5:5:25,3,[StatementsData_logId:4,FactCardData_id:23]
6430006,407,5:5:25,3,[StatementsData_logId:4,FactCardData_id:21]
6430006,407,5:5:25,3,[StatementsData_logId:4,FactCardData_id:23]
6430006,407,5:5:26,3,[StatementsData_logId:4,FactCardData_id:19]
6430006,407,5:5:26,3,[StatementsData_logId:4,FactCardData_id:23]
6430006,407,5:5:26,3,[StatementsData_logId:4,FactCardData_id:19]
6430006,407,5:5:28,3,[StatementsData_logId:4,FactCardData_id:18]
6430006,407,5:5:28,3,[StatementsData_logId:4,FactCardData_id:19]
6430006,407,5:5:28,3,[StatementsData_logId:4,FactCardData_id:18]
6430006,407,5:5:30,3,[StatementsData_logId:4,FactCardData_id:19]
6430006,407,5:5:30,3,[StatementsData_logId:4,FactCardData_id:18]
6430006,407,5:5:30,3,[StatementsData_logId:4,FactCardData_id:19]
6430006,407,5:5:31,3,[StatementsData_logId:4,FactCardData_id:18]
6430006,407,5:5:31,3,[StatementsData_logId:4,FactCardData_id:19]
6430006,407,5:5:31,3,[StatementsData_logId:4,FactCardData_id:18]
6430006,407,5:5:32,3,[StatementsData_logId:4,FactCardData_id:20]
6430006,407,5:5:32,3,[StatementsData_logId:4,FactCardData_id:18]
6430006,407,5:5:32,3,[StatementsData_logId:4,FactCardData_id:20]
6430006,407,5:5:33,3,[StatementsData_logId:4,FactCardData_id:23]
6430006,407,5:5:33,3,[StatementsData_logId:4,FactCardData_id:20]
6430006,407,5:5:33,3,[StatementsData_logId:4,FactCardData_id:23]
6430006,407,5:5:34,3,[StatementsData_logId:4,FactCardData_id:21]
6430006,407,5:5:34,3,[StatementsData_logId:4,FactCardData_id:23]
6430006,407,5:5:34,3,[StatementsData_logId:4,FactCardData_id:21]
6430006,407,5:5:35,3,[StatementsData_logId:4,FactCardData_id:18]
6430006,407,5:5:35,3,[StatementsData_logId:4,FactCardData_id:21]
6430006,407,5:5:35,3,[StatementsData_logId:4,FactCardData_id:18]
6430006,408,5:5:36,3,[StatementsData_logId:4,FactCardData_id:18,true]
6430006,409,5:5:36,3,[StatementsData_logId:4]
6430006,410,5:5:37,3,[StatementsData_logId:4,2]
6430006,412,5:5:37,3,[StatementsData_logId:4]
6430006,413,5:5:38,3,[StatementsData_logId:4,DuelResponsesData_logId:9]
6430006,414,5:5:39,3,[StatementsData_logId:4,DuelResponsesData_logId:9]
6430006,415,5:5:42,3,[StatementsData_logId:4,DuelResponsesData_logId:9,DuelResponsesData_ok_player_response]
6430006,416,5:5:43,3,[StatementsData_logId:4,DuelResponsesData_logId:9]
6430006,417,5:5:44,3,[StatementsData_logId:4,DuelResponsesData_logId:9]
6430006,413,5:5:45,3,[StatementsData_logId:4,DuelResponsesData_logId:10]
6430006,414,5:5:46,3,[StatementsData_logId:4,DuelResponsesData_logId:10]
6430006,415,5:5:53,3,[StatementsData_logId:4,DuelResponsesData_logId:10,DuelResponsesData_witty_player_response]
6430006,416,5:5:54,3,[StatementsData_logId:4,DuelResponsesData_logId:10]
6430006,417,5:5:55,3,[StatementsData_logId:4,DuelResponsesData_logId:10]
6430006,413,5:5:56,3,[StatementsData_logId:4,DuelResponsesData_logId:11]
6430006,414,5:5:57,3,[StatementsData_logId:4,DuelResponsesData_logId:11]
6430006,415,5:6:11,3,[StatementsData_logId:4,DuelResponsesData_logId:11,DuelResponsesData_witty_player_response]
6430006,416,5:6:12,3,[StatementsData_logId:4,DuelResponsesData_logId:11]
6430006,417,5:6:12,3,[StatementsData_logId:4,DuelResponsesData_logId:11]
6430006,418,5:6:12,3,[StatementsData_logId:4,true]
6430006,419,5:6:13,3,[StatementsData_logId:4,4]
6430006,411,5:6:15,3,[StatementsData_logId:4]
6430006,401,5:6:25,3,[StatementsData_logId:5]
6430006,402,5:6:26,3,[StatementsData_logId:5,true]
6430006,405,5:6:26,3,[StatementsData_logId:5]
6430006,406,5:6:27,3,[StatementsData_logId:5,2]
6430006,411,5:6:30,3,[StatementsData_logId:5]
6430006,420,5:6:30,3,[68]
6430006,1005,5:6:30,3,[0,0,3]
6430006,1001,5:6:32,3,[]
6430006,1003,5:6:32,0
6430006,210,5:6:36,426,441
6430006,211,5:6:38,484,484
6430006,213,5:6:38,6,s_drawer_M_G10a0,true
6430006,1003,5:6:42,0
6430006,1004,5:6:44,6
6430006,400,5:6:46,6,[]
6430006,401,5:6:59,6,[StatementsData_logId:0]
6430006,402,5:7:1,6,[StatementsData_logId:0,true]
6430006,405,5:7:2,6,[StatementsData_logId:0]
6430006,406,5:7:3,6,[StatementsData_logId:0,2]
6430006,411,5:7:4,6,[StatementsData_logId:0]
6430006,401,5:7:30,6,[StatementsData_logId:1]
6430006,403,5:7:32,6,[StatementsData_logId:1,true]
6430006,405,5:7:33,6,[StatementsData_logId:1]
6430006,406,5:7:34,6,[StatementsData_logId:1,2]
6430006,407,5:7:34,6,[StatementsData_logId:1,FactCardData_id:2]
6430006,407,5:7:34,6,[StatementsData_logId:1,FactCardData_id:4]
6430006,407,5:7:34,6,[StatementsData_logId:1,FactCardData_id:10]
6430006,407,5:7:34,6,[StatementsData_logId:1,FactCardData_id:13]
6430006,407,5:7:34,6,[StatementsData_logId:1,FactCardData_id:5]
6430006,407,5:7:34,6,[StatementsData_logId:1,FactCardData_id:9]
6430006,407,5:7:40,6,[StatementsData_logId:1,FactCardData_id:9]
6430006,407,5:7:40,6,[StatementsData_logId:1,FactCardData_id:9]
6430006,407,5:7:44,6,[StatementsData_logId:1,FactCardData_id:13]
6430006,407,5:7:44,6,[StatementsData_logId:1,FactCardData_id:9]
6430006,407,5:7:44,6,[StatementsData_logId:1,FactCardData_id:13]
6430006,407,5:7:45,6,[StatementsData_logId:1,FactCardData_id:9]
6430006,407,5:7:45,6,[StatementsData_logId:1,FactCardData_id:13]
6430006,407,5:7:45,6,[StatementsData_logId:1,FactCardData_id:9]
6430006,408,5:7:45,6,[StatementsData_logId:1,FactCardData_id:9,true]
6430006,409,5:7:45,6,[StatementsData_logId:1]
6430006,410,5:7:47,6,[StatementsData_logId:1,2]
6430006,412,5:7:47,6,[StatementsData_logId:1]
6430006,413,5:7:49,6,[StatementsData_logId:1,DuelResponsesData_logId:0]
6430006,414,5:7:50,6,[StatementsData_logId:1,DuelResponsesData_logId:0]
6430006,415,5:8:7,6,[StatementsData_logId:1,DuelResponsesData_logId:0,DuelResponsesData_witty_player_response]
6430006,416,5:8:8,6,[StatementsData_logId:1,DuelResponsesData_logId:0]
6430006,417,5:8:9,6,[StatementsData_logId:1,DuelResponsesData_logId:0]
6430006,413,5:8:9,6,[StatementsData_logId:1,DuelResponsesData_logId:1]
6430006,414,5:8:10,6,[StatementsData_logId:1,DuelResponsesData_logId:1]
6430006,415,5:8:21,6,[StatementsData_logId:1,DuelResponsesData_logId:1,DuelResponsesData_witty_player_response]
6430006,416,5:8:22,6,[StatementsData_logId:1,DuelResponsesData_logId:1]
6430006,417,5:8:23,6,[StatementsData_logId:1,DuelResponsesData_logId:1]
6430006,413,5:8:26,6,[StatementsData_logId:1,DuelResponsesData_logId:2]
6430006,414,5:8:30,6,[StatementsData_logId:1,DuelResponsesData_logId:2]
6430006,415,5:8:35,6,[StatementsData_logId:1,DuelResponsesData_logId:2,DuelResponsesData_witty_player_response]
6430006,416,5:8:36,6,[StatementsData_logId:1,DuelResponsesData_logId:2]
6430006,417,5:8:38,6,[StatementsData_logId:1,DuelResponsesData_logId:2]
6430006,418,5:8:38,6,[StatementsData_logId:1,true]
6430006,419,5:9:18,6,[StatementsData_logId:1,4]
6430006,411,5:9:23,6,[StatementsData_logId:1]
6430006,401,5:9:34,6,[StatementsData_logId:2]
6430006,402,5:9:35,6,[StatementsData_logId:2,true]
6430006,405,5:9:36,6,[StatementsData_logId:2]
6430006,406,5:9:36,6,[StatementsData_logId:2,2]
6430006,411,5:9:38,6,[StatementsData_logId:2]
6430006,401,5:9:54,6,[StatementsData_logId:3]
6430006,402,5:10:4,6,[StatementsData_logId:3,true]
6430006,405,5:10:5,6,[StatementsData_logId:3]
6430006,406,5:10:15,6,[StatementsData_logId:3,2]
6430006,411,5:10:18,6,[StatementsData_logId:3]
6430006,401,5:10:33,6,[StatementsData_logId:4]
6430006,402,5:10:49,6,[StatementsData_logId:4,true]
6430006,405,5:10:49,6,[StatementsData_logId:4]
6430006,406,5:10:50,6,[StatementsData_logId:4,2]
6430006,411,5:10:51,6,[StatementsData_logId:4]
6430006,401,5:11:3,6,[StatementsData_logId:5]
6430006,403,5:11:4,6,[StatementsData_logId:5,true]
6430006,405,5:11:5,6,[StatementsData_logId:5]
6430006,406,5:11:6,6,[StatementsData_logId:5,2]
6430006,407,5:11:6,6,[StatementsData_logId:5,FactCardData_id:10]
6430006,407,5:11:6,6,[StatementsData_logId:5,FactCardData_id:2]
6430006,407,5:11:6,6,[StatementsData_logId:5,FactCardData_id:13]
6430006,407,5:11:6,6,[StatementsData_logId:5,FactCardData_id:4]
6430006,407,5:11:6,6,[StatementsData_logId:5,FactCardData_id:9]
6430006,407,5:11:6,6,[StatementsData_logId:5,FactCardData_id:5]
6430006,407,5:11:11,6,[StatementsData_logId:5,FactCardData_id:2]
6430006,407,5:11:11,6,[StatementsData_logId:5,FactCardData_id:2]
6430006,407,5:11:12,6,[StatementsData_logId:5,FactCardData_id:4]
6430006,407,5:11:12,6,[StatementsData_logId:5,FactCardData_id:2]
6430006,407,5:11:12,6,[StatementsData_logId:5,FactCardData_id:4]
6430006,407,5:11:14,6,[StatementsData_logId:5,FactCardData_id:5]
6430006,407,5:11:14,6,[StatementsData_logId:5,FactCardData_id:4]
6430006,407,5:11:14,6,[StatementsData_logId:5,FactCardData_id:5]
6430006,408,5:11:15,6,[StatementsData_logId:5,FactCardData_id:5,true]
6430006,409,5:11:15,6,[StatementsData_logId:5]
6430006,410,5:11:16,6,[StatementsData_logId:5,2]
6430006,412,5:11:18,6,[StatementsData_logId:5]
6430006,413,5:11:24,6,[StatementsData_logId:5,DuelResponsesData_logId:3]
6430006,414,5:11:25,6,[StatementsData_logId:5,DuelResponsesData_logId:3]
6430006,415,5:11:32,6,[StatementsData_logId:5,DuelResponsesData_logId:3,DuelResponsesData_witty_player_response]
6430006,416,5:11:33,6,[StatementsData_logId:5,DuelResponsesData_logId:3]
6430006,417,5:11:34,6,[StatementsData_logId:5,DuelResponsesData_logId:3]
6430006,413,5:11:35,6,[StatementsData_logId:5,DuelResponsesData_logId:4]
6430006,414,5:11:36,6,[StatementsData_logId:5,DuelResponsesData_logId:4]
6430006,415,5:11:49,6,[StatementsData_logId:5,DuelResponsesData_logId:4,DuelResponsesData_witty_player_response]
6430006,416,5:11:49,6,[StatementsData_logId:5,DuelResponsesData_logId:4]
6430006,417,5:11:50,6,[StatementsData_logId:5,DuelResponsesData_logId:4]
6430006,413,5:11:52,6,[StatementsData_logId:5,DuelResponsesData_logId:5]
6430006,414,5:11:53,6,[StatementsData_logId:5,DuelResponsesData_logId:5]
6430006,415,5:12:21,6,[StatementsData_logId:5,DuelResponsesData_logId:5,DuelResponsesData_witty_player_response]
6430006,416,5:12:22,6,[StatementsData_logId:5,DuelResponsesData_logId:5]
6430006,417,5:12:26,6,[StatementsData_logId:5,DuelResponsesData_logId:5]
6430006,418,5:12:26,6,[StatementsData_logId:5,true]
6430006,419,5:12:27,6,[StatementsData_logId:5,4]
6430006,411,5:12:28,6,[StatementsData_logId:5]
6430006,401,5:12:49,6,[StatementsData_logId:6]
6430006,404,5:13:11,6,[StatementsData_logId:6,true]
6430006,406,5:13:12,6,[StatementsData_logId:6,2]
6430006,412,5:13:13,6,[StatementsData_logId:6]
6430006,413,5:13:15,6,[StatementsData_logId:6,DuelResponsesData_logId:6]
6430006,414,5:13:22,6,[StatementsData_logId:6,DuelResponsesData_logId:6]
6430006,415,5:13:27,6,[StatementsData_logId:6,DuelResponsesData_logId:6,DuelResponsesData_witty_player_response]
6430006,416,5:13:27,6,[StatementsData_logId:6,DuelResponsesData_logId:6]
6430006,417,5:13:28,6,[StatementsData_logId:6,DuelResponsesData_logId:6]
6430006,413,5:13:39,6,[StatementsData_logId:6,DuelResponsesData_logId:7]
6430006,414,5:14:36,6,[StatementsData_logId:6,DuelResponsesData_logId:7]
6430006,415,5:14:36,6,[StatementsData_logId:6,DuelResponsesData_logId:7,DuelResponsesData_witty_player_response]
6430006,416,5:14:37,6,[StatementsData_logId:6,DuelResponsesData_logId:7]
6430006,417,5:14:38,6,[StatementsData_logId:6,DuelResponsesData_logId:7]
6430006,413,5:14:38,6,[StatementsData_logId:6,DuelResponsesData_logId:8]
6430006,414,5:14:39,6,[StatementsData_logId:6,DuelResponsesData_logId:8]
6430006,415,5:14:42,6,[StatementsData_logId:6,DuelResponsesData_logId:8,DuelResponsesData_ok_player_response]
6430006,416,5:14:42,6,[StatementsData_logId:6,DuelResponsesData_logId:8]
6430006,417,5:14:43,6,[StatementsData_logId:6,DuelResponsesData_logId:8]
6430006,418,5:14:43,6,[StatementsData_logId:6,true]
6430006,419,5:14:45,6,[StatementsData_logId:6,4]
6430006,411,5:14:46,6,[StatementsData_logId:6]
6430006,401,5:14:56,6,[StatementsData_logId:7]
6430006,402,5:14:57,6,[StatementsData_logId:7,true]
6430006,405,5:14:57,6,[StatementsData_logId:7]
6430006,406,5:14:58,6,[StatementsData_logId:7,2]
6430006,411,5:15:0,6,[StatementsData_logId:7]
6430006,401,5:15:1,6,[StatementsData_logId:8]
6430006,402,5:15:20,6,[StatementsData_logId:8,false]
6430006,405,5:15:21,6,[StatementsData_logId:8]
6430006,406,5:15:22,6,[StatementsData_logId:8,-2]
6430006,411,5:15:23,6,[StatementsData_logId:8]
6430006,420,5:15:23,6,[70]
6430006,1005,5:15:23,6,[0,0,2]
6430006,1001,5:15:25,6,[]
6430006,1003,5:15:25,0
6430006,210,5:15:53,456,494
6430006,211,5:15:53,460,483
6430006,213,5:15:53,6,s_drawer_M_G10a0,true
6430006,205,5:15:53,6,s_drawer_M_G10a0,false,false
6430006,221,5:15:59,6
6430006,207,5:15:59,6,-200,-175
6430006,220,5:16:3,6
6430006,210,5:16:4,619,328
6430006,211,5:16:7,1194,142
6430006,207,5:16:7,6,-175,-204
6430006,210,5:16:8,1119,232
6430006,207,5:16:9,6,-204,-512
6430006,211,5:16:15,1142,447
6430006,210,5:16:15,1184,365
6430006,211,5:16:17,1039,432
6430006,210,5:16:18,855,492
6430006,211,5:16:20,799,636
6430006,210,5:16:20,708,604
6430006,207,5:16:24,6,-512,0
6430006,211,5:16:26,280,613
6430006,212,5:16:27,1
6430006,210,5:16:28,300,549
6430006,211,5:16:29,274,603
6430006,213,5:16:29,6,s_cellPhone_M_G10a0,false
6430006,1003,5:16:33,1
6430006,1004,5:16:37,3
6430006,800,5:16:39,3,[]
6430006,801,5:16:41,3,[]
6430006,814,5:17:7,3,[5]
6430006,815,5:17:7,3,5,OpportunityCardData_id:31
6430006,817,5:17:10,3,5
6430006,814,5:17:13,3,[2]
6430006,815,5:17:13,3,2,OpportunityCardData_id:12
6430006,816,5:17:20,3,2,OpportunityCardData_id:12
6430006,803,5:17:21,3,[OpportunityCardData_id:12,OpportunityCardConsequencesData_logId:0]
6430006,803,5:17:22,3,[OpportunityCardData_id:12,OpportunityCardConsequencesData_logId:1]
6430006,803,5:17:23,3,[OpportunityCardData_id:12,OpportunityCardConsequencesData_logId:2]
6430006,805,5:17:25,3,[OpportunityCardData_id:12]
6430006,806,5:17:28,3,[OpportunityCardData_id:12,PriorityData_type:0]
6430006,807,5:17:29,3,[OpportunityCardData_id:12]
6430006,808,5:17:32,3,[OpportunityCardData_id:12]
6430006,809,5:17:36,3,[OpportunityCardData_id:12,Safe,false]
6430006,810,5:17:37,3,[OpportunityCardData_id:12,PriorityData_type:2,10,Safe,Safe]
6430006,814,5:17:43,3,[2]
6430006,815,5:17:43,3,2,OpportunityCardData_id:13
6430006,815,5:17:46,3,2,OpportunityCardData_id:14
6430006,815,5:17:53,3,2,OpportunityCardData_id:15
6430006,815,5:17:55,3,2,OpportunityCardData_id:16
6430006,815,5:17:56,3,2,OpportunityCardData_id:17
6430006,816,5:17:58,3,2,OpportunityCardData_id:17
6430006,803,5:17:59,3,[OpportunityCardData_id:17,OpportunityCardConsequencesData_logId:0]
6430006,803,5:17:59,3,[OpportunityCardData_id:17,OpportunityCardConsequencesData_logId:1]
6430006,805,5:18:0,3,[OpportunityCardData_id:17]
6430006,806,5:18:1,3,[OpportunityCardData_id:17,PriorityData_type:0]
6430006,807,5:18:2,3,[OpportunityCardData_id:17]
6430006,808,5:18:4,3,[OpportunityCardData_id:17]
6430006,809,5:18:10,3,[OpportunityCardData_id:17,PriorityData_type:4,false]
6430006,810,5:18:11,3,[OpportunityCardData_id:17,PriorityData_type:2,15,PriorityData_type:4,10]
6430006,814,5:18:15,3,[2]
6430006,815,5:18:15,3,2,OpportunityCardData_id:13
6430006,815,5:18:16,3,2,OpportunityCardData_id:14
6430006,815,5:18:17,3,2,OpportunityCardData_id:15
6430006,815,5:18:17,3,2,OpportunityCardData_id:16
6430006,815,5:18:18,3,2,OpportunityCardData_id:13
6430006,815,5:18:18,3,2,OpportunityCardData_id:14
6430006,815,5:18:19,3,2,OpportunityCardData_id:13
6430006,816,5:18:20,3,2,OpportunityCardData_id:13
6430006,803,5:18:22,3,[OpportunityCardData_id:13,OpportunityCardConsequencesData_logId:0]
6430006,803,5:18:23,3,[OpportunityCardData_id:13,OpportunityCardConsequencesData_logId:1]
6430006,803,5:18:24,3,[OpportunityCardData_id:13,OpportunityCardConsequencesData_logId:2]
6430006,805,5:18:24,3,[OpportunityCardData_id:13]
6430006,806,5:18:26,3,[OpportunityCardData_id:13,PriorityData_type:0]
6430006,807,5:18:29,3,[OpportunityCardData_id:13]
6430006,808,5:18:30,3,[OpportunityCardData_id:13]
6430006,809,5:18:45,3,[OpportunityCardData_id:13,Safe,false]
6430006,810,5:18:46,3,[OpportunityCardData_id:13,PriorityData_type:2,5,Safe,Safe]
6430006,814,5:18:49,3,[4]
6430006,815,5:18:49,3,4,OpportunityCardData_id:19
6430006,815,5:18:51,3,4,OpportunityCardData_id:25
6430006,816,5:18:52,3,4,OpportunityCardData_id:25
6430006,803,5:18:56,3,[OpportunityCardData_id:25,OpportunityCardConsequencesData_logId:0]
6430006,803,5:18:57,3,[OpportunityCardData_id:25,OpportunityCardConsequencesData_logId:1]
6430006,803,5:18:58,3,[OpportunityCardData_id:25,OpportunityCardConsequencesData_logId:2]
6430006,805,5:18:59,3,[OpportunityCardData_id:25]
6430006,806,5:19:0,3,[OpportunityCardData_id:25,PriorityData_type:0]
6430006,807,5:19:1,3,[OpportunityCardData_id:25]
6430006,808,5:19:3,3,[OpportunityCardData_id:25]
6430006,809,5:19:12,3,[OpportunityCardData_id:25,PriorityData_type:0,true]
6430006,810,5:19:13,3,[OpportunityCardData_id:25,PriorityData_type:4,15,Safe,Safe]
6430006,814,5:19:16,3,[4]
6430006,815,5:19:16,3,4,OpportunityCardData_id:19
6430006,815,5:19:18,3,4,OpportunityCardData_id:26
6430006,816,5:19:21,3,4,OpportunityCardData_id:26
6430006,803,5:19:22,3,[OpportunityCardData_id:26,OpportunityCardConsequencesData_logId:2]
6430006,803,5:19:23,3,[OpportunityCardData_id:26,OpportunityCardConsequencesData_logId:1]
6430006,803,5:19:23,3,[OpportunityCardData_id:26,OpportunityCardConsequencesData_logId:0]
6430006,804,5:19:24,3,[OpportunityCardData_id:26]
6430006,814,5:19:26,3,[4]
6430006,815,5:19:26,3,4,OpportunityCardData_id:19
6430006,815,5:19:28,3,4,OpportunityCardData_id:27
6430006,815,5:19:28,3,4,OpportunityCardData_id:28
6430006,815,5:19:30,3,4,OpportunityCardData_id:27
6430006,816,5:19:34,3,4,OpportunityCardData_id:27
6430006,803,5:19:35,3,[OpportunityCardData_id:27,OpportunityCardConsequencesData_logId:0]
6430006,803,5:19:37,3,[OpportunityCardData_id:27,OpportunityCardConsequencesData_logId:1]
6430006,805,5:19:39,3,[OpportunityCardData_id:27]
6430006,806,5:19:40,3,[OpportunityCardData_id:27,PriorityData_type:0]
6430006,807,5:19:41,3,[OpportunityCardData_id:27]
6430006,808,5:19:43,3,[OpportunityCardData_id:27]
6430006,809,5:19:47,3,[OpportunityCardData_id:27,Safe,false]
6430006,810,5:19:48,3,[OpportunityCardData_id:27,PriorityData_type:4,15,Safe,Safe]
6430006,814,5:19:52,3,[4]
6430006,815,5:19:52,3,4,OpportunityCardData_id:19
6430006,815,5:19:53,3,4,OpportunityCardData_id:30
6430006,815,5:19:54,3,4,OpportunityCardData_id:29
6430006,817,5:19:55,3,4
6430006,814,5:19:56,3,[3]
6430006,815,5:19:56,3,3,OpportunityCardData_id:18
6430006,815,5:19:57,3,3,OpportunityCardData_id:24
6430006,817,5:19:59,3,3
6430006,814,5:20:0,3,[2]
6430006,815,5:20:0,3,2,OpportunityCardData_id:14
6430006,815,5:20:1,3,2,OpportunityCardData_id:15
6430006,816,5:20:3,3,2,OpportunityCardData_id:15
6430006,803,5:20:4,3,[OpportunityCardData_id:15,OpportunityCardConsequencesData_logId:0]
6430006,803,5:20:5,3,[OpportunityCardData_id:15,OpportunityCardConsequencesData_logId:1]
6430006,803,5:20:5,3,[OpportunityCardData_id:15,OpportunityCardConsequencesData_logId:2]
6430006,805,5:20:7,3,[OpportunityCardData_id:15]
6430006,806,5:20:11,3,[OpportunityCardData_id:15,PriorityData_type:0]
6430006,807,5:20:12,3,[OpportunityCardData_id:15]
6430006,808,5:20:15,3,[OpportunityCardData_id:15]
6430006,809,5:20:25,3,[OpportunityCardData_id:15,PriorityData_type:4,false]
6430006,810,5:20:29,3,[OpportunityCardData_id:15,PriorityData_type:2,10,PriorityData_type:4,10]
6430006,814,5:20:35,3,[0]
6430006,815,5:20:35,3,0,OpportunityCardData_id:0
6430006,816,5:20:37,3,0,OpportunityCardData_id:0
6430006,803,5:20:38,3,[OpportunityCardData_id:0,OpportunityCardConsequencesData_logId:0]
6430006,803,5:20:38,3,[OpportunityCardData_id:0,OpportunityCardConsequencesData_logId:1]
6430006,803,5:20:39,3,[OpportunityCardData_id:0,OpportunityCardConsequencesData_logId:2]
6430006,805,5:20:39,3,[OpportunityCardData_id:0]
6430006,806,5:20:44,3,[OpportunityCardData_id:0,PriorityData_type:2]
6430006,807,5:20:44,3,[OpportunityCardData_id:0]
6430006,808,5:20:46,3,[OpportunityCardData_id:0]
6430006,809,5:20:50,3,[OpportunityCardData_id:0,Safe,false]
6430006,810,5:20:51,3,[OpportunityCardData_id:0,PriorityData_type:0,15,Safe,Safe]
6430006,814,5:20:53,3,[0]
6430006,815,5:20:53,3,0,OpportunityCardData_id:1
6430006,815,5:20:54,3,0,OpportunityCardData_id:2
6430006,815,5:20:55,3,0,OpportunityCardData_id:1
6430006,816,5:20:57,3,0,OpportunityCardData_id:1
6430006,803,5:20:58,3,[OpportunityCardData_id:1,OpportunityCardConsequencesData_logId:0]
6430006,803,5:20:59,3,[OpportunityCardData_id:1,OpportunityCardConsequencesData_logId:1]
6430006,803,5:21:0,3,[OpportunityCardData_id:1,OpportunityCardConsequencesData_logId:2]
6430006,805,5:21:0,3,[OpportunityCardData_id:1]
6430006,806,5:21:2,3,[OpportunityCardData_id:1,PriorityData_type:2]
6430006,807,5:21:3,3,[OpportunityCardData_id:1]
6430006,808,5:21:5,3,[OpportunityCardData_id:1]
6430006,809,5:21:9,3,[OpportunityCardData_id:1,PriorityData_type:2,true]
6430006,810,5:21:11,3,[OpportunityCardData_id:1,PriorityData_type:0,15,Safe,Safe]
6430006,818,5:21:27,3,3
6430006,811,5:21:29,3,[OpportunityCardData_id:1,PriorityData_type:2,70,70,PriorityData_type:0,70,70]
6430006,1005,5:21:29,3,[1,0,3]
6430006,1001,5:21:33,3,[]
6430006,1003,5:21:33,1
6430006,210,5:21:37,324,515
6430006,211,5:21:38,81,656
6430006,207,5:21:38,6,-200,-20
6430006,210,5:21:39,260,475
6430006,211,5:21:40,255,602
6430006,213,5:21:40,6,s_cellPhone_M_G10a0,false
6430006,1003,5:21:44,1
6430006,1004,5:21:45,8
6430006,800,5:21:48,8,[]
6430006,801,5:21:49,8,[]
6430006,814,5:21:53,8,[0]
6430006,815,5:21:53,8,0,OpportunityCardData_id:0
6430006,816,5:21:59,8,0,OpportunityCardData_id:0
6430006,803,5:22:0,8,[OpportunityCardData_id:0,OpportunityCardConsequencesData_logId:0]
6430006,803,5:22:1,8,[OpportunityCardData_id:0,OpportunityCardConsequencesData_logId:1]
6430006,805,5:22:4,8,[OpportunityCardData_id:0]
6430006,806,5:22:5,8,[OpportunityCardData_id:0,PriorityData_type:2]
6430006,806,5:22:6,8,[OpportunityCardData_id:0,PriorityData_type:3]
6430006,807,5:22:7,8,[OpportunityCardData_id:0]
6430006,808,5:22:9,8,[OpportunityCardData_id:0]
6430006,809,5:22:13,8,[OpportunityCardData_id:0,Safe,false]
6430006,810,5:22:15,8,[OpportunityCardData_id:0,PriorityData_type:0,15,Safe,Safe]
6430006,814,5:22:18,8,[0]
6430006,815,5:22:18,8,0,OpportunityCardData_id:1
6430006,816,5:22:19,8,0,OpportunityCardData_id:1
6430006,803,5:22:21,8,[OpportunityCardData_id:1,OpportunityCardConsequencesData_logId:0]
6430006,803,5:22:21,8,[OpportunityCardData_id:1,OpportunityCardConsequencesData_logId:1]
6430006,805,5:22:23,8,[OpportunityCardData_id:1]
6430006,806,5:22:26,8,[OpportunityCardData_id:1,PriorityData_type:3]
6430006,807,5:22:27,8,[OpportunityCardData_id:1]
6430006,808,5:22:30,8,[OpportunityCardData_id:1]
6430006,809,5:22:35,8,[OpportunityCardData_id:1,PriorityData_type:1,false]
6430006,810,5:22:36,8,[OpportunityCardData_id:1,PriorityData_type:0,15,PriorityData_type:1,15]
6430006,814,5:22:45,8,[3]
6430006,815,5:22:45,8,3,OpportunityCardData_id:19
6430006,815,5:22:48,8,3,OpportunityCardData_id:20
6430006,815,5:22:50,8,3,OpportunityCardData_id:21
6430006,816,5:22:53,8,3,OpportunityCardData_id:21
6430006,803,5:22:54,8,[OpportunityCardData_id:21,OpportunityCardConsequencesData_logId:0]
6430006,803,5:22:55,8,[OpportunityCardData_id:21,OpportunityCardConsequencesData_logId:1]
6430006,805,5:22:57,8,[OpportunityCardData_id:21]
6430006,806,5:22:59,8,[OpportunityCardData_id:21,PriorityData_type:0]
6430006,807,5:22:59,8,[OpportunityCardData_id:21]
6430006,808,5:23:1,8,[OpportunityCardData_id:21]
6430006,809,5:23:5,8,[OpportunityCardData_id:21,PriorityData_type:2,false]
6430006,810,5:23:6,8,[OpportunityCardData_id:21,PriorityData_type:3,20,PriorityData_type:2,20]
6430006,814,5:23:10,8,[3]
6430006,815,5:23:10,8,3,OpportunityCardData_id:19
6430006,815,5:23:11,8,3,OpportunityCardData_id:20
6430006,815,5:23:12,8,3,OpportunityCardData_id:22
6430006,815,5:23:15,8,3,OpportunityCardData_id:23
6430006,815,5:23:18,8,3,OpportunityCardData_id:24
6430006,815,5:23:22,8,3,OpportunityCardData_id:25
6430006,815,5:23:24,8,3,OpportunityCardData_id:19
6430006,815,5:23:26,8,3,OpportunityCardData_id:20
6430006,815,5:23:29,8,3,OpportunityCardData_id:19
6430006,816,5:23:30,8,3,OpportunityCardData_id:19
6430006,803,5:23:31,8,[OpportunityCardData_id:19,OpportunityCardConsequencesData_logId:0]
6430006,803,5:23:31,8,[OpportunityCardData_id:19,OpportunityCardConsequencesData_logId:1]
6430006,803,5:23:32,8,[OpportunityCardData_id:19,OpportunityCardConsequencesData_logId:2]
6430006,805,5:23:34,8,[OpportunityCardData_id:19]
6430006,806,5:23:35,8,[OpportunityCardData_id:19,PriorityData_type:2]
6430006,806,5:23:37,8,[OpportunityCardData_id:19,PriorityData_type:0]
6430006,807,5:23:39,8,[OpportunityCardData_id:19]
6430006,808,5:23:41,8,[OpportunityCardData_id:19]
6430006,809,5:23:44,8,[OpportunityCardData_id:19,PriorityData_type:0,true]
6430006,810,5:23:45,8,[OpportunityCardData_id:19,PriorityData_type:3,15,Safe,Safe]
6430006,814,5:23:49,8,[3]
6430006,815,5:23:49,8,3,OpportunityCardData_id:20
6430006,815,5:23:53,8,3,OpportunityCardData_id:22
6430006,815,5:23:56,8,3,OpportunityCardData_id:23
6430006,816,5:23:59,8,3,OpportunityCardData_id:23
6430006,803,5:24:0,8,[OpportunityCardData_id:23,OpportunityCardConsequencesData_logId:0]
6430006,803,5:24:0,8,[OpportunityCardData_id:23,OpportunityCardConsequencesData_logId:1]
6430006,803,5:24:1,8,[OpportunityCardData_id:23,OpportunityCardConsequencesData_logId:2]
6430006,805,5:24:2,8,[OpportunityCardData_id:23]
6430006,806,5:24:3,8,[OpportunityCardData_id:23,PriorityData_type:0]
6430006,807,5:24:5,8,[OpportunityCardData_id:23]
6430006,808,5:24:7,8,[OpportunityCardData_id:23]
6430006,809,5:24:11,8,[OpportunityCardData_id:23,Safe,false]
6430006,810,5:24:13,8,[OpportunityCardData_id:23,PriorityData_type:3,10,Safe,Safe]
6430006,814,5:24:15,8,[3]
6430006,815,5:24:15,8,3,OpportunityCardData_id:20
6430006,815,5:24:17,8,3,OpportunityCardData_id:22
6430006,815,5:24:18,8,3,OpportunityCardData_id:24
6430006,815,5:24:20,8,3,OpportunityCardData_id:22
6430006,816,5:24:22,8,3,OpportunityCardData_id:22
6430006,803,5:24:23,8,[OpportunityCardData_id:22,OpportunityCardConsequencesData_logId:0]
6430006,803,5:24:24,8,[OpportunityCardData_id:22,OpportunityCardConsequencesData_logId:1]
6430006,803,5:24:24,8,[OpportunityCardData_id:22,OpportunityCardConsequencesData_logId:2]
6430006,805,5:24:25,8,[OpportunityCardData_id:22]
6430006,806,5:24:27,8,[OpportunityCardData_id:22,PriorityData_type:0]
6430006,807,5:24:28,8,[OpportunityCardData_id:22]
6430006,808,5:24:30,8,[OpportunityCardData_id:22]
6430006,809,5:24:35,8,[OpportunityCardData_id:22,PriorityData_type:5,false]
6430006,810,5:24:37,8,[OpportunityCardData_id:22,PriorityData_type:3,10,PriorityData_type:5,10]
6430006,818,5:24:46,8,6
6430006,811,5:24:48,8,[OpportunityCardData_id:22,PriorityData_type:0,70,70,PriorityData_type:3,70,75]
6430006,1005,5:24:48,8,[1,0,3]
6430006,1001,5:24:50,8,[]
6430006,1003,5:24:50,1
6430006,210,5:25:12,305,543
6430006,207,5:25:12,6,-200,-200
6430006,207,5:25:13,6,-200,-35
6430006,211,5:25:14,273,610
6430006,213,5:25:14,6,s_cellPhone_M_G10a0,true
6430006,205,5:25:14,6,s_cellPhone_M_G10a0,false,false
6430006,210,5:25:19,473,289
6430006,211,5:25:24,1101,368
6430006,207,5:25:24,6,-35,-95
6430006,210,5:25:24,1192,369
6430006,207,5:25:25,6,-95,-512
6430006,211,5:25:26,1531,358
6430006,210,5:25:27,1341,447
6430006,211,5:25:32,1070,518
6430006,213,5:25:32,6,s_basketball_M_gen,true
6430006,205,5:25:32,6,s_basketball_M_gen,false,false
6430006,210,5:25:42,1286,326
6430006,211,5:25:43,1198,430
6430006,212,5:25:44,2
6430006,210,5:25:44,1262,295
6430006,211,5:25:45,1276,350
6430006,212,5:25:46,0
6430006,210,5:25:47,1277,300
6430006,211,5:25:49,1268,373
6430006,213,5:25:49,6,s_window_M_G10a0,true
6430006,205,5:25:49,6,s_window_M_G10a0,false,false
6430006,219,5:26:2,6
6430006,216,5:26:3,Stack_G10a1N
6430006,217,5:27:38,Stack_G10a1N,8.0,0.00
6430006,218,5:27:40,6
6430006,210,5:27:50,364,490
6430006,207,5:27:51,6,-200,0
6430006,211,5:27:59,508,490
6430006,210,5:28:0,489,447
6430006,211,5:28:3,508,487
6430006,213,5:28:3,6,s_condom_M_G10a1N,true
6430006,205,5:28:3,6,s_condom_M_G10a1N,false,false
6430006,207,5:28:17,6,0,-30
6430006,210,5:28:17,937,248
6430006,211,5:28:18,1063,311
6430006,207,5:28:18,6,-30,-60
6430006,210,5:28:18,1146,335
6430006,207,5:28:19,6,-60,-495
6430006,207,5:28:24,6,-495,0
6430006,211,5:28:26,80,462
6430006,221,5:28:30,6
6430006,208,5:28:35,6,s_cellPhone_M_G10a0
6430006,220,5:28:36,6
6430006,212,5:28:37,1
6430006,210,5:28:38,373,518
6430006,207,5:28:38,6,-200,0
6430006,211,5:28:41,295,617
6430006,210,5:28:44,602,489
6430006,211,5:28:47,1250,619
6430006,207,5:28:47,6,-200,-245
6430006,210,5:28:47,1288,508
6430006,207,5:28:48,6,-245,-512
6430006,211,5:28:50,498,544
6430006,207,5:28:50,6,-512,-482
6430006,207,5:28:51,6,-482,-467
6430006,210,5:28:51,720,596
6430006,207,5:28:51,6,-467,-422
6430006,207,5:28:51,6,-422,-197
6430006,207,5:28:54,6,-197,0
6430006,211,5:28:56,540,579
6430006,210,5:28:56,791,582
6430006,211,5:28:56,838,588
6430006,213,5:28:56,6,s_crushClothes_M_G10a1N,true
6430006,212,5:29:1,2
6430006,210,5:29:2,377,473
6430006,211,5:29:2,196,452
6430006,213,5:29:2,6,c_crush1_M_b_G10a1N,true
6430006,205,5:29:2,6,c_crush1_M_b_G10a1N,false,false
6430006,210,5:29:12,207,305
6430006,207,5:29:14,6,0,-510
6430006,211,5:29:16,1080,298
6430006,213,5:29:16,6,s_mirror_M_G10a1N,false
6430006,1003,5:29:23,2
6430006,1004,5:29:25,8
6430006,900,5:29:27,8,[]
6430006,901,5:29:29,8,[PeopleData_id:9]
6430006,902,5:29:30,8,[PeopleData_id:9,PeopleData_data3Type]
6430006,903,5:29:33,8,[PeopleData_id9,PeopleData_data3Type]
6430006,901,5:29:33,8,[PeopleData_id:9]
6430006,904,5:29:33,8,[PeopleData_id:9]
6430006,905,5:29:38,8,[PeopleData_id:9,RankTypes_id:-1,RankTypes_id:2]
6430006,901,5:29:40,8,[PeopleData_id:5]
6430006,904,5:29:40,8,[PeopleData_id:5]
6430006,905,5:29:40,8,[PeopleData_id:5,RankTypes_id:-1,RankTypes_id:2]
6430006,901,5:29:40,8,[PeopleData_id:7]
6430006,904,5:29:41,8,[PeopleData_id:7]
6430006,905,5:29:41,8,[PeopleData_id:7,RankTypes_id:-1,RankTypes_id:2]
6430006,901,5:29:41,8,[PeopleData_id:6]
6430006,904,5:29:41,8,[PeopleData_id:6]
6430006,905,5:29:42,8,[PeopleData_id:6,RankTypes_id:-1,RankTypes_id:2]
6430006,901,5:29:42,8,[PeopleData_id:3]
6430006,904,5:29:42,8,[PeopleData_id:3]
6430006,905,5:29:43,8,[PeopleData_id:3,RankTypes_id:-1,RankTypes_id:2]
6430006,901,5:29:44,8,[PeopleData_id:1]
6430006,904,5:29:44,8,[PeopleData_id:1]
6430006,905,5:29:45,8,[PeopleData_id:1,RankTypes_id:-1,RankTypes_id:2]
6430006,901,5:29:45,8,[PeopleData_id:2]
6430006,904,5:29:45,8,[PeopleData_id:2]
6430006,905,5:29:46,8,[PeopleData_id:2,RankTypes_id:-1,RankTypes_id:2]
6430006,901,5:29:47,8,[PeopleData_id:8]
6430006,904,5:29:47,8,[PeopleData_id:8]
6430006,905,5:29:48,8,[PeopleData_id:8,RankTypes_id:-1,RankTypes_id:2]
6430006,901,5:29:49,8,[PeopleData_id:0]
6430006,904,5:29:49,8,[PeopleData_id:0]
6430006,901,5:29:50,8,[PeopleData_id:0]
6430006,904,5:29:50,8,[PeopleData_id:0]
6430006,905,5:29:50,8,[PeopleData_id:0,RankTypes_id:-1,RankTypes_id:1]
6430006,901,5:29:52,8,[PeopleData_id:4]
6430006,904,5:29:52,8,[PeopleData_id:4]
6430006,905,5:29:53,8,[PeopleData_id:4,RankTypes_id:-1,RankTypes_id:1]
6430006,906,5:29:53,8,[]
6430006,907,5:29:53,8,[]
6430006,908,5:29:53,8,[InvitationData_id:0,PeopleData_id:2,RankTypes_id:2]
6430006,909,5:29:58,8,[InvitationData_id:0,PeopleData_id:2,RankTypes_id:2,1]
6430006,910,5:29:58,8,[InvitationData_id:0,0,true]
6430006,908,5:29:58,8,[InvitationData_id:2,PeopleData_id:4,RankTypes_id:1]
6430006,909,5:30:0,8,[InvitationData_id:2,PeopleData_id:4,RankTypes_id:1,1]
6430006,910,5:30:1,8,[InvitationData_id:2,0,true]
6430006,908,5:30:1,8,[InvitationData_id:3,PeopleData_id:6,RankTypes_id:2]
6430006,909,5:30:2,8,[InvitationData_id:3,PeopleData_id:6,RankTypes_id:2,1]
6430006,910,5:30:3,8,[InvitationData_id:3,0,true]
6430006,912,5:30:6,8,[]
6430006,1001,5:30:7,8,[]
6430006,1003,5:30:7,2
6430006,1004,5:30:9,8
6430006,900,5:30:11,8,[]
6430006,901,5:30:13,8,[PeopleData_id:2]
6430006,904,5:30:13,8,[PeopleData_id:2]
6430006,902,5:30:15,8,[PeopleData_id:2,PeopleData_data3Type]
6430006,903,5:30:18,8,[PeopleData_id2,PeopleData_data3Type]
6430006,901,5:30:19,8,[PeopleData_id:2]
6430006,904,5:30:19,8,[PeopleData_id:2]
6430006,905,5:30:19,8,[PeopleData_id:2,RankTypes_id:-1,RankTypes_id:0]
6430006,901,5:30:20,8,[PeopleData_id:4]
6430006,904,5:30:20,8,[PeopleData_id:4]
6430006,901,5:30:21,8,[PeopleData_id:0]
6430006,904,5:30:21,8,[PeopleData_id:0]
6430006,902,5:30:22,8,[PeopleData_id:0,PeopleData_data3Type]
6430006,903,5:30:24,8,[PeopleData_id0,PeopleData_data3Type]
6430006,901,5:30:25,8,[PeopleData_id:0]
6430006,904,5:30:25,8,[PeopleData_id:0]
6430006,901,5:30:26,8,[PeopleData_id:0]
6430006,902,5:30:26,8,[PeopleData_id:0,PeopleData_data3Type]
6430006,903,5:30:30,8,[PeopleData_id0,PeopleData_data3Type]
6430006,901,5:30:30,8,[PeopleData_id:0]
6430006,904,5:30:30,8,[PeopleData_id:0]
6430006,905,5:30:31,8,[PeopleData_id:0,RankTypes_id:-1,RankTypes_id:0]
6430006,901,5:30:32,8,[PeopleData_id:0]
6430006,904,5:30:32,8,[PeopleData_id:0]
6430006,905,5:30:32,8,[PeopleData_id:0,RankTypes_id:0,RankTypes_id:0]
6430006,901,5:30:33,8,[PeopleData_id:9]
6430006,902,5:30:34,8,[PeopleData_id:9,PeopleData_data3Type]
6430006,903,5:30:39,8,[PeopleData_id9,PeopleData_data3Type]
6430006,901,5:30:40,8,[PeopleData_id:9]
6430006,904,5:30:40,8,[PeopleData_id:9]
6430006,905,5:30:40,8,[PeopleData_id:9,RankTypes_id:-1,RankTypes_id:3]
6430006,902,5:30:42,8,[PeopleData_id:9,PeopleData_data3Type]
6430006,903,5:30:44,8,[PeopleData_id9,PeopleData_data3Type]
6430006,901,5:30:49,8,[PeopleData_id:8]
6430006,904,5:30:49,8,[PeopleData_id:8]
6430006,902,5:30:51,8,[PeopleData_id:8,PeopleData_data3Type]
6430006,903,5:30:57,8,[PeopleData_id8,PeopleData_data3Type]
6430006,901,5:30:58,8,[PeopleData_id:8]
6430006,904,5:30:58,8,[PeopleData_id:8]
6430006,905,5:30:59,8,[PeopleData_id:8,RankTypes_id:-1,RankTypes_id:3]
6430006,902,5:31:0,8,[PeopleData_id:8,PeopleData_data3Type]
6430006,903,5:31:1,8,[PeopleData_id8,PeopleData_data3Type]
6430006,901,5:31:1,8,[PeopleData_id:1]
6430006,902,5:31:2,8,[PeopleData_id:1,PeopleData_data3Type]
6430006,902,5:31:8,8,[PeopleData_id:1,PeopleData_data2Type]
6430006,902,5:31:12,8,[PeopleData_id:1,PeopleData_data1Type]
6430006,903,5:31:21,8,[PeopleData_id1,PeopleData_data1Type]
6430006,901,5:31:21,8,[PeopleData_id:1]
6430006,904,5:31:21,8,[PeopleData_id:1]
6430006,905,5:31:23,8,[PeopleData_id:1,RankTypes_id:-1,RankTypes_id:0]
6430006,901,5:31:25,8,[PeopleData_id:6]
6430006,902,5:31:27,8,[PeopleData_id:6,PeopleData_data3Type]
6430006,903,5:31:39,8,[PeopleData_id6,PeopleData_data3Type]
6430006,902,5:31:41,8,[PeopleData_id:6,PeopleData_data3Type]
6430006,903,5:31:42,8,[PeopleData_id6,PeopleData_data3Type]
6430006,901,5:31:43,8,[PeopleData_id:6]
6430006,904,5:31:43,8,[PeopleData_id:6]
6430006,905,5:31:44,8,[PeopleData_id:6,RankTypes_id:-1,RankTypes_id:0]
6430006,901,5:31:45,8,[PeopleData_id:5]
6430006,902,5:31:45,8,[PeopleData_id:5,PeopleData_data2Type]
6430006,902,5:31:46,8,[PeopleData_id:5,PeopleData_data3Type]
6430006,903,5:31:52,8,[PeopleData_id5,PeopleData_data3Type]
6430006,901,5:31:56,8,[PeopleData_id:5]
6430006,904,5:31:56,8,[PeopleData_id:5]
6430006,905,5:31:57,8,[PeopleData_id:5,RankTypes_id:-1,RankTypes_id:3]
6430006,901,5:31:58,8,[PeopleData_id:6]
6430006,905,5:31:58,8,[PeopleData_id:6,RankTypes_id:0,RankTypes_id:0]
6430006,902,5:32:0,8,[PeopleData_id:6,PeopleData_data2Type]
6430006,902,5:32:3,8,[PeopleData_id:6,PeopleData_data1Type]
6430006,903,5:32:5,8,[PeopleData_id6,PeopleData_data1Type]
6430006,901,5:32:6,8,[PeopleData_id:3]
6430006,902,5:32:8,8,[PeopleData_id:3,PeopleData_data3Type]
6430006,902,5:32:11,8,[PeopleData_id:3,PeopleData_data2Type]
6430006,902,5:32:15,8,[PeopleData_id:3,PeopleData_data0Type]
6430006,902,5:32:18,8,[PeopleData_id:3,PeopleData_data1Type]
6430006,903,5:32:19,8,[PeopleData_id3,PeopleData_data1Type]
6430006,902,5:32:20,8,[PeopleData_id:3,PeopleData_data1Type]
6430006,903,5:32:22,8,[PeopleData_id3,PeopleData_data1Type]
6430006,902,5:32:24,8,[PeopleData_id:3,PeopleData_data0Type]
6430006,903,5:32:25,8,[PeopleData_id3,PeopleData_data0Type]
6430006,901,5:32:26,8,[PeopleData_id:3]
6430006,904,5:32:26,8,[PeopleData_id:3]
6430006,905,5:32:26,8,[PeopleData_id:3,RankTypes_id:-1,RankTypes_id:1]
6430006,901,5:32:29,8,[PeopleData_id:4]
6430006,902,5:32:32,8,[PeopleData_id:4,PeopleData_data3Type]
6430006,902,5:32:42,8,[PeopleData_id:4,PeopleData_data2Type]
6430006,903,5:32:47,8,[PeopleData_id4,PeopleData_data2Type]
6430006,901,5:32:47,8,[PeopleData_id:4]
6430006,904,5:32:48,8,[PeopleData_id:4]
6430006,905,5:32:49,8,[PeopleData_id:4,RankTypes_id:-1,RankTypes_id:0]
6430006,902,5:32:50,8,[PeopleData_id:4,PeopleData_data3Type]
6430006,903,5:32:55,8,[PeopleData_id4,PeopleData_data3Type]
6430006,901,5:32:56,8,[PeopleData_id:7]
6430006,904,5:32:56,8,[PeopleData_id:7]
6430006,902,5:32:57,8,[PeopleData_id:7,PeopleData_data3Type]
6430006,902,5:33:0,8,[PeopleData_id:7,PeopleData_data2Type]
6430006,902,5:33:2,8,[PeopleData_id:7,PeopleData_data1Type]
6430006,902,5:33:6,8,[PeopleData_id:7,PeopleData_data0Type]
6430006,903,5:33:10,8,[PeopleData_id7,PeopleData_data0Type]
6430006,901,5:33:16,8,[PeopleData_id:7]
6430006,904,5:33:16,8,[PeopleData_id:7]
6430006,905,5:33:17,8,[PeopleData_id:7,RankTypes_id:-1,RankTypes_id:3]
6430006,906,5:33:17,8,[]
6430006,907,5:33:18,8,[]
6430006,908,5:33:18,8,[InvitationData_id:1,PeopleData_id:3,RankTypes_id:1]
6430006,909,5:33:22,8,[InvitationData_id:1,PeopleData_id:3,RankTypes_id:1,1]
6430006,910,5:33:24,8,[InvitationData_id:1,0,true]
6430006,908,5:33:24,8,[InvitationData_id:7,PeopleData_id:5,RankTypes_id:3]
6430006,909,5:33:27,8,[InvitationData_id:7,PeopleData_id:5,RankTypes_id:3,1]
6430006,910,5:33:28,8,[InvitationData_id:7,7,false]
6430006,908,5:33:28,8,[InvitationData_id:11,PeopleData_id:7,RankTypes_id:3]
6430006,909,5:33:30,8,[InvitationData_id:11,PeopleData_id:7,RankTypes_id:3,1]
6430006,910,5:33:31,8,[InvitationData_id:11,7,false]
6430006,908,5:33:31,8,[InvitationData_id:9,PeopleData_id:7,RankTypes_id:3]
6430006,909,5:33:41,8,[InvitationData_id:9,PeopleData_id:7,RankTypes_id:3,0]
6430006,910,5:33:45,8,[InvitationData_id:9,-7,false]
6430006,908,5:33:45,8,[InvitationData_id:10,PeopleData_id:9,RankTypes_id:3]
6430006,909,5:33:55,8,[InvitationData_id:10,PeopleData_id:9,RankTypes_id:3,1]
6430006,910,5:33:56,8,[InvitationData_id:10,7,false]
6430006,908,5:33:56,8,[InvitationData_id:4,PeopleData_id:3,RankTypes_id:1]
6430006,909,5:34:0,8,[InvitationData_id:4,PeopleData_id:3,RankTypes_id:1,0]
6430006,910,5:34:1,8,[InvitationData_id:4,0,false]
6430006,908,5:34:1,8,[InvitationData_id:6,PeopleData_id:7,RankTypes_id:3]
6430006,909,5:34:7,8,[InvitationData_id:6,PeopleData_id:7,RankTypes_id:3,1]
6430006,910,5:34:7,8,[InvitationData_id:6,7,false]
6430006,908,5:34:7,8,[InvitationData_id:3,PeopleData_id:9,RankTypes_id:3]
6430006,909,5:34:13,8,[InvitationData_id:3,PeopleData_id:9,RankTypes_id:3,1]
6430006,910,5:34:16,8,[InvitationData_id:3,0,true]
6430006,908,5:34:16,8,[InvitationData_id:8,PeopleData_id:7,RankTypes_id:3]
6430006,909,5:34:26,8,[InvitationData_id:8,PeopleData_id:7,RankTypes_id:3,1]
6430006,910,5:34:27,8,[InvitationData_id:8,7,false]
6430006,911,5:34:29,8,[28,2,1,2]
6430006,1005,5:34:29,8,[2,0,1]
6430006,1002,5:34:34,8
6430006,1003,5:34:34,2
6430006,210,5:34:38,516,465
6430006,207,5:34:39,6,-200,0
6430006,211,5:34:40,177,424
6430006,213,5:34:40,6,c_crush1_M_b_G10a1N,true
6430006,205,5:34:40,6,c_crush1_M_b_G10a1N,false,true
6430006,210,5:34:44,868,337
6430006,207,5:34:45,6,0,-512
6430006,211,5:34:46,1052,500
6430006,210,5:34:47,1095,535
6430006,207,5:34:49,6,-512,-302
6430006,207,5:34:50,6,-302,0
6430006,211,5:34:59,1067,338
6430006,207,5:34:59,6,0,-60
6430006,210,5:34:59,1112,389
6430006,207,5:35:0,6,-60,-210
6430006,207,5:35:3,6,-210,-512
6430006,211,5:35:4,942,600
6430006,210,5:35:4,746,501
6430006,211,5:35:4,657,516
6430006,210,5:35:5,476,463
6430006,207,5:35:5,6,-512,-272
6430006,211,5:35:7,472,634
6430006,210,5:35:9,388,510
6430006,211,5:35:9,245,461
6430006,207,5:35:9,6,-272,-227
6430006,207,5:35:10,6,-227,-167
6430006,210,5:35:10,238,480
6430006,207,5:35:10,6,-167,0
6430006,207,5:35:16,6,0,-450
6430006,207,5:35:23,6,-450,-512
6430006,207,5:35:28,6,-512,-377
6430006,211,5:35:29,1045,289
6430006,213,5:35:29,6,s_mirror_M_G10a1N,true
6430006,205,5:35:29,6,s_mirror_M_G10a1N,false,false
6430006,210,5:35:40,530,485
6430006,207,5:35:41,6,-377,0
6430006,211,5:35:43,311,291
6430006,210,5:35:44,183,337
6430006,211,5:35:59,283,272
6430006,212,5:36:0,1
6430006,210,5:36:1,315,223
6430006,211,5:36:2,293,260
6430006,212,5:36:3,0
6430006,210,5:36:4,299,246
6430006,211,5:36:5,289,272
6430006,213,5:36:5,6,s_picture_M_G10a1N,true
6430006,1003,5:36:14,0
6430006,1004,5:36:16,6
6430006,400,5:36:18,6,[]
6430006,401,5:36:25,6,[StatementsData_logId:0]
6430006,1002,5:36:30,6
6430006,1003,5:36:30,0
6430006,1004,5:36:32,7
6430006,400,5:36:34,7,[]
6430006,401,5:37:34,7,[StatementsData_logId:0]
6430006,1003,5:38:33,1
6430006,100,5:38:36,8
6430006,101,5:38:39,8
6430006,100,5:38:39,10
6430006,102,5:38:40,10
6430006,200,5:38:40,10,13,15,15,11,15
6430006,210,5:38:44,778,471
6430006,211,5:38:46,-9,190
6430006,204,5:38:48,10
6430006,100,5:38:50,6
6430006,102,5:38:52,6
6430006,200,5:38:52,6,13,15,15,11,15
6430006,219,5:38:56,6
6430006,216,5:38:57,Stack_G10a2N
6430006,217,5:39:1,Stack_G10a2N,3.8,8.9
6430006,218,5:39:3,6
6430006,210,5:39:3,735,565
6430006,211,5:39:4,606,289
6430006,210,5:39:6,487,238
6430006,211,5:39:6,484,238
6430006,210,5:39:7,871,539
6430006,211,5:39:7,871,539
6430006,210,5:39:7,859,598
6430006,211,5:39:7,859,598
6430006,204,5:39:13,6
6430006,100,5:40:31,6
6430006,102,5:40:32,6
6430006,200,5:40:32,6,13,15,15,11,15
6430006,207,5:40:51,6,-200,-215
6430006,207,5:40:51,6,-215,-215
6430006,207,5:40:54,6,-215,-245
6430006,210,5:41:6,398,292
6430006,211,5:41:7,448,466
6430006,210,5:41:7,596,363
6430006,211,5:41:8,571,441
6430006,210,5:41:9,806,564
6430006,211,5:41:10,1020,578
6430006,210,5:41:11,963,530
6430006,211,5:41:11,951,535
6430006,210,5:41:12,743,358
6430006,211,5:41:12,745,359
6430006,210,5:41:13,758,391
6430006,211,5:41:13,757,407
6430006,210,5:41:14,761,461
6430006,211,5:41:14,764,453
6430006,210,5:41:15,812,398
6430006,211,5:41:15,811,398
6430006,210,5:41:15,895,262
6430006,211,5:41:16,900,265
6430006,213,5:41:16,6,s_door_M_gen,true
6430006,210,5:41:18,855,102
6430006,211,5:41:19,856,104
6430006,210,5:41:19,1012,136
6430006,211,5:41:20,1017,133
6430006,210,5:41:20,1141,182
6430006,211,5:41:20,1138,184
6430006,210,5:41:21,363,377
6430006,211,5:41:21,384,369
6430006,210,5:41:22,381,486
6430006,211,5:41:22,380,498
6430006,210,5:41:25,533,601
6430006,211,5:41:26,533,604
6430006,204,5:41:30,6
6430006,103,5:41:32
6430006,105,5:41:33
6430006,703,5:41:35,[|| EpilogueItem ID: 0 unlocked: true ||,|| EpilogueItem ID: 1 unlocked: true ||,|| EpilogueItem ID: 2 unlocked: true ||,|| EpilogueItem ID: 3 unlocked: false ||,|| EpilogueItem ID: 4 unlocked: true ||,|| EpilogueItem ID: 5 unlocked: false ||,|| EpilogueItem ID: 6 unlocked: false ||,|| EpilogueItem ID: 7 unlocked: false ||,|| EpilogueItem ID: 8 unlocked: false ||,|| EpilogueItem ID: 9 unlocked: false ||,|| EpilogueItem ID: 10 unlocked: false ||,|| EpilogueItem ID: 11 unlocked: false ||,|| EpilogueItem ID: 12 unlocked: false ||,|| EpilogueItem ID: 13 unlocked: false ||,|| EpilogueItem ID: 14 unlocked: false ||,|| EpilogueItem ID: 15 unlocked: false ||,|| EpilogueItem ID: 16 unlocked: false ||,|| EpilogueItem ID: 17 unlocked: false ||,|| EpilogueItem ID: 18 unlocked: false ||,|| EpilogueItem ID: 19 unlocked: false ||,|| EpilogueItem ID: 20 unlocked: false ||,|| EpilogueItem ID: 21 unlocked: false ||,|| EpilogueItem ID: 22 unlocked: false ||,|| EpilogueItem ID: 23 unlocked: false ||,|| EpilogueItem ID: 24 unlocked: false ||],0.16
6430006,707,5:41:40,4,1
6430006,706,5:41:40,(x=2531, y=-100, w=1024, h=768),(x=2531, y=-100, w=1024, h=768)
6430006,707,5:41:40,1,0
6430006,706,5:41:40,(x=2531, y=-100, w=1024, h=768),(x=2531, y=-100, w=1024, h=768)
6430006,708,5:41:41
6430006,1,5:41:41,7/23/2013 12:03:37pm,{"gameTime":20501495,"challengeStacks":[{"challengeScenes":[{"miniGameCards":[],"viewedAnimatic":true,"keyPoints":["c_teacherEng_G7a0","c_bestFriend_M_a_G7a0","s_flag_gen"],"unlocked":true,"touchableObjects":["s_otherStudent1_G7a0","c_teacherEng_G7a0","c_bestFriend_M_a_G7a0","c_crewKid1_M_G7a0","s_doorClassroom_G7a0","s_flag_gen"]},{"miniGameCards":[],"viewedAnimatic":true,"keyPoints":["c_bestFriend_M_a_G7a1N","c_teacherEng_G7a1N","s_paperPlayers_G7a1N"],"unlocked":true,"touchableObjects":["c_bestFriend_M_a_G7a1N","c_teacherEng_G7a1N","s_flag_gen","s_posterPlagiarism_gen","s_paperPlayers_G7a1N"]},{"miniGameCards":[],"viewedAnimatic":true,"keyPoints":["c_teacherEng_G7a1P","c_bestFriend_M_a_G7a1P","s_flag_gen","s_paperEnglish_gen"],"unlocked":true,"touchableObjects":["c_teacherEng_G7a1P","s_paperPlayers_G7a1P","c_bestFriend_M_a_G7a1P","s_flag_gen","s_atwoodPoster_gen","s_paperEnglish_gen"]}],"stackSize":3,"resolved":true},{"challengeScenes":[{"miniGameCards":[],"viewedAnimatic":true,"keyPoints":["c_kidSister_afri_a_G7b0","c_crewKid1_M_G7b0","s_backpack_M_G7b0"],"unlocked":true,"touchableObjects":["s_snackBarWorker_G7b0","c_kidSister_afri_a_G7b0","c_crewKid2_M_G7b0","c_cousinsBrother_a_G7b0","c_crewKid1_M_G7b0","c_cousin_M_a_G7b0","c_cousinsBrothersFriend_a_G7b0","c_cousinsBrothersFriendsGF_G7b0","s_backpack_M_G7b0"]},{"miniGameCards":[],"viewedAnimatic":true,"keyPoints":["c_crewKid1_M_G7b1N","s_sprayPaintCan_G7b1N","s_graffiti_G7b1N","s_brokenCarWindow_G7b1N","c_kidSister_afri_a_G7b1N"],"unlocked":true,"touchableObjects":["c_teacherEng_G7b1N","c_crewKid1_M_G7b1N","s_sprayPaintCan_G7b1N","s_wreckedPlants_G7b1N","s_graffiti_G7b1N","s_brokenCarWindow_G7b1N","c_policeOfficer_G7b1N","c_kidSister_afri_a_G7b1N"]},{"miniGameCards":[],"viewedAnimatic":true,"keyPoints":["c_cousin_M_a_G7b1P","c_cousinsBrother_a_G7b1P","c_cousinsBrothersFriend_a_G7b1P","s_poolDay_ruleSign_G7b1P"],"unlocked":true,"touchableObjects":["c_cousin_M_a_G7b1P","c_kidSister_afri_a_G7b1P","c_cousinsBrother_a_G7b1P","c_cousinsBrothersFriend_a_G7b1P","s_poolDay_ruleSign_G7b1P"]},{"miniGameCards":[],"viewedAnimatic":true,"keyPoints":["c_crush1_M_a_G7b2N","s_kid1_G7b2N","c_kidSister_afri_a_G7b2N","c_cousin_M_a_G7b2N"],"unlocked":true,"touchableObjects":["c_crush1_M_a_G7b2N","s_kid1_G7b2N","c_kidSister_afri_a_G7b2N","s_cousinsBFgirlfriend_G7b2N","c_cousinsBrother_a_G7b2N","c_crewKid2_M_G7b2N","c_cousin_M_a_G7b2N"]},{"miniGameCards":[],"viewedAnimatic":true,"keyPoints":["c_cousin_M_a_G7b2P","s_computer_M_G7b2P","c_kidSister_afri_a_G7b2P"],"unlocked":true,"touchableObjects":["c_cousin_M_a_G7b2P","s_calendar_M_gen","s_computer_M_G7b2P","c_kidSister_afri_a_G7b2P"]}],"stackSize":5,"resolved":true},{"challengeScenes":[{"miniGameCards":[],"viewedAnimatic":true,"keyPoints":["s_clock_G8a0","c_cousin_M_a_G8a0","c_crush2_M_a_G8a0","s_cellphone_G8a0","s_bottleCrush2_M_G8a0"],"unlocked":true,"touchableObjects":["s_clock_G8a0","c_cousin_M_a_G8a0","s_stairs_G8a0","s_cigaretteKid1_G8a0","c_crush2_M_a_G8a0","c_friend1_M_G8a0","s_cellphone_G8a0","s_bottleTable_G8a0","s_beerCooler_G8a0","s_bottleFloor_G8a0","s_bottleCrush2_M_G8a0"]},{"miniGameCards":[],"viewedAnimatic":true,"keyPoints":["s_basementDoor_gen","s_dirtyClothes_gen","s_crush2Eyes_M_G8a1N","s_crush2Lips_M_G8a1N","s_crush2Sore_M_G8a1N"],"unlocked":true,"touchableObjects":["c_crush2_M_a_G8a1N","s_waterHeater_gen","s_basementDoor_gen","s_dirtyClothes_gen","s_inhalantsShelf_gen","s_dryer_G8a1N","s_crush2Eyes_M_G8a1N","s_crush2Lips_M_G8a1N","s_crush2Sore_M_G8a1N"]},{"miniGameCards":[],"viewedAnimatic":true,"keyPoints":["s_dirtyClothes_gen","s_basementDoor_gen","c_crush2_M_a_G8a1P","s_inhalantsShelf_gen"],"unlocked":true,"touchableObjects":["s_dirtyClothes_gen","s_basementDoor_gen","c_crush2_M_a_G8a1P","s_inhalantsShelf_gen"]},{"miniGameCards":[],"viewedAnimatic":true,"keyPoints":["s_spraypaintCan_G8a2N","c_crush2_M_a_G8a2N"],"unlocked":true,"touchableObjects":["s_fumes_G8a2N","s_spraypaintCan_G8a2N","c_friend1_M_a_G8a2N","c_crush2_M_a_G8a2N"]},{"miniGameCards":[],"viewedAnimatic":true,"keyPoints":["c_kidSister_afri_a_G8a2P","c_crush2_M_a_G8a2P","s_pictureDad_afri_gen","s_magazine_G8a2P","s_sistersToy_G8a2P"],"unlocked":true,"touchableObjects":["c_grandma_afri_a_G8a2P","c_kidSister_afri_a_G8a2P","c_crush2_M_a_G8a2P","s_pictureDad_afri_gen","s_magazine_G8a2P","s_videoGame_G8a2P","s_sistersToy_G8a2P"]},{"miniGameCards":[],"viewedAnimatic":true,"keyPoints":["c_nurse_a_G8a3N","s_pamphlet3_G8a3N","s_mirror_afri_M_a_G8a3N","s_pamphlet1_G8a3N"],"unlocked":true,"touchableObjects":["c_nurse_a_G8a3N","s_pamphlet3_G8a3N","s_mirror_afri_M_a_G8a3N","s_pamphlet1_G8a3N"]},{"miniGameCards":[],"viewedAnimatic":true,"keyPoints":["c_crush2_M_a_G8a3P","s_kidsCouch_G8a3P"],"unlocked":true,"touchableObjects":["c_crush2_M_a_G8a3P","s_kidsCouch_G8a3P"]}],"stackSize":7,"resolved":true},{"challengeScenes":[{"miniGameCards":[],"viewedAnimatic":true,"keyPoints":["c_friend1_M_a_G8b0","s_pillBottle_G8b0","c_kidSister_afri_a_G8b0"],"unlocked":true,"touchableObjects":["c_friend1_M_a_G8b0","c_grandma_afri_a_G8b0","s_pillBottle_G8b0","c_kidSister_afri_a_G8b0"]},{"miniGameCards":[],"viewedAnimatic":true,"keyPoints":["c_friend1_M_a_G8b1N","c_kidSister_afri_a_G8b1N","c_grandma_afri_a_G8b1N"],"unlocked":true,"touchableObjects":["c_friend1_M_a_G8b1N","c_kidSister_afri_a_G8b1N","c_grandma_afri_a_G8b1N"]},{"miniGameCards":[],"viewedAnimatic":true,"keyPoints":[],"unlocked":true,"touchableObjects":[]},{"miniGameCards":[],"viewedAnimatic":false,"keyPoints":[],"unlocked":true,"touchableObjects":[]},{"miniGameCards":[],"viewedAnimatic":false,"keyPoints":[],"unlocked":false,"touchableObjects":[]}],"stackSize":5,"resolved":false},{"challengeScenes":[{"miniGameCards":[],"viewedAnimatic":true,"keyPoints":["s_clock_M_G9a0","s_door_M_gen","s_bathingSuit_M_G9a0","s_cellPhone_M_G9a0"],"unlocked":true,"touchableObjects":["s_clock_M_G9a0","s_door_M_gen","s_bathingSuit_M_G9a0","s_cellPhone_M_G9a0"]},{"miniGameCards":[],"viewedAnimatic":true,"keyPoints":["c_cousin_M_a_G9a1N","s_kid3_G9a1N","s_fence_G9a1N","c_policeOfficer_G9a1N"],"unlocked":true,"touchableObjects":["c_cousin_M_a_G9a1N","s_kid3_G9a1N","s_policeCar_G9a1N","s_fence_G9a1N","c_policeOfficer_G9a1N"]},{"miniGameCards":[],"viewedAnimatic":true,"keyPoints":["s_door_M_gen","s_calendar_M_gen","c_cousin_M_a_G9a1P","s_joint_M_G9a1P","s_basketball_M_gen"],"unlocked":true,"touchableObjects":["s_door_M_gen","s_calendar_M_gen","c_cousin_M_a_G9a1P","s_joint_M_G9a1P","s_basketball_M_gen"]},{"miniGameCards":[],"viewedAnimatic":true,"keyPoints":["c_cousin_M_a_G9a2N","s_pictureDad_afri_M_gen","c_mom_afri_a_G9a2N","c_kidSister_afri_a_G9a2N"],"unlocked":true,"touchableObjects":["s_cookieTrayEmpty_M_G9a2N","s_potSmokeCloud_M_G9a2N","c_cousin_M_a_G9a2N","s_pictureDad_afri_M_gen","c_mom_afri_a_G9a2N","c_kidSister_afri_a_G9a2N"]},{"miniGameCards":[],"viewedAnimatic":true,"keyPoints":["s_door_gen","s_pizzaBox_G9a2P","c_cousin_M_a_G9a2P","c_mom_afri_a_G9a2P"],"unlocked":true,"touchableObjects":["s_door_gen","s_pizzaBox_G9a2P","c_cousin_M_a_G9a2P","c_mom_afri_a_G9a2P"]}],"stackSize":5,"resolved":true},{"challengeScenes":[{"miniGameCards":[],"viewedAnimatic":false,"keyPoints":[],"unlocked":false,"touchableObjects":[]},{"miniGameCards":[],"viewedAnimatic":false,"keyPoints":[],"unlocked":false,"touchableObjects":[]},{"miniGameCards":[],"viewedAnimatic":false,"keyPoints":[],"unlocked":false,"touchableObjects":[]},{"miniGameCards":[],"viewedAnimatic":false,"keyPoints":[],"unlocked":false,"touchableObjects":[]},{"miniGameCards":[],"viewedAnimatic":false,"keyPoints":[],"unlocked":false,"touchableObjects":[]}],"stackSize":5,"resolved":false},{"challengeScenes":[{"miniGameCards":[],"viewedAnimatic":true,"keyPoints":["c_crush1_M_b_G10a0","s_drawer_M_G10a0","s_cellPhone_M_G10a0","s_basketball_M_gen","s_window_M_G10a0"],"unlocked":true,"touchableObjects":["c_crush1_M_b_G10a0","s_bed1_M_G10a0","s_drawer_M_G10a0","s_cellPhone_M_G10a0","s_basketball_M_gen","s_window_M_G10a0"]},{"miniGameCards":[],"viewedAnimatic":true,"keyPoints":["s_condom_M_G10a1N","c_crush1_M_b_G10a1N","s_mirror_M_G10a1N"],"unlocked":true,"touchableObjects":["s_condom_M_G10a1N","s_crushClothes_M_G10a1N","c_crush1_M_b_G10a1N","s_mirror_M_G10a1N","s_door_M_gen"]},{"miniGameCards":[],"viewedAnimatic":false,"keyPoints":[],"unlocked":false,"touchableObjects":[]},{"miniGameCards":[],"viewedAnimatic":true,"keyPoints":[],"unlocked":true,"touchableObjects":[]},{"miniGameCards":[],"viewedAnimatic":false,"keyPoints":[],"unlocked":false,"touchableObjects":[]}],"stackSize":5,"resolved":false},{"challengeScenes":[{"miniGameCards":[],"viewedAnimatic":false,"keyPoints":[],"unlocked":false,"touchableObjects":[]},{"miniGameCards":[],"viewedAnimatic":false,"keyPoints":[],"unlocked":false,"touchableObjects":[]},{"miniGameCards":[],"viewedAnimatic":false,"keyPoints":[],"unlocked":false,"touchableObjects":[]},{"miniGameCards":[],"viewedAnimatic":false,"keyPoints":[],"unlocked":false,"touchableObjects":[]},{"miniGameCards":[],"viewedAnimatic":false,"keyPoints":[],"unlocked":false,"touchableObjects":[]}],"stackSize":5,"resolved":false},{"challengeScenes":[{"miniGameCards":[],"viewedAnimatic":false,"keyPoints":[],"unlocked":true,"touchableObjects":[]},{"miniGameCards":[],"viewedAnimatic":false,"keyPoints":[],"unlocked":true,"touchableObjects":[]},{"miniGameCards":[],"viewedAnimatic":false,"keyPoints":[],"unlocked":false,"touchableObjects":[]},{"miniGameCards":[],"viewedAnimatic":false,"keyPoints":[],"unlocked":false,"touchableObjects":[]},{"miniGameCards":[],"viewedAnimatic":false,"keyPoints":[],"unlocked":false,"touchableObjects":[]}],"stackSize":5,"resolved":false},{"challengeScenes":[{"miniGameCards":[],"viewedAnimatic":false,"keyPoints":[],"unlocked":false,"touchableObjects":[]},{"miniGameCards":[],"viewedAnimatic":false,"keyPoints":[],"unlocked":false,"touchableObjects":[]},{"miniGameCards":[],"viewedAnimatic":false,"keyPoints":[],"unlocked":false,"touchableObjects":[]},{"miniGameCards":[],"viewedAnimatic":false,"keyPoints":[],"unlocked":false,"touchableObjects":[]},{"miniGameCards":[],"viewedAnimatic":false,"keyPoints":[],"unlocked":false,"touchableObjects":[]}],"stackSize":5,"resolved":false},{"challengeScenes":[{"miniGameCards":[],"viewedAnimatic":true,"keyPoints":[],"unlocked":true,"touchableObjects":[]},{"miniGameCards":[],"viewedAnimatic":false,"keyPoints":[],"unlocked":true,"touchableObjects":[]},{"miniGameCards":[],"viewedAnimatic":false,"keyPoints":[],"unlocked":false,"touchableObjects":[]},{"miniGameCards":[],"viewedAnimatic":false,"keyPoints":[],"unlocked":true,"touchableObjects":[]},{"miniGameCards":[],"viewedAnimatic":false,"keyPoints":[],"unlocked":false,"touchableObjects":[]}],"stackSize":5,"resolved":false},{"challengeScenes":[{"miniGameCards":[],"viewedAnimatic":false,"keyPoints":[],"unlocked":false,"touchableObjects":[]},{"miniGameCards":[],"viewedAnimatic":false,"keyPoints":[],"unlocked":false,"touchableObjects":[]},{"miniGameCards":[],"viewedAnimatic":false,"keyPoints":[],"unlocked":false,"touchableObjects":[]},{"miniGameCards":[],"viewedAnimatic":false,"keyPoints":[],"unlocked":false,"touchableObjects":[]},{"miniGameCards":[],"viewedAnimatic":false,"keyPoints":[],"unlocked":false,"touchableObjects":[]}],"stackSize":5,"resolved":false},{"challengeScenes":[{"miniGameCards":[],"viewedAnimatic":false,"keyPoints":[],"unlocked":true,"touchableObjects":["c_player_afri_M_a_G0a0"]},{"miniGameCards":[],"viewedAnimatic":false,"keyPoints":["c_job_G0a1N","c_home_G0a1N","c_family_afri_a_G0a1N"],"unlocked":true,"touchableObjects":["c_player_afri_M_a_G0a1N","c_job_G0a1N","c_home_G0a1N","c_family_afri_a_G0a1N"]},{"miniGameCards":[],"viewedAnimatic":false,"keyPoints":["c_grandma_afri_a_G0a1P","c_kidsister_afri_a_G0a1P","c_Teacher_G0a1P","c_dad_afri_a_G0a1P","c_mom_afri_a_G0a1P","c_Nurse_G0a1P"],"unlocked":true,"touchableObjects":["c_friends_G0a1P","c_cousins_M_a_G0a1P","c_grandma_afri_a_G0a1P","c_kidsister_afri_a_G0a1P","c_Teacher_G0a1P","c_dad_afri_a_G0a1P","c_mom_afri_a_G0a1P","c_Nurse_G0a1P"]}],"stackSize":3,"resolved":true}],"sessionId":9,"epilogue":{"rating":0},"playerId":6430006,"session":[{"sceneId":"1P","stackId":12},{"sceneId":"1P","stackId":0},{"sceneId":"1P","stackId":1},{"sceneId":"1N","stackId":1},{"sceneId":"2P","stackId":1},{"sceneId":"3P","stackId":2},{"sceneId":"1P","stackId":2},{"sceneId":"1N","stackId":2},{"sceneId":"2P","stackId":2},{"sceneId":"1P","stackId":4},{"sceneId":"1N","stackId":4},{"sceneId":"2P","stackId":4},{"sceneId":"1P","stackId":3},{"sceneId":"1N","stackId":3}],"minigames":[{"levelSaveData":[{"starRating":3,"unlocked":true},{"starRating":3,"unlocked":true},{"starRating":2,"unlocked":true},{"starRating":3,"unlocked":true},{"starRating":0,"unlocked":false},{"starRating":0,"unlocked":false},{"starRating":2,"unlocked":true},{"starRating":0,"unlocked":true},{"starRating":0,"unlocked":true},{"starRating":0,"unlocked":true}],"skillPoints":13},{"levelSaveData":[{"starRating":3,"unlocked":true},{"starRating":3,"unlocked":true},{"starRating":3,"unlocked":true},{"starRating":3,"unlocked":true},{"starRating":0,"unlocked":true},{"starRating":0,"unlocked":false},{"starRating":0,"unlocked":false},{"starRating":0,"unlocked":false},{"starRating":3,"unlocked":true},{"starRating":0,"unlocked":true}],"skillPoints":15},{"levelSaveData":[{"starRating":3,"unlocked":true},{"starRating":3,"unlocked":true},{"starRating":2,"unlocked":true},{"starRating":3,"unlocked":true},{"starRating":0,"unlocked":false},{"starRating":0,"unlocked":false},{"starRating":0,"unlocked":false},{"starRating":3,"unlocked":true},{"starRating":1,"unlocked":true},{"starRating":0,"unlocked":false}],"skillPoints":15},{"levelSaveData":[{"starRating":3,"unlocked":true},{"starRating":2,"unlocked":true},{"starRating":0,"unlocked":false},{"starRating":2,"unlocked":true},{"starRating":2,"unlocked":true},{"starRating":2,"unlocked":true},{"starRating":0,"unlocked":true},{"starRating":0,"unlocked":false},{"starRating":0,"unlocked":false},{"starRating":0,"unlocked":false}],"skillPoints":11},{"age":12,"name":"bryant","gender":0,"levelSaveData":[{"starRating":3,"unlocked":true},{"starRating":3,"chunks":[["0"],["15","10"],["6","10","8"],["0"]],"unlocked":true},{"starRating":3,"chunks":[["0"],["1","11"],["0","5"]],"unlocked":true},{"starRating":3,"chunks":[["3"],["8"],["1"],["2"],["3","0"],["8"]],"unlocked":true},{"starRating":3,"chunks":[["5"],["1"],["7","0"],["1"],["4"],["2"]],"unlocked":true},{"starRating":0,"chunks":[[null],[null,null,null,null],[null],[null]],"unlocked":false},{"starRating":0,"chunks":[[null],[null],[null,null],[null,null],[null]],"unlocked":true},{"starRating":0,"chunks":[[null,null,null],[null,null,null],[null],[null],[null]],"unlocked":true},{"starRating":0,"chunks":[[null,null,null],[null,null,null],[null,null]],"unlocked":true},{"starRating":0,"chunks":[[null],[null],[null],[null],[null],[null]],"unlocked":false}],"visualAvatar":0,"id":0,"skillPoints":15}],"avatar":{"age":12,"name":"bryant","gender":0,"levelSaveData":[{"starRating":3,"unlocked":true},{"starRating":3,"chunks":[["0"],["15","10"],["6","10","8"],["0"]],"unlocked":true},{"starRating":3,"chunks":[["0"],["1","11"],["0","5"]],"unlocked":true},{"starRating":3,"chunks":[["3"],["8"],["1"],["2"],["3","0"],["8"]],"unlocked":true},{"starRating":3,"chunks":[["5"],["1"],["7","0"],["1"],["4"],["2"]],"unlocked":true},{"starRating":0,"chunks":[[null],[null,null,null,null],[null],[null]],"unlocked":false},{"starRating":0,"chunks":[[null],[null],[null,null],[null,null],[null]],"unlocked":true},{"starRating":0,"chunks":[[null,null,null],[null,null,null],[null],[null],[null]],"unlocked":true},{"starRating":0,"chunks":[[null,null,null],[null,null,null],[null,null]],"unlocked":true},{"starRating":0,"chunks":[[null],[null],[null],[null],[null],[null]],"unlocked":false}],"visualAvatar":0,"id":0,"skillPoints":15}}
