6430002,0,4:42:17,7/22/2013 11:27:28am
6430002,100,4:42:22,2
6430002,102,4:42:23,2
6430002,200,4:42:23,2,15,18,15,15,18
6430002,221,4:42:40,2
6430002,220,4:42:42,2
6430002,219,4:42:42,2
6430002,216,4:42:43,Stack_G8a1P
6430002,217,4:43:2,Stack_G8a1P,17,0.00
6430002,218,4:43:4,2
6430002,210,4:43:5,431,549
6430002,211,4:43:7,1009,475
6430002,213,4:43:7,2,c_crush2_F_a_G8a1P,true
6430002,205,4:43:7,2,c_crush2_F_a_G8a1P,false,false
6430002,210,4:43:11,1175,410
6430002,207,4:43:11,2,-200,-290
6430002,211,4:43:12,1168,447
6430002,213,4:43:12,2,s_spraypaintCrush2_F_G8a1P,true
6430002,210,4:43:14,1158,416
6430002,207,4:43:14,2,-290,-380
6430002,207,4:43:15,2,-380,-492
6430002,207,4:43:18,2,-492,-357
6430002,207,4:43:20,2,-357,0
6430002,211,4:43:21,212,617
6430002,213,4:43:21,2,s_waterHeater_gen,true
6430002,212,4:43:25,1
6430002,210,4:43:25,591,593
6430002,211,4:43:26,575,622
6430002,213,4:43:26,2,s_dirtyClothes_gen,true
6430002,205,4:43:26,2,s_dirtyClothes_gen,false,false
6430002,210,4:43:29,377,517
6430002,211,4:43:31,502,163
6430002,213,4:43:31,2,s_basementDoor_gen,true
6430002,205,4:43:31,2,s_basementDoor_gen,false,false
6430002,210,4:43:34,742,471
6430002,207,4:43:37,2,0,-345
6430002,207,4:43:38,2,-345,-492
6430002,211,4:43:40,1485,608
6430002,212,4:43:40,0
6430002,210,4:43:40,1432,560
6430002,207,4:43:44,2,-492,-312
6430002,207,4:43:50,2,-312,-72
6430002,207,4:43:52,2,-72,0
6430002,211,4:43:54,49,607
6430002,212,4:43:54,2
6430002,210,4:43:55,495,550
6430002,207,4:44:1,2,0,-375
6430002,207,4:44:2,2,-375,-465
6430002,207,4:44:3,2,-465,-492
6430002,211,4:44:5,1352,507
6430002,212,4:44:6,1
6430002,210,4:44:6,1379,573
6430002,207,4:44:12,2,-492,-432
6430002,207,4:44:14,2,-432,-192
6430002,207,4:44:16,2,-192,0
6430002,211,4:44:19,910,615
6430002,212,4:44:19,0
6430002,212,4:44:19,2
6430002,210,4:44:20,856,594
6430002,211,4:44:21,793,498
6430002,212,4:44:22,0
6430002,210,4:44:22,755,510
6430002,211,4:44:33,634,694
6430002,210,4:44:35,673,523
6430002,207,4:44:37,2,0,-345
6430002,207,4:44:39,2,-345,-492
6430002,211,4:44:54,1365,510
6430002,213,4:44:54,2,s_inhalantsShelf_gen,true
6430002,205,4:44:54,2,s_inhalantsShelf_gen,false,false
6430002,219,4:44:58,2
6430002,216,4:44:59,Stack_G8a2N
6430002,217,4:45:5,Stack_G8a2N,4.3,1.7
6430002,218,4:45:7,2
6430002,210,4:45:9,1000,389
6430002,211,4:45:9,1047,436
6430002,213,4:45:9,2,s_fumes_G8a2N,true
6430002,210,4:45:13,1090,572
6430002,207,4:45:13,2,-200,-380
6430002,211,4:45:14,1215,533
6430002,213,4:45:14,2,s_spraypaintCan_G8a2N,true
6430002,205,4:45:14,2,s_spraypaintCan_G8a2N,false,false
6430002,207,4:45:18,2,-380,-410
6430002,210,4:45:18,1353,531
6430002,207,4:45:18,2,-410,-470
6430002,207,4:45:22,2,-470,-305
6430002,211,4:45:23,498,168
6430002,213,4:45:23,2,c_friend1_F_a_G8a2N,true
6430002,210,4:45:27,410,145
6430002,207,4:45:30,2,-305,-50
6430002,207,4:45:31,2,-50,0
6430002,207,4:45:33,2,0,-195
6430002,211,4:45:34,1048,431
6430002,213,4:45:34,2,s_fumes_G8a2N,true
6430002,212,4:45:38,1
6430002,207,4:45:38,2,-195,-210
6430002,210,4:45:38,1118,535
6430002,211,4:45:39,1116,583
6430002,213,4:45:39,2,c_crush2_F_a_G8a2N,true
6430002,205,4:45:39,2,c_crush2_F_a_G8a2N,false,false
6430002,221,4:45:44,2
6430002,220,4:45:46,2
6430002,219,4:45:46,2
6430002,216,4:45:47,Stack_G8a2P
6430002,217,4:46:2,Stack_G8a2P,13,0.33
6430002,218,4:46:3,2
6430002,210,4:46:4,611,601
6430002,207,4:46:7,2,-400,-265
6430002,207,4:46:7,2,-265,-130
6430002,207,4:46:8,2,-130,-25
6430002,211,4:46:9,226,623
6430002,213,4:46:9,2,s_videoGame_G8a2P,true
6430002,210,4:46:11,172,426
6430002,211,4:46:14,764,278
6430002,213,4:46:14,2,s_door_gen,true
6430002,210,4:46:17,943,311
6430002,207,4:46:20,2,-25,-295
6430002,211,4:46:21,1173,588
6430002,213,4:46:21,2,c_grandma_afri_a_G8a2P,true
6430002,210,4:46:24,1050,270
6430002,211,4:46:26,1215,109
6430002,213,4:46:26,2,s_clock_G8a2P,true
6430002,207,4:46:30,2,-295,-310
6430002,210,4:46:30,1128,359
6430002,207,4:46:31,2,-310,-535
6430002,211,4:46:33,1340,372
6430002,213,4:46:33,2,c_grandma_afri_a_G8a2P,true
6430002,210,4:46:36,1418,266
6430002,211,4:46:37,1631,246
6430002,207,4:46:37,2,-535,-625
6430002,210,4:46:37,1651,278
6430002,207,4:46:37,2,-625,-685
6430002,207,4:46:38,2,-685,-715
6430002,207,4:46:39,2,-715,-995
6430002,211,4:46:42,2013,630
6430002,212,4:46:43,0
6430002,210,4:46:44,1832,500
6430002,211,4:46:45,1530,607
6430002,213,4:46:45,2,s_magazine_G8a2P,true
6430002,205,4:46:45,2,s_magazine_G8a2P,false,false
6430002,210,4:46:49,1363,579
6430002,211,4:46:50,1378,622
6430002,213,4:46:50,2,s_ashtray_G8a2P,true
6430002,210,4:46:53,1112,438
6430002,211,4:46:57,1982,136
6430002,212,4:46:57,1
6430002,210,4:46:58,1843,542
6430002,211,4:46:58,1843,566
6430002,212,4:46:58,2
6430002,210,4:46:59,1834,496
6430002,211,4:46:59,1882,530
6430002,213,4:46:59,2,c_crush2_F_a_G8a2P,true
6430002,205,4:46:59,2,c_crush2_F_a_G8a2P,false,false
6430002,210,4:47:3,1564,428
6430002,211,4:47:9,1332,376
6430002,213,4:47:9,2,s_teaCup_G8a2P,true
6430002,210,4:47:10,1043,368
6430002,207,4:47:11,2,-995,-935
6430002,207,4:47:13,2,-935,-770
6430002,207,4:47:16,2,-770,-635
6430002,207,4:47:18,2,-635,-440
6430002,207,4:47:20,2,-440,-290
6430002,211,4:47:21,497,548
6430002,210,4:47:21,483,488
6430002,211,4:47:22,483,489
6430002,213,4:47:22,2,c_kidSister_afri_a_G8a2P,true
6430002,205,4:47:22,2,c_kidSister_afri_a_G8a2P,false,false
6430002,210,4:47:25,642,515
6430002,207,4:47:28,2,-290,0
6430002,211,4:47:32,210,232
6430002,213,4:47:32,2,s_stairs_G8a2P,true
6430002,210,4:47:35,378,309
6430002,211,4:47:38,594,304
6430002,212,4:47:39,1
6430002,210,4:47:40,635,549
6430002,207,4:47:49,2,0,-180
6430002,207,4:47:50,2,-180,-210
6430002,207,4:47:51,2,-210,-255
6430002,207,4:47:52,2,-255,-540
6430002,207,4:47:53,2,-540,-795
6430002,211,4:47:53,1891,652
6430002,207,4:47:53,2,-795,-885
6430002,207,4:47:54,2,-885,-930
6430002,210,4:47:54,1868,604
6430002,207,4:47:54,2,-930,-995
6430002,211,4:47:54,2017,580
6430002,210,4:47:55,1997,547
6430002,211,4:48:7,1372,626
6430002,212,4:48:7,0
6430002,210,4:48:8,1528,579
6430002,207,4:48:19,2,-995,-755
6430002,207,4:48:21,2,-755,-470
6430002,211,4:48:23,684,590
6430002,213,4:48:23,2,s_sistersToy_G8a2P,true
6430002,205,4:48:23,2,s_sistersToy_G8a2P,false,false
6430002,210,4:48:26,689,398
6430002,207,4:48:27,2,-470,-290
6430002,211,4:48:36,668,442
6430002,212,4:48:37,1
6430002,210,4:48:37,832,309
6430002,211,4:48:39,824,126
6430002,212,4:48:39,2
6430002,210,4:48:40,830,90
6430002,207,4:48:43,2,-290,0
6430002,211,4:48:48,28,474
6430002,212,4:48:49,0
6430002,212,4:48:49,1
6430002,210,4:48:50,145,477
6430002,211,4:48:53,297,540
6430002,212,4:48:53,0
6430002,210,4:48:54,131,513
6430002,207,4:49:2,2,0,-210
6430002,211,4:49:4,949,411
6430002,212,4:49:5,1
6430002,210,4:49:5,917,308
6430002,211,4:49:7,964,187
6430002,212,4:49:8,2
6430002,210,4:49:8,912,330
6430002,207,4:49:11,2,-210,-390
6430002,207,4:49:15,2,-390,-915
6430002,211,4:49:15,1855,568
6430002,213,4:49:15,2,c_crush2_F_a_G8a2P,true
6430002,205,4:49:15,2,c_crush2_F_a_G8a2P,false,true
6430002,221,4:49:18,2
6430002,220,4:49:26,2
6430002,207,4:49:27,2,-915,-915
6430002,210,4:49:27,1802,564
6430002,207,4:49:27,2,-915,-995
6430002,211,4:49:31,1984,129
6430002,213,4:49:31,2,s_pictureDad_afri_gen,true
6430002,205,4:49:31,2,s_pictureDad_afri_gen,false,false
6430002,221,4:49:35,2
6430002,220,4:49:36,2
6430002,203,4:49:36,2
6430002,100,4:49:40,3
6430002,102,4:49:41,3
6430002,200,4:49:41,3,15,18,15,15,18
6430002,219,4:49:41,3
6430002,216,4:49:42,Stack_G8b0
6430002,217,4:49:59,Stack_G8b0,16,0.00
6430002,218,4:50:0,3
6430002,210,4:50:1,708,298
6430002,207,4:50:5,3,-200,-65
6430002,207,4:50:6,3,-65,0
6430002,211,4:50:9,1202,590
6430002,207,4:50:9,3,0,-195
6430002,207,4:50:10,3,-195,-225
6430002,210,4:50:10,1107,562
6430002,211,4:50:10,1308,550
6430002,207,4:50:10,3,-225,-300
6430002,210,4:50:10,1397,538
6430002,207,4:50:10,3,-300,-450
6430002,207,4:50:12,3,-450,-645
6430002,211,4:50:13,1461,305
6430002,213,4:50:13,3,c_grandma_afri_a_G8b0,true
6430002,207,4:50:16,3,-645,-690
6430002,210,4:50:16,1634,447
6430002,207,4:50:16,3,-690,-810
6430002,211,4:50:17,1681,453
6430002,213,4:50:17,3,c_friend1_F_a_G8b0,true
6430002,205,4:50:17,3,c_friend1_F_a_G8b0,false,false
6430002,210,4:50:21,1856,293
6430002,207,4:50:21,3,-810,-995
6430002,211,4:50:23,1843,190
6430002,213,4:50:23,3,s_pictureMom_afri_gen,true
6430002,210,4:50:25,1934,135
6430002,211,4:50:30,1170,419
6430002,212,4:50:31,1
6430002,210,4:50:31,1591,471
6430002,211,4:50:38,487,317
6430002,207,4:50:38,3,-995,-470
6430002,207,4:50:39,3,-470,-410
6430002,210,4:50:39,495,268
6430002,207,4:50:40,3,-410,-95
6430002,211,4:50:41,260,170
6430002,213,4:50:41,3,c_kidSister_afri_a_G8b0,true
6430002,205,4:50:41,3,c_kidSister_afri_a_G8b0,false,false
6430002,212,4:50:44,0
6430002,210,4:50:45,1065,366
6430002,211,4:50:45,1235,325
6430002,207,4:50:45,3,-95,-215
6430002,207,4:50:46,3,-215,-260
6430002,210,4:50:46,1171,412
6430002,207,4:50:48,3,-260,-755
6430002,211,4:50:49,1560,335
6430002,210,4:50:50,1553,290
6430002,211,4:50:52,1556,332
6430002,213,4:50:52,3,s_pillBottle_G8b0,true
6430002,205,4:50:52,3,s_pillBottle_G8b0,false,false
6430002,219,4:50:55,3
6430002,216,4:50:55,Stack_G8b1N
6430002,217,4:51:9,Stack_G8b1N,11,0.67
6430002,218,4:51:10,3
6430002,210,4:51:11,622,433
6430002,207,4:51:12,3,-200,-5
6430002,207,4:51:13,3,-5,0
6430002,207,4:51:16,3,0,-195
6430002,207,4:51:16,3,-195,-270
6430002,207,4:51:17,3,-270,-360
6430002,211,4:51:18,1237,564
6430002,213,4:51:18,3,s_pillBottle_G8b1N,true
6430002,210,4:51:20,1005,311
6430002,207,4:51:21,3,-360,-512.45
6430002,211,4:51:22,1321,655
6430002,212,4:51:22,1
6430002,210,4:51:23,1083,482
6430002,207,4:51:24,3,-512.45,-422.45
6430002,211,4:51:25,615,468
6430002,213,4:51:25,3,c_friend1_F_a_G8b1N,true
6430002,205,4:51:25,3,c_friend1_F_a_G8b1N,false,false
6430002,210,4:51:28,394,530
6430002,207,4:51:29,3,-422.45,-272.45
6430002,211,4:51:29,184,556
6430002,207,4:51:29,3,-272.45,-167.45
6430002,210,4:51:29,132,548
6430002,207,4:51:30,3,-167.45,0
6430002,211,4:51:30,149,418
6430002,213,4:51:30,3,c_kidSister_afri_a_G8b1N,true
6430002,205,4:51:30,3,c_kidSister_afri_a_G8b1N,false,false
6430002,212,4:51:34,0
6430002,207,4:51:34,3,0,-15
6430002,210,4:51:34,922,389
6430002,207,4:51:35,3,-15,-90
6430002,211,4:51:35,1045,423
6430002,207,4:51:35,3,-90,-105
6430002,212,4:51:35,2
6430002,210,4:51:35,972,417
6430002,211,4:51:36,1016,438
6430002,213,4:51:36,3,c_grandma_afri_a_G8b1N,true
6430002,205,4:51:36,3,c_grandma_afri_a_G8b1N,false,false
6430002,221,4:51:41,3
6430002,220,4:51:43,3
6430002,219,4:51:43,3
6430002,216,4:51:44,Stack_G8b1P
6430002,217,4:51:55,Stack_G8b1P,10,1.0
6430002,218,4:51:56,3
6430002,210,4:51:57,815,491
6430002,211,4:51:58,889,528
6430002,213,4:51:58,3,c_friend1_F_a_G8b1P,true
6430002,205,4:51:58,3,c_friend1_F_a_G8b1P,false,false
6430002,210,4:52:1,147,593
6430002,207,4:52:1,3,-200,-50
6430002,207,4:52:1,3,-50,0
6430002,211,4:52:3,250,204
6430002,213,4:52:3,3,c_kidSister_afri_a_G8b1P,true
6430002,210,4:52:5,495,264
6430002,207,4:52:6,3,0,-300
6430002,207,4:52:7,3,-300,-375
6430002,207,4:52:11,3,-375,-615
6430002,211,4:52:12,1397,612
6430002,213,4:52:12,3,s_tvGuide_G8b1P,true
6430002,210,4:52:14,1679,588
6430002,207,4:52:15,3,-615,-855
6430002,207,4:52:16,3,-855,-995
6430002,211,4:52:18,1977,145
6430002,212,4:52:18,0
6430002,210,4:52:20,1898,120
6430002,207,4:52:24,3,-995,-770
6430002,211,4:52:24,996,482
6430002,210,4:52:25,987,470
6430002,211,4:52:26,991,491
6430002,213,4:52:26,3,s_pillBottle_F_G8b1P,true
6430002,205,4:52:26,3,s_pillBottle_F_G8b1P,false,false
6430002,210,4:52:29,1114,305
6430002,211,4:52:30,684,227
6430002,207,4:52:30,3,-770,-665
6430002,210,4:52:31,592,350
6430002,211,4:52:31,592,350
6430002,207,4:52:31,3,-665,-590
6430002,210,4:52:32,717,382
6430002,207,4:52:33,3,-590,-395
6430002,207,4:52:35,3,-395,0
6430002,211,4:52:38,247,471
6430002,212,4:52:39,1
6430002,210,4:52:40,250,221
6430002,211,4:52:40,253,232
6430002,213,4:52:40,3,c_kidSister_afri_a_G8b1P,true
6430002,212,4:52:42,0
6430002,210,4:52:43,277,212
6430002,211,4:52:44,531,557
6430002,212,4:52:44,2
6430002,210,4:52:45,241,181
6430002,207,4:52:49,3,0,-225
6430002,207,4:52:54,3,-225,-585
6430002,207,4:52:56,3,-585,-855
6430002,211,4:52:59,1471,202
6430002,212,4:53:0,1
6430002,210,4:53:0,1471,210
6430002,211,4:53:1,1465,253
6430002,213,4:53:1,3,c_grandma_afri_a_G8b1P,true
6430002,205,4:53:1,3,c_grandma_afri_a_G8b1P,false,false
6430002,219,4:53:6,3
6430002,216,4:53:6,Stack_G8b2N
6430002,217,4:53:14,Stack_G8b2N,5.2,0.33
6430002,218,4:53:14,3
6430002,210,4:53:15,408,506
6430002,211,4:53:16,315,548
6430002,213,4:53:16,3,s_kid2_G8b2N,true
6430002,210,4:53:18,574,530
6430002,211,4:53:19,815,480
6430002,213,4:53:19,3,c_crewKid2_F_a_G8b2N,true
6430002,205,4:53:19,3,c_crewKid2_F_a_G8b2N,false,false
6430002,210,4:53:23,984,443
6430002,211,4:53:24,1000,495
6430002,213,4:53:24,3,c_teacherEng_G8b2N,true
6430002,205,4:53:24,3,c_teacherEng_G8b2N,false,false
6430002,210,4:53:30,1227,432
6430002,207,4:53:30,3,-200,-380
6430002,211,4:53:31,1290,480
6430002,213,4:53:31,3,s_kid3_G8b2N,true
6430002,210,4:53:35,1195,472
6430002,211,4:53:35,1207,490
6430002,213,4:53:35,3,s_kid4_G8b2N,true
6430002,207,4:53:37,3,-380,-454
6430002,210,4:53:37,1460,467
6430002,211,4:53:38,1397,486
6430002,213,4:53:38,3,s_kid5_G8b2N,true
6430002,210,4:53:40,840,378
6430002,211,4:53:43,885,627
6430002,213,4:53:43,3,c_crewKid2_F_a_G8b2N,true
6430002,205,4:53:43,3,c_crewKid2_F_a_G8b2N,false,true
6430002,212,4:53:47,0
6430002,210,4:53:47,1203,430
6430002,211,4:53:49,1100,423
6430002,210,4:53:50,1085,385
6430002,211,4:53:52,1103,435
6430002,210,4:53:53,1105,401
6430002,211,4:53:55,1107,437
6430002,210,4:53:56,1091,369
6430002,211,4:53:58,1092,431
6430002,213,4:53:58,3,s_sandwichBagPills_G8b2N,true
6430002,205,4:53:58,3,s_sandwichBagPills_G8b2N,false,false
6430002,210,4:54:1,889,486
6430002,211,4:54:3,592,549
6430002,212,4:54:4,2
6430002,210,4:54:4,940,425
6430002,211,4:54:6,583,559
6430002,213,4:54:6,3,c_friend1_F_a_G8b2N,true
6430002,205,4:54:6,3,c_friend1_F_a_G8b2N,false,false
6430002,210,4:54:9,618,385
6430002,211,4:54:13,1068,544
6430002,212,4:54:13,1
6430002,210,4:54:14,845,118
6430002,211,4:54:16,609,534
6430002,212,4:54:18,0
6430002,210,4:54:18,1054,469
6430002,211,4:54:20,836,122
6430002,210,4:54:21,814,73
6430002,211,4:54:22,811,108
6430002,213,4:54:22,3,s_camera_gen,true
6430002,210,4:54:25,456,578
6430002,207,4:54:26,3,-454,-364
6430002,211,4:54:26,261,624
6430002,207,4:54:26,3,-364,-244
6430002,210,4:54:27,210,521
6430002,207,4:54:27,3,-244,0
6430002,211,4:54:29,112,510
6430002,213,4:54:29,3,s_kid1_G8b2N,true
6430002,210,4:54:30,114,243
6430002,207,4:54:34,3,0,-165
6430002,207,4:54:36,3,-165,-195
6430002,207,4:54:37,3,-195,-375
6430002,207,4:54:38,3,-375,-454
6430002,211,4:54:38,1476,370
6430002,210,4:54:39,1468,511
6430002,211,4:54:39,1465,543
6430002,212,4:54:40,1
6430002,210,4:54:40,1182,464
6430002,211,4:54:42,616,559
6430002,212,4:54:43,2
6430002,210,4:54:43,981,457
6430002,207,4:54:49,3,-454,-319
6430002,207,4:54:54,3,-319,-454
6430002,211,4:54:56,1303,554
6430002,212,4:54:56,1
6430002,210,4:54:57,1198,483
6430002,211,4:54:59,1029,513
6430002,213,4:54:59,3,c_teacherEng_G8b2N,true
6430002,205,4:54:59,3,c_teacherEng_G8b2N,false,true
6430002,212,4:55:3,0
6430002,210,4:55:3,991,473
6430002,211,4:55:11,816,221
6430002,212,4:55:12,1
6430002,210,4:55:12,835,167
6430002,211,4:55:13,837,224
6430002,213,4:55:13,3,s_clock_G8b2N,true
6430002,205,4:55:13,3,s_clock_G8b2N,false,false
6430002,221,4:55:19,3
6430002,220,4:55:20,3
6430002,219,4:55:20,3
6430002,216,4:55:21,Stack_G8b2P
6430002,217,4:55:33,Stack_G8b2P,11,0.67
6430002,218,4:55:34,3
6430002,210,4:55:35,441,540
6430002,207,4:55:36,3,-200,-5
6430002,211,4:55:38,201,417
6430002,213,4:55:38,3,s_videoGameScreen_G8b2P,true
6430002,210,4:55:40,226,600
6430002,207,4:55:46,3,-5,-365
6430002,211,4:55:48,1144,336
6430002,213,4:55:48,3,c_kidSister_afri_a_G8b2P,true
6430002,210,4:55:51,1338,311
6430002,207,4:55:51,3,-365,-560
6430002,207,4:55:52,3,-560,-740
6430002,211,4:55:54,1559,338
6430002,213,4:55:54,3,s_pillBottle_G8b2P,true
6430002,205,4:55:54,3,s_pillBottle_G8b2P,false,false
6430002,210,4:55:57,1326,591
6430002,211,4:55:58,1896,579
6430002,207,4:55:58,3,-740,-890
6430002,212,4:55:59,0
6430002,210,4:56:0,1479,321
6430002,207,4:56:2,3,-890,-710
6430002,207,4:56:5,3,-710,-305
6430002,211,4:56:8,521,589
6430002,212,4:56:8,2
6430002,210,4:56:9,1124,304
6430002,211,4:56:10,888,315
6430002,213,4:56:10,3,c_mom_afri_a_G8b2P,true
6430002,210,4:56:15,449,553
6430002,211,4:56:15,485,593
6430002,213,4:56:15,3,c_friend1_F_a_G8b2P,true
6430002,205,4:56:15,3,c_friend1_F_a_G8b2P,false,false
6430002,210,4:56:19,1173,401
6430002,207,4:56:20,3,-305,-620
6430002,211,4:56:20,1435,421
6430002,213,4:56:20,3,c_grandma_afri_a_G8b2P,true
6430002,205,4:56:20,3,c_grandma_afri_a_G8b2P,false,false
6430002,221,4:56:24,3
6430002,220,4:56:25,3
6430002,203,4:56:25,3
6430002,100,4:56:29,5
6430002,102,4:56:30,5
6430002,200,4:56:30,5,15,18,15,15,18
6430002,219,4:56:30,5
6430002,216,4:56:32,Stack_G9b0
6430002,217,4:56:53,Stack_G9b0,17,1.2
6430002,218,4:56:54,5
6430002,210,4:56:55,534,440
6430002,211,4:56:55,569,505
6430002,210,4:56:56,545,477
6430002,211,4:56:56,541,472
6430002,213,4:56:56,5,c_cousin_F_a_G9b0,true
6430002,210,4:56:59,308,529
6430002,207,4:57:0,5,-200,-140
6430002,211,4:57:3,668,393
6430002,213,4:57:3,5,s_closet_F_G9b0,true
6430002,210,4:57:5,842,418
6430002,211,4:57:5,843,435
6430002,213,4:57:5,5,c_kidSister_afri_a_G9b0,true
6430002,207,4:57:9,5,-140,-155
6430002,210,4:57:9,1064,466
6430002,207,4:57:9,5,-155,-230
6430002,207,4:57:10,5,-230,-512
6430002,211,4:57:12,1360,553
6430002,213,4:57:12,5,s_computer_F_gen,true
6430002,205,4:57:12,5,s_computer_F_gen,false,false
6430002,210,4:57:15,1357,353
6430002,211,4:57:17,1106,523
6430002,212,4:57:18,1
6430002,210,4:57:19,1147,568
6430002,207,4:57:21,5,-512,-122
6430002,211,4:57:22,278,605
6430002,213,4:57:22,5,s_cellPhone_F_G9b0,true
6430002,210,4:57:25,356,411
6430002,207,4:57:28,5,-122,-77
6430002,207,4:57:29,5,-77,0
6430002,211,4:57:30,528,211
6430002,213,4:57:30,5,s_calendar_F_gen,true
6430002,210,4:57:32,136,234
6430002,211,4:57:33,250,519
6430002,212,4:57:34,0
6430002,210,4:57:34,808,431
6430002,211,4:57:40,349,442
6430002,213,4:57:40,5,s_clock_F_G9b0,true
6430002,210,4:57:44,109,181
6430002,207,4:57:47,5,0,-195
6430002,207,4:57:49,5,-195,-512
6430002,211,4:57:53,1111,569
6430002,212,4:57:53,1
6430002,210,4:57:54,1304,526
6430002,211,4:57:58,1082,291
6430002,213,4:57:58,5,s_mirror_F_G9b0,true
6430002,205,4:57:59,5,s_mirror_F_G9b0,false,false
6430002,210,4:58:3,911,170
6430002,211,4:58:4,994,288
6430002,213,4:58:4,5,s_pictureDad_afri_F_gen,true
6430002,205,4:58:4,5,s_pictureDad_afri_F_gen,false,false
6430002,219,4:58:7,5
6430002,216,4:58:8,Stack_G9b1N
6430002,217,4:58:20,Stack_G9b1N,10,6.5
6430002,218,4:58:21,5
6430002,210,4:58:22,601,421
6430002,207,4:58:24,5,-200,0
6430002,211,4:58:26,197,181
6430002,213,4:58:26,5,c_kidSister_afri_a_G9b1N,true
6430002,205,4:58:26,5,c_kidSister_afri_a_G9b1N,false,false
6430002,210,4:58:30,56,282
6430002,211,4:58:31,112,293
6430002,213,4:58:31,5,s_brokenLamp_G9b1N,true
6430002,205,4:58:31,5,s_brokenLamp_G9b1N,false,false
6430002,210,4:58:34,403,221
6430002,211,4:58:36,756,286
6430002,213,4:58:36,5,c_teacherEng_G9b1N,true
6430002,205,4:58:37,5,c_teacherEng_G9b1N,false,false
6430002,210,4:58:40,806,386
6430002,207,4:58:41,5,0,-150
6430002,207,4:58:42,5,-150,-360
6430002,211,4:58:43,1164,334
6430002,213,4:58:43,5,c_cousin_F_a_G9b1N,true
6430002,205,4:58:43,5,c_cousin_F_a_G9b1N,false,false
6430002,207,4:58:46,5,-360,-390
6430002,210,4:58:46,1305,353
6430002,207,4:58:48,5,-390,-570
6430002,211,4:58:49,1394,529
6430002,213,4:58:49,5,s_puddleFloor_G9b1N,true
6430002,210,4:58:52,1479,260
6430002,207,4:58:52,5,-570,-825
6430002,207,4:58:53,5,-825,-995
6430002,211,4:58:54,1829,180
6430002,213,4:58:54,5,s_photoCracked_G9b1N,true
6430002,210,4:58:57,1979,99
6430002,211,4:58:58,1976,154
6430002,213,4:58:58,5,s_pictureDaddark_afri_gen,true
6430002,210,4:59:2,1884,295
6430002,211,4:59:3,1649,478
6430002,213,4:59:3,5,s_coupleOnCouch_G9b1N,true
6430002,210,4:59:10,1577,566
6430002,211,4:59:11,1605,607
6430002,213,4:59:11,5,s_boomBox_G9b1N,true
6430002,210,4:59:13,1476,521
6430002,211,4:59:15,1610,618
6430002,213,4:59:15,5,s_boomBox_G9b1N,true
6430002,210,4:59:16,1824,632
6430002,211,4:59:19,1425,567
6430002,212,4:59:20,0
6430002,210,4:59:21,1663,521
6430002,211,4:59:23,1506,588
6430002,210,4:59:23,1502,564
6430002,211,4:59:24,1503,570
6430002,210,4:59:24,1508,549
6430002,211,4:59:26,1493,588
6430002,213,4:59:26,5,s_beerBottle_G9b1N,true
6430002,205,4:59:26,5,s_beerBottle_G9b1N,false,false
6430002,210,4:59:29,1250,386
6430002,211,4:59:33,1381,598
6430002,213,4:59:33,5,s_ashtray_G9b1N,true
6430002,210,4:59:36,1216,312
6430002,211,4:59:39,1283,94
6430002,213,4:59:39,5,s_smokeDetector_G9b1N,true
6430002,210,4:59:44,1591,178
6430002,207,4:59:47,5,-995,-815
6430002,207,4:59:48,5,-815,-710
6430002,207,4:59:50,5,-710,-530
6430002,207,4:59:52,5,-530,-290
6430002,207,4:59:54,5,-290,-140
6430002,211,4:59:54,332,488
6430002,213,4:59:54,5,s_joint_G9b1N,true
6430002,205,4:59:54,5,s_joint_G9b1N,false,false
6430002,210,4:59:58,268,522
6430002,207,4:59:58,5,-140,0
6430002,211,5:0:4,394,418
6430002,210,5:0:9,421,618
6430002,207,5:0:10,5,-200,0
6430002,207,5:0:18,5,0,-135
6430002,207,5:0:19,5,-135,-330
6430002,207,5:0:20,5,-330,-495
6430002,207,5:0:23,5,-495,-765
6430002,207,5:0:27,5,-765,-995
6430002,211,5:0:28,1832,168
6430002,210,5:0:29,1887,287
6430002,211,5:0:30,1834,160
6430002,212,5:0:30,1
6430002,210,5:0:31,1824,146
6430002,211,5:0:31,1845,173
6430002,213,5:0:31,5,s_photoCracked_G9b1N,true
6430002,210,5:0:35,1776,529
6430002,211,5:0:39,1213,111
6430002,213,5:0:39,5,s_clock_G9b1N,true
6430002,205,5:0:39,5,s_clock_G9b1N,false,false
6430002,221,5:0:45,5
6430002,300,5:0:47
6430002,220,5:0:47,5
6430002,301,5:0:50,3
6430002,302,5:0:56,3,2,1,5
6430002,302,5:0:58,3,2,1,11
6430002,302,5:1:6,3,2,1,23
6430002,302,5:1:20,3,2,1,19
6430002,304,5:1:20,3,2,1,-1,,19,
6430002,302,5:1:26,3,2,0,5
6430002,302,5:1:27,3,2,0,8
6430002,302,5:1:31,3,2,0,14
6430002,302,5:1:38,3,2,0,11
6430002,303,5:1:41,3,2,0,11
6430002,304,5:1:52,3,2,0,-1,,11,k9/FBI
6430002,302,5:2:0,3,4,0,2
6430002,306,5:2:1,3,0,1
6430002,304,5:2:1,3,4,0,-1,,2,
6430002,302,5:2:6,3,3,0,3
6430002,302,5:2:11,3,3,0,1
6430002,304,5:2:11,3,3,0,-1,,1,
6430002,302,5:2:15,3,0,0,5
6430002,302,5:2:18,3,0,0,1
6430002,303,5:2:20,3,0,0,1
6430002,306,5:2:23,3,1,2
6430002,304,5:2:23,3,0,0,-1,,1,science
6430002,302,5:2:35,3,1,0,3
6430002,304,5:2:36,3,1,0,-1,,3,
6430002,302,5:2:44,3,5,0,8
6430002,302,5:2:55,3,5,0,2
6430002,303,5:2:56,3,5,0,2
6430002,306,5:2:59,3,2,3
6430002,304,5:2:59,3,5,0,-1,,2,doctors
6430002,301,5:3:2,4
6430002,302,5:3:6,4,0,0,5
6430002,302,5:3:8,4,0,0,11
6430002,302,5:3:16,4,0,0,5
6430002,302,5:3:17,4,0,0,4
6430002,304,5:3:18,4,0,0,-1,,4,
6430002,302,5:3:31,4,1,1,1
6430002,304,5:3:31,4,1,1,-1,,1,
6430002,302,5:3:36,4,1,2,4
6430002,306,5:3:36,4,0,1
6430002,304,5:3:36,4,1,2,-1,,4,
6430002,302,5:3:40,4,1,3,5
6430002,304,5:3:40,4,1,3,-1,,5,
6430002,302,5:3:43,4,1,0,5
6430002,302,5:3:43,4,1,0,8
6430002,302,5:3:45,4,1,0,11
6430002,302,5:3:46,4,1,0,8
6430002,302,5:3:48,4,1,0,5
6430002,302,5:3:56,4,1,0,1
6430002,306,5:3:57,4,1,2
6430002,304,5:3:57,4,1,0,-1,,1,
6430002,302,5:4:8,4,2,0,5
6430002,302,5:4:9,4,2,0,7
6430002,303,5:4:11,4,2,0,7
6430002,302,5:4:16,4,2,0,5
6430002,302,5:4:18,4,2,0,7
6430002,304,5:4:21,4,2,0,-1,,7,the city
6430002,302,5:4:27,4,3,0,0
6430002,303,5:4:29,4,3,0,0
6430002,306,5:4:30,4,2,3
6430002,304,5:4:30,4,3,0,-1,,0,mall
6430002,301,5:4:32,7
6430002,302,5:4:38,7,0,0,3
6430002,302,5:4:42,7,0,0,4
6430002,302,5:4:44,7,0,0,7
6430002,304,5:4:45,7,0,0,-1,,7,
6430002,302,5:4:49,7,0,1,2
6430002,304,5:4:50,7,0,1,-1,,2,
6430002,302,5:4:53,7,0,2,3
6430002,306,5:4:54,7,0,1
6430002,304,5:4:54,7,0,2,-1,,3,
6430002,302,5:5:6,7,1,0,5
6430002,304,5:5:6,7,1,0,-1,,5,
6430002,302,5:5:9,7,1,0,0
6430002,304,5:5:9,7,1,0,5,,0,
6430002,302,5:5:11,7,1,2,1
6430002,304,5:5:13,7,1,2,-1,,1,
6430002,305,5:5:17,7,1,2,1,
6430002,302,5:5:21,7,1,0,4
6430002,304,5:5:22,7,1,0,0,,4,
6430002,302,5:5:25,7,1,1,5
6430002,306,5:5:26,7,1,2
6430002,304,5:5:26,7,1,1,-1,,5,
6430002,302,5:5:29,7,2,0,0
6430002,304,5:5:29,7,2,0,-1,,0,
6430002,302,5:5:34,7,2,1,5
6430002,302,5:5:35,7,2,1,3
6430002,306,5:5:35,7,2,3
6430002,304,5:5:35,7,2,1,-1,,3,
6430002,221,5:5:42,5
6430002,220,5:5:44,5
6430002,219,5:5:44,5
6430002,216,5:5:45,Stack_G9b1P
6430002,217,5:5:56,Stack_G9b1P,9.5,0.00
6430002,218,5:5:57,5
6430002,210,5:5:58,628,364
6430002,211,5:5:59,357,611
6430002,213,5:5:59,5,c_kidSister_afri_a_G9b1P,true
6430002,210,5:6:1,221,583
6430002,207,5:6:2,5,-200,0
6430002,211,5:6:5,752,288
6430002,213,5:6:5,5,c_friend1_F_a_G9b1P,true
6430002,205,5:6:5,5,c_friend1_F_a_G9b1P,false,false
6430002,210,5:6:8,672,204
6430002,211,5:6:9,706,232
6430002,213,5:6:9,5,s_door_G9b1P,true
6430002,210,5:6:11,1038,277
6430002,207,5:6:11,5,0,-150
6430002,211,5:6:12,1009,379
6430002,213,5:6:12,5,c_bestFriend_F_a_G9b1P,true
6430002,205,5:6:12,5,c_bestFriend_F_a_G9b1P,false,false
6430002,210,5:6:17,897,326
6430002,207,5:6:19,5,-150,-330
6430002,207,5:6:20,5,-330,-585
6430002,211,5:6:22,1726,248
6430002,207,5:6:22,5,-585,-720
6430002,207,5:6:22,5,-720,-765
6430002,210,5:6:22,1680,335
6430002,211,5:6:22,1644,439
6430002,213,5:6:22,5,c_crush1_F_a_G9b1P,true
6430002,205,5:6:22,5,c_crush1_F_a_G9b1P,false,false
6430002,210,5:6:27,1819,493
6430002,207,5:6:27,5,-765,-975
6430002,211,5:6:28,1770,555
6430002,213,5:6:28,5,s_beerBottle_G9b1P,true
6430002,210,5:6:31,1345,624
6430002,211,5:6:32,1396,583
6430002,212,5:6:33,0
6430002,210,5:6:33,1781,457
6430002,207,5:6:36,5,-975,-995
6430002,211,5:6:39,1382,350
6430002,213,5:6:39,5,c_cousin_F_a_G9b1P,true
6430002,205,5:6:39,5,c_cousin_F_a_G9b1P,false,false
6430002,210,5:6:42,1511,237
6430002,207,5:6:42,5,-995,-995
6430002,207,5:6:43,5,-995,-995
6430002,207,5:6:46,5,-995,-704
6430002,207,5:6:48,5,-704,-584
6430002,207,5:6:51,5,-584,-179
6430002,207,5:6:53,5,-179,-59
6430002,207,5:6:53,5,-59,0
6430002,207,5:6:59,5,0,-120
6430002,207,5:7:1,5,-120,-315
6430002,207,5:7:2,5,-315,-510
6430002,211,5:7:3,1385,328
6430002,213,5:7:3,5,c_cousin_F_a_G9b1P,true
6430002,205,5:7:3,5,c_cousin_F_a_G9b1P,false,true
6430002,212,5:7:7,1
6430002,210,5:7:7,1184,68
6430002,211,5:7:8,1218,125
6430002,212,5:7:8,2
6430002,210,5:7:9,1178,74
6430002,207,5:7:12,5,-510,-705
6430002,211,5:7:13,1509,283
6430002,213,5:7:13,5,s_kidsGroupKitchen_G9b1P,true
6430002,205,5:7:13,5,s_kidsGroupKitchen_G9b1P,false,false
6430002,210,5:7:16,1597,417
6430002,211,5:7:17,1799,500
6430002,207,5:7:17,5,-705,-795
6430002,210,5:7:17,1822,506
6430002,207,5:7:18,5,-795,-995
6430002,207,5:7:23,5,-995,-575
6430002,211,5:7:24,488,456
6430002,207,5:7:24,5,-575,-470
6430002,210,5:7:24,431,518
6430002,207,5:7:24,5,-470,-365
6430002,211,5:7:24,538,546
6430002,212,5:7:25,1
6430002,210,5:7:26,806,276
6430002,211,5:7:27,292,355
6430002,207,5:7:27,5,-365,-275
6430002,207,5:7:27,5,-275,-215
6430002,210,5:7:27,304,227
6430002,207,5:7:29,5,-215,-35
6430002,207,5:7:34,5,-35,-215
6430002,207,5:7:35,5,-215,-440
6430002,207,5:7:39,5,-440,-710
6430002,207,5:7:43,5,-710,-950
6430002,207,5:7:45,5,-950,-995
6430002,211,5:7:45,1831,175
6430002,213,5:7:45,5,s_pictureMomdark_afri_G9b1P,true
6430002,205,5:7:45,5,s_pictureMomdark_afri_G9b1P,false,false
6430002,210,5:7:49,1963,116
6430002,211,5:7:52,1961,611
6430002,212,5:7:55,0
6430002,210,5:7:56,1877,228
6430002,211,5:8:3,1977,138
6430002,212,5:8:4,1
6430002,210,5:8:5,1950,162
6430002,211,5:8:5,1997,111
6430002,219,5:8:6,5
6430002,216,5:8:7,Stack_G9b2N
6430002,217,5:8:20,Stack_G9b2N,12,0.00
6430002,218,5:8:23,5
6430002,210,5:8:24,565,359
6430002,211,5:8:25,815,331
6430002,213,5:8:25,5,c_mom_afri_a_G9b2N,true
6430002,205,5:8:25,5,c_mom_afri_a_G9b2N,false,false
6430002,210,5:8:30,398,156
6430002,211,5:8:31,422,190
6430002,213,5:8:31,5,c_kidSister_afri_a_G9b2N,true
6430002,210,5:8:33,189,437
6430002,207,5:8:33,5,-200,-95
6430002,207,5:8:34,5,-95,0
6430002,207,5:8:38,5,0,-165
6430002,207,5:8:40,5,-165,-270
6430002,211,5:8:42,1214,109
6430002,213,5:8:42,5,s_clock_G9b2N,true
6430002,210,5:8:43,1342,408
6430002,207,5:8:43,5,-270,-375
6430002,207,5:8:45,5,-375,-570
6430002,211,5:8:46,1921,612
6430002,207,5:8:46,5,-570,-915
6430002,210,5:8:47,1974,518
6430002,207,5:8:47,5,-915,-995
6430002,211,5:8:51,1450,257
6430002,213,5:8:51,5,c_crush1_F_a_G9b2N,true
6430002,205,5:8:51,5,c_crush1_F_a_G9b2N,false,false
6430002,212,5:8:55,0
6430002,210,5:8:55,1785,512
6430002,207,5:8:57,5,-995,-920
6430002,207,5:8:59,5,-920,-755
6430002,207,5:9:1,5,-755,-365
6430002,211,5:9:2,601,345
6430002,212,5:9:3,2
6430002,210,5:9:3,922,484
6430002,211,5:9:4,956,540
6430002,213,5:9:4,5,c_bestFriend_F_a_G9b2N,true
6430002,210,5:9:7,993,425
6430002,211,5:9:8,1146,330
6430002,210,5:9:9,1169,301
6430002,211,5:9:10,1160,316
6430002,213,5:9:10,5,c_cousin_F_a_G9b2N,true
6430002,205,5:9:10,5,c_cousin_F_a_G9b2N,false,false
6430002,210,5:9:15,740,429
6430002,207,5:9:21,5,-200,-440
6430002,207,5:9:23,5,-440,-575
6430002,207,5:9:23,5,-575,-815
6430002,207,5:9:26,5,-815,-980
6430002,207,5:9:27,5,-980,-995
6430002,211,5:9:28,1996,135
6430002,213,5:9:28,5,s_pictureDaddark_afri_gen,true
6430002,205,5:9:28,5,s_pictureDaddark_afri_gen,false,false
6430002,221,5:9:31,5
6430002,220,5:9:33,5
6430002,219,5:9:33,5
6430002,216,5:9:33,Stack_G9b2P
6430002,217,5:9:49,Stack_G9b2P,14,0.47
6430002,218,5:9:50,5
6430002,210,5:9:51,557,515
6430002,207,5:9:52,5,-200,0
6430002,211,5:9:54,701,413
6430002,213,5:9:54,5,c_grandma_afri_a_G9b2P,true
6430002,210,5:9:56,890,262
6430002,207,5:9:58,5,0,-210
6430002,207,5:9:59,5,-210,-330
6430002,207,5:10:0,5,-330,-510
6430002,211,5:10:2,1444,621
6430002,213,5:10:2,5,s_boardGame_G9b2P,true
6430002,210,5:10:4,1324,530
6430002,207,5:10:5,5,-510,-780
6430002,207,5:10:5,5,-780,-810
6430002,211,5:10:6,1715,438
6430002,213,5:10:6,5,c_bestFriend_F_a_G9b2P,true
6430002,205,5:10:6,5,c_bestFriend_F_a_G9b2P,false,false
6430002,210,5:10:10,1894,449
6430002,211,5:10:10,1952,491
6430002,207,5:10:10,5,-810,-930
6430002,207,5:10:10,5,-930,-975
6430002,210,5:10:10,1917,539
6430002,211,5:10:11,1882,505
6430002,213,5:10:11,5,c_cousin_F_a_G9b2P,true
6430002,210,5:10:14,1854,310
6430002,207,5:10:16,5,-975,-995
6430002,207,5:10:21,5,-995,-890
6430002,207,5:10:24,5,-890,-65
6430002,211,5:10:24,354,614
6430002,212,5:10:25,1
6430002,210,5:10:26,354,622
6430002,211,5:10:26,393,628
6430002,213,5:10:26,5,c_kidSister_afri_a_G9b2P,true
6430002,210,5:10:30,699,429
6430002,211,5:10:31,930,392
6430002,213,5:10:31,5,c_mom_afri_a_G9b2P,true
6430002,205,5:10:31,5,c_mom_afri_a_G9b2P,false,false
6430002,210,5:10:34,295,260
6430002,211,5:10:37,1144,285
6430002,207,5:10:37,5,-65,-140
6430002,207,5:10:38,5,-140,-185
6430002,210,5:10:38,1121,385
6430002,207,5:10:38,5,-185,-380
6430002,211,5:10:39,1189,554
6430002,213,5:10:39,5,c_crush1_F_a_G9b2P,true
6430002,205,5:10:40,5,c_crush1_F_a_G9b2P,false,false
6430002,210,5:10:44,1411,477
6430002,207,5:10:45,5,-380,-620
6430002,207,5:10:47,5,-620,-830
6430002,211,5:10:48,1923,511
6430002,207,5:10:48,5,-830,-920
6430002,207,5:10:49,5,-920,-995
6430002,210,5:10:49,1952,515
6430002,211,5:10:51,1994,158
6430002,212,5:10:51,0
6430002,210,5:10:52,2011,104
6430002,211,5:10:57,1216,116
6430002,213,5:10:57,5,s_clock_G9b2P,true
6430002,205,5:10:57,5,s_clock_G9b2P,false,false
6430002,221,5:11:0,5
6430002,220,5:11:1,5
6430002,203,5:11:1,5
6430002,100,5:11:4,6
6430002,102,5:11:5,6
6430002,200,5:11:5,6,15,18,15,15,27
6430002,210,5:11:7,709,461
6430002,211,5:11:7,780,507
6430002,210,5:11:12,604,495
6430002,211,5:11:12,596,549
6430002,221,5:11:15,6
6430002,220,5:11:16,6
6430002,1003,5:11:16,3
6430002,1004,5:11:18,2
6430002,500,5:11:20,2,[]
6430002,501,5:11:24,2,[]
6430002,502,5:11:36,2,[IntentionData_logId:1,false]
6430002,503,5:11:37,2,[]
6430002,504,5:11:40,2,[InfluenceData_logId:1]
6430002,504,5:11:42,2,[InfluenceData_logId:2]
6430002,504,5:11:44,2,[InfluenceData_logId:0]
6430002,504,5:11:45,2,[InfluenceData_logId:4]
6430002,504,5:11:48,2,[InfluenceData_logId:3]
6430002,504,5:11:49,2,[InfluenceData_logId:5]
6430002,504,5:11:53,2,[InfluenceData_logId:3]
6430002,504,5:11:57,2,[InfluenceData_logId:5]
6430002,504,5:11:58,2,[InfluenceData_logId:8]
6430002,504,5:12:0,2,[InfluenceData_logId:7]
6430002,504,5:12:3,2,[InfluenceData_logId:6]
6430002,505,5:12:7,2,[InfluenceData_logId:0,true,InfluenceData_logId:5,true,InfluenceData_logId:6,true]
6430002,506,5:12:8,2,[]
6430002,507,5:12:17,2,[OpponentAttackData_logId:2,OpponentAttackTypeData_logId:2,false,30]
6430002,508,5:12:20,2,[]
6430002,509,5:12:24,2,[RefusalData_logId:4,2]
6430002,510,5:12:31,2,[AvailableRefusalData_logId:4,0A]
6430002,510,5:12:32,2,[AvailableRefusalData_logId:4,1A]
6430002,510,5:12:32,2,[AvailableRefusalData_logId:4,2A]
6430002,511,5:12:33,2,[AvailableRefusalData_logId:4,0A,1A,2A,true,50]
6430002,512,5:12:35,2,[]
6430002,513,5:12:35,2,[0]
6430002,514,5:12:37,2,[]
6430002,507,5:12:42,2,[OpponentAttackData_logId:1,OpponentAttackTypeData_logId:1,true,0]
6430002,508,5:12:44,2,[]
6430002,509,5:12:47,2,[RefusalData_logId:6,1]
6430002,510,5:13:10,2,[AvailableRefusalData_logId:6,0C]
6430002,510,5:13:10,2,[AvailableRefusalData_logId:6,1A]
6430002,510,5:13:11,2,[AvailableRefusalData_logId:6,2A]
6430002,511,5:13:12,2,[AvailableRefusalData_logId:6,0C,1A,2A,false,0]
6430002,512,5:13:14,2,[]
6430002,513,5:13:14,2,[30]
6430002,514,5:13:17,2,[]
6430002,507,5:13:25,2,[OpponentAttackData_logId:3,OpponentAttackTypeData_logId:4,true,0]
6430002,508,5:13:27,2,[]
6430002,509,5:13:30,2,[RefusalData_logId:2,2]
6430002,510,5:13:38,2,[AvailableRefusalData_logId:2,0A]
6430002,510,5:13:39,2,[AvailableRefusalData_logId:2,1A]
6430002,510,5:13:40,2,[AvailableRefusalData_logId:2,2A]
6430002,511,5:13:41,2,[AvailableRefusalData_logId:2,0A,1A,2A,true,50]
6430002,512,5:13:43,2,[]
6430002,515,5:13:43,2,[70,0]
6430002,516,5:13:44,2,[]
6430002,517,5:13:45,2,[]
6430002,1005,5:13:45,2,[3,0,2]
6430002,1000,5:13:46,2,[]
6430002,500,5:13:46,2,[]
6430002,501,5:13:48,2,[]
6430002,502,5:13:56,2,[IntentionData_logId:0,false]
6430002,503,5:13:57,2,[]
6430002,504,5:14:1,2,[InfluenceData_logId:0]
6430002,504,5:14:2,2,[InfluenceData_logId:5]
6430002,504,5:14:3,2,[InfluenceData_logId:4]
6430002,504,5:14:5,2,[InfluenceData_logId:5]
6430002,504,5:14:5,2,[InfluenceData_logId:6]
6430002,505,5:14:7,2,[InfluenceData_logId:0,true,InfluenceData_logId:5,true,InfluenceData_logId:6,true]
6430002,506,5:14:8,2,[]
6430002,507,5:14:20,2,[OpponentAttackData_logId:1,OpponentAttackTypeData_logId:1,true,0]
6430002,508,5:14:22,2,[]
6430002,509,5:14:25,2,[RefusalData_logId:2,2]
6430002,510,5:14:27,2,[AvailableRefusalData_logId:2,0A]
6430002,510,5:14:28,2,[AvailableRefusalData_logId:2,1A]
6430002,510,5:14:29,2,[AvailableRefusalData_logId:2,2A]
6430002,511,5:14:30,2,[AvailableRefusalData_logId:2,0A,1A,2A,true,50]
6430002,512,5:14:32,2,[]
6430002,513,5:14:32,2,[0]
6430002,514,5:14:33,2,[]
6430002,507,5:14:39,2,[OpponentAttackData_logId:2,OpponentAttackTypeData_logId:2,false,30]
6430002,508,5:14:41,2,[]
6430002,509,5:14:45,2,[RefusalData_logId:4,2]
6430002,510,5:14:47,2,[AvailableRefusalData_logId:4,0A]
6430002,510,5:14:49,2,[AvailableRefusalData_logId:4,1A]
6430002,510,5:14:50,2,[AvailableRefusalData_logId:4,2A]
6430002,511,5:14:50,2,[AvailableRefusalData_logId:4,0A,1A,2A,true,50]
6430002,512,5:14:53,2,[]
6430002,515,5:14:53,2,[100,0]
6430002,516,5:14:54,2,[]
6430002,517,5:14:55,2,[]
6430002,1000,5:14:56,2,[]
6430002,500,5:14:56,2,[]
6430002,501,5:14:57,2,[]
6430002,502,5:15:8,2,[IntentionData_logId:3,false]
6430002,503,5:15:9,2,[]
6430002,504,5:15:13,2,[InfluenceData_logId:0]
6430002,504,5:15:13,2,[InfluenceData_logId:5]
6430002,504,5:15:14,2,[InfluenceData_logId:6]
6430002,505,5:15:15,2,[InfluenceData_logId:0,true,InfluenceData_logId:5,true,InfluenceData_logId:6,true]
6430002,506,5:15:16,2,[]
6430002,507,5:15:24,2,[OpponentAttackData_logId:3,OpponentAttackTypeData_logId:4,true,0]
6430002,508,5:15:26,2,[]
6430002,509,5:15:30,2,[RefusalData_logId:8,2]
6430002,510,5:15:47,2,[AvailableRefusalData_logId:8,0A]
6430002,510,5:15:48,2,[AvailableRefusalData_logId:8,1A]
6430002,510,5:15:48,2,[AvailableRefusalData_logId:8,2A]
6430002,511,5:15:49,2,[AvailableRefusalData_logId:8,0A,1A,2A,true,50]
6430002,512,5:15:51,2,[]
6430002,513,5:15:51,2,[0]
6430002,514,5:15:53,2,[]
6430002,507,5:16:8,2,[OpponentAttackData_logId:0,OpponentAttackTypeData_logId:0,true,0]
6430002,508,5:16:10,2,[]
6430002,509,5:16:14,2,[RefusalData_logId:2,2]
6430002,510,5:16:16,2,[AvailableRefusalData_logId:2,0A]
6430002,510,5:16:17,2,[AvailableRefusalData_logId:2,1A]
6430002,510,5:16:17,2,[AvailableRefusalData_logId:2,2A]
6430002,511,5:16:18,2,[AvailableRefusalData_logId:2,0A,1A,2A,true,50]
6430002,512,5:16:21,2,[]
6430002,515,5:16:21,2,[130,0]
6430002,516,5:16:23,2,[]
6430002,517,5:16:27,2,[]
6430002,1005,5:16:27,2,[3,2,3]
6430002,1001,5:16:27,2,[]
6430002,1003,5:16:27,3
6430002,1004,5:16:28,3
6430002,500,5:16:31,3,[]
6430002,501,5:16:33,3,[]
6430002,502,5:16:42,3,[IntentionData_logId:2,true]
6430002,503,5:16:42,3,[]
6430002,504,5:16:44,3,[InfluenceData_logId:2]
6430002,504,5:16:46,3,[InfluenceData_logId:1]
6430002,504,5:16:49,3,[InfluenceData_logId:4]
6430002,504,5:16:51,3,[InfluenceData_logId:5]
6430002,504,5:16:54,3,[InfluenceData_logId:3]
6430002,504,5:16:57,3,[InfluenceData_logId:6]
6430002,504,5:17:0,3,[InfluenceData_logId:8]
6430002,504,5:17:3,3,[InfluenceData_logId:7]
6430002,505,5:17:10,3,[InfluenceData_logId:1,true,InfluenceData_logId:3,true,InfluenceData_logId:7,true]
6430002,506,5:17:12,3,[]
6430002,507,5:17:18,3,[OpponentAttackData_logId:1,OpponentAttackTypeData_logId:3,true,0]
6430002,508,5:17:20,3,[]
6430002,509,5:17:24,3,[RefusalData_logId:2,2]
6430002,510,5:17:30,3,[AvailableRefusalData_logId:2,0A]
6430002,510,5:17:31,3,[AvailableRefusalData_logId:2,1A]
6430002,510,5:17:31,3,[AvailableRefusalData_logId:2,2A]
6430002,511,5:17:32,3,[AvailableRefusalData_logId:2,0A,1A,2A,true,50]
6430002,512,5:17:35,3,[]
6430002,513,5:17:35,3,[0]
6430002,514,5:17:36,3,[]
6430002,507,5:17:46,3,[OpponentAttackData_logId:0,OpponentAttackTypeData_logId:0,true,0]
6430002,508,5:17:48,3,[]
6430002,509,5:17:51,3,[RefusalData_logId:4,2]
6430002,510,5:17:57,3,[AvailableRefusalData_logId:4,0A]
6430002,510,5:17:57,3,[AvailableRefusalData_logId:4,1A]
6430002,510,5:17:57,3,[AvailableRefusalData_logId:4,2A]
6430002,511,5:17:58,3,[AvailableRefusalData_logId:4,0A,1A,2A,true,50]
6430002,512,5:18:0,3,[]
6430002,515,5:18:0,3,[150,0]
6430002,516,5:18:2,3,[]
6430002,517,5:18:3,3,[]
6430002,1005,5:18:3,3,[3,0,3]
6430002,1001,5:18:4,3,[]
6430002,1003,5:18:4,3
6430002,221,5:18:10,6
6430002,220,5:18:11,6
6430002,219,5:18:11,6
6430002,216,5:18:12,Stack_G10a2P
6430002,217,5:18:30,Stack_G10a2P,16,0.00
6430002,218,5:18:31,6
6430002,210,5:18:32,448,496
6430002,207,5:18:33,6,-200,-20
6430002,211,5:18:34,165,402
6430002,213,5:18:34,6,c_bestFriend_F_b_G10a2P,true
6430002,210,5:18:39,540,482
6430002,207,5:18:40,6,-20,-260
6430002,211,5:18:41,1055,398
6430002,213,5:18:41,6,c_crush1_F_b_G10a2P,true
6430002,205,5:18:41,6,c_crush1_F_b_G10a2P,false,false
6430002,210,5:18:45,1198,437
6430002,207,5:18:45,6,-260,-500
6430002,207,5:18:47,6,-500,-516
6430002,211,5:18:47,1531,461
6430002,212,5:18:48,1
6430002,210,5:18:49,1342,481
6430002,207,5:18:51,6,-516,-261
6430002,207,5:18:53,6,-261,0
6430002,211,5:18:56,863,659
6430002,212,5:18:56,2
6430002,210,5:18:56,489,531
6430002,211,5:18:57,506,532
6430002,213,5:18:57,6,c_friend_F_b_G10a2P,true
6430002,205,5:18:57,6,c_friend_F_b_G10a2P,false,false
6430002,210,5:19:1,768,435
6430002,211,5:19:2,790,461
6430002,213,5:19:2,6,c_cousin_F_b_G10a2P,true
6430002,205,5:19:2,6,c_cousin_F_b_G10a2P,false,false
6430002,210,5:19:6,765,439
6430002,207,5:19:7,6,0,-210
6430002,207,5:19:8,6,-210,-495
6430002,211,5:19:10,1377,452
6430002,213,5:19:10,6,c_nurse_G10a2P,true
6430002,205,5:19:10,6,c_nurse_G10a2P,false,false
6430002,207,5:19:14,6,-495,-516
6430002,210,5:19:14,1468,483
6430002,211,5:19:15,1510,564
6430002,210,5:19:16,1433,439
6430002,207,5:19:19,6,-516,-291
6430002,207,5:19:20,6,-291,-6
6430002,207,5:19:21,6,-6,0
6430002,207,5:19:24,6,0,-180
6430002,211,5:19:26,1025,545
6430002,212,5:19:26,1
6430002,210,5:19:27,970,384
6430002,211,5:19:27,995,392
6430002,213,5:19:27,6,s_dancePoster_G10a2P,true
6430002,205,5:19:27,6,s_dancePoster_G10a2P,false,false
6430002,221,5:19:46,6
6430002,220,5:19:47,6
6430002,219,5:19:47,6
6430002,216,5:19:48,Stack_G10a1P
6430002,217,5:20:4,Stack_G10a1P,15,0.00
6430002,218,5:20:5,6
6430002,210,5:20:5,654,530
6430002,211,5:20:7,1018,398
6430002,213,5:20:7,6,s_dancePoster_G10a1P,true
6430002,210,5:20:9,1471,408
6430002,207,5:20:10,6,-400,-516
6430002,211,5:20:11,1518,471
6430002,212,5:20:11,0
6430002,210,5:20:12,1183,489
6430002,207,5:20:14,6,-516,-171
6430002,211,5:20:15,380,479
6430002,212,5:20:16,2
6430002,210,5:20:16,345,515
6430002,211,5:20:17,392,510
6430002,213,5:20:17,6,c_bestFriend_F_b_G10a1P,true
6430002,210,5:20:20,622,544
6430002,211,5:20:20,658,528
6430002,213,5:20:20,6,c_friend_F_b_G10a1P,true
6430002,205,5:20:20,6,c_friend_F_b_G10a1P,false,false
6430002,213,5:20:23,6,c_crush1_F_b_G10a1P,true
6430002,205,5:20:24,6,c_crush1_F_b_G10a1P,false,false
6430002,210,5:20:27,833,438
6430002,207,5:20:28,6,-171,-396
6430002,207,5:20:29,6,-396,-516
6430002,211,5:20:29,1421,425
6430002,213,5:20:29,6,c_teacherEng_G10a1P,true
6430002,210,5:20:33,1464,527
6430002,211,5:20:33,1515,516
6430002,212,5:20:34,1
6430002,210,5:20:34,1512,469
6430002,211,5:20:38,429,548
6430002,207,5:20:38,6,-516,-411
6430002,210,5:20:38,346,578
6430002,207,5:20:39,6,-411,-156
6430002,211,5:20:40,352,502
6430002,212,5:20:40,0
6430002,210,5:20:41,323,448
6430002,211,5:20:44,867,209
6430002,213,5:20:44,6,s_clock_G10a1P,true
6430002,210,5:20:47,783,476
6430002,207,5:20:50,6,-156,-411
6430002,207,5:20:51,6,-411,-516
6430002,211,5:20:53,1526,645
6430002,212,5:20:53,1
6430002,210,5:20:54,1403,445
6430002,211,5:20:59,1432,432
6430002,212,5:20:59,0
6430002,210,5:21:0,1014,147
6430002,211,5:21:1,866,227
6430002,213,5:21:1,6,s_clock_G10a1P,true
6430002,212,5:21:7,2
6430002,210,5:21:8,1095,430
6430002,207,5:21:13,6,-516,-111
6430002,207,5:21:14,6,-111,0
6430002,211,5:21:16,7,366
6430002,212,5:21:16,1
6430002,210,5:21:17,174,271
6430002,211,5:21:17,102,294
6430002,213,5:21:17,6,s_lockerPoster_G10a1P,true
6430002,205,5:21:17,6,s_lockerPoster_G10a1P,false,false
6430002,221,5:21:21,6
6430002,220,5:21:22,6
6430002,203,5:21:22,6
6430002,100,5:21:24,7
6430002,102,5:21:26,7
6430002,200,5:21:26,7,15,18,15,21,27
6430002,219,5:21:26,7
6430002,216,5:21:27,Stack_G10b0
6430002,217,5:21:47,Stack_G10b0,19,0.00
6430002,218,5:21:48,7
6430002,210,5:21:49,481,455
6430002,211,5:21:50,781,492
6430002,213,5:21:50,7,s_car1_G10b0,true
6430002,205,5:21:50,7,s_car1_G10b0,false,false
6430002,210,5:21:53,601,335
6430002,211,5:21:54,618,358
6430002,213,5:21:54,7,s_car2_G10b0,true
6430002,205,5:21:54,7,s_car2_G10b0,false,false
6430002,210,5:21:57,290,412
6430002,211,5:21:58,333,429
6430002,213,5:21:58,7,s_kidsGroup1_G10b0,true
6430002,205,5:21:58,7,s_kidsGroup1_G10b0,false,false
6430002,210,5:22:1,1112,446
6430002,207,5:22:1,7,-200,-350
6430002,207,5:22:2,7,-350,-425
6430002,207,5:22:3,7,-425,-770
6430002,211,5:22:4,1878,437
6430002,207,5:22:4,7,-770,-875
6430002,210,5:22:4,1950,433
6430002,207,5:22:4,7,-875,-980
6430002,211,5:22:5,1823,448
6430002,213,5:22:5,7,c_crush1_F_b_G10b0,true
6430002,205,5:22:5,7,c_crush1_F_b_G10b0,false,false
6430002,207,5:22:9,7,-980,-1033.4
6430002,210,5:22:9,2008,465
6430002,211,5:22:13,1502,434
6430002,213,5:22:13,7,c_cousinsBrother_b_G10b0,true
6430002,212,5:22:15,0
6430002,210,5:22:16,1896,445
6430002,207,5:22:16,7,-1033.4,-1033.4
6430002,207,5:22:16,7,-1033.4,-1033.4
6430002,207,5:22:21,7,-1033.4,-328.4
6430002,207,5:22:23,7,-328.4,-103.4
6430002,207,5:22:23,7,-103.4,0
6430002,211,5:22:25,228,262
6430002,213,5:22:25,7,s_billboard_G10b0,true
6430002,210,5:22:27,2,466
6430002,211,5:22:27,2,466
6430002,210,5:22:27,39,505
6430002,211,5:22:29,1015,491
6430002,207,5:22:29,7,0,-60
6430002,212,5:22:30,1
6430002,210,5:22:30,767,510
6430002,211,5:22:31,794,517
6430002,213,5:22:31,7,s_car1_G10b0,true
6430002,205,5:22:31,7,s_car1_G10b0,false,true
6430002,212,5:22:34,2
6430002,210,5:22:34,764,489
6430002,211,5:22:35,799,510
6430002,213,5:22:35,7,c_crush2_F_b_G10b0,false
6430002,1003,5:22:37,2
6430002,1004,5:22:39,5
6430002,900,5:22:41,5,[]
6430002,901,5:22:41,5,[PeopleData_id:0]
6430002,902,5:22:42,5,[PeopleData_id:0,PeopleData_data0Type]
6430002,902,5:22:45,5,[PeopleData_id:0,PeopleData_data1Type]
6430002,902,5:22:48,5,[PeopleData_id:0,PeopleData_data2Type]
6430002,902,5:22:49,5,[PeopleData_id:0,PeopleData_data3Type]
6430002,903,5:22:51,5,[PeopleData_id0,PeopleData_data3Type]
6430002,901,5:22:51,5,[PeopleData_id:0]
6430002,904,5:22:51,5,[PeopleData_id:0]
6430002,905,5:22:52,5,[PeopleData_id:0,RankTypes_id:-1,RankTypes_id:4]
6430002,901,5:22:52,5,[PeopleData_id:7]
6430002,902,5:22:53,5,[PeopleData_id:7,PeopleData_data0Type]
6430002,902,5:22:55,5,[PeopleData_id:7,PeopleData_data1Type]
6430002,902,5:22:58,5,[PeopleData_id:7,PeopleData_data2Type]
6430002,902,5:23:0,5,[PeopleData_id:7,PeopleData_data3Type]
6430002,903,5:23:2,5,[PeopleData_id7,PeopleData_data3Type]
6430002,901,5:23:2,5,[PeopleData_id:7]
6430002,904,5:23:2,5,[PeopleData_id:7]
6430002,905,5:23:3,5,[PeopleData_id:7,RankTypes_id:-1,RankTypes_id:3]
6430002,901,5:23:3,5,[PeopleData_id:4]
6430002,902,5:23:4,5,[PeopleData_id:4,PeopleData_data0Type]
6430002,902,5:23:8,5,[PeopleData_id:4,PeopleData_data1Type]
6430002,902,5:23:9,5,[PeopleData_id:4,PeopleData_data2Type]
6430002,902,5:23:12,5,[PeopleData_id:4,PeopleData_data3Type]
6430002,903,5:23:16,5,[PeopleData_id4,PeopleData_data3Type]
6430002,901,5:23:16,5,[PeopleData_id:4]
6430002,904,5:23:16,5,[PeopleData_id:4]
6430002,905,5:23:17,5,[PeopleData_id:4,RankTypes_id:-1,RankTypes_id:0]
6430002,901,5:23:18,5,[PeopleData_id:5]
6430002,902,5:23:18,5,[PeopleData_id:5,PeopleData_data0Type]
6430002,902,5:23:22,5,[PeopleData_id:5,PeopleData_data1Type]
6430002,902,5:23:26,5,[PeopleData_id:5,PeopleData_data2Type]
6430002,902,5:23:32,5,[PeopleData_id:5,PeopleData_data3Type]
6430002,903,5:23:38,5,[PeopleData_id5,PeopleData_data3Type]
6430002,901,5:23:38,5,[PeopleData_id:5]
6430002,904,5:23:38,5,[PeopleData_id:5]
6430002,905,5:23:39,5,[PeopleData_id:5,RankTypes_id:-1,RankTypes_id:2]
6430002,901,5:23:39,5,[PeopleData_id:3]
6430002,904,5:23:39,5,[PeopleData_id:3]
6430002,902,5:23:40,5,[PeopleData_id:3,PeopleData_data0Type]
6430002,902,5:23:43,5,[PeopleData_id:3,PeopleData_data1Type]
6430002,902,5:23:46,5,[PeopleData_id:3,PeopleData_data2Type]
6430002,903,5:23:54,5,[PeopleData_id3,PeopleData_data2Type]
6430002,901,5:23:54,5,[PeopleData_id:3]
6430002,904,5:23:54,5,[PeopleData_id:3]
6430002,905,5:23:55,5,[PeopleData_id:3,RankTypes_id:-1,RankTypes_id:2]
6430002,901,5:23:55,5,[PeopleData_id:1]
6430002,902,5:23:56,5,[PeopleData_id:1,PeopleData_data0Type]
6430002,902,5:23:58,5,[PeopleData_id:1,PeopleData_data1Type]
6430002,902,5:24:0,5,[PeopleData_id:1,PeopleData_data2Type]
6430002,902,5:24:2,5,[PeopleData_id:1,PeopleData_data3Type]
6430002,903,5:24:3,5,[PeopleData_id1,PeopleData_data3Type]
6430002,901,5:24:4,5,[PeopleData_id:1]
6430002,904,5:24:4,5,[PeopleData_id:1]
6430002,905,5:24:5,5,[PeopleData_id:1,RankTypes_id:-1,RankTypes_id:4]
6430002,901,5:24:10,5,[PeopleData_id:2]
6430002,902,5:24:11,5,[PeopleData_id:2,PeopleData_data0Type]
6430002,902,5:24:14,5,[PeopleData_id:2,PeopleData_data1Type]
6430002,902,5:24:15,5,[PeopleData_id:2,PeopleData_data2Type]
6430002,903,5:24:17,5,[PeopleData_id2,PeopleData_data2Type]
6430002,901,5:24:18,5,[PeopleData_id:2]
6430002,904,5:24:18,5,[PeopleData_id:2]
6430002,905,5:24:18,5,[PeopleData_id:2,RankTypes_id:-1,RankTypes_id:0]
6430002,1002,5:24:21,5
6430002,1003,5:24:21,2
6430002,204,5:24:24,7
6430002,103,5:24:26
6430002,105,5:24:31
6430002,703,5:24:33,[|| EpilogueItem ID: 0 unlocked: true ||,|| EpilogueItem ID: 1 unlocked: true ||,|| EpilogueItem ID: 2 unlocked: true ||,|| EpilogueItem ID: 3 unlocked: true ||,|| EpilogueItem ID: 4 unlocked: true ||,|| EpilogueItem ID: 5 unlocked: true ||,|| EpilogueItem ID: 6 unlocked: true ||,|| EpilogueItem ID: 7 unlocked: false ||,|| EpilogueItem ID: 8 unlocked: false ||,|| EpilogueItem ID: 9 unlocked: false ||,|| EpilogueItem ID: 10 unlocked: false ||,|| EpilogueItem ID: 11 unlocked: false ||,|| EpilogueItem ID: 12 unlocked: false ||,|| EpilogueItem ID: 13 unlocked: true ||,|| EpilogueItem ID: 14 unlocked: false ||,|| EpilogueItem ID: 15 unlocked: false ||,|| EpilogueItem ID: 16 unlocked: false ||,|| EpilogueItem ID: 17 unlocked: false ||,|| EpilogueItem ID: 18 unlocked: false ||,|| EpilogueItem ID: 19 unlocked: false ||,|| EpilogueItem ID: 20 unlocked: false ||,|| EpilogueItem ID: 21 unlocked: true ||,|| EpilogueItem ID: 22 unlocked: false ||,|| EpilogueItem ID: 23 unlocked: false ||,|| EpilogueItem ID: 24 unlocked: false ||],0.36
6430002,706,5:24:35,(x=724, y=-100, w=1024, h=768),(x=1054, y=-100, w=1024, h=768)
6430002,706,5:24:37,(x=1635, y=-100, w=1024, h=768),(x=2531, y=-100, w=1024, h=768)
6430002,707,5:24:37,2,3
6430002,706,5:24:37,(x=1635, y=-100, w=1024, h=768),(x=2531, y=-100, w=1024, h=768)
6430002,708,5:24:38
6430002,1,5:24:38,7/22/2013 12:09:49pm,{"gameTime":19478013,"challengeStacks":[{"challengeScenes":[{"miniGameCards":[],"viewedAnimatic":true,"keyPoints":["c_bestFriend_F_a_G7a0","c_teacherEng_G7a0","s_flag_gen"],"unlocked":true,"touchableObjects":["c_friend1_F_a_G7a0","s_doorClassroom_G7a0","s_otherStudent1_G7a0","c_crewKid1_F_G7a0","s_vocabAssignment_G7a0","s_poePoster_gen","c_bestFriend_F_a_G7a0","s_angelouPoster_gen","s_shakespearePoster_gen","c_teacherEng_G7a0","s_clock_G7a0","s_atwoodPoster_gen","s_flag_gen"]},{"miniGameCards":[],"viewedAnimatic":true,"keyPoints":["c_bestFriend_F_a_G7a1N","c_teacherEng_G7a1N","s_paperPlayers_G7a1N"],"unlocked":true,"touchableObjects":["s_otherStudent2_G7a1N","s_otherStudent1_G7a1N","c_crewKid1_F_G7a1N","s_atwoodPoster_gen","s_angelouPoster_gen","c_bestFriend_F_a_G7a1N","s_shakespearePoster_gen","c_teacherEng_G7a1N","s_poePoster_gen","s_flag_gen","s_paperPlayers_G7a1N"]},{"miniGameCards":[],"viewedAnimatic":true,"keyPoints":["c_teacherEng_G7a1P","c_bestFriend_F_a_G7a1P","s_flag_gen","s_paperEnglish_gen"],"unlocked":true,"touchableObjects":["s_clock_G7a1P","s_paperPlayers_G7a1P","c_teacherEng_G7a1P","c_bestFriend_F_a_G7a1P","s_flag_gen","s_shakespearePoster_gen","s_papersDetention_gen","s_atwoodPoster_gen","s_angelouPoster_gen","s_poePoster_gen","s_paperEnglish_gen"]}],"stackSize":3,"resolved":true},{"challengeScenes":[{"miniGameCards":[],"viewedAnimatic":true,"keyPoints":["s_backpack_F_G7b0","c_kidSister_afri_a_G7b0","c_crewKid1_F_G7b0"],"unlocked":true,"touchableObjects":["c_cousin_F_a_G7b0","c_crewKid2_F_G7b0","c_cousinsBrother_a_G7b0","s_lifeguard_G7b0","c_cousinsBrothersFriendsGF_G7b0","s_backpack_F_G7b0","c_kidSister_afri_a_G7b0","s_snackBarWorker_G7b0","c_cousinsBrothersFriend_a_G7b0","c_crewKid1_F_G7b0"]},{"miniGameCards":[],"viewedAnimatic":true,"keyPoints":["s_sprayPaintCan_G7b1N","c_kidSister_afri_a_G7b1N","c_crewKid1_F_G7b1N","s_brokenCarWindow_G7b1N","s_graffiti_G7b1N"],"unlocked":true,"touchableObjects":["s_sprayPaintCan_G7b1N","c_kidSister_afri_a_G7b1N","c_cousin_F_a_G7b1N","c_policeOfficer_G7b1N","s_flag_G7b1N","c_teacherEng_G7b1N","c_crewKid1_F_G7b1N","s_cat_G7b1N","s_wreckedPlants_G7b1N","c_crewKid2_F_a_G7b1N","s_brokenCarWindow_G7b1N","s_graffiti_G7b1N"]},{"miniGameCards":[],"viewedAnimatic":true,"keyPoints":["c_cousinsBrother_a_G7b1P","c_cousin_F_a_G7b1P","c_cousinsBrothersFriend_a_G7b1P","s_poolDay_ruleSign_G7b1P"],"unlocked":true,"touchableObjects":["c_cousinsBrother_a_G7b1P","c_cousin_F_a_G7b1P","c_cousinsBrothersFriend_a_G7b1P","c_kidSister_afri_a_G7b1P","c_crush1_F_a_G7b1P","s_poolDay_ruleSign_G7b1P"]},{"miniGameCards":[],"viewedAnimatic":true,"keyPoints":["c_crush1_F_a_G7b2N","s_kid1_G7b2N","c_cousin_F_a_G7b2N","c_kidSister_afri_a_G7b2N"],"unlocked":true,"touchableObjects":["c_crewKid2_F_G7b2N","c_cousinsBrother_a_G7b2N","c_cousinsBrothersFriend_a_G7b2N","s_kidPool1_G7b2N","s_kidPool2_G7b2N","s_lifeguard_G7b2N","c_crush1_F_a_G7b2N","s_cousinsBFgirlfriend_G7b2N","s_kid1_G7b2N","c_cousin_F_a_G7b2N","c_kidSister_afri_a_G7b2N"]},{"miniGameCards":[],"viewedAnimatic":true,"keyPoints":["c_cousin_F_a_G7b2P","s_computer_F_G7b2P","s_pictureDad_afri_F_gen","c_kidSister_afri_a_G7b2P"],"unlocked":true,"touchableObjects":["c_cousin_F_a_G7b2P","s_computer_F_G7b2P","s_calendar_F_gen","s_closet_F_G7b2P","s_pictureDad_afri_F_gen","c_grandma_afri_a_G7b2P","c_kidSister_afri_a_G7b2P"]}],"stackSize":5,"resolved":true},{"challengeScenes":[{"miniGameCards":[],"viewedAnimatic":true,"keyPoints":["s_clock_G8a0","c_cousin_F_a_G8a0","c_crush2_F_a_G8a0","s_cellphone_G8a0","s_bottleCrush2_F_G8a0"],"unlocked":true,"touchableObjects":["c_crewKid1_F_a_G8a0","s_stairs_G8a0","c_friend1_F_G8a0","s_bottleTable_G8a0","s_beerSixpack_G8a0","s_clock_G8a0","s_cigaretteKid1_G8a0","c_cousin_F_a_G8a0","s_bottleFloor_G8a0","c_crush2_F_a_G8a0","s_beerCooler_G8a0","s_cellphone_G8a0","s_bottleCrush2_F_G8a0"]},{"miniGameCards":[],"viewedAnimatic":true,"keyPoints":["s_basementDoor_gen","s_dirtyClothes_gen","s_crush2Lips_F_G8a1N","s_crush2Sore_F_G8a1N","s_crush2Eyes_F_G8a1N"],"unlocked":true,"touchableObjects":["c_crush2_F_a_G8a1N","s_stairs_G8a1N","s_inhalantsShelf_gen","s_basementDoor_gen","s_dryer_G8a1N","s_dirtyClothes_gen","s_waterHeater_gen","s_crush2Lips_F_G8a1N","s_crush2Sore_F_G8a1N","s_crush2Eyes_F_G8a1N"]},{"miniGameCards":[],"viewedAnimatic":true,"keyPoints":["c_crush2_F_a_G8a1P","s_dirtyClothes_gen","s_basementDoor_gen","s_inhalantsShelf_gen"],"unlocked":true,"touchableObjects":["c_crush2_F_a_G8a1P","s_spraypaintCrush2_F_G8a1P","s_waterHeater_gen","s_dirtyClothes_gen","s_basementDoor_gen","s_inhalantsShelf_gen"]},{"miniGameCards":[],"viewedAnimatic":true,"keyPoints":["s_spraypaintCan_G8a2N","c_crush2_F_a_G8a2N"],"unlocked":true,"touchableObjects":["s_fumes_G8a2N","s_spraypaintCan_G8a2N","c_friend1_F_a_G8a2N","c_crush2_F_a_G8a2N"]},{"miniGameCards":[],"viewedAnimatic":true,"keyPoints":["s_magazine_G8a2P","c_crush2_F_a_G8a2P","c_kidSister_afri_a_G8a2P","s_sistersToy_G8a2P","s_pictureDad_afri_gen"],"unlocked":true,"touchableObjects":["s_videoGame_G8a2P","s_door_gen","c_grandma_afri_a_G8a2P","s_clock_G8a2P","s_magazine_G8a2P","s_ashtray_G8a2P","c_crush2_F_a_G8a2P","s_teaCup_G8a2P","c_kidSister_afri_a_G8a2P","s_stairs_G8a2P","s_sistersToy_G8a2P","s_pictureDad_afri_gen"]},{"miniGameCards":[],"viewedAnimatic":true,"keyPoints":["c_nurse_a_G8a3N","s_mirror_afri_F_a_G8a3N","s_pamphlet3_G8a3N","s_pamphlet1_G8a3N"],"unlocked":true,"touchableObjects":["c_nurse_a_G8a3N","s_phone_G8a3N","s_door_G8a3N","s_mirror_afri_F_a_G8a3N","s_poster_G8a3N","s_pamphlet3_G8a3N","s_pamphlet2_G8a3N","s_pamphlet1_G8a3N"]},{"miniGameCards":[],"viewedAnimatic":true,"keyPoints":["c_crush2_F_a_G8a3P","s_kidsCouch_G8a3P"],"unlocked":true,"touchableObjects":["c_crush2_F_a_G8a3P","s_window_G8a3P","s_kidsCouch_G8a3P","c_cousin_F_a_G8a3P"]}],"stackSize":7,"resolved":true},{"challengeScenes":[{"miniGameCards":[],"viewedAnimatic":true,"keyPoints":["c_friend1_F_a_G8b0","c_kidSister_afri_a_G8b0","s_pillBottle_G8b0"],"unlocked":true,"touchableObjects":["c_grandma_afri_a_G8b0","c_friend1_F_a_G8b0","s_pictureMom_afri_gen","c_kidSister_afri_a_G8b0","s_pillBottle_G8b0"]},{"miniGameCards":[],"viewedAnimatic":true,"keyPoints":["c_friend1_F_a_G8b1N","c_kidSister_afri_a_G8b1N","c_grandma_afri_a_G8b1N"],"unlocked":true,"touchableObjects":["s_pillBottle_G8b1N","c_friend1_F_a_G8b1N","c_kidSister_afri_a_G8b1N","c_grandma_afri_a_G8b1N"]},{"miniGameCards":[],"viewedAnimatic":true,"keyPoints":["c_friend1_F_a_G8b1P","s_pillBottle_F_G8b1P","c_grandma_afri_a_G8b1P"],"unlocked":true,"touchableObjects":["c_friend1_F_a_G8b1P","c_kidSister_afri_a_G8b1P","s_tvGuide_G8b1P","s_pillBottle_F_G8b1P","c_grandma_afri_a_G8b1P"]},{"miniGameCards":[],"viewedAnimatic":true,"keyPoints":["c_crewKid2_F_a_G8b2N","c_teacherEng_G8b2N","s_sandwichBagPills_G8b2N","c_friend1_F_a_G8b2N","s_clock_G8b2N"],"unlocked":true,"touchableObjects":["s_kid2_G8b2N","c_crewKid2_F_a_G8b2N","c_teacherEng_G8b2N","s_kid3_G8b2N","s_kid4_G8b2N","s_kid5_G8b2N","s_sandwichBagPills_G8b2N","c_friend1_F_a_G8b2N","s_camera_gen","s_kid1_G8b2N","s_clock_G8b2N"]},{"miniGameCards":[],"viewedAnimatic":true,"keyPoints":["s_pillBottle_G8b2P","c_friend1_F_a_G8b2P","c_grandma_afri_a_G8b2P"],"unlocked":true,"touchableObjects":["s_videoGameScreen_G8b2P","c_kidSister_afri_a_G8b2P","s_pillBottle_G8b2P","c_mom_afri_a_G8b2P","c_friend1_F_a_G8b2P","c_grandma_afri_a_G8b2P"]}],"stackSize":5,"resolved":true},{"challengeScenes":[{"miniGameCards":[],"viewedAnimatic":true,"keyPoints":["s_clock_F_G9a0","s_cellPhone_F_G9a0","s_bathingSuit_F_G9a0","s_door_F_gen"],"unlocked":true,"touchableObjects":["s_window_F_G9a0","s_calendar_F_gen","s_clock_F_G9a0","s_cellPhone_F_G9a0","s_bathingSuit_F_G9a0","s_door_F_gen"]},{"miniGameCards":[],"viewedAnimatic":true,"keyPoints":["c_policeOfficer_G9a1N","s_kid3_G9a1N","s_fence_G9a1N","c_cousin_F_a_G9a1N"],"unlocked":true,"touchableObjects":["c_cousinsBrothersFriend_a_G9a1N","c_policeOfficer_G9a1N","s_kid4_G9a1N","s_bathingSuits_G9a1N","s_kid3_G9a1N","s_potSmokeCloud_G9a1N","s_fence_G9a1N","c_cousin_F_a_G9a1N"]},{"miniGameCards":[],"viewedAnimatic":true,"keyPoints":["c_cousin_F_a_G9a1P","s_door_F_gen","s_calendar_F_gen","s_joint_F_G9a1P","s_poster_F_gen"],"unlocked":true,"touchableObjects":["s_computer_F_gen","c_cousin_F_a_G9a1P","s_door_F_gen","s_calendar_F_gen","s_joint_F_G9a1P","s_poster_F_gen"]},{"miniGameCards":[],"viewedAnimatic":true,"keyPoints":["s_potSmokeCloud_F_G9a2N","c_kidSister_afri_a_G9a2N","c_mom_afri_a_G9a2N","c_cousin_F_a_G9a2N","s_pictureDad_afri_F_gen"],"unlocked":true,"touchableObjects":["s_cookieTrayEmpty_F_G9a2N","s_potSmokeCloud_F_G9a2N","c_kidSister_afri_a_G9a2N","c_mom_afri_a_G9a2N","c_cousin_F_a_G9a2N","s_pictureDad_afri_F_gen"]},{"miniGameCards":[],"viewedAnimatic":true,"keyPoints":["s_door_gen","s_pizzaBox_G9a2P","c_mom_afri_a_G9a2P","c_cousin_F_a_G9a2P"],"unlocked":true,"touchableObjects":["c_kidSister_afri_a_G9a2P","s_tv_G9a2P","s_door_gen","s_pizzaBox_G9a2P","c_grandma_afri_a_G9a2P","s_pictureDad_afri_gen","s_cookieTray_G9a2P","c_mom_afri_a_G9a2P","c_cousin_F_a_G9a2P"]}],"stackSize":5,"resolved":true},{"challengeScenes":[{"miniGameCards":[],"viewedAnimatic":true,"keyPoints":["s_computer_F_gen","s_mirror_F_G9b0","s_pictureDad_afri_F_gen"],"unlocked":true,"touchableObjects":["c_cousin_F_a_G9b0","s_closet_F_G9b0","c_kidSister_afri_a_G9b0","s_computer_F_gen","s_cellPhone_F_G9b0","s_calendar_F_gen","s_clock_F_G9b0","s_mirror_F_G9b0","s_pictureDad_afri_F_gen"]},{"miniGameCards":[],"viewedAnimatic":true,"keyPoints":["c_kidSister_afri_a_G9b1N","s_brokenLamp_G9b1N","c_teacherEng_G9b1N","c_cousin_F_a_G9b1N","s_beerBottle_G9b1N","s_joint_G9b1N","s_clock_G9b1N"],"unlocked":true,"touchableObjects":["c_kidSister_afri_a_G9b1N","s_brokenLamp_G9b1N","c_teacherEng_G9b1N","c_cousin_F_a_G9b1N","s_puddleFloor_G9b1N","s_photoCracked_G9b1N","s_pictureDaddark_afri_gen","s_coupleOnCouch_G9b1N","s_boomBox_G9b1N","s_beerBottle_G9b1N","s_ashtray_G9b1N","s_smokeDetector_G9b1N","s_joint_G9b1N","s_clock_G9b1N"]},{"miniGameCards":[],"viewedAnimatic":true,"keyPoints":["c_friend1_F_a_G9b1P","c_bestFriend_F_a_G9b1P","c_crush1_F_a_G9b1P","c_cousin_F_a_G9b1P","s_kidsGroupKitchen_G9b1P","s_pictureMomdark_afri_G9b1P","s_pictureDaddark_afri_gen"],"unlocked":true,"touchableObjects":["c_kidSister_afri_a_G9b1P","c_friend1_F_a_G9b1P","s_door_G9b1P","c_bestFriend_F_a_G9b1P","c_crush1_F_a_G9b1P","s_beerBottle_G9b1P","c_cousin_F_a_G9b1P","s_kidsGroupKitchen_G9b1P","s_pictureMomdark_afri_G9b1P","s_pictureDaddark_afri_gen"]},{"miniGameCards":[],"viewedAnimatic":true,"keyPoints":["c_mom_afri_a_G9b2N","c_crush1_F_a_G9b2N","c_cousin_F_a_G9b2N"],"unlocked":true,"touchableObjects":["c_mom_afri_a_G9b2N","c_kidSister_afri_a_G9b2N","s_clock_G9b2N","c_crush1_F_a_G9b2N","c_bestFriend_F_a_G9b2N","c_cousin_F_a_G9b2N"]},{"miniGameCards":[],"viewedAnimatic":true,"keyPoints":["c_bestFriend_F_a_G9b2P","c_mom_afri_a_G9b2P","c_crush1_F_a_G9b2P","s_clock_G9b2P"],"unlocked":true,"touchableObjects":["c_grandma_afri_a_G9b2P","s_boardGame_G9b2P","c_bestFriend_F_a_G9b2P","c_cousin_F_a_G9b2P","c_kidSister_afri_a_G9b2P","c_mom_afri_a_G9b2P","c_crush1_F_a_G9b2P","s_clock_G9b2P"]}],"stackSize":5,"resolved":true},{"challengeScenes":[{"miniGameCards":[],"viewedAnimatic":true,"keyPoints":["s_window_F_G10a0","s_poster_F_gen","s_cellPhone_F_G10a0","c_crush1_F_b_G10a0","s_drawer_F_G10a0"],"unlocked":true,"touchableObjects":["s_chairClothes_F_G10a0","s_clock_F_G10a0","s_bed2_F_G10a0","s_bed1_F_G10a0","s_window_F_G10a0","s_calendar_F_gen","s_poster_F_gen","s_cellPhone_F_G10a0","c_crush1_F_b_G10a0","s_door_F_gen","s_computer_F_gen","s_pictureFamily_F_G10a0","s_drawer_F_G10a0"]},{"miniGameCards":[],"viewedAnimatic":true,"keyPoints":["s_condom_F_G10a1N","s_picture_F_G10a1N","c_crush1_F_b_G10a1N","s_mirror_F_G10a1N"],"unlocked":true,"touchableObjects":["s_crushClothes_F_G10a1N","s_door_F_gen","s_closet_F_G10a1N","s_condom_F_G10a1N","s_calendar_F_gen","s_computer_F_gen","s_window_F_G10a1N","s_picture_F_G10a1N","c_crush1_F_b_G10a1N","s_mirror_F_G10a1N"]},{"miniGameCards":[],"viewedAnimatic":true,"keyPoints":["c_friend_F_b_G10a1P","c_crush1_F_b_G10a1P","s_lockerPoster_G10a1P"],"unlocked":true,"touchableObjects":["s_dancePoster_G10a1P","c_bestFriend_F_b_G10a1P","c_friend_F_b_G10a1P","c_crush1_F_b_G10a1P","c_teacherEng_G10a1P","s_clock_G10a1P","s_lockerPoster_G10a1P"]},{"miniGameCards":[],"viewedAnimatic":true,"keyPoints":["s_pamphlet5_G10a2N","s_pamphlet3_G10a2N","s_pamphlet4_G10a2N","s_pamphlet1_G10a2N","s_phone_G10a2N","c_nurse_G10a2N"],"unlocked":true,"touchableObjects":["s_cot_G10a2N","s_kleenex_G10a2N","s_pamphlet5_G10a2N","s_pamphlet2_G10a2N","s_firstAidKit_G10a2N","s_curtain_G10a2N","s_pamphlet3_G10a2N","s_pamphlet4_G10a2N","s_pamphlet1_G10a2N","s_phone_G10a2N","c_nurse_G10a2N"]},{"miniGameCards":[],"viewedAnimatic":true,"keyPoints":["c_crush1_F_b_G10a2P","c_friend_F_b_G10a2P","c_cousin_F_b_G10a2P","c_nurse_G10a2P","s_dancePoster_G10a2P"],"unlocked":true,"touchableObjects":["c_bestFriend_F_b_G10a2P","c_crush1_F_b_G10a2P","c_friend_F_b_G10a2P","c_cousin_F_b_G10a2P","c_nurse_G10a2P","s_dancePoster_G10a2P"]}],"stackSize":5,"resolved":true},{"challengeScenes":[{"miniGameCards":[],"viewedAnimatic":true,"keyPoints":["s_car1_G10b0","s_car2_G10b0","s_kidsGroup1_G10b0","c_crush1_F_b_G10b0"],"unlocked":true,"touchableObjects":["s_car1_G10b0","s_car2_G10b0","s_kidsGroup1_G10b0","c_crush1_F_b_G10b0","c_cousinsBrother_b_G10b0","s_billboard_G10b0"]},{"miniGameCards":[],"viewedAnimatic":false,"keyPoints":[],"unlocked":true,"touchableObjects":[]},{"miniGameCards":[],"viewedAnimatic":false,"keyPoints":[],"unlocked":false,"touchableObjects":[]},{"miniGameCards":[],"viewedAnimatic":false,"keyPoints":[],"unlocked":false,"touchableObjects":[]},{"miniGameCards":[],"viewedAnimatic":false,"keyPoints":[],"unlocked":false,"touchableObjects":[]}],"stackSize":5,"resolved":false},{"challengeScenes":[{"miniGameCards":[],"viewedAnimatic":false,"keyPoints":[],"unlocked":true,"touchableObjects":[]},{"miniGameCards":[],"viewedAnimatic":false,"keyPoints":[],"unlocked":true,"touchableObjects":[]},{"miniGameCards":[],"viewedAnimatic":false,"keyPoints":[],"unlocked":false,"touchableObjects":[]},{"miniGameCards":[],"viewedAnimatic":false,"keyPoints":[],"unlocked":false,"touchableObjects":[]},{"miniGameCards":[],"viewedAnimatic":false,"keyPoints":[],"unlocked":false,"touchableObjects":[]}],"stackSize":5,"resolved":false},{"challengeScenes":[{"miniGameCards":[],"viewedAnimatic":false,"keyPoints":[],"unlocked":false,"touchableObjects":[]},{"miniGameCards":[],"viewedAnimatic":false,"keyPoints":[],"unlocked":false,"touchableObjects":[]},{"miniGameCards":[],"viewedAnimatic":false,"keyPoints":[],"unlocked":false,"touchableObjects":[]},{"miniGameCards":[],"viewedAnimatic":false,"keyPoints":[],"unlocked":false,"touchableObjects":[]},{"miniGameCards":[],"viewedAnimatic":false,"keyPoints":[],"unlocked":false,"touchableObjects":[]}],"stackSize":5,"resolved":false},{"challengeScenes":[{"miniGameCards":[],"viewedAnimatic":true,"keyPoints":[],"unlocked":true,"touchableObjects":[]},{"miniGameCards":[],"viewedAnimatic":false,"keyPoints":[],"unlocked":true,"touchableObjects":[]},{"miniGameCards":[],"viewedAnimatic":false,"keyPoints":[],"unlocked":false,"touchableObjects":[]},{"miniGameCards":[],"viewedAnimatic":false,"keyPoints":[],"unlocked":true,"touchableObjects":[]},{"miniGameCards":[],"viewedAnimatic":false,"keyPoints":[],"unlocked":false,"touchableObjects":[]}],"stackSize":5,"resolved":false},{"challengeScenes":[{"miniGameCards":[],"viewedAnimatic":false,"keyPoints":[],"unlocked":false,"touchableObjects":[]},{"miniGameCards":[],"viewedAnimatic":false,"keyPoints":[],"unlocked":false,"touchableObjects":[]},{"miniGameCards":[],"viewedAnimatic":false,"keyPoints":[],"unlocked":false,"touchableObjects":[]},{"miniGameCards":[],"viewedAnimatic":false,"keyPoints":[],"unlocked":false,"touchableObjects":[]},{"miniGameCards":[],"viewedAnimatic":false,"keyPoints":[],"unlocked":false,"touchableObjects":[]}],"stackSize":5,"resolved":false},{"challengeScenes":[{"miniGameCards":[],"viewedAnimatic":false,"keyPoints":[],"unlocked":true,"touchableObjects":[]},{"miniGameCards":[],"viewedAnimatic":false,"keyPoints":["c_job_G0a1N","c_family_afri_a_G0a1N","c_home_G0a1N"],"unlocked":true,"touchableObjects":["c_job_G0a1N","c_family_afri_a_G0a1N","c_home_G0a1N","c_player_afri_F_a_G0a1N"]},{"miniGameCards":[],"viewedAnimatic":false,"keyPoints":["c_dad_afri_a_G0a1P","c_kidsister_afri_a_G0a1P","c_Teacher_G0a1P","c_Nurse_G0a1P","c_grandma_afri_a_G0a1P","c_mom_afri_a_G0a1P"],"unlocked":true,"touchableObjects":["c_dad_afri_a_G0a1P","c_friends_G0a1P","c_kidsister_afri_a_G0a1P","c_cousins_F_a_G0a1P","c_Teacher_G0a1P","c_Nurse_G0a1P","c_grandma_afri_a_G0a1P","c_mom_afri_a_G0a1P"]}],"stackSize":3,"resolved":true}],"sessionId":7,"epilogue":{"rating":3},"playerId":6430002,"session":[{"sceneId":"1P","stackId":12},{"sceneId":"1P","stackId":0},{"sceneId":"1P","stackId":1},{"sceneId":"1N","stackId":1},{"sceneId":"2P","stackId":1},{"sceneId":"3P","stackId":2},{"sceneId":"1P","stackId":4},{"sceneId":"1N","stackId":4},{"sceneId":"2P","stackId":4},{"sceneId":"1P","stackId":2},{"sceneId":"1N","stackId":2},{"sceneId":"2P","stackId":2},{"sceneId":"1P","stackId":3},{"sceneId":"1N","stackId":3},{"sceneId":"2P","stackId":3},{"sceneId":"1P","stackId":5},{"sceneId":"1N","stackId":5},{"sceneId":"2P","stackId":5},{"sceneId":"2P","stackId":6},{"sceneId":"1P","stackId":6}],"minigames":[{"levelSaveData":[{"starRating":3,"unlocked":true},{"starRating":3,"unlocked":true},{"starRating":3,"unlocked":true},{"starRating":0,"unlocked":true},{"starRating":0,"unlocked":false},{"starRating":0,"unlocked":true},{"starRating":2,"unlocked":true},{"starRating":0,"unlocked":true},{"starRating":3,"unlocked":true},{"starRating":1,"unlocked":true}],"skillPoints":15},{"levelSaveData":[{"starRating":3,"unlocked":true},{"starRating":3,"unlocked":true},{"starRating":3,"unlocked":true},{"starRating":0,"unlocked":true},{"starRating":3,"unlocked":true},{"starRating":0,"unlocked":true},{"starRating":0,"unlocked":false},{"starRating":0,"unlocked":true},{"starRating":3,"unlocked":true},{"starRating":3,"unlocked":true}],"skillPoints":18},{"levelSaveData":[{"starRating":3,"unlocked":true},{"starRating":3,"unlocked":true},{"starRating":3,"unlocked":true},{"starRating":3,"unlocked":true},{"starRating":0,"unlocked":false},{"starRating":0,"unlocked":true},{"starRating":0,"unlocked":true},{"starRating":0,"unlocked":true},{"starRating":3,"unlocked":true},{"starRating":0,"unlocked":false}],"skillPoints":15},{"levelSaveData":[{"starRating":3,"unlocked":true},{"starRating":3,"unlocked":true},{"starRating":3,"unlocked":true},{"starRating":3,"unlocked":true},{"starRating":3,"unlocked":true},{"starRating":3,"unlocked":true},{"starRating":3,"unlocked":true},{"starRating":0,"unlocked":true},{"starRating":0,"unlocked":false},{"starRating":0,"unlocked":false}],"skillPoints":21},{"age":13,"name":"brittany","gender":1,"levelSaveData":[{"starRating":3,"unlocked":true},{"starRating":3,"chunks":[["1"],["14$$happy","10$$silly"],["12$$partying","6$$music","9$$shoes"],["3"]],"unlocked":true},{"starRating":3,"chunks":[["1"],["8$$swimming","5$$nails & makeup"],["0$$driving","11$$dance teacher"]],"unlocked":true},{"starRating":3,"chunks":[["11$$comvertable"],["4$$puppy/dog"],["2"],["1"],["3","4"],["2"]],"unlocked":true},{"starRating":3,"chunks":[["1$$science"],["3"],["11$$k9/FBI","19"],["1"],["2"],["2$$doctors"]],"unlocked":true},{"starRating":3,"chunks":[["4"],["1","1","4","5"],["7$$the city"],["0$$mall"]],"unlocked":true},{"starRating":3,"chunks":[["3"],["3"],["2$$sisters","22$$mom"],["2","2"],["1$$happy family"]],"unlocked":true},{"starRating":3,"chunks":[["7","3","2"],["6","4","4"],["0"],["2$$exercising"],["2$$beer & smoking"]],"unlocked":true},{"starRating":3,"chunks":[["7","2","3"],["4","5","1"],["0","3"]],"unlocked":true},{"starRating":0,"chunks":[[null],[null],[null],[null],[null],[null]],"unlocked":false}],"visualAvatar":0,"id":0,"skillPoints":27}],"avatar":{"age":13,"name":"brittany","gender":1,"levelSaveData":[{"starRating":3,"unlocked":true},{"starRating":3,"chunks":[["1"],["14$$happy","10$$silly"],["12$$partying","6$$music","9$$shoes"],["3"]],"unlocked":true},{"starRating":3,"chunks":[["1"],["8$$swimming","5$$nails & makeup"],["0$$driving","11$$dance teacher"]],"unlocked":true},{"starRating":3,"chunks":[["11$$comvertable"],["4$$puppy/dog"],["2"],["1"],["3","4"],["2"]],"unlocked":true},{"starRating":3,"chunks":[["1$$science"],["3"],["11$$k9/FBI","19"],["1"],["2"],["2$$doctors"]],"unlocked":true},{"starRating":3,"chunks":[["4"],["1","1","4","5"],["7$$the city"],["0$$mall"]],"unlocked":true},{"starRating":3,"chunks":[["3"],["3"],["2$$sisters","22$$mom"],["2","2"],["1$$happy family"]],"unlocked":true},{"starRating":3,"chunks":[["7","3","2"],["6","4","4"],["0"],["2$$exercising"],["2$$beer & smoking"]],"unlocked":true},{"starRating":3,"chunks":[["7","2","3"],["4","5","1"],["0","3"]],"unlocked":true},{"starRating":0,"chunks":[[null],[null],[null],[null],[null],[null]],"unlocked":false}],"visualAvatar":0,"id":0,"skillPoints":27}}
