6546006,0,3:6:53,7/10/2013 1:38:00pm
6546006,100,3:7:4,1
6546006,102,3:7:29,1
6546006,200,3:7:29,1,3,3,3,0,6
6546006,210,3:7:51,442,464
6546006,211,3:7:52,190,478
6546006,207,3:7:52,1,-500,-185
6546006,210,3:7:55,1242,108
6546006,211,3:7:55,1257,108
6546006,207,3:7:55,1,-185,-260
6546006,207,3:7:56,1,-260,-320
6546006,219,3:8:15,1
6546006,216,3:8:18,Stack_G7b0
6546006,217,3:8:45,Stack_G7b0,20,1.0
6546006,216,3:8:51,Stack_G7b0
6546006,217,3:9:13,Stack_G7b0,20,1.0
6546006,218,3:9:14,1
6546006,221,3:9:16,1
6546006,220,3:9:19,1
6546006,219,3:9:22,1
6546006,216,3:9:23,Stack_G7b1N
6546006,217,3:9:43,Stack_G7b1N,17,0.00
6546006,218,3:9:44,1
6546006,210,3:9:45,857,509
6546006,211,3:9:46,946,483
6546006,207,3:9:48,1,-200,-260
6546006,212,3:9:49,2
6546006,210,3:9:50,1055,332
6546006,211,3:9:50,782,527
6546006,210,3:9:51,802,550
6546006,211,3:9:52,795,568
6546006,210,3:9:52,797,554
6546006,211,3:9:53,789,534
6546006,210,3:9:53,789,532
6546006,211,3:9:54,812,510
6546006,213,3:9:54,1,c_cousin_F_a_G7b1N,true
6546006,210,3:9:58,1048,530
6546006,211,3:9:59,1323,513
6546006,207,3:9:59,1,-260,-320
6546006,207,3:10:0,1,-320,-365
6546006,210,3:10:0,1250,433
6546006,211,3:10:1,623,252
6546006,213,3:10:1,1,c_teacherEng_G7b1N,true
6546006,210,3:10:7,797,330
6546006,207,3:10:8,1,-365,-140
6546006,211,3:10:8,315,390
6546006,213,3:10:8,1,c_policeOfficer_G7b1N,true
6546006,210,3:10:15,662,357
6546006,207,3:10:16,1,-140,0
6546006,211,3:10:18,1095,509
6546006,207,3:10:18,1,0,-90
6546006,210,3:10:18,1186,533
6546006,211,3:10:19,1437,349
6546006,207,3:10:19,1,-90,-435
6546006,221,3:10:23,1
6546006,220,3:10:26,1
6546006,212,3:10:27,0
6546006,207,3:10:28,1,-500,-545
6546006,210,3:10:28,1364,486
6546006,211,3:10:29,1607,261
6546006,207,3:10:29,1,-545,-605
6546006,210,3:10:29,1667,204
6546006,207,3:10:30,1,-605,-710
6546006,211,3:10:30,1775,93
6546006,207,3:10:30,1,-710,-770
6546006,210,3:10:31,1801,311
6546006,207,3:10:31,1,-770,-845
6546006,207,3:10:32,1,-845,-1031
6546006,207,3:10:37,1,-1031,-731
6546006,207,3:10:39,1,-731,-221
6546006,211,3:10:40,443,373
6546006,213,3:10:40,1,c_cousinsBrother_a_G7b0,true
6546006,210,3:10:48,744,406
6546006,207,3:10:48,1,-221,-116
6546006,211,3:10:49,721,533
6546006,213,3:10:49,1,c_crewKid2_F_G7b0,true
6546006,210,3:10:51,789,438
6546006,211,3:10:52,1013,481
6546006,210,3:10:52,983,468
6546006,211,3:10:52,983,468
6546006,210,3:10:52,906,479
6546006,211,3:10:55,551,153
6546006,213,3:10:55,1,s_lifeguard_G7b0,true
6546006,210,3:10:57,540,402
6546006,207,3:10:58,1,-116,0
6546006,211,3:11:1,1095,470
6546006,207,3:11:1,1,0,-90
6546006,210,3:11:2,1159,562
6546006,207,3:11:2,1,-90,-180
6546006,207,3:11:2,1,-180,-285
6546006,211,3:11:4,689,450
6546006,213,3:11:4,1,c_crewKid2_F_G7b0,true
6546006,210,3:11:6,1148,364
6546006,207,3:11:7,1,-285,-390
6546006,207,3:11:9,1,-390,-1031
6546006,211,3:11:19,973,503
6546006,207,3:11:19,1,-1031,-956
6546006,210,3:11:20,883,515
6546006,207,3:11:20,1,-956,-821
6546006,207,3:11:21,1,-821,-566
6546006,211,3:11:23,735,499
6546006,213,3:11:23,1,c_crewKid2_F_G7b0,true
6546006,210,3:11:25,1005,365
6546006,207,3:11:29,1,-566,-26
6546006,207,3:11:29,1,-26,0
6546006,211,3:11:43,792,503
6546006,213,3:11:43,1,c_crewKid2_F_G7b0,true
6546006,221,3:11:45,1
6546006,220,3:11:50,1
6546006,210,3:11:50,659,472
6546006,211,3:11:51,742,547
6546006,213,3:11:51,1,c_crewKid2_F_G7b0,true
6546006,210,3:11:53,532,260
6546006,211,3:11:53,542,89
6546006,207,3:11:54,1,0,0
6546006,207,3:11:54,1,0,0
6546006,207,3:11:54,1,0,0
6546006,207,3:11:54,1,0,0
6546006,207,3:11:55,1,0,0
6546006,207,3:11:55,1,0,0
6546006,210,3:11:56,426,529
6546006,211,3:11:56,418,405
6546006,213,3:11:56,1,c_cousinsBrother_a_G7b0,true
6546006,210,3:11:58,406,481
6546006,207,3:12:1,1,0,-256
6546006,211,3:12:2,1383,261
6546006,207,3:12:2,1,-256,-376
6546006,210,3:12:3,1447,379
6546006,207,3:12:3,1,-376,-586
6546006,207,3:12:4,1,-586,-646
6546006,211,3:12:5,741,511
6546006,213,3:12:5,1,c_crewKid2_F_G7b0,true
6546006,210,3:12:6,1047,437
6546006,207,3:12:7,1,-646,-541
6546006,207,3:12:8,1,-541,-91
6546006,211,3:12:9,584,510
6546006,213,3:12:9,1,s_backpack_F_G7b0,true
6546006,205,3:12:9,1,s_backpack_F_G7b0,false,false
6546006,210,3:12:15,1134,3
6546006,211,3:12:15,1134,3
6546006,207,3:12:15,1,-91,-166
6546006,210,3:12:15,752,393
6546006,211,3:12:17,990,660
6546006,221,3:12:18,1
6546006,220,3:12:20,1
6546006,212,3:12:20,1
6546006,210,3:12:21,980,414
6546006,207,3:12:23,1,-166,-256
6546006,211,3:12:23,1011,552
6546006,210,3:12:24,955,471
6546006,211,3:12:24,726,500
6546006,213,3:12:24,1,c_crewKid2_F_G7b0,true
6546006,210,3:12:26,731,442
6546006,211,3:12:28,449,351
6546006,213,3:12:28,1,c_cousinsBrother_a_G7b0,true
6546006,210,3:12:30,602,449
6546006,211,3:12:31,201,471
6546006,207,3:12:31,1,-256,-181
6546006,210,3:12:31,130,413
6546006,207,3:12:31,1,-181,0
6546006,211,3:12:33,111,423
6546006,210,3:12:33,187,400
6546006,211,3:12:34,195,504
6546006,213,3:12:34,1,c_kidSister_afri_a_G7b0,true
6546006,205,3:12:34,1,c_kidSister_afri_a_G7b0,false,false
6546006,210,3:12:38,564,495
6546006,211,3:12:40,436,329
6546006,213,3:12:40,1,c_cousinsBrother_a_G7b0,true
6546006,210,3:12:41,587,378
6546006,211,3:12:44,557,162
6546006,213,3:12:44,1,s_lifeguard_G7b0,true
6546006,210,3:12:46,648,423
6546006,211,3:12:47,699,525
6546006,213,3:12:47,1,c_crewKid2_F_G7b0,true
6546006,210,3:12:51,588,412
6546006,207,3:12:53,1,0,-225
6546006,207,3:12:54,1,-225,-540
6546006,211,3:12:55,1652,456
6546006,207,3:12:55,1,-540,-645
6546006,210,3:12:56,1671,491
6546006,207,3:12:56,1,-645,-705
6546006,207,3:12:57,1,-705,-1031
6546006,207,3:13:2,1,-1031,-476
6546006,211,3:13:4,551,165
6546006,213,3:13:4,1,s_lifeguard_G7b0,true
6546006,210,3:13:7,1245,520
6546006,211,3:13:10,742,423
6546006,210,3:13:10,707,534
6546006,211,3:13:10,715,551
6546006,213,3:13:10,1,c_crewKid2_F_G7b0,true
6546006,210,3:13:13,1103,487
6546006,211,3:13:14,639,525
6546006,213,3:13:14,1,c_crewKid2_F_G7b0,true
6546006,210,3:13:15,881,514
6546006,207,3:13:17,1,-476,0
6546006,211,3:13:18,210,480
6546006,213,3:13:18,1,c_kidSister_afri_a_G7b0,true
6546006,205,3:13:18,1,c_kidSister_afri_a_G7b0,false,true
6546006,210,3:13:21,270,531
6546006,211,3:13:23,575,358
6546006,221,3:13:28,1
6546006,220,3:13:33,1
6546006,221,3:13:36,1
6546006,220,3:13:39,1
6546006,212,3:13:40,2
6546006,207,3:13:41,1,0,-45
6546006,210,3:13:41,976,491
6546006,211,3:13:42,979,479
6546006,213,3:13:42,1,c_crewKid1_F_G7b0,false
6546006,1003,3:13:45,2
6546006,210,3:13:50,1129,465
6546006,211,3:13:51,1028,481
6546006,213,3:13:51,1,c_crewKid1_F_G7b0,false
6546006,1003,3:13:55,2
6546006,1004,3:13:57,1
6546006,900,3:14:1,1,[]
6546006,901,3:14:6,1,[PeopleData_id:5]
6546006,904,3:14:6,1,[PeopleData_id:5]
6546006,902,3:14:9,1,[PeopleData_id:5,PeopleData_data2Type]
6546006,903,3:14:10,1,[PeopleData_id5,PeopleData_data2Type]
6546006,902,3:14:11,1,[PeopleData_id:5,PeopleData_data1Type]
6546006,903,3:14:12,1,[PeopleData_id5,PeopleData_data1Type]
6546006,902,3:14:13,1,[PeopleData_id:5,PeopleData_data0Type]
6546006,903,3:14:15,1,[PeopleData_id5,PeopleData_data0Type]
6546006,901,3:14:16,1,[PeopleData_id:5]
6546006,904,3:14:16,1,[PeopleData_id:5]
6546006,905,3:14:17,1,[PeopleData_id:5,RankTypes_id:-1,RankTypes_id:3]
6546006,901,3:14:21,1,[PeopleData_id:3]
6546006,902,3:14:22,1,[PeopleData_id:3,PeopleData_data3Type]
6546006,903,3:14:32,1,[PeopleData_id3,PeopleData_data3Type]
6546006,902,3:14:33,1,[PeopleData_id:3,PeopleData_data2Type]
6546006,903,3:14:37,1,[PeopleData_id3,PeopleData_data2Type]
6546006,902,3:14:38,1,[PeopleData_id:3,PeopleData_data1Type]
6546006,903,3:14:39,1,[PeopleData_id3,PeopleData_data1Type]
6546006,902,3:14:41,1,[PeopleData_id:3,PeopleData_data1Type]
6546006,903,3:14:47,1,[PeopleData_id3,PeopleData_data1Type]
6546006,902,3:14:48,1,[PeopleData_id:3,PeopleData_data0Type]
6546006,903,3:14:53,1,[PeopleData_id3,PeopleData_data0Type]
6546006,901,3:14:54,1,[PeopleData_id:3]
6546006,904,3:14:54,1,[PeopleData_id:3]
6546006,905,3:14:55,1,[PeopleData_id:3,RankTypes_id:-1,RankTypes_id:0]
6546006,902,3:14:57,1,[PeopleData_id:3,PeopleData_data3Type]
6546006,903,3:15:1,1,[PeopleData_id3,PeopleData_data3Type]
6546006,901,3:15:4,1,[PeopleData_id:6]
6546006,902,3:15:5,1,[PeopleData_id:6,PeopleData_data3Type]
6546006,903,3:15:13,1,[PeopleData_id6,PeopleData_data3Type]
6546006,902,3:15:14,1,[PeopleData_id:6,PeopleData_data2Type]
6546006,903,3:15:21,1,[PeopleData_id6,PeopleData_data2Type]
6546006,902,3:15:21,1,[PeopleData_id:6,PeopleData_data3Type]
6546006,903,3:15:22,1,[PeopleData_id6,PeopleData_data3Type]
6546006,902,3:15:23,1,[PeopleData_id:6,PeopleData_data2Type]
6546006,903,3:15:24,1,[PeopleData_id6,PeopleData_data2Type]
6546006,902,3:15:25,1,[PeopleData_id:6,PeopleData_data1Type]
6546006,903,3:15:28,1,[PeopleData_id6,PeopleData_data1Type]
6546006,902,3:15:29,1,[PeopleData_id:6,PeopleData_data1Type]
6546006,903,3:15:32,1,[PeopleData_id6,PeopleData_data1Type]
6546006,902,3:15:34,1,[PeopleData_id:6,PeopleData_data0Type]
6546006,903,3:15:39,1,[PeopleData_id6,PeopleData_data0Type]
6546006,901,3:15:42,1,[PeopleData_id:6]
6546006,904,3:15:42,1,[PeopleData_id:6]
6546006,901,3:15:42,1,[PeopleData_id:6]
6546006,904,3:15:42,1,[PeopleData_id:6]
6546006,905,3:15:43,1,[PeopleData_id:6,RankTypes_id:-1,RankTypes_id:1]
6546006,902,3:15:44,1,[PeopleData_id:6,PeopleData_data3Type]
6546006,903,3:15:44,1,[PeopleData_id6,PeopleData_data3Type]
6546006,901,3:15:47,1,[PeopleData_id:4]
6546006,902,3:15:48,1,[PeopleData_id:4,PeopleData_data3Type]
6546006,903,3:15:51,1,[PeopleData_id4,PeopleData_data3Type]
6546006,902,3:15:52,1,[PeopleData_id:4,PeopleData_data2Type]
6546006,903,3:15:54,1,[PeopleData_id4,PeopleData_data2Type]
6546006,902,3:15:55,1,[PeopleData_id:4,PeopleData_data1Type]
6546006,903,3:15:56,1,[PeopleData_id4,PeopleData_data1Type]
6546006,902,3:15:57,1,[PeopleData_id:4,PeopleData_data0Type]
6546006,903,3:15:58,1,[PeopleData_id4,PeopleData_data0Type]
6546006,902,3:15:59,1,[PeopleData_id:4,PeopleData_data0Type]
6546006,902,3:15:59,1,[PeopleData_id:4,PeopleData_data0Type]
6546006,903,3:16:0,1,[PeopleData_id4,PeopleData_data0Type]
6546006,902,3:16:1,1,[PeopleData_id:4,PeopleData_data0Type]
6546006,903,3:16:2,1,[PeopleData_id4,PeopleData_data0Type]
6546006,902,3:16:4,1,[PeopleData_id:4,PeopleData_data0Type]
6546006,903,3:16:9,1,[PeopleData_id4,PeopleData_data0Type]
6546006,901,3:16:10,1,[PeopleData_id:4]
6546006,901,3:16:10,1,[PeopleData_id:4]
6546006,904,3:16:11,1,[PeopleData_id:4]
6546006,905,3:16:14,1,[PeopleData_id:4,RankTypes_id:-1,RankTypes_id:2]
6546006,901,3:16:15,1,[PeopleData_id:6]
6546006,905,3:16:15,1,[PeopleData_id:6,RankTypes_id:1,RankTypes_id:1]
6546006,902,3:16:16,1,[PeopleData_id:6,PeopleData_data3Type]
6546006,903,3:16:17,1,[PeopleData_id6,PeopleData_data3Type]
6546006,901,3:16:18,1,[PeopleData_id:6]
6546006,904,3:16:18,1,[PeopleData_id:6]
6546006,905,3:16:19,1,[PeopleData_id:6,RankTypes_id:1,RankTypes_id:2]
6546006,901,3:16:21,1,[PeopleData_id:0]
6546006,904,3:16:21,1,[PeopleData_id:0]
6546006,902,3:16:22,1,[PeopleData_id:0,PeopleData_data2Type]
6546006,903,3:16:25,1,[PeopleData_id0,PeopleData_data2Type]
6546006,902,3:16:26,1,[PeopleData_id:0,PeopleData_data1Type]
6546006,903,3:16:27,1,[PeopleData_id0,PeopleData_data1Type]
6546006,902,3:16:28,1,[PeopleData_id:0,PeopleData_data0Type]
6546006,903,3:16:32,1,[PeopleData_id0,PeopleData_data0Type]
6546006,901,3:16:33,1,[PeopleData_id:0]
6546006,904,3:16:33,1,[PeopleData_id:0]
6546006,905,3:16:34,1,[PeopleData_id:0,RankTypes_id:-1,RankTypes_id:1]
6546006,901,3:16:36,1,[PeopleData_id:0]
6546006,904,3:16:36,1,[PeopleData_id:0]
6546006,905,3:16:37,1,[PeopleData_id:0,RankTypes_id:1,RankTypes_id:0]
6546006,901,3:16:38,1,[PeopleData_id:2]
6546006,902,3:16:39,1,[PeopleData_id:2,PeopleData_data3Type]
6546006,903,3:16:43,1,[PeopleData_id2,PeopleData_data3Type]
6546006,902,3:16:44,1,[PeopleData_id:2,PeopleData_data2Type]
6546006,903,3:16:54,1,[PeopleData_id2,PeopleData_data2Type]
6546006,902,3:16:55,1,[PeopleData_id:2,PeopleData_data1Type]
6546006,903,3:16:58,1,[PeopleData_id2,PeopleData_data1Type]
6546006,902,3:16:59,1,[PeopleData_id:2,PeopleData_data0Type]
6546006,903,3:17:0,1,[PeopleData_id2,PeopleData_data0Type]
6546006,902,3:17:2,1,[PeopleData_id:2,PeopleData_data0Type]
6546006,903,3:17:3,1,[PeopleData_id2,PeopleData_data0Type]
6546006,901,3:17:4,1,[PeopleData_id:2]
6546006,904,3:17:4,1,[PeopleData_id:2]
6546006,905,3:17:4,1,[PeopleData_id:2,RankTypes_id:-1,RankTypes_id:0]
6546006,901,3:17:5,1,[PeopleData_id:1]
6546006,902,3:17:6,1,[PeopleData_id:1,PeopleData_data3Type]
6546006,903,3:17:9,1,[PeopleData_id1,PeopleData_data3Type]
6546006,902,3:17:10,1,[PeopleData_id:1,PeopleData_data1Type]
6546006,903,3:17:11,1,[PeopleData_id1,PeopleData_data1Type]
6546006,902,3:17:12,1,[PeopleData_id:1,PeopleData_data2Type]
6546006,903,3:17:13,1,[PeopleData_id1,PeopleData_data2Type]
6546006,902,3:17:14,1,[PeopleData_id:1,PeopleData_data1Type]
6546006,903,3:17:15,1,[PeopleData_id1,PeopleData_data1Type]
6546006,902,3:17:16,1,[PeopleData_id:1,PeopleData_data0Type]
6546006,903,3:17:19,1,[PeopleData_id1,PeopleData_data0Type]
6546006,901,3:17:19,1,[PeopleData_id:1]
6546006,904,3:17:19,1,[PeopleData_id:1]
6546006,905,3:17:20,1,[PeopleData_id:1,RankTypes_id:-1,RankTypes_id:4]
6546006,906,3:17:20,1,[]
6546006,901,3:17:23,1,[PeopleData_id:1]
6546006,904,3:17:24,1,[PeopleData_id:1]
6546006,905,3:17:24,1,[PeopleData_id:1,RankTypes_id:4,RankTypes_id:4]
6546006,901,3:17:24,1,[PeopleData_id:1]
6546006,904,3:17:24,1,[PeopleData_id:1]
6546006,905,3:17:24,1,[PeopleData_id:1,RankTypes_id:4,RankTypes_id:4]
6546006,901,3:17:24,1,[PeopleData_id:1]
6546006,905,3:17:24,1,[PeopleData_id:1,RankTypes_id:4,RankTypes_id:4]
6546006,901,3:17:24,1,[PeopleData_id:1]
6546006,904,3:17:24,1,[PeopleData_id:1]
6546006,905,3:17:25,1,[PeopleData_id:1,RankTypes_id:4,RankTypes_id:3]
6546006,907,3:17:26,1,[]
6546006,908,3:17:26,1,[InvitationData_id:10,PeopleData_id:1,RankTypes_id:3]
6546006,909,3:17:29,1,[InvitationData_id:10,PeopleData_id:1,RankTypes_id:3,1]
6546006,910,3:17:30,1,[InvitationData_id:10,7,false]
6546006,908,3:17:30,1,[InvitationData_id:3,PeopleData_id:5,RankTypes_id:3]
6546006,909,3:17:33,1,[InvitationData_id:3,PeopleData_id:5,RankTypes_id:3,1]
6546006,910,3:17:35,1,[InvitationData_id:3,7,false]
6546006,908,3:17:35,1,[InvitationData_id:2,PeopleData_id:4,RankTypes_id:2]
6546006,909,3:17:39,1,[InvitationData_id:2,PeopleData_id:4,RankTypes_id:2,1]
6546006,910,3:17:45,1,[InvitationData_id:2,0,true]
6546006,908,3:17:45,1,[InvitationData_id:9,PeopleData_id:4,RankTypes_id:2]
6546006,909,3:17:49,1,[InvitationData_id:9,PeopleData_id:4,RankTypes_id:2,0]
6546006,910,3:17:53,1,[InvitationData_id:9,-2,false]
6546006,908,3:17:53,1,[InvitationData_id:0,PeopleData_id:1,RankTypes_id:3]
6546006,909,3:17:57,1,[InvitationData_id:0,PeopleData_id:1,RankTypes_id:3,1]
6546006,910,3:17:59,1,[InvitationData_id:0,7,false]
6546006,908,3:17:59,1,[InvitationData_id:1,PeopleData_id:4,RankTypes_id:2]
6546006,909,3:18:3,1,[InvitationData_id:1,PeopleData_id:4,RankTypes_id:2,1]
6546006,910,3:18:4,1,[InvitationData_id:1,5,false]
6546006,908,3:18:4,1,[InvitationData_id:6,PeopleData_id:4,RankTypes_id:2]
6546006,909,3:18:8,1,[InvitationData_id:6,PeopleData_id:4,RankTypes_id:2,1]
6546006,910,3:18:9,1,[InvitationData_id:6,5,false]
6546006,908,3:18:9,1,[InvitationData_id:5,PeopleData_id:6,RankTypes_id:2]
6546006,909,3:18:12,1,[InvitationData_id:5,PeopleData_id:6,RankTypes_id:2,1]
6546006,910,3:18:13,1,[InvitationData_id:5,5,false]
6546006,908,3:18:13,1,[InvitationData_id:8,PeopleData_id:5,RankTypes_id:3]
6546006,909,3:18:20,1,[InvitationData_id:8,PeopleData_id:5,RankTypes_id:3,1]
6546006,910,3:18:22,1,[InvitationData_id:8,7,false]
6546006,911,3:18:24,1,[41,1,0,1]
6546006,1005,3:18:24,1,[2,0,2]
6546006,1001,3:18:27,1,[]
6546006,1003,3:18:27,2
6546006,212,3:18:31,1
6546006,221,3:18:33,1
6546006,220,3:18:34,1
6546006,212,3:18:35,2
6546006,210,3:18:36,1071,504
6546006,211,3:18:36,1018,526
6546006,213,3:18:36,1,c_crewKid1_F_G7b0,true
6546006,205,3:18:36,1,c_crewKid1_F_G7b0,false,false
6546006,210,3:18:40,990,431
6546006,211,3:18:41,685,544
6546006,213,3:18:41,1,c_crewKid2_F_G7b0,true
6546006,210,3:18:42,1335,477
6546006,211,3:18:43,1363,516
6546006,213,3:18:43,1,c_cousin_F_a_G7b0,true
6546006,210,3:18:50,1106,423
6546006,207,3:18:52,1,-500,-275
6546006,207,3:18:52,1,-275,-185
6546006,211,3:18:53,437,345
6546006,213,3:18:53,1,c_cousinsBrother_a_G7b0,true
6546006,210,3:18:55,462,430
6546006,207,3:18:55,1,-185,0
6546006,211,3:18:57,2,357
6546006,210,3:18:58,90,335
6546006,211,3:19:0,289,479
6546006,213,3:19:0,1,c_cousinsBrothersFriend_a_G7b0,true
6546006,210,3:19:3,461,513
6546006,211,3:19:4,355,423
6546006,213,3:19:4,1,c_cousinsBrothersFriendsGF_G7b0,true
6546006,210,3:19:7,597,445
6546006,211,3:19:9,683,530
6546006,213,3:19:9,1,c_crewKid2_F_G7b0,true
6546006,210,3:19:11,690,423
6546006,211,3:19:11,1077,504
6546006,207,3:19:11,1,0,-135
6546006,210,3:19:12,936,479
6546006,211,3:19:12,975,515
6546006,213,3:19:12,1,c_crewKid1_F_G7b0,true
6546006,205,3:19:12,1,c_crewKid1_F_G7b0,false,true
6546006,210,3:19:16,764,461
6546006,207,3:19:18,1,-135,-1031
6546006,211,3:19:21,1381,581
6546006,213,3:19:21,1,c_cousin_F_a_G7b0,true
6546006,221,3:19:27,1
6546006,220,3:19:31,1
6546006,212,3:19:32,0
6546006,210,3:19:34,1950,420
6546006,207,3:19:37,1,-1031,-806
6546006,207,3:19:41,1,-806,-611
6546006,211,3:19:41,691,458
6546006,213,3:19:41,1,c_crewKid2_F_G7b0,true
6546006,210,3:19:43,904,502
6546006,207,3:19:44,1,-611,-326
6546006,211,3:19:45,574,555
6546006,213,3:19:45,1,s_backpack_F_G7b0,true
6546006,205,3:19:45,1,s_backpack_F_G7b0,false,true
6546006,210,3:19:48,578,500
6546006,211,3:19:49,685,581
6546006,213,3:19:49,1,c_crewKid2_F_G7b0,true
6546006,221,3:19:52,1
6546006,220,3:19:54,1
6546006,210,3:19:55,1135,440
6546006,211,3:19:56,576,487
6546006,213,3:19:56,1,s_backpack_F_G7b0,true
6546006,205,3:19:56,1,s_backpack_F_G7b0,false,true
6546006,221,3:20:0,1
6546006,220,3:20:1,1
6546006,210,3:20:2,800,461
6546006,211,3:20:3,562,145
6546006,213,3:20:3,1,s_lifeguard_G7b0,true
6546006,210,3:20:5,456,351
6546006,211,3:20:5,449,366
6546006,213,3:20:5,1,c_cousinsBrother_a_G7b0,true
6546006,210,3:20:14,548,359
6546006,207,3:20:14,1,-326,-266
6546006,211,3:20:15,448,403
6546006,213,3:20:15,1,c_cousinsBrother_a_G7b0,true
6546006,210,3:20:17,547,219
6546006,211,3:20:18,545,136
6546006,213,3:20:18,1,s_lifeguard_G7b0,true
6546006,210,3:20:20,473,364
6546006,207,3:20:20,1,-266,0
6546006,211,3:20:22,3,352
6546006,210,3:20:22,66,321
6546006,211,3:20:24,1081,394
6546006,207,3:20:24,1,0,-75
6546006,210,3:20:25,1123,383
6546006,207,3:20:25,1,-75,-150
6546006,207,3:20:25,1,-150,-390
6546006,211,3:20:27,1500,437
6546006,207,3:20:27,1,-390,-495
6546006,210,3:20:27,1545,442
6546006,207,3:20:28,1,-495,-1005
6546006,211,3:20:31,1740,461
6546006,221,3:20:34,1
6546006,220,3:20:38,1
6546006,210,3:20:39,1911,447
6546006,207,3:20:45,1,-1005,-1031
6546006,211,3:20:45,2050,350
6546006,210,3:20:45,2045,254
6546006,211,3:20:49,1962,675
6546006,210,3:20:50,1733,533
6546006,207,3:20:51,1,-1031,-926
6546006,207,3:20:54,1,-926,-176
6546006,211,3:20:56,611,449
6546006,213,3:20:56,1,s_backpack_F_G7b0,true
6546006,205,3:20:56,1,s_backpack_F_G7b0,false,true
6546006,221,3:21:0,1
6546006,220,3:21:17,1
6546006,207,3:21:19,1,-176,-176
6546006,210,3:21:20,567,527
6546006,211,3:21:22,431,416
6546006,213,3:21:22,1,c_cousinsBrother_a_G7b0,true
6546006,213,3:21:31,1,c_crewKid2_F_G7b0,true
6546006,210,3:21:42,416,182
6546006,211,3:21:43,403,321
6546006,213,3:21:43,1,c_cousinsBrother_a_G7b0,true
6546006,210,3:21:45,509,137
6546006,211,3:21:46,518,150
6546006,213,3:21:46,1,s_lifeguard_G7b0,true
6546006,210,3:21:48,301,298
6546006,207,3:21:48,1,-176,0
6546006,211,3:21:52,1136,450
6546006,207,3:21:52,1,0,-135
6546006,207,3:21:52,1,-135,-165
6546006,210,3:21:52,1255,430
6546006,207,3:21:53,1,-165,-360
6546006,207,3:21:54,1,-360,-660
6546006,207,3:21:54,1,-660,-825
6546006,211,3:21:55,1259,9
6546006,210,3:21:59,1491,340
6546006,211,3:22:1,1740,37
6546006,219,3:22:2,1
6546006,218,3:22:9,1
6546006,210,3:22:9,1416,544
6546006,211,3:22:10,1538,497
6546006,221,3:22:12,1
6546006,220,3:22:15,1
6546006,207,3:22:18,1,-200,-215
6546006,210,3:22:18,757,418
6546006,211,3:22:19,791,458
6546006,213,3:22:19,1,c_cousin_F_a_G7b1N,true
6546006,210,3:22:23,1293,107
6546006,211,3:22:23,1363,116
6546006,207,3:22:23,1,-215,-365
6546006,210,3:22:27,1000,519
6546006,207,3:22:30,1,-365,-515
6546006,211,3:22:30,1295,175
6546006,213,3:22:30,1,s_graffiti_G7b1N,true
6546006,205,3:22:30,1,s_graffiti_G7b1N,false,false
6546006,210,3:22:37,1133,339
6546006,207,3:22:39,1,-515,-785
6546006,207,3:22:40,1,-785,-1027
6546006,211,3:22:40,2050,257
6546006,210,3:22:41,1984,243
6546006,211,3:22:42,1974,187
6546006,213,3:22:42,1,c_crewKid2_F_a_G7b1N,true
6546006,210,3:22:47,1875,121
6546006,211,3:22:48,1970,198
6546006,213,3:22:48,1,c_crewKid2_F_a_G7b1N,true
6546006,210,3:22:58,1716,385
6546006,211,3:22:59,1679,439
6546006,213,3:22:59,1,s_brokenCarWindow_G7b1N,true
6546006,205,3:22:59,1,s_brokenCarWindow_G7b1N,false,false
6546006,210,3:23:10,1686,453
6546006,211,3:23:11,2040,373
6546006,210,3:23:11,1993,244
6546006,211,3:23:17,940,477
6546006,207,3:23:17,1,-1027,-922
6546006,210,3:23:17,862,474
6546006,207,3:23:17,1,-922,-802
6546006,211,3:23:18,1354,199
6546006,213,3:23:18,1,s_graffiti_G7b1N,true
6546006,205,3:23:18,1,s_graffiti_G7b1N,false,true
6546006,210,3:23:22,1212,529
6546006,207,3:23:24,1,-802,-472
6546006,211,3:23:25,888,604
6546006,213,3:23:25,1,s_sprayPaintCan_G7b1N,true
6546006,205,3:23:25,1,s_sprayPaintCan_G7b1N,false,false
6546006,210,3:23:29,773,472
6546006,207,3:23:30,1,-472,-382
6546006,207,3:23:33,1,-382,0
6546006,211,3:23:34,291,392
6546006,213,3:23:34,1,c_policeOfficer_G7b1N,true
6546006,210,3:23:42,377,295
6546006,211,3:23:45,164,349
6546006,212,3:23:46,1
6546006,210,3:23:48,637,466
6546006,207,3:23:52,1,0,-210
6546006,211,3:23:53,1017,588
6546006,213,3:23:53,1,c_kidSister_afri_a_G7b1N,true
6546006,205,3:23:53,1,c_kidSister_afri_a_G7b1N,false,false
6546006,210,3:24:3,1030,348
6546006,211,3:24:6,907,447
6546006,210,3:24:7,902,456
6546006,211,3:24:8,892,461
6546006,213,3:24:8,1,s_wreckedPlants_G7b1N,true
6546006,210,3:24:12,921,402
6546006,207,3:24:12,1,-210,-225
6546006,207,3:24:14,1,-225,-900
6546006,211,3:24:15,2024,175
6546006,207,3:24:15,1,-900,-1020
6546006,207,3:24:16,1,-1020,-1027
6546006,210,3:24:16,1957,192
6546006,207,3:24:22,1,-1027,-592
6546006,211,3:24:26,39,413
6546006,207,3:24:26,1,-592,-22
6546006,207,3:24:26,1,-22,0
6546006,210,3:24:26,114,399
6546006,211,3:24:28,14,569
6546006,212,3:24:29,0
6546006,210,3:24:31,383,349
6546006,207,3:24:36,1,0,-225
6546006,211,3:24:38,887,607
6546006,213,3:24:38,1,s_sprayPaintCan_G7b1N,true
6546006,205,3:24:38,1,s_sprayPaintCan_G7b1N,false,true
6546006,210,3:24:42,811,462
6546006,207,3:24:43,1,-225,-330
6546006,207,3:24:44,1,-330,-435
6546006,211,3:24:45,1250,209
6546006,213,3:24:45,1,s_graffiti_G7b1N,true
6546006,205,3:24:45,1,s_graffiti_G7b1N,false,true
6546006,210,3:24:48,943,542
6546006,211,3:24:52,1497,351
6546006,207,3:24:52,1,-435,-495
6546006,210,3:24:53,1533,355
6546006,207,3:24:53,1,-495,-570
6546006,207,3:24:54,1,-570,-810
6546006,211,3:24:54,1610,402
6546006,213,3:24:54,1,s_brokenCarWindow_G7b1N,true
6546006,205,3:24:54,1,s_brokenCarWindow_G7b1N,false,true
6546006,210,3:24:59,1305,554
6546006,211,3:25:1,1908,194
6546006,207,3:25:1,1,-810,-900
6546006,210,3:25:1,1997,200
6546006,207,3:25:1,1,-900,-1027
6546006,211,3:25:3,1697,93
6546006,213,3:25:3,1,s_cat_G7b1N,true
6546006,210,3:25:4,1780,156
6546006,211,3:25:5,1697,77
6546006,210,3:25:5,1707,85
6546006,211,3:25:6,1711,97
6546006,213,3:25:6,1,s_cat_G7b1N,true
6546006,207,3:25:7,1,-1027,-1027
6546006,207,3:25:8,1,-1027,-1027
6546006,210,3:25:10,1459,251
6546006,211,3:25:15,1477,693
6546006,210,3:25:18,1928,345
6546006,207,3:25:24,1,-1027,0
6546006,211,3:25:41,284,540
6546006,212,3:25:43,1
6546006,210,3:25:43,32,368
6546006,211,3:25:43,1,339
6546006,210,3:25:44,209,253
6546006,211,3:25:45,398,421
6546006,212,3:25:46,2
6546006,212,3:25:49,1
6546006,210,3:25:52,406,467
6546006,211,3:25:58,1,58
6546006,210,3:25:58,13,77
6546006,207,3:26:7,1,0,-195
6546006,207,3:26:9,1,-195,-600
6546006,211,3:26:11,1021,584
6546006,213,3:26:11,1,c_kidSister_afri_a_G7b1N,true
6546006,205,3:26:11,1,c_kidSister_afri_a_G7b1N,false,true
6546006,210,3:26:19,1240,404
6546006,211,3:26:23,1667,72
6546006,207,3:26:23,1,-600,-660
6546006,207,3:26:23,1,-660,-720
6546006,210,3:26:23,1674,121
6546006,207,3:26:25,1,-720,-810
6546006,211,3:26:26,1693,87
6546006,210,3:26:27,1697,65
6546006,211,3:26:27,1906,165
6546006,207,3:26:27,1,-810,-900
6546006,207,3:26:28,1,-900,-945
6546006,210,3:26:28,1852,150
6546006,211,3:26:29,1705,91
6546006,213,3:26:29,1,s_cat_G7b1N,true
6546006,210,3:26:30,1760,122
6546006,207,3:26:31,1,-945,-1027
6546006,211,3:26:34,2048,177
6546006,210,3:26:34,2011,238
6546006,211,3:26:36,1973,582
6546006,210,3:26:38,1258,306
6546006,207,3:26:39,1,-500,-590
6546006,211,3:26:40,1396,480
6546006,221,3:26:42,1
6546006,220,3:26:45,1
6546006,212,3:26:48,2
6546006,210,3:26:49,1026,515
6546006,211,3:26:50,1010,573
6546006,212,3:26:52,1
6546006,212,3:26:53,2
6546006,210,3:26:56,1120,443
6546006,211,3:26:58,786,426
6546006,213,3:26:58,1,c_cousin_F_a_G7b1N,true
6546006,210,3:27:0,681,367
6546006,211,3:27:0,585,359
6546006,213,3:27:0,1,c_teacherEng_G7b1N,true
6546006,210,3:27:4,586,404
6546006,211,3:27:5,154,433
6546006,207,3:27:5,1,-200,-80
6546006,210,3:27:5,185,427
6546006,211,3:27:6,272,420
6546006,213,3:27:6,1,c_policeOfficer_G7b1N,true
6546006,210,3:27:9,469,380
6546006,207,3:27:9,1,-80,0
6546006,211,3:27:9,2,369
6546006,210,3:27:10,99,309
6546006,211,3:27:13,1172,340
6546006,207,3:27:13,1,0,-165
6546006,210,3:27:13,1050,391
6546006,207,3:27:15,1,-165,-750
6546006,207,3:27:17,1,-750,-1027
6546006,211,3:27:19,1886,194
6546006,213,3:27:19,1,c_crewKid1_F_G7b1N,true
6546006,205,3:27:19,1,c_crewKid1_F_G7b1N,false,false
6546006,210,3:27:22,1615,372
6546006,211,3:27:25,1919,163
6546006,213,3:27:25,1,c_crewKid1_F_G7b1N,true
6546006,205,3:27:25,1,c_crewKid1_F_G7b1N,false,true
6546006,221,3:27:31,1
6546006,220,3:27:35,1
6546006,1003,3:27:35,3
6546006,1004,3:27:36,0
6546006,500,3:27:47,0,[]
6546006,501,3:27:50,0,[]
6546006,502,3:28:8,0,[IntentionData_logId:2,true]
6546006,503,3:28:11,0,[]
6546006,504,3:28:17,0,[InfluenceData_logId:1]
6546006,504,3:28:20,0,[InfluenceData_logId:0]
6546006,504,3:28:27,0,[InfluenceData_logId:1]
6546006,504,3:28:36,0,[InfluenceData_logId:4]
6546006,504,3:28:36,0,[InfluenceData_logId:4]
6546006,504,3:28:40,0,[InfluenceData_logId:3]
6546006,504,3:28:46,0,[InfluenceData_logId:8]
6546006,504,3:28:50,0,[InfluenceData_logId:6]
6546006,504,3:28:54,0,[InfluenceData_logId:7]
6546006,505,3:28:58,0,[InfluenceData_logId:1,true,InfluenceData_logId:3,true,InfluenceData_logId:7,true]
6546006,506,3:29:4,0,[]
6546006,507,3:29:35,0,[OpponentAttackData_logId:0,OpponentAttackTypeData_logId:0,false,30]
6546006,508,3:29:39,0,[]
6546006,509,3:29:51,0,[RefusalData_logId:7,0]
6546006,510,3:29:59,0,[AvailableRefusalData_logId:7,1A]
6546006,510,3:29:59,0,[AvailableRefusalData_logId:7,1B]
6546006,510,3:30:0,0,[AvailableRefusalData_logId:7,1A]
6546006,510,3:30:5,0,[AvailableRefusalData_logId:7,2B]
6546006,510,3:30:14,0,[AvailableRefusalData_logId:7,2C]
6546006,510,3:30:28,0,[AvailableRefusalData_logId:7,0A]
6546006,510,3:30:29,0,[AvailableRefusalData_logId:7,2B]
6546006,511,3:30:36,0,[AvailableRefusalData_logId:7,0A,1A,2B,false,0]
6546006,512,3:30:39,0,[]
6546006,513,3:30:39,0,[30]
6546006,514,3:30:42,0,[]
6546006,507,3:31:10,0,[OpponentAttackData_logId:1,OpponentAttackTypeData_logId:0,false,30]
6546006,508,3:31:14,0,[]
6546006,509,3:31:25,0,[RefusalData_logId:8,2]
6546006,510,3:31:32,0,[AvailableRefusalData_logId:8,0B]
6546006,510,3:31:33,0,[AvailableRefusalData_logId:8,1B]
6546006,510,3:31:36,0,[AvailableRefusalData_logId:8,0C]
6546006,510,3:31:41,0,[AvailableRefusalData_logId:8,0A]
6546006,510,3:31:45,0,[AvailableRefusalData_logId:8,1A]
6546006,510,3:31:46,0,[AvailableRefusalData_logId:8,2A]
6546006,511,3:31:47,0,[AvailableRefusalData_logId:8,0A,1A,2A,true,50]
6546006,512,3:31:52,0,[]
6546006,513,3:31:52,0,[0]
6546006,514,3:31:55,0,[]
6546006,507,3:32:13,0,[OpponentAttackData_logId:3,OpponentAttackTypeData_logId:2,true,0]
6546006,508,3:32:17,0,[]
6546006,509,3:32:26,0,[RefusalData_logId:6,2]
6546006,510,3:32:45,0,[AvailableRefusalData_logId:6,0C]
6546006,510,3:32:53,0,[AvailableRefusalData_logId:6,0B]
6546006,510,3:33:5,0,[AvailableRefusalData_logId:6,0A]
6546006,510,3:33:38,0,[AvailableRefusalData_logId:6,0B]
6546006,510,3:33:41,0,[AvailableRefusalData_logId:6,0C]
6546006,510,3:33:45,0,[AvailableRefusalData_logId:6,0A]
6546006,510,3:33:51,0,[AvailableRefusalData_logId:6,0B]
6546006,510,3:33:56,0,[AvailableRefusalData_logId:6,1C]
6546006,510,3:33:57,0,[AvailableRefusalData_logId:6,2B]
6546006,511,3:33:59,0,[AvailableRefusalData_logId:6,0B,1C,2B,false,0]
6546006,512,3:34:3,0,[]
6546006,513,3:34:3,0,[30]
6546006,514,3:34:6,0,[]
6546006,507,3:34:19,0,[OpponentAttackData_logId:2,OpponentAttackTypeData_logId:4,true,0]
6546006,508,3:34:22,0,[]
6546006,509,3:34:25,0,[RefusalData_logId:2,2]
6546006,510,3:34:30,0,[AvailableRefusalData_logId:2,0C]
6546006,510,3:34:50,0,[AvailableRefusalData_logId:2,0B]
6546006,510,3:35:14,0,[AvailableRefusalData_logId:2,0A]
6546006,510,3:35:26,0,[AvailableRefusalData_logId:2,1A]
6546006,510,3:35:28,0,[AvailableRefusalData_logId:2,2A]
6546006,511,3:35:29,0,[AvailableRefusalData_logId:2,0A,1A,2A,true,50]
6546006,512,3:35:33,0,[]
6546006,515,3:35:33,0,[30,0]
6546006,516,3:35:35,0,[]
6546006,517,3:35:42,0,[]
6546006,1005,3:35:42,0,[3,0,1]
6546006,1000,3:35:47,0,[]
6546006,500,3:35:49,0,[]
6546006,501,3:35:51,0,[]
6546006,502,3:35:56,0,[IntentionData_logId:2,true]
6546006,503,3:35:58,0,[]
6546006,504,3:36:3,0,[InfluenceData_logId:0]
6546006,504,3:36:7,0,[InfluenceData_logId:1]
6546006,504,3:36:10,0,[InfluenceData_logId:4]
6546006,504,3:36:14,0,[InfluenceData_logId:5]
6546006,504,3:36:18,0,[InfluenceData_logId:3]
6546006,504,3:36:21,0,[InfluenceData_logId:7]
6546006,504,3:36:24,0,[InfluenceData_logId:8]
6546006,504,3:36:28,0,[InfluenceData_logId:6]
6546006,504,3:36:31,0,[InfluenceData_logId:7]
6546006,505,3:36:32,0,[InfluenceData_logId:1,true,InfluenceData_logId:3,true,InfluenceData_logId:7,true]
6546006,506,3:36:34,0,[]
6546006,507,3:36:44,0,[OpponentAttackData_logId:1,OpponentAttackTypeData_logId:3,true,0]
6546006,508,3:36:46,0,[]
6546006,509,3:36:56,0,[RefusalData_logId:7,0]
6546006,510,3:37:3,0,[AvailableRefusalData_logId:7,0A]
6546006,510,3:37:4,0,[AvailableRefusalData_logId:7,1A]
6546006,510,3:37:8,0,[AvailableRefusalData_logId:7,2B]
6546006,511,3:37:9,0,[AvailableRefusalData_logId:7,0A,1A,2B,false,0]
6546006,512,3:37:11,0,[]
6546006,513,3:37:11,0,[30]
6546006,514,3:37:15,0,[]
6546006,507,3:37:23,0,[OpponentAttackData_logId:3,OpponentAttackTypeData_logId:1,false,30]
6546006,508,3:37:26,0,[]
6546006,509,3:37:29,0,[RefusalData_logId:2,2]
6546006,510,3:37:31,0,[AvailableRefusalData_logId:2,0B]
6546006,510,3:37:32,0,[AvailableRefusalData_logId:2,1C]
6546006,510,3:37:33,0,[AvailableRefusalData_logId:2,2C]
6546006,511,3:37:35,0,[AvailableRefusalData_logId:2,0B,1C,2C,false,0]
6546006,512,3:37:38,0,[]
6546006,513,3:37:38,0,[30]
6546006,514,3:37:41,0,[]
6546006,1002,3:37:45,0
6546006,1003,3:37:45,3
6546006,221,3:37:49,1
6546006,220,3:37:57,1
6546006,1003,3:37:57,3
6546006,1004,3:38:2,0
6546006,500,3:38:15,0,[]
6546006,501,3:38:17,0,[]
6546006,502,3:38:20,0,[IntentionData_logId:2,true]
6546006,503,3:38:21,0,[]
6546006,504,3:38:25,0,[InfluenceData_logId:2]
6546006,504,3:38:32,0,[InfluenceData_logId:1]
6546006,504,3:38:33,0,[InfluenceData_logId:5]
6546006,504,3:38:35,0,[InfluenceData_logId:3]
6546006,504,3:38:36,0,[InfluenceData_logId:6]
6546006,504,3:38:39,0,[InfluenceData_logId:7]
6546006,504,3:38:39,0,[InfluenceData_logId:6]
6546006,504,3:38:40,0,[InfluenceData_logId:7]
6546006,505,3:38:41,0,[InfluenceData_logId:1,true,InfluenceData_logId:3,true,InfluenceData_logId:7,true]
6546006,506,3:38:43,0,[]
6546006,507,3:39:1,0,[OpponentAttackData_logId:2,OpponentAttackTypeData_logId:4,true,0]
6546006,508,3:39:4,0,[]
6546006,509,3:39:8,0,[RefusalData_logId:7,0]
6546006,510,3:39:11,0,[AvailableRefusalData_logId:7,0A]
6546006,510,3:39:13,0,[AvailableRefusalData_logId:7,1A]
6546006,510,3:39:24,0,[AvailableRefusalData_logId:7,2C]
6546006,510,3:39:27,0,[AvailableRefusalData_logId:7,0B]
6546006,510,3:39:28,0,[AvailableRefusalData_logId:7,1B]
6546006,510,3:39:36,0,[AvailableRefusalData_logId:7,0C]
6546006,510,3:39:42,0,[AvailableRefusalData_logId:7,0A]
6546006,510,3:40:6,0,[AvailableRefusalData_logId:7,0C]
6546006,510,3:40:7,0,[AvailableRefusalData_logId:7,1C]
6546006,510,3:40:7,0,[AvailableRefusalData_logId:7,2A]
6546006,511,3:40:8,0,[AvailableRefusalData_logId:7,0C,1C,2A,false,0]
6546006,512,3:40:11,0,[]
6546006,513,3:40:11,0,[30]
6546006,514,3:40:14,0,[]
6546006,507,3:40:24,0,[OpponentAttackData_logId:3,OpponentAttackTypeData_logId:0,false,30]
6546006,508,3:40:28,0,[]
6546006,509,3:40:34,0,[RefusalData_logId:4,1]
6546006,510,3:40:38,0,[AvailableRefusalData_logId:4,1B]
6546006,510,3:40:43,0,[AvailableRefusalData_logId:4,0A]
6546006,510,3:40:44,0,[AvailableRefusalData_logId:4,1A]
6546006,510,3:40:54,0,[AvailableRefusalData_logId:4,2A]
6546006,511,3:40:54,0,[AvailableRefusalData_logId:4,0A,1A,2A,true,30]
6546006,512,3:40:57,0,[]
6546006,513,3:40:57,0,[0]
6546006,514,3:41:0,0,[]
6546006,507,3:41:5,0,[OpponentAttackData_logId:0,OpponentAttackTypeData_logId:4,false,30]
6546006,508,3:41:12,0,[]
6546006,509,3:41:23,0,[RefusalData_logId:8,2]
6546006,510,3:41:38,0,[AvailableRefusalData_logId:8,0B]
6546006,510,3:41:39,0,[AvailableRefusalData_logId:8,1B]
6546006,510,3:41:39,0,[AvailableRefusalData_logId:8,2B]
6546006,511,3:41:40,0,[AvailableRefusalData_logId:8,0B,1B,2B,false,0]
6546006,512,3:41:43,0,[]
6546006,513,3:41:43,0,[30]
6546006,514,3:41:46,0,[]
6546006,507,3:42:5,0,[OpponentAttackData_logId:1,OpponentAttackTypeData_logId:1,false,30]
6546006,508,3:42:10,0,[]
6546006,515,3:42:10,0,[0,70]
6546006,516,3:42:11,0,[]
6546006,517,3:42:16,0,[]
6546006,1000,3:42:18,0,[]
6546006,500,3:42:19,0,[]
6546006,501,3:42:21,0,[]
6546006,1002,3:42:33,0
6546006,1003,3:42:33,3
6546006,204,3:42:38,1
6546006,103,3:42:42
6546006,105,3:42:43
6546006,703,3:42:46,[|| EpilogueItem ID: 0 unlocked: true ||,|| EpilogueItem ID: 1 unlocked: false ||,|| EpilogueItem ID: 2 unlocked: false ||,|| EpilogueItem ID: 3 unlocked: false ||,|| EpilogueItem ID: 4 unlocked: false ||,|| EpilogueItem ID: 5 unlocked: false ||,|| EpilogueItem ID: 6 unlocked: false ||,|| EpilogueItem ID: 7 unlocked: false ||,|| EpilogueItem ID: 8 unlocked: false ||,|| EpilogueItem ID: 9 unlocked: false ||,|| EpilogueItem ID: 10 unlocked: false ||,|| EpilogueItem ID: 11 unlocked: false ||,|| EpilogueItem ID: 12 unlocked: false ||,|| EpilogueItem ID: 13 unlocked: false ||,|| EpilogueItem ID: 14 unlocked: false ||,|| EpilogueItem ID: 15 unlocked: false ||,|| EpilogueItem ID: 16 unlocked: false ||,|| EpilogueItem ID: 17 unlocked: false ||,|| EpilogueItem ID: 18 unlocked: false ||,|| EpilogueItem ID: 19 unlocked: false ||,|| EpilogueItem ID: 20 unlocked: false ||,|| EpilogueItem ID: 21 unlocked: false ||,|| EpilogueItem ID: 22 unlocked: false ||,|| EpilogueItem ID: 23 unlocked: false ||,|| EpilogueItem ID: 24 unlocked: false ||],0.04
6546006,706,3:42:49,(x=2531, y=-100, w=1024, h=768),(x=2531, y=-100, w=1024, h=768)
6546006,706,3:42:49,(x=2531, y=-100, w=1024, h=768),(x=2531, y=-100, w=1024, h=768)
6546006,706,3:42:52,(x=2531, y=-100, w=1024, h=768),(x=2531, y=-100, w=1024, h=768)
6546006,708,3:42:52
6546006,1,3:42:52,7/10/2013 2:14:00pm,{"gameTime":13372643,"challengeStacks":[{"challengeScenes":[{"miniGameCards":[],"viewedAnimatic":true,"keyPoints":["c_bestFriend_F_a_G7a0","c_teacherEng_G7a0","s_flag_gen"],"unlocked":true,"touchableObjects":["s_vocabAssignment_G7a0","s_otherStudent1_G7a0","c_crewKid1_F_G7a0","s_doorClassroom_G7a0","s_clock_G7a0","c_friend1_F_a_G7a0","c_bestFriend_F_a_G7a0","c_teacherEng_G7a0","s_flag_gen","s_poePoster_gen","s_shakespearePoster_gen","s_angelouPoster_gen","s_atwoodPoster_gen"]},{"miniGameCards":[],"viewedAnimatic":true,"keyPoints":["c_teacherEng_G7a1N","c_bestFriend_F_a_G7a1N","s_paperPlayers_G7a1N"],"unlocked":true,"touchableObjects":["s_otherStudent2_G7a1N","s_otherStudent1_G7a1N","c_crewKid1_F_G7a1N","s_poePoster_gen","s_shakespearePoster_gen","s_angelouPoster_gen","s_atwoodPoster_gen","c_teacherEng_G7a1N","c_bestFriend_F_a_G7a1N","s_flag_gen","s_posterPlagiarism_gen","s_paperPlayers_G7a1N"]},{"miniGameCards":[],"viewedAnimatic":true,"keyPoints":["c_teacherEng_G7a1P","s_flag_gen","s_paperEnglish_gen","c_bestFriend_F_a_G7a1P"],"unlocked":true,"touchableObjects":["s_poePoster_gen","s_shakespearePoster_gen","s_angelouPoster_gen","s_atwoodPoster_gen","s_clock_G7a1P","s_paperPlayers_G7a1P","s_papersDetention_gen","c_teacherEng_G7a1P","s_flag_gen","s_paperEnglish_gen","c_bestFriend_F_a_G7a1P"]}],"stackSize":3,"resolved":true},{"challengeScenes":[{"miniGameCards":[],"viewedAnimatic":true,"keyPoints":["s_backpack_F_G7b0","c_kidSister_afri_a_G7b0","c_crewKid1_F_G7b0"],"unlocked":true,"touchableObjects":["c_cousinsBrother_a_G7b0","c_crewKid2_F_G7b0","s_lifeguard_G7b0","s_backpack_F_G7b0","c_kidSister_afri_a_G7b0","c_crewKid1_F_G7b0","c_cousin_F_a_G7b0","c_cousinsBrothersFriend_a_G7b0","c_cousinsBrothersFriendsGF_G7b0"]},{"miniGameCards":[],"viewedAnimatic":true,"keyPoints":["s_graffiti_G7b1N","s_brokenCarWindow_G7b1N","s_sprayPaintCan_G7b1N","c_kidSister_afri_a_G7b1N","c_crewKid1_F_G7b1N"],"unlocked":true,"touchableObjects":["c_cousin_F_a_G7b1N","c_teacherEng_G7b1N","c_policeOfficer_G7b1N","s_graffiti_G7b1N","c_crewKid2_F_a_G7b1N","s_brokenCarWindow_G7b1N","s_sprayPaintCan_G7b1N","c_kidSister_afri_a_G7b1N","s_wreckedPlants_G7b1N","s_cat_G7b1N","c_crewKid1_F_G7b1N"]},{"miniGameCards":[],"viewedAnimatic":false,"keyPoints":[],"unlocked":false,"touchableObjects":[]},{"miniGameCards":[],"viewedAnimatic":false,"keyPoints":[],"unlocked":false,"touchableObjects":[]},{"miniGameCards":[],"viewedAnimatic":false,"keyPoints":[],"unlocked":false,"touchableObjects":[]}],"stackSize":5,"resolved":false},{"challengeScenes":[{"miniGameCards":[],"viewedAnimatic":false,"keyPoints":[],"unlocked":false,"touchableObjects":[]},{"miniGameCards":[],"viewedAnimatic":false,"keyPoints":[],"unlocked":false,"touchableObjects":[]},{"miniGameCards":[],"viewedAnimatic":false,"keyPoints":[],"unlocked":false,"touchableObjects":[]},{"miniGameCards":[],"viewedAnimatic":false,"keyPoints":[],"unlocked":false,"touchableObjects":[]},{"miniGameCards":[],"viewedAnimatic":false,"keyPoints":[],"unlocked":false,"touchableObjects":[]},{"miniGameCards":[],"viewedAnimatic":false,"keyPoints":[],"unlocked":false,"touchableObjects":[]},{"miniGameCards":[],"viewedAnimatic":false,"keyPoints":[],"unlocked":false,"touchableObjects":[]}],"stackSize":7,"resolved":false},{"challengeScenes":[{"miniGameCards":[],"viewedAnimatic":false,"keyPoints":[],"unlocked":false,"touchableObjects":[]},{"miniGameCards":[],"viewedAnimatic":false,"keyPoints":[],"unlocked":false,"touchableObjects":[]},{"miniGameCards":[],"viewedAnimatic":false,"keyPoints":[],"unlocked":false,"touchableObjects":[]},{"miniGameCards":[],"viewedAnimatic":false,"keyPoints":[],"unlocked":false,"touchableObjects":[]},{"miniGameCards":[],"viewedAnimatic":false,"keyPoints":[],"unlocked":false,"touchableObjects":[]}],"stackSize":5,"resolved":false},{"challengeScenes":[{"miniGameCards":[],"viewedAnimatic":false,"keyPoints":[],"unlocked":false,"touchableObjects":[]},{"miniGameCards":[],"viewedAnimatic":false,"keyPoints":[],"unlocked":false,"touchableObjects":[]},{"miniGameCards":[],"viewedAnimatic":false,"keyPoints":[],"unlocked":false,"touchableObjects":[]},{"miniGameCards":[],"viewedAnimatic":false,"keyPoints":[],"unlocked":false,"touchableObjects":[]},{"miniGameCards":[],"viewedAnimatic":false,"keyPoints":[],"unlocked":false,"touchableObjects":[]}],"stackSize":5,"resolved":false},{"challengeScenes":[{"miniGameCards":[],"viewedAnimatic":false,"keyPoints":[],"unlocked":false,"touchableObjects":[]},{"miniGameCards":[],"viewedAnimatic":false,"keyPoints":[],"unlocked":false,"touchableObjects":[]},{"miniGameCards":[],"viewedAnimatic":false,"keyPoints":[],"unlocked":false,"touchableObjects":[]},{"miniGameCards":[],"viewedAnimatic":false,"keyPoints":[],"unlocked":false,"touchableObjects":[]},{"miniGameCards":[],"viewedAnimatic":false,"keyPoints":[],"unlocked":false,"touchableObjects":[]}],"stackSize":5,"resolved":false},{"challengeScenes":[{"miniGameCards":[],"viewedAnimatic":false,"keyPoints":[],"unlocked":false,"touchableObjects":[]},{"miniGameCards":[],"viewedAnimatic":false,"keyPoints":[],"unlocked":false,"touchableObjects":[]},{"miniGameCards":[],"viewedAnimatic":false,"keyPoints":[],"unlocked":false,"touchableObjects":[]},{"miniGameCards":[],"viewedAnimatic":false,"keyPoints":[],"unlocked":false,"touchableObjects":[]},{"miniGameCards":[],"viewedAnimatic":false,"keyPoints":[],"unlocked":false,"touchableObjects":[]}],"stackSize":5,"resolved":false},{"challengeScenes":[{"miniGameCards":[],"viewedAnimatic":false,"keyPoints":[],"unlocked":false,"touchableObjects":[]},{"miniGameCards":[],"viewedAnimatic":false,"keyPoints":[],"unlocked":false,"touchableObjects":[]},{"miniGameCards":[],"viewedAnimatic":false,"keyPoints":[],"unlocked":false,"touchableObjects":[]},{"miniGameCards":[],"viewedAnimatic":false,"keyPoints":[],"unlocked":false,"touchableObjects":[]},{"miniGameCards":[],"viewedAnimatic":false,"keyPoints":[],"unlocked":false,"touchableObjects":[]}],"stackSize":5,"resolved":false},{"challengeScenes":[{"miniGameCards":[],"viewedAnimatic":false,"keyPoints":[],"unlocked":false,"touchableObjects":[]},{"miniGameCards":[],"viewedAnimatic":false,"keyPoints":[],"unlocked":false,"touchableObjects":[]},{"miniGameCards":[],"viewedAnimatic":false,"keyPoints":[],"unlocked":false,"touchableObjects":[]},{"miniGameCards":[],"viewedAnimatic":false,"keyPoints":[],"unlocked":false,"touchableObjects":[]},{"miniGameCards":[],"viewedAnimatic":false,"keyPoints":[],"unlocked":false,"touchableObjects":[]}],"stackSize":5,"resolved":false},{"challengeScenes":[{"miniGameCards":[],"viewedAnimatic":false,"keyPoints":[],"unlocked":false,"touchableObjects":[]},{"miniGameCards":[],"viewedAnimatic":false,"keyPoints":[],"unlocked":false,"touchableObjects":[]},{"miniGameCards":[],"viewedAnimatic":false,"keyPoints":[],"unlocked":false,"touchableObjects":[]},{"miniGameCards":[],"viewedAnimatic":false,"keyPoints":[],"unlocked":false,"touchableObjects":[]},{"miniGameCards":[],"viewedAnimatic":false,"keyPoints":[],"unlocked":false,"touchableObjects":[]}],"stackSize":5,"resolved":false},{"challengeScenes":[{"miniGameCards":[],"viewedAnimatic":false,"keyPoints":[],"unlocked":false,"touchableObjects":[]},{"miniGameCards":[],"viewedAnimatic":false,"keyPoints":[],"unlocked":false,"touchableObjects":[]},{"miniGameCards":[],"viewedAnimatic":false,"keyPoints":[],"unlocked":false,"touchableObjects":[]},{"miniGameCards":[],"viewedAnimatic":false,"keyPoints":[],"unlocked":false,"touchableObjects":[]},{"miniGameCards":[],"viewedAnimatic":false,"keyPoints":[],"unlocked":false,"touchableObjects":[]}],"stackSize":5,"resolved":false},{"challengeScenes":[{"miniGameCards":[],"viewedAnimatic":false,"keyPoints":[],"unlocked":false,"touchableObjects":[]},{"miniGameCards":[],"viewedAnimatic":false,"keyPoints":[],"unlocked":false,"touchableObjects":[]},{"miniGameCards":[],"viewedAnimatic":false,"keyPoints":[],"unlocked":false,"touchableObjects":[]},{"miniGameCards":[],"viewedAnimatic":false,"keyPoints":[],"unlocked":false,"touchableObjects":[]},{"miniGameCards":[],"viewedAnimatic":false,"keyPoints":[],"unlocked":false,"touchableObjects":[]}],"stackSize":5,"resolved":false},{"challengeScenes":[{"miniGameCards":[],"viewedAnimatic":false,"keyPoints":[],"unlocked":true,"touchableObjects":["c_player_afri_F_a_G0a0","c_education_G0a0","c_friends_G0a0","c_family_afri_a_G0a0"]},{"miniGameCards":[],"viewedAnimatic":false,"keyPoints":["c_job_G0a1N","c_home_G0a1N","c_family_afri_a_G0a1N"],"unlocked":true,"touchableObjects":["c_job_G0a1N","c_player_afri_F_a_G0a1N","c_home_G0a1N","c_family_afri_a_G0a1N"]},{"miniGameCards":[],"viewedAnimatic":false,"keyPoints":["c_Teacher_G0a1P","c_grandma_afri_a_G0a1P","c_kidsister_afri_a_G0a1P","c_Nurse_G0a1P","c_dad_afri_a_G0a1P","c_mom_afri_a_G0a1P"],"unlocked":true,"touchableObjects":["c_friends_G0a1P","c_cousins_F_a_G0a1P","c_Teacher_G0a1P","c_grandma_afri_a_G0a1P","c_kidsister_afri_a_G0a1P","c_Nurse_G0a1P","c_dad_afri_a_G0a1P","c_mom_afri_a_G0a1P"]}],"stackSize":3,"resolved":true}],"sessionId":5,"epilogue":{"rating":3},"playerId":6546006,"session":[{"sceneId":"1P","stackId":12},{"sceneId":"1P","stackId":0}],"minigames":[{"levelSaveData":[{"starRating":3,"unlocked":true},{"starRating":0,"unlocked":false},{"starRating":0,"unlocked":false},{"starRating":0,"unlocked":false},{"starRating":0,"unlocked":false},{"starRating":0,"unlocked":false},{"starRating":0,"unlocked":false},{"starRating":0,"unlocked":false},{"starRating":0,"unlocked":false},{"starRating":0,"unlocked":false}],"skillPoints":3},{"levelSaveData":[{"starRating":3,"unlocked":true},{"starRating":0,"unlocked":false},{"starRating":0,"unlocked":false},{"starRating":0,"unlocked":false},{"starRating":0,"unlocked":true},{"starRating":0,"unlocked":false},{"starRating":0,"unlocked":false},{"starRating":0,"unlocked":false},{"starRating":0,"unlocked":false},{"starRating":0,"unlocked":false}],"skillPoints":3},{"levelSaveData":[{"starRating":3,"unlocked":true},{"starRating":2,"unlocked":true},{"starRating":0,"unlocked":false},{"starRating":0,"unlocked":false},{"starRating":0,"unlocked":false},{"starRating":0,"unlocked":false},{"starRating":0,"unlocked":false},{"starRating":0,"unlocked":false},{"starRating":0,"unlocked":false},{"starRating":0,"unlocked":false}],"skillPoints":5},{"levelSaveData":[{"starRating":1,"unlocked":true},{"starRating":0,"unlocked":false},{"starRating":0,"unlocked":false},{"starRating":0,"unlocked":false},{"starRating":0,"unlocked":false},{"starRating":0,"unlocked":false},{"starRating":0,"unlocked":false},{"starRating":0,"unlocked":false},{"starRating":0,"unlocked":false},{"starRating":0,"unlocked":false}],"skillPoints":1},{"age":11,"name":"uhhhh","gender":1,"levelSaveData":[{"starRating":3,"unlocked":true},{"starRating":3,"chunks":[["1"],["0$$i am i angel","1$$a angel"],["0","2","5"],["2"]],"unlocked":true},{"starRating":0,"chunks":[[null],[null,null],[null,null]],"unlocked":true},{"starRating":0,"chunks":[[null],[null],[null],[null],[null,null],[null]],"unlocked":false},{"starRating":0,"chunks":[[null],[null],[null,null],[null],[null],[null]],"unlocked":false},{"starRating":0,"chunks":[[null],[null,null,null,null],[null],[null]],"unlocked":false},{"starRating":0,"chunks":[[null],[null],[null,null],[null,null],[null]],"unlocked":false},{"starRating":0,"chunks":[[null,null,null],[null,null,null],[null],[null],[null]],"unlocked":false},{"starRating":0,"chunks":[[null,null,null],[null,null,null],[null,null]],"unlocked":false},{"starRating":0,"chunks":[[null],[null],[null],[null],[null],[null]],"unlocked":false}],"visualAvatar":0,"id":0,"skillPoints":6}],"avatar":{"age":11,"name":"uhhhh","gender":1,"levelSaveData":[{"starRating":3,"unlocked":true},{"starRating":3,"chunks":[["1"],["0$$i am i angel","1$$a angel"],["0","2","5"],["2"]],"unlocked":true},{"starRating":0,"chunks":[[null],[null,null],[null,null]],"unlocked":true},{"starRating":0,"chunks":[[null],[null],[null],[null],[null,null],[null]],"unlocked":false},{"starRating":0,"chunks":[[null],[null],[null,null],[null],[null],[null]],"unlocked":false},{"starRating":0,"chunks":[[null],[null,null,null,null],[null],[null]],"unlocked":false},{"starRating":0,"chunks":[[null],[null],[null,null],[null,null],[null]],"unlocked":false},{"starRating":0,"chunks":[[null,null,null],[null,null,null],[null],[null],[null]],"unlocked":false},{"starRating":0,"chunks":[[null,null,null],[null,null,null],[null,null]],"unlocked":false},{"starRating":0,"chunks":[[null],[null],[null],[null],[null],[null]],"unlocked":false}],"visualAvatar":0,"id":0,"skillPoints":6}}
6546006,0,3:42:52,7/10/2013 2:25:12pm
6546006,300,3:43:20
6546006,1003,3:43:23,3
6546006,1003,3:43:30,2
6546006,1003,3:43:35,1
6546006,1003,3:43:38,0
6546006,1003,3:43:42,3
6546006,1003,3:43:52,3
6546006,1004,3:43:54,0
6546006,500,3:43:57,0,[]
6546006,501,3:43:58,0,[]
6546006,502,3:44:5,0,[IntentionData_logId:2,true]
6546006,503,3:44:6,0,[]
6546006,504,3:44:23,0,[InfluenceData_logId:1]
6546006,504,3:44:24,0,[InfluenceData_logId:5]
6546006,504,3:44:27,0,[InfluenceData_logId:3]
6546006,504,3:44:30,0,[InfluenceData_logId:7]
6546006,505,3:44:31,0,[InfluenceData_logId:1,true,InfluenceData_logId:3,true,InfluenceData_logId:7,true]
6546006,506,3:44:33,0,[]
6546006,507,3:44:42,0,[OpponentAttackData_logId:2,OpponentAttackTypeData_logId:4,true,0]
6546006,508,3:44:45,0,[]
6546006,509,3:44:52,0,[RefusalData_logId:7,0]
6546006,510,3:44:57,0,[AvailableRefusalData_logId:7,0C]
6546006,510,3:44:59,0,[AvailableRefusalData_logId:7,1A]
6546006,510,3:45:3,0,[AvailableRefusalData_logId:7,2C]
6546006,511,3:45:5,0,[AvailableRefusalData_logId:7,0C,1A,2C,false,0]
6546006,512,3:45:7,0,[]
6546006,513,3:45:7,0,[30]
6546006,514,3:45:11,0,[]
6546006,507,3:45:20,0,[OpponentAttackData_logId:1,OpponentAttackTypeData_logId:1,false,30]
6546006,508,3:45:23,0,[]
6546006,509,3:45:26,0,[RefusalData_logId:6,2]
6546006,510,3:45:26,0,[AvailableRefusalData_logId:6,2C]
6546006,510,3:45:30,0,[AvailableRefusalData_logId:6,1C]
6546006,510,3:45:30,0,[AvailableRefusalData_logId:6,0C]
6546006,511,3:45:31,0,[AvailableRefusalData_logId:6,0C,1C,2C,false,0]
6546006,512,3:45:34,0,[]
6546006,513,3:45:34,0,[30]
6546006,514,3:45:38,0,[]
6546006,507,3:45:42,0,[OpponentAttackData_logId:0,OpponentAttackTypeData_logId:3,false,30]
6546006,508,3:45:43,0,[]
6546006,509,3:45:44,0,[RefusalData_logId:4,1]
6546006,510,3:45:46,0,[AvailableRefusalData_logId:4,0A]
6546006,510,3:45:47,0,[AvailableRefusalData_logId:4,1B]
6546006,510,3:45:48,0,[AvailableRefusalData_logId:4,2A]
6546006,511,3:45:49,0,[AvailableRefusalData_logId:4,0A,1B,2A,false,0]
6546006,512,3:45:51,0,[]
6546006,513,3:45:51,0,[30]
6546006,515,3:45:53,0,[0,100]
6546006,516,3:46:1,0,[]
6546006,517,3:46:4,0,[]
6546006,1000,3:46:27,0,[]
6546006,500,3:46:36,0,[]
6546006,501,3:46:38,0,[]
6546006,502,3:46:43,0,[IntentionData_logId:2,true]
6546006,503,3:46:44,0,[]
6546006,504,3:46:48,0,[InfluenceData_logId:1]
6546006,504,3:46:49,0,[InfluenceData_logId:4]
6546006,504,3:46:51,0,[InfluenceData_logId:5]
6546006,504,3:46:52,0,[InfluenceData_logId:3]
6546006,504,3:46:53,0,[InfluenceData_logId:6]
6546006,504,3:46:54,0,[InfluenceData_logId:7]
6546006,505,3:46:55,0,[InfluenceData_logId:1,true,InfluenceData_logId:3,true,InfluenceData_logId:7,true]
6546006,506,3:46:56,0,[]
6546006,507,3:47:10,0,[OpponentAttackData_logId:2,OpponentAttackTypeData_logId:4,true,0]
6546006,508,3:47:13,0,[]
6546006,509,3:47:18,0,[RefusalData_logId:7,0]
6546006,510,3:47:24,0,[AvailableRefusalData_logId:7,0C]
6546006,510,3:47:25,0,[AvailableRefusalData_logId:7,1A]
6546006,510,3:47:27,0,[AvailableRefusalData_logId:7,2C]
6546006,511,3:47:28,0,[AvailableRefusalData_logId:7,0C,1A,2C,false,0]
6546006,512,3:47:31,0,[]
6546006,513,3:47:31,0,[30]
6546006,514,3:47:34,0,[]
6546006,507,3:47:38,0,[OpponentAttackData_logId:1,OpponentAttackTypeData_logId:3,true,0]
6546006,508,3:47:40,0,[]
6546006,509,3:47:45,0,[RefusalData_logId:8,2]
6546006,510,3:48:3,0,[AvailableRefusalData_logId:8,0A]
6546006,510,3:48:4,0,[AvailableRefusalData_logId:8,1A]
6546006,510,3:48:10,0,[AvailableRefusalData_logId:8,2A]
6546006,511,3:48:11,0,[AvailableRefusalData_logId:8,0A,1A,2A,true,50]
6546006,512,3:48:14,0,[]
6546006,513,3:48:14,0,[0]
6546006,514,3:48:16,0,[]
6546006,507,3:48:21,0,[OpponentAttackData_logId:3,OpponentAttackTypeData_logId:1,false,30]
6546006,508,3:48:25,0,[]
6546006,509,3:49:43,0,[RefusalData_logId:6,2]
6546006,510,3:49:44,0,[AvailableRefusalData_logId:6,1C]
6546006,510,3:49:45,0,[AvailableRefusalData_logId:6,0C]
6546006,510,3:49:57,0,[AvailableRefusalData_logId:6,1B]
6546006,510,3:49:58,0,[AvailableRefusalData_logId:6,2B]
6546006,510,3:50:2,0,[AvailableRefusalData_logId:6,0A]
6546006,510,3:50:3,0,[AvailableRefusalData_logId:6,0B]
6546006,511,3:50:4,0,[AvailableRefusalData_logId:6,0B,1B,2B,false,0]
6546006,512,3:50:8,0,[]
6546006,513,3:50:8,0,[30]
6546006,514,3:50:11,0,[]
6546006,507,3:50:40,0,[OpponentAttackData_logId:0,OpponentAttackTypeData_logId:1,true,0]
6546006,508,3:50:50,0,[]
6546006,509,3:50:54,0,[RefusalData_logId:4,1]
6546006,510,3:51:1,0,[AvailableRefusalData_logId:4,0A]
6546006,510,3:51:2,0,[AvailableRefusalData_logId:4,1A]
6546006,510,3:51:5,0,[AvailableRefusalData_logId:4,2A]
6546006,511,3:51:7,0,[AvailableRefusalData_logId:4,0A,1A,2A,true,30]
6546006,512,3:51:11,0,[]
6546006,513,3:51:11,0,[0]
6546006,514,3:51:12,0,[]
6546006,515,3:51:12,0,[60,20]
6546006,516,3:51:15,0,[]
6546006,517,3:51:18,0,[]
6546006,1001,3:51:22,0,[]
6546006,1003,3:51:22,3
6546006,1003,3:51:32,2
6546006,100,3:51:51,1
6546006,102,3:51:54,1
6546006,200,3:51:54,1,3,3,5,1,6
6546006,210,3:51:57,1227,383
6546006,211,3:51:57,1216,542
6546006,221,3:51:58,1
6546006,220,3:52:2,1
6546006,219,3:52:2,1
6546006,216,3:52:4,Stack_G7b1P
6546006,217,3:52:11,Stack_G7b1P,7.0,12
6546006,218,3:52:15,1
6546006,219,3:52:21,1
6546006,216,3:52:23,Stack_G7b1P
6546006,217,3:52:44,Stack_G7b1P,19,0.33
6546006,218,3:52:52,1
6546006,221,3:52:56,1
6546006,220,3:52:59,1
6546006,221,3:53:5,1
6546006,220,3:53:17,1
6546006,212,3:53:18,0
6546006,210,3:53:19,444,359
6546006,207,3:53:20,1,-200,0
6546006,211,3:53:21,257,475
6546006,213,3:53:21,1,c_cousinsBrothersFriend_a_G7b1P,true
6546006,205,3:53:21,1,c_cousinsBrothersFriend_a_G7b1P,false,false
6546006,210,3:53:31,195,370
6546006,211,3:53:32,12,330
6546006,210,3:53:33,2,282
6546006,211,3:53:35,1112,427
6546006,207,3:53:35,1,0,-105
6546006,210,3:53:35,1203,464
6546006,207,3:53:36,1,-105,-450
6546006,211,3:53:39,1515,341
6546006,207,3:53:39,1,-450,-510
6546006,210,3:53:39,1548,423
6546006,207,3:53:39,1,-510,-585
6546006,207,3:53:40,1,-585,-870
6546006,207,3:53:41,1,-870,-960
6546006,207,3:53:42,1,-960,-1031
6546006,211,3:53:43,2037,318
6546006,213,3:53:43,1,s_poolDay_ruleSign_G7b1P,true
6546006,205,3:53:43,1,s_poolDay_ruleSign_G7b1P,false,false
6546006,210,3:53:52,1767,264
6546006,211,3:53:54,1429,405
6546006,221,3:53:55,1
6546006,220,3:53:57,1
6546006,212,3:53:58,1
6546006,210,3:53:58,1472,435
6546006,211,3:53:59,1218,492
6546006,213,3:53:59,1,c_cousin_F_a_G7b1P,true
6546006,205,3:53:59,1,c_cousin_F_a_G7b1P,false,false
6546006,210,3:54:5,1598,340
6546006,211,3:54:9,1353,231
6546006,213,3:54:9,1,c_cousinsBrother_a_G7b1P,true
6546006,205,3:54:9,1,c_cousinsBrother_a_G7b1P,false,false
6546006,210,3:54:13,1590,445
6546006,211,3:54:14,1518,438
6546006,221,3:54:15,1
6546006,220,3:54:17,1
6546006,210,3:54:17,1550,301
6546006,211,3:54:18,1743,520
6546006,212,3:54:19,0
6546006,210,3:54:20,1476,291
6546006,211,3:54:22,2020,296
6546006,213,3:54:22,1,s_poolDay_ruleSign_G7b1P,true
6546006,205,3:54:22,1,s_poolDay_ruleSign_G7b1P,false,true
6546006,221,3:54:29,1
6546006,220,3:54:35,1
6546006,210,3:54:36,1741,324
6546006,207,3:54:37,1,-1031,-851
6546006,207,3:54:38,1,-851,-386
6546006,207,3:54:40,1,-386,-71
6546006,211,3:54:42,251,441
6546006,213,3:54:42,1,c_cousinsBrothersFriend_a_G7b1P,true
6546006,205,3:54:42,1,c_cousinsBrothersFriend_a_G7b1P,false,true
6546006,210,3:54:45,29,426
6546006,211,3:54:45,29,426
6546006,207,3:54:45,1,-71,-26
6546006,207,3:54:45,1,-26,0
6546006,210,3:54:45,43,374
6546006,211,3:54:47,96,438
6546006,210,3:54:47,85,403
6546006,211,3:54:48,73,409
6546006,213,3:54:48,1,c_kidSister_afri_a_G7b1P,true
6546006,210,3:54:50,86,312
6546006,207,3:54:52,1,0,-390
6546006,207,3:54:53,1,-390,-480
6546006,207,3:54:56,1,-480,-870
6546006,207,3:54:58,1,-870,-1031
6546006,211,3:54:58,2036,260
6546006,213,3:54:58,1,s_poolDay_ruleSign_G7b1P,true
6546006,205,3:54:58,1,s_poolDay_ruleSign_G7b1P,false,true
6546006,221,3:55:2,1
6546006,220,3:55:4,1
6546006,210,3:55:5,1782,468
6546006,211,3:55:9,2018,307
6546006,213,3:55:9,1,s_poolDay_ruleSign_G7b1P,true
6546006,205,3:55:9,1,s_poolDay_ruleSign_G7b1P,false,true
6546006,210,3:55:12,1711,418
6546006,207,3:55:15,1,-1031,-896
6546006,207,3:55:18,1,-896,0
6546006,207,3:55:21,1,0,-255
6546006,207,3:55:22,1,-255,-405
6546006,207,3:55:24,1,-405,-1031
6546006,211,3:55:28,1841,160
6546006,210,3:55:31,1119,387
6546006,211,3:55:33,1315,440
6546006,219,3:55:38,1
6546006,216,3:55:39,Stack_G7b2N
6546006,217,3:55:49,Stack_G7b2N,7.8,0.00
6546006,218,3:55:52,1
6546006,210,3:55:53,736,507
6546006,211,3:55:55,556,486
6546006,213,3:55:55,1,c_cousin_F_a_G7b2N,true
6546006,205,3:55:55,1,c_cousin_F_a_G7b2N,false,false
6546006,210,3:56:4,441,452
6546006,207,3:56:6,1,-106,0
6546006,211,3:56:9,538,145
6546006,210,3:56:9,545,117
6546006,211,3:56:10,546,135
6546006,213,3:56:10,1,s_lifeguard_G7b2N,true
6546006,210,3:56:14,370,396
6546006,211,3:56:16,537,504
6546006,213,3:56:16,1,c_cousin_F_a_G7b2N,true
6546006,205,3:56:16,1,c_cousin_F_a_G7b2N,false,true
6546006,210,3:56:19,614,392
6546006,211,3:56:20,694,328
6546006,213,3:56:20,1,c_cousinsBrother_a_G7b2N,true
6546006,210,3:56:27,696,263
6546006,211,3:56:29,837,317
6546006,213,3:56:29,1,s_kid1_G7b2N,true
6546006,205,3:56:29,1,s_kid1_G7b2N,false,false
6546006,210,3:56:33,926,331
6546006,207,3:56:34,1,0,-106
6546006,211,3:56:35,1127,327
6546006,210,3:56:36,1055,374
6546006,211,3:56:39,535,457
6546006,213,3:56:39,1,c_cousin_F_a_G7b2N,true
6546006,205,3:56:39,1,c_cousin_F_a_G7b2N,false,true
6546006,210,3:56:43,726,522
6546006,211,3:56:43,563,582
6546006,221,3:56:47,1
6546006,220,3:56:49,1
6546006,210,3:56:52,792,400
6546006,207,3:56:53,1,-200,-20
6546006,211,3:56:54,256,457
6546006,213,3:56:54,1,c_cousinsBrothersFriend_a_G7b1P,true
6546006,205,3:56:54,1,c_cousinsBrothersFriend_a_G7b1P,false,true
6546006,210,3:56:59,716,459
6546006,211,3:57:4,200,379
6546006,213,3:57:4,1,c_kidSister_afri_a_G7b2N,true
6546006,205,3:57:4,1,c_kidSister_afri_a_G7b2N,false,false
6546006,210,3:57:8,280,515
6546006,207,3:57:8,1,-106,0
6546006,211,3:57:10,632,601
6546006,207,3:57:11,1,-200,-170
6546006,221,3:57:12,1
6546006,220,3:57:17,1
6546006,212,3:57:18,1
6546006,210,3:57:19,1120,350
6546006,211,3:57:19,1175,310
6546006,207,3:57:19,1,-170,-185
6546006,207,3:57:19,1,-185,-215
6546006,210,3:57:19,1076,427
6546006,211,3:57:20,986,507
6546006,210,3:57:20,1127,416
6546006,207,3:57:21,1,-215,-395
6546006,207,3:57:22,1,-395,-545
6546006,211,3:57:22,1333,270
6546006,213,3:57:22,1,c_cousinsBrother_a_G7b1P,true
6546006,205,3:57:22,1,c_cousinsBrother_a_G7b1P,false,true
6546006,210,3:57:25,1278,342
6546006,211,3:57:26,1688,224
6546006,207,3:57:26,1,-545,-680
6546006,210,3:57:26,1777,243
6546006,207,3:57:26,1,-680,-830
6546006,211,3:57:27,1953,270
6546006,207,3:57:27,1,-830,-950
6546006,207,3:57:27,1,-950,-995
6546006,210,3:57:28,1918,265
6546006,207,3:57:28,1,-995,-1031
6546006,207,3:57:29,1,-1031,-941
6546006,211,3:57:30,1182,423
6546006,210,3:57:31,1228,442
6546006,211,3:57:31,1237,455
6546006,213,3:57:31,1,c_cousin_F_a_G7b1P,true
6546006,205,3:57:31,1,c_cousin_F_a_G7b1P,false,true
6546006,210,3:57:34,1143,452
6546006,207,3:57:37,1,-941,0
6546006,211,3:57:39,328,359
6546006,210,3:57:43,719,428
6546006,211,3:57:44,580,378
6546006,210,3:57:45,521,392
6546006,211,3:57:48,1090,178
6546006,210,3:57:48,1022,296
6546006,211,3:57:49,951,343
6546006,213,3:57:49,1,c_crush1_F_a_G7b2N,true
6546006,205,3:57:49,1,c_crush1_F_a_G7b2N,false,false
6546006,221,3:57:55,1
6546006,300,3:57:57
6546006,220,3:57:57,1
6546006,301,3:58:0,1
6546006,302,3:58:7,1,1,0,5
6546006,303,3:58:10,1,1,0,5
6546006,304,3:58:15,1,1,0,-1,,5,make up
6546006,302,3:58:18,1,1,1,0
6546006,303,3:58:21,1,1,1,0
6546006,306,3:58:23,1,0,1
6546006,304,3:58:23,1,1,1,-1,,0,running
6546006,302,3:58:33,1,2,0,3
6546006,303,3:58:37,1,2,0,3
6546006,304,3:58:40,1,2,0,-1,,3,photos
6546006,302,3:58:46,1,2,1,1
6546006,303,3:58:48,1,2,1,1
6546006,306,3:58:52,1,1,2
6546006,304,3:58:52,1,2,1,-1,,1,running
6546006,302,3:58:57,1,0,0,1
6546006,306,3:58:58,1,2,3
6546006,304,3:58:58,1,0,0,-1,,1,
6546006,221,3:59:4,1
6546006,220,3:59:5,1
6546006,219,3:59:5,1
6546006,216,3:59:7,Stack_G7b2P
6546006,217,3:59:20,Stack_G7b2P,12,0.00
6546006,218,3:59:23,1
6546006,210,3:59:24,543,522
6546006,211,3:59:25,655,313
6546006,213,3:59:25,1,s_closet_F_G7b2P,true
6546006,210,3:59:28,563,447
6546006,211,3:59:29,191,486
6546006,207,3:59:29,1,-200,-155
6546006,210,3:59:29,82,478
6546006,207,3:59:29,1,-155,0
6546006,211,3:59:37,525,201
6546006,213,3:59:37,1,s_calendar_F_gen,true
6546006,210,3:59:40,613,275
6546006,211,3:59:40,639,280
6546006,213,3:59:40,1,s_closet_F_G7b2P,true
6546006,210,3:59:44,858,288
6546006,207,3:59:45,1,0,-195
6546006,211,3:59:46,990,295
6546006,213,3:59:46,1,s_pictureDad_afri_F_gen,true
6546006,205,3:59:46,1,s_pictureDad_afri_F_gen,false,false
6546006,210,3:59:51,787,429
6546006,207,3:59:52,1,-195,-512
6546006,211,3:59:56,1075,407
6546006,221,3:59:57,1
6546006,220,4:0:0,1
6546006,212,4:0:1,0
6546006,210,4:0:2,1337,421
6546006,211,4:0:3,1332,548
6546006,213,4:0:3,1,s_computer_F_G7b2P,true
6546006,205,4:0:3,1,s_computer_F_G7b2P,false,false
6546006,210,4:0:8,1063,474
6546006,211,4:0:8,1046,527
6546006,213,4:0:8,1,c_cousin_F_a_G7b2P,true
6546006,205,4:0:8,1,c_cousin_F_a_G7b2P,false,false
6546006,210,4:0:12,1029,437
6546006,207,4:0:16,1,-512,-317
6546006,207,4:0:18,1,-317,0
6546006,207,4:0:20,1,0,-225
6546006,211,4:0:21,1161,299
6546006,221,4:0:22,1
6546006,220,4:0:24,1
6546006,212,4:0:25,2
6546006,210,4:0:25,1061,425
6546006,211,4:0:27,847,314
6546006,213,4:0:27,1,c_grandma_afri_a_G7b2P,true
6546006,210,4:0:30,634,497
6546006,211,4:0:31,536,466
6546006,213,4:0:31,1,c_kidSister_afri_a_G7b2P,true
6546006,205,4:0:31,1,c_kidSister_afri_a_G7b2P,false,false
6546006,221,4:0:35,1
6546006,220,4:0:37,1
6546006,1003,4:0:37,3
6546006,221,4:0:43,1
6546006,220,4:0:47,1
6546006,1003,4:0:47,3
6546006,1004,4:0:49,0
6546006,500,4:0:54,0,[]
6546006,501,4:1:0,0,[]
6546006,502,4:1:4,0,[IntentionData_logId:2,true]
6546006,503,4:1:5,0,[]
6546006,504,4:1:8,0,[InfluenceData_logId:1]
6546006,504,4:1:9,0,[InfluenceData_logId:3]
6546006,504,4:1:13,0,[InfluenceData_logId:7]
6546006,505,4:1:14,0,[InfluenceData_logId:1,true,InfluenceData_logId:3,true,InfluenceData_logId:7,true]
6546006,506,4:1:15,0,[]
6546006,507,4:1:23,0,[OpponentAttackData_logId:2,OpponentAttackTypeData_logId:4,true,0]
6546006,508,4:1:25,0,[]
6546006,509,4:1:34,0,[RefusalData_logId:8,2]
6546006,510,4:1:36,0,[AvailableRefusalData_logId:8,0C]
6546006,510,4:1:38,0,[AvailableRefusalData_logId:8,0A]
6546006,510,4:1:40,0,[AvailableRefusalData_logId:8,1A]
6546006,510,4:1:44,0,[AvailableRefusalData_logId:8,2A]
6546006,511,4:1:45,0,[AvailableRefusalData_logId:8,0A,1A,2A,true,50]
6546006,512,4:1:48,0,[]
6546006,513,4:1:48,0,[0]
6546006,514,4:1:50,0,[]
6546006,507,4:2:5,0,[OpponentAttackData_logId:3,OpponentAttackTypeData_logId:2,true,0]
6546006,508,4:2:7,0,[]
6546006,509,4:2:13,0,[RefusalData_logId:7,0]
6546006,510,4:2:14,0,[AvailableRefusalData_logId:7,0A]
6546006,510,4:2:16,0,[AvailableRefusalData_logId:7,1A]
6546006,510,4:2:21,0,[AvailableRefusalData_logId:7,0B]
6546006,510,4:2:31,0,[AvailableRefusalData_logId:7,0A]
6546006,510,4:2:33,0,[AvailableRefusalData_logId:7,2C]
6546006,511,4:2:34,0,[AvailableRefusalData_logId:7,0A,1A,2C,false,0]
6546006,512,4:2:37,0,[]
6546006,513,4:2:37,0,[30]
6546006,514,4:2:40,0,[]
6546006,507,4:2:48,0,[OpponentAttackData_logId:0,OpponentAttackTypeData_logId:1,true,0]
6546006,508,4:2:51,0,[]
6546006,509,4:3:2,0,[RefusalData_logId:6,2]
6546006,510,4:3:27,0,[AvailableRefusalData_logId:6,0B]
6546006,510,4:3:27,0,[AvailableRefusalData_logId:6,0C]
6546006,510,4:3:28,0,[AvailableRefusalData_logId:6,1C]
6546006,510,4:3:30,0,[AvailableRefusalData_logId:6,2B]
6546006,511,4:3:31,0,[AvailableRefusalData_logId:6,0C,1C,2B,false,0]
6546006,512,4:3:34,0,[]
6546006,513,4:3:34,0,[30]
6546006,514,4:3:37,0,[]
6546006,507,4:3:46,0,[OpponentAttackData_logId:1,OpponentAttackTypeData_logId:3,true,0]
6546006,508,4:3:48,0,[]
6546006,509,4:3:51,0,[RefusalData_logId:2,2]
6546006,510,4:3:52,0,[AvailableRefusalData_logId:2,0B]
6546006,510,4:3:54,0,[AvailableRefusalData_logId:2,0A]
6546006,510,4:3:55,0,[AvailableRefusalData_logId:2,1A]
6546006,510,4:3:55,0,[AvailableRefusalData_logId:2,2A]
6546006,511,4:3:56,0,[AvailableRefusalData_logId:2,0A,1A,2A,true,50]
6546006,512,4:4:0,0,[]
6546006,515,4:4:0,0,[90,0]
6546006,516,4:4:3,0,[]
6546006,517,4:4:6,0,[]
6546006,1005,4:4:6,0,[3,1,2]
6546006,1001,4:4:8,0,[]
6546006,1003,4:4:8,3
6546006,221,4:4:12,1
6546006,220,4:4:14,1
6546006,203,4:4:14,1
6546006,100,4:4:28,2
6546006,102,4:4:33,2
6546006,200,4:4:33,2,3,3,5,2,9
6546006,219,4:4:33,2
6546006,216,4:4:35,Stack_G8a0
6546006,217,4:4:51,Stack_G8a0,15,1.3
6546006,218,4:4:55,2
6546006,210,4:4:56,594,387
6546006,211,4:5:2,502,587
6546006,213,4:5:2,2,s_bottleCrush2_F_G8a0,true
6546006,205,4:5:2,2,s_bottleCrush2_F_G8a0,false,false
6546006,210,4:5:6,620,431
6546006,211,4:5:10,519,385
6546006,213,4:5:10,2,c_friend1_F_G8a0,true
6546006,210,4:5:12,846,297
6546006,207,4:5:18,2,-200,-350
6546006,211,4:5:19,1077,355
6546006,213,4:5:19,2,c_crewKid1_F_a_G8a0,true
6546006,210,4:5:22,1117,316
6546006,207,4:5:24,2,-350,-492
6546006,211,4:5:26,1514,302
6546006,210,4:5:26,1355,311
6546006,211,4:5:31,363,508
6546006,207,4:5:31,2,-492,-342
6546006,210,4:5:32,294,459
6546006,207,4:5:32,2,-342,0
6546006,211,4:5:34,175,286
6546006,213,4:5:34,2,s_stairs_G8a0,true
6546006,221,4:5:37,2
6546006,220,4:5:40,2
6546006,212,4:5:41,0
6546006,210,4:5:41,699,510
6546006,211,4:5:43,509,555
6546006,213,4:5:43,2,c_crush2_F_a_G8a0,true
6546006,205,4:5:43,2,c_crush2_F_a_G8a0,false,false
6546006,210,4:5:46,579,587
6546006,211,4:5:47,507,595
6546006,213,4:5:47,2,c_crush2_F_a_G8a0,true
6546006,205,4:5:47,2,c_crush2_F_a_G8a0,false,true
6546006,210,4:5:51,548,531
6546006,211,4:5:54,796,621
6546006,213,4:5:54,2,s_bottleFloor_G8a0,true
6546006,210,4:5:57,335,538
6546006,211,4:5:58,319,627
6546006,213,4:5:58,2,s_beerCooler_G8a0,true
6546006,210,4:6:2,608,405
6546006,211,4:6:5,643,359
6546006,213,4:6:5,2,s_beerSixpack_G8a0,true
6546006,210,4:6:10,664,321
6546006,211,4:6:12,912,330
6546006,213,4:6:12,2,c_cousin_F_a_G8a0,true
6546006,205,4:6:12,2,c_cousin_F_a_G8a0,false,false
6546006,210,4:6:15,654,352
6546006,207,4:6:16,2,0,-75
6546006,211,4:6:18,1120,183
6546006,207,4:6:18,2,-75,-120
6546006,210,4:6:18,1205,264
6546006,207,4:6:18,2,-120,-255
6546006,207,4:6:19,2,-255,-492
6546006,211,4:6:20,1338,306
6546006,213,4:6:20,2,s_cigaretteKid1_G8a0,true
6546006,210,4:6:24,1152,359
6546006,211,4:6:26,1364,312
6546006,213,4:6:26,2,s_cigaretteKid1_G8a0,true
6546006,221,4:6:38,2
6546006,220,4:6:42,2
6546006,212,4:6:44,1
6546006,221,4:6:48,2
6546006,220,4:6:50,2
6546006,210,4:6:50,1121,308
6546006,211,4:6:55,883,495
6546006,213,4:6:55,2,s_cellphone_G8a0,false
6546006,1003,4:6:58,1
6546006,210,4:7:2,652,477
6546006,211,4:7:3,842,539
6546006,210,4:7:4,811,402
6546006,211,4:7:7,524,404
6546006,213,4:7:7,2,c_friend1_F_G8a0,true
6546006,210,4:7:9,580,454
6546006,207,4:7:10,2,-200,-20
6546006,207,4:7:11,2,-20,0
6546006,211,4:7:17,782,500
6546006,213,4:7:17,2,s_bottleTable_G8a0,false
6546006,1003,4:7:20,1
6546006,210,4:7:22,846,338
6546006,211,4:7:22,846,338
6546006,210,4:7:23,822,368
6546006,207,4:7:26,2,-200,-350
6546006,207,4:7:28,2,-350,-492
6546006,211,4:7:35,917,693
6546006,210,4:7:36,754,522
6546006,207,4:7:36,2,-492,-417
6546006,207,4:7:38,2,-417,0
6546006,211,4:7:40,2,454
6546006,219,4:7:41,2
6546006,216,4:7:43,Stack_G8a1N
6546006,217,4:7:48,Stack_G8a1N,4.0,0.67
6546006,218,4:7:50,2
6546006,210,4:7:51,671,506
6546006,207,4:7:54,2,-200,-365
6546006,207,4:7:54,2,-365,-492
6546006,211,4:7:56,1510,454
6546006,210,4:7:56,1374,504
6546006,211,4:7:57,1369,510
6546006,213,4:7:57,2,s_inhalantsShelf_gen,true
6546006,210,4:7:58,1175,460
6546006,211,4:8:0,971,518
6546006,213,4:8:0,2,s_stairs_G8a1N,true
6546006,210,4:8:2,888,481
6546006,211,4:8:3,761,523
6546006,213,4:8:3,2,c_crush2_F_a_G8a1N,true
6546006,210,4:8:4,917,440
6546006,207,4:8:6,2,-492,0
6546006,211,4:8:9,500,149
6546006,213,4:8:9,2,s_basementDoor_gen,false
6546006,1003,4:8:12,1
6546006,210,4:8:15,809,321
6546006,211,4:8:17,431,572
6546006,213,4:8:17,2,s_dryer_G8a1N,true
6546006,210,4:8:18,481,631
6546006,211,4:8:19,564,637
6546006,213,4:8:19,2,s_dirtyClothes_gen,false
6546006,1003,4:8:22,1
6546006,210,4:8:26,747,267
6546006,211,4:8:27,1225,561
6546006,207,4:8:27,2,-200,-275
6546006,221,4:8:28,2
6546006,220,4:8:30,2
6546006,212,4:8:31,0
6546006,210,4:8:32,835,481
6546006,211,4:8:33,716,527
6546006,213,4:8:33,2,s_crush2Lips_F_G8a1N,true
6546006,205,4:8:33,2,s_crush2Lips_F_G8a1N,false,false
6546006,210,4:8:38,738,545
6546006,211,4:8:42,773,693
6546006,213,4:8:42,2,c_crush2_F_a_G8a1N,true
6546006,210,4:8:44,929,314
6546006,207,4:8:45,2,-275,-425
6546006,207,4:8:46,2,-425,-492
6546006,211,4:8:46,1514,495
6546006,210,4:8:47,1442,515
6546006,211,4:8:51,452,379
6546006,207,4:8:51,2,-492,-432
6546006,210,4:8:51,359,363
6546006,211,4:8:51,344,368
6546006,207,4:8:51,2,-432,-342
6546006,210,4:8:52,281,389
6546006,207,4:8:52,2,-342,-222
6546006,207,4:8:53,2,-222,0
6546006,211,4:8:56,284,533
6546006,213,4:8:56,2,s_waterHeater_gen,true
6546006,210,4:9:0,390,379
6546006,207,4:9:2,2,0,-270
6546006,211,4:9:2,1211,237
6546006,221,4:9:4,2
6546006,220,4:9:8,2
6546006,210,4:9:9,520,521
6546006,211,4:9:13,1203,530
6546006,210,4:9:13,916,461
6546006,211,4:9:14,564,667
6546006,210,4:9:18,876,361
6546006,211,4:9:19,523,551
6546006,213,4:9:19,2,c_crush2_F_a_G8a0,true
6546006,205,4:9:19,2,c_crush2_F_a_G8a0,false,true
6546006,210,4:9:23,584,478
6546006,211,4:9:26,933,547
6546006,221,4:9:27,2
6546006,220,4:9:29,2
6546006,212,4:9:30,1
6546006,210,4:9:30,936,392
6546006,211,4:9:33,671,680
6546006,210,4:9:35,721,450
6546006,207,4:9:41,2,-200,0
6546006,207,4:9:46,2,0,-492
6546006,207,4:9:56,2,-492,-417
6546006,211,4:9:58,750,560
6546006,213,4:9:58,2,c_crush2_F_a_G8a1N,true
6546006,210,4:10:0,973,476
6546006,211,4:10:1,1008,405
6546006,210,4:10:8,691,370
6546006,211,4:10:9,616,516
6546006,213,4:10:9,2,c_friend1_F_G8a0,true
6546006,210,4:10:16,702,472
6546006,211,4:10:16,899,359
6546006,221,4:10:19,2
6546006,220,4:10:22,2
6546006,210,4:10:23,693,357
6546006,211,4:10:23,940,218
6546006,221,4:10:24,2
6546006,220,4:10:26,2
6546006,221,4:10:27,2
6546006,220,4:10:28,2
6546006,1003,4:10:28,3
6546006,1004,4:10:30,1
6546006,1002,4:10:37,1
6546006,1003,4:10:37,3
6546006,210,4:10:41,817,395
6546006,211,4:10:45,805,373
6546006,210,4:10:49,1091,334
6546006,211,4:10:53,1086,351
6546006,212,4:10:55,2
6546006,210,4:10:56,1089,389
6546006,211,4:10:58,788,510
6546006,212,4:10:59,0
6546006,210,4:11:1,868,490
6546006,211,4:11:1,635,530
6546006,210,4:11:1,752,525
6546006,211,4:11:2,914,383
6546006,213,4:11:2,2,c_cousin_F_a_G8a0,true
6546006,205,4:11:2,2,c_cousin_F_a_G8a0,false,true
6546006,210,4:11:6,852,452
6546006,211,4:11:7,733,562
6546006,221,4:11:11,2
6546006,220,4:11:19,2
6546006,212,4:11:20,1
6546006,210,4:11:20,613,562
6546006,211,4:11:21,187,490
6546006,207,4:11:21,2,-200,-170
6546006,210,4:11:24,399,265
6546006,211,4:11:24,538,177
6546006,210,4:11:24,396,261
6546006,211,4:11:28,370,135
6546006,213,4:11:28,2,s_clock_G8a0,false
6546006,210,4:11:33,814,495
6546006,207,4:11:41,2,-170,-492
6546006,207,4:11:50,2,-492,0
6546006,211,4:11:53,557,595
6546006,210,4:11:55,765,377
6546006,211,4:11:56,708,607
6546006,213,4:11:56,2,c_crush2_F_a_G8a1N,true
6546006,210,4:11:59,901,330
6546006,207,4:11:59,2,-200,-395
6546006,207,4:12:1,2,-395,-492
6546006,211,4:12:4,1035,597
6546006,213,4:12:4,2,s_stairs_G8a1N,true
6546006,219,4:12:6,2
6546006,216,4:12:8,Stack_G8a3N
6546006,217,4:12:16,Stack_G8a3N,5.8,0.00
6546006,218,4:12:18,2
6546006,210,4:12:18,805,421
6546006,211,4:12:20,424,488
6546006,213,4:12:20,2,s_mirror_afri_F_a_G8a3N,false
6546006,1003,4:12:23,1
6546006,210,4:12:26,590,493
6546006,207,4:12:28,2,-200,0
6546006,211,4:12:29,248,334
6546006,213,4:12:29,2,s_door_G8a3N,true
6546006,210,4:12:32,457,379
6546006,207,4:12:34,2,0,-135
6546006,207,4:12:35,2,-135,-492
6546006,211,4:12:37,1129,498
6546006,213,4:12:37,2,s_phone_G8a3N,true
6546006,212,4:12:41,0
6546006,210,4:12:42,1168,331
6546006,211,4:12:43,869,423
6546006,213,4:12:43,2,c_nurse_a_G8a3N,true
6546006,210,4:12:53,693,481
6546006,211,4:12:54,676,638
6546006,221,4:12:55,2
6546006,220,4:12:56,2
6546006,212,4:12:57,1
6546006,210,4:13:0,814,384
6546006,207,4:13:2,2,-200,-35
6546006,207,4:13:6,2,-35,-170
6546006,207,4:13:8,2,-170,-350
6546006,211,4:13:10,1416,557
6546006,207,4:13:10,2,-350,-410
6546006,210,4:13:10,1455,481
6546006,207,4:13:10,2,-410,-485
6546006,207,4:13:12,2,-485,-492
6546006,211,4:13:14,1207,671
6546006,221,4:13:14,2
6546006,220,4:13:18,2
6546006,210,4:13:25,764,592
6546006,207,4:13:26,2,-200,-320
6546006,211,4:13:27,1124,500
6546006,213,4:13:27,2,s_phone_G8a3N,true
6546006,210,4:13:29,999,312
6546006,207,4:13:32,2,-320,-455
6546006,207,4:13:33,2,-455,-492
6546006,211,4:13:38,1374,688
6546006,212,4:13:38,0
6546006,210,4:13:40,1060,555
6546006,207,4:13:42,2,-492,-222
6546006,207,4:13:43,2,-222,0
6546006,211,4:13:49,180,565
6546006,213,4:13:49,2,s_pamphlet1_G8a3N,true
6546006,205,4:13:49,2,s_pamphlet1_G8a3N,false,false
6546006,210,4:13:55,459,422
6546006,211,4:13:58,801,476
6546006,213,4:13:58,2,c_nurse_a_G8a3N,true
6546006,1003,4:14:1,0
6546006,210,4:14:8,494,246
6546006,211,4:14:11,547,-66
6546006,210,4:14:15,543,198
6546006,211,4:14:18,530,206
6546006,213,4:14:18,2,s_pamphlet3_G8a3N,true
6546006,205,4:14:18,2,s_pamphlet3_G8a3N,false,false
6546006,210,4:14:24,423,116
6546006,207,4:14:26,2,-200,-290
6546006,211,4:14:27,434,549
6546006,207,4:14:27,2,-290,-290
6546006,207,4:14:27,2,-290,-230
6546006,210,4:14:27,324,535
6546006,207,4:14:29,2,-230,0
6546006,211,4:14:32,5,272
6546006,210,4:14:33,195,410
6546006,211,4:14:34,571,170
6546006,212,4:14:35,1
6546006,210,4:14:36,410,282
6546006,211,4:14:36,255,204
6546006,213,4:14:36,2,s_door_G8a3N,true
6546006,212,4:14:39,2
6546006,210,4:14:39,360,517
6546006,211,4:14:45,1110,514
6546006,207,4:14:45,2,0,-105
6546006,210,4:14:46,1195,380
6546006,207,4:14:47,2,-105,-492
6546006,211,4:14:52,1511,534
6546006,210,4:14:52,1392,448
6546006,211,4:14:55,725,594
6546006,204,4:14:57,2
6546006,100,4:15:1,2
6546006,102,4:15:3,2
6546006,200,4:15:3,2,3,3,5,2,9
6546006,210,4:15:5,538,487
6546006,207,4:15:11,2,-200,-470
6546006,207,4:15:12,2,-470,-492
6546006,211,4:15:15,44,230
6546006,207,4:15:15,2,-492,-12
6546006,207,4:15:16,2,-12,0
6546006,210,4:15:16,72,220
6546006,207,4:15:21,2,0,-105
6546006,211,4:15:25,931,535
6546006,221,4:15:26,2
6546006,220,4:15:30,2
6546006,212,4:15:31,0
6546006,210,4:15:32,799,529
6546006,211,4:15:34,918,386
6546006,213,4:15:34,2,c_cousin_F_a_G8a0,true
6546006,205,4:15:34,2,c_cousin_F_a_G8a0,false,true
6546006,210,4:15:37,573,469
6546006,211,4:15:38,525,399
6546006,213,4:15:38,2,c_friend1_F_G8a0,true
6546006,210,4:15:39,531,481
6546006,211,4:15:40,479,566
6546006,213,4:15:40,2,c_crush2_F_a_G8a0,true
6546006,205,4:15:40,2,c_crush2_F_a_G8a0,false,true
6546006,210,4:15:43,637,466
6546006,207,4:15:44,2,-105,-195
6546006,207,4:15:45,2,-195,-492
6546006,211,4:15:49,359,520
6546006,207,4:15:49,2,-492,-342
6546006,207,4:15:50,2,-342,-297
6546006,210,4:15:50,417,457
6546006,207,4:15:52,2,-297,0
6546006,211,4:15:53,105,578
6546006,210,4:15:56,898,583
6546006,211,4:15:57,742,557
6546006,213,4:15:57,2,s_crush2Lips_F_G8a1N,true
6546006,205,4:15:57,2,s_crush2Lips_F_G8a1N,false,true
6546006,210,4:16:0,821,485
6546006,207,4:16:2,2,-200,-492
6546006,211,4:16:4,449,91
6546006,207,4:16:4,2,-492,-432
6546006,207,4:16:4,2,-432,-372
6546006,210,4:16:4,470,300
6546006,207,4:16:6,2,-372,-282
6546006,207,4:16:7,2,-282,0
6546006,207,4:16:11,2,0,-492
6546006,207,4:16:28,2,-492,-222
6546006,211,4:16:30,1126,433
6546006,221,4:16:34,2
6546006,220,4:16:39,2
6546006,210,4:16:41,737,525
6546006,207,4:16:42,2,-200,-275
6546006,207,4:16:44,2,-275,-492
6546006,211,4:16:52,1070,485
6546006,210,4:16:53,1101,537
6546006,211,4:16:55,777,596
6546006,213,4:16:55,2,c_nurse_a_G8a3N,true
6546006,210,4:17:0,910,535
6546006,211,4:17:3,1224,688
6546006,210,4:17:3,1093,627
6546006,207,4:17:4,2,-492,-342
6546006,207,4:17:6,2,-342,0
6546006,211,4:17:8,183,559
6546006,213,4:17:8,2,s_pamphlet1_G8a3N,true
6546006,205,4:17:8,2,s_pamphlet1_G8a3N,false,true
6546006,210,4:17:12,382,511
6546006,211,4:17:14,441,494
6546006,213,4:17:14,2,c_nurse_a_G8a3N,true
6546006,210,4:17:18,441,139
6546006,211,4:17:20,2,150
6546006,210,4:17:21,104,243
6546006,211,4:17:23,529,184
6546006,213,4:17:23,2,s_pamphlet3_G8a3N,true
6546006,205,4:17:23,2,s_pamphlet3_G8a3N,false,true
6546006,210,4:17:27,422,246
6546006,207,4:17:33,2,0,-492
6546006,207,4:17:38,2,-492,-492
6546006,207,4:17:38,2,-492,-492
6546006,207,4:17:38,2,-492,-492
6546006,211,4:17:38,498,377
6546006,210,4:17:38,493,422
6546006,207,4:17:38,2,-492,-432
6546006,207,4:17:42,2,-432,-312
6546006,211,4:17:44,224,440
6546006,207,4:17:44,2,-312,-207
6546006,210,4:17:45,193,458
6546006,207,4:17:45,2,-207,-132
6546006,211,4:17:45,91,441
6546006,207,4:17:45,2,-132,-72
6546006,207,4:17:46,2,-72,-12
6546006,210,4:17:46,85,490
6546006,211,4:17:46,110,496
6546006,221,4:17:51,2
6546006,220,4:18:0,2
6546006,213,4:18:2,2,c_crush2_F_a_G8a1N,true
6546006,210,4:18:4,934,259
6546006,211,4:18:7,804,388
6546006,213,4:18:7,2,s_crush2Eyes_F_G8a1N,true
6546006,205,4:18:7,2,s_crush2Eyes_F_G8a1N,false,false
6546006,210,4:18:13,839,442
6546006,211,4:18:18,741,687
6546006,213,4:18:18,2,c_crush2_F_a_G8a1N,true
6546006,210,4:18:19,794,398
6546006,207,4:18:28,2,-200,-245
6546006,207,4:18:28,2,-245,-335
6546006,207,4:18:29,2,-335,-492
6546006,211,4:18:32,1368,497
6546006,213,4:18:32,2,s_inhalantsShelf_gen,true
6546006,210,4:18:34,1141,357
6546006,211,4:18:36,1165,588
6546006,221,4:18:39,2
6546006,220,4:18:46,2
6546006,210,4:18:47,940,369
6546006,211,4:18:52,452,86
6546006,207,4:18:52,2,-492,-432
6546006,207,4:18:53,2,-432,-372
6546006,210,4:18:53,471,111
6546006,207,4:18:55,2,-372,-57
6546006,207,4:18:56,2,-57,0
6546006,211,4:19:0,2,594
6546006,210,4:19:0,66,541
6546006,211,4:19:12,732,552
6546006,213,4:19:12,2,s_crush2Lips_F_G8a1N,true
6546006,205,4:19:12,2,s_crush2Lips_F_G8a1N,false,true
6546006,210,4:19:16,576,460
6546006,211,4:19:18,1183,251
6546006,207,4:19:18,2,0,-180
6546006,210,4:19:18,1241,246
6546006,207,4:19:18,2,-180,-270
6546006,207,4:19:20,2,-270,-492
6546006,207,4:19:24,2,-492,-342
6546006,211,4:19:29,614,207
6546006,213,4:19:29,2,c_crush2_F_a_G8a1N,true
6546006,210,4:19:31,442,256
6546006,207,4:19:31,2,-342,-312
6546006,211,4:19:32,510,460
6546006,213,4:19:32,2,c_crush2_F_a_G8a1N,true
6546006,210,4:19:35,921,560
6546006,211,4:19:36,990,657
6546006,221,4:19:37,2
6546006,220,4:19:38,2
6546006,210,4:19:47,796,524
6546006,211,4:19:49,551,598
6546006,213,4:19:49,2,c_crush2_F_a_G8a0,true
6546006,205,4:19:49,2,c_crush2_F_a_G8a0,false,true
6546006,221,4:19:52,2
6546006,220,4:19:55,2
6546006,210,4:19:57,1094,461
6546006,207,4:19:58,2,-200,-365
6546006,207,4:19:59,2,-365,-470
6546006,207,4:20:0,2,-470,-492
6546006,211,4:20:1,1513,169
6546006,210,4:20:1,1462,184
6546006,211,4:20:1,1514,146
6546006,210,4:20:1,1513,151
6546006,207,4:20:11,2,-492,-267
6546006,207,4:20:14,2,-267,0
6546006,211,4:20:16,365,693
6546006,210,4:20:18,336,589
6546006,207,4:20:21,2,0,-135
6546006,211,4:20:23,848,593
6546006,221,4:20:26,2
6546006,220,4:20:28,2
6546006,1003,4:20:28,3
6546006,1004,4:20:31,4
6546006,500,4:20:33,4,[]
6546006,501,4:20:39,4,[]
6546006,502,4:20:44,4,[IntentionData_logId:1,true]
6546006,503,4:20:45,4,[]
6546006,504,4:20:50,4,[InfluenceData_logId:2]
6546006,504,4:20:53,4,[InfluenceData_logId:1]
6546006,504,4:20:56,4,[InfluenceData_logId:0]
6546006,504,4:20:59,4,[InfluenceData_logId:3]
6546006,504,4:21:1,4,[InfluenceData_logId:5]
6546006,504,4:21:3,4,[InfluenceData_logId:4]
6546006,504,4:21:8,4,[InfluenceData_logId:7]
6546006,504,4:21:13,4,[InfluenceData_logId:8]
6546006,504,4:21:17,4,[InfluenceData_logId:6]
6546006,504,4:21:23,4,[InfluenceData_logId:7]
6546006,505,4:21:24,4,[InfluenceData_logId:0,true,InfluenceData_logId:4,true,InfluenceData_logId:7,true]
6546006,506,4:21:25,4,[]
6546006,507,4:21:48,4,[OpponentAttackData_logId:1,OpponentAttackTypeData_logId:2,true,0]
6546006,508,4:21:50,4,[]
6546006,509,4:21:54,4,[RefusalData_logId:3,2]
6546006,1002,4:22:42,4
6546006,1003,4:22:42,3
6546006,1004,4:22:44,1
6546006,1002,4:22:52,1
6546006,1003,4:22:52,3
6546006,221,4:23:7,2
6546006,220,4:23:30,2
6546006,221,4:23:32,2
6546006,220,4:23:34,2
6546006,212,4:23:35,1
6546006,210,4:23:35,907,498
6546006,207,4:23:42,2,-200,-155
6546006,211,4:23:45,1371,402
6546006,207,4:23:45,2,-155,-365
6546006,210,4:23:45,1462,389
6546006,207,4:23:45,2,-365,-492
6546006,211,4:23:49,1504,218
6546006,210,4:23:49,1482,165
6546006,207,4:23:54,2,-492,-72
6546006,207,4:23:56,2,-72,0
6546006,211,4:23:58,71,693
6546006,210,4:24:0,432,478
6546006,207,4:24:1,2,0,-15
6546006,211,4:24:2,521,564
6546006,210,4:24:2,687,452
6546006,211,4:24:4,765,492
6546006,213,4:24:4,2,s_bottleTable_G8a0,false
6546006,210,4:24:12,783,555
6546006,207,4:24:13,2,-200,-350
6546006,207,4:24:13,2,-350,-492
6546006,211,4:24:17,1268,693
6546006,210,4:24:20,1188,513
6546006,207,4:24:25,2,-492,-372
6546006,211,4:24:29,763,556
6546006,213,4:24:29,2,c_crush2_F_a_G8a1N,true
6546006,210,4:24:30,835,439
6546006,211,4:24:34,380,452
6546006,207,4:24:34,2,-372,-342
6546006,210,4:24:34,302,308
6546006,207,4:24:34,2,-342,-267
6546006,211,4:24:37,224,616
6546006,207,4:24:37,2,-267,-207
6546006,210,4:24:38,321,390
6546006,207,4:24:39,2,-207,0
6546006,211,4:24:45,1093,229
6546006,207,4:24:45,2,0,-90
6546006,207,4:24:46,2,-90,-135
6546006,210,4:24:46,1076,291
6546006,211,4:24:57,983,572
6546006,213,4:24:57,2,s_stairs_G8a1N,true
6546006,210,4:25:0,896,379
6546006,211,4:25:2,982,503
6546006,213,4:25:2,2,s_stairs_G8a1N,true
6546006,210,4:25:6,930,427
6546006,211,4:25:14,701,274
6546006,210,4:25:15,884,500
6546006,207,4:25:18,2,-200,-492
6546006,211,4:25:18,1499,400
6546006,204,4:25:26,2
6546006,103,4:25:28
6546006,105,4:25:30
6546006,703,4:25:32,[|| EpilogueItem ID: 0 unlocked: true ||,|| EpilogueItem ID: 1 unlocked: true ||,|| EpilogueItem ID: 2 unlocked: false ||,|| EpilogueItem ID: 3 unlocked: false ||,|| EpilogueItem ID: 4 unlocked: false ||,|| EpilogueItem ID: 5 unlocked: false ||,|| EpilogueItem ID: 6 unlocked: false ||,|| EpilogueItem ID: 7 unlocked: false ||,|| EpilogueItem ID: 8 unlocked: false ||,|| EpilogueItem ID: 9 unlocked: false ||,|| EpilogueItem ID: 10 unlocked: false ||,|| EpilogueItem ID: 11 unlocked: false ||,|| EpilogueItem ID: 12 unlocked: false ||,|| EpilogueItem ID: 13 unlocked: false ||,|| EpilogueItem ID: 14 unlocked: false ||,|| EpilogueItem ID: 15 unlocked: false ||,|| EpilogueItem ID: 16 unlocked: false ||,|| EpilogueItem ID: 17 unlocked: false ||,|| EpilogueItem ID: 18 unlocked: false ||,|| EpilogueItem ID: 19 unlocked: false ||,|| EpilogueItem ID: 20 unlocked: false ||,|| EpilogueItem ID: 21 unlocked: false ||,|| EpilogueItem ID: 22 unlocked: false ||,|| EpilogueItem ID: 23 unlocked: false ||,|| EpilogueItem ID: 24 unlocked: false ||],0.08
6546006,706,4:25:36,(x=482, y=-100, w=1024, h=768),(x=482, y=-100, w=1024, h=768)
6546006,706,4:25:41,(x=969, y=-100, w=1024, h=768),(x=970, y=-100, w=1024, h=768)
6546006,706,4:25:43,(x=1306, y=-100, w=1024, h=768),(x=1406, y=-100, w=1024, h=768)
6546006,706,4:25:45,(x=1776, y=-100, w=1024, h=768),(x=1784, y=-100, w=1024, h=768)
6546006,706,4:25:47,(x=1800, y=-100, w=1024, h=768),(x=1880, y=-100, w=1024, h=768)
6546006,706,4:25:48,(x=1477, y=-100, w=1024, h=768),(x=1474, y=-100, w=1024, h=768)
6546006,706,4:25:52,(x=2427, y=-100, w=1024, h=768),(x=2430, y=-100, w=1024, h=768)
6546006,708,4:25:55
6546006,1,4:25:55,7/10/2013 3:08:14pm,{"gameTime":15955202,"challengeStacks":[{"challengeScenes":[{"miniGameCards":[],"viewedAnimatic":true,"keyPoints":["c_bestFriend_F_a_G7a0","c_teacherEng_G7a0","s_flag_gen"],"unlocked":true,"touchableObjects":["s_vocabAssignment_G7a0","s_otherStudent1_G7a0","c_crewKid1_F_G7a0","s_doorClassroom_G7a0","s_clock_G7a0","c_friend1_F_a_G7a0","c_bestFriend_F_a_G7a0","c_teacherEng_G7a0","s_flag_gen","s_poePoster_gen","s_shakespearePoster_gen","s_angelouPoster_gen","s_atwoodPoster_gen"]},{"miniGameCards":[],"viewedAnimatic":true,"keyPoints":["c_teacherEng_G7a1N","c_bestFriend_F_a_G7a1N","s_paperPlayers_G7a1N"],"unlocked":true,"touchableObjects":["s_otherStudent2_G7a1N","s_otherStudent1_G7a1N","c_crewKid1_F_G7a1N","s_poePoster_gen","s_shakespearePoster_gen","s_angelouPoster_gen","s_atwoodPoster_gen","c_teacherEng_G7a1N","c_bestFriend_F_a_G7a1N","s_flag_gen","s_posterPlagiarism_gen","s_paperPlayers_G7a1N"]},{"miniGameCards":[],"viewedAnimatic":true,"keyPoints":["c_teacherEng_G7a1P","s_flag_gen","s_paperEnglish_gen","c_bestFriend_F_a_G7a1P"],"unlocked":true,"touchableObjects":["s_poePoster_gen","s_shakespearePoster_gen","s_angelouPoster_gen","s_atwoodPoster_gen","s_clock_G7a1P","s_paperPlayers_G7a1P","s_papersDetention_gen","c_teacherEng_G7a1P","s_flag_gen","s_paperEnglish_gen","c_bestFriend_F_a_G7a1P"]}],"stackSize":3,"resolved":true},{"challengeScenes":[{"miniGameCards":[],"viewedAnimatic":true,"keyPoints":["s_backpack_F_G7b0","c_kidSister_afri_a_G7b0","c_crewKid1_F_G7b0"],"unlocked":true,"touchableObjects":["c_cousinsBrother_a_G7b0","c_crewKid2_F_G7b0","s_lifeguard_G7b0","s_backpack_F_G7b0","c_kidSister_afri_a_G7b0","c_crewKid1_F_G7b0","c_cousin_F_a_G7b0","c_cousinsBrothersFriend_a_G7b0","c_cousinsBrothersFriendsGF_G7b0"]},{"miniGameCards":[],"viewedAnimatic":true,"keyPoints":["s_graffiti_G7b1N","s_brokenCarWindow_G7b1N","s_sprayPaintCan_G7b1N","c_kidSister_afri_a_G7b1N","c_crewKid1_F_G7b1N"],"unlocked":true,"touchableObjects":["c_cousin_F_a_G7b1N","c_teacherEng_G7b1N","c_policeOfficer_G7b1N","s_graffiti_G7b1N","c_crewKid2_F_a_G7b1N","s_brokenCarWindow_G7b1N","s_sprayPaintCan_G7b1N","c_kidSister_afri_a_G7b1N","s_wreckedPlants_G7b1N","s_cat_G7b1N","c_crewKid1_F_G7b1N"]},{"miniGameCards":[],"viewedAnimatic":true,"keyPoints":["c_cousinsBrothersFriend_a_G7b1P","s_poolDay_ruleSign_G7b1P","c_cousin_F_a_G7b1P","c_cousinsBrother_a_G7b1P"],"unlocked":true,"touchableObjects":["c_cousinsBrothersFriend_a_G7b1P","s_poolDay_ruleSign_G7b1P","c_cousin_F_a_G7b1P","c_cousinsBrother_a_G7b1P","c_kidSister_afri_a_G7b1P"]},{"miniGameCards":[],"viewedAnimatic":true,"keyPoints":["c_cousin_F_a_G7b2N","s_kid1_G7b2N","c_kidSister_afri_a_G7b2N","c_crush1_F_a_G7b2N"],"unlocked":true,"touchableObjects":["c_cousin_F_a_G7b2N","s_lifeguard_G7b2N","c_cousinsBrother_a_G7b2N","s_kid1_G7b2N","c_kidSister_afri_a_G7b2N","c_crush1_F_a_G7b2N"]},{"miniGameCards":[],"viewedAnimatic":true,"keyPoints":["s_pictureDad_afri_F_gen","s_computer_F_G7b2P","c_cousin_F_a_G7b2P","c_kidSister_afri_a_G7b2P"],"unlocked":true,"touchableObjects":["s_closet_F_G7b2P","s_calendar_F_gen","s_pictureDad_afri_F_gen","s_computer_F_G7b2P","c_cousin_F_a_G7b2P","c_grandma_afri_a_G7b2P","c_kidSister_afri_a_G7b2P"]}],"stackSize":5,"resolved":true},{"challengeScenes":[{"miniGameCards":[],"viewedAnimatic":true,"keyPoints":["s_bottleCrush2_F_G8a0","c_crush2_F_a_G8a0","c_cousin_F_a_G8a0"],"unlocked":true,"touchableObjects":["s_bottleCrush2_F_G8a0","c_friend1_F_G8a0","c_crewKid1_F_a_G8a0","s_stairs_G8a0","c_crush2_F_a_G8a0","s_bottleFloor_G8a0","s_beerCooler_G8a0","s_beerSixpack_G8a0","c_cousin_F_a_G8a0","s_cigaretteKid1_G8a0"]},{"miniGameCards":[],"viewedAnimatic":true,"keyPoints":["s_crush2Lips_F_G8a1N","s_crush2Eyes_F_G8a1N"],"unlocked":true,"touchableObjects":["s_inhalantsShelf_gen","s_stairs_G8a1N","c_crush2_F_a_G8a1N","s_dryer_G8a1N","s_crush2Lips_F_G8a1N","s_waterHeater_gen","s_crush2Eyes_F_G8a1N"]},{"miniGameCards":[],"viewedAnimatic":false,"keyPoints":[],"unlocked":false,"touchableObjects":[]},{"miniGameCards":[],"viewedAnimatic":false,"keyPoints":[],"unlocked":false,"touchableObjects":[]},{"miniGameCards":[],"viewedAnimatic":false,"keyPoints":[],"unlocked":false,"touchableObjects":[]},{"miniGameCards":[],"viewedAnimatic":true,"keyPoints":["s_pamphlet1_G8a3N","s_pamphlet3_G8a3N"],"unlocked":true,"touchableObjects":["s_door_G8a3N","s_phone_G8a3N","s_pamphlet1_G8a3N","s_pamphlet3_G8a3N"]},{"miniGameCards":[],"viewedAnimatic":false,"keyPoints":[],"unlocked":false,"touchableObjects":[]}],"stackSize":7,"resolved":false},{"challengeScenes":[{"miniGameCards":[],"viewedAnimatic":false,"keyPoints":[],"unlocked":false,"touchableObjects":[]},{"miniGameCards":[],"viewedAnimatic":false,"keyPoints":[],"unlocked":false,"touchableObjects":[]},{"miniGameCards":[],"viewedAnimatic":false,"keyPoints":[],"unlocked":false,"touchableObjects":[]},{"miniGameCards":[],"viewedAnimatic":false,"keyPoints":[],"unlocked":false,"touchableObjects":[]},{"miniGameCards":[],"viewedAnimatic":false,"keyPoints":[],"unlocked":false,"touchableObjects":[]}],"stackSize":5,"resolved":false},{"challengeScenes":[{"miniGameCards":[],"viewedAnimatic":false,"keyPoints":[],"unlocked":true,"touchableObjects":[]},{"miniGameCards":[],"viewedAnimatic":false,"keyPoints":[],"unlocked":true,"touchableObjects":[]},{"miniGameCards":[],"viewedAnimatic":false,"keyPoints":[],"unlocked":false,"touchableObjects":[]},{"miniGameCards":[],"viewedAnimatic":false,"keyPoints":[],"unlocked":false,"touchableObjects":[]},{"miniGameCards":[],"viewedAnimatic":false,"keyPoints":[],"unlocked":false,"touchableObjects":[]}],"stackSize":5,"resolved":false},{"challengeScenes":[{"miniGameCards":[],"viewedAnimatic":false,"keyPoints":[],"unlocked":false,"touchableObjects":[]},{"miniGameCards":[],"viewedAnimatic":false,"keyPoints":[],"unlocked":false,"touchableObjects":[]},{"miniGameCards":[],"viewedAnimatic":false,"keyPoints":[],"unlocked":false,"touchableObjects":[]},{"miniGameCards":[],"viewedAnimatic":false,"keyPoints":[],"unlocked":false,"touchableObjects":[]},{"miniGameCards":[],"viewedAnimatic":false,"keyPoints":[],"unlocked":false,"touchableObjects":[]}],"stackSize":5,"resolved":false},{"challengeScenes":[{"miniGameCards":[],"viewedAnimatic":false,"keyPoints":[],"unlocked":false,"touchableObjects":[]},{"miniGameCards":[],"viewedAnimatic":false,"keyPoints":[],"unlocked":false,"touchableObjects":[]},{"miniGameCards":[],"viewedAnimatic":false,"keyPoints":[],"unlocked":false,"touchableObjects":[]},{"miniGameCards":[],"viewedAnimatic":false,"keyPoints":[],"unlocked":false,"touchableObjects":[]},{"miniGameCards":[],"viewedAnimatic":false,"keyPoints":[],"unlocked":false,"touchableObjects":[]}],"stackSize":5,"resolved":false},{"challengeScenes":[{"miniGameCards":[],"viewedAnimatic":false,"keyPoints":[],"unlocked":false,"touchableObjects":[]},{"miniGameCards":[],"viewedAnimatic":false,"keyPoints":[],"unlocked":false,"touchableObjects":[]},{"miniGameCards":[],"viewedAnimatic":false,"keyPoints":[],"unlocked":false,"touchableObjects":[]},{"miniGameCards":[],"viewedAnimatic":false,"keyPoints":[],"unlocked":false,"touchableObjects":[]},{"miniGameCards":[],"viewedAnimatic":false,"keyPoints":[],"unlocked":false,"touchableObjects":[]}],"stackSize":5,"resolved":false},{"challengeScenes":[{"miniGameCards":[],"viewedAnimatic":false,"keyPoints":[],"unlocked":false,"touchableObjects":[]},{"miniGameCards":[],"viewedAnimatic":false,"keyPoints":[],"unlocked":false,"touchableObjects":[]},{"miniGameCards":[],"viewedAnimatic":false,"keyPoints":[],"unlocked":false,"touchableObjects":[]},{"miniGameCards":[],"viewedAnimatic":false,"keyPoints":[],"unlocked":false,"touchableObjects":[]},{"miniGameCards":[],"viewedAnimatic":false,"keyPoints":[],"unlocked":false,"touchableObjects":[]}],"stackSize":5,"resolved":false},{"challengeScenes":[{"miniGameCards":[],"viewedAnimatic":false,"keyPoints":[],"unlocked":false,"touchableObjects":[]},{"miniGameCards":[],"viewedAnimatic":false,"keyPoints":[],"unlocked":false,"touchableObjects":[]},{"miniGameCards":[],"viewedAnimatic":false,"keyPoints":[],"unlocked":false,"touchableObjects":[]},{"miniGameCards":[],"viewedAnimatic":false,"keyPoints":[],"unlocked":false,"touchableObjects":[]},{"miniGameCards":[],"viewedAnimatic":false,"keyPoints":[],"unlocked":false,"touchableObjects":[]}],"stackSize":5,"resolved":false},{"challengeScenes":[{"miniGameCards":[],"viewedAnimatic":false,"keyPoints":[],"unlocked":false,"touchableObjects":[]},{"miniGameCards":[],"viewedAnimatic":false,"keyPoints":[],"unlocked":false,"touchableObjects":[]},{"miniGameCards":[],"viewedAnimatic":false,"keyPoints":[],"unlocked":false,"touchableObjects":[]},{"miniGameCards":[],"viewedAnimatic":false,"keyPoints":[],"unlocked":false,"touchableObjects":[]},{"miniGameCards":[],"viewedAnimatic":false,"keyPoints":[],"unlocked":false,"touchableObjects":[]}],"stackSize":5,"resolved":false},{"challengeScenes":[{"miniGameCards":[],"viewedAnimatic":false,"keyPoints":[],"unlocked":false,"touchableObjects":[]},{"miniGameCards":[],"viewedAnimatic":false,"keyPoints":[],"unlocked":false,"touchableObjects":[]},{"miniGameCards":[],"viewedAnimatic":false,"keyPoints":[],"unlocked":false,"touchableObjects":[]},{"miniGameCards":[],"viewedAnimatic":false,"keyPoints":[],"unlocked":false,"touchableObjects":[]},{"miniGameCards":[],"viewedAnimatic":false,"keyPoints":[],"unlocked":false,"touchableObjects":[]}],"stackSize":5,"resolved":false},{"challengeScenes":[{"miniGameCards":[],"viewedAnimatic":false,"keyPoints":[],"unlocked":true,"touchableObjects":["c_player_afri_F_a_G0a0","c_education_G0a0","c_friends_G0a0","c_family_afri_a_G0a0"]},{"miniGameCards":[],"viewedAnimatic":false,"keyPoints":["c_job_G0a1N","c_home_G0a1N","c_family_afri_a_G0a1N"],"unlocked":true,"touchableObjects":["c_job_G0a1N","c_player_afri_F_a_G0a1N","c_home_G0a1N","c_family_afri_a_G0a1N"]},{"miniGameCards":[],"viewedAnimatic":false,"keyPoints":["c_Teacher_G0a1P","c_grandma_afri_a_G0a1P","c_kidsister_afri_a_G0a1P","c_Nurse_G0a1P","c_dad_afri_a_G0a1P","c_mom_afri_a_G0a1P"],"unlocked":true,"touchableObjects":["c_friends_G0a1P","c_cousins_F_a_G0a1P","c_Teacher_G0a1P","c_grandma_afri_a_G0a1P","c_kidsister_afri_a_G0a1P","c_Nurse_G0a1P","c_dad_afri_a_G0a1P","c_mom_afri_a_G0a1P"]}],"stackSize":3,"resolved":true}],"sessionId":6,"epilogue":{"rating":3},"playerId":6546006,"session":[{"sceneId":"1P","stackId":12},{"sceneId":"1P","stackId":0},{"sceneId":"1P","stackId":1},{"sceneId":"1N","stackId":1},{"sceneId":"2P","stackId":1}],"minigames":[{"levelSaveData":[{"starRating":3,"unlocked":true},{"starRating":0,"unlocked":true},{"starRating":0,"unlocked":true},{"starRating":0,"unlocked":false},{"starRating":0,"unlocked":false},{"starRating":0,"unlocked":false},{"starRating":0,"unlocked":false},{"starRating":0,"unlocked":false},{"starRating":0,"unlocked":false},{"starRating":0,"unlocked":false}],"skillPoints":3},{"levelSaveData":[{"starRating":3,"unlocked":true},{"starRating":0,"unlocked":true},{"starRating":0,"unlocked":true},{"starRating":0,"unlocked":false},{"starRating":0,"unlocked":true},{"starRating":0,"unlocked":false},{"starRating":0,"unlocked":false},{"starRating":0,"unlocked":false},{"starRating":0,"unlocked":false},{"starRating":0,"unlocked":false}],"skillPoints":3},{"levelSaveData":[{"starRating":3,"unlocked":true},{"starRating":2,"unlocked":true},{"starRating":0,"unlocked":true},{"starRating":0,"unlocked":false},{"starRating":0,"unlocked":false},{"starRating":0,"unlocked":false},{"starRating":0,"unlocked":false},{"starRating":0,"unlocked":false},{"starRating":0,"unlocked":true},{"starRating":0,"unlocked":false}],"skillPoints":5},{"levelSaveData":[{"starRating":2,"unlocked":true},{"starRating":0,"unlocked":true},{"starRating":0,"unlocked":false},{"starRating":0,"unlocked":false},{"starRating":0,"unlocked":true},{"starRating":0,"unlocked":false},{"starRating":0,"unlocked":false},{"starRating":0,"unlocked":false},{"starRating":0,"unlocked":false},{"starRating":0,"unlocked":false}],"skillPoints":2},{"age":11,"name":"uhhhh","gender":1,"levelSaveData":[{"starRating":3,"unlocked":true},{"starRating":3,"chunks":[["1"],["0$$i am i angel","1$$a angel"],["0","2","5"],["2"]],"unlocked":true},{"starRating":3,"chunks":[["1"],["5$$make up","0$$running"],["3$$photos","1$$running"]],"unlocked":true},{"starRating":0,"chunks":[[null],[null],[null],[null],[null,null],[null]],"unlocked":true},{"starRating":0,"chunks":[[null],[null],[null,null],[null],[null],[null]],"unlocked":false},{"starRating":0,"chunks":[[null],[null,null,null,null],[null],[null]],"unlocked":false},{"starRating":0,"chunks":[[null],[null],[null,null],[null,null],[null]],"unlocked":false},{"starRating":0,"chunks":[[null,null,null],[null,null,null],[null],[null],[null]],"unlocked":false},{"starRating":0,"chunks":[[null,null,null],[null,null,null],[null,null]],"unlocked":false},{"starRating":0,"chunks":[[null],[null],[null],[null],[null],[null]],"unlocked":false}],"visualAvatar":0,"id":0,"skillPoints":9}],"avatar":{"age":11,"name":"uhhhh","gender":1,"levelSaveData":[{"starRating":3,"unlocked":true},{"starRating":3,"chunks":[["1"],["0$$i am i angel","1$$a angel"],["0","2","5"],["2"]],"unlocked":true},{"starRating":3,"chunks":[["1"],["5$$make up","0$$running"],["3$$photos","1$$running"]],"unlocked":true},{"starRating":0,"chunks":[[null],[null],[null],[null],[null,null],[null]],"unlocked":true},{"starRating":0,"chunks":[[null],[null],[null,null],[null],[null],[null]],"unlocked":false},{"starRating":0,"chunks":[[null],[null,null,null,null],[null],[null]],"unlocked":false},{"starRating":0,"chunks":[[null],[null],[null,null],[null,null],[null]],"unlocked":false},{"starRating":0,"chunks":[[null,null,null],[null,null,null],[null],[null],[null]],"unlocked":false},{"starRating":0,"chunks":[[null,null,null],[null,null,null],[null,null]],"unlocked":false},{"starRating":0,"chunks":[[null],[null],[null],[null],[null],[null]],"unlocked":false}],"visualAvatar":0,"id":0,"skillPoints":9}}
