6546006,0,10:37:55,7/25/2013 2:47:08pm
6546006,100,10:38:0,8
6546006,102,10:38:5,8
6546006,200,10:38:5,8,20,18,19,24,27
6546006,210,10:38:7,435,396
6546006,211,10:38:7,414,386
6546006,213,10:38:7,8,c_friend1_F_G11a0,false
6546006,221,10:38:13,8
6546006,220,10:38:18,8
6546006,210,10:38:19,503,270
6546006,211,10:38:19,432,357
6546006,213,10:38:19,8,c_friend1_F_G11a0,false
6546006,1003,10:38:23,2
6546006,1004,10:38:28,2
6546006,900,10:38:30,2,[]
6546006,901,10:38:32,2,[PeopleData_id:3]
6546006,902,10:38:34,2,[PeopleData_id:3,PeopleData_data3Type]
6546006,902,10:38:35,2,[PeopleData_id:3,PeopleData_data2Type]
6546006,902,10:38:37,2,[PeopleData_id:3,PeopleData_data1Type]
6546006,902,10:38:40,2,[PeopleData_id:3,PeopleData_data0Type]
6546006,902,10:38:41,2,[PeopleData_id:3,PeopleData_data1Type]
6546006,902,10:38:42,2,[PeopleData_id:3,PeopleData_data0Type]
6546006,903,10:38:44,2,[PeopleData_id3,PeopleData_data0Type]
6546006,901,10:38:44,2,[PeopleData_id:3]
6546006,904,10:38:44,2,[PeopleData_id:3]
6546006,905,10:38:46,2,[PeopleData_id:3,RankTypes_id:-1,RankTypes_id:3]
6546006,901,10:38:46,2,[PeopleData_id:1]
6546006,902,10:38:47,2,[PeopleData_id:1,PeopleData_data2Type]
6546006,902,10:38:55,2,[PeopleData_id:1,PeopleData_data1Type]
6546006,902,10:38:57,2,[PeopleData_id:1,PeopleData_data0Type]
6546006,903,10:38:58,2,[PeopleData_id1,PeopleData_data0Type]
6546006,901,10:38:59,2,[PeopleData_id:1]
6546006,904,10:38:59,2,[PeopleData_id:1]
6546006,905,10:39:0,2,[PeopleData_id:1,RankTypes_id:-1,RankTypes_id:0]
6546006,901,10:39:0,2,[PeopleData_id:2]
6546006,904,10:39:0,2,[PeopleData_id:2]
6546006,902,10:39:1,2,[PeopleData_id:2,PeopleData_data3Type]
6546006,902,10:39:5,2,[PeopleData_id:2,PeopleData_data2Type]
6546006,902,10:39:12,2,[PeopleData_id:2,PeopleData_data1Type]
6546006,902,10:39:19,2,[PeopleData_id:2,PeopleData_data3Type]
6546006,902,10:39:20,2,[PeopleData_id:2,PeopleData_data2Type]
6546006,902,10:39:21,2,[PeopleData_id:2,PeopleData_data1Type]
6546006,902,10:39:23,2,[PeopleData_id:2,PeopleData_data0Type]
6546006,903,10:39:27,2,[PeopleData_id2,PeopleData_data0Type]
6546006,901,10:39:27,2,[PeopleData_id:2]
6546006,904,10:39:27,2,[PeopleData_id:2]
6546006,905,10:39:29,2,[PeopleData_id:2,RankTypes_id:-1,RankTypes_id:3]
6546006,901,10:39:29,2,[PeopleData_id:6]
6546006,902,10:39:30,2,[PeopleData_id:6,PeopleData_data2Type]
6546006,902,10:39:31,2,[PeopleData_id:6,PeopleData_data1Type]
6546006,902,10:39:33,2,[PeopleData_id:6,PeopleData_data0Type]
6546006,902,10:39:34,2,[PeopleData_id:6,PeopleData_data2Type]
6546006,903,10:39:36,2,[PeopleData_id6,PeopleData_data2Type]
6546006,901,10:39:36,2,[PeopleData_id:6]
6546006,904,10:39:36,2,[PeopleData_id:6]
6546006,905,10:39:37,2,[PeopleData_id:6,RankTypes_id:-1,RankTypes_id:1]
6546006,901,10:39:37,2,[PeopleData_id:0]
6546006,902,10:39:38,2,[PeopleData_id:0,PeopleData_data3Type]
6546006,902,10:39:40,2,[PeopleData_id:0,PeopleData_data2Type]
6546006,902,10:39:41,2,[PeopleData_id:0,PeopleData_data2Type]
6546006,902,10:39:42,2,[PeopleData_id:0,PeopleData_data1Type]
6546006,902,10:39:43,2,[PeopleData_id:0,PeopleData_data0Type]
6546006,903,10:39:44,2,[PeopleData_id0,PeopleData_data0Type]
6546006,901,10:39:46,2,[PeopleData_id:0]
6546006,904,10:39:46,2,[PeopleData_id:0]
6546006,905,10:39:48,2,[PeopleData_id:0,RankTypes_id:-1,RankTypes_id:2]
6546006,901,10:39:49,2,[PeopleData_id:5]
6546006,902,10:39:50,2,[PeopleData_id:5,PeopleData_data3Type]
6546006,902,10:39:52,2,[PeopleData_id:5,PeopleData_data2Type]
6546006,902,10:39:53,2,[PeopleData_id:5,PeopleData_data1Type]
6546006,902,10:39:54,2,[PeopleData_id:5,PeopleData_data0Type]
6546006,903,10:39:55,2,[PeopleData_id5,PeopleData_data0Type]
6546006,901,10:39:56,2,[PeopleData_id:5]
6546006,904,10:39:56,2,[PeopleData_id:5]
6546006,905,10:39:57,2,[PeopleData_id:5,RankTypes_id:-1,RankTypes_id:0]
6546006,902,10:39:58,2,[PeopleData_id:5,PeopleData_data3Type]
6546006,903,10:39:59,2,[PeopleData_id5,PeopleData_data3Type]
6546006,901,10:39:59,2,[PeopleData_id:4]
6546006,902,10:40:0,2,[PeopleData_id:4,PeopleData_data2Type]
6546006,902,10:40:1,2,[PeopleData_id:4,PeopleData_data1Type]
6546006,902,10:40:3,2,[PeopleData_id:4,PeopleData_data0Type]
6546006,903,10:40:6,2,[PeopleData_id4,PeopleData_data0Type]
6546006,901,10:40:6,2,[PeopleData_id:4]
6546006,904,10:40:7,2,[PeopleData_id:4]
6546006,905,10:40:7,2,[PeopleData_id:4,RankTypes_id:-1,RankTypes_id:2]
6546006,906,10:40:7,2,[]
6546006,907,10:40:8,2,[]
6546006,908,10:40:8,2,[InvitationData_id:1,PeopleData_id:2,RankTypes_id:3]
6546006,909,10:40:15,2,[InvitationData_id:1,PeopleData_id:2,RankTypes_id:3,0]
6546006,910,10:40:16,2,[InvitationData_id:1,-7,false]
6546006,908,10:40:16,2,[InvitationData_id:5,PeopleData_id:4,RankTypes_id:2]
6546006,909,10:40:19,2,[InvitationData_id:5,PeopleData_id:4,RankTypes_id:2,1]
6546006,910,10:40:20,2,[InvitationData_id:5,5,false]
6546006,908,10:40:20,2,[InvitationData_id:3,PeopleData_id:0,RankTypes_id:2]
6546006,909,10:40:23,2,[InvitationData_id:3,PeopleData_id:0,RankTypes_id:2,1]
6546006,910,10:40:24,2,[InvitationData_id:3,5,false]
6546006,908,10:40:24,2,[InvitationData_id:8,PeopleData_id:2,RankTypes_id:3]
6546006,909,10:40:26,2,[InvitationData_id:8,PeopleData_id:2,RankTypes_id:3,0]
6546006,910,10:40:27,2,[InvitationData_id:8,-7,false]
6546006,908,10:40:27,2,[InvitationData_id:10,PeopleData_id:2,RankTypes_id:3]
6546006,909,10:40:31,2,[InvitationData_id:10,PeopleData_id:2,RankTypes_id:3,0]
6546006,910,10:40:32,2,[InvitationData_id:10,-7,false]
6546006,908,10:40:32,2,[InvitationData_id:0,PeopleData_id:3,RankTypes_id:3]
6546006,909,10:40:37,2,[InvitationData_id:0,PeopleData_id:3,RankTypes_id:3,1]
6546006,910,10:40:37,2,[InvitationData_id:0,7,false]
6546006,908,10:40:37,2,[InvitationData_id:9,PeopleData_id:2,RankTypes_id:3]
6546006,909,10:40:44,2,[InvitationData_id:9,PeopleData_id:2,RankTypes_id:3,1]
6546006,910,10:40:45,2,[InvitationData_id:9,7,false]
6546006,908,10:40:45,2,[InvitationData_id:4,PeopleData_id:2,RankTypes_id:3]
6546006,909,10:40:52,2,[InvitationData_id:4,PeopleData_id:2,RankTypes_id:3,1]
6546006,910,10:40:53,2,[InvitationData_id:4,7,false]
6546006,908,10:40:53,2,[InvitationData_id:2,PeopleData_id:3,RankTypes_id:3]
6546006,909,10:41:0,2,[InvitationData_id:2,PeopleData_id:3,RankTypes_id:3,1]
6546006,910,10:41:1,2,[InvitationData_id:2,7,false]
6546006,911,10:41:1,2,[17,0,0,0]
6546006,1000,10:41:5,2,[]
6546006,900,10:41:6,2,[]
6546006,901,10:41:7,2,[PeopleData_id:6]
6546006,902,10:41:8,2,[PeopleData_id:6,PeopleData_data2Type]
6546006,902,10:41:9,2,[PeopleData_id:6,PeopleData_data1Type]
6546006,903,10:41:10,2,[PeopleData_id6,PeopleData_data1Type]
6546006,1002,10:41:12,2
6546006,1003,10:41:12,2
6546006,1004,10:41:21,2
6546006,900,10:41:22,2,[]
6546006,901,10:41:23,2,[PeopleData_id:3]
6546006,902,10:41:24,2,[PeopleData_id:3,PeopleData_data3Type]
6546006,902,10:41:26,2,[PeopleData_id:3,PeopleData_data2Type]
6546006,902,10:41:28,2,[PeopleData_id:3,PeopleData_data1Type]
6546006,902,10:41:29,2,[PeopleData_id:3,PeopleData_data0Type]
6546006,903,10:41:30,2,[PeopleData_id3,PeopleData_data0Type]
6546006,901,10:41:31,2,[PeopleData_id:3]
6546006,904,10:41:31,2,[PeopleData_id:3]
6546006,905,10:41:32,2,[PeopleData_id:3,RankTypes_id:-1,RankTypes_id:2]
6546006,901,10:41:33,2,[PeopleData_id:6]
6546006,901,10:41:36,2,[PeopleData_id:3]
6546006,905,10:41:36,2,[PeopleData_id:3,RankTypes_id:2,RankTypes_id:2]
6546006,902,10:41:37,2,[PeopleData_id:3,PeopleData_data3Type]
6546006,903,10:41:38,2,[PeopleData_id3,PeopleData_data3Type]
6546006,901,10:41:38,2,[PeopleData_id:3]
6546006,904,10:41:38,2,[PeopleData_id:3]
6546006,905,10:41:39,2,[PeopleData_id:3,RankTypes_id:2,RankTypes_id:3]
6546006,901,10:41:39,2,[PeopleData_id:6]
6546006,904,10:41:39,2,[PeopleData_id:6]
6546006,902,10:41:40,2,[PeopleData_id:6,PeopleData_data2Type]
6546006,902,10:41:41,2,[PeopleData_id:6,PeopleData_data1Type]
6546006,902,10:41:42,2,[PeopleData_id:6,PeopleData_data0Type]
6546006,903,10:41:44,2,[PeopleData_id6,PeopleData_data0Type]
6546006,901,10:41:44,2,[PeopleData_id:6]
6546006,904,10:41:44,2,[PeopleData_id:6]
6546006,905,10:41:45,2,[PeopleData_id:6,RankTypes_id:-1,RankTypes_id:1]
6546006,901,10:41:45,2,[PeopleData_id:4]
6546006,904,10:41:45,2,[PeopleData_id:4]
6546006,902,10:41:46,2,[PeopleData_id:4,PeopleData_data2Type]
6546006,902,10:41:47,2,[PeopleData_id:4,PeopleData_data1Type]
6546006,902,10:41:48,2,[PeopleData_id:4,PeopleData_data0Type]
6546006,903,10:41:49,2,[PeopleData_id4,PeopleData_data0Type]
6546006,901,10:41:50,2,[PeopleData_id:4]
6546006,904,10:41:50,2,[PeopleData_id:4]
6546006,905,10:41:50,2,[PeopleData_id:4,RankTypes_id:-1,RankTypes_id:2]
6546006,901,10:41:51,2,[PeopleData_id:1]
6546006,904,10:41:51,2,[PeopleData_id:1]
6546006,902,10:41:52,2,[PeopleData_id:1,PeopleData_data2Type]
6546006,902,10:41:53,2,[PeopleData_id:1,PeopleData_data1Type]
6546006,902,10:41:53,2,[PeopleData_id:1,PeopleData_data0Type]
6546006,903,10:41:54,2,[PeopleData_id1,PeopleData_data0Type]
6546006,901,10:41:55,2,[PeopleData_id:1]
6546006,904,10:41:55,2,[PeopleData_id:1]
6546006,905,10:41:55,2,[PeopleData_id:1,RankTypes_id:-1,RankTypes_id:0]
6546006,901,10:41:56,2,[PeopleData_id:0]
6546006,904,10:41:56,2,[PeopleData_id:0]
6546006,902,10:41:57,2,[PeopleData_id:0,PeopleData_data3Type]
6546006,902,10:41:58,2,[PeopleData_id:0,PeopleData_data2Type]
6546006,902,10:42:0,2,[PeopleData_id:0,PeopleData_data1Type]
6546006,903,10:42:2,2,[PeopleData_id0,PeopleData_data1Type]
6546006,901,10:42:3,2,[PeopleData_id:0]
6546006,904,10:42:3,2,[PeopleData_id:0]
6546006,905,10:42:3,2,[PeopleData_id:0,RankTypes_id:-1,RankTypes_id:0]
6546006,901,10:42:4,2,[PeopleData_id:2]
6546006,904,10:42:4,2,[PeopleData_id:2]
6546006,901,10:42:6,2,[PeopleData_id:0]
6546006,905,10:42:6,2,[PeopleData_id:0,RankTypes_id:0,RankTypes_id:0]
6546006,902,10:42:6,2,[PeopleData_id:0,PeopleData_data3Type]
6546006,902,10:42:7,2,[PeopleData_id:0,PeopleData_data2Type]
6546006,902,10:42:8,2,[PeopleData_id:0,PeopleData_data1Type]
6546006,902,10:42:9,2,[PeopleData_id:0,PeopleData_data0Type]
6546006,902,10:42:10,2,[PeopleData_id:0,PeopleData_data0Type]
6546006,903,10:42:11,2,[PeopleData_id0,PeopleData_data0Type]
6546006,901,10:42:12,2,[PeopleData_id:0]
6546006,904,10:42:12,2,[PeopleData_id:0]
6546006,905,10:42:13,2,[PeopleData_id:0,RankTypes_id:0,RankTypes_id:3]
6546006,901,10:42:13,2,[PeopleData_id:5]
6546006,902,10:42:14,2,[PeopleData_id:5,PeopleData_data3Type]
6546006,902,10:42:15,2,[PeopleData_id:5,PeopleData_data2Type]
6546006,902,10:42:16,2,[PeopleData_id:5,PeopleData_data1Type]
6546006,902,10:42:17,2,[PeopleData_id:5,PeopleData_data2Type]
6546006,902,10:42:17,2,[PeopleData_id:5,PeopleData_data2Type]
6546006,902,10:42:19,2,[PeopleData_id:5,PeopleData_data0Type]
6546006,903,10:42:21,2,[PeopleData_id5,PeopleData_data0Type]
6546006,901,10:42:21,2,[PeopleData_id:5]
6546006,904,10:42:21,2,[PeopleData_id:5]
6546006,905,10:42:22,2,[PeopleData_id:5,RankTypes_id:-1,RankTypes_id:0]
6546006,901,10:42:23,2,[PeopleData_id:2]
6546006,904,10:42:23,2,[PeopleData_id:2]
6546006,902,10:42:24,2,[PeopleData_id:2,PeopleData_data3Type]
6546006,902,10:42:25,2,[PeopleData_id:2,PeopleData_data2Type]
6546006,902,10:42:26,2,[PeopleData_id:2,PeopleData_data1Type]
6546006,902,10:42:27,2,[PeopleData_id:2,PeopleData_data0Type]
6546006,903,10:42:28,2,[PeopleData_id2,PeopleData_data0Type]
6546006,902,10:42:28,2,[PeopleData_id:2,PeopleData_data3Type]
6546006,902,10:42:29,2,[PeopleData_id:2,PeopleData_data2Type]
6546006,902,10:42:30,2,[PeopleData_id:2,PeopleData_data1Type]
6546006,902,10:42:35,2,[PeopleData_id:2,PeopleData_data0Type]
6546006,903,10:42:36,2,[PeopleData_id2,PeopleData_data0Type]
6546006,901,10:42:37,2,[PeopleData_id:2]
6546006,904,10:42:37,2,[PeopleData_id:2]
6546006,902,10:42:40,2,[PeopleData_id:2,PeopleData_data3Type]
6546006,902,10:42:41,2,[PeopleData_id:2,PeopleData_data3Type]
6546006,902,10:42:41,2,[PeopleData_id:2,PeopleData_data2Type]
6546006,902,10:42:42,2,[PeopleData_id:2,PeopleData_data1Type]
6546006,902,10:42:45,2,[PeopleData_id:2,PeopleData_data0Type]
6546006,902,10:42:46,2,[PeopleData_id:2,PeopleData_data3Type]
6546006,902,10:42:46,2,[PeopleData_id:2,PeopleData_data2Type]
6546006,902,10:42:47,2,[PeopleData_id:2,PeopleData_data3Type]
6546006,902,10:42:56,2,[PeopleData_id:2,PeopleData_data2Type]
6546006,902,10:42:56,2,[PeopleData_id:2,PeopleData_data1Type]
6546006,902,10:42:58,2,[PeopleData_id:2,PeopleData_data0Type]
6546006,903,10:43:1,2,[PeopleData_id2,PeopleData_data0Type]
6546006,901,10:43:2,2,[PeopleData_id:2]
6546006,904,10:43:2,2,[PeopleData_id:2]
6546006,905,10:43:3,2,[PeopleData_id:2,RankTypes_id:-1,RankTypes_id:3]
6546006,906,10:43:3,2,[]
6546006,907,10:43:4,2,[]
6546006,908,10:43:4,2,[InvitationData_id:3,PeopleData_id:0,RankTypes_id:3]
6546006,909,10:43:7,2,[InvitationData_id:3,PeopleData_id:0,RankTypes_id:3,1]
6546006,910,10:43:7,2,[InvitationData_id:3,7,false]
6546006,908,10:43:7,2,[InvitationData_id:0,PeopleData_id:3,RankTypes_id:3]
6546006,909,10:43:13,2,[InvitationData_id:0,PeopleData_id:3,RankTypes_id:3,1]
6546006,910,10:43:13,2,[InvitationData_id:0,7,false]
6546006,908,10:43:13,2,[InvitationData_id:9,PeopleData_id:0,RankTypes_id:3]
6546006,909,10:43:16,2,[InvitationData_id:9,PeopleData_id:0,RankTypes_id:3,1]
6546006,910,10:43:17,2,[InvitationData_id:9,7,false]
6546006,908,10:43:17,2,[InvitationData_id:5,PeopleData_id:4,RankTypes_id:2]
6546006,909,10:43:21,2,[InvitationData_id:5,PeopleData_id:4,RankTypes_id:2,1]
6546006,910,10:43:22,2,[InvitationData_id:5,5,false]
6546006,908,10:43:22,2,[InvitationData_id:2,PeopleData_id:3,RankTypes_id:3]
6546006,909,10:43:26,2,[InvitationData_id:2,PeopleData_id:3,RankTypes_id:3,1]
6546006,910,10:43:26,2,[InvitationData_id:2,7,false]
6546006,908,10:43:26,2,[InvitationData_id:8,PeopleData_id:2,RankTypes_id:3]
6546006,909,10:43:38,2,[InvitationData_id:8,PeopleData_id:2,RankTypes_id:3,0]
6546006,910,10:43:40,2,[InvitationData_id:8,-7,false]
6546006,908,10:43:40,2,[InvitationData_id:10,PeopleData_id:2,RankTypes_id:3]
6546006,909,10:44:2,2,[InvitationData_id:10,PeopleData_id:2,RankTypes_id:3,0]
6546006,910,10:44:5,2,[InvitationData_id:10,-7,false]
6546006,908,10:44:5,2,[InvitationData_id:4,PeopleData_id:2,RankTypes_id:3]
6546006,909,10:44:11,2,[InvitationData_id:4,PeopleData_id:2,RankTypes_id:3,1]
6546006,910,10:44:12,2,[InvitationData_id:4,7,false]
6546006,908,10:44:12,2,[InvitationData_id:1,PeopleData_id:2,RankTypes_id:3]
6546006,909,10:44:19,2,[InvitationData_id:1,PeopleData_id:2,RankTypes_id:3,0]
6546006,910,10:44:21,2,[InvitationData_id:1,-7,false]
6546006,911,10:44:22,2,[19,0,0,0]
6546006,1005,10:44:22,2,[2,1,2]
6546006,1001,10:44:24,2,[]
6546006,1003,10:44:24,2
6546006,207,10:44:27,8,0,0
6546006,207,10:44:27,8,0,0
6546006,210,10:44:27,549,273
6546006,211,10:44:27,414,362
6546006,213,10:44:27,8,c_friend1_F_G11a0,true
6546006,205,10:44:27,8,c_friend1_F_G11a0,false,false
6546006,212,10:44:32,1
6546006,210,10:44:33,435,497
6546006,211,10:44:37,1022,183
6546006,210,10:44:37,861,359
6546006,211,10:44:37,868,379
6546006,212,10:44:38,0
6546006,210,10:44:38,615,422
6546006,211,10:44:39,316,307
6546006,210,10:44:42,700,387
6546006,211,10:44:43,766,371
6546006,212,10:44:44,2
6546006,210,10:44:44,624,437
6546006,211,10:44:45,531,420
6546006,213,10:44:45,8,c_crush1_F_G11a1N,true
6546006,205,10:44:45,8,c_crush1_F_G11a1N,false,false
6546006,210,10:44:58,478,565
6546006,211,10:45:2,1002,216
6546006,210,10:45:5,946,130
6546006,211,10:45:7,1150,442
6546006,210,10:45:8,1136,272
6546006,207,10:45:9,8,-200,-290
6546006,211,10:45:9,1252,238
6546006,207,10:45:9,8,-290,-305
6546006,212,10:45:10,1
6546006,210,10:45:10,1178,248
6546006,207,10:45:11,8,-305,-512
6546006,211,10:45:12,1263,349
6546006,213,10:45:12,8,s_window_F_G11a1N,false
6546006,1003,10:45:17,1
6546006,1004,10:45:19,6
6546006,800,10:45:21,6,[]
6546006,801,10:45:22,6,[]
6546006,814,10:45:24,6,[1]
6546006,815,10:45:24,6,1,OpportunityCardData_id:6
6546006,815,10:45:26,6,1,OpportunityCardData_id:7
6546006,815,10:45:27,6,1,OpportunityCardData_id:8
6546006,815,10:45:28,6,1,OpportunityCardData_id:7
6546006,816,10:45:28,6,1,OpportunityCardData_id:7
6546006,803,10:45:30,6,[OpportunityCardData_id:7,OpportunityCardConsequencesData_logId:0]
6546006,803,10:45:30,6,[OpportunityCardData_id:7,OpportunityCardConsequencesData_logId:1]
6546006,803,10:45:31,6,[OpportunityCardData_id:7,OpportunityCardConsequencesData_logId:2]
6546006,805,10:45:32,6,[OpportunityCardData_id:7]
6546006,806,10:45:35,6,[OpportunityCardData_id:7,PriorityData_type:5]
6546006,807,10:45:36,6,[OpportunityCardData_id:7]
6546006,808,10:45:38,6,[OpportunityCardData_id:7]
6546006,809,10:45:41,6,[OpportunityCardData_id:7,PriorityData_type:2,false]
6546006,810,10:45:42,6,[OpportunityCardData_id:7,PriorityData_type:1,20,PriorityData_type:2,20]
6546006,814,10:45:44,6,[2]
6546006,815,10:45:44,6,2,OpportunityCardData_id:12
6546006,815,10:45:45,6,2,OpportunityCardData_id:13
6546006,816,10:45:46,6,2,OpportunityCardData_id:13
6546006,805,10:45:47,6,[OpportunityCardData_id:13]
6546006,806,10:45:48,6,[OpportunityCardData_id:13,PriorityData_type:3]
6546006,807,10:45:48,6,[OpportunityCardData_id:13]
6546006,808,10:45:50,6,[OpportunityCardData_id:13]
6546006,809,10:45:53,6,[OpportunityCardData_id:13,Safe,false]
6546006,810,10:45:54,6,[OpportunityCardData_id:13,PriorityData_type:2,15,Safe,Safe]
6546006,814,10:45:58,6,[3]
6546006,815,10:45:58,6,3,OpportunityCardData_id:18
6546006,815,10:45:58,6,3,OpportunityCardData_id:19
6546006,815,10:45:59,6,3,OpportunityCardData_id:20
6546006,815,10:45:59,6,3,OpportunityCardData_id:21
6546006,815,10:46:1,6,3,OpportunityCardData_id:20
6546006,816,10:46:4,6,3,OpportunityCardData_id:20
6546006,805,10:46:5,6,[OpportunityCardData_id:20]
6546006,806,10:46:7,6,[OpportunityCardData_id:20,PriorityData_type:2]
6546006,806,10:46:8,6,[OpportunityCardData_id:20,PriorityData_type:5]
6546006,806,10:46:14,6,[OpportunityCardData_id:20,PriorityData_type:2]
6546006,806,10:46:15,6,[OpportunityCardData_id:20,PriorityData_type:5]
6546006,807,10:46:16,6,[OpportunityCardData_id:20]
6546006,808,10:46:17,6,[OpportunityCardData_id:20]
6546006,809,10:46:21,6,[OpportunityCardData_id:20,PriorityData_type:4,false]
6546006,810,10:46:22,6,[OpportunityCardData_id:20,PriorityData_type:3,20,PriorityData_type:4,15]
6546006,814,10:46:31,6,[1]
6546006,815,10:46:31,6,1,OpportunityCardData_id:6
6546006,815,10:46:32,6,1,OpportunityCardData_id:8
6546006,815,10:46:36,6,1,OpportunityCardData_id:9
6546006,815,10:46:38,6,1,OpportunityCardData_id:10
6546006,816,10:46:40,6,1,OpportunityCardData_id:10
6546006,803,10:46:41,6,[OpportunityCardData_id:10,OpportunityCardConsequencesData_logId:0]
6546006,803,10:46:42,6,[OpportunityCardData_id:10,OpportunityCardConsequencesData_logId:1]
6546006,803,10:46:42,6,[OpportunityCardData_id:10,OpportunityCardConsequencesData_logId:2]
6546006,805,10:46:44,6,[OpportunityCardData_id:10]
6546006,806,10:46:52,6,[OpportunityCardData_id:10,PriorityData_type:4]
6546006,807,10:46:53,6,[OpportunityCardData_id:10]
6546006,808,10:46:54,6,[OpportunityCardData_id:10]
6546006,809,10:46:57,6,[OpportunityCardData_id:10,Safe,false]
6546006,810,10:46:58,6,[OpportunityCardData_id:10,PriorityData_type:1,10,Safe,Safe]
6546006,814,10:47:2,6,[3]
6546006,815,10:47:2,6,3,OpportunityCardData_id:18
6546006,815,10:47:3,6,3,OpportunityCardData_id:19
6546006,815,10:47:4,6,3,OpportunityCardData_id:21
6546006,815,10:47:4,6,3,OpportunityCardData_id:22
6546006,815,10:47:5,6,3,OpportunityCardData_id:23
6546006,815,10:47:5,6,3,OpportunityCardData_id:24
6546006,815,10:47:6,6,3,OpportunityCardData_id:18
6546006,815,10:47:6,6,3,OpportunityCardData_id:19
6546006,815,10:47:7,6,3,OpportunityCardData_id:21
6546006,815,10:47:7,6,3,OpportunityCardData_id:22
6546006,815,10:47:8,6,3,OpportunityCardData_id:23
6546006,815,10:47:14,6,3,OpportunityCardData_id:24
6546006,815,10:47:17,6,3,OpportunityCardData_id:18
6546006,816,10:47:19,6,3,OpportunityCardData_id:18
6546006,803,10:47:20,6,[OpportunityCardData_id:18,OpportunityCardConsequencesData_logId:0]
6546006,803,10:47:21,6,[OpportunityCardData_id:18,OpportunityCardConsequencesData_logId:1]
6546006,803,10:47:21,6,[OpportunityCardData_id:18,OpportunityCardConsequencesData_logId:2]
6546006,805,10:47:24,6,[OpportunityCardData_id:18]
6546006,806,10:47:26,6,[OpportunityCardData_id:18,PriorityData_type:1]
6546006,807,10:47:27,6,[OpportunityCardData_id:18]
6546006,808,10:47:29,6,[OpportunityCardData_id:18]
6546006,809,10:47:32,6,[OpportunityCardData_id:18,PriorityData_type:1,true]
6546006,810,10:47:32,6,[OpportunityCardData_id:18,PriorityData_type:3,15,Safe,Safe]
6546006,814,10:47:41,6,[1]
6546006,815,10:47:41,6,1,OpportunityCardData_id:6
6546006,816,10:47:43,6,1,OpportunityCardData_id:6
6546006,803,10:47:44,6,[OpportunityCardData_id:6,OpportunityCardConsequencesData_logId:0]
6546006,803,10:47:44,6,[OpportunityCardData_id:6,OpportunityCardConsequencesData_logId:1]
6546006,803,10:47:45,6,[OpportunityCardData_id:6,OpportunityCardConsequencesData_logId:2]
6546006,805,10:47:47,6,[OpportunityCardData_id:6]
6546006,806,10:47:48,6,[OpportunityCardData_id:6,PriorityData_type:3]
6546006,807,10:47:50,6,[OpportunityCardData_id:6]
6546006,808,10:47:52,6,[OpportunityCardData_id:6]
6546006,809,10:47:55,6,[OpportunityCardData_id:6,PriorityData_type:3,true]
6546006,810,10:47:55,6,[OpportunityCardData_id:6,PriorityData_type:1,20,Safe,Safe]
6546006,814,10:47:59,6,[3]
6546006,815,10:47:59,6,3,OpportunityCardData_id:19
6546006,815,10:48:0,6,3,OpportunityCardData_id:21
6546006,815,10:48:1,6,3,OpportunityCardData_id:22
6546006,815,10:48:2,6,3,OpportunityCardData_id:23
6546006,815,10:48:2,6,3,OpportunityCardData_id:24
6546006,815,10:48:4,6,3,OpportunityCardData_id:19
6546006,815,10:48:5,6,3,OpportunityCardData_id:24
6546006,815,10:48:6,6,3,OpportunityCardData_id:19
6546006,815,10:48:10,6,3,OpportunityCardData_id:21
6546006,815,10:48:12,6,3,OpportunityCardData_id:19
6546006,816,10:48:12,6,3,OpportunityCardData_id:19
6546006,803,10:48:13,6,[OpportunityCardData_id:19,OpportunityCardConsequencesData_logId:0]
6546006,803,10:48:14,6,[OpportunityCardData_id:19,OpportunityCardConsequencesData_logId:1]
6546006,803,10:48:14,6,[OpportunityCardData_id:19,OpportunityCardConsequencesData_logId:2]
6546006,805,10:48:16,6,[OpportunityCardData_id:19]
6546006,806,10:48:17,6,[OpportunityCardData_id:19,PriorityData_type:1]
6546006,807,10:48:22,6,[OpportunityCardData_id:19]
6546006,808,10:48:23,6,[OpportunityCardData_id:19]
6546006,809,10:48:26,6,[OpportunityCardData_id:19,Safe,false]
6546006,810,10:48:27,6,[OpportunityCardData_id:19,PriorityData_type:3,15,Safe,Safe]
6546006,818,10:48:28,6,5
6546006,811,10:48:29,6,[OpportunityCardData_id:19,PriorityData_type:1,70,85,PriorityData_type:3,70,70]
6546006,1005,10:48:29,6,[1,0,3]
6546006,1001,10:48:31,6,[]
6546006,1003,10:48:31,1
6546006,210,10:48:33,901,280
6546006,211,10:48:35,870,306
6546006,213,10:48:35,8,s_door_F_gen,true
6546006,205,10:48:35,8,s_door_F_gen,false,false
6546006,210,10:48:39,1214,396
6546006,207,10:48:39,8,-200,-275
6546006,211,10:48:43,217,425
6546006,207,10:48:43,8,-275,-200
6546006,210,10:48:43,147,431
6546006,207,10:48:43,8,-200,-95
6546006,207,10:48:44,8,-95,0
6546006,211,10:48:45,37,152
6546006,210,10:48:45,384,116
6546006,211,10:48:47,525,199
6546006,213,10:48:47,8,s_calendar_F_gen,true
6546006,210,10:48:52,751,375
6546006,207,10:48:54,8,0,-512
6546006,211,10:48:57,1291,342
6546006,213,10:48:57,8,s_window_F_G11a1N,true
6546006,205,10:48:57,8,s_window_F_G11a1N,false,false
6546006,212,10:49:3,0
6546006,212,10:49:4,1
6546006,210,10:49:5,1355,365
6546006,211,10:49:6,1340,558
6546006,213,10:49:6,8,s_computer_F_gen,true
6546006,210,10:49:9,991,264
6546006,211,10:49:11,469,176
6546006,207,10:49:11,8,-512,-452
6546006,207,10:49:11,8,-452,-422
6546006,210,10:49:11,592,268
6546006,207,10:49:12,8,-422,-62
6546006,207,10:49:13,8,-62,0
6546006,211,10:49:13,25,196
6546006,210,10:49:13,9,243
6546006,211,10:49:15,255,573
6546006,213,10:49:15,8,s_bed_F_G11a1N,true
6546006,205,10:49:15,8,s_bed_F_G11a1N,false,false
6546006,210,10:49:19,232,391
6546006,211,10:49:21,747,570
6546006,212,10:49:22,2
6546006,210,10:49:23,239,372
6546006,207,10:49:31,8,0,-512
6546006,207,10:49:43,8,-512,-482
6546006,211,10:49:44,1092,566
6546006,210,10:49:44,864,515
6546006,211,10:49:44,1122,507
6546006,212,10:49:45,1
6546006,210,10:49:45,1238,424
6546006,207,10:49:45,8,-482,-512
6546006,211,10:49:50,1302,358
6546006,213,10:49:50,8,s_window_F_G11a1N,true
6546006,205,10:49:50,8,s_window_F_G11a1N,false,true
6546006,210,10:49:54,828,336
6546006,207,10:49:56,8,-512,-77
6546006,211,10:49:57,527,449
6546006,212,10:50:0,0
6546006,210,10:50:0,943,395
6546006,207,10:50:2,8,-77,-512
6546006,211,10:50:7,823,683
6546006,210,10:50:8,730,607
6546006,207,10:50:10,8,-512,-452
6546006,207,10:50:10,8,-452,-347
6546006,211,10:50:11,365,567
6546006,207,10:50:11,8,-347,-302
6546006,210,10:50:11,232,515
6546006,207,10:50:11,8,-302,-122
6546006,207,10:50:12,8,-122,0
6546006,211,10:50:15,541,366
6546006,212,10:50:16,2
6546006,210,10:50:17,305,564
6546006,211,10:50:20,524,503
6546006,210,10:50:21,489,510
6546006,211,10:50:21,496,510
6546006,213,10:50:21,8,c_crush1_F_G11a1N,true
6546006,205,10:50:21,8,c_crush1_F_G11a1N,false,true
6546006,210,10:50:24,624,328
6546006,211,10:50:25,1015,409
6546006,207,10:50:25,8,0,-15
6546006,207,10:50:26,8,-15,-45
6546006,210,10:50:26,973,525
6546006,207,10:50:27,8,-45,-512
6546006,207,10:50:37,8,-512,-392
6546006,207,10:50:38,8,-392,0
6546006,207,10:50:44,8,0,-75
6546006,211,10:50:44,1089,259
6546006,207,10:50:44,8,-75,-105
6546006,207,10:50:44,8,-105,-135
6546006,210,10:50:44,1035,636
6546006,207,10:50:45,8,-135,-195
6546006,207,10:50:45,8,-195,-255
6546006,211,10:50:45,1178,422
6546006,212,10:50:46,1
6546006,210,10:50:47,1278,339
6546006,207,10:50:47,8,-255,-512
6546006,211,10:50:53,1262,359
6546006,213,10:50:53,8,s_window_F_G11a1N,true
6546006,205,10:50:53,8,s_window_F_G11a1N,false,true
6546006,210,10:50:57,1219,159
6546006,211,10:51:1,1013,680
6546006,210,10:51:2,1103,525
6546006,211,10:51:4,1040,670
6546006,210,10:51:6,1100,48
6546006,211,10:51:9,925,211
6546006,213,10:51:9,8,s_door_F_gen,true
6546006,205,10:51:9,8,s_door_F_gen,false,true
6546006,210,10:51:12,979,313
6546006,207,10:51:17,8,-512,-482
6546006,207,10:51:19,8,-482,-362
6546006,207,10:51:21,8,-362,0
6546006,211,10:51:23,561,525
6546006,210,10:51:23,268,598
6546006,211,10:51:24,193,589
6546006,213,10:51:24,8,s_bed_F_G11a1N,true
6546006,205,10:51:24,8,s_bed_F_G11a1N,false,true
6546006,212,10:51:30,0
6546006,210,10:51:31,80,617
6546006,211,10:51:32,9,491
6546006,210,10:51:32,479,219
6546006,211,10:51:32,12,332
6546006,210,10:51:33,399,96
6546006,211,10:51:34,397,189
6546006,213,10:51:34,8,s_poster_F_gen,true
6546006,205,10:51:34,8,s_poster_F_gen,false,false
6546006,210,10:51:55,401,157
6546006,211,10:51:55,365,177
6546006,213,10:51:55,8,s_poster_F_gen,true
6546006,205,10:51:55,8,s_poster_F_gen,false,true
6546006,221,10:52:5,8
6546006,220,10:52:7,8
6546006,212,10:52:8,1
6546006,210,10:52:9,964,175
6546006,211,10:52:12,1006,216
6546006,210,10:52:12,717,321
6546006,211,10:52:14,702,189
6546006,213,10:52:14,8,s_mirror_G11a0,true
6546006,205,10:52:14,8,s_mirror_G11a0,false,false
6546006,221,10:52:17,8
6546006,220,10:52:18,8
6546006,219,10:52:18,8
6546006,216,10:52:19,Stack_G11a1P
6546006,217,10:52:37,Stack_G11a1P,15,0.00
6546006,218,10:52:40,8
6546006,210,10:52:40,768,422
6546006,211,10:52:41,212,539
6546006,207,10:52:41,8,-200,-140
6546006,212,10:52:42,2
6546006,210,10:52:44,339,458
6546006,211,10:52:44,100,419
6546006,207,10:52:44,8,-140,-80
6546006,210,10:52:44,7,439
6546006,207,10:52:44,8,-80,0
6546006,211,10:52:47,326,338
6546006,210,10:52:48,190,237
6546006,211,10:52:52,571,136
6546006,213,10:52:52,8,s_pamphlet1_G11a1P,true
6546006,210,10:52:54,496,237
6546006,211,10:52:56,680,358
6546006,213,10:52:56,8,c_nurse_G11a1P,false
6546006,1003,10:52:59,2
6546006,1004,10:53:4,9
6546006,900,10:53:5,9,[]
6546006,901,10:53:6,9,[PeopleData_id:6]
6546006,902,10:53:7,9,[PeopleData_id:6,PeopleData_data2Type]
6546006,902,10:53:10,9,[PeopleData_id:6,PeopleData_data1Type]
6546006,902,10:53:12,9,[PeopleData_id:6,PeopleData_data0Type]
6546006,903,10:53:13,9,[PeopleData_id6,PeopleData_data0Type]
6546006,901,10:53:13,9,[PeopleData_id:6]
6546006,904,10:53:13,9,[PeopleData_id:6]
6546006,905,10:53:14,9,[PeopleData_id:6,RankTypes_id:-1,RankTypes_id:3]
6546006,901,10:53:14,9,[PeopleData_id:4]
6546006,902,10:53:15,9,[PeopleData_id:4,PeopleData_data3Type]
6546006,902,10:53:18,9,[PeopleData_id:4,PeopleData_data2Type]
6546006,902,10:53:19,9,[PeopleData_id:4,PeopleData_data1Type]
6546006,902,10:53:20,9,[PeopleData_id:4,PeopleData_data0Type]
6546006,903,10:53:26,9,[PeopleData_id4,PeopleData_data0Type]
6546006,901,10:53:26,9,[PeopleData_id:4]
6546006,904,10:53:26,9,[PeopleData_id:4]
6546006,905,10:53:29,9,[PeopleData_id:4,RankTypes_id:-1,RankTypes_id:0]
6546006,901,10:53:30,9,[PeopleData_id:0]
6546006,902,10:53:31,9,[PeopleData_id:0,PeopleData_data3Type]
6546006,902,10:53:32,9,[PeopleData_id:0,PeopleData_data2Type]
6546006,902,10:53:33,9,[PeopleData_id:0,PeopleData_data1Type]
6546006,902,10:53:35,9,[PeopleData_id:0,PeopleData_data0Type]
6546006,903,10:53:37,9,[PeopleData_id0,PeopleData_data0Type]
6546006,901,10:53:37,9,[PeopleData_id:0]
6546006,904,10:53:37,9,[PeopleData_id:0]
6546006,905,10:53:37,9,[PeopleData_id:0,RankTypes_id:-1,RankTypes_id:3]
6546006,901,10:53:38,9,[PeopleData_id:9]
6546006,902,10:53:39,9,[PeopleData_id:9,PeopleData_data2Type]
6546006,902,10:53:42,9,[PeopleData_id:9,PeopleData_data2Type]
6546006,902,10:53:51,9,[PeopleData_id:9,PeopleData_data2Type]
6546006,902,10:54:5,9,[PeopleData_id:9,PeopleData_data1Type]
6546006,902,10:54:7,9,[PeopleData_id:9,PeopleData_data0Type]
6546006,903,10:54:8,9,[PeopleData_id9,PeopleData_data0Type]
6546006,901,10:54:9,9,[PeopleData_id:9]
6546006,904,10:54:9,9,[PeopleData_id:9]
6546006,905,10:54:12,9,[PeopleData_id:9,RankTypes_id:-1,RankTypes_id:3]
6546006,901,10:54:12,9,[PeopleData_id:7]
6546006,902,10:54:13,9,[PeopleData_id:7,PeopleData_data3Type]
6546006,902,10:54:14,9,[PeopleData_id:7,PeopleData_data2Type]
6546006,902,10:54:16,9,[PeopleData_id:7,PeopleData_data1Type]
6546006,902,10:54:17,9,[PeopleData_id:7,PeopleData_data0Type]
6546006,903,10:54:19,9,[PeopleData_id7,PeopleData_data0Type]
6546006,901,10:54:19,9,[PeopleData_id:7]
6546006,904,10:54:19,9,[PeopleData_id:7]
6546006,905,10:54:20,9,[PeopleData_id:7,RankTypes_id:-1,RankTypes_id:2]
6546006,901,10:54:20,9,[PeopleData_id:8]
6546006,901,10:54:21,9,[PeopleData_id:8]
6546006,902,10:54:21,9,[PeopleData_id:8,PeopleData_data3Type]
6546006,902,10:54:22,9,[PeopleData_id:8,PeopleData_data2Type]
6546006,902,10:54:23,9,[PeopleData_id:8,PeopleData_data3Type]
6546006,902,10:54:26,9,[PeopleData_id:8,PeopleData_data2Type]
6546006,902,10:54:27,9,[PeopleData_id:8,PeopleData_data1Type]
6546006,902,10:54:33,9,[PeopleData_id:8,PeopleData_data0Type]
6546006,903,10:54:36,9,[PeopleData_id8,PeopleData_data0Type]
6546006,901,10:54:37,9,[PeopleData_id:8]
6546006,904,10:54:37,9,[PeopleData_id:8]
6546006,905,10:54:39,9,[PeopleData_id:8,RankTypes_id:-1,RankTypes_id:2]
6546006,901,10:54:39,9,[PeopleData_id:1]
6546006,902,10:54:40,9,[PeopleData_id:1,PeopleData_data3Type]
6546006,902,10:54:41,9,[PeopleData_id:1,PeopleData_data2Type]
6546006,902,10:54:45,9,[PeopleData_id:1,PeopleData_data3Type]
6546006,902,10:54:46,9,[PeopleData_id:1,PeopleData_data2Type]
6546006,902,10:54:51,9,[PeopleData_id:1,PeopleData_data1Type]
6546006,902,10:54:54,9,[PeopleData_id:1,PeopleData_data0Type]
6546006,903,10:54:56,9,[PeopleData_id1,PeopleData_data0Type]
6546006,901,10:54:56,9,[PeopleData_id:1]
6546006,904,10:54:56,9,[PeopleData_id:1]
6546006,905,10:54:57,9,[PeopleData_id:1,RankTypes_id:-1,RankTypes_id:2]
6546006,901,10:54:58,9,[PeopleData_id:5]
6546006,904,10:54:58,9,[PeopleData_id:5]
6546006,902,10:54:59,9,[PeopleData_id:5,PeopleData_data3Type]
6546006,902,10:54:59,9,[PeopleData_id:5,PeopleData_data2Type]
6546006,902,10:55:0,9,[PeopleData_id:5,PeopleData_data1Type]
6546006,902,10:55:2,9,[PeopleData_id:5,PeopleData_data3Type]
6546006,902,10:55:2,9,[PeopleData_id:5,PeopleData_data3Type]
6546006,902,10:55:3,9,[PeopleData_id:5,PeopleData_data2Type]
6546006,902,10:55:5,9,[PeopleData_id:5,PeopleData_data1Type]
6546006,902,10:55:6,9,[PeopleData_id:5,PeopleData_data0Type]
6546006,903,10:55:14,9,[PeopleData_id5,PeopleData_data0Type]
6546006,901,10:55:15,9,[PeopleData_id:5]
6546006,904,10:55:15,9,[PeopleData_id:5]
6546006,905,10:55:18,9,[PeopleData_id:5,RankTypes_id:-1,RankTypes_id:1]
6546006,901,10:55:18,9,[PeopleData_id:3]
6546006,902,10:55:19,9,[PeopleData_id:3,PeopleData_data3Type]
6546006,902,10:55:21,9,[PeopleData_id:3,PeopleData_data2Type]
6546006,902,10:55:22,9,[PeopleData_id:3,PeopleData_data1Type]
6546006,902,10:55:24,9,[PeopleData_id:3,PeopleData_data0Type]
6546006,903,10:55:25,9,[PeopleData_id3,PeopleData_data0Type]
6546006,901,10:55:26,9,[PeopleData_id:3]
6546006,904,10:55:26,9,[PeopleData_id:3]
6546006,905,10:55:27,9,[PeopleData_id:3,RankTypes_id:-1,RankTypes_id:2]
6546006,901,10:55:29,9,[PeopleData_id:2]
6546006,904,10:55:29,9,[PeopleData_id:2]
6546006,902,10:55:30,9,[PeopleData_id:2,PeopleData_data3Type]
6546006,902,10:55:31,9,[PeopleData_id:2,PeopleData_data2Type]
6546006,902,10:55:32,9,[PeopleData_id:2,PeopleData_data1Type]
6546006,902,10:55:33,9,[PeopleData_id:2,PeopleData_data0Type]
6546006,903,10:55:34,9,[PeopleData_id2,PeopleData_data0Type]
6546006,901,10:55:34,9,[PeopleData_id:2]
6546006,904,10:55:35,9,[PeopleData_id:2]
6546006,905,10:55:35,9,[PeopleData_id:2,RankTypes_id:-1,RankTypes_id:0]
6546006,906,10:55:35,9,[]
6546006,907,10:55:36,9,[]
6546006,908,10:55:36,9,[InvitationData_id:0,PeopleData_id:6,RankTypes_id:3]
6546006,909,10:55:38,9,[InvitationData_id:0,PeopleData_id:6,RankTypes_id:3,1]
6546006,910,10:55:39,9,[InvitationData_id:0,7,false]
6546006,908,10:55:39,9,[InvitationData_id:6,PeopleData_id:9,RankTypes_id:3]
6546006,909,10:55:41,9,[InvitationData_id:6,PeopleData_id:9,RankTypes_id:3,1]
6546006,910,10:55:41,9,[InvitationData_id:6,7,false]
6546006,908,10:55:41,9,[InvitationData_id:2,PeopleData_id:0,RankTypes_id:3]
6546006,909,10:55:43,9,[InvitationData_id:2,PeopleData_id:0,RankTypes_id:3,1]
6546006,910,10:55:44,9,[InvitationData_id:2,7,false]
6546006,908,10:55:44,9,[InvitationData_id:12,PeopleData_id:3,RankTypes_id:2]
6546006,909,10:55:52,9,[InvitationData_id:12,PeopleData_id:3,RankTypes_id:2,0]
6546006,910,10:55:57,9,[InvitationData_id:12,-2,false]
6546006,908,10:55:57,9,[InvitationData_id:9,PeopleData_id:0,RankTypes_id:3]
6546006,909,10:56:1,9,[InvitationData_id:9,PeopleData_id:0,RankTypes_id:3,1]
6546006,910,10:56:2,9,[InvitationData_id:9,7,false]
6546006,908,10:56:2,9,[InvitationData_id:10,PeopleData_id:1,RankTypes_id:2]
6546006,909,10:56:8,9,[InvitationData_id:10,PeopleData_id:1,RankTypes_id:2,0]
6546006,910,10:56:13,9,[InvitationData_id:10,-2,false]
6546006,908,10:56:13,9,[InvitationData_id:1,PeopleData_id:7,RankTypes_id:2]
6546006,909,10:56:17,9,[InvitationData_id:1,PeopleData_id:7,RankTypes_id:2,0]
6546006,910,10:56:19,9,[InvitationData_id:1,-2,false]
6546006,908,10:56:19,9,[InvitationData_id:14,PeopleData_id:1,RankTypes_id:2]
6546006,909,10:56:24,9,[InvitationData_id:14,PeopleData_id:1,RankTypes_id:2,1]
6546006,910,10:56:24,9,[InvitationData_id:14,5,false]
6546006,908,10:56:24,9,[InvitationData_id:7,PeopleData_id:0,RankTypes_id:3]
6546006,909,10:56:36,9,[InvitationData_id:7,PeopleData_id:0,RankTypes_id:3,1]
6546006,910,10:56:36,9,[InvitationData_id:7,7,false]
6546006,908,10:56:36,9,[InvitationData_id:3,PeopleData_id:7,RankTypes_id:2]
6546006,909,10:56:41,9,[InvitationData_id:3,PeopleData_id:7,RankTypes_id:2,0]
6546006,910,10:56:42,9,[InvitationData_id:3,-2,false]
6546006,908,10:56:42,9,[InvitationData_id:5,PeopleData_id:5,RankTypes_id:1]
6546006,909,10:56:48,9,[InvitationData_id:5,PeopleData_id:5,RankTypes_id:1,0]
6546006,910,10:56:48,9,[InvitationData_id:5,0,false]
6546006,908,10:56:48,9,[InvitationData_id:8,PeopleData_id:1,RankTypes_id:2]
6546006,909,10:56:52,9,[InvitationData_id:8,PeopleData_id:1,RankTypes_id:2,1]
6546006,910,10:56:53,9,[InvitationData_id:8,0,true]
6546006,908,10:56:53,9,[InvitationData_id:4,PeopleData_id:1,RankTypes_id:2]
6546006,909,10:56:59,9,[InvitationData_id:4,PeopleData_id:1,RankTypes_id:2,0]
6546006,910,10:57:3,9,[InvitationData_id:4,-2,false]
6546006,908,10:57:3,9,[InvitationData_id:11,PeopleData_id:0,RankTypes_id:3]
6546006,909,10:57:26,9,[InvitationData_id:11,PeopleData_id:0,RankTypes_id:3,0]
6546006,910,10:57:28,9,[InvitationData_id:11,-7,false]
6546006,911,10:57:30,9,[23,1,2,1]
6546006,1005,10:57:30,9,[2,1,2]
6546006,1001,10:57:31,9,[]
6546006,1003,10:57:31,2
6546006,210,10:57:33,1033,434
6546006,211,10:57:34,936,341
6546006,213,10:57:34,8,c_friend1_F_G11a1P,true
6546006,205,10:57:35,8,c_friend1_F_G11a1P,false,false
6546006,210,10:57:38,662,441
6546006,211,10:57:39,692,395
6546006,213,10:57:39,8,c_nurse_G11a1P,true
6546006,205,10:57:39,8,c_nurse_G11a1P,false,false
6546006,210,10:57:42,917,422
6546006,211,10:57:45,1175,491
6546006,207,10:57:45,8,-200,-230
6546006,207,10:57:45,8,-230,-260
6546006,210,10:57:45,1088,496
6546006,207,10:57:46,8,-260,-492
6546006,211,10:57:50,480,167
6546006,207,10:57:50,8,-492,-462
6546006,210,10:57:51,444,181
6546006,207,10:57:51,8,-462,-162
6546006,207,10:57:53,8,-162,0
6546006,211,10:57:55,345,642
6546006,219,10:58:2,8
6546006,216,10:58:3,Stack_G11a2N
6546006,217,10:58:23,Stack_G11a2N,16,0.33
6546006,218,10:58:25,8
6546006,210,10:58:25,627,544
6546006,211,10:58:26,436,476
6546006,213,10:58:26,8,c_friend1_F_G11a2N,true
6546006,205,10:58:26,8,c_friend1_F_G11a2N,false,false
6546006,210,10:58:29,499,461
6546006,207,10:58:30,8,-200,0
6546006,211,10:58:34,809,363
6546006,213,10:58:34,8,c_teacherEng_G11a2N,true
6546006,210,10:58:37,576,355
6546006,207,10:58:40,8,0,-516
6546006,211,10:58:43,1192,461
6546006,213,10:58:43,8,c_crewKid1_F_G11a2N,true
6546006,210,10:58:47,1014,495
6546006,211,10:58:50,1379,474
6546006,212,10:58:51,1
6546006,210,10:58:52,1324,335
6546006,207,10:58:56,8,-516,-126
6546006,211,10:58:56,682,457
6546006,213,10:58:56,8,s_lockerKid1_G11a2N,true
6546006,210,10:59:0,527,498
6546006,207,10:59:1,8,-126,-21
6546006,211,10:59:2,159,505
6546006,213,10:59:2,8,c_crush2_F_G11a2N,true
6546006,205,10:59:2,8,c_crush2_F_G11a2N,false,false
6546006,204,11:18:54,8
6546006,103,11:18:55
6546006,105,11:18:56
6546006,703,11:18:59,[|| EpilogueItem ID: 0 unlocked: true ||,|| EpilogueItem ID: 1 unlocked: true ||,|| EpilogueItem ID: 2 unlocked: true ||,|| EpilogueItem ID: 3 unlocked: true ||,|| EpilogueItem ID: 4 unlocked: true ||,|| EpilogueItem ID: 5 unlocked: true ||,|| EpilogueItem ID: 6 unlocked: true ||,|| EpilogueItem ID: 7 unlocked: true ||,|| EpilogueItem ID: 8 unlocked: false ||,|| EpilogueItem ID: 9 unlocked: false ||,|| EpilogueItem ID: 10 unlocked: false ||,|| EpilogueItem ID: 11 unlocked: false ||,|| EpilogueItem ID: 12 unlocked: false ||,|| EpilogueItem ID: 13 unlocked: true ||,|| EpilogueItem ID: 14 unlocked: false ||,|| EpilogueItem ID: 15 unlocked: false ||,|| EpilogueItem ID: 16 unlocked: false ||,|| EpilogueItem ID: 17 unlocked: false ||,|| EpilogueItem ID: 18 unlocked: false ||,|| EpilogueItem ID: 19 unlocked: false ||,|| EpilogueItem ID: 20 unlocked: false ||,|| EpilogueItem ID: 21 unlocked: true ||,|| EpilogueItem ID: 22 unlocked: true ||,|| EpilogueItem ID: 23 unlocked: false ||,|| EpilogueItem ID: 24 unlocked: false ||],0.44
6546006,706,11:19:0,(x=698, y=-100, w=1024, h=768),(x=910, y=-100, w=1024, h=768)
6546006,706,11:19:1,(x=1686, y=-100, w=1024, h=768),(x=2114, y=-100, w=1024, h=768)
6546006,706,11:19:3,(x=2531, y=-100, w=1024, h=768),(x=2531, y=-100, w=1024, h=768)
6546006,707,11:19:3,4,3
6546006,706,11:19:3,(x=2531, y=-100, w=1024, h=768),(x=2531, y=-100, w=1024, h=768)
6546006,708,11:19:3
6546006,1,11:19:4,7/25/2013 3:28:17pm,{"gameTime":40743967,"challengeStacks":[{"challengeScenes":[{"miniGameCards":[],"viewedAnimatic":true,"keyPoints":["c_bestFriend_F_a_G7a0","c_teacherEng_G7a0","s_flag_gen"],"unlocked":true,"touchableObjects":["s_vocabAssignment_G7a0","s_otherStudent1_G7a0","c_crewKid1_F_G7a0","s_doorClassroom_G7a0","s_clock_G7a0","c_friend1_F_a_G7a0","c_bestFriend_F_a_G7a0","c_teacherEng_G7a0","s_flag_gen","s_poePoster_gen","s_shakespearePoster_gen","s_angelouPoster_gen","s_atwoodPoster_gen"]},{"miniGameCards":[],"viewedAnimatic":true,"keyPoints":["c_teacherEng_G7a1N","c_bestFriend_F_a_G7a1N","s_paperPlayers_G7a1N"],"unlocked":true,"touchableObjects":["s_otherStudent2_G7a1N","s_otherStudent1_G7a1N","c_crewKid1_F_G7a1N","s_poePoster_gen","s_shakespearePoster_gen","s_angelouPoster_gen","s_atwoodPoster_gen","c_teacherEng_G7a1N","c_bestFriend_F_a_G7a1N","s_flag_gen","s_posterPlagiarism_gen","s_paperPlayers_G7a1N"]},{"miniGameCards":[],"viewedAnimatic":true,"keyPoints":["c_teacherEng_G7a1P","s_flag_gen","s_paperEnglish_gen","c_bestFriend_F_a_G7a1P"],"unlocked":true,"touchableObjects":["s_poePoster_gen","s_shakespearePoster_gen","s_angelouPoster_gen","s_atwoodPoster_gen","s_clock_G7a1P","s_paperPlayers_G7a1P","s_papersDetention_gen","c_teacherEng_G7a1P","s_flag_gen","s_paperEnglish_gen","c_bestFriend_F_a_G7a1P"]}],"stackSize":3,"resolved":true},{"challengeScenes":[{"miniGameCards":[],"viewedAnimatic":true,"keyPoints":["s_backpack_F_G7b0","c_kidSister_afri_a_G7b0","c_crewKid1_F_G7b0"],"unlocked":true,"touchableObjects":["c_cousinsBrother_a_G7b0","c_crewKid2_F_G7b0","s_lifeguard_G7b0","s_backpack_F_G7b0","c_kidSister_afri_a_G7b0","c_crewKid1_F_G7b0","c_cousin_F_a_G7b0","c_cousinsBrothersFriend_a_G7b0","c_cousinsBrothersFriendsGF_G7b0"]},{"miniGameCards":[],"viewedAnimatic":true,"keyPoints":["s_graffiti_G7b1N","s_brokenCarWindow_G7b1N","s_sprayPaintCan_G7b1N","c_kidSister_afri_a_G7b1N","c_crewKid1_F_G7b1N"],"unlocked":true,"touchableObjects":["c_cousin_F_a_G7b1N","c_teacherEng_G7b1N","c_policeOfficer_G7b1N","s_graffiti_G7b1N","c_crewKid2_F_a_G7b1N","s_brokenCarWindow_G7b1N","s_sprayPaintCan_G7b1N","c_kidSister_afri_a_G7b1N","s_wreckedPlants_G7b1N","s_cat_G7b1N","c_crewKid1_F_G7b1N"]},{"miniGameCards":[],"viewedAnimatic":true,"keyPoints":["c_cousinsBrothersFriend_a_G7b1P","s_poolDay_ruleSign_G7b1P","c_cousin_F_a_G7b1P","c_cousinsBrother_a_G7b1P"],"unlocked":true,"touchableObjects":["c_cousinsBrothersFriend_a_G7b1P","s_poolDay_ruleSign_G7b1P","c_cousin_F_a_G7b1P","c_cousinsBrother_a_G7b1P","c_kidSister_afri_a_G7b1P"]},{"miniGameCards":[],"viewedAnimatic":true,"keyPoints":["c_cousin_F_a_G7b2N","s_kid1_G7b2N","c_kidSister_afri_a_G7b2N","c_crush1_F_a_G7b2N"],"unlocked":true,"touchableObjects":["c_cousin_F_a_G7b2N","s_lifeguard_G7b2N","c_cousinsBrother_a_G7b2N","s_kid1_G7b2N","c_kidSister_afri_a_G7b2N","c_crush1_F_a_G7b2N"]},{"miniGameCards":[],"viewedAnimatic":true,"keyPoints":["s_pictureDad_afri_F_gen","s_computer_F_G7b2P","c_cousin_F_a_G7b2P","c_kidSister_afri_a_G7b2P"],"unlocked":true,"touchableObjects":["s_closet_F_G7b2P","s_calendar_F_gen","s_pictureDad_afri_F_gen","s_computer_F_G7b2P","c_cousin_F_a_G7b2P","c_grandma_afri_a_G7b2P","c_kidSister_afri_a_G7b2P"]}],"stackSize":5,"resolved":true},{"challengeScenes":[{"miniGameCards":[],"viewedAnimatic":true,"keyPoints":["s_bottleCrush2_F_G8a0","c_crush2_F_a_G8a0","c_cousin_F_a_G8a0","s_cellphone_G8a0","s_clock_G8a0"],"unlocked":true,"touchableObjects":["s_bottleCrush2_F_G8a0","c_friend1_F_G8a0","c_crewKid1_F_a_G8a0","s_stairs_G8a0","c_crush2_F_a_G8a0","s_bottleFloor_G8a0","s_beerCooler_G8a0","s_beerSixpack_G8a0","c_cousin_F_a_G8a0","s_cigaretteKid1_G8a0","s_bottleTable_G8a0","s_cellphone_G8a0","s_clock_G8a0"]},{"miniGameCards":[],"viewedAnimatic":true,"keyPoints":["s_crush2Lips_F_G8a1N","s_crush2Eyes_F_G8a1N","s_crush2Sore_F_G8a1N","s_basementDoor_gen","s_dirtyClothes_gen"],"unlocked":true,"touchableObjects":["s_inhalantsShelf_gen","s_stairs_G8a1N","c_crush2_F_a_G8a1N","s_dryer_G8a1N","s_crush2Lips_F_G8a1N","s_waterHeater_gen","s_crush2Eyes_F_G8a1N","s_crush2Sore_F_G8a1N","s_basementDoor_gen","s_dirtyClothes_gen"]},{"miniGameCards":[],"viewedAnimatic":true,"keyPoints":["c_crush2_F_a_G8a1P","s_basementDoor_gen","s_dirtyClothes_gen","s_inhalantsShelf_gen"],"unlocked":true,"touchableObjects":["s_spraypaintCrush2_F_G8a1P","s_waterHeater_gen","c_crush2_F_a_G8a1P","s_basementDoor_gen","s_dirtyClothes_gen","s_inhalantsShelf_gen"]},{"miniGameCards":[],"viewedAnimatic":true,"keyPoints":["c_crush2_F_a_G8a2N","s_spraypaintCan_G8a2N"],"unlocked":true,"touchableObjects":["c_friend1_F_a_G8a2N","c_crush2_F_a_G8a2N","s_fumes_G8a2N","s_spraypaintCan_G8a2N"]},{"miniGameCards":[],"viewedAnimatic":true,"keyPoints":["c_kidSister_afri_a_G8a2P","c_crush2_F_a_G8a2P","s_pictureDad_afri_gen","s_magazine_G8a2P","s_sistersToy_G8a2P"],"unlocked":true,"touchableObjects":["c_kidSister_afri_a_G8a2P","s_videoGame_G8a2P","s_stairs_G8a2P","c_crush2_F_a_G8a2P","s_pictureDad_afri_gen","s_magazine_G8a2P","s_ashtray_G8a2P","s_teaCup_G8a2P","s_sistersToy_G8a2P"]},{"miniGameCards":[],"viewedAnimatic":true,"keyPoints":["s_pamphlet1_G8a3N","s_pamphlet3_G8a3N","c_nurse_a_G8a3N","s_mirror_afri_F_a_G8a3N"],"unlocked":true,"touchableObjects":["s_door_G8a3N","s_phone_G8a3N","s_pamphlet1_G8a3N","s_pamphlet3_G8a3N","c_nurse_a_G8a3N","s_pamphlet2_G8a3N","s_mirror_afri_F_a_G8a3N"]},{"miniGameCards":[],"viewedAnimatic":true,"keyPoints":["s_kidsCouch_G8a3P","c_crush2_F_a_G8a3P"],"unlocked":true,"touchableObjects":["s_kidsCouch_G8a3P","c_cousin_F_a_G8a3P","c_crush2_F_a_G8a3P"]}],"stackSize":7,"resolved":true},{"challengeScenes":[{"miniGameCards":[],"viewedAnimatic":true,"keyPoints":["s_pillBottle_G8b0","c_friend1_F_a_G8b0","c_kidSister_afri_a_G8b0"],"unlocked":true,"touchableObjects":["s_pictureMom_afri_gen","s_pictureDad_afri_gen","s_pillBottle_G8b0","c_friend1_F_a_G8b0","c_grandma_afri_a_G8b0","c_kidSister_afri_a_G8b0"]},{"miniGameCards":[],"viewedAnimatic":true,"keyPoints":["c_grandma_afri_a_G8b1N","c_friend1_F_a_G8b1N","c_kidSister_afri_a_G8b1N"],"unlocked":true,"touchableObjects":["c_grandma_afri_a_G8b1N","c_friend1_F_a_G8b1N","c_kidSister_afri_a_G8b1N"]},{"miniGameCards":[],"viewedAnimatic":true,"keyPoints":["s_pillBottle_F_G8b1P","c_friend1_F_a_G8b1P","c_grandma_afri_a_G8b1P"],"unlocked":true,"touchableObjects":["s_pillBottle_F_G8b1P","c_kidSister_afri_a_G8b1P","s_tvGuide_G8b1P","c_friend1_F_a_G8b1P","c_grandma_afri_a_G8b1P"]},{"miniGameCards":[],"viewedAnimatic":true,"keyPoints":["s_sandwichBagPills_G8b2N","s_clock_G8b2N","c_crewKid2_F_a_G8b2N","c_teacherEng_G8b2N","c_friend1_F_a_G8b2N"],"unlocked":true,"touchableObjects":["s_kid5_G8b2N","s_kid3_G8b2N","s_kid4_G8b2N","s_sandwichBagPills_G8b2N","s_camera_gen","s_kid2_G8b2N","s_kid1_G8b2N","s_clock_G8b2N","c_crewKid2_F_a_G8b2N","c_teacherEng_G8b2N","c_friend1_F_a_G8b2N"]},{"miniGameCards":[],"viewedAnimatic":true,"keyPoints":["c_grandma_afri_a_G8b2P","c_friend1_F_a_G8b2P","s_pillBottle_G8b2P"],"unlocked":true,"touchableObjects":["c_mom_afri_a_G8b2P","c_kidSister_afri_a_G8b2P","c_grandma_afri_a_G8b2P","s_videoGameScreen_G8b2P","c_friend1_F_a_G8b2P","s_pillBottle_G8b2P"]}],"stackSize":5,"resolved":true},{"challengeScenes":[{"miniGameCards":[],"viewedAnimatic":true,"keyPoints":["s_door_F_gen","s_bathingSuit_F_G9a0","s_cellPhone_F_G9a0","s_clock_F_G9a0"],"unlocked":true,"touchableObjects":["s_door_F_gen","s_calendar_F_gen","s_bathingSuit_F_G9a0","s_window_F_G9a0","s_cellPhone_F_G9a0","s_clock_F_G9a0"]},{"miniGameCards":[],"viewedAnimatic":true,"keyPoints":["c_cousin_F_a_G9a1N","s_kid3_G9a1N","c_policeOfficer_G9a1N","s_fence_G9a1N"],"unlocked":true,"touchableObjects":["c_cousinsBrothersFriend_a_G9a1N","s_kid4_G9a1N","c_cousin_F_a_G9a1N","s_policeCar_G9a1N","s_bathingSuits_G9a1N","s_potSmokeCloud_G9a1N","s_poolNight_ruleSign_G9a1N","s_kid3_G9a1N","c_policeOfficer_G9a1N","s_fence_G9a1N"]},{"miniGameCards":[],"viewedAnimatic":true,"keyPoints":["s_poster_F_gen","s_joint_F_G9a1P","c_cousin_F_a_G9a1P","s_door_F_gen","s_calendar_F_gen"],"unlocked":true,"touchableObjects":["s_poster_F_gen","s_joint_F_G9a1P","c_cousin_F_a_G9a1P","s_computer_F_gen","s_door_F_gen","s_calendar_F_gen"]},{"miniGameCards":[],"viewedAnimatic":true,"keyPoints":["c_mom_afri_a_G9a2N","c_kidSister_afri_a_G9a2N","s_pictureDad_afri_F_gen","s_potSmokeCloud_F_G9a2N","c_cousin_F_a_G9a2N"],"unlocked":true,"touchableObjects":["c_mom_afri_a_G9a2N","c_kidSister_afri_a_G9a2N","s_pictureDad_afri_F_gen","s_potSmokeCloud_F_G9a2N","c_cousin_F_a_G9a2N"]},{"miniGameCards":[],"viewedAnimatic":true,"keyPoints":["s_door_gen","s_pizzaBox_G9a2P","c_cousin_F_a_G9a2P","c_mom_afri_a_G9a2P"],"unlocked":true,"touchableObjects":["c_kidSister_afri_a_G9a2P","c_grandma_afri_a_G9a2P","s_pictureDad_afri_gen","s_tv_G9a2P","s_door_gen","s_pizzaBox_G9a2P","c_cousin_F_a_G9a2P","c_mom_afri_a_G9a2P"]}],"stackSize":5,"resolved":true},{"challengeScenes":[{"miniGameCards":[],"viewedAnimatic":true,"keyPoints":["s_computer_F_gen","s_mirror_F_G9b0","s_pictureDad_afri_F_gen"],"unlocked":true,"touchableObjects":["c_kidSister_afri_a_G9b0","c_cousin_F_a_G9b0","s_closet_F_G9b0","s_calendar_F_gen","s_computer_F_gen","s_cellPhone_F_G9b0","s_mirror_F_G9b0","s_pictureDad_afri_F_gen"]},{"miniGameCards":[],"viewedAnimatic":true,"keyPoints":["c_cousin_F_a_G9b1N","c_teacherEng_G9b1N","c_kidSister_afri_a_G9b1N","s_brokenLamp_G9b1N","s_beerBottle_G9b1N","s_joint_G9b1N","s_clock_G9b1N"],"unlocked":true,"touchableObjects":["s_smokeDetector_G9b1N","s_puddleFloor_G9b1N","s_coupleOnCouch_G9b1N","s_boomBox_G9b1N","s_photoCracked_G9b1N","s_pictureDaddark_afri_gen","c_cousin_F_a_G9b1N","c_teacherEng_G9b1N","c_kidSister_afri_a_G9b1N","s_brokenLamp_G9b1N","s_beerBottle_G9b1N","s_joint_G9b1N","s_clock_G9b1N"]},{"miniGameCards":[],"viewedAnimatic":true,"keyPoints":["c_friend1_F_a_G9b1P","c_bestFriend_F_a_G9b1P","c_crush1_F_a_G9b1P","s_pictureMomdark_afri_G9b1P","s_kidsGroupKitchen_G9b1P","c_cousin_F_a_G9b1P","s_pictureDaddark_afri_gen"],"unlocked":true,"touchableObjects":["s_door_G9b1P","c_friend1_F_a_G9b1P","c_kidSister_afri_a_G9b1P","c_bestFriend_F_a_G9b1P","c_crush1_F_a_G9b1P","s_pictureMomdark_afri_G9b1P","s_beerBottle_G9b1P","s_kidsGroupKitchen_G9b1P","c_cousin_F_a_G9b1P","s_pictureDaddark_afri_gen"]},{"miniGameCards":[],"viewedAnimatic":true,"keyPoints":["c_mom_afri_a_G9b2N","c_crush1_F_a_G9b2N","c_cousin_F_a_G9b2N"],"unlocked":true,"touchableObjects":["c_mom_afri_a_G9b2N","c_kidSister_afri_a_G9b2N","c_crush1_F_a_G9b2N","s_clock_G9b2N","s_kidCouch_G9b2N","c_cousin_F_a_G9b2N"]},{"miniGameCards":[],"viewedAnimatic":true,"keyPoints":["s_clock_G9b2P","c_crush1_F_a_G9b2P","c_mom_afri_a_G9b2P","c_bestFriend_F_a_G9b2P"],"unlocked":true,"touchableObjects":["c_grandma_afri_a_G9b2P","s_clock_G9b2P","c_crush1_F_a_G9b2P","c_mom_afri_a_G9b2P","c_kidSister_afri_a_G9b2P","c_bestFriend_F_a_G9b2P","c_cousin_F_a_G9b2P","s_boardGame_G9b2P"]}],"stackSize":5,"resolved":true},{"challengeScenes":[{"miniGameCards":[],"viewedAnimatic":true,"keyPoints":["c_crush1_F_b_G10a0","s_window_F_G10a0","s_poster_F_gen","s_cellPhone_F_G10a0","s_drawer_F_G10a0"],"unlocked":true,"touchableObjects":["c_crush1_F_b_G10a0","s_bed2_F_G10a0","s_bed1_F_G10a0","s_clock_F_G10a0","s_chairClothes_F_G10a0","s_window_F_G10a0","s_poster_F_gen","s_pictureFamily_F_G10a0","s_door_F_gen","s_cellPhone_F_G10a0","s_calendar_F_gen","s_computer_F_gen","s_drawer_F_G10a0"]},{"miniGameCards":[],"viewedAnimatic":true,"keyPoints":["s_condom_F_G10a1N","c_crush1_F_b_G10a1N","s_mirror_F_G10a1N","s_picture_F_G10a1N"],"unlocked":true,"touchableObjects":["s_crushClothes_F_G10a1N","s_closet_F_G10a1N","s_door_F_gen","s_calendar_F_gen","s_computer_F_gen","s_window_F_G10a1N","s_condom_F_G10a1N","c_crush1_F_b_G10a1N","s_mirror_F_G10a1N","s_picture_F_G10a1N"]},{"miniGameCards":[],"viewedAnimatic":true,"keyPoints":["s_lockerPoster_G10a1P","c_friend_F_b_G10a1P","c_crush1_F_b_G10a1P"],"unlocked":true,"touchableObjects":["s_lockerPoster_G10a1P","c_bestFriend_F_b_G10a1P","c_friend_F_b_G10a1P","c_crush1_F_b_G10a1P","s_dancePoster_G10a1P"]},{"miniGameCards":[],"viewedAnimatic":true,"keyPoints":["c_nurse_G10a2N","s_pamphlet5_G10a2N","s_phone_G10a2N","s_pamphlet3_G10a2N","s_pamphlet4_G10a2N","s_pamphlet1_G10a2N"],"unlocked":true,"touchableObjects":["c_nurse_G10a2N","s_pamphlet2_G10a2N","s_kleenex_G10a2N","s_cot_G10a2N","s_pamphlet5_G10a2N","s_phone_G10a2N","s_firstAidKit_G10a2N","s_pamphlet3_G10a2N","s_curtain_G10a2N","s_pamphlet4_G10a2N","s_pamphlet1_G10a2N"]},{"miniGameCards":[],"viewedAnimatic":true,"keyPoints":["c_crush1_F_b_G10a2P","s_dancePoster_G10a2P","c_cousin_F_b_G10a2P","c_friend_F_b_G10a2P","c_nurse_G10a2P"],"unlocked":true,"touchableObjects":["c_bestFriend_F_b_G10a2P","c_crush1_F_b_G10a2P","s_clock_G10a2P","s_dancePoster_G10a2P","c_cousin_F_b_G10a2P","c_friend_F_b_G10a2P","c_nurse_G10a2P"]}],"stackSize":5,"resolved":true},{"challengeScenes":[{"miniGameCards":[],"viewedAnimatic":true,"keyPoints":["c_crewKid2_F_b_G10b0","c_crush2_F_b_G10b0","s_car1_G10b0","s_kidsGroup1_G10b0","s_kidPointing_G10b0","s_car2_G10b0","c_crush1_F_b_G10b0","s_trafficLight_G10b0"],"unlocked":true,"touchableObjects":["c_crewKid2_F_b_G10b0","c_crush2_F_b_G10b0","s_car1_G10b0","s_kidsGroup1_G10b0","s_billboard_G10b0","s_kidPointing_G10b0","s_car2_G10b0","c_crush1_F_b_G10b0","c_cousinsBrother_b_G10b0","s_bar_G10b0","s_streetCorner_G10b0","s_trafficLight_G10b0"]},{"miniGameCards":[],"viewedAnimatic":true,"keyPoints":["s_kidsHorrified_G10b1N","c_cousinsBrothersFriend_b_G10b1N","s_carSmashed_G10b1N"],"unlocked":true,"touchableObjects":["s_kidsHorrified_G10b1N","s_policeCar_G10b1N","c_policeOfficer_G10b1N","s_kid_G10b1N","c_cousinsBrothersFriend_b_G10b1N","c_crush1_F_b_G10b1N","s_carSmashed_G10b1N"]},{"miniGameCards":[],"viewedAnimatic":true,"keyPoints":["s_candles_G10b1P","c_crush1_F_b_G10b1P","s_keys_G10b1P","s_stairs_G10b1P","s_pictureDad_afri_gen","s_clock_G10b1P"],"unlocked":true,"touchableObjects":["s_candles_G10b1P","s_boomBox_G10b1P","c_crush1_F_b_G10b1P","s_keys_G10b1P","s_stairs_G10b1P","s_pictureDad_afri_gen","s_clock_G10b1P"]},{"miniGameCards":[],"viewedAnimatic":true,"keyPoints":["c_teacherEng_G10b2N","c_crush1_F_b_G10b2N","c_cousin_F_b_G10b2N","c_bestFriend_F_b_G10b2N","s_clock_G10b2N"],"unlocked":true,"touchableObjects":["c_teacherEng_G10b2N","c_crush1_F_b_G10b2N","c_cousin_F_b_G10b2N","c_bestFriend_F_b_G10b2N","s_clock_G10b2N"]},{"miniGameCards":[],"viewedAnimatic":true,"keyPoints":["s_condom_G10b2P","s_mirror_F_G10b2P"],"unlocked":true,"touchableObjects":["s_cellPhone_F_G10b2P","s_condom_G10b2P","s_mirror_F_G10b2P"]}],"stackSize":5,"resolved":true},{"challengeScenes":[{"miniGameCards":[],"viewedAnimatic":true,"keyPoints":["s_backpack_G11a0","c_friend1_F_G11a0","s_mirror_G11a0"],"unlocked":true,"touchableObjects":["s_backpack_G11a0","c_friend1_F_G11a0","s_mirror_G11a0"]},{"miniGameCards":[],"viewedAnimatic":true,"keyPoints":["c_crush1_F_G11a1N","s_door_F_gen","s_window_F_G11a1N","s_bed_F_G11a1N","s_poster_F_gen"],"unlocked":true,"touchableObjects":["c_crush1_F_G11a1N","s_door_F_gen","s_calendar_F_gen","s_window_F_G11a1N","s_computer_F_gen","s_bed_F_G11a1N","s_poster_F_gen"]},{"miniGameCards":[],"viewedAnimatic":true,"keyPoints":["c_friend1_F_G11a1P","c_nurse_G11a1P"],"unlocked":true,"touchableObjects":["s_pamphlet1_G11a1P","c_friend1_F_G11a1P","c_nurse_G11a1P"]},{"miniGameCards":[],"viewedAnimatic":true,"keyPoints":["c_friend1_F_G11a2N","c_crush2_F_G11a2N"],"unlocked":true,"touchableObjects":["c_friend1_F_G11a2N","c_teacherEng_G11a2N","c_crewKid1_F_G11a2N","s_lockerKid1_G11a2N","c_crush2_F_G11a2N"]},{"miniGameCards":[],"viewedAnimatic":false,"keyPoints":[],"unlocked":false,"touchableObjects":[]}],"stackSize":5,"resolved":false},{"challengeScenes":[{"miniGameCards":[],"viewedAnimatic":false,"keyPoints":[],"unlocked":false,"touchableObjects":[]},{"miniGameCards":[],"viewedAnimatic":false,"keyPoints":[],"unlocked":false,"touchableObjects":[]},{"miniGameCards":[],"viewedAnimatic":false,"keyPoints":[],"unlocked":false,"touchableObjects":[]},{"miniGameCards":[],"viewedAnimatic":false,"keyPoints":[],"unlocked":false,"touchableObjects":[]},{"miniGameCards":[],"viewedAnimatic":false,"keyPoints":[],"unlocked":false,"touchableObjects":[]}],"stackSize":5,"resolved":false},{"challengeScenes":[{"miniGameCards":[],"viewedAnimatic":false,"keyPoints":[],"unlocked":true,"touchableObjects":[]},{"miniGameCards":[],"viewedAnimatic":false,"keyPoints":[],"unlocked":true,"touchableObjects":[]},{"miniGameCards":[],"viewedAnimatic":false,"keyPoints":[],"unlocked":false,"touchableObjects":[]},{"miniGameCards":[],"viewedAnimatic":false,"keyPoints":[],"unlocked":true,"touchableObjects":[]},{"miniGameCards":[],"viewedAnimatic":false,"keyPoints":[],"unlocked":false,"touchableObjects":[]}],"stackSize":5,"resolved":false},{"challengeScenes":[{"miniGameCards":[],"viewedAnimatic":false,"keyPoints":[],"unlocked":true,"touchableObjects":[]},{"miniGameCards":[],"viewedAnimatic":false,"keyPoints":[],"unlocked":true,"touchableObjects":[]},{"miniGameCards":[],"viewedAnimatic":false,"keyPoints":[],"unlocked":false,"touchableObjects":[]},{"miniGameCards":[],"viewedAnimatic":false,"keyPoints":[],"unlocked":true,"touchableObjects":[]},{"miniGameCards":[],"viewedAnimatic":false,"keyPoints":[],"unlocked":false,"touchableObjects":[]}],"stackSize":5,"resolved":false},{"challengeScenes":[{"miniGameCards":[],"viewedAnimatic":false,"keyPoints":[],"unlocked":true,"touchableObjects":["c_player_afri_F_a_G0a0","c_education_G0a0","c_friends_G0a0","c_family_afri_a_G0a0"]},{"miniGameCards":[],"viewedAnimatic":false,"keyPoints":["c_job_G0a1N","c_home_G0a1N","c_family_afri_a_G0a1N"],"unlocked":true,"touchableObjects":["c_job_G0a1N","c_player_afri_F_a_G0a1N","c_home_G0a1N","c_family_afri_a_G0a1N"]},{"miniGameCards":[],"viewedAnimatic":false,"keyPoints":["c_Teacher_G0a1P","c_grandma_afri_a_G0a1P","c_kidsister_afri_a_G0a1P","c_Nurse_G0a1P","c_dad_afri_a_G0a1P","c_mom_afri_a_G0a1P"],"unlocked":true,"touchableObjects":["c_friends_G0a1P","c_cousins_F_a_G0a1P","c_Teacher_G0a1P","c_grandma_afri_a_G0a1P","c_kidsister_afri_a_G0a1P","c_Nurse_G0a1P","c_dad_afri_a_G0a1P","c_mom_afri_a_G0a1P"]}],"stackSize":3,"resolved":true}],"sessionId":15,"epilogue":{"rating":3},"playerId":6546006,"session":[{"sceneId":"1P","stackId":12},{"sceneId":"1P","stackId":0},{"sceneId":"1P","stackId":1},{"sceneId":"1N","stackId":1},{"sceneId":"2P","stackId":1},{"sceneId":"3P","stackId":2},{"sceneId":"1P","stackId":2},{"sceneId":"1N","stackId":2},{"sceneId":"2P","stackId":2},{"sceneId":"1P","stackId":3},{"sceneId":"1N","stackId":3},{"sceneId":"2P","stackId":3},{"sceneId":"1P","stackId":4},{"sceneId":"1N","stackId":4},{"sceneId":"2P","stackId":4},{"sceneId":"1P","stackId":5},{"sceneId":"1N","stackId":5},{"sceneId":"2P","stackId":5},{"sceneId":"2P","stackId":6},{"sceneId":"1P","stackId":6},{"sceneId":"1P","stackId":7},{"sceneId":"1N","stackId":7},{"sceneId":"2P","stackId":7},{"sceneId":"1P","stackId":8},{"sceneId":"1N","stackId":8}],"minigames":[{"levelSaveData":[{"starRating":3,"unlocked":true},{"starRating":2,"unlocked":true},{"starRating":2,"unlocked":true},{"starRating":2,"unlocked":true},{"starRating":0,"unlocked":true},{"starRating":3,"unlocked":true},{"starRating":2,"unlocked":true},{"starRating":2,"unlocked":true},{"starRating":2,"unlocked":true},{"starRating":2,"unlocked":true}],"skillPoints":20},{"levelSaveData":[{"starRating":3,"unlocked":true},{"starRating":3,"unlocked":true},{"starRating":3,"unlocked":true},{"starRating":3,"unlocked":true},{"starRating":3,"unlocked":true},{"starRating":3,"unlocked":true},{"starRating":3,"unlocked":true},{"starRating":0,"unlocked":true},{"starRating":0,"unlocked":true},{"starRating":0,"unlocked":true}],"skillPoints":21},{"levelSaveData":[{"starRating":3,"unlocked":true},{"starRating":2,"unlocked":true},{"starRating":2,"unlocked":true},{"starRating":2,"unlocked":true},{"starRating":0,"unlocked":false},{"starRating":3,"unlocked":true},{"starRating":2,"unlocked":true},{"starRating":3,"unlocked":true},{"starRating":2,"unlocked":true},{"starRating":2,"unlocked":true}],"skillPoints":21},{"levelSaveData":[{"starRating":3,"unlocked":true},{"starRating":3,"unlocked":true},{"starRating":3,"unlocked":true},{"starRating":3,"unlocked":true},{"starRating":3,"unlocked":true},{"starRating":3,"unlocked":true},{"starRating":3,"unlocked":true},{"starRating":3,"unlocked":true},{"starRating":0,"unlocked":false},{"starRating":0,"unlocked":true}],"skillPoints":24},{"age":11,"name":"uhhhh","gender":1,"levelSaveData":[{"starRating":3,"unlocked":true},{"starRating":3,"chunks":[["1"],["0$$i am i angel","1$$a angel"],["0","2","5"],["2"]],"unlocked":true},{"starRating":3,"chunks":[["1"],["5$$make up","0$$running"],["3$$photos","1$$running"]],"unlocked":true},{"starRating":3,"chunks":[["3"],["4"],["6"],["0"],["3","4"],["1"]],"unlocked":true},{"starRating":3,"chunks":[["2"],["3"],["5","1"],["2"],["4"],["5"]],"unlocked":true},{"starRating":3,"chunks":[["14"],["1","2","2","5"],["8"],["3"]],"unlocked":true},{"starRating":3,"chunks":[["3"],["3"],["6","1"],["3","2"],["1"]],"unlocked":true},{"starRating":3,"chunks":[["1","3","2"],["0","6","7"],["0"],["3"],["2"]],"unlocked":true},{"starRating":3,"chunks":[["3","7","2"],["6","4","1"],["0","5"]],"unlocked":true},{"starRating":0,"chunks":[[null],[null],[null],[null],[null],[null]],"unlocked":false}],"visualAvatar":0,"id":0,"skillPoints":27}],"avatar":{"age":11,"name":"uhhhh","gender":1,"levelSaveData":[{"starRating":3,"unlocked":true},{"starRating":3,"chunks":[["1"],["0$$i am i angel","1$$a angel"],["0","2","5"],["2"]],"unlocked":true},{"starRating":3,"chunks":[["1"],["5$$make up","0$$running"],["3$$photos","1$$running"]],"unlocked":true},{"starRating":3,"chunks":[["3"],["4"],["6"],["0"],["3","4"],["1"]],"unlocked":true},{"starRating":3,"chunks":[["2"],["3"],["5","1"],["2"],["4"],["5"]],"unlocked":true},{"starRating":3,"chunks":[["14"],["1","2","2","5"],["8"],["3"]],"unlocked":true},{"starRating":3,"chunks":[["3"],["3"],["6","1"],["3","2"],["1"]],"unlocked":true},{"starRating":3,"chunks":[["1","3","2"],["0","6","7"],["0"],["3"],["2"]],"unlocked":true},{"starRating":3,"chunks":[["3","7","2"],["6","4","1"],["0","5"]],"unlocked":true},{"starRating":0,"chunks":[[null],[null],[null],[null],[null],[null]],"unlocked":false}],"visualAvatar":0,"id":0,"skillPoints":27}}
