6506004,0,9:28:33,7/23/2013 2:12:08pm
6506004,100,9:28:36,11
6506004,101,9:28:37,11
6506004,1003,9:28:38,2
6506004,100,9:28:47,11
6506004,102,9:28:48,11
6506004,200,9:28:48,11,29,30,29,28,30
6506004,207,9:28:52,11,-200,-200
6506004,204,9:28:52,11
6506004,1003,9:28:53,2
6506004,1003,9:28:57,3
6506004,1003,9:29:2,3
6506004,1004,9:29:3,9
6506004,1002,9:29:6,9
6506004,1003,9:29:6,3
6506004,1003,9:29:11,2
6506004,1004,9:29:13,6
6506004,900,9:29:14,6,[]
6506004,901,9:29:15,6,[PeopleData_id:1]
6506004,904,9:29:15,6,[PeopleData_id:1]
6506004,902,9:29:16,6,[PeopleData_id:1,PeopleData_data3Type]
6506004,902,9:29:17,6,[PeopleData_id:1,PeopleData_data2Type]
6506004,902,9:29:17,6,[PeopleData_id:1,PeopleData_data1Type]
6506004,902,9:29:18,6,[PeopleData_id:1,PeopleData_data0Type]
6506004,903,9:29:19,6,[PeopleData_id1,PeopleData_data0Type]
6506004,901,9:29:19,6,[PeopleData_id:1]
6506004,904,9:29:19,6,[PeopleData_id:1]
6506004,905,9:29:20,6,[PeopleData_id:1,RankTypes_id:-1,RankTypes_id:0]
6506004,901,9:29:20,6,[PeopleData_id:3]
6506004,902,9:29:21,6,[PeopleData_id:3,PeopleData_data1Type]
6506004,902,9:29:22,6,[PeopleData_id:3,PeopleData_data0Type]
6506004,903,9:29:23,6,[PeopleData_id3,PeopleData_data0Type]
6506004,901,9:29:24,6,[PeopleData_id:3]
6506004,904,9:29:24,6,[PeopleData_id:3]
6506004,905,9:29:24,6,[PeopleData_id:3,RankTypes_id:-1,RankTypes_id:2]
6506004,901,9:29:25,6,[PeopleData_id:7]
6506004,902,9:29:26,6,[PeopleData_id:7,PeopleData_data3Type]
6506004,902,9:29:29,6,[PeopleData_id:7,PeopleData_data2Type]
6506004,902,9:29:30,6,[PeopleData_id:7,PeopleData_data1Type]
6506004,902,9:29:30,6,[PeopleData_id:7,PeopleData_data0Type]
6506004,903,9:29:31,6,[PeopleData_id7,PeopleData_data0Type]
6506004,901,9:29:32,6,[PeopleData_id:7]
6506004,904,9:29:32,6,[PeopleData_id:7]
6506004,905,9:29:32,6,[PeopleData_id:7,RankTypes_id:-1,RankTypes_id:0]
6506004,901,9:29:33,6,[PeopleData_id:6]
6506004,902,9:29:33,6,[PeopleData_id:6,PeopleData_data2Type]
6506004,902,9:29:36,6,[PeopleData_id:6,PeopleData_data1Type]
6506004,902,9:29:37,6,[PeopleData_id:6,PeopleData_data2Type]
6506004,902,9:29:41,6,[PeopleData_id:6,PeopleData_data1Type]
6506004,902,9:29:42,6,[PeopleData_id:6,PeopleData_data0Type]
6506004,902,9:29:43,6,[PeopleData_id:6,PeopleData_data1Type]
6506004,902,9:29:43,6,[PeopleData_id:6,PeopleData_data2Type]
6506004,902,9:29:45,6,[PeopleData_id:6,PeopleData_data0Type]
6506004,902,9:29:46,6,[PeopleData_id:6,PeopleData_data1Type]
6506004,903,9:29:47,6,[PeopleData_id6,PeopleData_data1Type]
6506004,901,9:29:48,6,[PeopleData_id:6]
6506004,904,9:29:48,6,[PeopleData_id:6]
6506004,905,9:29:48,6,[PeopleData_id:6,RankTypes_id:-1,RankTypes_id:3]
6506004,901,9:29:48,6,[PeopleData_id:0]
6506004,902,9:29:49,6,[PeopleData_id:0,PeopleData_data3Type]
6506004,902,9:29:52,6,[PeopleData_id:0,PeopleData_data2Type]
6506004,902,9:29:54,6,[PeopleData_id:0,PeopleData_data1Type]
6506004,902,9:29:58,6,[PeopleData_id:0,PeopleData_data0Type]
6506004,903,9:30:1,6,[PeopleData_id0,PeopleData_data0Type]
6506004,901,9:30:2,6,[PeopleData_id:0]
6506004,904,9:30:2,6,[PeopleData_id:0]
6506004,905,9:30:3,6,[PeopleData_id:0,RankTypes_id:-1,RankTypes_id:0]
6506004,901,9:30:4,6,[PeopleData_id:8]
6506004,902,9:30:5,6,[PeopleData_id:8,PeopleData_data2Type]
6506004,902,9:30:7,6,[PeopleData_id:8,PeopleData_data1Type]
6506004,902,9:30:8,6,[PeopleData_id:8,PeopleData_data0Type]
6506004,902,9:30:10,6,[PeopleData_id:8,PeopleData_data2Type]
6506004,903,9:30:12,6,[PeopleData_id8,PeopleData_data2Type]
6506004,901,9:30:13,6,[PeopleData_id:8]
6506004,904,9:30:13,6,[PeopleData_id:8]
6506004,905,9:30:13,6,[PeopleData_id:8,RankTypes_id:-1,RankTypes_id:1]
6506004,901,9:30:14,6,[PeopleData_id:2]
6506004,902,9:30:15,6,[PeopleData_id:2,PeopleData_data2Type]
6506004,902,9:30:17,6,[PeopleData_id:2,PeopleData_data2Type]
6506004,902,9:30:20,6,[PeopleData_id:2,PeopleData_data2Type]
6506004,903,9:30:48,6,[PeopleData_id2,PeopleData_data2Type]
6506004,902,9:30:49,6,[PeopleData_id:2,PeopleData_data2Type]
6506004,902,9:31:2,6,[PeopleData_id:2,PeopleData_data1Type]
6506004,902,9:31:3,6,[PeopleData_id:2,PeopleData_data0Type]
6506004,903,9:31:4,6,[PeopleData_id2,PeopleData_data0Type]
6506004,901,9:31:4,6,[PeopleData_id:2]
6506004,904,9:31:4,6,[PeopleData_id:2]
6506004,905,9:31:5,6,[PeopleData_id:2,RankTypes_id:-1,RankTypes_id:3]
6506004,901,9:31:6,6,[PeopleData_id:5]
6506004,902,9:31:7,6,[PeopleData_id:5,PeopleData_data3Type]
6506004,902,9:31:9,6,[PeopleData_id:5,PeopleData_data2Type]
6506004,902,9:31:10,6,[PeopleData_id:5,PeopleData_data1Type]
6506004,902,9:31:11,6,[PeopleData_id:5,PeopleData_data0Type]
6506004,903,9:31:13,6,[PeopleData_id5,PeopleData_data0Type]
6506004,901,9:31:14,6,[PeopleData_id:5]
6506004,904,9:31:14,6,[PeopleData_id:5]
6506004,905,9:31:15,6,[PeopleData_id:5,RankTypes_id:-1,RankTypes_id:0]
6506004,901,9:31:15,6,[PeopleData_id:4]
6506004,902,9:31:16,6,[PeopleData_id:4,PeopleData_data3Type]
6506004,902,9:31:18,6,[PeopleData_id:4,PeopleData_data2Type]
6506004,902,9:31:19,6,[PeopleData_id:4,PeopleData_data1Type]
6506004,902,9:31:20,6,[PeopleData_id:4,PeopleData_data0Type]
6506004,903,9:31:20,6,[PeopleData_id4,PeopleData_data0Type]
6506004,901,9:31:22,6,[PeopleData_id:4]
6506004,904,9:31:22,6,[PeopleData_id:4]
6506004,905,9:31:23,6,[PeopleData_id:4,RankTypes_id:-1,RankTypes_id:3]
6506004,906,9:31:23,6,[]
6506004,907,9:31:24,6,[]
6506004,908,9:31:24,6,[InvitationData_id:0,PeopleData_id:8,RankTypes_id:1]
6506004,909,9:31:30,6,[InvitationData_id:0,PeopleData_id:8,RankTypes_id:1,0]
6506004,910,9:31:38,6,[InvitationData_id:0,0,false]
6506004,908,9:31:38,6,[InvitationData_id:7,PeopleData_id:2,RankTypes_id:3]
6506004,909,9:31:50,6,[InvitationData_id:7,PeopleData_id:2,RankTypes_id:3,1]
6506004,910,9:31:51,6,[InvitationData_id:7,7,false]
6506004,908,9:31:51,6,[InvitationData_id:4,PeopleData_id:6,RankTypes_id:3]
6506004,909,9:31:56,6,[InvitationData_id:4,PeopleData_id:6,RankTypes_id:3,1]
6506004,910,9:31:57,6,[InvitationData_id:4,7,false]
6506004,908,9:31:57,6,[InvitationData_id:6,PeopleData_id:3,RankTypes_id:2]
6506004,909,9:32:6,6,[InvitationData_id:6,PeopleData_id:3,RankTypes_id:2,0]
6506004,910,9:32:6,6,[InvitationData_id:6,-2,false]
6506004,908,9:32:6,6,[InvitationData_id:5,PeopleData_id:6,RankTypes_id:3]
6506004,909,9:32:13,6,[InvitationData_id:5,PeopleData_id:6,RankTypes_id:3,1]
6506004,910,9:32:14,6,[InvitationData_id:5,7,false]
6506004,908,9:32:14,6,[InvitationData_id:13,PeopleData_id:8,RankTypes_id:1]
6506004,909,9:32:18,6,[InvitationData_id:13,PeopleData_id:8,RankTypes_id:1,0]
6506004,910,9:32:19,6,[InvitationData_id:13,0,false]
6506004,908,9:32:19,6,[InvitationData_id:3,PeopleData_id:8,RankTypes_id:1]
6506004,909,9:32:23,6,[InvitationData_id:3,PeopleData_id:8,RankTypes_id:1,0]
6506004,910,9:32:24,6,[InvitationData_id:3,0,false]
6506004,908,9:32:24,6,[InvitationData_id:2,PeopleData_id:6,RankTypes_id:3]
6506004,909,9:32:27,6,[InvitationData_id:2,PeopleData_id:6,RankTypes_id:3,1]
6506004,910,9:32:28,6,[InvitationData_id:2,7,false]
6506004,908,9:32:28,6,[InvitationData_id:9,PeopleData_id:4,RankTypes_id:3]
6506004,909,9:32:32,6,[InvitationData_id:9,PeopleData_id:4,RankTypes_id:3,1]
6506004,910,9:32:33,6,[InvitationData_id:9,7,false]
6506004,908,9:32:33,6,[InvitationData_id:12,PeopleData_id:3,RankTypes_id:2]
6506004,909,9:32:36,6,[InvitationData_id:12,PeopleData_id:3,RankTypes_id:2,0]
6506004,910,9:32:37,6,[InvitationData_id:12,-2,false]
6506004,908,9:32:37,6,[InvitationData_id:10,PeopleData_id:8,RankTypes_id:1]
6506004,909,9:32:40,6,[InvitationData_id:10,PeopleData_id:8,RankTypes_id:1,0]
6506004,910,9:32:41,6,[InvitationData_id:10,0,false]
6506004,911,9:32:42,6,[31,0,0,0]
6506004,1000,9:32:48,6,[]
6506004,900,9:33:6,6,[]
6506004,901,9:33:7,6,[PeopleData_id:6]
6506004,902,9:33:9,6,[PeopleData_id:6,PeopleData_data2Type]
6506004,902,9:33:11,6,[PeopleData_id:6,PeopleData_data1Type]
6506004,902,9:33:12,6,[PeopleData_id:6,PeopleData_data0Type]
6506004,903,9:33:14,6,[PeopleData_id6,PeopleData_data0Type]
6506004,901,9:33:15,6,[PeopleData_id:6]
6506004,904,9:33:15,6,[PeopleData_id:6]
6506004,905,9:33:17,6,[PeopleData_id:6,RankTypes_id:-1,RankTypes_id:4]
6506004,901,9:33:18,6,[PeopleData_id:1]
6506004,902,9:33:19,6,[PeopleData_id:1,PeopleData_data3Type]
6506004,902,9:33:22,6,[PeopleData_id:1,PeopleData_data2Type]
6506004,902,9:33:26,6,[PeopleData_id:1,PeopleData_data1Type]
6506004,902,9:33:28,6,[PeopleData_id:1,PeopleData_data0Type]
6506004,903,9:33:31,6,[PeopleData_id1,PeopleData_data0Type]
6506004,901,9:33:32,6,[PeopleData_id:1]
6506004,904,9:33:32,6,[PeopleData_id:1]
6506004,905,9:33:33,6,[PeopleData_id:1,RankTypes_id:-1,RankTypes_id:0]
6506004,901,9:33:34,6,[PeopleData_id:4]
6506004,902,9:33:36,6,[PeopleData_id:4,PeopleData_data3Type]
6506004,902,9:33:37,6,[PeopleData_id:4,PeopleData_data2Type]
6506004,902,9:33:40,6,[PeopleData_id:4,PeopleData_data1Type]
6506004,902,9:33:42,6,[PeopleData_id:4,PeopleData_data0Type]
6506004,903,9:33:44,6,[PeopleData_id4,PeopleData_data0Type]
6506004,901,9:33:45,6,[PeopleData_id:4]
6506004,904,9:33:45,6,[PeopleData_id:4]
6506004,905,9:33:45,6,[PeopleData_id:4,RankTypes_id:-1,RankTypes_id:4]
6506004,901,9:33:46,6,[PeopleData_id:7]
6506004,904,9:33:46,6,[PeopleData_id:7]
6506004,902,9:33:48,6,[PeopleData_id:7,PeopleData_data3Type]
6506004,902,9:33:50,6,[PeopleData_id:7,PeopleData_data2Type]
6506004,902,9:33:52,6,[PeopleData_id:7,PeopleData_data1Type]
6506004,902,9:33:54,6,[PeopleData_id:7,PeopleData_data0Type]
6506004,903,9:33:55,6,[PeopleData_id7,PeopleData_data0Type]
6506004,901,9:33:56,6,[PeopleData_id:7]
6506004,904,9:33:56,6,[PeopleData_id:7]
6506004,905,9:33:56,6,[PeopleData_id:7,RankTypes_id:-1,RankTypes_id:0]
6506004,901,9:33:57,6,[PeopleData_id:3]
6506004,902,9:33:58,6,[PeopleData_id:3,PeopleData_data1Type]
6506004,902,9:34:2,6,[PeopleData_id:3,PeopleData_data0Type]
6506004,903,9:34:4,6,[PeopleData_id3,PeopleData_data0Type]
6506004,901,9:34:6,6,[PeopleData_id:3]
6506004,904,9:34:6,6,[PeopleData_id:3]
6506004,905,9:34:6,6,[PeopleData_id:3,RankTypes_id:-1,RankTypes_id:2]
6506004,901,9:34:7,6,[PeopleData_id:5]
6506004,902,9:34:8,6,[PeopleData_id:5,PeopleData_data3Type]
6506004,902,9:34:11,6,[PeopleData_id:5,PeopleData_data2Type]
6506004,902,9:34:14,6,[PeopleData_id:5,PeopleData_data1Type]
6506004,902,9:34:16,6,[PeopleData_id:5,PeopleData_data0Type]
6506004,903,9:34:18,6,[PeopleData_id5,PeopleData_data0Type]
6506004,901,9:34:19,6,[PeopleData_id:5]
6506004,904,9:34:19,6,[PeopleData_id:5]
6506004,905,9:34:20,6,[PeopleData_id:5,RankTypes_id:-1,RankTypes_id:1]
6506004,901,9:34:38,6,[PeopleData_id:2]
6506004,902,9:34:40,6,[PeopleData_id:2,PeopleData_data2Type]
6506004,902,9:34:42,6,[PeopleData_id:2,PeopleData_data1Type]
6506004,902,9:34:44,6,[PeopleData_id:2,PeopleData_data0Type]
6506004,903,9:34:51,6,[PeopleData_id2,PeopleData_data0Type]
6506004,901,9:34:55,6,[PeopleData_id:2]
6506004,904,9:34:55,6,[PeopleData_id:2]
6506004,905,9:34:56,6,[PeopleData_id:2,RankTypes_id:-1,RankTypes_id:3]
6506004,901,9:34:57,6,[PeopleData_id:0]
6506004,904,9:34:57,6,[PeopleData_id:0]
6506004,902,9:34:58,6,[PeopleData_id:0,PeopleData_data3Type]
6506004,902,9:35:1,6,[PeopleData_id:0,PeopleData_data2Type]
6506004,902,9:35:2,6,[PeopleData_id:0,PeopleData_data1Type]
6506004,902,9:35:5,6,[PeopleData_id:0,PeopleData_data0Type]
6506004,903,9:35:7,6,[PeopleData_id0,PeopleData_data0Type]
6506004,901,9:35:7,6,[PeopleData_id:0]
6506004,904,9:35:7,6,[PeopleData_id:0]
6506004,905,9:35:8,6,[PeopleData_id:0,RankTypes_id:-1,RankTypes_id:0]
6506004,901,9:35:9,6,[PeopleData_id:8]
6506004,902,9:35:10,6,[PeopleData_id:8,PeopleData_data2Type]
6506004,902,9:35:13,6,[PeopleData_id:8,PeopleData_data1Type]
6506004,902,9:35:15,6,[PeopleData_id:8,PeopleData_data0Type]
6506004,903,9:35:16,6,[PeopleData_id8,PeopleData_data0Type]
6506004,901,9:35:17,6,[PeopleData_id:8]
6506004,904,9:35:17,6,[PeopleData_id:8]
6506004,905,9:35:18,6,[PeopleData_id:8,RankTypes_id:-1,RankTypes_id:0]
6506004,906,9:35:18,6,[]
6506004,907,9:35:21,6,[]
6506004,908,9:35:21,6,[InvitationData_id:9,PeopleData_id:6,RankTypes_id:4]
6506004,909,9:35:25,6,[InvitationData_id:9,PeopleData_id:6,RankTypes_id:4,1]
6506004,910,9:35:25,6,[InvitationData_id:9,9,false]
6506004,908,9:35:25,6,[InvitationData_id:6,PeopleData_id:3,RankTypes_id:2]
6506004,909,9:35:27,6,[InvitationData_id:6,PeopleData_id:3,RankTypes_id:2,0]
6506004,910,9:35:28,6,[InvitationData_id:6,-2,false]
6506004,908,9:35:28,6,[InvitationData_id:2,PeopleData_id:6,RankTypes_id:4]
6506004,909,9:35:31,6,[InvitationData_id:2,PeopleData_id:6,RankTypes_id:4,1]
6506004,910,9:35:32,6,[InvitationData_id:2,9,false]
6506004,908,9:35:32,6,[InvitationData_id:12,PeopleData_id:3,RankTypes_id:2]
6506004,909,9:35:34,6,[InvitationData_id:12,PeopleData_id:3,RankTypes_id:2,0]
6506004,910,9:35:34,6,[InvitationData_id:12,-2,false]
6506004,908,9:35:34,6,[InvitationData_id:5,PeopleData_id:6,RankTypes_id:4]
6506004,909,9:35:39,6,[InvitationData_id:5,PeopleData_id:6,RankTypes_id:4,1]
6506004,910,9:35:40,6,[InvitationData_id:5,9,false]
6506004,908,9:35:40,6,[InvitationData_id:4,PeopleData_id:6,RankTypes_id:4]
6506004,909,9:35:43,6,[InvitationData_id:4,PeopleData_id:6,RankTypes_id:4,1]
6506004,910,9:35:43,6,[InvitationData_id:4,9,false]
6506004,908,9:35:43,6,[InvitationData_id:8,PeopleData_id:5,RankTypes_id:1]
6506004,909,9:35:48,6,[InvitationData_id:8,PeopleData_id:5,RankTypes_id:1,1]
6506004,910,9:35:49,6,[InvitationData_id:8,3,false]
6506004,908,9:35:49,6,[InvitationData_id:3,PeopleData_id:5,RankTypes_id:1]
6506004,909,9:35:51,6,[InvitationData_id:3,PeopleData_id:5,RankTypes_id:1,0]
6506004,910,9:35:52,6,[InvitationData_id:3,0,false]
6506004,908,9:35:52,6,[InvitationData_id:7,PeopleData_id:6,RankTypes_id:4]
6506004,909,9:35:55,6,[InvitationData_id:7,PeopleData_id:6,RankTypes_id:4,1]
6506004,910,9:35:56,6,[InvitationData_id:7,9,false]
6506004,911,9:35:57,6,[44,0,0,0]
6506004,1005,9:35:57,6,[2,2,3]
6506004,1001,9:36:5,6,[]
6506004,1003,9:36:5,2
6506004,100,9:36:33,11
6506004,102,9:36:34,11
6506004,200,9:36:34,11,29,30,30,28,30
6506004,210,9:36:35,707,286
6506004,211,9:36:37,660,249
6506004,212,9:36:38,0
6506004,210,9:36:38,640,228
6506004,211,9:36:39,650,257
6506004,213,9:36:39,11,c_bestFriend_F_b_G12b0,true
6506004,205,9:36:39,11,c_bestFriend_F_b_G12b0,false,true
6506004,210,9:36:45,774,473
6506004,211,9:36:46,1701,441
6506004,207,9:36:46,11,-200,-695
6506004,212,9:36:47,2
6506004,210,9:36:47,1549,539
6506004,211,9:36:48,1927,477
6506004,207,9:36:48,11,-695,-920
6506004,210,9:36:48,1963,450
6506004,207,9:36:48,11,-920,-1033
6506004,211,9:36:50,1589,553
6506004,213,9:36:50,11,c_cousinsBrothersFriend_b_G12b1N,true
6506004,205,9:36:50,11,c_cousinsBrothersFriend_b_G12b1N,false,true
6506004,210,9:36:54,839,484
6506004,207,9:36:55,11,-200,-560
6506004,211,9:36:56,926,499
6506004,213,9:36:56,11,c_mom_lati_G12b2P,true
6506004,205,9:36:56,11,c_mom_lati_G12b2P,false,true
6506004,210,9:36:59,1260,422
6506004,207,9:37:0,11,-560,-815
6506004,207,9:37:1,11,-815,-995
6506004,211,9:37:1,1861,543
6506004,213,9:37:1,11,c_cousinsBrothersFriend_b_G12b2P,true
6506004,205,9:37:1,11,c_cousinsBrothersFriend_b_G12b2P,false,false
6506004,210,9:37:4,1531,372
6506004,207,9:37:7,11,-995,-470
6506004,207,9:37:12,11,-470,-560
6506004,207,9:37:13,11,-560,-440
6506004,207,9:37:15,11,-440,0
6506004,211,9:37:17,777,547
6506004,213,9:37:17,11,c_mom_lati_G12b2P,true
6506004,205,9:37:17,11,c_mom_lati_G12b2P,false,true
6506004,210,9:37:26,799,370
6506004,211,9:37:27,650,521
6506004,210,9:37:35,750,478
6506004,211,9:37:36,831,442
6506004,213,9:37:36,11,c_mom_lati_G12b1P,true
6506004,205,9:37:36,11,c_mom_lati_G12b1P,false,false
6506004,210,9:37:39,561,510
6506004,211,9:37:40,614,473
6506004,213,9:37:40,11,c_kidSister_lati_b_G12b1P,true
6506004,205,9:37:40,11,c_kidSister_lati_b_G12b1P,false,false
6506004,210,9:37:46,866,360
6506004,211,9:37:47,1251,340
6506004,207,9:37:47,11,-200,-245
6506004,207,9:37:48,11,-245,-305
6506004,210,9:37:48,1259,338
6506004,211,9:37:49,1334,149
6506004,207,9:37:49,11,-305,-335
6506004,210,9:37:49,1365,226
6506004,207,9:37:50,11,-335,-995
6506004,207,9:37:55,11,-995,-890
6506004,207,9:37:58,11,-890,0
6506004,211,9:38:1,251,613
6506004,212,9:38:2,1
6506004,210,9:38:3,313,466
6506004,211,9:38:4,725,486
6506004,213,9:38:4,11,c_dad_lati_G12b1P,true
6506004,205,9:38:4,11,c_dad_lati_G12b1P,false,false
6506004,210,9:38:7,514,275
6506004,207,9:38:10,11,0,-90
6506004,207,9:38:11,11,-90,-345
6506004,207,9:38:13,11,-345,-915
6506004,207,9:38:14,11,-915,-995
6506004,211,9:38:14,1865,459
6506004,213,9:38:14,11,c_crush1_F_b_G12b1P,true
6506004,205,9:38:14,11,c_crush1_F_b_G12b1P,false,false
6506004,210,9:38:17,1414,561
6506004,211,9:38:20,1808,169
6506004,212,9:38:20,0
6506004,210,9:38:21,1663,449
6506004,207,9:38:25,11,-995,-935
6506004,207,9:38:29,11,-935,-725
6506004,211,9:38:32,688,226
6506004,207,9:38:32,11,-725,-665
6506004,210,9:38:32,639,308
6506004,207,9:38:32,11,-665,-560
6506004,207,9:38:34,11,-560,-995
6506004,207,9:38:42,11,-995,-305
6506004,207,9:38:46,11,-305,0
6506004,207,9:38:51,11,0,-450
6506004,211,9:38:53,1062,544
6506004,210,9:39:8,1111,98
6506004,211,9:39:9,1109,167
6506004,212,9:39:10,1
6506004,210,9:39:10,1056,55
6506004,211,9:39:11,1097,133
6506004,213,9:39:11,11,s_diplomaPhoto_G12b1P,true
6506004,205,9:39:11,11,s_diplomaPhoto_G12b1P,false,false
6506004,221,9:39:15,11
6506004,300,9:39:18
6506004,220,9:39:18,11
6506004,221,9:39:22,11
6506004,220,9:39:23,11
6506004,1003,9:39:23,3
6506004,1004,9:39:24,9
6506004,500,9:39:27,9,[]
6506004,501,9:39:28,9,[]
6506004,502,9:39:35,9,[IntentionData_logId:0,true]
6506004,503,9:39:37,9,[]
6506004,504,9:39:40,9,[InfluenceData_logId:1]
6506004,504,9:39:41,9,[InfluenceData_logId:2]
6506004,504,9:39:42,9,[InfluenceData_logId:0]
6506004,504,9:39:44,9,[InfluenceData_logId:2]
6506004,504,9:39:44,9,[InfluenceData_logId:3]
6506004,504,9:39:46,9,[InfluenceData_logId:4]
6506004,504,9:39:48,9,[InfluenceData_logId:5]
6506004,504,9:39:52,9,[InfluenceData_logId:6]
6506004,504,9:39:55,9,[InfluenceData_logId:7]
6506004,504,9:39:56,9,[InfluenceData_logId:8]
6506004,504,9:39:58,9,[InfluenceData_logId:6]
6506004,505,9:40:3,9,[InfluenceData_logId:2,true,InfluenceData_logId:5,true,InfluenceData_logId:6,true]
6506004,506,9:40:5,9,[]
6506004,507,9:40:14,9,[OpponentAttackData_logId:2,OpponentAttackTypeData_logId:4,true,0]
6506004,508,9:40:16,9,[]
6506004,509,9:40:25,9,[RefusalData_logId:8,0]
6506004,510,9:40:29,9,[AvailableRefusalData_logId:8,0A]
6506004,510,9:40:30,9,[AvailableRefusalData_logId:8,1A]
6506004,510,9:40:32,9,[AvailableRefusalData_logId:8,2A]
6506004,511,9:40:33,9,[AvailableRefusalData_logId:8,0A,1A,2A,true,20]
6506004,512,9:40:36,9,[]
6506004,513,9:40:36,9,[30]
6506004,514,9:40:40,9,[]
6506004,507,9:40:46,9,[OpponentAttackData_logId:1,OpponentAttackTypeData_logId:3,true,0]
6506004,508,9:40:50,9,[]
6506004,509,9:40:59,9,[RefusalData_logId:3,2]
6506004,510,9:41:4,9,[AvailableRefusalData_logId:3,0A]
6506004,510,9:41:4,9,[AvailableRefusalData_logId:3,1A]
6506004,510,9:41:5,9,[AvailableRefusalData_logId:3,2A]
6506004,511,9:41:5,9,[AvailableRefusalData_logId:3,0A,1A,2A,true,50]
6506004,512,9:41:8,9,[]
6506004,513,9:41:8,9,[0]
6506004,514,9:41:10,9,[]
6506004,507,9:41:17,9,[OpponentAttackData_logId:3,OpponentAttackTypeData_logId:2,true,0]
6506004,508,9:41:19,9,[]
6506004,509,9:41:22,9,[RefusalData_logId:4,2]
6506004,510,9:41:32,9,[AvailableRefusalData_logId:4,0A]
6506004,510,9:41:32,9,[AvailableRefusalData_logId:4,1A]
6506004,510,9:41:33,9,[AvailableRefusalData_logId:4,2A]
6506004,511,9:41:33,9,[AvailableRefusalData_logId:4,0A,1A,2A,true,50]
6506004,512,9:41:36,9,[]
6506004,515,9:41:36,9,[120,0]
6506004,516,9:41:37,9,[]
6506004,517,9:41:38,9,[]
6506004,1005,9:41:38,9,[3,1,3]
6506004,1001,9:41:38,9,[]
6506004,1003,9:41:38,3
6506004,210,9:41:41,732,381
6506004,211,9:41:42,848,416
6506004,221,9:41:43,11
6506004,220,9:41:43,11
6506004,203,9:41:43,11
6506004,103,9:41:58
6506004,105,9:41:59
6506004,703,9:42:0,[|| EpilogueItem ID: 0 unlocked: true ||,|| EpilogueItem ID: 1 unlocked: true ||,|| EpilogueItem ID: 2 unlocked: true ||,|| EpilogueItem ID: 3 unlocked: true ||,|| EpilogueItem ID: 4 unlocked: true ||,|| EpilogueItem ID: 5 unlocked: true ||,|| EpilogueItem ID: 6 unlocked: true ||,|| EpilogueItem ID: 7 unlocked: true ||,|| EpilogueItem ID: 8 unlocked: true ||,|| EpilogueItem ID: 9 unlocked: true ||,|| EpilogueItem ID: 10 unlocked: true ||,|| EpilogueItem ID: 11 unlocked: true ||,|| EpilogueItem ID: 12 unlocked: true ||,|| EpilogueItem ID: 13 unlocked: true ||,|| EpilogueItem ID: 14 unlocked: true ||,|| EpilogueItem ID: 15 unlocked: true ||,|| EpilogueItem ID: 16 unlocked: true ||,|| EpilogueItem ID: 17 unlocked: true ||,|| EpilogueItem ID: 18 unlocked: true ||,|| EpilogueItem ID: 19 unlocked: true ||,|| EpilogueItem ID: 20 unlocked: true ||,|| EpilogueItem ID: 21 unlocked: true ||,|| EpilogueItem ID: 22 unlocked: true ||,|| EpilogueItem ID: 23 unlocked: true ||,|| EpilogueItem ID: 24 unlocked: true ||],1
6506004,706,9:42:3,(x=855, y=-100, w=1024, h=768),(x=864, y=-100, w=1024, h=768)
6506004,706,9:42:5,(x=1161, y=-100, w=1024, h=768),(x=1170, y=-100, w=1024, h=768)
6506004,706,9:42:6,(x=1421, y=-100, w=1024, h=768),(x=1461, y=-100, w=1024, h=768)
6506004,706,9:42:7,(x=1724, y=-100, w=1024, h=768),(x=1728, y=-100, w=1024, h=768)
6506004,706,9:42:7,(x=1984, y=-100, w=1024, h=768),(x=1988, y=-100, w=1024, h=768)
6506004,706,9:42:9,(x=2252, y=-100, w=1024, h=768),(x=2330, y=-100, w=1024, h=768)
6506004,706,9:42:9,(x=2500, y=-100, w=1024, h=768),(x=2504, y=-100, w=1024, h=768)
6506004,706,9:42:40,(x=2531, y=-100, w=1024, h=768),(x=2531, y=-100, w=1024, h=768)
6506004,706,9:42:40,(x=2531, y=-100, w=1024, h=768),(x=2531, y=-100, w=1024, h=768)
6506004,708,9:42:41
6506004,1,9:42:41,7/23/2013 2:26:16pm,{"gameTime":34961052,"challengeStacks":[{"challengeScenes":[{"miniGameCards":[],"viewedAnimatic":true,"keyPoints":["c_teacherEng_G7a0","c_bestFriend_F_a_G7a0","s_flag_gen"],"unlocked":true,"touchableObjects":["c_crewKid1_F_G7a0","s_otherStudent1_G7a0","s_vocabAssignment_G7a0","s_doorClassroom_G7a0","s_clock_G7a0","c_teacherEng_G7a0","s_atwoodPoster_gen","c_friend1_F_a_G7a0","s_poePoster_gen","c_bestFriend_F_a_G7a0","s_flag_gen"]},{"miniGameCards":[],"viewedAnimatic":true,"keyPoints":["c_bestFriend_F_a_G7a1N","s_paperPlayers_G7a1N","c_teacherEng_G7a1N"],"unlocked":true,"touchableObjects":["s_otherStudent2_G7a1N","c_bestFriend_F_a_G7a1N","c_crewKid1_F_G7a1N","s_posterPlagiarism_gen","s_paperPlayers_G7a1N","s_otherStudent1_G7a1N","c_teacherEng_G7a1N"]},{"miniGameCards":[],"viewedAnimatic":true,"keyPoints":["c_teacherEng_G7a1P","c_bestFriend_F_a_G7a1P","s_flag_gen","s_paperEnglish_gen"],"unlocked":true,"touchableObjects":["c_teacherEng_G7a1P","s_paperPlayers_G7a1P","c_bestFriend_F_a_G7a1P","s_flag_gen","s_clock_G7a1P","s_papersDetention_gen","s_angelouPoster_gen","s_shakespearePoster_gen","s_poePoster_gen","s_atwoodPoster_gen","s_paperEnglish_gen"]}],"stackSize":3,"resolved":true},{"challengeScenes":[{"miniGameCards":[],"viewedAnimatic":true,"keyPoints":["c_kidSister_lati_a_G7b0","c_crewKid1_F_G7b0","s_backpack_F_G7b0"],"unlocked":true,"touchableObjects":["c_crewKid2_F_G7b0","s_snackBarWorker_G7b0","c_cousin_F_a_G7b0","c_kidSister_lati_a_G7b0","c_cousinsBrother_a_G7b0","s_lifeguard_G7b0","c_crewKid1_F_G7b0","s_backpack_F_G7b0","c_cousinsBrothersFriend_a_G7b0","c_cousinsBrothersFriendsGF_G7b0"]},{"miniGameCards":[],"viewedAnimatic":true,"keyPoints":["c_crewKid1_F_G7b1N","c_kidSister_lati_a_G7b1N","s_sprayPaintCan_G7b1N","s_graffiti_G7b1N","s_brokenCarWindow_G7b1N"],"unlocked":true,"touchableObjects":["c_teacherEng_G7b1N","c_crewKid1_F_G7b1N","s_wreckedPlants_G7b1N","c_kidSister_lati_a_G7b1N","s_flag_G7b1N","s_sprayPaintCan_G7b1N","s_graffiti_G7b1N","s_brokenCarWindow_G7b1N"]},{"miniGameCards":[],"viewedAnimatic":true,"keyPoints":["c_cousinsBrothersFriend_a_G7b1P","s_poolDay_ruleSign_G7b1P","c_cousinsBrother_a_G7b1P","c_cousin_F_a_G7b1P"],"unlocked":true,"touchableObjects":["c_kidSister_lati_a_G7b1P","c_cousinsBrothersFriend_a_G7b1P","s_poolDay_ruleSign_G7b1P","c_crush1_F_a_G7b1P","c_cousinsBrother_a_G7b1P","c_cousin_F_a_G7b1P"]},{"miniGameCards":[],"viewedAnimatic":true,"keyPoints":["c_crush1_F_a_G7b2N","s_kid1_G7b2N","c_cousin_F_a_G7b2N","c_kidSister_lati_a_G7b2N"],"unlocked":true,"touchableObjects":["c_crush1_F_a_G7b2N","s_lifeguard_G7b2N","s_cousinsBFgirlfriend_G7b2N","c_crewKid2_F_G7b2N","s_kid1_G7b2N","c_cousin_F_a_G7b2N","c_kidSister_lati_a_G7b2N"]},{"miniGameCards":[],"viewedAnimatic":true,"keyPoints":["s_computer_F_G7b2P","c_cousin_F_a_G7b2P","s_pictureDad_lati_F_gen","c_kidSister_lati_a_G7b2P"],"unlocked":true,"touchableObjects":["s_calendar_F_gen","s_computer_F_G7b2P","c_cousin_F_a_G7b2P","s_pictureDad_lati_F_gen","c_kidSister_lati_a_G7b2P","c_grandma_lati_a_G7b2P"]}],"stackSize":5,"resolved":true},{"challengeScenes":[{"miniGameCards":[],"viewedAnimatic":true,"keyPoints":["s_clock_G8a0","s_bottleCrush2_F_G8a0","s_cellphone_G8a0","c_crush2_F_a_G8a0","c_cousin_F_a_G8a0"],"unlocked":true,"touchableObjects":["c_crewKid1_F_a_G8a0","s_beerSixpack_G8a0","s_bottleTable_G8a0","s_clock_G8a0","s_bottleCrush2_F_G8a0","s_cellphone_G8a0","s_stairs_G8a0","s_beerCooler_G8a0","s_bottleFloor_G8a0","c_crush2_F_a_G8a0","c_cousin_F_a_G8a0"]},{"miniGameCards":[],"viewedAnimatic":true,"keyPoints":["s_crush2Lips_F_G8a1N","s_crush2Eyes_F_G8a1N","s_basementDoor_gen","s_dirtyClothes_gen","s_crush2Sore_F_G8a1N"],"unlocked":true,"touchableObjects":["c_crush2_F_a_G8a1N","s_crush2Lips_F_G8a1N","s_crush2Eyes_F_G8a1N","s_dryer_G8a1N","s_waterHeater_gen","s_basementDoor_gen","s_dirtyClothes_gen","s_stairs_G8a1N","s_inhalantsShelf_gen","s_crush2Sore_F_G8a1N"]},{"miniGameCards":[],"viewedAnimatic":true,"keyPoints":["s_dirtyClothes_gen","s_basementDoor_gen","c_crush2_F_a_G8a1P","s_inhalantsShelf_gen"],"unlocked":true,"touchableObjects":["s_spraypaintCrush2_F_G8a1P","s_dirtyClothes_gen","s_basementDoor_gen","c_crush2_F_a_G8a1P","s_inhalantsShelf_gen"]},{"miniGameCards":[],"viewedAnimatic":true,"keyPoints":["s_spraypaintCan_G8a2N","c_crush2_F_a_G8a2N"],"unlocked":true,"touchableObjects":["s_fumes_G8a2N","s_spraypaintCan_G8a2N","c_friend1_F_a_G8a2N","c_crush2_F_a_G8a2N"]},{"miniGameCards":[],"viewedAnimatic":true,"keyPoints":["c_kidSister_lati_a_G8a2P","c_crush2_F_a_G8a2P","s_pictureDad_lati_gen","s_magazine_G8a2P","s_sistersToy_G8a2P"],"unlocked":true,"touchableObjects":["s_door_gen","c_kidSister_lati_a_G8a2P","s_stairs_G8a2P","c_crush2_F_a_G8a2P","s_pictureDad_lati_gen","c_grandma_lati_a_G8a2P","s_clock_G8a2P","s_magazine_G8a2P","s_ashtray_G8a2P","s_sistersToy_G8a2P"]},{"miniGameCards":[],"viewedAnimatic":true,"keyPoints":["s_mirror_lati_F_a_G8a3N","c_nurse_a_G8a3N","s_pamphlet3_G8a3N","s_pamphlet1_G8a3N"],"unlocked":true,"touchableObjects":["s_poster_G8a3N","s_mirror_lati_F_a_G8a3N","c_nurse_a_G8a3N","s_phone_G8a3N","s_pamphlet3_G8a3N","s_pamphlet1_G8a3N"]},{"miniGameCards":[],"viewedAnimatic":true,"keyPoints":["c_crush2_F_a_G8a3P","s_kidsCouch_G8a3P"],"unlocked":true,"touchableObjects":["c_crush2_F_a_G8a3P","s_kidStanding_G8a3P","c_crewKid1_F_a_G8a3P","c_friend1_F_a_G8a3P","s_kidsCouch_G8a3P"]}],"stackSize":7,"resolved":true},{"challengeScenes":[{"miniGameCards":[],"viewedAnimatic":true,"keyPoints":["s_pillBottle_G8b0","c_friend1_F_a_G8b0","c_kidSister_lati_a_G8b0"],"unlocked":true,"touchableObjects":["s_pillBottle_G8b0","s_cigarette_G8b0","c_friend1_F_a_G8b0","c_grandma_lati_a_G8b0","c_kidSister_lati_a_G8b0"]},{"miniGameCards":[],"viewedAnimatic":true,"keyPoints":["c_friend1_F_a_G8b1N","c_kidSister_lati_a_G8b1N","c_grandma_lati_a_G8b1N"],"unlocked":true,"touchableObjects":["c_friend1_F_a_G8b1N","c_kidSister_lati_a_G8b1N","c_grandma_lati_a_G8b1N"]},{"miniGameCards":[],"viewedAnimatic":true,"keyPoints":["c_friend1_F_a_G8b1P","c_grandma_lati_a_G8b1P","s_pillBottle_F_G8b1P"],"unlocked":true,"touchableObjects":["c_friend1_F_a_G8b1P","c_kidSister_lati_a_G8b1P","c_grandma_lati_a_G8b1P","s_pillBottle_F_G8b1P"]},{"miniGameCards":[],"viewedAnimatic":true,"keyPoints":["s_sandwichBagPills_G8b2N","c_crewKid2_F_a_G8b2N","c_teacherEng_G8b2N","s_clock_G8b2N","c_friend1_F_a_G8b2N"],"unlocked":true,"touchableObjects":["s_sandwichBagPills_G8b2N","s_camera_gen","c_crewKid2_F_a_G8b2N","c_teacherEng_G8b2N","s_clock_G8b2N","s_kid5_G8b2N","c_friend1_F_a_G8b2N"]},{"miniGameCards":[],"viewedAnimatic":true,"keyPoints":["c_friend1_F_a_G8b2P","c_grandma_lati_a_G8b2P","s_pillBottle_G8b2P"],"unlocked":true,"touchableObjects":["c_mom_lati_a_G8b2P","c_friend1_F_a_G8b2P","c_grandma_lati_a_G8b2P","s_pictureDad_lati_gen","c_kidSister_lati_a_G8b2P","s_pillBottle_G8b2P"]}],"stackSize":5,"resolved":true},{"challengeScenes":[{"miniGameCards":[],"viewedAnimatic":true,"keyPoints":["s_door_F_gen","s_bathingSuit_F_G9a0","s_cellPhone_F_G9a0","s_clock_F_G9a0"],"unlocked":true,"touchableObjects":["s_door_F_gen","s_window_F_G9a0","s_bathingSuit_F_G9a0","s_cellPhone_F_G9a0","s_clock_F_G9a0"]},{"miniGameCards":[],"viewedAnimatic":true,"keyPoints":["s_fence_G9a1N","c_cousin_F_a_G9a1N","c_policeOfficer_G9a1N","s_kid3_G9a1N"],"unlocked":true,"touchableObjects":["s_fence_G9a1N","s_potSmokeCloud_G9a1N","c_cousin_F_a_G9a1N","c_policeOfficer_G9a1N","s_kid3_G9a1N"]},{"miniGameCards":[],"viewedAnimatic":true,"keyPoints":["s_door_F_gen","s_calendar_F_gen","c_cousin_F_a_G9a1P","s_poster_F_gen","s_joint_F_G9a1P"],"unlocked":true,"touchableObjects":["s_door_F_gen","s_calendar_F_gen","c_cousin_F_a_G9a1P","s_poster_F_gen","s_joint_F_G9a1P"]},{"miniGameCards":[],"viewedAnimatic":true,"keyPoints":["s_potSmokeCloud_F_G9a2N","s_pictureDad_lati_F_gen","c_kidSister_lati_a_G9a2N","c_mom_lati_a_G9a2N","c_cousin_F_a_G9a2N"],"unlocked":true,"touchableObjects":["s_potSmokeCloud_F_G9a2N","s_cookieTrayEmpty_F_G9a2N","s_pictureDad_lati_F_gen","c_kidSister_lati_a_G9a2N","c_mom_lati_a_G9a2N","c_cousin_F_a_G9a2N"]},{"miniGameCards":[],"viewedAnimatic":true,"keyPoints":["c_cousin_F_a_G9a2P","c_mom_lati_a_G9a2P","s_door_gen","s_pizzaBox_G9a2P"],"unlocked":true,"touchableObjects":["c_cousin_F_a_G9a2P","c_kidSister_lati_a_G9a2P","c_mom_lati_a_G9a2P","s_door_gen","s_pizzaBox_G9a2P","c_grandma_lati_a_G9a2P"]}],"stackSize":5,"resolved":true},{"challengeScenes":[{"miniGameCards":[],"viewedAnimatic":true,"keyPoints":["s_mirror_F_G9b0","s_pictureDad_lati_F_gen","s_computer_F_gen"],"unlocked":true,"touchableObjects":["s_cellPhone_F_G9b0","s_mirror_F_G9b0","s_pictureDad_lati_F_gen","c_kidSister_lati_a_G9b0","s_closet_F_G9b0","s_computer_F_gen"]},{"miniGameCards":[],"viewedAnimatic":true,"keyPoints":["s_joint_G9b1N","s_beerBottle_G9b1N","s_clock_G9b1N","c_cousin_F_a_G9b1N","c_teacherEng_G9b1N","c_kidSister_lati_a_G9b1N","s_brokenLamp_G9b1N"],"unlocked":true,"touchableObjects":["s_joint_G9b1N","s_puddleFloor_G9b1N","s_beerBottle_G9b1N","s_pictureDaddark_lati_gen","s_clock_G9b1N","c_cousin_F_a_G9b1N","c_teacherEng_G9b1N","c_kidSister_lati_a_G9b1N","s_brokenLamp_G9b1N"]},{"miniGameCards":[],"viewedAnimatic":true,"keyPoints":["c_bestFriend_F_a_G9b1P","c_friend1_F_a_G9b1P","c_crush1_F_a_G9b1P","s_pictureMomdark_lati_G9b1P","c_cousin_F_a_G9b1P","s_kidsGroupKitchen_G9b1P","s_pictureDaddark_lati_gen"],"unlocked":true,"touchableObjects":["c_kidSister_lati_a_G9b1P","c_bestFriend_F_a_G9b1P","c_friend1_F_a_G9b1P","c_crush1_F_a_G9b1P","s_pictureMomdark_lati_G9b1P","c_cousin_F_a_G9b1P","s_door_G9b1P","s_kidsGroupKitchen_G9b1P","s_pictureDaddark_lati_gen"]},{"miniGameCards":[],"viewedAnimatic":true,"keyPoints":["c_cousin_F_a_G9b2N","c_crush1_F_a_G9b2N","c_mom_lati_a_G9b2N"],"unlocked":true,"touchableObjects":["c_grandma_lati_a_G9b2N","c_kidSister_lati_a_G9b2N","c_cousin_F_a_G9b2N","s_pictureDaddark_lati_gen","s_kidCouch_G9b2N","c_crush1_F_a_G9b2N","c_mom_lati_a_G9b2N"]},{"miniGameCards":[],"viewedAnimatic":true,"keyPoints":["c_mom_lati_a_G9b2P","c_crush1_F_a_G9b2P","s_clock_G9b2P","c_bestFriend_F_a_G9b2P"],"unlocked":true,"touchableObjects":["c_grandma_lati_a_G9b2P","c_mom_lati_a_G9b2P","c_kidSister_lati_a_G9b2P","c_crush1_F_a_G9b2P","s_boardGame_G9b2P","s_clock_G9b2P","s_sodaBottle_G9b2P","c_bestFriend_F_a_G9b2P"]}],"stackSize":5,"resolved":true},{"challengeScenes":[{"miniGameCards":[],"viewedAnimatic":true,"keyPoints":["c_crush1_F_b_G10a0","s_cellPhone_F_G10a0","s_poster_F_gen","s_window_F_G10a0","s_drawer_F_G10a0"],"unlocked":true,"touchableObjects":["c_crush1_F_b_G10a0","s_bed2_F_G10a0","s_computer_F_gen","s_calendar_F_gen","s_cellPhone_F_G10a0","s_poster_F_gen","s_door_F_gen","s_clock_F_G10a0","s_window_F_G10a0","s_bed1_F_G10a0","s_pictureFamily_F_G10a0","s_chairClothes_F_G10a0","s_drawer_F_G10a0"]},{"miniGameCards":[],"viewedAnimatic":true,"keyPoints":["s_condom_F_G10a1N","c_crush1_F_b_G10a1N","s_mirror_F_G10a1N","s_picture_F_G10a1N"],"unlocked":true,"touchableObjects":["s_condom_F_G10a1N","c_crush1_F_b_G10a1N","s_mirror_F_G10a1N","s_crushClothes_F_G10a1N","s_picture_F_G10a1N"]},{"miniGameCards":[],"viewedAnimatic":true,"keyPoints":["c_crush1_F_b_G10a1P","c_friend_F_b_G10a1P","s_lockerPoster_G10a1P"],"unlocked":true,"touchableObjects":["c_crush1_F_b_G10a1P","c_friend_F_b_G10a1P","c_bestFriend_F_b_G10a1P","s_dancePoster_G10a1P","s_lockerPoster_G10a1P"]},{"miniGameCards":[],"viewedAnimatic":true,"keyPoints":["s_pamphlet5_G10a2N","s_phone_G10a2N","c_nurse_G10a2N","s_pamphlet4_G10a2N","s_pamphlet3_G10a2N","s_pamphlet1_G10a2N"],"unlocked":true,"touchableObjects":["s_firstAidKit_G10a2N","s_kleenex_G10a2N","s_curtain_G10a2N","s_pamphlet2_G10a2N","s_pamphlet5_G10a2N","s_cot_G10a2N","s_phone_G10a2N","c_nurse_G10a2N","s_pamphlet4_G10a2N","s_pamphlet3_G10a2N","s_pamphlet1_G10a2N"]},{"miniGameCards":[],"viewedAnimatic":true,"keyPoints":["c_crush1_F_b_G10a2P","s_dancePoster_G10a2P","c_friend_F_b_G10a2P","c_cousin_F_b_G10a2P","c_nurse_G10a2P"],"unlocked":true,"touchableObjects":["c_crush1_F_b_G10a2P","s_dancePoster_G10a2P","c_friend_F_b_G10a2P","c_cousin_F_b_G10a2P","c_nurse_G10a2P"]}],"stackSize":5,"resolved":true},{"challengeScenes":[{"miniGameCards":[],"viewedAnimatic":true,"keyPoints":["s_car1_G10b0","s_car2_G10b0","s_kidPointing_G10b0","s_kidsGroup1_G10b0","c_crush1_F_b_G10b0","s_trafficLight_G10b0","c_crewKid2_F_b_G10b0","c_crush2_F_b_G10b0"],"unlocked":true,"touchableObjects":["s_car1_G10b0","s_car2_G10b0","s_kidPointing_G10b0","s_kidsGroup1_G10b0","c_crush1_F_b_G10b0","c_cousinsBrother_b_G10b0","s_trafficLight_G10b0","s_streetCorner_G10b0","c_crewKid2_F_b_G10b0","c_crush2_F_b_G10b0"]},{"miniGameCards":[],"viewedAnimatic":true,"keyPoints":["c_cousinsBrothersFriend_b_G10b1N","s_carSmashed_G10b1N","s_kidsHorrified_G10b1N"],"unlocked":true,"touchableObjects":["c_policeOfficer_G10b1N","c_cousinsBrothersFriend_b_G10b1N","s_carSmashed_G10b1N","s_kidsHorrified_G10b1N"]},{"miniGameCards":[],"viewedAnimatic":true,"keyPoints":["s_stairs_G10b1P","c_crush1_F_b_G10b1P","s_pictureDad_lati_gen","s_candles_G10b1P","s_clock_G10b1P","s_keys_G10b1P"],"unlocked":true,"touchableObjects":["s_stairs_G10b1P","c_crush1_F_b_G10b1P","s_pictureDad_lati_gen","s_candles_G10b1P","s_clock_G10b1P","s_keys_G10b1P"]},{"miniGameCards":[],"viewedAnimatic":true,"keyPoints":["c_cousin_F_b_G10b2N","c_bestFriend_F_b_G10b2N","c_crush1_F_b_G10b2N","c_teacherEng_G10b2N","s_clock_G10b2N"],"unlocked":true,"touchableObjects":["c_cousin_F_b_G10b2N","c_bestFriend_F_b_G10b2N","c_crush1_F_b_G10b2N","c_teacherEng_G10b2N","s_clock_G10b2N"]},{"miniGameCards":[],"viewedAnimatic":true,"keyPoints":["s_condom_G10b2P","s_mirror_F_G10b2P"],"unlocked":true,"touchableObjects":["s_condom_G10b2P","c_grandma_lati_a_G10b2P","s_mirror_F_G10b2P"]}],"stackSize":5,"resolved":true},{"challengeScenes":[{"miniGameCards":[],"viewedAnimatic":true,"keyPoints":["s_mirror_G11a0","c_friend1_F_G11a0","s_backpack_G11a0"],"unlocked":true,"touchableObjects":["s_mirror_G11a0","c_friend1_F_G11a0","s_backpack_G11a0"]},{"miniGameCards":[],"viewedAnimatic":true,"keyPoints":["s_poster_F_gen","s_door_F_gen","c_crush1_F_G11a1N","s_bed_F_G11a1N","s_window_F_G11a1N"],"unlocked":true,"touchableObjects":["s_poster_F_gen","s_door_F_gen","c_crush1_F_G11a1N","s_bed_F_G11a1N","s_calendar_F_gen","s_window_F_G11a1N"]},{"miniGameCards":[],"viewedAnimatic":true,"keyPoints":["s_poster_G11a1P","c_nurse_G11a1P","c_friend1_F_G11a1P","s_rubberGloves_G11a1P"],"unlocked":true,"touchableObjects":["s_poster_G11a1P","c_nurse_G11a1P","c_friend1_F_G11a1P","s_rubberGloves_G11a1P"]},{"miniGameCards":[],"viewedAnimatic":true,"keyPoints":["s_lockerKids1_G11a2N","s_hivKid_F_G11a2N","c_friend1_F_G11a2N","c_crush2_F_G11a2N"],"unlocked":true,"touchableObjects":["s_lockerKids1_G11a2N","s_hivKid_F_G11a2N","s_lockerKids2_G11a2N","c_teacherEng_G11a2N","c_friend1_F_G11a2N","c_crush2_F_G11a2N"]},{"miniGameCards":[],"viewedAnimatic":true,"keyPoints":["c_friend1_F_G11a2P","c_nurse_G11a2P"],"unlocked":true,"touchableObjects":["c_friend1_F_G11a2P","c_nurse_G11a2P"]}],"stackSize":5,"resolved":true},{"challengeScenes":[{"miniGameCards":[],"viewedAnimatic":true,"keyPoints":["c_teacherEng_G11b0","s_door_G11b0","c_bestFriend_F_b_G11b0","s_posterPromPromise_G11b0","s_bestFriendsDateNose_F_G11b0"],"unlocked":true,"touchableObjects":["c_teacherEng_G11b0","s_bestFriendsDate_F_G11b0","s_door_G11b0","c_bestFriend_F_b_G11b0","c_crush1_F_b_G11b0","s_posterPromPromise_G11b0","s_djPlatform_G11b0","s_bestFriendsDateNose_F_G11b0"]},{"miniGameCards":[],"viewedAnimatic":true,"keyPoints":["s_car_G11b1N","s_bestFriendsDate_F_G11b1N","c_crush1_F_b_G11b1N","s_bestFriendsDateFace_F_G11b1N"],"unlocked":true,"touchableObjects":["s_car_G11b1N","s_bestFriendsDate_F_G11b1N","c_crush1_F_b_G11b1N","s_bestFriendsDateFace_F_G11b1N"]},{"miniGameCards":[],"viewedAnimatic":true,"keyPoints":["c_bestFriend_F_b_G11b1P","c_crush1_F_b_G11b1P"],"unlocked":true,"touchableObjects":["c_bestFriend_F_b_G11b1P","c_teacherEng_G11b1P","c_crush1_F_b_G11b1P"]},{"miniGameCards":[],"viewedAnimatic":true,"keyPoints":["s_carCrashed_G11b2N","s_policeCar_G11b2N","c_bestFriend_F_b_G11b2N"],"unlocked":true,"touchableObjects":["s_carCrashed_G11b2N","s_policeCar_G11b2N","c_crush1_F_b_G11b2N","c_bestFriend_F_b_G11b2N"]},{"miniGameCards":[],"viewedAnimatic":true,"keyPoints":["c_grandma_lati_G11b2P","s_keys_G11b2P","c_kidSister_lati_b_G11b2P"],"unlocked":true,"touchableObjects":["c_mom_lati_G11b2P","c_grandma_lati_G11b2P","s_keys_G11b2P","c_kidSister_lati_b_G11b2P"]}],"stackSize":5,"resolved":true},{"challengeScenes":[{"miniGameCards":[],"viewedAnimatic":true,"keyPoints":["c_mom_lati_G12a0","s_pictureDad_lati_gen","s_clock_G12a0"],"unlocked":true,"touchableObjects":["c_mom_lati_G12a0","s_pictureDad_lati_gen","s_clock_G12a0"]},{"miniGameCards":[],"viewedAnimatic":true,"keyPoints":["s_calendar_F_gen","s_door_F_gen","c_crush1_F_G12a1N"],"unlocked":true,"touchableObjects":["s_calendar_F_gen","s_door_F_gen","c_crush1_F_G12a1N"]},{"miniGameCards":[],"viewedAnimatic":true,"keyPoints":["s_condoms_G12a1P","s_pictureDad_lati_gen","s_testResultsHIV_G12a1P","s_booklet_G12a1P","c_mom_lati_G12a1P"],"unlocked":true,"touchableObjects":["s_condoms_G12a1P","s_pictureDad_lati_gen","s_testResultsHIV_G12a1P","s_booklet_G12a1P","c_mom_lati_G12a1P"]},{"miniGameCards":[],"viewedAnimatic":true,"keyPoints":["c_mom_lati_G12a2N","s_tv_gen","c_kidSister_lati_b_G12a2N","s_door_gen","s_pregnancyTest_G12a2N","s_pictureDad_lati_gen"],"unlocked":true,"touchableObjects":["c_mom_lati_G12a2N","s_tv_gen","c_kidSister_lati_b_G12a2N","s_door_gen","s_pregnancyTest_G12a2N","s_pictureDad_lati_gen"]},{"miniGameCards":[],"viewedAnimatic":true,"keyPoints":["s_pregnantGirl_G12a2P","c_bestFriend_F_b_G12a2P","c_nurse_G12a2P","c_crush1_F_b_G12a2P"],"unlocked":true,"touchableObjects":["s_pregnantGirl_G12a2P","c_bestFriend_F_b_G12a2P","c_nurse_G12a2P","c_crush1_F_b_G12a2P"]}],"stackSize":5,"resolved":true},{"challengeScenes":[{"miniGameCards":[],"viewedAnimatic":true,"keyPoints":["s_paycheckHand_F_lati_G12b0","c_crush1_F_b_G12b0","s_snackbarGate_G12b0","c_bestFriend_F_b_G12b0"],"unlocked":true,"touchableObjects":["s_paycheckHand_F_lati_G12b0","c_crush1_F_b_G12b0","c_cousinsBrothersFriend_b_G12b0","s_friesDrink_G12b0","s_snackbarGate_G12b0","s_poolRules_G12b0","c_bestFriend_F_b_G12b0"]},{"miniGameCards":[],"viewedAnimatic":true,"keyPoints":["s_car_G12b1N","s_phone_G12b1N","s_barDoor_G12b1N","c_cousinsBrothersFriend_b_G12b1N"],"unlocked":true,"touchableObjects":["s_car_G12b1N","s_phone_G12b1N","s_barDoor_G12b1N","c_cousinsBrothersFriend_b_G12b1N"]},{"miniGameCards":[],"viewedAnimatic":true,"keyPoints":["c_mom_lati_G12b1P","c_kidSister_lati_b_G12b1P","c_dad_lati_G12b1P","c_crush1_F_b_G12b1P","s_diplomaPhoto_G12b1P"],"unlocked":true,"touchableObjects":["c_mom_lati_G12b1P","c_kidSister_lati_b_G12b1P","c_dad_lati_G12b1P","c_crush1_F_b_G12b1P","s_diplomaPhoto_G12b1P"]},{"miniGameCards":[],"viewedAnimatic":true,"keyPoints":["c_grandma_lati_G12b2N","s_phone_F_G12b2N","c_mom_lati_G12b2N","s_purse_F_G12b2N","s_calendar_F_G12b2N","s_window_F_G12b2N"],"unlocked":true,"touchableObjects":["c_grandma_lati_G12b2N","s_phone_F_G12b2N","c_mom_lati_G12b2N","s_purse_F_G12b2N","s_calendar_F_G12b2N","s_computer_F_G12b2N","s_window_F_G12b2N"]},{"miniGameCards":[],"viewedAnimatic":true,"keyPoints":["c_mom_lati_G12b2P","c_cousinsBrothersFriend_b_G12b2P"],"unlocked":true,"touchableObjects":["c_mom_lati_G12b2P","c_cousinsBrothersFriend_b_G12b2P"]}],"stackSize":5,"resolved":true},{"challengeScenes":[{"miniGameCards":[],"viewedAnimatic":false,"keyPoints":[],"unlocked":true,"touchableObjects":["c_friends_G0a0","c_education_G0a0","c_player_lati_F_a_G0a0","c_family_lati_a_G0a0"]},{"miniGameCards":[],"viewedAnimatic":false,"keyPoints":["c_family_lati_a_G0a1N","c_home_G0a1N","c_job_G0a1N"],"unlocked":true,"touchableObjects":["c_family_lati_a_G0a1N","c_home_G0a1N","c_job_G0a1N","c_player_lati_F_a_G0a1N"]},{"miniGameCards":[],"viewedAnimatic":false,"keyPoints":["c_dad_lati_a_G0a1P","c_mom_lati_a_G0a1P","c_kidsister_lati_a_G0a1P","c_grandma_lati_a_G0a1P","c_Teacher_G0a1P","c_Nurse_G0a1P"],"unlocked":true,"touchableObjects":["c_cousins_F_a_G0a1P","c_friends_G0a1P","c_dad_lati_a_G0a1P","c_mom_lati_a_G0a1P","c_kidsister_lati_a_G0a1P","c_grandma_lati_a_G0a1P","c_Teacher_G0a1P","c_Nurse_G0a1P"]}],"stackSize":3,"resolved":true}],"sessionId":17,"epilogue":{"rating":4},"playerId":6506004,"session":[{"sceneId":"1P","stackId":12},{"sceneId":"1P","stackId":0},{"sceneId":"1P","stackId":1},{"sceneId":"1N","stackId":1},{"sceneId":"2P","stackId":1},{"sceneId":"3P","stackId":2},{"sceneId":"1P","stackId":2},{"sceneId":"1N","stackId":2},{"sceneId":"2P","stackId":2},{"sceneId":"1P","stackId":3},{"sceneId":"1N","stackId":3},{"sceneId":"2P","stackId":3},{"sceneId":"1P","stackId":4},{"sceneId":"1N","stackId":4},{"sceneId":"2P","stackId":4},{"sceneId":"1P","stackId":5},{"sceneId":"1N","stackId":5},{"sceneId":"2P","stackId":5},{"sceneId":"2P","stackId":6},{"sceneId":"1P","stackId":6},{"sceneId":"1P","stackId":7},{"sceneId":"1N","stackId":7},{"sceneId":"2P","stackId":7},{"sceneId":"1P","stackId":8},{"sceneId":"1N","stackId":8},{"sceneId":"2P","stackId":8},{"sceneId":"2P","stackId":10},{"sceneId":"1P","stackId":10},{"sceneId":"2P","stackId":9},{"sceneId":"1P","stackId":9},{"sceneId":"2P","stackId":11},{"sceneId":"1P","stackId":11}],"minigames":[{"levelSaveData":[{"starRating":3,"unlocked":true},{"starRating":3,"unlocked":true},{"starRating":3,"unlocked":true},{"starRating":3,"unlocked":true},{"starRating":3,"unlocked":true},{"starRating":3,"unlocked":true},{"starRating":3,"unlocked":true},{"starRating":3,"unlocked":true},{"starRating":3,"unlocked":true},{"starRating":2,"unlocked":true}],"skillPoints":29},{"levelSaveData":[{"starRating":3,"unlocked":true},{"starRating":3,"unlocked":true},{"starRating":3,"unlocked":true},{"starRating":3,"unlocked":true},{"starRating":3,"unlocked":true},{"starRating":3,"unlocked":true},{"starRating":3,"unlocked":true},{"starRating":3,"unlocked":true},{"starRating":3,"unlocked":true},{"starRating":3,"unlocked":true}],"skillPoints":30},{"levelSaveData":[{"starRating":3,"unlocked":true},{"starRating":3,"unlocked":true},{"starRating":3,"unlocked":true},{"starRating":3,"unlocked":true},{"starRating":3,"unlocked":true},{"starRating":3,"unlocked":true},{"starRating":3,"unlocked":true},{"starRating":3,"unlocked":true},{"starRating":3,"unlocked":true},{"starRating":3,"unlocked":true}],"skillPoints":30},{"levelSaveData":[{"starRating":3,"unlocked":true},{"starRating":3,"unlocked":true},{"starRating":3,"unlocked":true},{"starRating":3,"unlocked":true},{"starRating":3,"unlocked":true},{"starRating":3,"unlocked":true},{"starRating":3,"unlocked":true},{"starRating":3,"unlocked":true},{"starRating":3,"unlocked":true},{"starRating":3,"unlocked":true}],"skillPoints":30},{"age":14,"name":"lemcy","gender":1,"id":2,"levelSaveData":[{"starRating":3,"unlocked":true},{"starRating":3,"chunks":[["0"],["3$$mean","21$$weak"],["8$$best","13$$study","12$$party"],["4"]],"unlocked":true},{"starRating":3,"chunks":[["1"],["8$$swimming","5"],["9$$swimming","6$$makeup"]],"unlocked":true},{"starRating":3,"chunks":[["4$$family car"],["4$$puppy"],["2"],["3"],["0","4"],["5"]],"unlocked":true},{"starRating":3,"chunks":[["5$$anything"],["3"],["0$$school","4"],["1"],["4"],["7$$fam"]],"unlocked":true},{"starRating":3,"chunks":[["9"],["6","1","2","5"],["8$$florida"],["3"]],"unlocked":true},{"starRating":3,"chunks":[["1"],["1"],["8$$mom","2$$sister"],["2","0"],["3$$family of 5"]],"unlocked":true},{"starRating":3,"chunks":[["1","4","5"],["6","0","7"],["0"],["2$$jog"],["2"]],"unlocked":true},{"starRating":3,"chunks":[["3","2","7"],["1","0","5"],["5","1"]],"unlocked":true},{"starRating":3,"chunks":[["1"],["7$$puerto rico"],["9$$skyd"],["7$$doctor"],["1$$jb"],["1"]],"unlocked":true}],"visualAvatar":0,"skillPoints":30}],"avatar":{"age":14,"name":"lemcy","gender":1,"id":2,"levelSaveData":[{"starRating":3,"unlocked":true},{"starRating":3,"chunks":[["0"],["3$$mean","21$$weak"],["8$$best","13$$study","12$$party"],["4"]],"unlocked":true},{"starRating":3,"chunks":[["1"],["8$$swimming","5"],["9$$swimming","6$$makeup"]],"unlocked":true},{"starRating":3,"chunks":[["4$$family car"],["4$$puppy"],["2"],["3"],["0","4"],["5"]],"unlocked":true},{"starRating":3,"chunks":[["5$$anything"],["3"],["0$$school","4"],["1"],["4"],["7$$fam"]],"unlocked":true},{"starRating":3,"chunks":[["9"],["6","1","2","5"],["8$$florida"],["3"]],"unlocked":true},{"starRating":3,"chunks":[["1"],["1"],["8$$mom","2$$sister"],["2","0"],["3$$family of 5"]],"unlocked":true},{"starRating":3,"chunks":[["1","4","5"],["6","0","7"],["0"],["2$$jog"],["2"]],"unlocked":true},{"starRating":3,"chunks":[["3","2","7"],["1","0","5"],["5","1"]],"unlocked":true},{"starRating":3,"chunks":[["1"],["7$$puerto rico"],["9$$skyd"],["7$$doctor"],["1$$jb"],["1"]],"unlocked":true}],"visualAvatar":0,"skillPoints":30}}
6506004,0,9:42:41,7/23/2013 2:26:24pm
6506004,100,9:42:46,2
6506004,102,9:42:48,2
6506004,200,9:42:48,2,29,30,30,30,30
6506004,219,9:42:51,2
6506004,216,9:42:54,Stack_G8a0
6506004,217,9:43:12,Stack_G8a0,15,1.3
6506004,218,9:43:13,2
6506004,210,9:43:14,731,442
6506004,211,9:43:15,728,426
6506004,207,9:43:16,2,-200,-193.5
6506004,204,9:43:17,2
6506004,100,9:43:18,0
6506004,102,9:43:22,0
6506004,200,9:43:22,0,29,30,30,30,30
6506004,210,9:43:24,687,612
6506004,211,9:43:25,829,568
6506004,204,9:43:35,0
6506004,1003,9:43:36,1
6506004,1003,9:43:38,0
6506004,1004,9:43:40,9
6506004,400,9:43:42,9,[]
6506004,1002,9:43:43,9
6506004,1003,9:43:43,0
6506004,103,11:1:31
6506004,105,11:1:33
6506004,703,11:1:34,[|| EpilogueItem ID: 0 unlocked: true ||,|| EpilogueItem ID: 1 unlocked: true ||,|| EpilogueItem ID: 2 unlocked: true ||,|| EpilogueItem ID: 3 unlocked: true ||,|| EpilogueItem ID: 4 unlocked: true ||,|| EpilogueItem ID: 5 unlocked: true ||,|| EpilogueItem ID: 6 unlocked: true ||,|| EpilogueItem ID: 7 unlocked: true ||,|| EpilogueItem ID: 8 unlocked: true ||,|| EpilogueItem ID: 9 unlocked: true ||,|| EpilogueItem ID: 10 unlocked: true ||,|| EpilogueItem ID: 11 unlocked: true ||,|| EpilogueItem ID: 12 unlocked: true ||,|| EpilogueItem ID: 13 unlocked: true ||,|| EpilogueItem ID: 14 unlocked: true ||,|| EpilogueItem ID: 15 unlocked: true ||,|| EpilogueItem ID: 16 unlocked: true ||,|| EpilogueItem ID: 17 unlocked: true ||,|| EpilogueItem ID: 18 unlocked: true ||,|| EpilogueItem ID: 19 unlocked: true ||,|| EpilogueItem ID: 20 unlocked: true ||,|| EpilogueItem ID: 21 unlocked: true ||,|| EpilogueItem ID: 22 unlocked: true ||,|| EpilogueItem ID: 23 unlocked: true ||,|| EpilogueItem ID: 24 unlocked: true ||],1
6506004,706,11:1:35,(x=2136, y=-100, w=1024, h=768),(x=2531, y=-100, w=1024, h=768)
6506004,708,11:1:36
6506004,1,11:1:36,7/23/2013 3:45:19pm,{"gameTime":39696030,"challengeStacks":[{"challengeScenes":[{"miniGameCards":[],"viewedAnimatic":true,"keyPoints":["c_teacherEng_G7a0","c_bestFriend_F_a_G7a0","s_flag_gen"],"unlocked":true,"touchableObjects":["c_crewKid1_F_G7a0","s_otherStudent1_G7a0","s_vocabAssignment_G7a0","s_doorClassroom_G7a0","s_clock_G7a0","c_teacherEng_G7a0","s_atwoodPoster_gen","c_friend1_F_a_G7a0","s_poePoster_gen","c_bestFriend_F_a_G7a0","s_flag_gen"]},{"miniGameCards":[],"viewedAnimatic":true,"keyPoints":["c_bestFriend_F_a_G7a1N","s_paperPlayers_G7a1N","c_teacherEng_G7a1N"],"unlocked":true,"touchableObjects":["s_otherStudent2_G7a1N","c_bestFriend_F_a_G7a1N","c_crewKid1_F_G7a1N","s_posterPlagiarism_gen","s_paperPlayers_G7a1N","s_otherStudent1_G7a1N","c_teacherEng_G7a1N"]},{"miniGameCards":[],"viewedAnimatic":true,"keyPoints":["c_teacherEng_G7a1P","c_bestFriend_F_a_G7a1P","s_flag_gen","s_paperEnglish_gen"],"unlocked":true,"touchableObjects":["c_teacherEng_G7a1P","s_paperPlayers_G7a1P","c_bestFriend_F_a_G7a1P","s_flag_gen","s_clock_G7a1P","s_papersDetention_gen","s_angelouPoster_gen","s_shakespearePoster_gen","s_poePoster_gen","s_atwoodPoster_gen","s_paperEnglish_gen"]}],"stackSize":3,"resolved":true},{"challengeScenes":[{"miniGameCards":[],"viewedAnimatic":true,"keyPoints":["c_kidSister_lati_a_G7b0","c_crewKid1_F_G7b0","s_backpack_F_G7b0"],"unlocked":true,"touchableObjects":["c_crewKid2_F_G7b0","s_snackBarWorker_G7b0","c_cousin_F_a_G7b0","c_kidSister_lati_a_G7b0","c_cousinsBrother_a_G7b0","s_lifeguard_G7b0","c_crewKid1_F_G7b0","s_backpack_F_G7b0","c_cousinsBrothersFriend_a_G7b0","c_cousinsBrothersFriendsGF_G7b0"]},{"miniGameCards":[],"viewedAnimatic":true,"keyPoints":["c_crewKid1_F_G7b1N","c_kidSister_lati_a_G7b1N","s_sprayPaintCan_G7b1N","s_graffiti_G7b1N","s_brokenCarWindow_G7b1N"],"unlocked":true,"touchableObjects":["c_teacherEng_G7b1N","c_crewKid1_F_G7b1N","s_wreckedPlants_G7b1N","c_kidSister_lati_a_G7b1N","s_flag_G7b1N","s_sprayPaintCan_G7b1N","s_graffiti_G7b1N","s_brokenCarWindow_G7b1N"]},{"miniGameCards":[],"viewedAnimatic":true,"keyPoints":["c_cousinsBrothersFriend_a_G7b1P","s_poolDay_ruleSign_G7b1P","c_cousinsBrother_a_G7b1P","c_cousin_F_a_G7b1P"],"unlocked":true,"touchableObjects":["c_kidSister_lati_a_G7b1P","c_cousinsBrothersFriend_a_G7b1P","s_poolDay_ruleSign_G7b1P","c_crush1_F_a_G7b1P","c_cousinsBrother_a_G7b1P","c_cousin_F_a_G7b1P"]},{"miniGameCards":[],"viewedAnimatic":true,"keyPoints":["c_crush1_F_a_G7b2N","s_kid1_G7b2N","c_cousin_F_a_G7b2N","c_kidSister_lati_a_G7b2N"],"unlocked":true,"touchableObjects":["c_crush1_F_a_G7b2N","s_lifeguard_G7b2N","s_cousinsBFgirlfriend_G7b2N","c_crewKid2_F_G7b2N","s_kid1_G7b2N","c_cousin_F_a_G7b2N","c_kidSister_lati_a_G7b2N"]},{"miniGameCards":[],"viewedAnimatic":true,"keyPoints":["s_computer_F_G7b2P","c_cousin_F_a_G7b2P","s_pictureDad_lati_F_gen","c_kidSister_lati_a_G7b2P"],"unlocked":true,"touchableObjects":["s_calendar_F_gen","s_computer_F_G7b2P","c_cousin_F_a_G7b2P","s_pictureDad_lati_F_gen","c_kidSister_lati_a_G7b2P","c_grandma_lati_a_G7b2P"]}],"stackSize":5,"resolved":true},{"challengeScenes":[{"miniGameCards":[],"viewedAnimatic":true,"keyPoints":["s_clock_G8a0","s_bottleCrush2_F_G8a0","s_cellphone_G8a0","c_crush2_F_a_G8a0","c_cousin_F_a_G8a0"],"unlocked":true,"touchableObjects":["c_crewKid1_F_a_G8a0","s_beerSixpack_G8a0","s_bottleTable_G8a0","s_clock_G8a0","s_bottleCrush2_F_G8a0","s_cellphone_G8a0","s_stairs_G8a0","s_beerCooler_G8a0","s_bottleFloor_G8a0","c_crush2_F_a_G8a0","c_cousin_F_a_G8a0"]},{"miniGameCards":[],"viewedAnimatic":true,"keyPoints":["s_crush2Lips_F_G8a1N","s_crush2Eyes_F_G8a1N","s_basementDoor_gen","s_dirtyClothes_gen","s_crush2Sore_F_G8a1N"],"unlocked":true,"touchableObjects":["c_crush2_F_a_G8a1N","s_crush2Lips_F_G8a1N","s_crush2Eyes_F_G8a1N","s_dryer_G8a1N","s_waterHeater_gen","s_basementDoor_gen","s_dirtyClothes_gen","s_stairs_G8a1N","s_inhalantsShelf_gen","s_crush2Sore_F_G8a1N"]},{"miniGameCards":[],"viewedAnimatic":true,"keyPoints":["s_dirtyClothes_gen","s_basementDoor_gen","c_crush2_F_a_G8a1P","s_inhalantsShelf_gen"],"unlocked":true,"touchableObjects":["s_spraypaintCrush2_F_G8a1P","s_dirtyClothes_gen","s_basementDoor_gen","c_crush2_F_a_G8a1P","s_inhalantsShelf_gen"]},{"miniGameCards":[],"viewedAnimatic":true,"keyPoints":["s_spraypaintCan_G8a2N","c_crush2_F_a_G8a2N"],"unlocked":true,"touchableObjects":["s_fumes_G8a2N","s_spraypaintCan_G8a2N","c_friend1_F_a_G8a2N","c_crush2_F_a_G8a2N"]},{"miniGameCards":[],"viewedAnimatic":true,"keyPoints":["c_kidSister_lati_a_G8a2P","c_crush2_F_a_G8a2P","s_pictureDad_lati_gen","s_magazine_G8a2P","s_sistersToy_G8a2P"],"unlocked":true,"touchableObjects":["s_door_gen","c_kidSister_lati_a_G8a2P","s_stairs_G8a2P","c_crush2_F_a_G8a2P","s_pictureDad_lati_gen","c_grandma_lati_a_G8a2P","s_clock_G8a2P","s_magazine_G8a2P","s_ashtray_G8a2P","s_sistersToy_G8a2P"]},{"miniGameCards":[],"viewedAnimatic":true,"keyPoints":["s_mirror_lati_F_a_G8a3N","c_nurse_a_G8a3N","s_pamphlet3_G8a3N","s_pamphlet1_G8a3N"],"unlocked":true,"touchableObjects":["s_poster_G8a3N","s_mirror_lati_F_a_G8a3N","c_nurse_a_G8a3N","s_phone_G8a3N","s_pamphlet3_G8a3N","s_pamphlet1_G8a3N"]},{"miniGameCards":[],"viewedAnimatic":true,"keyPoints":["c_crush2_F_a_G8a3P","s_kidsCouch_G8a3P"],"unlocked":true,"touchableObjects":["c_crush2_F_a_G8a3P","s_kidStanding_G8a3P","c_crewKid1_F_a_G8a3P","c_friend1_F_a_G8a3P","s_kidsCouch_G8a3P"]}],"stackSize":7,"resolved":true},{"challengeScenes":[{"miniGameCards":[],"viewedAnimatic":true,"keyPoints":["s_pillBottle_G8b0","c_friend1_F_a_G8b0","c_kidSister_lati_a_G8b0"],"unlocked":true,"touchableObjects":["s_pillBottle_G8b0","s_cigarette_G8b0","c_friend1_F_a_G8b0","c_grandma_lati_a_G8b0","c_kidSister_lati_a_G8b0"]},{"miniGameCards":[],"viewedAnimatic":true,"keyPoints":["c_friend1_F_a_G8b1N","c_kidSister_lati_a_G8b1N","c_grandma_lati_a_G8b1N"],"unlocked":true,"touchableObjects":["c_friend1_F_a_G8b1N","c_kidSister_lati_a_G8b1N","c_grandma_lati_a_G8b1N"]},{"miniGameCards":[],"viewedAnimatic":true,"keyPoints":["c_friend1_F_a_G8b1P","c_grandma_lati_a_G8b1P","s_pillBottle_F_G8b1P"],"unlocked":true,"touchableObjects":["c_friend1_F_a_G8b1P","c_kidSister_lati_a_G8b1P","c_grandma_lati_a_G8b1P","s_pillBottle_F_G8b1P"]},{"miniGameCards":[],"viewedAnimatic":true,"keyPoints":["s_sandwichBagPills_G8b2N","c_crewKid2_F_a_G8b2N","c_teacherEng_G8b2N","s_clock_G8b2N","c_friend1_F_a_G8b2N"],"unlocked":true,"touchableObjects":["s_sandwichBagPills_G8b2N","s_camera_gen","c_crewKid2_F_a_G8b2N","c_teacherEng_G8b2N","s_clock_G8b2N","s_kid5_G8b2N","c_friend1_F_a_G8b2N"]},{"miniGameCards":[],"viewedAnimatic":true,"keyPoints":["c_friend1_F_a_G8b2P","c_grandma_lati_a_G8b2P","s_pillBottle_G8b2P"],"unlocked":true,"touchableObjects":["c_mom_lati_a_G8b2P","c_friend1_F_a_G8b2P","c_grandma_lati_a_G8b2P","s_pictureDad_lati_gen","c_kidSister_lati_a_G8b2P","s_pillBottle_G8b2P"]}],"stackSize":5,"resolved":true},{"challengeScenes":[{"miniGameCards":[],"viewedAnimatic":true,"keyPoints":["s_door_F_gen","s_bathingSuit_F_G9a0","s_cellPhone_F_G9a0","s_clock_F_G9a0"],"unlocked":true,"touchableObjects":["s_door_F_gen","s_window_F_G9a0","s_bathingSuit_F_G9a0","s_cellPhone_F_G9a0","s_clock_F_G9a0"]},{"miniGameCards":[],"viewedAnimatic":true,"keyPoints":["s_fence_G9a1N","c_cousin_F_a_G9a1N","c_policeOfficer_G9a1N","s_kid3_G9a1N"],"unlocked":true,"touchableObjects":["s_fence_G9a1N","s_potSmokeCloud_G9a1N","c_cousin_F_a_G9a1N","c_policeOfficer_G9a1N","s_kid3_G9a1N"]},{"miniGameCards":[],"viewedAnimatic":true,"keyPoints":["s_door_F_gen","s_calendar_F_gen","c_cousin_F_a_G9a1P","s_poster_F_gen","s_joint_F_G9a1P"],"unlocked":true,"touchableObjects":["s_door_F_gen","s_calendar_F_gen","c_cousin_F_a_G9a1P","s_poster_F_gen","s_joint_F_G9a1P"]},{"miniGameCards":[],"viewedAnimatic":true,"keyPoints":["s_potSmokeCloud_F_G9a2N","s_pictureDad_lati_F_gen","c_kidSister_lati_a_G9a2N","c_mom_lati_a_G9a2N","c_cousin_F_a_G9a2N"],"unlocked":true,"touchableObjects":["s_potSmokeCloud_F_G9a2N","s_cookieTrayEmpty_F_G9a2N","s_pictureDad_lati_F_gen","c_kidSister_lati_a_G9a2N","c_mom_lati_a_G9a2N","c_cousin_F_a_G9a2N"]},{"miniGameCards":[],"viewedAnimatic":true,"keyPoints":["c_cousin_F_a_G9a2P","c_mom_lati_a_G9a2P","s_door_gen","s_pizzaBox_G9a2P"],"unlocked":true,"touchableObjects":["c_cousin_F_a_G9a2P","c_kidSister_lati_a_G9a2P","c_mom_lati_a_G9a2P","s_door_gen","s_pizzaBox_G9a2P","c_grandma_lati_a_G9a2P"]}],"stackSize":5,"resolved":true},{"challengeScenes":[{"miniGameCards":[],"viewedAnimatic":true,"keyPoints":["s_mirror_F_G9b0","s_pictureDad_lati_F_gen","s_computer_F_gen"],"unlocked":true,"touchableObjects":["s_cellPhone_F_G9b0","s_mirror_F_G9b0","s_pictureDad_lati_F_gen","c_kidSister_lati_a_G9b0","s_closet_F_G9b0","s_computer_F_gen"]},{"miniGameCards":[],"viewedAnimatic":true,"keyPoints":["s_joint_G9b1N","s_beerBottle_G9b1N","s_clock_G9b1N","c_cousin_F_a_G9b1N","c_teacherEng_G9b1N","c_kidSister_lati_a_G9b1N","s_brokenLamp_G9b1N"],"unlocked":true,"touchableObjects":["s_joint_G9b1N","s_puddleFloor_G9b1N","s_beerBottle_G9b1N","s_pictureDaddark_lati_gen","s_clock_G9b1N","c_cousin_F_a_G9b1N","c_teacherEng_G9b1N","c_kidSister_lati_a_G9b1N","s_brokenLamp_G9b1N"]},{"miniGameCards":[],"viewedAnimatic":true,"keyPoints":["c_bestFriend_F_a_G9b1P","c_friend1_F_a_G9b1P","c_crush1_F_a_G9b1P","s_pictureMomdark_lati_G9b1P","c_cousin_F_a_G9b1P","s_kidsGroupKitchen_G9b1P","s_pictureDaddark_lati_gen"],"unlocked":true,"touchableObjects":["c_kidSister_lati_a_G9b1P","c_bestFriend_F_a_G9b1P","c_friend1_F_a_G9b1P","c_crush1_F_a_G9b1P","s_pictureMomdark_lati_G9b1P","c_cousin_F_a_G9b1P","s_door_G9b1P","s_kidsGroupKitchen_G9b1P","s_pictureDaddark_lati_gen"]},{"miniGameCards":[],"viewedAnimatic":true,"keyPoints":["c_cousin_F_a_G9b2N","c_crush1_F_a_G9b2N","c_mom_lati_a_G9b2N"],"unlocked":true,"touchableObjects":["c_grandma_lati_a_G9b2N","c_kidSister_lati_a_G9b2N","c_cousin_F_a_G9b2N","s_pictureDaddark_lati_gen","s_kidCouch_G9b2N","c_crush1_F_a_G9b2N","c_mom_lati_a_G9b2N"]},{"miniGameCards":[],"viewedAnimatic":true,"keyPoints":["c_mom_lati_a_G9b2P","c_crush1_F_a_G9b2P","s_clock_G9b2P","c_bestFriend_F_a_G9b2P"],"unlocked":true,"touchableObjects":["c_grandma_lati_a_G9b2P","c_mom_lati_a_G9b2P","c_kidSister_lati_a_G9b2P","c_crush1_F_a_G9b2P","s_boardGame_G9b2P","s_clock_G9b2P","s_sodaBottle_G9b2P","c_bestFriend_F_a_G9b2P"]}],"stackSize":5,"resolved":true},{"challengeScenes":[{"miniGameCards":[],"viewedAnimatic":true,"keyPoints":["c_crush1_F_b_G10a0","s_cellPhone_F_G10a0","s_poster_F_gen","s_window_F_G10a0","s_drawer_F_G10a0"],"unlocked":true,"touchableObjects":["c_crush1_F_b_G10a0","s_bed2_F_G10a0","s_computer_F_gen","s_calendar_F_gen","s_cellPhone_F_G10a0","s_poster_F_gen","s_door_F_gen","s_clock_F_G10a0","s_window_F_G10a0","s_bed1_F_G10a0","s_pictureFamily_F_G10a0","s_chairClothes_F_G10a0","s_drawer_F_G10a0"]},{"miniGameCards":[],"viewedAnimatic":true,"keyPoints":["s_condom_F_G10a1N","c_crush1_F_b_G10a1N","s_mirror_F_G10a1N","s_picture_F_G10a1N"],"unlocked":true,"touchableObjects":["s_condom_F_G10a1N","c_crush1_F_b_G10a1N","s_mirror_F_G10a1N","s_crushClothes_F_G10a1N","s_picture_F_G10a1N"]},{"miniGameCards":[],"viewedAnimatic":true,"keyPoints":["c_crush1_F_b_G10a1P","c_friend_F_b_G10a1P","s_lockerPoster_G10a1P"],"unlocked":true,"touchableObjects":["c_crush1_F_b_G10a1P","c_friend_F_b_G10a1P","c_bestFriend_F_b_G10a1P","s_dancePoster_G10a1P","s_lockerPoster_G10a1P"]},{"miniGameCards":[],"viewedAnimatic":true,"keyPoints":["s_pamphlet5_G10a2N","s_phone_G10a2N","c_nurse_G10a2N","s_pamphlet4_G10a2N","s_pamphlet3_G10a2N","s_pamphlet1_G10a2N"],"unlocked":true,"touchableObjects":["s_firstAidKit_G10a2N","s_kleenex_G10a2N","s_curtain_G10a2N","s_pamphlet2_G10a2N","s_pamphlet5_G10a2N","s_cot_G10a2N","s_phone_G10a2N","c_nurse_G10a2N","s_pamphlet4_G10a2N","s_pamphlet3_G10a2N","s_pamphlet1_G10a2N"]},{"miniGameCards":[],"viewedAnimatic":true,"keyPoints":["c_crush1_F_b_G10a2P","s_dancePoster_G10a2P","c_friend_F_b_G10a2P","c_cousin_F_b_G10a2P","c_nurse_G10a2P"],"unlocked":true,"touchableObjects":["c_crush1_F_b_G10a2P","s_dancePoster_G10a2P","c_friend_F_b_G10a2P","c_cousin_F_b_G10a2P","c_nurse_G10a2P"]}],"stackSize":5,"resolved":true},{"challengeScenes":[{"miniGameCards":[],"viewedAnimatic":true,"keyPoints":["s_car1_G10b0","s_car2_G10b0","s_kidPointing_G10b0","s_kidsGroup1_G10b0","c_crush1_F_b_G10b0","s_trafficLight_G10b0","c_crewKid2_F_b_G10b0","c_crush2_F_b_G10b0"],"unlocked":true,"touchableObjects":["s_car1_G10b0","s_car2_G10b0","s_kidPointing_G10b0","s_kidsGroup1_G10b0","c_crush1_F_b_G10b0","c_cousinsBrother_b_G10b0","s_trafficLight_G10b0","s_streetCorner_G10b0","c_crewKid2_F_b_G10b0","c_crush2_F_b_G10b0"]},{"miniGameCards":[],"viewedAnimatic":true,"keyPoints":["c_cousinsBrothersFriend_b_G10b1N","s_carSmashed_G10b1N","s_kidsHorrified_G10b1N"],"unlocked":true,"touchableObjects":["c_policeOfficer_G10b1N","c_cousinsBrothersFriend_b_G10b1N","s_carSmashed_G10b1N","s_kidsHorrified_G10b1N"]},{"miniGameCards":[],"viewedAnimatic":true,"keyPoints":["s_stairs_G10b1P","c_crush1_F_b_G10b1P","s_pictureDad_lati_gen","s_candles_G10b1P","s_clock_G10b1P","s_keys_G10b1P"],"unlocked":true,"touchableObjects":["s_stairs_G10b1P","c_crush1_F_b_G10b1P","s_pictureDad_lati_gen","s_candles_G10b1P","s_clock_G10b1P","s_keys_G10b1P"]},{"miniGameCards":[],"viewedAnimatic":true,"keyPoints":["c_cousin_F_b_G10b2N","c_bestFriend_F_b_G10b2N","c_crush1_F_b_G10b2N","c_teacherEng_G10b2N","s_clock_G10b2N"],"unlocked":true,"touchableObjects":["c_cousin_F_b_G10b2N","c_bestFriend_F_b_G10b2N","c_crush1_F_b_G10b2N","c_teacherEng_G10b2N","s_clock_G10b2N"]},{"miniGameCards":[],"viewedAnimatic":true,"keyPoints":["s_condom_G10b2P","s_mirror_F_G10b2P"],"unlocked":true,"touchableObjects":["s_condom_G10b2P","c_grandma_lati_a_G10b2P","s_mirror_F_G10b2P"]}],"stackSize":5,"resolved":true},{"challengeScenes":[{"miniGameCards":[],"viewedAnimatic":true,"keyPoints":["s_mirror_G11a0","c_friend1_F_G11a0","s_backpack_G11a0"],"unlocked":true,"touchableObjects":["s_mirror_G11a0","c_friend1_F_G11a0","s_backpack_G11a0"]},{"miniGameCards":[],"viewedAnimatic":true,"keyPoints":["s_poster_F_gen","s_door_F_gen","c_crush1_F_G11a1N","s_bed_F_G11a1N","s_window_F_G11a1N"],"unlocked":true,"touchableObjects":["s_poster_F_gen","s_door_F_gen","c_crush1_F_G11a1N","s_bed_F_G11a1N","s_calendar_F_gen","s_window_F_G11a1N"]},{"miniGameCards":[],"viewedAnimatic":true,"keyPoints":["s_poster_G11a1P","c_nurse_G11a1P","c_friend1_F_G11a1P","s_rubberGloves_G11a1P"],"unlocked":true,"touchableObjects":["s_poster_G11a1P","c_nurse_G11a1P","c_friend1_F_G11a1P","s_rubberGloves_G11a1P"]},{"miniGameCards":[],"viewedAnimatic":true,"keyPoints":["s_lockerKids1_G11a2N","s_hivKid_F_G11a2N","c_friend1_F_G11a2N","c_crush2_F_G11a2N"],"unlocked":true,"touchableObjects":["s_lockerKids1_G11a2N","s_hivKid_F_G11a2N","s_lockerKids2_G11a2N","c_teacherEng_G11a2N","c_friend1_F_G11a2N","c_crush2_F_G11a2N"]},{"miniGameCards":[],"viewedAnimatic":true,"keyPoints":["c_friend1_F_G11a2P","c_nurse_G11a2P"],"unlocked":true,"touchableObjects":["c_friend1_F_G11a2P","c_nurse_G11a2P"]}],"stackSize":5,"resolved":true},{"challengeScenes":[{"miniGameCards":[],"viewedAnimatic":true,"keyPoints":["c_teacherEng_G11b0","s_door_G11b0","c_bestFriend_F_b_G11b0","s_posterPromPromise_G11b0","s_bestFriendsDateNose_F_G11b0"],"unlocked":true,"touchableObjects":["c_teacherEng_G11b0","s_bestFriendsDate_F_G11b0","s_door_G11b0","c_bestFriend_F_b_G11b0","c_crush1_F_b_G11b0","s_posterPromPromise_G11b0","s_djPlatform_G11b0","s_bestFriendsDateNose_F_G11b0"]},{"miniGameCards":[],"viewedAnimatic":true,"keyPoints":["s_car_G11b1N","s_bestFriendsDate_F_G11b1N","c_crush1_F_b_G11b1N","s_bestFriendsDateFace_F_G11b1N"],"unlocked":true,"touchableObjects":["s_car_G11b1N","s_bestFriendsDate_F_G11b1N","c_crush1_F_b_G11b1N","s_bestFriendsDateFace_F_G11b1N"]},{"miniGameCards":[],"viewedAnimatic":true,"keyPoints":["c_bestFriend_F_b_G11b1P","c_crush1_F_b_G11b1P"],"unlocked":true,"touchableObjects":["c_bestFriend_F_b_G11b1P","c_teacherEng_G11b1P","c_crush1_F_b_G11b1P"]},{"miniGameCards":[],"viewedAnimatic":true,"keyPoints":["s_carCrashed_G11b2N","s_policeCar_G11b2N","c_bestFriend_F_b_G11b2N"],"unlocked":true,"touchableObjects":["s_carCrashed_G11b2N","s_policeCar_G11b2N","c_crush1_F_b_G11b2N","c_bestFriend_F_b_G11b2N"]},{"miniGameCards":[],"viewedAnimatic":true,"keyPoints":["c_grandma_lati_G11b2P","s_keys_G11b2P","c_kidSister_lati_b_G11b2P"],"unlocked":true,"touchableObjects":["c_mom_lati_G11b2P","c_grandma_lati_G11b2P","s_keys_G11b2P","c_kidSister_lati_b_G11b2P"]}],"stackSize":5,"resolved":true},{"challengeScenes":[{"miniGameCards":[],"viewedAnimatic":true,"keyPoints":["c_mom_lati_G12a0","s_pictureDad_lati_gen","s_clock_G12a0"],"unlocked":true,"touchableObjects":["c_mom_lati_G12a0","s_pictureDad_lati_gen","s_clock_G12a0"]},{"miniGameCards":[],"viewedAnimatic":true,"keyPoints":["s_calendar_F_gen","s_door_F_gen","c_crush1_F_G12a1N"],"unlocked":true,"touchableObjects":["s_calendar_F_gen","s_door_F_gen","c_crush1_F_G12a1N"]},{"miniGameCards":[],"viewedAnimatic":true,"keyPoints":["s_condoms_G12a1P","s_pictureDad_lati_gen","s_testResultsHIV_G12a1P","s_booklet_G12a1P","c_mom_lati_G12a1P"],"unlocked":true,"touchableObjects":["s_condoms_G12a1P","s_pictureDad_lati_gen","s_testResultsHIV_G12a1P","s_booklet_G12a1P","c_mom_lati_G12a1P"]},{"miniGameCards":[],"viewedAnimatic":true,"keyPoints":["c_mom_lati_G12a2N","s_tv_gen","c_kidSister_lati_b_G12a2N","s_door_gen","s_pregnancyTest_G12a2N","s_pictureDad_lati_gen"],"unlocked":true,"touchableObjects":["c_mom_lati_G12a2N","s_tv_gen","c_kidSister_lati_b_G12a2N","s_door_gen","s_pregnancyTest_G12a2N","s_pictureDad_lati_gen"]},{"miniGameCards":[],"viewedAnimatic":true,"keyPoints":["s_pregnantGirl_G12a2P","c_bestFriend_F_b_G12a2P","c_nurse_G12a2P","c_crush1_F_b_G12a2P"],"unlocked":true,"touchableObjects":["s_pregnantGirl_G12a2P","c_bestFriend_F_b_G12a2P","c_nurse_G12a2P","c_crush1_F_b_G12a2P"]}],"stackSize":5,"resolved":true},{"challengeScenes":[{"miniGameCards":[],"viewedAnimatic":true,"keyPoints":["s_paycheckHand_F_lati_G12b0","c_crush1_F_b_G12b0","s_snackbarGate_G12b0","c_bestFriend_F_b_G12b0"],"unlocked":true,"touchableObjects":["s_paycheckHand_F_lati_G12b0","c_crush1_F_b_G12b0","c_cousinsBrothersFriend_b_G12b0","s_friesDrink_G12b0","s_snackbarGate_G12b0","s_poolRules_G12b0","c_bestFriend_F_b_G12b0"]},{"miniGameCards":[],"viewedAnimatic":true,"keyPoints":["s_car_G12b1N","s_phone_G12b1N","s_barDoor_G12b1N","c_cousinsBrothersFriend_b_G12b1N"],"unlocked":true,"touchableObjects":["s_car_G12b1N","s_phone_G12b1N","s_barDoor_G12b1N","c_cousinsBrothersFriend_b_G12b1N"]},{"miniGameCards":[],"viewedAnimatic":true,"keyPoints":["c_mom_lati_G12b1P","c_kidSister_lati_b_G12b1P","c_dad_lati_G12b1P","c_crush1_F_b_G12b1P","s_diplomaPhoto_G12b1P"],"unlocked":true,"touchableObjects":["c_mom_lati_G12b1P","c_kidSister_lati_b_G12b1P","c_dad_lati_G12b1P","c_crush1_F_b_G12b1P","s_diplomaPhoto_G12b1P"]},{"miniGameCards":[],"viewedAnimatic":true,"keyPoints":["c_grandma_lati_G12b2N","s_phone_F_G12b2N","c_mom_lati_G12b2N","s_purse_F_G12b2N","s_calendar_F_G12b2N","s_window_F_G12b2N"],"unlocked":true,"touchableObjects":["c_grandma_lati_G12b2N","s_phone_F_G12b2N","c_mom_lati_G12b2N","s_purse_F_G12b2N","s_calendar_F_G12b2N","s_computer_F_G12b2N","s_window_F_G12b2N"]},{"miniGameCards":[],"viewedAnimatic":true,"keyPoints":["c_mom_lati_G12b2P","c_cousinsBrothersFriend_b_G12b2P"],"unlocked":true,"touchableObjects":["c_mom_lati_G12b2P","c_cousinsBrothersFriend_b_G12b2P"]}],"stackSize":5,"resolved":true},{"challengeScenes":[{"miniGameCards":[],"viewedAnimatic":false,"keyPoints":[],"unlocked":true,"touchableObjects":["c_friends_G0a0","c_education_G0a0","c_player_lati_F_a_G0a0","c_family_lati_a_G0a0"]},{"miniGameCards":[],"viewedAnimatic":false,"keyPoints":["c_family_lati_a_G0a1N","c_home_G0a1N","c_job_G0a1N"],"unlocked":true,"touchableObjects":["c_family_lati_a_G0a1N","c_home_G0a1N","c_job_G0a1N","c_player_lati_F_a_G0a1N"]},{"miniGameCards":[],"viewedAnimatic":false,"keyPoints":["c_dad_lati_a_G0a1P","c_mom_lati_a_G0a1P","c_kidsister_lati_a_G0a1P","c_grandma_lati_a_G0a1P","c_Teacher_G0a1P","c_Nurse_G0a1P"],"unlocked":true,"touchableObjects":["c_cousins_F_a_G0a1P","c_friends_G0a1P","c_dad_lati_a_G0a1P","c_mom_lati_a_G0a1P","c_kidsister_lati_a_G0a1P","c_grandma_lati_a_G0a1P","c_Teacher_G0a1P","c_Nurse_G0a1P"]}],"stackSize":3,"resolved":true}],"sessionId":18,"epilogue":{"rating":4},"playerId":6506004,"session":[{"sceneId":"1P","stackId":12},{"sceneId":"1P","stackId":0},{"sceneId":"1P","stackId":1},{"sceneId":"1N","stackId":1},{"sceneId":"2P","stackId":1},{"sceneId":"3P","stackId":2},{"sceneId":"1P","stackId":2},{"sceneId":"1N","stackId":2},{"sceneId":"2P","stackId":2},{"sceneId":"1P","stackId":3},{"sceneId":"1N","stackId":3},{"sceneId":"2P","stackId":3},{"sceneId":"1P","stackId":4},{"sceneId":"1N","stackId":4},{"sceneId":"2P","stackId":4},{"sceneId":"1P","stackId":5},{"sceneId":"1N","stackId":5},{"sceneId":"2P","stackId":5},{"sceneId":"2P","stackId":6},{"sceneId":"1P","stackId":6},{"sceneId":"1P","stackId":7},{"sceneId":"1N","stackId":7},{"sceneId":"2P","stackId":7},{"sceneId":"1P","stackId":8},{"sceneId":"1N","stackId":8},{"sceneId":"2P","stackId":8},{"sceneId":"2P","stackId":10},{"sceneId":"1P","stackId":10},{"sceneId":"2P","stackId":9},{"sceneId":"1P","stackId":9},{"sceneId":"2P","stackId":11},{"sceneId":"1P","stackId":11}],"minigames":[{"levelSaveData":[{"starRating":3,"unlocked":true},{"starRating":3,"unlocked":true},{"starRating":3,"unlocked":true},{"starRating":3,"unlocked":true},{"starRating":3,"unlocked":true},{"starRating":3,"unlocked":true},{"starRating":3,"unlocked":true},{"starRating":3,"unlocked":true},{"starRating":3,"unlocked":true},{"starRating":2,"unlocked":true}],"skillPoints":29},{"levelSaveData":[{"starRating":3,"unlocked":true},{"starRating":3,"unlocked":true},{"starRating":3,"unlocked":true},{"starRating":3,"unlocked":true},{"starRating":3,"unlocked":true},{"starRating":3,"unlocked":true},{"starRating":3,"unlocked":true},{"starRating":3,"unlocked":true},{"starRating":3,"unlocked":true},{"starRating":3,"unlocked":true}],"skillPoints":30},{"levelSaveData":[{"starRating":3,"unlocked":true},{"starRating":3,"unlocked":true},{"starRating":3,"unlocked":true},{"starRating":3,"unlocked":true},{"starRating":3,"unlocked":true},{"starRating":3,"unlocked":true},{"starRating":3,"unlocked":true},{"starRating":3,"unlocked":true},{"starRating":3,"unlocked":true},{"starRating":3,"unlocked":true}],"skillPoints":30},{"levelSaveData":[{"starRating":3,"unlocked":true},{"starRating":3,"unlocked":true},{"starRating":3,"unlocked":true},{"starRating":3,"unlocked":true},{"starRating":3,"unlocked":true},{"starRating":3,"unlocked":true},{"starRating":3,"unlocked":true},{"starRating":3,"unlocked":true},{"starRating":3,"unlocked":true},{"starRating":3,"unlocked":true}],"skillPoints":30},{"age":14,"name":"lemcy","gender":1,"id":2,"levelSaveData":[{"starRating":3,"unlocked":true},{"starRating":3,"chunks":[["0"],["3$$mean","21$$weak"],["8$$best","13$$study","12$$party"],["4"]],"unlocked":true},{"starRating":3,"chunks":[["1"],["8$$swimming","5"],["9$$swimming","6$$makeup"]],"unlocked":true},{"starRating":3,"chunks":[["4$$family car"],["4$$puppy"],["2"],["3"],["0","4"],["5"]],"unlocked":true},{"starRating":3,"chunks":[["5$$anything"],["3"],["0$$school","4"],["1"],["4"],["7$$fam"]],"unlocked":true},{"starRating":3,"chunks":[["9"],["6","1","2","5"],["8$$florida"],["3"]],"unlocked":true},{"starRating":3,"chunks":[["1"],["1"],["8$$mom","2$$sister"],["2","0"],["3$$family of 5"]],"unlocked":true},{"starRating":3,"chunks":[["1","4","5"],["6","0","7"],["0"],["2$$jog"],["2"]],"unlocked":true},{"starRating":3,"chunks":[["3","2","7"],["1","0","5"],["5","1"]],"unlocked":true},{"starRating":3,"chunks":[["1"],["7$$puerto rico"],["9$$skyd"],["7$$doctor"],["1$$jb"],["1"]],"unlocked":true}],"visualAvatar":0,"skillPoints":30}],"avatar":{"age":14,"name":"lemcy","gender":1,"id":2,"levelSaveData":[{"starRating":3,"unlocked":true},{"starRating":3,"chunks":[["0"],["3$$mean","21$$weak"],["8$$best","13$$study","12$$party"],["4"]],"unlocked":true},{"starRating":3,"chunks":[["1"],["8$$swimming","5"],["9$$swimming","6$$makeup"]],"unlocked":true},{"starRating":3,"chunks":[["4$$family car"],["4$$puppy"],["2"],["3"],["0","4"],["5"]],"unlocked":true},{"starRating":3,"chunks":[["5$$anything"],["3"],["0$$school","4"],["1"],["4"],["7$$fam"]],"unlocked":true},{"starRating":3,"chunks":[["9"],["6","1","2","5"],["8$$florida"],["3"]],"unlocked":true},{"starRating":3,"chunks":[["1"],["1"],["8$$mom","2$$sister"],["2","0"],["3$$family of 5"]],"unlocked":true},{"starRating":3,"chunks":[["1","4","5"],["6","0","7"],["0"],["2$$jog"],["2"]],"unlocked":true},{"starRating":3,"chunks":[["3","2","7"],["1","0","5"],["5","1"]],"unlocked":true},{"starRating":3,"chunks":[["1"],["7$$puerto rico"],["9$$skyd"],["7$$doctor"],["1$$jb"],["1"]],"unlocked":true}],"visualAvatar":0,"skillPoints":30}}
