6486014,0,0:0:0,11/4/2013 1:11:38pm
6486014,600,0:0:13,3
6486014,601,0:0:15,1
6486014,602,0:0:16,3,1
6486014,603,0:0:21,1
6486014,604,0:0:28,1,yamie
6486014,605,0:0:33
6486014,210,0:2:22,557,411
6486014,211,0:2:23,659,394
6486014,210,0:2:24,559,430
6486014,211,0:2:25,666,457
6486014,210,0:2:27,577,498
6486014,211,0:2:29,712,475
6486014,212,0:2:42,1
6486014,212,0:2:50,0
6486014,210,0:3:0,536,463
6486014,211,0:3:3,659,229
6486014,213,0:3:3,12,c_job_G0a1N,true
6486014,205,0:3:3,12,c_job_G0a1N,false,false
6486014,210,0:3:8,714,396
6486014,207,0:3:10,12,0,-315
6486014,211,0:3:11,971,318
6486014,212,0:3:14,1
6486014,210,0:3:14,1120,439
6486014,211,0:3:16,1191,470
6486014,213,0:3:16,12,c_home_G0a1N,true
6486014,205,0:3:16,12,c_home_G0a1N,false,false
6486014,210,0:3:23,1111,409
6486014,211,0:3:24,1111,218
6486014,210,0:3:25,1116,380
6486014,211,0:3:26,1191,271
6486014,212,0:3:27,2
6486014,210,0:3:28,914,325
6486014,211,0:3:29,1084,226
6486014,213,0:3:29,12,c_family_cauc_a_G0a1N,true
6486014,205,0:3:29,12,c_family_cauc_a_G0a1N,false,false
6486014,210,0:3:35,915,527
6486014,211,0:3:35,838,460
6486014,213,0:3:35,12,c_player_cauc_F_a_G0a1N,true
6486014,221,0:3:54,12
6486014,220,0:3:57,12
6486014,221,0:4:12,12
6486014,220,0:4:27,12
6486014,210,0:4:33,649,436
6486014,211,0:4:33,689,424
6486014,213,0:4:33,12,c_cousins_F_a_G0a1P,true
6486014,210,0:4:36,542,463
6486014,211,0:4:36,587,438
6486014,213,0:4:36,12,c_cousins_F_a_G0a1P,true
6486014,210,0:4:42,523,481
6486014,207,0:4:44,12,0,-195
6486014,211,0:4:45,958,467
6486014,213,0:4:45,12,c_friends_G0a1P,true
6486014,210,0:4:48,789,487
6486014,207,0:4:50,12,-195,-720
6486014,211,0:4:50,1452,460
6486014,213,0:4:50,12,c_friends_G0a1P,true
6486014,210,0:4:52,1470,453
6486014,211,0:4:53,1607,406
6486014,213,0:4:53,12,c_grandma_cauc_a_G0a1P,true
6486014,205,0:4:53,12,c_grandma_cauc_a_G0a1P,false,false
6486014,210,0:4:57,1565,411
6486014,211,0:4:58,1369,226
6486014,213,0:4:58,12,c_Teacher_G0a1P,true
6486014,205,0:4:58,12,c_Teacher_G0a1P,false,false
6486014,210,0:5:2,1322,373
6486014,207,0:5:5,12,-720,-1020
6486014,211,0:5:6,1838,496
6486014,213,0:5:6,12,c_kidsister_cauc_a_G0a1P,true
6486014,205,0:5:6,12,c_kidsister_cauc_a_G0a1P,false,false
6486014,212,0:5:10,1
6486014,210,0:5:12,1790,425
6486014,211,0:5:13,1787,321
6486014,213,0:5:13,12,c_dad_cauc_a_G0a1P,true
6486014,205,0:5:13,12,c_dad_cauc_a_G0a1P,false,false
6486014,210,0:5:18,1685,401
6486014,211,0:5:24,1897,306
6486014,213,0:5:24,12,c_mom_cauc_a_G0a1P,true
6486014,205,0:5:24,12,c_mom_cauc_a_G0a1P,false,false
6486014,210,0:5:29,1761,490
6486014,211,0:5:31,1274,498
6486014,213,0:5:31,12,c_friends_G0a1P,true
6486014,210,0:5:33,1672,446
6486014,207,0:5:36,12,-1020,-1790
6486014,207,0:5:39,12,-1790,-1250
6486014,211,0:5:41,1364,476
6486014,213,0:5:41,12,c_friends_G0a1P,true
6486014,210,0:5:43,1424,430
6486014,207,0:5:46,12,-1250,-110
6486014,211,0:5:47,769,403
6486014,213,0:5:47,12,c_cousins_F_a_G0a1P,true
6486014,212,0:5:51,0
6486014,210,0:5:53,966,416
6486014,207,0:5:55,12,-110,-485
6486014,211,0:5:56,1294,272
6486014,213,0:5:56,12,c_Nurse_G0a1P,true
6486014,205,0:5:56,12,c_Nurse_G0a1P,false,false
6486014,221,0:6:5,12
6486014,208,0:6:8,12,c_grandma_cauc_a_G0a1P
6486014,300,0:6:18
6486014,220,0:6:18,12
6486014,302,0:6:26,0,1,0,5
6486014,302,0:6:28,0,1,0,8
6486014,302,0:6:31,0,1,0,14
6486014,302,0:6:32,0,1,0,10
6486014,303,0:6:37,0,1,0,10
6486014,304,0:6:41,0,1,0,-1,,10,silly
6486014,302,0:6:47,0,1,1,5
6486014,302,0:6:48,0,1,1,8
6486014,302,0:6:49,0,1,1,11
6486014,302,0:6:51,0,1,1,14
6486014,302,0:6:51,0,1,1,12
6486014,303,0:6:55,0,1,1,12
6486014,304,0:6:57,0,1,1,-1,,12,mad
6486014,302,0:7:16,0,3,0,2
6486014,302,0:7:19,0,3,0,3
6486014,302,0:7:20,0,3,0,2
6486014,306,0:7:20,0,0,1
6486014,304,0:7:20,0,3,0,-1,,2,
6486014,305,0:7:30,0,0,0,-1,
6486014,302,0:7:38,0,0,0,1
6486014,304,0:7:39,0,0,0,-1,,1,
6486014,302,0:7:43,0,2,0,5
6486014,302,0:7:44,0,2,0,8
6486014,302,0:7:45,0,2,0,6
6486014,303,0:7:47,0,2,0,6
6486014,306,0:7:50,0,1,2
6486014,304,0:7:50,0,2,0,-1,,6,music
6486014,302,0:7:53,0,2,1,5
6486014,302,0:7:55,0,2,1,14
6486014,302,0:7:55,0,2,1,9
6486014,303,0:7:57,0,2,1,9
6486014,304,0:8:1,0,2,1,-1,,9,fashion
6486014,302,0:8:3,0,2,2,5
6486014,302,0:8:5,0,2,2,14
6486014,302,0:8:9,0,2,2,16
6486014,303,0:8:11,0,2,2,16
6486014,306,0:8:13,0,2,3
6486014,304,0:8:13,0,2,2,-1,,16,reading
6486014,221,0:8:29,12
6486014,220,0:8:31,12
6486014,203,0:8:31,12
6486014,100,0:8:39,0
6486014,102,0:8:42,0
6486014,200,0:8:42,0,0,0,0,0,6
6486014,219,0:8:42,0
6486014,216,0:8:43,Stack_G7a0
6486014,217,0:9:16,Stack_G7a0,30,1.4
6486014,218,0:9:25,0
6486014,210,0:9:31,903,359
6486014,211,0:9:32,820,341
6486014,213,0:9:32,0,c_teacherEng_G7a0,false
6486014,210,0:9:48,954,498
6486014,211,0:9:53,679,570
6486014,213,0:9:53,0,s_otherStudent1_G7a0,true
6486014,210,0:10:1,837,497
6486014,211,0:10:2,980,505
6486014,213,0:10:2,0,c_bestFriend_F_a_G7a0,false
6486014,212,0:10:10,1
6486014,210,0:10:12,906,354
6486014,211,0:10:16,603,123
6486014,213,0:10:16,0,s_atwoodPoster_gen,true
6486014,210,0:10:21,670,192
6486014,211,0:10:21,699,116
6486014,213,0:10:21,0,s_angelouPoster_gen,true
6486014,212,0:10:24,0
6486014,221,0:10:27,0
6486014,220,0:10:33,0
6486014,210,0:10:36,926,461
6486014,211,0:10:38,907,128
6486014,213,0:10:38,0,s_poePoster_gen,true
6486014,210,0:10:43,817,387
6486014,211,0:10:47,1056,588
6486014,213,0:10:47,0,s_vocabAssignment_G7a0,true
6486014,212,0:10:51,1
6486014,210,0:10:52,1006,539
6486014,211,0:10:53,1072,588
6486014,213,0:10:53,0,s_vocabAssignment_G7a0,true
6486014,210,0:11:2,806,314
6486014,211,0:11:4,684,585
6486014,213,0:11:4,0,s_otherStudent1_G7a0,true
6486014,212,0:11:12,2
6486014,210,0:11:14,922,439
6486014,211,0:11:19,708,141
6486014,213,0:11:19,0,s_angelouPoster_gen,true
6486014,210,0:11:21,800,408
6486014,207,0:11:25,0,-200,-410
6486014,207,0:11:25,0,-410,-518.45
6486014,211,0:11:26,1443,542
6486014,213,0:11:26,0,c_friend1_F_a_G7a0,true
6486014,210,0:11:36,1276,501
6486014,211,0:11:37,1090,588
6486014,213,0:11:37,0,s_vocabAssignment_G7a0,true
6486014,212,0:11:40,1
6486014,210,0:11:42,971,475
6486014,211,0:11:42,979,505
6486014,210,0:11:43,970,522
6486014,211,0:11:45,1085,598
6486014,213,0:11:45,0,s_vocabAssignment_G7a0,true
6486014,212,0:11:48,0
6486014,210,0:11:49,992,422
6486014,211,0:11:50,1083,595
6486014,213,0:11:50,0,s_vocabAssignment_G7a0,true
6486014,210,0:11:53,1255,261
6486014,211,0:11:54,1214,355
6486014,213,0:11:54,0,s_doorClassroom_G7a0,true
6486014,221,0:11:58,0
6486014,220,0:12:0,0
6486014,219,0:12:0,0
6486014,216,0:12:1,Stack_G7a1N
6486014,217,0:12:24,Stack_G7a1N,20,0.00
6486014,218,0:12:27,0
6486014,210,0:12:28,889,476
6486014,211,0:12:30,1066,534
6486014,210,0:12:31,879,417
6486014,211,0:12:34,971,422
6486014,212,0:12:35,1
6486014,210,0:12:35,1000,471
6486014,211,0:12:42,1243,485
6486014,213,0:12:42,0,s_otherStudent2_G7a1N,true
6486014,212,0:12:44,2
6486014,210,0:12:45,1158,449
6486014,211,0:12:45,1206,469
6486014,213,0:12:45,0,s_otherStudent2_G7a1N,true
6486014,210,0:12:50,779,481
6486014,211,0:12:52,689,583
6486014,213,0:12:52,0,s_otherStudent1_G7a0,true
6486014,210,0:12:59,1217,313
6486014,211,0:12:59,1228,339
6486014,212,0:13:0,0
6486014,210,0:13:1,1258,335
6486014,211,0:13:1,1252,471
6486014,212,0:13:2,1
6486014,210,0:13:2,1230,373
6486014,207,0:13:6,0,-400,-518.45
6486014,207,0:13:9,0,-518.45,0
6486014,211,0:13:11,786,312
6486014,213,0:13:11,0,s_paperPlayers_G7a1N,false
6486014,210,0:13:18,742,486
6486014,211,0:13:18,550,510
6486014,210,0:13:35,833,474
6486014,211,0:13:35,833,474
6486014,212,0:13:36,2
6486014,210,0:13:36,966,435
6486014,211,0:13:39,846,389
6486014,213,0:13:39,0,c_teacherEng_G7a0,false
6486014,1003,0:13:48,2
6486014,1004,0:13:50,0
6486014,900,0:13:53,0,[]
6486014,901,0:14:1,0,[PeopleData_id:1]
6486014,901,0:14:3,0,[PeopleData_id:4]
6486014,904,0:14:3,0,[PeopleData_id:4]
6486014,902,0:14:5,0,[PeopleData_id:4,PeopleData_data0Type]
6486014,903,0:14:7,0,[PeopleData_id4,PeopleData_data0Type]
6486014,902,0:14:8,0,[PeopleData_id:4,PeopleData_data1Type]
6486014,903,0:14:11,0,[PeopleData_id4,PeopleData_data1Type]
6486014,902,0:14:14,0,[PeopleData_id:4,PeopleData_data1Type]
6486014,903,0:14:16,0,[PeopleData_id4,PeopleData_data1Type]
6486014,902,0:14:17,0,[PeopleData_id:4,PeopleData_data2Type]
6486014,903,0:14:19,0,[PeopleData_id4,PeopleData_data2Type]
6486014,902,0:14:20,0,[PeopleData_id:4,PeopleData_data3Type]
6486014,903,0:14:23,0,[PeopleData_id4,PeopleData_data3Type]
6486014,901,0:14:24,0,[PeopleData_id:1]
6486014,904,0:14:24,0,[PeopleData_id:1]
6486014,901,0:14:25,0,[PeopleData_id:1]
6486014,904,0:14:25,0,[PeopleData_id:1]
6486014,901,0:14:28,0,[PeopleData_id:4]
6486014,902,0:14:29,0,[PeopleData_id:4,PeopleData_data0Type]
6486014,903,0:14:33,0,[PeopleData_id4,PeopleData_data0Type]
6486014,902,0:14:33,0,[PeopleData_id:4,PeopleData_data1Type]
6486014,903,0:14:35,0,[PeopleData_id4,PeopleData_data1Type]
6486014,902,0:14:36,0,[PeopleData_id:4,PeopleData_data2Type]
6486014,903,0:14:37,0,[PeopleData_id4,PeopleData_data2Type]
6486014,902,0:14:38,0,[PeopleData_id:4,PeopleData_data3Type]
6486014,903,0:14:44,0,[PeopleData_id4,PeopleData_data3Type]
6486014,901,0:14:45,0,[PeopleData_id:1]
6486014,902,0:14:46,0,[PeopleData_id:1,PeopleData_data0Type]
6486014,903,0:14:49,0,[PeopleData_id1,PeopleData_data0Type]
6486014,902,0:14:50,0,[PeopleData_id:1,PeopleData_data1Type]
6486014,903,0:14:53,0,[PeopleData_id1,PeopleData_data1Type]
6486014,902,0:14:54,0,[PeopleData_id:1,PeopleData_data2Type]
6486014,903,0:14:57,0,[PeopleData_id1,PeopleData_data2Type]
6486014,902,0:14:57,0,[PeopleData_id:1,PeopleData_data3Type]
6486014,903,0:15:0,0,[PeopleData_id1,PeopleData_data3Type]
6486014,901,0:15:2,0,[PeopleData_id:1]
6486014,904,0:15:2,0,[PeopleData_id:1]
6486014,905,0:15:3,0,[PeopleData_id:1,RankTypes_id:-1,RankTypes_id:0]
6486014,901,0:15:5,0,[PeopleData_id:4]
6486014,904,0:15:5,0,[PeopleData_id:4]
6486014,905,0:15:6,0,[PeopleData_id:4,RankTypes_id:-1,RankTypes_id:0]
6486014,901,0:15:7,0,[PeopleData_id:4]
6486014,904,0:15:7,0,[PeopleData_id:4]
6486014,905,0:15:8,0,[PeopleData_id:4,RankTypes_id:0,RankTypes_id:1]
6486014,901,0:15:9,0,[PeopleData_id:2]
6486014,902,0:15:10,0,[PeopleData_id:2,PeopleData_data0Type]
6486014,903,0:15:13,0,[PeopleData_id2,PeopleData_data0Type]
6486014,902,0:15:14,0,[PeopleData_id:2,PeopleData_data1Type]
6486014,903,0:15:16,0,[PeopleData_id2,PeopleData_data1Type]
6486014,902,0:15:17,0,[PeopleData_id:2,PeopleData_data2Type]
6486014,903,0:15:20,0,[PeopleData_id2,PeopleData_data2Type]
6486014,902,0:15:20,0,[PeopleData_id:2,PeopleData_data3Type]
6486014,903,0:15:23,0,[PeopleData_id2,PeopleData_data3Type]
6486014,901,0:15:24,0,[PeopleData_id:2]
6486014,904,0:15:25,0,[PeopleData_id:2]
6486014,905,0:15:26,0,[PeopleData_id:2,RankTypes_id:-1,RankTypes_id:1]
6486014,901,0:15:28,0,[PeopleData_id:0]
6486014,904,0:15:28,0,[PeopleData_id:0]
6486014,902,0:15:29,0,[PeopleData_id:0,PeopleData_data0Type]
6486014,903,0:15:32,0,[PeopleData_id0,PeopleData_data0Type]
6486014,902,0:15:32,0,[PeopleData_id:0,PeopleData_data1Type]
6486014,903,0:15:40,0,[PeopleData_id0,PeopleData_data1Type]
6486014,902,0:15:41,0,[PeopleData_id:0,PeopleData_data2Type]
6486014,903,0:15:44,0,[PeopleData_id0,PeopleData_data2Type]
6486014,902,0:15:44,0,[PeopleData_id:0,PeopleData_data3Type]
6486014,903,0:15:47,0,[PeopleData_id0,PeopleData_data3Type]
6486014,901,0:15:50,0,[PeopleData_id:0]
6486014,904,0:15:50,0,[PeopleData_id:0]
6486014,905,0:15:51,0,[PeopleData_id:0,RankTypes_id:-1,RankTypes_id:3]
6486014,901,0:15:52,0,[PeopleData_id:3]
6486014,901,0:15:53,0,[PeopleData_id:0]
6486014,904,0:15:53,0,[PeopleData_id:0]
6486014,905,0:15:53,0,[PeopleData_id:0,RankTypes_id:3,RankTypes_id:4]
6486014,902,0:15:56,0,[PeopleData_id:0,PeopleData_data0Type]
6486014,903,0:15:58,0,[PeopleData_id0,PeopleData_data0Type]
6486014,902,0:15:59,0,[PeopleData_id:0,PeopleData_data1Type]
6486014,903,0:16:1,0,[PeopleData_id0,PeopleData_data1Type]
6486014,902,0:16:2,0,[PeopleData_id:0,PeopleData_data2Type]
6486014,903,0:16:3,0,[PeopleData_id0,PeopleData_data2Type]
6486014,902,0:16:4,0,[PeopleData_id:0,PeopleData_data3Type]
6486014,903,0:16:6,0,[PeopleData_id0,PeopleData_data3Type]
6486014,901,0:16:6,0,[PeopleData_id:3]
6486014,904,0:16:6,0,[PeopleData_id:3]
6486014,905,0:16:7,0,[PeopleData_id:3,RankTypes_id:-1,RankTypes_id:4]
6486014,906,0:16:7,0,[]
6486014,907,0:16:11,0,[]
6486014,908,0:16:11,0,[InvitationData_id:5,PeopleData_id:4,RankTypes_id:1]
6486014,909,0:16:24,0,[InvitationData_id:5,PeopleData_id:4,RankTypes_id:1,0]
6486014,910,0:16:28,0,[InvitationData_id:5,0,false]
6486014,908,0:16:28,0,[InvitationData_id:3,PeopleData_id:3,RankTypes_id:4]
6486014,909,0:16:36,0,[InvitationData_id:3,PeopleData_id:3,RankTypes_id:4,1]
6486014,910,0:16:38,0,[InvitationData_id:3,9,false]
6486014,908,0:16:38,0,[InvitationData_id:1,PeopleData_id:0,RankTypes_id:4]
6486014,909,0:16:42,0,[InvitationData_id:1,PeopleData_id:0,RankTypes_id:4,1]
6486014,910,0:16:43,0,[InvitationData_id:1,9,false]
6486014,908,0:16:43,0,[InvitationData_id:0,PeopleData_id:0,RankTypes_id:4]
6486014,909,0:16:47,0,[InvitationData_id:0,PeopleData_id:0,RankTypes_id:4,1]
6486014,910,0:16:48,0,[InvitationData_id:0,9,false]
6486014,908,0:16:48,0,[InvitationData_id:8,PeopleData_id:0,RankTypes_id:4]
6486014,909,0:16:52,0,[InvitationData_id:8,PeopleData_id:0,RankTypes_id:4,1]
6486014,910,0:16:53,0,[InvitationData_id:8,9,false]
6486014,908,0:16:53,0,[InvitationData_id:10,PeopleData_id:2,RankTypes_id:1]
6486014,909,0:16:59,0,[InvitationData_id:10,PeopleData_id:2,RankTypes_id:1,1]
6486014,910,0:17:1,0,[InvitationData_id:10,0,true]
6486014,908,0:17:1,0,[InvitationData_id:6,PeopleData_id:0,RankTypes_id:4]
6486014,909,0:17:5,0,[InvitationData_id:6,PeopleData_id:0,RankTypes_id:4,1]
6486014,910,0:17:6,0,[InvitationData_id:6,9,false]
6486014,908,0:17:6,0,[InvitationData_id:9,PeopleData_id:4,RankTypes_id:1]
6486014,909,0:17:10,0,[InvitationData_id:9,PeopleData_id:4,RankTypes_id:1,0]
6486014,910,0:17:12,0,[InvitationData_id:9,0,false]
6486014,908,0:17:12,0,[InvitationData_id:4,PeopleData_id:2,RankTypes_id:1]
6486014,909,0:17:17,0,[InvitationData_id:4,PeopleData_id:2,RankTypes_id:1,0]
6486014,910,0:17:18,0,[InvitationData_id:4,0,false]
6486014,908,0:17:18,0,[InvitationData_id:2,PeopleData_id:2,RankTypes_id:1]
6486014,909,0:17:22,0,[InvitationData_id:2,PeopleData_id:2,RankTypes_id:1,0]
6486014,910,0:17:23,0,[InvitationData_id:2,0,false]
6486014,911,0:17:25,0,[45,1,0,1]
6486014,1005,0:17:25,0,[2,0,2]
6486014,1001,0:17:30,0,[]
6486014,1003,0:17:31,2
6486014,1004,0:17:32,0
6486014,900,0:17:34,0,[]
6486014,901,0:17:35,0,[PeopleData_id:2]
6486014,902,0:17:36,0,[PeopleData_id:2,PeopleData_data0Type]
6486014,903,0:17:38,0,[PeopleData_id2,PeopleData_data0Type]
6486014,902,0:17:39,0,[PeopleData_id:2,PeopleData_data0Type]
6486014,903,0:17:40,0,[PeopleData_id2,PeopleData_data0Type]
6486014,902,0:17:41,0,[PeopleData_id:2,PeopleData_data1Type]
6486014,903,0:17:43,0,[PeopleData_id2,PeopleData_data1Type]
6486014,902,0:17:44,0,[PeopleData_id:2,PeopleData_data2Type]
6486014,903,0:17:46,0,[PeopleData_id2,PeopleData_data2Type]
6486014,902,0:17:46,0,[PeopleData_id:2,PeopleData_data3Type]
6486014,903,0:17:47,0,[PeopleData_id2,PeopleData_data3Type]
6486014,901,0:17:48,0,[PeopleData_id:2]
6486014,904,0:17:48,0,[PeopleData_id:2]
6486014,905,0:17:49,0,[PeopleData_id:2,RankTypes_id:-1,RankTypes_id:1]
6486014,901,0:17:50,0,[PeopleData_id:4]
6486014,904,0:17:51,0,[PeopleData_id:4]
6486014,902,0:17:52,0,[PeopleData_id:4,PeopleData_data0Type]
6486014,903,0:17:53,0,[PeopleData_id4,PeopleData_data0Type]
6486014,902,0:17:54,0,[PeopleData_id:4,PeopleData_data1Type]
6486014,903,0:17:56,0,[PeopleData_id4,PeopleData_data1Type]
6486014,901,0:17:57,0,[PeopleData_id:4]
6486014,904,0:17:57,0,[PeopleData_id:4]
6486014,905,0:17:58,0,[PeopleData_id:4,RankTypes_id:-1,RankTypes_id:1]
6486014,901,0:17:59,0,[PeopleData_id:1]
6486014,904,0:17:59,0,[PeopleData_id:1]
6486014,905,0:18:0,0,[PeopleData_id:1,RankTypes_id:-1,RankTypes_id:0]
6486014,901,0:18:2,0,[PeopleData_id:3]
6486014,904,0:18:2,0,[PeopleData_id:3]
6486014,905,0:18:2,0,[PeopleData_id:3,RankTypes_id:-1,RankTypes_id:4]
6486014,901,0:18:3,0,[PeopleData_id:0]
6486014,904,0:18:3,0,[PeopleData_id:0]
6486014,905,0:18:4,0,[PeopleData_id:0,RankTypes_id:-1,RankTypes_id:4]
6486014,906,0:18:4,0,[]
6486014,901,0:18:4,0,[PeopleData_id:3]
6486014,905,0:18:4,0,[PeopleData_id:3,RankTypes_id:4,RankTypes_id:4]
6486014,902,0:18:5,0,[PeopleData_id:3,PeopleData_data0Type]
6486014,903,0:18:8,0,[PeopleData_id3,PeopleData_data0Type]
6486014,902,0:18:8,0,[PeopleData_id:3,PeopleData_data1Type]
6486014,903,0:18:11,0,[PeopleData_id3,PeopleData_data1Type]
6486014,902,0:18:12,0,[PeopleData_id:3,PeopleData_data2Type]
6486014,903,0:18:15,0,[PeopleData_id3,PeopleData_data2Type]
6486014,901,0:18:16,0,[PeopleData_id:0]
6486014,905,0:18:16,0,[PeopleData_id:0,RankTypes_id:4,RankTypes_id:4]
6486014,902,0:18:17,0,[PeopleData_id:0,PeopleData_data0Type]
6486014,903,0:18:19,0,[PeopleData_id0,PeopleData_data0Type]
6486014,902,0:18:19,0,[PeopleData_id:0,PeopleData_data1Type]
6486014,903,0:18:22,0,[PeopleData_id0,PeopleData_data1Type]
6486014,902,0:18:22,0,[PeopleData_id:0,PeopleData_data2Type]
6486014,903,0:18:23,0,[PeopleData_id0,PeopleData_data2Type]
6486014,902,0:18:24,0,[PeopleData_id:0,PeopleData_data3Type]
6486014,903,0:18:25,0,[PeopleData_id0,PeopleData_data3Type]
6486014,901,0:18:27,0,[PeopleData_id:1]
6486014,905,0:18:27,0,[PeopleData_id:1,RankTypes_id:0,RankTypes_id:0]
6486014,902,0:18:28,0,[PeopleData_id:1,PeopleData_data0Type]
6486014,903,0:18:31,0,[PeopleData_id1,PeopleData_data0Type]
6486014,907,0:18:32,0,[]
6486014,908,0:18:32,0,[InvitationData_id:1,PeopleData_id:0,RankTypes_id:4]
6486014,909,0:18:38,0,[InvitationData_id:1,PeopleData_id:0,RankTypes_id:4,1]
6486014,910,0:18:39,0,[InvitationData_id:1,9,false]
6486014,908,0:18:39,0,[InvitationData_id:9,PeopleData_id:4,RankTypes_id:1]
6486014,909,0:18:41,0,[InvitationData_id:9,PeopleData_id:4,RankTypes_id:1,0]
6486014,910,0:18:42,0,[InvitationData_id:9,0,false]
6486014,908,0:18:42,0,[InvitationData_id:5,PeopleData_id:4,RankTypes_id:1]
6486014,909,0:18:48,0,[InvitationData_id:5,PeopleData_id:4,RankTypes_id:1,0]
6486014,910,0:18:49,0,[InvitationData_id:5,0,false]
6486014,908,0:18:49,0,[InvitationData_id:10,PeopleData_id:2,RankTypes_id:1]
6486014,909,0:18:51,0,[InvitationData_id:10,PeopleData_id:2,RankTypes_id:1,0]
6486014,910,0:18:52,0,[InvitationData_id:10,0,false]
6486014,908,0:18:52,0,[InvitationData_id:0,PeopleData_id:0,RankTypes_id:4]
6486014,909,0:18:56,0,[InvitationData_id:0,PeopleData_id:0,RankTypes_id:4,1]
6486014,910,0:18:56,0,[InvitationData_id:0,9,false]
6486014,908,0:18:56,0,[InvitationData_id:3,PeopleData_id:3,RankTypes_id:4]
6486014,909,0:19:0,0,[InvitationData_id:3,PeopleData_id:3,RankTypes_id:4,1]
6486014,910,0:19:1,0,[InvitationData_id:3,9,false]
6486014,908,0:19:1,0,[InvitationData_id:8,PeopleData_id:0,RankTypes_id:4]
6486014,909,0:19:4,0,[InvitationData_id:8,PeopleData_id:0,RankTypes_id:4,1]
6486014,910,0:19:5,0,[InvitationData_id:8,9,false]
6486014,908,0:19:5,0,[InvitationData_id:6,PeopleData_id:0,RankTypes_id:4]
6486014,909,0:19:8,0,[InvitationData_id:6,PeopleData_id:0,RankTypes_id:4,1]
6486014,910,0:19:9,0,[InvitationData_id:6,9,false]
6486014,908,0:19:9,0,[InvitationData_id:4,PeopleData_id:2,RankTypes_id:1]
6486014,909,0:19:15,0,[InvitationData_id:4,PeopleData_id:2,RankTypes_id:1,0]
6486014,910,0:19:16,0,[InvitationData_id:4,0,false]
6486014,908,0:19:16,0,[InvitationData_id:2,PeopleData_id:2,RankTypes_id:1]
6486014,909,0:19:20,0,[InvitationData_id:2,PeopleData_id:2,RankTypes_id:1,0]
6486014,910,0:19:21,0,[InvitationData_id:2,0,false]
6486014,911,0:19:22,0,[45,0,0,0]
6486014,1005,0:19:22,0,[2,2,3]
6486014,1001,0:19:24,0,[]
6486014,1003,0:19:24,2
6486014,210,0:19:30,859,340
6486014,211,0:19:31,811,325
6486014,213,0:19:31,0,c_teacherEng_G7a0,true
6486014,205,0:19:31,0,c_teacherEng_G7a0,false,false
6486014,210,0:19:39,928,516
6486014,211,0:19:39,977,503
6486014,213,0:19:39,0,c_bestFriend_F_a_G7a0,true
6486014,205,0:19:39,0,c_bestFriend_F_a_G7a0,false,false
6486014,221,0:19:44,0
6486014,220,0:19:47,0
6486014,212,0:19:48,1
6486014,210,0:19:49,918,551
6486014,211,0:19:50,1070,596
6486014,213,0:19:50,0,s_vocabAssignment_G7a0,true
6486014,210,0:19:53,969,510
6486014,207,0:19:55,0,-200,-470
6486014,211,0:19:56,1230,387
6486014,213,0:19:56,0,s_doorClassroom_G7a0,true
6486014,212,0:19:58,0
6486014,210,0:19:59,1143,508
6486014,211,0:20:0,1095,607
6486014,213,0:20:0,0,s_vocabAssignment_G7a0,true
6486014,212,0:20:3,2
6486014,210,0:20:3,1122,501
6486014,211,0:20:4,975,509
6486014,213,0:20:4,0,c_bestFriend_F_a_G7a0,true
6486014,205,0:20:4,0,c_bestFriend_F_a_G7a0,false,true
6486014,210,0:20:14,712,511
6486014,207,0:20:15,0,-470,-140
6486014,207,0:20:17,0,-140,0
6486014,211,0:20:17,208,475
6486014,213,0:20:17,0,c_crewKid1_F_G7a0,true
6486014,212,0:20:25,0
6486014,210,0:20:25,719,441
6486014,211,0:20:26,239,488
6486014,213,0:20:26,0,c_crewKid1_F_G7a0,true
6486014,210,0:20:29,821,409
6486014,207,0:20:31,0,0,-180
6486014,211,0:20:32,836,437
6486014,212,0:20:32,2
6486014,210,0:20:33,977,414
6486014,211,0:20:34,828,397
6486014,213,0:20:34,0,c_teacherEng_G7a0,true
6486014,205,0:20:34,0,c_teacherEng_G7a0,false,true
6486014,210,0:20:37,907,471
6486014,211,0:20:39,135,475
6486014,207,0:20:39,0,-180,-60
6486014,210,0:20:39,175,490
6486014,211,0:20:41,969,534
6486014,213,0:20:41,0,c_bestFriend_F_a_G7a0,true
6486014,205,0:20:41,0,c_bestFriend_F_a_G7a0,false,true
6486014,210,0:20:46,771,486
6486014,207,0:20:47,0,-60,-330
6486014,211,0:20:49,862,526
6486014,212,0:20:53,0
6486014,210,0:20:55,1081,436
6486014,211,0:21:2,964,645
6486014,212,0:21:3,1
6486014,210,0:21:5,1109,509
6486014,207,0:21:7,0,-330,-480
6486014,211,0:21:11,1084,593
6486014,213,0:21:11,0,s_vocabAssignment_G7a0,true
6486014,210,0:21:14,987,438
6486014,207,0:21:17,0,-480,0
6486014,207,0:21:22,0,0,-330
6486014,211,0:21:23,928,409
6486014,210,0:21:28,1089,469
6486014,211,0:21:31,879,461
6486014,212,0:21:32,2
6486014,210,0:21:33,1093,462
6486014,211,0:21:33,964,515
6486014,213,0:21:33,0,c_bestFriend_F_a_G7a0,true
6486014,205,0:21:33,0,c_bestFriend_F_a_G7a0,false,true
6486014,210,0:21:38,927,496
6486014,207,0:21:41,0,-330,-518.45
6486014,211,0:21:41,1448,521
6486014,213,0:21:41,0,c_friend1_F_a_G7a0,true
6486014,210,0:21:45,1109,466
6486014,207,0:21:47,0,-518.45,0
6486014,211,0:21:48,216,485
6486014,213,0:21:48,0,c_crewKid1_F_G7a0,true
6486014,210,0:21:51,359,421
6486014,207,0:21:54,0,0,-285
6486014,211,0:21:58,1003,373
6486014,212,0:22:0,0
6486014,210,0:22:2,987,503
6486014,211,0:22:6,820,443
6486014,212,0:22:7,2
6486014,210,0:22:8,869,384
6486014,211,0:22:10,814,442
6486014,213,0:22:10,0,c_teacherEng_G7a0,true
6486014,205,0:22:10,0,c_teacherEng_G7a0,false,true
6486014,221,0:22:14,0
6486014,220,0:22:23,0
6486014,212,0:22:25,1
6486014,210,0:22:25,1077,530
6486014,211,0:22:27,883,136
6486014,213,0:22:27,0,s_poePoster_gen,true
6486014,210,0:22:29,920,295
6486014,211,0:22:30,799,152
6486014,213,0:22:30,0,s_shakespearePoster_gen,true
6486014,210,0:22:31,910,353
6486014,211,0:22:32,701,138
6486014,213,0:22:32,0,s_angelouPoster_gen,true
6486014,210,0:22:34,881,355
6486014,211,0:22:34,618,157
6486014,213,0:22:34,0,s_atwoodPoster_gen,true
6486014,210,0:22:38,860,438
6486014,211,0:22:39,1232,394
6486014,213,0:22:39,0,s_doorClassroom_G7a0,true
6486014,210,0:22:41,1114,507
6486014,207,0:22:42,0,-285,-518.45
6486014,207,0:22:46,0,-518.45,0
6486014,211,0:22:51,673,586
6486014,213,0:22:51,0,s_otherStudent1_G7a0,true
6486014,210,0:22:53,916,485
6486014,207,0:22:54,0,0,-420
6486014,211,0:22:56,842,384
6486014,210,0:22:56,860,401
6486014,211,0:22:57,811,368
6486014,210,0:22:57,870,419
6486014,211,0:22:58,816,393
6486014,210,0:22:59,693,330
6486014,211,0:23:2,1226,164
6486014,213,0:23:2,0,s_clock_G7a0,true
6486014,210,0:23:4,1216,128
6486014,207,0:23:5,0,-420,-518.45
6486014,211,0:23:6,1215,165
6486014,213,0:23:6,0,s_clock_G7a0,true
6486014,210,0:23:14,1133,404
6486014,207,0:23:22,0,-518.45,-263.45
6486014,211,0:23:27,670,394
6486014,212,0:23:28,0
6486014,210,0:23:31,1139,519
6486014,211,0:23:32,1091,612
6486014,213,0:23:32,0,s_vocabAssignment_G7a0,true
6486014,210,0:23:34,1119,508
6486014,207,0:23:35,0,-263.45,-368.45
6486014,207,0:23:40,0,-368.45,-518.45
6486014,211,0:23:43,355,321
6486014,207,0:23:43,0,-518.45,-338.45
6486014,210,0:23:44,321,358
6486014,207,0:23:45,0,-338.45,0
6486014,211,0:23:48,337,486
6486014,210,0:23:55,566,364
6486014,211,0:23:56,593,442
6486014,210,0:24:20,730,436
6486014,211,0:24:22,843,564
6486014,212,0:24:22,1
6486014,210,0:24:23,753,389
6486014,211,0:24:24,253,121
6486014,213,0:24:24,0,s_flag_gen,false
6486014,1003,0:24:27,1
6486014,1004,0:24:28,0
6486014,800,0:24:36,0,[]
6486014,801,0:24:39,0,[]
6486014,814,0:24:48,0,[3]
6486014,815,0:24:48,0,3,OpportunityCardData_id:19
6486014,815,0:24:52,0,3,OpportunityCardData_id:20
6486014,815,0:24:52,0,3,OpportunityCardData_id:21
6486014,815,0:24:53,0,3,OpportunityCardData_id:23
6486014,815,0:24:54,0,3,OpportunityCardData_id:24
6486014,815,0:24:54,0,3,OpportunityCardData_id:25
6486014,815,0:24:56,0,3,OpportunityCardData_id:24
6486014,815,0:25:0,0,3,OpportunityCardData_id:25
6486014,815,0:25:3,0,3,OpportunityCardData_id:19
6486014,815,0:25:7,0,3,OpportunityCardData_id:20
6486014,815,0:25:9,0,3,OpportunityCardData_id:21
6486014,815,0:25:12,0,3,OpportunityCardData_id:23
6486014,816,0:25:16,0,3,OpportunityCardData_id:23
6486014,803,0:25:21,0,[OpportunityCardData_id:23,OpportunityCardConsequencesData_logId:0]
6486014,803,0:25:26,0,[OpportunityCardData_id:23,OpportunityCardConsequencesData_logId:1]
6486014,804,0:25:40,0,[OpportunityCardData_id:23]
6486014,814,0:25:42,0,[0]
6486014,815,0:25:43,0,0,OpportunityCardData_id:0
6486014,815,0:25:49,0,0,OpportunityCardData_id:1
6486014,815,0:25:50,0,0,OpportunityCardData_id:2
6486014,815,0:25:53,0,0,OpportunityCardData_id:3
6486014,815,0:25:54,0,0,OpportunityCardData_id:4
6486014,815,0:25:56,0,0,OpportunityCardData_id:5
6486014,815,0:25:57,0,0,OpportunityCardData_id:6
6486014,816,0:26:0,0,0,OpportunityCardData_id:6
6486014,803,0:26:1,0,[OpportunityCardData_id:6,OpportunityCardConsequencesData_logId:0]
6486014,803,0:26:4,0,[OpportunityCardData_id:6,OpportunityCardConsequencesData_logId:1]
6486014,803,0:26:7,0,[OpportunityCardData_id:6,OpportunityCardConsequencesData_logId:2]
6486014,804,0:26:11,0,[OpportunityCardData_id:6]
6486014,814,0:26:13,0,[0]
6486014,815,0:26:13,0,0,OpportunityCardData_id:0
6486014,815,0:26:14,0,0,OpportunityCardData_id:1
6486014,815,0:26:16,0,0,OpportunityCardData_id:0
6486014,816,0:26:18,0,0,OpportunityCardData_id:0
6486014,803,0:26:19,0,[OpportunityCardData_id:0,OpportunityCardConsequencesData_logId:0]
6486014,803,0:26:20,0,[OpportunityCardData_id:0,OpportunityCardConsequencesData_logId:1]
6486014,803,0:26:22,0,[OpportunityCardData_id:0,OpportunityCardConsequencesData_logId:2]
6486014,804,0:26:31,0,[OpportunityCardData_id:0]
6486014,814,0:26:41,0,[2]
6486014,815,0:26:41,0,2,OpportunityCardData_id:13
6486014,815,0:26:43,0,2,OpportunityCardData_id:14
6486014,815,0:26:46,0,2,OpportunityCardData_id:15
6486014,815,0:26:48,0,2,OpportunityCardData_id:14
6486014,816,0:26:49,0,2,OpportunityCardData_id:14
6486014,803,0:26:50,0,[OpportunityCardData_id:14,OpportunityCardConsequencesData_logId:0]
6486014,803,0:26:51,0,[OpportunityCardData_id:14,OpportunityCardConsequencesData_logId:1]
6486014,803,0:26:52,0,[OpportunityCardData_id:14,OpportunityCardConsequencesData_logId:2]
6486014,804,0:26:53,0,[OpportunityCardData_id:14]
6486014,814,0:26:55,0,[2]
6486014,815,0:26:55,0,2,OpportunityCardData_id:13
6486014,815,0:27:0,0,2,OpportunityCardData_id:15
6486014,815,0:27:1,0,2,OpportunityCardData_id:16
6486014,815,0:27:1,0,2,OpportunityCardData_id:17
6486014,815,0:27:2,0,2,OpportunityCardData_id:18
6486014,815,0:27:2,0,2,OpportunityCardData_id:13
6486014,815,0:27:3,0,2,OpportunityCardData_id:15
6486014,815,0:27:3,0,2,OpportunityCardData_id:16
6486014,815,0:27:4,0,2,OpportunityCardData_id:17
6486014,815,0:27:5,0,2,OpportunityCardData_id:18
6486014,816,0:27:9,0,2,OpportunityCardData_id:18
6486014,803,0:27:10,0,[OpportunityCardData_id:18,OpportunityCardConsequencesData_logId:0]
6486014,803,0:27:11,0,[OpportunityCardData_id:18,OpportunityCardConsequencesData_logId:1]
6486014,804,0:27:13,0,[OpportunityCardData_id:18]
6486014,814,0:27:23,0,[5]
6486014,815,0:27:23,0,5,OpportunityCardData_id:32
6486014,815,0:27:29,0,5,OpportunityCardData_id:33
6486014,815,0:27:31,0,5,OpportunityCardData_id:34
6486014,815,0:27:33,0,5,OpportunityCardData_id:35
6486014,815,0:27:35,0,5,OpportunityCardData_id:36
6486014,815,0:27:37,0,5,OpportunityCardData_id:37
6486014,815,0:27:40,0,5,OpportunityCardData_id:32
6486014,815,0:27:42,0,5,OpportunityCardData_id:33
6486014,815,0:27:43,0,5,OpportunityCardData_id:34
6486014,815,0:27:45,0,5,OpportunityCardData_id:35
6486014,815,0:27:48,0,5,OpportunityCardData_id:36
6486014,815,0:27:49,0,5,OpportunityCardData_id:37
6486014,815,0:27:50,0,5,OpportunityCardData_id:32
6486014,816,0:27:52,0,5,OpportunityCardData_id:32
6486014,803,0:27:58,0,[OpportunityCardData_id:32,OpportunityCardConsequencesData_logId:0]
6486014,803,0:28:0,0,[OpportunityCardData_id:32,OpportunityCardConsequencesData_logId:1]
6486014,804,0:28:9,0,[OpportunityCardData_id:32]
6486014,814,0:28:10,0,[5]
6486014,815,0:28:10,0,5,OpportunityCardData_id:33
6486014,815,0:28:11,0,5,OpportunityCardData_id:34
6486014,815,0:28:12,0,5,OpportunityCardData_id:35
6486014,815,0:28:13,0,5,OpportunityCardData_id:36
6486014,815,0:28:15,0,5,OpportunityCardData_id:37
6486014,815,0:28:16,0,5,OpportunityCardData_id:33
6486014,815,0:28:18,0,5,OpportunityCardData_id:34
6486014,815,0:28:20,0,5,OpportunityCardData_id:35
6486014,815,0:28:21,0,5,OpportunityCardData_id:34
6486014,815,0:28:21,0,5,OpportunityCardData_id:33
6486014,816,0:28:23,0,5,OpportunityCardData_id:33
6486014,803,0:28:24,0,[OpportunityCardData_id:33,OpportunityCardConsequencesData_logId:0]
6486014,803,0:28:27,0,[OpportunityCardData_id:33,OpportunityCardConsequencesData_logId:1]
6486014,803,0:28:27,0,[OpportunityCardData_id:33,OpportunityCardConsequencesData_logId:2]
6486014,804,0:28:33,0,[OpportunityCardData_id:33]
6486014,814,0:28:35,0,[5]
6486014,815,0:28:35,0,5,OpportunityCardData_id:34
6486014,817,0:28:39,0,5
6486014,814,0:28:40,0,[1]
6486014,815,0:28:40,0,1,OpportunityCardData_id:7
6486014,815,0:28:43,0,1,OpportunityCardData_id:8
6486014,816,0:28:46,0,1,OpportunityCardData_id:8
6486014,803,0:28:48,0,[OpportunityCardData_id:8,OpportunityCardConsequencesData_logId:0]
6486014,803,0:28:50,0,[OpportunityCardData_id:8,OpportunityCardConsequencesData_logId:1]
6486014,803,0:28:52,0,[OpportunityCardData_id:8,OpportunityCardConsequencesData_logId:2]
6486014,805,0:28:53,0,[OpportunityCardData_id:8]
6486014,807,0:28:56,0,[OpportunityCardData_id:8]
6486014,808,0:29:28,0,[OpportunityCardData_id:8]
6486014,809,0:29:42,0,[OpportunityCardData_id:8,PriorityData_type:2,false]
6486014,810,0:29:43,0,[OpportunityCardData_id:8,PriorityData_type:1,20,PriorityData_type:2,20]
6486014,811,0:29:50,0,[OpportunityCardData_id:8,PriorityData_type:2,80,50,PriorityData_type:4,70,45]
6486014,1005,0:29:50,0,[1,0,1]
6486014,1000,0:29:52,0,[]
6486014,800,0:29:53,0,[]
6486014,801,0:29:54,0,[]
6486014,814,0:29:57,0,[5]
6486014,815,0:29:57,0,5,OpportunityCardData_id:32
6486014,815,0:29:59,0,5,OpportunityCardData_id:33
6486014,815,0:30:1,0,5,OpportunityCardData_id:34
6486014,815,0:30:2,0,5,OpportunityCardData_id:35
6486014,815,0:30:3,0,5,OpportunityCardData_id:36
6486014,815,0:30:4,0,5,OpportunityCardData_id:37
6486014,815,0:30:6,0,5,OpportunityCardData_id:36
6486014,815,0:30:9,0,5,OpportunityCardData_id:35
6486014,815,0:30:9,0,5,OpportunityCardData_id:34
6486014,815,0:30:13,0,5,OpportunityCardData_id:33
6486014,815,0:30:16,0,5,OpportunityCardData_id:32
6486014,816,0:30:20,0,5,OpportunityCardData_id:32
6486014,805,0:30:20,0,[OpportunityCardData_id:32]
6486014,807,0:30:25,0,[OpportunityCardData_id:32]
6486014,808,0:30:27,0,[OpportunityCardData_id:32]
6486014,809,0:30:31,0,[OpportunityCardData_id:32,PriorityData_type:4,false]
6486014,810,0:30:32,0,[OpportunityCardData_id:32,PriorityData_type:5,20,PriorityData_type:4,5]
6486014,814,0:30:38,0,[4]
6486014,815,0:30:38,0,4,OpportunityCardData_id:22
6486014,815,0:30:43,0,4,OpportunityCardData_id:26
6486014,815,0:30:45,0,4,OpportunityCardData_id:27
6486014,815,0:30:46,0,4,OpportunityCardData_id:28
6486014,815,0:30:49,0,4,OpportunityCardData_id:29
6486014,815,0:30:52,0,4,OpportunityCardData_id:30
6486014,815,0:30:55,0,4,OpportunityCardData_id:31
6486014,815,0:30:56,0,4,OpportunityCardData_id:22
6486014,815,0:30:58,0,4,OpportunityCardData_id:26
6486014,815,0:31:0,0,4,OpportunityCardData_id:22
6486014,815,0:31:2,0,4,OpportunityCardData_id:31
6486014,815,0:31:8,0,4,OpportunityCardData_id:30
6486014,815,0:31:10,0,4,OpportunityCardData_id:29
6486014,815,0:31:13,0,4,OpportunityCardData_id:28
6486014,816,0:31:16,0,4,OpportunityCardData_id:28
6486014,803,0:31:18,0,[OpportunityCardData_id:28,OpportunityCardConsequencesData_logId:0]
6486014,803,0:31:19,0,[OpportunityCardData_id:28,OpportunityCardConsequencesData_logId:1]
6486014,803,0:31:21,0,[OpportunityCardData_id:28,OpportunityCardConsequencesData_logId:2]
6486014,805,0:31:23,0,[OpportunityCardData_id:28]
6486014,807,0:31:24,0,[OpportunityCardData_id:28]
6486014,808,0:31:26,0,[OpportunityCardData_id:28]
6486014,809,0:31:31,0,[OpportunityCardData_id:28,Safe,false]
6486014,810,0:31:32,0,[OpportunityCardData_id:28,PriorityData_type:4,15,Safe,Safe]
6486014,814,0:31:37,0,[2]
6486014,815,0:31:37,0,2,OpportunityCardData_id:13
6486014,816,0:31:39,0,2,OpportunityCardData_id:13
6486014,803,0:31:40,0,[OpportunityCardData_id:13,OpportunityCardConsequencesData_logId:0]
6486014,803,0:31:41,0,[OpportunityCardData_id:13,OpportunityCardConsequencesData_logId:1]
6486014,803,0:31:43,0,[OpportunityCardData_id:13,OpportunityCardConsequencesData_logId:2]
6486014,805,0:31:45,0,[OpportunityCardData_id:13]
6486014,807,0:31:47,0,[OpportunityCardData_id:13]
6486014,808,0:31:49,0,[OpportunityCardData_id:13]
6486014,809,0:31:54,0,[OpportunityCardData_id:13,Safe,false]
6486014,810,0:31:55,0,[OpportunityCardData_id:13,PriorityData_type:2,15,Safe,Safe]
6486014,814,0:31:58,0,[4]
6486014,815,0:31:58,0,4,OpportunityCardData_id:22
6486014,817,0:32:0,0,4
6486014,814,0:32:1,0,[3]
6486014,815,0:32:1,0,3,OpportunityCardData_id:19
6486014,815,0:32:3,0,3,OpportunityCardData_id:20
6486014,815,0:32:5,0,3,OpportunityCardData_id:21
6486014,816,0:32:8,0,3,OpportunityCardData_id:21
6486014,803,0:32:9,0,[OpportunityCardData_id:21,OpportunityCardConsequencesData_logId:0]
6486014,803,0:32:10,0,[OpportunityCardData_id:21,OpportunityCardConsequencesData_logId:1]
6486014,805,0:32:12,0,[OpportunityCardData_id:21]
6486014,807,0:32:13,0,[OpportunityCardData_id:21]
6486014,808,0:32:15,0,[OpportunityCardData_id:21]
6486014,809,0:32:20,0,[OpportunityCardData_id:21,Safe,false]
6486014,810,0:32:21,0,[OpportunityCardData_id:21,PriorityData_type:3,20,Safe,Safe]
6486014,814,0:32:25,0,[4]
6486014,815,0:32:25,0,4,OpportunityCardData_id:22
6486014,815,0:32:27,0,4,OpportunityCardData_id:26
6486014,815,0:32:35,0,4,OpportunityCardData_id:27
6486014,816,0:32:37,0,4,OpportunityCardData_id:27
6486014,803,0:32:38,0,[OpportunityCardData_id:27,OpportunityCardConsequencesData_logId:0]
6486014,803,0:32:39,0,[OpportunityCardData_id:27,OpportunityCardConsequencesData_logId:1]
6486014,803,0:32:41,0,[OpportunityCardData_id:27,OpportunityCardConsequencesData_logId:2]
6486014,805,0:32:42,0,[OpportunityCardData_id:27]
6486014,807,0:32:43,0,[OpportunityCardData_id:27]
6486014,808,0:32:45,0,[OpportunityCardData_id:27]
6486014,809,0:32:52,0,[OpportunityCardData_id:27,Safe,false]
6486014,810,0:32:52,0,[OpportunityCardData_id:27,PriorityData_type:4,15,Safe,Safe]
6486014,818,0:32:53,0,3
6486014,811,0:32:55,0,[OpportunityCardData_id:27,PriorityData_type:2,80,85,PriorityData_type:4,70,70]
6486014,1005,0:32:55,0,[1,1,3]
6486014,1001,0:32:56,0,[]
6486014,1003,0:32:56,1
6486014,210,0:33:3,569,328
6486014,211,0:33:4,157,114
6486014,207,0:33:4,0,-200,-80
6486014,210,0:33:5,355,133
6486014,211,0:33:5,252,105
6486014,213,0:33:5,0,s_flag_gen,true
6486014,205,0:33:6,0,s_flag_gen,false,false
6486014,221,0:33:9,0
6486014,220,0:33:20,0
6486014,210,0:33:22,825,358
6486014,207,0:33:27,0,-80,-425
6486014,207,0:33:30,0,-425,-518.45
6486014,207,0:33:35,0,-518.45,0
6486014,211,0:33:37,586,479
6486014,210,0:34:1,853,480
6486014,211,0:34:1,853,480
6486014,210,0:34:1,1129,415
6486014,207,0:34:3,0,-400,-100
6486014,207,0:34:4,0,-100,0
6486014,211,0:34:6,277,139
6486014,213,0:34:6,0,s_flag_gen,true
6486014,210,0:34:12,837,359
6486014,207,0:34:13,0,0,-375
6486014,211,0:34:15,781,314
6486014,213,0:34:15,0,s_paperPlayers_G7a1N,true
6486014,205,0:34:15,0,s_paperPlayers_G7a1N,false,false
6486014,210,0:34:18,1035,468
6486014,211,0:34:20,1222,476
6486014,213,0:34:20,0,s_otherStudent2_G7a1N,true
6486014,210,0:34:22,1088,390
6486014,211,0:34:26,1007,571
6486014,212,0:34:26,2
6486014,210,0:34:27,1126,507
6486014,211,0:34:27,1051,520
6486014,213,0:34:27,0,c_bestFriend_F_a_G7a1N,true
6486014,205,0:34:27,0,c_bestFriend_F_a_G7a1N,false,false
6486014,210,0:34:31,1121,466
6486014,211,0:34:32,850,400
6486014,213,0:34:32,0,c_teacherEng_G7a1N,true
6486014,205,0:34:32,0,c_teacherEng_G7a1N,false,false
6486014,210,0:34:35,1014,512
6486014,211,0:34:36,1238,470
6486014,210,0:34:37,1224,457
6486014,211,0:34:37,1210,465
6486014,213,0:34:37,0,s_otherStudent2_G7a1N,true
6486014,210,0:34:39,985,438
6486014,211,0:34:41,684,578
6486014,213,0:34:41,0,s_otherStudent1_G7a1N,true
6486014,210,0:34:44,873,475
6486014,207,0:34:45,0,-375,-518.45
6486014,207,0:34:48,0,-518.45,0
6486014,211,0:34:49,241,488
6486014,213,0:34:49,0,c_crewKid1_F_G7a1N,true
6486014,210,0:34:55,547,392
6486014,207,0:34:58,0,0,-405
6486014,211,0:34:59,887,150
6486014,213,0:34:59,0,s_poePoster_gen,true
6486014,210,0:35:2,991,316
6486014,211,0:35:3,777,143
6486014,213,0:35:3,0,s_shakespearePoster_gen,true
6486014,210,0:35:6,981,405
6486014,211,0:35:8,696,151
6486014,213,0:35:8,0,s_angelouPoster_gen,true
6486014,210,0:35:10,949,382
6486014,211,0:35:11,606,155
6486014,213,0:35:11,0,s_atwoodPoster_gen,true
6486014,221,0:35:23,0
6486014,220,0:35:25,0
6486014,219,0:35:25,0
6486014,216,0:35:26,Stack_G7a1P
6486014,217,0:35:38,Stack_G7a1P,7.7,0.00
6486014,218,0:35:40,0
6486014,210,0:35:41,1122,482
6486014,211,0:35:43,872,138
6486014,213,0:35:43,0,s_poePoster_gen,true
6486014,210,0:35:44,949,316
6486014,211,0:35:45,794,130
6486014,213,0:35:45,0,s_shakespearePoster_gen,true
6486014,210,0:35:47,880,299
6486014,211,0:35:48,719,162
6486014,213,0:35:48,0,s_angelouPoster_gen,true
6486014,210,0:35:50,815,314
6486014,211,0:35:51,607,137
6486014,213,0:35:51,0,s_atwoodPoster_gen,true
6486014,210,0:35:53,996,389
6486014,211,0:35:54,1208,151
6486014,213,0:35:54,0,s_clock_G7a1P,true
6486014,210,0:35:56,1009,363
6486014,211,0:35:57,664,370
6486014,213,0:35:57,0,s_paperPlayers_G7a1P,true
6486014,210,0:36:3,1073,380
6486014,207,0:36:5,0,-400,0
6486014,211,0:36:8,256,137
6486014,213,0:36:8,0,s_flag_gen,true
6486014,205,0:36:8,0,s_flag_gen,false,false
6486014,210,0:36:11,518,452
6486014,211,0:36:13,1383,469
6486014,207,0:36:13,0,0,-375
6486014,210,0:36:13,1429,497
6486014,207,0:36:13,0,-375,-465
6486014,211,0:36:17,808,224
6486014,210,0:36:18,830,507
6486014,207,0:36:22,0,-465,-45
6486014,211,0:36:25,1203,424
6486014,207,0:36:25,0,-45,-195
6486014,210,0:36:25,1282,442
6486014,207,0:36:25,0,-195,-300
6486014,211,0:36:25,1132,504
6486014,212,0:36:26,1
6486014,210,0:36:26,1056,453
6486014,211,0:36:28,772,389
6486014,213,0:36:28,0,c_teacherEng_G7a1P,true
6486014,205,0:36:28,0,c_teacherEng_G7a1P,false,false
6486014,212,0:36:33,0
6486014,210,0:36:33,1096,460
6486014,211,0:36:34,970,442
6486014,213,0:36:34,0,c_bestFriend_F_a_G7a1P,true
6486014,1003,0:36:41,0
6486014,1004,0:36:42,0
6486014,400,0:36:45,0,[]
6486014,401,0:37:1,0,[StatementsData_logId:0]
6486014,403,0:37:13,0,[StatementsData_logId:0,true]
6486014,405,0:37:17,0,[StatementsData_logId:0]
6486014,406,0:37:22,0,[StatementsData_logId:0,2]
6486014,407,0:37:22,0,[StatementsData_logId:0,FactCardData_id:6]
6486014,407,0:37:22,0,[StatementsData_logId:0,FactCardData_id:7]
6486014,407,0:37:22,0,[StatementsData_logId:0,FactCardData_id:5]
6486014,407,0:37:22,0,[StatementsData_logId:0,FactCardData_id:4]
6486014,407,0:37:22,0,[StatementsData_logId:0,FactCardData_id:3]
6486014,407,0:37:22,0,[StatementsData_logId:0,FactCardData_id:0]
6486014,407,0:37:40,0,[StatementsData_logId:0,FactCardData_id:6]
6486014,407,0:37:40,0,[StatementsData_logId:0,FactCardData_id:6]
6486014,408,0:37:46,0,[StatementsData_logId:0,FactCardData_id:6,true]
6486014,409,0:37:46,0,[StatementsData_logId:0]
6486014,410,0:37:49,0,[StatementsData_logId:0,2]
6486014,412,0:37:53,0,[StatementsData_logId:0]
6486014,413,0:38:0,0,[StatementsData_logId:0,DuelResponsesData_logId:0]
6486014,414,0:38:4,0,[StatementsData_logId:0,DuelResponsesData_logId:0]
6486014,415,0:38:26,0,[StatementsData_logId:0,DuelResponsesData_logId:0,DuelResponsesData_ok_player_response]
6486014,416,0:38:29,0,[StatementsData_logId:0,DuelResponsesData_logId:0]
6486014,417,0:38:32,0,[StatementsData_logId:0,DuelResponsesData_logId:0]
6486014,413,0:38:37,0,[StatementsData_logId:0,DuelResponsesData_logId:1]
6486014,414,0:38:41,0,[StatementsData_logId:0,DuelResponsesData_logId:1]
6486014,415,0:38:56,0,[StatementsData_logId:0,DuelResponsesData_logId:1,DuelResponsesData_witty_player_response]
6486014,416,0:38:57,0,[StatementsData_logId:0,DuelResponsesData_logId:1]
6486014,417,0:39:0,0,[StatementsData_logId:0,DuelResponsesData_logId:1]
6486014,413,0:39:3,0,[StatementsData_logId:0,DuelResponsesData_logId:2]
6486014,414,0:39:9,0,[StatementsData_logId:0,DuelResponsesData_logId:2]
6486014,415,0:39:23,0,[StatementsData_logId:0,DuelResponsesData_logId:2,DuelResponsesData_witty_player_response]
6486014,416,0:39:27,0,[StatementsData_logId:0,DuelResponsesData_logId:2]
6486014,417,0:39:30,0,[StatementsData_logId:0,DuelResponsesData_logId:2]
6486014,418,0:39:30,0,[StatementsData_logId:0,true]
6486014,419,0:39:34,0,[StatementsData_logId:0,4]
6486014,411,0:39:43,0,[StatementsData_logId:0]
6486014,401,0:39:48,0,[StatementsData_logId:1]
6486014,402,0:39:53,0,[StatementsData_logId:1,true]
6486014,405,0:39:54,0,[StatementsData_logId:1]
6486014,406,0:39:59,0,[StatementsData_logId:1,2]
6486014,411,0:40:5,0,[StatementsData_logId:1]
6486014,401,0:40:13,0,[StatementsData_logId:2]
6486014,403,0:40:15,0,[StatementsData_logId:2,false]
6486014,405,0:40:17,0,[StatementsData_logId:2]
6486014,406,0:40:23,0,[StatementsData_logId:2,-2]
6486014,411,0:40:24,0,[StatementsData_logId:2]
6486014,401,0:40:31,0,[StatementsData_logId:3]
6486014,403,0:40:36,0,[StatementsData_logId:3,true]
6486014,405,0:40:37,0,[StatementsData_logId:3]
6486014,406,0:40:42,0,[StatementsData_logId:3,2]
6486014,407,0:40:42,0,[StatementsData_logId:3,FactCardData_id:4]
6486014,407,0:40:42,0,[StatementsData_logId:3,FactCardData_id:0]
6486014,407,0:40:42,0,[StatementsData_logId:3,FactCardData_id:7]
6486014,407,0:40:42,0,[StatementsData_logId:3,FactCardData_id:3]
6486014,407,0:40:42,0,[StatementsData_logId:3,FactCardData_id:6]
6486014,407,0:40:42,0,[StatementsData_logId:3,FactCardData_id:5]
6486014,407,0:40:47,0,[StatementsData_logId:3,FactCardData_id:4]
6486014,407,0:40:47,0,[StatementsData_logId:3,FactCardData_id:4]
6486014,407,0:40:52,0,[StatementsData_logId:3,FactCardData_id:0]
6486014,407,0:40:52,0,[StatementsData_logId:3,FactCardData_id:4]
6486014,407,0:40:52,0,[StatementsData_logId:3,FactCardData_id:0]
6486014,408,0:40:59,0,[StatementsData_logId:3,FactCardData_id:0,true]
6486014,409,0:40:59,0,[StatementsData_logId:3]
6486014,410,0:41:1,0,[StatementsData_logId:3,2]
6486014,412,0:41:6,0,[StatementsData_logId:3]
6486014,413,0:41:10,0,[StatementsData_logId:3,DuelResponsesData_logId:6]
6486014,414,0:41:14,0,[StatementsData_logId:3,DuelResponsesData_logId:6]
6486014,415,0:41:27,0,[StatementsData_logId:3,DuelResponsesData_logId:6,DuelResponsesData_ok_player_response]
6486014,416,0:41:27,0,[StatementsData_logId:3,DuelResponsesData_logId:6]
6486014,417,0:41:29,0,[StatementsData_logId:3,DuelResponsesData_logId:6]
6486014,413,0:41:34,0,[StatementsData_logId:3,DuelResponsesData_logId:7]
6486014,414,0:41:38,0,[StatementsData_logId:3,DuelResponsesData_logId:7]
6486014,415,0:41:49,0,[StatementsData_logId:3,DuelResponsesData_logId:7,DuelResponsesData_ok_player_response]
6486014,416,0:41:50,0,[StatementsData_logId:3,DuelResponsesData_logId:7]
6486014,417,0:41:52,0,[StatementsData_logId:3,DuelResponsesData_logId:7]
6486014,413,0:41:59,0,[StatementsData_logId:3,DuelResponsesData_logId:8]
6486014,414,0:42:3,0,[StatementsData_logId:3,DuelResponsesData_logId:8]
6486014,415,0:42:19,0,[StatementsData_logId:3,DuelResponsesData_logId:8,DuelResponsesData_ok_player_response]
6486014,416,0:42:19,0,[StatementsData_logId:3,DuelResponsesData_logId:8]
6486014,417,0:42:22,0,[StatementsData_logId:3,DuelResponsesData_logId:8]
6486014,418,0:42:22,0,[StatementsData_logId:3,true]
6486014,419,0:42:26,0,[StatementsData_logId:3,4]
6486014,411,0:42:27,0,[StatementsData_logId:3]
6486014,401,0:42:31,0,[StatementsData_logId:4]
6486014,402,0:42:34,0,[StatementsData_logId:4,true]
6486014,405,0:42:35,0,[StatementsData_logId:4]
6486014,406,0:42:41,0,[StatementsData_logId:4,2]
6486014,411,0:42:43,0,[StatementsData_logId:4]
6486014,401,0:42:49,0,[StatementsData_logId:5]
6486014,403,0:43:2,0,[StatementsData_logId:5,false]
6486014,405,0:43:4,0,[StatementsData_logId:5]
6486014,406,0:43:5,0,[StatementsData_logId:5,-2]
6486014,411,0:43:10,0,[StatementsData_logId:5]
6486014,420,0:43:10,0,[48]
6486014,1005,0:43:10,0,[0,0,2]
6486014,1000,0:43:12,0,[]
6486014,400,0:43:13,0,[]
6486014,401,0:43:15,0,[StatementsData_logId:0]
6486014,403,0:43:18,0,[StatementsData_logId:0,true]
6486014,405,0:43:19,0,[StatementsData_logId:0]
6486014,406,0:43:21,0,[StatementsData_logId:0,2]
6486014,407,0:43:21,0,[StatementsData_logId:0,FactCardData_id:4]
6486014,407,0:43:21,0,[StatementsData_logId:0,FactCardData_id:6]
6486014,407,0:43:21,0,[StatementsData_logId:0,FactCardData_id:5]
6486014,407,0:43:21,0,[StatementsData_logId:0,FactCardData_id:3]
6486014,407,0:43:21,0,[StatementsData_logId:0,FactCardData_id:0]
6486014,407,0:43:21,0,[StatementsData_logId:0,FactCardData_id:7]
6486014,407,0:43:22,0,[StatementsData_logId:0,FactCardData_id:4]
6486014,407,0:43:22,0,[StatementsData_logId:0,FactCardData_id:4]
6486014,408,0:43:25,0,[StatementsData_logId:0,FactCardData_id:4,false]
6486014,406,0:43:34,0,[StatementsData_logId:0,-2]
6486014,411,0:43:36,0,[StatementsData_logId:0]
6486014,401,0:43:41,0,[StatementsData_logId:1]
6486014,404,0:43:41,0,[StatementsData_logId:1,false]
6486014,405,0:43:43,0,[StatementsData_logId:1]
6486014,406,0:43:44,0,[StatementsData_logId:1,-2]
6486014,411,0:43:45,0,[StatementsData_logId:1]
6486014,401,0:43:47,0,[StatementsData_logId:2]
6486014,403,0:43:48,0,[StatementsData_logId:2,false]
6486014,405,0:43:49,0,[StatementsData_logId:2]
6486014,406,0:43:50,0,[StatementsData_logId:2,-2]
6486014,411,0:43:51,0,[StatementsData_logId:2]
6486014,401,0:43:52,0,[StatementsData_logId:3]
6486014,403,0:43:53,0,[StatementsData_logId:3,true]
6486014,405,0:43:53,0,[StatementsData_logId:3]
6486014,406,0:43:54,0,[StatementsData_logId:3,2]
6486014,407,0:43:54,0,[StatementsData_logId:3,FactCardData_id:7]
6486014,407,0:43:54,0,[StatementsData_logId:3,FactCardData_id:4]
6486014,407,0:43:54,0,[StatementsData_logId:3,FactCardData_id:3]
6486014,407,0:43:54,0,[StatementsData_logId:3,FactCardData_id:0]
6486014,407,0:43:54,0,[StatementsData_logId:3,FactCardData_id:5]
6486014,407,0:43:54,0,[StatementsData_logId:3,FactCardData_id:6]
6486014,407,0:44:1,0,[StatementsData_logId:3,FactCardData_id:7]
6486014,407,0:44:1,0,[StatementsData_logId:3,FactCardData_id:7]
6486014,408,0:44:8,0,[StatementsData_logId:3,FactCardData_id:7,false]
6486014,406,0:44:10,0,[StatementsData_logId:3,-2]
6486014,411,0:44:11,0,[StatementsData_logId:3]
6486014,401,0:44:12,0,[StatementsData_logId:4]
6486014,403,0:44:12,0,[StatementsData_logId:4,false]
6486014,405,0:44:13,0,[StatementsData_logId:4]
6486014,406,0:44:14,0,[StatementsData_logId:4,-2]
6486014,411,0:44:15,0,[StatementsData_logId:4]
6486014,401,0:44:15,0,[StatementsData_logId:5]
6486014,404,0:44:16,0,[StatementsData_logId:5,true]
6486014,406,0:44:17,0,[StatementsData_logId:5,2]
6486014,412,0:44:18,0,[StatementsData_logId:5]
6486014,413,0:44:22,0,[StatementsData_logId:5,DuelResponsesData_logId:9]
6486014,414,0:44:23,0,[StatementsData_logId:5,DuelResponsesData_logId:9]
6486014,415,0:44:31,0,[StatementsData_logId:5,DuelResponsesData_logId:9,DuelResponsesData_ok_player_response]
6486014,416,0:44:32,0,[StatementsData_logId:5,DuelResponsesData_logId:9]
6486014,417,0:44:37,0,[StatementsData_logId:5,DuelResponsesData_logId:9]
6486014,413,0:44:47,0,[StatementsData_logId:5,DuelResponsesData_logId:10]
6486014,414,0:44:50,0,[StatementsData_logId:5,DuelResponsesData_logId:10]
6486014,415,0:45:1,0,[StatementsData_logId:5,DuelResponsesData_logId:10,DuelResponsesData_witty_player_response]
6486014,416,0:45:2,0,[StatementsData_logId:5,DuelResponsesData_logId:10]
6486014,417,0:45:4,0,[StatementsData_logId:5,DuelResponsesData_logId:10]
6486014,413,0:45:9,0,[StatementsData_logId:5,DuelResponsesData_logId:11]
6486014,414,0:45:11,0,[StatementsData_logId:5,DuelResponsesData_logId:11]
6486014,415,0:45:25,0,[StatementsData_logId:5,DuelResponsesData_logId:11,DuelResponsesData_witty_player_response]
6486014,416,0:45:26,0,[StatementsData_logId:5,DuelResponsesData_logId:11]
6486014,417,0:45:29,0,[StatementsData_logId:5,DuelResponsesData_logId:11]
6486014,418,0:45:29,0,[StatementsData_logId:5,true]
6486014,419,0:45:30,0,[StatementsData_logId:5,4]
6486014,411,0:45:33,0,[StatementsData_logId:5]
6486014,420,0:45:33,0,[32]
6486014,1000,0:45:34,0,[]
6486014,400,0:45:35,0,[]
6486014,401,0:45:37,0,[StatementsData_logId:0]
6486014,403,0:45:42,0,[StatementsData_logId:0,true]
6486014,405,0:45:43,0,[StatementsData_logId:0]
6486014,406,0:45:45,0,[StatementsData_logId:0,2]
6486014,407,0:45:45,0,[StatementsData_logId:0,FactCardData_id:3]
6486014,407,0:45:45,0,[StatementsData_logId:0,FactCardData_id:7]
6486014,407,0:45:45,0,[StatementsData_logId:0,FactCardData_id:4]
6486014,407,0:45:45,0,[StatementsData_logId:0,FactCardData_id:6]
6486014,407,0:45:45,0,[StatementsData_logId:0,FactCardData_id:0]
6486014,407,0:45:45,0,[StatementsData_logId:0,FactCardData_id:5]
6486014,407,0:45:47,0,[StatementsData_logId:0,FactCardData_id:7]
6486014,407,0:45:47,0,[StatementsData_logId:0,FactCardData_id:7]
6486014,407,0:45:51,0,[StatementsData_logId:0,FactCardData_id:3]
6486014,407,0:45:51,0,[StatementsData_logId:0,FactCardData_id:7]
6486014,407,0:45:51,0,[StatementsData_logId:0,FactCardData_id:3]
6486014,407,0:45:56,0,[StatementsData_logId:0,FactCardData_id:4]
6486014,407,0:45:56,0,[StatementsData_logId:0,FactCardData_id:3]
6486014,407,0:45:56,0,[StatementsData_logId:0,FactCardData_id:4]
6486014,407,0:46:1,0,[StatementsData_logId:0,FactCardData_id:6]
6486014,407,0:46:1,0,[StatementsData_logId:0,FactCardData_id:4]
6486014,407,0:46:1,0,[StatementsData_logId:0,FactCardData_id:6]
6486014,408,0:46:5,0,[StatementsData_logId:0,FactCardData_id:6,true]
6486014,409,0:46:5,0,[StatementsData_logId:0]
6486014,410,0:46:6,0,[StatementsData_logId:0,2]
6486014,412,0:46:9,0,[StatementsData_logId:0]
6486014,413,0:46:12,0,[StatementsData_logId:0,DuelResponsesData_logId:0]
6486014,414,0:46:12,0,[StatementsData_logId:0,DuelResponsesData_logId:0]
6486014,415,0:46:19,0,[StatementsData_logId:0,DuelResponsesData_logId:0,DuelResponsesData_ok_player_response]
6486014,416,0:46:20,0,[StatementsData_logId:0,DuelResponsesData_logId:0]
6486014,417,0:46:21,0,[StatementsData_logId:0,DuelResponsesData_logId:0]
6486014,413,0:46:24,0,[StatementsData_logId:0,DuelResponsesData_logId:1]
6486014,414,0:46:27,0,[StatementsData_logId:0,DuelResponsesData_logId:1]
6486014,415,0:46:31,0,[StatementsData_logId:0,DuelResponsesData_logId:1,DuelResponsesData_witty_player_response]
6486014,416,0:46:32,0,[StatementsData_logId:0,DuelResponsesData_logId:1]
6486014,417,0:46:34,0,[StatementsData_logId:0,DuelResponsesData_logId:1]
6486014,413,0:46:41,0,[StatementsData_logId:0,DuelResponsesData_logId:2]
6486014,414,0:46:45,0,[StatementsData_logId:0,DuelResponsesData_logId:2]
6486014,415,0:46:49,0,[StatementsData_logId:0,DuelResponsesData_logId:2,DuelResponsesData_witty_player_response]
6486014,416,0:46:50,0,[StatementsData_logId:0,DuelResponsesData_logId:2]
6486014,417,0:46:52,0,[StatementsData_logId:0,DuelResponsesData_logId:2]
6486014,418,0:46:52,0,[StatementsData_logId:0,true]
6486014,419,0:47:0,0,[StatementsData_logId:0,4]
6486014,411,0:47:6,0,[StatementsData_logId:0]
6486014,401,0:47:10,0,[StatementsData_logId:1]
6486014,402,0:47:13,0,[StatementsData_logId:1,true]
6486014,405,0:47:15,0,[StatementsData_logId:1]
6486014,406,0:47:18,0,[StatementsData_logId:1,2]
6486014,411,0:47:20,0,[StatementsData_logId:1]
6486014,401,0:47:24,0,[StatementsData_logId:2]
6486014,402,0:47:25,0,[StatementsData_logId:2,false]
6486014,405,0:47:27,0,[StatementsData_logId:2]
6486014,406,0:47:30,0,[StatementsData_logId:2,-2]
6486014,411,0:47:32,0,[StatementsData_logId:2]
6486014,401,0:47:37,0,[StatementsData_logId:3]
6486014,403,0:47:39,0,[StatementsData_logId:3,true]
6486014,405,0:47:41,0,[StatementsData_logId:3]
6486014,406,0:47:42,0,[StatementsData_logId:3,2]
6486014,407,0:47:42,0,[StatementsData_logId:3,FactCardData_id:4]
6486014,407,0:47:42,0,[StatementsData_logId:3,FactCardData_id:6]
6486014,407,0:47:42,0,[StatementsData_logId:3,FactCardData_id:3]
6486014,407,0:47:42,0,[StatementsData_logId:3,FactCardData_id:0]
6486014,407,0:47:42,0,[StatementsData_logId:3,FactCardData_id:5]
6486014,407,0:47:42,0,[StatementsData_logId:3,FactCardData_id:7]
6486014,407,0:47:45,0,[StatementsData_logId:3,FactCardData_id:5]
6486014,407,0:47:45,0,[StatementsData_logId:3,FactCardData_id:5]
6486014,407,0:47:46,0,[StatementsData_logId:3,FactCardData_id:7]
6486014,407,0:47:46,0,[StatementsData_logId:3,FactCardData_id:5]
6486014,407,0:47:46,0,[StatementsData_logId:3,FactCardData_id:7]
6486014,408,0:47:52,0,[StatementsData_logId:3,FactCardData_id:7,false]
6486014,406,0:48:2,0,[StatementsData_logId:3,-2]
6486014,411,0:48:4,0,[StatementsData_logId:3]
6486014,401,0:48:6,0,[StatementsData_logId:4]
6486014,402,0:48:8,0,[StatementsData_logId:4,true]
6486014,405,0:48:9,0,[StatementsData_logId:4]
6486014,406,0:48:12,0,[StatementsData_logId:4,2]
6486014,411,0:48:14,0,[StatementsData_logId:4]
6486014,401,0:48:22,0,[StatementsData_logId:5]
6486014,404,0:48:24,0,[StatementsData_logId:5,true]
6486014,406,0:48:26,0,[StatementsData_logId:5,2]
6486014,412,0:48:29,0,[StatementsData_logId:5]
6486014,413,0:48:31,0,[StatementsData_logId:5,DuelResponsesData_logId:9]
6486014,414,0:48:35,0,[StatementsData_logId:5,DuelResponsesData_logId:9]
6486014,415,0:48:47,0,[StatementsData_logId:5,DuelResponsesData_logId:9,DuelResponsesData_ok_player_response]
6486014,416,0:48:48,0,[StatementsData_logId:5,DuelResponsesData_logId:9]
6486014,417,0:48:50,0,[StatementsData_logId:5,DuelResponsesData_logId:9]
6486014,413,0:48:53,0,[StatementsData_logId:5,DuelResponsesData_logId:10]
6486014,414,0:48:54,0,[StatementsData_logId:5,DuelResponsesData_logId:10]
6486014,415,0:49:7,0,[StatementsData_logId:5,DuelResponsesData_logId:10,DuelResponsesData_witty_player_response]
6486014,416,0:49:7,0,[StatementsData_logId:5,DuelResponsesData_logId:10]
6486014,417,0:49:8,0,[StatementsData_logId:5,DuelResponsesData_logId:10]
6486014,413,0:49:16,0,[StatementsData_logId:5,DuelResponsesData_logId:11]
6486014,414,0:49:19,0,[StatementsData_logId:5,DuelResponsesData_logId:11]
6486014,415,0:49:24,0,[StatementsData_logId:5,DuelResponsesData_logId:11,DuelResponsesData_witty_player_response]
6486014,416,0:49:25,0,[StatementsData_logId:5,DuelResponsesData_logId:11]
6486014,417,0:49:28,0,[StatementsData_logId:5,DuelResponsesData_logId:11]
6486014,418,0:49:28,0,[StatementsData_logId:5,true]
6486014,419,0:49:31,0,[StatementsData_logId:5,4]
6486014,411,0:49:32,0,[StatementsData_logId:5]
6486014,420,0:49:32,0,[48]
6486014,1000,0:49:36,0,[]
6486014,400,0:49:37,0,[]
6486014,401,0:49:42,0,[StatementsData_logId:0]
6486014,403,0:49:46,0,[StatementsData_logId:0,true]
6486014,405,0:49:47,0,[StatementsData_logId:0]
6486014,406,0:49:49,0,[StatementsData_logId:0,2]
6486014,407,0:49:49,0,[StatementsData_logId:0,FactCardData_id:6]
6486014,407,0:49:49,0,[StatementsData_logId:0,FactCardData_id:4]
6486014,407,0:49:49,0,[StatementsData_logId:0,FactCardData_id:7]
6486014,407,0:49:49,0,[StatementsData_logId:0,FactCardData_id:3]
6486014,407,0:49:49,0,[StatementsData_logId:0,FactCardData_id:0]
6486014,407,0:49:49,0,[StatementsData_logId:0,FactCardData_id:5]
6486014,407,0:49:52,0,[StatementsData_logId:0,FactCardData_id:7]
6486014,407,0:49:52,0,[StatementsData_logId:0,FactCardData_id:7]
6486014,407,0:49:57,0,[StatementsData_logId:0,FactCardData_id:3]
6486014,407,0:49:57,0,[StatementsData_logId:0,FactCardData_id:7]
6486014,407,0:49:57,0,[StatementsData_logId:0,FactCardData_id:3]
6486014,407,0:49:59,0,[StatementsData_logId:0,FactCardData_id:5]
6486014,407,0:49:59,0,[StatementsData_logId:0,FactCardData_id:3]
6486014,407,0:49:59,0,[StatementsData_logId:0,FactCardData_id:5]
6486014,407,0:50:1,0,[StatementsData_logId:0,FactCardData_id:7]
6486014,407,0:50:1,0,[StatementsData_logId:0,FactCardData_id:5]
6486014,407,0:50:1,0,[StatementsData_logId:0,FactCardData_id:7]
6486014,408,0:50:2,0,[StatementsData_logId:0,FactCardData_id:7,false]
6486014,406,0:50:23,0,[StatementsData_logId:0,-2]
6486014,411,0:50:24,0,[StatementsData_logId:0]
6486014,401,0:50:25,0,[StatementsData_logId:1]
6486014,403,0:50:25,0,[StatementsData_logId:1,false]
6486014,405,0:50:26,0,[StatementsData_logId:1]
6486014,406,0:50:27,0,[StatementsData_logId:1,-2]
6486014,411,0:50:28,0,[StatementsData_logId:1]
6486014,401,0:50:28,0,[StatementsData_logId:2]
6486014,403,0:50:29,0,[StatementsData_logId:2,false]
6486014,405,0:50:30,0,[StatementsData_logId:2]
6486014,406,0:50:31,0,[StatementsData_logId:2,-2]
6486014,411,0:50:32,0,[StatementsData_logId:2]
6486014,401,0:50:33,0,[StatementsData_logId:3]
6486014,403,0:50:34,0,[StatementsData_logId:3,true]
6486014,405,0:50:34,0,[StatementsData_logId:3]
6486014,406,0:50:35,0,[StatementsData_logId:3,2]
6486014,407,0:50:35,0,[StatementsData_logId:3,FactCardData_id:7]
6486014,407,0:50:35,0,[StatementsData_logId:3,FactCardData_id:0]
6486014,407,0:50:35,0,[StatementsData_logId:3,FactCardData_id:5]
6486014,407,0:50:35,0,[StatementsData_logId:3,FactCardData_id:4]
6486014,407,0:50:35,0,[StatementsData_logId:3,FactCardData_id:6]
6486014,407,0:50:35,0,[StatementsData_logId:3,FactCardData_id:3]
6486014,407,0:50:36,0,[StatementsData_logId:3,FactCardData_id:3]
6486014,407,0:50:36,0,[StatementsData_logId:3,FactCardData_id:3]
6486014,408,0:50:38,0,[StatementsData_logId:3,FactCardData_id:3,false]
6486014,406,0:50:42,0,[StatementsData_logId:3,-2]
6486014,411,0:50:43,0,[StatementsData_logId:3]
6486014,401,0:50:44,0,[StatementsData_logId:4]
6486014,402,0:50:44,0,[StatementsData_logId:4,true]
6486014,405,0:50:45,0,[StatementsData_logId:4]
6486014,406,0:50:46,0,[StatementsData_logId:4,2]
6486014,411,0:50:46,0,[StatementsData_logId:4]
6486014,401,0:50:48,0,[StatementsData_logId:5]
6486014,403,0:50:48,0,[StatementsData_logId:5,false]
6486014,405,0:50:49,0,[StatementsData_logId:5]
6486014,406,0:50:49,0,[StatementsData_logId:5,-2]
6486014,411,0:50:50,0,[StatementsData_logId:5]
6486014,420,0:50:50,0,[28]
6486014,1000,0:50:51,0,[]
6486014,400,0:50:52,0,[]
6486014,401,0:50:54,0,[StatementsData_logId:0]
6486014,403,0:50:55,0,[StatementsData_logId:0,true]
6486014,405,0:50:57,0,[StatementsData_logId:0]
6486014,406,0:50:59,0,[StatementsData_logId:0,2]
6486014,407,0:50:59,0,[StatementsData_logId:0,FactCardData_id:0]
6486014,407,0:50:59,0,[StatementsData_logId:0,FactCardData_id:3]
6486014,407,0:50:59,0,[StatementsData_logId:0,FactCardData_id:6]
6486014,407,0:50:59,0,[StatementsData_logId:0,FactCardData_id:7]
6486014,407,0:50:59,0,[StatementsData_logId:0,FactCardData_id:4]
6486014,407,0:50:59,0,[StatementsData_logId:0,FactCardData_id:5]
6486014,407,0:51:2,0,[StatementsData_logId:0,FactCardData_id:0]
6486014,407,0:51:2,0,[StatementsData_logId:0,FactCardData_id:0]
6486014,407,0:51:12,0,[StatementsData_logId:0,FactCardData_id:5]
6486014,407,0:51:12,0,[StatementsData_logId:0,FactCardData_id:0]
6486014,407,0:51:12,0,[StatementsData_logId:0,FactCardData_id:5]
6486014,407,0:51:13,0,[StatementsData_logId:0,FactCardData_id:7]
6486014,407,0:51:13,0,[StatementsData_logId:0,FactCardData_id:5]
6486014,407,0:51:13,0,[StatementsData_logId:0,FactCardData_id:7]
6486014,407,0:51:15,0,[StatementsData_logId:0,FactCardData_id:3]
6486014,407,0:51:15,0,[StatementsData_logId:0,FactCardData_id:7]
6486014,407,0:51:15,0,[StatementsData_logId:0,FactCardData_id:3]
6486014,407,0:51:18,0,[StatementsData_logId:0,FactCardData_id:6]
6486014,407,0:51:18,0,[StatementsData_logId:0,FactCardData_id:3]
6486014,407,0:51:18,0,[StatementsData_logId:0,FactCardData_id:6]
6486014,408,0:51:22,0,[StatementsData_logId:0,FactCardData_id:6,true]
6486014,409,0:51:22,0,[StatementsData_logId:0]
6486014,410,0:51:23,0,[StatementsData_logId:0,2]
6486014,103,0:51:51
6486014,105,0:51:54
6486014,703,0:51:56,[|| EpilogueItem ID: 0 unlocked: false ||,|| EpilogueItem ID: 1 unlocked: false ||,|| EpilogueItem ID: 2 unlocked: false ||,|| EpilogueItem ID: 3 unlocked: false ||,|| EpilogueItem ID: 4 unlocked: false ||,|| EpilogueItem ID: 5 unlocked: false ||,|| EpilogueItem ID: 6 unlocked: false ||,|| EpilogueItem ID: 7 unlocked: false ||,|| EpilogueItem ID: 8 unlocked: false ||,|| EpilogueItem ID: 9 unlocked: false ||,|| EpilogueItem ID: 10 unlocked: false ||,|| EpilogueItem ID: 11 unlocked: false ||,|| EpilogueItem ID: 12 unlocked: false ||,|| EpilogueItem ID: 13 unlocked: false ||,|| EpilogueItem ID: 14 unlocked: false ||,|| EpilogueItem ID: 15 unlocked: false ||,|| EpilogueItem ID: 16 unlocked: false ||,|| EpilogueItem ID: 17 unlocked: false ||,|| EpilogueItem ID: 18 unlocked: false ||,|| EpilogueItem ID: 19 unlocked: false ||,|| EpilogueItem ID: 20 unlocked: false ||,|| EpilogueItem ID: 21 unlocked: false ||,|| EpilogueItem ID: 22 unlocked: false ||,|| EpilogueItem ID: 23 unlocked: false ||,|| EpilogueItem ID: 24 unlocked: false ||],0
6486014,706,0:52:4,(x=260, y=-100, w=1024, h=768),(x=324, y=-100, w=1024, h=768)
6486014,706,0:52:6,(x=551, y=-100, w=1024, h=768),(x=623, y=-100, w=1024, h=768)
6486014,706,0:52:8,(x=852, y=-100, w=1024, h=768),(x=910, y=-100, w=1024, h=768)
6486014,706,0:52:10,(x=1362, y=-100, w=1024, h=768),(x=1401, y=-100, w=1024, h=768)
6486014,706,0:52:11,(x=1558, y=-100, w=1024, h=768),(x=1818, y=-100, w=1024, h=768)
6486014,706,0:52:13,(x=1938, y=-100, w=1024, h=768),(x=2002, y=-100, w=1024, h=768)
6486014,706,0:52:24,(x=2290, y=-100, w=1024, h=768),(x=2531, y=-100, w=1024, h=768)
6486014,707,0:52:28,0,1
6486014,706,0:52:28,(x=2290, y=-100, w=1024, h=768),(x=2531, y=-100, w=1024, h=768)
6486014,707,0:52:29,1,2
6486014,706,0:52:29,(x=2290, y=-100, w=1024, h=768),(x=2531, y=-100, w=1024, h=768)
6486014,707,0:52:29,2,3
6486014,706,0:52:29,(x=2290, y=-100, w=1024, h=768),(x=2531, y=-100, w=1024, h=768)
6486014,707,0:52:31,3,4
6486014,706,0:52:31,(x=2531, y=-100, w=1024, h=768),(x=2531, y=-100, w=1024, h=768)
6486014,707,0:52:32,4,3
6486014,706,0:52:33,(x=2526, y=-100, w=1024, h=768),(x=2502, y=-100, w=1024, h=768)
6486014,706,0:52:35,(x=2531, y=-100, w=1024, h=768),(x=2531, y=-100, w=1024, h=768)
6486014,707,0:52:38,3,4
6486014,706,0:52:39,(x=2524, y=-100, w=1024, h=768),(x=2476, y=-100, w=1024, h=768)
6486014,708,0:52:39
6486014,1,0:52:39,11/4/2013 2:04:17pm,{"gameTime":3159950,"challengeStacks":[{"challengeScenes":[{"miniGameCards":[],"viewedAnimatic":true,"keyPoints":["c_teacherEng_G7a0","c_bestFriend_F_a_G7a0","s_flag_gen"],"unlocked":true,"touchableObjects":["s_otherStudent1_G7a0","s_atwoodPoster_gen","s_angelouPoster_gen","s_poePoster_gen","s_vocabAssignment_G7a0","c_friend1_F_a_G7a0","s_doorClassroom_G7a0","c_teacherEng_G7a0","c_bestFriend_F_a_G7a0","c_crewKid1_F_G7a0","s_shakespearePoster_gen","s_clock_G7a0","s_flag_gen"]},{"miniGameCards":[],"viewedAnimatic":true,"keyPoints":["s_paperPlayers_G7a1N","c_bestFriend_F_a_G7a1N","c_teacherEng_G7a1N"],"unlocked":true,"touchableObjects":["s_otherStudent2_G7a1N","s_flag_gen","s_paperPlayers_G7a1N","c_bestFriend_F_a_G7a1N","c_teacherEng_G7a1N","s_otherStudent1_G7a1N","c_crewKid1_F_G7a1N","s_poePoster_gen","s_shakespearePoster_gen","s_angelouPoster_gen","s_atwoodPoster_gen"]},{"miniGameCards":[],"viewedAnimatic":true,"keyPoints":["s_flag_gen","c_teacherEng_G7a1P"],"unlocked":true,"touchableObjects":["s_poePoster_gen","s_shakespearePoster_gen","s_angelouPoster_gen","s_atwoodPoster_gen","s_clock_G7a1P","s_paperPlayers_G7a1P","s_flag_gen","c_teacherEng_G7a1P"]}],"stackSize":3,"resolved":false},{"challengeScenes":[{"miniGameCards":[],"viewedAnimatic":false,"keyPoints":[],"unlocked":false,"touchableObjects":[]},{"miniGameCards":[],"viewedAnimatic":false,"keyPoints":[],"unlocked":false,"touchableObjects":[]},{"miniGameCards":[],"viewedAnimatic":false,"keyPoints":[],"unlocked":false,"touchableObjects":[]},{"miniGameCards":[],"viewedAnimatic":false,"keyPoints":[],"unlocked":false,"touchableObjects":[]},{"miniGameCards":[],"viewedAnimatic":false,"keyPoints":[],"unlocked":false,"touchableObjects":[]}],"stackSize":5,"resolved":false},{"challengeScenes":[{"miniGameCards":[],"viewedAnimatic":false,"keyPoints":[],"unlocked":false,"touchableObjects":[]},{"miniGameCards":[],"viewedAnimatic":false,"keyPoints":[],"unlocked":false,"touchableObjects":[]},{"miniGameCards":[],"viewedAnimatic":false,"keyPoints":[],"unlocked":false,"touchableObjects":[]},{"miniGameCards":[],"viewedAnimatic":false,"keyPoints":[],"unlocked":false,"touchableObjects":[]},{"miniGameCards":[],"viewedAnimatic":false,"keyPoints":[],"unlocked":false,"touchableObjects":[]},{"miniGameCards":[],"viewedAnimatic":false,"keyPoints":[],"unlocked":false,"touchableObjects":[]},{"miniGameCards":[],"viewedAnimatic":false,"keyPoints":[],"unlocked":false,"touchableObjects":[]}],"stackSize":7,"resolved":false},{"challengeScenes":[{"miniGameCards":[],"viewedAnimatic":false,"keyPoints":[],"unlocked":false,"touchableObjects":[]},{"miniGameCards":[],"viewedAnimatic":false,"keyPoints":[],"unlocked":false,"touchableObjects":[]},{"miniGameCards":[],"viewedAnimatic":false,"keyPoints":[],"unlocked":false,"touchableObjects":[]},{"miniGameCards":[],"viewedAnimatic":false,"keyPoints":[],"unlocked":false,"touchableObjects":[]},{"miniGameCards":[],"viewedAnimatic":false,"keyPoints":[],"unlocked":false,"touchableObjects":[]}],"stackSize":5,"resolved":false},{"challengeScenes":[{"miniGameCards":[],"viewedAnimatic":false,"keyPoints":[],"unlocked":false,"touchableObjects":[]},{"miniGameCards":[],"viewedAnimatic":false,"keyPoints":[],"unlocked":false,"touchableObjects":[]},{"miniGameCards":[],"viewedAnimatic":false,"keyPoints":[],"unlocked":false,"touchableObjects":[]},{"miniGameCards":[],"viewedAnimatic":false,"keyPoints":[],"unlocked":false,"touchableObjects":[]},{"miniGameCards":[],"viewedAnimatic":false,"keyPoints":[],"unlocked":false,"touchableObjects":[]}],"stackSize":5,"resolved":false},{"challengeScenes":[{"miniGameCards":[],"viewedAnimatic":false,"keyPoints":[],"unlocked":false,"touchableObjects":[]},{"miniGameCards":[],"viewedAnimatic":false,"keyPoints":[],"unlocked":false,"touchableObjects":[]},{"miniGameCards":[],"viewedAnimatic":false,"keyPoints":[],"unlocked":false,"touchableObjects":[]},{"miniGameCards":[],"viewedAnimatic":false,"keyPoints":[],"unlocked":false,"touchableObjects":[]},{"miniGameCards":[],"viewedAnimatic":false,"keyPoints":[],"unlocked":false,"touchableObjects":[]}],"stackSize":5,"resolved":false},{"challengeScenes":[{"miniGameCards":[],"viewedAnimatic":false,"keyPoints":[],"unlocked":false,"touchableObjects":[]},{"miniGameCards":[],"viewedAnimatic":false,"keyPoints":[],"unlocked":false,"touchableObjects":[]},{"miniGameCards":[],"viewedAnimatic":false,"keyPoints":[],"unlocked":false,"touchableObjects":[]},{"miniGameCards":[],"viewedAnimatic":false,"keyPoints":[],"unlocked":false,"touchableObjects":[]},{"miniGameCards":[],"viewedAnimatic":false,"keyPoints":[],"unlocked":false,"touchableObjects":[]}],"stackSize":5,"resolved":false},{"challengeScenes":[{"miniGameCards":[],"viewedAnimatic":false,"keyPoints":[],"unlocked":false,"touchableObjects":[]},{"miniGameCards":[],"viewedAnimatic":false,"keyPoints":[],"unlocked":false,"touchableObjects":[]},{"miniGameCards":[],"viewedAnimatic":false,"keyPoints":[],"unlocked":false,"touchableObjects":[]},{"miniGameCards":[],"viewedAnimatic":false,"keyPoints":[],"unlocked":false,"touchableObjects":[]},{"miniGameCards":[],"viewedAnimatic":false,"keyPoints":[],"unlocked":false,"touchableObjects":[]}],"stackSize":5,"resolved":false},{"challengeScenes":[{"miniGameCards":[],"viewedAnimatic":false,"keyPoints":[],"unlocked":false,"touchableObjects":[]},{"miniGameCards":[],"viewedAnimatic":false,"keyPoints":[],"unlocked":false,"touchableObjects":[]},{"miniGameCards":[],"viewedAnimatic":false,"keyPoints":[],"unlocked":false,"touchableObjects":[]},{"miniGameCards":[],"viewedAnimatic":false,"keyPoints":[],"unlocked":false,"touchableObjects":[]},{"miniGameCards":[],"viewedAnimatic":false,"keyPoints":[],"unlocked":false,"touchableObjects":[]}],"stackSize":5,"resolved":false},{"challengeScenes":[{"miniGameCards":[],"viewedAnimatic":false,"keyPoints":[],"unlocked":false,"touchableObjects":[]},{"miniGameCards":[],"viewedAnimatic":false,"keyPoints":[],"unlocked":false,"touchableObjects":[]},{"miniGameCards":[],"viewedAnimatic":false,"keyPoints":[],"unlocked":false,"touchableObjects":[]},{"miniGameCards":[],"viewedAnimatic":false,"keyPoints":[],"unlocked":false,"touchableObjects":[]},{"miniGameCards":[],"viewedAnimatic":false,"keyPoints":[],"unlocked":false,"touchableObjects":[]}],"stackSize":5,"resolved":false},{"challengeScenes":[{"miniGameCards":[],"viewedAnimatic":false,"keyPoints":[],"unlocked":false,"touchableObjects":[]},{"miniGameCards":[],"viewedAnimatic":false,"keyPoints":[],"unlocked":false,"touchableObjects":[]},{"miniGameCards":[],"viewedAnimatic":false,"keyPoints":[],"unlocked":false,"touchableObjects":[]},{"miniGameCards":[],"viewedAnimatic":false,"keyPoints":[],"unlocked":false,"touchableObjects":[]},{"miniGameCards":[],"viewedAnimatic":false,"keyPoints":[],"unlocked":false,"touchableObjects":[]}],"stackSize":5,"resolved":false},{"challengeScenes":[{"miniGameCards":[],"viewedAnimatic":false,"keyPoints":[],"unlocked":false,"touchableObjects":[]},{"miniGameCards":[],"viewedAnimatic":false,"keyPoints":[],"unlocked":false,"touchableObjects":[]},{"miniGameCards":[],"viewedAnimatic":false,"keyPoints":[],"unlocked":false,"touchableObjects":[]},{"miniGameCards":[],"viewedAnimatic":false,"keyPoints":[],"unlocked":false,"touchableObjects":[]},{"miniGameCards":[],"viewedAnimatic":false,"keyPoints":[],"unlocked":false,"touchableObjects":[]}],"stackSize":5,"resolved":false},{"challengeScenes":[{"miniGameCards":[],"viewedAnimatic":false,"keyPoints":[],"unlocked":true,"touchableObjects":[]},{"miniGameCards":[],"viewedAnimatic":false,"keyPoints":["c_job_G0a1N","c_home_G0a1N","c_family_cauc_a_G0a1N"],"unlocked":true,"touchableObjects":["c_job_G0a1N","c_home_G0a1N","c_family_cauc_a_G0a1N","c_player_cauc_F_a_G0a1N"]},{"miniGameCards":[],"viewedAnimatic":false,"keyPoints":["c_grandma_cauc_a_G0a1P","c_Teacher_G0a1P","c_kidsister_cauc_a_G0a1P","c_dad_cauc_a_G0a1P","c_mom_cauc_a_G0a1P","c_Nurse_G0a1P"],"unlocked":true,"touchableObjects":["c_cousins_F_a_G0a1P","c_friends_G0a1P","c_grandma_cauc_a_G0a1P","c_Teacher_G0a1P","c_kidsister_cauc_a_G0a1P","c_dad_cauc_a_G0a1P","c_mom_cauc_a_G0a1P","c_Nurse_G0a1P"]}],"stackSize":3,"resolved":true}],"sessionId":1,"epilogue":{"rating":4},"playerId":6486014,"session":[{"sceneId":"1P","stackId":12},{"sceneId":"1P","stackId":0}],"minigames":[{"levelSaveData":[{"starRating":2,"unlocked":true},{"starRating":0,"unlocked":false},{"starRating":0,"unlocked":false},{"starRating":0,"unlocked":false},{"starRating":0,"unlocked":false},{"starRating":0,"unlocked":false},{"starRating":0,"unlocked":false},{"starRating":0,"unlocked":false},{"starRating":0,"unlocked":false},{"starRating":0,"unlocked":false}],"skillPoints":2},{"levelSaveData":[{"starRating":3,"unlocked":true},{"starRating":0,"unlocked":false},{"starRating":0,"unlocked":false},{"starRating":0,"unlocked":false},{"starRating":0,"unlocked":false},{"starRating":0,"unlocked":false},{"starRating":0,"unlocked":false},{"starRating":0,"unlocked":false},{"starRating":0,"unlocked":false},{"starRating":0,"unlocked":false}],"skillPoints":3},{"levelSaveData":[{"starRating":3,"unlocked":true},{"starRating":0,"unlocked":false},{"starRating":0,"unlocked":false},{"starRating":0,"unlocked":false},{"starRating":0,"unlocked":false},{"starRating":0,"unlocked":false},{"starRating":0,"unlocked":false},{"starRating":0,"unlocked":false},{"starRating":0,"unlocked":false},{"starRating":0,"unlocked":false}],"skillPoints":3},{"levelSaveData":[{"starRating":0,"unlocked":false},{"starRating":0,"unlocked":false},{"starRating":0,"unlocked":false},{"starRating":0,"unlocked":false},{"starRating":0,"unlocked":false},{"starRating":0,"unlocked":false},{"starRating":0,"unlocked":false},{"starRating":0,"unlocked":false},{"starRating":0,"unlocked":false},{"starRating":0,"unlocked":false}],"skillPoints":0},{"age":14,"name":"yamie","gender":1,"levelSaveData":[{"starRating":3,"unlocked":true},{"starRating":3,"chunks":[["1"],["10$$silly","12$$mad"],["6$$music","9$$fashion","16$$reading"],["2"]],"unlocked":true},{"starRating":0,"chunks":[[null],[null,null],[null,null]],"unlocked":false},{"starRating":0,"chunks":[[null],[null],[null],[null],[null,null],[null]],"unlocked":false},{"starRating":0,"chunks":[[null],[null],[null,null],[null],[null],[null]],"unlocked":false},{"starRating":0,"chunks":[[null],[null,null,null,null],[null],[null]],"unlocked":false},{"starRating":0,"chunks":[[null],[null],[null,null],[null,null],[null]],"unlocked":false},{"starRating":0,"chunks":[[null,null,null],[null,null,null],[null],[null],[null]],"unlocked":false},{"starRating":0,"chunks":[[null,null,null],[null,null,null],[null,null]],"unlocked":false},{"starRating":0,"chunks":[[null],[null],[null],[null],[null],[null]],"unlocked":false}],"visualAvatar":0,"id":1,"skillPoints":6}],"avatar":{"age":14,"name":"yamie","gender":1,"levelSaveData":[{"starRating":3,"unlocked":true},{"starRating":3,"chunks":[["1"],["10$$silly","12$$mad"],["6$$music","9$$fashion","16$$reading"],["2"]],"unlocked":true},{"starRating":0,"chunks":[[null],[null,null],[null,null]],"unlocked":false},{"starRating":0,"chunks":[[null],[null],[null],[null],[null,null],[null]],"unlocked":false},{"starRating":0,"chunks":[[null],[null],[null,null],[null],[null],[null]],"unlocked":false},{"starRating":0,"chunks":[[null],[null,null,null,null],[null],[null]],"unlocked":false},{"starRating":0,"chunks":[[null],[null],[null,null],[null,null],[null]],"unlocked":false},{"starRating":0,"chunks":[[null,null,null],[null,null,null],[null],[null],[null]],"unlocked":false},{"starRating":0,"chunks":[[null,null,null],[null,null,null],[null,null]],"unlocked":false},{"starRating":0,"chunks":[[null],[null],[null],[null],[null],[null]],"unlocked":false}],"visualAvatar":0,"id":1,"skillPoints":6}}
