6486014,0,9:17:50,1/13/2014 12:13:41pm
6486014,100,9:18:36,11
6486014,102,9:18:37,11
6486014,200,9:18:37,11,27,27,27,28,30
6486014,210,9:18:52,706,245
6486014,211,9:18:53,706,245
6486014,212,9:18:53,0
6486014,210,9:18:54,680,351
6486014,211,9:18:55,646,312
6486014,213,9:18:55,11,c_bestFriend_F_b_G12b0,true
6486014,1003,9:18:58,0
6486014,1004,9:19:0,4
6486014,400,9:19:3,4,[]
6486014,401,9:19:5,4,[StatementsData_logId:0]
6486014,402,9:19:6,4,[StatementsData_logId:0,true]
6486014,405,9:19:7,4,[StatementsData_logId:0]
6486014,406,9:19:7,4,[StatementsData_logId:0,2]
6486014,411,9:19:8,4,[StatementsData_logId:0]
6486014,401,9:19:8,4,[StatementsData_logId:1]
6486014,403,9:19:14,4,[StatementsData_logId:1,true]
6486014,405,9:19:15,4,[StatementsData_logId:1]
6486014,406,9:19:15,4,[StatementsData_logId:1,2]
6486014,407,9:19:15,4,[StatementsData_logId:1,FactCardData_id:14]
6486014,407,9:19:15,4,[StatementsData_logId:1,FactCardData_id:16]
6486014,407,9:19:15,4,[StatementsData_logId:1,FactCardData_id:17]
6486014,407,9:19:15,4,[StatementsData_logId:1,FactCardData_id:12]
6486014,407,9:19:15,4,[StatementsData_logId:1,FactCardData_id:9]
6486014,407,9:19:15,4,[StatementsData_logId:1,FactCardData_id:10]
6486014,407,9:19:19,4,[StatementsData_logId:1,FactCardData_id:17]
6486014,407,9:19:19,4,[StatementsData_logId:1,FactCardData_id:17]
6486014,407,9:19:20,4,[StatementsData_logId:1,FactCardData_id:10]
6486014,407,9:19:20,4,[StatementsData_logId:1,FactCardData_id:17]
6486014,407,9:19:20,4,[StatementsData_logId:1,FactCardData_id:10]
6486014,408,9:19:22,4,[StatementsData_logId:1,FactCardData_id:10,false]
6486014,1002,9:19:25,4
6486014,1003,9:19:25,0
6486014,1004,9:19:26,4
6486014,400,9:19:27,4,[]
6486014,401,9:19:29,4,[StatementsData_logId:0]
6486014,402,9:19:30,4,[StatementsData_logId:0,true]
6486014,405,9:19:30,4,[StatementsData_logId:0]
6486014,406,9:19:30,4,[StatementsData_logId:0,2]
6486014,411,9:19:32,4,[StatementsData_logId:0]
6486014,401,9:19:33,4,[StatementsData_logId:1]
6486014,404,9:19:34,4,[StatementsData_logId:1,false]
6486014,405,9:19:34,4,[StatementsData_logId:1]
6486014,406,9:19:34,4,[StatementsData_logId:1,-2]
6486014,411,9:19:35,4,[StatementsData_logId:1]
6486014,1002,9:19:37,4
6486014,1003,9:19:37,0
6486014,1004,9:19:38,4
6486014,400,9:19:40,4,[]
6486014,401,9:19:41,4,[StatementsData_logId:0]
6486014,402,9:19:42,4,[StatementsData_logId:0,true]
6486014,405,9:19:42,4,[StatementsData_logId:0]
6486014,406,9:19:43,4,[StatementsData_logId:0,2]
6486014,411,9:19:44,4,[StatementsData_logId:0]
6486014,401,9:19:44,4,[StatementsData_logId:1]
6486014,403,9:19:46,4,[StatementsData_logId:1,true]
6486014,405,9:19:46,4,[StatementsData_logId:1]
6486014,406,9:19:47,4,[StatementsData_logId:1,2]
6486014,407,9:19:47,4,[StatementsData_logId:1,FactCardData_id:14]
6486014,407,9:19:47,4,[StatementsData_logId:1,FactCardData_id:16]
6486014,407,9:19:47,4,[StatementsData_logId:1,FactCardData_id:10]
6486014,407,9:19:47,4,[StatementsData_logId:1,FactCardData_id:9]
6486014,407,9:19:47,4,[StatementsData_logId:1,FactCardData_id:12]
6486014,407,9:19:47,4,[StatementsData_logId:1,FactCardData_id:17]
6486014,407,9:19:48,4,[StatementsData_logId:1,FactCardData_id:16]
6486014,407,9:19:48,4,[StatementsData_logId:1,FactCardData_id:16]
6486014,407,9:19:49,4,[StatementsData_logId:1,FactCardData_id:14]
6486014,407,9:19:49,4,[StatementsData_logId:1,FactCardData_id:16]
6486014,407,9:19:49,4,[StatementsData_logId:1,FactCardData_id:14]
6486014,407,9:19:50,4,[StatementsData_logId:1,FactCardData_id:12]
6486014,407,9:19:50,4,[StatementsData_logId:1,FactCardData_id:14]
6486014,407,9:19:50,4,[StatementsData_logId:1,FactCardData_id:12]
6486014,407,9:19:59,4,[StatementsData_logId:1,FactCardData_id:10]
6486014,407,9:19:59,4,[StatementsData_logId:1,FactCardData_id:12]
6486014,407,9:19:59,4,[StatementsData_logId:1,FactCardData_id:10]
6486014,407,9:20:8,4,[StatementsData_logId:1,FactCardData_id:17]
6486014,407,9:20:8,4,[StatementsData_logId:1,FactCardData_id:10]
6486014,407,9:20:8,4,[StatementsData_logId:1,FactCardData_id:17]
6486014,407,9:20:9,4,[StatementsData_logId:1,FactCardData_id:10]
6486014,407,9:20:9,4,[StatementsData_logId:1,FactCardData_id:17]
6486014,407,9:20:9,4,[StatementsData_logId:1,FactCardData_id:10]
6486014,407,9:20:9,4,[StatementsData_logId:1,FactCardData_id:16]
6486014,407,9:20:9,4,[StatementsData_logId:1,FactCardData_id:10]
6486014,407,9:20:9,4,[StatementsData_logId:1,FactCardData_id:16]
6486014,407,9:20:12,4,[StatementsData_logId:1,FactCardData_id:10]
6486014,407,9:20:12,4,[StatementsData_logId:1,FactCardData_id:16]
6486014,407,9:20:12,4,[StatementsData_logId:1,FactCardData_id:10]
6486014,407,9:20:12,4,[StatementsData_logId:1,FactCardData_id:14]
6486014,407,9:20:12,4,[StatementsData_logId:1,FactCardData_id:10]
6486014,407,9:20:12,4,[StatementsData_logId:1,FactCardData_id:14]
6486014,408,9:20:14,4,[StatementsData_logId:1,FactCardData_id:14,false]
6486014,1002,9:20:16,4
6486014,1003,9:20:16,0
6486014,1004,9:20:16,4
6486014,400,9:20:18,4,[]
6486014,401,9:20:18,4,[StatementsData_logId:0]
6486014,404,9:20:19,4,[StatementsData_logId:0,false]
6486014,405,9:20:19,4,[StatementsData_logId:0]
6486014,1002,9:20:21,4
6486014,1003,9:20:21,0
6486014,1004,9:20:22,4
6486014,400,9:20:23,4,[]
6486014,401,9:20:24,4,[StatementsData_logId:0]
6486014,402,9:20:24,4,[StatementsData_logId:0,true]
6486014,405,9:20:25,4,[StatementsData_logId:0]
6486014,406,9:20:25,4,[StatementsData_logId:0,2]
6486014,411,9:20:26,4,[StatementsData_logId:0]
6486014,401,9:20:26,4,[StatementsData_logId:1]
6486014,403,9:20:27,4,[StatementsData_logId:1,true]
6486014,405,9:20:27,4,[StatementsData_logId:1]
6486014,406,9:20:28,4,[StatementsData_logId:1,2]
6486014,407,9:20:28,4,[StatementsData_logId:1,FactCardData_id:10]
6486014,407,9:20:28,4,[StatementsData_logId:1,FactCardData_id:12]
6486014,407,9:20:28,4,[StatementsData_logId:1,FactCardData_id:14]
6486014,407,9:20:28,4,[StatementsData_logId:1,FactCardData_id:17]
6486014,407,9:20:28,4,[StatementsData_logId:1,FactCardData_id:9]
6486014,407,9:20:28,4,[StatementsData_logId:1,FactCardData_id:16]
6486014,407,9:20:31,4,[StatementsData_logId:1,FactCardData_id:16]
6486014,407,9:20:31,4,[StatementsData_logId:1,FactCardData_id:16]
6486014,407,9:20:32,4,[StatementsData_logId:1,FactCardData_id:9]
6486014,407,9:20:32,4,[StatementsData_logId:1,FactCardData_id:16]
6486014,407,9:20:32,4,[StatementsData_logId:1,FactCardData_id:9]
6486014,407,9:20:33,4,[StatementsData_logId:1,FactCardData_id:17]
6486014,407,9:20:33,4,[StatementsData_logId:1,FactCardData_id:9]
6486014,407,9:20:33,4,[StatementsData_logId:1,FactCardData_id:17]
6486014,407,9:20:35,4,[StatementsData_logId:1,FactCardData_id:14]
6486014,407,9:20:35,4,[StatementsData_logId:1,FactCardData_id:17]
6486014,407,9:20:35,4,[StatementsData_logId:1,FactCardData_id:14]
6486014,407,9:20:36,4,[StatementsData_logId:1,FactCardData_id:10]
6486014,407,9:20:36,4,[StatementsData_logId:1,FactCardData_id:14]
6486014,407,9:20:36,4,[StatementsData_logId:1,FactCardData_id:10]
6486014,408,9:20:38,4,[StatementsData_logId:1,FactCardData_id:10,false]
6486014,1002,9:20:40,4
6486014,1003,9:20:40,0
6486014,1004,9:20:41,4
6486014,400,9:20:43,4,[]
6486014,401,9:20:44,4,[StatementsData_logId:0]
6486014,402,9:20:44,4,[StatementsData_logId:0,true]
6486014,405,9:20:45,4,[StatementsData_logId:0]
6486014,406,9:20:45,4,[StatementsData_logId:0,2]
6486014,411,9:20:46,4,[StatementsData_logId:0]
6486014,401,9:20:46,4,[StatementsData_logId:1]
6486014,403,9:20:47,4,[StatementsData_logId:1,true]
6486014,405,9:20:47,4,[StatementsData_logId:1]
6486014,406,9:20:47,4,[StatementsData_logId:1,2]
6486014,407,9:20:47,4,[StatementsData_logId:1,FactCardData_id:10]
6486014,407,9:20:47,4,[StatementsData_logId:1,FactCardData_id:17]
6486014,407,9:20:47,4,[StatementsData_logId:1,FactCardData_id:9]
6486014,407,9:20:47,4,[StatementsData_logId:1,FactCardData_id:16]
6486014,407,9:20:47,4,[StatementsData_logId:1,FactCardData_id:14]
6486014,407,9:20:47,4,[StatementsData_logId:1,FactCardData_id:12]
6486014,407,9:20:48,4,[StatementsData_logId:1,FactCardData_id:17]
6486014,407,9:20:48,4,[StatementsData_logId:1,FactCardData_id:17]
6486014,408,9:20:53,4,[StatementsData_logId:1,FactCardData_id:17,true]
6486014,409,9:20:53,4,[StatementsData_logId:1]
6486014,410,9:20:54,4,[StatementsData_logId:1,2]
6486014,412,9:20:55,4,[StatementsData_logId:1]
6486014,413,9:20:55,4,[StatementsData_logId:1,DuelResponsesData_logId:0]
6486014,414,9:20:56,4,[StatementsData_logId:1,DuelResponsesData_logId:0]
6486014,415,9:21:10,4,[StatementsData_logId:1,DuelResponsesData_logId:0,DuelResponsesData_lame_player_response]
6486014,416,9:21:18,4,[StatementsData_logId:1,DuelResponsesData_logId:0]
6486014,417,9:21:18,4,[StatementsData_logId:1,DuelResponsesData_logId:0]
6486014,413,9:21:21,4,[StatementsData_logId:1,DuelResponsesData_logId:0]
6486014,414,9:21:22,4,[StatementsData_logId:1,DuelResponsesData_logId:0]
6486014,415,9:21:26,4,[StatementsData_logId:1,DuelResponsesData_logId:0,DuelResponsesData_witty_player_response]
6486014,416,9:21:27,4,[StatementsData_logId:1,DuelResponsesData_logId:0]
6486014,417,9:21:27,4,[StatementsData_logId:1,DuelResponsesData_logId:0]
6486014,413,9:21:27,4,[StatementsData_logId:1,DuelResponsesData_logId:0]
6486014,414,9:21:28,4,[StatementsData_logId:1,DuelResponsesData_logId:0]
6486014,415,9:21:35,4,[StatementsData_logId:1,DuelResponsesData_logId:0,DuelResponsesData_witty_player_response]
6486014,416,9:21:36,4,[StatementsData_logId:1,DuelResponsesData_logId:0]
6486014,417,9:21:36,4,[StatementsData_logId:1,DuelResponsesData_logId:0]
6486014,418,9:21:36,4,[StatementsData_logId:1,true]
6486014,419,9:21:36,4,[StatementsData_logId:1,4]
6486014,411,9:21:37,4,[StatementsData_logId:1]
6486014,401,9:21:38,4,[StatementsData_logId:2]
6486014,404,9:21:38,4,[StatementsData_logId:2,false]
6486014,405,9:21:39,4,[StatementsData_logId:2]
6486014,406,9:21:40,4,[StatementsData_logId:2,-2]
6486014,1002,9:21:42,4
6486014,1003,9:21:42,0
6486014,1004,9:21:43,4
6486014,400,9:21:45,4,[]
6486014,401,9:21:46,4,[StatementsData_logId:0]
6486014,402,9:21:46,4,[StatementsData_logId:0,true]
6486014,405,9:21:47,4,[StatementsData_logId:0]
6486014,406,9:21:47,4,[StatementsData_logId:0,2]
6486014,411,9:21:48,4,[StatementsData_logId:0]
6486014,401,9:21:48,4,[StatementsData_logId:1]
6486014,403,9:21:49,4,[StatementsData_logId:1,true]
6486014,405,9:21:49,4,[StatementsData_logId:1]
6486014,406,9:21:50,4,[StatementsData_logId:1,2]
6486014,407,9:21:50,4,[StatementsData_logId:1,FactCardData_id:17]
6486014,407,9:21:50,4,[StatementsData_logId:1,FactCardData_id:10]
6486014,407,9:21:50,4,[StatementsData_logId:1,FactCardData_id:12]
6486014,407,9:21:50,4,[StatementsData_logId:1,FactCardData_id:16]
6486014,407,9:21:50,4,[StatementsData_logId:1,FactCardData_id:14]
6486014,407,9:21:50,4,[StatementsData_logId:1,FactCardData_id:9]
6486014,407,9:21:52,4,[StatementsData_logId:1,FactCardData_id:10]
6486014,407,9:21:52,4,[StatementsData_logId:1,FactCardData_id:10]
6486014,407,9:21:56,4,[StatementsData_logId:1,FactCardData_id:9]
6486014,407,9:21:56,4,[StatementsData_logId:1,FactCardData_id:10]
6486014,407,9:21:56,4,[StatementsData_logId:1,FactCardData_id:9]
6486014,407,9:21:56,4,[StatementsData_logId:1,FactCardData_id:16]
6486014,407,9:21:56,4,[StatementsData_logId:1,FactCardData_id:9]
6486014,407,9:21:56,4,[StatementsData_logId:1,FactCardData_id:16]
6486014,407,9:21:57,4,[StatementsData_logId:1,FactCardData_id:14]
6486014,407,9:21:57,4,[StatementsData_logId:1,FactCardData_id:16]
6486014,407,9:21:57,4,[StatementsData_logId:1,FactCardData_id:14]
6486014,407,9:22:1,4,[StatementsData_logId:1,FactCardData_id:12]
6486014,407,9:22:1,4,[StatementsData_logId:1,FactCardData_id:14]
6486014,407,9:22:1,4,[StatementsData_logId:1,FactCardData_id:12]
6486014,407,9:22:4,4,[StatementsData_logId:1,FactCardData_id:17]
6486014,407,9:22:4,4,[StatementsData_logId:1,FactCardData_id:12]
6486014,407,9:22:4,4,[StatementsData_logId:1,FactCardData_id:17]
6486014,407,9:22:5,4,[StatementsData_logId:1,FactCardData_id:16]
6486014,407,9:22:5,4,[StatementsData_logId:1,FactCardData_id:17]
6486014,407,9:22:5,4,[StatementsData_logId:1,FactCardData_id:16]
6486014,407,9:22:7,4,[StatementsData_logId:1,FactCardData_id:10]
6486014,407,9:22:7,4,[StatementsData_logId:1,FactCardData_id:16]
6486014,407,9:22:7,4,[StatementsData_logId:1,FactCardData_id:10]
6486014,408,9:22:8,4,[StatementsData_logId:1,FactCardData_id:10,false]
6486014,1002,9:22:10,4
6486014,1003,9:22:10,0
6486014,1004,9:22:11,4
6486014,400,9:22:12,4,[]
6486014,401,9:22:14,4,[StatementsData_logId:0]
6486014,403,9:22:14,4,[StatementsData_logId:0,false]
6486014,1002,9:22:17,4
6486014,1003,9:22:17,0
6486014,1004,9:22:18,4
6486014,400,9:22:20,4,[]
6486014,401,9:22:21,4,[StatementsData_logId:0]
6486014,402,9:22:22,4,[StatementsData_logId:0,true]
6486014,405,9:22:22,4,[StatementsData_logId:0]
6486014,406,9:22:22,4,[StatementsData_logId:0,2]
6486014,411,9:22:23,4,[StatementsData_logId:0]
6486014,401,9:22:24,4,[StatementsData_logId:1]
6486014,403,9:22:24,4,[StatementsData_logId:1,true]
6486014,405,9:22:25,4,[StatementsData_logId:1]
6486014,406,9:22:25,4,[StatementsData_logId:1,2]
6486014,407,9:22:25,4,[StatementsData_logId:1,FactCardData_id:16]
6486014,407,9:22:25,4,[StatementsData_logId:1,FactCardData_id:9]
6486014,407,9:22:25,4,[StatementsData_logId:1,FactCardData_id:17]
6486014,407,9:22:25,4,[StatementsData_logId:1,FactCardData_id:10]
6486014,407,9:22:25,4,[StatementsData_logId:1,FactCardData_id:12]
6486014,407,9:22:25,4,[StatementsData_logId:1,FactCardData_id:14]
6486014,407,9:22:26,4,[StatementsData_logId:1,FactCardData_id:10]
6486014,407,9:22:26,4,[StatementsData_logId:1,FactCardData_id:10]
6486014,407,9:22:28,4,[StatementsData_logId:1,FactCardData_id:9]
6486014,407,9:22:28,4,[StatementsData_logId:1,FactCardData_id:10]
6486014,407,9:22:28,4,[StatementsData_logId:1,FactCardData_id:9]
6486014,407,9:22:29,4,[StatementsData_logId:1,FactCardData_id:14]
6486014,407,9:22:29,4,[StatementsData_logId:1,FactCardData_id:9]
6486014,407,9:22:29,4,[StatementsData_logId:1,FactCardData_id:14]
6486014,407,9:22:30,4,[StatementsData_logId:1,FactCardData_id:12]
6486014,407,9:22:30,4,[StatementsData_logId:1,FactCardData_id:14]
6486014,407,9:22:30,4,[StatementsData_logId:1,FactCardData_id:12]
6486014,407,9:22:30,4,[StatementsData_logId:1,FactCardData_id:17]
6486014,407,9:22:30,4,[StatementsData_logId:1,FactCardData_id:12]
6486014,407,9:22:30,4,[StatementsData_logId:1,FactCardData_id:17]
6486014,408,9:22:34,4,[StatementsData_logId:1,FactCardData_id:17,true]
6486014,409,9:22:34,4,[StatementsData_logId:1]
6486014,410,9:22:35,4,[StatementsData_logId:1,2]
6486014,412,9:22:35,4,[StatementsData_logId:1]
6486014,413,9:22:36,4,[StatementsData_logId:1,DuelResponsesData_logId:0]
6486014,414,9:22:37,4,[StatementsData_logId:1,DuelResponsesData_logId:0]
6486014,415,9:22:41,4,[StatementsData_logId:1,DuelResponsesData_logId:0,DuelResponsesData_witty_player_response]
6486014,416,9:22:42,4,[StatementsData_logId:1,DuelResponsesData_logId:0]
6486014,417,9:22:42,4,[StatementsData_logId:1,DuelResponsesData_logId:0]
6486014,413,9:22:42,4,[StatementsData_logId:1,DuelResponsesData_logId:0]
6486014,414,9:22:43,4,[StatementsData_logId:1,DuelResponsesData_logId:0]
6486014,415,9:22:44,4,[StatementsData_logId:1,DuelResponsesData_logId:0,DuelResponsesData_witty_player_response]
6486014,416,9:22:44,4,[StatementsData_logId:1,DuelResponsesData_logId:0]
6486014,417,9:22:45,4,[StatementsData_logId:1,DuelResponsesData_logId:0]
6486014,413,9:22:45,4,[StatementsData_logId:1,DuelResponsesData_logId:0]
6486014,414,9:22:46,4,[StatementsData_logId:1,DuelResponsesData_logId:0]
6486014,415,9:22:58,4,[StatementsData_logId:1,DuelResponsesData_logId:0,DuelResponsesData_witty_player_response]
6486014,416,9:22:59,4,[StatementsData_logId:1,DuelResponsesData_logId:0]
6486014,417,9:22:59,4,[StatementsData_logId:1,DuelResponsesData_logId:0]
6486014,418,9:22:59,4,[StatementsData_logId:1,true]
6486014,419,9:23:0,4,[StatementsData_logId:1,4]
6486014,411,9:23:1,4,[StatementsData_logId:1]
6486014,401,9:23:5,4,[StatementsData_logId:2]
6486014,404,9:23:16,4,[StatementsData_logId:2,false]
6486014,405,9:23:17,4,[StatementsData_logId:2]
6486014,406,9:23:26,4,[StatementsData_logId:2,-2]
6486014,411,9:23:30,4,[StatementsData_logId:2]
6486014,1002,9:23:35,4
6486014,1003,9:23:35,0
6486014,1004,9:23:35,8
6486014,1002,9:23:38,8
6486014,1003,9:23:38,0
6486014,1004,9:23:39,4
6486014,400,9:23:40,4,[]
6486014,401,9:23:41,4,[StatementsData_logId:0]
6486014,402,9:23:41,4,[StatementsData_logId:0,true]
6486014,405,9:23:42,4,[StatementsData_logId:0]
6486014,406,9:23:42,4,[StatementsData_logId:0,2]
6486014,411,9:23:43,4,[StatementsData_logId:0]
6486014,401,9:23:43,4,[StatementsData_logId:1]
6486014,403,9:23:44,4,[StatementsData_logId:1,true]
6486014,405,9:23:44,4,[StatementsData_logId:1]
6486014,406,9:23:45,4,[StatementsData_logId:1,2]
6486014,407,9:23:45,4,[StatementsData_logId:1,FactCardData_id:16]
6486014,407,9:23:45,4,[StatementsData_logId:1,FactCardData_id:12]
6486014,407,9:23:45,4,[StatementsData_logId:1,FactCardData_id:9]
6486014,407,9:23:45,4,[StatementsData_logId:1,FactCardData_id:10]
6486014,407,9:23:45,4,[StatementsData_logId:1,FactCardData_id:14]
6486014,407,9:23:45,4,[StatementsData_logId:1,FactCardData_id:17]
6486014,407,9:23:47,4,[StatementsData_logId:1,FactCardData_id:12]
6486014,407,9:23:47,4,[StatementsData_logId:1,FactCardData_id:12]
6486014,407,9:23:47,4,[StatementsData_logId:1,FactCardData_id:10]
6486014,407,9:23:47,4,[StatementsData_logId:1,FactCardData_id:12]
6486014,407,9:23:47,4,[StatementsData_logId:1,FactCardData_id:10]
6486014,407,9:23:48,4,[StatementsData_logId:1,FactCardData_id:17]
6486014,407,9:23:48,4,[StatementsData_logId:1,FactCardData_id:10]
6486014,407,9:23:48,4,[StatementsData_logId:1,FactCardData_id:17]
6486014,407,9:23:48,4,[StatementsData_logId:1,FactCardData_id:14]
6486014,407,9:23:48,4,[StatementsData_logId:1,FactCardData_id:17]
6486014,407,9:23:48,4,[StatementsData_logId:1,FactCardData_id:14]
6486014,407,9:23:49,4,[StatementsData_logId:1,FactCardData_id:9]
6486014,407,9:23:49,4,[StatementsData_logId:1,FactCardData_id:14]
6486014,407,9:23:49,4,[StatementsData_logId:1,FactCardData_id:9]
6486014,407,9:23:49,4,[StatementsData_logId:1,FactCardData_id:17]
6486014,407,9:23:49,4,[StatementsData_logId:1,FactCardData_id:9]
6486014,407,9:23:49,4,[StatementsData_logId:1,FactCardData_id:17]
6486014,407,9:23:49,4,[StatementsData_logId:1,FactCardData_id:9]
6486014,407,9:23:49,4,[StatementsData_logId:1,FactCardData_id:17]
6486014,407,9:23:49,4,[StatementsData_logId:1,FactCardData_id:9]
6486014,407,9:23:50,4,[StatementsData_logId:1,FactCardData_id:16]
6486014,407,9:23:50,4,[StatementsData_logId:1,FactCardData_id:9]
6486014,407,9:23:50,4,[StatementsData_logId:1,FactCardData_id:16]
6486014,407,9:23:50,4,[StatementsData_logId:1,FactCardData_id:17]
6486014,407,9:23:50,4,[StatementsData_logId:1,FactCardData_id:16]
6486014,407,9:23:50,4,[StatementsData_logId:1,FactCardData_id:17]
6486014,408,9:23:51,4,[StatementsData_logId:1,FactCardData_id:17,true]
6486014,409,9:23:51,4,[StatementsData_logId:1]
6486014,410,9:23:52,4,[StatementsData_logId:1,2]
6486014,412,9:23:52,4,[StatementsData_logId:1]
6486014,413,9:23:52,4,[StatementsData_logId:1,DuelResponsesData_logId:0]
6486014,414,9:23:53,4,[StatementsData_logId:1,DuelResponsesData_logId:0]
6486014,415,9:23:56,4,[StatementsData_logId:1,DuelResponsesData_logId:0,DuelResponsesData_witty_player_response]
6486014,416,9:23:57,4,[StatementsData_logId:1,DuelResponsesData_logId:0]
6486014,417,9:23:57,4,[StatementsData_logId:1,DuelResponsesData_logId:0]
6486014,413,9:23:57,4,[StatementsData_logId:1,DuelResponsesData_logId:0]
6486014,414,9:23:58,4,[StatementsData_logId:1,DuelResponsesData_logId:0]
6486014,415,9:23:59,4,[StatementsData_logId:1,DuelResponsesData_logId:0,DuelResponsesData_witty_player_response]
6486014,416,9:24:0,4,[StatementsData_logId:1,DuelResponsesData_logId:0]
6486014,417,9:24:0,4,[StatementsData_logId:1,DuelResponsesData_logId:0]
6486014,413,9:24:0,4,[StatementsData_logId:1,DuelResponsesData_logId:0]
6486014,414,9:24:1,4,[StatementsData_logId:1,DuelResponsesData_logId:0]
6486014,415,9:24:3,4,[StatementsData_logId:1,DuelResponsesData_logId:0,DuelResponsesData_witty_player_response]
6486014,416,9:24:4,4,[StatementsData_logId:1,DuelResponsesData_logId:0]
6486014,417,9:24:4,4,[StatementsData_logId:1,DuelResponsesData_logId:0]
6486014,418,9:24:4,4,[StatementsData_logId:1,true]
6486014,419,9:24:4,4,[StatementsData_logId:1,4]
6486014,411,9:24:5,4,[StatementsData_logId:1]
6486014,401,9:24:6,4,[StatementsData_logId:2]
6486014,403,9:24:7,4,[StatementsData_logId:2,true]
6486014,405,9:24:7,4,[StatementsData_logId:2]
6486014,406,9:24:8,4,[StatementsData_logId:2,2]
6486014,407,9:24:8,4,[StatementsData_logId:2,FactCardData_id:14]
6486014,407,9:24:8,4,[StatementsData_logId:2,FactCardData_id:12]
6486014,407,9:24:8,4,[StatementsData_logId:2,FactCardData_id:16]
6486014,407,9:24:8,4,[StatementsData_logId:2,FactCardData_id:10]
6486014,407,9:24:8,4,[StatementsData_logId:2,FactCardData_id:17]
6486014,407,9:24:8,4,[StatementsData_logId:2,FactCardData_id:9]
6486014,407,9:24:11,4,[StatementsData_logId:2,FactCardData_id:10]
6486014,407,9:24:11,4,[StatementsData_logId:2,FactCardData_id:10]
6486014,408,9:24:17,4,[StatementsData_logId:2,FactCardData_id:10,true]
6486014,409,9:24:17,4,[StatementsData_logId:2]
6486014,410,9:24:17,4,[StatementsData_logId:2,2]
6486014,412,9:24:18,4,[StatementsData_logId:2]
6486014,413,9:24:18,4,[StatementsData_logId:2,DuelResponsesData_logId:0]
6486014,414,9:24:24,4,[StatementsData_logId:2,DuelResponsesData_logId:0]
6486014,415,9:24:36,4,[StatementsData_logId:2,DuelResponsesData_logId:0,DuelResponsesData_witty_player_response]
6486014,416,9:24:36,4,[StatementsData_logId:2,DuelResponsesData_logId:0]
6486014,417,9:24:37,4,[StatementsData_logId:2,DuelResponsesData_logId:0]
6486014,413,9:24:37,4,[StatementsData_logId:2,DuelResponsesData_logId:0]
6486014,414,9:24:38,4,[StatementsData_logId:2,DuelResponsesData_logId:0]
6486014,415,9:24:53,4,[StatementsData_logId:2,DuelResponsesData_logId:0,DuelResponsesData_witty_player_response]
6486014,416,9:24:54,4,[StatementsData_logId:2,DuelResponsesData_logId:0]
6486014,417,9:24:54,4,[StatementsData_logId:2,DuelResponsesData_logId:0]
6486014,413,9:24:54,4,[StatementsData_logId:2,DuelResponsesData_logId:0]
6486014,414,9:24:55,4,[StatementsData_logId:2,DuelResponsesData_logId:0]
6486014,415,9:24:59,4,[StatementsData_logId:2,DuelResponsesData_logId:0,DuelResponsesData_witty_player_response]
6486014,416,9:24:59,4,[StatementsData_logId:2,DuelResponsesData_logId:0]
6486014,417,9:25:0,4,[StatementsData_logId:2,DuelResponsesData_logId:0]
6486014,418,9:25:0,4,[StatementsData_logId:2,true]
6486014,419,9:25:0,4,[StatementsData_logId:2,4]
6486014,411,9:25:2,4,[StatementsData_logId:2]
6486014,401,9:25:5,4,[StatementsData_logId:3]
6486014,403,9:25:11,4,[StatementsData_logId:3,true]
6486014,405,9:25:12,4,[StatementsData_logId:3]
6486014,406,9:25:13,4,[StatementsData_logId:3,2]
6486014,407,9:25:13,4,[StatementsData_logId:3,FactCardData_id:12]
6486014,407,9:25:13,4,[StatementsData_logId:3,FactCardData_id:14]
6486014,407,9:25:13,4,[StatementsData_logId:3,FactCardData_id:17]
6486014,407,9:25:13,4,[StatementsData_logId:3,FactCardData_id:10]
6486014,407,9:25:13,4,[StatementsData_logId:3,FactCardData_id:16]
6486014,407,9:25:13,4,[StatementsData_logId:3,FactCardData_id:9]
6486014,407,9:25:16,4,[StatementsData_logId:3,FactCardData_id:16]
6486014,407,9:25:16,4,[StatementsData_logId:3,FactCardData_id:16]
6486014,407,9:25:32,4,[StatementsData_logId:3,FactCardData_id:10]
6486014,407,9:25:32,4,[StatementsData_logId:3,FactCardData_id:16]
6486014,407,9:25:32,4,[StatementsData_logId:3,FactCardData_id:10]
6486014,407,9:25:43,4,[StatementsData_logId:3,FactCardData_id:12]
6486014,407,9:25:43,4,[StatementsData_logId:3,FactCardData_id:10]
6486014,407,9:25:43,4,[StatementsData_logId:3,FactCardData_id:12]
6486014,407,9:25:49,4,[StatementsData_logId:3,FactCardData_id:14]
6486014,407,9:25:49,4,[StatementsData_logId:3,FactCardData_id:12]
6486014,407,9:25:49,4,[StatementsData_logId:3,FactCardData_id:14]
6486014,407,9:25:57,4,[StatementsData_logId:3,FactCardData_id:17]
6486014,407,9:25:57,4,[StatementsData_logId:3,FactCardData_id:14]
6486014,407,9:25:57,4,[StatementsData_logId:3,FactCardData_id:17]
6486014,407,9:26:10,4,[StatementsData_logId:3,FactCardData_id:16]
6486014,407,9:26:10,4,[StatementsData_logId:3,FactCardData_id:17]
6486014,407,9:26:10,4,[StatementsData_logId:3,FactCardData_id:16]
6486014,407,9:26:15,4,[StatementsData_logId:3,FactCardData_id:9]
6486014,407,9:26:15,4,[StatementsData_logId:3,FactCardData_id:16]
6486014,407,9:26:15,4,[StatementsData_logId:3,FactCardData_id:9]
6486014,407,9:26:20,4,[StatementsData_logId:3,FactCardData_id:14]
6486014,407,9:26:20,4,[StatementsData_logId:3,FactCardData_id:9]
6486014,407,9:26:20,4,[StatementsData_logId:3,FactCardData_id:14]
6486014,407,9:26:23,4,[StatementsData_logId:3,FactCardData_id:10]
6486014,407,9:26:23,4,[StatementsData_logId:3,FactCardData_id:14]
6486014,407,9:26:23,4,[StatementsData_logId:3,FactCardData_id:10]
6486014,407,9:26:24,4,[StatementsData_logId:3,FactCardData_id:16]
6486014,407,9:26:24,4,[StatementsData_logId:3,FactCardData_id:10]
6486014,407,9:26:24,4,[StatementsData_logId:3,FactCardData_id:16]
6486014,407,9:26:30,4,[StatementsData_logId:3,FactCardData_id:17]
6486014,407,9:26:30,4,[StatementsData_logId:3,FactCardData_id:16]
6486014,407,9:26:30,4,[StatementsData_logId:3,FactCardData_id:17]
6486014,407,9:26:32,4,[StatementsData_logId:3,FactCardData_id:12]
6486014,407,9:26:32,4,[StatementsData_logId:3,FactCardData_id:17]
6486014,407,9:26:32,4,[StatementsData_logId:3,FactCardData_id:12]
6486014,407,9:26:37,4,[StatementsData_logId:3,FactCardData_id:17]
6486014,407,9:26:37,4,[StatementsData_logId:3,FactCardData_id:12]
6486014,407,9:26:37,4,[StatementsData_logId:3,FactCardData_id:17]
6486014,407,9:26:38,4,[StatementsData_logId:3,FactCardData_id:16]
6486014,407,9:26:38,4,[StatementsData_logId:3,FactCardData_id:17]
6486014,407,9:26:38,4,[StatementsData_logId:3,FactCardData_id:16]
6486014,408,9:26:40,4,[StatementsData_logId:3,FactCardData_id:16,false]
6486014,406,9:26:42,4,[StatementsData_logId:3,-2]
6486014,411,9:26:48,4,[StatementsData_logId:3]
6486014,1002,9:26:52,4
6486014,1003,9:26:52,0
6486014,1004,9:26:53,4
6486014,400,9:26:54,4,[]
6486014,401,9:26:55,4,[StatementsData_logId:0]
6486014,402,9:26:57,4,[StatementsData_logId:0,true]
6486014,405,9:26:58,4,[StatementsData_logId:0]
6486014,406,9:26:58,4,[StatementsData_logId:0,2]
6486014,411,9:26:59,4,[StatementsData_logId:0]
6486014,401,9:26:59,4,[StatementsData_logId:1]
6486014,403,9:27:0,4,[StatementsData_logId:1,true]
6486014,405,9:27:0,4,[StatementsData_logId:1]
6486014,406,9:27:1,4,[StatementsData_logId:1,2]
6486014,407,9:27:1,4,[StatementsData_logId:1,FactCardData_id:10]
6486014,407,9:27:1,4,[StatementsData_logId:1,FactCardData_id:9]
6486014,407,9:27:1,4,[StatementsData_logId:1,FactCardData_id:16]
6486014,407,9:27:1,4,[StatementsData_logId:1,FactCardData_id:14]
6486014,407,9:27:1,4,[StatementsData_logId:1,FactCardData_id:12]
6486014,407,9:27:1,4,[StatementsData_logId:1,FactCardData_id:17]
6486014,407,9:27:2,4,[StatementsData_logId:1,FactCardData_id:14]
6486014,407,9:27:2,4,[StatementsData_logId:1,FactCardData_id:14]
6486014,407,9:27:3,4,[StatementsData_logId:1,FactCardData_id:17]
6486014,407,9:27:3,4,[StatementsData_logId:1,FactCardData_id:14]
6486014,407,9:27:3,4,[StatementsData_logId:1,FactCardData_id:17]
6486014,407,9:27:3,4,[StatementsData_logId:1,FactCardData_id:9]
6486014,407,9:27:3,4,[StatementsData_logId:1,FactCardData_id:17]
6486014,407,9:27:3,4,[StatementsData_logId:1,FactCardData_id:9]
6486014,407,9:27:4,4,[StatementsData_logId:1,FactCardData_id:17]
6486014,407,9:27:4,4,[StatementsData_logId:1,FactCardData_id:9]
6486014,407,9:27:4,4,[StatementsData_logId:1,FactCardData_id:17]
6486014,408,9:27:4,4,[StatementsData_logId:1,FactCardData_id:17,true]
6486014,409,9:27:4,4,[StatementsData_logId:1]
6486014,410,9:27:5,4,[StatementsData_logId:1,2]
6486014,412,9:27:5,4,[StatementsData_logId:1]
6486014,413,9:27:6,4,[StatementsData_logId:1,DuelResponsesData_logId:0]
6486014,414,9:27:6,4,[StatementsData_logId:1,DuelResponsesData_logId:0]
6486014,415,9:27:11,4,[StatementsData_logId:1,DuelResponsesData_logId:0,DuelResponsesData_witty_player_response]
6486014,416,9:27:12,4,[StatementsData_logId:1,DuelResponsesData_logId:0]
6486014,417,9:27:12,4,[StatementsData_logId:1,DuelResponsesData_logId:0]
6486014,413,9:27:12,4,[StatementsData_logId:1,DuelResponsesData_logId:0]
6486014,414,9:27:13,4,[StatementsData_logId:1,DuelResponsesData_logId:0]
6486014,415,9:27:14,4,[StatementsData_logId:1,DuelResponsesData_logId:0,DuelResponsesData_witty_player_response]
6486014,416,9:27:15,4,[StatementsData_logId:1,DuelResponsesData_logId:0]
6486014,417,9:27:15,4,[StatementsData_logId:1,DuelResponsesData_logId:0]
6486014,413,9:27:15,4,[StatementsData_logId:1,DuelResponsesData_logId:0]
6486014,414,9:27:15,4,[StatementsData_logId:1,DuelResponsesData_logId:0]
6486014,415,9:27:19,4,[StatementsData_logId:1,DuelResponsesData_logId:0,DuelResponsesData_witty_player_response]
6486014,416,9:27:20,4,[StatementsData_logId:1,DuelResponsesData_logId:0]
6486014,417,9:27:20,4,[StatementsData_logId:1,DuelResponsesData_logId:0]
6486014,418,9:27:20,4,[StatementsData_logId:1,true]
6486014,419,9:27:20,4,[StatementsData_logId:1,4]
6486014,411,9:27:21,4,[StatementsData_logId:1]
6486014,401,9:27:26,4,[StatementsData_logId:2]
6486014,403,9:27:27,4,[StatementsData_logId:2,true]
6486014,405,9:27:27,4,[StatementsData_logId:2]
6486014,406,9:27:28,4,[StatementsData_logId:2,2]
6486014,407,9:27:28,4,[StatementsData_logId:2,FactCardData_id:14]
6486014,407,9:27:28,4,[StatementsData_logId:2,FactCardData_id:17]
6486014,407,9:27:28,4,[StatementsData_logId:2,FactCardData_id:12]
6486014,407,9:27:28,4,[StatementsData_logId:2,FactCardData_id:9]
6486014,407,9:27:28,4,[StatementsData_logId:2,FactCardData_id:16]
6486014,407,9:27:28,4,[StatementsData_logId:2,FactCardData_id:10]
6486014,407,9:27:38,4,[StatementsData_logId:2,FactCardData_id:9]
6486014,407,9:27:38,4,[StatementsData_logId:2,FactCardData_id:9]
6486014,407,9:27:39,4,[StatementsData_logId:2,FactCardData_id:10]
6486014,407,9:27:39,4,[StatementsData_logId:2,FactCardData_id:9]
6486014,407,9:27:39,4,[StatementsData_logId:2,FactCardData_id:10]
6486014,408,9:27:41,4,[StatementsData_logId:2,FactCardData_id:10,true]
6486014,409,9:27:41,4,[StatementsData_logId:2]
6486014,410,9:27:41,4,[StatementsData_logId:2,2]
6486014,412,9:27:42,4,[StatementsData_logId:2]
6486014,413,9:27:42,4,[StatementsData_logId:2,DuelResponsesData_logId:0]
6486014,414,9:27:42,4,[StatementsData_logId:2,DuelResponsesData_logId:0]
6486014,415,9:27:49,4,[StatementsData_logId:2,DuelResponsesData_logId:0,DuelResponsesData_witty_player_response]
6486014,416,9:27:50,4,[StatementsData_logId:2,DuelResponsesData_logId:0]
6486014,417,9:27:50,4,[StatementsData_logId:2,DuelResponsesData_logId:0]
6486014,413,9:27:50,4,[StatementsData_logId:2,DuelResponsesData_logId:0]
6486014,414,9:27:50,4,[StatementsData_logId:2,DuelResponsesData_logId:0]
6486014,415,9:27:54,4,[StatementsData_logId:2,DuelResponsesData_logId:0,DuelResponsesData_witty_player_response]
6486014,416,9:27:54,4,[StatementsData_logId:2,DuelResponsesData_logId:0]
6486014,417,9:27:54,4,[StatementsData_logId:2,DuelResponsesData_logId:0]
6486014,413,9:27:55,4,[StatementsData_logId:2,DuelResponsesData_logId:0]
6486014,414,9:27:55,4,[StatementsData_logId:2,DuelResponsesData_logId:0]
6486014,415,9:27:58,4,[StatementsData_logId:2,DuelResponsesData_logId:0,DuelResponsesData_witty_player_response]
6486014,416,9:27:58,4,[StatementsData_logId:2,DuelResponsesData_logId:0]
6486014,417,9:27:59,4,[StatementsData_logId:2,DuelResponsesData_logId:0]
6486014,418,9:27:59,4,[StatementsData_logId:2,true]
6486014,419,9:27:59,4,[StatementsData_logId:2,4]
6486014,411,9:28:0,4,[StatementsData_logId:2]
6486014,401,9:28:0,4,[StatementsData_logId:3]
6486014,403,9:28:3,4,[StatementsData_logId:3,true]
6486014,405,9:28:4,4,[StatementsData_logId:3]
6486014,406,9:28:4,4,[StatementsData_logId:3,2]
6486014,407,9:28:4,4,[StatementsData_logId:3,FactCardData_id:12]
6486014,407,9:28:4,4,[StatementsData_logId:3,FactCardData_id:17]
6486014,407,9:28:4,4,[StatementsData_logId:3,FactCardData_id:9]
6486014,407,9:28:4,4,[StatementsData_logId:3,FactCardData_id:16]
6486014,407,9:28:4,4,[StatementsData_logId:3,FactCardData_id:10]
6486014,407,9:28:4,4,[StatementsData_logId:3,FactCardData_id:14]
6486014,407,9:28:5,4,[StatementsData_logId:3,FactCardData_id:16]
6486014,407,9:28:5,4,[StatementsData_logId:3,FactCardData_id:16]
6486014,407,9:28:7,4,[StatementsData_logId:3,FactCardData_id:14]
6486014,407,9:28:7,4,[StatementsData_logId:3,FactCardData_id:16]
6486014,407,9:28:7,4,[StatementsData_logId:3,FactCardData_id:14]
6486014,407,9:28:8,4,[StatementsData_logId:3,FactCardData_id:17]
6486014,407,9:28:8,4,[StatementsData_logId:3,FactCardData_id:14]
6486014,407,9:28:8,4,[StatementsData_logId:3,FactCardData_id:17]
6486014,407,9:28:9,4,[StatementsData_logId:3,FactCardData_id:10]
6486014,407,9:28:9,4,[StatementsData_logId:3,FactCardData_id:17]
6486014,407,9:28:9,4,[StatementsData_logId:3,FactCardData_id:10]
6486014,407,9:28:10,4,[StatementsData_logId:3,FactCardData_id:9]
6486014,407,9:28:10,4,[StatementsData_logId:3,FactCardData_id:10]
6486014,407,9:28:10,4,[StatementsData_logId:3,FactCardData_id:9]
6486014,408,9:28:24,4,[StatementsData_logId:3,FactCardData_id:9,true]
6486014,409,9:28:24,4,[StatementsData_logId:3]
6486014,410,9:28:25,4,[StatementsData_logId:3,2]
6486014,412,9:28:25,4,[StatementsData_logId:3]
6486014,413,9:28:29,4,[StatementsData_logId:3,DuelResponsesData_logId:0]
6486014,414,9:28:30,4,[StatementsData_logId:3,DuelResponsesData_logId:0]
6486014,415,9:28:39,4,[StatementsData_logId:3,DuelResponsesData_logId:0,DuelResponsesData_witty_player_response]
6486014,416,9:28:40,4,[StatementsData_logId:3,DuelResponsesData_logId:0]
6486014,417,9:28:40,4,[StatementsData_logId:3,DuelResponsesData_logId:0]
6486014,413,9:28:40,4,[StatementsData_logId:3,DuelResponsesData_logId:0]
6486014,414,9:28:43,4,[StatementsData_logId:3,DuelResponsesData_logId:0]
6486014,415,9:28:56,4,[StatementsData_logId:3,DuelResponsesData_logId:0,DuelResponsesData_witty_player_response]
6486014,416,9:28:57,4,[StatementsData_logId:3,DuelResponsesData_logId:0]
6486014,417,9:28:57,4,[StatementsData_logId:3,DuelResponsesData_logId:0]
6486014,413,9:28:57,4,[StatementsData_logId:3,DuelResponsesData_logId:0]
6486014,414,9:28:58,4,[StatementsData_logId:3,DuelResponsesData_logId:0]
6486014,415,9:29:3,4,[StatementsData_logId:3,DuelResponsesData_logId:0,DuelResponsesData_witty_player_response]
6486014,416,9:29:4,4,[StatementsData_logId:3,DuelResponsesData_logId:0]
6486014,417,9:29:4,4,[StatementsData_logId:3,DuelResponsesData_logId:0]
6486014,418,9:29:4,4,[StatementsData_logId:3,true]
6486014,419,9:29:4,4,[StatementsData_logId:3,4]
6486014,411,9:29:5,4,[StatementsData_logId:3]
6486014,401,9:29:7,4,[StatementsData_logId:4]
6486014,402,9:29:16,4,[StatementsData_logId:4,true]
6486014,405,9:29:17,4,[StatementsData_logId:4]
6486014,406,9:29:17,4,[StatementsData_logId:4,2]
6486014,411,9:29:18,4,[StatementsData_logId:4]
6486014,401,9:29:21,4,[StatementsData_logId:5]
6486014,403,9:29:23,4,[StatementsData_logId:5,false]
6486014,405,9:29:24,4,[StatementsData_logId:5]
6486014,406,9:29:26,4,[StatementsData_logId:5,-2]
6486014,411,9:29:28,4,[StatementsData_logId:5]
6486014,420,9:29:28,4,[60]
6486014,1005,9:29:28,4,[0,0,2]
6486014,1001,9:29:29,4,[]
6486014,1003,9:29:29,0
6486014,210,9:29:32,677,385
6486014,211,9:29:32,641,316
6486014,213,9:29:32,11,c_bestFriend_F_b_G12b0,true
6486014,205,9:29:33,11,c_bestFriend_F_b_G12b0,false,false
6486014,210,9:29:36,896,314
6486014,207,9:29:38,11,-200,-815
6486014,207,9:29:39,11,-815,-1031
6486014,211,9:29:40,1885,250
6486014,210,9:29:40,1823,212
6486014,211,9:29:42,1615,379
6486014,212,9:29:42,2
6486014,210,9:29:43,1828,267
6486014,211,9:29:44,1800,365
6486014,212,9:29:45,0
6486014,210,9:29:46,1878,325
6486014,211,9:29:51,1862,612
6486014,212,9:29:51,1
6486014,210,9:29:52,1913,385
6486014,211,9:29:52,1819,218
6486014,213,9:29:52,11,c_crush1_F_b_G12b0,false
6486014,1003,9:29:55,1
6486014,1004,9:29:57,9
6486014,800,9:29:59,9,[]
6486014,801,9:30:0,9,[]
6486014,814,9:30:2,9,[0]
6486014,815,9:30:2,9,0,OpportunityCardData_id:0
6486014,816,9:30:5,9,0,OpportunityCardData_id:0
6486014,803,9:30:6,9,[OpportunityCardData_id:0,OpportunityCardConsequencesData_logId:0]
6486014,803,9:30:6,9,[OpportunityCardData_id:0,OpportunityCardConsequencesData_logId:1]
6486014,803,9:30:6,9,[OpportunityCardData_id:0,OpportunityCardConsequencesData_logId:2]
6486014,805,9:30:7,9,[OpportunityCardData_id:0]
6486014,807,9:30:7,9,[OpportunityCardData_id:0]
6486014,808,9:30:9,9,[OpportunityCardData_id:0]
6486014,809,9:30:15,9,[OpportunityCardData_id:0,PriorityData_type:3,false]
6486014,810,9:30:16,9,[OpportunityCardData_id:0,PriorityData_type:0,15,PriorityData_type:3,10]
6486014,814,9:30:24,9,[4]
6486014,815,9:30:24,9,4,OpportunityCardData_id:24
6486014,815,9:30:26,9,4,OpportunityCardData_id:25
6486014,815,9:30:27,9,4,OpportunityCardData_id:26
6486014,815,9:30:29,9,4,OpportunityCardData_id:27
6486014,815,9:30:30,9,4,OpportunityCardData_id:28
6486014,815,9:30:30,9,4,OpportunityCardData_id:29
6486014,815,9:30:31,9,4,OpportunityCardData_id:31
6486014,815,9:30:31,9,4,OpportunityCardData_id:24
6486014,815,9:30:32,9,4,OpportunityCardData_id:25
6486014,815,9:30:33,9,4,OpportunityCardData_id:26
6486014,816,9:30:34,9,4,OpportunityCardData_id:26
6486014,803,9:30:34,9,[OpportunityCardData_id:26,OpportunityCardConsequencesData_logId:0]
6486014,803,9:30:34,9,[OpportunityCardData_id:26,OpportunityCardConsequencesData_logId:1]
6486014,805,9:30:35,9,[OpportunityCardData_id:26]
6486014,807,9:30:35,9,[OpportunityCardData_id:26]
6486014,808,9:30:37,9,[OpportunityCardData_id:26]
6486014,809,9:30:42,9,[OpportunityCardData_id:26,Safe,false]
6486014,810,9:30:42,9,[OpportunityCardData_id:26,PriorityData_type:4,20,Safe,Safe]
6486014,814,9:30:48,9,[3]
6486014,815,9:30:48,9,3,OpportunityCardData_id:17
6486014,815,9:30:48,9,3,OpportunityCardData_id:18
6486014,815,9:30:49,9,3,OpportunityCardData_id:19
6486014,815,9:30:50,9,3,OpportunityCardData_id:20
6486014,815,9:30:50,9,3,OpportunityCardData_id:21
6486014,815,9:30:50,9,3,OpportunityCardData_id:22
6486014,815,9:30:50,9,3,OpportunityCardData_id:23
6486014,815,9:30:51,9,3,OpportunityCardData_id:30
6486014,816,9:30:52,9,3,OpportunityCardData_id:30
6486014,803,9:30:52,9,[OpportunityCardData_id:30,OpportunityCardConsequencesData_logId:0]
6486014,803,9:30:53,9,[OpportunityCardData_id:30,OpportunityCardConsequencesData_logId:1]
6486014,805,9:30:53,9,[OpportunityCardData_id:30]
6486014,807,9:30:54,9,[OpportunityCardData_id:30]
6486014,808,9:30:55,9,[OpportunityCardData_id:30]
6486014,809,9:30:59,9,[OpportunityCardData_id:30,PriorityData_type:2,false]
6486014,810,9:30:59,9,[OpportunityCardData_id:30,PriorityData_type:3,5,PriorityData_type:2,10]
6486014,814,9:31:5,9,[4]
6486014,815,9:31:5,9,4,OpportunityCardData_id:24
6486014,815,9:31:6,9,4,OpportunityCardData_id:25
6486014,815,9:31:8,9,4,OpportunityCardData_id:27
6486014,815,9:31:8,9,4,OpportunityCardData_id:28
6486014,815,9:31:9,9,4,OpportunityCardData_id:29
6486014,815,9:31:9,9,4,OpportunityCardData_id:31
6486014,815,9:31:9,9,4,OpportunityCardData_id:24
6486014,815,9:31:10,9,4,OpportunityCardData_id:25
6486014,816,9:31:12,9,4,OpportunityCardData_id:25
6486014,803,9:31:13,9,[OpportunityCardData_id:25,OpportunityCardConsequencesData_logId:0]
6486014,803,9:31:13,9,[OpportunityCardData_id:25,OpportunityCardConsequencesData_logId:1]
6486014,803,9:31:13,9,[OpportunityCardData_id:25,OpportunityCardConsequencesData_logId:2]
6486014,805,9:31:13,9,[OpportunityCardData_id:25]
6486014,807,9:31:14,9,[OpportunityCardData_id:25]
6486014,808,9:31:16,9,[OpportunityCardData_id:25]
6486014,809,9:31:20,9,[OpportunityCardData_id:25,Safe,false]
6486014,810,9:31:21,9,[OpportunityCardData_id:25,PriorityData_type:4,10,Safe,Safe]
6486014,814,9:31:25,9,[4]
6486014,815,9:31:25,9,4,OpportunityCardData_id:24
6486014,815,9:31:26,9,4,OpportunityCardData_id:27
6486014,815,9:31:26,9,4,OpportunityCardData_id:28
6486014,815,9:31:27,9,4,OpportunityCardData_id:29
6486014,815,9:31:27,9,4,OpportunityCardData_id:31
6486014,815,9:31:27,9,4,OpportunityCardData_id:24
6486014,815,9:31:28,9,4,OpportunityCardData_id:27
6486014,815,9:31:28,9,4,OpportunityCardData_id:28
6486014,815,9:31:28,9,4,OpportunityCardData_id:29
6486014,815,9:31:28,9,4,OpportunityCardData_id:31
6486014,815,9:31:28,9,4,OpportunityCardData_id:24
6486014,815,9:31:28,9,4,OpportunityCardData_id:27
6486014,817,9:31:31,9,4
6486014,814,9:31:32,9,[3]
6486014,815,9:31:32,9,3,OpportunityCardData_id:17
6486014,815,9:31:33,9,3,OpportunityCardData_id:18
6486014,815,9:31:34,9,3,OpportunityCardData_id:19
6486014,815,9:31:34,9,3,OpportunityCardData_id:20
6486014,815,9:31:35,9,3,OpportunityCardData_id:21
6486014,815,9:31:35,9,3,OpportunityCardData_id:22
6486014,815,9:31:35,9,3,OpportunityCardData_id:23
6486014,815,9:31:36,9,3,OpportunityCardData_id:17
6486014,815,9:31:36,9,3,OpportunityCardData_id:18
6486014,816,9:31:37,9,3,OpportunityCardData_id:18
6486014,803,9:31:38,9,[OpportunityCardData_id:18,OpportunityCardConsequencesData_logId:0]
6486014,803,9:31:38,9,[OpportunityCardData_id:18,OpportunityCardConsequencesData_logId:1]
6486014,805,9:31:38,9,[OpportunityCardData_id:18]
6486014,807,9:31:39,9,[OpportunityCardData_id:18]
6486014,808,9:31:41,9,[OpportunityCardData_id:18]
6486014,809,9:31:44,9,[OpportunityCardData_id:18,PriorityData_type:2,false]
6486014,810,9:31:45,9,[OpportunityCardData_id:18,PriorityData_type:3,10,PriorityData_type:2,5]
6486014,814,9:31:48,9,[2]
6486014,815,9:31:48,9,2,OpportunityCardData_id:11
6486014,815,9:31:49,9,2,OpportunityCardData_id:12
6486014,815,9:31:49,9,2,OpportunityCardData_id:13
6486014,815,9:31:50,9,2,OpportunityCardData_id:12
6486014,816,9:31:51,9,2,OpportunityCardData_id:12
6486014,803,9:31:51,9,[OpportunityCardData_id:12,OpportunityCardConsequencesData_logId:0]
6486014,803,9:31:51,9,[OpportunityCardData_id:12,OpportunityCardConsequencesData_logId:1]
6486014,805,9:31:52,9,[OpportunityCardData_id:12]
6486014,807,9:31:52,9,[OpportunityCardData_id:12]
6486014,808,9:31:54,9,[OpportunityCardData_id:12]
6486014,809,9:31:58,9,[OpportunityCardData_id:12,PriorityData_type:5,false]
6486014,810,9:31:59,9,[OpportunityCardData_id:12,PriorityData_type:2,20,PriorityData_type:5,20]
6486014,814,9:32:1,9,[3]
6486014,815,9:32:1,9,3,OpportunityCardData_id:17
6486014,815,9:32:2,9,3,OpportunityCardData_id:19
6486014,815,9:32:2,9,3,OpportunityCardData_id:20
6486014,815,9:32:3,9,3,OpportunityCardData_id:19
6486014,816,9:32:4,9,3,OpportunityCardData_id:19
6486014,803,9:32:4,9,[OpportunityCardData_id:19,OpportunityCardConsequencesData_logId:1]
6486014,803,9:32:5,9,[OpportunityCardData_id:19,OpportunityCardConsequencesData_logId:0]
6486014,805,9:32:6,9,[OpportunityCardData_id:19]
6486014,807,9:32:6,9,[OpportunityCardData_id:19]
6486014,808,9:32:8,9,[OpportunityCardData_id:19]
6486014,809,9:32:12,9,[OpportunityCardData_id:19,PriorityData_type:1,false]
6486014,810,9:32:13,9,[OpportunityCardData_id:19,PriorityData_type:3,10,PriorityData_type:1,10]
6486014,814,9:32:17,9,[4]
6486014,815,9:32:17,9,4,OpportunityCardData_id:24
6486014,815,9:32:17,9,4,OpportunityCardData_id:27
6486014,815,9:32:18,9,4,OpportunityCardData_id:28
6486014,815,9:32:18,9,4,OpportunityCardData_id:29
6486014,817,9:32:19,9,4
6486014,814,9:32:20,9,[3]
6486014,815,9:32:20,9,3,OpportunityCardData_id:17
6486014,815,9:32:21,9,3,OpportunityCardData_id:20
6486014,815,9:32:22,9,3,OpportunityCardData_id:21
6486014,815,9:32:22,9,3,OpportunityCardData_id:22
6486014,815,9:32:22,9,3,OpportunityCardData_id:23
6486014,815,9:32:23,9,3,OpportunityCardData_id:22
6486014,815,9:32:23,9,3,OpportunityCardData_id:21
6486014,816,9:32:24,9,3,OpportunityCardData_id:21
6486014,803,9:32:25,9,[OpportunityCardData_id:21,OpportunityCardConsequencesData_logId:0]
6486014,803,9:32:26,9,[OpportunityCardData_id:21,OpportunityCardConsequencesData_logId:1]
6486014,805,9:32:26,9,[OpportunityCardData_id:21]
6486014,807,9:32:27,9,[OpportunityCardData_id:21]
6486014,808,9:32:29,9,[OpportunityCardData_id:21]
6486014,809,9:32:32,9,[OpportunityCardData_id:21,Safe,false]
6486014,810,9:32:33,9,[OpportunityCardData_id:21,PriorityData_type:3,10,Safe,Safe]
6486014,814,9:32:38,9,[4]
6486014,815,9:32:38,9,4,OpportunityCardData_id:24
6486014,815,9:32:38,9,4,OpportunityCardData_id:27
6486014,815,9:32:40,9,4,OpportunityCardData_id:28
6486014,816,9:32:43,9,4,OpportunityCardData_id:28
6486014,803,9:32:43,9,[OpportunityCardData_id:28,OpportunityCardConsequencesData_logId:0]
6486014,803,9:32:43,9,[OpportunityCardData_id:28,OpportunityCardConsequencesData_logId:1]
6486014,805,9:32:44,9,[OpportunityCardData_id:28]
6486014,807,9:32:44,9,[OpportunityCardData_id:28]
6486014,808,9:32:46,9,[OpportunityCardData_id:28]
6486014,809,9:32:50,9,[OpportunityCardData_id:28,Safe,false]
6486014,810,9:32:50,9,[OpportunityCardData_id:28,PriorityData_type:4,15,Safe,Safe]
6486014,814,9:32:55,9,[0]
6486014,815,9:32:55,9,0,OpportunityCardData_id:1
6486014,815,9:32:56,9,0,OpportunityCardData_id:2
6486014,816,9:32:58,9,0,OpportunityCardData_id:2
6486014,803,9:32:58,9,[OpportunityCardData_id:2,OpportunityCardConsequencesData_logId:0]
6486014,803,9:32:58,9,[OpportunityCardData_id:2,OpportunityCardConsequencesData_logId:1]
6486014,803,9:32:59,9,[OpportunityCardData_id:2,OpportunityCardConsequencesData_logId:2]
6486014,805,9:33:0,9,[OpportunityCardData_id:2]
6486014,807,9:33:0,9,[OpportunityCardData_id:2]
6486014,808,9:33:2,9,[OpportunityCardData_id:2]
6486014,809,9:33:6,9,[OpportunityCardData_id:2,PriorityData_type:2,false]
6486014,810,9:33:6,9,[OpportunityCardData_id:2,PriorityData_type:0,10,PriorityData_type:2,10]
6486014,818,9:33:7,9,6
6486014,811,9:33:8,9,[OpportunityCardData_id:2,PriorityData_type:0,70,75,PriorityData_type:4,70,80]
6486014,1005,9:33:8,9,[1,0,3]
6486014,1001,9:33:9,9,[]
6486014,1003,9:33:9,1
6486014,210,9:33:13,804,422
6486014,207,9:33:15,11,-200,-950
6486014,211,9:33:16,1795,222
6486014,213,9:33:16,11,c_crush1_F_b_G12b0,true
6486014,205,9:33:16,11,c_crush1_F_b_G12b0,false,false
6486014,210,9:33:19,1685,403
6486014,207,9:33:23,11,-950,-65
6486014,211,9:33:24,590,410
6486014,210,9:33:26,860,472
6486014,211,9:33:26,864,491
6486014,212,9:33:26,2
6486014,210,9:33:27,724,520
6486014,211,9:33:27,653,555
6486014,212,9:33:28,0
6486014,210,9:33:29,707,498
6486014,211,9:33:29,713,570
6486014,212,9:33:30,1
6486014,210,9:33:30,731,491
6486014,211,9:33:31,630,540
6486014,213,9:33:31,11,s_paycheckHand_F_cauc_G12b0,true
6486014,205,9:33:31,11,s_paycheckHand_F_cauc_G12b0,false,false
6486014,210,9:33:37,705,439
6486014,207,9:33:38,11,-65,-455
6486014,211,9:33:38,1271,494
6486014,212,9:33:39,2
6486014,210,9:33:39,1194,427
6486014,211,9:33:39,1063,446
6486014,213,9:33:39,11,c_cousinsBrothersFriend_b_G12b0,false
6486014,1003,9:33:44,2
6486014,1004,9:33:45,4
6486014,900,9:33:51,4,[]
6486014,901,9:33:54,4,[PeopleData_id:5]
6486014,902,9:33:55,4,[PeopleData_id:5,PeopleData_data0Type]
6486014,902,9:34:0,4,[PeopleData_id:5,PeopleData_data1Type]
6486014,902,9:34:1,4,[PeopleData_id:5,PeopleData_data2Type]
6486014,903,9:34:4,4,[PeopleData_id5,PeopleData_data2Type]
6486014,901,9:34:4,4,[PeopleData_id:5]
6486014,904,9:34:4,4,[PeopleData_id:5]
6486014,905,9:34:5,4,[PeopleData_id:5,RankTypes_id:-1,RankTypes_id:2]
6486014,901,9:34:5,4,[PeopleData_id:3]
6486014,904,9:34:5,4,[PeopleData_id:3]
6486014,902,9:34:6,4,[PeopleData_id:3,PeopleData_data2Type]
6486014,902,9:34:9,4,[PeopleData_id:3,PeopleData_data1Type]
6486014,902,9:34:12,4,[PeopleData_id:3,PeopleData_data0Type]
6486014,903,9:34:14,4,[PeopleData_id3,PeopleData_data0Type]
6486014,901,9:34:15,4,[PeopleData_id:3]
6486014,904,9:34:15,4,[PeopleData_id:3]
6486014,905,9:34:16,4,[PeopleData_id:3,RankTypes_id:-1,RankTypes_id:3]
6486014,901,9:34:16,4,[PeopleData_id:0]
6486014,902,9:34:17,4,[PeopleData_id:0,PeopleData_data2Type]
6486014,902,9:34:19,4,[PeopleData_id:0,PeopleData_data1Type]
6486014,902,9:34:21,4,[PeopleData_id:0,PeopleData_data0Type]
6486014,903,9:34:25,4,[PeopleData_id0,PeopleData_data0Type]
6486014,901,9:34:25,4,[PeopleData_id:0]
6486014,904,9:34:25,4,[PeopleData_id:0]
6486014,905,9:34:26,4,[PeopleData_id:0,RankTypes_id:-1,RankTypes_id:1]
6486014,901,9:34:26,4,[PeopleData_id:0]
6486014,904,9:34:26,4,[PeopleData_id:0]
6486014,905,9:34:27,4,[PeopleData_id:0,RankTypes_id:1,RankTypes_id:0]
6486014,901,9:34:27,4,[PeopleData_id:7]
6486014,904,9:34:27,4,[PeopleData_id:7]
6486014,902,9:34:28,4,[PeopleData_id:7,PeopleData_data3Type]
6486014,902,9:34:32,4,[PeopleData_id:7,PeopleData_data2Type]
6486014,902,9:34:33,4,[PeopleData_id:7,PeopleData_data1Type]
6486014,902,9:34:38,4,[PeopleData_id:7,PeopleData_data0Type]
6486014,903,9:34:41,4,[PeopleData_id7,PeopleData_data0Type]
6486014,901,9:34:42,4,[PeopleData_id:7]
6486014,904,9:34:42,4,[PeopleData_id:7]
6486014,905,9:34:43,4,[PeopleData_id:7,RankTypes_id:-1,RankTypes_id:2]
6486014,901,9:34:43,4,[PeopleData_id:6]
6486014,902,9:34:44,4,[PeopleData_id:6,PeopleData_data2Type]
6486014,902,9:34:46,4,[PeopleData_id:6,PeopleData_data1Type]
6486014,902,9:34:48,4,[PeopleData_id:6,PeopleData_data0Type]
6486014,903,9:34:50,4,[PeopleData_id6,PeopleData_data0Type]
6486014,901,9:34:50,4,[PeopleData_id:6]
6486014,904,9:34:50,4,[PeopleData_id:6]
6486014,905,9:34:51,4,[PeopleData_id:6,RankTypes_id:-1,RankTypes_id:1]
6486014,901,9:34:51,4,[PeopleData_id:4]
6486014,904,9:34:51,4,[PeopleData_id:4]
6486014,902,9:34:52,4,[PeopleData_id:4,PeopleData_data2Type]
6486014,902,9:34:57,4,[PeopleData_id:4,PeopleData_data1Type]
6486014,902,9:35:0,4,[PeopleData_id:4,PeopleData_data0Type]
6486014,903,9:35:2,4,[PeopleData_id4,PeopleData_data0Type]
6486014,901,9:35:2,4,[PeopleData_id:4]
6486014,904,9:35:3,4,[PeopleData_id:4]
6486014,905,9:35:4,4,[PeopleData_id:4,RankTypes_id:-1,RankTypes_id:3]
6486014,901,9:35:5,4,[PeopleData_id:1]
6486014,902,9:35:6,4,[PeopleData_id:1,PeopleData_data2Type]
6486014,903,9:35:10,4,[PeopleData_id1,PeopleData_data2Type]
6486014,902,9:35:12,4,[PeopleData_id:1,PeopleData_data1Type]
6486014,902,9:35:14,4,[PeopleData_id:1,PeopleData_data0Type]
6486014,903,9:35:17,4,[PeopleData_id1,PeopleData_data0Type]
6486014,901,9:35:18,4,[PeopleData_id:1]
6486014,904,9:35:18,4,[PeopleData_id:1]
6486014,905,9:35:20,4,[PeopleData_id:1,RankTypes_id:-1,RankTypes_id:2]
6486014,901,9:35:20,4,[PeopleData_id:2]
6486014,902,9:35:21,4,[PeopleData_id:2,PeopleData_data3Type]
6486014,902,9:35:27,4,[PeopleData_id:2,PeopleData_data2Type]
6486014,902,9:35:29,4,[PeopleData_id:2,PeopleData_data1Type]
6486014,902,9:35:33,4,[PeopleData_id:2,PeopleData_data1Type]
6486014,902,9:35:38,4,[PeopleData_id:2,PeopleData_data0Type]
6486014,903,9:35:41,4,[PeopleData_id2,PeopleData_data0Type]
6486014,901,9:35:42,4,[PeopleData_id:2]
6486014,904,9:35:42,4,[PeopleData_id:2]
6486014,905,9:35:46,4,[PeopleData_id:2,RankTypes_id:-1,RankTypes_id:2]
6486014,906,9:35:46,4,[]
6486014,907,9:35:46,4,[]
6486014,908,9:35:47,4,[InvitationData_id:0,PeopleData_id:3,RankTypes_id:3]
6486014,909,9:36:24,4,[InvitationData_id:0,PeopleData_id:3,RankTypes_id:3,0]
6486014,910,9:36:24,4,[InvitationData_id:0,-7,false]
6486014,908,9:36:24,4,[InvitationData_id:6,PeopleData_id:3,RankTypes_id:3]
6486014,909,9:36:30,4,[InvitationData_id:6,PeopleData_id:3,RankTypes_id:3,1]
6486014,910,9:36:30,4,[InvitationData_id:6,7,false]
6486014,908,9:36:30,4,[InvitationData_id:8,PeopleData_id:1,RankTypes_id:2]
6486014,909,9:36:33,4,[InvitationData_id:8,PeopleData_id:1,RankTypes_id:2,1]
6486014,910,9:36:33,4,[InvitationData_id:8,5,false]
6486014,908,9:36:33,4,[InvitationData_id:7,PeopleData_id:2,RankTypes_id:2]
6486014,901,9:36:42,4,[PeopleData_id:7]
6486014,902,9:36:43,4,[PeopleData_id:7,PeopleData_data3Type]
6486014,902,9:36:45,4,[PeopleData_id:7,PeopleData_data2Type]
6486014,902,9:36:45,4,[PeopleData_id:7,PeopleData_data1Type]
6486014,902,9:36:45,4,[PeopleData_id:7,PeopleData_data0Type]
6486014,901,9:36:46,4,[PeopleData_id:5]
6486014,902,9:36:47,4,[PeopleData_id:5,PeopleData_data2Type]
6486014,909,9:36:50,4,[InvitationData_id:7,PeopleData_id:2,RankTypes_id:2,1]
6486014,910,9:36:50,4,[InvitationData_id:7,5,false]
6486014,908,9:36:50,4,[InvitationData_id:3,PeopleData_id:2,RankTypes_id:2]
6486014,909,9:36:53,4,[InvitationData_id:3,PeopleData_id:2,RankTypes_id:2,1]
6486014,910,9:36:54,4,[InvitationData_id:3,5,false]
6486014,908,9:36:54,4,[InvitationData_id:9,PeopleData_id:5,RankTypes_id:2]
6486014,909,9:36:56,4,[InvitationData_id:9,PeopleData_id:5,RankTypes_id:2,0]
6486014,910,9:36:57,4,[InvitationData_id:9,-2,false]
6486014,908,9:36:57,4,[InvitationData_id:11,PeopleData_id:7,RankTypes_id:2]
6486014,909,9:37:2,4,[InvitationData_id:11,PeopleData_id:7,RankTypes_id:2,0]
6486014,910,9:37:2,4,[InvitationData_id:11,-2,false]
6486014,908,9:37:2,4,[InvitationData_id:5,PeopleData_id:2,RankTypes_id:2]
6486014,909,9:37:6,4,[InvitationData_id:5,PeopleData_id:2,RankTypes_id:2,0]
6486014,910,9:37:6,4,[InvitationData_id:5,-2,false]
6486014,908,9:37:6,4,[InvitationData_id:4,PeopleData_id:3,RankTypes_id:3]
6486014,909,9:37:13,4,[InvitationData_id:4,PeopleData_id:3,RankTypes_id:3,0]
6486014,910,9:37:13,4,[InvitationData_id:4,-7,false]
6486014,908,9:37:13,4,[InvitationData_id:2,PeopleData_id:1,RankTypes_id:2]
6486014,909,9:37:18,4,[InvitationData_id:2,PeopleData_id:1,RankTypes_id:2,0]
6486014,910,9:37:19,4,[InvitationData_id:2,-2,false]
6486014,908,9:37:19,4,[InvitationData_id:1,PeopleData_id:4,RankTypes_id:3]
6486014,909,9:37:21,4,[InvitationData_id:1,PeopleData_id:4,RankTypes_id:3,1]
6486014,910,9:37:22,4,[InvitationData_id:1,7,false]
6486014,908,9:37:22,4,[InvitationData_id:10,PeopleData_id:4,RankTypes_id:3]
6486014,902,9:37:29,4,[PeopleData_id:5,PeopleData_data2Type]
6486014,902,9:37:31,4,[PeopleData_id:5,PeopleData_data1Type]
6486014,902,9:37:33,4,[PeopleData_id:5,PeopleData_data0Type]
6486014,909,9:37:44,4,[InvitationData_id:10,PeopleData_id:4,RankTypes_id:3,1]
6486014,910,9:37:45,4,[InvitationData_id:10,7,false]
6486014,911,9:37:46,4,[14,0,0,0]
6486014,1005,9:37:46,4,[2,1,2]
6486014,1001,9:37:48,4,[]
6486014,1003,9:37:48,2
6486014,210,9:37:51,563,490
6486014,211,9:37:52,1043,337
6486014,213,9:37:52,11,c_cousinsBrothersFriend_b_G12b0,false
6486014,1003,9:38:3,2
6486014,1004,9:38:4,4
6486014,900,9:38:6,4,[]
6486014,901,9:38:9,4,[PeopleData_id:1]
6486014,904,9:38:9,4,[PeopleData_id:1]
6486014,901,9:38:9,4,[PeopleData_id:0]
6486014,904,9:38:9,4,[PeopleData_id:0]
6486014,905,9:38:10,4,[PeopleData_id:0,RankTypes_id:-1,RankTypes_id:1]
6486014,901,9:38:10,4,[PeopleData_id:3]
6486014,904,9:38:10,4,[PeopleData_id:3]
6486014,905,9:38:10,4,[PeopleData_id:3,RankTypes_id:-1,RankTypes_id:2]
6486014,901,9:38:10,4,[PeopleData_id:5]
6486014,904,9:38:11,4,[PeopleData_id:5]
6486014,901,9:38:11,4,[PeopleData_id:2]
6486014,904,9:38:11,4,[PeopleData_id:2]
6486014,905,9:38:11,4,[PeopleData_id:2,RankTypes_id:-1,RankTypes_id:1]
6486014,901,9:38:12,4,[PeopleData_id:1]
6486014,904,9:38:12,4,[PeopleData_id:1]
6486014,905,9:38:12,4,[PeopleData_id:1,RankTypes_id:-1,RankTypes_id:2]
6486014,901,9:38:14,4,[PeopleData_id:1]
6486014,904,9:38:14,4,[PeopleData_id:1]
6486014,901,9:38:16,4,[PeopleData_id:6]
6486014,904,9:38:16,4,[PeopleData_id:6]
6486014,901,9:38:17,4,[PeopleData_id:5]
6486014,904,9:38:17,4,[PeopleData_id:5]
6486014,905,9:38:17,4,[PeopleData_id:5,RankTypes_id:-1,RankTypes_id:2]
6486014,901,9:38:17,4,[PeopleData_id:6]
6486014,904,9:38:17,4,[PeopleData_id:6]
6486014,901,9:38:18,4,[PeopleData_id:7]
6486014,901,9:38:18,4,[PeopleData_id:7]
6486014,904,9:38:18,4,[PeopleData_id:7]
6486014,901,9:38:19,4,[PeopleData_id:7]
6486014,904,9:38:19,4,[PeopleData_id:7]
6486014,905,9:38:20,4,[PeopleData_id:7,RankTypes_id:-1,RankTypes_id:3]
6486014,901,9:38:20,4,[PeopleData_id:4]
6486014,904,9:38:20,4,[PeopleData_id:4]
6486014,905,9:38:21,4,[PeopleData_id:4,RankTypes_id:-1,RankTypes_id:3]
6486014,901,9:38:22,4,[PeopleData_id:6]
6486014,904,9:38:22,4,[PeopleData_id:6]
6486014,905,9:38:23,4,[PeopleData_id:6,RankTypes_id:-1,RankTypes_id:1]
6486014,906,9:38:23,4,[]
6486014,901,9:38:25,4,[PeopleData_id:4]
6486014,905,9:38:25,4,[PeopleData_id:4,RankTypes_id:3,RankTypes_id:3]
6486014,902,9:38:26,4,[PeopleData_id:4,PeopleData_data2Type]
6486014,902,9:38:52,4,[PeopleData_id:4,PeopleData_data1Type]
6486014,902,9:38:54,4,[PeopleData_id:4,PeopleData_data0Type]
6486014,903,9:38:58,4,[PeopleData_id4,PeopleData_data0Type]
6486014,901,9:38:59,4,[PeopleData_id:4]
6486014,904,9:39:0,4,[PeopleData_id:4]
6486014,905,9:39:1,4,[PeopleData_id:4,RankTypes_id:3,RankTypes_id:2]
6486014,901,9:39:2,4,[PeopleData_id:7]
6486014,905,9:39:2,4,[PeopleData_id:7,RankTypes_id:3,RankTypes_id:3]
6486014,902,9:39:3,4,[PeopleData_id:7,PeopleData_data3Type]
6486014,902,9:39:4,4,[PeopleData_id:7,PeopleData_data2Type]
6486014,902,9:39:5,4,[PeopleData_id:7,PeopleData_data1Type]
6486014,902,9:39:6,4,[PeopleData_id:7,PeopleData_data0Type]
6486014,903,9:39:9,4,[PeopleData_id7,PeopleData_data0Type]
6486014,901,9:39:10,4,[PeopleData_id:7]
6486014,904,9:39:10,4,[PeopleData_id:7]
6486014,905,9:39:10,4,[PeopleData_id:7,RankTypes_id:3,RankTypes_id:3]
6486014,901,9:39:10,4,[PeopleData_id:4]
6486014,904,9:39:10,4,[PeopleData_id:4]
6486014,905,9:39:11,4,[PeopleData_id:4,RankTypes_id:2,RankTypes_id:3]
6486014,901,9:39:11,4,[PeopleData_id:1]
6486014,904,9:39:11,4,[PeopleData_id:1]
6486014,905,9:39:11,4,[PeopleData_id:1,RankTypes_id:2,RankTypes_id:2]
6486014,902,9:39:12,4,[PeopleData_id:1,PeopleData_data2Type]
6486014,902,9:39:15,4,[PeopleData_id:1,PeopleData_data1Type]
6486014,902,9:39:18,4,[PeopleData_id:1,PeopleData_data0Type]
6486014,903,9:39:19,4,[PeopleData_id1,PeopleData_data0Type]
6486014,901,9:39:21,4,[PeopleData_id:1]
6486014,904,9:39:21,4,[PeopleData_id:1]
6486014,905,9:39:21,4,[PeopleData_id:1,RankTypes_id:2,RankTypes_id:1]
6486014,901,9:39:22,4,[PeopleData_id:2]
6486014,905,9:39:22,4,[PeopleData_id:2,RankTypes_id:1,RankTypes_id:1]
6486014,902,9:39:23,4,[PeopleData_id:2,PeopleData_data3Type]
6486014,902,9:39:25,4,[PeopleData_id:2,PeopleData_data2Type]
6486014,902,9:39:26,4,[PeopleData_id:2,PeopleData_data3Type]
6486014,902,9:39:28,4,[PeopleData_id:2,PeopleData_data2Type]
6486014,902,9:39:30,4,[PeopleData_id:2,PeopleData_data1Type]
6486014,902,9:39:32,4,[PeopleData_id:2,PeopleData_data0Type]
6486014,903,9:39:34,4,[PeopleData_id2,PeopleData_data0Type]
6486014,901,9:39:35,4,[PeopleData_id:2]
6486014,904,9:39:35,4,[PeopleData_id:2]
6486014,905,9:39:37,4,[PeopleData_id:2,RankTypes_id:1,RankTypes_id:1]
6486014,901,9:39:37,4,[PeopleData_id:2]
6486014,904,9:39:37,4,[PeopleData_id:2]
6486014,905,9:39:37,4,[PeopleData_id:2,RankTypes_id:1,RankTypes_id:1]
6486014,901,9:39:38,4,[PeopleData_id:2]
6486014,905,9:39:38,4,[PeopleData_id:2,RankTypes_id:1,RankTypes_id:1]
6486014,901,9:39:38,4,[PeopleData_id:0]
6486014,905,9:39:38,4,[PeopleData_id:0,RankTypes_id:1,RankTypes_id:1]
6486014,902,9:39:39,4,[PeopleData_id:0,PeopleData_data2Type]
6486014,902,9:39:41,4,[PeopleData_id:0,PeopleData_data1Type]
6486014,902,9:39:43,4,[PeopleData_id:0,PeopleData_data1Type]
6486014,902,9:39:43,4,[PeopleData_id:0,PeopleData_data0Type]
6486014,903,9:39:45,4,[PeopleData_id0,PeopleData_data0Type]
6486014,901,9:39:46,4,[PeopleData_id:0]
6486014,904,9:39:46,4,[PeopleData_id:0]
6486014,905,9:39:46,4,[PeopleData_id:0,RankTypes_id:1,RankTypes_id:0]
6486014,901,9:39:47,4,[PeopleData_id:6]
6486014,905,9:39:47,4,[PeopleData_id:6,RankTypes_id:1,RankTypes_id:1]
6486014,902,9:39:48,4,[PeopleData_id:6,PeopleData_data2Type]
6486014,903,9:39:50,4,[PeopleData_id6,PeopleData_data2Type]
6486014,901,9:39:51,4,[PeopleData_id:6]
6486014,904,9:39:51,4,[PeopleData_id:6]
6486014,905,9:39:52,4,[PeopleData_id:6,RankTypes_id:1,RankTypes_id:0]
6486014,901,9:39:52,4,[PeopleData_id:0]
6486014,904,9:39:52,4,[PeopleData_id:0]
6486014,905,9:39:52,4,[PeopleData_id:0,RankTypes_id:0,RankTypes_id:1]
6486014,901,9:39:53,4,[PeopleData_id:6]
6486014,904,9:39:53,4,[PeopleData_id:6]
6486014,905,9:39:53,4,[PeopleData_id:6,RankTypes_id:0,RankTypes_id:0]
6486014,901,9:39:53,4,[PeopleData_id:1]
6486014,904,9:39:53,4,[PeopleData_id:1]
6486014,901,9:39:53,4,[PeopleData_id:2]
6486014,904,9:39:54,4,[PeopleData_id:2]
6486014,905,9:39:54,4,[PeopleData_id:2,RankTypes_id:1,RankTypes_id:1]
6486014,901,9:39:54,4,[PeopleData_id:1]
6486014,904,9:39:54,4,[PeopleData_id:1]
6486014,905,9:39:54,4,[PeopleData_id:1,RankTypes_id:1,RankTypes_id:1]
6486014,907,9:39:55,4,[]
6486014,908,9:39:55,4,[InvitationData_id:7,PeopleData_id:7,RankTypes_id:3]
6486014,909,9:39:58,4,[InvitationData_id:7,PeopleData_id:7,RankTypes_id:3,1]
6486014,910,9:39:58,4,[InvitationData_id:7,7,false]
6486014,908,9:39:58,4,[InvitationData_id:10,PeopleData_id:4,RankTypes_id:3]
6486014,909,9:40:7,4,[InvitationData_id:10,PeopleData_id:4,RankTypes_id:3,1]
6486014,910,9:40:9,4,[InvitationData_id:10,7,false]
6486014,908,9:40:9,4,[InvitationData_id:5,PeopleData_id:2,RankTypes_id:1]
6486014,909,9:40:14,4,[InvitationData_id:5,PeopleData_id:2,RankTypes_id:1,0]
6486014,910,9:40:14,4,[InvitationData_id:5,0,false]
6486014,908,9:40:15,4,[InvitationData_id:2,PeopleData_id:0,RankTypes_id:1]
6486014,909,9:40:36,4,[InvitationData_id:2,PeopleData_id:0,RankTypes_id:1,0]
6486014,910,9:40:37,4,[InvitationData_id:2,0,false]
6486014,908,9:40:37,4,[InvitationData_id:11,PeopleData_id:7,RankTypes_id:3]
6486014,909,9:40:40,4,[InvitationData_id:11,PeopleData_id:7,RankTypes_id:3,0]
6486014,910,9:40:41,4,[InvitationData_id:11,-7,false]
6486014,908,9:40:41,4,[InvitationData_id:1,PeopleData_id:4,RankTypes_id:3]
6486014,909,9:40:45,4,[InvitationData_id:1,PeopleData_id:4,RankTypes_id:3,1]
6486014,910,9:40:46,4,[InvitationData_id:1,7,false]
6486014,908,9:40:46,4,[InvitationData_id:0,PeopleData_id:3,RankTypes_id:2]
6486014,909,9:40:49,4,[InvitationData_id:0,PeopleData_id:3,RankTypes_id:2,0]
6486014,910,9:40:51,4,[InvitationData_id:0,-2,false]
6486014,908,9:40:51,4,[InvitationData_id:3,PeopleData_id:7,RankTypes_id:3]
6486014,909,9:40:54,4,[InvitationData_id:3,PeopleData_id:7,RankTypes_id:3,1]
6486014,910,9:40:55,4,[InvitationData_id:3,7,false]
6486014,908,9:40:55,4,[InvitationData_id:9,PeopleData_id:5,RankTypes_id:2]
6486014,909,9:40:57,4,[InvitationData_id:9,PeopleData_id:5,RankTypes_id:2,0]
6486014,910,9:40:58,4,[InvitationData_id:9,-2,false]
6486014,908,9:40:58,4,[InvitationData_id:4,PeopleData_id:3,RankTypes_id:2]
6486014,909,9:41:1,4,[InvitationData_id:4,PeopleData_id:3,RankTypes_id:2,0]
6486014,910,9:41:1,4,[InvitationData_id:4,-2,false]
6486014,908,9:41:1,4,[InvitationData_id:8,PeopleData_id:1,RankTypes_id:1]
6486014,909,9:41:4,4,[InvitationData_id:8,PeopleData_id:1,RankTypes_id:1,1]
6486014,910,9:41:4,4,[InvitationData_id:8,3,false]
6486014,908,9:41:4,4,[InvitationData_id:6,PeopleData_id:7,RankTypes_id:3]
6486014,909,9:41:7,4,[InvitationData_id:6,PeopleData_id:7,RankTypes_id:3,1]
6486014,910,9:41:7,4,[InvitationData_id:6,7,false]
6486014,911,9:41:8,4,[25,0,0,0]
6486014,1005,9:41:8,4,[2,2,3]
6486014,1001,9:41:9,4,[]
6486014,1003,9:41:9,2
6486014,210,9:41:12,621,429
6486014,211,9:41:13,1047,335
6486014,213,9:41:13,11,c_cousinsBrothersFriend_b_G12b0,true
6486014,212,9:41:17,1
6486014,210,9:41:17,1056,403
6486014,211,9:41:19,609,538
6486014,213,9:41:19,11,s_paycheckHand_F_cauc_G12b0,true
6486014,205,9:41:19,11,s_paycheckHand_F_cauc_G12b0,false,true
6486014,212,9:41:23,0
6486014,207,9:41:23,11,-200,-245
6486014,210,9:41:23,1183,438
6486014,211,9:41:24,1062,491
6486014,210,9:41:25,1127,421
6486014,211,9:41:25,1082,321
6486014,210,9:41:25,1102,224
6486014,211,9:41:26,652,310
6486014,213,9:41:26,11,c_bestFriend_F_b_G12b0,true
6486014,205,9:41:26,11,c_bestFriend_F_b_G12b0,false,true
6486014,212,9:41:30,2
6486014,210,9:41:31,1062,475
6486014,207,9:41:33,11,-245,-1031
6486014,211,9:41:36,962,468
6486014,207,9:41:36,11,-1031,-941
6486014,210,9:41:37,895,439
6486014,207,9:41:39,11,-941,0
6486014,207,9:41:43,11,0,-225
6486014,211,9:41:43,1053,350
6486014,213,9:41:43,11,c_cousinsBrothersFriend_b_G12b0,true
6486014,210,9:41:49,686,486
6486014,211,9:41:49,747,520
6486014,219,9:41:51,11
6486014,216,9:41:52,Stack_G12b1N
6486014,217,9:42:1,Stack_G12b1N,9.3,7.7
6486014,218,9:42:3,11
6486014,210,9:42:4,833,408
6486014,211,9:42:4,732,523
6486014,212,9:42:5,1
6486014,210,9:42:5,896,426
6486014,211,9:42:6,909,330
6486014,210,9:42:7,1107,235
6486014,211,9:42:7,1081,245
6486014,213,9:42:7,11,s_barDoor_G12b1N,true
6486014,205,9:42:7,11,s_barDoor_G12b1N,false,false
6486014,212,9:42:17,0
6486014,210,9:42:17,952,418
6486014,211,9:42:18,648,407
6486014,213,9:42:18,11,s_car_G12b1N,true
6486014,205,9:42:18,11,s_car_G12b1N,false,false
6486014,210,9:42:21,945,431
6486014,207,9:42:23,11,-200,-845
6486014,211,9:42:24,1585,377
6486014,212,9:42:24,2
6486014,210,9:42:25,1676,423
6486014,211,9:42:25,1557,393
6486014,213,9:42:25,11,c_cousinsBrothersFriend_b_G12b1N,true
6486014,205,9:42:25,11,c_cousinsBrothersFriend_b_G12b1N,false,false
6486014,210,9:42:32,1309,307
6486014,207,9:42:34,11,-845,-905
6486014,211,9:42:34,1856,282
6486014,212,9:42:35,1
6486014,210,9:42:36,1774,483
6486014,211,9:42:36,1663,418
6486014,212,9:42:37,0
6486014,210,9:42:38,1662,431
6486014,211,9:42:38,1598,418
6486014,219,9:42:40,11
6486014,216,9:42:41,Stack_G12b2N
6486014,217,9:42:58,Stack_G12b2N,14,0.33
6486014,218,9:43:0,11
6486014,210,9:43:1,799,346
6486014,211,9:43:3,677,230
6486014,213,9:43:3,11,s_closet_F_G12b2N,true
6486014,212,9:43:7,2
6486014,210,9:43:8,1028,402
6486014,211,9:43:8,1017,364
6486014,213,9:43:8,11,c_grandma_cauc_G12b2N,true
6486014,205,9:43:8,11,c_grandma_cauc_G12b2N,false,false
6486014,212,9:43:16,1
6486014,210,9:43:16,1005,367
6486014,211,9:43:17,993,319
6486014,210,9:43:17,905,317
6486014,211,9:43:18,698,412
6486014,213,9:43:18,11,c_mom_cauc_G12b2N,true
6486014,205,9:43:18,11,c_mom_cauc_G12b2N,false,false
6486014,204,9:43:27,11
6486014,103,9:43:28
6486014,105,9:43:29
6486014,703,9:43:31,[|| EpilogueItem ID: 0 unlocked: true ||,|| EpilogueItem ID: 1 unlocked: true ||,|| EpilogueItem ID: 2 unlocked: true ||,|| EpilogueItem ID: 3 unlocked: true ||,|| EpilogueItem ID: 4 unlocked: true ||,|| EpilogueItem ID: 5 unlocked: true ||,|| EpilogueItem ID: 6 unlocked: true ||,|| EpilogueItem ID: 7 unlocked: true ||,|| EpilogueItem ID: 8 unlocked: true ||,|| EpilogueItem ID: 9 unlocked: true ||,|| EpilogueItem ID: 10 unlocked: true ||,|| EpilogueItem ID: 11 unlocked: false ||,|| EpilogueItem ID: 12 unlocked: true ||,|| EpilogueItem ID: 13 unlocked: true ||,|| EpilogueItem ID: 14 unlocked: true ||,|| EpilogueItem ID: 15 unlocked: false ||,|| EpilogueItem ID: 16 unlocked: false ||,|| EpilogueItem ID: 17 unlocked: false ||,|| EpilogueItem ID: 18 unlocked: true ||,|| EpilogueItem ID: 19 unlocked: false ||,|| EpilogueItem ID: 20 unlocked: true ||,|| EpilogueItem ID: 21 unlocked: true ||,|| EpilogueItem ID: 22 unlocked: true ||,|| EpilogueItem ID: 23 unlocked: true ||,|| EpilogueItem ID: 24 unlocked: true ||],0.8
6486014,706,9:43:34,(x=748, y=-100, w=1024, h=768),(x=816, y=-100, w=1024, h=768)
6486014,706,9:43:36,(x=2531, y=-100, w=1024, h=768),(x=2531, y=-100, w=1024, h=768)
6486014,708,9:43:36
6486014,1,9:43:36,1/13/2014 12:39:27pm,{"gameTime":35016692,"challengeStacks":[{"challengeScenes":[{"miniGameCards":[],"viewedAnimatic":true,"keyPoints":["c_teacherEng_G7a0","c_bestFriend_F_a_G7a0","s_flag_gen"],"unlocked":true,"touchableObjects":["s_otherStudent1_G7a0","s_atwoodPoster_gen","s_angelouPoster_gen","s_poePoster_gen","s_vocabAssignment_G7a0","c_friend1_F_a_G7a0","s_doorClassroom_G7a0","c_teacherEng_G7a0","c_bestFriend_F_a_G7a0","c_crewKid1_F_G7a0","s_shakespearePoster_gen","s_clock_G7a0","s_flag_gen"]},{"miniGameCards":[],"viewedAnimatic":true,"keyPoints":["s_paperPlayers_G7a1N","c_bestFriend_F_a_G7a1N","c_teacherEng_G7a1N"],"unlocked":true,"touchableObjects":["s_otherStudent2_G7a1N","s_flag_gen","s_paperPlayers_G7a1N","c_bestFriend_F_a_G7a1N","c_teacherEng_G7a1N","s_otherStudent1_G7a1N","c_crewKid1_F_G7a1N","s_poePoster_gen","s_shakespearePoster_gen","s_angelouPoster_gen","s_atwoodPoster_gen"]},{"miniGameCards":[],"viewedAnimatic":true,"keyPoints":["s_flag_gen","c_teacherEng_G7a1P","c_bestFriend_F_a_G7a1P","s_paperEnglish_gen"],"unlocked":true,"touchableObjects":["s_poePoster_gen","s_shakespearePoster_gen","s_angelouPoster_gen","s_atwoodPoster_gen","s_clock_G7a1P","s_paperPlayers_G7a1P","s_flag_gen","c_teacherEng_G7a1P","c_bestFriend_F_a_G7a1P","s_paperEnglish_gen"]}],"stackSize":3,"resolved":true},{"challengeScenes":[{"miniGameCards":[],"viewedAnimatic":true,"keyPoints":["c_crewKid1_F_G7b0","c_kidSister_cauc_a_G7b0","s_backpack_F_G7b0"],"unlocked":true,"touchableObjects":["c_crewKid1_F_G7b0","c_crewKid2_F_G7b0","c_cousin_F_a_G7b0","c_cousinsBrother_a_G7b0","c_cousinsBrothersFriend_a_G7b0","s_lifeguard_G7b0","s_snackBarWorker_G7b0","c_kidSister_cauc_a_G7b0","s_backpack_F_G7b0"]},{"miniGameCards":[],"viewedAnimatic":true,"keyPoints":["c_kidSister_cauc_a_G7b1N","s_graffiti_G7b1N","s_brokenCarWindow_G7b1N","s_sprayPaintCan_G7b1N","c_crewKid1_F_G7b1N"],"unlocked":true,"touchableObjects":["c_cousin_F_a_G7b1N","c_policeOfficer_G7b1N","c_teacherEng_G7b1N","c_kidSister_cauc_a_G7b1N","s_wreckedPlants_G7b1N","s_graffiti_G7b1N","s_brokenCarWindow_G7b1N","s_sprayPaintCan_G7b1N","c_crewKid1_F_G7b1N"]},{"miniGameCards":[],"viewedAnimatic":true,"keyPoints":["c_cousin_F_a_G7b1P","c_cousinsBrother_a_G7b1P","c_cousinsBrothersFriend_a_G7b1P","s_poolDay_ruleSign_G7b1P"],"unlocked":true,"touchableObjects":["c_cousin_F_a_G7b1P","c_cousinsBrother_a_G7b1P","c_cousinsBrothersFriend_a_G7b1P","s_poolDay_ruleSign_G7b1P","c_crush1_F_a_G7b1P","c_kidSister_cauc_a_G7b1P"]},{"miniGameCards":[],"viewedAnimatic":true,"keyPoints":["c_crush1_F_a_G7b2N","s_kid1_G7b2N","c_kidSister_cauc_a_G7b2N","c_cousin_F_a_G7b2N"],"unlocked":true,"touchableObjects":["c_cousinsBrother_a_G7b2N","c_cousinsBrothersFriend_a_G7b2N","s_lifeguard_G7b2N","c_crush1_F_a_G7b2N","s_cousinsBFgirlfriend_G7b2N","s_kid1_G7b2N","c_kidSister_cauc_a_G7b2N","c_cousin_F_a_G7b2N"]},{"miniGameCards":[],"viewedAnimatic":true,"keyPoints":["c_kidSister_cauc_a_G7b2P","s_computer_F_G7b2P","c_cousin_F_a_G7b2P","s_pictureDad_cauc_F_gen"],"unlocked":true,"touchableObjects":["c_grandma_cauc_a_G7b2P","c_kidSister_cauc_a_G7b2P","s_closet_F_G7b2P","s_calendar_F_gen","s_computer_F_G7b2P","c_cousin_F_a_G7b2P","s_pictureDad_cauc_F_gen"]}],"stackSize":5,"resolved":true},{"challengeScenes":[{"miniGameCards":[],"viewedAnimatic":true,"keyPoints":["c_cousin_F_a_G8a0","c_crush2_F_a_G8a0","s_cellphone_G8a0","s_clock_G8a0","s_bottleCrush2_F_G8a0"],"unlocked":true,"touchableObjects":["s_beerSixpack_G8a0","c_crewKid1_F_a_G8a0","c_friend1_F_G8a0","s_stairs_G8a0","s_cigaretteKid1_G8a0","c_cousin_F_a_G8a0","c_crush2_F_a_G8a0","s_beerCooler_G8a0","s_cellphone_G8a0","s_bottleTable_G8a0","s_clock_G8a0","s_bottleCrush2_F_G8a0"]},{"miniGameCards":[],"viewedAnimatic":true,"keyPoints":["s_basementDoor_gen","s_dirtyClothes_gen","s_crush2Sore_F_G8a1N","s_crush2Lips_F_G8a1N","s_crush2Eyes_F_G8a1N"],"unlocked":true,"touchableObjects":["c_crush2_F_a_G8a1N","s_stairs_G8a1N","s_basementDoor_gen","s_dirtyClothes_gen","s_dryer_G8a1N","s_waterHeater_gen","s_crush2Sore_F_G8a1N","s_inhalantsShelf_gen","s_crush2Lips_F_G8a1N","s_crush2Eyes_F_G8a1N"]},{"miniGameCards":[],"viewedAnimatic":true,"keyPoints":["c_crush2_F_a_G8a1P","s_inhalantsShelf_gen","s_basementDoor_gen","s_dirtyClothes_gen"],"unlocked":true,"touchableObjects":["c_crush2_F_a_G8a1P","s_spraypaintCrush2_F_G8a1P","s_inhalantsShelf_gen","s_basementDoor_gen","s_dirtyClothes_gen","s_waterHeater_gen"]},{"miniGameCards":[],"viewedAnimatic":true,"keyPoints":["s_spraypaintCan_G8a2N","c_crush2_F_a_G8a2N"],"unlocked":true,"touchableObjects":["c_friend1_F_a_G8a2N","s_spraypaintCan_G8a2N","c_crush2_F_a_G8a2N"]},{"miniGameCards":[],"viewedAnimatic":true,"keyPoints":["c_kidSister_cauc_a_G8a2P","s_sistersToy_G8a2P","c_crush2_F_a_G8a2P","s_pictureDad_cauc_gen","s_magazine_G8a2P"],"unlocked":true,"touchableObjects":["c_kidSister_cauc_a_G8a2P","s_sistersToy_G8a2P","c_crush2_F_a_G8a2P","s_pictureDad_cauc_gen","s_magazine_G8a2P"]},{"miniGameCards":[],"viewedAnimatic":true,"keyPoints":["s_mirror_cauc_F_a_G8a3N","c_nurse_a_G8a3N","s_pamphlet1_G8a3N","s_pamphlet3_G8a3N"],"unlocked":true,"touchableObjects":["s_mirror_cauc_F_a_G8a3N","s_door_G8a3N","c_nurse_a_G8a3N","s_pamphlet1_G8a3N","s_pamphlet3_G8a3N"]},{"miniGameCards":[],"viewedAnimatic":true,"keyPoints":["s_kidsCouch_G8a3P","c_crush2_F_a_G8a3P"],"unlocked":true,"touchableObjects":["c_crewKid1_F_a_G8a3P","c_friend1_F_a_G8a3P","s_kidStanding_G8a3P","s_kidsCouch_G8a3P","c_cousin_F_a_G8a3P","s_window_G8a3P","c_crush2_F_a_G8a3P"]}],"stackSize":7,"resolved":true},{"challengeScenes":[{"miniGameCards":[],"viewedAnimatic":true,"keyPoints":["c_friend1_F_a_G8b0","c_kidSister_cauc_a_G8b0","s_pillBottle_G8b0"],"unlocked":true,"touchableObjects":["c_friend1_F_a_G8b0","c_grandma_cauc_a_G8b0","c_kidSister_cauc_a_G8b0","s_pillBottle_G8b0"]},{"miniGameCards":[],"viewedAnimatic":true,"keyPoints":["c_grandma_cauc_a_G8b1N","c_friend1_F_a_G8b1N","c_kidSister_cauc_a_G8b1N"],"unlocked":true,"touchableObjects":["c_grandma_cauc_a_G8b1N","s_pillBottle_G8b1N","c_friend1_F_a_G8b1N","c_kidSister_cauc_a_G8b1N"]},{"miniGameCards":[],"viewedAnimatic":true,"keyPoints":["c_friend1_F_a_G8b1P","c_grandma_cauc_a_G8b1P","s_pillBottle_F_G8b1P"],"unlocked":true,"touchableObjects":["c_friend1_F_a_G8b1P","c_grandma_cauc_a_G8b1P","s_pillBottle_F_G8b1P"]},{"miniGameCards":[],"viewedAnimatic":true,"keyPoints":["c_crewKid2_F_a_G8b2N","s_clock_G8b2N","c_teacherEng_G8b2N","c_friend1_F_a_G8b2N","s_sandwichBagPills_G8b2N"],"unlocked":true,"touchableObjects":["c_crewKid2_F_a_G8b2N","s_clock_G8b2N","s_kid2_G8b2N","c_teacherEng_G8b2N","c_friend1_F_a_G8b2N","s_sandwichBagPills_G8b2N"]},{"miniGameCards":[],"viewedAnimatic":true,"keyPoints":["c_friend1_F_a_G8b2P","c_grandma_cauc_a_G8b2P","s_pillBottle_G8b2P"],"unlocked":true,"touchableObjects":["c_mom_cauc_a_G8b2P","c_friend1_F_a_G8b2P","c_grandma_cauc_a_G8b2P","s_pillBottle_G8b2P"]}],"stackSize":5,"resolved":true},{"challengeScenes":[{"miniGameCards":[],"viewedAnimatic":true,"keyPoints":["s_cellPhone_F_G9a0","s_clock_F_G9a0","s_bathingSuit_F_G9a0","s_door_F_gen"],"unlocked":true,"touchableObjects":["s_cellPhone_F_G9a0","s_clock_F_G9a0","s_bathingSuit_F_G9a0","s_door_F_gen"]},{"miniGameCards":[],"viewedAnimatic":true,"keyPoints":["c_cousin_F_a_G9a1N","s_fence_G9a1N","s_kid3_G9a1N","c_policeOfficer_G9a1N"],"unlocked":true,"touchableObjects":["c_cousin_F_a_G9a1N","s_fence_G9a1N","s_bathingSuits_G9a1N","s_potSmokeCloud_G9a1N","s_kid3_G9a1N","c_policeOfficer_G9a1N"]},{"miniGameCards":[],"viewedAnimatic":true,"keyPoints":["c_cousin_F_a_G9a1P","s_joint_F_G9a1P","s_door_F_gen","s_calendar_F_gen","s_poster_F_gen"],"unlocked":true,"touchableObjects":["c_cousin_F_a_G9a1P","s_joint_F_G9a1P","s_door_F_gen","s_calendar_F_gen","s_computer_F_gen","s_poster_F_gen"]},{"miniGameCards":[],"viewedAnimatic":true,"keyPoints":["c_cousin_F_a_G9a2N","c_mom_cauc_a_G9a2N","c_kidSister_cauc_a_G9a2N","s_potSmokeCloud_F_G9a2N","s_pictureDad_cauc_F_gen"],"unlocked":true,"touchableObjects":["c_cousin_F_a_G9a2N","c_mom_cauc_a_G9a2N","c_kidSister_cauc_a_G9a2N","s_cookieTrayEmpty_F_G9a2N","s_potSmokeCloud_F_G9a2N","s_pictureDad_cauc_F_gen"]},{"miniGameCards":[],"viewedAnimatic":true,"keyPoints":["c_cousin_F_a_G9a2P","c_mom_cauc_a_G9a2P","s_door_gen","s_pizzaBox_G9a2P"],"unlocked":true,"touchableObjects":["c_kidSister_cauc_a_G9a2P","c_cousin_F_a_G9a2P","c_mom_cauc_a_G9a2P","s_door_gen","s_pizzaBox_G9a2P"]}],"stackSize":5,"resolved":true},{"challengeScenes":[{"miniGameCards":[],"viewedAnimatic":true,"keyPoints":["s_mirror_F_G9b0","s_pictureDad_cauc_F_gen","s_computer_F_gen"],"unlocked":true,"touchableObjects":["c_kidSister_cauc_a_G9b0","s_closet_F_G9b0","s_mirror_F_G9b0","s_pictureDad_cauc_F_gen","s_clock_F_G9b0","s_computer_F_gen"]},{"miniGameCards":[],"viewedAnimatic":true,"keyPoints":["s_clock_G9b1N","c_cousin_F_a_G9b1N","s_beerBottle_G9b1N","c_teacherEng_G9b1N","c_kidSister_cauc_a_G9b1N","s_joint_G9b1N","s_brokenLamp_G9b1N"],"unlocked":true,"touchableObjects":["s_clock_G9b1N","c_cousin_F_a_G9b1N","s_puddleFloor_G9b1N","s_beerBottle_G9b1N","c_teacherEng_G9b1N","c_kidSister_cauc_a_G9b1N","s_joint_G9b1N","s_brokenLamp_G9b1N"]},{"miniGameCards":[],"viewedAnimatic":true,"keyPoints":["c_bestFriend_F_a_G9b1P","c_friend1_F_a_G9b1P","c_crush1_F_a_G9b1P","c_cousin_F_a_G9b1P","s_pictureDaddark_cauc_gen","s_kidsGroupKitchen_G9b1P","s_pictureMomdark_cauc_G9b1P"],"unlocked":true,"touchableObjects":["c_bestFriend_F_a_G9b1P","c_friend1_F_a_G9b1P","c_crush1_F_a_G9b1P","c_cousin_F_a_G9b1P","s_pictureDaddark_cauc_gen","s_kidsGroupKitchen_G9b1P","s_pictureMomdark_cauc_G9b1P"]},{"miniGameCards":[],"viewedAnimatic":true,"keyPoints":["c_mom_cauc_a_G9b2N","c_crush1_F_a_G9b2N","c_cousin_F_a_G9b2N"],"unlocked":true,"touchableObjects":["c_mom_cauc_a_G9b2N","c_crush1_F_a_G9b2N","c_kidSister_cauc_a_G9b2N","c_grandma_cauc_a_G9b2N","c_cousin_F_a_G9b2N","s_kidCouch_G9b2N"]},{"miniGameCards":[],"viewedAnimatic":true,"keyPoints":["c_mom_cauc_a_G9b2P","c_crush1_F_a_G9b2P","s_clock_G9b2P","c_bestFriend_F_a_G9b2P"],"unlocked":true,"touchableObjects":["c_mom_cauc_a_G9b2P","c_crush1_F_a_G9b2P","s_clock_G9b2P","c_bestFriend_F_a_G9b2P"]}],"stackSize":5,"resolved":true},{"challengeScenes":[{"miniGameCards":[],"viewedAnimatic":true,"keyPoints":["c_crush1_F_b_G10a0","s_cellPhone_F_G10a0","s_window_F_G10a0","s_poster_F_gen","s_drawer_F_G10a0"],"unlocked":true,"touchableObjects":["c_crush1_F_b_G10a0","s_bed1_F_G10a0","s_cellPhone_F_G10a0","s_window_F_G10a0","s_clock_F_G10a0","s_computer_F_gen","s_pictureFamily_F_G10a0","s_poster_F_gen","s_drawer_F_G10a0"]},{"miniGameCards":[],"viewedAnimatic":true,"keyPoints":["s_condom_F_G10a1N","c_crush1_F_b_G10a1N","s_mirror_F_G10a1N","s_picture_F_G10a1N"],"unlocked":true,"touchableObjects":["s_condom_F_G10a1N","s_door_F_gen","c_crush1_F_b_G10a1N","s_mirror_F_G10a1N","s_computer_F_gen","s_picture_F_G10a1N"]},{"miniGameCards":[],"viewedAnimatic":true,"keyPoints":["c_crush1_F_b_G10a1P","c_friend_F_b_G10a1P","s_lockerPoster_G10a1P"],"unlocked":true,"touchableObjects":["c_crush1_F_b_G10a1P","c_friend_F_b_G10a1P","c_bestFriend_F_b_G10a1P","s_lockerPoster_G10a1P"]},{"miniGameCards":[],"viewedAnimatic":true,"keyPoints":["s_pamphlet5_G10a2N","c_nurse_G10a2N","s_phone_G10a2N","s_pamphlet4_G10a2N","s_pamphlet3_G10a2N","s_pamphlet1_G10a2N"],"unlocked":true,"touchableObjects":["s_pamphlet5_G10a2N","c_nurse_G10a2N","s_phone_G10a2N","s_pamphlet4_G10a2N","s_pamphlet3_G10a2N","s_cot_G10a2N","s_pamphlet1_G10a2N"]},{"miniGameCards":[],"viewedAnimatic":true,"keyPoints":["c_crush1_F_b_G10a2P","s_dancePoster_G10a2P","c_cousin_F_b_G10a2P","c_friend_F_b_G10a2P","c_nurse_G10a2P"],"unlocked":true,"touchableObjects":["c_crush1_F_b_G10a2P","c_bestFriend_F_b_G10a2P","s_dancePoster_G10a2P","c_cousin_F_b_G10a2P","c_friend_F_b_G10a2P","c_nurse_G10a2P"]}],"stackSize":5,"resolved":true},{"challengeScenes":[{"miniGameCards":[],"viewedAnimatic":true,"keyPoints":["s_car1_G10b0","s_kidsGroup1_G10b0","s_car2_G10b0","s_kidPointing_G10b0","c_crush1_F_b_G10b0","c_crewKid2_F_b_G10b0","c_crush2_F_b_G10b0","s_trafficLight_G10b0"],"unlocked":true,"touchableObjects":["s_car1_G10b0","s_kidsGroup1_G10b0","s_car2_G10b0","s_kidPointing_G10b0","c_crush1_F_b_G10b0","c_crewKid2_F_b_G10b0","c_crush2_F_b_G10b0","c_cousinsBrothersFriend_b_G10b0","s_streetCorner_G10b0","s_billboard_G10b0","s_trafficLight_G10b0"]},{"miniGameCards":[],"viewedAnimatic":true,"keyPoints":["s_carSmashed_G10b1N","s_kidsHorrified_G10b1N","c_cousinsBrothersFriend_b_G10b1N"],"unlocked":true,"touchableObjects":["c_crush1_F_b_G10b1N","s_carSmashed_G10b1N","s_kidsHorrified_G10b1N","c_policeOfficer_G10b1N","c_cousinsBrothersFriend_b_G10b1N"]},{"miniGameCards":[],"viewedAnimatic":true,"keyPoints":["s_stairs_G10b1P","s_pictureDad_cauc_gen","s_keys_G10b1P","s_clock_G10b1P","s_candles_G10b1P","c_crush1_F_b_G10b1P"],"unlocked":true,"touchableObjects":["s_stairs_G10b1P","s_pictureDad_cauc_gen","s_keys_G10b1P","s_clock_G10b1P","s_candles_G10b1P","c_crush1_F_b_G10b1P"]},{"miniGameCards":[],"viewedAnimatic":true,"keyPoints":["c_bestFriend_F_b_G10b2N","c_cousin_F_b_G10b2N","c_crush1_F_b_G10b2N","c_teacherEng_G10b2N","s_clock_G10b2N"],"unlocked":true,"touchableObjects":["c_bestFriend_F_b_G10b2N","c_cousin_F_b_G10b2N","c_crush1_F_b_G10b2N","c_teacherEng_G10b2N","s_clock_G10b2N"]},{"miniGameCards":[],"viewedAnimatic":true,"keyPoints":["s_condom_G10b2P","s_mirror_F_G10b2P"],"unlocked":true,"touchableObjects":["c_grandma_cauc_a_G10b2P","s_condom_G10b2P","s_mirror_F_G10b2P"]}],"stackSize":5,"resolved":true},{"challengeScenes":[{"miniGameCards":[],"viewedAnimatic":true,"keyPoints":["s_backpack_G11a0","s_mirror_G11a0","c_friend1_F_G11a0"],"unlocked":true,"touchableObjects":["s_backpack_G11a0","s_mirror_G11a0","c_friend1_F_G11a0"]},{"miniGameCards":[],"viewedAnimatic":true,"keyPoints":["c_crush1_F_G11a1N","s_door_F_gen","s_window_F_G11a1N","s_bed_F_G11a1N","s_poster_F_gen"],"unlocked":true,"touchableObjects":["c_crush1_F_G11a1N","s_door_F_gen","s_window_F_G11a1N","s_bed_F_G11a1N","s_poster_F_gen"]},{"miniGameCards":[],"viewedAnimatic":true,"keyPoints":["s_rubberGloves_G11a1P","c_nurse_G11a1P","c_friend1_F_G11a1P","s_poster_G11a1P"],"unlocked":true,"touchableObjects":["s_rubberGloves_G11a1P","c_nurse_G11a1P","c_friend1_F_G11a1P","s_poster_G11a1P"]},{"miniGameCards":[],"viewedAnimatic":true,"keyPoints":["s_hivKid_F_G11a2N","s_lockerKids1_G11a2N","c_crush2_F_G11a2N","c_friend1_F_G11a2N"],"unlocked":true,"touchableObjects":["s_hivKid_F_G11a2N","s_lockerKids1_G11a2N","s_lockerKids2_G11a2N","c_crush2_F_G11a2N","c_friend1_F_G11a2N"]},{"miniGameCards":[],"viewedAnimatic":true,"keyPoints":["c_friend1_F_G11a2P","c_nurse_G11a2P"],"unlocked":true,"touchableObjects":["c_friend1_F_G11a2P","c_nurse_G11a2P"]}],"stackSize":5,"resolved":true},{"challengeScenes":[{"miniGameCards":[],"viewedAnimatic":true,"keyPoints":["c_bestFriend_F_b_G11b0","s_door_G11b0","c_teacherEng_G11b0","s_posterPromPromise_G11b0","s_bestFriendsDateNose_F_G11b0"],"unlocked":true,"touchableObjects":["c_crush1_F_b_G11b0","c_bestFriend_F_b_G11b0","s_door_G11b0","s_djPlatform_G11b0","c_teacherEng_G11b0","s_posterPromPromise_G11b0","s_bestFriendsDateNose_F_G11b0"]},{"miniGameCards":[],"viewedAnimatic":true,"keyPoints":["s_bestFriendsDate_F_G11b1N","s_car_G11b1N","c_crush1_F_b_G11b1N","s_bestFriendsDateFace_F_G11b1N"],"unlocked":true,"touchableObjects":["s_bestFriendsDate_F_G11b1N","s_car_G11b1N","c_crush1_F_b_G11b1N","c_bestFriend_F_b_G11b1N","s_bestFriendsDateFace_F_G11b1N"]},{"miniGameCards":[],"viewedAnimatic":true,"keyPoints":["c_crush1_F_b_G11b1P","c_bestFriend_F_b_G11b1P"],"unlocked":true,"touchableObjects":["s_suspiciousKid_G11b1P","c_crush1_F_b_G11b1P","c_bestFriend_F_b_G11b1P"]},{"miniGameCards":[],"viewedAnimatic":true,"keyPoints":["s_policeCar_G11b2N","c_bestFriend_F_b_G11b2N","s_carCrashed_G11b2N"],"unlocked":true,"touchableObjects":["s_policeCar_G11b2N","c_crush1_F_b_G11b2N","c_bestFriend_F_b_G11b2N","s_bestFriendsDate_F_G11b2N","s_carCrashed_G11b2N"]},{"miniGameCards":[],"viewedAnimatic":true,"keyPoints":["c_kidSister_cauc_b_G11b2P","c_grandma_cauc_G11b2P","s_keys_G11b2P"],"unlocked":true,"touchableObjects":["c_bestFriend_F_b_G11b2P","c_kidSister_cauc_b_G11b2P","c_grandma_cauc_G11b2P","c_crush1_F_b_G11b2P","s_keys_G11b2P"]}],"stackSize":5,"resolved":true},{"challengeScenes":[{"miniGameCards":[],"viewedAnimatic":true,"keyPoints":["c_mom_cauc_G12a0","s_pictureDad_cauc_gen","s_clock_G12a0"],"unlocked":true,"touchableObjects":["c_mom_cauc_G12a0","s_pictureDad_cauc_gen","s_clock_G12a0"]},{"miniGameCards":[],"viewedAnimatic":true,"keyPoints":["c_crush1_F_G12a1N","s_door_F_gen","s_calendar_F_gen"],"unlocked":true,"touchableObjects":["c_crush1_F_G12a1N","s_door_F_gen","s_calendar_F_gen","s_drawer_F_G12a1N"]},{"miniGameCards":[],"viewedAnimatic":true,"keyPoints":["c_mom_cauc_G12a1P","s_pictureDad_cauc_gen","s_testResultsHIV_G12a1P","s_condoms_G12a1P","s_booklet_G12a1P"],"unlocked":true,"touchableObjects":["c_mom_cauc_G12a1P","s_pictureDad_cauc_gen","s_testResultsHIV_G12a1P","s_condoms_G12a1P","s_booklet_G12a1P"]},{"miniGameCards":[],"viewedAnimatic":true,"keyPoints":["c_mom_cauc_G12a2N","c_kidSister_cauc_b_G12a2N","s_door_gen","s_pregnancyTest_G12a2N","s_pictureDad_cauc_gen","s_tv_gen"],"unlocked":true,"touchableObjects":["c_mom_cauc_G12a2N","c_kidSister_cauc_b_G12a2N","s_door_gen","s_pregnancyTest_G12a2N","s_pictureDad_cauc_gen","s_tv_gen"]},{"miniGameCards":[],"viewedAnimatic":true,"keyPoints":["c_crush1_F_b_G12a2P","s_pregnantGirl_G12a2P","c_bestFriend_F_b_G12a2P","c_nurse_G12a2P"],"unlocked":true,"touchableObjects":["c_crush1_F_b_G12a2P","s_pregnantGirl_G12a2P","c_bestFriend_F_b_G12a2P","c_nurse_G12a2P"]}],"stackSize":5,"resolved":true},{"challengeScenes":[{"miniGameCards":[],"viewedAnimatic":true,"keyPoints":["c_bestFriend_F_b_G12b0","c_crush1_F_b_G12b0","s_paycheckHand_F_cauc_G12b0"],"unlocked":true,"touchableObjects":["c_bestFriend_F_b_G12b0","c_crush1_F_b_G12b0","s_paycheckHand_F_cauc_G12b0","c_cousinsBrothersFriend_b_G12b0"]},{"miniGameCards":[],"viewedAnimatic":true,"keyPoints":["s_barDoor_G12b1N","s_car_G12b1N","c_cousinsBrothersFriend_b_G12b1N"],"unlocked":true,"touchableObjects":["s_barDoor_G12b1N","s_car_G12b1N","c_cousinsBrothersFriend_b_G12b1N"]},{"miniGameCards":[],"viewedAnimatic":false,"keyPoints":[],"unlocked":false,"touchableObjects":[]},{"miniGameCards":[],"viewedAnimatic":true,"keyPoints":["c_grandma_cauc_G12b2N","c_mom_cauc_G12b2N"],"unlocked":true,"touchableObjects":["s_closet_F_G12b2N","c_grandma_cauc_G12b2N","c_mom_cauc_G12b2N"]},{"miniGameCards":[],"viewedAnimatic":false,"keyPoints":[],"unlocked":false,"touchableObjects":[]}],"stackSize":5,"resolved":false},{"challengeScenes":[{"miniGameCards":[],"viewedAnimatic":false,"keyPoints":[],"unlocked":true,"touchableObjects":[]},{"miniGameCards":[],"viewedAnimatic":false,"keyPoints":["c_job_G0a1N","c_home_G0a1N","c_family_cauc_a_G0a1N"],"unlocked":true,"touchableObjects":["c_job_G0a1N","c_home_G0a1N","c_family_cauc_a_G0a1N","c_player_cauc_F_a_G0a1N"]},{"miniGameCards":[],"viewedAnimatic":false,"keyPoints":["c_grandma_cauc_a_G0a1P","c_Teacher_G0a1P","c_kidsister_cauc_a_G0a1P","c_dad_cauc_a_G0a1P","c_mom_cauc_a_G0a1P","c_Nurse_G0a1P"],"unlocked":true,"touchableObjects":["c_cousins_F_a_G0a1P","c_friends_G0a1P","c_grandma_cauc_a_G0a1P","c_Teacher_G0a1P","c_kidsister_cauc_a_G0a1P","c_dad_cauc_a_G0a1P","c_mom_cauc_a_G0a1P","c_Nurse_G0a1P"]}],"stackSize":3,"resolved":true}],"sessionId":13,"epilogue":{"rating":3},"playerId":6486014,"session":[{"sceneId":"1P","stackId":12},{"sceneId":"1P","stackId":0},{"sceneId":"1P","stackId":1},{"sceneId":"1N","stackId":1},{"sceneId":"2P","stackId":1},{"sceneId":"3P","stackId":2},{"sceneId":"1P","stackId":2},{"sceneId":"1N","stackId":2},{"sceneId":"2P","stackId":2},{"sceneId":"1P","stackId":3},{"sceneId":"1N","stackId":3},{"sceneId":"2P","stackId":3},{"sceneId":"1P","stackId":4},{"sceneId":"1N","stackId":4},{"sceneId":"2P","stackId":4},{"sceneId":"1P","stackId":5},{"sceneId":"1N","stackId":5},{"sceneId":"2P","stackId":5},{"sceneId":"2P","stackId":6},{"sceneId":"1P","stackId":6},{"sceneId":"1P","stackId":7},{"sceneId":"1N","stackId":7},{"sceneId":"2P","stackId":7},{"sceneId":"1P","stackId":8},{"sceneId":"1N","stackId":8},{"sceneId":"2P","stackId":8},{"sceneId":"2P","stackId":10},{"sceneId":"1P","stackId":10},{"sceneId":"2P","stackId":9},{"sceneId":"1P","stackId":9}],"minigames":[{"levelSaveData":[{"starRating":3,"unlocked":true},{"starRating":3,"unlocked":true},{"starRating":3,"unlocked":true},{"starRating":3,"unlocked":true},{"starRating":2,"unlocked":true},{"starRating":3,"unlocked":true},{"starRating":3,"unlocked":true},{"starRating":3,"unlocked":true},{"starRating":3,"unlocked":true},{"starRating":3,"unlocked":true}],"skillPoints":29},{"levelSaveData":[{"starRating":3,"unlocked":true},{"starRating":3,"unlocked":true},{"starRating":3,"unlocked":true},{"starRating":3,"unlocked":true},{"starRating":3,"unlocked":true},{"starRating":3,"unlocked":true},{"starRating":3,"unlocked":true},{"starRating":3,"unlocked":true},{"starRating":3,"unlocked":true},{"starRating":3,"unlocked":true}],"skillPoints":30},{"levelSaveData":[{"starRating":3,"unlocked":true},{"starRating":3,"unlocked":true},{"starRating":3,"unlocked":true},{"starRating":3,"unlocked":true},{"starRating":3,"unlocked":true},{"starRating":3,"unlocked":true},{"starRating":3,"unlocked":true},{"starRating":3,"unlocked":true},{"starRating":3,"unlocked":true},{"starRating":2,"unlocked":true}],"skillPoints":29},{"levelSaveData":[{"starRating":3,"unlocked":true},{"starRating":3,"unlocked":true},{"starRating":3,"unlocked":true},{"starRating":3,"unlocked":true},{"starRating":3,"unlocked":true},{"starRating":3,"unlocked":true},{"starRating":3,"unlocked":true},{"starRating":3,"unlocked":true},{"starRating":1,"unlocked":true},{"starRating":3,"unlocked":true}],"skillPoints":28},{"age":14,"name":"yamie","gender":1,"levelSaveData":[{"starRating":3,"unlocked":true},{"starRating":3,"chunks":[["1"],["10$$silly","12$$mad"],["6$$music","9$$fashion","16$$reading"],["2"]],"unlocked":true},{"starRating":3,"chunks":[["1"],["0$$writing","0$$reading"],["0$$military","0$$nursing"]],"unlocked":true},{"starRating":3,"chunks":[["5$$comvortable"],["0"],["2"],["1"],["3","3"],["5"]],"unlocked":true},{"starRating":3,"chunks":[["5$$writing"],["3"],["8$$docter","1"],["3"],["3"],["0$$being an authe"]],"unlocked":true},{"starRating":3,"chunks":[["14"],["1","4","3","5"],["0$$puerto rico"],["0$$stores"]],"unlocked":true},{"starRating":3,"chunks":[["3"],["3"],["15$$meeee...","1$$family"],["0","0"],["6$$olone"]],"unlocked":true},{"starRating":3,"chunks":[["2","0","1"],["6","7","4"],["1"],["1$$weight"],["0$$junk food"]],"unlocked":true},{"starRating":3,"chunks":[["7","3","2"],["0","1","4"],["5","6"]],"unlocked":true},{"starRating":3,"chunks":[["1"],["0$$puerto rico"],["6$$driving a plan"],["0$$a young author"],["0$$authors"],["1"]],"unlocked":true}],"visualAvatar":0,"id":1,"skillPoints":30}],"avatar":{"age":14,"name":"yamie","gender":1,"levelSaveData":[{"starRating":3,"unlocked":true},{"starRating":3,"chunks":[["1"],["10$$silly","12$$mad"],["6$$music","9$$fashion","16$$reading"],["2"]],"unlocked":true},{"starRating":3,"chunks":[["1"],["0$$writing","0$$reading"],["0$$military","0$$nursing"]],"unlocked":true},{"starRating":3,"chunks":[["5$$comvortable"],["0"],["2"],["1"],["3","3"],["5"]],"unlocked":true},{"starRating":3,"chunks":[["5$$writing"],["3"],["8$$docter","1"],["3"],["3"],["0$$being an authe"]],"unlocked":true},{"starRating":3,"chunks":[["14"],["1","4","3","5"],["0$$puerto rico"],["0$$stores"]],"unlocked":true},{"starRating":3,"chunks":[["3"],["3"],["15$$meeee...","1$$family"],["0","0"],["6$$olone"]],"unlocked":true},{"starRating":3,"chunks":[["2","0","1"],["6","7","4"],["1"],["1$$weight"],["0$$junk food"]],"unlocked":true},{"starRating":3,"chunks":[["7","3","2"],["0","1","4"],["5","6"]],"unlocked":true},{"starRating":3,"chunks":[["1"],["0$$puerto rico"],["6$$driving a plan"],["0$$a young author"],["0$$authors"],["1"]],"unlocked":true}],"visualAvatar":0,"id":1,"skillPoints":30}}
