6429003,0,0:0:0,3/27/2013 4:10:56pm
6429003,600,0:0:14,1
6429003,601,0:0:15,1
6429003,602,0:0:16,1,1
6429003,603,0:0:19,2
6429003,604,0:0:26,2,jada
6429003,605,0:0:29
6429003,210,0:1:1,791,402
6429003,211,0:1:1,791,402
6429003,212,0:1:3,1
6429003,207,0:1:4,12,0,-30
6429003,210,0:1:4,927,355
6429003,211,0:1:5,1339,249
6429003,207,0:1:5,12,-30,-345
6429003,210,0:1:12,963,355
6429003,207,0:1:18,12,-345,-570
6429003,211,0:1:19,473,258
6429003,207,0:1:19,12,-570,-450
6429003,207,0:1:20,12,-450,-420
6429003,210,0:1:20,562,296
6429003,211,0:1:21,726,447
6429003,210,0:2:18,1247,197
6429003,211,0:2:18,1317,247
6429003,210,0:2:19,1090,339
6429003,207,0:2:21,12,-420,-930
6429003,207,0:2:24,12,-930,0
6429003,207,0:2:29,12,0,-330
6429003,211,0:2:31,1375,243
6429003,207,0:2:31,12,-330,-375
6429003,210,0:2:31,1411,241
6429003,207,0:2:31,12,-375,-450
6429003,207,0:2:32,12,-450,-705
6429003,211,0:2:37,1569,344
6429003,210,0:2:38,1088,174
6429003,207,0:2:40,12,-705,-1035
6429003,211,0:2:40,2057,339
6429003,210,0:2:40,1892,291
6429003,207,0:2:42,12,-1035,-630
6429003,211,0:2:45,1159,460
6429003,213,0:2:45,12,c_friends_G0a0,true
6429003,212,0:3:2,0
6429003,210,0:3:3,334,345
6429003,211,0:3:4,605,217
6429003,213,0:3:4,12,c_job_G0a1N,true
6429003,205,0:3:4,12,c_job_G0a1N,false,false
6429003,210,0:3:9,228,364
6429003,211,0:3:9,590,502
6429003,212,0:3:9,2
6429003,210,0:3:10,628,408
6429003,207,0:3:11,12,0,-360
6429003,211,0:3:12,1087,218
6429003,213,0:3:12,12,c_family_lati_a_G0a1N,true
6429003,205,0:3:12,12,c_family_lati_a_G0a1N,false,false
6429003,210,0:3:34,1077,544
6429003,211,0:3:36,1029,398
6429003,210,0:3:38,713,340
6429003,211,0:3:41,620,369
6429003,210,0:3:41,703,332
6429003,207,0:3:42,12,-360,-315
6429003,211,0:3:43,296,374
6429003,207,0:3:43,12,-315,-270
6429003,210,0:3:43,236,356
6429003,207,0:3:43,12,-270,-180
6429003,211,0:3:45,1033,431
6429003,210,0:3:47,953,408
6429003,207,0:3:48,12,-180,-813
6429003,211,0:3:50,966,413
6429003,212,0:3:52,0
6429003,207,0:3:52,12,-813,-783
6429003,210,0:3:52,906,234
6429003,207,0:3:54,12,-783,-438
6429003,211,0:3:55,659,215
6429003,213,0:3:55,12,c_job_G0a1N,true
6429003,205,0:3:55,12,c_job_G0a1N,false,true
6429003,210,0:4:0,1002,194
6429003,211,0:4:1,1097,199
6429003,210,0:4:2,1141,457
6429003,211,0:4:3,1010,312
6429003,212,0:4:3,2
6429003,210,0:4:4,1039,252
6429003,211,0:4:5,913,322
6429003,213,0:4:5,12,c_player_lati_F_a_G0a1N,true
6429003,212,0:4:8,1
6429003,210,0:4:9,985,444
6429003,211,0:4:10,1144,457
6429003,213,0:4:10,12,c_home_G0a1N,true
6429003,205,0:4:10,12,c_home_G0a1N,false,false
6429003,221,0:4:28,12
6429003,220,0:4:41,12
6429003,210,0:4:48,805,335
6429003,207,0:4:54,12,0,-255
6429003,211,0:4:54,1352,453
6429003,207,0:4:54,12,-255,-345
6429003,210,0:4:55,1440,450
6429003,207,0:4:55,12,-345,-465
6429003,211,0:4:56,1081,453
6429003,213,0:4:56,12,c_friends_G0a1P,true
6429003,210,0:4:59,766,486
6429003,211,0:4:59,709,447
6429003,213,0:4:59,12,c_cousins_F_a_G0a1P,true
6429003,210,0:5:3,749,432
6429003,211,0:5:4,782,463
6429003,213,0:5:4,12,c_cousins_F_a_G0a1P,true
6429003,210,0:5:7,760,388
6429003,211,0:5:7,931,477
6429003,213,0:5:7,12,c_friends_G0a1P,true
6429003,210,0:5:9,1075,379
6429003,211,0:5:11,1230,405
6429003,213,0:5:11,12,c_friends_G0a1P,true
6429003,210,0:5:14,1320,351
6429003,211,0:5:14,1604,343
6429003,207,0:5:14,12,-465,-600
6429003,207,0:5:14,12,-600,-630
6429003,210,0:5:15,1533,375
6429003,211,0:5:15,1337,219
6429003,210,0:5:17,1428,476
6429003,211,0:5:18,1437,525
6429003,213,0:5:18,12,c_friends_G0a1P,true
6429003,210,0:5:20,1476,389
6429003,207,0:5:21,12,-630,-1335
6429003,211,0:5:24,1794,257
6429003,213,0:5:24,12,c_dad_lati_a_G0a1P,true
6429003,205,0:5:24,12,c_dad_lati_a_G0a1P,false,false
6429003,210,0:5:36,1907,482
6429003,211,0:5:39,1887,446
6429003,213,0:5:39,12,c_mom_lati_a_G0a1P,true
6429003,205,0:5:39,12,c_mom_lati_a_G0a1P,false,false
6429003,210,0:5:46,1873,520
6429003,207,0:5:50,12,-1335,-1245
6429003,211,0:5:51,1488,460
6429003,210,0:5:51,1431,301
6429003,211,0:5:53,1495,469
6429003,213,0:5:53,12,c_friends_G0a1P,true
6429003,210,0:5:55,1861,508
6429003,207,0:5:57,12,-1245,-1790
6429003,207,0:6:1,12,-1790,-1205
6429003,207,0:6:2,12,-1205,-875
6429003,207,0:6:4,12,-875,-125
6429003,211,0:6:6,1154,330
6429003,207,0:6:6,12,-125,-155
6429003,207,0:6:6,12,-155,-185
6429003,212,0:6:7,2
6429003,210,0:6:8,813,390
6429003,211,0:6:10,760,385
6429003,213,0:6:10,12,c_cousins_F_a_G0a1P,true
6429003,210,0:6:12,951,395
6429003,211,0:6:12,964,399
6429003,213,0:6:12,12,c_friends_G0a1P,true
6429003,210,0:6:14,1014,399
6429003,211,0:6:14,1279,423
6429003,207,0:6:14,12,-185,-275
6429003,210,0:6:15,1333,283
6429003,207,0:6:15,12,-275,-380
6429003,211,0:6:16,1334,231
6429003,207,0:6:16,12,-380,-380
6429003,207,0:6:17,12,-380,-395
6429003,210,0:6:17,1319,382
6429003,207,0:6:18,12,-395,-620
6429003,211,0:6:19,1389,233
6429003,213,0:6:19,12,c_Teacher_G0a1P,true
6429003,205,0:6:19,12,c_Teacher_G0a1P,false,false
6429003,210,0:6:27,1429,346
6429003,211,0:6:28,1467,495
6429003,213,0:6:28,12,c_friends_G0a1P,true
6429003,210,0:6:30,1056,475
6429003,211,0:6:31,798,393
6429003,213,0:6:31,12,c_cousins_F_a_G0a1P,true
6429003,210,0:6:32,1390,340
6429003,207,0:6:33,12,-620,-770
6429003,211,0:6:34,1621,364
6429003,213,0:6:34,12,c_grandma_lati_a_G0a1P,true
6429003,205,0:6:34,12,c_grandma_lati_a_G0a1P,false,false
6429003,210,0:6:40,1575,325
6429003,207,0:6:41,12,-770,-1025
6429003,211,0:6:42,1844,520
6429003,213,0:6:42,12,c_kidsister_lati_a_G0a1P,true
6429003,205,0:6:42,12,c_kidsister_lati_a_G0a1P,false,false
6429003,210,0:6:50,1647,474
6429003,211,0:6:52,1641,413
6429003,213,0:6:52,12,c_grandma_lati_a_G0a1P,true
6429003,205,0:6:52,12,c_grandma_lati_a_G0a1P,false,true
6429003,210,0:6:55,1437,340
6429003,207,0:7:2,12,-1025,-185
6429003,211,0:7:4,1309,467
6429003,207,0:7:4,12,-185,-305
6429003,212,0:7:5,1
6429003,210,0:7:6,1255,354
6429003,207,0:7:6,12,-305,-410
6429003,211,0:7:8,1628,412
6429003,207,0:7:8,12,-410,-620
6429003,210,0:7:9,1718,411
6429003,207,0:7:9,12,-620,-830
6429003,211,0:7:10,2030,421
6429003,207,0:7:10,12,-830,-1025
6429003,207,0:7:10,12,-1025,-1085
6429003,210,0:7:10,2012,446
6429003,211,0:7:15,847,200
6429003,207,0:7:15,12,-1085,-830
6429003,207,0:7:16,12,-830,-785
6429003,210,0:7:16,882,233
6429003,207,0:7:17,12,-785,-515
6429003,207,0:7:18,12,-515,-470
6429003,211,0:7:20,924,469
6429003,213,0:7:20,12,c_friends_G0a1P,true
6429003,212,0:7:22,2
6429003,210,0:7:25,751,421
6429003,211,0:7:26,790,468
6429003,213,0:7:26,12,c_cousins_F_a_G0a1P,true
6429003,210,0:7:29,1036,457
6429003,211,0:7:29,1076,472
6429003,213,0:7:29,12,c_friends_G0a1P,true
6429003,210,0:7:31,1244,437
6429003,211,0:7:31,1311,461
6429003,213,0:7:31,12,c_friends_G0a1P,true
6429003,210,0:7:34,1299,434
6429003,207,0:7:35,12,-470,-740
6429003,211,0:7:37,1911,349
6429003,207,0:7:37,12,-740,-905
6429003,210,0:7:37,1978,353
6429003,207,0:7:37,12,-905,-1040
6429003,207,0:7:39,12,-1040,-1250
6429003,207,0:7:40,12,-1250,-1685
6429003,207,0:7:43,12,-1685,-1085
6429003,207,0:7:45,12,-1085,-590
6429003,207,0:7:48,12,-590,-65
6429003,207,0:7:50,12,-65,-470
6429003,211,0:7:53,1337,559
6429003,213,0:7:53,12,c_friends_G0a1P,true
6429003,212,0:7:55,1
6429003,210,0:7:56,1352,520
6429003,211,0:7:57,1349,538
6429003,213,0:7:57,12,c_friends_G0a1P,true
6429003,213,0:7:58,12,c_friends_G0a1P,true
6429003,210,0:8:0,1288,383
6429003,207,0:8:2,12,-470,-905
6429003,207,0:8:4,12,-905,-1115
6429003,211,0:8:5,1869,367
6429003,213,0:8:5,12,c_mom_lati_a_G0a1P,true
6429003,205,0:8:5,12,c_mom_lati_a_G0a1P,false,true
6429003,210,0:8:12,1642,309
6429003,211,0:8:12,1720,418
6429003,213,0:8:12,12,c_dad_lati_a_G0a1P,true
6429003,205,0:8:12,12,c_dad_lati_a_G0a1P,false,true
6429003,210,0:8:16,1387,213
6429003,211,0:8:17,1286,209
6429003,210,0:8:17,1318,196
6429003,211,0:8:18,1412,233
6429003,212,0:8:19,2
6429003,210,0:8:20,1283,234
6429003,211,0:8:21,1267,228
6429003,210,0:8:22,1277,163
6429003,211,0:8:28,1854,590
6429003,213,0:8:28,12,c_kidsister_lati_a_G0a1P,true
6429003,205,0:8:28,12,c_kidsister_lati_a_G0a1P,false,true
6429003,212,0:8:36,0
6429003,207,0:8:37,12,-1115,-1070
6429003,210,0:8:37,1153,467
6429003,211,0:8:44,1286,252
6429003,213,0:8:44,12,c_Nurse_G0a1P,true
6429003,205,0:8:44,12,c_Nurse_G0a1P,false,false
6429003,221,0:9:10,12
6429003,300,0:9:23
6429003,220,0:9:23,12
6429003,302,0:9:37,0,1,0,20
6429003,302,0:9:38,0,1,0,17
6429003,302,0:9:39,0,1,0,14
6429003,302,0:9:39,0,1,0,11
6429003,302,0:9:39,0,1,0,5
6429003,302,0:9:42,0,1,0,8
6429003,302,0:9:44,0,1,0,20
6429003,303,0:9:48,0,1,0,20
6429003,304,0:9:50,0,1,0,-1,,20,funny
6429003,302,0:9:54,0,1,1,5
6429003,302,0:9:56,0,1,1,8
6429003,302,0:9:57,0,1,1,11
6429003,302,0:9:58,0,1,1,7
6429003,303,0:10:1,0,1,1,7
6429003,304,0:10:2,0,1,1,-1,,7,cool
6429003,302,0:10:11,0,3,0,0
6429003,306,0:10:12,0,0,1
6429003,304,0:10:12,0,3,0,-1,,0,
6429003,302,0:10:24,0,0,0,1
6429003,304,0:10:25,0,0,0,-1,,1,
6429003,302,0:10:28,0,2,0,5
6429003,303,0:10:31,0,2,0,5
6429003,306,0:10:38,0,1,2
6429003,304,0:10:38,0,2,0,-1,,5,i love animals
6429003,302,0:10:42,0,2,2,8
6429003,302,0:10:42,0,2,2,11
6429003,302,0:10:47,0,2,2,8
6429003,302,0:10:49,0,2,2,5
6429003,302,0:10:49,0,2,2,0
6429003,303,0:10:51,0,2,2,0
6429003,304,0:11:9,0,2,2,-1,,0,i love family
6429003,302,0:11:13,0,2,1,5
6429003,302,0:11:16,0,2,1,14
6429003,302,0:11:17,0,2,1,10
6429003,303,0:11:19,0,2,1,10
6429003,306,0:11:26,0,2,3
6429003,304,0:11:26,0,2,1,-1,,10,i love games
6429003,221,0:11:37,12
6429003,220,0:11:40,12
6429003,203,0:11:40,12
6429003,100,0:11:54,0
6429003,102,0:12:1,0
6429003,200,0:12:1,0,0,0,0,0,6
6429003,219,0:12:1,0
6429003,216,0:12:3,Stack_G7a0
6429003,217,0:12:39,Stack_G7a0,30,1.4
6429003,218,0:12:43,0
6429003,210,0:12:45,873,377
6429003,211,0:12:46,839,405
6429003,213,0:12:46,0,c_teacherEng_G7a0,false
6429003,210,0:12:53,902,391
6429003,207,0:12:56,0,-200,-290
6429003,211,0:12:57,1078,577
6429003,213,0:12:57,0,s_vocabAssignment_G7a0,true
6429003,210,0:13:1,1211,507
6429003,207,0:13:2,0,-290,-500
6429003,211,0:13:4,1241,396
6429003,213,0:13:4,0,s_doorClassroom_G7a0,true
6429003,210,0:13:6,1475,489
6429003,207,0:13:6,0,-500,-518.45
6429003,211,0:13:7,1454,562
6429003,213,0:13:7,0,c_friend1_F_a_G7a0,true
6429003,210,0:13:15,1145,485
6429003,211,0:13:22,1136,549
6429003,221,0:13:23,0
6429003,220,0:13:25,0
6429003,210,0:13:27,817,116
6429003,211,0:13:28,877,133
6429003,213,0:13:28,0,s_poePoster_gen,true
6429003,210,0:13:31,1051,142
6429003,207,0:13:35,0,-518.45,-218.45
6429003,207,0:13:36,0,-218.45,0
6429003,211,0:13:37,211,483
6429003,213,0:13:37,0,c_crewKid1_F_G7a0,true
6429003,210,0:13:44,124,481
6429003,211,0:13:47,686,575
6429003,213,0:13:47,0,s_otherStudent1_G7a0,true
6429003,212,0:13:51,1
6429003,210,0:13:54,383,525
6429003,211,0:13:55,228,489
6429003,213,0:13:55,0,c_crewKid1_F_G7a0,true
6429003,210,0:13:57,819,377
6429003,207,0:13:59,0,0,-495
6429003,207,0:14:0,0,-495,-518.45
6429003,211,0:14:2,667,578
6429003,213,0:14:2,0,s_otherStudent1_G7a0,true
6429003,212,0:14:5,0
6429003,210,0:14:6,947,364
6429003,211,0:14:9,1084,602
6429003,213,0:14:9,0,s_vocabAssignment_G7a0,true
6429003,210,0:14:11,771,602
6429003,211,0:14:12,677,606
6429003,213,0:14:12,0,s_otherStudent1_G7a0,true
6429003,210,0:14:14,681,523
6429003,207,0:14:14,0,-518.45,-413.45
6429003,207,0:14:16,0,-413.45,-158.45
6429003,207,0:14:18,0,-158.45,0
6429003,211,0:14:19,569,577
6429003,221,0:14:20,0
6429003,300,0:14:20
6429003,220,0:14:20,0
6429003,210,0:14:26,825,352
6429003,211,0:14:27,867,424
6429003,212,0:14:28,2
6429003,210,0:14:28,800,394
6429003,211,0:14:31,670,579
6429003,213,0:14:31,0,s_otherStudent1_G7a0,true
6429003,212,0:14:35,1
6429003,210,0:14:36,682,554
6429003,211,0:14:36,677,597
6429003,213,0:14:36,0,s_otherStudent1_G7a0,true
6429003,210,0:14:38,824,424
6429003,211,0:14:39,1081,573
6429003,213,0:14:39,0,s_vocabAssignment_G7a0,true
6429003,210,0:14:41,594,310
6429003,207,0:14:42,0,-200,-50
6429003,211,0:14:43,260,131
6429003,213,0:14:43,0,s_flag_gen,false
6429003,1003,0:15:3,1
6429003,1004,0:15:4,0
6429003,800,0:15:8,0,[]
6429003,801,0:15:9,0,[]
6429003,814,0:15:12,0,[5]
6429003,815,0:15:12,0,5,OpportunityCardData_id:32
6429003,815,0:15:14,0,5,OpportunityCardData_id:33
6429003,815,0:15:14,0,5,OpportunityCardData_id:32
6429003,816,0:15:16,0,5,OpportunityCardData_id:32
6429003,805,0:15:20,0,[OpportunityCardData_id:32]
6429003,806,0:15:23,0,[OpportunityCardData_id:32,PriorityData_type:0]
6429003,806,0:15:26,0,[OpportunityCardData_id:32,PriorityData_type:1]
6429003,806,0:15:27,0,[OpportunityCardData_id:32,PriorityData_type:3]
6429003,806,0:15:27,0,[OpportunityCardData_id:32,PriorityData_type:4]
6429003,806,0:15:28,0,[OpportunityCardData_id:32,PriorityData_type:3]
6429003,807,0:15:40,0,[OpportunityCardData_id:32]
6429003,808,0:15:44,0,[OpportunityCardData_id:32]
6429003,809,0:15:55,0,[OpportunityCardData_id:32,Safe,false]
6429003,810,0:15:56,0,[OpportunityCardData_id:32,PriorityData_type:5,20,Safe,Safe]
6429003,814,0:16:1,0,[4]
6429003,815,0:16:1,0,4,OpportunityCardData_id:22
6429003,815,0:16:3,0,4,OpportunityCardData_id:26
6429003,815,0:16:4,0,4,OpportunityCardData_id:22
6429003,816,0:16:5,0,4,OpportunityCardData_id:22
6429003,805,0:16:6,0,[OpportunityCardData_id:22]
6429003,806,0:16:7,0,[OpportunityCardData_id:22,PriorityData_type:0]
6429003,806,0:16:10,0,[OpportunityCardData_id:22,PriorityData_type:5]
6429003,806,0:16:11,0,[OpportunityCardData_id:22,PriorityData_type:3]
6429003,807,0:16:13,0,[OpportunityCardData_id:22]
6429003,808,0:16:15,0,[OpportunityCardData_id:22]
6429003,809,0:16:19,0,[OpportunityCardData_id:22,Safe,false]
6429003,810,0:16:20,0,[OpportunityCardData_id:22,PriorityData_type:4,15,Safe,Safe]
6429003,814,0:16:25,0,[2]
6429003,815,0:16:25,0,2,OpportunityCardData_id:13
6429003,815,0:16:27,0,2,OpportunityCardData_id:14
6429003,815,0:16:28,0,2,OpportunityCardData_id:15
6429003,815,0:16:30,0,2,OpportunityCardData_id:16
6429003,815,0:16:31,0,2,OpportunityCardData_id:15
6429003,815,0:16:32,0,2,OpportunityCardData_id:14
6429003,816,0:16:35,0,2,OpportunityCardData_id:14
6429003,805,0:16:36,0,[OpportunityCardData_id:14]
6429003,806,0:16:40,0,[OpportunityCardData_id:14,PriorityData_type:4]
6429003,807,0:16:41,0,[OpportunityCardData_id:14]
6429003,808,0:16:42,0,[OpportunityCardData_id:14]
6429003,809,0:16:47,0,[OpportunityCardData_id:14,PriorityData_type:3,false]
6429003,810,0:16:49,0,[OpportunityCardData_id:14,PriorityData_type:2,15,PriorityData_type:3,10]
6429003,814,0:16:56,0,[1]
6429003,815,0:16:56,0,1,OpportunityCardData_id:7
6429003,815,0:16:57,0,1,OpportunityCardData_id:8
6429003,815,0:16:59,0,1,OpportunityCardData_id:7
6429003,815,0:17:2,0,1,OpportunityCardData_id:12
6429003,816,0:17:5,0,1,OpportunityCardData_id:12
6429003,805,0:17:6,0,[OpportunityCardData_id:12]
6429003,806,0:17:7,0,[OpportunityCardData_id:12,PriorityData_type:0]
6429003,806,0:17:7,0,[OpportunityCardData_id:12,PriorityData_type:3]
6429003,806,0:17:8,0,[OpportunityCardData_id:12,PriorityData_type:2]
6429003,807,0:17:8,0,[OpportunityCardData_id:12]
6429003,808,0:17:10,0,[OpportunityCardData_id:12]
6429003,809,0:17:14,0,[OpportunityCardData_id:12,PriorityData_type:3,false]
6429003,810,0:17:16,0,[OpportunityCardData_id:12,PriorityData_type:1,15,PriorityData_type:3,15]
6429003,814,0:17:29,0,[1]
6429003,815,0:17:29,0,1,OpportunityCardData_id:7
6429003,815,0:17:30,0,1,OpportunityCardData_id:11
6429003,815,0:17:32,0,1,OpportunityCardData_id:10
6429003,815,0:17:35,0,1,OpportunityCardData_id:9
6429003,815,0:17:35,0,1,OpportunityCardData_id:8
6429003,815,0:17:36,0,1,OpportunityCardData_id:9
6429003,815,0:17:38,0,1,OpportunityCardData_id:8
6429003,815,0:17:39,0,1,OpportunityCardData_id:7
6429003,815,0:17:40,0,1,OpportunityCardData_id:8
6429003,815,0:17:41,0,1,OpportunityCardData_id:9
6429003,816,0:17:43,0,1,OpportunityCardData_id:9
6429003,805,0:17:44,0,[OpportunityCardData_id:9]
6429003,806,0:17:50,0,[OpportunityCardData_id:9,PriorityData_type:4]
6429003,807,0:17:52,0,[OpportunityCardData_id:9]
6429003,808,0:17:54,0,[OpportunityCardData_id:9]
6429003,809,0:17:59,0,[OpportunityCardData_id:9,Safe,false]
6429003,810,0:17:59,0,[OpportunityCardData_id:9,PriorityData_type:1,5,Safe,Safe]
6429003,814,0:18:16,0,[3]
6429003,815,0:18:16,0,3,OpportunityCardData_id:19
6429003,815,0:18:19,0,3,OpportunityCardData_id:20
6429003,815,0:18:21,0,3,OpportunityCardData_id:21
6429003,815,0:18:24,0,3,OpportunityCardData_id:23
6429003,815,0:18:27,0,3,OpportunityCardData_id:24
6429003,815,0:18:31,0,3,OpportunityCardData_id:25
6429003,815,0:18:33,0,3,OpportunityCardData_id:19
6429003,815,0:18:35,0,3,OpportunityCardData_id:20
6429003,815,0:18:37,0,3,OpportunityCardData_id:21
6429003,817,0:18:38,0,3
6429003,814,0:18:39,0,[2]
6429003,815,0:18:39,0,2,OpportunityCardData_id:13
6429003,815,0:18:40,0,2,OpportunityCardData_id:15
6429003,815,0:18:41,0,2,OpportunityCardData_id:16
6429003,815,0:18:42,0,2,OpportunityCardData_id:17
6429003,815,0:18:42,0,2,OpportunityCardData_id:18
6429003,815,0:18:44,0,2,OpportunityCardData_id:17
6429003,815,0:18:46,0,2,OpportunityCardData_id:16
6429003,815,0:18:48,0,2,OpportunityCardData_id:15
6429003,815,0:18:52,0,2,OpportunityCardData_id:13
6429003,816,0:18:54,0,2,OpportunityCardData_id:13
6429003,804,0:19:0,0,[OpportunityCardData_id:13]
6429003,814,0:19:1,0,[3]
6429003,815,0:19:1,0,3,OpportunityCardData_id:19
6429003,815,0:19:2,0,3,OpportunityCardData_id:20
6429003,815,0:19:3,0,3,OpportunityCardData_id:21
6429003,816,0:19:5,0,3,OpportunityCardData_id:21
6429003,805,0:19:6,0,[OpportunityCardData_id:21]
6429003,806,0:19:8,0,[OpportunityCardData_id:21,PriorityData_type:4]
6429003,807,0:19:9,0,[OpportunityCardData_id:21]
6429003,808,0:19:11,0,[OpportunityCardData_id:21]
6429003,809,0:19:15,0,[OpportunityCardData_id:21,PriorityData_type:2,false]
6429003,810,0:19:16,0,[OpportunityCardData_id:21,PriorityData_type:3,20,PriorityData_type:2,20]
6429003,814,0:19:25,0,[4]
6429003,815,0:19:25,0,4,OpportunityCardData_id:26
6429003,815,0:19:26,0,4,OpportunityCardData_id:27
6429003,815,0:19:28,0,4,OpportunityCardData_id:28
6429003,815,0:19:30,0,4,OpportunityCardData_id:29
6429003,815,0:19:32,0,4,OpportunityCardData_id:30
6429003,815,0:19:36,0,4,OpportunityCardData_id:31
6429003,815,0:19:37,0,4,OpportunityCardData_id:26
6429003,815,0:19:40,0,4,OpportunityCardData_id:27
6429003,815,0:19:43,0,4,OpportunityCardData_id:28
6429003,817,0:19:50,0,4
6429003,814,0:19:53,0,[4]
6429003,815,0:19:53,0,4,OpportunityCardData_id:26
6429003,815,0:19:55,0,4,OpportunityCardData_id:27
6429003,816,0:19:56,0,4,OpportunityCardData_id:27
6429003,805,0:19:57,0,[OpportunityCardData_id:27]
6429003,806,0:20:0,0,[OpportunityCardData_id:27,PriorityData_type:3]
6429003,807,0:20:0,0,[OpportunityCardData_id:27]
6429003,808,0:20:2,0,[OpportunityCardData_id:27]
6429003,809,0:20:7,0,[OpportunityCardData_id:27,Safe,false]
6429003,810,0:20:8,0,[OpportunityCardData_id:27,PriorityData_type:4,15,Safe,Safe]
6429003,811,0:20:19,0,[OpportunityCardData_id:27,PriorityData_type:2,80,65,PriorityData_type:4,70,75]
6429003,1005,0:20:19,0,[1,0,2]
6429003,1001,0:20:21,0,[]
6429003,1003,0:20:21,1
6429003,210,0:20:26,714,564
6429003,211,0:20:30,922,510
6429003,212,0:20:31,2
6429003,210,0:20:31,831,357
6429003,211,0:20:32,835,376
6429003,213,0:20:32,0,c_teacherEng_G7a0,false
6429003,1003,0:20:36,2
6429003,1004,0:20:37,0
6429003,900,0:20:38,0,[]
6429003,901,0:20:42,0,[PeopleData_id:4]
6429003,904,0:20:42,0,[PeopleData_id:4]
6429003,901,0:20:45,0,[PeopleData_id:0]
6429003,904,0:20:45,0,[PeopleData_id:0]
6429003,905,0:20:46,0,[PeopleData_id:0,RankTypes_id:-1,RankTypes_id:4]
6429003,901,0:20:48,0,[PeopleData_id:4]
6429003,904,0:20:48,0,[PeopleData_id:4]
6429003,905,0:21:3,0,[PeopleData_id:4,RankTypes_id:-1,RankTypes_id:3]
6429003,901,0:21:3,0,[PeopleData_id:0]
6429003,904,0:21:3,0,[PeopleData_id:0]
6429003,905,0:21:4,0,[PeopleData_id:0,RankTypes_id:4,RankTypes_id:3]
6429003,901,0:21:5,0,[PeopleData_id:2]
6429003,904,0:21:5,0,[PeopleData_id:2]
6429003,905,0:21:6,0,[PeopleData_id:2,RankTypes_id:-1,RankTypes_id:3]
6429003,901,0:21:6,0,[PeopleData_id:3]
6429003,904,0:21:6,0,[PeopleData_id:3]
6429003,905,0:21:7,0,[PeopleData_id:3,RankTypes_id:-1,RankTypes_id:3]
6429003,901,0:21:7,0,[PeopleData_id:1]
6429003,904,0:21:7,0,[PeopleData_id:1]
6429003,905,0:21:10,0,[PeopleData_id:1,RankTypes_id:-1,RankTypes_id:3]
6429003,906,0:21:10,0,[]
6429003,902,0:21:13,0,[PeopleData_id:1,PeopleData_data3Type]
6429003,903,0:21:16,0,[PeopleData_id1,PeopleData_data3Type]
6429003,902,0:21:17,0,[PeopleData_id:1,PeopleData_data2Type]
6429003,903,0:21:19,0,[PeopleData_id1,PeopleData_data2Type]
6429003,902,0:21:20,0,[PeopleData_id:1,PeopleData_data1Type]
6429003,903,0:21:22,0,[PeopleData_id1,PeopleData_data1Type]
6429003,902,0:21:23,0,[PeopleData_id:1,PeopleData_data0Type]
6429003,903,0:21:28,0,[PeopleData_id1,PeopleData_data0Type]
6429003,907,0:21:29,0,[]
6429003,908,0:21:29,0,[InvitationData_id:10,PeopleData_id:2,RankTypes_id:3]
6429003,901,0:21:32,0,[PeopleData_id:4]
6429003,909,0:21:45,0,[InvitationData_id:10,PeopleData_id:2,RankTypes_id:3,1]
6429003,910,0:21:46,0,[InvitationData_id:10,0,true]
6429003,908,0:21:46,0,[InvitationData_id:6,PeopleData_id:0,RankTypes_id:3]
6429003,909,0:21:52,0,[InvitationData_id:6,PeopleData_id:0,RankTypes_id:3,1]
6429003,910,0:21:54,0,[InvitationData_id:6,7,false]
6429003,908,0:21:54,0,[InvitationData_id:8,PeopleData_id:0,RankTypes_id:3]
6429003,909,0:21:56,0,[InvitationData_id:8,PeopleData_id:0,RankTypes_id:3,1]
6429003,910,0:21:57,0,[InvitationData_id:8,7,false]
6429003,908,0:21:57,0,[InvitationData_id:4,PeopleData_id:1,RankTypes_id:3]
6429003,909,0:22:2,0,[InvitationData_id:4,PeopleData_id:1,RankTypes_id:3,0]
6429003,910,0:22:4,0,[InvitationData_id:4,-7,false]
6429003,908,0:22:4,0,[InvitationData_id:3,PeopleData_id:3,RankTypes_id:3]
6429003,909,0:22:13,0,[InvitationData_id:3,PeopleData_id:3,RankTypes_id:3,1]
6429003,910,0:22:14,0,[InvitationData_id:3,7,false]
6429003,908,0:22:14,0,[InvitationData_id:2,PeopleData_id:2,RankTypes_id:3]
6429003,909,0:22:17,0,[InvitationData_id:2,PeopleData_id:2,RankTypes_id:3,0]
6429003,910,0:22:18,0,[InvitationData_id:2,-7,false]
6429003,908,0:22:18,0,[InvitationData_id:1,PeopleData_id:0,RankTypes_id:3]
6429003,909,0:22:22,0,[InvitationData_id:1,PeopleData_id:0,RankTypes_id:3,1]
6429003,910,0:22:24,0,[InvitationData_id:1,7,false]
6429003,908,0:22:24,0,[InvitationData_id:5,PeopleData_id:1,RankTypes_id:3]
6429003,909,0:22:30,0,[InvitationData_id:5,PeopleData_id:1,RankTypes_id:3,0]
6429003,910,0:22:32,0,[InvitationData_id:5,-7,false]
6429003,908,0:22:32,0,[InvitationData_id:0,PeopleData_id:0,RankTypes_id:3]
6429003,909,0:22:36,0,[InvitationData_id:0,PeopleData_id:0,RankTypes_id:3,1]
6429003,910,0:22:37,0,[InvitationData_id:0,7,false]
6429003,908,0:22:37,0,[InvitationData_id:9,PeopleData_id:1,RankTypes_id:3]
6429003,909,0:22:42,0,[InvitationData_id:9,PeopleData_id:1,RankTypes_id:3,0]
6429003,910,0:22:46,0,[InvitationData_id:9,-7,false]
6429003,908,0:22:46,0,[InvitationData_id:7,PeopleData_id:1,RankTypes_id:3]
6429003,909,0:22:50,0,[InvitationData_id:7,PeopleData_id:1,RankTypes_id:3,0]
6429003,910,0:22:57,0,[InvitationData_id:7,-7,false]
6429003,911,0:23:1,0,[0,1,0,1]
6429003,1005,0:23:1,0,[2,0,1]
6429003,1000,0:23:2,0,[]
6429003,900,0:23:3,0,[]
6429003,901,0:23:4,0,[PeopleData_id:4]
6429003,904,0:23:4,0,[PeopleData_id:4]
6429003,905,0:23:5,0,[PeopleData_id:4,RankTypes_id:-1,RankTypes_id:3]
6429003,901,0:23:6,0,[PeopleData_id:3]
6429003,904,0:23:6,0,[PeopleData_id:3]
6429003,905,0:23:6,0,[PeopleData_id:3,RankTypes_id:-1,RankTypes_id:3]
6429003,901,0:23:7,0,[PeopleData_id:2]
6429003,904,0:23:7,0,[PeopleData_id:2]
6429003,905,0:23:8,0,[PeopleData_id:2,RankTypes_id:-1,RankTypes_id:3]
6429003,901,0:23:8,0,[PeopleData_id:0]
6429003,904,0:23:8,0,[PeopleData_id:0]
6429003,905,0:23:9,0,[PeopleData_id:0,RankTypes_id:-1,RankTypes_id:3]
6429003,901,0:23:10,0,[PeopleData_id:1]
6429003,904,0:23:10,0,[PeopleData_id:1]
6429003,905,0:23:12,0,[PeopleData_id:1,RankTypes_id:-1,RankTypes_id:3]
6429003,906,0:23:12,0,[]
6429003,907,0:23:13,0,[]
6429003,908,0:23:13,0,[InvitationData_id:3,PeopleData_id:3,RankTypes_id:3]
6429003,909,0:23:16,0,[InvitationData_id:3,PeopleData_id:3,RankTypes_id:3,1]
6429003,910,0:23:17,0,[InvitationData_id:3,7,false]
6429003,908,0:23:17,0,[InvitationData_id:6,PeopleData_id:0,RankTypes_id:3]
6429003,909,0:23:19,0,[InvitationData_id:6,PeopleData_id:0,RankTypes_id:3,1]
6429003,910,0:23:20,0,[InvitationData_id:6,7,false]
6429003,908,0:23:20,0,[InvitationData_id:7,PeopleData_id:1,RankTypes_id:3]
6429003,909,0:23:23,0,[InvitationData_id:7,PeopleData_id:1,RankTypes_id:3,0]
6429003,910,0:23:25,0,[InvitationData_id:7,-7,false]
6429003,908,0:23:25,0,[InvitationData_id:1,PeopleData_id:0,RankTypes_id:3]
6429003,909,0:23:33,0,[InvitationData_id:1,PeopleData_id:0,RankTypes_id:3,1]
6429003,910,0:23:34,0,[InvitationData_id:1,7,false]
6429003,908,0:23:34,0,[InvitationData_id:0,PeopleData_id:0,RankTypes_id:3]
6429003,909,0:23:36,0,[InvitationData_id:0,PeopleData_id:0,RankTypes_id:3,1]
6429003,910,0:23:37,0,[InvitationData_id:0,7,false]
6429003,908,0:23:37,0,[InvitationData_id:10,PeopleData_id:2,RankTypes_id:3]
6429003,909,0:23:40,0,[InvitationData_id:10,PeopleData_id:2,RankTypes_id:3,0]
6429003,910,0:23:41,0,[InvitationData_id:10,-7,false]
6429003,908,0:23:41,0,[InvitationData_id:9,PeopleData_id:1,RankTypes_id:3]
6429003,909,0:23:44,0,[InvitationData_id:9,PeopleData_id:1,RankTypes_id:3,0]
6429003,910,0:23:45,0,[InvitationData_id:9,-7,false]
6429003,908,0:23:45,0,[InvitationData_id:4,PeopleData_id:1,RankTypes_id:3]
6429003,909,0:23:47,0,[InvitationData_id:4,PeopleData_id:1,RankTypes_id:3,0]
6429003,910,0:23:53,0,[InvitationData_id:4,-7,false]
6429003,908,0:23:53,0,[InvitationData_id:2,PeopleData_id:2,RankTypes_id:3]
6429003,909,0:23:57,0,[InvitationData_id:2,PeopleData_id:2,RankTypes_id:3,0]
6429003,910,0:23:58,0,[InvitationData_id:2,-7,false]
6429003,908,0:23:58,0,[InvitationData_id:5,PeopleData_id:1,RankTypes_id:3]
6429003,909,0:24:2,0,[InvitationData_id:5,PeopleData_id:1,RankTypes_id:3,0]
6429003,910,0:24:6,0,[InvitationData_id:5,-7,false]
6429003,908,0:24:6,0,[InvitationData_id:8,PeopleData_id:0,RankTypes_id:3]
6429003,909,0:24:11,0,[InvitationData_id:8,PeopleData_id:0,RankTypes_id:3,1]
6429003,910,0:24:11,0,[InvitationData_id:8,7,false]
6429003,911,0:24:25,0,[-7,0,0,0]
6429003,1000,0:24:26,0,[]
6429003,900,0:24:27,0,[]
6429003,901,0:24:28,0,[PeopleData_id:0]
6429003,904,0:24:28,0,[PeopleData_id:0]
6429003,905,0:24:32,0,[PeopleData_id:0,RankTypes_id:-1,RankTypes_id:4]
6429003,901,0:24:33,0,[PeopleData_id:2]
6429003,904,0:24:33,0,[PeopleData_id:2]
6429003,905,0:24:33,0,[PeopleData_id:2,RankTypes_id:-1,RankTypes_id:3]
6429003,901,0:24:34,0,[PeopleData_id:3]
6429003,904,0:24:34,0,[PeopleData_id:3]
6429003,905,0:24:39,0,[PeopleData_id:3,RankTypes_id:-1,RankTypes_id:3]
6429003,901,0:24:40,0,[PeopleData_id:4]
6429003,904,0:24:40,0,[PeopleData_id:4]
6429003,905,0:24:43,0,[PeopleData_id:4,RankTypes_id:-1,RankTypes_id:3]
6429003,901,0:24:43,0,[PeopleData_id:2]
6429003,904,0:24:43,0,[PeopleData_id:2]
6429003,905,0:24:44,0,[PeopleData_id:2,RankTypes_id:3,RankTypes_id:4]
6429003,901,0:24:44,0,[PeopleData_id:1]
6429003,904,0:24:44,0,[PeopleData_id:1]
6429003,905,0:24:45,0,[PeopleData_id:1,RankTypes_id:-1,RankTypes_id:3]
6429003,906,0:24:45,0,[]
6429003,902,0:24:51,0,[PeopleData_id:1,PeopleData_data1Type]
6429003,903,0:24:53,0,[PeopleData_id1,PeopleData_data1Type]
6429003,902,0:24:54,0,[PeopleData_id:1,PeopleData_data1Type]
6429003,903,0:24:55,0,[PeopleData_id1,PeopleData_data1Type]
6429003,902,0:24:55,0,[PeopleData_id:1,PeopleData_data2Type]
6429003,903,0:24:58,0,[PeopleData_id1,PeopleData_data2Type]
6429003,902,0:24:59,0,[PeopleData_id:1,PeopleData_data1Type]
6429003,903,0:25:0,0,[PeopleData_id1,PeopleData_data1Type]
6429003,902,0:25:1,0,[PeopleData_id:1,PeopleData_data2Type]
6429003,903,0:25:4,0,[PeopleData_id1,PeopleData_data2Type]
6429003,902,0:25:5,0,[PeopleData_id:1,PeopleData_data3Type]
6429003,903,0:25:7,0,[PeopleData_id1,PeopleData_data3Type]
6429003,901,0:25:9,0,[PeopleData_id:3]
6429003,905,0:25:9,0,[PeopleData_id:3,RankTypes_id:3,RankTypes_id:3]
6429003,902,0:25:10,0,[PeopleData_id:3,PeopleData_data2Type]
6429003,903,0:25:12,0,[PeopleData_id3,PeopleData_data2Type]
6429003,902,0:25:13,0,[PeopleData_id:3,PeopleData_data1Type]
6429003,903,0:25:15,0,[PeopleData_id3,PeopleData_data1Type]
6429003,902,0:25:16,0,[PeopleData_id:3,PeopleData_data0Type]
6429003,903,0:25:18,0,[PeopleData_id3,PeopleData_data0Type]
6429003,902,0:25:21,0,[PeopleData_id:3,PeopleData_data2Type]
6429003,903,0:25:22,0,[PeopleData_id3,PeopleData_data2Type]
6429003,902,0:25:23,0,[PeopleData_id:3,PeopleData_data1Type]
6429003,903,0:25:26,0,[PeopleData_id3,PeopleData_data1Type]
6429003,901,0:25:27,0,[PeopleData_id:3]
6429003,904,0:25:27,0,[PeopleData_id:3]
6429003,905,0:25:29,0,[PeopleData_id:3,RankTypes_id:3,RankTypes_id:3]
6429003,901,0:25:29,0,[PeopleData_id:2]
6429003,905,0:25:29,0,[PeopleData_id:2,RankTypes_id:4,RankTypes_id:4]
6429003,902,0:25:30,0,[PeopleData_id:2,PeopleData_data2Type]
6429003,903,0:25:33,0,[PeopleData_id2,PeopleData_data2Type]
6429003,901,0:25:33,0,[PeopleData_id:2]
6429003,904,0:25:34,0,[PeopleData_id:2]
6429003,905,0:25:34,0,[PeopleData_id:2,RankTypes_id:4,RankTypes_id:3]
6429003,901,0:25:35,0,[PeopleData_id:4]
6429003,904,0:25:35,0,[PeopleData_id:4]
6429003,905,0:25:35,0,[PeopleData_id:4,RankTypes_id:3,RankTypes_id:3]
6429003,901,0:25:35,0,[PeopleData_id:3]
6429003,904,0:25:35,0,[PeopleData_id:3]
6429003,905,0:25:36,0,[PeopleData_id:3,RankTypes_id:3,RankTypes_id:4]
6429003,901,0:25:36,0,[PeopleData_id:3]
6429003,905,0:25:36,0,[PeopleData_id:3,RankTypes_id:4,RankTypes_id:4]
6429003,902,0:25:36,0,[PeopleData_id:3,PeopleData_data2Type]
6429003,902,0:25:38,0,[PeopleData_id:3,PeopleData_data1Type]
6429003,903,0:25:41,0,[PeopleData_id3,PeopleData_data1Type]
6429003,901,0:25:42,0,[PeopleData_id:4]
6429003,905,0:25:42,0,[PeopleData_id:4,RankTypes_id:3,RankTypes_id:3]
6429003,902,0:25:43,0,[PeopleData_id:4,PeopleData_data1Type]
6429003,903,0:25:45,0,[PeopleData_id4,PeopleData_data1Type]
6429003,902,0:25:46,0,[PeopleData_id:4,PeopleData_data2Type]
6429003,903,0:25:47,0,[PeopleData_id4,PeopleData_data2Type]
6429003,902,0:25:48,0,[PeopleData_id:4,PeopleData_data3Type]
6429003,903,0:25:50,0,[PeopleData_id4,PeopleData_data3Type]
6429003,902,0:25:51,0,[PeopleData_id:4,PeopleData_data0Type]
6429003,903,0:25:52,0,[PeopleData_id4,PeopleData_data0Type]
6429003,901,0:25:53,0,[PeopleData_id:2]
6429003,904,0:25:53,0,[PeopleData_id:2]
6429003,905,0:25:53,0,[PeopleData_id:2,RankTypes_id:3,RankTypes_id:3]
6429003,902,0:25:54,0,[PeopleData_id:2,PeopleData_data3Type]
6429003,903,0:25:55,0,[PeopleData_id2,PeopleData_data3Type]
6429003,902,0:25:56,0,[PeopleData_id:2,PeopleData_data2Type]
6429003,903,0:25:57,0,[PeopleData_id2,PeopleData_data2Type]
6429003,902,0:25:57,0,[PeopleData_id:2,PeopleData_data1Type]
6429003,903,0:25:58,0,[PeopleData_id2,PeopleData_data1Type]
6429003,902,0:25:59,0,[PeopleData_id:2,PeopleData_data0Type]
6429003,903,0:26:3,0,[PeopleData_id2,PeopleData_data0Type]
6429003,902,0:26:3,0,[PeopleData_id:2,PeopleData_data1Type]
6429003,903,0:26:4,0,[PeopleData_id2,PeopleData_data1Type]
6429003,902,0:26:5,0,[PeopleData_id:2,PeopleData_data1Type]
6429003,903,0:26:7,0,[PeopleData_id2,PeopleData_data1Type]
6429003,901,0:26:8,0,[PeopleData_id:1]
6429003,905,0:26:8,0,[PeopleData_id:1,RankTypes_id:3,RankTypes_id:3]
6429003,902,0:26:9,0,[PeopleData_id:1,PeopleData_data3Type]
6429003,903,0:26:10,0,[PeopleData_id1,PeopleData_data3Type]
6429003,902,0:26:11,0,[PeopleData_id:1,PeopleData_data2Type]
6429003,903,0:26:12,0,[PeopleData_id1,PeopleData_data2Type]
6429003,902,0:26:13,0,[PeopleData_id:1,PeopleData_data1Type]
6429003,903,0:26:13,0,[PeopleData_id1,PeopleData_data1Type]
6429003,902,0:26:14,0,[PeopleData_id:1,PeopleData_data0Type]
6429003,903,0:26:18,0,[PeopleData_id1,PeopleData_data0Type]
6429003,901,0:26:20,0,[PeopleData_id:0]
6429003,905,0:26:20,0,[PeopleData_id:0,RankTypes_id:4,RankTypes_id:4]
6429003,902,0:26:20,0,[PeopleData_id:0,PeopleData_data3Type]
6429003,903,0:26:23,0,[PeopleData_id0,PeopleData_data3Type]
6429003,902,0:26:25,0,[PeopleData_id:0,PeopleData_data2Type]
6429003,903,0:26:27,0,[PeopleData_id0,PeopleData_data2Type]
6429003,902,0:26:28,0,[PeopleData_id:0,PeopleData_data1Type]
6429003,903,0:26:30,0,[PeopleData_id0,PeopleData_data1Type]
6429003,902,0:26:31,0,[PeopleData_id:0,PeopleData_data0Type]
6429003,903,0:26:34,0,[PeopleData_id0,PeopleData_data0Type]
6429003,907,0:26:36,0,[]
6429003,908,0:26:36,0,[InvitationData_id:3,PeopleData_id:3,RankTypes_id:4]
6429003,909,0:26:38,0,[InvitationData_id:3,PeopleData_id:3,RankTypes_id:4,1]
6429003,910,0:26:39,0,[InvitationData_id:3,9,false]
6429003,908,0:26:39,0,[InvitationData_id:9,PeopleData_id:1,RankTypes_id:3]
6429003,909,0:26:44,0,[InvitationData_id:9,PeopleData_id:1,RankTypes_id:3,0]
6429003,910,0:26:46,0,[InvitationData_id:9,-7,false]
6429003,908,0:26:46,0,[InvitationData_id:4,PeopleData_id:1,RankTypes_id:3]
6429003,909,0:26:48,0,[InvitationData_id:4,PeopleData_id:1,RankTypes_id:3,0]
6429003,910,0:26:48,0,[InvitationData_id:4,-7,false]
6429003,908,0:26:48,0,[InvitationData_id:1,PeopleData_id:0,RankTypes_id:4]
6429003,909,0:26:51,0,[InvitationData_id:1,PeopleData_id:0,RankTypes_id:4,1]
6429003,910,0:26:52,0,[InvitationData_id:1,9,false]
6429003,908,0:26:52,0,[InvitationData_id:8,PeopleData_id:0,RankTypes_id:4]
6429003,909,0:26:56,0,[InvitationData_id:8,PeopleData_id:0,RankTypes_id:4,1]
6429003,910,0:26:56,0,[InvitationData_id:8,9,false]
6429003,908,0:26:56,0,[InvitationData_id:10,PeopleData_id:2,RankTypes_id:3]
6429003,909,0:26:59,0,[InvitationData_id:10,PeopleData_id:2,RankTypes_id:3,0]
6429003,910,0:27:0,0,[InvitationData_id:10,-7,false]
6429003,908,0:27:0,0,[InvitationData_id:7,PeopleData_id:1,RankTypes_id:3]
6429003,909,0:27:2,0,[InvitationData_id:7,PeopleData_id:1,RankTypes_id:3,0]
6429003,910,0:27:3,0,[InvitationData_id:7,-7,false]
6429003,908,0:27:3,0,[InvitationData_id:0,PeopleData_id:0,RankTypes_id:4]
6429003,909,0:27:6,0,[InvitationData_id:0,PeopleData_id:0,RankTypes_id:4,1]
6429003,910,0:27:7,0,[InvitationData_id:0,9,false]
6429003,908,0:27:7,0,[InvitationData_id:6,PeopleData_id:0,RankTypes_id:4]
6429003,909,0:27:9,0,[InvitationData_id:6,PeopleData_id:0,RankTypes_id:4,1]
6429003,910,0:27:10,0,[InvitationData_id:6,9,false]
6429003,908,0:27:10,0,[InvitationData_id:5,PeopleData_id:1,RankTypes_id:3]
6429003,909,0:27:15,0,[InvitationData_id:5,PeopleData_id:1,RankTypes_id:3,0]
6429003,910,0:27:16,0,[InvitationData_id:5,-7,false]
6429003,908,0:27:16,0,[InvitationData_id:2,PeopleData_id:2,RankTypes_id:3]
6429003,909,0:27:19,0,[InvitationData_id:2,PeopleData_id:2,RankTypes_id:3,0]
6429003,910,0:27:19,0,[InvitationData_id:2,-7,false]
6429003,911,0:27:25,0,[3,0,0,0]
6429003,1001,0:27:28,0,[]
6429003,1003,0:27:28,2
6429003,210,0:27:36,806,423
6429003,211,0:27:37,825,376
6429003,213,0:27:37,0,c_teacherEng_G7a0,true
6429003,205,0:27:37,0,c_teacherEng_G7a0,false,false
6429003,210,0:27:41,980,530
6429003,211,0:27:42,986,515
6429003,213,0:27:42,0,c_bestFriend_F_a_G7a0,false
6429003,1003,0:27:45,2
6429003,1004,0:27:46,0
6429003,900,0:27:55,0,[]
6429003,901,0:27:56,0,[PeopleData_id:2]
6429003,904,0:27:56,0,[PeopleData_id:2]
6429003,905,0:27:56,0,[PeopleData_id:2,RankTypes_id:-1,RankTypes_id:4]
6429003,901,0:27:56,0,[PeopleData_id:2]
6429003,904,0:27:57,0,[PeopleData_id:2]
6429003,905,0:27:57,0,[PeopleData_id:2,RankTypes_id:4,RankTypes_id:4]
6429003,902,0:27:57,0,[PeopleData_id:2,PeopleData_data3Type]
6429003,903,0:28:0,0,[PeopleData_id2,PeopleData_data3Type]
6429003,902,0:28:1,0,[PeopleData_id:2,PeopleData_data2Type]
6429003,903,0:28:2,0,[PeopleData_id2,PeopleData_data2Type]
6429003,902,0:28:3,0,[PeopleData_id:2,PeopleData_data1Type]
6429003,903,0:28:4,0,[PeopleData_id2,PeopleData_data1Type]
6429003,902,0:28:5,0,[PeopleData_id:2,PeopleData_data0Type]
6429003,903,0:28:7,0,[PeopleData_id2,PeopleData_data0Type]
6429003,901,0:28:8,0,[PeopleData_id:2]
6429003,904,0:28:8,0,[PeopleData_id:2]
6429003,905,0:28:12,0,[PeopleData_id:2,RankTypes_id:4,RankTypes_id:2]
6429003,901,0:28:13,0,[PeopleData_id:1]
6429003,904,0:28:13,0,[PeopleData_id:1]
6429003,905,0:28:13,0,[PeopleData_id:1,RankTypes_id:-1,RankTypes_id:3]
6429003,902,0:28:14,0,[PeopleData_id:1,PeopleData_data3Type]
6429003,902,0:28:15,0,[PeopleData_id:1,PeopleData_data2Type]
6429003,902,0:28:17,0,[PeopleData_id:1,PeopleData_data1Type]
6429003,902,0:28:19,0,[PeopleData_id:1,PeopleData_data0Type]
6429003,903,0:28:21,0,[PeopleData_id1,PeopleData_data0Type]
6429003,901,0:28:21,0,[PeopleData_id:3]
6429003,904,0:28:21,0,[PeopleData_id:3]
6429003,905,0:28:22,0,[PeopleData_id:3,RankTypes_id:-1,RankTypes_id:4]
6429003,902,0:28:23,0,[PeopleData_id:3,PeopleData_data2Type]
6429003,902,0:28:27,0,[PeopleData_id:3,PeopleData_data1Type]
6429003,902,0:28:29,0,[PeopleData_id:3,PeopleData_data0Type]
6429003,903,0:28:30,0,[PeopleData_id3,PeopleData_data0Type]
6429003,901,0:28:31,0,[PeopleData_id:0]
6429003,904,0:28:31,0,[PeopleData_id:0]
6429003,905,0:28:32,0,[PeopleData_id:0,RankTypes_id:-1,RankTypes_id:3]
6429003,902,0:28:33,0,[PeopleData_id:0,PeopleData_data3Type]
6429003,902,0:28:36,0,[PeopleData_id:0,PeopleData_data2Type]
6429003,902,0:28:37,0,[PeopleData_id:0,PeopleData_data1Type]
6429003,902,0:28:39,0,[PeopleData_id:0,PeopleData_data0Type]
6429003,903,0:28:40,0,[PeopleData_id0,PeopleData_data0Type]
6429003,901,0:28:41,0,[PeopleData_id:4]
6429003,904,0:28:41,0,[PeopleData_id:4]
6429003,905,0:28:41,0,[PeopleData_id:4,RankTypes_id:-1,RankTypes_id:4]
6429003,906,0:28:41,0,[]
6429003,902,0:28:42,0,[PeopleData_id:4,PeopleData_data3Type]
6429003,902,0:28:45,0,[PeopleData_id:4,PeopleData_data2Type]
6429003,902,0:28:46,0,[PeopleData_id:4,PeopleData_data1Type]
6429003,902,0:28:47,0,[PeopleData_id:4,PeopleData_data0Type]
6429003,902,0:28:48,0,[PeopleData_id:4,PeopleData_data1Type]
6429003,902,0:28:50,0,[PeopleData_id:4,PeopleData_data2Type]
6429003,902,0:28:52,0,[PeopleData_id:4,PeopleData_data3Type]
6429003,903,0:28:54,0,[PeopleData_id4,PeopleData_data3Type]
6429003,901,0:28:55,0,[PeopleData_id:4]
6429003,904,0:28:55,0,[PeopleData_id:4]
6429003,905,0:28:55,0,[PeopleData_id:4,RankTypes_id:4,RankTypes_id:3]
6429003,901,0:28:56,0,[PeopleData_id:0]
6429003,904,0:28:56,0,[PeopleData_id:0]
6429003,905,0:28:56,0,[PeopleData_id:0,RankTypes_id:3,RankTypes_id:4]
6429003,902,0:28:57,0,[PeopleData_id:0,PeopleData_data3Type]
6429003,902,0:28:59,0,[PeopleData_id:0,PeopleData_data2Type]
6429003,902,0:29:0,0,[PeopleData_id:0,PeopleData_data1Type]
6429003,902,0:29:1,0,[PeopleData_id:0,PeopleData_data0Type]
6429003,903,0:29:4,0,[PeopleData_id0,PeopleData_data0Type]
6429003,901,0:29:5,0,[PeopleData_id:4]
6429003,904,0:29:5,0,[PeopleData_id:4]
6429003,905,0:29:5,0,[PeopleData_id:4,RankTypes_id:3,RankTypes_id:2]
6429003,901,0:29:6,0,[PeopleData_id:1]
6429003,904,0:29:6,0,[PeopleData_id:1]
6429003,905,0:29:8,0,[PeopleData_id:1,RankTypes_id:3,RankTypes_id:2]
6429003,902,0:29:9,0,[PeopleData_id:1,PeopleData_data3Type]
6429003,902,0:29:10,0,[PeopleData_id:1,PeopleData_data2Type]
6429003,903,0:29:13,0,[PeopleData_id1,PeopleData_data2Type]
6429003,901,0:29:14,0,[PeopleData_id:1]
6429003,904,0:29:14,0,[PeopleData_id:1]
6429003,905,0:29:14,0,[PeopleData_id:1,RankTypes_id:2,RankTypes_id:1]
6429003,901,0:29:15,0,[PeopleData_id:1]
6429003,904,0:29:16,0,[PeopleData_id:1]
6429003,905,0:29:16,0,[PeopleData_id:1,RankTypes_id:1,RankTypes_id:0]
6429003,901,0:29:17,0,[PeopleData_id:3]
6429003,905,0:29:17,0,[PeopleData_id:3,RankTypes_id:4,RankTypes_id:4]
6429003,901,0:29:18,0,[PeopleData_id:4]
6429003,905,0:29:18,0,[PeopleData_id:4,RankTypes_id:2,RankTypes_id:2]
6429003,902,0:29:18,0,[PeopleData_id:4,PeopleData_data2Type]
6429003,902,0:29:19,0,[PeopleData_id:4,PeopleData_data3Type]
6429003,902,0:29:20,0,[PeopleData_id:4,PeopleData_data2Type]
6429003,903,0:29:22,0,[PeopleData_id4,PeopleData_data2Type]
6429003,901,0:29:22,0,[PeopleData_id:4]
6429003,904,0:29:22,0,[PeopleData_id:4]
6429003,905,0:29:23,0,[PeopleData_id:4,RankTypes_id:2,RankTypes_id:0]
6429003,902,0:29:24,0,[PeopleData_id:4,PeopleData_data3Type]
6429003,903,0:29:26,0,[PeopleData_id4,PeopleData_data3Type]
6429003,901,0:29:26,0,[PeopleData_id:2]
6429003,905,0:29:26,0,[PeopleData_id:2,RankTypes_id:2,RankTypes_id:2]
6429003,902,0:29:27,0,[PeopleData_id:2,PeopleData_data3Type]
6429003,902,0:29:29,0,[PeopleData_id:2,PeopleData_data2Type]
6429003,902,0:29:30,0,[PeopleData_id:2,PeopleData_data1Type]
6429003,902,0:29:33,0,[PeopleData_id:2,PeopleData_data0Type]
6429003,903,0:29:35,0,[PeopleData_id2,PeopleData_data0Type]
6429003,907,0:29:37,0,[]
6429003,908,0:29:37,0,[InvitationData_id:0,PeopleData_id:0,RankTypes_id:4]
6429003,909,0:29:39,0,[InvitationData_id:0,PeopleData_id:0,RankTypes_id:4,1]
6429003,910,0:29:40,0,[InvitationData_id:0,9,false]
6429003,908,0:29:40,0,[InvitationData_id:1,PeopleData_id:0,RankTypes_id:4]
6429003,909,0:29:42,0,[InvitationData_id:1,PeopleData_id:0,RankTypes_id:4,1]
6429003,910,0:29:43,0,[InvitationData_id:1,9,false]
6429003,908,0:29:43,0,[InvitationData_id:10,PeopleData_id:2,RankTypes_id:2]
6429003,909,0:29:48,0,[InvitationData_id:10,PeopleData_id:2,RankTypes_id:2,0]
6429003,910,0:29:52,0,[InvitationData_id:10,-2,false]
6429003,908,0:29:52,0,[InvitationData_id:2,PeopleData_id:2,RankTypes_id:2]
6429003,909,0:29:55,0,[InvitationData_id:2,PeopleData_id:2,RankTypes_id:2,0]
6429003,910,0:29:59,0,[InvitationData_id:2,-2,false]
6429003,908,0:29:59,0,[InvitationData_id:6,PeopleData_id:0,RankTypes_id:4]
6429003,909,0:30:8,0,[InvitationData_id:6,PeopleData_id:0,RankTypes_id:4,1]
6429003,910,0:30:9,0,[InvitationData_id:6,9,false]
6429003,908,0:30:9,0,[InvitationData_id:4,PeopleData_id:2,RankTypes_id:2]
6429003,909,0:30:11,0,[InvitationData_id:4,PeopleData_id:2,RankTypes_id:2,0]
6429003,910,0:30:12,0,[InvitationData_id:4,-2,false]
6429003,908,0:30:12,0,[InvitationData_id:8,PeopleData_id:0,RankTypes_id:4]
6429003,909,0:30:15,0,[InvitationData_id:8,PeopleData_id:0,RankTypes_id:4,1]
6429003,910,0:30:17,0,[InvitationData_id:8,9,false]
6429003,908,0:30:17,0,[InvitationData_id:3,PeopleData_id:3,RankTypes_id:4]
6429003,909,0:30:22,0,[InvitationData_id:3,PeopleData_id:3,RankTypes_id:4,1]
6429003,910,0:30:23,0,[InvitationData_id:3,9,false]
6429003,911,0:30:34,0,[39,0,0,0]
6429003,1005,0:30:34,0,[2,1,3]
6429003,1001,0:30:36,0,[]
6429003,1003,0:30:36,2
6429003,210,0:30:40,975,468
6429003,211,0:30:42,994,523
6429003,213,0:30:42,0,c_bestFriend_F_a_G7a0,true
6429003,205,0:30:42,0,c_bestFriend_F_a_G7a0,false,false
6429003,210,0:30:52,690,564
6429003,211,0:30:53,674,585
6429003,213,0:30:53,0,s_otherStudent1_G7a0,true
6429003,210,0:30:55,825,355
6429003,207,0:30:57,0,-200,-395
6429003,207,0:30:57,0,-395,-470
6429003,211,0:30:58,1241,391
6429003,213,0:30:58,0,s_doorClassroom_G7a0,true
6429003,210,0:31:0,1201,467
6429003,207,0:31:0,0,-470,-518.45
6429003,207,0:31:2,0,-518.45,-218.45
6429003,207,0:31:4,0,-218.45,0
6429003,211,0:31:5,234,470
6429003,213,0:31:5,0,c_crewKid1_F_G7a0,true
6429003,210,0:31:7,88,537
6429003,211,0:31:9,564,137
6429003,212,0:31:10,1
6429003,210,0:31:10,195,163
6429003,211,0:31:12,270,136
6429003,213,0:31:12,0,s_flag_gen,true
6429003,205,0:31:12,0,s_flag_gen,false,false
6429003,221,0:31:17,0
6429003,300,0:31:19
6429003,220,0:31:19,0
6429003,221,0:31:25,0
6429003,220,0:31:35,0
6429003,212,0:31:37,2
6429003,212,0:31:37,0
6429003,210,0:31:38,979,514
6429003,211,0:31:39,1075,588
6429003,213,0:31:39,0,s_vocabAssignment_G7a0,true
6429003,210,0:31:40,702,373
6429003,207,0:31:42,0,-200,-125
6429003,211,0:31:44,225,520
6429003,213,0:31:44,0,c_crewKid1_F_G7a0,true
6429003,210,0:31:46,531,443
6429003,211,0:31:48,686,582
6429003,213,0:31:48,0,s_otherStudent1_G7a0,true
6429003,210,0:31:50,747,437
6429003,211,0:31:53,710,136
6429003,213,0:31:53,0,s_angelouPoster_gen,true
6429003,210,0:31:55,748,148
6429003,211,0:31:55,794,129
6429003,213,0:31:55,0,s_shakespearePoster_gen,true
6429003,210,0:31:57,934,119
6429003,211,0:31:58,886,149
6429003,213,0:31:58,0,s_poePoster_gen,true
6429003,212,0:32:0,2
6429003,212,0:32:0,1
6429003,210,0:32:1,753,321
6429003,211,0:32:4,615,138
6429003,213,0:32:4,0,s_atwoodPoster_gen,true
6429003,210,0:32:7,675,141
6429003,211,0:32:8,701,122
6429003,213,0:32:8,0,s_angelouPoster_gen,true
6429003,210,0:32:9,772,121
6429003,211,0:32:10,798,109
6429003,213,0:32:10,0,s_shakespearePoster_gen,true
6429003,210,0:32:11,914,150
6429003,211,0:32:12,896,133
6429003,213,0:32:12,0,s_poePoster_gen,true
6429003,210,0:32:13,929,137
6429003,211,0:32:15,267,145
6429003,213,0:32:15,0,s_flag_gen,true
6429003,205,0:32:15,0,s_flag_gen,false,true
6429003,210,0:32:19,572,463
6429003,211,0:32:21,216,520
6429003,213,0:32:21,0,c_crewKid1_F_G7a0,true
6429003,210,0:32:23,686,558
6429003,211,0:32:23,672,573
6429003,213,0:32:23,0,s_otherStudent1_G7a0,true
6429003,210,0:32:25,968,316
6429003,207,0:32:26,0,-125,-395
6429003,211,0:32:26,1239,363
6429003,213,0:32:26,0,s_doorClassroom_G7a0,true
6429003,221,0:32:28,0
6429003,220,0:32:34,0
6429003,212,0:32:35,2
6429003,210,0:32:37,1128,480
6429003,211,0:32:37,981,495
6429003,213,0:32:37,0,c_bestFriend_F_a_G7a0,true
6429003,205,0:32:37,0,c_bestFriend_F_a_G7a0,false,true
6429003,210,0:32:41,986,510
6429003,207,0:32:42,0,-395,-518.45
6429003,211,0:32:43,1439,540
6429003,213,0:32:43,0,c_friend1_F_a_G7a0,true
6429003,210,0:32:58,1113,448
6429003,211,0:33:0,831,391
6429003,213,0:33:0,0,c_teacherEng_G7a0,true
6429003,205,0:33:0,0,c_teacherEng_G7a0,false,true
6429003,210,0:33:3,930,488
6429003,207,0:33:4,0,-518.45,-323.45
6429003,207,0:33:5,0,-323.45,-173.45
6429003,211,0:33:8,885,143
6429003,213,0:33:8,0,s_poePoster_gen,true
6429003,210,0:33:9,562,391
6429003,211,0:33:11,674,588
6429003,213,0:33:11,0,s_otherStudent1_G7a0,true
6429003,210,0:33:13,705,431
6429003,211,0:33:15,1081,580
6429003,213,0:33:15,0,s_vocabAssignment_G7a0,true
6429003,210,0:33:18,623,395
6429003,207,0:33:19,0,-173.45,0
6429003,211,0:33:19,2,483
6429003,210,0:33:19,76,510
6429003,211,0:33:21,245,470
6429003,213,0:33:21,0,c_crewKid1_F_G7a0,true
6429003,210,0:33:25,461,267
6429003,211,0:33:27,245,116
6429003,212,0:33:29,1
6429003,210,0:33:29,732,424
6429003,211,0:33:31,801,122
6429003,213,0:33:31,0,s_shakespearePoster_gen,true
6429003,210,0:33:32,469,453
6429003,211,0:33:33,229,495
6429003,213,0:33:33,0,c_crewKid1_F_G7a0,true
6429003,210,0:33:34,512,390
6429003,211,0:33:36,254,115
6429003,213,0:33:36,0,s_flag_gen,true
6429003,205,0:33:36,0,s_flag_gen,false,true
6429003,210,0:33:41,658,564
6429003,207,0:33:43,0,0,-390
6429003,211,0:33:43,1204,352
6429003,213,0:33:43,0,s_doorClassroom_G7a0,true
6429003,210,0:33:46,1077,398
6429003,211,0:33:47,1232,151
6429003,213,0:33:47,0,s_clock_G7a0,true
6429003,212,0:33:54,2
6429003,210,0:33:54,1228,136
6429003,211,0:33:55,1228,156
6429003,213,0:33:55,0,s_clock_G7a0,true
6429003,221,0:33:59,0
6429003,220,0:34:6,0
6429003,210,0:34:8,1221,530
6429003,211,0:34:9,1093,602
6429003,213,0:34:9,0,s_vocabAssignment_G7a0,true
6429003,210,0:34:11,876,526
6429003,211,0:34:12,849,384
6429003,213,0:34:12,0,c_teacherEng_G7a0,true
6429003,205,0:34:12,0,c_teacherEng_G7a0,false,true
6429003,210,0:34:18,383,578
6429003,211,0:34:18,271,601
6429003,207,0:34:18,0,-390,-225
6429003,207,0:34:22,0,-225,-165
6429003,219,0:34:26,0
6429003,216,0:34:26,Stack_G7a1N
6429003,217,0:34:50,Stack_G7a1N,20,0.00
6429003,218,0:34:55,0
6429003,210,0:34:58,837,472
6429003,211,0:34:59,892,433
6429003,213,0:34:59,0,c_teacherEng_G7a1N,true
6429003,205,0:34:59,0,c_teacherEng_G7a1N,false,false
6429003,210,0:35:4,1200,483
6429003,211,0:35:5,1219,470
6429003,213,0:35:5,0,s_otherStudent2_G7a1N,true
6429003,210,0:35:7,1246,505
6429003,211,0:35:7,1450,584
6429003,207,0:35:7,0,-400,-445
6429003,210,0:35:7,1488,555
6429003,207,0:35:8,0,-445,-518.45
6429003,211,0:35:10,676,569
6429003,213,0:35:10,0,s_otherStudent1_G7a1N,true
6429003,210,0:35:12,1034,369
6429003,211,0:35:14,1201,168
6429003,212,0:35:15,1
6429003,210,0:35:15,1266,199
6429003,207,0:35:18,0,-518.45,-188.45
6429003,207,0:35:19,0,-188.45,0
6429003,211,0:35:20,245,445
6429003,213,0:35:20,0,c_crewKid1_F_G7a1N,true
6429003,210,0:35:22,280,251
6429003,211,0:35:22,256,147
6429003,213,0:35:22,0,s_flag_gen,true
6429003,212,0:35:27,0
6429003,210,0:35:28,752,497
6429003,211,0:35:30,234,455
6429003,213,0:35:30,0,c_crewKid1_F_G7a1N,true
6429003,210,0:35:32,846,413
6429003,211,0:35:33,691,577
6429003,213,0:35:33,0,s_otherStudent1_G7a1N,true
6429003,210,0:35:35,575,438
6429003,211,0:35:37,1078,272
6429003,207,0:35:37,0,0,-75
6429003,207,0:35:37,0,-75,-135
6429003,210,0:35:37,1082,295
6429003,211,0:35:38,862,140
6429003,213,0:35:38,0,s_poePoster_gen,true
6429003,210,0:35:40,794,145
6429003,211,0:35:41,808,222
6429003,210,0:35:41,803,204
6429003,211,0:35:41,780,89
6429003,210,0:35:42,804,170
6429003,211,0:35:42,795,158
6429003,213,0:35:42,0,s_shakespearePoster_gen,true
6429003,210,0:35:44,670,202
6429003,211,0:35:44,600,129
6429003,213,0:35:44,0,s_atwoodPoster_gen,true
6429003,210,0:35:46,708,165
6429003,211,0:35:46,697,129
6429003,213,0:35:46,0,s_angelouPoster_gen,true
6429003,212,0:35:48,1
6429003,210,0:35:49,849,364
6429003,211,0:35:49,614,132
6429003,213,0:35:49,0,s_atwoodPoster_gen,true
6429003,210,0:35:51,638,330
6429003,211,0:35:52,258,144
6429003,213,0:35:52,0,s_flag_gen,true
6429003,210,0:35:53,512,488
6429003,207,0:35:55,0,-135,0
6429003,211,0:35:56,239,481
6429003,210,0:35:56,221,467
6429003,211,0:35:57,216,456
6429003,213,0:35:57,0,c_crewKid1_F_G7a1N,true
6429003,210,0:36:0,770,393
6429003,207,0:36:1,0,0,-255
6429003,207,0:36:2,0,-255,-465
6429003,207,0:36:3,0,-465,-518.45
6429003,211,0:36:6,1039,136
6429003,212,0:36:9,2
6429003,210,0:36:10,974,448
6429003,211,0:36:11,860,406
6429003,213,0:36:11,0,c_teacherEng_G7a1N,true
6429003,205,0:36:11,0,c_teacherEng_G7a1N,false,true
6429003,210,0:36:14,1064,547
6429003,211,0:36:14,1043,537
6429003,213,0:36:14,0,c_bestFriend_F_a_G7a1N,true
6429003,205,0:36:14,0,c_bestFriend_F_a_G7a1N,false,false
6429003,210,0:36:28,1006,605
6429003,211,0:36:30,1206,495
6429003,213,0:36:30,0,s_otherStudent2_G7a1N,true
6429003,210,0:36:34,987,403
6429003,211,0:36:36,680,612
6429003,213,0:36:36,0,s_otherStudent1_G7a1N,true
6429003,213,0:36:37,0,c_teacherEng_G7a1N,true
6429003,205,0:36:37,0,c_teacherEng_G7a1N,false,true
6429003,210,0:36:41,1359,502
6429003,207,0:36:46,0,-518.45,-173.45
6429003,207,0:36:47,0,-173.45,0
6429003,211,0:36:50,1110,552
6429003,207,0:36:50,0,0,-105
6429003,207,0:36:51,0,-105,-135
6429003,210,0:36:51,1009,454
6429003,207,0:36:53,0,-135,-465
6429003,207,0:36:54,0,-465,-518.45
6429003,207,0:36:59,0,-518.45,-143.45
6429003,207,0:37:1,0,-143.45,0
6429003,211,0:37:4,562,582
6429003,213,0:37:4,0,s_otherStudent1_G7a1N,true
6429003,212,0:37:7,1
6429003,210,0:37:7,620,520
6429003,211,0:37:8,643,555
6429003,213,0:37:8,0,s_otherStudent1_G7a1N,true
6429003,210,0:37:9,416,564
6429003,211,0:37:14,446,183
6429003,213,0:37:14,0,s_posterPlagiarism_gen,true
6429003,210,0:37:19,521,227
6429003,211,0:37:21,256,126
6429003,213,0:37:21,0,s_flag_gen,true
6429003,210,0:37:24,254,341
6429003,207,0:37:26,0,0,-375
6429003,211,0:37:27,1229,352
6429003,212,0:37:28,0
6429003,210,0:37:28,1244,299
6429003,211,0:37:29,1241,305
6429003,210,0:37:31,763,529
6429003,211,0:37:33,666,611
6429003,213,0:37:33,0,s_otherStudent1_G7a1N,true
6429003,210,0:37:35,1048,533
6429003,211,0:37:36,1131,600
6429003,213,0:37:36,0,s_otherStudent2_G7a1N,true
6429003,212,0:37:39,1
6429003,210,0:37:39,1054,522
6429003,211,0:37:46,798,344
6429003,212,0:37:47,0
6429003,210,0:37:47,764,312
6429003,211,0:37:48,799,330
6429003,210,0:37:49,703,274
6429003,211,0:37:50,658,267
6429003,210,0:37:50,545,395
6429003,207,0:37:51,0,-375,-195
6429003,207,0:37:52,0,-195,-60
6429003,211,0:37:53,258,130
6429003,213,0:37:53,0,s_flag_gen,true
6429003,210,0:37:57,443,199
6429003,211,0:37:58,468,175
6429003,213,0:37:58,0,s_posterPlagiarism_gen,true
6429003,221,0:38:3,0
6429003,220,0:38:7,0
6429003,212,0:38:11,1
6429003,210,0:38:14,1214,449
6429003,211,0:38:19,790,317
6429003,213,0:38:19,0,s_paperPlayers_G7a1N,true
6429003,205,0:38:19,0,s_paperPlayers_G7a1N,false,false
6429003,213,0:38:32,0,s_otherStudent1_G7a1N,true
6429003,221,0:38:37,0
6429003,220,0:38:38,0
6429003,219,0:38:38,0
6429003,216,0:38:39,Stack_G7a1P
6429003,217,0:38:49,Stack_G7a1P,7.7,0.00
6429003,218,0:38:50,0
6429003,210,0:38:55,763,361
6429003,211,0:38:56,748,408
6429003,213,0:38:56,0,c_teacherEng_G7a1P,false
6429003,1003,0:38:59,1
6429003,1004,0:39:0,0
6429003,800,0:39:3,0,[]
6429003,801,0:39:6,0,[]
6429003,814,0:39:11,0,[2]
6429003,815,0:39:11,0,2,OpportunityCardData_id:13
6429003,815,0:39:12,0,2,OpportunityCardData_id:14
6429003,816,0:39:13,0,2,OpportunityCardData_id:14
6429003,805,0:39:14,0,[OpportunityCardData_id:14]
6429003,806,0:39:17,0,[OpportunityCardData_id:14,PriorityData_type:1]
6429003,806,0:39:18,0,[OpportunityCardData_id:14,PriorityData_type:4]
6429003,806,0:39:19,0,[OpportunityCardData_id:14,PriorityData_type:0]
6429003,806,0:39:19,0,[OpportunityCardData_id:14,PriorityData_type:4]
6429003,807,0:39:21,0,[OpportunityCardData_id:14]
6429003,808,0:39:23,0,[OpportunityCardData_id:14]
6429003,809,0:39:28,0,[OpportunityCardData_id:14,Safe,false]
6429003,810,0:39:29,0,[OpportunityCardData_id:14,PriorityData_type:2,15,Safe,Safe]
6429003,814,0:39:32,0,[2]
6429003,815,0:39:32,0,2,OpportunityCardData_id:13
6429003,815,0:39:33,0,2,OpportunityCardData_id:15
6429003,815,0:39:34,0,2,OpportunityCardData_id:13
6429003,815,0:39:34,0,2,OpportunityCardData_id:18
6429003,815,0:39:36,0,2,OpportunityCardData_id:17
6429003,815,0:39:39,0,2,OpportunityCardData_id:18
6429003,816,0:39:39,0,2,OpportunityCardData_id:18
6429003,804,0:39:42,0,[OpportunityCardData_id:18]
6429003,814,0:39:44,0,[4]
6429003,815,0:39:44,0,4,OpportunityCardData_id:22
6429003,816,0:39:47,0,4,OpportunityCardData_id:22
6429003,805,0:39:48,0,[OpportunityCardData_id:22]
6429003,806,0:39:48,0,[OpportunityCardData_id:22,PriorityData_type:0]
6429003,806,0:39:49,0,[OpportunityCardData_id:22,PriorityData_type:3]
6429003,806,0:39:51,0,[OpportunityCardData_id:22,PriorityData_type:5]
6429003,806,0:39:51,0,[OpportunityCardData_id:22,PriorityData_type:3]
6429003,806,0:39:52,0,[OpportunityCardData_id:22,PriorityData_type:0]
6429003,806,0:39:52,0,[OpportunityCardData_id:22,PriorityData_type:3]
6429003,807,0:39:58,0,[OpportunityCardData_id:22]
6429003,808,0:40:0,0,[OpportunityCardData_id:22]
6429003,809,0:40:4,0,[OpportunityCardData_id:22,PriorityData_type:5,false]
6429003,810,0:40:4,0,[OpportunityCardData_id:22,PriorityData_type:4,15,PriorityData_type:5,15]
6429003,814,0:40:22,0,[4]
6429003,815,0:40:22,0,4,OpportunityCardData_id:26
6429003,815,0:40:23,0,4,OpportunityCardData_id:27
6429003,816,0:40:26,0,4,OpportunityCardData_id:27
6429003,805,0:40:27,0,[OpportunityCardData_id:27]
6429003,806,0:40:29,0,[OpportunityCardData_id:27,PriorityData_type:3]
6429003,807,0:40:31,0,[OpportunityCardData_id:27]
6429003,808,0:40:33,0,[OpportunityCardData_id:27]
6429003,809,0:40:37,0,[OpportunityCardData_id:27,PriorityData_type:1,false]
6429003,810,0:40:37,0,[OpportunityCardData_id:27,PriorityData_type:4,15,PriorityData_type:1,10]
6429003,818,0:40:38,0,4
6429003,811,0:40:39,0,[OpportunityCardData_id:27,PriorityData_type:2,80,85,PriorityData_type:4,70,75]
6429003,1005,0:40:39,0,[1,2,3]
6429003,1001,0:40:41,0,[]
6429003,1003,0:40:41,1
6429003,210,0:40:45,980,445
6429003,211,0:40:46,774,452
6429003,213,0:40:46,0,c_teacherEng_G7a1P,true
6429003,205,0:40:46,0,c_teacherEng_G7a1P,false,false
6429003,210,0:40:51,765,502
6429003,207,0:40:52,0,-400,-175
6429003,207,0:40:53,0,-175,-25
6429003,207,0:40:54,0,-25,-70
6429003,211,0:40:55,1114,412
6429003,207,0:40:55,0,-70,-115
6429003,207,0:40:55,0,-115,-145
6429003,210,0:40:55,1056,505
6429003,211,0:40:55,1056,505
6429003,210,0:40:56,1170,423
6429003,207,0:40:56,0,-145,-370
6429003,211,0:40:57,1226,150
6429003,213,0:40:57,0,s_clock_G7a1P,true
6429003,212,0:41:1,2
6429003,210,0:41:1,1080,477
6429003,211,0:41:3,652,365
6429003,213,0:41:3,0,s_paperPlayers_G7a1P,true
6429003,210,0:41:5,956,431
6429003,211,0:41:7,1220,147
6429003,213,0:41:7,0,s_clock_G7a1P,true
6429003,210,0:41:9,851,187
6429003,211,0:41:10,868,127
6429003,213,0:41:10,0,s_poePoster_gen,true
6429003,210,0:41:11,871,382
6429003,211,0:41:12,788,131
6429003,213,0:41:12,0,s_shakespearePoster_gen,true
6429003,210,0:41:13,893,388
6429003,211,0:41:14,699,129
6429003,213,0:41:14,0,s_angelouPoster_gen,true
6429003,210,0:41:16,873,393
6429003,211,0:41:16,601,131
6429003,213,0:41:16,0,s_atwoodPoster_gen,true
6429003,210,0:41:18,766,360
6429003,211,0:41:18,476,192
6429003,210,0:41:19,456,169
6429003,211,0:41:19,456,148
6429003,210,0:41:20,729,439
6429003,211,0:41:21,1481,244
6429003,207,0:41:21,0,-370,-475
6429003,207,0:41:22,0,-475,-518
6429003,210,0:41:22,1541,264
6429003,207,0:41:24,0,-518,-83
6429003,211,0:41:26,266,141
6429003,213,0:41:26,0,s_flag_gen,true
6429003,205,0:41:26,0,s_flag_gen,false,false
6429003,210,0:41:34,299,355
6429003,207,0:41:38,0,-83,-233
6429003,207,0:41:39,0,-233,-443
6429003,211,0:41:40,1066,532
6429003,212,0:41:41,1
6429003,210,0:41:41,1029,525
6429003,211,0:41:44,1218,181
6429003,213,0:41:44,0,s_clock_G7a1P,true
6429003,210,0:41:46,884,518
6429003,207,0:41:48,0,-443,-518
6429003,211,0:41:50,1498,324
6429003,213,0:41:50,0,s_paperEnglish_gen,true
6429003,205,0:41:50,0,s_paperEnglish_gen,false,false
6429003,212,0:42:0,2
6429003,210,0:42:1,1250,399
6429003,211,0:42:2,1505,342
6429003,212,0:42:3,1
6429003,210,0:42:3,1422,440
6429003,211,0:42:5,1463,418
6429003,212,0:42:5,0
6429003,210,0:42:6,1038,512
6429003,211,0:42:7,962,488
6429003,213,0:42:7,0,c_bestFriend_F_a_G7a1P,true
6429003,1003,0:42:10,0
6429003,1004,0:42:11,0
6429003,400,0:42:13,0,[]
6429003,401,0:42:28,0,[StatementsData_logId:0]
6429003,404,0:42:35,0,[StatementsData_logId:0,false]
6429003,405,0:42:36,0,[StatementsData_logId:0]
6429003,406,0:42:44,0,[StatementsData_logId:0,-2]
6429003,411,0:42:52,0,[StatementsData_logId:0]
6429003,401,0:42:57,0,[StatementsData_logId:1]
6429003,402,0:42:59,0,[StatementsData_logId:1,true]
6429003,405,0:42:59,0,[StatementsData_logId:1]
6429003,406,0:43:2,0,[StatementsData_logId:1,2]
6429003,411,0:43:10,0,[StatementsData_logId:1]
6429003,401,0:43:17,0,[StatementsData_logId:2]
6429003,403,0:43:20,0,[StatementsData_logId:2,false]
6429003,405,0:43:21,0,[StatementsData_logId:2]
6429003,406,0:43:24,0,[StatementsData_logId:2,-2]
6429003,411,0:43:29,0,[StatementsData_logId:2]
6429003,401,0:43:36,0,[StatementsData_logId:3]
6429003,402,0:43:42,0,[StatementsData_logId:3,false]
6429003,405,0:43:42,0,[StatementsData_logId:3]
6429003,406,0:43:44,0,[StatementsData_logId:3,-2]
6429003,411,0:43:45,0,[StatementsData_logId:3]
6429003,401,0:43:47,0,[StatementsData_logId:4]
6429003,402,0:43:49,0,[StatementsData_logId:4,true]
6429003,405,0:43:57,0,[StatementsData_logId:4]
6429003,406,0:43:57,0,[StatementsData_logId:4,2]
6429003,411,0:43:59,0,[StatementsData_logId:4]
6429003,401,0:44:45,0,[StatementsData_logId:5]
6429003,402,0:44:56,0,[StatementsData_logId:5,false]
6429003,405,0:45:21,0,[StatementsData_logId:5]
6429003,406,0:45:25,0,[StatementsData_logId:5,-2]
6429003,411,0:45:28,0,[StatementsData_logId:5]
6429003,420,0:45:28,0,[28]
6429003,1000,0:45:30,0,[]
6429003,400,0:45:36,0,[]
6429003,401,0:45:38,0,[StatementsData_logId:0]
6429003,402,0:45:46,0,[StatementsData_logId:0,false]
6429003,405,0:45:47,0,[StatementsData_logId:0]
6429003,406,0:45:49,0,[StatementsData_logId:0,-2]
6429003,1002,0:45:55,0
6429003,1003,0:45:55,0
6429003,1004,0:45:56,0
6429003,400,0:45:57,0,[]
6429003,401,0:45:59,0,[StatementsData_logId:0]
6429003,403,0:46:1,0,[StatementsData_logId:0,true]
6429003,405,0:46:2,0,[StatementsData_logId:0]
6429003,406,0:46:5,0,[StatementsData_logId:0,2]
6429003,407,0:46:5,0,[StatementsData_logId:0,FactCardData_id:4]
6429003,407,0:46:5,0,[StatementsData_logId:0,FactCardData_id:6]
6429003,407,0:46:5,0,[StatementsData_logId:0,FactCardData_id:7]
6429003,407,0:46:5,0,[StatementsData_logId:0,FactCardData_id:0]
6429003,407,0:46:5,0,[StatementsData_logId:0,FactCardData_id:5]
6429003,407,0:46:5,0,[StatementsData_logId:0,FactCardData_id:3]
6429003,407,0:47:2,0,[StatementsData_logId:0,FactCardData_id:3]
6429003,407,0:47:2,0,[StatementsData_logId:0,FactCardData_id:3]
6429003,407,0:47:6,0,[StatementsData_logId:0,FactCardData_id:0]
6429003,407,0:47:6,0,[StatementsData_logId:0,FactCardData_id:3]
6429003,407,0:47:6,0,[StatementsData_logId:0,FactCardData_id:0]
6429003,407,0:47:12,0,[StatementsData_logId:0,FactCardData_id:6]
6429003,407,0:47:12,0,[StatementsData_logId:0,FactCardData_id:0]
6429003,407,0:47:12,0,[StatementsData_logId:0,FactCardData_id:6]
6429003,407,0:47:15,0,[StatementsData_logId:0,FactCardData_id:4]
6429003,407,0:47:15,0,[StatementsData_logId:0,FactCardData_id:6]
6429003,407,0:47:15,0,[StatementsData_logId:0,FactCardData_id:4]
6429003,407,0:47:16,0,[StatementsData_logId:0,FactCardData_id:6]
6429003,407,0:47:16,0,[StatementsData_logId:0,FactCardData_id:4]
6429003,407,0:47:16,0,[StatementsData_logId:0,FactCardData_id:6]
6429003,408,0:47:27,0,[StatementsData_logId:0,FactCardData_id:6,true]
6429003,409,0:47:27,0,[StatementsData_logId:0]
6429003,410,0:47:30,0,[StatementsData_logId:0,2]
6429003,412,0:47:35,0,[StatementsData_logId:0]
6429003,413,0:47:41,0,[StatementsData_logId:0,DuelResponsesData_logId:0]
6429003,414,0:47:45,0,[StatementsData_logId:0,DuelResponsesData_logId:0]
6429003,415,0:48:16,0,[StatementsData_logId:0,DuelResponsesData_logId:0,DuelResponsesData_ok_player_response]
6429003,416,0:48:18,0,[StatementsData_logId:0,DuelResponsesData_logId:0]
6429003,417,0:48:21,0,[StatementsData_logId:0,DuelResponsesData_logId:0]
6429003,413,0:48:27,0,[StatementsData_logId:0,DuelResponsesData_logId:1]
6429003,414,0:48:30,0,[StatementsData_logId:0,DuelResponsesData_logId:1]
6429003,415,0:48:52,0,[StatementsData_logId:0,DuelResponsesData_logId:1,DuelResponsesData_witty_player_response]
6429003,416,0:48:53,0,[StatementsData_logId:0,DuelResponsesData_logId:1]
6429003,417,0:48:55,0,[StatementsData_logId:0,DuelResponsesData_logId:1]
6429003,413,0:49:12,0,[StatementsData_logId:0,DuelResponsesData_logId:2]
6429003,414,0:49:14,0,[StatementsData_logId:0,DuelResponsesData_logId:2]
6429003,415,0:49:32,0,[StatementsData_logId:0,DuelResponsesData_logId:2,DuelResponsesData_ok_player_response]
6429003,416,0:49:38,0,[StatementsData_logId:0,DuelResponsesData_logId:2]
6429003,417,0:49:38,0,[StatementsData_logId:0,DuelResponsesData_logId:2]
6429003,418,0:49:38,0,[StatementsData_logId:0,true]
6429003,419,0:49:43,0,[StatementsData_logId:0,4]
6429003,411,0:49:46,0,[StatementsData_logId:0]
6429003,401,0:49:51,0,[StatementsData_logId:1]
6429003,402,0:49:54,0,[StatementsData_logId:1,true]
6429003,405,0:49:57,0,[StatementsData_logId:1]
6429003,406,0:49:59,0,[StatementsData_logId:1,2]
6429003,411,0:50:2,0,[StatementsData_logId:1]
6429003,401,0:50:6,0,[StatementsData_logId:2]
6429003,402,0:50:6,0,[StatementsData_logId:2,false]
6429003,405,0:50:8,0,[StatementsData_logId:2]
6429003,406,0:50:10,0,[StatementsData_logId:2,-2]
6429003,411,0:50:12,0,[StatementsData_logId:2]
6429003,401,0:50:17,0,[StatementsData_logId:3]
6429003,403,0:50:20,0,[StatementsData_logId:3,true]
6429003,405,0:50:21,0,[StatementsData_logId:3]
6429003,406,0:50:22,0,[StatementsData_logId:3,2]
6429003,407,0:50:22,0,[StatementsData_logId:3,FactCardData_id:3]
6429003,407,0:50:22,0,[StatementsData_logId:3,FactCardData_id:7]
6429003,407,0:50:22,0,[StatementsData_logId:3,FactCardData_id:5]
6429003,407,0:50:22,0,[StatementsData_logId:3,FactCardData_id:4]
6429003,407,0:50:22,0,[StatementsData_logId:3,FactCardData_id:0]
6429003,407,0:50:22,0,[StatementsData_logId:3,FactCardData_id:6]
6429003,407,0:50:24,0,[StatementsData_logId:3,FactCardData_id:7]
6429003,407,0:50:24,0,[StatementsData_logId:3,FactCardData_id:7]
6429003,407,0:50:25,0,[StatementsData_logId:3,FactCardData_id:4]
6429003,407,0:50:25,0,[StatementsData_logId:3,FactCardData_id:7]
6429003,407,0:50:25,0,[StatementsData_logId:3,FactCardData_id:4]
6429003,407,0:50:25,0,[StatementsData_logId:3,FactCardData_id:6]
6429003,407,0:50:25,0,[StatementsData_logId:3,FactCardData_id:4]
6429003,407,0:50:25,0,[StatementsData_logId:3,FactCardData_id:6]
6429003,407,0:50:26,0,[StatementsData_logId:3,FactCardData_id:4]
6429003,407,0:50:26,0,[StatementsData_logId:3,FactCardData_id:6]
6429003,407,0:50:26,0,[StatementsData_logId:3,FactCardData_id:4]
6429003,407,0:50:27,0,[StatementsData_logId:3,FactCardData_id:6]
6429003,407,0:50:27,0,[StatementsData_logId:3,FactCardData_id:4]
6429003,407,0:50:27,0,[StatementsData_logId:3,FactCardData_id:6]
6429003,407,0:50:27,0,[StatementsData_logId:3,FactCardData_id:7]
6429003,407,0:50:27,0,[StatementsData_logId:3,FactCardData_id:6]
6429003,407,0:50:27,0,[StatementsData_logId:3,FactCardData_id:7]
6429003,407,0:50:29,0,[StatementsData_logId:3,FactCardData_id:4]
6429003,407,0:50:29,0,[StatementsData_logId:3,FactCardData_id:7]
6429003,407,0:50:29,0,[StatementsData_logId:3,FactCardData_id:4]
6429003,407,0:50:30,0,[StatementsData_logId:3,FactCardData_id:6]
6429003,407,0:50:30,0,[StatementsData_logId:3,FactCardData_id:4]
6429003,407,0:50:30,0,[StatementsData_logId:3,FactCardData_id:6]
6429003,407,0:50:32,0,[StatementsData_logId:3,FactCardData_id:0]
6429003,407,0:50:32,0,[StatementsData_logId:3,FactCardData_id:6]
6429003,407,0:50:32,0,[StatementsData_logId:3,FactCardData_id:0]
6429003,408,0:50:36,0,[StatementsData_logId:3,FactCardData_id:0,true]
6429003,409,0:50:36,0,[StatementsData_logId:3]
6429003,410,0:50:38,0,[StatementsData_logId:3,2]
6429003,412,0:50:43,0,[StatementsData_logId:3]
6429003,413,0:50:49,0,[StatementsData_logId:3,DuelResponsesData_logId:6]
6429003,414,0:50:52,0,[StatementsData_logId:3,DuelResponsesData_logId:6]
6429003,415,0:51:3,0,[StatementsData_logId:3,DuelResponsesData_logId:6,DuelResponsesData_ok_player_response]
6429003,416,0:51:4,0,[StatementsData_logId:3,DuelResponsesData_logId:6]
6429003,417,0:51:4,0,[StatementsData_logId:3,DuelResponsesData_logId:6]
6429003,413,0:51:9,0,[StatementsData_logId:3,DuelResponsesData_logId:7]
6429003,414,0:51:10,0,[StatementsData_logId:3,DuelResponsesData_logId:7]
6429003,415,0:51:17,0,[StatementsData_logId:3,DuelResponsesData_logId:7,DuelResponsesData_ok_player_response]
6429003,416,0:51:18,0,[StatementsData_logId:3,DuelResponsesData_logId:7]
6429003,417,0:51:21,0,[StatementsData_logId:3,DuelResponsesData_logId:7]
6429003,413,0:51:28,0,[StatementsData_logId:3,DuelResponsesData_logId:8]
6429003,414,0:51:29,0,[StatementsData_logId:3,DuelResponsesData_logId:8]
6429003,415,0:51:46,0,[StatementsData_logId:3,DuelResponsesData_logId:8,DuelResponsesData_ok_player_response]
6429003,416,0:51:46,0,[StatementsData_logId:3,DuelResponsesData_logId:8]
6429003,417,0:51:48,0,[StatementsData_logId:3,DuelResponsesData_logId:8]
6429003,418,0:51:48,0,[StatementsData_logId:3,true]
6429003,419,0:51:53,0,[StatementsData_logId:3,4]
6429003,411,0:51:56,0,[StatementsData_logId:3]
6429003,401,0:51:58,0,[StatementsData_logId:4]
6429003,402,0:52:1,0,[StatementsData_logId:4,true]
6429003,405,0:52:2,0,[StatementsData_logId:4]
6429003,406,0:52:3,0,[StatementsData_logId:4,2]
6429003,411,0:52:4,0,[StatementsData_logId:4]
6429003,401,0:52:11,0,[StatementsData_logId:5]
6429003,404,0:52:18,0,[StatementsData_logId:5,true]
6429003,406,0:52:19,0,[StatementsData_logId:5,2]
6429003,412,0:52:22,0,[StatementsData_logId:5]
6429003,413,0:52:25,0,[StatementsData_logId:5,DuelResponsesData_logId:9]
6429003,414,0:52:27,0,[StatementsData_logId:5,DuelResponsesData_logId:9]
6429003,415,0:52:39,0,[StatementsData_logId:5,DuelResponsesData_logId:9,DuelResponsesData_ok_player_response]
6429003,416,0:52:41,0,[StatementsData_logId:5,DuelResponsesData_logId:9]
6429003,417,0:52:43,0,[StatementsData_logId:5,DuelResponsesData_logId:9]
6429003,413,0:52:45,0,[StatementsData_logId:5,DuelResponsesData_logId:10]
6429003,414,0:52:46,0,[StatementsData_logId:5,DuelResponsesData_logId:10]
6429003,415,0:53:7,0,[StatementsData_logId:5,DuelResponsesData_logId:10,DuelResponsesData_witty_player_response]
6429003,416,0:53:7,0,[StatementsData_logId:5,DuelResponsesData_logId:10]
6429003,417,0:53:9,0,[StatementsData_logId:5,DuelResponsesData_logId:10]
6429003,413,0:53:16,0,[StatementsData_logId:5,DuelResponsesData_logId:11]
6429003,414,0:53:17,0,[StatementsData_logId:5,DuelResponsesData_logId:11]
6429003,415,0:53:42,0,[StatementsData_logId:5,DuelResponsesData_logId:11,DuelResponsesData_ok_player_response]
6429003,416,0:53:43,0,[StatementsData_logId:5,DuelResponsesData_logId:11]
6429003,417,0:53:45,0,[StatementsData_logId:5,DuelResponsesData_logId:11]
6429003,418,0:53:45,0,[StatementsData_logId:5,true]
6429003,419,0:53:49,0,[StatementsData_logId:5,4]
6429003,411,0:53:51,0,[StatementsData_logId:5]
6429003,420,0:53:51,0,[56]
6429003,1005,0:53:51,0,[0,0,2]
6429003,1001,0:53:54,0,[]
6429003,1003,0:53:54,0
6429003,210,0:53:57,952,476
6429003,211,0:53:58,973,460
6429003,213,0:53:58,0,c_bestFriend_F_a_G7a1P,true
6429003,1003,0:54:1,0
6429003,1004,0:54:2,0
6429003,400,0:54:4,0,[]
6429003,401,0:54:6,0,[StatementsData_logId:0]
6429003,403,0:54:12,0,[StatementsData_logId:0,true]
6429003,405,0:54:13,0,[StatementsData_logId:0]
6429003,406,0:54:13,0,[StatementsData_logId:0,2]
6429003,407,0:54:13,0,[StatementsData_logId:0,FactCardData_id:5]
6429003,407,0:54:13,0,[StatementsData_logId:0,FactCardData_id:0]
6429003,407,0:54:13,0,[StatementsData_logId:0,FactCardData_id:3]
6429003,407,0:54:13,0,[StatementsData_logId:0,FactCardData_id:7]
6429003,407,0:54:13,0,[StatementsData_logId:0,FactCardData_id:4]
6429003,407,0:54:13,0,[StatementsData_logId:0,FactCardData_id:6]
6429003,407,0:54:15,0,[StatementsData_logId:0,FactCardData_id:4]
6429003,407,0:54:15,0,[StatementsData_logId:0,FactCardData_id:4]
6429003,407,0:54:16,0,[StatementsData_logId:0,FactCardData_id:0]
6429003,407,0:54:16,0,[StatementsData_logId:0,FactCardData_id:4]
6429003,407,0:54:16,0,[StatementsData_logId:0,FactCardData_id:0]
6429003,407,0:54:19,0,[StatementsData_logId:0,FactCardData_id:7]
6429003,407,0:54:19,0,[StatementsData_logId:0,FactCardData_id:0]
6429003,407,0:54:19,0,[StatementsData_logId:0,FactCardData_id:7]
6429003,408,0:54:22,0,[StatementsData_logId:0,FactCardData_id:7,false]
6429003,406,0:54:24,0,[StatementsData_logId:0,-2]
6429003,411,0:54:28,0,[StatementsData_logId:0]
6429003,1002,0:55:21,0
6429003,1003,0:55:21,0
6429003,1004,0:55:22,0
6429003,400,0:55:24,0,[]
6429003,401,0:55:25,0,[StatementsData_logId:0]
6429003,403,0:55:27,0,[StatementsData_logId:0,true]
6429003,405,0:55:28,0,[StatementsData_logId:0]
6429003,406,0:55:32,0,[StatementsData_logId:0,2]
6429003,407,0:55:32,0,[StatementsData_logId:0,FactCardData_id:0]
6429003,407,0:55:32,0,[StatementsData_logId:0,FactCardData_id:3]
6429003,407,0:55:32,0,[StatementsData_logId:0,FactCardData_id:4]
6429003,407,0:55:32,0,[StatementsData_logId:0,FactCardData_id:7]
6429003,407,0:55:32,0,[StatementsData_logId:0,FactCardData_id:5]
6429003,407,0:55:32,0,[StatementsData_logId:0,FactCardData_id:6]
6429003,407,0:55:33,0,[StatementsData_logId:0,FactCardData_id:7]
6429003,407,0:55:33,0,[StatementsData_logId:0,FactCardData_id:7]
6429003,407,0:55:35,0,[StatementsData_logId:0,FactCardData_id:6]
6429003,407,0:55:35,0,[StatementsData_logId:0,FactCardData_id:7]
6429003,407,0:55:35,0,[StatementsData_logId:0,FactCardData_id:6]
6429003,408,0:55:38,0,[StatementsData_logId:0,FactCardData_id:6,true]
6429003,409,0:55:38,0,[StatementsData_logId:0]
6429003,410,0:55:39,0,[StatementsData_logId:0,2]
6429003,412,0:55:41,0,[StatementsData_logId:0]
6429003,413,0:55:42,0,[StatementsData_logId:0,DuelResponsesData_logId:0]
6429003,414,0:55:48,0,[StatementsData_logId:0,DuelResponsesData_logId:0]
6429003,415,0:56:0,0,[StatementsData_logId:0,DuelResponsesData_logId:0,DuelResponsesData_ok_player_response]
6429003,416,0:56:0,0,[StatementsData_logId:0,DuelResponsesData_logId:0]
6429003,417,0:56:1,0,[StatementsData_logId:0,DuelResponsesData_logId:0]
6429003,413,0:56:3,0,[StatementsData_logId:0,DuelResponsesData_logId:1]
6429003,414,0:56:6,0,[StatementsData_logId:0,DuelResponsesData_logId:1]
6429003,415,0:56:13,0,[StatementsData_logId:0,DuelResponsesData_logId:1,DuelResponsesData_witty_player_response]
6429003,416,0:56:13,0,[StatementsData_logId:0,DuelResponsesData_logId:1]
6429003,417,0:56:15,0,[StatementsData_logId:0,DuelResponsesData_logId:1]
6429003,413,0:56:17,0,[StatementsData_logId:0,DuelResponsesData_logId:2]
6429003,414,0:56:24,0,[StatementsData_logId:0,DuelResponsesData_logId:2]
6429003,415,0:56:35,0,[StatementsData_logId:0,DuelResponsesData_logId:2,DuelResponsesData_witty_player_response]
6429003,416,0:56:36,0,[StatementsData_logId:0,DuelResponsesData_logId:2]
6429003,417,0:56:37,0,[StatementsData_logId:0,DuelResponsesData_logId:2]
6429003,418,0:56:37,0,[StatementsData_logId:0,true]
6429003,419,0:56:41,0,[StatementsData_logId:0,4]
6429003,411,0:56:43,0,[StatementsData_logId:0]
6429003,401,0:56:47,0,[StatementsData_logId:1]
6429003,402,0:56:50,0,[StatementsData_logId:1,true]
6429003,405,0:56:51,0,[StatementsData_logId:1]
6429003,406,0:56:52,0,[StatementsData_logId:1,2]
6429003,411,0:56:54,0,[StatementsData_logId:1]
6429003,401,0:56:56,0,[StatementsData_logId:2]
6429003,404,0:57:1,0,[StatementsData_logId:2,true]
6429003,406,0:57:2,0,[StatementsData_logId:2,2]
6429003,412,0:57:6,0,[StatementsData_logId:2]
6429003,413,0:57:8,0,[StatementsData_logId:2,DuelResponsesData_logId:3]
6429003,414,0:57:9,0,[StatementsData_logId:2,DuelResponsesData_logId:3]
6429003,415,0:57:19,0,[StatementsData_logId:2,DuelResponsesData_logId:3,DuelResponsesData_ok_player_response]
6429003,416,0:57:20,0,[StatementsData_logId:2,DuelResponsesData_logId:3]
6429003,417,0:57:20,0,[StatementsData_logId:2,DuelResponsesData_logId:3]
6429003,413,0:57:26,0,[StatementsData_logId:2,DuelResponsesData_logId:4]
6429003,414,0:57:35,0,[StatementsData_logId:2,DuelResponsesData_logId:4]
6429003,415,0:57:54,0,[StatementsData_logId:2,DuelResponsesData_logId:4,DuelResponsesData_witty_player_response]
6429003,416,0:57:57,0,[StatementsData_logId:2,DuelResponsesData_logId:4]
6429003,417,0:57:58,0,[StatementsData_logId:2,DuelResponsesData_logId:4]
6429003,413,0:57:58,0,[StatementsData_logId:2,DuelResponsesData_logId:5]
6429003,414,0:58:0,0,[StatementsData_logId:2,DuelResponsesData_logId:5]
6429003,415,0:58:18,0,[StatementsData_logId:2,DuelResponsesData_logId:5,DuelResponsesData_witty_player_response]
6429003,416,0:58:19,0,[StatementsData_logId:2,DuelResponsesData_logId:5]
6429003,417,0:58:21,0,[StatementsData_logId:2,DuelResponsesData_logId:5]
6429003,418,0:58:21,0,[StatementsData_logId:2,true]
6429003,419,0:58:31,0,[StatementsData_logId:2,4]
6429003,411,0:58:34,0,[StatementsData_logId:2]
6429003,401,0:58:37,0,[StatementsData_logId:3]
6429003,403,0:58:41,0,[StatementsData_logId:3,true]
6429003,405,0:58:42,0,[StatementsData_logId:3]
6429003,406,0:58:43,0,[StatementsData_logId:3,2]
6429003,407,0:58:43,0,[StatementsData_logId:3,FactCardData_id:6]
6429003,407,0:58:43,0,[StatementsData_logId:3,FactCardData_id:3]
6429003,407,0:58:43,0,[StatementsData_logId:3,FactCardData_id:0]
6429003,407,0:58:43,0,[StatementsData_logId:3,FactCardData_id:4]
6429003,407,0:58:43,0,[StatementsData_logId:3,FactCardData_id:5]
6429003,407,0:58:43,0,[StatementsData_logId:3,FactCardData_id:7]
6429003,407,0:58:44,0,[StatementsData_logId:3,FactCardData_id:5]
6429003,407,0:58:44,0,[StatementsData_logId:3,FactCardData_id:5]
6429003,407,0:58:45,0,[StatementsData_logId:3,FactCardData_id:7]
6429003,407,0:58:45,0,[StatementsData_logId:3,FactCardData_id:5]
6429003,407,0:58:45,0,[StatementsData_logId:3,FactCardData_id:7]
6429003,407,0:58:46,0,[StatementsData_logId:3,FactCardData_id:4]
6429003,407,0:58:46,0,[StatementsData_logId:3,FactCardData_id:7]
6429003,407,0:58:46,0,[StatementsData_logId:3,FactCardData_id:4]
6429003,407,0:58:46,0,[StatementsData_logId:3,FactCardData_id:7]
6429003,407,0:58:46,0,[StatementsData_logId:3,FactCardData_id:4]
6429003,407,0:58:46,0,[StatementsData_logId:3,FactCardData_id:7]
6429003,407,0:58:47,0,[StatementsData_logId:3,FactCardData_id:3]
6429003,407,0:58:47,0,[StatementsData_logId:3,FactCardData_id:7]
6429003,407,0:58:47,0,[StatementsData_logId:3,FactCardData_id:3]
6429003,407,0:58:49,0,[StatementsData_logId:3,FactCardData_id:4]
6429003,407,0:58:49,0,[StatementsData_logId:3,FactCardData_id:3]
6429003,407,0:58:49,0,[StatementsData_logId:3,FactCardData_id:4]
6429003,407,0:58:49,0,[StatementsData_logId:3,FactCardData_id:6]
6429003,407,0:58:49,0,[StatementsData_logId:3,FactCardData_id:4]
6429003,407,0:58:49,0,[StatementsData_logId:3,FactCardData_id:6]
6429003,407,0:58:50,0,[StatementsData_logId:3,FactCardData_id:0]
6429003,407,0:58:50,0,[StatementsData_logId:3,FactCardData_id:6]
6429003,407,0:58:50,0,[StatementsData_logId:3,FactCardData_id:0]
6429003,408,0:58:52,0,[StatementsData_logId:3,FactCardData_id:0,true]
6429003,409,0:58:52,0,[StatementsData_logId:3]
6429003,410,0:58:53,0,[StatementsData_logId:3,2]
6429003,412,0:58:55,0,[StatementsData_logId:3]
6429003,413,0:58:59,0,[StatementsData_logId:3,DuelResponsesData_logId:6]
6429003,414,0:59:1,0,[StatementsData_logId:3,DuelResponsesData_logId:6]
6429003,415,0:59:12,0,[StatementsData_logId:3,DuelResponsesData_logId:6,DuelResponsesData_ok_player_response]
6429003,416,0:59:13,0,[StatementsData_logId:3,DuelResponsesData_logId:6]
6429003,417,0:59:14,0,[StatementsData_logId:3,DuelResponsesData_logId:6]
6429003,413,0:59:19,0,[StatementsData_logId:3,DuelResponsesData_logId:7]
6429003,414,0:59:20,0,[StatementsData_logId:3,DuelResponsesData_logId:7]
6429003,415,0:59:24,0,[StatementsData_logId:3,DuelResponsesData_logId:7,DuelResponsesData_ok_player_response]
6429003,416,0:59:25,0,[StatementsData_logId:3,DuelResponsesData_logId:7]
6429003,417,0:59:26,0,[StatementsData_logId:3,DuelResponsesData_logId:7]
6429003,413,0:59:28,0,[StatementsData_logId:3,DuelResponsesData_logId:8]
6429003,414,0:59:29,0,[StatementsData_logId:3,DuelResponsesData_logId:8]
6429003,415,0:59:46,0,[StatementsData_logId:3,DuelResponsesData_logId:8,DuelResponsesData_lame_player_response]
6429003,416,0:59:48,0,[StatementsData_logId:3,DuelResponsesData_logId:8]
6429003,417,0:59:49,0,[StatementsData_logId:3,DuelResponsesData_logId:8]
6429003,418,0:59:49,0,[StatementsData_logId:3,true]
6429003,419,0:59:51,0,[StatementsData_logId:3,4]
6429003,411,0:59:53,0,[StatementsData_logId:3]
6429003,401,0:59:55,0,[StatementsData_logId:4]
6429003,402,0:59:59,0,[StatementsData_logId:4,true]
6429003,405,1:0:0,0,[StatementsData_logId:4]
6429003,406,1:0:0,0,[StatementsData_logId:4,2]
6429003,411,1:0:1,0,[StatementsData_logId:4]
6429003,401,1:0:4,0,[StatementsData_logId:5]
6429003,402,1:0:9,0,[StatementsData_logId:5,false]
6429003,405,1:0:10,0,[StatementsData_logId:5]
6429003,406,1:0:10,0,[StatementsData_logId:5,-2]
6429003,411,1:0:12,0,[StatementsData_logId:5]
6429003,420,1:0:12,0,[56]
6429003,1000,1:0:14,0,[]
6429003,400,1:0:15,0,[]
6429003,401,1:0:15,0,[StatementsData_logId:0]
6429003,1002,1:0:18,0
6429003,1003,1:0:18,0
6429003,213,1:0:21,0,c_bestFriend_F_a_G7a1P,true
6429003,221,1:0:25,0
6429003,220,1:0:32,0
6429003,210,1:0:34,843,457
6429003,211,1:0:34,857,482
6429003,210,1:0:38,986,474
6429003,211,1:0:38,1035,545
6429003,210,1:0:38,980,490
6429003,211,1:0:41,1008,327
6429003,204,1:0:41,0
6429003,103,1:0:43
6429003,105,1:0:44
6429003,703,1:0:46,[|| EpilogueItem ID: 0 unlocked: false ||,|| EpilogueItem ID: 1 unlocked: false ||,|| EpilogueItem ID: 2 unlocked: false ||,|| EpilogueItem ID: 3 unlocked: false ||,|| EpilogueItem ID: 4 unlocked: false ||,|| EpilogueItem ID: 5 unlocked: false ||,|| EpilogueItem ID: 6 unlocked: false ||,|| EpilogueItem ID: 7 unlocked: false ||,|| EpilogueItem ID: 8 unlocked: false ||,|| EpilogueItem ID: 9 unlocked: false ||,|| EpilogueItem ID: 10 unlocked: false ||,|| EpilogueItem ID: 11 unlocked: false ||,|| EpilogueItem ID: 12 unlocked: false ||,|| EpilogueItem ID: 13 unlocked: false ||,|| EpilogueItem ID: 14 unlocked: false ||,|| EpilogueItem ID: 15 unlocked: false ||,|| EpilogueItem ID: 16 unlocked: false ||,|| EpilogueItem ID: 17 unlocked: false ||,|| EpilogueItem ID: 18 unlocked: false ||,|| EpilogueItem ID: 19 unlocked: false ||,|| EpilogueItem ID: 20 unlocked: false ||,|| EpilogueItem ID: 21 unlocked: false ||,|| EpilogueItem ID: 22 unlocked: false ||,|| EpilogueItem ID: 23 unlocked: false ||,|| EpilogueItem ID: 24 unlocked: false ||],0
6429003,706,1:0:50,(x=240, y=-100, w=1024, h=768),(x=290, y=-100, w=1024, h=768)
6429003,706,1:0:54,(x=2412, y=-100, w=1024, h=768),(x=2531, y=-100, w=1024, h=768)
6429003,706,1:0:55,(x=1773, y=-100, w=1024, h=768),(x=1669, y=-100, w=1024, h=768)
6429003,706,1:0:56,(x=1730, y=-100, w=1024, h=768),(x=1730, y=-100, w=1024, h=768)
6429003,704,1:0:56,9
6429003,706,1:0:56,(x=1730, y=-100, w=1024, h=768),(x=1730, y=-100, w=1024, h=768)
6429003,706,1:0:58,(x=1392, y=-100, w=1024, h=768),(x=1306, y=-100, w=1024, h=768)
6429003,706,1:1:1,(x=15, y=-100, w=1024, h=768),(x=176, y=-100, w=1024, h=768)
6429003,704,1:1:1,13
6429003,706,1:1:1,(x=15, y=-100, w=1024, h=768),(x=176, y=-100, w=1024, h=768)
6429003,705,1:1:2,13,true
6429003,706,1:1:3,(x=15, y=-100, w=1024, h=768),(x=176, y=-100, w=1024, h=768)
6429003,706,1:1:4,(x=173, y=-100, w=1024, h=768),(x=164, y=-100, w=1024, h=768)
6429003,704,1:1:4,14
6429003,706,1:1:4,(x=173, y=-100, w=1024, h=768),(x=164, y=-100, w=1024, h=768)
6429003,705,1:1:8,14,true
6429003,704,1:1:8,0
6429003,706,1:1:8,(x=173, y=-100, w=1024, h=768),(x=164, y=-100, w=1024, h=768)
6429003,704,1:1:10,2
6429003,706,1:1:10,(x=173, y=-100, w=1024, h=768),(x=164, y=-100, w=1024, h=768)
6429003,704,1:1:11,15
6429003,706,1:1:11,(x=173, y=-100, w=1024, h=768),(x=164, y=-100, w=1024, h=768)
6429003,705,1:1:12,15,true
6429003,706,1:1:14,(x=289, y=-100, w=1024, h=768),(x=226, y=-100, w=1024, h=768)
6429003,706,1:1:16,(x=1959, y=-100, w=1024, h=768),(x=2198, y=-100, w=1024, h=768)
6429003,706,1:1:18,(x=2531, y=-100, w=1024, h=768),(x=2531, y=-100, w=1024, h=768)
6429003,708,1:1:22
6429003,1,1:1:22,3/27/2013 5:12:19pm,{"gameTime":3682215,"session":[{"stackId":12,"sceneId":"1P"},{"stackId":0,"sceneId":"1P"}],"challengeStacks":[{"resolved":false,"challengeScenes":[{"keyPoints":["c_teacherEng_G7a0","c_bestFriend_F_a_G7a0","s_flag_gen"],"viewedAnimatic":true,"touchableObjects":["s_vocabAssignment_G7a0","s_doorClassroom_G7a0","c_friend1_F_a_G7a0","s_poePoster_gen","c_crewKid1_F_G7a0","s_otherStudent1_G7a0","c_teacherEng_G7a0","c_bestFriend_F_a_G7a0","s_flag_gen","s_angelouPoster_gen","s_shakespearePoster_gen","s_atwoodPoster_gen","s_clock_G7a0"],"unlocked":true,"miniGameCards":[]},{"keyPoints":["c_teacherEng_G7a1N","c_bestFriend_F_a_G7a1N","s_paperPlayers_G7a1N"],"viewedAnimatic":true,"touchableObjects":["c_teacherEng_G7a1N","s_otherStudent2_G7a1N","s_otherStudent1_G7a1N","c_crewKid1_F_G7a1N","s_flag_gen","s_poePoster_gen","s_shakespearePoster_gen","s_atwoodPoster_gen","s_angelouPoster_gen","c_bestFriend_F_a_G7a1N","s_posterPlagiarism_gen","s_paperPlayers_G7a1N"],"unlocked":true,"miniGameCards":[]},{"keyPoints":["c_teacherEng_G7a1P","s_flag_gen","s_paperEnglish_gen"],"viewedAnimatic":true,"touchableObjects":["c_teacherEng_G7a1P","s_clock_G7a1P","s_paperPlayers_G7a1P","s_poePoster_gen","s_shakespearePoster_gen","s_angelouPoster_gen","s_atwoodPoster_gen","s_flag_gen","s_paperEnglish_gen"],"unlocked":true,"miniGameCards":[]}],"stackSize":3},{"resolved":false,"challengeScenes":[{"keyPoints":[],"viewedAnimatic":false,"touchableObjects":[],"unlocked":false,"miniGameCards":[]},{"keyPoints":[],"viewedAnimatic":false,"touchableObjects":[],"unlocked":false,"miniGameCards":[]},{"keyPoints":[],"viewedAnimatic":false,"touchableObjects":[],"unlocked":false,"miniGameCards":[]},{"keyPoints":[],"viewedAnimatic":false,"touchableObjects":[],"unlocked":false,"miniGameCards":[]},{"keyPoints":[],"viewedAnimatic":false,"touchableObjects":[],"unlocked":false,"miniGameCards":[]}],"stackSize":5},{"resolved":false,"challengeScenes":[{"keyPoints":[],"viewedAnimatic":false,"touchableObjects":[],"unlocked":false,"miniGameCards":[]},{"keyPoints":[],"viewedAnimatic":false,"touchableObjects":[],"unlocked":false,"miniGameCards":[]},{"keyPoints":[],"viewedAnimatic":false,"touchableObjects":[],"unlocked":false,"miniGameCards":[]},{"keyPoints":[],"viewedAnimatic":false,"touchableObjects":[],"unlocked":false,"miniGameCards":[]},{"keyPoints":[],"viewedAnimatic":false,"touchableObjects":[],"unlocked":false,"miniGameCards":[]},{"keyPoints":[],"viewedAnimatic":false,"touchableObjects":[],"unlocked":false,"miniGameCards":[]},{"keyPoints":[],"viewedAnimatic":false,"touchableObjects":[],"unlocked":false,"miniGameCards":[]}],"stackSize":7},{"resolved":false,"challengeScenes":[{"keyPoints":[],"viewedAnimatic":false,"touchableObjects":[],"unlocked":false,"miniGameCards":[]},{"keyPoints":[],"viewedAnimatic":false,"touchableObjects":[],"unlocked":false,"miniGameCards":[]},{"keyPoints":[],"viewedAnimatic":false,"touchableObjects":[],"unlocked":false,"miniGameCards":[]},{"keyPoints":[],"viewedAnimatic":false,"touchableObjects":[],"unlocked":false,"miniGameCards":[]},{"keyPoints":[],"viewedAnimatic":false,"touchableObjects":[],"unlocked":false,"miniGameCards":[]}],"stackSize":5},{"resolved":false,"challengeScenes":[{"keyPoints":[],"viewedAnimatic":false,"touchableObjects":[],"unlocked":false,"miniGameCards":[]},{"keyPoints":[],"viewedAnimatic":false,"touchableObjects":[],"unlocked":false,"miniGameCards":[]},{"keyPoints":[],"viewedAnimatic":false,"touchableObjects":[],"unlocked":false,"miniGameCards":[]},{"keyPoints":[],"viewedAnimatic":false,"touchableObjects":[],"unlocked":false,"miniGameCards":[]},{"keyPoints":[],"viewedAnimatic":false,"touchableObjects":[],"unlocked":false,"miniGameCards":[]}],"stackSize":5},{"resolved":false,"challengeScenes":[{"keyPoints":[],"viewedAnimatic":false,"touchableObjects":[],"unlocked":false,"miniGameCards":[]},{"keyPoints":[],"viewedAnimatic":false,"touchableObjects":[],"unlocked":false,"miniGameCards":[]},{"keyPoints":[],"viewedAnimatic":false,"touchableObjects":[],"unlocked":false,"miniGameCards":[]},{"keyPoints":[],"viewedAnimatic":false,"touchableObjects":[],"unlocked":false,"miniGameCards":[]},{"keyPoints":[],"viewedAnimatic":false,"touchableObjects":[],"unlocked":false,"miniGameCards":[]}],"stackSize":5},{"resolved":false,"challengeScenes":[{"keyPoints":[],"viewedAnimatic":false,"touchableObjects":[],"unlocked":false,"miniGameCards":[]},{"keyPoints":[],"viewedAnimatic":false,"touchableObjects":[],"unlocked":false,"miniGameCards":[]},{"keyPoints":[],"viewedAnimatic":false,"touchableObjects":[],"unlocked":false,"miniGameCards":[]},{"keyPoints":[],"viewedAnimatic":false,"touchableObjects":[],"unlocked":false,"miniGameCards":[]},{"keyPoints":[],"viewedAnimatic":false,"touchableObjects":[],"unlocked":false,"miniGameCards":[]}],"stackSize":5},{"resolved":false,"challengeScenes":[{"keyPoints":[],"viewedAnimatic":false,"touchableObjects":[],"unlocked":false,"miniGameCards":[]},{"keyPoints":[],"viewedAnimatic":false,"touchableObjects":[],"unlocked":false,"miniGameCards":[]},{"keyPoints":[],"viewedAnimatic":false,"touchableObjects":[],"unlocked":false,"miniGameCards":[]},{"keyPoints":[],"viewedAnimatic":false,"touchableObjects":[],"unlocked":false,"miniGameCards":[]},{"keyPoints":[],"viewedAnimatic":false,"touchableObjects":[],"unlocked":false,"miniGameCards":[]}],"stackSize":5},{"resolved":false,"challengeScenes":[{"keyPoints":[],"viewedAnimatic":false,"touchableObjects":[],"unlocked":false,"miniGameCards":[]},{"keyPoints":[],"viewedAnimatic":false,"touchableObjects":[],"unlocked":false,"miniGameCards":[]},{"keyPoints":[],"viewedAnimatic":false,"touchableObjects":[],"unlocked":false,"miniGameCards":[]},{"keyPoints":[],"viewedAnimatic":false,"touchableObjects":[],"unlocked":false,"miniGameCards":[]},{"keyPoints":[],"viewedAnimatic":false,"touchableObjects":[],"unlocked":false,"miniGameCards":[]}],"stackSize":5},{"resolved":false,"challengeScenes":[{"keyPoints":[],"viewedAnimatic":false,"touchableObjects":[],"unlocked":false,"miniGameCards":[]},{"keyPoints":[],"viewedAnimatic":false,"touchableObjects":[],"unlocked":false,"miniGameCards":[]},{"keyPoints":[],"viewedAnimatic":false,"touchableObjects":[],"unlocked":false,"miniGameCards":[]},{"keyPoints":[],"viewedAnimatic":false,"touchableObjects":[],"unlocked":false,"miniGameCards":[]},{"keyPoints":[],"viewedAnimatic":false,"touchableObjects":[],"unlocked":false,"miniGameCards":[]}],"stackSize":5},{"resolved":false,"challengeScenes":[{"keyPoints":[],"viewedAnimatic":false,"touchableObjects":[],"unlocked":false,"miniGameCards":[]},{"keyPoints":[],"viewedAnimatic":false,"touchableObjects":[],"unlocked":false,"miniGameCards":[]},{"keyPoints":[],"viewedAnimatic":false,"touchableObjects":[],"unlocked":false,"miniGameCards":[]},{"keyPoints":[],"viewedAnimatic":false,"touchableObjects":[],"unlocked":false,"miniGameCards":[]},{"keyPoints":[],"viewedAnimatic":false,"touchableObjects":[],"unlocked":false,"miniGameCards":[]}],"stackSize":5},{"resolved":false,"challengeScenes":[{"keyPoints":[],"viewedAnimatic":false,"touchableObjects":[],"unlocked":false,"miniGameCards":[]},{"keyPoints":[],"viewedAnimatic":false,"touchableObjects":[],"unlocked":false,"miniGameCards":[]},{"keyPoints":[],"viewedAnimatic":false,"touchableObjects":[],"unlocked":false,"miniGameCards":[]},{"keyPoints":[],"viewedAnimatic":false,"touchableObjects":[],"unlocked":false,"miniGameCards":[]},{"keyPoints":[],"viewedAnimatic":false,"touchableObjects":[],"unlocked":false,"miniGameCards":[]}],"stackSize":5},{"resolved":true,"challengeScenes":[{"keyPoints":[],"viewedAnimatic":false,"touchableObjects":["c_friends_G0a0"],"unlocked":true,"miniGameCards":[]},{"keyPoints":["c_job_G0a1N","c_family_lati_a_G0a1N","c_home_G0a1N"],"viewedAnimatic":false,"touchableObjects":["c_job_G0a1N","c_family_lati_a_G0a1N","c_player_lati_F_a_G0a1N","c_home_G0a1N"],"unlocked":true,"miniGameCards":[]},{"keyPoints":["c_dad_lati_a_G0a1P","c_mom_lati_a_G0a1P","c_Teacher_G0a1P","c_grandma_lati_a_G0a1P","c_kidsister_lati_a_G0a1P","c_Nurse_G0a1P"],"viewedAnimatic":false,"touchableObjects":["c_friends_G0a1P","c_cousins_F_a_G0a1P","c_dad_lati_a_G0a1P","c_mom_lati_a_G0a1P","c_Teacher_G0a1P","c_grandma_lati_a_G0a1P","c_kidsister_lati_a_G0a1P","c_Nurse_G0a1P"],"unlocked":true,"miniGameCards":[]}],"stackSize":3}],"minigames":[{"levelSaveData":[{"starRating":2,"unlocked":true},{"starRating":0,"unlocked":false},{"starRating":0,"unlocked":false},{"starRating":0,"unlocked":false},{"starRating":0,"unlocked":false},{"starRating":0,"unlocked":false},{"starRating":0,"unlocked":false},{"starRating":0,"unlocked":false},{"starRating":0,"unlocked":false},{"starRating":0,"unlocked":false}],"skillPoints":2},{"levelSaveData":[{"starRating":3,"unlocked":true},{"starRating":0,"unlocked":false},{"starRating":0,"unlocked":false},{"starRating":0,"unlocked":false},{"starRating":0,"unlocked":false},{"starRating":0,"unlocked":false},{"starRating":0,"unlocked":false},{"starRating":0,"unlocked":false},{"starRating":0,"unlocked":false},{"starRating":0,"unlocked":false}],"skillPoints":3},{"levelSaveData":[{"starRating":3,"unlocked":true},{"starRating":0,"unlocked":false},{"starRating":0,"unlocked":false},{"starRating":0,"unlocked":false},{"starRating":0,"unlocked":false},{"starRating":0,"unlocked":false},{"starRating":0,"unlocked":false},{"starRating":0,"unlocked":false},{"starRating":0,"unlocked":false},{"starRating":0,"unlocked":false}],"skillPoints":3},{"levelSaveData":[{"starRating":0,"unlocked":false},{"starRating":0,"unlocked":false},{"starRating":0,"unlocked":false},{"starRating":0,"unlocked":false},{"starRating":0,"unlocked":false},{"starRating":0,"unlocked":false},{"starRating":0,"unlocked":false},{"starRating":0,"unlocked":false},{"starRating":0,"unlocked":false},{"starRating":0,"unlocked":false}],"skillPoints":0},{"name":"jada","gender":1,"visualAvatar":0,"age":12,"levelSaveData":[{"starRating":3,"unlocked":true},{"chunks":[["1"],["20$$funny","7$$cool"],["5$$i love animals","10$$i love games","0$$i love family"],["0"]],"unlocked":true,"starRating":3},{"chunks":[[null],[null,null],[null,null]],"unlocked":false,"starRating":0},{"chunks":[[null],[null],[null],[null],[null,null],[null]],"unlocked":false,"starRating":0},{"chunks":[[null],[null],[null,null],[null],[null],[null]],"unlocked":false,"starRating":0},{"chunks":[[null],[null,null,null,null],[null],[null]],"unlocked":false,"starRating":0},{"chunks":[[null],[null],[null,null],[null,null],[null]],"unlocked":false,"starRating":0},{"chunks":[[null,null,null],[null,null,null],[null],[null],[null]],"unlocked":false,"starRating":0},{"chunks":[[null,null,null],[null,null,null],[null,null]],"unlocked":false,"starRating":0},{"chunks":[[null],[null],[null],[null],[null],[null]],"unlocked":false,"starRating":0}],"id":2,"skillPoints":6}],"playerId":6429003,"epilogue":{"rating":0},"sessionId":1,"avatar":{"name":"jada","gender":1,"visualAvatar":0,"age":12,"levelSaveData":[{"starRating":3,"unlocked":true},{"chunks":[["1"],["20$$funny","7$$cool"],["5$$i love animals","10$$i love games","0$$i love family"],["0"]],"unlocked":true,"starRating":3},{"chunks":[[null],[null,null],[null,null]],"unlocked":false,"starRating":0},{"chunks":[[null],[null],[null],[null],[null,null],[null]],"unlocked":false,"starRating":0},{"chunks":[[null],[null],[null,null],[null],[null],[null]],"unlocked":false,"starRating":0},{"chunks":[[null],[null,null,null,null],[null],[null]],"unlocked":false,"starRating":0},{"chunks":[[null],[null],[null,null],[null,null],[null]],"unlocked":false,"starRating":0},{"chunks":[[null,null,null],[null,null,null],[null],[null],[null]],"unlocked":false,"starRating":0},{"chunks":[[null,null,null],[null,null,null],[null,null]],"unlocked":false,"starRating":0},{"chunks":[[null],[null],[null],[null],[null],[null]],"unlocked":false,"starRating":0}],"id":2,"skillPoints":6}}
