6429003,0,4:21:36,4/15/2013 3:59:57pm
6429003,100,4:21:41,5
6429003,102,4:21:42,5
6429003,200,4:21:42,5,7,21,20,12,18
6429003,219,4:21:42,5
6429003,216,4:21:44,Stack_G9b0
6429003,217,4:22:2,Stack_G9b0,17,1.2
6429003,218,4:22:5,5
6429003,210,4:22:7,1077,442
6429003,211,4:22:9,859,397
6429003,213,4:22:9,5,c_kidSister_lati_a_G9b0,true
6429003,210,4:22:13,673,471
6429003,207,4:22:16,5,-200,-110
6429003,207,4:22:17,5,-110,0
6429003,207,4:22:19,5,0,-120
6429003,207,4:22:21,5,-120,-512
6429003,211,4:22:22,1396,540
6429003,213,4:22:22,5,s_computer_F_gen,true
6429003,205,4:22:22,5,s_computer_F_gen,false,false
6429003,210,4:22:26,1082,357
6429003,207,4:22:31,5,-512,-317
6429003,207,4:22:34,5,-317,0
6429003,211,4:22:35,216,471
6429003,212,4:22:37,1
6429003,210,4:22:38,705,400
6429003,211,4:22:41,270,608
6429003,213,4:22:41,5,s_cellPhone_F_G9b0,true
6429003,210,4:22:44,360,285
6429003,207,4:22:49,5,0,-165
6429003,211,4:22:50,996,290
6429003,213,4:22:50,5,s_pictureDad_lati_F_gen,true
6429003,205,4:22:50,5,s_pictureDad_lati_F_gen,false,false
6429003,210,4:22:55,882,390
6429003,207,4:22:56,5,-165,-195
6429003,211,4:22:56,1079,278
6429003,213,4:22:56,5,s_mirror_F_G9b0,true
6429003,205,4:22:56,5,s_mirror_F_G9b0,false,false
6429003,221,4:23:0,5
6429003,220,4:23:2,5
6429003,219,4:23:2,5
6429003,216,4:23:3,Stack_G9b1N
6429003,217,4:23:16,Stack_G9b1N,10,6.5
6429003,218,4:23:17,5
6429003,210,4:23:18,720,388
6429003,211,4:23:18,759,264
6429003,213,4:23:18,5,c_teacherEng_G9b1N,true
6429003,205,4:23:19,5,c_teacherEng_G9b1N,false,false
6429003,210,4:23:22,639,391
6429003,207,4:23:25,5,-200,0
6429003,211,4:23:29,1067,413
6429003,207,4:23:29,5,0,-60
6429003,210,4:23:29,1115,417
6429003,211,4:23:29,1151,345
6429003,207,4:23:29,5,-60,-165
6429003,210,4:23:30,1181,339
6429003,207,4:23:31,5,-165,-645
6429003,207,4:23:32,5,-645,-855
6429003,211,4:23:32,1698,501
6429003,213,4:23:32,5,s_coupleOnCouch_G9b1N,true
6429003,210,4:23:39,1388,373
6429003,207,4:23:42,5,-855,-995
6429003,211,4:23:42,1999,129
6429003,213,4:23:42,5,s_pictureDaddark_lati_gen,true
6429003,212,4:23:48,2
6429003,210,4:23:49,1664,554
6429003,211,4:23:54,1385,532
6429003,213,4:23:54,5,s_puddleFloor_G9b1N,true
6429003,210,4:23:58,1538,221
6429003,207,4:24:0,5,-995,-830
6429003,207,4:24:4,5,-830,0
6429003,211,4:24:11,1223,184
6429003,207,4:24:11,5,0,-225
6429003,210,4:24:11,1257,261
6429003,207,4:24:11,5,-225,-300
6429003,211,4:24:12,1207,184
6429003,212,4:24:13,0
6429003,210,4:24:13,934,372
6429003,207,4:24:15,5,-300,-45
6429003,207,4:24:21,5,-45,-255
6429003,207,4:24:22,5,-255,-105
6429003,211,4:24:23,307,466
6429003,213,4:24:23,5,s_joint_G9b1N,true
6429003,1003,4:24:26,0
6429003,1004,4:24:27,3
6429003,400,4:24:28,3,[]
6429003,401,4:24:37,3,[StatementsData_logId:0]
6429003,403,4:24:39,3,[StatementsData_logId:0,true]
6429003,405,4:24:40,3,[StatementsData_logId:0]
6429003,406,4:24:40,3,[StatementsData_logId:0,2]
6429003,407,4:24:40,3,[StatementsData_logId:0,FactCardData_id:19]
6429003,407,4:24:40,3,[StatementsData_logId:0,FactCardData_id:21]
6429003,407,4:24:40,3,[StatementsData_logId:0,FactCardData_id:22]
6429003,407,4:24:40,3,[StatementsData_logId:0,FactCardData_id:20]
6429003,407,4:24:40,3,[StatementsData_logId:0,FactCardData_id:18]
6429003,407,4:24:40,3,[StatementsData_logId:0,FactCardData_id:23]
6429003,407,4:24:42,3,[StatementsData_logId:0,FactCardData_id:19]
6429003,407,4:24:42,3,[StatementsData_logId:0,FactCardData_id:19]
6429003,408,4:24:43,3,[StatementsData_logId:0,FactCardData_id:19,true]
6429003,409,4:24:43,3,[StatementsData_logId:0]
6429003,410,4:24:44,3,[StatementsData_logId:0,2]
6429003,412,4:24:46,3,[StatementsData_logId:0]
6429003,413,4:24:49,3,[StatementsData_logId:0,DuelResponsesData_logId:0]
6429003,414,4:24:50,3,[StatementsData_logId:0,DuelResponsesData_logId:0]
6429003,415,4:25:0,3,[StatementsData_logId:0,DuelResponsesData_logId:0,DuelResponsesData_witty_player_response]
6429003,416,4:25:1,3,[StatementsData_logId:0,DuelResponsesData_logId:0]
6429003,417,4:25:2,3,[StatementsData_logId:0,DuelResponsesData_logId:0]
6429003,413,4:25:7,3,[StatementsData_logId:0,DuelResponsesData_logId:1]
6429003,414,4:25:8,3,[StatementsData_logId:0,DuelResponsesData_logId:1]
6429003,415,4:25:22,3,[StatementsData_logId:0,DuelResponsesData_logId:1,DuelResponsesData_witty_player_response]
6429003,416,4:25:23,3,[StatementsData_logId:0,DuelResponsesData_logId:1]
6429003,417,4:25:24,3,[StatementsData_logId:0,DuelResponsesData_logId:1]
6429003,413,4:25:30,3,[StatementsData_logId:0,DuelResponsesData_logId:2]
6429003,414,4:25:34,3,[StatementsData_logId:0,DuelResponsesData_logId:2]
6429003,415,4:25:39,3,[StatementsData_logId:0,DuelResponsesData_logId:2,DuelResponsesData_witty_player_response]
6429003,416,4:25:40,3,[StatementsData_logId:0,DuelResponsesData_logId:2]
6429003,417,4:25:41,3,[StatementsData_logId:0,DuelResponsesData_logId:2]
6429003,418,4:25:41,3,[StatementsData_logId:0,true]
6429003,419,4:25:44,3,[StatementsData_logId:0,4]
6429003,411,4:25:46,3,[StatementsData_logId:0]
6429003,401,4:25:50,3,[StatementsData_logId:1]
6429003,402,4:25:54,3,[StatementsData_logId:1,true]
6429003,405,4:25:54,3,[StatementsData_logId:1]
6429003,406,4:25:55,3,[StatementsData_logId:1,2]
6429003,411,4:25:57,3,[StatementsData_logId:1]
6429003,401,4:26:1,3,[StatementsData_logId:2]
6429003,403,4:26:1,3,[StatementsData_logId:2,false]
6429003,405,4:26:2,3,[StatementsData_logId:2]
6429003,406,4:26:6,3,[StatementsData_logId:2,-2]
6429003,411,4:26:7,3,[StatementsData_logId:2]
6429003,401,4:26:12,3,[StatementsData_logId:3]
6429003,403,4:26:15,3,[StatementsData_logId:3,true]
6429003,405,4:26:15,3,[StatementsData_logId:3]
6429003,406,4:26:16,3,[StatementsData_logId:3,2]
6429003,407,4:26:16,3,[StatementsData_logId:3,FactCardData_id:22]
6429003,407,4:26:16,3,[StatementsData_logId:3,FactCardData_id:23]
6429003,407,4:26:16,3,[StatementsData_logId:3,FactCardData_id:21]
6429003,407,4:26:16,3,[StatementsData_logId:3,FactCardData_id:18]
6429003,407,4:26:16,3,[StatementsData_logId:3,FactCardData_id:19]
6429003,407,4:26:16,3,[StatementsData_logId:3,FactCardData_id:20]
6429003,407,4:26:17,3,[StatementsData_logId:3,FactCardData_id:19]
6429003,407,4:26:17,3,[StatementsData_logId:3,FactCardData_id:19]
6429003,407,4:26:19,3,[StatementsData_logId:3,FactCardData_id:23]
6429003,407,4:26:19,3,[StatementsData_logId:3,FactCardData_id:19]
6429003,407,4:26:19,3,[StatementsData_logId:3,FactCardData_id:23]
6429003,407,4:26:20,3,[StatementsData_logId:3,FactCardData_id:18]
6429003,407,4:26:20,3,[StatementsData_logId:3,FactCardData_id:23]
6429003,407,4:26:20,3,[StatementsData_logId:3,FactCardData_id:18]
6429003,407,4:26:22,3,[StatementsData_logId:3,FactCardData_id:20]
6429003,407,4:26:22,3,[StatementsData_logId:3,FactCardData_id:18]
6429003,407,4:26:22,3,[StatementsData_logId:3,FactCardData_id:20]
6429003,407,4:26:25,3,[StatementsData_logId:3,FactCardData_id:22]
6429003,407,4:26:25,3,[StatementsData_logId:3,FactCardData_id:20]
6429003,407,4:26:25,3,[StatementsData_logId:3,FactCardData_id:22]
6429003,408,4:26:28,3,[StatementsData_logId:3,FactCardData_id:22,true]
6429003,409,4:26:28,3,[StatementsData_logId:3]
6429003,410,4:26:28,3,[StatementsData_logId:3,2]
6429003,412,4:26:30,3,[StatementsData_logId:3]
6429003,413,4:26:38,3,[StatementsData_logId:3,DuelResponsesData_logId:6]
6429003,414,4:26:39,3,[StatementsData_logId:3,DuelResponsesData_logId:6]
6429003,415,4:26:47,3,[StatementsData_logId:3,DuelResponsesData_logId:6,DuelResponsesData_ok_player_response]
6429003,416,4:26:48,3,[StatementsData_logId:3,DuelResponsesData_logId:6]
6429003,417,4:26:48,3,[StatementsData_logId:3,DuelResponsesData_logId:6]
6429003,413,4:26:55,3,[StatementsData_logId:3,DuelResponsesData_logId:7]
6429003,414,4:26:56,3,[StatementsData_logId:3,DuelResponsesData_logId:7]
6429003,415,4:27:10,3,[StatementsData_logId:3,DuelResponsesData_logId:7,DuelResponsesData_witty_player_response]
6429003,416,4:27:11,3,[StatementsData_logId:3,DuelResponsesData_logId:7]
6429003,417,4:27:11,3,[StatementsData_logId:3,DuelResponsesData_logId:7]
6429003,413,4:27:15,3,[StatementsData_logId:3,DuelResponsesData_logId:8]
6429003,414,4:27:17,3,[StatementsData_logId:3,DuelResponsesData_logId:8]
6429003,415,4:27:26,3,[StatementsData_logId:3,DuelResponsesData_logId:8,DuelResponsesData_witty_player_response]
6429003,416,4:27:27,3,[StatementsData_logId:3,DuelResponsesData_logId:8]
6429003,417,4:27:28,3,[StatementsData_logId:3,DuelResponsesData_logId:8]
6429003,418,4:27:28,3,[StatementsData_logId:3,true]
6429003,419,4:27:32,3,[StatementsData_logId:3,4]
6429003,411,4:27:33,3,[StatementsData_logId:3]
6429003,401,4:27:35,3,[StatementsData_logId:4]
6429003,404,4:27:42,3,[StatementsData_logId:4,false]
6429003,405,4:27:43,3,[StatementsData_logId:4]
6429003,406,4:27:45,3,[StatementsData_logId:4,-2]
6429003,411,4:27:46,3,[StatementsData_logId:4]
6429003,401,4:27:52,3,[StatementsData_logId:5]
6429003,402,4:27:55,3,[StatementsData_logId:5,true]
6429003,405,4:27:55,3,[StatementsData_logId:5]
6429003,406,4:27:56,3,[StatementsData_logId:5,2]
6429003,411,4:27:57,3,[StatementsData_logId:5]
6429003,420,4:27:57,3,[50]
6429003,1005,4:27:57,3,[0,0,2]
6429003,1001,4:27:59,3,[]
6429003,1003,4:27:59,0
6429003,1004,4:28:6,5
6429003,400,4:28:7,5,[]
6429003,401,4:28:20,5,[StatementsData_logId:0]
6429003,403,4:28:22,5,[StatementsData_logId:0,true]
6429003,405,4:28:24,5,[StatementsData_logId:0]
6429003,406,4:28:25,5,[StatementsData_logId:0,2]
6429003,407,4:28:25,5,[StatementsData_logId:0,FactCardData_id:24]
6429003,407,4:28:25,5,[StatementsData_logId:0,FactCardData_id:5]
6429003,407,4:28:25,5,[StatementsData_logId:0,FactCardData_id:1]
6429003,407,4:28:25,5,[StatementsData_logId:0,FactCardData_id:4]
6429003,407,4:28:25,5,[StatementsData_logId:0,FactCardData_id:26]
6429003,407,4:28:25,5,[StatementsData_logId:0,FactCardData_id:27]
6429003,407,4:28:26,5,[StatementsData_logId:0,FactCardData_id:24]
6429003,407,4:28:26,5,[StatementsData_logId:0,FactCardData_id:24]
6429003,407,4:28:27,5,[StatementsData_logId:0,FactCardData_id:1]
6429003,407,4:28:27,5,[StatementsData_logId:0,FactCardData_id:24]
6429003,407,4:28:27,5,[StatementsData_logId:0,FactCardData_id:1]
6429003,407,4:28:29,5,[StatementsData_logId:0,FactCardData_id:26]
6429003,407,4:28:29,5,[StatementsData_logId:0,FactCardData_id:1]
6429003,407,4:28:29,5,[StatementsData_logId:0,FactCardData_id:26]
6429003,407,4:28:33,5,[StatementsData_logId:0,FactCardData_id:5]
6429003,407,4:28:33,5,[StatementsData_logId:0,FactCardData_id:26]
6429003,407,4:28:33,5,[StatementsData_logId:0,FactCardData_id:5]
6429003,407,4:28:34,5,[StatementsData_logId:0,FactCardData_id:4]
6429003,407,4:28:34,5,[StatementsData_logId:0,FactCardData_id:5]
6429003,407,4:28:34,5,[StatementsData_logId:0,FactCardData_id:4]
6429003,407,4:28:35,5,[StatementsData_logId:0,FactCardData_id:27]
6429003,407,4:28:35,5,[StatementsData_logId:0,FactCardData_id:4]
6429003,407,4:28:35,5,[StatementsData_logId:0,FactCardData_id:27]
6429003,408,4:28:36,5,[StatementsData_logId:0,FactCardData_id:27,true]
6429003,409,4:28:36,5,[StatementsData_logId:0]
6429003,410,4:28:36,5,[StatementsData_logId:0,2]
6429003,412,4:28:39,5,[StatementsData_logId:0]
6429003,413,4:28:42,5,[StatementsData_logId:0,DuelResponsesData_logId:0]
6429003,414,4:28:42,5,[StatementsData_logId:0,DuelResponsesData_logId:0]
6429003,415,4:28:47,5,[StatementsData_logId:0,DuelResponsesData_logId:0,DuelResponsesData_ok_player_response]
6429003,416,4:28:47,5,[StatementsData_logId:0,DuelResponsesData_logId:0]
6429003,417,4:28:48,5,[StatementsData_logId:0,DuelResponsesData_logId:0]
6429003,413,4:28:53,5,[StatementsData_logId:0,DuelResponsesData_logId:1]
6429003,414,4:28:54,5,[StatementsData_logId:0,DuelResponsesData_logId:1]
6429003,415,4:28:58,5,[StatementsData_logId:0,DuelResponsesData_logId:1,DuelResponsesData_ok_player_response]
6429003,416,4:28:58,5,[StatementsData_logId:0,DuelResponsesData_logId:1]
6429003,417,4:29:0,5,[StatementsData_logId:0,DuelResponsesData_logId:1]
6429003,413,4:29:4,5,[StatementsData_logId:0,DuelResponsesData_logId:2]
6429003,414,4:29:5,5,[StatementsData_logId:0,DuelResponsesData_logId:2]
6429003,415,4:29:9,5,[StatementsData_logId:0,DuelResponsesData_logId:2,DuelResponsesData_witty_player_response]
6429003,416,4:29:10,5,[StatementsData_logId:0,DuelResponsesData_logId:2]
6429003,417,4:29:11,5,[StatementsData_logId:0,DuelResponsesData_logId:2]
6429003,418,4:29:11,5,[StatementsData_logId:0,true]
6429003,419,4:29:16,5,[StatementsData_logId:0,4]
6429003,411,4:29:17,5,[StatementsData_logId:0]
6429003,401,4:29:24,5,[StatementsData_logId:1]
6429003,404,4:29:25,5,[StatementsData_logId:1,true]
6429003,406,4:29:27,5,[StatementsData_logId:1,2]
6429003,412,4:29:28,5,[StatementsData_logId:1]
6429003,413,4:29:31,5,[StatementsData_logId:1,DuelResponsesData_logId:3]
6429003,414,4:29:32,5,[StatementsData_logId:1,DuelResponsesData_logId:3]
6429003,415,4:29:40,5,[StatementsData_logId:1,DuelResponsesData_logId:3,DuelResponsesData_ok_player_response]
6429003,416,4:29:41,5,[StatementsData_logId:1,DuelResponsesData_logId:3]
6429003,417,4:29:41,5,[StatementsData_logId:1,DuelResponsesData_logId:3]
6429003,413,4:29:48,5,[StatementsData_logId:1,DuelResponsesData_logId:4]
6429003,414,4:29:48,5,[StatementsData_logId:1,DuelResponsesData_logId:4]
6429003,415,4:29:55,5,[StatementsData_logId:1,DuelResponsesData_logId:4,DuelResponsesData_witty_player_response]
6429003,416,4:29:55,5,[StatementsData_logId:1,DuelResponsesData_logId:4]
6429003,417,4:29:56,5,[StatementsData_logId:1,DuelResponsesData_logId:4]
6429003,413,4:30:1,5,[StatementsData_logId:1,DuelResponsesData_logId:5]
6429003,414,4:30:2,5,[StatementsData_logId:1,DuelResponsesData_logId:5]
6429003,415,4:30:7,5,[StatementsData_logId:1,DuelResponsesData_logId:5,DuelResponsesData_witty_player_response]
6429003,416,4:30:7,5,[StatementsData_logId:1,DuelResponsesData_logId:5]
6429003,417,4:30:8,5,[StatementsData_logId:1,DuelResponsesData_logId:5]
6429003,418,4:30:8,5,[StatementsData_logId:1,true]
6429003,419,4:30:14,5,[StatementsData_logId:1,4]
6429003,411,4:30:14,5,[StatementsData_logId:1]
6429003,401,4:30:22,5,[StatementsData_logId:2]
6429003,403,4:30:23,5,[StatementsData_logId:2,true]
6429003,405,4:30:23,5,[StatementsData_logId:2]
6429003,406,4:30:24,5,[StatementsData_logId:2,2]
6429003,407,4:30:24,5,[StatementsData_logId:2,FactCardData_id:5]
6429003,407,4:30:24,5,[StatementsData_logId:2,FactCardData_id:4]
6429003,407,4:30:24,5,[StatementsData_logId:2,FactCardData_id:26]
6429003,407,4:30:24,5,[StatementsData_logId:2,FactCardData_id:1]
6429003,407,4:30:24,5,[StatementsData_logId:2,FactCardData_id:24]
6429003,407,4:30:24,5,[StatementsData_logId:2,FactCardData_id:27]
6429003,407,4:30:25,5,[StatementsData_logId:2,FactCardData_id:26]
6429003,407,4:30:25,5,[StatementsData_logId:2,FactCardData_id:26]
6429003,407,4:30:27,5,[StatementsData_logId:2,FactCardData_id:4]
6429003,407,4:30:27,5,[StatementsData_logId:2,FactCardData_id:26]
6429003,407,4:30:27,5,[StatementsData_logId:2,FactCardData_id:4]
6429003,407,4:30:27,5,[StatementsData_logId:2,FactCardData_id:1]
6429003,407,4:30:27,5,[StatementsData_logId:2,FactCardData_id:4]
6429003,407,4:30:27,5,[StatementsData_logId:2,FactCardData_id:1]
6429003,407,4:30:29,5,[StatementsData_logId:2,FactCardData_id:27]
6429003,407,4:30:29,5,[StatementsData_logId:2,FactCardData_id:1]
6429003,407,4:30:29,5,[StatementsData_logId:2,FactCardData_id:27]
6429003,407,4:30:30,5,[StatementsData_logId:2,FactCardData_id:4]
6429003,407,4:30:30,5,[StatementsData_logId:2,FactCardData_id:27]
6429003,407,4:30:30,5,[StatementsData_logId:2,FactCardData_id:4]
6429003,407,4:30:32,5,[StatementsData_logId:2,FactCardData_id:5]
6429003,407,4:30:32,5,[StatementsData_logId:2,FactCardData_id:4]
6429003,407,4:30:32,5,[StatementsData_logId:2,FactCardData_id:5]
6429003,407,4:30:33,5,[StatementsData_logId:2,FactCardData_id:26]
6429003,407,4:30:33,5,[StatementsData_logId:2,FactCardData_id:5]
6429003,407,4:30:33,5,[StatementsData_logId:2,FactCardData_id:26]
6429003,407,4:30:36,5,[StatementsData_logId:2,FactCardData_id:24]
6429003,407,4:30:36,5,[StatementsData_logId:2,FactCardData_id:26]
6429003,407,4:30:36,5,[StatementsData_logId:2,FactCardData_id:24]
6429003,408,4:30:37,5,[StatementsData_logId:2,FactCardData_id:24,true]
6429003,409,4:30:37,5,[StatementsData_logId:2]
6429003,410,4:30:38,5,[StatementsData_logId:2,2]
6429003,412,4:30:39,5,[StatementsData_logId:2]
6429003,413,4:30:42,5,[StatementsData_logId:2,DuelResponsesData_logId:6]
6429003,414,4:30:43,5,[StatementsData_logId:2,DuelResponsesData_logId:6]
6429003,415,4:30:52,5,[StatementsData_logId:2,DuelResponsesData_logId:6,DuelResponsesData_witty_player_response]
6429003,416,4:30:52,5,[StatementsData_logId:2,DuelResponsesData_logId:6]
6429003,417,4:30:53,5,[StatementsData_logId:2,DuelResponsesData_logId:6]
6429003,413,4:30:56,5,[StatementsData_logId:2,DuelResponsesData_logId:7]
6429003,414,4:30:57,5,[StatementsData_logId:2,DuelResponsesData_logId:7]
6429003,415,4:31:6,5,[StatementsData_logId:2,DuelResponsesData_logId:7,DuelResponsesData_ok_player_response]
6429003,416,4:31:7,5,[StatementsData_logId:2,DuelResponsesData_logId:7]
6429003,417,4:31:7,5,[StatementsData_logId:2,DuelResponsesData_logId:7]
6429003,413,4:31:8,5,[StatementsData_logId:2,DuelResponsesData_logId:8]
6429003,414,4:31:11,5,[StatementsData_logId:2,DuelResponsesData_logId:8]
6429003,415,4:31:19,5,[StatementsData_logId:2,DuelResponsesData_logId:8,DuelResponsesData_witty_player_response]
6429003,416,4:31:20,5,[StatementsData_logId:2,DuelResponsesData_logId:8]
6429003,417,4:31:20,5,[StatementsData_logId:2,DuelResponsesData_logId:8]
6429003,418,4:31:20,5,[StatementsData_logId:2,true]
6429003,419,4:31:22,5,[StatementsData_logId:2,4]
6429003,411,4:31:23,5,[StatementsData_logId:2]
6429003,401,4:31:32,5,[StatementsData_logId:3]
6429003,402,4:31:37,5,[StatementsData_logId:3,true]
6429003,405,4:31:38,5,[StatementsData_logId:3]
6429003,406,4:31:38,5,[StatementsData_logId:3,2]
6429003,411,4:31:40,5,[StatementsData_logId:3]
6429003,401,4:31:45,5,[StatementsData_logId:4]
6429003,404,4:31:46,5,[StatementsData_logId:4,false]
6429003,405,4:31:47,5,[StatementsData_logId:4]
6429003,406,4:31:48,5,[StatementsData_logId:4,-2]
6429003,411,4:31:49,5,[StatementsData_logId:4]
6429003,401,4:31:57,5,[StatementsData_logId:5]
6429003,404,4:32:0,5,[StatementsData_logId:5,false]
6429003,405,4:32:0,5,[StatementsData_logId:5]
6429003,406,4:32:2,5,[StatementsData_logId:5,-2]
6429003,411,4:32:4,5,[StatementsData_logId:5]
6429003,420,4:32:4,5,[62]
6429003,1005,4:32:4,5,[0,0,2]
6429003,1001,4:32:5,5,[]
6429003,1003,4:32:5,0
6429003,1004,4:32:9,6
6429003,400,4:32:11,6,[]
6429003,1002,4:32:15,6
6429003,1003,4:32:15,0
6429003,221,4:32:22,5
6429003,220,4:32:23,5
6429003,210,4:32:25,572,331
6429003,207,4:32:27,5,-200,-5
6429003,207,4:32:30,5,-5,-290
6429003,211,4:32:30,1148,337
6429003,212,4:32:31,1
6429003,210,4:32:31,1145,297
6429003,211,4:32:32,1148,309
6429003,213,4:32:32,5,c_cousin_F_a_G9b1N,true
6429003,205,4:32:32,5,c_cousin_F_a_G9b1N,false,false
6429003,212,4:32:35,2
6429003,210,4:32:36,847,415
6429003,207,4:32:37,5,-290,-125
6429003,207,4:32:38,5,-125,0
6429003,211,4:32:40,226,243
6429003,212,4:32:41,1
6429003,210,4:32:41,406,296
6429003,211,4:32:42,202,193
6429003,213,4:32:42,5,c_kidSister_lati_a_G9b1N,true
6429003,205,4:32:42,5,c_kidSister_lati_a_G9b1N,false,false
6429003,210,4:32:45,568,424
6429003,211,4:32:47,325,499
6429003,212,4:32:48,0
6429003,210,4:32:49,350,456
6429003,211,4:32:49,313,458
6429003,213,4:32:49,5,s_joint_G9b1N,true
6429003,1003,4:32:52,0
6429003,1004,4:32:53,7
6429003,400,4:32:54,7,[]
6429003,401,4:33:1,7,[StatementsData_logId:0]
6429003,403,4:33:2,7,[StatementsData_logId:0,true]
6429003,405,4:33:3,7,[StatementsData_logId:0]
6429003,406,4:33:4,7,[StatementsData_logId:0,2]
6429003,407,4:33:4,7,[StatementsData_logId:0,FactCardData_id:16]
6429003,407,4:33:4,7,[StatementsData_logId:0,FactCardData_id:14]
6429003,407,4:33:4,7,[StatementsData_logId:0,FactCardData_id:13]
6429003,407,4:33:4,7,[StatementsData_logId:0,FactCardData_id:15]
6429003,407,4:33:4,7,[StatementsData_logId:0,FactCardData_id:10]
6429003,407,4:33:4,7,[StatementsData_logId:0,FactCardData_id:12]
6429003,407,4:33:6,7,[StatementsData_logId:0,FactCardData_id:12]
6429003,407,4:33:6,7,[StatementsData_logId:0,FactCardData_id:12]
6429003,408,4:33:8,7,[StatementsData_logId:0,FactCardData_id:12,true]
6429003,409,4:33:8,7,[StatementsData_logId:0]
6429003,410,4:33:9,7,[StatementsData_logId:0,2]
6429003,412,4:33:10,7,[StatementsData_logId:0]
6429003,413,4:33:11,7,[StatementsData_logId:0,DuelResponsesData_logId:0]
6429003,414,4:33:13,7,[StatementsData_logId:0,DuelResponsesData_logId:0]
6429003,415,4:33:19,7,[StatementsData_logId:0,DuelResponsesData_logId:0,DuelResponsesData_witty_player_response]
6429003,416,4:33:20,7,[StatementsData_logId:0,DuelResponsesData_logId:0]
6429003,417,4:33:20,7,[StatementsData_logId:0,DuelResponsesData_logId:0]
6429003,413,4:33:23,7,[StatementsData_logId:0,DuelResponsesData_logId:1]
6429003,414,4:33:24,7,[StatementsData_logId:0,DuelResponsesData_logId:1]
6429003,415,4:33:29,7,[StatementsData_logId:0,DuelResponsesData_logId:1,DuelResponsesData_witty_player_response]
6429003,416,4:33:30,7,[StatementsData_logId:0,DuelResponsesData_logId:1]
6429003,417,4:33:31,7,[StatementsData_logId:0,DuelResponsesData_logId:1]
6429003,413,4:33:34,7,[StatementsData_logId:0,DuelResponsesData_logId:2]
6429003,414,4:33:35,7,[StatementsData_logId:0,DuelResponsesData_logId:2]
6429003,415,4:33:43,7,[StatementsData_logId:0,DuelResponsesData_logId:2,DuelResponsesData_witty_player_response]
6429003,416,4:33:44,7,[StatementsData_logId:0,DuelResponsesData_logId:2]
6429003,417,4:33:45,7,[StatementsData_logId:0,DuelResponsesData_logId:2]
6429003,418,4:33:45,7,[StatementsData_logId:0,true]
6429003,419,4:33:46,7,[StatementsData_logId:0,4]
6429003,411,4:33:47,7,[StatementsData_logId:0]
6429003,401,4:33:54,7,[StatementsData_logId:1]
6429003,402,4:34:0,7,[StatementsData_logId:1,true]
6429003,405,4:34:1,7,[StatementsData_logId:1]
6429003,406,4:34:2,7,[StatementsData_logId:1,2]
6429003,411,4:34:3,7,[StatementsData_logId:1]
6429003,401,4:34:9,7,[StatementsData_logId:2]
6429003,403,4:34:9,7,[StatementsData_logId:2,true]
6429003,405,4:34:10,7,[StatementsData_logId:2]
6429003,406,4:34:11,7,[StatementsData_logId:2,2]
6429003,407,4:34:11,7,[StatementsData_logId:2,FactCardData_id:10]
6429003,407,4:34:11,7,[StatementsData_logId:2,FactCardData_id:16]
6429003,407,4:34:11,7,[StatementsData_logId:2,FactCardData_id:14]
6429003,407,4:34:11,7,[StatementsData_logId:2,FactCardData_id:15]
6429003,407,4:34:11,7,[StatementsData_logId:2,FactCardData_id:12]
6429003,407,4:34:11,7,[StatementsData_logId:2,FactCardData_id:13]
6429003,407,4:34:12,7,[StatementsData_logId:2,FactCardData_id:14]
6429003,407,4:34:12,7,[StatementsData_logId:2,FactCardData_id:14]
6429003,407,4:34:14,7,[StatementsData_logId:2,FactCardData_id:16]
6429003,407,4:34:14,7,[StatementsData_logId:2,FactCardData_id:14]
6429003,407,4:34:14,7,[StatementsData_logId:2,FactCardData_id:16]
6429003,407,4:34:17,7,[StatementsData_logId:2,FactCardData_id:15]
6429003,407,4:34:17,7,[StatementsData_logId:2,FactCardData_id:16]
6429003,407,4:34:17,7,[StatementsData_logId:2,FactCardData_id:15]
6429003,408,4:34:21,7,[StatementsData_logId:2,FactCardData_id:15,true]
6429003,409,4:34:21,7,[StatementsData_logId:2]
6429003,410,4:34:22,7,[StatementsData_logId:2,2]
6429003,412,4:34:22,7,[StatementsData_logId:2]
6429003,413,4:34:24,7,[StatementsData_logId:2,DuelResponsesData_logId:3]
6429003,414,4:34:25,7,[StatementsData_logId:2,DuelResponsesData_logId:3]
6429003,415,4:34:34,7,[StatementsData_logId:2,DuelResponsesData_logId:3,DuelResponsesData_witty_player_response]
6429003,416,4:34:34,7,[StatementsData_logId:2,DuelResponsesData_logId:3]
6429003,417,4:34:35,7,[StatementsData_logId:2,DuelResponsesData_logId:3]
6429003,413,4:34:40,7,[StatementsData_logId:2,DuelResponsesData_logId:4]
6429003,414,4:34:41,7,[StatementsData_logId:2,DuelResponsesData_logId:4]
6429003,415,4:34:47,7,[StatementsData_logId:2,DuelResponsesData_logId:4,DuelResponsesData_witty_player_response]
6429003,416,4:34:48,7,[StatementsData_logId:2,DuelResponsesData_logId:4]
6429003,417,4:34:49,7,[StatementsData_logId:2,DuelResponsesData_logId:4]
6429003,413,4:34:52,7,[StatementsData_logId:2,DuelResponsesData_logId:5]
6429003,414,4:34:54,7,[StatementsData_logId:2,DuelResponsesData_logId:5]
6429003,415,4:35:1,7,[StatementsData_logId:2,DuelResponsesData_logId:5,DuelResponsesData_witty_player_response]
6429003,416,4:35:6,7,[StatementsData_logId:2,DuelResponsesData_logId:5]
6429003,417,4:35:6,7,[StatementsData_logId:2,DuelResponsesData_logId:5]
6429003,418,4:35:6,7,[StatementsData_logId:2,true]
6429003,419,4:35:7,7,[StatementsData_logId:2,4]
6429003,411,4:35:9,7,[StatementsData_logId:2]
6429003,401,4:35:15,7,[StatementsData_logId:3]
6429003,404,4:35:18,7,[StatementsData_logId:3,true]
6429003,406,4:35:18,7,[StatementsData_logId:3,2]
6429003,412,4:35:19,7,[StatementsData_logId:3]
6429003,413,4:35:21,7,[StatementsData_logId:3,DuelResponsesData_logId:6]
6429003,414,4:35:22,7,[StatementsData_logId:3,DuelResponsesData_logId:6]
6429003,415,4:35:32,7,[StatementsData_logId:3,DuelResponsesData_logId:6,DuelResponsesData_witty_player_response]
6429003,416,4:35:33,7,[StatementsData_logId:3,DuelResponsesData_logId:6]
6429003,417,4:35:35,7,[StatementsData_logId:3,DuelResponsesData_logId:6]
6429003,413,4:35:44,7,[StatementsData_logId:3,DuelResponsesData_logId:7]
6429003,414,4:35:44,7,[StatementsData_logId:3,DuelResponsesData_logId:7]
6429003,415,4:35:53,7,[StatementsData_logId:3,DuelResponsesData_logId:7,DuelResponsesData_ok_player_response]
6429003,416,4:35:53,7,[StatementsData_logId:3,DuelResponsesData_logId:7]
6429003,417,4:35:54,7,[StatementsData_logId:3,DuelResponsesData_logId:7]
6429003,413,4:35:56,7,[StatementsData_logId:3,DuelResponsesData_logId:8]
6429003,414,4:35:57,7,[StatementsData_logId:3,DuelResponsesData_logId:8]
6429003,415,4:36:11,7,[StatementsData_logId:3,DuelResponsesData_logId:8,DuelResponsesData_witty_player_response]
6429003,416,4:36:12,7,[StatementsData_logId:3,DuelResponsesData_logId:8]
6429003,417,4:36:13,7,[StatementsData_logId:3,DuelResponsesData_logId:8]
6429003,418,4:36:13,7,[StatementsData_logId:3,true]
6429003,419,4:36:14,7,[StatementsData_logId:3,4]
6429003,411,4:36:15,7,[StatementsData_logId:3]
6429003,401,4:36:16,7,[StatementsData_logId:4]
6429003,404,4:36:24,7,[StatementsData_logId:4,false]
6429003,405,4:36:25,7,[StatementsData_logId:4]
6429003,406,4:36:26,7,[StatementsData_logId:4,-2]
6429003,411,4:36:27,7,[StatementsData_logId:4]
6429003,401,4:36:33,7,[StatementsData_logId:5]
6429003,402,4:36:35,7,[StatementsData_logId:5,true]
6429003,405,4:36:36,7,[StatementsData_logId:5]
6429003,406,4:36:36,7,[StatementsData_logId:5,2]
6429003,411,4:36:37,7,[StatementsData_logId:5]
6429003,420,4:36:37,7,[52]
6429003,1005,4:36:37,7,[0,0,3]
6429003,1001,4:36:38,7,[]
6429003,1003,4:36:38,0
6429003,210,4:36:46,832,395
6429003,207,4:36:47,5,-200,-65
6429003,211,4:36:48,313,466
6429003,213,4:36:48,5,s_joint_G9b1N,true
6429003,205,4:36:48,5,s_joint_G9b1N,false,false
6429003,210,4:36:52,703,415
6429003,207,4:36:54,5,-65,-290
6429003,211,4:36:57,1218,101
6429003,212,4:36:57,1
6429003,210,4:36:58,1189,344
6429003,211,4:36:59,1221,116
6429003,213,4:36:59,5,s_clock_G9b1N,true
6429003,205,4:36:59,5,s_clock_G9b1N,false,false
6429003,212,4:37:3,2
6429003,210,4:37:3,1121,396
6429003,207,4:37:6,5,-290,-275
6429003,207,4:37:6,5,-275,-260
6429003,207,4:37:6,5,-260,-215
6429003,207,4:37:6,5,-215,-170
6429003,207,4:37:7,5,-170,0
6429003,211,4:37:11,569,684
6429003,210,4:37:12,664,486
6429003,207,4:37:12,5,0,-45
6429003,207,4:37:13,5,-45,-180
6429003,207,4:37:14,5,-180,-360
6429003,207,4:37:15,5,-360,-465
6429003,207,4:37:16,5,-465,-645
6429003,211,4:37:18,1709,337
6429003,207,4:37:18,5,-645,-705
6429003,207,4:37:18,5,-705,-735
6429003,210,4:37:18,1609,323
6429003,207,4:37:19,5,-735,-765
6429003,207,4:37:20,5,-765,-995
6429003,211,4:37:21,1581,692
6429003,210,4:37:23,1718,544
6429003,211,4:37:26,1838,175
6429003,212,4:37:27,1
6429003,210,4:37:27,1823,141
6429003,211,4:37:28,1833,162
6429003,213,4:37:28,5,s_photoCracked_G9b1N,true
6429003,212,4:37:32,0
6429003,210,4:37:33,1808,338
6429003,211,4:37:37,1539,583
6429003,213,4:37:37,5,s_beerBottle_G9b1N,true
6429003,205,4:37:37,5,s_beerBottle_G9b1N,false,false
6429003,210,4:37:41,1410,555
6429003,207,4:37:45,5,-995,-785
6429003,207,4:37:46,5,-785,-650
6429003,207,4:37:47,5,-650,-485
6429003,207,4:37:49,5,-485,0
6429003,211,4:37:54,807,346
6429003,212,4:37:55,1
6429003,210,4:37:55,1009,441
6429003,207,4:37:55,5,0,-105
6429003,207,4:37:56,5,-105,-270
6429003,211,4:37:58,1135,384
6429003,213,4:37:58,5,c_cousin_F_a_G9b1N,true
6429003,205,4:37:58,5,c_cousin_F_a_G9b1N,false,true
6429003,210,4:38:5,904,469
6429003,207,4:38:6,5,-270,-450
6429003,207,4:38:7,5,-450,-495
6429003,207,4:38:9,5,-495,-995
6429003,207,4:38:16,5,-995,-740
6429003,211,4:38:20,1292,94
6429003,213,4:38:20,5,s_smokeDetector_G9b1N,true
6429003,210,4:38:24,1190,359
6429003,207,4:38:27,5,-740,-95
6429003,207,4:38:32,5,-95,0
6429003,211,4:38:36,391,516
6429003,210,4:38:38,834,379
6429003,211,4:38:41,592,496
6429003,221,4:38:43,5
6429003,220,4:38:44,5
6429003,210,4:38:48,706,491
6429003,211,4:38:48,952,297
6429003,210,4:38:54,1048,285
6429003,207,4:38:56,5,-200,-20
6429003,207,4:38:58,5,-20,0
6429003,211,4:38:58,3,315
6429003,210,4:38:59,74,352
6429003,211,4:39:16,93,296
6429003,213,4:39:16,5,s_brokenLamp_G9b1N,true
6429003,205,4:39:16,5,s_brokenLamp_G9b1N,false,false
6429003,221,4:39:24,5
6429003,220,4:39:26,5
6429003,1003,4:39:26,3
6429003,1004,4:39:27,2
6429003,500,4:39:33,2,[]
6429003,501,4:39:36,2,[]
6429003,502,4:39:45,2,[IntentionData_logId:1,false]
6429003,503,4:39:46,2,[]
6429003,504,4:39:48,2,[InfluenceData_logId:0]
6429003,504,4:39:49,2,[InfluenceData_logId:5]
6429003,504,4:39:51,2,[InfluenceData_logId:3]
6429003,504,4:39:54,2,[InfluenceData_logId:5]
6429003,504,4:39:55,2,[InfluenceData_logId:4]
6429003,504,4:39:55,2,[InfluenceData_logId:5]
6429003,504,4:39:57,2,[InfluenceData_logId:7]
6429003,505,4:40:0,2,[InfluenceData_logId:0,true,InfluenceData_logId:5,true,InfluenceData_logId:7,false]
6429003,506,4:40:2,2,[]
6429003,507,4:40:14,2,[OpponentAttackData_logId:1,OpponentAttackTypeData_logId:4,false,30]
6429003,508,4:40:17,2,[]
6429003,509,4:40:23,2,[RefusalData_logId:4,2]
6429003,510,4:40:26,2,[AvailableRefusalData_logId:4,0A]
6429003,510,4:40:32,2,[AvailableRefusalData_logId:4,1A]
6429003,510,4:40:32,2,[AvailableRefusalData_logId:4,2A]
6429003,511,4:40:33,2,[AvailableRefusalData_logId:4,0A,1A,2A,true,50]
6429003,512,4:40:36,2,[]
6429003,513,4:40:36,2,[0]
6429003,514,4:40:38,2,[]
6429003,507,4:40:46,2,[OpponentAttackData_logId:0,OpponentAttackTypeData_logId:1,false,30]
6429003,508,4:40:48,2,[]
6429003,509,4:40:52,2,[RefusalData_logId:2,2]
6429003,510,4:40:55,2,[AvailableRefusalData_logId:2,0B]
6429003,510,4:40:57,2,[AvailableRefusalData_logId:2,1B]
6429003,510,4:40:57,2,[AvailableRefusalData_logId:2,2B]
6429003,511,4:40:58,2,[AvailableRefusalData_logId:2,0B,1B,2B,false,0]
6429003,512,4:41:0,2,[]
6429003,513,4:41:0,2,[30]
6429003,514,4:41:3,2,[]
6429003,507,4:41:8,2,[OpponentAttackData_logId:2,OpponentAttackTypeData_logId:3,true,0]
6429003,508,4:41:11,2,[]
6429003,509,4:41:19,2,[RefusalData_logId:8,2]
6429003,510,4:41:21,2,[AvailableRefusalData_logId:8,0A]
6429003,510,4:41:22,2,[AvailableRefusalData_logId:8,1A]
6429003,510,4:41:24,2,[AvailableRefusalData_logId:8,2A]
6429003,511,4:41:25,2,[AvailableRefusalData_logId:8,0A,1A,2A,true,50]
6429003,512,4:41:28,2,[]
6429003,515,4:41:28,2,[30,0]
6429003,516,4:41:28,2,[]
6429003,517,4:41:30,2,[]
6429003,1005,4:41:30,2,[3,0,1]
6429003,1001,4:41:31,2,[]
6429003,1003,4:41:31,3
6429003,221,4:41:35,5
6429003,300,4:41:37
6429003,220,4:41:37,5
6429003,301,4:41:40,4
6429003,302,4:41:55,4,0,0,5
6429003,302,4:41:59,4,0,0,8
6429003,302,4:42:0,4,0,0,11
6429003,304,4:42:2,4,0,0,-1,,11,
6429003,302,4:42:8,4,1,1,3
6429003,302,4:42:9,4,1,1,4
6429003,302,4:42:10,4,1,1,1
6429003,304,4:42:11,4,1,1,-1,,1,
6429003,302,4:42:14,4,1,0,5
6429003,302,4:42:17,4,1,0,11
6429003,302,4:42:19,4,1,0,6
6429003,302,4:42:21,4,1,0,1
6429003,306,4:42:22,4,0,1
6429003,304,4:42:22,4,1,0,-1,,1,
6429003,302,4:42:33,4,1,2,4
6429003,304,4:42:34,4,1,2,-1,,4,
6429003,302,4:42:40,4,1,3,5
6429003,306,4:42:40,4,1,2
6429003,304,4:42:40,4,1,3,-1,,5,
6429003,302,4:42:48,4,2,0,8
6429003,303,4:42:54,4,2,0,8
6429003,304,4:43:6,4,2,0,-1,,8,flordia,mami
6429003,302,4:43:16,4,3,0,0
6429003,303,4:43:18,4,3,0,0
6429003,306,4:43:23,4,2,3
6429003,304,4:43:23,4,3,0,-1,,0,my mom and dad
6429003,301,4:43:26,6
6429003,302,4:43:30,6,0,0,1
6429003,304,4:43:31,6,0,0,-1,,1,
6429003,302,4:43:37,6,0,1,0
6429003,304,4:43:38,6,0,1,-1,,0,
6429003,302,4:43:40,6,0,2,4
6429003,306,4:43:41,6,0,1
6429003,304,4:43:41,6,0,2,-1,,4,
6429003,302,4:43:45,6,1,0,7
6429003,304,4:43:46,6,1,0,-1,,7,
6429003,302,4:43:49,6,1,1,4
6429003,302,4:43:50,6,1,1,6
6429003,304,4:43:51,6,1,1,-1,,6,
6429003,302,4:43:56,6,1,2,2
6429003,302,4:43:57,6,1,2,3
6429003,305,4:44:0,6,1,2,-1,
6429003,302,4:44:4,6,3,0,3
6429003,303,4:44:6,6,3,0,3
6429003,306,4:44:29,6,1,2
6429003,304,4:44:29,6,3,0,-1,,3,eat vetables
6429003,302,4:44:36,6,4,0,2
6429003,303,4:44:39,6,4,0,2
6429003,304,4:45:8,6,4,0,-1,,2,anykindof durg
6429003,302,4:45:16,6,2,0,1
6429003,304,4:45:17,6,2,0,-1,,1,
6429003,305,4:45:19,6,1,2,-1,
6429003,302,4:45:28,6,1,2,6
6429003,306,4:45:29,6,2,3
6429003,304,4:45:29,6,1,2,-1,,6,
6429003,210,4:45:37,491,428
6429003,207,4:45:38,5,-200,-20
6429003,211,4:45:39,143,352
6429003,221,4:45:40,5
6429003,220,4:45:41,5
6429003,219,4:45:41,5
6429003,216,4:45:43,Stack_G9b1P
6429003,217,4:45:54,Stack_G9b1P,9.5,0.00
6429003,218,4:45:56,5
6429003,210,4:45:58,1021,325
6429003,211,4:45:58,1016,364
6429003,213,4:45:58,5,c_bestFriend_F_a_G9b1P,true
6429003,205,4:45:58,5,c_bestFriend_F_a_G9b1P,false,false
6429003,210,4:46:2,737,414
6429003,211,4:46:3,756,313
6429003,213,4:46:3,5,c_friend1_F_a_G9b1P,true
6429003,205,4:46:3,5,c_friend1_F_a_G9b1P,false,false
6429003,210,4:46:6,820,285
6429003,211,4:46:7,805,248
6429003,213,4:46:7,5,s_door_G9b1P,true
6429003,210,4:46:9,805,355
6429003,207,4:46:9,5,-200,-305
6429003,207,4:46:11,5,-305,-590
6429003,207,4:46:12,5,-590,-800
6429003,207,4:46:13,5,-800,-995
6429003,211,4:46:15,1652,481
6429003,213,4:46:15,5,c_crush1_F_a_G9b1P,true
6429003,205,4:46:15,5,c_crush1_F_a_G9b1P,false,false
6429003,210,4:46:19,1745,295
6429003,211,4:46:19,1821,198
6429003,213,4:46:19,5,s_pictureMomdark_lati_G9b1P,true
6429003,205,4:46:19,5,s_pictureMomdark_lati_G9b1P,false,false
6429003,210,4:46:22,1712,366
6429003,211,4:46:26,1252,600
6429003,219,4:46:27,5
6429003,216,4:46:28,Stack_G9b2N
6429003,217,4:46:33,Stack_G9b2N,4.7,6.8
6429003,218,4:46:34,5
6429003,210,4:46:35,728,423
6429003,211,4:46:36,812,364
6429003,213,4:46:36,5,c_mom_lati_a_G9b2N,true
6429003,205,4:46:36,5,c_mom_lati_a_G9b2N,false,false
6429003,210,4:46:46,703,481
6429003,207,4:46:52,5,-200,-245
6429003,207,4:46:53,5,-245,-410
6429003,207,4:46:56,5,-410,-860
6429003,211,4:46:56,1971,500
6429003,207,4:46:56,5,-860,-965
6429003,207,4:46:57,5,-965,-995
6429003,210,4:46:57,1966,497
6429003,211,4:46:58,1824,181
6429003,212,4:46:59,2
6429003,210,4:46:59,1841,179
6429003,211,4:47:0,1977,157
6429003,213,4:47:0,5,s_pictureDaddark_lati_gen,true
6429003,212,4:47:6,0
6429003,210,4:47:6,1966,254
6429003,211,4:47:12,1217,126
6429003,213,4:47:12,5,s_clock_G9b2N,true
6429003,210,4:47:13,1178,301
6429003,211,4:47:14,1151,342
6429003,212,4:47:14,1
6429003,210,4:47:15,1542,390
6429003,211,4:47:16,1136,350
6429003,212,4:47:16,2
6429003,210,4:47:17,1540,364
6429003,211,4:47:18,1152,332
6429003,213,4:47:18,5,c_cousin_F_a_G9b2N,true
6429003,205,4:47:18,5,c_cousin_F_a_G9b2N,false,false
6429003,210,4:47:23,1425,470
6429003,207,4:47:25,5,-995,-740
6429003,211,4:47:26,1007,456
6429003,213,4:47:26,5,c_bestFriend_F_a_G9b2N,true
6429003,212,4:47:38,1
6429003,210,4:47:38,1428,651
6429003,207,4:47:40,5,-740,-995
6429003,211,4:47:41,1453,280
6429003,213,4:47:41,5,c_crush1_F_a_G9b2N,true
6429003,205,4:47:41,5,c_crush1_F_a_G9b2N,false,false
6429003,210,4:47:45,1531,447
6429003,211,4:47:46,1103,554
6429003,221,4:47:49,5
6429003,220,4:47:50,5
6429003,212,4:47:52,2
6429003,210,4:47:52,949,471
6429003,207,4:47:54,5,-200,-350
6429003,207,4:47:55,5,-350,-515
6429003,207,4:47:56,5,-515,-770
6429003,211,4:47:58,1502,290
6429003,213,4:47:58,5,s_kidsGroupKitchen_G9b1P,true
6429003,205,4:47:58,5,s_kidsGroupKitchen_G9b1P,false,false
6429003,210,4:48:6,1053,350
6429003,207,4:48:8,5,-770,0
6429003,211,4:48:9,359,598
6429003,213,4:48:9,5,c_kidSister_lati_a_G9b1P,true
6429003,212,4:48:13,1
6429003,210,4:48:13,745,373
6429003,207,4:48:19,5,0,-150
6429003,211,4:48:20,1012,387
6429003,213,4:48:20,5,c_bestFriend_F_a_G9b1P,true
6429003,205,4:48:20,5,c_bestFriend_F_a_G9b1P,false,true
6429003,210,4:48:23,708,439
6429003,207,4:48:27,5,-150,-995
6429003,211,4:48:30,1764,539
6429003,213,4:48:30,5,s_beerBottle_G9b1P,true
6429003,210,4:48:33,1573,382
6429003,207,4:48:39,5,-995,0
6429003,211,4:48:41,351,619
6429003,213,4:48:41,5,c_kidSister_lati_a_G9b1P,true
6429003,210,4:48:43,935,656
6429003,211,4:48:43,1001,685
6429003,207,4:48:43,5,0,-30
6429003,212,4:48:43,0
6429003,207,4:48:44,5,-30,-90
6429003,210,4:48:44,1065,430
6429003,207,4:48:44,5,-90,-165
6429003,211,4:48:47,872,158
6429003,210,4:48:48,1041,220
6429003,211,4:48:49,1472,301
6429003,207,4:48:49,5,-165,-465
6429003,210,4:48:50,1517,366
6429003,207,4:48:50,5,-465,-540
6429003,211,4:48:50,1388,355
6429003,213,4:48:50,5,c_cousin_F_a_G9b1P,true
6429003,205,4:48:50,5,c_cousin_F_a_G9b1P,false,false
6429003,210,4:48:55,1163,508
6429003,207,4:48:56,5,-540,-765
6429003,207,4:48:57,5,-765,-995
6429003,207,4:49:4,5,-995,-860
6429003,211,4:49:5,1035,328
6429003,221,4:49:6,5
6429003,220,4:49:8,5
6429003,1003,4:49:8,3
6429003,1004,4:49:11,5
6429003,500,4:49:16,5,[]
6429003,501,4:49:18,5,[]
6429003,502,4:49:24,5,[IntentionData_logId:2,true]
6429003,503,4:49:25,5,[]
6429003,504,4:49:27,5,[InfluenceData_logId:0]
6429003,504,4:49:30,5,[InfluenceData_logId:5]
6429003,504,4:49:31,5,[InfluenceData_logId:3]
6429003,504,4:49:35,5,[InfluenceData_logId:6]
6429003,505,4:49:36,5,[InfluenceData_logId:0,true,InfluenceData_logId:3,false,InfluenceData_logId:6,true]
6429003,506,4:49:39,5,[]
6429003,507,4:49:49,5,[OpponentAttackData_logId:1,OpponentAttackTypeData_logId:1,false,30]
6429003,508,4:49:51,5,[]
6429003,509,4:49:55,5,[RefusalData_logId:4,2]
6429003,510,4:49:56,5,[AvailableRefusalData_logId:4,0B]
6429003,510,4:50:1,5,[AvailableRefusalData_logId:4,1B]
6429003,510,4:50:2,5,[AvailableRefusalData_logId:4,2B]
6429003,511,4:50:2,5,[AvailableRefusalData_logId:4,0B,1B,2B,false,0]
6429003,512,4:50:5,5,[]
6429003,513,4:50:5,5,[30]
6429003,514,4:50:7,5,[]
6429003,507,4:50:16,5,[OpponentAttackData_logId:3,OpponentAttackTypeData_logId:3,true,0]
6429003,508,4:50:18,5,[]
6429003,509,4:50:24,5,[RefusalData_logId:2,2]
6429003,510,4:50:26,5,[AvailableRefusalData_logId:2,0A]
6429003,510,4:50:26,5,[AvailableRefusalData_logId:2,1A]
6429003,510,4:50:34,5,[AvailableRefusalData_logId:2,0C]
6429003,510,4:50:35,5,[AvailableRefusalData_logId:2,0B]
6429003,510,4:50:35,5,[AvailableRefusalData_logId:2,1C]
6429003,510,4:50:41,5,[AvailableRefusalData_logId:2,1B]
6429003,510,4:50:45,5,[AvailableRefusalData_logId:2,0C]
6429003,510,4:50:46,5,[AvailableRefusalData_logId:2,1C]
6429003,510,4:50:53,5,[AvailableRefusalData_logId:2,0B]
6429003,510,4:50:55,5,[AvailableRefusalData_logId:2,1B]
6429003,510,4:51:2,5,[AvailableRefusalData_logId:2,2C]
6429003,511,4:51:3,5,[AvailableRefusalData_logId:2,0B,1B,2C,false,0]
6429003,512,4:51:5,5,[]
6429003,513,4:51:5,5,[30]
6429003,514,4:51:7,5,[]
6429003,507,4:51:11,5,[OpponentAttackData_logId:2,OpponentAttackTypeData_logId:4,false,30]
6429003,508,4:51:13,5,[]
6429003,509,4:51:20,5,[RefusalData_logId:3,1]
6429003,510,4:51:23,5,[AvailableRefusalData_logId:3,0B]
6429003,510,4:51:23,5,[AvailableRefusalData_logId:3,0C]
6429003,510,4:51:31,5,[AvailableRefusalData_logId:3,0B]
6429003,510,4:51:33,5,[AvailableRefusalData_logId:3,0A]
6429003,510,4:51:34,5,[AvailableRefusalData_logId:3,1A]
6429003,510,4:51:36,5,[AvailableRefusalData_logId:3,2A]
6429003,511,4:51:36,5,[AvailableRefusalData_logId:3,0A,1A,2A,true,30]
6429003,512,4:51:39,5,[]
6429003,513,4:51:39,5,[0]
6429003,514,4:51:40,5,[]
6429003,507,4:51:46,5,[OpponentAttackData_logId:0,OpponentAttackTypeData_logId:1,true,0]
6429003,508,4:51:48,5,[]
6429003,509,4:51:52,5,[RefusalData_logId:5,1]
6429003,510,4:51:55,5,[AvailableRefusalData_logId:5,0A]
6429003,510,4:51:56,5,[AvailableRefusalData_logId:5,1B]
6429003,510,4:51:56,5,[AvailableRefusalData_logId:5,1A]
6429003,510,4:51:58,5,[AvailableRefusalData_logId:5,2A]
6429003,511,4:51:58,5,[AvailableRefusalData_logId:5,0A,1A,2A,true,30]
6429003,512,4:52:1,5,[]
6429003,513,4:52:1,5,[0]
6429003,514,4:52:3,5,[]
6429003,515,4:52:3,5,[20,40]
6429003,516,4:52:6,5,[]
6429003,517,4:52:12,5,[]
6429003,1000,4:52:14,5,[]
6429003,500,4:52:14,5,[]
6429003,501,4:52:15,5,[]
6429003,502,4:52:19,5,[IntentionData_logId:2,true]
6429003,503,4:52:20,5,[]
6429003,504,4:52:22,5,[InfluenceData_logId:2]
6429003,504,4:52:23,5,[InfluenceData_logId:0]
6429003,504,4:52:23,5,[InfluenceData_logId:2]
6429003,504,4:52:26,5,[InfluenceData_logId:4]
6429003,504,4:52:28,5,[InfluenceData_logId:6]
6429003,505,4:52:30,5,[InfluenceData_logId:2,true,InfluenceData_logId:4,false,InfluenceData_logId:6,true]
6429003,506,4:52:32,5,[]
6429003,507,4:52:39,5,[OpponentAttackData_logId:2,OpponentAttackTypeData_logId:0,false,30]
6429003,508,4:52:40,5,[]
6429003,509,4:52:48,5,[RefusalData_logId:2,2]
6429003,510,4:52:50,5,[AvailableRefusalData_logId:2,0A]
6429003,510,4:52:50,5,[AvailableRefusalData_logId:2,1A]
6429003,510,4:53:0,5,[AvailableRefusalData_logId:2,1C]
6429003,510,4:53:6,5,[AvailableRefusalData_logId:2,0B]
6429003,510,4:53:14,5,[AvailableRefusalData_logId:2,1B]
6429003,510,4:53:16,5,[AvailableRefusalData_logId:2,2B]
6429003,510,4:53:18,5,[AvailableRefusalData_logId:2,0C]
6429003,510,4:53:19,5,[AvailableRefusalData_logId:2,1C]
6429003,510,4:53:23,5,[AvailableRefusalData_logId:2,2A]
6429003,510,4:53:26,5,[AvailableRefusalData_logId:2,1A]
6429003,511,4:53:28,5,[AvailableRefusalData_logId:2,0C,1A,2A,false,0]
6429003,512,4:53:30,5,[]
6429003,513,4:53:30,5,[30]
6429003,514,4:53:33,5,[]
6429003,507,4:53:39,5,[OpponentAttackData_logId:1,OpponentAttackTypeData_logId:0,true,0]
6429003,508,4:53:41,5,[]
6429003,509,4:53:44,5,[RefusalData_logId:4,2]
6429003,510,4:53:48,5,[AvailableRefusalData_logId:4,0C]
6429003,510,4:53:54,5,[AvailableRefusalData_logId:4,1A]
6429003,510,4:53:55,5,[AvailableRefusalData_logId:4,2A]
6429003,510,4:53:56,5,[AvailableRefusalData_logId:4,0A]
6429003,511,4:53:57,5,[AvailableRefusalData_logId:4,0A,1A,2A,true,50]
6429003,512,4:53:59,5,[]
6429003,513,4:53:59,5,[0]
6429003,514,4:54:0,5,[]
6429003,507,4:54:4,5,[OpponentAttackData_logId:3,OpponentAttackTypeData_logId:3,true,0]
6429003,508,4:54:7,5,[]
6429003,509,4:54:16,5,[RefusalData_logId:3,1]
6429003,510,4:54:19,5,[AvailableRefusalData_logId:3,0A]
6429003,510,4:54:20,5,[AvailableRefusalData_logId:3,1A]
6429003,510,4:54:20,5,[AvailableRefusalData_logId:3,2A]
6429003,511,4:54:21,5,[AvailableRefusalData_logId:3,0A,1A,2A,true,30]
6429003,512,4:54:24,5,[]
6429003,513,4:54:24,5,[0]
6429003,514,4:54:25,5,[]
6429003,507,4:54:33,5,[OpponentAttackData_logId:0,OpponentAttackTypeData_logId:0,false,30]
6429003,508,4:54:35,5,[]
6429003,509,4:54:38,5,[RefusalData_logId:5,1]
6429003,510,4:54:40,5,[AvailableRefusalData_logId:5,0A]
6429003,510,4:54:41,5,[AvailableRefusalData_logId:5,1A]
6429003,510,4:54:43,5,[AvailableRefusalData_logId:5,2A]
6429003,511,4:54:44,5,[AvailableRefusalData_logId:5,0A,1A,2A,true,30]
6429003,512,4:54:46,5,[]
6429003,515,4:54:46,5,[50,0]
6429003,516,4:54:47,5,[]
6429003,517,4:54:49,5,[]
6429003,1005,4:54:49,5,[3,0,1]
6429003,1001,4:54:50,5,[]
6429003,1003,4:54:50,3
6429003,221,4:54:57,5
6429003,220,4:55:0,5
6429003,219,4:55:0,5
6429003,216,4:55:2,Stack_G9b2P
6429003,217,4:55:17,Stack_G9b2P,14,0.50
6429003,218,4:55:18,5
6429003,210,4:55:19,840,439
6429003,211,4:55:21,679,491
6429003,213,4:55:21,5,c_grandma_lati_a_G9b2P,true
6429003,212,4:55:23,2
6429003,210,4:55:24,1212,472
6429003,207,4:55:24,5,-200,-350
6429003,207,4:55:25,5,-350,-410
6429003,211,4:55:26,1537,600
6429003,207,4:55:26,5,-410,-530
6429003,210,4:55:26,1627,578
6429003,207,4:55:26,5,-530,-725
6429003,207,4:55:28,5,-725,-905
6429003,211,4:55:28,1753,461
6429003,210,4:55:28,1734,464
6429003,211,4:55:29,1704,462
6429003,213,4:55:29,5,c_bestFriend_F_a_G9b2P,true
6429003,205,4:55:29,5,c_bestFriend_F_a_G9b2P,false,false
6429003,210,4:55:32,1611,336
6429003,207,4:55:33,5,-905,-995
6429003,211,4:55:35,1858,538
6429003,213,4:55:35,5,c_cousin_F_a_G9b2P,true
6429003,212,4:55:39,1
6429003,210,4:55:39,1844,456
6429003,211,4:55:42,1168,563
6429003,213,4:55:42,5,c_crush1_F_a_G9b2P,true
6429003,205,4:55:43,5,c_crush1_F_a_G9b2P,false,false
6429003,210,4:55:46,1511,481
6429003,207,4:55:47,5,-995,-710
6429003,207,4:55:48,5,-710,-170
6429003,211,4:55:49,363,618
6429003,213,4:55:49,5,c_kidSister_lati_a_G9b2P,true
6429003,210,4:55:53,623,355
6429003,211,4:55:55,926,332
6429003,213,4:55:55,5,c_mom_lati_a_G9b2P,true
6429003,205,4:55:55,5,c_mom_lati_a_G9b2P,false,false
6429003,212,4:55:58,2
6429003,210,4:55:59,955,462
6429003,207,4:56:0,5,-170,-320
6429003,207,4:56:2,5,-320,-470
6429003,207,4:56:3,5,-470,-995
6429003,211,4:56:5,1926,214
6429003,212,4:56:5,0
6429003,210,4:56:6,1970,111
6429003,211,4:56:7,1708,437
6429003,212,4:56:8,1
6429003,210,4:56:8,1876,497
6429003,211,4:56:9,1713,401
6429003,212,4:56:9,2
6429003,210,4:56:10,1872,483
6429003,211,4:56:10,1894,468
6429003,213,4:56:10,5,c_cousin_F_a_G9b2P,true
6429003,210,4:56:14,1467,519
6429003,211,4:56:15,1608,689
6429003,210,4:56:17,1533,602
6429003,211,4:56:17,1534,617
6429003,213,4:56:17,5,s_boardGame_G9b2P,true
6429003,210,4:56:20,1294,476
6429003,207,4:56:21,5,-995,-695
6429003,207,4:56:22,5,-695,-605
6429003,207,4:56:26,5,-605,-395
6429003,207,4:56:28,5,-395,-260
6429003,211,4:56:30,1941,267
6429003,207,4:56:30,5,-260,-935
6429003,210,4:56:31,1888,184
6429003,207,4:56:31,5,-935,-995
6429003,211,4:56:35,1887,537
6429003,213,4:56:35,5,c_cousin_F_a_G9b2P,true
6429003,210,4:56:38,1434,594
6429003,211,4:56:39,1377,609
6429003,212,4:56:40,1
6429003,210,4:56:40,1494,559
6429003,211,4:56:41,1364,641
6429003,212,4:56:42,0
6429003,210,4:56:42,1567,557
6429003,211,4:56:43,1307,563
6429003,213,4:56:43,5,s_sodaBottle_G9b2P,true
6429003,210,4:56:47,1472,418
6429003,211,4:56:48,1214,106
6429003,213,4:56:48,5,s_clock_G9b2P,true
6429003,205,4:56:48,5,s_clock_G9b2P,false,false
6429003,221,4:56:58,5
6429003,220,4:56:59,5
6429003,212,4:57:4,2
6429003,210,4:57:5,1032,475
6429003,207,4:57:5,5,-200,-200
6429003,207,4:57:8,5,-200,0
6429003,207,4:57:10,5,0,-510
6429003,211,4:57:11,1652,515
6429003,207,4:57:11,5,-510,-645
6429003,210,4:57:12,1697,498
6429003,207,4:57:12,5,-645,-825
6429003,207,4:57:13,5,-825,-995
6429003,211,4:57:14,1982,141
6429003,213,4:57:14,5,s_pictureDaddark_lati_gen,true
6429003,205,4:57:14,5,s_pictureDaddark_lati_gen,false,false
6429003,221,4:57:19,5
6429003,220,4:57:21,5
6429003,1003,4:57:21,3
6429003,1004,4:57:22,2
6429003,500,4:57:24,2,[]
6429003,501,4:57:25,2,[]
6429003,502,4:57:31,2,[IntentionData_logId:1,false]
6429003,503,4:57:33,2,[]
6429003,504,4:57:34,2,[InfluenceData_logId:2]
6429003,504,4:57:36,2,[InfluenceData_logId:0]
6429003,504,4:57:37,2,[InfluenceData_logId:5]
6429003,504,4:57:37,2,[InfluenceData_logId:3]
6429003,504,4:57:41,2,[InfluenceData_logId:5]
6429003,504,4:57:43,2,[InfluenceData_logId:4]
6429003,504,4:57:46,2,[InfluenceData_logId:6]
6429003,505,4:57:46,2,[InfluenceData_logId:0,true,InfluenceData_logId:4,false,InfluenceData_logId:6,true]
6429003,506,4:57:48,2,[]
6429003,507,4:58:2,2,[OpponentAttackData_logId:1,OpponentAttackTypeData_logId:1,true,0]
6429003,508,4:58:4,2,[]
6429003,509,4:58:7,2,[RefusalData_logId:2,2]
6429003,510,4:58:8,2,[AvailableRefusalData_logId:2,0C]
6429003,510,4:58:11,2,[AvailableRefusalData_logId:2,1A]
6429003,510,4:58:15,2,[AvailableRefusalData_logId:2,0B]
6429003,510,4:58:15,2,[AvailableRefusalData_logId:2,1B]
6429003,510,4:58:19,2,[AvailableRefusalData_logId:2,0C]
6429003,510,4:58:20,2,[AvailableRefusalData_logId:2,1C]
6429003,510,4:58:21,2,[AvailableRefusalData_logId:2,1A]
6429003,510,4:58:24,2,[AvailableRefusalData_logId:2,0A]
6429003,510,4:58:27,2,[AvailableRefusalData_logId:2,2A]
6429003,511,4:58:28,2,[AvailableRefusalData_logId:2,0A,1A,2A,true,50]
6429003,512,4:58:30,2,[]
6429003,513,4:58:30,2,[0]
6429003,514,4:58:33,2,[]
6429003,507,4:58:51,2,[OpponentAttackData_logId:3,OpponentAttackTypeData_logId:4,true,0]
6429003,508,4:58:53,2,[]
6429003,509,4:59:1,2,[RefusalData_logId:4,2]
6429003,510,4:59:3,2,[AvailableRefusalData_logId:4,0A]
6429003,510,4:59:6,2,[AvailableRefusalData_logId:4,1A]
6429003,510,4:59:8,2,[AvailableRefusalData_logId:4,2A]
6429003,511,4:59:9,2,[AvailableRefusalData_logId:4,0A,1A,2A,true,50]
6429003,512,4:59:12,2,[]
6429003,515,4:59:12,2,[120,0]
6429003,516,4:59:12,2,[]
6429003,517,4:59:14,2,[]
6429003,1005,4:59:14,2,[3,1,3]
6429003,1000,4:59:15,2,[]
6429003,1002,4:59:18,2
6429003,1003,4:59:18,3
6429003,221,4:59:21,5
6429003,220,4:59:23,5
6429003,203,4:59:23,5
6429003,100,4:59:48,6
6429003,101,4:59:49,6
6429003,100,4:59:50,8
6429003,101,4:59:51,8
6429003,100,4:59:52,10
6429003,102,4:59:53,10
6429003,200,4:59:53,10,14,21,20,16,24
6429003,210,4:59:55,742,454
6429003,211,4:59:56,754,441
6429003,213,4:59:56,10,c_mom_lati_G12a0,false
6429003,219,5:0:1,10
6429003,216,5:0:2,Stack_G12a1N
6429003,217,5:0:5,Stack_G12a1N,2.8,14
6429003,218,5:0:6,10
6429003,210,5:0:7,445,505
6429003,211,5:0:8,299,522
6429003,213,5:0:8,10,c_crush1_F_G12a1N,false
6429003,1003,5:0:11,2
6429003,1004,5:0:14,2
6429003,900,5:0:15,2,[]
6429003,901,5:0:16,2,[PeopleData_id:5]
6429003,902,5:0:17,2,[PeopleData_id:5,PeopleData_data2Type]
6429003,902,5:0:22,2,[PeopleData_id:5,PeopleData_data1Type]
6429003,903,5:0:23,2,[PeopleData_id5,PeopleData_data1Type]
6429003,901,5:0:23,2,[PeopleData_id:5]
6429003,904,5:0:23,2,[PeopleData_id:5]
6429003,905,5:0:24,2,[PeopleData_id:5,RankTypes_id:-1,RankTypes_id:0]
6429003,901,5:0:24,2,[PeopleData_id:6]
6429003,902,5:0:25,2,[PeopleData_id:6,PeopleData_data2Type]
6429003,902,5:0:27,2,[PeopleData_id:6,PeopleData_data1Type]
6429003,903,5:0:28,2,[PeopleData_id6,PeopleData_data1Type]
6429003,901,5:0:29,2,[PeopleData_id:6]
6429003,904,5:0:29,2,[PeopleData_id:6]
6429003,905,5:0:30,2,[PeopleData_id:6,RankTypes_id:-1,RankTypes_id:0]
6429003,901,5:0:31,2,[PeopleData_id:4]
6429003,904,5:0:31,2,[PeopleData_id:4]
6429003,902,5:0:32,2,[PeopleData_id:4,PeopleData_data2Type]
6429003,903,5:0:33,2,[PeopleData_id4,PeopleData_data2Type]
6429003,901,5:0:33,2,[PeopleData_id:6]
6429003,904,5:0:34,2,[PeopleData_id:6]
6429003,905,5:0:34,2,[PeopleData_id:6,RankTypes_id:0,RankTypes_id:0]
6429003,902,5:0:35,2,[PeopleData_id:6,PeopleData_data2Type]
6429003,902,5:0:35,2,[PeopleData_id:6,PeopleData_data1Type]
6429003,903,5:0:36,2,[PeopleData_id6,PeopleData_data1Type]
6429003,901,5:0:37,2,[PeopleData_id:4]
6429003,902,5:0:38,2,[PeopleData_id:4,PeopleData_data2Type]
6429003,902,5:0:38,2,[PeopleData_id:4,PeopleData_data1Type]
6429003,902,5:0:41,2,[PeopleData_id:4,PeopleData_data0Type]
6429003,903,5:0:43,2,[PeopleData_id4,PeopleData_data0Type]
6429003,901,5:0:44,2,[PeopleData_id:4]
6429003,904,5:0:44,2,[PeopleData_id:4]
6429003,905,5:0:44,2,[PeopleData_id:4,RankTypes_id:-1,RankTypes_id:4]
6429003,901,5:0:44,2,[PeopleData_id:2]
6429003,902,5:0:45,2,[PeopleData_id:2,PeopleData_data2Type]
6429003,902,5:0:45,2,[PeopleData_id:2,PeopleData_data3Type]
6429003,902,5:0:48,2,[PeopleData_id:2,PeopleData_data2Type]
6429003,902,5:0:49,2,[PeopleData_id:2,PeopleData_data1Type]
6429003,902,5:0:53,2,[PeopleData_id:2,PeopleData_data1Type]
6429003,902,5:0:53,2,[PeopleData_id:2,PeopleData_data1Type]
6429003,902,5:0:54,2,[PeopleData_id:2,PeopleData_data0Type]
6429003,903,5:0:56,2,[PeopleData_id2,PeopleData_data0Type]
6429003,901,5:0:57,2,[PeopleData_id:2]
6429003,904,5:0:57,2,[PeopleData_id:2]
6429003,905,5:0:57,2,[PeopleData_id:2,RankTypes_id:-1,RankTypes_id:2]
6429003,901,5:0:58,2,[PeopleData_id:0]
6429003,902,5:0:58,2,[PeopleData_id:0,PeopleData_data3Type]
6429003,902,5:1:0,2,[PeopleData_id:0,PeopleData_data2Type]
6429003,902,5:1:3,2,[PeopleData_id:0,PeopleData_data1Type]
6429003,902,5:1:4,2,[PeopleData_id:0,PeopleData_data2Type]
6429003,902,5:1:6,2,[PeopleData_id:0,PeopleData_data1Type]
6429003,902,5:1:9,2,[PeopleData_id:0,PeopleData_data0Type]
6429003,902,5:1:12,2,[PeopleData_id:0,PeopleData_data0Type]
6429003,903,5:1:13,2,[PeopleData_id0,PeopleData_data0Type]
6429003,901,5:1:13,2,[PeopleData_id:0]
6429003,904,5:1:13,2,[PeopleData_id:0]
6429003,905,5:1:14,2,[PeopleData_id:0,RankTypes_id:-1,RankTypes_id:4]
6429003,901,5:1:14,2,[PeopleData_id:1]
6429003,902,5:1:15,2,[PeopleData_id:1,PeopleData_data2Type]
6429003,902,5:1:17,2,[PeopleData_id:1,PeopleData_data1Type]
6429003,902,5:1:18,2,[PeopleData_id:1,PeopleData_data2Type]
6429003,902,5:1:25,2,[PeopleData_id:1,PeopleData_data1Type]
6429003,902,5:1:27,2,[PeopleData_id:1,PeopleData_data0Type]
6429003,903,5:1:29,2,[PeopleData_id1,PeopleData_data0Type]
6429003,901,5:1:30,2,[PeopleData_id:1]
6429003,904,5:1:30,2,[PeopleData_id:1]
6429003,905,5:1:30,2,[PeopleData_id:1,RankTypes_id:-1,RankTypes_id:0]
6429003,901,5:1:31,2,[PeopleData_id:3]
6429003,902,5:1:32,2,[PeopleData_id:3,PeopleData_data3Type]
6429003,902,5:1:36,2,[PeopleData_id:3,PeopleData_data2Type]
6429003,902,5:1:36,2,[PeopleData_id:3,PeopleData_data2Type]
6429003,902,5:1:38,2,[PeopleData_id:3,PeopleData_data2Type]
6429003,902,5:1:39,2,[PeopleData_id:3,PeopleData_data1Type]
6429003,902,5:1:41,2,[PeopleData_id:3,PeopleData_data0Type]
6429003,902,5:1:42,2,[PeopleData_id:3,PeopleData_data2Type]
6429003,903,5:1:42,2,[PeopleData_id3,PeopleData_data2Type]
6429003,901,5:1:43,2,[PeopleData_id:3]
6429003,904,5:1:43,2,[PeopleData_id:3]
6429003,905,5:1:44,2,[PeopleData_id:3,RankTypes_id:-1,RankTypes_id:3]
6429003,906,5:1:44,2,[]
6429003,901,5:1:45,2,[PeopleData_id:0]
6429003,904,5:1:45,2,[PeopleData_id:0]
6429003,905,5:1:45,2,[PeopleData_id:0,RankTypes_id:4,RankTypes_id:4]
6429003,902,5:1:45,2,[PeopleData_id:0,PeopleData_data2Type]
6429003,902,5:1:46,2,[PeopleData_id:0,PeopleData_data1Type]
6429003,903,5:1:48,2,[PeopleData_id0,PeopleData_data1Type]
6429003,901,5:1:48,2,[PeopleData_id:4]
6429003,905,5:1:48,2,[PeopleData_id:4,RankTypes_id:4,RankTypes_id:4]
6429003,901,5:1:49,2,[PeopleData_id:4]
6429003,904,5:1:49,2,[PeopleData_id:4]
6429003,905,5:1:49,2,[PeopleData_id:4,RankTypes_id:4,RankTypes_id:3]
6429003,902,5:1:50,2,[PeopleData_id:4,PeopleData_data2Type]
6429003,902,5:1:51,2,[PeopleData_id:4,PeopleData_data1Type]
6429003,902,5:1:51,2,[PeopleData_id:4,PeopleData_data0Type]
6429003,903,5:1:55,2,[PeopleData_id4,PeopleData_data0Type]
6429003,901,5:1:55,2,[PeopleData_id:4]
6429003,904,5:1:55,2,[PeopleData_id:4]
6429003,905,5:1:56,2,[PeopleData_id:4,RankTypes_id:3,RankTypes_id:4]
6429003,907,5:1:56,2,[]
6429003,908,5:1:56,2,[InvitationData_id:8,PeopleData_id:2,RankTypes_id:2]
6429003,909,5:2:1,2,[InvitationData_id:8,PeopleData_id:2,RankTypes_id:2,0]
6429003,910,5:2:3,2,[InvitationData_id:8,-2,false]
6429003,908,5:2:3,2,[InvitationData_id:9,PeopleData_id:0,RankTypes_id:4]
6429003,909,5:2:9,2,[InvitationData_id:9,PeopleData_id:0,RankTypes_id:4,1]
6429003,910,5:2:10,2,[InvitationData_id:9,9,false]
6429003,908,5:2:10,2,[InvitationData_id:5,PeopleData_id:4,RankTypes_id:4]
6429003,909,5:2:12,2,[InvitationData_id:5,PeopleData_id:4,RankTypes_id:4,1]
6429003,910,5:2:14,2,[InvitationData_id:5,9,false]
6429003,908,5:2:14,2,[InvitationData_id:1,PeopleData_id:2,RankTypes_id:2]
6429003,909,5:2:17,2,[InvitationData_id:1,PeopleData_id:2,RankTypes_id:2,0]
6429003,910,5:2:19,2,[InvitationData_id:1,-2,false]
6429003,908,5:2:19,2,[InvitationData_id:3,PeopleData_id:0,RankTypes_id:4]
6429003,909,5:2:25,2,[InvitationData_id:3,PeopleData_id:0,RankTypes_id:4,1]
6429003,910,5:2:26,2,[InvitationData_id:3,9,false]
6429003,908,5:2:26,2,[InvitationData_id:10,PeopleData_id:0,RankTypes_id:4]
6429003,909,5:2:31,2,[InvitationData_id:10,PeopleData_id:0,RankTypes_id:4,0]
6429003,910,5:2:34,2,[InvitationData_id:10,-11,false]
6429003,908,5:2:34,2,[InvitationData_id:0,PeopleData_id:0,RankTypes_id:4]
6429003,909,5:2:38,2,[InvitationData_id:0,PeopleData_id:0,RankTypes_id:4,1]
6429003,910,5:2:39,2,[InvitationData_id:0,9,false]
6429003,908,5:2:39,2,[InvitationData_id:2,PeopleData_id:4,RankTypes_id:4]
6429003,909,5:2:41,2,[InvitationData_id:2,PeopleData_id:4,RankTypes_id:4,1]
6429003,910,5:2:42,2,[InvitationData_id:2,9,false]
6429003,908,5:2:42,2,[InvitationData_id:4,PeopleData_id:3,RankTypes_id:3]
6429003,909,5:2:46,2,[InvitationData_id:4,PeopleData_id:3,RankTypes_id:3,1]
6429003,910,5:2:47,2,[InvitationData_id:4,7,false]
6429003,911,5:2:49,2,[37,0,0,0]
6429003,1005,5:2:49,2,[2,2,3]
6429003,1001,5:2:50,2,[]
6429003,1003,5:2:50,2
6429003,221,5:2:54,10
6429003,220,5:2:55,10
6429003,219,5:2:56,10
6429003,216,5:2:57,Stack_G12a2N
6429003,217,5:3:11,Stack_G12a2N,13,0.00
6429003,218,5:3:12,10
6429003,210,5:3:13,606,404
6429003,207,5:3:16,10,-200,-335
6429003,207,5:3:17,10,-335,-515
6429003,211,5:3:18,1595,487
6429003,207,5:3:18,10,-515,-590
6429003,207,5:3:18,10,-590,-590
6429003,210,5:3:18,1569,440
6429003,207,5:3:19,10,-590,-995
6429003,211,5:3:22,1853,161
6429003,204,5:3:23,10
6429003,103,5:3:40
6429003,105,5:3:43
6429003,703,5:3:45,[|| EpilogueItem ID: 0 unlocked: true ||,|| EpilogueItem ID: 1 unlocked: true ||,|| EpilogueItem ID: 2 unlocked: true ||,|| EpilogueItem ID: 3 unlocked: true ||,|| EpilogueItem ID: 4 unlocked: true ||,|| EpilogueItem ID: 5 unlocked: true ||,|| EpilogueItem ID: 6 unlocked: false ||,|| EpilogueItem ID: 7 unlocked: false ||,|| EpilogueItem ID: 8 unlocked: false ||,|| EpilogueItem ID: 9 unlocked: false ||,|| EpilogueItem ID: 10 unlocked: false ||,|| EpilogueItem ID: 11 unlocked: false ||,|| EpilogueItem ID: 12 unlocked: false ||,|| EpilogueItem ID: 13 unlocked: true ||,|| EpilogueItem ID: 14 unlocked: false ||,|| EpilogueItem ID: 15 unlocked: false ||,|| EpilogueItem ID: 16 unlocked: false ||,|| EpilogueItem ID: 17 unlocked: false ||,|| EpilogueItem ID: 18 unlocked: false ||,|| EpilogueItem ID: 19 unlocked: false ||,|| EpilogueItem ID: 20 unlocked: false ||,|| EpilogueItem ID: 21 unlocked: true ||,|| EpilogueItem ID: 22 unlocked: false ||,|| EpilogueItem ID: 23 unlocked: false ||,|| EpilogueItem ID: 24 unlocked: false ||],0.32
6429003,706,5:3:47,(x=242, y=-100, w=1024, h=768),(x=218, y=-100, w=1024, h=768)
6429003,706,5:3:47,(x=244, y=-100, w=1024, h=768),(x=244, y=-100, w=1024, h=768)
6429003,706,5:3:48,(x=203, y=-100, w=1024, h=768),(x=203, y=-100, w=1024, h=768)
6429003,704,5:3:48,1
6429003,706,5:3:48,(x=203, y=-100, w=1024, h=768),(x=203, y=-100, w=1024, h=768)
6429003,706,5:3:51,(x=176, y=-100, w=1024, h=768),(x=0, y=-100, w=1024, h=768)
6429003,706,5:3:52,(x=612, y=-100, w=1024, h=768),(x=604, y=-100, w=1024, h=768)
6429003,706,5:3:57,(x=778, y=-100, w=1024, h=768),(x=1002, y=-100, w=1024, h=768)
6429003,706,5:4:0,(x=1099, y=-100, w=1024, h=768),(x=1148, y=-100, w=1024, h=768)
6429003,706,5:4:1,(x=1242, y=-100, w=1024, h=768),(x=1456, y=-100, w=1024, h=768)
6429003,706,5:4:2,(x=1455, y=-100, w=1024, h=768),(x=1455, y=-100, w=1024, h=768)
6429003,706,5:4:3,(x=1545, y=-100, w=1024, h=768),(x=1544, y=-100, w=1024, h=768)
6429003,706,5:4:5,(x=1611, y=-100, w=1024, h=768),(x=1611, y=-100, w=1024, h=768)
6429003,706,5:4:7,(x=1782, y=-100, w=1024, h=768),(x=1830, y=-100, w=1024, h=768)
6429003,706,5:4:12,(x=2088, y=-100, w=1024, h=768),(x=2531, y=-100, w=1024, h=768)
6429003,706,5:4:14,(x=2363, y=-100, w=1024, h=768),(x=2242, y=-100, w=1024, h=768)
6429003,706,5:4:15,(x=2397, y=-100, w=1024, h=768),(x=2531, y=-100, w=1024, h=768)
6429003,708,5:4:16
6429003,1,5:4:16,4/15/2013 4:42:36pm,{"gameTime":18256067,"session":[{"stackId":12,"sceneId":"1P"},{"stackId":0,"sceneId":"1P"},{"stackId":1,"sceneId":"1P"},{"stackId":1,"sceneId":"1N"},{"stackId":1,"sceneId":"2P"},{"stackId":2,"sceneId":"3P"},{"stackId":2,"sceneId":"1P"},{"stackId":2,"sceneId":"1N"},{"stackId":2,"sceneId":"2P"},{"stackId":4,"sceneId":"1P"},{"stackId":4,"sceneId":"1N"},{"stackId":4,"sceneId":"2P"},{"stackId":3,"sceneId":"1P"},{"stackId":3,"sceneId":"1N"},{"stackId":3,"sceneId":"2P"},{"stackId":5,"sceneId":"1P"},{"stackId":5,"sceneId":"1N"},{"stackId":5,"sceneId":"2P"}],"challengeStacks":[{"resolved":true,"challengeScenes":[{"keyPoints":["c_teacherEng_G7a0","c_bestFriend_F_a_G7a0","s_flag_gen"],"viewedAnimatic":true,"touchableObjects":["s_vocabAssignment_G7a0","s_doorClassroom_G7a0","c_friend1_F_a_G7a0","s_poePoster_gen","c_crewKid1_F_G7a0","s_otherStudent1_G7a0","c_teacherEng_G7a0","c_bestFriend_F_a_G7a0","s_flag_gen","s_angelouPoster_gen","s_shakespearePoster_gen","s_atwoodPoster_gen","s_clock_G7a0"],"unlocked":true,"miniGameCards":[]},{"keyPoints":["c_teacherEng_G7a1N","c_bestFriend_F_a_G7a1N","s_paperPlayers_G7a1N"],"viewedAnimatic":true,"touchableObjects":["c_teacherEng_G7a1N","s_otherStudent2_G7a1N","s_otherStudent1_G7a1N","c_crewKid1_F_G7a1N","s_flag_gen","s_poePoster_gen","s_shakespearePoster_gen","s_atwoodPoster_gen","s_angelouPoster_gen","c_bestFriend_F_a_G7a1N","s_posterPlagiarism_gen","s_paperPlayers_G7a1N"],"unlocked":true,"miniGameCards":[]},{"keyPoints":["c_teacherEng_G7a1P","s_flag_gen","s_paperEnglish_gen","c_bestFriend_F_a_G7a1P"],"viewedAnimatic":true,"touchableObjects":["c_teacherEng_G7a1P","s_clock_G7a1P","s_paperPlayers_G7a1P","s_poePoster_gen","s_shakespearePoster_gen","s_angelouPoster_gen","s_atwoodPoster_gen","s_flag_gen","s_paperEnglish_gen","c_bestFriend_F_a_G7a1P"],"unlocked":true,"miniGameCards":[]}],"stackSize":3},{"resolved":true,"challengeScenes":[{"keyPoints":["c_crewKid1_F_G7b0","c_kidSister_lati_a_G7b0","s_backpack_F_G7b0"],"viewedAnimatic":true,"touchableObjects":["c_crewKid2_F_G7b0","c_cousinsBrother_a_G7b0","s_lifeguard_G7b0","c_cousinsBrothersFriendsGF_G7b0","c_cousinsBrothersFriend_a_G7b0","c_cousin_F_a_G7b0","c_crewKid1_F_G7b0","c_kidSister_lati_a_G7b0","s_backpack_F_G7b0"],"unlocked":true,"miniGameCards":[]},{"keyPoints":["c_kidSister_lati_a_G7b1N","c_crewKid1_F_G7b1N","s_graffiti_G7b1N","s_sprayPaintCan_G7b1N","s_brokenCarWindow_G7b1N"],"viewedAnimatic":true,"touchableObjects":["c_kidSister_lati_a_G7b1N","c_policeOfficer_G7b1N","c_crewKid1_F_G7b1N","s_cat_G7b1N","s_wreckedPlants_G7b1N","s_flag_G7b1N","c_teacherEng_G7b1N","c_cousin_F_a_G7b1N","s_graffiti_G7b1N","c_crewKid2_F_a_G7b1N","s_sprayPaintCan_G7b1N","s_brokenCarWindow_G7b1N"],"unlocked":true,"miniGameCards":[]},{"keyPoints":["c_cousinsBrothersFriend_a_G7b1P","c_cousinsBrother_a_G7b1P","c_cousin_F_a_G7b1P","s_poolDay_ruleSign_G7b1P"],"viewedAnimatic":true,"touchableObjects":["c_cousinsBrothersFriend_a_G7b1P","c_kidSister_lati_a_G7b1P","c_cousinsBrother_a_G7b1P","c_cousin_F_a_G7b1P","c_crush1_F_a_G7b1P","s_poolDay_ruleSign_G7b1P"],"unlocked":true,"miniGameCards":[]},{"keyPoints":["c_crush1_F_a_G7b2N","c_cousin_F_a_G7b2N","s_kid1_G7b2N","c_kidSister_lati_a_G7b2N"],"viewedAnimatic":true,"touchableObjects":["c_cousinsBrother_a_G7b2N","s_lifeguard_G7b2N","c_crewKid2_F_G7b2N","s_kidPool2_G7b2N","c_crush1_F_a_G7b2N","s_cousinsBFgirlfriend_G7b2N","c_cousin_F_a_G7b2N","s_kid1_G7b2N","c_kidSister_lati_a_G7b2N"],"unlocked":true,"miniGameCards":[]},{"keyPoints":["s_computer_F_G7b2P","c_cousin_F_a_G7b2P","c_kidSister_lati_a_G7b2P","s_pictureDad_lati_F_gen"],"viewedAnimatic":true,"touchableObjects":["s_calendar_F_gen","s_computer_F_G7b2P","c_cousin_F_a_G7b2P","s_closet_F_G7b2P","c_kidSister_lati_a_G7b2P","c_grandma_lati_a_G7b2P","s_pictureDad_lati_F_gen"],"unlocked":true,"miniGameCards":[]}],"stackSize":5},{"resolved":true,"challengeScenes":[{"keyPoints":["s_clock_G8a0","s_cellphone_G8a0","c_crush2_F_a_G8a0","c_cousin_F_a_G8a0","s_bottleCrush2_F_G8a0"],"viewedAnimatic":true,"touchableObjects":["s_clock_G8a0","s_stairs_G8a0","s_beerSixpack_G8a0","s_cellphone_G8a0","c_crush2_F_a_G8a0","s_beerCooler_G8a0","c_cousin_F_a_G8a0","s_bottleTable_G8a0","s_bottleCrush2_F_G8a0","s_cigaretteKid1_G8a0","s_bottleFloor_G8a0"],"unlocked":true,"miniGameCards":[]},{"keyPoints":["s_basementDoor_gen","s_dirtyClothes_gen","s_crush2Sore_F_G8a1N","s_crush2Lips_F_G8a1N","s_crush2Eyes_F_G8a1N"],"viewedAnimatic":true,"touchableObjects":["c_crush2_F_a_G8a1N","s_basementDoor_gen","s_dirtyClothes_gen","s_dryer_G8a1N","s_waterHeater_gen","s_stairs_G8a1N","s_inhalantsShelf_gen","s_crush2Sore_F_G8a1N","s_crush2Lips_F_G8a1N","s_crush2Eyes_F_G8a1N"],"unlocked":true,"miniGameCards":[]},{"keyPoints":["s_inhalantsShelf_gen","c_crush2_F_a_G8a1P","s_basementDoor_gen","s_dirtyClothes_gen"],"viewedAnimatic":true,"touchableObjects":["s_inhalantsShelf_gen","c_crush2_F_a_G8a1P","s_spraypaintCrush2_F_G8a1P","s_waterHeater_gen","s_basementDoor_gen","s_dirtyClothes_gen"],"unlocked":true,"miniGameCards":[]},{"keyPoints":["c_crush2_F_a_G8a2N","s_spraypaintCan_G8a2N"],"viewedAnimatic":true,"touchableObjects":["s_fumes_G8a2N","c_friend1_F_a_G8a2N","c_crush2_F_a_G8a2N","s_spraypaintCan_G8a2N"],"unlocked":true,"miniGameCards":[]},{"keyPoints":["c_crush2_F_a_G8a2P","c_kidSister_lati_a_G8a2P","s_sistersToy_G8a2P","s_magazine_G8a2P","s_pictureDad_lati_gen"],"viewedAnimatic":true,"touchableObjects":["s_door_gen","c_grandma_lati_a_G8a2P","c_crush2_F_a_G8a2P","s_teaCup_G8a2P","c_kidSister_lati_a_G8a2P","s_sistersToy_G8a2P","s_videoGame_G8a2P","s_stairs_G8a2P","s_magazine_G8a2P","s_pictureDad_lati_gen"],"unlocked":true,"miniGameCards":[]},{"keyPoints":["s_mirror_lati_F_a_G8a3N","c_nurse_a_G8a3N","s_pamphlet1_G8a3N","s_pamphlet3_G8a3N"],"viewedAnimatic":true,"touchableObjects":["s_mirror_lati_F_a_G8a3N","s_phone_G8a3N","s_door_G8a3N","c_nurse_a_G8a3N","s_pamphlet1_G8a3N","s_pamphlet3_G8a3N"],"unlocked":true,"miniGameCards":[]},{"keyPoints":["c_crush2_F_a_G8a3P","s_kidsCouch_G8a3P"],"viewedAnimatic":true,"touchableObjects":["c_crush2_F_a_G8a3P","s_kidsCouch_G8a3P"],"unlocked":true,"miniGameCards":[]}],"stackSize":7},{"resolved":true,"challengeScenes":[{"keyPoints":["c_friend1_F_a_G8b0","c_kidSister_lati_a_G8b0","s_pillBottle_G8b0"],"viewedAnimatic":true,"touchableObjects":["c_grandma_lati_a_G8b0","c_friend1_F_a_G8b0","s_pictureDad_lati_gen","s_pictureMom_lati_gen","c_kidSister_lati_a_G8b0","s_pillBottle_G8b0"],"unlocked":true,"miniGameCards":[]},{"keyPoints":["c_friend1_F_a_G8b1N","c_kidSister_lati_a_G8b1N","c_grandma_lati_a_G8b1N"],"viewedAnimatic":true,"touchableObjects":["c_friend1_F_a_G8b1N","s_pillBottle_G8b1N","c_kidSister_lati_a_G8b1N","c_grandma_lati_a_G8b1N"],"unlocked":true,"miniGameCards":[]},{"keyPoints":["s_pillBottle_F_G8b1P","c_friend1_F_a_G8b1P","c_grandma_lati_a_G8b1P"],"viewedAnimatic":true,"touchableObjects":["s_pillBottle_F_G8b1P","c_kidSister_lati_a_G8b1P","s_tvGuide_G8b1P","c_friend1_F_a_G8b1P","c_grandma_lati_a_G8b1P"],"unlocked":true,"miniGameCards":[]},{"keyPoints":["s_sandwichBagPills_G8b2N","c_friend1_F_a_G8b2N","c_crewKid2_F_a_G8b2N","c_teacherEng_G8b2N","s_clock_G8b2N"],"viewedAnimatic":true,"touchableObjects":["s_kid2_G8b2N","s_sandwichBagPills_G8b2N","s_kid5_G8b2N","s_kid3_G8b2N","s_kid4_G8b2N","s_kid1_G8b2N","c_friend1_F_a_G8b2N","c_crewKid2_F_a_G8b2N","c_teacherEng_G8b2N","s_clock_G8b2N"],"unlocked":true,"miniGameCards":[]},{"keyPoints":["s_pillBottle_G8b2P","c_friend1_F_a_G8b2P","c_grandma_lati_a_G8b2P"],"viewedAnimatic":true,"touchableObjects":["c_kidSister_lati_a_G8b2P","s_pillBottle_G8b2P","s_videoGameScreen_G8b2P","c_friend1_F_a_G8b2P","c_grandma_lati_a_G8b2P"],"unlocked":true,"miniGameCards":[]}],"stackSize":5},{"resolved":true,"challengeScenes":[{"keyPoints":["s_cellPhone_F_G9a0","s_clock_F_G9a0","s_bathingSuit_F_G9a0","s_door_F_gen"],"viewedAnimatic":true,"touchableObjects":["s_cellPhone_F_G9a0","s_calendar_F_gen","s_clock_F_G9a0","s_window_F_G9a0","s_bathingSuit_F_G9a0","s_door_F_gen"],"unlocked":true,"miniGameCards":[]},{"keyPoints":["s_kid3_G9a1N","c_cousin_F_a_G9a1N","s_fence_G9a1N","c_policeOfficer_G9a1N"],"viewedAnimatic":true,"touchableObjects":["s_policeCar_G9a1N","c_cousinsBrothersFriend_a_G9a1N","s_kid4_G9a1N","s_bathingSuits_G9a1N","s_kid3_G9a1N","c_cousin_F_a_G9a1N","s_potSmokeCloud_G9a1N","s_fence_G9a1N","s_poolNight_ruleSign_G9a1N","c_policeOfficer_G9a1N"],"unlocked":true,"miniGameCards":[]},{"keyPoints":["s_calendar_F_gen","s_door_F_gen","s_poster_F_gen","c_cousin_F_a_G9a1P","s_joint_F_G9a1P"],"viewedAnimatic":true,"touchableObjects":["s_calendar_F_gen","s_door_F_gen","s_poster_F_gen","c_cousin_F_a_G9a1P","s_computer_F_gen","s_joint_F_G9a1P"],"unlocked":true,"miniGameCards":[]},{"keyPoints":["c_mom_lati_a_G9a2N","c_kidSister_lati_a_G9a2N","s_pictureDad_lati_F_gen","c_cousin_F_a_G9a2N","s_potSmokeCloud_F_G9a2N"],"viewedAnimatic":true,"touchableObjects":["c_mom_lati_a_G9a2N","c_kidSister_lati_a_G9a2N","s_pictureDad_lati_F_gen","c_cousin_F_a_G9a2N","s_potSmokeCloud_F_G9a2N"],"unlocked":true,"miniGameCards":[]},{"keyPoints":["s_pizzaBox_G9a2P","s_door_gen","c_mom_lati_a_G9a2P","c_cousin_F_a_G9a2P"],"viewedAnimatic":true,"touchableObjects":["c_kidSister_lati_a_G9a2P","s_tv_G9a2P","s_pizzaBox_G9a2P","s_door_gen","c_mom_lati_a_G9a2P","c_cousin_F_a_G9a2P","c_grandma_lati_a_G9a2P"],"unlocked":true,"miniGameCards":[]}],"stackSize":5},{"resolved":true,"challengeScenes":[{"keyPoints":["s_computer_F_gen","s_pictureDad_lati_F_gen","s_mirror_F_G9b0"],"viewedAnimatic":true,"touchableObjects":["c_kidSister_lati_a_G9b0","s_computer_F_gen","s_cellPhone_F_G9b0","s_pictureDad_lati_F_gen","s_mirror_F_G9b0"],"unlocked":true,"miniGameCards":[]},{"keyPoints":["c_teacherEng_G9b1N","c_cousin_F_a_G9b1N","c_kidSister_lati_a_G9b1N","s_joint_G9b1N","s_clock_G9b1N","s_beerBottle_G9b1N","s_brokenLamp_G9b1N"],"viewedAnimatic":true,"touchableObjects":["c_teacherEng_G9b1N","s_coupleOnCouch_G9b1N","s_pictureDaddark_lati_gen","s_puddleFloor_G9b1N","c_cousin_F_a_G9b1N","c_kidSister_lati_a_G9b1N","s_joint_G9b1N","s_clock_G9b1N","s_photoCracked_G9b1N","s_beerBottle_G9b1N","s_smokeDetector_G9b1N","s_brokenLamp_G9b1N"],"unlocked":true,"miniGameCards":[]},{"keyPoints":["c_bestFriend_F_a_G9b1P","c_friend1_F_a_G9b1P","c_crush1_F_a_G9b1P","s_pictureMomdark_lati_G9b1P","s_kidsGroupKitchen_G9b1P","c_cousin_F_a_G9b1P","s_pictureDaddark_lati_gen"],"viewedAnimatic":true,"touchableObjects":["c_bestFriend_F_a_G9b1P","c_friend1_F_a_G9b1P","s_door_G9b1P","c_crush1_F_a_G9b1P","s_pictureMomdark_lati_G9b1P","s_kidsGroupKitchen_G9b1P","c_kidSister_lati_a_G9b1P","s_beerBottle_G9b1P","c_cousin_F_a_G9b1P","s_pictureDaddark_lati_gen"],"unlocked":true,"miniGameCards":[]},{"keyPoints":["c_mom_lati_a_G9b2N","c_cousin_F_a_G9b2N","c_crush1_F_a_G9b2N"],"viewedAnimatic":true,"touchableObjects":["c_mom_lati_a_G9b2N","s_pictureDaddark_lati_gen","s_clock_G9b2N","c_cousin_F_a_G9b2N","c_bestFriend_F_a_G9b2N","c_crush1_F_a_G9b2N"],"unlocked":true,"miniGameCards":[]},{"keyPoints":["c_bestFriend_F_a_G9b2P","c_crush1_F_a_G9b2P","c_mom_lati_a_G9b2P","s_clock_G9b2P"],"viewedAnimatic":true,"touchableObjects":["c_grandma_lati_a_G9b2P","c_bestFriend_F_a_G9b2P","c_cousin_F_a_G9b2P","c_crush1_F_a_G9b2P","c_kidSister_lati_a_G9b2P","c_mom_lati_a_G9b2P","s_boardGame_G9b2P","s_sodaBottle_G9b2P","s_clock_G9b2P"],"unlocked":true,"miniGameCards":[]}],"stackSize":5},{"resolved":false,"challengeScenes":[{"keyPoints":[],"viewedAnimatic":false,"touchableObjects":[],"unlocked":true,"miniGameCards":[]},{"keyPoints":[],"viewedAnimatic":false,"touchableObjects":[],"unlocked":true,"miniGameCards":[]},{"keyPoints":[],"viewedAnimatic":false,"touchableObjects":[],"unlocked":false,"miniGameCards":[]},{"keyPoints":[],"viewedAnimatic":false,"touchableObjects":[],"unlocked":true,"miniGameCards":[]},{"keyPoints":[],"viewedAnimatic":false,"touchableObjects":[],"unlocked":false,"miniGameCards":[]}],"stackSize":5},{"resolved":false,"challengeScenes":[{"keyPoints":[],"viewedAnimatic":false,"touchableObjects":[],"unlocked":false,"miniGameCards":[]},{"keyPoints":[],"viewedAnimatic":false,"touchableObjects":[],"unlocked":false,"miniGameCards":[]},{"keyPoints":[],"viewedAnimatic":false,"touchableObjects":[],"unlocked":false,"miniGameCards":[]},{"keyPoints":[],"viewedAnimatic":false,"touchableObjects":[],"unlocked":false,"miniGameCards":[]},{"keyPoints":[],"viewedAnimatic":false,"touchableObjects":[],"unlocked":false,"miniGameCards":[]}],"stackSize":5},{"resolved":false,"challengeScenes":[{"keyPoints":[],"viewedAnimatic":true,"touchableObjects":[],"unlocked":true,"miniGameCards":[]},{"keyPoints":["c_crush1_F_G11a1N","s_door_F_gen","s_window_F_G11a1N"],"viewedAnimatic":true,"touchableObjects":["c_crush1_F_G11a1N","s_computer_F_gen","s_door_F_gen","s_window_F_G11a1N","s_calendar_F_gen"],"unlocked":true,"miniGameCards":[]},{"keyPoints":[],"viewedAnimatic":false,"touchableObjects":[],"unlocked":false,"miniGameCards":[]},{"keyPoints":[],"viewedAnimatic":false,"touchableObjects":[],"unlocked":false,"miniGameCards":[]},{"keyPoints":[],"viewedAnimatic":false,"touchableObjects":[],"unlocked":false,"miniGameCards":[]}],"stackSize":5},{"resolved":false,"challengeScenes":[{"keyPoints":[],"viewedAnimatic":false,"touchableObjects":[],"unlocked":false,"miniGameCards":[]},{"keyPoints":[],"viewedAnimatic":false,"touchableObjects":[],"unlocked":false,"miniGameCards":[]},{"keyPoints":[],"viewedAnimatic":false,"touchableObjects":[],"unlocked":false,"miniGameCards":[]},{"keyPoints":[],"viewedAnimatic":false,"touchableObjects":[],"unlocked":false,"miniGameCards":[]},{"keyPoints":[],"viewedAnimatic":false,"touchableObjects":[],"unlocked":false,"miniGameCards":[]}],"stackSize":5},{"resolved":false,"challengeScenes":[{"keyPoints":[],"viewedAnimatic":true,"touchableObjects":[],"unlocked":true,"miniGameCards":[]},{"keyPoints":[],"viewedAnimatic":true,"touchableObjects":[],"unlocked":true,"miniGameCards":[]},{"keyPoints":[],"viewedAnimatic":false,"touchableObjects":[],"unlocked":false,"miniGameCards":[]},{"keyPoints":[],"viewedAnimatic":true,"touchableObjects":[],"unlocked":true,"miniGameCards":[]},{"keyPoints":[],"viewedAnimatic":false,"touchableObjects":[],"unlocked":false,"miniGameCards":[]}],"stackSize":5},{"resolved":false,"challengeScenes":[{"keyPoints":[],"viewedAnimatic":false,"touchableObjects":[],"unlocked":false,"miniGameCards":[]},{"keyPoints":[],"viewedAnimatic":false,"touchableObjects":[],"unlocked":false,"miniGameCards":[]},{"keyPoints":[],"viewedAnimatic":false,"touchableObjects":[],"unlocked":false,"miniGameCards":[]},{"keyPoints":[],"viewedAnimatic":false,"touchableObjects":[],"unlocked":false,"miniGameCards":[]},{"keyPoints":[],"viewedAnimatic":false,"touchableObjects":[],"unlocked":false,"miniGameCards":[]}],"stackSize":5},{"resolved":true,"challengeScenes":[{"keyPoints":[],"viewedAnimatic":false,"touchableObjects":["c_friends_G0a0"],"unlocked":true,"miniGameCards":[]},{"keyPoints":["c_job_G0a1N","c_family_lati_a_G0a1N","c_home_G0a1N"],"viewedAnimatic":false,"touchableObjects":["c_job_G0a1N","c_family_lati_a_G0a1N","c_player_lati_F_a_G0a1N","c_home_G0a1N"],"unlocked":true,"miniGameCards":[]},{"keyPoints":["c_dad_lati_a_G0a1P","c_mom_lati_a_G0a1P","c_Teacher_G0a1P","c_grandma_lati_a_G0a1P","c_kidsister_lati_a_G0a1P","c_Nurse_G0a1P"],"viewedAnimatic":false,"touchableObjects":["c_friends_G0a1P","c_cousins_F_a_G0a1P","c_dad_lati_a_G0a1P","c_mom_lati_a_G0a1P","c_Teacher_G0a1P","c_grandma_lati_a_G0a1P","c_kidsister_lati_a_G0a1P","c_Nurse_G0a1P"],"unlocked":true,"miniGameCards":[]}],"stackSize":3}],"minigames":[{"levelSaveData":[{"starRating":3,"unlocked":true},{"starRating":2,"unlocked":true},{"starRating":2,"unlocked":true},{"starRating":2,"unlocked":true},{"starRating":0,"unlocked":false},{"starRating":2,"unlocked":true},{"starRating":0,"unlocked":true},{"starRating":3,"unlocked":true},{"starRating":0,"unlocked":true},{"starRating":0,"unlocked":true}],"skillPoints":14},{"levelSaveData":[{"starRating":3,"unlocked":true},{"starRating":3,"unlocked":true},{"starRating":3,"unlocked":true},{"starRating":3,"unlocked":true},{"starRating":3,"unlocked":true},{"starRating":3,"unlocked":true},{"starRating":0,"unlocked":false},{"starRating":0,"unlocked":false},{"starRating":3,"unlocked":true},{"starRating":0,"unlocked":true}],"skillPoints":21},{"levelSaveData":[{"starRating":3,"unlocked":true},{"starRating":3,"unlocked":true},{"starRating":3,"unlocked":true},{"starRating":3,"unlocked":true},{"starRating":0,"unlocked":false},{"starRating":3,"unlocked":true},{"starRating":0,"unlocked":false},{"starRating":3,"unlocked":true},{"starRating":3,"unlocked":true},{"starRating":0,"unlocked":false}],"skillPoints":21},{"levelSaveData":[{"starRating":3,"unlocked":true},{"starRating":2,"unlocked":true},{"starRating":3,"unlocked":true},{"starRating":2,"unlocked":true},{"starRating":2,"unlocked":true},{"starRating":1,"unlocked":true},{"starRating":3,"unlocked":true},{"starRating":0,"unlocked":false},{"starRating":0,"unlocked":false},{"starRating":0,"unlocked":false}],"skillPoints":16},{"name":"jada","gender":1,"visualAvatar":0,"age":12,"levelSaveData":[{"starRating":3,"unlocked":true},{"chunks":[["1"],["20$$funny","7$$cool"],["5$$i love animals","10$$i love games","0$$i love family"],["0"]],"unlocked":true,"starRating":3},{"chunks":[["0"],["7$$art i love it","4$$it is fun"],["9$$swimming","1$$running"]],"unlocked":true,"starRating":3},{"chunks":[["11$$sexy car"],["4$$puppy or dog"],["15"],["0"],["4","4"],["5"]],"unlocked":true,"starRating":3},{"chunks":[["5$$everything "],["3"],["11$$vet","14"],["1"],["2"],["7$$everyone"]],"unlocked":true,"starRating":3},{"chunks":[["11"],["1","1","4","5"],["8$$flordia,mami"],["0$$my mom and dad"]],"unlocked":true,"starRating":3},{"chunks":[["3"],["3"],["17$$dad","20$$mom"],["1","2"],["3$$great family"]],"unlocked":true,"starRating":3},{"chunks":[["1","0","4"],["7","6","6"],["1"],["3$$eat vetables"],["2$$anykindof durg"]],"unlocked":true,"starRating":3},{"chunks":[[null,null,null],[null,null,null],[null,null]],"unlocked":true,"starRating":0},{"chunks":[[null],[null],[null],[null],[null],[null]],"unlocked":false,"starRating":0}],"id":2,"skillPoints":24}],"playerId":6429003,"epilogue":{"rating":4},"sessionId":6,"avatar":{"name":"jada","gender":1,"visualAvatar":0,"age":12,"levelSaveData":[{"starRating":3,"unlocked":true},{"chunks":[["1"],["20$$funny","7$$cool"],["5$$i love animals","10$$i love games","0$$i love family"],["0"]],"unlocked":true,"starRating":3},{"chunks":[["0"],["7$$art i love it","4$$it is fun"],["9$$swimming","1$$running"]],"unlocked":true,"starRating":3},{"chunks":[["11$$sexy car"],["4$$puppy or dog"],["15"],["0"],["4","4"],["5"]],"unlocked":true,"starRating":3},{"chunks":[["5$$everything "],["3"],["11$$vet","14"],["1"],["2"],["7$$everyone"]],"unlocked":true,"starRating":3},{"chunks":[["11"],["1","1","4","5"],["8$$flordia,mami"],["0$$my mom and dad"]],"unlocked":true,"starRating":3},{"chunks":[["3"],["3"],["17$$dad","20$$mom"],["1","2"],["3$$great family"]],"unlocked":true,"starRating":3},{"chunks":[["1","0","4"],["7","6","6"],["1"],["3$$eat vetables"],["2$$anykindof durg"]],"unlocked":true,"starRating":3},{"chunks":[[null,null,null],[null,null,null],[null,null]],"unlocked":true,"starRating":0},{"chunks":[[null],[null],[null],[null],[null],[null]],"unlocked":false,"starRating":0}],"id":2,"skillPoints":24}}
