6429003,0,5:4:16,4/17/2013 4:01:28pm
6429003,100,5:5:0,6
6429003,102,5:5:1,6
6429003,200,5:5:1,6,14,21,21,16,24
6429003,219,5:5:1,6
6429003,216,5:5:3,Stack_G10a0
6429003,217,5:5:17,Stack_G10a0,13,0.033
6429003,218,5:5:18,6
6429003,210,5:5:18,743,457
6429003,211,5:5:19,678,464
6429003,213,5:5:19,6,c_crush1_F_b_G10a0,true
6429003,205,5:5:19,6,c_crush1_F_b_G10a0,false,false
6429003,210,5:5:22,652,474
6429003,211,5:5:24,408,579
6429003,213,5:5:24,6,s_bed1_F_G10a0,true
6429003,210,5:5:29,382,500
6429003,207,5:5:30,6,-200,-125
6429003,207,5:5:31,6,-125,0
6429003,207,5:5:34,6,0,-90
6429003,211,5:5:35,1006,556
6429003,213,5:5:35,6,s_chairClothes_F_G10a0,true
6429003,210,5:5:38,691,407
6429003,207,5:5:40,6,-90,-512
6429003,211,5:5:45,962,671
6429003,219,5:5:47,6
6429003,216,5:5:48,Stack_G10a1N
6429003,217,5:5:59,Stack_G10a1N,7.7,0.33
6429003,218,5:6:0,6
6429003,210,5:6:1,557,506
6429003,207,5:6:1,6,-200,0
6429003,211,5:6:2,168,463
6429003,213,5:6:2,6,c_crush1_F_b_G10a1N,true
6429003,205,5:6:2,6,c_crush1_F_b_G10a1N,false,false
6429003,210,5:6:6,420,467
6429003,211,5:6:7,789,586
6429003,213,5:6:7,6,s_crushClothes_F_G10a1N,true
6429003,210,5:6:14,491,367
6429003,211,5:6:17,662,292
6429003,213,5:6:17,6,s_closet_F_G10a1N,true
6429003,210,5:6:22,698,360
6429003,207,5:6:23,6,0,-45
6429003,207,5:6:23,6,-45,-90
6429003,207,5:6:24,6,-90,-195
6429003,207,5:6:25,6,-195,-300
6429003,211,5:6:26,1066,312
6429003,213,5:6:26,6,s_mirror_F_G10a1N,true
6429003,205,5:6:26,6,s_mirror_F_G10a1N,false,false
6429003,210,5:6:30,938,439
6429003,207,5:6:31,6,-300,-435
6429003,211,5:6:31,1253,349
6429003,213,5:6:31,6,s_window_F_G10a1N,true
6429003,221,5:6:33,6
6429003,220,5:6:35,6
6429003,210,5:6:36,1293,550
6429003,211,5:6:40,651,654
6429003,219,5:6:41,6
6429003,216,5:6:42,Stack_G10a2N
6429003,217,5:6:57,Stack_G10a2N,13,0.00
6429003,218,5:7:0,6
6429003,210,5:7:1,527,554
6429003,211,5:7:3,746,368
6429003,213,5:7:3,6,s_cot_G10a2N,true
6429003,210,5:7:8,650,458
6429003,207,5:7:9,6,-200,-35
6429003,211,5:7:11,256,605
6429003,213,5:7:11,6,s_pamphlet2_G10a2N,true
6429003,210,5:7:13,710,458
6429003,207,5:7:15,6,-35,-492
6429003,211,5:7:19,621,640
6429003,212,5:7:20,1
6429003,210,5:7:20,1037,377
6429003,207,5:7:23,6,-492,-312
6429003,211,5:7:23,610,401
6429003,213,5:7:23,6,c_nurse_G10a2N,true
6429003,205,5:7:24,6,c_nurse_G10a2N,false,false
6429003,210,5:7:32,975,564
6429003,211,5:7:33,1126,500
6429003,213,5:7:33,6,s_phone_G10a2N,true
6429003,205,5:7:33,6,s_phone_G10a2N,false,false
6429003,210,5:7:40,760,367
6429003,211,5:7:43,435,224
6429003,212,5:7:44,0
6429003,210,5:7:44,894,311
6429003,211,5:7:47,451,202
6429003,213,5:7:47,6,s_pamphlet3_G10a2N,true
6429003,205,5:7:47,6,s_pamphlet3_G10a2N,false,false
6429003,210,5:7:50,808,477
6429003,211,5:7:51,751,149
6429003,210,5:7:51,669,127
6429003,207,5:7:52,6,-312,-432
6429003,211,5:7:53,1319,176
6429003,213,5:7:53,6,s_firstAidKit_G10a2N,true
6429003,210,5:7:58,980,413
6429003,207,5:7:59,6,-432,-492
6429003,211,5:8:3,1002,448
6429003,213,5:8:3,6,s_kleenex_G10a2N,true
6429003,210,5:8:9,1039,382
6429003,207,5:8:10,6,-492,-57
6429003,211,5:8:12,560,437
6429003,212,5:8:12,1
6429003,210,5:8:15,962,514
6429003,211,5:8:16,783,603
6429003,213,5:8:16,6,s_crushClothes_F_G10a1N,true
6429003,212,5:8:18,0
6429003,207,5:8:19,6,-200,-260
6429003,210,5:8:19,1210,401
6429003,211,5:8:23,508,493
6429003,210,5:8:24,506,467
6429003,211,5:8:25,507,487
6429003,213,5:8:25,6,s_condom_F_G10a1N,true
6429003,205,5:8:25,6,s_condom_F_G10a1N,false,false
6429003,210,5:8:38,823,517
6429003,207,5:8:40,6,-260,-512
6429003,207,5:8:49,6,-512,0
6429003,211,5:8:49,2,396
6429003,210,5:8:50,24,340
6429003,211,5:8:53,416,429
6429003,212,5:8:53,2
6429003,210,5:8:54,734,578
6429003,207,5:8:55,6,0,-105
6429003,211,5:9:0,637,329
6429003,213,5:9:0,6,s_closet_F_G10a1N,true
6429003,210,5:9:3,621,323
6429003,211,5:9:8,1100,447
6429003,207,5:9:8,6,-105,-150
6429003,212,5:9:8,1
6429003,210,5:9:9,1020,321
6429003,211,5:9:10,998,286
6429003,212,5:9:10,0
6429003,210,5:9:11,974,247
6429003,211,5:9:12,1277,287
6429003,207,5:9:12,6,-150,-270
6429003,210,5:9:12,1328,261
6429003,207,5:9:13,6,-270,-512
6429003,211,5:9:17,408,584
6429003,207,5:9:17,6,-512,-392
6429003,207,5:9:17,6,-392,-347
6429003,210,5:9:17,427,476
6429003,207,5:9:18,6,-347,0
6429003,211,5:9:20,177,228
6429003,210,5:9:20,106,178
6429003,211,5:9:22,266,304
6429003,210,5:9:25,806,340
6429003,207,5:9:27,6,-200,-20
6429003,207,5:9:28,6,-20,0
6429003,211,5:9:28,2,413
6429003,210,5:9:28,26,230
6429003,207,5:9:32,6,0,-165
6429003,207,5:9:33,6,-165,-375
6429003,207,5:9:34,6,-375,-492
6429003,211,5:9:37,1311,507
6429003,212,5:9:37,1
6429003,210,5:9:38,1474,578
6429003,211,5:9:44,1083,625
6429003,212,5:9:45,0
6429003,210,5:9:45,1097,447
6429003,211,5:9:48,1503,517
6429003,210,5:9:48,1480,429
6429003,207,5:9:51,6,-492,-312
6429003,211,5:9:52,536,189
6429003,213,5:9:52,6,s_pamphlet4_G10a2N,true
6429003,205,5:9:52,6,s_pamphlet4_G10a2N,false,false
6429003,210,5:9:58,927,437
6429003,211,5:10:4,225,690
6429003,207,5:10:4,6,-312,-207
6429003,210,5:10:5,355,606
6429003,207,5:10:6,6,-207,0
6429003,211,5:10:7,17,390
6429003,210,5:10:7,174,189
6429003,211,5:10:9,386,325
6429003,213,5:10:9,6,s_curtain_G10a2N,true
6429003,210,5:10:13,509,505
6429003,211,5:10:22,188,559
6429003,213,5:10:22,6,s_pamphlet1_G10a2N,true
6429003,1003,5:10:25,0
6429003,1004,5:10:26,8
6429003,400,5:10:28,8,[]
6429003,401,5:10:32,8,[StatementsData_logId:0]
6429003,403,5:10:34,8,[StatementsData_logId:0,false]
6429003,405,5:10:35,8,[StatementsData_logId:0]
6429003,406,5:10:36,8,[StatementsData_logId:0,-2]
6429003,411,5:10:38,8,[StatementsData_logId:0]
6429003,401,5:10:43,8,[StatementsData_logId:1]
6429003,404,5:10:54,8,[StatementsData_logId:1,true]
6429003,406,5:10:55,8,[StatementsData_logId:1,2]
6429003,412,5:10:57,8,[StatementsData_logId:1]
6429003,413,5:11:3,8,[StatementsData_logId:1,DuelResponsesData_logId:0]
6429003,414,5:11:4,8,[StatementsData_logId:1,DuelResponsesData_logId:0]
6429003,415,5:11:15,8,[StatementsData_logId:1,DuelResponsesData_logId:0,DuelResponsesData_ok_player_response]
6429003,416,5:11:16,8,[StatementsData_logId:1,DuelResponsesData_logId:0]
6429003,417,5:11:16,8,[StatementsData_logId:1,DuelResponsesData_logId:0]
6429003,413,5:11:21,8,[StatementsData_logId:1,DuelResponsesData_logId:1]
6429003,414,5:11:21,8,[StatementsData_logId:1,DuelResponsesData_logId:1]
6429003,415,5:11:31,8,[StatementsData_logId:1,DuelResponsesData_logId:1,DuelResponsesData_witty_player_response]
6429003,416,5:11:32,8,[StatementsData_logId:1,DuelResponsesData_logId:1]
6429003,417,5:11:33,8,[StatementsData_logId:1,DuelResponsesData_logId:1]
6429003,413,5:11:36,8,[StatementsData_logId:1,DuelResponsesData_logId:2]
6429003,414,5:11:37,8,[StatementsData_logId:1,DuelResponsesData_logId:2]
6429003,415,5:11:43,8,[StatementsData_logId:1,DuelResponsesData_logId:2,DuelResponsesData_witty_player_response]
6429003,416,5:11:44,8,[StatementsData_logId:1,DuelResponsesData_logId:2]
6429003,417,5:11:45,8,[StatementsData_logId:1,DuelResponsesData_logId:2]
6429003,418,5:11:45,8,[StatementsData_logId:1,true]
6429003,419,5:11:46,8,[StatementsData_logId:1,4]
6429003,411,5:11:48,8,[StatementsData_logId:1]
6429003,401,5:11:49,8,[StatementsData_logId:2]
6429003,402,5:11:57,8,[StatementsData_logId:2,false]
6429003,405,5:11:58,8,[StatementsData_logId:2]
6429003,406,5:11:59,8,[StatementsData_logId:2,-2]
6429003,411,5:12:0,8,[StatementsData_logId:2]
6429003,401,5:12:0,8,[StatementsData_logId:3]
6429003,1002,5:12:2,8
6429003,1003,5:12:2,0
6429003,1004,5:12:3,8
6429003,400,5:12:5,8,[]
6429003,401,5:12:7,8,[StatementsData_logId:0]
6429003,402,5:12:12,8,[StatementsData_logId:0,true]
6429003,405,5:12:12,8,[StatementsData_logId:0]
6429003,406,5:12:13,8,[StatementsData_logId:0,2]
6429003,411,5:12:14,8,[StatementsData_logId:0]
6429003,401,5:12:16,8,[StatementsData_logId:1]
6429003,404,5:12:20,8,[StatementsData_logId:1,true]
6429003,406,5:12:21,8,[StatementsData_logId:1,2]
6429003,412,5:12:22,8,[StatementsData_logId:1]
6429003,413,5:12:23,8,[StatementsData_logId:1,DuelResponsesData_logId:0]
6429003,414,5:12:24,8,[StatementsData_logId:1,DuelResponsesData_logId:0]
6429003,415,5:12:29,8,[StatementsData_logId:1,DuelResponsesData_logId:0,DuelResponsesData_ok_player_response]
6429003,416,5:12:30,8,[StatementsData_logId:1,DuelResponsesData_logId:0]
6429003,417,5:12:30,8,[StatementsData_logId:1,DuelResponsesData_logId:0]
6429003,413,5:12:32,8,[StatementsData_logId:1,DuelResponsesData_logId:1]
6429003,414,5:12:33,8,[StatementsData_logId:1,DuelResponsesData_logId:1]
6429003,415,5:12:44,8,[StatementsData_logId:1,DuelResponsesData_logId:1,DuelResponsesData_witty_player_response]
6429003,416,5:12:45,8,[StatementsData_logId:1,DuelResponsesData_logId:1]
6429003,417,5:12:46,8,[StatementsData_logId:1,DuelResponsesData_logId:1]
6429003,413,5:12:48,8,[StatementsData_logId:1,DuelResponsesData_logId:2]
6429003,414,5:12:49,8,[StatementsData_logId:1,DuelResponsesData_logId:2]
6429003,415,5:12:51,8,[StatementsData_logId:1,DuelResponsesData_logId:2,DuelResponsesData_witty_player_response]
6429003,416,5:12:52,8,[StatementsData_logId:1,DuelResponsesData_logId:2]
6429003,417,5:12:52,8,[StatementsData_logId:1,DuelResponsesData_logId:2]
6429003,418,5:12:52,8,[StatementsData_logId:1,true]
6429003,419,5:12:53,8,[StatementsData_logId:1,4]
6429003,411,5:12:54,8,[StatementsData_logId:1]
6429003,401,5:13:9,8,[StatementsData_logId:2]
6429003,402,5:13:13,8,[StatementsData_logId:2,false]
6429003,405,5:13:13,8,[StatementsData_logId:2]
6429003,406,5:13:14,8,[StatementsData_logId:2,-2]
6429003,411,5:13:15,8,[StatementsData_logId:2]
6429003,401,5:13:23,8,[StatementsData_logId:3]
6429003,403,5:13:24,8,[StatementsData_logId:3,true]
6429003,405,5:13:25,8,[StatementsData_logId:3]
6429003,406,5:13:25,8,[StatementsData_logId:3,2]
6429003,407,5:13:25,8,[StatementsData_logId:3,FactCardData_id:7]
6429003,407,5:13:25,8,[StatementsData_logId:3,FactCardData_id:2]
6429003,407,5:13:25,8,[StatementsData_logId:3,FactCardData_id:0]
6429003,407,5:13:25,8,[StatementsData_logId:3,FactCardData_id:3]
6429003,407,5:13:25,8,[StatementsData_logId:3,FactCardData_id:4]
6429003,407,5:13:25,8,[StatementsData_logId:3,FactCardData_id:5]
6429003,407,5:13:27,8,[StatementsData_logId:3,FactCardData_id:7]
6429003,407,5:13:27,8,[StatementsData_logId:3,FactCardData_id:7]
6429003,407,5:13:28,8,[StatementsData_logId:3,FactCardData_id:0]
6429003,407,5:13:28,8,[StatementsData_logId:3,FactCardData_id:7]
6429003,407,5:13:28,8,[StatementsData_logId:3,FactCardData_id:0]
6429003,407,5:13:29,8,[StatementsData_logId:3,FactCardData_id:4]
6429003,407,5:13:29,8,[StatementsData_logId:3,FactCardData_id:0]
6429003,407,5:13:29,8,[StatementsData_logId:3,FactCardData_id:4]
6429003,407,5:13:30,8,[StatementsData_logId:3,FactCardData_id:5]
6429003,407,5:13:30,8,[StatementsData_logId:3,FactCardData_id:4]
6429003,407,5:13:30,8,[StatementsData_logId:3,FactCardData_id:5]
6429003,407,5:13:31,8,[StatementsData_logId:3,FactCardData_id:3]
6429003,407,5:13:31,8,[StatementsData_logId:3,FactCardData_id:5]
6429003,407,5:13:31,8,[StatementsData_logId:3,FactCardData_id:3]
6429003,407,5:13:32,8,[StatementsData_logId:3,FactCardData_id:2]
6429003,407,5:13:32,8,[StatementsData_logId:3,FactCardData_id:3]
6429003,407,5:13:33,8,[StatementsData_logId:3,FactCardData_id:2]
6429003,407,5:13:34,8,[StatementsData_logId:3,FactCardData_id:7]
6429003,407,5:13:34,8,[StatementsData_logId:3,FactCardData_id:2]
6429003,407,5:13:34,8,[StatementsData_logId:3,FactCardData_id:7]
6429003,407,5:13:36,8,[StatementsData_logId:3,FactCardData_id:0]
6429003,407,5:13:36,8,[StatementsData_logId:3,FactCardData_id:7]
6429003,407,5:13:36,8,[StatementsData_logId:3,FactCardData_id:0]
6429003,408,5:13:47,8,[StatementsData_logId:3,FactCardData_id:0,true]
6429003,409,5:13:47,8,[StatementsData_logId:3]
6429003,410,5:13:48,8,[StatementsData_logId:3,2]
6429003,412,5:13:49,8,[StatementsData_logId:3]
6429003,413,5:13:51,8,[StatementsData_logId:3,DuelResponsesData_logId:6]
6429003,414,5:13:52,8,[StatementsData_logId:3,DuelResponsesData_logId:6]
6429003,415,5:13:57,8,[StatementsData_logId:3,DuelResponsesData_logId:6,DuelResponsesData_witty_player_response]
6429003,416,5:13:58,8,[StatementsData_logId:3,DuelResponsesData_logId:6]
6429003,417,5:13:58,8,[StatementsData_logId:3,DuelResponsesData_logId:6]
6429003,413,5:14:3,8,[StatementsData_logId:3,DuelResponsesData_logId:7]
6429003,414,5:14:4,8,[StatementsData_logId:3,DuelResponsesData_logId:7]
6429003,415,5:14:10,8,[StatementsData_logId:3,DuelResponsesData_logId:7,DuelResponsesData_ok_player_response]
6429003,416,5:14:10,8,[StatementsData_logId:3,DuelResponsesData_logId:7]
6429003,417,5:14:11,8,[StatementsData_logId:3,DuelResponsesData_logId:7]
6429003,413,5:14:14,8,[StatementsData_logId:3,DuelResponsesData_logId:8]
6429003,414,5:14:15,8,[StatementsData_logId:3,DuelResponsesData_logId:8]
6429003,415,5:14:27,8,[StatementsData_logId:3,DuelResponsesData_logId:8,DuelResponsesData_witty_player_response]
6429003,416,5:14:27,8,[StatementsData_logId:3,DuelResponsesData_logId:8]
6429003,417,5:14:28,8,[StatementsData_logId:3,DuelResponsesData_logId:8]
6429003,418,5:14:28,8,[StatementsData_logId:3,true]
6429003,419,5:14:29,8,[StatementsData_logId:3,4]
6429003,411,5:14:30,8,[StatementsData_logId:3]
6429003,401,5:14:31,8,[StatementsData_logId:4]
6429003,403,5:14:37,8,[StatementsData_logId:4,true]
6429003,405,5:14:37,8,[StatementsData_logId:4]
6429003,406,5:14:38,8,[StatementsData_logId:4,2]
6429003,407,5:14:38,8,[StatementsData_logId:4,FactCardData_id:2]
6429003,407,5:14:38,8,[StatementsData_logId:4,FactCardData_id:7]
6429003,407,5:14:38,8,[StatementsData_logId:4,FactCardData_id:5]
6429003,407,5:14:38,8,[StatementsData_logId:4,FactCardData_id:4]
6429003,407,5:14:38,8,[StatementsData_logId:4,FactCardData_id:0]
6429003,407,5:14:38,8,[StatementsData_logId:4,FactCardData_id:3]
6429003,407,5:14:40,8,[StatementsData_logId:4,FactCardData_id:2]
6429003,407,5:14:40,8,[StatementsData_logId:4,FactCardData_id:2]
6429003,407,5:14:40,8,[StatementsData_logId:4,FactCardData_id:5]
6429003,407,5:14:40,8,[StatementsData_logId:4,FactCardData_id:2]
6429003,407,5:14:40,8,[StatementsData_logId:4,FactCardData_id:5]
6429003,407,5:14:41,8,[StatementsData_logId:4,FactCardData_id:0]
6429003,407,5:14:41,8,[StatementsData_logId:4,FactCardData_id:5]
6429003,407,5:14:41,8,[StatementsData_logId:4,FactCardData_id:0]
6429003,407,5:14:42,8,[StatementsData_logId:4,FactCardData_id:7]
6429003,407,5:14:42,8,[StatementsData_logId:4,FactCardData_id:0]
6429003,407,5:14:42,8,[StatementsData_logId:4,FactCardData_id:7]
6429003,407,5:14:44,8,[StatementsData_logId:4,FactCardData_id:3]
6429003,407,5:14:44,8,[StatementsData_logId:4,FactCardData_id:7]
6429003,407,5:14:44,8,[StatementsData_logId:4,FactCardData_id:3]
6429003,407,5:14:45,8,[StatementsData_logId:4,FactCardData_id:7]
6429003,407,5:14:45,8,[StatementsData_logId:4,FactCardData_id:3]
6429003,407,5:14:45,8,[StatementsData_logId:4,FactCardData_id:7]
6429003,408,5:14:46,8,[StatementsData_logId:4,FactCardData_id:7,true]
6429003,409,5:14:46,8,[StatementsData_logId:4]
6429003,410,5:14:46,8,[StatementsData_logId:4,2]
6429003,412,5:14:47,8,[StatementsData_logId:4]
6429003,413,5:14:55,8,[StatementsData_logId:4,DuelResponsesData_logId:9]
6429003,414,5:14:56,8,[StatementsData_logId:4,DuelResponsesData_logId:9]
6429003,415,5:15:5,8,[StatementsData_logId:4,DuelResponsesData_logId:9,DuelResponsesData_witty_player_response]
6429003,416,5:15:5,8,[StatementsData_logId:4,DuelResponsesData_logId:9]
6429003,417,5:15:6,8,[StatementsData_logId:4,DuelResponsesData_logId:9]
6429003,413,5:15:9,8,[StatementsData_logId:4,DuelResponsesData_logId:10]
6429003,414,5:15:10,8,[StatementsData_logId:4,DuelResponsesData_logId:10]
6429003,415,5:15:15,8,[StatementsData_logId:4,DuelResponsesData_logId:10,DuelResponsesData_witty_player_response]
6429003,416,5:15:16,8,[StatementsData_logId:4,DuelResponsesData_logId:10]
6429003,417,5:15:17,8,[StatementsData_logId:4,DuelResponsesData_logId:10]
6429003,413,5:15:19,8,[StatementsData_logId:4,DuelResponsesData_logId:11]
6429003,414,5:15:20,8,[StatementsData_logId:4,DuelResponsesData_logId:11]
6429003,415,5:15:27,8,[StatementsData_logId:4,DuelResponsesData_logId:11,DuelResponsesData_witty_player_response]
6429003,416,5:15:28,8,[StatementsData_logId:4,DuelResponsesData_logId:11]
6429003,417,5:15:28,8,[StatementsData_logId:4,DuelResponsesData_logId:11]
6429003,418,5:15:28,8,[StatementsData_logId:4,true]
6429003,419,5:15:29,8,[StatementsData_logId:4,4]
6429003,411,5:15:31,8,[StatementsData_logId:4]
6429003,401,5:15:31,8,[StatementsData_logId:5]
6429003,403,5:15:36,8,[StatementsData_logId:5,false]
6429003,405,5:15:37,8,[StatementsData_logId:5]
6429003,406,5:15:38,8,[StatementsData_logId:5,-2]
6429003,411,5:15:39,8,[StatementsData_logId:5]
6429003,401,5:15:42,8,[StatementsData_logId:6]
6429003,402,5:15:45,8,[StatementsData_logId:6,true]
6429003,405,5:15:45,8,[StatementsData_logId:6]
6429003,406,5:15:46,8,[StatementsData_logId:6,2]
6429003,411,5:15:47,8,[StatementsData_logId:6]
6429003,420,5:15:47,8,[62]
6429003,1005,5:15:47,8,[0,0,2]
6429003,1001,5:15:48,8,[]
6429003,1003,5:15:48,0
6429003,210,5:15:53,567,353
6429003,207,5:15:54,6,-200,-20
6429003,211,5:15:55,177,569
6429003,213,5:15:55,6,s_pamphlet1_G10a2N,true
6429003,205,5:15:55,6,s_pamphlet1_G10a2N,false,false
6429003,210,5:15:58,618,625
6429003,207,5:15:58,6,-20,-95
6429003,211,5:15:59,1127,464
6429003,207,5:15:59,6,-95,-140
6429003,207,5:15:59,6,-140,-185
6429003,210,5:15:59,1075,517
6429003,207,5:16:2,6,-185,-110
6429003,207,5:16:3,6,-110,-245
6429003,207,5:16:4,6,-245,-492
6429003,211,5:16:7,1512,450
6429003,210,5:16:7,1144,538
6429003,211,5:16:7,1439,559
6429003,210,5:16:10,784,549
6429003,207,5:16:11,6,-200,-512
6429003,211,5:16:16,1530,626
6429003,210,5:16:16,1176,648
6429003,211,5:16:16,976,694
6429003,210,5:16:19,1016,588
6429003,211,5:16:23,603,679
6429003,210,5:16:25,687,425
6429003,211,5:16:25,484,645
6429003,207,5:16:25,6,-512,-467
6429003,207,5:16:27,6,-467,-422
6429003,210,5:16:27,506,495
6429003,207,5:16:28,6,-422,-137
6429003,207,5:16:34,6,-137,0
6429003,211,5:16:36,2,160
6429003,210,5:16:36,222,121
6429003,211,5:16:47,895,318
6429003,213,5:16:47,6,s_door_F_gen,true
6429003,210,5:16:51,603,379
6429003,207,5:16:57,6,0,-465
6429003,211,5:16:58,1306,590
6429003,213,5:16:58,6,s_computer_F_gen,true
6429003,210,5:17:2,939,476
6429003,211,5:17:4,1002,374
6429003,213,5:17:4,6,s_picture_F_G10a1N,true
6429003,205,5:17:4,6,s_picture_F_G10a1N,false,false
6429003,221,5:17:13,6
6429003,220,5:17:15,6
6429003,1003,5:17:15,3
6429003,1004,5:17:16,3
6429003,500,5:17:19,3,[]
6429003,501,5:17:21,3,[]
6429003,502,5:17:24,3,[IntentionData_logId:2,true]
6429003,503,5:17:24,3,[]
6429003,504,5:17:27,3,[InfluenceData_logId:1]
6429003,504,5:18:11,3,[InfluenceData_logId:1]
6429003,504,5:18:13,3,[InfluenceData_logId:3]
6429003,504,5:18:16,3,[InfluenceData_logId:6]
6429003,505,5:18:18,3,[InfluenceData_logId:1,true,InfluenceData_logId:3,true,InfluenceData_logId:6,true]
6429003,506,5:18:19,3,[]
6429003,507,5:18:26,3,[OpponentAttackData_logId:2,OpponentAttackTypeData_logId:0,false,30]
6429003,508,5:18:28,3,[]
6429003,509,5:18:30,3,[RefusalData_logId:4,2]
6429003,510,5:18:32,3,[AvailableRefusalData_logId:4,0B]
6429003,510,5:18:33,3,[AvailableRefusalData_logId:4,1B]
6429003,510,5:18:36,3,[AvailableRefusalData_logId:4,0A]
6429003,510,5:18:37,3,[AvailableRefusalData_logId:4,1A]
6429003,510,5:18:39,3,[AvailableRefusalData_logId:4,0C]
6429003,510,5:18:41,3,[AvailableRefusalData_logId:4,0B]
6429003,510,5:18:41,3,[AvailableRefusalData_logId:4,1B]
6429003,510,5:18:45,3,[AvailableRefusalData_logId:4,0C]
6429003,510,5:18:46,3,[AvailableRefusalData_logId:4,1C]
6429003,510,5:18:47,3,[AvailableRefusalData_logId:4,0A]
6429003,510,5:18:48,3,[AvailableRefusalData_logId:4,1A]
6429003,510,5:18:48,3,[AvailableRefusalData_logId:4,2A]
6429003,511,5:18:48,3,[AvailableRefusalData_logId:4,0A,1A,2A,true,50]
6429003,512,5:18:51,3,[]
6429003,513,5:18:51,3,[0]
6429003,514,5:18:52,3,[]
6429003,507,5:18:56,3,[OpponentAttackData_logId:1,OpponentAttackTypeData_logId:3,true,0]
6429003,508,5:18:58,3,[]
6429003,509,5:19:1,3,[RefusalData_logId:2,2]
6429003,510,5:19:3,3,[AvailableRefusalData_logId:2,0A]
6429003,510,5:19:3,3,[AvailableRefusalData_logId:2,1A]
6429003,510,5:19:5,3,[AvailableRefusalData_logId:2,2A]
6429003,511,5:19:5,3,[AvailableRefusalData_logId:2,0A,1A,2A,true,50]
6429003,512,5:19:8,3,[]
6429003,515,5:19:8,3,[120,0]
6429003,516,5:19:10,3,[]
6429003,517,5:19:19,3,[]
6429003,1005,5:19:19,3,[3,2,3]
6429003,1001,5:19:20,3,[]
6429003,1003,5:19:20,3
6429003,210,5:19:33,844,378
6429003,211,5:19:36,557,384
6429003,210,5:19:50,920,394
6429003,211,5:19:50,883,386
6429003,213,5:19:50,6,s_door_F_gen,true
6429003,210,5:19:51,532,432
6429003,207,5:19:52,6,-200,-155
6429003,207,5:19:54,6,-155,0
6429003,211,5:19:58,770,249
6429003,221,5:20:2,6
6429003,220,5:20:5,6
6429003,210,5:20:7,758,583
6429003,207,5:20:13,6,-200,0
6429003,211,5:20:14,615,578
6429003,210,5:20:16,551,483
6429003,207,5:20:16,6,-200,0
6429003,211,5:20:19,1050,548
6429003,207,5:20:19,6,0,-45
6429003,207,5:20:19,6,-45,-105
6429003,210,5:20:19,1048,564
6429003,207,5:20:20,6,-105,-165
6429003,211,5:20:21,881,290
6429003,210,5:20:25,781,555
6429003,207,5:20:26,6,-200,-35
6429003,207,5:20:27,6,-35,0
6429003,211,5:20:28,179,512
6429003,213,5:20:28,6,s_bed2_F_G10a0,true
6429003,210,5:20:30,380,409
6429003,207,5:20:35,6,0,-405
6429003,207,5:20:37,6,-405,-512
6429003,211,5:20:37,1277,369
6429003,213,5:20:37,6,s_window_F_G10a0,true
6429003,205,5:20:37,6,s_window_F_G10a0,false,false
6429003,210,5:20:41,1083,388
6429003,211,5:20:44,1517,481
6429003,210,5:20:44,1463,509
6429003,207,5:20:51,6,-512,-182
6429003,211,5:20:53,279,612
6429003,212,5:20:54,2
6429003,210,5:20:55,983,525
6429003,207,5:20:56,6,-182,-497
6429003,207,5:20:57,6,-497,-512
6429003,211,5:21:2,49,573
6429003,207,5:21:2,6,-512,-32
6429003,207,5:21:2,6,-32,0
6429003,210,5:21:2,90,618
6429003,211,5:21:8,4,129
6429003,210,5:21:9,51,92
6429003,211,5:21:15,663,410
6429003,213,5:21:15,6,c_crush1_F_b_G10a0,true
6429003,205,5:21:15,6,c_crush1_F_b_G10a0,false,true
6429003,210,5:21:18,435,533
6429003,211,5:21:20,421,441
6429003,212,5:21:21,1
6429003,210,5:21:21,600,594
6429003,211,5:21:22,270,609
6429003,213,5:21:22,6,s_cellPhone_F_G10a0,true
6429003,205,5:21:22,6,s_cellPhone_F_G10a0,false,false
6429003,210,5:21:34,491,458
6429003,211,5:21:36,428,195
6429003,213,5:21:36,6,s_poster_F_gen,true
6429003,205,5:21:36,6,s_poster_F_gen,false,false
6429003,210,5:21:42,493,430
6429003,207,5:21:45,6,0,-135
6429003,207,5:21:46,6,-135,-180
6429003,211,5:21:47,1260,409
6429003,207,5:21:47,6,-180,-255
6429003,210,5:21:47,1321,362
6429003,207,5:21:47,6,-255,-345
6429003,207,5:21:49,6,-345,-180
6429003,207,5:21:50,6,-180,-135
6429003,207,5:21:50,6,-135,0
6429003,211,5:21:54,153,251
6429003,213,5:21:54,6,s_pictureFamily_F_G10a0,true
6429003,210,5:21:57,487,476
6429003,207,5:22:3,6,0,-165
6429003,207,5:22:6,6,-165,-465
6429003,207,5:22:7,6,-465,-512
6429003,211,5:22:10,1170,382
6429003,212,5:22:11,2
6429003,210,5:22:12,1108,348
6429003,211,5:22:14,1160,389
6429003,212,5:22:14,0
6429003,210,5:22:15,1112,353
6429003,207,5:22:17,6,-512,-497
6429003,211,5:22:17,594,349
6429003,207,5:22:17,6,-497,-497
6429003,207,5:22:17,6,-497,-497
6429003,210,5:22:17,924,149
6429003,211,5:22:17,601,350
6429003,207,5:22:17,6,-497,-497
6429003,207,5:22:18,6,-497,-482
6429003,210,5:22:18,823,134
6429003,211,5:22:18,632,238
6429003,207,5:22:18,6,-482,-482
6429003,207,5:22:18,6,-482,-467
6429003,210,5:22:18,807,157
6429003,207,5:22:20,6,-467,0
6429003,211,5:22:35,557,256
6429003,221,5:22:48,6
6429003,220,5:22:54,6
6429003,212,5:22:55,1
6429003,207,5:22:56,6,0,-15
6429003,210,5:22:56,868,575
6429003,207,5:22:56,6,-15,-75
6429003,207,5:22:58,6,-75,-512
6429003,207,5:23:0,6,-512,0
6429003,211,5:23:0,2,164
6429003,210,5:23:1,8,102
6429003,207,5:23:7,6,0,-240
6429003,211,5:23:14,999,286
6429003,212,5:23:15,2
6429003,210,5:23:15,1111,375
6429003,211,5:23:21,1068,349
6429003,212,5:23:22,0
6429003,207,5:23:22,6,-240,-285
6429003,210,5:23:22,1187,476
6429003,207,5:23:23,6,-285,-360
6429003,211,5:23:26,480,489
6429003,213,5:23:26,6,s_drawer_F_G10a0,true
6429003,205,5:23:26,6,s_drawer_F_G10a0,false,false
6429003,210,5:24:6,867,622
6429003,211,5:24:6,867,622
6429003,210,5:24:7,862,566
6429003,211,5:24:8,508,489
6429003,221,5:24:9,6
6429003,220,5:24:10,6
6429003,210,5:24:13,489,666
6429003,211,5:24:14,665,592
6429003,221,5:24:16,6
6429003,220,5:24:17,6
6429003,212,5:24:18,2
6429003,210,5:24:18,1085,471
6429003,211,5:24:20,675,688
6429003,221,5:24:22,6
6429003,220,5:24:23,6
6429003,213,5:24:23,6,s_bed1_F_G10a0,true
6429003,210,5:24:28,650,547
6429003,207,5:24:30,6,-200,-5
6429003,211,5:24:32,313,291
6429003,210,5:24:33,738,243
6429003,207,5:24:35,6,-5,-492
6429003,211,5:24:36,1512,403
6429003,210,5:24:37,1449,472
6429003,211,5:24:41,1385,692
6429003,210,5:24:43,1364,596
6429003,211,5:24:43,1513,484
6429003,210,5:24:44,1411,514
6429003,211,5:24:44,1343,573
6429003,210,5:24:44,1372,550
6429003,211,5:24:47,1515,95
6429003,210,5:24:47,1425,267
6429003,211,5:24:59,726,692
6429003,210,5:25:0,802,513
6429003,207,5:25:5,6,-492,-402
6429003,211,5:25:7,489,247
6429003,210,5:25:8,489,279
6429003,211,5:25:9,495,241
6429003,210,5:25:10,493,270
6429003,211,5:25:10,497,240
6429003,213,5:25:10,6,s_pamphlet5_G10a2N,true
6429003,205,5:25:11,6,s_pamphlet5_G10a2N,false,false
6429003,221,5:25:17,6
6429003,220,5:25:18,6
6429003,1003,5:25:18,3
6429003,1004,5:25:23,6
6429003,1002,5:25:26,6
6429003,1003,5:25:26,3
6429003,1004,5:25:28,1
6429003,500,5:25:30,1,[]
6429003,501,5:25:32,1,[]
6429003,502,5:25:40,1,[IntentionData_logId:3,true]
6429003,503,5:25:43,1,[]
6429003,504,5:25:45,1,[InfluenceData_logId:0]
6429003,504,5:25:47,1,[InfluenceData_logId:5]
6429003,504,5:25:51,1,[InfluenceData_logId:6]
6429003,504,5:25:52,1,[InfluenceData_logId:1]
6429003,504,5:25:56,1,[InfluenceData_logId:0]
6429003,505,5:25:58,1,[InfluenceData_logId:0,true,InfluenceData_logId:5,true,InfluenceData_logId:6,true]
6429003,506,5:25:59,1,[]
6429003,507,5:26:7,1,[OpponentAttackData_logId:0,OpponentAttackTypeData_logId:1,false,30]
6429003,508,5:26:10,1,[]
6429003,509,5:26:13,1,[RefusalData_logId:4,2]
6429003,510,5:26:15,1,[AvailableRefusalData_logId:4,0A]
6429003,510,5:26:20,1,[AvailableRefusalData_logId:4,1A]
6429003,510,5:26:22,1,[AvailableRefusalData_logId:4,2A]
6429003,511,5:26:22,1,[AvailableRefusalData_logId:4,0A,1A,2A,true,50]
6429003,512,5:26:25,1,[]
6429003,513,5:26:25,1,[0]
6429003,514,5:26:25,1,[]
6429003,507,5:26:35,1,[OpponentAttackData_logId:3,OpponentAttackTypeData_logId:4,true,0]
6429003,508,5:26:38,1,[]
6429003,509,5:26:44,1,[RefusalData_logId:7,2]
6429003,510,5:26:46,1,[AvailableRefusalData_logId:7,0C]
6429003,510,5:26:48,1,[AvailableRefusalData_logId:7,0A]
6429003,510,5:26:50,1,[AvailableRefusalData_logId:7,1A]
6429003,510,5:26:50,1,[AvailableRefusalData_logId:7,2A]
6429003,511,5:26:51,1,[AvailableRefusalData_logId:7,0A,1A,2A,true,50]
6429003,512,5:26:54,1,[]
6429003,515,5:26:54,1,[120,0]
6429003,516,5:26:57,1,[]
6429003,517,5:26:58,1,[]
6429003,1005,5:26:58,1,[3,2,3]
6429003,1001,5:26:59,1,[]
6429003,1003,5:26:59,3
6429003,221,5:27:3,6
6429003,220,5:27:5,6
6429003,1003,5:27:5,3
6429003,1004,5:27:7,5
6429003,500,5:27:9,5,[]
6429003,501,5:27:10,5,[]
6429003,502,5:27:13,5,[IntentionData_logId:2,true]
6429003,503,5:27:14,5,[]
6429003,504,5:27:16,5,[InfluenceData_logId:0]
6429003,504,5:27:18,5,[InfluenceData_logId:5]
6429003,504,5:27:21,5,[InfluenceData_logId:6]
6429003,505,5:27:23,5,[InfluenceData_logId:0,true,InfluenceData_logId:5,true,InfluenceData_logId:6,true]
6429003,506,5:27:24,5,[]
6429003,507,5:27:33,5,[OpponentAttackData_logId:0,OpponentAttackTypeData_logId:1,true,0]
6429003,508,5:27:35,5,[]
6429003,509,5:27:44,5,[RefusalData_logId:2,2]
6429003,510,5:27:45,5,[AvailableRefusalData_logId:2,0C]
6429003,510,5:27:45,5,[AvailableRefusalData_logId:2,0B]
6429003,510,5:27:46,5,[AvailableRefusalData_logId:2,0A]
6429003,510,5:27:47,5,[AvailableRefusalData_logId:2,1A]
6429003,510,5:27:51,5,[AvailableRefusalData_logId:2,1B]
6429003,510,5:27:53,5,[AvailableRefusalData_logId:2,0B]
6429003,510,5:28:1,5,[AvailableRefusalData_logId:2,0C]
6429003,510,5:28:3,5,[AvailableRefusalData_logId:2,0A]
6429003,510,5:28:11,5,[AvailableRefusalData_logId:2,0C]
6429003,510,5:28:14,5,[AvailableRefusalData_logId:2,1C]
6429003,510,5:28:15,5,[AvailableRefusalData_logId:2,2A]
6429003,510,5:28:16,5,[AvailableRefusalData_logId:2,2C]
6429003,510,5:28:16,5,[AvailableRefusalData_logId:2,2B]
6429003,511,5:28:17,5,[AvailableRefusalData_logId:2,0C,1C,2B,false,0]
6429003,512,5:28:20,5,[]
6429003,513,5:28:20,5,[30]
6429003,514,5:28:24,5,[]
6429003,1002,5:28:27,5
6429003,1003,5:28:27,3
6429003,1004,5:28:28,5
6429003,500,5:28:30,5,[]
6429003,501,5:28:31,5,[]
6429003,502,5:28:35,5,[IntentionData_logId:2,true]
6429003,503,5:28:36,5,[]
6429003,504,5:28:38,5,[InfluenceData_logId:0]
6429003,504,5:28:40,5,[InfluenceData_logId:5]
6429003,504,5:28:40,5,[InfluenceData_logId:5]
6429003,504,5:28:41,5,[InfluenceData_logId:6]
6429003,505,5:28:42,5,[InfluenceData_logId:0,true,InfluenceData_logId:5,true,InfluenceData_logId:6,true]
6429003,506,5:28:43,5,[]
6429003,507,5:28:53,5,[OpponentAttackData_logId:0,OpponentAttackTypeData_logId:1,true,0]
6429003,508,5:28:55,5,[]
6429003,509,5:28:59,5,[RefusalData_logId:4,2]
6429003,510,5:29:0,5,[AvailableRefusalData_logId:4,0B]
6429003,510,5:29:4,5,[AvailableRefusalData_logId:4,1B]
6429003,510,5:29:8,5,[AvailableRefusalData_logId:4,0A]
6429003,510,5:29:9,5,[AvailableRefusalData_logId:4,0C]
6429003,510,5:29:10,5,[AvailableRefusalData_logId:4,0A]
6429003,510,5:29:15,5,[AvailableRefusalData_logId:4,0B]
6429003,510,5:29:16,5,[AvailableRefusalData_logId:4,2B]
6429003,511,5:29:17,5,[AvailableRefusalData_logId:4,0B,1B,2B,false,0]
6429003,512,5:29:19,5,[]
6429003,513,5:29:19,5,[30]
6429003,514,5:29:22,5,[]
6429003,507,5:29:29,5,[OpponentAttackData_logId:1,OpponentAttackTypeData_logId:2,false,30]
6429003,508,5:29:30,5,[]
6429003,509,5:29:37,5,[RefusalData_logId:2,2]
6429003,510,5:29:38,5,[AvailableRefusalData_logId:2,0A]
6429003,510,5:29:38,5,[AvailableRefusalData_logId:2,1A]
6429003,510,5:29:40,5,[AvailableRefusalData_logId:2,0B]
6429003,510,5:29:41,5,[AvailableRefusalData_logId:2,0C]
6429003,510,5:29:42,5,[AvailableRefusalData_logId:2,0B]
6429003,510,5:29:42,5,[AvailableRefusalData_logId:2,0C]
6429003,510,5:29:43,5,[AvailableRefusalData_logId:2,1C]
6429003,510,5:29:44,5,[AvailableRefusalData_logId:2,2B]
6429003,511,5:29:45,5,[AvailableRefusalData_logId:2,0C,1C,2B,false,0]
6429003,512,5:29:47,5,[]
6429003,513,5:29:47,5,[30]
6429003,1002,5:29:50,5
6429003,1003,5:29:50,3
6429003,1004,5:29:51,5
6429003,500,5:29:53,5,[]
6429003,501,5:29:54,5,[]
6429003,502,5:29:58,5,[IntentionData_logId:2,true]
6429003,503,5:29:59,5,[]
6429003,504,5:30:1,5,[InfluenceData_logId:0]
6429003,504,5:30:2,5,[InfluenceData_logId:5]
6429003,504,5:30:2,5,[InfluenceData_logId:6]
6429003,505,5:30:3,5,[InfluenceData_logId:0,true,InfluenceData_logId:5,true,InfluenceData_logId:6,true]
6429003,506,5:30:4,5,[]
6429003,507,5:30:10,5,[OpponentAttackData_logId:3,OpponentAttackTypeData_logId:3,true,0]
6429003,508,5:30:13,5,[]
6429003,509,5:30:16,5,[RefusalData_logId:7,0]
6429003,510,5:30:18,5,[AvailableRefusalData_logId:7,0C]
6429003,510,5:30:21,5,[AvailableRefusalData_logId:7,0B]
6429003,510,5:30:25,5,[AvailableRefusalData_logId:7,1B]
6429003,510,5:30:27,5,[AvailableRefusalData_logId:7,1A]
6429003,510,5:30:28,5,[AvailableRefusalData_logId:7,0C]
6429003,510,5:30:31,5,[AvailableRefusalData_logId:7,2A]
6429003,510,5:30:32,5,[AvailableRefusalData_logId:7,0A]
6429003,511,5:30:33,5,[AvailableRefusalData_logId:7,0A,1A,2A,true,20]
6429003,512,5:30:36,5,[]
6429003,513,5:30:36,5,[30]
6429003,514,5:30:39,5,[]
6429003,507,5:30:51,5,[OpponentAttackData_logId:0,OpponentAttackTypeData_logId:1,true,0]
6429003,508,5:30:53,5,[]
6429003,509,5:31:1,5,[RefusalData_logId:3,1]
6429003,510,5:31:2,5,[AvailableRefusalData_logId:3,0B]
6429003,510,5:31:3,5,[AvailableRefusalData_logId:3,1B]
6429003,510,5:31:6,5,[AvailableRefusalData_logId:3,0A]
6429003,510,5:31:9,5,[AvailableRefusalData_logId:3,0C]
6429003,510,5:31:10,5,[AvailableRefusalData_logId:3,1A]
6429003,510,5:31:12,5,[AvailableRefusalData_logId:3,0A]
6429003,510,5:31:19,5,[AvailableRefusalData_logId:3,2A]
6429003,511,5:31:20,5,[AvailableRefusalData_logId:3,0A,1A,2A,true,30]
6429003,512,5:31:23,5,[]
6429003,513,5:31:23,5,[0]
6429003,514,5:31:23,5,[]
6429003,507,5:31:30,5,[OpponentAttackData_logId:2,OpponentAttackTypeData_logId:0,false,30]
6429003,508,5:31:32,5,[]
6429003,509,5:31:35,5,[RefusalData_logId:2,2]
6429003,510,5:31:37,5,[AvailableRefusalData_logId:2,0A]
6429003,510,5:31:40,5,[AvailableRefusalData_logId:2,0B]
6429003,510,5:31:42,5,[AvailableRefusalData_logId:2,1B]
6429003,510,5:31:45,5,[AvailableRefusalData_logId:2,1A]
6429003,510,5:31:51,5,[AvailableRefusalData_logId:2,2A]
6429003,511,5:31:51,5,[AvailableRefusalData_logId:2,0B,1A,2A,false,0]
6429003,512,5:31:54,5,[]
6429003,513,5:31:54,5,[30]
6429003,514,5:31:56,5,[]
6429003,507,5:32:6,5,[OpponentAttackData_logId:1,OpponentAttackTypeData_logId:0,true,0]
6429003,508,5:32:8,5,[]
6429003,509,5:32:11,5,[RefusalData_logId:4,2]
6429003,510,5:32:13,5,[AvailableRefusalData_logId:4,0C]
6429003,510,5:32:19,5,[AvailableRefusalData_logId:4,1A]
6429003,510,5:32:20,5,[AvailableRefusalData_logId:4,2A]
6429003,511,5:32:20,5,[AvailableRefusalData_logId:4,0C,1A,2A,false,0]
6429003,512,5:32:23,5,[]
6429003,513,5:32:23,5,[30]
6429003,514,5:32:25,5,[]
6429003,515,5:32:25,5,[30,50]
6429003,516,5:32:27,5,[]
6429003,517,5:32:30,5,[]
6429003,1000,5:32:31,5,[]
6429003,500,5:32:32,5,[]
6429003,501,5:32:33,5,[]
6429003,1002,5:32:40,5
6429003,1003,5:32:40,3
6429003,1004,5:32:41,4
6429003,500,5:32:44,4,[]
6429003,501,5:32:45,4,[]
6429003,502,5:32:52,4,[IntentionData_logId:1,true]
6429003,503,5:32:52,4,[]
6429003,504,5:32:54,4,[InfluenceData_logId:0]
6429003,504,5:32:56,4,[InfluenceData_logId:5]
6429003,504,5:33:0,4,[InfluenceData_logId:7]
6429003,505,5:33:0,4,[InfluenceData_logId:0,true,InfluenceData_logId:5,true,InfluenceData_logId:7,true]
6429003,506,5:33:1,4,[]
6429003,507,5:33:10,4,[OpponentAttackData_logId:1,OpponentAttackTypeData_logId:2,true,0]
6429003,508,5:33:12,4,[]
6429003,509,5:33:22,4,[RefusalData_logId:6,2]
6429003,510,5:33:24,4,[AvailableRefusalData_logId:6,0C]
6429003,510,5:33:25,4,[AvailableRefusalData_logId:6,0A]
6429003,510,5:33:29,4,[AvailableRefusalData_logId:6,1A]
6429003,510,5:33:31,4,[AvailableRefusalData_logId:6,2A]
6429003,511,5:33:32,4,[AvailableRefusalData_logId:6,0A,1A,2A,true,50]
6429003,512,5:33:34,4,[]
6429003,513,5:33:34,4,[0]
6429003,514,5:33:36,4,[]
6429003,507,5:33:43,4,[OpponentAttackData_logId:3,OpponentAttackTypeData_logId:3,true,0]
6429003,508,5:33:45,4,[]
6429003,509,5:33:48,4,[RefusalData_logId:3,2]
6429003,510,5:33:50,4,[AvailableRefusalData_logId:3,0B]
6429003,510,5:33:50,4,[AvailableRefusalData_logId:3,0C]
6429003,510,5:33:51,4,[AvailableRefusalData_logId:3,0A]
6429003,510,5:33:53,4,[AvailableRefusalData_logId:3,1A]
6429003,510,5:33:53,4,[AvailableRefusalData_logId:3,2A]
6429003,511,5:33:54,4,[AvailableRefusalData_logId:3,0A,1A,2A,true,50]
6429003,512,5:33:56,4,[]
6429003,515,5:33:56,4,[150,0]
6429003,516,5:33:58,4,[]
6429003,517,5:34:0,4,[]
6429003,1005,5:34:0,4,[3,2,3]
6429003,1001,5:34:0,4,[]
6429003,1003,5:34:0,3
6429003,221,5:34:4,6
6429003,220,5:34:6,6
6429003,219,5:34:6,6
6429003,216,5:34:7,Stack_G10a2P
6429003,217,5:34:25,Stack_G10a2P,16,0.00
6429003,218,5:34:27,6
6429003,210,5:34:27,670,516
6429003,211,5:34:28,495,454
6429003,213,5:34:28,6,c_friend_F_b_G10a2P,true
6429003,205,5:34:28,6,c_friend_F_b_G10a2P,false,false
6429003,210,5:34:31,765,484
6429003,211,5:34:32,801,476
6429003,213,5:34:32,6,c_cousin_F_b_G10a2P,true
6429003,205,5:34:32,6,c_cousin_F_b_G10a2P,false,false
6429003,210,5:34:35,908,447
6429003,207,5:34:36,6,-200,-485
6429003,211,5:34:38,1382,444
6429003,213,5:34:38,6,c_nurse_G10a2P,true
6429003,205,5:34:38,6,c_nurse_G10a2P,false,false
6429003,210,5:34:48,1126,410
6429003,207,5:34:49,6,-485,-516
6429003,207,5:34:52,6,-516,-246
6429003,211,5:34:53,205,510
6429003,207,5:34:53,6,-246,-186
6429003,210,5:34:54,147,482
6429003,207,5:34:54,6,-186,-6
6429003,211,5:34:55,171,443
6429003,213,5:34:55,6,c_bestFriend_F_b_G10a2P,true
6429003,212,5:34:59,1
6429003,210,5:35:0,198,477
6429003,207,5:35:2,6,-6,-216
6429003,207,5:35:3,6,-216,-246
6429003,211,5:35:4,977,406
6429003,213,5:35:4,6,s_dancePoster_G10a2P,true
6429003,205,5:35:4,6,s_dancePoster_G10a2P,false,false
6429003,210,5:35:7,829,483
6429003,207,5:35:8,6,-246,-516
6429003,211,5:35:11,1318,461
6429003,210,5:35:11,1350,364
6429003,211,5:35:14,866,219
6429003,213,5:35:14,6,s_clock_G10a2P,true
6429003,212,5:35:21,0
6429003,210,5:35:22,1452,425
6429003,211,5:35:22,1535,460
6429003,210,5:35:22,1374,519
6429003,211,5:35:24,1058,372
6429003,213,5:35:24,6,c_crush1_F_b_G10a2P,true
6429003,205,5:35:24,6,c_crush1_F_b_G10a2P,false,false
6429003,221,5:35:41,6
6429003,220,5:35:44,6
6429003,1003,5:35:44,3
6429003,1004,5:35:46,5
6429003,500,5:35:48,5,[]
6429003,501,5:35:48,5,[]
6429003,502,5:35:51,5,[IntentionData_logId:2,true]
6429003,503,5:35:51,5,[]
6429003,504,5:35:54,5,[InfluenceData_logId:0]
6429003,504,5:35:56,5,[InfluenceData_logId:5]
6429003,504,5:35:57,5,[InfluenceData_logId:6]
6429003,505,5:35:57,5,[InfluenceData_logId:0,true,InfluenceData_logId:5,true,InfluenceData_logId:6,true]
6429003,506,5:35:58,5,[]
6429003,507,5:36:6,5,[OpponentAttackData_logId:1,OpponentAttackTypeData_logId:2,false,30]
6429003,1002,5:36:9,5
6429003,1003,5:36:9,3
6429003,1004,5:36:9,5
6429003,500,5:36:12,5,[]
6429003,501,5:36:13,5,[]
6429003,502,5:36:15,5,[IntentionData_logId:2,true]
6429003,503,5:36:16,5,[]
6429003,504,5:36:18,5,[InfluenceData_logId:0]
6429003,504,5:36:19,5,[InfluenceData_logId:5]
6429003,504,5:36:20,5,[InfluenceData_logId:6]
6429003,505,5:36:21,5,[InfluenceData_logId:0,true,InfluenceData_logId:5,true,InfluenceData_logId:6,true]
6429003,506,5:36:22,5,[]
6429003,507,5:36:35,5,[OpponentAttackData_logId:3,OpponentAttackTypeData_logId:0,false,30]
6429003,1002,5:36:38,5
6429003,1003,5:36:38,3
6429003,1004,5:36:39,5
6429003,500,5:36:42,5,[]
6429003,501,5:36:43,5,[]
6429003,502,5:36:46,5,[IntentionData_logId:2,true]
6429003,503,5:36:47,5,[]
6429003,504,5:36:50,5,[InfluenceData_logId:0]
6429003,504,5:36:50,5,[InfluenceData_logId:5]
6429003,504,5:36:51,5,[InfluenceData_logId:6]
6429003,505,5:36:51,5,[InfluenceData_logId:0,true,InfluenceData_logId:5,true,InfluenceData_logId:6,true]
6429003,506,5:36:52,5,[]
6429003,507,5:37:2,5,[OpponentAttackData_logId:0,OpponentAttackTypeData_logId:1,true,0]
6429003,508,5:37:5,5,[]
6429003,509,5:37:14,5,[RefusalData_logId:2,2]
6429003,510,5:37:16,5,[AvailableRefusalData_logId:2,0A]
6429003,510,5:37:17,5,[AvailableRefusalData_logId:2,0B]
6429003,510,5:37:18,5,[AvailableRefusalData_logId:2,1B]
6429003,510,5:37:20,5,[AvailableRefusalData_logId:2,2B]
6429003,510,5:37:21,5,[AvailableRefusalData_logId:2,0C]
6429003,510,5:37:22,5,[AvailableRefusalData_logId:2,1C]
6429003,510,5:37:23,5,[AvailableRefusalData_logId:2,2A]
6429003,510,5:37:29,5,[AvailableRefusalData_logId:2,0A]
6429003,510,5:37:30,5,[AvailableRefusalData_logId:2,1B]
6429003,510,5:37:34,5,[AvailableRefusalData_logId:2,2B]
6429003,510,5:37:38,5,[AvailableRefusalData_logId:2,1A]
6429003,510,5:37:42,5,[AvailableRefusalData_logId:2,2C]
6429003,510,5:37:43,5,[AvailableRefusalData_logId:2,1B]
6429003,510,5:37:47,5,[AvailableRefusalData_logId:2,0B]
6429003,510,5:37:48,5,[AvailableRefusalData_logId:2,2A]
6429003,510,5:37:51,5,[AvailableRefusalData_logId:2,1C]
6429003,510,5:37:55,5,[AvailableRefusalData_logId:2,0C]
6429003,510,5:37:56,5,[AvailableRefusalData_logId:2,2C]
6429003,511,5:37:58,5,[AvailableRefusalData_logId:2,0C,1C,2C,false,0]
6429003,512,5:38:0,5,[]
6429003,513,5:38:0,5,[30]
6429003,514,5:38:3,5,[]
6429003,507,5:38:9,5,[OpponentAttackData_logId:2,OpponentAttackTypeData_logId:4,false,30]
6429003,1002,5:38:17,5
6429003,1003,5:38:17,3
6429003,1004,5:38:18,5
6429003,500,5:38:20,5,[]
6429003,501,5:38:21,5,[]
6429003,502,5:38:25,5,[IntentionData_logId:2,true]
6429003,503,5:38:26,5,[]
6429003,504,5:38:29,5,[InfluenceData_logId:0]
6429003,504,5:38:30,5,[InfluenceData_logId:5]
6429003,504,5:38:31,5,[InfluenceData_logId:6]
6429003,505,5:38:32,5,[InfluenceData_logId:0,true,InfluenceData_logId:5,true,InfluenceData_logId:6,true]
6429003,506,5:38:33,5,[]
6429003,507,5:38:43,5,[OpponentAttackData_logId:0,OpponentAttackTypeData_logId:1,true,0]
6429003,508,5:38:45,5,[]
6429003,509,5:38:53,5,[RefusalData_logId:4,2]
6429003,510,5:38:54,5,[AvailableRefusalData_logId:4,0A]
6429003,510,5:38:56,5,[AvailableRefusalData_logId:4,0B]
6429003,510,5:38:57,5,[AvailableRefusalData_logId:4,0C]
6429003,510,5:39:0,5,[AvailableRefusalData_logId:4,0A]
6429003,510,5:39:2,5,[AvailableRefusalData_logId:4,0B]
6429003,510,5:39:4,5,[AvailableRefusalData_logId:4,0A]
6429003,510,5:39:6,5,[AvailableRefusalData_logId:4,1A]
6429003,510,5:39:12,5,[AvailableRefusalData_logId:4,0C]
6429003,510,5:39:16,5,[AvailableRefusalData_logId:4,2C]
6429003,511,5:39:17,5,[AvailableRefusalData_logId:4,0C,1A,2C,false,0]
6429003,512,5:39:19,5,[]
6429003,513,5:39:19,5,[30]
6429003,1002,5:39:21,5
6429003,1003,5:39:21,3
6429003,1004,5:39:22,5
6429003,500,5:39:24,5,[]
6429003,501,5:39:25,5,[]
6429003,502,5:39:41,5,[IntentionData_logId:2,true]
6429003,503,5:39:42,5,[]
6429003,504,5:39:45,5,[InfluenceData_logId:0]
6429003,504,5:39:46,5,[InfluenceData_logId:3]
6429003,504,5:39:47,5,[InfluenceData_logId:5]
6429003,504,5:39:47,5,[InfluenceData_logId:8]
6429003,504,5:39:48,5,[InfluenceData_logId:6]
6429003,505,5:39:48,5,[InfluenceData_logId:0,true,InfluenceData_logId:5,true,InfluenceData_logId:6,true]
6429003,506,5:39:51,5,[]
6429003,507,5:40:8,5,[OpponentAttackData_logId:3,OpponentAttackTypeData_logId:2,false,30]
6429003,1002,5:40:11,5
6429003,1003,5:40:11,3
6429003,1004,5:40:12,5
6429003,500,5:40:14,5,[]
6429003,501,5:40:15,5,[]
6429003,502,5:40:18,5,[IntentionData_logId:2,true]
6429003,503,5:40:19,5,[]
6429003,504,5:40:21,5,[InfluenceData_logId:0]
6429003,504,5:40:22,5,[InfluenceData_logId:5]
6429003,504,5:40:24,5,[InfluenceData_logId:6]
6429003,505,5:40:25,5,[InfluenceData_logId:0,true,InfluenceData_logId:5,true,InfluenceData_logId:6,true]
6429003,506,5:40:38,5,[]
6429003,507,5:40:48,5,[OpponentAttackData_logId:0,OpponentAttackTypeData_logId:1,true,0]
6429003,508,5:40:50,5,[]
6429003,509,5:40:55,5,[RefusalData_logId:5,1]
6429003,510,5:40:57,5,[AvailableRefusalData_logId:5,0A]
6429003,510,5:40:58,5,[AvailableRefusalData_logId:5,1A]
6429003,510,5:40:59,5,[AvailableRefusalData_logId:5,2A]
6429003,511,5:41:0,5,[AvailableRefusalData_logId:5,0A,1A,2A,true,30]
6429003,512,5:41:2,5,[]
6429003,513,5:41:2,5,[0]
6429003,514,5:41:4,5,[]
6429003,507,5:41:13,5,[OpponentAttackData_logId:2,OpponentAttackTypeData_logId:1,false,30]
6429003,508,5:41:15,5,[]
6429003,509,5:41:21,5,[RefusalData_logId:6,1]
6429003,510,5:41:23,5,[AvailableRefusalData_logId:6,0A]
6429003,510,5:41:25,5,[AvailableRefusalData_logId:6,1A]
6429003,510,5:41:27,5,[AvailableRefusalData_logId:6,2A]
6429003,511,5:41:28,5,[AvailableRefusalData_logId:6,0A,1A,2A,true,30]
6429003,512,5:41:30,5,[]
6429003,513,5:41:30,5,[0]
6429003,514,5:41:31,5,[]
6429003,507,5:41:37,5,[OpponentAttackData_logId:1,OpponentAttackTypeData_logId:0,true,0]
6429003,508,5:41:39,5,[]
6429003,509,5:41:44,5,[RefusalData_logId:3,1]
6429003,510,5:41:45,5,[AvailableRefusalData_logId:3,0A]
6429003,510,5:41:46,5,[AvailableRefusalData_logId:3,1A]
6429003,510,5:41:49,5,[AvailableRefusalData_logId:3,2A]
6429003,511,5:41:50,5,[AvailableRefusalData_logId:3,0A,1A,2A,true,30]
6429003,512,5:41:52,5,[]
6429003,513,5:41:52,5,[0]
6429003,514,5:41:53,5,[]
6429003,507,5:41:59,5,[OpponentAttackData_logId:3,OpponentAttackTypeData_logId:3,true,0]
6429003,508,5:42:2,5,[]
6429003,509,5:42:6,5,[RefusalData_logId:4,2]
6429003,510,5:42:8,5,[AvailableRefusalData_logId:4,0C]
6429003,510,5:42:14,5,[AvailableRefusalData_logId:4,0B]
6429003,510,5:42:15,5,[AvailableRefusalData_logId:4,1C]
6429003,510,5:42:19,5,[AvailableRefusalData_logId:4,2C]
6429003,510,5:42:20,5,[AvailableRefusalData_logId:4,1B]
6429003,510,5:42:27,5,[AvailableRefusalData_logId:4,0C]
6429003,510,5:42:29,5,[AvailableRefusalData_logId:4,1A]
6429003,510,5:42:30,5,[AvailableRefusalData_logId:4,1C]
6429003,510,5:42:33,5,[AvailableRefusalData_logId:4,2A]
6429003,510,5:42:38,5,[AvailableRefusalData_logId:4,0A]
6429003,510,5:42:39,5,[AvailableRefusalData_logId:4,1A]
6429003,510,5:42:40,5,[AvailableRefusalData_logId:4,2C]
6429003,510,5:42:41,5,[AvailableRefusalData_logId:4,1B]
6429003,510,5:42:41,5,[AvailableRefusalData_logId:4,0B]
6429003,510,5:42:42,5,[AvailableRefusalData_logId:4,1C]
6429003,510,5:42:44,5,[AvailableRefusalData_logId:4,0A]
6429003,510,5:42:47,5,[AvailableRefusalData_logId:4,2A]
6429003,510,5:42:49,5,[AvailableRefusalData_logId:4,2B]
6429003,510,5:42:51,5,[AvailableRefusalData_logId:4,0C]
6429003,510,5:42:54,5,[AvailableRefusalData_logId:4,1B]
6429003,510,5:42:57,5,[AvailableRefusalData_logId:4,0A]
6429003,510,5:42:59,5,[AvailableRefusalData_logId:4,0B]
6429003,510,5:43:0,5,[AvailableRefusalData_logId:4,1C]
6429003,510,5:43:6,5,[AvailableRefusalData_logId:4,1B]
6429003,510,5:43:8,5,[AvailableRefusalData_logId:4,2A]
6429003,510,5:43:11,5,[AvailableRefusalData_logId:4,2C]
6429003,510,5:43:13,5,[AvailableRefusalData_logId:4,0C]
6429003,510,5:43:14,5,[AvailableRefusalData_logId:4,0A]
6429003,510,5:43:15,5,[AvailableRefusalData_logId:4,1A]
6429003,510,5:43:16,5,[AvailableRefusalData_logId:4,2A]
6429003,510,5:43:16,5,[AvailableRefusalData_logId:4,2B]
6429003,510,5:43:18,5,[AvailableRefusalData_logId:4,0B]
6429003,510,5:43:18,5,[AvailableRefusalData_logId:4,2C]
6429003,510,5:43:18,5,[AvailableRefusalData_logId:4,1C]
6429003,510,5:43:20,5,[AvailableRefusalData_logId:4,0C]
6429003,510,5:43:20,5,[AvailableRefusalData_logId:4,1B]
6429003,510,5:43:20,5,[AvailableRefusalData_logId:4,2A]
6429003,511,5:43:22,5,[AvailableRefusalData_logId:4,0C,1B,2A,false,0]
6429003,512,5:43:24,5,[]
6429003,513,5:43:24,5,[30]
6429003,514,5:43:26,5,[]
6429003,515,5:43:26,5,[90,10]
6429003,516,5:43:29,5,[]
6429003,517,5:43:31,5,[]
6429003,1000,5:43:32,5,[]
6429003,500,5:43:34,5,[]
6429003,501,5:43:35,5,[]
6429003,502,5:43:38,5,[IntentionData_logId:2,true]
6429003,503,5:43:39,5,[]
6429003,504,5:43:42,5,[InfluenceData_logId:0]
6429003,504,5:43:42,5,[InfluenceData_logId:5]
6429003,504,5:43:43,5,[InfluenceData_logId:6]
6429003,505,5:43:44,5,[InfluenceData_logId:0,true,InfluenceData_logId:5,true,InfluenceData_logId:6,true]
6429003,506,5:43:45,5,[]
6429003,507,5:43:52,5,[OpponentAttackData_logId:0,OpponentAttackTypeData_logId:2,false,30]
6429003,508,5:43:57,5,[]
6429003,509,5:44:1,5,[RefusalData_logId:7,0]
6429003,510,5:44:2,5,[AvailableRefusalData_logId:7,0C]
6429003,510,5:44:4,5,[AvailableRefusalData_logId:7,0B]
6429003,510,5:44:6,5,[AvailableRefusalData_logId:7,1B]
6429003,510,5:44:8,5,[AvailableRefusalData_logId:7,2A]
6429003,510,5:44:9,5,[AvailableRefusalData_logId:7,0C]
6429003,510,5:44:12,5,[AvailableRefusalData_logId:7,1A]
6429003,511,5:44:22,5,[AvailableRefusalData_logId:7,0C,1A,2A,false,0]
6429003,512,5:44:24,5,[]
6429003,513,5:44:24,5,[30]
6429003,514,5:44:26,5,[]
6429003,1002,5:44:34,5
6429003,1003,5:44:34,3
6429003,100,5:45:9,8
6429003,102,5:45:11,8
6429003,200,5:45:11,8,16,21,21,19,24
6429003,210,5:45:12,402,416
6429003,211,5:45:14,667,560
6429003,213,5:45:14,8,s_backpack_G11a0,true
6429003,210,5:45:18,546,382
6429003,211,5:45:20,374,690
6429003,210,5:45:23,559,390
6429003,211,5:45:23,407,693
6429003,210,5:45:25,1192,482
6429003,207,5:45:25,8,-200,-410
6429003,207,5:45:26,8,-410,-455
6429003,211,5:45:26,1239,687
6429003,212,5:45:27,1
6429003,210,5:45:27,1213,432
6429003,211,5:45:29,882,277
6429003,213,5:45:29,8,s_door_F_gen,true
6429003,205,5:45:29,8,s_door_F_gen,false,true
6429003,210,5:45:32,872,450
6429003,207,5:45:32,8,-455,-425
6429003,211,5:45:33,525,437
6429003,212,5:45:34,0
6429003,210,5:45:34,1032,508
6429003,207,5:45:35,8,-425,-350
6429003,211,5:45:35,526,465
6429003,212,5:45:36,2
6429003,210,5:45:36,732,453
6429003,211,5:45:37,531,419
6429003,213,5:45:37,8,c_crush1_F_G11a1N,true
6429003,205,5:45:37,8,c_crush1_F_G11a1N,false,true
6429003,210,5:45:48,552,455
6429003,207,5:45:49,8,-350,-95
6429003,207,5:45:52,8,-95,0
6429003,207,5:45:55,8,0,-180
6429003,211,5:45:55,1082,615
6429003,212,5:45:56,0
6429003,210,5:45:56,1040,430
6429003,211,5:45:58,1099,349
6429003,212,5:45:58,1
6429003,210,5:45:58,942,399
6429003,207,5:46:1,8,-180,-510
6429003,211,5:46:2,1272,352
6429003,213,5:46:2,8,s_window_F_G11a1N,true
6429003,205,5:46:2,8,s_window_F_G11a1N,false,true
6429003,210,5:46:6,996,549
6429003,207,5:46:10,8,-510,-512
6429003,211,5:46:10,1512,481
6429003,212,5:46:11,0
6429003,210,5:46:11,1093,352
6429003,207,5:46:13,8,-512,0
6429003,211,5:46:17,410,234
6429003,213,5:46:17,8,s_poster_F_gen,true
6429003,1003,5:46:19,0
6429003,210,5:47:51,181,452
6429003,211,5:47:52,156,452
6429003,204,5:48:36,8
6429003,103,5:48:38
6429003,105,5:48:39
6429003,703,5:48:42,[|| EpilogueItem ID: 0 unlocked: true ||,|| EpilogueItem ID: 1 unlocked: true ||,|| EpilogueItem ID: 2 unlocked: true ||,|| EpilogueItem ID: 3 unlocked: true ||,|| EpilogueItem ID: 4 unlocked: true ||,|| EpilogueItem ID: 5 unlocked: true ||,|| EpilogueItem ID: 6 unlocked: false ||,|| EpilogueItem ID: 7 unlocked: false ||,|| EpilogueItem ID: 8 unlocked: false ||,|| EpilogueItem ID: 9 unlocked: false ||,|| EpilogueItem ID: 10 unlocked: false ||,|| EpilogueItem ID: 11 unlocked: false ||,|| EpilogueItem ID: 12 unlocked: false ||,|| EpilogueItem ID: 13 unlocked: true ||,|| EpilogueItem ID: 14 unlocked: false ||,|| EpilogueItem ID: 15 unlocked: false ||,|| EpilogueItem ID: 16 unlocked: false ||,|| EpilogueItem ID: 17 unlocked: false ||,|| EpilogueItem ID: 18 unlocked: false ||,|| EpilogueItem ID: 19 unlocked: false ||,|| EpilogueItem ID: 20 unlocked: false ||,|| EpilogueItem ID: 21 unlocked: true ||,|| EpilogueItem ID: 22 unlocked: false ||,|| EpilogueItem ID: 23 unlocked: false ||,|| EpilogueItem ID: 24 unlocked: false ||],0.32
6429003,706,5:48:48,(x=0, y=-100, w=1024, h=768),(x=0, y=-100, w=1024, h=768)
6429003,706,5:48:55,(x=832, y=-100, w=1024, h=768),(x=856, y=-100, w=1024, h=768)
6429003,706,5:48:59,(x=988, y=-100, w=1024, h=768),(x=1052, y=-100, w=1024, h=768)
6429003,706,5:49:2,(x=1323, y=-100, w=1024, h=768),(x=1338, y=-100, w=1024, h=768)
6429003,706,5:49:5,(x=1650, y=-100, w=1024, h=768),(x=1650, y=-100, w=1024, h=768)
6429003,706,5:49:7,(x=1900, y=-100, w=1024, h=768),(x=2531, y=-100, w=1024, h=768)
6429003,706,5:49:8,(x=1900, y=-100, w=1024, h=768),(x=2531, y=-100, w=1024, h=768)
6429003,708,5:49:8
6429003,1,5:49:8,4/17/2013 4:46:21pm,{"gameTime":20948487,"session":[{"stackId":12,"sceneId":"1P"},{"stackId":0,"sceneId":"1P"},{"stackId":1,"sceneId":"1P"},{"stackId":1,"sceneId":"1N"},{"stackId":1,"sceneId":"2P"},{"stackId":2,"sceneId":"3P"},{"stackId":2,"sceneId":"1P"},{"stackId":2,"sceneId":"1N"},{"stackId":2,"sceneId":"2P"},{"stackId":4,"sceneId":"1P"},{"stackId":4,"sceneId":"1N"},{"stackId":4,"sceneId":"2P"},{"stackId":3,"sceneId":"1P"},{"stackId":3,"sceneId":"1N"},{"stackId":3,"sceneId":"2P"},{"stackId":5,"sceneId":"1P"},{"stackId":5,"sceneId":"1N"},{"stackId":5,"sceneId":"2P"},{"stackId":6,"sceneId":"2P"}],"challengeStacks":[{"resolved":true,"challengeScenes":[{"keyPoints":["c_teacherEng_G7a0","c_bestFriend_F_a_G7a0","s_flag_gen"],"viewedAnimatic":true,"touchableObjects":["s_vocabAssignment_G7a0","s_doorClassroom_G7a0","c_friend1_F_a_G7a0","s_poePoster_gen","c_crewKid1_F_G7a0","s_otherStudent1_G7a0","c_teacherEng_G7a0","c_bestFriend_F_a_G7a0","s_flag_gen","s_angelouPoster_gen","s_shakespearePoster_gen","s_atwoodPoster_gen","s_clock_G7a0"],"unlocked":true,"miniGameCards":[]},{"keyPoints":["c_teacherEng_G7a1N","c_bestFriend_F_a_G7a1N","s_paperPlayers_G7a1N"],"viewedAnimatic":true,"touchableObjects":["c_teacherEng_G7a1N","s_otherStudent2_G7a1N","s_otherStudent1_G7a1N","c_crewKid1_F_G7a1N","s_flag_gen","s_poePoster_gen","s_shakespearePoster_gen","s_atwoodPoster_gen","s_angelouPoster_gen","c_bestFriend_F_a_G7a1N","s_posterPlagiarism_gen","s_paperPlayers_G7a1N"],"unlocked":true,"miniGameCards":[]},{"keyPoints":["c_teacherEng_G7a1P","s_flag_gen","s_paperEnglish_gen","c_bestFriend_F_a_G7a1P"],"viewedAnimatic":true,"touchableObjects":["c_teacherEng_G7a1P","s_clock_G7a1P","s_paperPlayers_G7a1P","s_poePoster_gen","s_shakespearePoster_gen","s_angelouPoster_gen","s_atwoodPoster_gen","s_flag_gen","s_paperEnglish_gen","c_bestFriend_F_a_G7a1P"],"unlocked":true,"miniGameCards":[]}],"stackSize":3},{"resolved":true,"challengeScenes":[{"keyPoints":["c_crewKid1_F_G7b0","c_kidSister_lati_a_G7b0","s_backpack_F_G7b0"],"viewedAnimatic":true,"touchableObjects":["c_crewKid2_F_G7b0","c_cousinsBrother_a_G7b0","s_lifeguard_G7b0","c_cousinsBrothersFriendsGF_G7b0","c_cousinsBrothersFriend_a_G7b0","c_cousin_F_a_G7b0","c_crewKid1_F_G7b0","c_kidSister_lati_a_G7b0","s_backpack_F_G7b0"],"unlocked":true,"miniGameCards":[]},{"keyPoints":["c_kidSister_lati_a_G7b1N","c_crewKid1_F_G7b1N","s_graffiti_G7b1N","s_sprayPaintCan_G7b1N","s_brokenCarWindow_G7b1N"],"viewedAnimatic":true,"touchableObjects":["c_kidSister_lati_a_G7b1N","c_policeOfficer_G7b1N","c_crewKid1_F_G7b1N","s_cat_G7b1N","s_wreckedPlants_G7b1N","s_flag_G7b1N","c_teacherEng_G7b1N","c_cousin_F_a_G7b1N","s_graffiti_G7b1N","c_crewKid2_F_a_G7b1N","s_sprayPaintCan_G7b1N","s_brokenCarWindow_G7b1N"],"unlocked":true,"miniGameCards":[]},{"keyPoints":["c_cousinsBrothersFriend_a_G7b1P","c_cousinsBrother_a_G7b1P","c_cousin_F_a_G7b1P","s_poolDay_ruleSign_G7b1P"],"viewedAnimatic":true,"touchableObjects":["c_cousinsBrothersFriend_a_G7b1P","c_kidSister_lati_a_G7b1P","c_cousinsBrother_a_G7b1P","c_cousin_F_a_G7b1P","c_crush1_F_a_G7b1P","s_poolDay_ruleSign_G7b1P"],"unlocked":true,"miniGameCards":[]},{"keyPoints":["c_crush1_F_a_G7b2N","c_cousin_F_a_G7b2N","s_kid1_G7b2N","c_kidSister_lati_a_G7b2N"],"viewedAnimatic":true,"touchableObjects":["c_cousinsBrother_a_G7b2N","s_lifeguard_G7b2N","c_crewKid2_F_G7b2N","s_kidPool2_G7b2N","c_crush1_F_a_G7b2N","s_cousinsBFgirlfriend_G7b2N","c_cousin_F_a_G7b2N","s_kid1_G7b2N","c_kidSister_lati_a_G7b2N"],"unlocked":true,"miniGameCards":[]},{"keyPoints":["s_computer_F_G7b2P","c_cousin_F_a_G7b2P","c_kidSister_lati_a_G7b2P","s_pictureDad_lati_F_gen"],"viewedAnimatic":true,"touchableObjects":["s_calendar_F_gen","s_computer_F_G7b2P","c_cousin_F_a_G7b2P","s_closet_F_G7b2P","c_kidSister_lati_a_G7b2P","c_grandma_lati_a_G7b2P","s_pictureDad_lati_F_gen"],"unlocked":true,"miniGameCards":[]}],"stackSize":5},{"resolved":true,"challengeScenes":[{"keyPoints":["s_clock_G8a0","s_cellphone_G8a0","c_crush2_F_a_G8a0","c_cousin_F_a_G8a0","s_bottleCrush2_F_G8a0"],"viewedAnimatic":true,"touchableObjects":["s_clock_G8a0","s_stairs_G8a0","s_beerSixpack_G8a0","s_cellphone_G8a0","c_crush2_F_a_G8a0","s_beerCooler_G8a0","c_cousin_F_a_G8a0","s_bottleTable_G8a0","s_bottleCrush2_F_G8a0","s_cigaretteKid1_G8a0","s_bottleFloor_G8a0"],"unlocked":true,"miniGameCards":[]},{"keyPoints":["s_basementDoor_gen","s_dirtyClothes_gen","s_crush2Sore_F_G8a1N","s_crush2Lips_F_G8a1N","s_crush2Eyes_F_G8a1N"],"viewedAnimatic":true,"touchableObjects":["c_crush2_F_a_G8a1N","s_basementDoor_gen","s_dirtyClothes_gen","s_dryer_G8a1N","s_waterHeater_gen","s_stairs_G8a1N","s_inhalantsShelf_gen","s_crush2Sore_F_G8a1N","s_crush2Lips_F_G8a1N","s_crush2Eyes_F_G8a1N"],"unlocked":true,"miniGameCards":[]},{"keyPoints":["s_inhalantsShelf_gen","c_crush2_F_a_G8a1P","s_basementDoor_gen","s_dirtyClothes_gen"],"viewedAnimatic":true,"touchableObjects":["s_inhalantsShelf_gen","c_crush2_F_a_G8a1P","s_spraypaintCrush2_F_G8a1P","s_waterHeater_gen","s_basementDoor_gen","s_dirtyClothes_gen"],"unlocked":true,"miniGameCards":[]},{"keyPoints":["c_crush2_F_a_G8a2N","s_spraypaintCan_G8a2N"],"viewedAnimatic":true,"touchableObjects":["s_fumes_G8a2N","c_friend1_F_a_G8a2N","c_crush2_F_a_G8a2N","s_spraypaintCan_G8a2N"],"unlocked":true,"miniGameCards":[]},{"keyPoints":["c_crush2_F_a_G8a2P","c_kidSister_lati_a_G8a2P","s_sistersToy_G8a2P","s_magazine_G8a2P","s_pictureDad_lati_gen"],"viewedAnimatic":true,"touchableObjects":["s_door_gen","c_grandma_lati_a_G8a2P","c_crush2_F_a_G8a2P","s_teaCup_G8a2P","c_kidSister_lati_a_G8a2P","s_sistersToy_G8a2P","s_videoGame_G8a2P","s_stairs_G8a2P","s_magazine_G8a2P","s_pictureDad_lati_gen"],"unlocked":true,"miniGameCards":[]},{"keyPoints":["s_mirror_lati_F_a_G8a3N","c_nurse_a_G8a3N","s_pamphlet1_G8a3N","s_pamphlet3_G8a3N"],"viewedAnimatic":true,"touchableObjects":["s_mirror_lati_F_a_G8a3N","s_phone_G8a3N","s_door_G8a3N","c_nurse_a_G8a3N","s_pamphlet1_G8a3N","s_pamphlet3_G8a3N"],"unlocked":true,"miniGameCards":[]},{"keyPoints":["c_crush2_F_a_G8a3P","s_kidsCouch_G8a3P"],"viewedAnimatic":true,"touchableObjects":["c_crush2_F_a_G8a3P","s_kidsCouch_G8a3P"],"unlocked":true,"miniGameCards":[]}],"stackSize":7},{"resolved":true,"challengeScenes":[{"keyPoints":["c_friend1_F_a_G8b0","c_kidSister_lati_a_G8b0","s_pillBottle_G8b0"],"viewedAnimatic":true,"touchableObjects":["c_grandma_lati_a_G8b0","c_friend1_F_a_G8b0","s_pictureDad_lati_gen","s_pictureMom_lati_gen","c_kidSister_lati_a_G8b0","s_pillBottle_G8b0"],"unlocked":true,"miniGameCards":[]},{"keyPoints":["c_friend1_F_a_G8b1N","c_kidSister_lati_a_G8b1N","c_grandma_lati_a_G8b1N"],"viewedAnimatic":true,"touchableObjects":["c_friend1_F_a_G8b1N","s_pillBottle_G8b1N","c_kidSister_lati_a_G8b1N","c_grandma_lati_a_G8b1N"],"unlocked":true,"miniGameCards":[]},{"keyPoints":["s_pillBottle_F_G8b1P","c_friend1_F_a_G8b1P","c_grandma_lati_a_G8b1P"],"viewedAnimatic":true,"touchableObjects":["s_pillBottle_F_G8b1P","c_kidSister_lati_a_G8b1P","s_tvGuide_G8b1P","c_friend1_F_a_G8b1P","c_grandma_lati_a_G8b1P"],"unlocked":true,"miniGameCards":[]},{"keyPoints":["s_sandwichBagPills_G8b2N","c_friend1_F_a_G8b2N","c_crewKid2_F_a_G8b2N","c_teacherEng_G8b2N","s_clock_G8b2N"],"viewedAnimatic":true,"touchableObjects":["s_kid2_G8b2N","s_sandwichBagPills_G8b2N","s_kid5_G8b2N","s_kid3_G8b2N","s_kid4_G8b2N","s_kid1_G8b2N","c_friend1_F_a_G8b2N","c_crewKid2_F_a_G8b2N","c_teacherEng_G8b2N","s_clock_G8b2N"],"unlocked":true,"miniGameCards":[]},{"keyPoints":["s_pillBottle_G8b2P","c_friend1_F_a_G8b2P","c_grandma_lati_a_G8b2P"],"viewedAnimatic":true,"touchableObjects":["c_kidSister_lati_a_G8b2P","s_pillBottle_G8b2P","s_videoGameScreen_G8b2P","c_friend1_F_a_G8b2P","c_grandma_lati_a_G8b2P"],"unlocked":true,"miniGameCards":[]}],"stackSize":5},{"resolved":true,"challengeScenes":[{"keyPoints":["s_cellPhone_F_G9a0","s_clock_F_G9a0","s_bathingSuit_F_G9a0","s_door_F_gen"],"viewedAnimatic":true,"touchableObjects":["s_cellPhone_F_G9a0","s_calendar_F_gen","s_clock_F_G9a0","s_window_F_G9a0","s_bathingSuit_F_G9a0","s_door_F_gen"],"unlocked":true,"miniGameCards":[]},{"keyPoints":["s_kid3_G9a1N","c_cousin_F_a_G9a1N","s_fence_G9a1N","c_policeOfficer_G9a1N"],"viewedAnimatic":true,"touchableObjects":["s_policeCar_G9a1N","c_cousinsBrothersFriend_a_G9a1N","s_kid4_G9a1N","s_bathingSuits_G9a1N","s_kid3_G9a1N","c_cousin_F_a_G9a1N","s_potSmokeCloud_G9a1N","s_fence_G9a1N","s_poolNight_ruleSign_G9a1N","c_policeOfficer_G9a1N"],"unlocked":true,"miniGameCards":[]},{"keyPoints":["s_calendar_F_gen","s_door_F_gen","s_poster_F_gen","c_cousin_F_a_G9a1P","s_joint_F_G9a1P"],"viewedAnimatic":true,"touchableObjects":["s_calendar_F_gen","s_door_F_gen","s_poster_F_gen","c_cousin_F_a_G9a1P","s_computer_F_gen","s_joint_F_G9a1P"],"unlocked":true,"miniGameCards":[]},{"keyPoints":["c_mom_lati_a_G9a2N","c_kidSister_lati_a_G9a2N","s_pictureDad_lati_F_gen","c_cousin_F_a_G9a2N","s_potSmokeCloud_F_G9a2N"],"viewedAnimatic":true,"touchableObjects":["c_mom_lati_a_G9a2N","c_kidSister_lati_a_G9a2N","s_pictureDad_lati_F_gen","c_cousin_F_a_G9a2N","s_potSmokeCloud_F_G9a2N"],"unlocked":true,"miniGameCards":[]},{"keyPoints":["s_pizzaBox_G9a2P","s_door_gen","c_mom_lati_a_G9a2P","c_cousin_F_a_G9a2P"],"viewedAnimatic":true,"touchableObjects":["c_kidSister_lati_a_G9a2P","s_tv_G9a2P","s_pizzaBox_G9a2P","s_door_gen","c_mom_lati_a_G9a2P","c_cousin_F_a_G9a2P","c_grandma_lati_a_G9a2P"],"unlocked":true,"miniGameCards":[]}],"stackSize":5},{"resolved":true,"challengeScenes":[{"keyPoints":["s_computer_F_gen","s_pictureDad_lati_F_gen","s_mirror_F_G9b0"],"viewedAnimatic":true,"touchableObjects":["c_kidSister_lati_a_G9b0","s_computer_F_gen","s_cellPhone_F_G9b0","s_pictureDad_lati_F_gen","s_mirror_F_G9b0"],"unlocked":true,"miniGameCards":[]},{"keyPoints":["c_teacherEng_G9b1N","c_cousin_F_a_G9b1N","c_kidSister_lati_a_G9b1N","s_joint_G9b1N","s_clock_G9b1N","s_beerBottle_G9b1N","s_brokenLamp_G9b1N"],"viewedAnimatic":true,"touchableObjects":["c_teacherEng_G9b1N","s_coupleOnCouch_G9b1N","s_pictureDaddark_lati_gen","s_puddleFloor_G9b1N","c_cousin_F_a_G9b1N","c_kidSister_lati_a_G9b1N","s_joint_G9b1N","s_clock_G9b1N","s_photoCracked_G9b1N","s_beerBottle_G9b1N","s_smokeDetector_G9b1N","s_brokenLamp_G9b1N"],"unlocked":true,"miniGameCards":[]},{"keyPoints":["c_bestFriend_F_a_G9b1P","c_friend1_F_a_G9b1P","c_crush1_F_a_G9b1P","s_pictureMomdark_lati_G9b1P","s_kidsGroupKitchen_G9b1P","c_cousin_F_a_G9b1P","s_pictureDaddark_lati_gen"],"viewedAnimatic":true,"touchableObjects":["c_bestFriend_F_a_G9b1P","c_friend1_F_a_G9b1P","s_door_G9b1P","c_crush1_F_a_G9b1P","s_pictureMomdark_lati_G9b1P","s_kidsGroupKitchen_G9b1P","c_kidSister_lati_a_G9b1P","s_beerBottle_G9b1P","c_cousin_F_a_G9b1P","s_pictureDaddark_lati_gen"],"unlocked":true,"miniGameCards":[]},{"keyPoints":["c_mom_lati_a_G9b2N","c_cousin_F_a_G9b2N","c_crush1_F_a_G9b2N"],"viewedAnimatic":true,"touchableObjects":["c_mom_lati_a_G9b2N","s_pictureDaddark_lati_gen","s_clock_G9b2N","c_cousin_F_a_G9b2N","c_bestFriend_F_a_G9b2N","c_crush1_F_a_G9b2N"],"unlocked":true,"miniGameCards":[]},{"keyPoints":["c_bestFriend_F_a_G9b2P","c_crush1_F_a_G9b2P","c_mom_lati_a_G9b2P","s_clock_G9b2P"],"viewedAnimatic":true,"touchableObjects":["c_grandma_lati_a_G9b2P","c_bestFriend_F_a_G9b2P","c_cousin_F_a_G9b2P","c_crush1_F_a_G9b2P","c_kidSister_lati_a_G9b2P","c_mom_lati_a_G9b2P","s_boardGame_G9b2P","s_sodaBottle_G9b2P","s_clock_G9b2P"],"unlocked":true,"miniGameCards":[]}],"stackSize":5},{"resolved":false,"challengeScenes":[{"keyPoints":["c_crush1_F_b_G10a0","s_window_F_G10a0","s_cellPhone_F_G10a0","s_poster_F_gen","s_drawer_F_G10a0"],"viewedAnimatic":true,"touchableObjects":["c_crush1_F_b_G10a0","s_bed1_F_G10a0","s_chairClothes_F_G10a0","s_bed2_F_G10a0","s_window_F_G10a0","s_cellPhone_F_G10a0","s_poster_F_gen","s_pictureFamily_F_G10a0","s_drawer_F_G10a0"],"unlocked":true,"miniGameCards":[]},{"keyPoints":["c_crush1_F_b_G10a1N","s_mirror_F_G10a1N","s_condom_F_G10a1N","s_picture_F_G10a1N"],"viewedAnimatic":true,"touchableObjects":["c_crush1_F_b_G10a1N","s_crushClothes_F_G10a1N","s_closet_F_G10a1N","s_mirror_F_G10a1N","s_window_F_G10a1N","s_condom_F_G10a1N","s_door_F_gen","s_computer_F_gen","s_picture_F_G10a1N"],"unlocked":true,"miniGameCards":[]},{"keyPoints":[],"viewedAnimatic":false,"touchableObjects":[],"unlocked":false,"miniGameCards":[]},{"keyPoints":["c_nurse_G10a2N","s_phone_G10a2N","s_pamphlet3_G10a2N","s_pamphlet4_G10a2N","s_pamphlet1_G10a2N","s_pamphlet5_G10a2N"],"viewedAnimatic":true,"touchableObjects":["s_cot_G10a2N","s_pamphlet2_G10a2N","c_nurse_G10a2N","s_phone_G10a2N","s_pamphlet3_G10a2N","s_firstAidKit_G10a2N","s_kleenex_G10a2N","s_pamphlet4_G10a2N","s_curtain_G10a2N","s_pamphlet1_G10a2N","s_pamphlet5_G10a2N"],"unlocked":true,"miniGameCards":[]},{"keyPoints":["c_friend_F_b_G10a2P","c_cousin_F_b_G10a2P","c_nurse_G10a2P","s_dancePoster_G10a2P","c_crush1_F_b_G10a2P"],"viewedAnimatic":true,"touchableObjects":["c_friend_F_b_G10a2P","c_cousin_F_b_G10a2P","c_nurse_G10a2P","c_bestFriend_F_b_G10a2P","s_dancePoster_G10a2P","s_clock_G10a2P","c_crush1_F_b_G10a2P"],"unlocked":true,"miniGameCards":[]}],"stackSize":5},{"resolved":false,"challengeScenes":[{"keyPoints":[],"viewedAnimatic":false,"touchableObjects":[],"unlocked":false,"miniGameCards":[]},{"keyPoints":[],"viewedAnimatic":false,"touchableObjects":[],"unlocked":false,"miniGameCards":[]},{"keyPoints":[],"viewedAnimatic":false,"touchableObjects":[],"unlocked":false,"miniGameCards":[]},{"keyPoints":[],"viewedAnimatic":false,"touchableObjects":[],"unlocked":false,"miniGameCards":[]},{"keyPoints":[],"viewedAnimatic":false,"touchableObjects":[],"unlocked":false,"miniGameCards":[]}],"stackSize":5},{"resolved":false,"challengeScenes":[{"keyPoints":[],"viewedAnimatic":true,"touchableObjects":[],"unlocked":true,"miniGameCards":[]},{"keyPoints":["c_crush1_F_G11a1N","s_door_F_gen","s_window_F_G11a1N"],"viewedAnimatic":true,"touchableObjects":["c_crush1_F_G11a1N","s_computer_F_gen","s_door_F_gen","s_window_F_G11a1N","s_calendar_F_gen"],"unlocked":true,"miniGameCards":[]},{"keyPoints":[],"viewedAnimatic":false,"touchableObjects":[],"unlocked":false,"miniGameCards":[]},{"keyPoints":[],"viewedAnimatic":false,"touchableObjects":[],"unlocked":false,"miniGameCards":[]},{"keyPoints":[],"viewedAnimatic":false,"touchableObjects":[],"unlocked":false,"miniGameCards":[]}],"stackSize":5},{"resolved":false,"challengeScenes":[{"keyPoints":[],"viewedAnimatic":false,"touchableObjects":[],"unlocked":false,"miniGameCards":[]},{"keyPoints":[],"viewedAnimatic":false,"touchableObjects":[],"unlocked":false,"miniGameCards":[]},{"keyPoints":[],"viewedAnimatic":false,"touchableObjects":[],"unlocked":false,"miniGameCards":[]},{"keyPoints":[],"viewedAnimatic":false,"touchableObjects":[],"unlocked":false,"miniGameCards":[]},{"keyPoints":[],"viewedAnimatic":false,"touchableObjects":[],"unlocked":false,"miniGameCards":[]}],"stackSize":5},{"resolved":false,"challengeScenes":[{"keyPoints":[],"viewedAnimatic":true,"touchableObjects":[],"unlocked":true,"miniGameCards":[]},{"keyPoints":[],"viewedAnimatic":true,"touchableObjects":[],"unlocked":true,"miniGameCards":[]},{"keyPoints":[],"viewedAnimatic":false,"touchableObjects":[],"unlocked":false,"miniGameCards":[]},{"keyPoints":[],"viewedAnimatic":true,"touchableObjects":[],"unlocked":true,"miniGameCards":[]},{"keyPoints":[],"viewedAnimatic":false,"touchableObjects":[],"unlocked":false,"miniGameCards":[]}],"stackSize":5},{"resolved":false,"challengeScenes":[{"keyPoints":[],"viewedAnimatic":false,"touchableObjects":[],"unlocked":false,"miniGameCards":[]},{"keyPoints":[],"viewedAnimatic":false,"touchableObjects":[],"unlocked":false,"miniGameCards":[]},{"keyPoints":[],"viewedAnimatic":false,"touchableObjects":[],"unlocked":false,"miniGameCards":[]},{"keyPoints":[],"viewedAnimatic":false,"touchableObjects":[],"unlocked":false,"miniGameCards":[]},{"keyPoints":[],"viewedAnimatic":false,"touchableObjects":[],"unlocked":false,"miniGameCards":[]}],"stackSize":5},{"resolved":true,"challengeScenes":[{"keyPoints":[],"viewedAnimatic":false,"touchableObjects":["c_friends_G0a0"],"unlocked":true,"miniGameCards":[]},{"keyPoints":["c_job_G0a1N","c_family_lati_a_G0a1N","c_home_G0a1N"],"viewedAnimatic":false,"touchableObjects":["c_job_G0a1N","c_family_lati_a_G0a1N","c_player_lati_F_a_G0a1N","c_home_G0a1N"],"unlocked":true,"miniGameCards":[]},{"keyPoints":["c_dad_lati_a_G0a1P","c_mom_lati_a_G0a1P","c_Teacher_G0a1P","c_grandma_lati_a_G0a1P","c_kidsister_lati_a_G0a1P","c_Nurse_G0a1P"],"viewedAnimatic":false,"touchableObjects":["c_friends_G0a1P","c_cousins_F_a_G0a1P","c_dad_lati_a_G0a1P","c_mom_lati_a_G0a1P","c_Teacher_G0a1P","c_grandma_lati_a_G0a1P","c_kidsister_lati_a_G0a1P","c_Nurse_G0a1P"],"unlocked":true,"miniGameCards":[]}],"stackSize":3}],"minigames":[{"levelSaveData":[{"starRating":3,"unlocked":true},{"starRating":2,"unlocked":true},{"starRating":2,"unlocked":true},{"starRating":2,"unlocked":true},{"starRating":0,"unlocked":false},{"starRating":2,"unlocked":true},{"starRating":0,"unlocked":true},{"starRating":3,"unlocked":true},{"starRating":2,"unlocked":true},{"starRating":0,"unlocked":true}],"skillPoints":16},{"levelSaveData":[{"starRating":3,"unlocked":true},{"starRating":3,"unlocked":true},{"starRating":3,"unlocked":true},{"starRating":3,"unlocked":true},{"starRating":3,"unlocked":true},{"starRating":3,"unlocked":true},{"starRating":0,"unlocked":false},{"starRating":0,"unlocked":false},{"starRating":3,"unlocked":true},{"starRating":0,"unlocked":true}],"skillPoints":21},{"levelSaveData":[{"starRating":3,"unlocked":true},{"starRating":3,"unlocked":true},{"starRating":3,"unlocked":true},{"starRating":3,"unlocked":true},{"starRating":0,"unlocked":false},{"starRating":3,"unlocked":true},{"starRating":0,"unlocked":false},{"starRating":3,"unlocked":true},{"starRating":3,"unlocked":true},{"starRating":0,"unlocked":false}],"skillPoints":21},{"levelSaveData":[{"starRating":3,"unlocked":true},{"starRating":3,"unlocked":true},{"starRating":3,"unlocked":true},{"starRating":3,"unlocked":true},{"starRating":3,"unlocked":true},{"starRating":1,"unlocked":true},{"starRating":3,"unlocked":true},{"starRating":0,"unlocked":false},{"starRating":0,"unlocked":false},{"starRating":0,"unlocked":false}],"skillPoints":19},{"name":"jada","gender":1,"visualAvatar":0,"age":12,"levelSaveData":[{"starRating":3,"unlocked":true},{"chunks":[["1"],["20$$funny","7$$cool"],["5$$i love animals","10$$i love games","0$$i love family"],["0"]],"unlocked":true,"starRating":3},{"chunks":[["0"],["7$$art i love it","4$$it is fun"],["9$$swimming","1$$running"]],"unlocked":true,"starRating":3},{"chunks":[["11$$sexy car"],["4$$puppy or dog"],["15"],["0"],["4","4"],["5"]],"unlocked":true,"starRating":3},{"chunks":[["5$$everything "],["3"],["11$$vet","14"],["1"],["2"],["7$$everyone"]],"unlocked":true,"starRating":3},{"chunks":[["11"],["1","1","4","5"],["8$$flordia,mami"],["0$$my mom and dad"]],"unlocked":true,"starRating":3},{"chunks":[["3"],["3"],["17$$dad","20$$mom"],["1","2"],["3$$great family"]],"unlocked":true,"starRating":3},{"chunks":[["1","0","4"],["7","6","6"],["1"],["3$$eat vetables"],["2$$anykindof durg"]],"unlocked":true,"starRating":3},{"chunks":[[null,null,null],[null,null,null],[null,null]],"unlocked":true,"starRating":0},{"chunks":[[null],[null],[null],[null],[null],[null]],"unlocked":false,"starRating":0}],"id":2,"skillPoints":24}],"playerId":6429003,"epilogue":{"rating":4},"sessionId":7,"avatar":{"name":"jada","gender":1,"visualAvatar":0,"age":12,"levelSaveData":[{"starRating":3,"unlocked":true},{"chunks":[["1"],["20$$funny","7$$cool"],["5$$i love animals","10$$i love games","0$$i love family"],["0"]],"unlocked":true,"starRating":3},{"chunks":[["0"],["7$$art i love it","4$$it is fun"],["9$$swimming","1$$running"]],"unlocked":true,"starRating":3},{"chunks":[["11$$sexy car"],["4$$puppy or dog"],["15"],["0"],["4","4"],["5"]],"unlocked":true,"starRating":3},{"chunks":[["5$$everything "],["3"],["11$$vet","14"],["1"],["2"],["7$$everyone"]],"unlocked":true,"starRating":3},{"chunks":[["11"],["1","1","4","5"],["8$$flordia,mami"],["0$$my mom and dad"]],"unlocked":true,"starRating":3},{"chunks":[["3"],["3"],["17$$dad","20$$mom"],["1","2"],["3$$great family"]],"unlocked":true,"starRating":3},{"chunks":[["1","0","4"],["7","6","6"],["1"],["3$$eat vetables"],["2$$anykindof durg"]],"unlocked":true,"starRating":3},{"chunks":[[null,null,null],[null,null,null],[null,null]],"unlocked":true,"starRating":0},{"chunks":[[null],[null],[null],[null],[null],[null]],"unlocked":false,"starRating":0}],"id":2,"skillPoints":24}}
