6486015,0,0:0:0,11/4/2013 11:42:00am
6486015,600,0:0:8,2
6486015,601,0:0:11,1
6486015,602,0:0:13,2,1
6486015,603,0:0:17,2
6486015,604,0:0:25,2,adriana
6486015,605,0:0:29
6486015,210,0:0:38,443,319
6486015,211,0:0:38,488,319
6486015,210,0:0:39,427,321
6486015,211,0:0:46,433,366
6486015,210,0:0:47,422,341
6486015,211,0:0:48,431,344
6486015,210,0:0:56,427,345
6486015,211,0:1:28,283,475
6486015,210,0:1:29,396,501
6486015,211,0:1:29,427,505
6486015,210,0:1:30,386,493
6486015,211,0:1:30,386,493
6486015,212,0:1:33,1
6486015,212,0:1:34,0
6486015,213,0:1:36,12,c_player_lati_F_a_G0a0,true
6486015,210,0:2:2,435,328
6486015,211,0:2:2,435,328
6486015,210,0:2:3,434,316
6486015,211,0:2:3,441,317
6486015,210,0:2:3,425,331
6486015,211,0:2:9,694,230
6486015,213,0:2:9,12,c_education_G0a0,true
6486015,210,0:2:49,438,330
6486015,207,0:2:52,12,0,-930
6486015,211,0:2:56,1391,316
6486015,212,0:2:57,2
6486015,210,0:3:0,1504,158
6486015,211,0:3:2,1315,282
6486015,213,0:3:2,12,c_family_lati_a_G0a0,true
6486015,212,0:3:7,1
6486015,210,0:3:10,1534,476
6486015,211,0:3:11,1253,578
6486015,213,0:3:11,12,c_friends_G0a0,true
6486015,210,0:3:25,1175,455
6486015,211,0:3:25,1269,466
6486015,213,0:3:25,12,c_friends_G0a0,true
6486015,210,0:3:46,435,427
6486015,211,0:3:46,435,427
6486015,210,0:3:46,439,358
6486015,211,0:3:52,776,338
6486015,213,0:3:52,12,c_player_lati_F_a_G0a1N,true
6486015,210,0:4:3,430,335
6486015,211,0:4:6,406,374
6486015,210,0:4:11,534,338
6486015,211,0:4:21,873,345
6486015,213,0:4:21,12,c_player_lati_F_a_G0a1N,true
6486015,210,0:4:26,464,383
6486015,207,0:4:29,12,0,-813
6486015,211,0:4:31,1212,486
6486015,213,0:4:31,12,c_home_G0a1N,true
6486015,205,0:4:31,12,c_home_G0a1N,false,false
6486015,212,0:4:41,2
6486015,210,0:4:43,1240,43
6486015,211,0:4:43,1232,57
6486015,210,0:4:44,1151,148
6486015,211,0:4:44,1151,148
6486015,213,0:4:44,12,c_family_lati_a_G0a1N,true
6486015,205,0:4:44,12,c_family_lati_a_G0a1N,false,false
6486015,210,0:4:51,1486,451
6486015,211,0:4:56,1148,238
6486015,213,0:4:56,12,c_family_lati_a_G0a1N,true
6486015,205,0:4:56,12,c_family_lati_a_G0a1N,false,true
6486015,212,0:5:2,1
6486015,210,0:5:3,1227,68
6486015,211,0:5:4,1161,470
6486015,213,0:5:4,12,c_home_G0a1N,true
6486015,205,0:5:4,12,c_home_G0a1N,false,true
6486015,210,0:5:8,1226,441
6486015,211,0:5:10,1835,310
6486015,210,0:5:10,1771,329
6486015,207,0:5:12,12,-813,-468
6486015,207,0:5:14,12,-468,0
6486015,211,0:5:15,615,407
6486015,210,0:5:16,431,402
6486015,211,0:5:17,700,151
6486015,212,0:5:19,0
6486015,210,0:5:20,464,301
6486015,211,0:5:20,680,162
6486015,213,0:5:20,12,c_job_G0a1N,true
6486015,205,0:5:20,12,c_job_G0a1N,false,false
6486015,221,0:5:34,12
6486015,220,0:5:37,12
6486015,210,0:5:45,348,449
6486015,211,0:5:45,379,436
6486015,210,0:5:46,292,492
6486015,211,0:5:47,371,577
6486015,212,0:5:48,1
6486015,210,0:5:49,319,530
6486015,211,0:5:52,708,345
6486015,210,0:5:53,731,352
6486015,211,0:5:53,752,347
6486015,213,0:5:53,12,c_cousins_F_a_G0a1P,true
6486015,210,0:5:56,843,369
6486015,207,0:5:57,12,0,-255
6486015,211,0:5:58,1050,413
6486015,213,0:5:58,12,c_friends_G0a1P,true
6486015,210,0:6:5,1027,364
6486015,207,0:6:7,12,-255,-525
6486015,211,0:6:9,1403,458
6486015,213,0:6:9,12,c_friends_G0a1P,true
6486015,210,0:6:12,1211,457
6486015,211,0:6:12,1064,512
6486015,213,0:6:12,12,c_friends_G0a1P,true
6486015,210,0:6:14,1305,427
6486015,207,0:6:17,12,-525,-1635
6486015,207,0:6:18,12,-1635,-1790
6486015,211,0:6:20,2653,482
6486015,212,0:6:21,2
6486015,210,0:6:23,2197,494
6486015,211,0:6:23,2431,490
6486015,210,0:6:23,2257,473
6486015,207,0:6:25,12,-1790,-1205
6486015,211,0:6:26,1684,335
6486015,213,0:6:26,12,c_grandma_lati_a_G0a1P,true
6486015,205,0:6:26,12,c_grandma_lati_a_G0a1P,false,false
6486015,210,0:6:30,1703,454
6486015,211,0:6:36,1350,237
6486015,213,0:6:36,12,c_Teacher_G0a1P,true
6486015,205,0:6:36,12,c_Teacher_G0a1P,false,false
6486015,210,0:6:40,1447,458
6486015,207,0:6:42,12,-1205,-530
6486015,211,0:6:42,711,420
6486015,213,0:6:42,12,c_cousins_F_a_G0a1P,true
6486015,210,0:6:44,755,412
6486015,211,0:6:45,996,406
6486015,210,0:6:46,959,415
6486015,211,0:6:46,959,415
6486015,210,0:6:46,948,415
6486015,211,0:6:48,1017,444
6486015,213,0:6:48,12,c_friends_G0a1P,true
6486015,210,0:6:50,883,427
6486015,207,0:6:52,12,-530,0
6486015,207,0:6:56,12,0,-1110
6486015,211,0:6:57,1838,498
6486015,213,0:6:57,12,c_kidsister_lati_a_G0a1P,true
6486015,205,0:6:57,12,c_kidsister_lati_a_G0a1P,false,false
6486015,210,0:7:1,1835,447
6486015,207,0:7:3,12,-1110,-1790
6486015,211,0:7:4,2773,442
6486015,212,0:7:4,1
6486015,210,0:7:5,2475,461
6486015,207,0:7:9,12,-1790,-1715
6486015,211,0:7:11,1910,279
6486015,213,0:7:11,12,c_mom_lati_a_G0a1P,true
6486015,205,0:7:11,12,c_mom_lati_a_G0a1P,false,false
6486015,210,0:7:15,1896,373
6486015,207,0:7:15,12,-1715,-1535
6486015,211,0:7:17,1791,223
6486015,213,0:7:17,12,c_dad_lati_a_G0a1P,true
6486015,205,0:7:17,12,c_dad_lati_a_G0a1P,false,false
6486015,210,0:7:20,1974,393
6486015,207,0:7:22,12,-1535,-1265
6486015,211,0:7:23,1432,444
6486015,213,0:7:23,12,c_friends_G0a1P,true
6486015,210,0:7:25,1724,428
6486015,207,0:7:26,12,-1265,-980
6486015,207,0:7:28,12,-980,-500
6486015,211,0:7:28,709,387
6486015,213,0:7:28,12,c_cousins_F_a_G0a1P,true
6486015,210,0:7:31,881,422
6486015,211,0:7:32,1435,468
6486015,212,0:7:33,0
6486015,210,0:7:33,1401,472
6486015,211,0:7:34,1305,442
6486015,213,0:7:34,12,c_friends_G0a1P,true
6486015,210,0:7:36,1202,396
6486015,211,0:7:37,1285,241
6486015,213,0:7:37,12,c_Nurse_G0a1P,true
6486015,205,0:7:37,12,c_Nurse_G0a1P,false,false
6486015,221,0:7:54,12
6486015,300,0:8:7
6486015,220,0:8:7,12
6486015,302,0:8:15,0,1,0,4
6486015,302,0:8:23,0,1,0,10
6486015,302,0:8:23,0,1,0,7
6486015,302,0:8:28,0,1,0,10
6486015,302,0:8:30,0,1,0,7
6486015,302,0:8:34,0,1,0,8
6486015,302,0:8:35,0,1,0,7
6486015,302,0:8:37,0,1,0,0
6486015,304,0:8:37,0,1,0,-1,,0,
6486015,302,0:8:43,0,1,1,4
6486015,302,0:8:44,0,1,1,7
6486015,304,0:8:45,0,1,1,-1,,7,
6486015,302,0:9:1,0,3,0,0
6486015,306,0:9:2,0,0,1
6486015,304,0:9:2,0,3,0,-1,,0,
6486015,302,0:9:17,0,0,0,1
6486015,304,0:9:18,0,0,0,-1,,1,
6486015,302,0:9:30,0,2,0,13
6486015,302,0:9:31,0,2,0,12
6486015,302,0:9:38,0,2,0,0
6486015,306,0:9:39,0,1,2
6486015,304,0:9:39,0,2,0,-1,,0,
6486015,302,0:9:43,0,2,1,4
6486015,302,0:9:45,0,2,1,13
6486015,304,0:9:46,0,2,1,-1,,13,
6486015,302,0:9:49,0,2,2,5
6486015,302,0:9:51,0,2,2,12
6486015,306,0:9:53,0,2,3
6486015,304,0:9:53,0,2,2,-1,,12,
6486015,221,0:10:30,12
6486015,220,0:10:33,12
6486015,203,0:10:33,12
6486015,100,0:10:42,0
6486015,102,0:10:44,0
6486015,200,0:10:44,0,0,0,0,0,6
6486015,219,0:10:44,0
6486015,216,0:10:45,Stack_G7a0
6486015,217,0:11:20,Stack_G7a0,30,1.4
6486015,218,0:11:25,0
6486015,210,0:11:28,1053,527
6486015,211,0:11:28,1053,527
6486015,210,0:11:28,1051,541
6486015,211,0:11:30,996,545
6486015,213,0:11:30,0,c_bestFriend_F_a_G7a0,false
6486015,210,0:11:34,661,506
6486015,207,0:11:36,0,-200,0
6486015,211,0:11:40,841,313
6486015,213,0:11:40,0,c_teacherEng_G7a0,false
6486015,210,0:11:45,806,452
6486015,207,0:11:47,0,0,-285
6486015,211,0:11:48,1077,607
6486015,213,0:11:48,0,s_vocabAssignment_G7a0,true
6486015,210,0:11:51,1070,545
6486015,207,0:11:53,0,-285,-518.45
6486015,211,0:11:54,1448,561
6486015,213,0:11:54,0,c_friend1_F_a_G7a0,true
6486015,210,0:11:58,1190,481
6486015,207,0:12:13,0,-518.45,-173.45
6486015,207,0:12:14,0,-173.45,0
6486015,211,0:12:19,236,469
6486015,213,0:12:19,0,c_crewKid1_F_G7a0,true
6486015,210,0:12:31,400,513
6486015,207,0:12:35,0,0,-255
6486015,207,0:12:38,0,-255,-465
6486015,207,0:12:44,0,-465,-255
6486015,207,0:12:46,0,-255,-60
6486015,207,0:12:47,0,-60,0
6486015,211,0:12:48,228,394
6486015,210,0:12:49,203,473
6486015,211,0:12:49,203,473
6486015,213,0:12:49,0,c_crewKid1_F_G7a0,true
6486015,210,0:12:51,771,481
6486015,207,0:12:53,0,0,-518.45
6486015,211,0:12:57,1098,612
6486015,213,0:12:57,0,s_vocabAssignment_G7a0,true
6486015,210,0:13:4,1063,249
6486015,211,0:13:5,984,530
6486015,213,0:13:5,0,c_bestFriend_F_a_G7a0,false
6486015,1003,0:13:12,2
6486015,210,0:13:16,676,428
6486015,211,0:13:23,934,604
6486015,210,0:13:23,948,554
6486015,211,0:13:23,948,554
6486015,213,0:13:23,0,c_bestFriend_F_a_G7a0,false
6486015,210,0:13:28,1041,563
6486015,211,0:13:28,1032,537
6486015,213,0:13:29,0,s_vocabAssignment_G7a0,true
6486015,210,0:13:31,786,409
6486015,207,0:13:33,0,-200,-50
6486015,211,0:13:37,461,183
6486015,212,0:13:38,1
6486015,210,0:13:39,513,276
6486015,207,0:13:43,0,-50,0
6486015,207,0:13:46,0,0,-225
6486015,207,0:13:48,0,-225,-518.45
6486015,211,0:13:50,1243,515
6486015,212,0:13:50,0
6486015,210,0:13:51,1293,518
6486015,211,0:13:55,673,576
6486015,213,0:13:55,0,s_otherStudent1_G7a0,true
6486015,210,0:13:57,987,455
6486015,207,0:13:59,0,-518.45,-83.45
6486015,207,0:14:0,0,-83.45,0
6486015,207,0:14:5,0,0,-195
6486015,207,0:14:7,0,-195,-518.45
6486015,211,0:14:8,1426,572
6486015,212,0:14:8,2
6486015,210,0:14:9,1451,532
6486015,211,0:14:10,1323,537
6486015,210,0:14:11,1371,405
6486015,211,0:14:12,1486,306
6486015,212,0:14:13,1
6486015,212,0:14:14,0
6486015,210,0:14:16,1313,480
6486015,211,0:14:24,1231,310
6486015,213,0:14:24,0,s_doorClassroom_G7a0,true
6486015,210,0:14:27,1022,425
6486015,207,0:14:32,0,-518.45,0
6486015,211,0:14:37,1157,63
6486015,207,0:14:37,0,0,-150
6486015,219,0:14:38,0
6486015,218,0:14:43,0
6486015,210,0:14:43,744,414
6486015,211,0:14:47,724,597
6486015,212,0:14:47,2
6486015,210,0:14:48,863,568
6486015,211,0:14:49,975,540
6486015,213,0:14:49,0,c_bestFriend_F_a_G7a0,false
6486015,210,0:14:55,932,464
6486015,211,0:14:59,817,134
6486015,213,0:14:59,0,s_shakespearePoster_gen,true
6486015,210,0:15:3,890,217
6486015,207,0:15:4,0,-150,-405
6486015,211,0:15:5,1261,141
6486015,210,0:15:9,1336,529
6486015,207,0:15:9,0,-405,-518.45
6486015,211,0:15:11,1449,510
6486015,213,0:15:11,0,c_friend1_F_a_G7a0,true
6486015,219,0:15:24,0
6486015,216,0:15:25,Stack_G7a1N
6486015,217,0:15:48,Stack_G7a1N,20,0.00
6486015,218,0:15:51,0
6486015,210,0:15:52,1044,422
6486015,211,0:15:53,1063,549
6486015,213,0:15:53,0,c_bestFriend_F_a_G7a1N,false
6486015,210,0:15:57,1236,483
6486015,211,0:15:58,1159,572
6486015,213,0:15:58,0,s_otherStudent2_G7a1N,true
6486015,210,0:16:2,1223,432
6486015,207,0:16:3,0,-400,-518.45
6486015,211,0:16:7,643,577
6486015,213,0:16:7,0,s_otherStudent1_G7a1N,true
6486015,212,0:16:10,1
6486015,210,0:16:10,1274,444
6486015,207,0:16:16,0,-518.45,0
6486015,211,0:16:17,237,476
6486015,213,0:16:17,0,c_crewKid1_F_G7a1N,true
6486015,210,0:16:21,382,498
6486015,207,0:16:26,0,0,-518.45
6486015,211,0:16:26,1511,517
6486015,210,0:16:28,1362,437
6486015,211,0:16:29,1059,539
6486015,212,0:16:30,0
6486015,210,0:16:31,1270,307
6486015,211,0:16:43,710,502
6486015,210,0:16:45,632,461
6486015,207,0:16:47,0,-518.45,0
6486015,211,0:16:52,669,603
6486015,213,0:16:52,0,s_otherStudent1_G7a1N,true
6486015,210,0:16:57,514,363
6486015,211,0:16:58,451,192
6486015,213,0:16:58,0,s_posterPlagiarism_gen,true
6486015,210,0:17:0,500,311
6486015,211,0:17:1,241,155
6486015,213,0:17:1,0,s_flag_gen,true
6486015,210,0:17:4,468,311
6486015,207,0:17:7,0,0,-270
6486015,207,0:17:9,0,-270,-450
6486015,207,0:17:10,0,-450,-518.45
6486015,211,0:17:11,1444,563
6486015,212,0:17:12,2
6486015,210,0:17:13,1349,521
6486015,211,0:17:14,851,493
6486015,213,0:17:14,0,c_teacherEng_G7a1N,false
6486015,210,0:17:18,1101,509
6486015,211,0:17:18,1026,515
6486015,213,0:17:18,0,c_bestFriend_F_a_G7a1N,false
6486015,210,0:17:22,1034,501
6486015,211,0:17:25,800,146
6486015,213,0:17:25,0,s_shakespearePoster_gen,true
6486015,210,0:17:29,1335,427
6486015,207,0:17:32,0,-518.45,-323.45
6486015,211,0:17:32,469,233
6486015,213,0:17:32,0,s_posterPlagiarism_gen,true
6486015,210,0:17:35,714,364
6486015,207,0:17:35,0,-323.45,-308.45
6486015,207,0:17:36,0,-308.45,-173.45
6486015,207,0:17:37,0,-173.45,0
6486015,211,0:17:38,125,326
6486015,219,0:17:39,0
6486015,216,0:17:42,Stack_G7a1N
6486015,217,0:18:5,Stack_G7a1N,20,0.00
6486015,218,0:18:12,0
6486015,210,0:18:13,463,538
6486015,211,0:18:15,772,620
6486015,210,0:18:18,376,466
6486015,211,0:18:18,795,313
6486015,210,0:18:19,890,225
6486015,207,0:18:21,0,0,-518.45
6486015,211,0:18:25,1155,602
6486015,213,0:18:25,0,s_otherStudent2_G7a1N,true
6486015,212,0:18:27,1
6486015,212,0:18:29,0
6486015,210,0:18:30,1297,520
6486015,211,0:18:31,1235,534
6486015,213,0:18:31,0,s_otherStudent2_G7a1N,true
6486015,212,0:18:33,1
6486015,210,0:18:34,1298,529
6486015,211,0:18:34,1157,583
6486015,213,0:18:34,0,s_otherStudent2_G7a1N,true
6486015,210,0:18:36,993,497
6486015,211,0:18:41,1033,524
6486015,210,0:18:41,869,547
6486015,211,0:18:41,840,531
6486015,210,0:18:42,851,441
6486015,211,0:18:43,1080,382
6486015,210,0:18:44,1165,325
6486015,211,0:18:44,1211,331
6486015,210,0:18:45,1250,306
6486015,211,0:18:49,786,476
6486015,210,0:18:50,779,490
6486015,211,0:18:50,663,585
6486015,213,0:18:50,0,s_otherStudent1_G7a1N,true
6486015,210,0:18:53,920,399
6486015,207,0:18:55,0,-518.45,0
6486015,211,0:19:2,247,252
6486015,210,0:19:2,382,176
6486015,211,0:19:4,255,150
6486015,213,0:19:4,0,s_flag_gen,true
6486015,210,0:19:7,406,335
6486015,207,0:19:12,0,0,-225
6486015,207,0:19:14,0,-225,-518.45
6486015,211,0:19:16,1054,539
6486015,212,0:19:16,2
6486015,210,0:19:17,1245,515
6486015,211,0:19:17,1050,525
6486015,213,0:19:17,0,c_bestFriend_F_a_G7a1N,false
6486015,1003,0:19:21,2
6486015,1004,0:19:22,0
6486015,900,0:19:25,0,[]
6486015,901,0:19:29,0,[PeopleData_id:0]
6486015,902,0:19:31,0,[PeopleData_id:0,PeopleData_data1Type]
6486015,903,0:19:35,0,[PeopleData_id0,PeopleData_data1Type]
6486015,901,0:19:39,0,[PeopleData_id:1]
6486015,904,0:19:39,0,[PeopleData_id:1]
6486015,902,0:19:44,0,[PeopleData_id:1,PeopleData_data2Type]
6486015,903,0:19:48,0,[PeopleData_id1,PeopleData_data2Type]
6486015,901,0:19:55,0,[PeopleData_id:3]
6486015,902,0:19:57,0,[PeopleData_id:3,PeopleData_data1Type]
6486015,903,0:20:3,0,[PeopleData_id3,PeopleData_data1Type]
6486015,901,0:20:5,0,[PeopleData_id:2]
6486015,902,0:20:18,0,[PeopleData_id:2,PeopleData_data1Type]
6486015,903,0:20:21,0,[PeopleData_id2,PeopleData_data1Type]
6486015,901,0:20:23,0,[PeopleData_id:1]
6486015,904,0:20:23,0,[PeopleData_id:1]
6486015,902,0:20:23,0,[PeopleData_id:1,PeopleData_data0Type]
6486015,903,0:20:24,0,[PeopleData_id1,PeopleData_data0Type]
6486015,902,0:20:25,0,[PeopleData_id:1,PeopleData_data1Type]
6486015,903,0:20:33,0,[PeopleData_id1,PeopleData_data1Type]
6486015,902,0:20:35,0,[PeopleData_id:1,PeopleData_data3Type]
6486015,903,0:20:38,0,[PeopleData_id1,PeopleData_data3Type]
6486015,901,0:20:41,0,[PeopleData_id:2]
6486015,902,0:20:43,0,[PeopleData_id:2,PeopleData_data2Type]
6486015,903,0:20:45,0,[PeopleData_id2,PeopleData_data2Type]
6486015,902,0:20:46,0,[PeopleData_id:2,PeopleData_data0Type]
6486015,903,0:20:47,0,[PeopleData_id2,PeopleData_data0Type]
6486015,902,0:20:48,0,[PeopleData_id:2,PeopleData_data3Type]
6486015,903,0:20:49,0,[PeopleData_id2,PeopleData_data3Type]
6486015,901,0:20:51,0,[PeopleData_id:1]
6486015,904,0:20:52,0,[PeopleData_id:1]
6486015,901,0:20:52,0,[PeopleData_id:0]
6486015,902,0:20:53,0,[PeopleData_id:0,PeopleData_data0Type]
6486015,902,0:20:55,0,[PeopleData_id:0,PeopleData_data2Type]
6486015,902,0:20:56,0,[PeopleData_id:0,PeopleData_data3Type]
6486015,903,0:20:58,0,[PeopleData_id0,PeopleData_data3Type]
6486015,901,0:20:59,0,[PeopleData_id:4]
6486015,902,0:21:0,0,[PeopleData_id:4,PeopleData_data0Type]
6486015,902,0:21:6,0,[PeopleData_id:4,PeopleData_data1Type]
6486015,902,0:21:10,0,[PeopleData_id:4,PeopleData_data1Type]
6486015,902,0:21:11,0,[PeopleData_id:4,PeopleData_data2Type]
6486015,902,0:21:16,0,[PeopleData_id:4,PeopleData_data3Type]
6486015,903,0:21:19,0,[PeopleData_id4,PeopleData_data3Type]
6486015,901,0:21:19,0,[PeopleData_id:3]
6486015,902,0:21:21,0,[PeopleData_id:3,PeopleData_data0Type]
6486015,903,0:21:22,0,[PeopleData_id3,PeopleData_data0Type]
6486015,902,0:21:24,0,[PeopleData_id:3,PeopleData_data2Type]
6486015,903,0:21:31,0,[PeopleData_id3,PeopleData_data2Type]
6486015,901,0:21:42,0,[PeopleData_id:2]
6486015,901,0:22:5,0,[PeopleData_id:2]
6486015,904,0:22:6,0,[PeopleData_id:2]
6486015,902,0:22:10,0,[PeopleData_id:2,PeopleData_data0Type]
6486015,903,0:22:11,0,[PeopleData_id2,PeopleData_data0Type]
6486015,902,0:22:13,0,[PeopleData_id:2,PeopleData_data3Type]
6486015,903,0:22:15,0,[PeopleData_id2,PeopleData_data3Type]
6486015,901,0:22:15,0,[PeopleData_id:1]
6486015,904,0:22:15,0,[PeopleData_id:1]
6486015,901,0:22:30,0,[PeopleData_id:3]
6486015,904,0:22:30,0,[PeopleData_id:3]
6486015,901,0:22:32,0,[PeopleData_id:2]
6486015,904,0:22:32,0,[PeopleData_id:2]
6486015,901,0:22:33,0,[PeopleData_id:3]
6486015,901,0:22:34,0,[PeopleData_id:3]
6486015,904,0:22:34,0,[PeopleData_id:3]
6486015,901,0:22:36,0,[PeopleData_id:1]
6486015,904,0:22:36,0,[PeopleData_id:1]
6486015,901,0:22:38,0,[PeopleData_id:2]
6486015,904,0:22:38,0,[PeopleData_id:2]
6486015,905,0:22:43,0,[PeopleData_id:2,RankTypes_id:-1,RankTypes_id:0]
6486015,901,0:22:44,0,[PeopleData_id:2]
6486015,904,0:22:44,0,[PeopleData_id:2]
6486015,901,0:22:46,0,[PeopleData_id:2]
6486015,904,0:22:46,0,[PeopleData_id:2]
6486015,901,0:22:47,0,[PeopleData_id:2]
6486015,904,0:22:47,0,[PeopleData_id:2]
6486015,905,0:22:47,0,[PeopleData_id:2,RankTypes_id:0,RankTypes_id:0]
6486015,902,0:22:48,0,[PeopleData_id:2,PeopleData_data0Type]
6486015,903,0:22:50,0,[PeopleData_id2,PeopleData_data0Type]
6486015,902,0:22:51,0,[PeopleData_id:2,PeopleData_data0Type]
6486015,902,0:22:51,0,[PeopleData_id:2,PeopleData_data1Type]
6486015,902,0:22:52,0,[PeopleData_id:2,PeopleData_data2Type]
6486015,902,0:22:53,0,[PeopleData_id:2,PeopleData_data3Type]
6486015,903,0:22:53,0,[PeopleData_id2,PeopleData_data3Type]
6486015,901,0:22:54,0,[PeopleData_id:3]
6486015,904,0:22:54,0,[PeopleData_id:3]
6486015,905,0:22:56,0,[PeopleData_id:3,RankTypes_id:-1,RankTypes_id:3]
6486015,901,0:22:58,0,[PeopleData_id:4]
6486015,904,0:22:58,0,[PeopleData_id:4]
6486015,905,0:22:58,0,[PeopleData_id:4,RankTypes_id:-1,RankTypes_id:2]
6486015,901,0:22:59,0,[PeopleData_id:4]
6486015,904,0:22:59,0,[PeopleData_id:4]
6486015,905,0:23:0,0,[PeopleData_id:4,RankTypes_id:2,RankTypes_id:1]
6486015,901,0:23:1,0,[PeopleData_id:0]
6486015,904,0:23:1,0,[PeopleData_id:0]
6486015,905,0:23:1,0,[PeopleData_id:0,RankTypes_id:-1,RankTypes_id:2]
6486015,901,0:23:2,0,[PeopleData_id:1]
6486015,904,0:23:2,0,[PeopleData_id:1]
6486015,905,0:23:3,0,[PeopleData_id:1,RankTypes_id:-1,RankTypes_id:4]
6486015,906,0:23:3,0,[]
6486015,907,0:23:4,0,[]
6486015,908,0:23:4,0,[InvitationData_id:8,PeopleData_id:3,RankTypes_id:3]
6486015,909,0:23:9,0,[InvitationData_id:8,PeopleData_id:3,RankTypes_id:3,1]
6486015,910,0:23:10,0,[InvitationData_id:8,7,false]
6486015,908,0:23:10,0,[InvitationData_id:7,PeopleData_id:1,RankTypes_id:4]
6486015,909,0:23:14,0,[InvitationData_id:7,PeopleData_id:1,RankTypes_id:4,1]
6486015,910,0:23:16,0,[InvitationData_id:7,0,true]
6486015,908,0:23:16,0,[InvitationData_id:5,PeopleData_id:1,RankTypes_id:4]
6486015,909,0:23:18,0,[InvitationData_id:5,PeopleData_id:1,RankTypes_id:4,0]
6486015,910,0:23:20,0,[InvitationData_id:5,-11,false]
6486015,908,0:23:20,0,[InvitationData_id:4,PeopleData_id:1,RankTypes_id:4]
6486015,909,0:23:23,0,[InvitationData_id:4,PeopleData_id:1,RankTypes_id:4,1]
6486015,910,0:23:24,0,[InvitationData_id:4,0,true]
6486015,908,0:23:24,0,[InvitationData_id:6,PeopleData_id:3,RankTypes_id:3]
6486015,909,0:23:28,0,[InvitationData_id:6,PeopleData_id:3,RankTypes_id:3,1]
6486015,910,0:23:29,0,[InvitationData_id:6,7,false]
6486015,908,0:23:29,0,[InvitationData_id:9,PeopleData_id:1,RankTypes_id:4]
6486015,909,0:23:32,0,[InvitationData_id:9,PeopleData_id:1,RankTypes_id:4,0]
6486015,910,0:23:33,0,[InvitationData_id:9,-11,false]
6486015,908,0:23:33,0,[InvitationData_id:3,PeopleData_id:3,RankTypes_id:3]
6486015,909,0:23:35,0,[InvitationData_id:3,PeopleData_id:3,RankTypes_id:3,1]
6486015,910,0:23:37,0,[InvitationData_id:3,7,false]
6486015,908,0:23:37,0,[InvitationData_id:0,PeopleData_id:3,RankTypes_id:3]
6486015,909,0:23:39,0,[InvitationData_id:0,PeopleData_id:3,RankTypes_id:3,1]
6486015,910,0:23:40,0,[InvitationData_id:0,7,false]
6486015,908,0:23:40,0,[InvitationData_id:1,PeopleData_id:0,RankTypes_id:2]
6486015,909,0:23:43,0,[InvitationData_id:1,PeopleData_id:0,RankTypes_id:2,1]
6486015,910,0:23:44,0,[InvitationData_id:1,5,false]
6486015,911,0:23:46,0,[11,2,0,2]
6486015,1005,0:23:46,0,[2,0,1]
6486015,1001,0:23:48,0,[]
6486015,1003,0:23:48,2
6486015,1004,0:23:51,0
6486015,900,0:23:53,0,[]
6486015,901,0:23:54,0,[PeopleData_id:3]
6486015,902,0:23:56,0,[PeopleData_id:3,PeopleData_data0Type]
6486015,902,0:23:57,0,[PeopleData_id:3,PeopleData_data1Type]
6486015,902,0:23:58,0,[PeopleData_id:3,PeopleData_data2Type]
6486015,903,0:23:59,0,[PeopleData_id3,PeopleData_data2Type]
6486015,901,0:24:0,0,[PeopleData_id:3]
6486015,904,0:24:0,0,[PeopleData_id:3]
6486015,905,0:24:1,0,[PeopleData_id:3,RankTypes_id:-1,RankTypes_id:1]
6486015,901,0:24:2,0,[PeopleData_id:1]
6486015,904,0:24:2,0,[PeopleData_id:1]
6486015,901,0:24:2,0,[PeopleData_id:1]
6486015,904,0:24:2,0,[PeopleData_id:1]
6486015,905,0:24:3,0,[PeopleData_id:1,RankTypes_id:-1,RankTypes_id:2]
6486015,901,0:24:3,0,[PeopleData_id:4]
6486015,904,0:24:3,0,[PeopleData_id:4]
6486015,905,0:24:4,0,[PeopleData_id:4,RankTypes_id:-1,RankTypes_id:3]
6486015,901,0:24:4,0,[PeopleData_id:0]
6486015,904,0:24:4,0,[PeopleData_id:0]
6486015,905,0:24:5,0,[PeopleData_id:0,RankTypes_id:-1,RankTypes_id:4]
6486015,901,0:24:6,0,[PeopleData_id:0]
6486015,904,0:24:6,0,[PeopleData_id:0]
6486015,905,0:24:7,0,[PeopleData_id:0,RankTypes_id:4,RankTypes_id:4]
6486015,901,0:24:7,0,[PeopleData_id:2]
6486015,904,0:24:7,0,[PeopleData_id:2]
6486015,905,0:24:8,0,[PeopleData_id:2,RankTypes_id:-1,RankTypes_id:0]
6486015,906,0:24:8,0,[]
6486015,907,0:24:10,0,[]
6486015,908,0:24:10,0,[InvitationData_id:5,PeopleData_id:4,RankTypes_id:3]
6486015,909,0:24:14,0,[InvitationData_id:5,PeopleData_id:4,RankTypes_id:3,1]
6486015,910,0:24:17,0,[InvitationData_id:5,0,true]
6486015,908,0:24:17,0,[InvitationData_id:8,PeopleData_id:0,RankTypes_id:4]
6486015,909,0:24:22,0,[InvitationData_id:8,PeopleData_id:0,RankTypes_id:4,1]
6486015,910,0:24:23,0,[InvitationData_id:8,9,false]
6486015,908,0:24:23,0,[InvitationData_id:4,PeopleData_id:4,RankTypes_id:3]
6486015,909,0:24:26,0,[InvitationData_id:4,PeopleData_id:4,RankTypes_id:3,1]
6486015,910,0:24:27,0,[InvitationData_id:4,0,true]
6486015,908,0:24:27,0,[InvitationData_id:9,PeopleData_id:4,RankTypes_id:3]
6486015,909,0:24:29,0,[InvitationData_id:9,PeopleData_id:4,RankTypes_id:3,1]
6486015,910,0:24:30,0,[InvitationData_id:9,0,true]
6486015,912,0:24:31,0,[]
6486015,1000,0:24:32,0,[]
6486015,900,0:24:33,0,[]
6486015,901,0:24:35,0,[PeopleData_id:1]
6486015,904,0:24:35,0,[PeopleData_id:1]
6486015,902,0:24:37,0,[PeopleData_id:1,PeopleData_data1Type]
6486015,903,0:24:39,0,[PeopleData_id1,PeopleData_data1Type]
6486015,901,0:24:40,0,[PeopleData_id:1]
6486015,904,0:24:40,0,[PeopleData_id:1]
6486015,905,0:24:41,0,[PeopleData_id:1,RankTypes_id:-1,RankTypes_id:2]
6486015,901,0:24:42,0,[PeopleData_id:3]
6486015,904,0:24:42,0,[PeopleData_id:3]
6486015,905,0:24:43,0,[PeopleData_id:3,RankTypes_id:-1,RankTypes_id:1]
6486015,901,0:24:44,0,[PeopleData_id:4]
6486015,904,0:24:44,0,[PeopleData_id:4]
6486015,905,0:24:45,0,[PeopleData_id:4,RankTypes_id:-1,RankTypes_id:3]
6486015,901,0:24:46,0,[PeopleData_id:3]
6486015,904,0:24:46,0,[PeopleData_id:3]
6486015,905,0:24:47,0,[PeopleData_id:3,RankTypes_id:1,RankTypes_id:3]
6486015,901,0:24:47,0,[PeopleData_id:2]
6486015,904,0:24:48,0,[PeopleData_id:2]
6486015,905,0:24:49,0,[PeopleData_id:2,RankTypes_id:-1,RankTypes_id:4]
6486015,901,0:24:50,0,[PeopleData_id:0]
6486015,904,0:24:50,0,[PeopleData_id:0]
6486015,905,0:24:51,0,[PeopleData_id:0,RankTypes_id:-1,RankTypes_id:4]
6486015,906,0:24:51,0,[]
6486015,907,0:24:52,0,[]
6486015,908,0:24:52,0,[InvitationData_id:7,PeopleData_id:1,RankTypes_id:2]
6486015,909,0:24:54,0,[InvitationData_id:7,PeopleData_id:1,RankTypes_id:2,1]
6486015,910,0:24:55,0,[InvitationData_id:7,0,true]
6486015,908,0:24:55,0,[InvitationData_id:0,PeopleData_id:0,RankTypes_id:4]
6486015,909,0:24:57,0,[InvitationData_id:0,PeopleData_id:0,RankTypes_id:4,1]
6486015,910,0:24:58,0,[InvitationData_id:0,9,false]
6486015,908,0:24:58,0,[InvitationData_id:3,PeopleData_id:3,RankTypes_id:3]
6486015,909,0:24:59,0,[InvitationData_id:3,PeopleData_id:3,RankTypes_id:3,0]
6486015,910,0:25:0,0,[InvitationData_id:3,-7,false]
6486015,908,0:25:0,0,[InvitationData_id:9,PeopleData_id:4,RankTypes_id:3]
6486015,909,0:25:2,0,[InvitationData_id:9,PeopleData_id:4,RankTypes_id:3,1]
6486015,910,0:25:3,0,[InvitationData_id:9,0,true]
6486015,908,0:25:3,0,[InvitationData_id:4,PeopleData_id:2,RankTypes_id:4]
6486015,909,0:25:5,0,[InvitationData_id:4,PeopleData_id:2,RankTypes_id:4,1]
6486015,910,0:25:6,0,[InvitationData_id:4,0,true]
6486015,912,0:25:7,0,[]
6486015,1001,0:25:8,0,[]
6486015,1003,0:25:8,2
6486015,210,0:25:12,1010,476
6486015,211,0:25:13,1257,296
6486015,219,0:25:14,0
6486015,218,0:25:18,0
6486015,210,0:25:19,785,523
6486015,211,0:25:19,883,443
6486015,213,0:25:19,0,c_teacherEng_G7a1N,false
6486015,210,0:25:26,1133,233
6486015,211,0:25:26,1300,249
6486015,207,0:25:27,0,-400,-460
6486015,210,0:25:27,1412,379
6486015,211,0:25:27,1386,495
6486015,210,0:25:33,766,481
6486015,211,0:25:33,1087,597
6486015,213,0:25:33,0,s_vocabAssignment_G7a0,true
6486015,221,0:25:37,0
6486015,300,0:25:40
6486015,220,0:25:40,0
6486015,210,0:25:48,971,482
6486015,207,0:25:53,0,-400,-460
6486015,211,0:25:53,1234,554
6486015,212,0:25:53,1
6486015,210,0:25:54,1342,531
6486015,211,0:25:55,1310,542
6486015,212,0:25:56,2
6486015,212,0:25:57,1
6486015,210,0:26:2,690,450
6486015,211,0:26:2,735,469
6486015,210,0:26:3,783,423
6486015,211,0:26:4,636,282
6486015,210,0:26:10,665,481
6486015,207,0:26:12,0,-460,-70
6486015,211,0:26:13,232,511
6486015,213,0:26:13,0,c_crewKid1_F_G7a1N,true
6486015,210,0:26:15,571,403
6486015,211,0:26:17,267,138
6486015,213,0:26:17,0,s_flag_gen,true
6486015,210,0:26:19,579,390
6486015,211,0:26:21,447,185
6486015,213,0:26:21,0,s_posterPlagiarism_gen,true
6486015,210,0:26:25,741,332
6486015,207,0:26:26,0,-70,-100
6486015,211,0:26:26,916,328
6486015,212,0:26:34,0
6486015,210,0:26:35,736,414
6486015,211,0:26:38,696,578
6486015,213,0:26:38,0,s_otherStudent1_G7a1N,true
6486015,210,0:26:41,754,316
6486015,207,0:26:44,0,-100,-295
6486015,207,0:26:46,0,-295,-518.45
6486015,211,0:26:51,1410,238
6486015,210,0:27:2,1016,441
6486015,211,0:27:4,1384,683
6486015,212,0:27:5,2
6486015,210,0:27:5,1245,545
6486015,211,0:27:5,1222,548
6486015,210,0:27:7,1336,590
6486015,211,0:27:8,1049,532
6486015,213,0:27:8,0,c_bestFriend_F_a_G7a1N,true
6486015,205,0:27:9,0,c_bestFriend_F_a_G7a1N,false,false
6486015,210,0:27:13,1132,531
6486015,207,0:27:21,0,-518.45,-413.45
6486015,207,0:27:23,0,-413.45,-218.45
6486015,207,0:27:24,0,-218.45,-8.45
6486015,211,0:27:30,717,540
6486015,210,0:27:30,812,457
6486015,211,0:27:30,816,467
6486015,213,0:27:30,0,c_teacherEng_G7a1N,false
6486015,210,0:27:34,481,488
6486015,207,0:27:35,0,-8.45,0
6486015,211,0:27:38,1113,237
6486015,207,0:27:38,0,0,-105
6486015,210,0:27:39,1168,273
6486015,207,0:27:40,0,-105,-435
6486015,211,0:27:41,1240,401
6486015,212,0:27:42,1
6486015,210,0:27:42,1352,539
6486015,207,0:27:46,0,-435,-518.45
6486015,207,0:27:49,0,-518.45,-218.45
6486015,207,0:27:50,0,-218.45,-23.45
6486015,207,0:27:51,0,-23.45,0
6486015,211,0:27:52,619,591
6486015,213,0:27:52,0,s_otherStudent1_G7a1N,true
6486015,212,0:27:56,0
6486015,210,0:27:57,853,408
6486015,207,0:28:1,0,0,-195
6486015,207,0:28:2,0,-195,-450
6486015,207,0:28:4,0,-450,-518.45
6486015,211,0:28:9,1447,327
6486015,210,0:28:9,1323,248
6486015,211,0:28:11,839,330
6486015,212,0:28:12,2
6486015,210,0:28:12,1317,387
6486015,211,0:28:14,807,141
6486015,213,0:28:14,0,s_shakespearePoster_gen,true
6486015,212,0:28:17,0
6486015,210,0:28:17,1385,275
6486015,207,0:28:20,0,-518.45,-488.45
6486015,211,0:28:26,807,354
6486015,210,0:28:28,981,486
6486015,207,0:28:30,0,-488.45,-143.45
6486015,207,0:28:32,0,-143.45,0
6486015,207,0:28:40,0,0,-465
6486015,207,0:28:41,0,-465,-518.45
6486015,211,0:28:46,1221,471
6486015,213,0:28:46,0,s_otherStudent2_G7a1N,true
6486015,210,0:28:47,1274,311
6486015,211,0:28:49,1089,355
6486015,210,0:28:50,1144,325
6486015,211,0:28:50,1114,259
6486015,210,0:28:50,1141,275
6486015,211,0:28:51,1150,290
6486015,210,0:28:51,1157,282
6486015,211,0:28:52,1080,291
6486015,210,0:28:52,1172,287
6486015,211,0:28:53,1220,153
6486015,210,0:28:53,1214,201
6486015,211,0:28:56,1423,347
6486015,212,0:28:56,2
6486015,212,0:28:59,1
6486015,212,0:28:59,2
6486015,210,0:29:0,1128,561
6486015,211,0:29:0,863,515
6486015,213,0:29:0,0,c_teacherEng_G7a1N,false
6486015,1003,0:29:4,2
6486015,1004,0:29:5,0
6486015,900,0:29:7,0,[]
6486015,901,0:29:8,0,[PeopleData_id:0]
6486015,904,0:29:9,0,[PeopleData_id:0]
6486015,902,0:29:10,0,[PeopleData_id:0,PeopleData_data2Type]
6486015,902,0:29:18,0,[PeopleData_id:0,PeopleData_data1Type]
6486015,903,0:29:20,0,[PeopleData_id0,PeopleData_data1Type]
6486015,901,0:29:21,0,[PeopleData_id:0]
6486015,904,0:29:22,0,[PeopleData_id:0]
6486015,905,0:29:23,0,[PeopleData_id:0,RankTypes_id:-1,RankTypes_id:4]
6486015,901,0:29:25,0,[PeopleData_id:3]
6486015,902,0:29:27,0,[PeopleData_id:3,PeopleData_data0Type]
6486015,903,0:29:29,0,[PeopleData_id3,PeopleData_data0Type]
6486015,901,0:29:29,0,[PeopleData_id:3]
6486015,904,0:29:29,0,[PeopleData_id:3]
6486015,905,0:29:30,0,[PeopleData_id:3,RankTypes_id:-1,RankTypes_id:4]
6486015,901,0:29:31,0,[PeopleData_id:4]
6486015,902,0:29:33,0,[PeopleData_id:4,PeopleData_data3Type]
6486015,903,0:29:35,0,[PeopleData_id4,PeopleData_data3Type]
6486015,902,0:29:35,0,[PeopleData_id:4,PeopleData_data0Type]
6486015,903,0:29:37,0,[PeopleData_id4,PeopleData_data0Type]
6486015,902,0:29:38,0,[PeopleData_id:4,PeopleData_data2Type]
6486015,903,0:29:39,0,[PeopleData_id4,PeopleData_data2Type]
6486015,902,0:29:39,0,[PeopleData_id:4,PeopleData_data1Type]
6486015,903,0:29:40,0,[PeopleData_id4,PeopleData_data1Type]
6486015,901,0:29:41,0,[PeopleData_id:4]
6486015,904,0:29:41,0,[PeopleData_id:4]
6486015,905,0:29:42,0,[PeopleData_id:4,RankTypes_id:-1,RankTypes_id:3]
6486015,901,0:29:43,0,[PeopleData_id:1]
6486015,902,0:29:44,0,[PeopleData_id:1,PeopleData_data0Type]
6486015,902,0:29:47,0,[PeopleData_id:1,PeopleData_data1Type]
6486015,902,0:29:48,0,[PeopleData_id:1,PeopleData_data2Type]
6486015,903,0:29:49,0,[PeopleData_id1,PeopleData_data2Type]
6486015,901,0:29:50,0,[PeopleData_id:1]
6486015,904,0:29:50,0,[PeopleData_id:1]
6486015,905,0:29:51,0,[PeopleData_id:1,RankTypes_id:-1,RankTypes_id:0]
6486015,901,0:29:52,0,[PeopleData_id:2]
6486015,902,0:29:53,0,[PeopleData_id:2,PeopleData_data0Type]
6486015,902,0:29:55,0,[PeopleData_id:2,PeopleData_data1Type]
6486015,902,0:29:56,0,[PeopleData_id:2,PeopleData_data0Type]
6486015,902,0:29:58,0,[PeopleData_id:2,PeopleData_data1Type]
6486015,902,0:29:59,0,[PeopleData_id:2,PeopleData_data2Type]
6486015,902,0:30:1,0,[PeopleData_id:2,PeopleData_data3Type]
6486015,902,0:30:1,0,[PeopleData_id:2,PeopleData_data2Type]
6486015,903,0:30:2,0,[PeopleData_id2,PeopleData_data2Type]
6486015,901,0:30:3,0,[PeopleData_id:2]
6486015,904,0:30:4,0,[PeopleData_id:2]
6486015,905,0:30:4,0,[PeopleData_id:2,RankTypes_id:-1,RankTypes_id:2]
6486015,906,0:30:4,0,[]
6486015,907,0:30:5,0,[]
6486015,908,0:30:5,0,[InvitationData_id:3,PeopleData_id:3,RankTypes_id:4]
6486015,909,0:30:12,0,[InvitationData_id:3,PeopleData_id:3,RankTypes_id:4,1]
6486015,910,0:30:13,0,[InvitationData_id:3,9,false]
6486015,908,0:30:13,0,[InvitationData_id:5,PeopleData_id:4,RankTypes_id:3]
6486015,909,0:30:17,0,[InvitationData_id:5,PeopleData_id:4,RankTypes_id:3,1]
6486015,910,0:30:20,0,[InvitationData_id:5,0,true]
6486015,908,0:30:20,0,[InvitationData_id:10,PeopleData_id:2,RankTypes_id:2]
6486015,909,0:30:31,0,[InvitationData_id:10,PeopleData_id:2,RankTypes_id:2,1]
6486015,910,0:30:32,0,[InvitationData_id:10,0,true]
6486015,908,0:30:32,0,[InvitationData_id:1,PeopleData_id:0,RankTypes_id:4]
6486015,909,0:30:40,0,[InvitationData_id:1,PeopleData_id:0,RankTypes_id:4,1]
6486015,910,0:30:41,0,[InvitationData_id:1,9,false]
6486015,908,0:30:41,0,[InvitationData_id:9,PeopleData_id:4,RankTypes_id:3]
6486015,909,0:30:44,0,[InvitationData_id:9,PeopleData_id:4,RankTypes_id:3,0]
6486015,910,0:30:45,0,[InvitationData_id:9,-7,false]
6486015,908,0:30:45,0,[InvitationData_id:0,PeopleData_id:0,RankTypes_id:4]
6486015,909,0:30:47,0,[InvitationData_id:0,PeopleData_id:0,RankTypes_id:4,1]
6486015,910,0:30:49,0,[InvitationData_id:0,9,false]
6486015,908,0:30:49,0,[InvitationData_id:8,PeopleData_id:0,RankTypes_id:4]
6486015,909,0:30:54,0,[InvitationData_id:8,PeopleData_id:0,RankTypes_id:4,1]
6486015,910,0:30:55,0,[InvitationData_id:8,9,false]
6486015,908,0:30:55,0,[InvitationData_id:6,PeopleData_id:0,RankTypes_id:4]
6486015,909,0:30:57,0,[InvitationData_id:6,PeopleData_id:0,RankTypes_id:4,1]
6486015,910,0:30:59,0,[InvitationData_id:6,9,false]
6486015,908,0:30:59,0,[InvitationData_id:4,PeopleData_id:4,RankTypes_id:3]
6486015,909,0:31:4,0,[InvitationData_id:4,PeopleData_id:4,RankTypes_id:3,0]
6486015,910,0:31:5,0,[InvitationData_id:4,-7,false]
6486015,908,0:31:5,0,[InvitationData_id:2,PeopleData_id:2,RankTypes_id:2]
6486015,901,0:31:8,0,[PeopleData_id:2]
6486015,902,0:31:10,0,[PeopleData_id:2,PeopleData_data0Type]
6486015,902,0:31:13,0,[PeopleData_id:2,PeopleData_data3Type]
6486015,909,0:31:21,0,[InvitationData_id:2,PeopleData_id:2,RankTypes_id:2,0]
6486015,910,0:31:22,0,[InvitationData_id:2,-2,false]
6486015,911,0:31:24,0,[29,2,0,2]
6486015,1001,0:31:26,0,[]
6486015,1003,0:31:26,2
6486015,1004,0:31:33,0
6486015,900,0:31:34,0,[]
6486015,1002,0:31:40,0
6486015,1003,0:31:40,2
6486015,210,0:32:0,850,307
6486015,211,0:32:0,796,327
6486015,213,0:32:0,0,c_teacherEng_G7a1N,false
6486015,210,0:32:5,1030,482
6486015,211,0:32:6,1051,519
6486015,213,0:32:6,0,c_bestFriend_F_a_G7a1N,true
6486015,205,0:32:6,0,c_bestFriend_F_a_G7a1N,false,true
6486015,210,0:32:10,1008,476
6486015,207,0:32:12,0,-400,-518.45
6486015,211,0:32:18,861,427
6486015,213,0:32:18,0,c_teacherEng_G7a1N,false
6486015,210,0:32:30,939,496
6486015,207,0:32:32,0,-518.45,-278.45
6486015,207,0:32:33,0,-278.45,0
6486015,211,0:32:38,258,148
6486015,213,0:32:38,0,s_flag_gen,true
6486015,210,0:32:41,552,322
6486015,207,0:32:44,0,0,-210
6486015,207,0:32:46,0,-210,-375
6486015,211,0:32:47,1074,542
6486015,212,0:32:47,1
6486015,210,0:32:48,1256,520
6486015,207,0:32:50,0,-375,-518.45
6486015,211,0:32:51,1454,661
6486015,210,0:32:52,1309,554
6486015,207,0:32:54,0,-518.45,-188.45
6486015,207,0:32:57,0,-188.45,0
6486015,211,0:32:58,589,539
6486015,213,0:32:58,0,s_otherStudent1_G7a1N,true
6486015,207,0:33:1,0,0,-30
6486015,210,0:33:1,971,517
6486015,211,0:33:1,971,517
6486015,212,0:33:1,0
6486015,207,0:33:2,0,-30,-60
6486015,210,0:33:2,922,464
6486015,207,0:33:3,0,-60,0
6486015,207,0:33:6,0,0,-240
6486015,207,0:33:8,0,-240,-518.45
6486015,211,0:33:10,1089,617
6486015,210,0:33:10,1073,620
6486015,211,0:33:10,1056,660
6486015,210,0:33:12,874,398
6486015,211,0:33:13,1235,295
6486015,210,0:33:14,1219,355
6486015,211,0:33:16,1226,161
6486015,210,0:33:16,1417,195
6486015,211,0:33:17,1514,229
6486015,210,0:33:38,1050,473
6486015,211,0:33:38,929,477
6486015,210,0:33:39,981,449
6486015,211,0:33:39,808,340
6486015,210,0:33:40,1239,51
6486015,211,0:33:41,856,317
6486015,212,0:33:43,2
6486015,210,0:33:44,1211,412
6486015,211,0:33:44,798,320
6486015,212,0:33:46,1
6486015,210,0:33:47,765,272
6486015,211,0:33:47,765,272
6486015,210,0:33:48,786,293
6486015,211,0:33:50,782,311
6486015,213,0:33:50,0,s_paperPlayers_G7a1N,false
6486015,1003,0:33:53,1
6486015,1004,0:33:54,0
6486015,800,0:33:56,0,[]
6486015,801,0:33:58,0,[]
6486015,814,0:33:59,0,[0]
6486015,815,0:33:59,0,0,OpportunityCardData_id:0
6486015,816,0:34:1,0,0,OpportunityCardData_id:0
6486015,803,0:34:2,0,[OpportunityCardData_id:0,OpportunityCardConsequencesData_logId:0]
6486015,803,0:34:3,0,[OpportunityCardData_id:0,OpportunityCardConsequencesData_logId:1]
6486015,803,0:34:4,0,[OpportunityCardData_id:0,OpportunityCardConsequencesData_logId:2]
6486015,805,0:34:4,0,[OpportunityCardData_id:0]
6486015,806,0:34:6,0,[OpportunityCardData_id:0,PriorityData_type:1]
6486015,807,0:34:7,0,[OpportunityCardData_id:0]
6486015,808,0:34:14,0,[OpportunityCardData_id:0]
6486015,809,0:34:19,0,[OpportunityCardData_id:0,PriorityData_type:2,false]
6486015,810,0:34:21,0,[OpportunityCardData_id:0,PriorityData_type:0,15,PriorityData_type:2,10]
6486015,814,0:34:23,0,[2]
6486015,815,0:34:23,0,2,OpportunityCardData_id:13
6486015,815,0:34:24,0,2,OpportunityCardData_id:14
6486015,815,0:34:25,0,2,OpportunityCardData_id:15
6486015,815,0:34:27,0,2,OpportunityCardData_id:14
6486015,816,0:34:28,0,2,OpportunityCardData_id:14
6486015,805,0:34:29,0,[OpportunityCardData_id:14]
6486015,806,0:34:31,0,[OpportunityCardData_id:14,PriorityData_type:4]
6486015,807,0:34:32,0,[OpportunityCardData_id:14]
6486015,808,0:34:34,0,[OpportunityCardData_id:14]
6486015,809,0:34:40,0,[OpportunityCardData_id:14,PriorityData_type:3,false]
6486015,810,0:34:41,0,[OpportunityCardData_id:14,PriorityData_type:2,15,PriorityData_type:3,10]
6486015,814,0:34:43,0,[3]
6486015,815,0:34:43,0,3,OpportunityCardData_id:19
6486015,815,0:34:44,0,3,OpportunityCardData_id:20
6486015,815,0:34:45,0,3,OpportunityCardData_id:21
6486015,815,0:34:45,0,3,OpportunityCardData_id:23
6486015,815,0:34:45,0,3,OpportunityCardData_id:24
6486015,815,0:34:46,0,3,OpportunityCardData_id:25
6486015,816,0:34:47,0,3,OpportunityCardData_id:25
6486015,803,0:34:48,0,[OpportunityCardData_id:25,OpportunityCardConsequencesData_logId:1]
6486015,804,0:34:49,0,[OpportunityCardData_id:25]
6486015,814,0:34:50,0,[3]
6486015,815,0:34:50,0,3,OpportunityCardData_id:19
6486015,816,0:34:51,0,3,OpportunityCardData_id:19
6486015,805,0:34:52,0,[OpportunityCardData_id:19]
6486015,806,0:34:54,0,[OpportunityCardData_id:19,PriorityData_type:0]
6486015,806,0:34:55,0,[OpportunityCardData_id:19,PriorityData_type:5]
6486015,807,0:34:56,0,[OpportunityCardData_id:19]
6486015,808,0:34:58,0,[OpportunityCardData_id:19]
6486015,809,0:35:3,0,[OpportunityCardData_id:19,PriorityData_type:5,true]
6486015,810,0:35:4,0,[OpportunityCardData_id:19,PriorityData_type:3,15,Safe,Safe]
6486015,814,0:35:7,0,[5]
6486015,815,0:35:7,0,5,OpportunityCardData_id:32
6486015,816,0:35:8,0,5,OpportunityCardData_id:32
6486015,803,0:35:9,0,[OpportunityCardData_id:32,OpportunityCardConsequencesData_logId:0]
6486015,803,0:35:11,0,[OpportunityCardData_id:32,OpportunityCardConsequencesData_logId:1]
6486015,804,0:35:13,0,[OpportunityCardData_id:32]
6486015,814,0:35:14,0,[4]
6486015,815,0:35:14,0,4,OpportunityCardData_id:22
6486015,815,0:35:16,0,4,OpportunityCardData_id:26
6486015,815,0:35:17,0,4,OpportunityCardData_id:27
6486015,816,0:35:17,0,4,OpportunityCardData_id:27
6486015,803,0:35:19,0,[OpportunityCardData_id:27,OpportunityCardConsequencesData_logId:0]
6486015,803,0:35:22,0,[OpportunityCardData_id:27,OpportunityCardConsequencesData_logId:1]
6486015,805,0:35:22,0,[OpportunityCardData_id:27]
6486015,806,0:35:24,0,[OpportunityCardData_id:27,PriorityData_type:5]
6486015,807,0:35:25,0,[OpportunityCardData_id:27]
6486015,808,0:35:28,0,[OpportunityCardData_id:27]
6486015,809,0:35:34,0,[OpportunityCardData_id:27,Safe,false]
6486015,810,0:35:35,0,[OpportunityCardData_id:27,PriorityData_type:4,15,Safe,Safe]
6486015,814,0:35:37,0,[0]
6486015,815,0:35:37,0,0,OpportunityCardData_id:1
6486015,815,0:35:41,0,0,OpportunityCardData_id:2
6486015,815,0:35:47,0,0,OpportunityCardData_id:3
6486015,816,0:35:48,0,0,OpportunityCardData_id:3
6486015,803,0:35:49,0,[OpportunityCardData_id:3,OpportunityCardConsequencesData_logId:0]
6486015,803,0:35:53,0,[OpportunityCardData_id:3,OpportunityCardConsequencesData_logId:1]
6486015,803,0:35:55,0,[OpportunityCardData_id:3,OpportunityCardConsequencesData_logId:2]
6486015,805,0:35:59,0,[OpportunityCardData_id:3]
6486015,806,0:36:1,0,[OpportunityCardData_id:3,PriorityData_type:3]
6486015,807,0:36:2,0,[OpportunityCardData_id:3]
6486015,808,0:36:6,0,[OpportunityCardData_id:3]
6486015,809,0:36:14,0,[OpportunityCardData_id:3,Safe,false]
6486015,810,0:36:16,0,[OpportunityCardData_id:3,PriorityData_type:0,10,Safe,Safe]
6486015,814,0:36:21,0,[1]
6486015,815,0:36:21,0,1,OpportunityCardData_id:7
6486015,815,0:36:27,0,1,OpportunityCardData_id:8
6486015,816,0:36:28,0,1,OpportunityCardData_id:8
6486015,803,0:36:29,0,[OpportunityCardData_id:8,OpportunityCardConsequencesData_logId:0]
6486015,803,0:36:32,0,[OpportunityCardData_id:8,OpportunityCardConsequencesData_logId:1]
6486015,805,0:36:33,0,[OpportunityCardData_id:8]
6486015,807,0:36:38,0,[OpportunityCardData_id:8]
6486015,808,0:36:40,0,[OpportunityCardData_id:8]
6486015,809,0:36:47,0,[OpportunityCardData_id:8,PriorityData_type:0,false]
6486015,810,0:36:48,0,[OpportunityCardData_id:8,PriorityData_type:1,20,PriorityData_type:0,25]
6486015,811,0:36:52,0,[OpportunityCardData_id:8,PriorityData_type:2,80,75,PriorityData_type:4,70,60]
6486015,1005,0:36:52,0,[1,0,1]
6486015,1001,0:36:53,0,[]
6486015,1003,0:36:53,1
6486015,210,0:36:58,916,506
6486015,211,0:36:59,1287,630
6486015,212,0:37:0,2
6486015,212,0:37:2,1
6486015,212,0:37:3,0
6486015,210,0:37:3,1210,524
6486015,207,0:37:9,0,-400,0
6486015,211,0:37:12,430,320
6486015,212,0:37:13,1
6486015,210,0:37:15,816,510
6486015,211,0:37:19,802,374
6486015,213,0:37:19,0,s_paperPlayers_G7a1N,false
6486015,1003,0:37:25,1
6486015,212,0:37:29,2
6486015,210,0:37:30,1230,514
6486015,211,0:37:31,885,485
6486015,213,0:37:31,0,c_teacherEng_G7a1N,false
6486015,210,0:37:37,1209,520
6486015,207,0:37:38,0,-400,-518.45
6486015,211,0:37:48,1246,614
6486015,213,0:37:48,0,s_otherStudent2_G7a1N,true
6486015,210,0:37:55,1249,397
6486015,211,0:38:0,827,491
6486015,213,0:38:0,0,c_teacherEng_G7a1N,false
6486015,1003,0:38:7,2
6486015,1004,0:38:9,0
6486015,900,0:38:14,0,[]
6486015,901,0:38:16,0,[PeopleData_id:3]
6486015,904,0:38:16,0,[PeopleData_id:3]
6486015,902,0:38:17,0,[PeopleData_id:3,PeopleData_data0Type]
6486015,903,0:38:23,0,[PeopleData_id3,PeopleData_data0Type]
6486015,902,0:38:24,0,[PeopleData_id:3,PeopleData_data1Type]
6486015,903,0:38:26,0,[PeopleData_id3,PeopleData_data1Type]
6486015,902,0:38:27,0,[PeopleData_id:3,PeopleData_data2Type]
6486015,903,0:38:28,0,[PeopleData_id3,PeopleData_data2Type]
6486015,901,0:38:28,0,[PeopleData_id:3]
6486015,904,0:38:28,0,[PeopleData_id:3]
6486015,905,0:38:30,0,[PeopleData_id:3,RankTypes_id:-1,RankTypes_id:3]
6486015,901,0:38:31,0,[PeopleData_id:1]
6486015,902,0:38:32,0,[PeopleData_id:1,PeopleData_data1Type]
6486015,903,0:38:38,0,[PeopleData_id1,PeopleData_data1Type]
6486015,902,0:38:39,0,[PeopleData_id:1,PeopleData_data0Type]
6486015,902,0:38:41,0,[PeopleData_id:1,PeopleData_data2Type]
6486015,903,0:38:53,0,[PeopleData_id1,PeopleData_data2Type]
6486015,902,0:38:55,0,[PeopleData_id:1,PeopleData_data3Type]
6486015,903,0:38:57,0,[PeopleData_id1,PeopleData_data3Type]
6486015,901,0:38:57,0,[PeopleData_id:0]
6486015,904,0:38:57,0,[PeopleData_id:0]
6486015,905,0:38:58,0,[PeopleData_id:0,RankTypes_id:-1,RankTypes_id:2]
6486015,901,0:38:59,0,[PeopleData_id:1]
6486015,904,0:38:59,0,[PeopleData_id:1]
6486015,902,0:39:1,0,[PeopleData_id:1,PeopleData_data0Type]
6486015,903,0:39:2,0,[PeopleData_id1,PeopleData_data0Type]
6486015,901,0:39:3,0,[PeopleData_id:1]
6486015,904,0:39:3,0,[PeopleData_id:1]
6486015,905,0:39:4,0,[PeopleData_id:1,RankTypes_id:-1,RankTypes_id:4]
6486015,901,0:39:5,0,[PeopleData_id:4]
6486015,902,0:39:6,0,[PeopleData_id:4,PeopleData_data0Type]
6486015,902,0:39:8,0,[PeopleData_id:4,PeopleData_data1Type]
6486015,902,0:39:9,0,[PeopleData_id:4,PeopleData_data2Type]
6486015,902,0:39:9,0,[PeopleData_id:4,PeopleData_data3Type]
6486015,903,0:39:10,0,[PeopleData_id4,PeopleData_data3Type]
6486015,901,0:39:11,0,[PeopleData_id:4]
6486015,904,0:39:11,0,[PeopleData_id:4]
6486015,905,0:39:11,0,[PeopleData_id:4,RankTypes_id:-1,RankTypes_id:2]
6486015,901,0:39:12,0,[PeopleData_id:2]
6486015,904,0:39:12,0,[PeopleData_id:2]
6486015,902,0:39:14,0,[PeopleData_id:2,PeopleData_data0Type]
6486015,902,0:39:15,0,[PeopleData_id:2,PeopleData_data1Type]
6486015,903,0:39:16,0,[PeopleData_id2,PeopleData_data1Type]
6486015,901,0:39:16,0,[PeopleData_id:2]
6486015,904,0:39:16,0,[PeopleData_id:2]
6486015,905,0:39:17,0,[PeopleData_id:2,RankTypes_id:-1,RankTypes_id:3]
6486015,906,0:39:17,0,[]
6486015,907,0:39:18,0,[]
6486015,908,0:39:18,0,[InvitationData_id:4,PeopleData_id:1,RankTypes_id:4]
6486015,909,0:39:20,0,[InvitationData_id:4,PeopleData_id:1,RankTypes_id:4,0]
6486015,910,0:39:22,0,[InvitationData_id:4,-11,false]
6486015,908,0:39:22,0,[InvitationData_id:7,PeopleData_id:1,RankTypes_id:4]
6486015,909,0:39:25,0,[InvitationData_id:7,PeopleData_id:1,RankTypes_id:4,1]
6486015,910,0:39:27,0,[InvitationData_id:7,0,true]
6486015,908,0:39:27,0,[InvitationData_id:6,PeopleData_id:2,RankTypes_id:3]
6486015,909,0:39:33,0,[InvitationData_id:6,PeopleData_id:2,RankTypes_id:3,1]
6486015,910,0:39:34,0,[InvitationData_id:6,7,false]
6486015,908,0:39:34,0,[InvitationData_id:0,PeopleData_id:3,RankTypes_id:3]
6486015,909,0:39:37,0,[InvitationData_id:0,PeopleData_id:3,RankTypes_id:3,1]
6486015,910,0:39:39,0,[InvitationData_id:0,7,false]
6486015,908,0:39:39,0,[InvitationData_id:1,PeopleData_id:0,RankTypes_id:2]
6486015,909,0:39:45,0,[InvitationData_id:1,PeopleData_id:0,RankTypes_id:2,1]
6486015,910,0:39:46,0,[InvitationData_id:1,5,false]
6486015,908,0:39:46,0,[InvitationData_id:3,PeopleData_id:3,RankTypes_id:3]
6486015,909,0:39:53,0,[InvitationData_id:3,PeopleData_id:3,RankTypes_id:3,0]
6486015,910,0:39:55,0,[InvitationData_id:3,-7,false]
6486015,908,0:39:55,0,[InvitationData_id:8,PeopleData_id:3,RankTypes_id:3]
6486015,103,0:40:50
6486015,105,0:40:52
6486015,703,0:40:54,[|| EpilogueItem ID: 0 unlocked: false ||,|| EpilogueItem ID: 1 unlocked: false ||,|| EpilogueItem ID: 2 unlocked: false ||,|| EpilogueItem ID: 3 unlocked: false ||,|| EpilogueItem ID: 4 unlocked: false ||,|| EpilogueItem ID: 5 unlocked: false ||,|| EpilogueItem ID: 6 unlocked: false ||,|| EpilogueItem ID: 7 unlocked: false ||,|| EpilogueItem ID: 8 unlocked: false ||,|| EpilogueItem ID: 9 unlocked: false ||,|| EpilogueItem ID: 10 unlocked: false ||,|| EpilogueItem ID: 11 unlocked: false ||,|| EpilogueItem ID: 12 unlocked: false ||,|| EpilogueItem ID: 13 unlocked: false ||,|| EpilogueItem ID: 14 unlocked: false ||,|| EpilogueItem ID: 15 unlocked: false ||,|| EpilogueItem ID: 16 unlocked: false ||,|| EpilogueItem ID: 17 unlocked: false ||,|| EpilogueItem ID: 18 unlocked: false ||,|| EpilogueItem ID: 19 unlocked: false ||,|| EpilogueItem ID: 20 unlocked: false ||,|| EpilogueItem ID: 21 unlocked: false ||,|| EpilogueItem ID: 22 unlocked: false ||,|| EpilogueItem ID: 23 unlocked: false ||,|| EpilogueItem ID: 24 unlocked: false ||],0
6486015,706,0:40:57,(x=8, y=-100, w=1024, h=768),(x=0, y=-100, w=1024, h=768)
6486015,706,0:41:1,(x=435, y=-100, w=1024, h=768),(x=571, y=-100, w=1024, h=768)
6486015,706,0:41:14,(x=2171, y=-100, w=1024, h=768),(x=2531, y=-100, w=1024, h=768)
6486015,708,0:41:14
6486015,1,0:41:14,11/4/2013 12:23:15pm,{"gameTime":2474913,"challengeStacks":[{"challengeScenes":[{"miniGameCards":[],"viewedAnimatic":true,"keyPoints":[],"unlocked":true,"touchableObjects":["s_vocabAssignment_G7a0","c_friend1_F_a_G7a0","c_crewKid1_F_G7a0","s_otherStudent1_G7a0","s_doorClassroom_G7a0","s_shakespearePoster_gen"]},{"miniGameCards":[],"viewedAnimatic":true,"keyPoints":["c_bestFriend_F_a_G7a1N"],"unlocked":true,"touchableObjects":["s_otherStudent2_G7a1N","s_otherStudent1_G7a1N","c_crewKid1_F_G7a1N","s_posterPlagiarism_gen","s_flag_gen","s_shakespearePoster_gen","c_bestFriend_F_a_G7a1N"]},{"miniGameCards":[],"viewedAnimatic":false,"keyPoints":[],"unlocked":false,"touchableObjects":[]}],"stackSize":3,"resolved":false},{"challengeScenes":[{"miniGameCards":[],"viewedAnimatic":false,"keyPoints":[],"unlocked":false,"touchableObjects":[]},{"miniGameCards":[],"viewedAnimatic":false,"keyPoints":[],"unlocked":false,"touchableObjects":[]},{"miniGameCards":[],"viewedAnimatic":false,"keyPoints":[],"unlocked":false,"touchableObjects":[]},{"miniGameCards":[],"viewedAnimatic":false,"keyPoints":[],"unlocked":false,"touchableObjects":[]},{"miniGameCards":[],"viewedAnimatic":false,"keyPoints":[],"unlocked":false,"touchableObjects":[]}],"stackSize":5,"resolved":false},{"challengeScenes":[{"miniGameCards":[],"viewedAnimatic":false,"keyPoints":[],"unlocked":false,"touchableObjects":[]},{"miniGameCards":[],"viewedAnimatic":false,"keyPoints":[],"unlocked":false,"touchableObjects":[]},{"miniGameCards":[],"viewedAnimatic":false,"keyPoints":[],"unlocked":false,"touchableObjects":[]},{"miniGameCards":[],"viewedAnimatic":false,"keyPoints":[],"unlocked":false,"touchableObjects":[]},{"miniGameCards":[],"viewedAnimatic":false,"keyPoints":[],"unlocked":false,"touchableObjects":[]},{"miniGameCards":[],"viewedAnimatic":false,"keyPoints":[],"unlocked":false,"touchableObjects":[]},{"miniGameCards":[],"viewedAnimatic":false,"keyPoints":[],"unlocked":false,"touchableObjects":[]}],"stackSize":7,"resolved":false},{"challengeScenes":[{"miniGameCards":[],"viewedAnimatic":false,"keyPoints":[],"unlocked":false,"touchableObjects":[]},{"miniGameCards":[],"viewedAnimatic":false,"keyPoints":[],"unlocked":false,"touchableObjects":[]},{"miniGameCards":[],"viewedAnimatic":false,"keyPoints":[],"unlocked":false,"touchableObjects":[]},{"miniGameCards":[],"viewedAnimatic":false,"keyPoints":[],"unlocked":false,"touchableObjects":[]},{"miniGameCards":[],"viewedAnimatic":false,"keyPoints":[],"unlocked":false,"touchableObjects":[]}],"stackSize":5,"resolved":false},{"challengeScenes":[{"miniGameCards":[],"viewedAnimatic":false,"keyPoints":[],"unlocked":false,"touchableObjects":[]},{"miniGameCards":[],"viewedAnimatic":false,"keyPoints":[],"unlocked":false,"touchableObjects":[]},{"miniGameCards":[],"viewedAnimatic":false,"keyPoints":[],"unlocked":false,"touchableObjects":[]},{"miniGameCards":[],"viewedAnimatic":false,"keyPoints":[],"unlocked":false,"touchableObjects":[]},{"miniGameCards":[],"viewedAnimatic":false,"keyPoints":[],"unlocked":false,"touchableObjects":[]}],"stackSize":5,"resolved":false},{"challengeScenes":[{"miniGameCards":[],"viewedAnimatic":false,"keyPoints":[],"unlocked":false,"touchableObjects":[]},{"miniGameCards":[],"viewedAnimatic":false,"keyPoints":[],"unlocked":false,"touchableObjects":[]},{"miniGameCards":[],"viewedAnimatic":false,"keyPoints":[],"unlocked":false,"touchableObjects":[]},{"miniGameCards":[],"viewedAnimatic":false,"keyPoints":[],"unlocked":false,"touchableObjects":[]},{"miniGameCards":[],"viewedAnimatic":false,"keyPoints":[],"unlocked":false,"touchableObjects":[]}],"stackSize":5,"resolved":false},{"challengeScenes":[{"miniGameCards":[],"viewedAnimatic":false,"keyPoints":[],"unlocked":false,"touchableObjects":[]},{"miniGameCards":[],"viewedAnimatic":false,"keyPoints":[],"unlocked":false,"touchableObjects":[]},{"miniGameCards":[],"viewedAnimatic":false,"keyPoints":[],"unlocked":false,"touchableObjects":[]},{"miniGameCards":[],"viewedAnimatic":false,"keyPoints":[],"unlocked":false,"touchableObjects":[]},{"miniGameCards":[],"viewedAnimatic":false,"keyPoints":[],"unlocked":false,"touchableObjects":[]}],"stackSize":5,"resolved":false},{"challengeScenes":[{"miniGameCards":[],"viewedAnimatic":false,"keyPoints":[],"unlocked":false,"touchableObjects":[]},{"miniGameCards":[],"viewedAnimatic":false,"keyPoints":[],"unlocked":false,"touchableObjects":[]},{"miniGameCards":[],"viewedAnimatic":false,"keyPoints":[],"unlocked":false,"touchableObjects":[]},{"miniGameCards":[],"viewedAnimatic":false,"keyPoints":[],"unlocked":false,"touchableObjects":[]},{"miniGameCards":[],"viewedAnimatic":false,"keyPoints":[],"unlocked":false,"touchableObjects":[]}],"stackSize":5,"resolved":false},{"challengeScenes":[{"miniGameCards":[],"viewedAnimatic":false,"keyPoints":[],"unlocked":false,"touchableObjects":[]},{"miniGameCards":[],"viewedAnimatic":false,"keyPoints":[],"unlocked":false,"touchableObjects":[]},{"miniGameCards":[],"viewedAnimatic":false,"keyPoints":[],"unlocked":false,"touchableObjects":[]},{"miniGameCards":[],"viewedAnimatic":false,"keyPoints":[],"unlocked":false,"touchableObjects":[]},{"miniGameCards":[],"viewedAnimatic":false,"keyPoints":[],"unlocked":false,"touchableObjects":[]}],"stackSize":5,"resolved":false},{"challengeScenes":[{"miniGameCards":[],"viewedAnimatic":false,"keyPoints":[],"unlocked":false,"touchableObjects":[]},{"miniGameCards":[],"viewedAnimatic":false,"keyPoints":[],"unlocked":false,"touchableObjects":[]},{"miniGameCards":[],"viewedAnimatic":false,"keyPoints":[],"unlocked":false,"touchableObjects":[]},{"miniGameCards":[],"viewedAnimatic":false,"keyPoints":[],"unlocked":false,"touchableObjects":[]},{"miniGameCards":[],"viewedAnimatic":false,"keyPoints":[],"unlocked":false,"touchableObjects":[]}],"stackSize":5,"resolved":false},{"challengeScenes":[{"miniGameCards":[],"viewedAnimatic":false,"keyPoints":[],"unlocked":false,"touchableObjects":[]},{"miniGameCards":[],"viewedAnimatic":false,"keyPoints":[],"unlocked":false,"touchableObjects":[]},{"miniGameCards":[],"viewedAnimatic":false,"keyPoints":[],"unlocked":false,"touchableObjects":[]},{"miniGameCards":[],"viewedAnimatic":false,"keyPoints":[],"unlocked":false,"touchableObjects":[]},{"miniGameCards":[],"viewedAnimatic":false,"keyPoints":[],"unlocked":false,"touchableObjects":[]}],"stackSize":5,"resolved":false},{"challengeScenes":[{"miniGameCards":[],"viewedAnimatic":false,"keyPoints":[],"unlocked":false,"touchableObjects":[]},{"miniGameCards":[],"viewedAnimatic":false,"keyPoints":[],"unlocked":false,"touchableObjects":[]},{"miniGameCards":[],"viewedAnimatic":false,"keyPoints":[],"unlocked":false,"touchableObjects":[]},{"miniGameCards":[],"viewedAnimatic":false,"keyPoints":[],"unlocked":false,"touchableObjects":[]},{"miniGameCards":[],"viewedAnimatic":false,"keyPoints":[],"unlocked":false,"touchableObjects":[]}],"stackSize":5,"resolved":false},{"challengeScenes":[{"miniGameCards":[],"viewedAnimatic":false,"keyPoints":[],"unlocked":true,"touchableObjects":["c_player_lati_F_a_G0a0","c_education_G0a0","c_family_lati_a_G0a0","c_friends_G0a0"]},{"miniGameCards":[],"viewedAnimatic":false,"keyPoints":["c_home_G0a1N","c_family_lati_a_G0a1N","c_job_G0a1N"],"unlocked":true,"touchableObjects":["c_player_lati_F_a_G0a1N","c_home_G0a1N","c_family_lati_a_G0a1N","c_job_G0a1N"]},{"miniGameCards":[],"viewedAnimatic":false,"keyPoints":["c_grandma_lati_a_G0a1P","c_Teacher_G0a1P","c_kidsister_lati_a_G0a1P","c_mom_lati_a_G0a1P","c_dad_lati_a_G0a1P","c_Nurse_G0a1P"],"unlocked":true,"touchableObjects":["c_cousins_F_a_G0a1P","c_friends_G0a1P","c_grandma_lati_a_G0a1P","c_Teacher_G0a1P","c_kidsister_lati_a_G0a1P","c_mom_lati_a_G0a1P","c_dad_lati_a_G0a1P","c_Nurse_G0a1P"]}],"stackSize":3,"resolved":true}],"sessionId":1,"epilogue":{"rating":0},"playerId":6486015,"session":[{"sceneId":"1P","stackId":12}],"minigames":[{"levelSaveData":[{"starRating":0,"unlocked":true},{"starRating":0,"unlocked":false},{"starRating":0,"unlocked":false},{"starRating":0,"unlocked":false},{"starRating":0,"unlocked":false},{"starRating":0,"unlocked":false},{"starRating":0,"unlocked":false},{"starRating":0,"unlocked":false},{"starRating":0,"unlocked":false},{"starRating":0,"unlocked":false}],"skillPoints":0},{"levelSaveData":[{"starRating":1,"unlocked":true},{"starRating":0,"unlocked":false},{"starRating":0,"unlocked":false},{"starRating":0,"unlocked":false},{"starRating":0,"unlocked":false},{"starRating":0,"unlocked":false},{"starRating":0,"unlocked":false},{"starRating":0,"unlocked":false},{"starRating":0,"unlocked":false},{"starRating":0,"unlocked":false}],"skillPoints":1},{"levelSaveData":[{"starRating":1,"unlocked":true},{"starRating":0,"unlocked":false},{"starRating":0,"unlocked":false},{"starRating":0,"unlocked":false},{"starRating":0,"unlocked":false},{"starRating":0,"unlocked":false},{"starRating":0,"unlocked":false},{"starRating":0,"unlocked":false},{"starRating":0,"unlocked":false},{"starRating":0,"unlocked":false}],"skillPoints":1},{"levelSaveData":[{"starRating":0,"unlocked":false},{"starRating":0,"unlocked":false},{"starRating":0,"unlocked":false},{"starRating":0,"unlocked":false},{"starRating":0,"unlocked":false},{"starRating":0,"unlocked":false},{"starRating":0,"unlocked":false},{"starRating":0,"unlocked":false},{"starRating":0,"unlocked":false},{"starRating":0,"unlocked":false}],"skillPoints":0},{"age":13,"name":"adriana","gender":1,"levelSaveData":[{"starRating":3,"unlocked":true},{"starRating":3,"chunks":[["1"],["0","7"],["0","13","12"],["0"]],"unlocked":true},{"starRating":0,"chunks":[[null],[null,null],[null,null]],"unlocked":false},{"starRating":0,"chunks":[[null],[null],[null],[null],[null,null],[null]],"unlocked":false},{"starRating":0,"chunks":[[null],[null],[null,null],[null],[null],[null]],"unlocked":false},{"starRating":0,"chunks":[[null],[null,null,null,null],[null],[null]],"unlocked":false},{"starRating":0,"chunks":[[null],[null],[null,null],[null,null],[null]],"unlocked":false},{"starRating":0,"chunks":[[null,null,null],[null,null,null],[null],[null],[null]],"unlocked":false},{"starRating":0,"chunks":[[null,null,null],[null,null,null],[null,null]],"unlocked":false},{"starRating":0,"chunks":[[null],[null],[null],[null],[null],[null]],"unlocked":false}],"visualAvatar":0,"id":2,"skillPoints":6}],"avatar":{"age":13,"name":"adriana","gender":1,"levelSaveData":[{"starRating":3,"unlocked":true},{"starRating":3,"chunks":[["1"],["0","7"],["0","13","12"],["0"]],"unlocked":true},{"starRating":0,"chunks":[[null],[null,null],[null,null]],"unlocked":false},{"starRating":0,"chunks":[[null],[null],[null],[null],[null,null],[null]],"unlocked":false},{"starRating":0,"chunks":[[null],[null],[null,null],[null],[null],[null]],"unlocked":false},{"starRating":0,"chunks":[[null],[null,null,null,null],[null],[null]],"unlocked":false},{"starRating":0,"chunks":[[null],[null],[null,null],[null,null],[null]],"unlocked":false},{"starRating":0,"chunks":[[null,null,null],[null,null,null],[null],[null],[null]],"unlocked":false},{"starRating":0,"chunks":[[null,null,null],[null,null,null],[null,null]],"unlocked":false},{"starRating":0,"chunks":[[null],[null],[null],[null],[null],[null]],"unlocked":false}],"visualAvatar":0,"id":2,"skillPoints":6}}
