6486012,0,4:19:18,12/6/2013 1:17:44pm
6486012,100,4:19:36,6
6486012,102,4:19:37,6
6486012,200,4:19:37,6,16,13,15,20,27
6486012,210,4:19:41,880,349
6486012,211,4:19:41,882,338
6486012,213,4:19:41,6,c_crush1_M_b_G10a0,true
6486012,205,4:19:41,6,c_crush1_M_b_G10a0,false,true
6486012,210,4:19:49,341,522
6486012,207,4:19:50,6,-200,0
6486012,211,4:19:50,62,510
6486012,210,4:19:55,264,474
6486012,211,4:19:55,172,480
6486012,213,4:19:55,6,c_crush1_M_b_G10a1N,true
6486012,205,4:19:55,6,c_crush1_M_b_G10a1N,false,true
6486012,221,4:20:0,6
6486012,220,4:20:3,6
6486012,210,4:20:7,416,339
6486012,207,4:20:11,6,-200,-260
6486012,207,4:20:11,6,-260,-305
6486012,211,4:20:14,1290,473
6486012,207,4:20:14,6,-305,-320
6486012,207,4:20:14,6,-320,-335
6486012,210,4:20:14,955,483
6486012,211,4:20:14,1353,493
6486012,207,4:20:14,6,-335,-350
6486012,207,4:20:14,6,-350,-365
6486012,210,4:20:14,972,520
6486012,207,4:20:16,6,-365,-410
6486012,207,4:20:17,6,-410,-492
6486012,211,4:20:17,1512,537
6486012,210,4:20:18,1159,393
6486012,211,4:20:20,1083,120
6486012,210,4:20:21,842,294
6486012,207,4:20:22,6,-492,-72
6486012,211,4:20:23,362,685
6486012,207,4:20:24,6,-72,-102
6486012,210,4:21:15,234,175
6486012,207,4:21:15,6,-102,-72
6486012,207,4:21:15,6,-72,-27
6486012,207,4:21:15,6,-27,0
6486012,211,4:21:20,287,690
6486012,210,4:21:21,618,460
6486012,211,4:21:24,483,243
6486012,213,4:21:24,6,s_pamphlet5_G10a2N,true
6486012,205,4:21:24,6,s_pamphlet5_G10a2N,false,true
6486012,210,4:21:27,703,316
6486012,207,4:21:30,6,0,-30
6486012,211,4:21:31,835,265
6486012,212,4:21:31,0
6486012,207,4:21:31,6,-30,-45
6486012,210,4:21:32,680,300
6486012,207,4:21:33,6,-45,0
6486012,211,4:21:35,178,565
6486012,213,4:21:35,6,s_pamphlet1_G10a2N,true
6486012,205,4:21:35,6,s_pamphlet1_G10a2N,false,true
6486012,210,4:21:39,298,605
6486012,207,4:21:41,6,0,-240
6486012,207,4:21:43,6,-240,-492
6486012,211,4:21:46,1511,407
6486012,210,4:21:46,1375,422
6486012,207,4:21:49,6,-492,-432
6486012,211,4:21:50,731,164
6486012,210,4:22:25,901,247
6486012,207,4:22:26,6,-432,-327
6486012,211,4:22:27,563,359
6486012,210,4:22:30,426,305
6486012,207,4:22:31,6,-327,-252
6486012,207,4:22:32,6,-252,-177
6486012,211,4:22:33,396,180
6486012,213,4:22:33,6,s_curtain_G10a2N,true
6486012,210,4:22:54,984,408
6486012,207,4:22:57,6,-177,-492
6486012,211,4:22:58,1227,380
6486012,210,4:23:6,479,417
6486012,207,4:23:6,6,-492,-357
6486012,207,4:23:8,6,-357,-27
6486012,211,4:23:9,439,208
6486012,213,4:23:9,6,s_pamphlet3_G10a2N,true
6486012,205,4:23:9,6,s_pamphlet3_G10a2N,false,true
6486012,210,4:23:55,499,199
6486012,211,4:23:55,524,192
6486012,213,4:23:55,6,s_pamphlet4_G10a2N,true
6486012,205,4:23:55,6,s_pamphlet4_G10a2N,false,false
6486012,212,4:24:1,1
6486012,210,4:24:2,613,284
6486012,211,4:24:3,639,272
6486012,213,4:24:3,6,c_nurse_G10a2N,true
6486012,205,4:24:3,6,c_nurse_G10a2N,false,true
6486012,210,4:24:7,410,267
6486012,207,4:24:9,6,-27,0
6486012,211,4:24:9,24,196
6486012,210,4:24:10,186,536
6486012,207,4:24:14,6,0,-150
6486012,207,4:24:16,6,-150,-492
6486012,207,4:24:21,6,-492,-327
6486012,207,4:24:23,6,-327,0
6486012,211,4:24:25,241,283
6486012,212,4:24:25,2
6486012,210,4:24:27,185,195
6486012,211,4:24:27,206,165
6486012,212,4:24:27,0
6486012,210,4:24:28,206,108
6486012,211,4:24:29,216,187
6486012,212,4:24:30,1
6486012,212,4:24:30,0
6486012,210,4:24:31,525,340
6486012,211,4:24:33,32,124
6486012,210,4:24:34,115,230
6486012,211,4:24:34,28,311
6486012,210,4:24:34,41,213
6486012,207,4:24:40,6,0,-60
6486012,207,4:24:40,6,-60,-135
6486012,207,4:24:41,6,-135,-210
6486012,207,4:24:41,6,-210,-255
6486012,207,4:24:43,6,-255,-360
6486012,211,4:24:43,1387,494
6486012,207,4:24:43,6,-360,-390
6486012,207,4:24:43,6,-390,-435
6486012,210,4:24:43,1356,486
6486012,207,4:24:44,6,-435,-492
6486012,211,4:24:50,1511,485
6486012,210,4:24:51,1379,444
6486012,211,4:24:52,765,247
6486012,219,4:24:53,6
6486012,218,4:24:55,6
6486012,210,4:25:1,989,439
6486012,211,4:25:5,1081,511
6486012,212,4:25:6,2
6486012,210,4:25:7,989,431
6486012,211,4:25:7,1146,515
6486012,212,4:25:8,0
6486012,210,4:25:8,1038,448
6486012,211,4:25:9,1139,549
6486012,212,4:25:9,1
6486012,210,4:25:10,997,453
6486012,211,4:25:12,1026,456
6486012,213,4:25:12,6,s_kleenex_G10a2N,true
6486012,212,4:25:14,0
6486012,210,4:25:15,1136,457
6486012,211,4:25:16,1145,501
6486012,212,4:25:16,1
6486012,210,4:25:17,1178,495
6486012,211,4:25:17,1140,504
6486012,213,4:25:17,6,s_phone_G10a2N,false
6486012,1003,4:25:20,1
6486012,1004,4:25:22,3
6486012,800,4:25:23,3,[]
6486012,801,4:25:24,3,[]
6486012,814,4:25:27,3,[2]
6486012,815,4:25:27,3,2,OpportunityCardData_id:12
6486012,816,4:25:53,3,2,OpportunityCardData_id:12
6486012,803,4:25:54,3,[OpportunityCardData_id:12,OpportunityCardConsequencesData_logId:0]
6486012,803,4:25:54,3,[OpportunityCardData_id:12,OpportunityCardConsequencesData_logId:1]
6486012,803,4:25:54,3,[OpportunityCardData_id:12,OpportunityCardConsequencesData_logId:2]
6486012,805,4:25:56,3,[OpportunityCardData_id:12]
6486012,806,4:25:58,3,[OpportunityCardData_id:12,PriorityData_type:0]
6486012,807,4:25:58,3,[OpportunityCardData_id:12]
6486012,808,4:26:0,3,[OpportunityCardData_id:12]
6486012,809,4:26:4,3,[OpportunityCardData_id:12,Safe,false]
6486012,810,4:26:5,3,[OpportunityCardData_id:12,PriorityData_type:2,10,Safe,Safe]
6486012,814,4:26:7,3,[0]
6486012,815,4:26:7,3,0,OpportunityCardData_id:0
6486012,816,4:26:8,3,0,OpportunityCardData_id:0
6486012,803,4:26:9,3,[OpportunityCardData_id:0,OpportunityCardConsequencesData_logId:0]
6486012,803,4:26:9,3,[OpportunityCardData_id:0,OpportunityCardConsequencesData_logId:1]
6486012,803,4:26:9,3,[OpportunityCardData_id:0,OpportunityCardConsequencesData_logId:2]
6486012,805,4:26:10,3,[OpportunityCardData_id:0]
6486012,806,4:26:12,3,[OpportunityCardData_id:0,PriorityData_type:2]
6486012,807,4:26:12,3,[OpportunityCardData_id:0]
6486012,808,4:26:14,3,[OpportunityCardData_id:0]
6486012,809,4:26:17,3,[OpportunityCardData_id:0,Safe,false]
6486012,810,4:26:17,3,[OpportunityCardData_id:0,PriorityData_type:0,15,Safe,Safe]
6486012,814,4:26:19,3,[0]
6486012,815,4:26:19,3,0,OpportunityCardData_id:1
6486012,816,4:26:20,3,0,OpportunityCardData_id:1
6486012,803,4:26:21,3,[OpportunityCardData_id:1,OpportunityCardConsequencesData_logId:0]
6486012,803,4:26:21,3,[OpportunityCardData_id:1,OpportunityCardConsequencesData_logId:1]
6486012,805,4:26:22,3,[OpportunityCardData_id:1]
6486012,807,4:26:23,3,[OpportunityCardData_id:1]
6486012,808,4:26:27,3,[OpportunityCardData_id:1]
6486012,809,4:26:30,3,[OpportunityCardData_id:1,PriorityData_type:1,false]
6486012,810,4:26:31,3,[OpportunityCardData_id:1,PriorityData_type:0,15,PriorityData_type:1,15]
6486012,814,4:26:34,3,[2]
6486012,815,4:26:34,3,2,OpportunityCardData_id:13
6486012,816,4:26:35,3,2,OpportunityCardData_id:13
6486012,803,4:26:36,3,[OpportunityCardData_id:13,OpportunityCardConsequencesData_logId:0]
6486012,803,4:26:36,3,[OpportunityCardData_id:13,OpportunityCardConsequencesData_logId:1]
6486012,805,4:26:37,3,[OpportunityCardData_id:13]
6486012,806,4:26:42,3,[OpportunityCardData_id:13,PriorityData_type:5]
6486012,807,4:26:43,3,[OpportunityCardData_id:13]
6486012,808,4:26:45,3,[OpportunityCardData_id:13]
6486012,809,4:26:48,3,[OpportunityCardData_id:13,PriorityData_type:0,false]
6486012,810,4:27:20,3,[OpportunityCardData_id:13,PriorityData_type:2,5,PriorityData_type:0,20]
6486012,814,4:27:22,3,[0]
6486012,815,4:27:22,3,0,OpportunityCardData_id:2
6486012,816,4:27:23,3,0,OpportunityCardData_id:2
6486012,803,4:27:24,3,[OpportunityCardData_id:2,OpportunityCardConsequencesData_logId:0]
6486012,803,4:27:24,3,[OpportunityCardData_id:2,OpportunityCardConsequencesData_logId:1]
6486012,803,4:27:24,3,[OpportunityCardData_id:2,OpportunityCardConsequencesData_logId:2]
6486012,805,4:27:25,3,[OpportunityCardData_id:2]
6486012,806,4:27:29,3,[OpportunityCardData_id:2,PriorityData_type:3]
6486012,807,4:27:29,3,[OpportunityCardData_id:2]
6486012,808,4:27:31,3,[OpportunityCardData_id:2]
6486012,809,4:27:34,3,[OpportunityCardData_id:2,PriorityData_type:2,false]
6486012,810,4:27:35,3,[OpportunityCardData_id:2,PriorityData_type:0,10,PriorityData_type:2,10]
6486012,814,4:27:37,3,[2]
6486012,815,4:27:37,3,2,OpportunityCardData_id:14
6486012,815,4:27:38,3,2,OpportunityCardData_id:15
6486012,815,4:27:39,3,2,OpportunityCardData_id:16
6486012,815,4:27:39,3,2,OpportunityCardData_id:17
6486012,815,4:27:39,3,2,OpportunityCardData_id:14
6486012,815,4:27:39,3,2,OpportunityCardData_id:15
6486012,817,4:27:40,3,2
6486012,814,4:27:41,3,[0]
6486012,815,4:27:41,3,0,OpportunityCardData_id:3
6486012,815,4:27:42,3,0,OpportunityCardData_id:4
6486012,816,4:27:43,3,0,OpportunityCardData_id:4
6486012,803,4:27:44,3,[OpportunityCardData_id:4,OpportunityCardConsequencesData_logId:0]
6486012,803,4:27:44,3,[OpportunityCardData_id:4,OpportunityCardConsequencesData_logId:1]
6486012,805,4:27:44,3,[OpportunityCardData_id:4]
6486012,806,4:27:46,3,[OpportunityCardData_id:4,PriorityData_type:4]
6486012,807,4:27:47,3,[OpportunityCardData_id:4]
6486012,808,4:27:49,3,[OpportunityCardData_id:4]
6486012,809,4:27:52,3,[OpportunityCardData_id:4,PriorityData_type:4,true]
6486012,810,4:27:53,3,[OpportunityCardData_id:4,PriorityData_type:0,25,Safe,Safe]
6486012,814,4:27:54,3,[4]
6486012,815,4:27:54,3,4,OpportunityCardData_id:19
6486012,815,4:27:55,3,4,OpportunityCardData_id:25
6486012,816,4:27:56,3,4,OpportunityCardData_id:25
6486012,803,4:27:57,3,[OpportunityCardData_id:25,OpportunityCardConsequencesData_logId:0]
6486012,803,4:27:57,3,[OpportunityCardData_id:25,OpportunityCardConsequencesData_logId:1]
6486012,803,4:27:57,3,[OpportunityCardData_id:25,OpportunityCardConsequencesData_logId:2]
6486012,805,4:27:57,3,[OpportunityCardData_id:25]
6486012,806,4:27:59,3,[OpportunityCardData_id:25,PriorityData_type:5]
6486012,807,4:28:0,3,[OpportunityCardData_id:25]
6486012,808,4:28:2,3,[OpportunityCardData_id:25]
6486012,809,4:28:6,3,[OpportunityCardData_id:25,PriorityData_type:2,false]
6486012,810,4:28:6,3,[OpportunityCardData_id:25,PriorityData_type:4,15,PriorityData_type:2,20]
6486012,814,4:28:8,3,[2]
6486012,815,4:28:8,3,2,OpportunityCardData_id:14
6486012,816,4:28:9,3,2,OpportunityCardData_id:14
6486012,805,4:28:10,3,[OpportunityCardData_id:14]
6486012,806,4:28:11,3,[OpportunityCardData_id:14,PriorityData_type:3]
6486012,807,4:28:12,3,[OpportunityCardData_id:14]
6486012,808,4:28:14,3,[OpportunityCardData_id:14]
6486012,809,4:28:17,3,[OpportunityCardData_id:14,Safe,false]
6486012,810,4:28:17,3,[OpportunityCardData_id:14,PriorityData_type:2,15,Safe,Safe]
6486012,814,4:28:20,3,[2]
6486012,815,4:28:20,3,2,OpportunityCardData_id:15
6486012,816,4:28:21,3,2,OpportunityCardData_id:15
6486012,805,4:28:21,3,[OpportunityCardData_id:15]
6486012,806,4:28:23,3,[OpportunityCardData_id:15,PriorityData_type:4]
6486012,806,4:28:25,3,[OpportunityCardData_id:15,PriorityData_type:5]
6486012,806,4:28:25,3,[OpportunityCardData_id:15,PriorityData_type:1]
6486012,807,4:28:26,3,[OpportunityCardData_id:15]
6486012,808,4:28:28,3,[OpportunityCardData_id:15]
6486012,809,4:28:31,3,[OpportunityCardData_id:15,PriorityData_type:0,false]
6486012,810,4:28:32,3,[OpportunityCardData_id:15,PriorityData_type:2,10,PriorityData_type:0,10]
6486012,814,4:28:36,3,[3]
6486012,815,4:28:36,3,3,OpportunityCardData_id:18
6486012,817,4:28:37,3,3
6486012,814,4:28:37,3,[2]
6486012,815,4:28:37,3,2,OpportunityCardData_id:16
6486012,816,4:28:38,3,2,OpportunityCardData_id:16
6486012,803,4:28:39,3,[OpportunityCardData_id:16,OpportunityCardConsequencesData_logId:0]
6486012,803,4:28:39,3,[OpportunityCardData_id:16,OpportunityCardConsequencesData_logId:1]
6486012,803,4:28:40,3,[OpportunityCardData_id:16,OpportunityCardConsequencesData_logId:2]
6486012,805,4:29:13,3,[OpportunityCardData_id:16]
6486012,806,4:29:15,3,[OpportunityCardData_id:16,PriorityData_type:4]
6486012,806,4:29:16,3,[OpportunityCardData_id:16,PriorityData_type:5]
6486012,807,4:29:17,3,[OpportunityCardData_id:16]
6486012,808,4:29:19,3,[OpportunityCardData_id:16]
6486012,809,4:29:23,3,[OpportunityCardData_id:16,PriorityData_type:5,true]
6486012,810,4:29:24,3,[OpportunityCardData_id:16,PriorityData_type:2,25,Safe,Safe]
6486012,814,4:29:25,3,[2]
6486012,815,4:29:25,3,2,OpportunityCardData_id:17
6486012,817,4:29:27,3,2
6486012,814,4:29:29,3,[2]
6486012,815,4:29:29,3,2,OpportunityCardData_id:17
6486012,817,4:29:30,3,2
6486012,814,4:29:31,3,[1]
6486012,815,4:29:31,3,1,OpportunityCardData_id:6
6486012,816,4:29:32,3,1,OpportunityCardData_id:6
6486012,805,4:29:33,3,[OpportunityCardData_id:6]
6486012,806,4:29:35,3,[OpportunityCardData_id:6,PriorityData_type:3]
6486012,807,4:29:36,3,[OpportunityCardData_id:6]
6486012,808,4:29:37,3,[OpportunityCardData_id:6]
6486012,809,4:29:42,3,[OpportunityCardData_id:6,Safe,false]
6486012,810,4:29:42,3,[OpportunityCardData_id:6,PriorityData_type:1,20,Safe,Safe]
6486012,814,4:29:44,3,[2]
6486012,815,4:29:44,3,2,OpportunityCardData_id:17
6486012,816,4:29:45,3,2,OpportunityCardData_id:17
6486012,805,4:29:46,3,[OpportunityCardData_id:17]
6486012,806,4:29:48,3,[OpportunityCardData_id:17,PriorityData_type:4]
6486012,807,4:29:48,3,[OpportunityCardData_id:17]
6486012,808,4:29:50,3,[OpportunityCardData_id:17]
6486012,809,4:29:54,3,[OpportunityCardData_id:17,Safe,false]
6486012,810,4:29:55,3,[OpportunityCardData_id:17,PriorityData_type:2,15,Safe,Safe]
6486012,818,4:29:56,3,0
6486012,811,4:29:57,3,[OpportunityCardData_id:17,PriorityData_type:2,70,80,PriorityData_type:0,70,75]
6486012,1005,4:29:58,3,[1,0,3]
6486012,1001,4:29:58,3,[]
6486012,1003,4:29:58,1
6486012,210,4:30:2,1043,442
6486012,211,4:30:3,1130,493
6486012,213,4:30:3,6,s_phone_G10a2N,true
6486012,205,4:30:3,6,s_phone_G10a2N,false,false
6486012,221,4:30:49,6
6486012,220,4:30:51,6
6486012,219,4:30:51,6
6486012,216,4:30:52,Stack_G10a2P
6486012,217,4:31:8,Stack_G10a2P,14,1.8
6486012,218,4:31:9,6
6486012,210,4:31:10,1048,345
6486012,211,4:31:12,1005,372
6486012,213,4:31:12,6,s_dancePoster_G10a2P,true
6486012,205,4:31:12,6,s_dancePoster_G10a2P,false,false
6486012,210,4:31:16,703,410
6486012,211,4:31:19,142,440
6486012,207,4:31:19,6,-200,-125
6486012,210,4:31:19,82,431
6486012,207,4:31:20,6,-125,-35
6486012,207,4:31:20,6,-35,0
6486012,211,4:31:21,7,322
6486012,210,4:31:21,20,328
6486012,207,4:31:24,6,0,-360
6486012,207,4:31:24,6,-360,-390
6486012,207,4:31:25,6,-390,-516
6486012,211,4:31:27,1300,502
6486012,212,4:31:28,2
6486012,210,4:31:28,1317,436
6486012,211,4:31:29,1383,453
6486012,213,4:31:29,6,c_nurse_G10a2P,true
6486012,205,4:31:29,6,c_nurse_G10a2P,false,false
6486012,210,4:31:32,1024,469
6486012,211,4:31:33,833,448
6486012,213,4:31:33,6,c_cousin_M_b_G10a2P,true
6486012,205,4:31:33,6,c_cousin_M_b_G10a2P,false,false
6486012,210,4:31:37,1267,419
6486012,207,4:31:40,6,-516,0
6486012,211,4:31:41,465,457
6486012,213,4:31:41,6,c_friend_M_b_G10a2P,true
6486012,205,4:31:41,6,c_friend_M_b_G10a2P,false,false
6486012,210,4:31:46,33,282
6486012,211,4:31:46,96,313
6486012,212,4:31:48,0
6486012,210,4:31:48,110,442
6486012,211,4:31:49,425,576
6486012,212,4:31:49,2
6486012,212,4:31:50,1
6486012,210,4:31:50,158,438
6486012,207,4:31:56,6,0,-195
6486012,211,4:31:57,1000,404
6486012,213,4:31:57,6,s_dancePoster_G10a2P,true
6486012,205,4:31:57,6,s_dancePoster_G10a2P,false,true
6486012,210,4:32:20,772,340
6486012,207,4:32:22,6,-195,-480
6486012,207,4:32:23,6,-480,-516
6486012,211,4:32:24,1134,632
6486012,212,4:32:25,0
6486012,210,4:32:25,1437,426
6486012,211,4:32:29,1053,436
6486012,213,4:32:29,6,c_crush1_M_b_G10a2P,true
6486012,205,4:32:29,6,c_crush1_M_b_G10a2P,false,false
6486012,221,4:32:46,6
6486012,220,4:33:0,6
6486012,219,4:33:0,6
6486012,216,4:33:0,Stack_G10a1P
6486012,217,4:33:15,Stack_G10a1P,12,2.2
6486012,218,4:33:19,6
6486012,210,4:33:20,645,330
6486012,207,4:33:22,6,-400,-445
6486012,207,4:33:23,6,-445,-516
6486012,207,4:33:27,6,-516,0
6486012,211,4:33:29,479,532
6486012,212,4:33:29,2
6486012,210,4:33:30,374,403
6486012,211,4:33:31,700,444
6486012,213,4:33:31,6,c_friend_M_b_G10a1P,true
6486012,205,4:33:31,6,c_friend_M_b_G10a1P,false,false
6486012,210,4:33:45,602,376
6486012,207,4:33:47,6,0,-300
6486012,211,4:33:48,1201,427
6486012,213,4:33:48,6,c_crush1_M_b_G10a1P,true
6486012,205,4:33:48,6,c_crush1_M_b_G10a1P,false,false
6486012,210,4:33:51,1109,381
6486012,207,4:33:52,6,-300,-516
6486012,207,4:33:56,6,-516,-231
6486012,211,4:33:57,518,493
6486012,212,4:33:58,1
6486012,210,4:33:58,361,459
6486012,211,4:33:59,540,428
6486012,212,4:34:0,0
6486012,210,4:34:0,351,486
6486012,207,4:34:4,6,-231,-516
6486012,211,4:34:4,1430,404
6486012,212,4:34:5,1
6486012,210,4:34:5,1414,431
6486012,211,4:34:6,1414,431
6486012,212,4:34:6,2
6486012,210,4:34:6,1423,388
6486012,211,4:34:8,1432,435
6486012,213,4:34:8,6,c_teacherEng_G10a1P,true
6486012,210,4:34:12,1210,377
6486012,211,4:34:18,659,474
6486012,213,4:34:18,6,c_friend_M_b_G10a1P,true
6486012,205,4:34:18,6,c_friend_M_b_G10a1P,false,true
6486012,210,4:34:21,1176,411
6486012,211,4:34:21,1176,411
6486012,210,4:34:21,980,385
6486012,211,4:34:22,1166,436
6486012,213,4:34:22,6,c_crush1_M_b_G10a1P,true
6486012,205,4:34:22,6,c_crush1_M_b_G10a1P,false,true
6486012,210,4:34:26,971,411
6486012,207,4:34:27,6,-516,-186
6486012,211,4:34:28,992,393
6486012,213,4:34:28,6,s_dancePoster_G10a1P,true
6486012,210,4:34:30,788,409
6486012,211,4:34:31,1014,537
6486012,212,4:34:32,1
6486012,210,4:34:32,1000,375
6486012,211,4:34:33,1034,545
6486012,212,4:34:33,0
6486012,210,4:34:34,1007,387
6486012,211,4:34:35,1250,495
6486012,207,4:34:35,6,-186,-246
6486012,210,4:34:35,1263,461
6486012,207,4:34:35,6,-246,-306
6486012,207,4:34:36,6,-306,-516
6486012,211,4:34:37,1442,384
6486012,212,4:34:38,1
6486012,210,4:34:38,1432,393
6486012,211,4:34:38,1408,418
6486012,212,4:34:39,2
6486012,210,4:34:39,1427,444
6486012,211,4:34:40,1411,499
6486012,213,4:34:40,6,c_teacherEng_G10a1P,true
6486012,221,4:34:43,6
6486012,220,4:34:45,6
6486012,212,4:34:45,1
6486012,210,4:34:46,1220,429
6486012,207,4:34:59,6,-516,-186
6486012,211,4:34:59,128,427
6486012,207,4:34:59,6,-186,-111
6486012,207,4:35:0,6,-111,-81
6486012,210,4:35:0,164,403
6486012,207,4:35:0,6,-81,0
6486012,211,4:35:1,90,305
6486012,213,4:35:1,6,s_lockerPoster_G10a1P,true
6486012,205,4:35:1,6,s_lockerPoster_G10a1P,false,false
6486012,221,4:35:43,6
6486012,220,4:35:45,6
6486012,1003,4:35:45,3
6486012,221,4:36:23,6
6486012,220,4:36:24,6
6486012,1003,4:36:24,3
6486012,1004,4:36:29,5
6486012,500,4:36:33,5,[]
6486012,501,4:36:34,5,[]
6486012,502,4:36:37,5,[IntentionData_logId:2,true]
6486012,503,4:36:38,5,[]
6486012,504,4:36:40,5,[InfluenceData_logId:0]
6486012,504,4:37:0,5,[InfluenceData_logId:0]
6486012,504,4:37:1,5,[InfluenceData_logId:2]
6486012,504,4:37:3,5,[InfluenceData_logId:0]
6486012,504,4:37:5,5,[InfluenceData_logId:5]
6486012,504,4:37:6,5,[InfluenceData_logId:4]
6486012,504,4:37:8,5,[InfluenceData_logId:3]
6486012,504,4:37:10,5,[InfluenceData_logId:8]
6486012,504,4:37:11,5,[InfluenceData_logId:6]
6486012,504,4:37:12,5,[InfluenceData_logId:4]
6486012,504,4:37:13,5,[InfluenceData_logId:2]
6486012,505,4:37:14,5,[InfluenceData_logId:2,true,InfluenceData_logId:4,false,InfluenceData_logId:6,true]
6486012,506,4:37:15,5,[]
6486012,507,4:37:36,5,[OpponentAttackData_logId:2,OpponentAttackTypeData_logId:1,false,30]
6486012,1002,4:37:39,5
6486012,1003,4:37:39,3
6486012,1004,4:37:39,5
6486012,500,4:37:49,5,[]
6486012,501,4:37:51,5,[]
6486012,502,4:38:0,5,[IntentionData_logId:2,true]
6486012,503,4:38:1,5,[]
6486012,504,4:38:4,5,[InfluenceData_logId:0]
6486012,504,4:38:5,5,[InfluenceData_logId:2]
6486012,504,4:38:7,5,[InfluenceData_logId:3]
6486012,504,4:38:8,5,[InfluenceData_logId:5]
6486012,504,4:38:10,5,[InfluenceData_logId:6]
6486012,505,4:38:10,5,[InfluenceData_logId:2,true,InfluenceData_logId:5,true,InfluenceData_logId:6,true]
6486012,506,4:38:13,5,[]
6486012,507,4:38:23,5,[OpponentAttackData_logId:1,OpponentAttackTypeData_logId:2,false,30]
6486012,1002,4:38:27,5
6486012,1003,4:38:27,3
6486012,1004,4:38:28,5
6486012,500,4:38:30,5,[]
6486012,501,4:38:50,5,[]
6486012,502,4:38:53,5,[IntentionData_logId:2,true]
6486012,503,4:38:54,5,[]
6486012,504,4:38:56,5,[InfluenceData_logId:2]
6486012,504,4:38:58,5,[InfluenceData_logId:5]
6486012,504,4:38:59,5,[InfluenceData_logId:6]
6486012,505,4:39:0,5,[InfluenceData_logId:2,true,InfluenceData_logId:5,true,InfluenceData_logId:6,true]
6486012,506,4:39:0,5,[]
6486012,507,4:39:7,5,[OpponentAttackData_logId:1,OpponentAttackTypeData_logId:0,true,0]
6486012,508,4:39:9,5,[]
6486012,509,4:39:13,5,[RefusalData_logId:4,2]
6486012,510,4:39:15,5,[AvailableRefusalData_logId:4,0A]
6486012,510,4:39:25,5,[AvailableRefusalData_logId:4,1A]
6486012,510,4:39:26,5,[AvailableRefusalData_logId:4,2A]
6486012,511,4:39:26,5,[AvailableRefusalData_logId:4,0A,1A,2A,true,50]
6486012,512,4:39:30,5,[]
6486012,513,4:39:30,5,[0]
6486012,514,4:39:53,5,[]
6486012,507,4:39:57,5,[OpponentAttackData_logId:2,OpponentAttackTypeData_logId:2,true,0]
6486012,508,4:40:0,5,[]
6486012,509,4:40:3,5,[RefusalData_logId:2,2]
6486012,510,4:40:5,5,[AvailableRefusalData_logId:2,0B]
6486012,510,4:40:7,5,[AvailableRefusalData_logId:2,0A]
6486012,510,4:40:9,5,[AvailableRefusalData_logId:2,1A]
6486012,510,4:40:12,5,[AvailableRefusalData_logId:2,2A]
6486012,511,4:40:12,5,[AvailableRefusalData_logId:2,0A,1A,2A,true,50]
6486012,512,4:40:39,5,[]
6486012,515,4:40:39,5,[150,0]
6486012,516,4:40:43,5,[]
6486012,517,4:40:45,5,[]
6486012,1005,4:40:45,5,[3,2,3]
6486012,1001,4:40:46,5,[]
6486012,1003,4:40:46,3
6486012,221,4:40:49,6
6486012,220,4:40:50,6
6486012,203,4:40:50,6
6486012,100,4:41:4,7
6486012,102,4:41:6,7
6486012,200,4:41:6,7,16,16,15,21,27
6486012,219,4:41:6,7
6486012,216,4:41:7,Stack_G10b0
6486012,217,4:41:9,Stack_G10b0,0.83,18
6486012,218,4:41:10,7
6486012,210,4:41:11,674,407
6486012,211,4:41:12,604,368
6486012,213,4:41:12,7,s_car2_G10b0,true
6486012,205,4:41:12,7,s_car2_G10b0,false,false
6486012,210,4:41:15,927,513
6486012,211,4:41:16,980,527
6486012,213,4:41:16,7,s_car1_G10b0,true
6486012,205,4:41:16,7,s_car1_G10b0,false,false
6486012,210,4:41:28,568,317
6486012,211,4:41:31,345,373
6486012,213,4:41:31,7,s_kidsGroup1_G10b0,true
6486012,205,4:41:31,7,s_kidsGroup1_G10b0,false,false
6486012,210,4:41:34,1010,336
6486012,211,4:41:35,1105,259
6486012,213,4:41:35,7,s_bar_G10b0,true
6486012,210,4:41:38,1180,406
6486012,207,4:41:39,7,-200,-485
6486012,207,4:41:40,7,-485,-710
6486012,207,4:41:42,7,-710,-1033.4
6486012,211,4:41:44,1795,391
6486012,213,4:41:44,7,c_crush1_M_b_G10b0,true
6486012,205,4:41:44,7,c_crush1_M_b_G10b0,false,false
6486012,210,4:41:47,1965,449
6486012,207,4:41:52,7,-1033.4,0
6486012,211,4:41:54,132,433
6486012,213,4:41:54,7,s_kidPointing_G10b0,true
6486012,205,4:41:54,7,s_kidPointing_G10b0,false,false
6486012,210,4:41:57,222,223
6486012,211,4:41:59,381,655
6486012,212,4:42:0,2
6486012,210,4:42:1,679,482
6486012,211,4:42:3,765,472
6486012,213,4:42:3,7,c_crewKid2_M_b_G10b0,true
6486012,205,4:42:3,7,c_crewKid2_M_b_G10b0,false,false
6486012,210,4:42:7,502,488
6486012,211,4:42:10,506,500
6486012,213,4:42:10,7,c_crush2_M_b_G10b0,false
6486012,1003,4:42:12,2
6486012,1004,4:42:14,3
6486012,900,4:42:29,3,[]
6486012,901,4:42:29,3,[PeopleData_id:4]
6486012,904,4:42:29,3,[PeopleData_id:4]
6486012,902,4:42:30,3,[PeopleData_id:4,PeopleData_data0Type]
6486012,902,4:42:31,3,[PeopleData_id:4,PeopleData_data1Type]
6486012,902,4:42:32,3,[PeopleData_id:4,PeopleData_data2Type]
6486012,903,4:42:33,3,[PeopleData_id4,PeopleData_data2Type]
6486012,901,4:42:34,3,[PeopleData_id:4]
6486012,904,4:42:34,3,[PeopleData_id:4]
6486012,905,4:42:35,3,[PeopleData_id:4,RankTypes_id:-1,RankTypes_id:2]
6486012,901,4:42:35,3,[PeopleData_id:5]
6486012,904,4:42:35,3,[PeopleData_id:5]
6486012,902,4:42:36,3,[PeopleData_id:5,PeopleData_data0Type]
6486012,902,4:42:37,3,[PeopleData_id:5,PeopleData_data2Type]
6486012,902,4:42:41,3,[PeopleData_id:5,PeopleData_data2Type]
6486012,902,4:42:42,3,[PeopleData_id:5,PeopleData_data3Type]
6486012,902,4:42:44,3,[PeopleData_id:5,PeopleData_data1Type]
6486012,903,4:42:49,3,[PeopleData_id5,PeopleData_data1Type]
6486012,901,4:42:50,3,[PeopleData_id:5]
6486012,904,4:42:50,3,[PeopleData_id:5]
6486012,905,4:42:50,3,[PeopleData_id:5,RankTypes_id:-1,RankTypes_id:2]
6486012,901,4:42:51,3,[PeopleData_id:3]
6486012,904,4:42:51,3,[PeopleData_id:3]
6486012,902,4:42:51,3,[PeopleData_id:3,PeopleData_data0Type]
6486012,902,4:42:52,3,[PeopleData_id:3,PeopleData_data1Type]
6486012,902,4:42:53,3,[PeopleData_id:3,PeopleData_data2Type]
6486012,902,4:42:54,3,[PeopleData_id:3,PeopleData_data3Type]
6486012,903,4:42:57,3,[PeopleData_id3,PeopleData_data3Type]
6486012,901,4:42:58,3,[PeopleData_id:3]
6486012,904,4:42:58,3,[PeopleData_id:3]
6486012,905,4:42:58,3,[PeopleData_id:3,RankTypes_id:-1,RankTypes_id:3]
6486012,901,4:42:59,3,[PeopleData_id:1]
6486012,902,4:42:59,3,[PeopleData_id:1,PeopleData_data0Type]
6486012,902,4:43:0,3,[PeopleData_id:1,PeopleData_data1Type]
6486012,902,4:43:1,3,[PeopleData_id:1,PeopleData_data0Type]
6486012,902,4:43:3,3,[PeopleData_id:1,PeopleData_data1Type]
6486012,902,4:43:6,3,[PeopleData_id:1,PeopleData_data2Type]
6486012,903,4:43:11,3,[PeopleData_id1,PeopleData_data2Type]
6486012,901,4:43:12,3,[PeopleData_id:1]
6486012,904,4:43:12,3,[PeopleData_id:1]
6486012,905,4:43:12,3,[PeopleData_id:1,RankTypes_id:-1,RankTypes_id:3]
6486012,901,4:43:13,3,[PeopleData_id:2]
6486012,902,4:43:13,3,[PeopleData_id:2,PeopleData_data0Type]
6486012,902,4:43:13,3,[PeopleData_id:2,PeopleData_data0Type]
6486012,902,4:43:20,3,[PeopleData_id:2,PeopleData_data1Type]
6486012,903,4:43:21,3,[PeopleData_id2,PeopleData_data1Type]
6486012,901,4:43:24,3,[PeopleData_id:2]
6486012,904,4:43:24,3,[PeopleData_id:2]
6486012,905,4:43:25,3,[PeopleData_id:2,RankTypes_id:-1,RankTypes_id:2]
6486012,901,4:43:25,3,[PeopleData_id:0]
6486012,904,4:43:25,3,[PeopleData_id:0]
6486012,902,4:43:47,3,[PeopleData_id:0,PeopleData_data0Type]
6486012,902,4:43:50,3,[PeopleData_id:0,PeopleData_data1Type]
6486012,902,4:43:51,3,[PeopleData_id:0,PeopleData_data0Type]
6486012,902,4:44:3,3,[PeopleData_id:0,PeopleData_data0Type]
6486012,902,4:44:4,3,[PeopleData_id:0,PeopleData_data1Type]
6486012,902,4:44:7,3,[PeopleData_id:0,PeopleData_data2Type]
6486012,902,4:44:9,3,[PeopleData_id:0,PeopleData_data3Type]
6486012,903,4:44:13,3,[PeopleData_id0,PeopleData_data3Type]
6486012,901,4:44:13,3,[PeopleData_id:0]
6486012,904,4:44:13,3,[PeopleData_id:0]
6486012,905,4:44:14,3,[PeopleData_id:0,RankTypes_id:-1,RankTypes_id:4]
6486012,906,4:44:14,3,[]
6486012,907,4:44:15,3,[]
6486012,908,4:44:15,3,[InvitationData_id:8,PeopleData_id:5,RankTypes_id:2]
6486012,909,4:44:41,3,[InvitationData_id:8,PeopleData_id:5,RankTypes_id:2,0]
6486012,910,4:44:43,3,[InvitationData_id:8,-2,false]
6486012,908,4:44:43,3,[InvitationData_id:5,PeopleData_id:3,RankTypes_id:3]
6486012,909,4:44:45,3,[InvitationData_id:5,PeopleData_id:3,RankTypes_id:3,1]
6486012,910,4:44:45,3,[InvitationData_id:5,7,false]
6486012,908,4:44:45,3,[InvitationData_id:3,PeopleData_id:0,RankTypes_id:4]
6486012,909,4:44:48,3,[InvitationData_id:3,PeopleData_id:0,RankTypes_id:4,1]
6486012,910,4:44:49,3,[InvitationData_id:3,9,false]
6486012,908,4:44:49,3,[InvitationData_id:0,PeopleData_id:0,RankTypes_id:4]
6486012,909,4:44:53,3,[InvitationData_id:0,PeopleData_id:0,RankTypes_id:4,1]
6486012,910,4:44:54,3,[InvitationData_id:0,9,false]
6486012,908,4:44:54,3,[InvitationData_id:2,PeopleData_id:0,RankTypes_id:4]
6486012,909,4:44:58,3,[InvitationData_id:2,PeopleData_id:0,RankTypes_id:4,1]
6486012,910,4:44:59,3,[InvitationData_id:2,0,true]
6486012,908,4:44:59,3,[InvitationData_id:1,PeopleData_id:5,RankTypes_id:2]
6486012,909,4:45:5,3,[InvitationData_id:1,PeopleData_id:5,RankTypes_id:2,0]
6486012,910,4:45:6,3,[InvitationData_id:1,-2,false]
6486012,908,4:45:6,3,[InvitationData_id:7,PeopleData_id:2,RankTypes_id:2]
6486012,909,4:45:8,3,[InvitationData_id:7,PeopleData_id:2,RankTypes_id:2,0]
6486012,910,4:45:9,3,[InvitationData_id:7,-2,false]
6486012,908,4:45:9,3,[InvitationData_id:10,PeopleData_id:1,RankTypes_id:3]
6486012,909,4:45:11,3,[InvitationData_id:10,PeopleData_id:1,RankTypes_id:3,1]
6486012,910,4:45:12,3,[InvitationData_id:10,7,false]
6486012,908,4:45:12,3,[InvitationData_id:4,PeopleData_id:0,RankTypes_id:4]
6486012,909,4:45:15,3,[InvitationData_id:4,PeopleData_id:0,RankTypes_id:4,1]
6486012,910,4:45:16,3,[InvitationData_id:4,9,false]
6486012,908,4:45:16,3,[InvitationData_id:11,PeopleData_id:4,RankTypes_id:2]
6486012,909,4:45:21,3,[InvitationData_id:11,PeopleData_id:4,RankTypes_id:2,0]
6486012,910,4:45:22,3,[InvitationData_id:11,-2,false]
6486012,908,4:45:22,3,[InvitationData_id:12,PeopleData_id:2,RankTypes_id:2]
6486012,909,4:46:22,3,[InvitationData_id:12,PeopleData_id:2,RankTypes_id:2,0]
6486012,910,4:46:23,3,[InvitationData_id:12,-2,false]
6486012,908,4:46:23,3,[InvitationData_id:6,PeopleData_id:0,RankTypes_id:4]
6486012,909,4:46:25,3,[InvitationData_id:6,PeopleData_id:0,RankTypes_id:4,1]
6486012,910,4:46:26,3,[InvitationData_id:6,9,false]
6486012,908,4:46:26,3,[InvitationData_id:9,PeopleData_id:4,RankTypes_id:2]
6486012,909,4:46:29,3,[InvitationData_id:9,PeopleData_id:4,RankTypes_id:2,0]
6486012,910,4:46:29,3,[InvitationData_id:9,-2,false]
6486012,911,4:46:31,3,[38,1,0,1]
6486012,1005,4:46:31,3,[2,1,2]
6486012,1000,4:46:32,3,[]
6486012,900,4:46:32,3,[]
6486012,901,4:46:33,3,[PeopleData_id:1]
6486012,902,4:46:34,3,[PeopleData_id:1,PeopleData_data0Type]
6486012,902,4:46:35,3,[PeopleData_id:1,PeopleData_data1Type]
6486012,902,4:46:35,3,[PeopleData_id:1,PeopleData_data2Type]
6486012,903,4:46:36,3,[PeopleData_id1,PeopleData_data2Type]
6486012,901,4:46:36,3,[PeopleData_id:1]
6486012,904,4:46:37,3,[PeopleData_id:1]
6486012,905,4:46:37,3,[PeopleData_id:1,RankTypes_id:-1,RankTypes_id:4]
6486012,901,4:46:37,3,[PeopleData_id:1]
6486012,905,4:46:37,3,[PeopleData_id:1,RankTypes_id:4,RankTypes_id:4]
6486012,901,4:46:38,3,[PeopleData_id:0]
6486012,902,4:46:38,3,[PeopleData_id:0,PeopleData_data0Type]
6486012,902,4:46:39,3,[PeopleData_id:0,PeopleData_data1Type]
6486012,902,4:46:39,3,[PeopleData_id:0,PeopleData_data1Type]
6486012,902,4:46:40,3,[PeopleData_id:0,PeopleData_data2Type]
6486012,902,4:46:40,3,[PeopleData_id:0,PeopleData_data3Type]
6486012,903,4:46:41,3,[PeopleData_id0,PeopleData_data3Type]
6486012,901,4:46:42,3,[PeopleData_id:0]
6486012,904,4:46:42,3,[PeopleData_id:0]
6486012,905,4:46:43,3,[PeopleData_id:0,RankTypes_id:-1,RankTypes_id:4]
6486012,902,4:46:44,3,[PeopleData_id:0,PeopleData_data0Type]
6486012,903,4:46:45,3,[PeopleData_id0,PeopleData_data0Type]
6486012,901,4:46:45,3,[PeopleData_id:5]
6486012,902,4:46:46,3,[PeopleData_id:5,PeopleData_data0Type]
6486012,902,4:46:46,3,[PeopleData_id:5,PeopleData_data1Type]
6486012,902,4:46:49,3,[PeopleData_id:5,PeopleData_data2Type]
6486012,902,4:46:49,3,[PeopleData_id:5,PeopleData_data3Type]
6486012,903,4:46:51,3,[PeopleData_id5,PeopleData_data3Type]
6486012,901,4:46:52,3,[PeopleData_id:5]
6486012,904,4:46:52,3,[PeopleData_id:5]
6486012,905,4:46:52,3,[PeopleData_id:5,RankTypes_id:-1,RankTypes_id:3]
6486012,901,4:46:53,3,[PeopleData_id:5]
6486012,904,4:46:53,3,[PeopleData_id:5]
6486012,905,4:46:53,3,[PeopleData_id:5,RankTypes_id:3,RankTypes_id:2]
6486012,901,4:46:54,3,[PeopleData_id:4]
6486012,902,4:46:54,3,[PeopleData_id:4,PeopleData_data0Type]
6486012,902,4:46:55,3,[PeopleData_id:4,PeopleData_data1Type]
6486012,902,4:46:55,3,[PeopleData_id:4,PeopleData_data2Type]
6486012,903,4:46:57,3,[PeopleData_id4,PeopleData_data2Type]
6486012,902,4:46:59,3,[PeopleData_id:4,PeopleData_data1Type]
6486012,902,4:47:1,3,[PeopleData_id:4,PeopleData_data0Type]
6486012,903,4:47:4,3,[PeopleData_id4,PeopleData_data0Type]
6486012,901,4:47:5,3,[PeopleData_id:4]
6486012,904,4:47:5,3,[PeopleData_id:4]
6486012,901,4:47:6,3,[PeopleData_id:4]
6486012,904,4:47:6,3,[PeopleData_id:4]
6486012,905,4:47:6,3,[PeopleData_id:4,RankTypes_id:-1,RankTypes_id:2]
6486012,901,4:47:7,3,[PeopleData_id:3]
6486012,902,4:47:7,3,[PeopleData_id:3,PeopleData_data0Type]
6486012,902,4:47:8,3,[PeopleData_id:3,PeopleData_data1Type]
6486012,902,4:47:9,3,[PeopleData_id:3,PeopleData_data2Type]
6486012,902,4:47:9,3,[PeopleData_id:3,PeopleData_data3Type]
6486012,903,4:47:11,3,[PeopleData_id3,PeopleData_data3Type]
6486012,901,4:47:12,3,[PeopleData_id:3]
6486012,904,4:47:12,3,[PeopleData_id:3]
6486012,905,4:47:12,3,[PeopleData_id:3,RankTypes_id:-1,RankTypes_id:3]
6486012,901,4:47:13,3,[PeopleData_id:2]
6486012,902,4:47:14,3,[PeopleData_id:2,PeopleData_data0Type]
6486012,902,4:47:15,3,[PeopleData_id:2,PeopleData_data1Type]
6486012,903,4:47:15,3,[PeopleData_id2,PeopleData_data1Type]
6486012,901,4:47:16,3,[PeopleData_id:2]
6486012,904,4:47:16,3,[PeopleData_id:2]
6486012,905,4:47:16,3,[PeopleData_id:2,RankTypes_id:-1,RankTypes_id:2]
6486012,906,4:47:16,3,[]
6486012,907,4:47:17,3,[]
6486012,908,4:47:17,3,[InvitationData_id:4,PeopleData_id:0,RankTypes_id:4]
6486012,909,4:47:21,3,[InvitationData_id:4,PeopleData_id:0,RankTypes_id:4,1]
6486012,910,4:47:21,3,[InvitationData_id:4,9,false]
6486012,908,4:47:21,3,[InvitationData_id:12,PeopleData_id:2,RankTypes_id:2]
6486012,909,4:47:23,3,[InvitationData_id:12,PeopleData_id:2,RankTypes_id:2,0]
6486012,910,4:47:24,3,[InvitationData_id:12,-2,false]
6486012,908,4:47:24,3,[InvitationData_id:9,PeopleData_id:4,RankTypes_id:2]
6486012,909,4:47:26,3,[InvitationData_id:9,PeopleData_id:4,RankTypes_id:2,0]
6486012,910,4:47:26,3,[InvitationData_id:9,-2,false]
6486012,908,4:47:26,3,[InvitationData_id:11,PeopleData_id:4,RankTypes_id:2]
6486012,909,4:47:30,3,[InvitationData_id:11,PeopleData_id:4,RankTypes_id:2,0]
6486012,910,4:47:30,3,[InvitationData_id:11,-2,false]
6486012,908,4:47:30,3,[InvitationData_id:5,PeopleData_id:3,RankTypes_id:3]
6486012,909,4:48:12,3,[InvitationData_id:5,PeopleData_id:3,RankTypes_id:3,1]
6486012,910,4:48:13,3,[InvitationData_id:5,7,false]
6486012,908,4:48:13,3,[InvitationData_id:6,PeopleData_id:0,RankTypes_id:4]
6486012,909,4:48:18,3,[InvitationData_id:6,PeopleData_id:0,RankTypes_id:4,1]
6486012,910,4:48:19,3,[InvitationData_id:6,9,false]
6486012,908,4:48:19,3,[InvitationData_id:2,PeopleData_id:0,RankTypes_id:4]
6486012,909,4:48:23,3,[InvitationData_id:2,PeopleData_id:0,RankTypes_id:4,0]
6486012,910,4:48:24,3,[InvitationData_id:2,-11,false]
6486012,908,4:48:24,3,[InvitationData_id:10,PeopleData_id:1,RankTypes_id:4]
6486012,909,4:48:27,3,[InvitationData_id:10,PeopleData_id:1,RankTypes_id:4,1]
6486012,910,4:48:28,3,[InvitationData_id:10,9,false]
6486012,908,4:48:28,3,[InvitationData_id:7,PeopleData_id:2,RankTypes_id:2]
6486012,909,4:48:31,3,[InvitationData_id:7,PeopleData_id:2,RankTypes_id:2,0]
6486012,910,4:48:31,3,[InvitationData_id:7,-2,false]
6486012,908,4:48:31,3,[InvitationData_id:3,PeopleData_id:0,RankTypes_id:4]
6486012,909,4:48:34,3,[InvitationData_id:3,PeopleData_id:0,RankTypes_id:4,1]
6486012,910,4:48:35,3,[InvitationData_id:3,9,false]
6486012,908,4:48:35,3,[InvitationData_id:1,PeopleData_id:5,RankTypes_id:2]
6486012,909,4:48:37,3,[InvitationData_id:1,PeopleData_id:5,RankTypes_id:2,0]
6486012,910,4:48:38,3,[InvitationData_id:1,-2,false]
6486012,908,4:48:38,3,[InvitationData_id:8,PeopleData_id:5,RankTypes_id:2]
6486012,909,4:48:39,3,[InvitationData_id:8,PeopleData_id:5,RankTypes_id:2,0]
6486012,910,4:48:40,3,[InvitationData_id:8,-2,false]
6486012,908,4:48:40,3,[InvitationData_id:0,PeopleData_id:0,RankTypes_id:4]
6486012,909,4:48:42,3,[InvitationData_id:0,PeopleData_id:0,RankTypes_id:4,1]
6486012,910,4:48:42,3,[InvitationData_id:0,9,false]
6486012,911,4:48:43,3,[29,0,0,0]
6486012,1001,4:48:49,3,[]
6486012,1003,4:48:49,2
6486012,210,4:48:52,703,469
6486012,211,4:48:52,516,480
6486012,213,4:48:52,7,c_crush2_M_b_G10b0,true
6486012,205,4:48:53,7,c_crush2_M_b_G10b0,false,false
6486012,210,4:48:56,571,423
6486012,207,4:48:57,7,-200,-65
6486012,207,4:48:57,7,-65,0
6486012,211,4:48:58,2,402
6486012,210,4:48:59,73,398
6486012,207,4:49:3,7,0,-240
6486012,207,4:49:5,7,-240,-480
6486012,207,4:49:6,7,-480,-1033.4
6486012,211,4:49:9,1653,583
6486012,212,4:49:10,1
6486012,210,4:49:10,1777,446
6486012,211,4:49:11,1806,486
6486012,213,4:49:11,7,c_crush1_M_b_G10b0,true
6486012,205,4:49:11,7,c_crush1_M_b_G10b0,false,true
6486012,210,4:49:14,1930,393
6486012,207,4:49:14,7,-1033.4,-1033.4
6486012,211,4:49:16,975,457
6486012,207,4:49:16,7,-1033.4,-958.4
6486012,210,4:49:16,934,427
6486012,207,4:49:17,7,-958.4,-808.4
6486012,207,4:49:19,7,-808.4,-433.4
6486012,207,4:49:22,7,-433.4,-28.4
6486012,211,4:49:24,266,403
6486012,213,4:49:24,7,s_kidsGroup1_G10b0,true
6486012,205,4:49:24,7,s_kidsGroup1_G10b0,false,true
6486012,210,4:49:27,151,437
6486012,211,4:49:27,130,437
6486012,213,4:49:27,7,s_kidPointing_G10b0,true
6486012,205,4:49:27,7,s_kidPointing_G10b0,false,true
6486012,210,4:49:31,144,196
6486012,211,4:49:33,647,657
6486012,210,4:49:34,1082,486
6486012,207,4:49:35,7,-28.4,-388.4
6486012,211,4:49:35,1170,638
6486012,212,4:49:36,2
6486012,207,4:49:36,7,-388.4,-403.4
6486012,210,4:49:36,1280,448
6486012,211,4:49:41,994,438
6486012,212,4:49:42,0
6486012,210,4:49:43,853,250
6486012,211,4:49:45,872,419
6486012,212,4:49:45,2
6486012,210,4:49:46,874,267
6486012,211,4:49:46,898,311
6486012,212,4:49:47,1
6486012,210,4:49:47,833,291
6486012,211,4:49:48,840,372
6486012,219,4:49:50,7
6486012,216,4:49:50,Stack_G10b1N
6486012,217,4:50:16,Stack_G10b1N,22,0.00
6486012,218,4:50:17,7
6486012,210,4:50:18,778,458
6486012,207,4:50:20,7,-200,0
6486012,211,4:50:23,640,334
6486012,210,4:50:23,842,299
6486012,211,4:50:24,1061,331
6486012,207,4:50:24,7,0,-60
6486012,210,4:50:25,1093,319
6486012,207,4:50:25,7,-60,-225
6486012,207,4:50:27,7,-225,-1033.4
6486012,211,4:50:28,2042,340
6486012,210,4:50:28,1778,419
6486012,207,4:50:29,7,-1033.4,-1033.4
6486012,211,4:50:31,1411,414
6486012,213,4:50:31,7,s_carSmashed_G10b1N,true
6486012,205,4:50:31,7,s_carSmashed_G10b1N,false,false
6486012,210,4:50:35,1230,382
6486012,211,4:50:41,1221,393
6486012,213,4:50:41,7,s_carSmashed_G10b1N,true
6486012,205,4:50:41,7,s_carSmashed_G10b1N,false,true
6486012,210,4:50:53,1170,390
6486012,207,4:50:53,7,-1033.4,-748.4
6486012,207,4:50:55,7,-748.4,-373.4
6486012,211,4:50:56,559,535
6486012,212,4:50:57,0
6486012,210,4:50:57,573,311
6486012,207,4:51:1,7,-373.4,-313.4
6486012,211,4:51:1,490,564
6486012,210,4:51:1,1154,366
6486012,207,4:51:2,7,-313.4,-403.4
6486012,211,4:51:3,2023,432
6486012,207,4:51:3,7,-403.4,-1018.4
6486012,207,4:51:3,7,-1018.4,-1033.4
6486012,210,4:51:3,2013,441
6486012,207,4:51:4,7,-1033.4,-1033.4
6486012,211,4:51:6,1603,554
6486012,212,4:51:6,2
6486012,207,4:51:7,7,-1033.4,-1033.4
6486012,210,4:51:7,1874,344
6486012,211,4:51:8,1880,407
6486012,213,4:51:8,7,c_cousinsBrothersFriend_b_G10b1N,true
6486012,205,4:51:8,7,c_cousinsBrothersFriend_b_G10b1N,false,false
6486012,210,4:51:11,1871,493
6486012,207,4:51:11,7,-1033.4,-1033.4
6486012,207,4:51:13,7,-1033.4,-898.4
6486012,211,4:51:13,1187,630
6486012,212,4:51:14,1
6486012,210,4:51:14,1322,380
6486012,211,4:51:15,1304,620
6486012,212,4:51:16,0
6486012,210,4:51:16,1263,395
6486012,211,4:51:17,825,374
6486012,207,4:51:17,7,-898.4,-808.4
6486012,207,4:51:17,7,-808.4,-778.4
6486012,210,4:51:18,874,342
6486012,211,4:51:19,585,312
6486012,207,4:51:19,7,-778.4,-568.4
6486012,210,4:51:20,518,316
6486012,207,4:51:20,7,-568.4,-328.4
6486012,207,4:51:22,7,-328.4,-58.4
6486012,207,4:51:22,7,-58.4,0
6486012,207,4:51:24,7,0,-45
6486012,211,4:51:27,753,461
6486012,212,4:51:27,1
6486012,210,4:51:27,857,301
6486012,207,4:51:29,7,-45,-300
6486012,207,4:51:31,7,-300,-405
6486012,207,4:51:33,7,-405,-480
6486012,207,4:51:34,7,-480,-825
6486012,207,4:51:36,7,-825,-990
6486012,211,4:51:36,1864,539
6486012,210,4:51:36,1870,466
6486012,207,4:51:37,7,-990,-1033.4
6486012,207,4:51:37,7,-1033.4,-1033.4
6486012,211,4:51:38,1874,584
6486012,212,4:51:38,2
6486012,210,4:51:38,1684,476
6486012,211,4:51:39,1861,533
6486012,212,4:51:40,0
6486012,210,4:51:40,1739,492
6486012,207,4:51:42,7,-1033.4,-913.4
6486012,207,4:51:44,7,-913.4,-673.4
6486012,207,4:51:45,7,-673.4,-328.4
6486012,207,4:51:47,7,-328.4,-208.4
6486012,211,4:51:48,165,396
6486012,207,4:51:48,7,-208.4,-148.4
6486012,207,4:51:48,7,-148.4,-133.4
6486012,210,4:51:48,410,454
6486012,207,4:51:48,7,-133.4,-43.4
6486012,211,4:51:49,561,558
6486012,212,4:51:50,2
6486012,210,4:51:50,476,552
6486012,211,4:51:51,550,563
6486012,213,4:51:51,7,s_kidsHorrified_G10b1N,true
6486012,205,4:51:51,7,s_kidsHorrified_G10b1N,false,false
6486012,210,4:53:1,486,319
6486012,211,4:53:1,524,321
6486012,210,4:53:2,572,378
6486012,211,4:53:2,601,402
6486012,213,4:53:5,7,c_crewKid2_M_b_G10b0,true
6486012,205,4:53:5,7,c_crewKid2_M_b_G10b0,false,true
6486012,221,4:53:9,7
6486012,220,4:53:12,7
6486012,1003,4:53:12,3
6486012,1004,4:53:13,7
6486012,500,4:53:15,7,[]
6486012,501,4:53:17,7,[]
6486012,502,4:53:21,7,[IntentionData_logId:3,true]
6486012,503,4:53:22,7,[]
6486012,504,4:53:27,7,[InfluenceData_logId:0]
6486012,504,4:53:28,7,[InfluenceData_logId:1]
6486012,504,4:53:30,7,[InfluenceData_logId:2]
6486012,504,4:53:32,7,[InfluenceData_logId:5]
6486012,504,4:54:3,7,[InfluenceData_logId:4]
6486012,504,4:54:3,7,[InfluenceData_logId:3]
6486012,504,4:54:4,7,[InfluenceData_logId:7]
6486012,504,4:54:5,7,[InfluenceData_logId:8]
6486012,504,4:54:5,7,[InfluenceData_logId:6]
6486012,504,4:54:7,7,[InfluenceData_logId:8]
6486012,504,4:54:10,7,[InfluenceData_logId:6]
6486012,505,4:54:10,7,[InfluenceData_logId:2,true,InfluenceData_logId:3,true,InfluenceData_logId:6,true]
6486012,506,4:54:11,7,[]
6486012,507,4:54:23,7,[OpponentAttackData_logId:1,OpponentAttackTypeData_logId:1,true,0]
6486012,508,4:54:50,7,[]
6486012,509,4:54:54,7,[RefusalData_logId:4,2]
6486012,510,4:54:55,7,[AvailableRefusalData_logId:4,0A]
6486012,510,4:54:56,7,[AvailableRefusalData_logId:4,1C]
6486012,510,4:55:2,7,[AvailableRefusalData_logId:4,0C]
6486012,510,4:55:6,7,[AvailableRefusalData_logId:4,1A]
6486012,510,4:55:10,7,[AvailableRefusalData_logId:4,0B]
6486012,510,4:55:11,7,[AvailableRefusalData_logId:4,1B]
6486012,510,4:55:13,7,[AvailableRefusalData_logId:4,2B]
6486012,511,4:55:13,7,[AvailableRefusalData_logId:4,0B,1B,2B,false,0]
6486012,512,4:55:16,7,[]
6486012,513,4:55:16,7,[30]
6486012,514,4:55:19,7,[]
6486012,507,4:55:31,7,[OpponentAttackData_logId:3,OpponentAttackTypeData_logId:0,false,30]
6486012,508,4:55:33,7,[]
6486012,509,4:55:36,7,[RefusalData_logId:3,2]
6486012,510,4:55:49,7,[AvailableRefusalData_logId:3,0A]
6486012,510,4:55:50,7,[AvailableRefusalData_logId:3,0B]
6486012,510,4:55:51,7,[AvailableRefusalData_logId:3,2C]
6486012,510,4:56:9,7,[AvailableRefusalData_logId:3,0A]
6486012,510,4:56:11,7,[AvailableRefusalData_logId:3,1A]
6486012,510,4:56:13,7,[AvailableRefusalData_logId:3,2A]
6486012,511,4:56:13,7,[AvailableRefusalData_logId:3,0A,1A,2A,true,50]
6486012,512,4:56:15,7,[]
6486012,513,4:56:15,7,[0]
6486012,514,4:56:46,7,[]
6486012,507,4:56:56,7,[OpponentAttackData_logId:2,OpponentAttackTypeData_logId:2,true,0]
6486012,508,4:56:58,7,[]
6486012,509,4:57:5,7,[RefusalData_logId:8,2]
6486012,510,4:57:6,7,[AvailableRefusalData_logId:8,0B]
6486012,510,4:57:8,7,[AvailableRefusalData_logId:8,0C]
6486012,510,4:57:10,7,[AvailableRefusalData_logId:8,0A]
6486012,510,4:57:11,7,[AvailableRefusalData_logId:8,1A]
6486012,510,4:57:22,7,[AvailableRefusalData_logId:8,0B]
6486012,510,4:57:22,7,[AvailableRefusalData_logId:8,1B]
6486012,510,4:57:22,7,[AvailableRefusalData_logId:8,2B]
6486012,511,4:57:23,7,[AvailableRefusalData_logId:8,0B,1B,2B,false,0]
6486012,512,4:57:25,7,[]
6486012,513,4:57:25,7,[30]
6486012,514,4:57:28,7,[]
6486012,507,4:57:34,7,[OpponentAttackData_logId:1,OpponentAttackTypeData_logId:3,true,0]
6486012,508,4:57:36,7,[]
6486012,509,4:57:42,7,[RefusalData_logId:9,1]
6486012,510,4:57:44,7,[AvailableRefusalData_logId:9,0C]
6486012,510,4:57:44,7,[AvailableRefusalData_logId:9,0A]
6486012,510,4:57:46,7,[AvailableRefusalData_logId:9,1A]
6486012,510,4:57:51,7,[AvailableRefusalData_logId:9,2A]
6486012,511,4:57:52,7,[AvailableRefusalData_logId:9,0A,1A,2A,true,30]
6486012,512,4:57:55,7,[]
6486012,513,4:57:55,7,[0]
6486012,514,4:58:3,7,[]
6486012,515,4:58:3,7,[60,20]
6486012,516,5:1:9,7,[]
6486012,517,5:1:10,7,[]
6486012,1005,5:1:10,7,[3,0,1]
6486012,1000,5:1:12,7,[]
6486012,500,5:1:13,7,[]
6486012,501,5:2:24,7,[]
6486012,502,5:3:21,7,[IntentionData_logId:3,true]
6486012,503,5:3:22,7,[]
6486012,504,5:3:24,7,[InfluenceData_logId:2]
6486012,504,5:3:25,7,[InfluenceData_logId:4]
6486012,504,5:3:28,7,[InfluenceData_logId:3]
6486012,504,5:3:30,7,[InfluenceData_logId:6]
6486012,505,5:3:31,7,[InfluenceData_logId:2,true,InfluenceData_logId:3,true,InfluenceData_logId:6,true]
6486012,506,5:3:33,7,[]
6486012,507,5:3:42,7,[OpponentAttackData_logId:1,OpponentAttackTypeData_logId:1,true,0]
6486012,508,5:3:44,7,[]
6486012,509,5:3:47,7,[RefusalData_logId:4,2]
6486012,510,5:3:50,7,[AvailableRefusalData_logId:4,0A]
6486012,510,5:3:52,7,[AvailableRefusalData_logId:4,1B]
6486012,510,5:3:52,7,[AvailableRefusalData_logId:4,1A]
6486012,510,5:3:53,7,[AvailableRefusalData_logId:4,2A]
6486012,511,5:3:55,7,[AvailableRefusalData_logId:4,0A,1A,2A,true,50]
6486012,512,5:3:57,7,[]
6486012,513,5:3:57,7,[0]
6486012,514,5:3:58,7,[]
6486012,507,5:4:24,7,[OpponentAttackData_logId:3,OpponentAttackTypeData_logId:4,true,0]
6486012,508,5:4:38,7,[]
6486012,509,5:5:10,7,[RefusalData_logId:8,2]
6486012,510,5:5:12,7,[AvailableRefusalData_logId:8,0A]
6486012,510,5:5:15,7,[AvailableRefusalData_logId:8,0C]
6486012,510,5:5:22,7,[AvailableRefusalData_logId:8,1B]
6486012,510,5:5:22,7,[AvailableRefusalData_logId:8,2B]
6486012,511,5:5:23,7,[AvailableRefusalData_logId:8,0C,1B,2B,false,0]
6486012,512,5:5:25,7,[]
6486012,513,5:5:25,7,[30]
6486012,514,5:5:36,7,[]
6486012,507,5:5:43,7,[OpponentAttackData_logId:2,OpponentAttackTypeData_logId:2,true,0]
6486012,508,5:5:50,7,[]
6486012,509,5:5:56,7,[RefusalData_logId:3,2]
6486012,510,5:5:58,7,[AvailableRefusalData_logId:3,0C]
6486012,510,5:6:2,7,[AvailableRefusalData_logId:3,0A]
6486012,510,5:6:2,7,[AvailableRefusalData_logId:3,1A]
6486012,510,5:6:6,7,[AvailableRefusalData_logId:3,2A]
6486012,511,5:6:6,7,[AvailableRefusalData_logId:3,0A,1A,2A,true,50]
6486012,512,5:6:9,7,[]
6486012,515,5:6:9,7,[120,0]
6486012,516,5:6:9,7,[]
6486012,517,5:6:11,7,[]
6486012,1005,5:6:11,7,[3,1,3]
6486012,1001,5:6:12,7,[]
6486012,1003,5:6:12,3
6486012,210,5:6:21,733,390
6486012,211,5:6:22,526,462
6486012,213,5:6:22,7,c_crush2_M_b_G10b0,true
6486012,205,5:6:22,7,c_crush2_M_b_G10b0,false,true
6486012,210,5:6:25,611,492
6486012,207,5:6:26,7,-200,0
6486012,211,5:6:28,853,406
6486012,221,5:6:29,7
6486012,220,5:6:31,7
6486012,212,5:6:32,0
6486012,207,5:6:32,7,0,-30
6486012,210,5:6:32,835,474
6486012,211,5:6:34,86,362
6486012,207,5:6:34,7,-30,-15
6486012,207,5:6:34,7,-15,0
6486012,210,5:6:34,216,450
6486012,211,5:6:35,6,414
6486012,210,5:6:35,112,341
6486012,207,5:6:39,7,0,-45
6486012,211,5:6:39,1034,329
6486012,207,5:6:39,7,-45,-60
6486012,210,5:6:40,811,340
6486012,207,5:6:44,7,-60,-1033.4
6486012,207,5:6:50,7,-1033.4,-1033.4
6486012,211,5:6:50,2051,404
6486012,207,5:6:50,7,-1033.4,-1033.4
6486012,210,5:6:50,1612,430
6486012,207,5:6:50,7,-1033.4,-1033.4
6486012,207,5:6:51,7,-1033.4,-1033.4
6486012,207,5:6:51,7,-1033.4,-1033.4
6486012,211,5:6:52,1004,502
6486012,207,5:6:52,7,-1033.4,-973.4
6486012,207,5:6:53,7,-973.4,-943.4
6486012,210,5:6:53,1052,476
6486012,207,5:6:55,7,-943.4,-643.4
6486012,207,5:6:57,7,-643.4,-553.4
6486012,211,5:6:58,730,226
6486012,213,5:6:58,7,s_trafficLight_G10b0,true
6486012,205,5:6:58,7,s_trafficLight_G10b0,false,false
6486012,221,5:7:19,7
6486012,220,5:7:21,7
6486012,219,5:7:21,7
6486012,216,5:7:22,Stack_G10b1P
6486012,217,5:7:24,Stack_G10b1P,2.1,11
6486012,218,5:7:25,7
6486012,210,5:7:26,815,370
6486012,207,5:7:28,7,-200,-320
6486012,207,5:7:30,7,-320,-991
6486012,211,5:7:32,2012,142
6486012,210,5:7:32,1879,152
6486012,211,5:7:36,1695,629
6486012,210,5:7:37,1693,583
6486012,211,5:7:38,1688,608
6486012,213,5:7:38,7,s_candles_G10b1P,true
6486012,1003,5:7:41,0
6486012,1004,5:7:42,3
6486012,400,5:7:44,3,[]
6486012,401,5:7:45,3,[StatementsData_logId:0]
6486012,1002,5:7:47,3
6486012,1003,5:7:47,0
6486012,1004,5:7:48,5
6486012,400,5:7:50,5,[]
6486012,401,5:7:52,5,[StatementsData_logId:0]
6486012,404,5:7:55,5,[StatementsData_logId:0,false]
6486012,405,5:7:57,5,[StatementsData_logId:0]
6486012,1002,5:8:0,5
6486012,1003,5:8:0,0
6486012,1004,5:8:1,5
6486012,400,5:8:34,5,[]
6486012,401,5:8:59,5,[StatementsData_logId:0]
6486012,403,5:9:5,5,[StatementsData_logId:0,true]
6486012,405,5:9:5,5,[StatementsData_logId:0]
6486012,406,5:9:6,5,[StatementsData_logId:0,2]
6486012,407,5:9:6,5,[StatementsData_logId:0,FactCardData_id:24]
6486012,407,5:9:6,5,[StatementsData_logId:0,FactCardData_id:1]
6486012,407,5:9:6,5,[StatementsData_logId:0,FactCardData_id:4]
6486012,407,5:9:6,5,[StatementsData_logId:0,FactCardData_id:5]
6486012,407,5:9:6,5,[StatementsData_logId:0,FactCardData_id:26]
6486012,407,5:9:6,5,[StatementsData_logId:0,FactCardData_id:27]
6486012,407,5:9:9,5,[StatementsData_logId:0,FactCardData_id:24]
6486012,407,5:9:9,5,[StatementsData_logId:0,FactCardData_id:24]
6486012,407,5:9:12,5,[StatementsData_logId:0,FactCardData_id:1]
6486012,407,5:9:12,5,[StatementsData_logId:0,FactCardData_id:24]
6486012,407,5:9:12,5,[StatementsData_logId:0,FactCardData_id:1]
6486012,407,5:9:14,5,[StatementsData_logId:0,FactCardData_id:4]
6486012,407,5:9:14,5,[StatementsData_logId:0,FactCardData_id:1]
6486012,407,5:9:14,5,[StatementsData_logId:0,FactCardData_id:4]
6486012,407,5:9:15,5,[StatementsData_logId:0,FactCardData_id:26]
6486012,407,5:9:15,5,[StatementsData_logId:0,FactCardData_id:4]
6486012,407,5:9:15,5,[StatementsData_logId:0,FactCardData_id:26]
6486012,407,5:9:19,5,[StatementsData_logId:0,FactCardData_id:27]
6486012,407,5:9:19,5,[StatementsData_logId:0,FactCardData_id:26]
6486012,407,5:9:19,5,[StatementsData_logId:0,FactCardData_id:27]
6486012,408,5:9:21,5,[StatementsData_logId:0,FactCardData_id:27,true]
6486012,409,5:9:21,5,[StatementsData_logId:0]
6486012,410,5:9:22,5,[StatementsData_logId:0,2]
6486012,412,5:9:36,5,[StatementsData_logId:0]
6486012,413,5:9:37,5,[StatementsData_logId:0,DuelResponsesData_logId:0]
6486012,414,5:9:38,5,[StatementsData_logId:0,DuelResponsesData_logId:0]
6486012,415,5:9:42,5,[StatementsData_logId:0,DuelResponsesData_logId:0,DuelResponsesData_witty_player_response]
6486012,416,5:9:42,5,[StatementsData_logId:0,DuelResponsesData_logId:0]
6486012,417,5:9:43,5,[StatementsData_logId:0,DuelResponsesData_logId:0]
6486012,413,5:9:43,5,[StatementsData_logId:0,DuelResponsesData_logId:1]
6486012,414,5:9:44,5,[StatementsData_logId:0,DuelResponsesData_logId:1]
6486012,415,5:9:46,5,[StatementsData_logId:0,DuelResponsesData_logId:1,DuelResponsesData_ok_player_response]
6486012,416,5:9:47,5,[StatementsData_logId:0,DuelResponsesData_logId:1]
6486012,417,5:9:47,5,[StatementsData_logId:0,DuelResponsesData_logId:1]
6486012,413,5:9:48,5,[StatementsData_logId:0,DuelResponsesData_logId:2]
6486012,414,5:9:48,5,[StatementsData_logId:0,DuelResponsesData_logId:2]
6486012,415,5:9:50,5,[StatementsData_logId:0,DuelResponsesData_logId:2,DuelResponsesData_witty_player_response]
6486012,416,5:9:50,5,[StatementsData_logId:0,DuelResponsesData_logId:2]
6486012,417,5:9:50,5,[StatementsData_logId:0,DuelResponsesData_logId:2]
6486012,418,5:9:50,5,[StatementsData_logId:0,true]
6486012,419,5:9:50,5,[StatementsData_logId:0,4]
6486012,411,5:10:0,5,[StatementsData_logId:0]
6486012,401,5:10:0,5,[StatementsData_logId:1]
6486012,403,5:10:11,5,[StatementsData_logId:1,false]
6486012,405,5:10:13,5,[StatementsData_logId:1]
6486012,406,5:10:14,5,[StatementsData_logId:1,-2]
6486012,411,5:10:15,5,[StatementsData_logId:1]
6486012,401,5:10:16,5,[StatementsData_logId:2]
6486012,402,5:10:17,5,[StatementsData_logId:2,false]
6486012,405,5:10:18,5,[StatementsData_logId:2]
6486012,406,5:10:19,5,[StatementsData_logId:2,-2]
6486012,1002,5:10:20,5
6486012,1003,5:10:20,0
6486012,1004,5:10:21,5
6486012,400,5:10:23,5,[]
6486012,401,5:10:24,5,[StatementsData_logId:0]
6486012,403,5:10:27,5,[StatementsData_logId:0,true]
6486012,405,5:10:27,5,[StatementsData_logId:0]
6486012,406,5:10:28,5,[StatementsData_logId:0,2]
6486012,407,5:10:28,5,[StatementsData_logId:0,FactCardData_id:27]
6486012,407,5:10:28,5,[StatementsData_logId:0,FactCardData_id:24]
6486012,407,5:10:28,5,[StatementsData_logId:0,FactCardData_id:5]
6486012,407,5:10:28,5,[StatementsData_logId:0,FactCardData_id:26]
6486012,407,5:10:28,5,[StatementsData_logId:0,FactCardData_id:4]
6486012,407,5:10:28,5,[StatementsData_logId:0,FactCardData_id:1]
6486012,407,5:10:29,5,[StatementsData_logId:0,FactCardData_id:26]
6486012,407,5:10:29,5,[StatementsData_logId:0,FactCardData_id:26]
6486012,407,5:10:30,5,[StatementsData_logId:0,FactCardData_id:24]
6486012,407,5:10:30,5,[StatementsData_logId:0,FactCardData_id:26]
6486012,407,5:10:30,5,[StatementsData_logId:0,FactCardData_id:24]
6486012,407,5:10:31,5,[StatementsData_logId:0,FactCardData_id:26]
6486012,407,5:10:31,5,[StatementsData_logId:0,FactCardData_id:24]
6486012,407,5:10:31,5,[StatementsData_logId:0,FactCardData_id:26]
6486012,407,5:10:32,5,[StatementsData_logId:0,FactCardData_id:24]
6486012,407,5:10:32,5,[StatementsData_logId:0,FactCardData_id:26]
6486012,407,5:10:32,5,[StatementsData_logId:0,FactCardData_id:24]
6486012,407,5:10:33,5,[StatementsData_logId:0,FactCardData_id:27]
6486012,407,5:10:33,5,[StatementsData_logId:0,FactCardData_id:24]
6486012,407,5:10:33,5,[StatementsData_logId:0,FactCardData_id:27]
6486012,408,5:10:34,5,[StatementsData_logId:0,FactCardData_id:27,true]
6486012,409,5:10:34,5,[StatementsData_logId:0]
6486012,410,5:10:43,5,[StatementsData_logId:0,2]
6486012,412,5:10:43,5,[StatementsData_logId:0]
6486012,413,5:10:44,5,[StatementsData_logId:0,DuelResponsesData_logId:0]
6486012,414,5:10:45,5,[StatementsData_logId:0,DuelResponsesData_logId:0]
6486012,415,5:10:45,5,[StatementsData_logId:0,DuelResponsesData_logId:0,DuelResponsesData_witty_player_response]
6486012,416,5:10:46,5,[StatementsData_logId:0,DuelResponsesData_logId:0]
6486012,417,5:10:46,5,[StatementsData_logId:0,DuelResponsesData_logId:0]
6486012,413,5:10:46,5,[StatementsData_logId:0,DuelResponsesData_logId:1]
6486012,414,5:10:47,5,[StatementsData_logId:0,DuelResponsesData_logId:1]
6486012,415,5:10:47,5,[StatementsData_logId:0,DuelResponsesData_logId:1,DuelResponsesData_ok_player_response]
6486012,416,5:10:47,5,[StatementsData_logId:0,DuelResponsesData_logId:1]
6486012,417,5:10:48,5,[StatementsData_logId:0,DuelResponsesData_logId:1]
6486012,413,5:10:48,5,[StatementsData_logId:0,DuelResponsesData_logId:2]
6486012,414,5:10:48,5,[StatementsData_logId:0,DuelResponsesData_logId:2]
6486012,415,5:10:50,5,[StatementsData_logId:0,DuelResponsesData_logId:2,DuelResponsesData_witty_player_response]
6486012,416,5:10:51,5,[StatementsData_logId:0,DuelResponsesData_logId:2]
6486012,417,5:10:51,5,[StatementsData_logId:0,DuelResponsesData_logId:2]
6486012,418,5:10:51,5,[StatementsData_logId:0,true]
6486012,419,5:10:51,5,[StatementsData_logId:0,4]
6486012,411,5:10:52,5,[StatementsData_logId:0]
6486012,401,5:10:52,5,[StatementsData_logId:1]
6486012,404,5:10:54,5,[StatementsData_logId:1,true]
6486012,406,5:10:54,5,[StatementsData_logId:1,2]
6486012,412,5:10:55,5,[StatementsData_logId:1]
6486012,413,5:10:56,5,[StatementsData_logId:1,DuelResponsesData_logId:3]
6486012,414,5:10:56,5,[StatementsData_logId:1,DuelResponsesData_logId:3]
6486012,415,5:10:57,5,[StatementsData_logId:1,DuelResponsesData_logId:3,DuelResponsesData_witty_player_response]
6486012,416,5:10:57,5,[StatementsData_logId:1,DuelResponsesData_logId:3]
6486012,417,5:10:57,5,[StatementsData_logId:1,DuelResponsesData_logId:3]
6486012,413,5:10:58,5,[StatementsData_logId:1,DuelResponsesData_logId:4]
6486012,414,5:10:58,5,[StatementsData_logId:1,DuelResponsesData_logId:4]
6486012,415,5:11:0,5,[StatementsData_logId:1,DuelResponsesData_logId:4,DuelResponsesData_ok_player_response]
6486012,416,5:11:1,5,[StatementsData_logId:1,DuelResponsesData_logId:4]
6486012,417,5:11:1,5,[StatementsData_logId:1,DuelResponsesData_logId:4]
6486012,413,5:11:1,5,[StatementsData_logId:1,DuelResponsesData_logId:5]
6486012,414,5:11:2,5,[StatementsData_logId:1,DuelResponsesData_logId:5]
6486012,415,5:11:2,5,[StatementsData_logId:1,DuelResponsesData_logId:5,DuelResponsesData_ok_player_response]
6486012,416,5:11:3,5,[StatementsData_logId:1,DuelResponsesData_logId:5]
6486012,417,5:11:3,5,[StatementsData_logId:1,DuelResponsesData_logId:5]
6486012,418,5:11:3,5,[StatementsData_logId:1,true]
6486012,419,5:11:3,5,[StatementsData_logId:1,4]
6486012,411,5:11:5,5,[StatementsData_logId:1]
6486012,401,5:11:30,5,[StatementsData_logId:2]
6486012,403,5:11:33,5,[StatementsData_logId:2,true]
6486012,405,5:11:33,5,[StatementsData_logId:2]
6486012,406,5:11:34,5,[StatementsData_logId:2,2]
6486012,407,5:11:34,5,[StatementsData_logId:2,FactCardData_id:1]
6486012,407,5:11:34,5,[StatementsData_logId:2,FactCardData_id:5]
6486012,407,5:11:34,5,[StatementsData_logId:2,FactCardData_id:27]
6486012,407,5:11:34,5,[StatementsData_logId:2,FactCardData_id:4]
6486012,407,5:11:34,5,[StatementsData_logId:2,FactCardData_id:24]
6486012,407,5:11:34,5,[StatementsData_logId:2,FactCardData_id:26]
6486012,407,5:11:36,5,[StatementsData_logId:2,FactCardData_id:26]
6486012,407,5:11:36,5,[StatementsData_logId:2,FactCardData_id:26]
6486012,407,5:11:39,5,[StatementsData_logId:2,FactCardData_id:24]
6486012,407,5:11:39,5,[StatementsData_logId:2,FactCardData_id:26]
6486012,407,5:11:39,5,[StatementsData_logId:2,FactCardData_id:24]
6486012,407,5:11:43,5,[StatementsData_logId:2,FactCardData_id:1]
6486012,407,5:11:43,5,[StatementsData_logId:2,FactCardData_id:24]
6486012,407,5:11:43,5,[StatementsData_logId:2,FactCardData_id:1]
6486012,407,5:11:44,5,[StatementsData_logId:2,FactCardData_id:5]
6486012,407,5:11:44,5,[StatementsData_logId:2,FactCardData_id:1]
6486012,407,5:11:44,5,[StatementsData_logId:2,FactCardData_id:5]
6486012,407,5:11:45,5,[StatementsData_logId:2,FactCardData_id:4]
6486012,407,5:11:45,5,[StatementsData_logId:2,FactCardData_id:5]
6486012,407,5:11:45,5,[StatementsData_logId:2,FactCardData_id:4]
6486012,407,5:11:46,5,[StatementsData_logId:2,FactCardData_id:26]
6486012,407,5:11:46,5,[StatementsData_logId:2,FactCardData_id:4]
6486012,407,5:11:46,5,[StatementsData_logId:2,FactCardData_id:26]
6486012,408,5:11:46,5,[StatementsData_logId:2,FactCardData_id:26,false]
6486012,406,5:11:48,5,[StatementsData_logId:2,-2]
6486012,411,5:11:49,5,[StatementsData_logId:2]
6486012,401,5:12:4,5,[StatementsData_logId:3]
6486012,402,5:12:18,5,[StatementsData_logId:3,true]
6486012,405,5:12:18,5,[StatementsData_logId:3]
6486012,406,5:12:18,5,[StatementsData_logId:3,2]
6486012,411,5:12:19,5,[StatementsData_logId:3]
6486012,401,5:12:22,5,[StatementsData_logId:4]
6486012,403,5:12:26,5,[StatementsData_logId:4,true]
6486012,405,5:12:27,5,[StatementsData_logId:4]
6486012,406,5:12:27,5,[StatementsData_logId:4,2]
6486012,407,5:12:27,5,[StatementsData_logId:4,FactCardData_id:27]
6486012,407,5:12:27,5,[StatementsData_logId:4,FactCardData_id:5]
6486012,407,5:12:27,5,[StatementsData_logId:4,FactCardData_id:24]
6486012,407,5:12:27,5,[StatementsData_logId:4,FactCardData_id:4]
6486012,407,5:12:27,5,[StatementsData_logId:4,FactCardData_id:26]
6486012,407,5:12:27,5,[StatementsData_logId:4,FactCardData_id:1]
6486012,407,5:12:29,5,[StatementsData_logId:4,FactCardData_id:5]
6486012,407,5:12:29,5,[StatementsData_logId:4,FactCardData_id:5]
6486012,408,5:12:30,5,[StatementsData_logId:4,FactCardData_id:5,true]
6486012,409,5:12:30,5,[StatementsData_logId:4]
6486012,410,5:12:41,5,[StatementsData_logId:4,2]
6486012,412,5:12:41,5,[StatementsData_logId:4]
6486012,413,5:12:43,5,[StatementsData_logId:4,DuelResponsesData_logId:9]
6486012,414,5:12:45,5,[StatementsData_logId:4,DuelResponsesData_logId:9]
6486012,415,5:12:46,5,[StatementsData_logId:4,DuelResponsesData_logId:9,DuelResponsesData_witty_player_response]
6486012,416,5:12:47,5,[StatementsData_logId:4,DuelResponsesData_logId:9]
6486012,417,5:12:47,5,[StatementsData_logId:4,DuelResponsesData_logId:9]
6486012,413,5:12:48,5,[StatementsData_logId:4,DuelResponsesData_logId:10]
6486012,414,5:12:48,5,[StatementsData_logId:4,DuelResponsesData_logId:10]
6486012,415,5:12:50,5,[StatementsData_logId:4,DuelResponsesData_logId:10,DuelResponsesData_witty_player_response]
6486012,416,5:12:50,5,[StatementsData_logId:4,DuelResponsesData_logId:10]
6486012,417,5:12:51,5,[StatementsData_logId:4,DuelResponsesData_logId:10]
6486012,413,5:12:51,5,[StatementsData_logId:4,DuelResponsesData_logId:11]
6486012,414,5:12:51,5,[StatementsData_logId:4,DuelResponsesData_logId:11]
6486012,415,5:12:52,5,[StatementsData_logId:4,DuelResponsesData_logId:11,DuelResponsesData_witty_player_response]
6486012,416,5:12:53,5,[StatementsData_logId:4,DuelResponsesData_logId:11]
6486012,417,5:12:53,5,[StatementsData_logId:4,DuelResponsesData_logId:11]
6486012,418,5:12:53,5,[StatementsData_logId:4,true]
6486012,419,5:12:53,5,[StatementsData_logId:4,4]
6486012,411,5:12:54,5,[StatementsData_logId:4]
6486012,401,5:12:55,5,[StatementsData_logId:5]
6486012,402,5:13:22,5,[StatementsData_logId:5,true]
6486012,405,5:13:23,5,[StatementsData_logId:5]
6486012,406,5:13:23,5,[StatementsData_logId:5,2]
6486012,411,5:13:24,5,[StatementsData_logId:5]
6486012,420,5:13:24,5,[68]
6486012,1005,5:13:24,5,[0,0,2]
6486012,1001,5:13:25,5,[]
6486012,1003,5:13:25,0
6486012,210,5:14:31,1108,371
6486012,207,5:14:32,7,-200,-95
6486012,207,5:14:33,7,-95,0
6486012,211,5:14:33,2,127
6486012,210,5:14:34,113,231
6486012,211,5:14:34,247,496
6486012,210,5:14:34,143,549
6486012,207,5:14:39,7,0,-750
6486012,211,5:14:40,1689,607
6486012,213,5:14:40,7,s_candles_G10b1P,true
6486012,205,5:14:40,7,s_candles_G10b1P,false,false
6486012,207,5:14:44,7,-750,-795
6486012,210,5:14:44,1566,355
6486012,207,5:14:44,7,-795,-855
6486012,207,5:14:44,7,-855,-930
6486012,207,5:14:45,7,-930,-991
6486012,207,5:14:47,7,-991,-931
6486012,211,5:14:48,1211,111
6486012,213,5:14:48,7,s_clock_G10b1P,true
6486012,205,5:14:48,7,s_clock_G10b1P,false,false
6486012,210,5:14:52,1181,268
6486012,207,5:14:54,7,-931,-676
6486012,211,5:14:55,797,350
6486012,210,5:14:56,1454,600
6486012,211,5:14:57,1460,595
6486012,212,5:14:58,2
6486012,210,5:14:58,1438,579
6486012,207,5:14:59,7,-676,-781
6486012,207,5:15:1,7,-781,-991
6486012,211,5:15:2,1827,205
6486012,210,5:15:6,1476,256
6486012,207,5:15:8,7,-991,-976
6486012,207,5:15:9,7,-976,-946
6486012,207,5:15:11,7,-946,-691
6486012,207,5:15:12,7,-691,-526
6486012,211,5:15:12,503,228
6486012,207,5:15:12,7,-526,-481
6486012,207,5:15:13,7,-481,-451
6486012,210,5:15:13,611,272
6486012,207,5:15:13,7,-451,-346
6486012,207,5:15:15,7,-346,0
6486012,211,5:15:18,517,352
6486012,212,5:15:19,1
6486012,210,5:15:20,636,339
6486012,211,5:15:21,487,368
6486012,213,5:15:21,7,s_stairs_G10b1P,true
6486012,205,5:15:21,7,s_stairs_G10b1P,false,false
6486012,210,5:15:24,727,322
6486012,207,5:15:26,7,0,-690
6486012,211,5:15:27,1458,595
6486012,213,5:15:27,7,s_keys_G10b1P,true
6486012,205,5:15:27,7,s_keys_G10b1P,false,false
6486012,210,5:15:31,1722,556
6486012,207,5:15:31,7,-690,-750
6486012,211,5:15:31,1667,512
6486012,213,5:15:31,7,c_crush1_M_b_G10b1P,true
6486012,205,5:15:31,7,c_crush1_M_b_G10b1P,false,false
6486012,210,5:15:35,1594,640
6486012,207,5:15:36,7,-750,-991
6486012,211,5:15:37,1988,559
6486012,210,5:15:41,1815,314
6486012,211,5:15:42,1849,340
6486012,210,5:15:51,1797,206
6486012,211,5:15:52,1983,153
6486012,213,5:15:52,7,s_pictureDad_afri_gen,false
6486012,1003,5:15:55,1
6486012,1004,5:15:56,7
6486012,800,5:15:58,7,[]
6486012,801,5:16:49,7,[]
6486012,814,5:16:52,7,[4]
6486012,815,5:16:52,7,4,OpportunityCardData_id:25
6486012,816,5:16:53,7,4,OpportunityCardData_id:25
6486012,803,5:16:54,7,[OpportunityCardData_id:25,OpportunityCardConsequencesData_logId:0]
6486012,803,5:16:54,7,[OpportunityCardData_id:25,OpportunityCardConsequencesData_logId:1]
6486012,803,5:16:55,7,[OpportunityCardData_id:25,OpportunityCardConsequencesData_logId:2]
6486012,805,5:16:55,7,[OpportunityCardData_id:25]
6486012,806,5:16:58,7,[OpportunityCardData_id:25,PriorityData_type:3]
6486012,807,5:16:59,7,[OpportunityCardData_id:25]
6486012,808,5:17:0,7,[OpportunityCardData_id:25]
6486012,809,5:17:4,7,[OpportunityCardData_id:25,Safe,false]
6486012,810,5:17:5,7,[OpportunityCardData_id:25,PriorityData_type:4,15,Safe,Safe]
6486012,814,5:17:6,7,[4]
6486012,815,5:17:6,7,4,OpportunityCardData_id:26
6486012,816,5:17:7,7,4,OpportunityCardData_id:26
6486012,805,5:17:8,7,[OpportunityCardData_id:26]
6486012,807,5:17:9,7,[OpportunityCardData_id:26]
6486012,808,5:17:10,7,[OpportunityCardData_id:26]
6486012,809,5:17:14,7,[OpportunityCardData_id:26,PriorityData_type:1,false]
6486012,810,5:17:16,7,[OpportunityCardData_id:26,PriorityData_type:4,15,PriorityData_type:1,10]
6486012,814,5:17:18,7,[4]
6486012,815,5:17:18,7,4,OpportunityCardData_id:27
6486012,816,5:17:19,7,4,OpportunityCardData_id:27
6486012,803,5:17:20,7,[OpportunityCardData_id:27,OpportunityCardConsequencesData_logId:0]
6486012,803,5:17:20,7,[OpportunityCardData_id:27,OpportunityCardConsequencesData_logId:1]
6486012,805,5:17:21,7,[OpportunityCardData_id:27]
6486012,806,5:17:23,7,[OpportunityCardData_id:27,PriorityData_type:3]
6486012,807,5:17:24,7,[OpportunityCardData_id:27]
6486012,808,5:17:26,7,[OpportunityCardData_id:27]
6486012,809,5:17:30,7,[OpportunityCardData_id:27,Safe,false]
6486012,810,5:17:35,7,[OpportunityCardData_id:27,PriorityData_type:4,15,Safe,Safe]
6486012,814,5:17:37,7,[3]
6486012,815,5:17:37,7,3,OpportunityCardData_id:18
6486012,816,5:17:38,7,3,OpportunityCardData_id:18
6486012,803,5:17:39,7,[OpportunityCardData_id:18,OpportunityCardConsequencesData_logId:2]
6486012,803,5:17:40,7,[OpportunityCardData_id:18,OpportunityCardConsequencesData_logId:1]
6486012,803,5:17:40,7,[OpportunityCardData_id:18,OpportunityCardConsequencesData_logId:0]
6486012,805,5:17:41,7,[OpportunityCardData_id:18]
6486012,806,5:17:41,7,[OpportunityCardData_id:18,PriorityData_type:0]
6486012,807,5:17:42,7,[OpportunityCardData_id:18]
6486012,808,5:17:43,7,[OpportunityCardData_id:18]
6486012,809,5:17:47,7,[OpportunityCardData_id:18,Safe,false]
6486012,810,5:17:47,7,[OpportunityCardData_id:18,PriorityData_type:3,15,Safe,Safe]
6486012,1002,5:17:55,7
6486012,1003,5:17:55,1
6486012,103,5:17:58
6486012,105,5:17:59
6486012,703,5:18:1,[|| EpilogueItem ID: 0 unlocked: true ||,|| EpilogueItem ID: 1 unlocked: true ||,|| EpilogueItem ID: 2 unlocked: true ||,|| EpilogueItem ID: 3 unlocked: true ||,|| EpilogueItem ID: 4 unlocked: true ||,|| EpilogueItem ID: 5 unlocked: true ||,|| EpilogueItem ID: 6 unlocked: true ||,|| EpilogueItem ID: 7 unlocked: false ||,|| EpilogueItem ID: 8 unlocked: false ||,|| EpilogueItem ID: 9 unlocked: false ||,|| EpilogueItem ID: 10 unlocked: false ||,|| EpilogueItem ID: 11 unlocked: false ||,|| EpilogueItem ID: 12 unlocked: false ||,|| EpilogueItem ID: 13 unlocked: true ||,|| EpilogueItem ID: 14 unlocked: false ||,|| EpilogueItem ID: 15 unlocked: false ||,|| EpilogueItem ID: 16 unlocked: false ||,|| EpilogueItem ID: 17 unlocked: false ||,|| EpilogueItem ID: 18 unlocked: false ||,|| EpilogueItem ID: 19 unlocked: false ||,|| EpilogueItem ID: 20 unlocked: false ||,|| EpilogueItem ID: 21 unlocked: true ||,|| EpilogueItem ID: 22 unlocked: false ||,|| EpilogueItem ID: 23 unlocked: false ||,|| EpilogueItem ID: 24 unlocked: false ||],0.36
6486012,706,5:18:3,(x=2531, y=-100, w=1024, h=768),(x=2531, y=-100, w=1024, h=768)
6486012,708,5:18:3
6486012,1,5:18:3,12/6/2013 2:16:29pm,{"gameTime":19083838,"challengeStacks":[{"challengeScenes":[{"miniGameCards":[],"viewedAnimatic":true,"keyPoints":["c_teacherEng_G7a0","c_bestFriend_M_a_G7a0","s_flag_gen"],"unlocked":true,"touchableObjects":["s_angelouPoster_gen","s_shakespearePoster_gen","s_poePoster_gen","c_crewKid1_M_G7a0","s_otherStudent1_G7a0","s_doorClassroom_G7a0","s_clock_G7a0","c_friend1_M_a_G7a0","c_teacherEng_G7a0","c_bestFriend_M_a_G7a0","s_vocabAssignment_G7a0","s_flag_gen"]},{"miniGameCards":[],"viewedAnimatic":true,"keyPoints":["c_bestFriend_M_a_G7a1N","c_teacherEng_G7a1N","s_paperPlayers_G7a1N"],"unlocked":true,"touchableObjects":["c_bestFriend_M_a_G7a1N","c_teacherEng_G7a1N","s_flag_gen","s_otherStudent2_G7a1N","s_posterPlagiarism_gen","s_paperPlayers_G7a1N"]},{"miniGameCards":[],"viewedAnimatic":true,"keyPoints":["c_teacherEng_G7a1P","s_flag_gen","c_bestFriend_M_a_G7a1P","s_paperEnglish_gen"],"unlocked":true,"touchableObjects":["c_teacherEng_G7a1P","s_flag_gen","s_poePoster_gen","s_clock_G7a1P","s_angelouPoster_gen","s_paperPlayers_G7a1P","s_papersDetention_gen","c_bestFriend_M_a_G7a1P","s_atwoodPoster_gen","s_shakespearePoster_gen","s_paperEnglish_gen"]}],"stackSize":3,"resolved":true},{"challengeScenes":[{"miniGameCards":[],"viewedAnimatic":true,"keyPoints":["c_kidSister_afri_a_G7b0","c_crewKid1_M_G7b0","s_backpack_M_G7b0"],"unlocked":true,"touchableObjects":["c_kidSister_afri_a_G7b0","s_snackBarWorker_G7b0","c_cousin_M_a_G7b0","c_cousinsBrothersFriend_a_G7b0","s_lifeguard_G7b0","c_cousinsBrother_a_G7b0","c_crewKid1_M_G7b0","c_crewKid2_M_G7b0","s_backpack_M_G7b0","c_cousinsBrothersFriendsGF_G7b0"]},{"miniGameCards":[],"viewedAnimatic":true,"keyPoints":["s_sprayPaintCan_G7b1N","s_graffiti_G7b1N","s_brokenCarWindow_G7b1N","c_kidSister_afri_a_G7b1N","c_crewKid1_M_G7b1N"],"unlocked":true,"touchableObjects":["c_cousin_M_a_G7b1N","s_sprayPaintCan_G7b1N","s_graffiti_G7b1N","s_brokenCarWindow_G7b1N","c_crewKid2_M_a_G7b1N","s_cat_G7b1N","c_kidSister_afri_a_G7b1N","s_wreckedPlants_G7b1N","c_policeOfficer_G7b1N","c_teacherEng_G7b1N","c_crewKid1_M_G7b1N"]},{"miniGameCards":[],"viewedAnimatic":true,"keyPoints":["c_cousin_M_a_G7b1P","c_cousinsBrother_a_G7b1P","c_cousinsBrothersFriend_a_G7b1P","s_poolDay_ruleSign_G7b1P"],"unlocked":true,"touchableObjects":["c_cousin_M_a_G7b1P","c_cousinsBrother_a_G7b1P","c_kidSister_afri_a_G7b1P","c_cousinsBrothersFriend_a_G7b1P","c_crush1_M_a_G7b1P","s_poolDay_ruleSign_G7b1P"]},{"miniGameCards":[],"viewedAnimatic":true,"keyPoints":["s_kid1_G7b2N","c_kidSister_afri_a_G7b2N","c_cousin_M_a_G7b2N","c_crush1_M_a_G7b2N"],"unlocked":true,"touchableObjects":["c_cousinsBrothersFriend_a_G7b2N","c_cousinsBrother_a_G7b2N","c_crewKid2_M_G7b2N","s_kid1_G7b2N","c_kidSister_afri_a_G7b2N","c_cousin_M_a_G7b2N","c_crush1_M_a_G7b2N","s_lifeguard_G7b2N"]},{"miniGameCards":[],"viewedAnimatic":true,"keyPoints":["s_computer_M_G7b2P","c_cousin_M_a_G7b2P","c_kidSister_afri_a_G7b2P"],"unlocked":true,"touchableObjects":["s_computer_M_G7b2P","c_cousin_M_a_G7b2P","c_grandma_afri_a_G7b2P","c_kidSister_afri_a_G7b2P"]}],"stackSize":5,"resolved":true},{"challengeScenes":[{"miniGameCards":[],"viewedAnimatic":true,"keyPoints":["c_crush2_M_a_G8a0","s_bottleCrush2_M_G8a0","c_cousin_M_a_G8a0","s_cellphone_G8a0","s_clock_G8a0"],"unlocked":true,"touchableObjects":["c_friend1_M_G8a0","c_crewKid1_M_a_G8a0","s_cigaretteKid1_G8a0","s_stairs_G8a0","c_crush2_M_a_G8a0","s_bottleCrush2_M_G8a0","c_cousin_M_a_G8a0","s_cellphone_G8a0","s_bottleTable_G8a0","s_clock_G8a0"]},{"miniGameCards":[],"viewedAnimatic":true,"keyPoints":["s_crush2Lips_M_G8a1N","s_crush2Sore_M_G8a1N","s_crush2Eyes_M_G8a1N","s_basementDoor_gen","s_dirtyClothes_gen"],"unlocked":true,"touchableObjects":["s_crush2Lips_M_G8a1N","s_crush2Sore_M_G8a1N","s_crush2Eyes_M_G8a1N","c_crush2_M_a_G8a1N","s_dryer_G8a1N","s_waterHeater_gen","s_basementDoor_gen","s_stairs_G8a1N","s_dirtyClothes_gen"]},{"miniGameCards":[],"viewedAnimatic":true,"keyPoints":["s_inhalantsShelf_gen","c_crush2_M_a_G8a1P","s_basementDoor_gen","s_dirtyClothes_gen"],"unlocked":true,"touchableObjects":["s_inhalantsShelf_gen","c_crush2_M_a_G8a1P","s_basementDoor_gen","s_waterHeater_gen","s_dirtyClothes_gen"]},{"miniGameCards":[],"viewedAnimatic":true,"keyPoints":["c_crush2_M_a_G8a2N","s_spraypaintCan_G8a2N"],"unlocked":true,"touchableObjects":["c_crush2_M_a_G8a2N","c_friend1_M_a_G8a2N","s_spraypaintCan_G8a2N"]},{"miniGameCards":[],"viewedAnimatic":true,"keyPoints":["s_magazine_G8a2P","s_sistersToy_G8a2P","c_kidSister_afri_a_G8a2P","c_crush2_M_a_G8a2P","s_pictureDad_afri_gen"],"unlocked":true,"touchableObjects":["s_magazine_G8a2P","s_sistersToy_G8a2P","c_kidSister_afri_a_G8a2P","s_stairs_G8a2P","c_crush2_M_a_G8a2P","s_pictureDad_afri_gen"]},{"miniGameCards":[],"viewedAnimatic":true,"keyPoints":["s_mirror_afri_M_a_G8a3N","s_pamphlet1_G8a3N","c_nurse_a_G8a3N","s_pamphlet3_G8a3N"],"unlocked":true,"touchableObjects":["s_mirror_afri_M_a_G8a3N","s_pamphlet1_G8a3N","c_nurse_a_G8a3N","s_door_G8a3N","s_pamphlet3_G8a3N"]},{"miniGameCards":[],"viewedAnimatic":true,"keyPoints":["c_crush2_M_a_G8a3P","s_kidsCouch_G8a3P"],"unlocked":true,"touchableObjects":["c_crush2_M_a_G8a3P","s_kidsCouch_G8a3P","s_window_G8a3P"]}],"stackSize":7,"resolved":true},{"challengeScenes":[{"miniGameCards":[],"viewedAnimatic":true,"keyPoints":["c_friend1_M_a_G8b0","s_pillBottle_G8b0","c_kidSister_afri_a_G8b0"],"unlocked":true,"touchableObjects":["c_friend1_M_a_G8b0","s_pillBottle_G8b0","c_grandma_afri_a_G8b0","c_kidSister_afri_a_G8b0"]},{"miniGameCards":[],"viewedAnimatic":true,"keyPoints":["c_friend1_M_a_G8b1N","c_kidSister_afri_a_G8b1N","c_grandma_afri_a_G8b1N"],"unlocked":true,"touchableObjects":["c_friend1_M_a_G8b1N","c_kidSister_afri_a_G8b1N","c_grandma_afri_a_G8b1N"]},{"miniGameCards":[],"viewedAnimatic":true,"keyPoints":["c_friend1_M_a_G8b1P","c_grandma_afri_a_G8b1P","s_pillBottle_M_G8b1P"],"unlocked":true,"touchableObjects":["c_friend1_M_a_G8b1P","c_grandma_afri_a_G8b1P","s_pillBottle_M_G8b1P"]},{"miniGameCards":[],"viewedAnimatic":true,"keyPoints":["s_sandwichBagPills_G8b2N","c_crewKid2_M_a_G8b2N","c_teacherEng_G8b2N","c_friend1_M_a_G8b2N","s_clock_G8b2N"],"unlocked":true,"touchableObjects":["s_sandwichBagPills_G8b2N","c_crewKid2_M_a_G8b2N","c_teacherEng_G8b2N","s_kid3_G8b2N","c_friend1_M_a_G8b2N","s_camera_gen","s_clock_G8b2N"]},{"miniGameCards":[],"viewedAnimatic":true,"keyPoints":["s_pillBottle_G8b2P","c_grandma_afri_a_G8b2P","c_friend1_M_a_G8b2P"],"unlocked":true,"touchableObjects":["s_pillBottle_G8b2P","c_grandma_afri_a_G8b2P","c_friend1_M_a_G8b2P"]}],"stackSize":5,"resolved":true},{"challengeScenes":[{"miniGameCards":[],"viewedAnimatic":true,"keyPoints":["s_bathingSuit_M_G9a0","s_door_M_gen","s_clock_M_G9a0","s_cellPhone_M_G9a0"],"unlocked":true,"touchableObjects":["s_bathingSuit_M_G9a0","s_door_M_gen","s_clock_M_G9a0","s_window_M_G9a0","s_cellPhone_M_G9a0"]},{"miniGameCards":[],"viewedAnimatic":true,"keyPoints":["c_cousin_M_a_G9a1N","s_kid3_G9a1N","s_fence_G9a1N","c_policeOfficer_G9a1N"],"unlocked":true,"touchableObjects":["c_cousin_M_a_G9a1N","s_kid3_G9a1N","s_fence_G9a1N","c_policeOfficer_G9a1N"]},{"miniGameCards":[],"viewedAnimatic":true,"keyPoints":["c_cousin_M_a_G9a1P","s_joint_M_G9a1P","s_basketball_M_gen","s_door_M_gen","s_calendar_M_gen"],"unlocked":true,"touchableObjects":["c_cousin_M_a_G9a1P","s_joint_M_G9a1P","s_basketball_M_gen","s_door_M_gen","s_calendar_M_gen"]},{"miniGameCards":[],"viewedAnimatic":true,"keyPoints":["c_mom_afri_a_G9a2N","c_kidSister_afri_a_G9a2N","c_cousin_M_a_G9a2N","s_pictureDad_afri_M_gen"],"unlocked":true,"touchableObjects":["c_mom_afri_a_G9a2N","c_kidSister_afri_a_G9a2N","s_potSmokeCloud_M_G9a2N","s_cookieTrayEmpty_M_G9a2N","c_cousin_M_a_G9a2N","s_pictureDad_afri_M_gen"]},{"miniGameCards":[],"viewedAnimatic":true,"keyPoints":["s_door_gen","s_pizzaBox_G9a2P","c_mom_afri_a_G9a2P","c_cousin_M_a_G9a2P"],"unlocked":true,"touchableObjects":["s_door_gen","s_pizzaBox_G9a2P","c_mom_afri_a_G9a2P","c_cousin_M_a_G9a2P"]}],"stackSize":5,"resolved":true},{"challengeScenes":[{"miniGameCards":[],"viewedAnimatic":true,"keyPoints":["s_computer_M_gen","s_mirror_M_G9b0","s_pictureDad_afri_M_gen"],"unlocked":true,"touchableObjects":["c_kidSister_afri_a_G9b0","s_computer_M_gen","s_cellPhone_M_G9b0","s_mirror_M_G9b0","s_pictureDad_afri_M_gen"]},{"miniGameCards":[],"viewedAnimatic":true,"keyPoints":["c_teacherEng_G9b1N","s_clock_G9b1N","c_cousin_M_a_G9b1N","c_kidSister_afri_a_G9b1N","s_brokenLamp_G9b1N","s_joint_G9b1N","s_beerBottle_G9b1N"],"unlocked":true,"touchableObjects":["c_teacherEng_G9b1N","s_clock_G9b1N","c_cousin_M_a_G9b1N","c_kidSister_afri_a_G9b1N","s_brokenLamp_G9b1N","s_joint_G9b1N","s_beerBottle_G9b1N"]},{"miniGameCards":[],"viewedAnimatic":true,"keyPoints":["c_cousin_M_a_G9b1P","s_pictureDaddark_afri_gen","s_kidsGroupKitchen_G9b1P","s_pictureMomdark_afri_G9b1P","c_bestFriend_M_a_G9b1P","c_crush1_M_a_G9b1P","c_friend1_M_a_G9b1P"],"unlocked":true,"touchableObjects":["c_cousin_M_a_G9b1P","s_pictureDaddark_afri_gen","s_kidsGroupKitchen_G9b1P","s_pictureMomdark_afri_G9b1P","c_bestFriend_M_a_G9b1P","c_crush1_M_a_G9b1P","c_friend1_M_a_G9b1P"]},{"miniGameCards":[],"viewedAnimatic":true,"keyPoints":["c_mom_afri_a_G9b2N","c_crush1_M_a_G9b2N","c_cousin_M_a_G9b2N"],"unlocked":true,"touchableObjects":["c_mom_afri_a_G9b2N","c_crush1_M_a_G9b2N","c_cousin_M_a_G9b2N","c_grandma_afri_a_G9b2N"]},{"miniGameCards":[],"viewedAnimatic":true,"keyPoints":["c_mom_afri_a_G9b2P","s_clock_G9b2P","c_crush1_M_a_G9b2P","c_bestFriend_M_a_G9b2P"],"unlocked":true,"touchableObjects":["c_mom_afri_a_G9b2P","c_grandma_afri_a_G9b2P","s_clock_G9b2P","s_sodaBottle_G9b2P","c_crush1_M_a_G9b2P","c_bestFriend_M_a_G9b2P"]}],"stackSize":5,"resolved":true},{"challengeScenes":[{"miniGameCards":[],"viewedAnimatic":true,"keyPoints":["c_crush1_M_b_G10a0","s_basketball_M_gen","s_window_M_G10a0","s_drawer_M_G10a0","s_cellPhone_M_G10a0"],"unlocked":true,"touchableObjects":["s_bed1_M_G10a0","c_crush1_M_b_G10a0","s_door_M_gen","s_basketball_M_gen","s_window_M_G10a0","s_drawer_M_G10a0","s_cellPhone_M_G10a0"]},{"miniGameCards":[],"viewedAnimatic":true,"keyPoints":["s_mirror_M_G10a1N","c_crush1_M_b_G10a1N","s_condom_M_G10a1N","s_picture_M_G10a1N"],"unlocked":true,"touchableObjects":["s_mirror_M_G10a1N","c_crush1_M_b_G10a1N","s_condom_M_G10a1N","s_picture_M_G10a1N"]},{"miniGameCards":[],"viewedAnimatic":true,"keyPoints":["c_friend_M_b_G10a1P","c_crush1_M_b_G10a1P","s_lockerPoster_G10a1P"],"unlocked":true,"touchableObjects":["c_friend_M_b_G10a1P","c_crush1_M_b_G10a1P","c_teacherEng_G10a1P","s_dancePoster_G10a1P","s_lockerPoster_G10a1P"]},{"miniGameCards":[],"viewedAnimatic":true,"keyPoints":["s_pamphlet3_G10a2N","c_nurse_G10a2N","s_pamphlet5_G10a2N","s_pamphlet1_G10a2N","s_pamphlet4_G10a2N","s_phone_G10a2N"],"unlocked":true,"touchableObjects":["s_pamphlet3_G10a2N","c_nurse_G10a2N","s_pamphlet5_G10a2N","s_pamphlet1_G10a2N","s_curtain_G10a2N","s_pamphlet4_G10a2N","s_kleenex_G10a2N","s_phone_G10a2N"]},{"miniGameCards":[],"viewedAnimatic":true,"keyPoints":["s_dancePoster_G10a2P","c_nurse_G10a2P","c_cousin_M_b_G10a2P","c_friend_M_b_G10a2P","c_crush1_M_b_G10a2P"],"unlocked":true,"touchableObjects":["s_dancePoster_G10a2P","c_nurse_G10a2P","c_cousin_M_b_G10a2P","c_friend_M_b_G10a2P","c_crush1_M_b_G10a2P"]}],"stackSize":5,"resolved":true},{"challengeScenes":[{"miniGameCards":[],"viewedAnimatic":true,"keyPoints":["s_car2_G10b0","s_car1_G10b0","s_kidsGroup1_G10b0","c_crush1_M_b_G10b0","s_kidPointing_G10b0","c_crewKid2_M_b_G10b0","c_crush2_M_b_G10b0","s_trafficLight_G10b0"],"unlocked":true,"touchableObjects":["s_car2_G10b0","s_car1_G10b0","s_kidsGroup1_G10b0","s_bar_G10b0","c_crush1_M_b_G10b0","s_kidPointing_G10b0","c_crewKid2_M_b_G10b0","c_crush2_M_b_G10b0","s_trafficLight_G10b0"]},{"miniGameCards":[],"viewedAnimatic":true,"keyPoints":["s_carSmashed_G10b1N","c_cousinsBrothersFriend_b_G10b1N","s_kidsHorrified_G10b1N"],"unlocked":true,"touchableObjects":["s_carSmashed_G10b1N","c_cousinsBrothersFriend_b_G10b1N","s_kidsHorrified_G10b1N"]},{"miniGameCards":[],"viewedAnimatic":true,"keyPoints":["s_candles_G10b1P","s_clock_G10b1P","s_stairs_G10b1P","s_keys_G10b1P","c_crush1_M_b_G10b1P"],"unlocked":true,"touchableObjects":["s_candles_G10b1P","s_clock_G10b1P","s_stairs_G10b1P","s_keys_G10b1P","c_crush1_M_b_G10b1P"]},{"miniGameCards":[],"viewedAnimatic":false,"keyPoints":[],"unlocked":true,"touchableObjects":[]},{"miniGameCards":[],"viewedAnimatic":false,"keyPoints":[],"unlocked":false,"touchableObjects":[]}],"stackSize":5,"resolved":false},{"challengeScenes":[{"miniGameCards":[],"viewedAnimatic":true,"keyPoints":[],"unlocked":true,"touchableObjects":[]},{"miniGameCards":[],"viewedAnimatic":false,"keyPoints":[],"unlocked":true,"touchableObjects":[]},{"miniGameCards":[],"viewedAnimatic":false,"keyPoints":[],"unlocked":false,"touchableObjects":[]},{"miniGameCards":[],"viewedAnimatic":false,"keyPoints":[],"unlocked":false,"touchableObjects":[]},{"miniGameCards":[],"viewedAnimatic":false,"keyPoints":[],"unlocked":false,"touchableObjects":[]}],"stackSize":5,"resolved":false},{"challengeScenes":[{"miniGameCards":[],"viewedAnimatic":false,"keyPoints":[],"unlocked":false,"touchableObjects":[]},{"miniGameCards":[],"viewedAnimatic":false,"keyPoints":[],"unlocked":false,"touchableObjects":[]},{"miniGameCards":[],"viewedAnimatic":false,"keyPoints":[],"unlocked":false,"touchableObjects":[]},{"miniGameCards":[],"viewedAnimatic":false,"keyPoints":[],"unlocked":false,"touchableObjects":[]},{"miniGameCards":[],"viewedAnimatic":false,"keyPoints":[],"unlocked":false,"touchableObjects":[]}],"stackSize":5,"resolved":false},{"challengeScenes":[{"miniGameCards":[],"viewedAnimatic":true,"keyPoints":[],"unlocked":true,"touchableObjects":[]},{"miniGameCards":[],"viewedAnimatic":false,"keyPoints":[],"unlocked":true,"touchableObjects":[]},{"miniGameCards":[],"viewedAnimatic":false,"keyPoints":[],"unlocked":false,"touchableObjects":[]},{"miniGameCards":[],"viewedAnimatic":false,"keyPoints":[],"unlocked":true,"touchableObjects":[]},{"miniGameCards":[],"viewedAnimatic":false,"keyPoints":[],"unlocked":false,"touchableObjects":[]}],"stackSize":5,"resolved":false},{"challengeScenes":[{"miniGameCards":[],"viewedAnimatic":false,"keyPoints":[],"unlocked":false,"touchableObjects":[]},{"miniGameCards":[],"viewedAnimatic":false,"keyPoints":[],"unlocked":false,"touchableObjects":[]},{"miniGameCards":[],"viewedAnimatic":false,"keyPoints":[],"unlocked":false,"touchableObjects":[]},{"miniGameCards":[],"viewedAnimatic":false,"keyPoints":[],"unlocked":false,"touchableObjects":[]},{"miniGameCards":[],"viewedAnimatic":false,"keyPoints":[],"unlocked":false,"touchableObjects":[]}],"stackSize":5,"resolved":false},{"challengeScenes":[{"miniGameCards":[],"viewedAnimatic":false,"keyPoints":[],"unlocked":true,"touchableObjects":["c_player_afri_M_a_G0a0"]},{"miniGameCards":[],"viewedAnimatic":false,"keyPoints":["c_family_afri_a_G0a1N","c_home_G0a1N","c_job_G0a1N"],"unlocked":true,"touchableObjects":["c_player_afri_M_a_G0a1N","c_family_afri_a_G0a1N","c_home_G0a1N","c_job_G0a1N"]},{"miniGameCards":[],"viewedAnimatic":false,"keyPoints":["c_Nurse_G0a1P","c_Teacher_G0a1P","c_grandma_afri_a_G0a1P","c_kidsister_afri_a_G0a1P","c_dad_afri_a_G0a1P","c_mom_afri_a_G0a1P"],"unlocked":true,"touchableObjects":["c_cousins_M_a_G0a1P","c_friends_G0a1P","c_Nurse_G0a1P","c_Teacher_G0a1P","c_grandma_afri_a_G0a1P","c_kidsister_afri_a_G0a1P","c_dad_afri_a_G0a1P","c_mom_afri_a_G0a1P"]}],"stackSize":3,"resolved":true}],"sessionId":9,"epilogue":{"rating":0},"playerId":6486012,"session":[{"sceneId":"1P","stackId":12},{"sceneId":"1P","stackId":0},{"sceneId":"1P","stackId":1},{"sceneId":"1N","stackId":1},{"sceneId":"2P","stackId":1},{"sceneId":"3P","stackId":2},{"sceneId":"1P","stackId":2},{"sceneId":"1N","stackId":2},{"sceneId":"2P","stackId":2},{"sceneId":"1P","stackId":3},{"sceneId":"1N","stackId":3},{"sceneId":"2P","stackId":3},{"sceneId":"1P","stackId":4},{"sceneId":"1N","stackId":4},{"sceneId":"2P","stackId":4},{"sceneId":"1P","stackId":5},{"sceneId":"1N","stackId":5},{"sceneId":"2P","stackId":5},{"sceneId":"2P","stackId":6},{"sceneId":"1P","stackId":6},{"sceneId":"1P","stackId":7},{"sceneId":"1N","stackId":7}],"minigames":[{"levelSaveData":[{"starRating":3,"unlocked":true},{"starRating":2,"unlocked":true},{"starRating":2,"unlocked":true},{"starRating":0,"unlocked":true},{"starRating":0,"unlocked":false},{"starRating":2,"unlocked":true},{"starRating":2,"unlocked":true},{"starRating":3,"unlocked":true},{"starRating":2,"unlocked":true},{"starRating":2,"unlocked":true}],"skillPoints":18},{"levelSaveData":[{"starRating":3,"unlocked":true},{"starRating":3,"unlocked":true},{"starRating":1,"unlocked":true},{"starRating":3,"unlocked":true},{"starRating":3,"unlocked":true},{"starRating":0,"unlocked":true},{"starRating":0,"unlocked":false},{"starRating":0,"unlocked":true},{"starRating":3,"unlocked":true},{"starRating":0,"unlocked":true}],"skillPoints":16},{"levelSaveData":[{"starRating":3,"unlocked":true},{"starRating":3,"unlocked":true},{"starRating":2,"unlocked":true},{"starRating":2,"unlocked":true},{"starRating":0,"unlocked":false},{"starRating":3,"unlocked":true},{"starRating":0,"unlocked":true},{"starRating":1,"unlocked":true},{"starRating":2,"unlocked":true},{"starRating":0,"unlocked":false}],"skillPoints":16},{"levelSaveData":[{"starRating":3,"unlocked":true},{"starRating":3,"unlocked":true},{"starRating":3,"unlocked":true},{"starRating":3,"unlocked":true},{"starRating":3,"unlocked":true},{"starRating":3,"unlocked":true},{"starRating":3,"unlocked":true},{"starRating":3,"unlocked":true},{"starRating":0,"unlocked":false},{"starRating":0,"unlocked":false}],"skillPoints":24},{"age":12,"name":"Shawn","gender":0,"levelSaveData":[{"starRating":3,"unlocked":true},{"starRating":3,"chunks":[["1"],["10$$funny","7$$cool"],["15","6","8"],["0"]],"unlocked":true},{"starRating":3,"chunks":[["0"],["4","1"],["0","5"]],"unlocked":true},{"starRating":3,"chunks":[["3"],["4"],["3"],["0"],["3","4"],["6"]],"unlocked":true},{"starRating":3,"chunks":[["0"],["3"],["6","17"],["1"],["2"],["6$$Footballplayer"]],"unlocked":true},{"starRating":3,"chunks":[["5"],["1","4","4","5"],["7"],["1"]],"unlocked":true},{"starRating":3,"chunks":[["2"],["3"],["11","11"],["2","1"],["11"]],"unlocked":true},{"starRating":3,"chunks":[["1","6","7"],["6","7","0"],["0"],["3"],["1"]],"unlocked":true},{"starRating":3,"chunks":[["7","3","4"],["1","2","0"],["0","1"]],"unlocked":true},{"starRating":0,"chunks":[[null],[null],[null],[null],[null],[null]],"unlocked":false}],"visualAvatar":0,"id":0,"skillPoints":27}],"avatar":{"age":12,"name":"Shawn","gender":0,"levelSaveData":[{"starRating":3,"unlocked":true},{"starRating":3,"chunks":[["1"],["10$$funny","7$$cool"],["15","6","8"],["0"]],"unlocked":true},{"starRating":3,"chunks":[["0"],["4","1"],["0","5"]],"unlocked":true},{"starRating":3,"chunks":[["3"],["4"],["3"],["0"],["3","4"],["6"]],"unlocked":true},{"starRating":3,"chunks":[["0"],["3"],["6","17"],["1"],["2"],["6$$Footballplayer"]],"unlocked":true},{"starRating":3,"chunks":[["5"],["1","4","4","5"],["7"],["1"]],"unlocked":true},{"starRating":3,"chunks":[["2"],["3"],["11","11"],["2","1"],["11"]],"unlocked":true},{"starRating":3,"chunks":[["1","6","7"],["6","7","0"],["0"],["3"],["1"]],"unlocked":true},{"starRating":3,"chunks":[["7","3","4"],["1","2","0"],["0","1"]],"unlocked":true},{"starRating":0,"chunks":[[null],[null],[null],[null],[null],[null]],"unlocked":false}],"visualAvatar":0,"id":0,"skillPoints":27}}
