6546008,0,0:0:0,7/8/2013 1:13:21pm
6546008,601,0:0:3,0
6546008,600,0:0:4,1
6546008,602,0:0:6,1,0
6546008,603,0:0:12,2
6546008,604,0:0:25,2,chris
6546008,605,0:0:29
6546008,207,0:0:54,12,0,-15
6546008,207,0:0:54,12,-15,-15
6546008,210,0:0:56,862,183
6546008,211,0:0:56,552,295
6546008,210,0:1:5,911,475
6546008,211,0:1:6,830,324
6546008,213,0:1:6,12,c_player_lati_M_a_G0a0,true
6546008,210,0:1:16,779,398
6546008,211,0:1:18,1547,362
6546008,207,0:1:18,12,-15,-540
6546008,210,0:1:46,735,417
6546008,207,0:1:47,12,0,-450
6546008,211,0:1:48,1356,353
6546008,212,0:2:0,0
6546008,210,0:2:2,893,410
6546008,211,0:2:3,656,214
6546008,213,0:2:3,12,c_job_G0a1N,true
6546008,205,0:2:3,12,c_job_G0a1N,false,false
6546008,210,0:2:15,1116,445
6546008,211,0:2:20,675,239
6546008,213,0:2:20,12,c_job_G0a1N,true
6546008,205,0:2:20,12,c_job_G0a1N,false,true
6546008,210,0:2:31,1306,511
6546008,207,0:2:32,12,-450,-813
6546008,211,0:2:36,1212,511
6546008,210,0:2:37,1357,564
6546008,211,0:2:39,1139,429
6546008,210,0:2:40,1330,408
6546008,211,0:2:44,893,425
6546008,213,0:2:44,12,c_player_lati_M_a_G0a1N,true
6546008,210,0:2:49,1245,358
6546008,207,0:2:51,12,-813,-333
6546008,207,0:2:55,12,-333,0
6546008,207,0:3:0,12,0,-813
6546008,211,0:3:6,1193,476
6546008,210,0:3:7,1331,539
6546008,207,0:3:11,12,-813,-303
6546008,211,0:3:13,689,262
6546008,213,0:3:13,12,c_job_G0a1N,true
6546008,205,0:3:13,12,c_job_G0a1N,false,true
6546008,210,0:3:18,663,523
6546008,211,0:3:22,1460,258
6546008,207,0:3:22,12,-303,-453
6546008,207,0:3:22,12,-453,-498
6546008,210,0:3:22,1421,253
6546008,211,0:3:23,1535,316
6546008,207,0:3:23,12,-498,-528
6546008,207,0:3:24,12,-528,-588
6546008,210,0:3:24,1541,266
6546008,207,0:3:24,12,-588,-813
6546008,211,0:3:26,1700,457
6546008,210,0:3:28,1583,486
6546008,211,0:3:28,1583,486
6546008,210,0:3:35,911,395
6546008,207,0:3:36,12,0,-150
6546008,207,0:3:38,12,-150,0
6546008,207,0:3:46,12,0,-180
6546008,211,0:3:49,647,234
6546008,213,0:3:49,12,c_education_G0a0,true
6546008,210,0:3:55,575,484
6546008,207,0:3:56,12,-180,-390
6546008,207,0:3:58,12,-390,-675
6546008,211,0:4:8,1787,322
6546008,207,0:4:8,12,-675,-780
6546008,210,0:4:8,1843,279
6546008,207,0:4:8,12,-780,-885
6546008,207,0:4:9,12,-885,-1035
6546008,211,0:4:12,1848,461
6546008,210,0:4:29,820,363
6546008,211,0:4:29,820,363
6546008,213,0:4:29,12,c_player_lati_M_a_G0a1N,true
6546008,210,0:4:34,504,521
6546008,211,0:4:39,1772,368
6546008,207,0:4:39,12,0,-765
6546008,212,0:4:41,1
6546008,212,0:4:43,0
6546008,207,0:5:6,12,-765,-813
6546008,210,0:5:6,1793,358
6546008,211,0:5:7,1835,280
6546008,210,0:5:7,1769,283
6546008,211,0:5:10,1729,282
6546008,212,0:5:19,2
6546008,210,0:5:23,1258,310
6546008,211,0:5:24,1161,207
6546008,213,0:5:24,12,c_family_lati_a_G0a1N,true
6546008,205,0:5:24,12,c_family_lati_a_G0a1N,false,false
6546008,210,0:5:31,1370,532
6546008,211,0:5:32,1157,196
6546008,213,0:5:32,12,c_family_lati_a_G0a1N,true
6546008,205,0:5:32,12,c_family_lati_a_G0a1N,false,true
6546008,212,0:5:58,1
6546008,210,0:6:1,1339,309
6546008,211,0:6:2,1191,457
6546008,213,0:6:2,12,c_home_G0a1N,true
6546008,205,0:6:2,12,c_home_G0a1N,false,false
6546008,210,0:6:46,1401,569
6546008,211,0:6:47,1289,499
6546008,213,0:6:47,12,c_home_G0a1N,true
6546008,205,0:6:47,12,c_home_G0a1N,false,true
6546008,210,0:6:52,1405,548
6546008,207,0:6:55,12,-813,-258
6546008,207,0:6:56,12,-258,0
6546008,211,0:7:4,1637,135
6546008,207,0:7:4,12,0,-630
6546008,210,0:7:11,1485,202
6546008,207,0:7:11,12,-630,-813
6546008,211,0:7:12,1835,136
6546008,210,0:7:19,759,452
6546008,211,0:7:20,1427,350
6546008,207,0:7:20,12,0,-420
6546008,210,0:7:20,1518,343
6546008,211,0:7:21,1893,343
6546008,207,0:7:21,12,-420,-870
6546008,210,0:7:34,1038,447
6546008,211,0:7:35,1292,390
6546008,207,0:7:35,12,0,-270
6546008,207,0:7:36,12,-270,-315
6546008,210,0:7:37,1394,369
6546008,211,0:7:37,1591,357
6546008,207,0:7:37,12,-315,-570
6546008,210,0:7:38,1664,362
6546008,207,0:7:38,12,-570,-813
6546008,211,0:7:39,1832,362
6546008,210,0:7:39,1832,362
6546008,211,0:7:41,1832,362
6546008,210,0:8:1,1803,425
6546008,211,0:8:1,1803,425
6546008,210,0:8:9,1806,316
6546008,211,0:8:10,1831,490
6546008,210,0:8:16,1826,374
6546008,211,0:8:16,1835,373
6546008,210,0:8:16,1824,377
6546008,211,0:8:47,1766,447
6546008,210,0:8:54,1299,405
6546008,211,0:8:59,955,609
6546008,213,0:8:59,12,c_player_lati_M_a_G0a1N,true
6546008,210,0:9:2,1091,573
6546008,211,0:9:3,1187,549
6546008,213,0:9:3,12,c_home_G0a1N,true
6546008,205,0:9:3,12,c_home_G0a1N,false,true
6546008,221,0:9:25,12
6546008,220,0:9:28,12
6546008,210,0:9:31,852,385
6546008,211,0:9:32,1226,386
6546008,207,0:9:32,12,0,-240
6546008,210,0:9:39,572,422
6546008,211,0:9:41,773,411
6546008,213,0:9:41,12,c_cousins_M_a_G0a1P,true
6546008,212,0:9:49,2
6546008,210,0:9:50,682,444
6546008,211,0:9:56,734,465
6546008,213,0:9:56,12,c_cousins_M_a_G0a1P,true
6546008,212,0:10:7,1
6546008,210,0:10:7,1109,551
6546008,211,0:10:10,1003,532
6546008,213,0:10:10,12,c_friends_G0a1P,true
6546008,207,0:10:15,12,-240,-285
6546008,210,0:10:15,1224,514
6546008,211,0:10:20,1130,515
6546008,213,0:10:20,12,c_friends_G0a1P,true
6546008,210,0:10:29,1189,448
6546008,207,0:10:30,12,-285,-720
6546008,211,0:10:37,1521,495
6546008,213,0:10:37,12,c_friends_G0a1P,true
6546008,212,0:10:41,0
6546008,207,0:10:43,12,-720,-780
6546008,210,0:10:43,1734,498
6546008,211,0:10:44,1967,462
6546008,207,0:10:44,12,-780,-960
6546008,210,0:10:44,2058,462
6546008,207,0:10:44,12,-960,-1065
6546008,207,0:10:47,12,-1065,-720
6546008,211,0:10:48,1012,494
6546008,213,0:10:48,12,c_friends_G0a1P,true
6546008,210,0:10:51,1023,498
6546008,207,0:10:54,12,-720,-345
6546008,211,0:10:55,711,493
6546008,213,0:10:55,12,c_cousins_M_a_G0a1P,true
6546008,221,0:11:0,12
6546008,300,0:11:4
6546008,220,0:11:4,12
6546008,210,0:11:32,978,298
6546008,211,0:11:33,978,298
6546008,207,0:11:33,12,0,-15
6546008,210,0:11:33,941,306
6546008,211,0:11:37,1442,275
6546008,207,0:11:37,12,-15,-435
6546008,210,0:11:38,1517,373
6546008,211,0:11:38,1697,432
6546008,207,0:11:38,12,-435,-675
6546008,210,0:11:39,1772,471
6546008,207,0:11:41,12,-675,-1790
6546008,211,0:11:43,2810,490
6546008,221,0:11:44,12
6546008,300,0:11:47
6546008,220,0:11:47,12
6546008,305,0:12:28,0,1,1,-1,
6546008,305,0:13:19,0,3,0,-1,
6546008,305,0:13:57,0,1,0,-1,
6546008,207,0:14:5,12,0,0
6546008,210,0:14:5,597,309
6546008,211,0:14:7,1202,457
6546008,207,0:14:7,12,0,-195
6546008,210,0:14:8,1272,463
6546008,211,0:14:10,2237,476
6546008,207,0:14:10,12,-195,-1215
6546008,207,0:14:10,12,-1215,-1275
6546008,210,0:14:10,2204,441
6546008,211,0:14:11,1733,210
6546008,210,0:14:13,1439,499
6546008,207,0:14:18,12,-1275,-990
6546008,211,0:14:21,1314,336
6546008,213,0:14:21,12,c_Nurse_G0a1P,true
6546008,205,0:14:21,12,c_Nurse_G0a1P,false,false
6546008,210,0:14:37,1296,214
6546008,207,0:14:43,12,-990,-1440
6546008,207,0:14:45,12,-1440,-1350
6546008,207,0:14:46,12,-1350,-1245
6546008,211,0:14:46,1607,453
6546008,212,0:14:47,2
6546008,210,0:14:48,1790,296
6546008,211,0:14:50,1409,199
6546008,213,0:14:50,12,c_Teacher_G0a1P,true
6546008,205,0:14:50,12,c_Teacher_G0a1P,false,false
6546008,210,0:15:12,1803,248
6546008,211,0:15:13,1863,249
6546008,212,0:15:14,1
6546008,210,0:15:15,1795,223
6546008,211,0:15:18,1786,229
6546008,213,0:15:18,12,c_dad_lati_a_G0a1P,true
6546008,205,0:15:18,12,c_dad_lati_a_G0a1P,false,false
6546008,213,0:15:44,12,c_dad_lati_a_G0a1P,true
6546008,205,0:15:44,12,c_dad_lati_a_G0a1P,false,true
6546008,210,0:15:48,1870,250
6546008,211,0:15:49,1889,219
6546008,213,0:15:49,12,c_mom_lati_a_G0a1P,true
6546008,205,0:15:49,12,c_mom_lati_a_G0a1P,false,false
6546008,213,0:16:11,12,c_mom_lati_a_G0a1P,true
6546008,205,0:16:11,12,c_mom_lati_a_G0a1P,false,true
6546008,210,0:16:15,1824,478
6546008,211,0:16:16,1861,549
6546008,210,0:16:17,1794,499
6546008,211,0:16:20,1792,549
6546008,213,0:16:20,12,c_dad_lati_a_G0a1P,true
6546008,205,0:16:20,12,c_dad_lati_a_G0a1P,false,true
6546008,212,0:16:25,2
6546008,210,0:16:26,1848,509
6546008,211,0:16:27,1847,534
6546008,213,0:16:27,12,c_kidsister_lati_a_G0a1P,true
6546008,205,0:16:27,12,c_kidsister_lati_a_G0a1P,false,false
6546008,212,0:16:50,0
6546008,210,0:16:51,1622,317
6546008,211,0:16:52,1635,352
6546008,212,0:16:53,1
6546008,210,0:16:54,1644,350
6546008,211,0:16:54,1635,356
6546008,212,0:16:55,2
6546008,210,0:16:56,1625,353
6546008,211,0:16:57,1638,388
6546008,213,0:16:57,12,c_grandma_lati_a_G0a1P,true
6546008,205,0:16:57,12,c_grandma_lati_a_G0a1P,false,false
6546008,210,0:17:26,2168,296
6546008,207,0:17:28,12,-1245,-1790
6546008,211,0:17:28,2808,283
6546008,221,0:17:29,12
6546008,300,0:17:34
6546008,220,0:17:34,12
6546008,302,0:17:48,0,1,0,0
6546008,302,0:17:54,0,1,0,7
6546008,303,0:18:20,0,1,0,7
6546008,304,0:18:28,0,1,0,-1,,7,fun
6546008,302,0:18:40,0,1,1,10
6546008,303,0:18:43,0,1,1,10
6546008,304,0:18:49,0,1,1,-1,,10,funny
6546008,302,0:19:31,0,3,0,0
6546008,306,0:19:32,0,0,1
6546008,304,0:19:32,0,3,0,-1,,0,
6546008,302,0:19:48,0,0,0,1
6546008,304,0:19:49,0,0,0,-1,,1,
6546008,302,0:20:25,0,2,0,6
6546008,306,0:20:30,0,1,2
6546008,304,0:20:30,0,2,0,-1,,6,
6546008,305,0:20:37,0,2,1,-1,
6546008,302,0:20:42,0,2,0,5
6546008,302,0:20:45,0,2,0,6
6546008,303,0:20:49,0,2,0,6
6546008,302,0:22:34,0,2,0,5
6546008,304,0:22:51,0,2,0,6,,5,animals
6546008,302,0:22:56,0,2,1,5
6546008,302,0:22:56,0,2,1,7
6546008,303,0:23:0,0,2,1,7
6546008,304,0:23:21,0,2,1,-1,,7,love movies
6546008,302,0:23:36,0,2,2,11
6546008,303,0:23:41,0,2,2,11
6546008,306,0:24:4,0,2,3
6546008,304,0:24:4,0,2,2,-1,,11,competiteve
6546008,210,0:24:14,1063,456
6546008,211,0:24:17,2552,410
6546008,207,0:24:17,12,0,-1530
6546008,221,0:24:18,12
6546008,220,0:24:19,12
6546008,203,0:24:19,12
6546008,100,0:24:25,0
6546008,102,0:24:46,0
6546008,200,0:24:46,0,0,0,0,0,6
6546008,219,0:24:46,0
6546008,216,0:24:48,Stack_G7a0
6546008,217,0:25:25,Stack_G7a0,32,0.00
6546008,218,0:25:28,0
6546008,210,0:25:35,833,321
6546008,211,0:25:38,833,363
6546008,213,0:25:38,0,c_teacherEng_G7a0,false
6546008,1003,0:25:51,2
6546008,1004,0:25:54,0
6546008,900,0:25:57,0,[]
6546008,901,0:26:21,0,[PeopleData_id:4]
6546008,902,0:26:30,0,[PeopleData_id:4,PeopleData_data0Type]
6546008,902,0:26:30,0,[PeopleData_id:4,PeopleData_data0Type]
6546008,903,0:26:33,0,[PeopleData_id4,PeopleData_data0Type]
6546008,902,0:26:41,0,[PeopleData_id:4,PeopleData_data2Type]
6546008,902,0:26:50,0,[PeopleData_id:4,PeopleData_data1Type]
6546008,902,0:26:51,0,[PeopleData_id:4,PeopleData_data1Type]
6546008,902,0:26:56,0,[PeopleData_id:4,PeopleData_data3Type]
6546008,902,0:26:59,0,[PeopleData_id:4,PeopleData_data3Type]
6546008,902,0:26:59,0,[PeopleData_id:4,PeopleData_data3Type]
6546008,902,0:27:0,0,[PeopleData_id:4,PeopleData_data3Type]
6546008,902,0:27:0,0,[PeopleData_id:4,PeopleData_data3Type]
6546008,902,0:27:0,0,[PeopleData_id:4,PeopleData_data3Type]
6546008,902,0:27:1,0,[PeopleData_id:4,PeopleData_data3Type]
6546008,903,0:27:2,0,[PeopleData_id4,PeopleData_data3Type]
6546008,902,0:27:11,0,[PeopleData_id:4,PeopleData_data0Type]
6546008,903,0:27:12,0,[PeopleData_id4,PeopleData_data0Type]
6546008,901,0:27:16,0,[PeopleData_id:1]
6546008,902,0:27:19,0,[PeopleData_id:1,PeopleData_data3Type]
6546008,903,0:27:29,0,[PeopleData_id1,PeopleData_data3Type]
6546008,902,0:27:31,0,[PeopleData_id:1,PeopleData_data0Type]
6546008,903,0:27:36,0,[PeopleData_id1,PeopleData_data0Type]
6546008,902,0:27:37,0,[PeopleData_id:1,PeopleData_data1Type]
6546008,903,0:27:52,0,[PeopleData_id1,PeopleData_data1Type]
6546008,902,0:27:54,0,[PeopleData_id:1,PeopleData_data2Type]
6546008,902,0:28:0,0,[PeopleData_id:1,PeopleData_data2Type]
6546008,903,0:28:1,0,[PeopleData_id1,PeopleData_data2Type]
6546008,902,0:28:2,0,[PeopleData_id:1,PeopleData_data3Type]
6546008,903,0:28:5,0,[PeopleData_id1,PeopleData_data3Type]
6546008,902,0:28:7,0,[PeopleData_id:1,PeopleData_data2Type]
6546008,903,0:28:9,0,[PeopleData_id1,PeopleData_data2Type]
6546008,901,0:28:20,0,[PeopleData_id:1]
6546008,904,0:28:20,0,[PeopleData_id:1]
6546008,905,0:28:25,0,[PeopleData_id:1,RankTypes_id:-1,RankTypes_id:0]
6546008,901,0:28:32,0,[PeopleData_id:4]
6546008,902,0:28:34,0,[PeopleData_id:4,PeopleData_data0Type]
6546008,903,0:28:37,0,[PeopleData_id4,PeopleData_data0Type]
6546008,902,0:28:38,0,[PeopleData_id:4,PeopleData_data1Type]
6546008,903,0:28:43,0,[PeopleData_id4,PeopleData_data1Type]
6546008,901,0:28:45,0,[PeopleData_id:4]
6546008,904,0:28:45,0,[PeopleData_id:4]
6546008,905,0:28:47,0,[PeopleData_id:4,RankTypes_id:-1,RankTypes_id:1]
6546008,901,0:28:52,0,[PeopleData_id:2]
6546008,902,0:28:53,0,[PeopleData_id:2,PeopleData_data0Type]
6546008,903,0:28:59,0,[PeopleData_id2,PeopleData_data0Type]
6546008,902,0:29:0,0,[PeopleData_id:2,PeopleData_data1Type]
6546008,903,0:29:5,0,[PeopleData_id2,PeopleData_data1Type]
6546008,902,0:29:6,0,[PeopleData_id:2,PeopleData_data2Type]
6546008,903,0:29:16,0,[PeopleData_id2,PeopleData_data2Type]
6546008,902,0:29:18,0,[PeopleData_id:2,PeopleData_data3Type]
6546008,903,0:29:25,0,[PeopleData_id2,PeopleData_data3Type]
6546008,901,0:29:29,0,[PeopleData_id:2]
6546008,904,0:29:30,0,[PeopleData_id:2]
6546008,905,0:29:31,0,[PeopleData_id:2,RankTypes_id:-1,RankTypes_id:0]
6546008,901,0:29:34,0,[PeopleData_id:3]
6546008,902,0:29:36,0,[PeopleData_id:3,PeopleData_data0Type]
6546008,903,0:29:46,0,[PeopleData_id3,PeopleData_data0Type]
6546008,902,0:29:47,0,[PeopleData_id:3,PeopleData_data1Type]
6546008,903,0:29:55,0,[PeopleData_id3,PeopleData_data1Type]
6546008,902,0:29:55,0,[PeopleData_id:3,PeopleData_data2Type]
6546008,903,0:30:1,0,[PeopleData_id3,PeopleData_data2Type]
6546008,901,0:30:3,0,[PeopleData_id:3]
6546008,901,0:30:3,0,[PeopleData_id:3]
6546008,904,0:30:3,0,[PeopleData_id:3]
6546008,905,0:30:9,0,[PeopleData_id:3,RankTypes_id:-1,RankTypes_id:4]
6546008,901,0:30:10,0,[PeopleData_id:0]
6546008,902,0:30:12,0,[PeopleData_id:0,PeopleData_data0Type]
6546008,903,0:30:17,0,[PeopleData_id0,PeopleData_data0Type]
6546008,902,0:30:18,0,[PeopleData_id:0,PeopleData_data1Type]
6546008,903,0:30:23,0,[PeopleData_id0,PeopleData_data1Type]
6546008,902,0:30:25,0,[PeopleData_id:0,PeopleData_data2Type]
6546008,903,0:30:28,0,[PeopleData_id0,PeopleData_data2Type]
6546008,902,0:30:29,0,[PeopleData_id:0,PeopleData_data3Type]
6546008,903,0:30:37,0,[PeopleData_id0,PeopleData_data3Type]
6546008,901,0:30:38,0,[PeopleData_id:0]
6546008,904,0:30:38,0,[PeopleData_id:0]
6546008,905,0:30:40,0,[PeopleData_id:0,RankTypes_id:-1,RankTypes_id:4]
6546008,906,0:30:40,0,[]
6546008,907,0:30:42,0,[]
6546008,908,0:30:42,0,[InvitationData_id:3,PeopleData_id:3,RankTypes_id:4]
6546008,909,0:30:53,0,[InvitationData_id:3,PeopleData_id:3,RankTypes_id:4,1]
6546008,910,0:30:55,0,[InvitationData_id:3,9,false]
6546008,908,0:30:55,0,[InvitationData_id:1,PeopleData_id:0,RankTypes_id:4]
6546008,909,0:31:4,0,[InvitationData_id:1,PeopleData_id:0,RankTypes_id:4,1]
6546008,910,0:31:5,0,[InvitationData_id:1,9,false]
6546008,908,0:31:5,0,[InvitationData_id:0,PeopleData_id:0,RankTypes_id:4]
6546008,909,0:31:14,0,[InvitationData_id:0,PeopleData_id:0,RankTypes_id:4,1]
6546008,910,0:31:15,0,[InvitationData_id:0,9,false]
6546008,908,0:31:15,0,[InvitationData_id:9,PeopleData_id:4,RankTypes_id:1]
6546008,909,0:31:25,0,[InvitationData_id:9,PeopleData_id:4,RankTypes_id:1,0]
6546008,910,0:31:26,0,[InvitationData_id:9,0,false]
6546008,908,0:31:26,0,[InvitationData_id:6,PeopleData_id:0,RankTypes_id:4]
6546008,909,0:31:32,0,[InvitationData_id:6,PeopleData_id:0,RankTypes_id:4,1]
6546008,910,0:31:33,0,[InvitationData_id:6,9,false]
6546008,908,0:31:33,0,[InvitationData_id:8,PeopleData_id:0,RankTypes_id:4]
6546008,909,0:31:40,0,[InvitationData_id:8,PeopleData_id:0,RankTypes_id:4,1]
6546008,910,0:31:42,0,[InvitationData_id:8,9,false]
6546008,908,0:31:42,0,[InvitationData_id:4,PeopleData_id:4,RankTypes_id:1]
6546008,909,0:31:52,0,[InvitationData_id:4,PeopleData_id:4,RankTypes_id:1,0]
6546008,910,0:31:53,0,[InvitationData_id:4,0,false]
6546008,908,0:31:53,0,[InvitationData_id:5,PeopleData_id:4,RankTypes_id:1]
6546008,909,0:32:2,0,[InvitationData_id:5,PeopleData_id:4,RankTypes_id:1,0]
6546008,910,0:32:3,0,[InvitationData_id:5,0,false]
6546008,911,0:32:5,0,[45,0,0,0]
6546008,1005,0:32:5,0,[2,0,3]
6546008,1001,0:32:8,0,[]
6546008,1003,0:32:8,2
6546008,1004,0:32:31,0
6546008,900,0:32:33,0,[]
6546008,901,0:32:37,0,[PeopleData_id:1]
6546008,902,0:32:39,0,[PeopleData_id:1,PeopleData_data0Type]
6546008,903,0:32:42,0,[PeopleData_id1,PeopleData_data0Type]
6546008,901,0:32:43,0,[PeopleData_id:1]
6546008,904,0:32:43,0,[PeopleData_id:1]
6546008,905,0:32:44,0,[PeopleData_id:1,RankTypes_id:-1,RankTypes_id:0]
6546008,901,0:32:46,0,[PeopleData_id:2]
6546008,902,0:32:48,0,[PeopleData_id:2,PeopleData_data0Type]
6546008,903,0:32:51,0,[PeopleData_id2,PeopleData_data0Type]
6546008,901,0:32:52,0,[PeopleData_id:2]
6546008,904,0:32:52,0,[PeopleData_id:2]
6546008,905,0:32:54,0,[PeopleData_id:2,RankTypes_id:-1,RankTypes_id:4]
6546008,901,0:32:55,0,[PeopleData_id:0]
6546008,902,0:32:57,0,[PeopleData_id:0,PeopleData_data0Type]
6546008,903,0:33:1,0,[PeopleData_id0,PeopleData_data0Type]
6546008,902,0:33:2,0,[PeopleData_id:0,PeopleData_data1Type]
6546008,903,0:33:5,0,[PeopleData_id0,PeopleData_data1Type]
6546008,901,0:33:6,0,[PeopleData_id:0]
6546008,904,0:33:6,0,[PeopleData_id:0]
6546008,905,0:33:7,0,[PeopleData_id:0,RankTypes_id:-1,RankTypes_id:4]
6546008,901,0:33:8,0,[PeopleData_id:4]
6546008,902,0:33:11,0,[PeopleData_id:4,PeopleData_data0Type]
6546008,903,0:33:16,0,[PeopleData_id4,PeopleData_data0Type]
6546008,902,0:33:17,0,[PeopleData_id:4,PeopleData_data1Type]
6546008,903,0:33:22,0,[PeopleData_id4,PeopleData_data1Type]
6546008,901,0:33:23,0,[PeopleData_id:4]
6546008,904,0:33:23,0,[PeopleData_id:4]
6546008,905,0:33:24,0,[PeopleData_id:4,RankTypes_id:-1,RankTypes_id:0]
6546008,901,0:33:27,0,[PeopleData_id:3]
6546008,902,0:33:28,0,[PeopleData_id:3,PeopleData_data0Type]
6546008,903,0:33:32,0,[PeopleData_id3,PeopleData_data0Type]
6546008,902,0:33:33,0,[PeopleData_id:3,PeopleData_data1Type]
6546008,903,0:33:36,0,[PeopleData_id3,PeopleData_data1Type]
6546008,902,0:33:37,0,[PeopleData_id:3,PeopleData_data2Type]
6546008,903,0:33:39,0,[PeopleData_id3,PeopleData_data2Type]
6546008,901,0:33:39,0,[PeopleData_id:3]
6546008,904,0:33:40,0,[PeopleData_id:3]
6546008,905,0:33:42,0,[PeopleData_id:3,RankTypes_id:-1,RankTypes_id:3]
6546008,906,0:33:42,0,[]
6546008,907,0:33:46,0,[]
6546008,908,0:33:46,0,[InvitationData_id:1,PeopleData_id:0,RankTypes_id:4]
6546008,909,0:33:50,0,[InvitationData_id:1,PeopleData_id:0,RankTypes_id:4,1]
6546008,910,0:33:51,0,[InvitationData_id:1,9,false]
6546008,908,0:33:51,0,[InvitationData_id:8,PeopleData_id:0,RankTypes_id:4]
6546008,909,0:33:55,0,[InvitationData_id:8,PeopleData_id:0,RankTypes_id:4,1]
6546008,910,0:33:56,0,[InvitationData_id:8,9,false]
6546008,908,0:33:56,0,[InvitationData_id:10,PeopleData_id:2,RankTypes_id:4]
6546008,909,0:34:8,0,[InvitationData_id:10,PeopleData_id:2,RankTypes_id:4,1]
6546008,910,0:34:9,0,[InvitationData_id:10,0,true]
6546008,908,0:34:9,0,[InvitationData_id:2,PeopleData_id:2,RankTypes_id:4]
6546008,909,0:34:18,0,[InvitationData_id:2,PeopleData_id:2,RankTypes_id:4,0]
6546008,910,0:34:20,0,[InvitationData_id:2,-11,false]
6546008,908,0:34:20,0,[InvitationData_id:0,PeopleData_id:0,RankTypes_id:4]
6546008,901,0:34:20,0,[PeopleData_id:2]
6546008,901,0:34:22,0,[PeopleData_id:2]
6546008,902,0:34:26,0,[PeopleData_id:2,PeopleData_data1Type]
6546008,901,0:34:31,0,[PeopleData_id:2]
6546008,909,0:34:45,0,[InvitationData_id:0,PeopleData_id:0,RankTypes_id:4,1]
6546008,910,0:34:47,0,[InvitationData_id:0,9,false]
6546008,908,0:34:47,0,[InvitationData_id:4,PeopleData_id:2,RankTypes_id:4]
6546008,909,0:34:56,0,[InvitationData_id:4,PeopleData_id:2,RankTypes_id:4,0]
6546008,910,0:34:57,0,[InvitationData_id:4,-11,false]
6546008,908,0:34:57,0,[InvitationData_id:3,PeopleData_id:3,RankTypes_id:3]
6546008,909,0:35:9,0,[InvitationData_id:3,PeopleData_id:3,RankTypes_id:3,1]
6546008,910,0:35:19,0,[InvitationData_id:3,7,false]
6546008,908,0:35:19,0,[InvitationData_id:6,PeopleData_id:0,RankTypes_id:4]
6546008,909,0:35:21,0,[InvitationData_id:6,PeopleData_id:0,RankTypes_id:4,1]
6546008,910,0:35:26,0,[InvitationData_id:6,9,false]
6546008,911,0:35:29,0,[21,1,0,1]
6546008,1000,0:35:31,0,[]
6546008,900,0:35:32,0,[]
6546008,901,0:35:38,0,[PeopleData_id:3]
6546008,902,0:35:39,0,[PeopleData_id:3,PeopleData_data0Type]
6546008,903,0:35:42,0,[PeopleData_id3,PeopleData_data0Type]
6546008,902,0:35:43,0,[PeopleData_id:3,PeopleData_data1Type]
6546008,903,0:35:47,0,[PeopleData_id3,PeopleData_data1Type]
6546008,902,0:35:48,0,[PeopleData_id:3,PeopleData_data2Type]
6546008,903,0:35:50,0,[PeopleData_id3,PeopleData_data2Type]
6546008,901,0:35:51,0,[PeopleData_id:3]
6546008,904,0:35:51,0,[PeopleData_id:3]
6546008,905,0:35:52,0,[PeopleData_id:3,RankTypes_id:-1,RankTypes_id:4]
6546008,901,0:35:53,0,[PeopleData_id:1]
6546008,902,0:35:55,0,[PeopleData_id:1,PeopleData_data0Type]
6546008,903,0:35:57,0,[PeopleData_id1,PeopleData_data0Type]
6546008,901,0:35:58,0,[PeopleData_id:1]
6546008,904,0:35:58,0,[PeopleData_id:1]
6546008,905,0:35:59,0,[PeopleData_id:1,RankTypes_id:-1,RankTypes_id:0]
6546008,901,0:36:2,0,[PeopleData_id:0]
6546008,902,0:36:3,0,[PeopleData_id:0,PeopleData_data0Type]
6546008,903,0:36:6,0,[PeopleData_id0,PeopleData_data0Type]
6546008,902,0:36:7,0,[PeopleData_id:0,PeopleData_data1Type]
6546008,903,0:36:10,0,[PeopleData_id0,PeopleData_data1Type]
6546008,902,0:36:11,0,[PeopleData_id:0,PeopleData_data2Type]
6546008,903,0:36:16,0,[PeopleData_id0,PeopleData_data2Type]
6546008,902,0:36:17,0,[PeopleData_id:0,PeopleData_data3Type]
6546008,903,0:36:20,0,[PeopleData_id0,PeopleData_data3Type]
6546008,901,0:36:20,0,[PeopleData_id:0]
6546008,904,0:36:20,0,[PeopleData_id:0]
6546008,905,0:36:21,0,[PeopleData_id:0,RankTypes_id:-1,RankTypes_id:4]
6546008,901,0:36:23,0,[PeopleData_id:2]
6546008,904,0:36:23,0,[PeopleData_id:2]
6546008,902,0:36:25,0,[PeopleData_id:2,PeopleData_data0Type]
6546008,903,0:36:27,0,[PeopleData_id2,PeopleData_data0Type]
6546008,902,0:36:28,0,[PeopleData_id:2,PeopleData_data1Type]
6546008,903,0:36:31,0,[PeopleData_id2,PeopleData_data1Type]
6546008,901,0:36:32,0,[PeopleData_id:2]
6546008,904,0:36:32,0,[PeopleData_id:2]
6546008,905,0:36:33,0,[PeopleData_id:2,RankTypes_id:-1,RankTypes_id:0]
6546008,901,0:36:34,0,[PeopleData_id:4]
6546008,904,0:36:34,0,[PeopleData_id:4]
6546008,902,0:36:36,0,[PeopleData_id:4,PeopleData_data0Type]
6546008,903,0:36:39,0,[PeopleData_id4,PeopleData_data0Type]
6546008,901,0:36:39,0,[PeopleData_id:4]
6546008,904,0:36:39,0,[PeopleData_id:4]
6546008,905,0:36:40,0,[PeopleData_id:4,RankTypes_id:-1,RankTypes_id:0]
6546008,906,0:36:40,0,[]
6546008,907,0:36:41,0,[]
6546008,908,0:36:41,0,[InvitationData_id:8,PeopleData_id:0,RankTypes_id:4]
6546008,909,0:36:45,0,[InvitationData_id:8,PeopleData_id:0,RankTypes_id:4,1]
6546008,910,0:36:46,0,[InvitationData_id:8,9,false]
6546008,908,0:36:46,0,[InvitationData_id:1,PeopleData_id:0,RankTypes_id:4]
6546008,909,0:36:51,0,[InvitationData_id:1,PeopleData_id:0,RankTypes_id:4,1]
6546008,910,0:36:52,0,[InvitationData_id:1,9,false]
6546008,908,0:36:52,0,[InvitationData_id:3,PeopleData_id:3,RankTypes_id:4]
6546008,909,0:36:59,0,[InvitationData_id:3,PeopleData_id:3,RankTypes_id:4,1]
6546008,910,0:37:0,0,[InvitationData_id:3,9,false]
6546008,908,0:37:0,0,[InvitationData_id:6,PeopleData_id:0,RankTypes_id:4]
6546008,909,0:37:7,0,[InvitationData_id:6,PeopleData_id:0,RankTypes_id:4,1]
6546008,910,0:37:8,0,[InvitationData_id:6,9,false]
6546008,908,0:37:8,0,[InvitationData_id:0,PeopleData_id:0,RankTypes_id:4]
6546008,909,0:37:14,0,[InvitationData_id:0,PeopleData_id:0,RankTypes_id:4,1]
6546008,910,0:37:15,0,[InvitationData_id:0,9,false]
6546008,911,0:37:18,0,[45,0,0,0]
6546008,1001,0:37:20,0,[]
6546008,1003,0:37:20,2
6546008,1004,0:37:22,0
6546008,900,0:37:24,0,[]
6546008,901,0:37:30,0,[PeopleData_id:0]
6546008,902,0:37:31,0,[PeopleData_id:0,PeopleData_data0Type]
6546008,903,0:37:33,0,[PeopleData_id0,PeopleData_data0Type]
6546008,901,0:37:34,0,[PeopleData_id:0]
6546008,904,0:37:34,0,[PeopleData_id:0]
6546008,905,0:37:35,0,[PeopleData_id:0,RankTypes_id:-1,RankTypes_id:4]
6546008,901,0:37:42,0,[PeopleData_id:2]
6546008,902,0:37:43,0,[PeopleData_id:2,PeopleData_data0Type]
6546008,903,0:37:46,0,[PeopleData_id2,PeopleData_data0Type]
6546008,901,0:37:46,0,[PeopleData_id:2]
6546008,904,0:37:46,0,[PeopleData_id:2]
6546008,905,0:37:47,0,[PeopleData_id:2,RankTypes_id:-1,RankTypes_id:0]
6546008,901,0:37:49,0,[PeopleData_id:1]
6546008,902,0:37:51,0,[PeopleData_id:1,PeopleData_data0Type]
6546008,903,0:37:53,0,[PeopleData_id1,PeopleData_data0Type]
6546008,901,0:37:53,0,[PeopleData_id:1]
6546008,904,0:37:54,0,[PeopleData_id:1]
6546008,905,0:37:55,0,[PeopleData_id:1,RankTypes_id:-1,RankTypes_id:0]
6546008,901,0:37:55,0,[PeopleData_id:4]
6546008,902,0:37:59,0,[PeopleData_id:4,PeopleData_data0Type]
6546008,903,0:38:0,0,[PeopleData_id4,PeopleData_data0Type]
6546008,901,0:38:1,0,[PeopleData_id:4]
6546008,904,0:38:1,0,[PeopleData_id:4]
6546008,905,0:38:2,0,[PeopleData_id:4,RankTypes_id:-1,RankTypes_id:0]
6546008,901,0:38:3,0,[PeopleData_id:3]
6546008,902,0:38:5,0,[PeopleData_id:3,PeopleData_data0Type]
6546008,903,0:38:10,0,[PeopleData_id3,PeopleData_data0Type]
6546008,902,0:38:11,0,[PeopleData_id:3,PeopleData_data1Type]
6546008,903,0:38:15,0,[PeopleData_id3,PeopleData_data1Type]
6546008,902,0:38:16,0,[PeopleData_id:3,PeopleData_data2Type]
6546008,903,0:38:19,0,[PeopleData_id3,PeopleData_data2Type]
6546008,901,0:38:20,0,[PeopleData_id:3]
6546008,904,0:38:20,0,[PeopleData_id:3]
6546008,905,0:38:22,0,[PeopleData_id:3,RankTypes_id:-1,RankTypes_id:4]
6546008,906,0:38:22,0,[]
6546008,907,0:38:24,0,[]
6546008,908,0:38:24,0,[InvitationData_id:0,PeopleData_id:0,RankTypes_id:4]
6546008,909,0:38:26,0,[InvitationData_id:0,PeopleData_id:0,RankTypes_id:4,1]
6546008,910,0:38:28,0,[InvitationData_id:0,9,false]
6546008,908,0:38:28,0,[InvitationData_id:1,PeopleData_id:0,RankTypes_id:4]
6546008,909,0:38:30,0,[InvitationData_id:1,PeopleData_id:0,RankTypes_id:4,1]
6546008,910,0:38:33,0,[InvitationData_id:1,9,false]
6546008,908,0:38:34,0,[InvitationData_id:3,PeopleData_id:3,RankTypes_id:4]
6546008,909,0:38:39,0,[InvitationData_id:3,PeopleData_id:3,RankTypes_id:4,1]
6546008,910,0:38:40,0,[InvitationData_id:3,9,false]
6546008,908,0:38:40,0,[InvitationData_id:6,PeopleData_id:0,RankTypes_id:4]
6546008,909,0:38:43,0,[InvitationData_id:6,PeopleData_id:0,RankTypes_id:4,1]
6546008,910,0:38:46,0,[InvitationData_id:6,9,false]
6546008,908,0:38:46,0,[InvitationData_id:8,PeopleData_id:0,RankTypes_id:4]
6546008,909,0:38:50,0,[InvitationData_id:8,PeopleData_id:0,RankTypes_id:4,1]
6546008,910,0:38:53,0,[InvitationData_id:8,9,false]
6546008,911,0:38:55,0,[45,0,0,0]
6546008,1001,0:38:57,0,[]
6546008,1003,0:38:57,2
6546008,1004,0:39:15,0
6546008,900,0:39:21,0,[]
6546008,901,0:39:23,0,[PeopleData_id:2]
6546008,902,0:39:24,0,[PeopleData_id:2,PeopleData_data0Type]
6546008,903,0:39:27,0,[PeopleData_id2,PeopleData_data0Type]
6546008,902,0:39:28,0,[PeopleData_id:2,PeopleData_data1Type]
6546008,903,0:39:30,0,[PeopleData_id2,PeopleData_data1Type]
6546008,901,0:39:31,0,[PeopleData_id:2]
6546008,904,0:39:31,0,[PeopleData_id:2]
6546008,905,0:39:32,0,[PeopleData_id:2,RankTypes_id:-1,RankTypes_id:0]
6546008,901,0:39:33,0,[PeopleData_id:3]
6546008,902,0:39:34,0,[PeopleData_id:3,PeopleData_data1Type]
6546008,903,0:39:37,0,[PeopleData_id3,PeopleData_data1Type]
6546008,901,0:39:38,0,[PeopleData_id:3]
6546008,904,0:39:38,0,[PeopleData_id:3]
6546008,905,0:39:38,0,[PeopleData_id:3,RankTypes_id:-1,RankTypes_id:4]
6546008,902,0:39:41,0,[PeopleData_id:3,PeopleData_data0Type]
6546008,903,0:39:43,0,[PeopleData_id3,PeopleData_data0Type]
6546008,902,0:39:44,0,[PeopleData_id:3,PeopleData_data2Type]
6546008,903,0:39:46,0,[PeopleData_id3,PeopleData_data2Type]
6546008,901,0:39:47,0,[PeopleData_id:4]
6546008,902,0:39:49,0,[PeopleData_id:4,PeopleData_data1Type]
6546008,903,0:39:52,0,[PeopleData_id4,PeopleData_data1Type]
6546008,902,0:39:53,0,[PeopleData_id:4,PeopleData_data0Type]
6546008,903,0:39:55,0,[PeopleData_id4,PeopleData_data0Type]
6546008,902,0:39:56,0,[PeopleData_id:4,PeopleData_data2Type]
6546008,903,0:40:0,0,[PeopleData_id4,PeopleData_data2Type]
6546008,902,0:40:1,0,[PeopleData_id:4,PeopleData_data3Type]
6546008,903,0:40:2,0,[PeopleData_id4,PeopleData_data3Type]
6546008,901,0:40:3,0,[PeopleData_id:4]
6546008,904,0:40:3,0,[PeopleData_id:4]
6546008,905,0:40:4,0,[PeopleData_id:4,RankTypes_id:-1,RankTypes_id:0]
6546008,901,0:40:6,0,[PeopleData_id:1]
6546008,902,0:40:8,0,[PeopleData_id:1,PeopleData_data0Type]
6546008,903,0:40:12,0,[PeopleData_id1,PeopleData_data0Type]
6546008,901,0:40:12,0,[PeopleData_id:1]
6546008,904,0:40:12,0,[PeopleData_id:1]
6546008,905,0:40:13,0,[PeopleData_id:1,RankTypes_id:-1,RankTypes_id:0]
6546008,901,0:40:14,0,[PeopleData_id:0]
6546008,904,0:40:14,0,[PeopleData_id:0]
6546008,902,0:40:15,0,[PeopleData_id:0,PeopleData_data0Type]
6546008,903,0:40:18,0,[PeopleData_id0,PeopleData_data0Type]
6546008,902,0:40:18,0,[PeopleData_id:0,PeopleData_data1Type]
6546008,903,0:40:22,0,[PeopleData_id0,PeopleData_data1Type]
6546008,901,0:40:24,0,[PeopleData_id:0]
6546008,904,0:40:24,0,[PeopleData_id:0]
6546008,905,0:40:26,0,[PeopleData_id:0,RankTypes_id:-1,RankTypes_id:4]
6546008,906,0:40:26,0,[]
6546008,907,0:40:27,0,[]
6546008,908,0:40:27,0,[InvitationData_id:6,PeopleData_id:0,RankTypes_id:4]
6546008,909,0:40:30,0,[InvitationData_id:6,PeopleData_id:0,RankTypes_id:4,1]
6546008,910,0:40:31,0,[InvitationData_id:6,9,false]
6546008,908,0:40:31,0,[InvitationData_id:0,PeopleData_id:0,RankTypes_id:4]
6546008,909,0:40:32,0,[InvitationData_id:0,PeopleData_id:0,RankTypes_id:4,0]
6546008,910,0:40:48,0,[InvitationData_id:0,-11,false]
6546008,908,0:40:48,0,[InvitationData_id:1,PeopleData_id:0,RankTypes_id:4]
6546008,909,0:40:54,0,[InvitationData_id:1,PeopleData_id:0,RankTypes_id:4,1]
6546008,910,0:40:55,0,[InvitationData_id:1,9,false]
6546008,908,0:40:55,0,[InvitationData_id:8,PeopleData_id:0,RankTypes_id:4]
6546008,909,0:40:58,0,[InvitationData_id:8,PeopleData_id:0,RankTypes_id:4,1]
6546008,910,0:40:58,0,[InvitationData_id:8,9,false]
6546008,908,0:40:58,0,[InvitationData_id:3,PeopleData_id:3,RankTypes_id:4]
6546008,909,0:41:0,0,[InvitationData_id:3,PeopleData_id:3,RankTypes_id:4,1]
6546008,910,0:41:1,0,[InvitationData_id:3,9,false]
6546008,911,0:41:2,0,[25,0,1,0]
6546008,1000,0:41:5,0,[]
6546008,900,0:41:6,0,[]
6546008,901,0:41:8,0,[PeopleData_id:2]
6546008,904,0:41:8,0,[PeopleData_id:2]
6546008,905,0:41:9,0,[PeopleData_id:2,RankTypes_id:-1,RankTypes_id:4]
6546008,901,0:41:16,0,[PeopleData_id:0]
6546008,902,0:41:17,0,[PeopleData_id:0,PeopleData_data1Type]
6546008,903,0:41:20,0,[PeopleData_id0,PeopleData_data1Type]
6546008,902,0:41:21,0,[PeopleData_id:0,PeopleData_data3Type]
6546008,903,0:41:25,0,[PeopleData_id0,PeopleData_data3Type]
6546008,902,0:41:26,0,[PeopleData_id:0,PeopleData_data0Type]
6546008,903,0:41:29,0,[PeopleData_id0,PeopleData_data0Type]
6546008,902,0:41:30,0,[PeopleData_id:0,PeopleData_data2Type]
6546008,903,0:41:33,0,[PeopleData_id0,PeopleData_data2Type]
6546008,902,0:41:37,0,[PeopleData_id:0,PeopleData_data2Type]
6546008,903,0:41:39,0,[PeopleData_id0,PeopleData_data2Type]
6546008,901,0:41:40,0,[PeopleData_id:3]
6546008,902,0:41:41,0,[PeopleData_id:3,PeopleData_data2Type]
6546008,903,0:41:43,0,[PeopleData_id3,PeopleData_data2Type]
6546008,902,0:41:44,0,[PeopleData_id:3,PeopleData_data1Type]
6546008,903,0:41:46,0,[PeopleData_id3,PeopleData_data1Type]
6546008,902,0:41:47,0,[PeopleData_id:3,PeopleData_data0Type]
6546008,903,0:41:47,0,[PeopleData_id3,PeopleData_data0Type]
6546008,901,0:41:48,0,[PeopleData_id:3]
6546008,904,0:41:48,0,[PeopleData_id:3]
6546008,905,0:41:50,0,[PeopleData_id:3,RankTypes_id:-1,RankTypes_id:3]
6546008,901,0:41:51,0,[PeopleData_id:0]
6546008,904,0:41:51,0,[PeopleData_id:0]
6546008,905,0:41:51,0,[PeopleData_id:0,RankTypes_id:-1,RankTypes_id:4]
6546008,901,0:41:54,0,[PeopleData_id:4]
6546008,904,0:41:54,0,[PeopleData_id:4]
6546008,902,0:41:55,0,[PeopleData_id:4,PeopleData_data2Type]
6546008,903,0:41:58,0,[PeopleData_id4,PeopleData_data2Type]
6546008,902,0:42:0,0,[PeopleData_id:4,PeopleData_data3Type]
6546008,903,0:42:1,0,[PeopleData_id4,PeopleData_data3Type]
6546008,901,0:42:2,0,[PeopleData_id:4]
6546008,904,0:42:2,0,[PeopleData_id:4]
6546008,905,0:42:2,0,[PeopleData_id:4,RankTypes_id:-1,RankTypes_id:0]
6546008,901,0:42:3,0,[PeopleData_id:1]
6546008,901,0:42:4,0,[PeopleData_id:1]
6546008,904,0:42:4,0,[PeopleData_id:1]
6546008,905,0:42:5,0,[PeopleData_id:1,RankTypes_id:-1,RankTypes_id:0]
6546008,906,0:42:5,0,[]
6546008,907,0:42:7,0,[]
6546008,908,0:42:7,0,[InvitationData_id:1,PeopleData_id:0,RankTypes_id:4]
6546008,909,0:42:9,0,[InvitationData_id:1,PeopleData_id:0,RankTypes_id:4,1]
6546008,910,0:42:11,0,[InvitationData_id:1,9,false]
6546008,908,0:42:11,0,[InvitationData_id:8,PeopleData_id:0,RankTypes_id:4]
6546008,909,0:42:13,0,[InvitationData_id:8,PeopleData_id:0,RankTypes_id:4,1]
6546008,910,0:42:14,0,[InvitationData_id:8,9,false]
6546008,908,0:42:14,0,[InvitationData_id:2,PeopleData_id:2,RankTypes_id:4]
6546008,909,0:42:16,0,[InvitationData_id:2,PeopleData_id:2,RankTypes_id:4,1]
6546008,910,0:42:25,0,[InvitationData_id:2,0,true]
6546008,908,0:42:25,0,[InvitationData_id:3,PeopleData_id:3,RankTypes_id:3]
6546008,909,0:42:33,0,[InvitationData_id:3,PeopleData_id:3,RankTypes_id:3,1]
6546008,910,0:42:35,0,[InvitationData_id:3,7,false]
6546008,908,0:42:35,0,[InvitationData_id:6,PeopleData_id:0,RankTypes_id:4]
6546008,909,0:42:38,0,[InvitationData_id:6,PeopleData_id:0,RankTypes_id:4,1]
6546008,910,0:42:39,0,[InvitationData_id:6,9,false]
6546008,908,0:42:39,0,[InvitationData_id:10,PeopleData_id:2,RankTypes_id:4]
6546008,909,0:42:44,0,[InvitationData_id:10,PeopleData_id:2,RankTypes_id:4,1]
6546008,910,0:42:45,0,[InvitationData_id:10,0,true]
6546008,908,0:42:45,0,[InvitationData_id:0,PeopleData_id:0,RankTypes_id:4]
6546008,909,0:42:48,0,[InvitationData_id:0,PeopleData_id:0,RankTypes_id:4,1]
6546008,910,0:42:49,0,[InvitationData_id:0,9,false]
6546008,908,0:42:49,0,[InvitationData_id:4,PeopleData_id:2,RankTypes_id:4]
6546008,909,0:42:53,0,[InvitationData_id:4,PeopleData_id:2,RankTypes_id:4,0]
6546008,910,0:42:54,0,[InvitationData_id:4,-11,false]
6546008,911,0:42:56,0,[32,2,0,2]
6546008,1000,0:42:57,0,[]
6546008,900,0:42:58,0,[]
6546008,901,0:43:3,0,[PeopleData_id:0]
6546008,904,0:43:3,0,[PeopleData_id:0]
6546008,902,0:43:4,0,[PeopleData_id:0,PeopleData_data1Type]
6546008,903,0:43:7,0,[PeopleData_id0,PeopleData_data1Type]
6546008,901,0:43:7,0,[PeopleData_id:0]
6546008,904,0:43:7,0,[PeopleData_id:0]
6546008,905,0:43:8,0,[PeopleData_id:0,RankTypes_id:-1,RankTypes_id:4]
6546008,901,0:43:12,0,[PeopleData_id:2]
6546008,902,0:43:13,0,[PeopleData_id:2,PeopleData_data2Type]
6546008,903,0:43:15,0,[PeopleData_id2,PeopleData_data2Type]
6546008,901,0:43:17,0,[PeopleData_id:2]
6546008,904,0:43:17,0,[PeopleData_id:2]
6546008,905,0:43:18,0,[PeopleData_id:2,RankTypes_id:-1,RankTypes_id:0]
6546008,901,0:43:21,0,[PeopleData_id:1]
6546008,902,0:43:22,0,[PeopleData_id:1,PeopleData_data0Type]
6546008,903,0:43:25,0,[PeopleData_id1,PeopleData_data0Type]
6546008,901,0:43:27,0,[PeopleData_id:1]
6546008,901,0:43:27,0,[PeopleData_id:1]
6546008,904,0:43:27,0,[PeopleData_id:1]
6546008,905,0:43:28,0,[PeopleData_id:1,RankTypes_id:-1,RankTypes_id:1]
6546008,901,0:43:28,0,[PeopleData_id:1]
6546008,904,0:43:29,0,[PeopleData_id:1]
6546008,905,0:43:29,0,[PeopleData_id:1,RankTypes_id:1,RankTypes_id:0]
6546008,901,0:43:31,0,[PeopleData_id:3]
6546008,904,0:43:31,0,[PeopleData_id:3]
6546008,902,0:43:32,0,[PeopleData_id:3,PeopleData_data1Type]
6546008,903,0:43:36,0,[PeopleData_id3,PeopleData_data1Type]
6546008,902,0:43:37,0,[PeopleData_id:3,PeopleData_data2Type]
6546008,903,0:43:39,0,[PeopleData_id3,PeopleData_data2Type]
6546008,902,0:43:40,0,[PeopleData_id:3,PeopleData_data0Type]
6546008,903,0:43:42,0,[PeopleData_id3,PeopleData_data0Type]
6546008,901,0:43:43,0,[PeopleData_id:3]
6546008,901,0:43:43,0,[PeopleData_id:3]
6546008,904,0:43:44,0,[PeopleData_id:3]
6546008,905,0:43:44,0,[PeopleData_id:3,RankTypes_id:-1,RankTypes_id:4]
6546008,901,0:43:45,0,[PeopleData_id:4]
6546008,902,0:43:48,0,[PeopleData_id:4,PeopleData_data0Type]
6546008,903,0:43:50,0,[PeopleData_id4,PeopleData_data0Type]
6546008,901,0:43:51,0,[PeopleData_id:4]
6546008,904,0:43:51,0,[PeopleData_id:4]
6546008,905,0:43:52,0,[PeopleData_id:4,RankTypes_id:-1,RankTypes_id:0]
6546008,906,0:43:52,0,[]
6546008,907,0:43:53,0,[]
6546008,908,0:43:53,0,[InvitationData_id:1,PeopleData_id:0,RankTypes_id:4]
6546008,909,0:43:55,0,[InvitationData_id:1,PeopleData_id:0,RankTypes_id:4,1]
6546008,910,0:43:56,0,[InvitationData_id:1,9,false]
6546008,908,0:43:56,0,[InvitationData_id:3,PeopleData_id:3,RankTypes_id:4]
6546008,909,0:43:59,0,[InvitationData_id:3,PeopleData_id:3,RankTypes_id:4,1]
6546008,910,0:44:0,0,[InvitationData_id:3,9,false]
6546008,908,0:44:0,0,[InvitationData_id:0,PeopleData_id:0,RankTypes_id:4]
6546008,909,0:44:2,0,[InvitationData_id:0,PeopleData_id:0,RankTypes_id:4,1]
6546008,910,0:44:3,0,[InvitationData_id:0,9,false]
6546008,908,0:44:3,0,[InvitationData_id:8,PeopleData_id:0,RankTypes_id:4]
6546008,909,0:44:6,0,[InvitationData_id:8,PeopleData_id:0,RankTypes_id:4,1]
6546008,910,0:44:7,0,[InvitationData_id:8,9,false]
6546008,908,0:44:7,0,[InvitationData_id:6,PeopleData_id:0,RankTypes_id:4]
6546008,909,0:44:10,0,[InvitationData_id:6,PeopleData_id:0,RankTypes_id:4,1]
6546008,910,0:44:11,0,[InvitationData_id:6,9,false]
6546008,911,0:44:13,0,[45,0,0,0]
6546008,1001,0:44:15,0,[]
6546008,1003,0:44:15,2
6546008,1004,0:44:49,0
6546008,900,0:44:52,0,[]
6546008,901,0:45:3,0,[PeopleData_id:2]
6546008,902,0:45:4,0,[PeopleData_id:2,PeopleData_data0Type]
6546008,903,0:45:7,0,[PeopleData_id2,PeopleData_data0Type]
6546008,902,0:45:8,0,[PeopleData_id:2,PeopleData_data1Type]
6546008,903,0:45:12,0,[PeopleData_id2,PeopleData_data1Type]
6546008,901,0:45:13,0,[PeopleData_id:2]
6546008,904,0:45:13,0,[PeopleData_id:2]
6546008,905,0:45:14,0,[PeopleData_id:2,RankTypes_id:-1,RankTypes_id:0]
6546008,901,0:45:15,0,[PeopleData_id:3]
6546008,902,0:45:16,0,[PeopleData_id:3,PeopleData_data1Type]
6546008,903,0:45:19,0,[PeopleData_id3,PeopleData_data1Type]
6546008,901,0:45:20,0,[PeopleData_id:3]
6546008,904,0:45:20,0,[PeopleData_id:3]
6546008,905,0:45:20,0,[PeopleData_id:3,RankTypes_id:-1,RankTypes_id:4]
6546008,901,0:45:21,0,[PeopleData_id:4]
6546008,902,0:45:22,0,[PeopleData_id:4,PeopleData_data0Type]
6546008,903,0:45:35,0,[PeopleData_id4,PeopleData_data0Type]
6546008,901,0:45:36,0,[PeopleData_id:4]
6546008,904,0:45:36,0,[PeopleData_id:4]
6546008,905,0:45:37,0,[PeopleData_id:4,RankTypes_id:-1,RankTypes_id:0]
6546008,103,0:45:52
6546008,105,0:45:54
6546008,703,0:45:56,[|| EpilogueItem ID: 0 unlocked: false ||,|| EpilogueItem ID: 1 unlocked: false ||,|| EpilogueItem ID: 2 unlocked: false ||,|| EpilogueItem ID: 3 unlocked: false ||,|| EpilogueItem ID: 4 unlocked: false ||,|| EpilogueItem ID: 5 unlocked: false ||,|| EpilogueItem ID: 6 unlocked: false ||,|| EpilogueItem ID: 7 unlocked: false ||,|| EpilogueItem ID: 8 unlocked: false ||,|| EpilogueItem ID: 9 unlocked: false ||,|| EpilogueItem ID: 10 unlocked: false ||,|| EpilogueItem ID: 11 unlocked: false ||,|| EpilogueItem ID: 12 unlocked: false ||,|| EpilogueItem ID: 13 unlocked: false ||,|| EpilogueItem ID: 14 unlocked: false ||,|| EpilogueItem ID: 15 unlocked: false ||,|| EpilogueItem ID: 16 unlocked: false ||,|| EpilogueItem ID: 17 unlocked: false ||,|| EpilogueItem ID: 18 unlocked: false ||,|| EpilogueItem ID: 19 unlocked: false ||,|| EpilogueItem ID: 20 unlocked: false ||,|| EpilogueItem ID: 21 unlocked: false ||,|| EpilogueItem ID: 22 unlocked: false ||,|| EpilogueItem ID: 23 unlocked: false ||,|| EpilogueItem ID: 24 unlocked: false ||],0
6546008,706,0:45:59,(x=0, y=-100, w=1024, h=768),(x=0, y=-100, w=1024, h=768)
6546008,706,0:46:3,(x=497, y=-100, w=1024, h=768),(x=522, y=-100, w=1024, h=768)
6546008,706,0:46:4,(x=901, y=-100, w=1024, h=768),(x=1096, y=-100, w=1024, h=768)
6546008,706,0:46:7,(x=2257, y=-100, w=1024, h=768),(x=2257, y=-100, w=1024, h=768)
6546008,706,0:46:13,(x=2531, y=-100, w=1024, h=768),(x=2531, y=-100, w=1024, h=768)
6546008,708,0:46:13
6546008,1,0:46:13,7/8/2013 1:59:35pm,{"gameTime":2773461,"challengeStacks":[{"challengeScenes":[{"miniGameCards":[],"viewedAnimatic":true,"keyPoints":[],"unlocked":true,"touchableObjects":[]},{"miniGameCards":[],"viewedAnimatic":false,"keyPoints":[],"unlocked":true,"touchableObjects":[]},{"miniGameCards":[],"viewedAnimatic":false,"keyPoints":[],"unlocked":false,"touchableObjects":[]}],"stackSize":3,"resolved":false},{"challengeScenes":[{"miniGameCards":[],"viewedAnimatic":false,"keyPoints":[],"unlocked":false,"touchableObjects":[]},{"miniGameCards":[],"viewedAnimatic":false,"keyPoints":[],"unlocked":false,"touchableObjects":[]},{"miniGameCards":[],"viewedAnimatic":false,"keyPoints":[],"unlocked":false,"touchableObjects":[]},{"miniGameCards":[],"viewedAnimatic":false,"keyPoints":[],"unlocked":false,"touchableObjects":[]},{"miniGameCards":[],"viewedAnimatic":false,"keyPoints":[],"unlocked":false,"touchableObjects":[]}],"stackSize":5,"resolved":false},{"challengeScenes":[{"miniGameCards":[],"viewedAnimatic":false,"keyPoints":[],"unlocked":false,"touchableObjects":[]},{"miniGameCards":[],"viewedAnimatic":false,"keyPoints":[],"unlocked":false,"touchableObjects":[]},{"miniGameCards":[],"viewedAnimatic":false,"keyPoints":[],"unlocked":false,"touchableObjects":[]},{"miniGameCards":[],"viewedAnimatic":false,"keyPoints":[],"unlocked":false,"touchableObjects":[]},{"miniGameCards":[],"viewedAnimatic":false,"keyPoints":[],"unlocked":false,"touchableObjects":[]},{"miniGameCards":[],"viewedAnimatic":false,"keyPoints":[],"unlocked":false,"touchableObjects":[]},{"miniGameCards":[],"viewedAnimatic":false,"keyPoints":[],"unlocked":false,"touchableObjects":[]}],"stackSize":7,"resolved":false},{"challengeScenes":[{"miniGameCards":[],"viewedAnimatic":false,"keyPoints":[],"unlocked":false,"touchableObjects":[]},{"miniGameCards":[],"viewedAnimatic":false,"keyPoints":[],"unlocked":false,"touchableObjects":[]},{"miniGameCards":[],"viewedAnimatic":false,"keyPoints":[],"unlocked":false,"touchableObjects":[]},{"miniGameCards":[],"viewedAnimatic":false,"keyPoints":[],"unlocked":false,"touchableObjects":[]},{"miniGameCards":[],"viewedAnimatic":false,"keyPoints":[],"unlocked":false,"touchableObjects":[]}],"stackSize":5,"resolved":false},{"challengeScenes":[{"miniGameCards":[],"viewedAnimatic":false,"keyPoints":[],"unlocked":false,"touchableObjects":[]},{"miniGameCards":[],"viewedAnimatic":false,"keyPoints":[],"unlocked":false,"touchableObjects":[]},{"miniGameCards":[],"viewedAnimatic":false,"keyPoints":[],"unlocked":false,"touchableObjects":[]},{"miniGameCards":[],"viewedAnimatic":false,"keyPoints":[],"unlocked":false,"touchableObjects":[]},{"miniGameCards":[],"viewedAnimatic":false,"keyPoints":[],"unlocked":false,"touchableObjects":[]}],"stackSize":5,"resolved":false},{"challengeScenes":[{"miniGameCards":[],"viewedAnimatic":false,"keyPoints":[],"unlocked":false,"touchableObjects":[]},{"miniGameCards":[],"viewedAnimatic":false,"keyPoints":[],"unlocked":false,"touchableObjects":[]},{"miniGameCards":[],"viewedAnimatic":false,"keyPoints":[],"unlocked":false,"touchableObjects":[]},{"miniGameCards":[],"viewedAnimatic":false,"keyPoints":[],"unlocked":false,"touchableObjects":[]},{"miniGameCards":[],"viewedAnimatic":false,"keyPoints":[],"unlocked":false,"touchableObjects":[]}],"stackSize":5,"resolved":false},{"challengeScenes":[{"miniGameCards":[],"viewedAnimatic":false,"keyPoints":[],"unlocked":false,"touchableObjects":[]},{"miniGameCards":[],"viewedAnimatic":false,"keyPoints":[],"unlocked":false,"touchableObjects":[]},{"miniGameCards":[],"viewedAnimatic":false,"keyPoints":[],"unlocked":false,"touchableObjects":[]},{"miniGameCards":[],"viewedAnimatic":false,"keyPoints":[],"unlocked":false,"touchableObjects":[]},{"miniGameCards":[],"viewedAnimatic":false,"keyPoints":[],"unlocked":false,"touchableObjects":[]}],"stackSize":5,"resolved":false},{"challengeScenes":[{"miniGameCards":[],"viewedAnimatic":false,"keyPoints":[],"unlocked":false,"touchableObjects":[]},{"miniGameCards":[],"viewedAnimatic":false,"keyPoints":[],"unlocked":false,"touchableObjects":[]},{"miniGameCards":[],"viewedAnimatic":false,"keyPoints":[],"unlocked":false,"touchableObjects":[]},{"miniGameCards":[],"viewedAnimatic":false,"keyPoints":[],"unlocked":false,"touchableObjects":[]},{"miniGameCards":[],"viewedAnimatic":false,"keyPoints":[],"unlocked":false,"touchableObjects":[]}],"stackSize":5,"resolved":false},{"challengeScenes":[{"miniGameCards":[],"viewedAnimatic":false,"keyPoints":[],"unlocked":false,"touchableObjects":[]},{"miniGameCards":[],"viewedAnimatic":false,"keyPoints":[],"unlocked":false,"touchableObjects":[]},{"miniGameCards":[],"viewedAnimatic":false,"keyPoints":[],"unlocked":false,"touchableObjects":[]},{"miniGameCards":[],"viewedAnimatic":false,"keyPoints":[],"unlocked":false,"touchableObjects":[]},{"miniGameCards":[],"viewedAnimatic":false,"keyPoints":[],"unlocked":false,"touchableObjects":[]}],"stackSize":5,"resolved":false},{"challengeScenes":[{"miniGameCards":[],"viewedAnimatic":false,"keyPoints":[],"unlocked":false,"touchableObjects":[]},{"miniGameCards":[],"viewedAnimatic":false,"keyPoints":[],"unlocked":false,"touchableObjects":[]},{"miniGameCards":[],"viewedAnimatic":false,"keyPoints":[],"unlocked":false,"touchableObjects":[]},{"miniGameCards":[],"viewedAnimatic":false,"keyPoints":[],"unlocked":false,"touchableObjects":[]},{"miniGameCards":[],"viewedAnimatic":false,"keyPoints":[],"unlocked":false,"touchableObjects":[]}],"stackSize":5,"resolved":false},{"challengeScenes":[{"miniGameCards":[],"viewedAnimatic":false,"keyPoints":[],"unlocked":false,"touchableObjects":[]},{"miniGameCards":[],"viewedAnimatic":false,"keyPoints":[],"unlocked":false,"touchableObjects":[]},{"miniGameCards":[],"viewedAnimatic":false,"keyPoints":[],"unlocked":false,"touchableObjects":[]},{"miniGameCards":[],"viewedAnimatic":false,"keyPoints":[],"unlocked":false,"touchableObjects":[]},{"miniGameCards":[],"viewedAnimatic":false,"keyPoints":[],"unlocked":false,"touchableObjects":[]}],"stackSize":5,"resolved":false},{"challengeScenes":[{"miniGameCards":[],"viewedAnimatic":false,"keyPoints":[],"unlocked":false,"touchableObjects":[]},{"miniGameCards":[],"viewedAnimatic":false,"keyPoints":[],"unlocked":false,"touchableObjects":[]},{"miniGameCards":[],"viewedAnimatic":false,"keyPoints":[],"unlocked":false,"touchableObjects":[]},{"miniGameCards":[],"viewedAnimatic":false,"keyPoints":[],"unlocked":false,"touchableObjects":[]},{"miniGameCards":[],"viewedAnimatic":false,"keyPoints":[],"unlocked":false,"touchableObjects":[]}],"stackSize":5,"resolved":false},{"challengeScenes":[{"miniGameCards":[],"viewedAnimatic":false,"keyPoints":[],"unlocked":true,"touchableObjects":["c_player_lati_M_a_G0a0","c_education_G0a0"]},{"miniGameCards":[],"viewedAnimatic":false,"keyPoints":["c_job_G0a1N","c_family_lati_a_G0a1N","c_home_G0a1N"],"unlocked":true,"touchableObjects":["c_job_G0a1N","c_player_lati_M_a_G0a1N","c_family_lati_a_G0a1N","c_home_G0a1N"]},{"miniGameCards":[],"viewedAnimatic":false,"keyPoints":["c_Nurse_G0a1P","c_Teacher_G0a1P","c_dad_lati_a_G0a1P","c_mom_lati_a_G0a1P","c_kidsister_lati_a_G0a1P","c_grandma_lati_a_G0a1P"],"unlocked":true,"touchableObjects":["c_cousins_M_a_G0a1P","c_friends_G0a1P","c_Nurse_G0a1P","c_Teacher_G0a1P","c_dad_lati_a_G0a1P","c_mom_lati_a_G0a1P","c_kidsister_lati_a_G0a1P","c_grandma_lati_a_G0a1P"]}],"stackSize":3,"resolved":true}],"sessionId":1,"epilogue":{"rating":0},"playerId":6546008,"session":[{"sceneId":"1P","stackId":12}],"minigames":[{"levelSaveData":[{"starRating":0,"unlocked":true},{"starRating":0,"unlocked":false},{"starRating":0,"unlocked":false},{"starRating":0,"unlocked":false},{"starRating":0,"unlocked":false},{"starRating":0,"unlocked":false},{"starRating":0,"unlocked":false},{"starRating":0,"unlocked":false},{"starRating":0,"unlocked":false},{"starRating":0,"unlocked":false}],"skillPoints":0},{"levelSaveData":[{"starRating":0,"unlocked":true},{"starRating":0,"unlocked":false},{"starRating":0,"unlocked":false},{"starRating":0,"unlocked":false},{"starRating":0,"unlocked":false},{"starRating":0,"unlocked":false},{"starRating":0,"unlocked":false},{"starRating":0,"unlocked":false},{"starRating":0,"unlocked":false},{"starRating":0,"unlocked":false}],"skillPoints":0},{"levelSaveData":[{"starRating":3,"unlocked":true},{"starRating":0,"unlocked":false},{"starRating":0,"unlocked":false},{"starRating":0,"unlocked":false},{"starRating":0,"unlocked":false},{"starRating":0,"unlocked":false},{"starRating":0,"unlocked":false},{"starRating":0,"unlocked":false},{"starRating":0,"unlocked":false},{"starRating":0,"unlocked":false}],"skillPoints":3},{"levelSaveData":[{"starRating":0,"unlocked":false},{"starRating":0,"unlocked":false},{"starRating":0,"unlocked":false},{"starRating":0,"unlocked":false},{"starRating":0,"unlocked":false},{"starRating":0,"unlocked":false},{"starRating":0,"unlocked":false},{"starRating":0,"unlocked":false},{"starRating":0,"unlocked":false},{"starRating":0,"unlocked":false}],"skillPoints":0},{"age":12,"name":"chris","gender":0,"levelSaveData":[{"starRating":3,"unlocked":true},{"starRating":3,"chunks":[["1"],["7$$fun","10$$funny"],["5$$animals","7$$love movies","11$$competiteve"],["0"]],"unlocked":true},{"starRating":0,"chunks":[[null],[null,null],[null,null]],"unlocked":false},{"starRating":0,"chunks":[[null],[null],[null],[null],[null,null],[null]],"unlocked":false},{"starRating":0,"chunks":[[null],[null],[null,null],[null],[null],[null]],"unlocked":false},{"starRating":0,"chunks":[[null],[null,null,null,null],[null],[null]],"unlocked":false},{"starRating":0,"chunks":[[null],[null],[null,null],[null,null],[null]],"unlocked":false},{"starRating":0,"chunks":[[null,null,null],[null,null,null],[null],[null],[null]],"unlocked":false},{"starRating":0,"chunks":[[null,null,null],[null,null,null],[null,null]],"unlocked":false},{"starRating":0,"chunks":[[null],[null],[null],[null],[null],[null]],"unlocked":false}],"visualAvatar":0,"id":2,"skillPoints":6}],"avatar":{"age":12,"name":"chris","gender":0,"levelSaveData":[{"starRating":3,"unlocked":true},{"starRating":3,"chunks":[["1"],["7$$fun","10$$funny"],["5$$animals","7$$love movies","11$$competiteve"],["0"]],"unlocked":true},{"starRating":0,"chunks":[[null],[null,null],[null,null]],"unlocked":false},{"starRating":0,"chunks":[[null],[null],[null],[null],[null,null],[null]],"unlocked":false},{"starRating":0,"chunks":[[null],[null],[null,null],[null],[null],[null]],"unlocked":false},{"starRating":0,"chunks":[[null],[null,null,null,null],[null],[null]],"unlocked":false},{"starRating":0,"chunks":[[null],[null],[null,null],[null,null],[null]],"unlocked":false},{"starRating":0,"chunks":[[null,null,null],[null,null,null],[null],[null],[null]],"unlocked":false},{"starRating":0,"chunks":[[null,null,null],[null,null,null],[null,null]],"unlocked":false},{"starRating":0,"chunks":[[null],[null],[null],[null],[null],[null]],"unlocked":false}],"visualAvatar":0,"id":2,"skillPoints":6}}
6546008,0,0:46:13,7/8/2013 2:13:26pm
6546008,100,0:46:37,0
6546008,102,0:46:42,0
6546008,200,0:46:42,0,0,0,3,0,6
6546008,221,0:46:54,0
6546008,300,0:46:59
6546008,220,0:46:59,0
6546008,213,0:48:42,0,c_bestFriend_M_a_G7a0,true
6546008,205,0:48:42,0,c_bestFriend_M_a_G7a0,false,false
6546008,210,0:49:27,825,299
6546008,211,0:49:28,825,299
6546008,210,0:49:29,809,257
6546008,211,0:49:34,1087,607
6546008,213,0:49:34,0,s_vocabAssignment_G7a0,true
6546008,210,0:49:49,822,388
6546008,207,0:49:52,0,-200,-5
6546008,207,0:49:54,0,-5,-185
6546008,207,0:49:55,0,-185,-320
6546008,207,0:49:55,0,-320,-518.45
6546008,211,0:49:57,476,365
6546008,207,0:49:57,0,-518.45,-458.45
6546008,207,0:49:58,0,-458.45,-413.45
6546008,210,0:49:58,537,369
6546008,211,0:50:0,1115,579
6546008,213,0:50:0,0,s_vocabAssignment_G7a0,true
6546008,221,0:50:8,0
6546008,300,0:50:13
6546008,220,0:50:13,0
6546008,305,0:50:18,0,2,1,7,love movies
6546008,219,0:50:28,0
6546008,216,0:50:29,Stack_G7a1N
6546008,217,0:50:34,Stack_G7a1N,3.2,16
6546008,218,0:50:39,0
6546008,210,0:50:47,1071,487
6546008,211,0:50:48,1039,545
6546008,210,0:50:49,1039,515
6546008,211,0:50:53,817,370
6546008,213,0:50:53,0,c_teacherEng_G7a1N,true
6546008,205,0:50:53,0,c_teacherEng_G7a1N,false,false
6546008,210,0:51:2,791,311
6546008,211,0:51:6,899,421
6546008,213,0:51:6,0,c_teacherEng_G7a1N,true
6546008,205,0:51:6,0,c_teacherEng_G7a1N,false,true
6546008,210,0:51:17,1051,516
6546008,207,0:51:23,0,-400,-518.45
6546008,211,0:51:23,1536,371
6546008,210,0:51:25,1436,347
6546008,211,0:51:26,929,498
6546008,213,0:51:26,0,c_teacherEng_G7a1N,true
6546008,205,0:51:26,0,c_teacherEng_G7a1N,false,true
6546008,221,0:51:33,0
6546008,300,0:51:47
6546008,220,0:51:47,0
6546008,210,0:52:0,747,539
6546008,211,0:52:3,1089,584
6546008,213,0:52:3,0,s_vocabAssignment_G7a0,true
6546008,210,0:52:6,892,509
6546008,211,0:52:7,983,506
6546008,213,0:52:7,0,c_bestFriend_M_a_G7a0,true
6546008,205,0:52:7,0,c_bestFriend_M_a_G7a0,false,true
6546008,210,0:52:11,741,477
6546008,211,0:52:11,801,366
6546008,213,0:52:11,0,c_teacherEng_G7a0,true
6546008,205,0:52:11,0,c_teacherEng_G7a0,false,false
6546008,212,0:52:16,1
6546008,210,0:52:17,830,540
6546008,211,0:52:19,1076,605
6546008,213,0:52:19,0,s_vocabAssignment_G7a0,true
6546008,212,0:52:22,0
6546008,210,0:52:25,962,419
6546008,207,0:52:26,0,-200,-20
6546008,211,0:52:28,1128,233
6546008,207,0:52:28,0,-20,-125
6546008,210,0:52:28,1222,253
6546008,207,0:52:29,0,-125,-395
6546008,211,0:52:30,1230,363
6546008,213,0:52:30,0,s_doorClassroom_G7a0,true
6546008,210,0:52:39,1301,500
6546008,207,0:52:39,0,-395,-518.45
6546008,211,0:52:43,1099,564
6546008,213,0:52:43,0,s_vocabAssignment_G7a0,true
6546008,212,0:52:46,1
6546008,221,0:52:47,0
6546008,300,0:52:50
6546008,220,0:52:50,0
6546008,210,0:53:2,756,522
6546008,211,0:53:3,1093,607
6546008,213,0:53:3,0,s_vocabAssignment_G7a0,true
6546008,213,0:53:5,0,s_vocabAssignment_G7a0,true
6546008,210,0:53:8,784,294
6546008,211,0:53:10,1102,586
6546008,213,0:53:10,0,s_vocabAssignment_G7a0,true
6546008,212,0:53:17,0
6546008,210,0:53:18,1124,540
6546008,211,0:53:19,1095,592
6546008,213,0:53:19,0,s_vocabAssignment_G7a0,true
6546008,210,0:53:22,755,471
6546008,211,0:53:22,807,332
6546008,210,0:53:23,814,389
6546008,211,0:53:25,652,586
6546008,213,0:53:25,0,s_otherStudent1_G7a0,true
6546008,210,0:53:36,671,542
6546008,211,0:53:42,862,547
6546008,212,0:53:43,2
6546008,210,0:53:44,797,526
6546008,211,0:53:44,673,574
6546008,213,0:53:44,0,s_otherStudent1_G7a0,true
6546008,212,0:53:47,0
6546008,210,0:53:48,832,497
6546008,211,0:53:50,966,597
6546008,212,0:53:51,1
6546008,210,0:53:52,727,547
6546008,211,0:53:52,666,556
6546008,213,0:53:52,0,s_otherStudent1_G7a0,true
6546008,210,0:53:54,682,494
6546008,207,0:53:55,0,-200,0
6546008,211,0:53:56,239,517
6546008,213,0:53:56,0,c_crewKid1_M_G7a0,true
6546008,210,0:54:11,400,297
6546008,211,0:54:12,257,131
6546008,213,0:54:12,0,s_flag_gen,false
6546008,1003,0:54:17,1
6546008,1004,0:54:18,0
6546008,800,0:54:21,0,[]
6546008,801,0:54:26,0,[]
6546008,814,0:54:34,0,[0]
6546008,815,0:54:34,0,0,OpportunityCardData_id:0
6546008,816,0:54:38,0,0,OpportunityCardData_id:0
6546008,803,0:54:44,0,[OpportunityCardData_id:0,OpportunityCardConsequencesData_logId:0]
6546008,803,0:54:47,0,[OpportunityCardData_id:0,OpportunityCardConsequencesData_logId:1]
6546008,803,0:54:51,0,[OpportunityCardData_id:0,OpportunityCardConsequencesData_logId:2]
6546008,804,0:55:2,0,[OpportunityCardData_id:0]
6546008,814,0:55:10,0,[1]
6546008,815,0:55:10,0,1,OpportunityCardData_id:7
6546008,815,0:55:12,0,1,OpportunityCardData_id:8
6546008,815,0:55:13,0,1,OpportunityCardData_id:9
6546008,815,0:55:14,0,1,OpportunityCardData_id:8
6546008,815,0:55:14,0,1,OpportunityCardData_id:7
6546008,815,0:55:15,0,1,OpportunityCardData_id:12
6546008,815,0:55:15,0,1,OpportunityCardData_id:11
6546008,815,0:55:16,0,1,OpportunityCardData_id:12
6546008,815,0:55:16,0,1,OpportunityCardData_id:7
6546008,815,0:55:17,0,1,OpportunityCardData_id:8
6546008,815,0:55:18,0,1,OpportunityCardData_id:7
6546008,815,0:55:18,0,1,OpportunityCardData_id:12
6546008,815,0:55:19,0,1,OpportunityCardData_id:11
6546008,816,0:55:23,0,1,OpportunityCardData_id:11
6546008,803,0:55:27,0,[OpportunityCardData_id:11,OpportunityCardConsequencesData_logId:1]
6546008,803,0:55:32,0,[OpportunityCardData_id:11,OpportunityCardConsequencesData_logId:2]
6546008,803,0:55:37,0,[OpportunityCardData_id:11,OpportunityCardConsequencesData_logId:0]
6546008,805,0:55:45,0,[OpportunityCardData_id:11]
6546008,807,0:55:55,0,[OpportunityCardData_id:11]
6546008,808,0:56:12,0,[OpportunityCardData_id:11]
6546008,809,0:56:21,0,[OpportunityCardData_id:11,PriorityData_type:4,false]
6546008,810,0:56:23,0,[OpportunityCardData_id:11,PriorityData_type:1,10,PriorityData_type:4,10]
6546008,814,0:56:34,0,[4]
6546008,815,0:56:34,0,4,OpportunityCardData_id:22
6546008,815,0:56:38,0,4,OpportunityCardData_id:26
6546008,815,0:56:42,0,4,OpportunityCardData_id:27
6546008,816,0:56:50,0,4,OpportunityCardData_id:27
6546008,803,0:56:52,0,[OpportunityCardData_id:27,OpportunityCardConsequencesData_logId:1]
6546008,804,0:56:55,0,[OpportunityCardData_id:27]
6546008,814,0:57:2,0,[4]
6546008,815,0:57:2,0,4,OpportunityCardData_id:22
6546008,815,0:57:5,0,4,OpportunityCardData_id:31
6546008,815,0:57:12,0,4,OpportunityCardData_id:30
6546008,815,0:57:18,0,4,OpportunityCardData_id:29
6546008,815,0:57:23,0,4,OpportunityCardData_id:28
6546008,816,0:57:32,0,4,OpportunityCardData_id:28
6546008,803,0:57:35,0,[OpportunityCardData_id:28,OpportunityCardConsequencesData_logId:0]
6546008,803,0:57:41,0,[OpportunityCardData_id:28,OpportunityCardConsequencesData_logId:1]
6546008,803,0:57:44,0,[OpportunityCardData_id:28,OpportunityCardConsequencesData_logId:2]
6546008,805,0:57:50,0,[OpportunityCardData_id:28]
6546008,807,0:57:52,0,[OpportunityCardData_id:28]
6546008,808,0:57:55,0,[OpportunityCardData_id:28]
6546008,809,0:58:0,0,[OpportunityCardData_id:28,PriorityData_type:2,false]
6546008,810,0:58:3,0,[OpportunityCardData_id:28,PriorityData_type:4,15,PriorityData_type:2,10]
6546008,814,0:58:16,0,[2]
6546008,815,0:58:16,0,2,OpportunityCardData_id:13
6546008,815,0:58:19,0,2,OpportunityCardData_id:14
6546008,815,0:58:21,0,2,OpportunityCardData_id:15
6546008,816,0:58:25,0,2,OpportunityCardData_id:15
6546008,803,0:58:26,0,[OpportunityCardData_id:15,OpportunityCardConsequencesData_logId:0]
6546008,803,0:58:29,0,[OpportunityCardData_id:15,OpportunityCardConsequencesData_logId:1]
6546008,805,0:58:33,0,[OpportunityCardData_id:15]
6546008,807,0:58:34,0,[OpportunityCardData_id:15]
6546008,808,0:58:36,0,[OpportunityCardData_id:15]
6546008,809,0:58:40,0,[OpportunityCardData_id:15,PriorityData_type:4,false]
6546008,810,0:58:43,0,[OpportunityCardData_id:15,PriorityData_type:2,15,PriorityData_type:4,10]
6546008,814,0:58:47,0,[2]
6546008,815,0:58:47,0,2,OpportunityCardData_id:13
6546008,815,0:58:53,0,2,OpportunityCardData_id:14
6546008,816,0:58:55,0,2,OpportunityCardData_id:14
6546008,803,0:58:57,0,[OpportunityCardData_id:14,OpportunityCardConsequencesData_logId:0]
6546008,803,0:58:58,0,[OpportunityCardData_id:14,OpportunityCardConsequencesData_logId:1]
6546008,803,0:58:59,0,[OpportunityCardData_id:14,OpportunityCardConsequencesData_logId:2]
6546008,805,0:59:3,0,[OpportunityCardData_id:14]
6546008,807,0:59:4,0,[OpportunityCardData_id:14]
6546008,808,0:59:6,0,[OpportunityCardData_id:14]
6546008,809,0:59:10,0,[OpportunityCardData_id:14,PriorityData_type:1,false]
6546008,810,0:59:13,0,[OpportunityCardData_id:14,PriorityData_type:2,15,PriorityData_type:1,10]
6546008,814,0:59:20,0,[1]
6546008,815,0:59:20,0,1,OpportunityCardData_id:7
6546008,815,0:59:23,0,1,OpportunityCardData_id:8
6546008,815,0:59:23,0,1,OpportunityCardData_id:9
6546008,816,0:59:28,0,1,OpportunityCardData_id:9
6546008,803,0:59:29,0,[OpportunityCardData_id:9,OpportunityCardConsequencesData_logId:0]
6546008,803,0:59:30,0,[OpportunityCardData_id:9,OpportunityCardConsequencesData_logId:1]
6546008,805,0:59:35,0,[OpportunityCardData_id:9]
6546008,807,0:59:36,0,[OpportunityCardData_id:9]
6546008,808,0:59:39,0,[OpportunityCardData_id:9]
6546008,809,0:59:46,0,[OpportunityCardData_id:9,PriorityData_type:3,false]
6546008,810,0:59:53,0,[OpportunityCardData_id:9,PriorityData_type:1,5,PriorityData_type:3,10]
6546008,814,0:59:59,0,[3]
6546008,815,0:59:59,0,3,OpportunityCardData_id:19
6546008,815,1:0:3,0,3,OpportunityCardData_id:20
6546008,815,1:0:8,0,3,OpportunityCardData_id:21
6546008,815,1:0:13,0,3,OpportunityCardData_id:23
6546008,815,1:0:15,0,3,OpportunityCardData_id:24
6546008,815,1:0:18,0,3,OpportunityCardData_id:25
6546008,815,1:0:23,0,3,OpportunityCardData_id:19
6546008,815,1:0:27,0,3,OpportunityCardData_id:20
6546008,815,1:0:32,0,3,OpportunityCardData_id:21
6546008,817,1:0:39,0,3
6546008,814,1:0:41,0,[0]
6546008,815,1:0:41,0,0,OpportunityCardData_id:1
6546008,816,1:0:48,0,0,OpportunityCardData_id:1
6546008,803,1:0:49,0,[OpportunityCardData_id:1,OpportunityCardConsequencesData_logId:0]
6546008,803,1:0:50,0,[OpportunityCardData_id:1,OpportunityCardConsequencesData_logId:1]
6546008,803,1:0:52,0,[OpportunityCardData_id:1,OpportunityCardConsequencesData_logId:2]
6546008,805,1:0:55,0,[OpportunityCardData_id:1]
6546008,807,1:0:56,0,[OpportunityCardData_id:1]
6546008,808,1:0:59,0,[OpportunityCardData_id:1]
6546008,809,1:1:4,0,[OpportunityCardData_id:1,PriorityData_type:2,false]
6546008,810,1:1:7,0,[OpportunityCardData_id:1,PriorityData_type:0,15,PriorityData_type:2,10]
6546008,811,1:1:18,0,[OpportunityCardData_id:1,PriorityData_type:2,80,80,PriorityData_type:4,70,40]
6546008,1005,1:1:18,0,[1,0,2]
6546008,1001,1:1:22,0,[]
6546008,1003,1:1:22,1
6546008,1004,1:1:24,0
6546008,800,1:1:26,0,[]
6546008,801,1:1:31,0,[]
6546008,814,1:1:37,0,[2]
6546008,815,1:1:37,0,2,OpportunityCardData_id:13
6546008,815,1:1:39,0,2,OpportunityCardData_id:14
6546008,815,1:1:40,0,2,OpportunityCardData_id:15
6546008,815,1:1:40,0,2,OpportunityCardData_id:16
6546008,815,1:1:41,0,2,OpportunityCardData_id:17
6546008,815,1:1:42,0,2,OpportunityCardData_id:18
6546008,815,1:1:42,0,2,OpportunityCardData_id:13
6546008,815,1:1:43,0,2,OpportunityCardData_id:18
6546008,816,1:1:47,0,2,OpportunityCardData_id:18
6546008,803,1:1:49,0,[OpportunityCardData_id:18,OpportunityCardConsequencesData_logId:1]
6546008,803,1:1:50,0,[OpportunityCardData_id:18,OpportunityCardConsequencesData_logId:0]
6546008,805,1:1:53,0,[OpportunityCardData_id:18]
6546008,807,1:1:56,0,[OpportunityCardData_id:18]
6546008,808,1:1:58,0,[OpportunityCardData_id:18]
6546008,809,1:2:2,0,[OpportunityCardData_id:18,Safe,false]
6546008,810,1:2:5,0,[OpportunityCardData_id:18,PriorityData_type:2,15,Safe,Safe]
6546008,814,1:2:10,0,[4]
6546008,815,1:2:10,0,4,OpportunityCardData_id:22
6546008,815,1:2:14,0,4,OpportunityCardData_id:26
6546008,815,1:2:15,0,4,OpportunityCardData_id:27
6546008,815,1:2:23,0,4,OpportunityCardData_id:28
6546008,815,1:2:28,0,4,OpportunityCardData_id:27
6546008,816,1:2:32,0,4,OpportunityCardData_id:27
6546008,803,1:2:33,0,[OpportunityCardData_id:27,OpportunityCardConsequencesData_logId:0]
6546008,803,1:2:34,0,[OpportunityCardData_id:27,OpportunityCardConsequencesData_logId:1]
6546008,803,1:2:34,0,[OpportunityCardData_id:27,OpportunityCardConsequencesData_logId:2]
6546008,804,1:2:38,0,[OpportunityCardData_id:27]
6546008,814,1:2:39,0,[4]
6546008,815,1:2:39,0,4,OpportunityCardData_id:22
6546008,815,1:2:43,0,4,OpportunityCardData_id:26
6546008,815,1:2:44,0,4,OpportunityCardData_id:28
6546008,816,1:2:46,0,4,OpportunityCardData_id:28
6546008,805,1:2:47,0,[OpportunityCardData_id:28]
6546008,807,1:2:49,0,[OpportunityCardData_id:28]
6546008,808,1:2:52,0,[OpportunityCardData_id:28]
6546008,809,1:2:58,0,[OpportunityCardData_id:28,PriorityData_type:2,false]
6546008,810,1:3:0,0,[OpportunityCardData_id:28,PriorityData_type:4,15,PriorityData_type:2,10]
6546008,814,1:3:6,0,[2]
6546008,815,1:3:6,0,2,OpportunityCardData_id:13
6546008,815,1:3:9,0,2,OpportunityCardData_id:14
6546008,816,1:3:12,0,2,OpportunityCardData_id:14
6546008,803,1:3:13,0,[OpportunityCardData_id:14,OpportunityCardConsequencesData_logId:0]
6546008,803,1:3:13,0,[OpportunityCardData_id:14,OpportunityCardConsequencesData_logId:1]
6546008,803,1:3:15,0,[OpportunityCardData_id:14,OpportunityCardConsequencesData_logId:2]
6546008,805,1:3:19,0,[OpportunityCardData_id:14]
6546008,807,1:3:20,0,[OpportunityCardData_id:14]
6546008,808,1:3:22,0,[OpportunityCardData_id:14]
6546008,809,1:3:26,0,[OpportunityCardData_id:14,Safe,false]
6546008,810,1:3:30,0,[OpportunityCardData_id:14,PriorityData_type:2,15,Safe,Safe]
6546008,814,1:3:37,0,[4]
6546008,815,1:3:37,0,4,OpportunityCardData_id:22
6546008,815,1:3:40,0,4,OpportunityCardData_id:26
6546008,815,1:3:40,0,4,OpportunityCardData_id:29
6546008,815,1:3:42,0,4,OpportunityCardData_id:30
6546008,815,1:3:44,0,4,OpportunityCardData_id:31
6546008,815,1:3:47,0,4,OpportunityCardData_id:22
6546008,815,1:3:48,0,4,OpportunityCardData_id:26
6546008,815,1:3:50,0,4,OpportunityCardData_id:29
6546008,815,1:3:54,0,4,OpportunityCardData_id:30
6546008,817,1:3:56,0,4
6546008,814,1:4:3,0,[1]
6546008,815,1:4:3,0,1,OpportunityCardData_id:7
6546008,815,1:4:6,0,1,OpportunityCardData_id:8
6546008,815,1:4:9,0,1,OpportunityCardData_id:9
6546008,815,1:4:11,0,1,OpportunityCardData_id:8
6546008,816,1:4:11,0,1,OpportunityCardData_id:8
6546008,803,1:4:13,0,[OpportunityCardData_id:8,OpportunityCardConsequencesData_logId:0]
6546008,803,1:4:16,0,[OpportunityCardData_id:8,OpportunityCardConsequencesData_logId:1]
6546008,803,1:4:18,0,[OpportunityCardData_id:8,OpportunityCardConsequencesData_logId:2]
6546008,805,1:4:23,0,[OpportunityCardData_id:8]
6546008,807,1:4:24,0,[OpportunityCardData_id:8]
6546008,808,1:4:26,0,[OpportunityCardData_id:8]
6546008,809,1:4:31,0,[OpportunityCardData_id:8,PriorityData_type:0,false]
6546008,810,1:4:36,0,[OpportunityCardData_id:8,PriorityData_type:1,20,PriorityData_type:0,25]
6546008,814,1:4:45,0,[0]
6546008,815,1:4:45,0,0,OpportunityCardData_id:0
6546008,815,1:4:48,0,0,OpportunityCardData_id:1
6546008,815,1:4:49,0,0,OpportunityCardData_id:2
6546008,815,1:4:50,0,0,OpportunityCardData_id:3
6546008,815,1:4:50,0,0,OpportunityCardData_id:4
6546008,815,1:4:51,0,0,OpportunityCardData_id:5
6546008,815,1:4:52,0,0,OpportunityCardData_id:4
6546008,816,1:4:58,0,0,OpportunityCardData_id:4
6546008,805,1:5:1,0,[OpportunityCardData_id:4]
6546008,807,1:5:2,0,[OpportunityCardData_id:4]
6546008,808,1:5:5,0,[OpportunityCardData_id:4]
6546008,809,1:5:9,0,[OpportunityCardData_id:4,Safe,false]
6546008,810,1:5:13,0,[OpportunityCardData_id:4,PriorityData_type:0,25,Safe,Safe]
6546008,814,1:5:29,0,[0]
6546008,815,1:5:29,0,0,OpportunityCardData_id:0
6546008,816,1:5:31,0,0,OpportunityCardData_id:0
6546008,805,1:5:32,0,[OpportunityCardData_id:0]
6546008,807,1:5:34,0,[OpportunityCardData_id:0]
6546008,808,1:5:36,0,[OpportunityCardData_id:0]
6546008,809,1:5:40,0,[OpportunityCardData_id:0,PriorityData_type:1,false]
6546008,810,1:5:41,0,[OpportunityCardData_id:0,PriorityData_type:0,15,PriorityData_type:1,20]
6546008,814,1:5:48,0,[1]
6546008,815,1:5:48,0,1,OpportunityCardData_id:7
6546008,815,1:5:49,0,1,OpportunityCardData_id:9
6546008,815,1:5:54,0,1,OpportunityCardData_id:10
6546008,815,1:6:1,0,1,OpportunityCardData_id:9
6546008,816,1:6:2,0,1,OpportunityCardData_id:9
6546008,805,1:6:4,0,[OpportunityCardData_id:9]
6546008,807,1:6:5,0,[OpportunityCardData_id:9]
6546008,808,1:6:7,0,[OpportunityCardData_id:9]
6546008,809,1:6:12,0,[OpportunityCardData_id:9,Safe,false]
6546008,810,1:6:16,0,[OpportunityCardData_id:9,PriorityData_type:1,5,Safe,Safe]
6546008,811,1:6:34,0,[OpportunityCardData_id:9,PriorityData_type:2,80,90,PriorityData_type:4,70,60]
6546008,1000,1:6:35,0,[]
6546008,800,1:6:37,0,[]
6546008,801,1:6:41,0,[]
6546008,814,1:6:49,0,[2]
6546008,815,1:6:49,0,2,OpportunityCardData_id:13
6546008,815,1:6:50,0,2,OpportunityCardData_id:14
6546008,815,1:6:51,0,2,OpportunityCardData_id:15
6546008,815,1:6:52,0,2,OpportunityCardData_id:16
6546008,815,1:6:52,0,2,OpportunityCardData_id:17
6546008,815,1:6:52,0,2,OpportunityCardData_id:18
6546008,815,1:6:52,0,2,OpportunityCardData_id:13
6546008,816,1:6:55,0,2,OpportunityCardData_id:13
6546008,805,1:6:56,0,[OpportunityCardData_id:13]
6546008,807,1:6:57,0,[OpportunityCardData_id:13]
6546008,808,1:6:58,0,[OpportunityCardData_id:13]
6546008,809,1:7:2,0,[OpportunityCardData_id:13,PriorityData_type:4,false]
6546008,810,1:7:4,0,[OpportunityCardData_id:13,PriorityData_type:2,15,PriorityData_type:4,10]
6546008,814,1:7:9,0,[4]
6546008,815,1:7:9,0,4,OpportunityCardData_id:22
6546008,815,1:7:11,0,4,OpportunityCardData_id:26
6546008,815,1:7:12,0,4,OpportunityCardData_id:27
6546008,815,1:7:15,0,4,OpportunityCardData_id:28
6546008,816,1:7:19,0,4,OpportunityCardData_id:28
6546008,805,1:7:20,0,[OpportunityCardData_id:28]
6546008,807,1:7:21,0,[OpportunityCardData_id:28]
6546008,808,1:7:23,0,[OpportunityCardData_id:28]
6546008,809,1:7:28,0,[OpportunityCardData_id:28,Safe,false]
6546008,810,1:7:30,0,[OpportunityCardData_id:28,PriorityData_type:4,15,Safe,Safe]
6546008,814,1:7:36,0,[2]
6546008,815,1:7:36,0,2,OpportunityCardData_id:14
6546008,815,1:7:39,0,2,OpportunityCardData_id:15
6546008,815,1:7:40,0,2,OpportunityCardData_id:16
6546008,815,1:7:40,0,2,OpportunityCardData_id:17
6546008,815,1:7:40,0,2,OpportunityCardData_id:18
6546008,815,1:7:41,0,2,OpportunityCardData_id:14
6546008,815,1:7:41,0,2,OpportunityCardData_id:15
6546008,816,1:7:44,0,2,OpportunityCardData_id:15
6546008,805,1:7:47,0,[OpportunityCardData_id:15]
6546008,807,1:7:48,0,[OpportunityCardData_id:15]
6546008,808,1:7:50,0,[OpportunityCardData_id:15]
6546008,809,1:7:54,0,[OpportunityCardData_id:15,PriorityData_type:3,false]
6546008,810,1:7:56,0,[OpportunityCardData_id:15,PriorityData_type:2,15,PriorityData_type:3,10]
6546008,814,1:8:4,0,[4]
6546008,815,1:8:4,0,4,OpportunityCardData_id:22
6546008,815,1:8:6,0,4,OpportunityCardData_id:26
6546008,815,1:8:7,0,4,OpportunityCardData_id:27
6546008,815,1:8:8,0,4,OpportunityCardData_id:29
6546008,815,1:8:9,0,4,OpportunityCardData_id:30
6546008,815,1:8:10,0,4,OpportunityCardData_id:31
6546008,815,1:8:12,0,4,OpportunityCardData_id:22
6546008,815,1:8:12,0,4,OpportunityCardData_id:26
6546008,815,1:8:13,0,4,OpportunityCardData_id:22
6546008,815,1:8:23,0,4,OpportunityCardData_id:31
6546008,815,1:8:24,0,4,OpportunityCardData_id:30
6546008,815,1:8:26,0,4,OpportunityCardData_id:29
6546008,815,1:8:29,0,4,OpportunityCardData_id:27
6546008,815,1:8:35,0,4,OpportunityCardData_id:26
6546008,815,1:8:36,0,4,OpportunityCardData_id:22
6546008,815,1:8:49,0,4,OpportunityCardData_id:31
6546008,815,1:8:52,0,4,OpportunityCardData_id:30
6546008,815,1:8:57,0,4,OpportunityCardData_id:29
6546008,815,1:9:1,0,4,OpportunityCardData_id:27
6546008,815,1:9:29,0,4,OpportunityCardData_id:29
6546008,815,1:9:32,0,4,OpportunityCardData_id:30
6546008,815,1:9:34,0,4,OpportunityCardData_id:31
6546008,817,1:9:40,0,4
6546008,814,1:9:48,0,[5]
6546008,815,1:9:48,0,5,OpportunityCardData_id:32
6546008,816,1:9:53,0,5,OpportunityCardData_id:32
6546008,805,1:9:55,0,[OpportunityCardData_id:32]
6546008,807,1:9:56,0,[OpportunityCardData_id:32]
6546008,808,1:9:58,0,[OpportunityCardData_id:32]
6546008,809,1:10:2,0,[OpportunityCardData_id:32,Safe,false]
6546008,810,1:10:4,0,[OpportunityCardData_id:32,PriorityData_type:5,20,Safe,Safe]
6546008,814,1:10:10,0,[3]
6546008,815,1:10:10,0,3,OpportunityCardData_id:19
6546008,815,1:10:12,0,3,OpportunityCardData_id:20
6546008,815,1:10:15,0,3,OpportunityCardData_id:21
6546008,816,1:10:18,0,3,OpportunityCardData_id:21
6546008,805,1:10:19,0,[OpportunityCardData_id:21]
6546008,807,1:10:20,0,[OpportunityCardData_id:21]
6546008,808,1:10:23,0,[OpportunityCardData_id:21]
6546008,809,1:10:26,0,[OpportunityCardData_id:21,Safe,false]
6546008,810,1:10:27,0,[OpportunityCardData_id:21,PriorityData_type:3,20,Safe,Safe]
6546008,814,1:10:30,0,[3]
6546008,815,1:10:30,0,3,OpportunityCardData_id:19
6546008,815,1:10:33,0,3,OpportunityCardData_id:20
6546008,815,1:10:35,0,3,OpportunityCardData_id:23
6546008,816,1:10:41,0,3,OpportunityCardData_id:23
6546008,805,1:10:42,0,[OpportunityCardData_id:23]
6546008,807,1:10:43,0,[OpportunityCardData_id:23]
6546008,808,1:10:46,0,[OpportunityCardData_id:23]
6546008,809,1:10:51,0,[OpportunityCardData_id:23,PriorityData_type:1,false]
6546008,810,1:10:52,0,[OpportunityCardData_id:23,PriorityData_type:3,10,PriorityData_type:1,10]
6546008,814,1:11:19,0,[0]
6546008,815,1:11:19,0,0,OpportunityCardData_id:0
6546008,816,1:11:23,0,0,OpportunityCardData_id:0
6546008,805,1:11:25,0,[OpportunityCardData_id:0]
6546008,807,1:11:26,0,[OpportunityCardData_id:0]
6546008,808,1:11:29,0,[OpportunityCardData_id:0]
6546008,809,1:11:34,0,[OpportunityCardData_id:0,Safe,false]
6546008,810,1:11:39,0,[OpportunityCardData_id:0,PriorityData_type:0,15,Safe,Safe]
6546008,814,1:11:55,0,[3]
6546008,815,1:11:55,0,3,OpportunityCardData_id:19
6546008,815,1:11:58,0,3,OpportunityCardData_id:25
6546008,815,1:12:0,0,3,OpportunityCardData_id:24
6546008,816,1:12:10,0,3,OpportunityCardData_id:24
6546008,805,1:12:14,0,[OpportunityCardData_id:24]
6546008,807,1:12:15,0,[OpportunityCardData_id:24]
6546008,808,1:12:17,0,[OpportunityCardData_id:24]
6546008,809,1:12:22,0,[OpportunityCardData_id:24,PriorityData_type:0,false]
6546008,810,1:12:25,0,[OpportunityCardData_id:24,PriorityData_type:3,10,PriorityData_type:0,10]
6546008,811,1:12:42,0,[OpportunityCardData_id:24,PriorityData_type:2,80,100,PriorityData_type:4,70,50]
6546008,1001,1:12:46,0,[]
6546008,1003,1:12:46,1
6546008,1004,1:12:48,0
6546008,1002,1:12:54,0
6546008,1003,1:12:54,1
6546008,210,1:13:2,951,406
6546008,207,1:13:4,0,-200,-518.45
6546008,211,1:13:6,1309,521
6546008,212,1:13:7,2
6546008,210,1:13:7,1376,462
6546008,211,1:13:9,1454,531
6546008,213,1:13:9,0,c_friend1_M_a_G7a0,true
6546008,210,1:13:15,1467,531
6546008,211,1:13:16,1364,480
6546008,210,1:13:18,1314,494
6546008,211,1:13:26,662,544
6546008,213,1:13:26,0,s_otherStudent1_G7a0,true
6546008,212,1:13:29,1
6546008,210,1:13:30,867,475
6546008,207,1:13:38,0,-518.45,0
6546008,207,1:13:42,0,0,-330
6546008,211,1:13:45,1213,170
6546008,213,1:13:45,0,s_clock_G7a0,true
6546008,221,1:14:2,0
6546008,300,1:14:49
6546008,220,1:14:49,0
6546008,210,1:14:59,414,396
6546008,211,1:15:0,711,241
6546008,210,1:15:0,312,409
6546008,211,1:15:0,290,418
6546008,213,1:15:0,0,c_crewKid1_M_G7a0,true
6546008,210,1:15:2,443,374
6546008,207,1:15:3,0,-200,0
6546008,211,1:15:6,387,352
6546008,212,1:15:10,2
6546008,210,1:15:11,221,396
6546008,211,1:15:14,576,354
6546008,212,1:15:15,1
6546008,210,1:15:16,821,416
6546008,211,1:15:20,270,158
6546008,213,1:15:20,0,s_flag_gen,true
6546008,205,1:15:20,0,s_flag_gen,false,false
6546008,221,1:15:42,0
6546008,300,1:15:50
6546008,220,1:15:50,0
6546008,305,1:16:5,0,3,0,0,
6546008,210,1:16:53,806,315
6546008,211,1:16:54,806,315
6546008,210,1:16:54,805,277
6546008,211,1:17:1,825,484
6546008,210,1:17:1,791,410
6546008,211,1:17:8,795,320
6546008,210,1:17:10,805,285
6546008,211,1:17:11,838,283
6546008,210,1:17:54,1005,513
6546008,211,1:17:55,983,486
6546008,210,1:17:55,951,540
6546008,211,1:18:0,870,514
6546008,212,1:18:7,2
6546008,210,1:18:9,902,470
6546008,211,1:18:11,981,534
6546008,213,1:18:11,0,c_bestFriend_M_a_G7a0,true
6546008,205,1:18:11,0,c_bestFriend_M_a_G7a0,false,true
6546008,221,1:18:28,0
6546008,220,1:20:18,0
6546008,210,1:20:22,513,492
6546008,207,1:20:24,0,-200,-5
6546008,207,1:20:33,0,-5,-95
6546008,207,1:20:33,0,-95,-110
6546008,211,1:20:35,818,272
6546008,213,1:20:35,0,c_teacherEng_G7a0,true
6546008,205,1:20:35,0,c_teacherEng_G7a0,false,true
6546008,210,1:20:42,290,158
6546008,207,1:20:47,0,-110,0
6546008,207,1:20:56,0,0,-375
6546008,207,1:20:58,0,-375,-210
6546008,211,1:20:58,690,472
6546008,210,1:21:0,585,456
6546008,207,1:21:1,0,-210,-480
6546008,211,1:21:2,1204,336
6546008,213,1:21:2,0,s_doorClassroom_G7a0,true
6546008,210,1:21:28,871,457
6546008,211,1:21:30,975,505
6546008,213,1:21:30,0,c_bestFriend_M_a_G7a0,true
6546008,205,1:21:30,0,c_bestFriend_M_a_G7a0,false,true
6546008,210,1:21:35,1230,482
6546008,207,1:21:36,0,-480,-518.45
6546008,211,1:21:37,1475,584
6546008,213,1:21:37,0,c_friend1_M_a_G7a0,true
6546008,210,1:22:25,1432,528
6546008,211,1:22:25,1452,539
6546008,213,1:22:25,0,c_friend1_M_a_G7a0,true
6546008,210,1:22:36,1201,530
6546008,211,1:22:46,697,577
6546008,213,1:22:46,0,s_otherStudent1_G7a0,true
6546008,221,1:22:50,0
6546008,300,1:22:52
6546008,220,1:22:52,0
6546008,302,1:23:5,0,3,0,1
6546008,305,1:23:6,0,3,0,0,
6546008,210,1:24:35,576,274
6546008,207,1:24:37,0,-200,0
6546008,207,1:24:42,0,0,-518.45
6546008,211,1:24:46,866,332
6546008,213,1:24:46,0,c_teacherEng_G7a0,true
6546008,205,1:24:46,0,c_teacherEng_G7a0,false,true
6546008,210,1:24:51,943,448
6546008,207,1:24:53,0,-518.45,-368.45
6546008,211,1:24:53,861,413
6546008,221,1:25:24,0
6546008,220,1:25:33,0
6546008,210,1:25:51,834,105
6546008,207,1:25:53,0,-368.45,-263.45
6546008,211,1:25:58,755,388
6546008,213,1:25:58,0,c_teacherEng_G7a0,true
6546008,205,1:25:58,0,c_teacherEng_G7a0,false,true
6546008,221,1:27:34,0
6546008,220,1:27:40,0
6546008,212,1:27:50,1
6546008,210,1:27:51,1102,352
6546008,207,1:27:52,0,-400,-145
6546008,211,1:27:53,276,155
6546008,213,1:27:53,0,s_flag_gen,true
6546008,210,1:27:58,801,434
6546008,211,1:27:59,812,370
6546008,213,1:27:59,0,s_paperPlayers_G7a1N,true
6546008,205,1:27:59,0,s_paperPlayers_G7a1N,false,false
6546008,210,1:28:4,706,425
6546008,207,1:28:6,0,-145,-518.45
6546008,211,1:28:7,1347,364
6546008,212,1:28:8,2
6546008,210,1:28:8,1330,334
6546008,211,1:28:13,1226,494
6546008,213,1:28:13,0,s_otherStudent2_G7a1N,true
6546008,210,1:28:18,1017,458
6546008,207,1:28:23,0,-518.45,-203.45
6546008,207,1:28:23,0,-203.45,-158.45
6546008,211,1:28:27,651,576
6546008,213,1:28:27,0,s_otherStudent1_G7a1N,true
6546008,210,1:28:34,607,362
6546008,207,1:28:35,0,-158.45,0
6546008,211,1:28:36,224,488
6546008,213,1:28:36,0,c_crewKid1_M_G7a1N,true
6546008,210,1:28:39,571,301
6546008,207,1:28:42,0,0,-518.45
6546008,211,1:28:44,1043,549
6546008,213,1:28:44,0,c_bestFriend_M_a_G7a1N,true
6546008,205,1:28:44,0,c_bestFriend_M_a_G7a1N,false,false
6546008,210,1:28:53,1202,276
6546008,211,1:28:54,909,636
6546008,213,1:28:54,0,c_teacherEng_G7a1N,true
6546008,205,1:28:54,0,c_teacherEng_G7a1N,false,true
6546008,221,1:29:3,0
6546008,220,1:29:4,0
6546008,219,1:29:4,0
6546008,216,1:29:6,Stack_G7a1P
6546008,217,1:29:13,Stack_G7a1P,7.3,0.37
6546008,218,1:29:18,0
6546008,221,1:29:23,0
6546008,220,1:29:27,0
6546008,210,1:29:28,1073,449
6546008,211,1:29:29,660,383
6546008,213,1:29:29,0,s_paperPlayers_G7a1P,true
6546008,210,1:29:32,778,498
6546008,207,1:29:33,0,-400,-70
6546008,211,1:29:34,299,159
6546008,210,1:29:34,279,175
6546008,211,1:29:35,242,153
6546008,213,1:29:35,0,s_flag_gen,true
6546008,205,1:29:35,0,s_flag_gen,false,false
6546008,210,1:29:39,572,459
6546008,207,1:29:44,0,-70,-400
6546008,211,1:29:45,1217,160
6546008,213,1:29:45,0,s_clock_G7a1P,true
6546008,212,1:29:49,1
6546008,210,1:29:50,1059,316
6546008,207,1:29:51,0,-400,-175
6546008,211,1:29:54,756,378
6546008,213,1:29:54,0,c_teacherEng_G7a1P,false
6546008,210,1:29:59,761,500
6546008,211,1:30:3,719,492
6546008,213,1:30:3,0,c_teacherEng_G7a1P,false
6546008,1003,1:30:7,1
6546008,210,1:30:14,1207,321
6546008,211,1:30:17,1218,598
6546008,212,1:30:18,0
6546008,210,1:30:19,1163,429
6546008,211,1:30:22,831,417
6546008,210,1:30:22,764,410
6546008,207,1:30:25,0,-400,-55
6546008,211,1:30:28,1152,131
6546008,207,1:30:28,0,-55,-145
6546008,207,1:30:28,0,-145,-175
6546008,210,1:30:29,1100,204
6546008,207,1:30:29,0,-175,-355
6546008,211,1:30:37,1242,203
6546008,212,1:30:38,1
6546008,210,1:30:39,1187,200
6546008,211,1:30:41,1219,157
6546008,213,1:30:41,0,s_clock_G7a1P,true
6546008,210,1:30:45,1278,340
6546008,207,1:30:45,0,-355,-518
6546008,211,1:30:47,1493,330
6546008,213,1:30:47,0,s_paperEnglish_gen,true
6546008,205,1:30:47,0,s_paperEnglish_gen,false,false
6546008,210,1:30:54,1177,409
6546008,207,1:30:57,0,-518,-473
6546008,211,1:30:57,613,409
6546008,212,1:30:59,0
6546008,210,1:30:59,901,350
6546008,211,1:31:5,885,157
6546008,213,1:31:5,0,s_poePoster_gen,true
6546008,210,1:31:9,1171,335
6546008,211,1:31:11,784,130
6546008,213,1:31:11,0,s_shakespearePoster_gen,true
6546008,210,1:31:16,933,291
6546008,211,1:31:17,695,132
6546008,213,1:31:17,0,s_angelouPoster_gen,true
6546008,210,1:31:23,971,355
6546008,207,1:31:23,0,-473,-383
6546008,211,1:31:25,609,143
6546008,213,1:31:25,0,s_atwoodPoster_gen,true
6546008,210,1:31:27,663,260
6546008,207,1:31:28,0,-383,-83
6546008,207,1:31:31,0,-83,0
6546008,211,1:31:35,1138,614
6546008,207,1:31:35,0,0,-135
6546008,207,1:31:35,0,-135,-180
6546008,210,1:31:35,1058,597
6546008,207,1:31:41,0,-180,-465
6546008,207,1:31:44,0,-465,-518
6546008,207,1:31:53,0,-518,-278
6546008,211,1:32:3,1374,83
6546008,207,1:32:3,0,-278,-368
6546008,207,1:32:3,0,-368,-413
6546008,210,1:32:3,1340,40
6546008,211,1:32:4,325,58
6546008,207,1:32:4,0,-413,-308
6546008,210,1:32:5,288,286
6546008,207,1:32:6,0,-308,0
6546008,211,1:32:7,246,439
6546008,204,1:32:11,0
6546008,103,1:32:14
6546008,105,1:32:15
6546008,703,1:32:18,[|| EpilogueItem ID: 0 unlocked: false ||,|| EpilogueItem ID: 1 unlocked: false ||,|| EpilogueItem ID: 2 unlocked: false ||,|| EpilogueItem ID: 3 unlocked: false ||,|| EpilogueItem ID: 4 unlocked: false ||,|| EpilogueItem ID: 5 unlocked: false ||,|| EpilogueItem ID: 6 unlocked: false ||,|| EpilogueItem ID: 7 unlocked: false ||,|| EpilogueItem ID: 8 unlocked: false ||,|| EpilogueItem ID: 9 unlocked: false ||,|| EpilogueItem ID: 10 unlocked: false ||,|| EpilogueItem ID: 11 unlocked: false ||,|| EpilogueItem ID: 12 unlocked: false ||,|| EpilogueItem ID: 13 unlocked: false ||,|| EpilogueItem ID: 14 unlocked: false ||,|| EpilogueItem ID: 15 unlocked: false ||,|| EpilogueItem ID: 16 unlocked: false ||,|| EpilogueItem ID: 17 unlocked: false ||,|| EpilogueItem ID: 18 unlocked: false ||,|| EpilogueItem ID: 19 unlocked: false ||,|| EpilogueItem ID: 20 unlocked: false ||,|| EpilogueItem ID: 21 unlocked: false ||,|| EpilogueItem ID: 22 unlocked: false ||,|| EpilogueItem ID: 23 unlocked: false ||,|| EpilogueItem ID: 24 unlocked: false ||],0
6546008,704,1:32:20,15
6546008,706,1:32:20,(x=0, y=-100, w=1024, h=768),(x=0, y=-100, w=1024, h=768)
6546008,705,1:32:22,15,true
6546008,706,1:32:24,(x=529, y=-100, w=1024, h=768),(x=2065, y=-100, w=1024, h=768)
6546008,707,1:32:24,0,1
6546008,706,1:32:24,(x=529, y=-100, w=1024, h=768),(x=2065, y=-100, w=1024, h=768)
6546008,706,1:32:25,(x=2531, y=-100, w=1024, h=768),(x=2531, y=-100, w=1024, h=768)
6546008,708,1:32:25
6546008,1,1:32:26,7/8/2013 2:59:39pm,{"gameTime":5545984,"challengeStacks":[{"challengeScenes":[{"miniGameCards":[],"viewedAnimatic":true,"keyPoints":["c_bestFriend_M_a_G7a0","c_teacherEng_G7a0","s_flag_gen"],"unlocked":true,"touchableObjects":["c_bestFriend_M_a_G7a0","s_vocabAssignment_G7a0","c_teacherEng_G7a0","s_doorClassroom_G7a0","s_otherStudent1_G7a0","c_crewKid1_M_G7a0","c_friend1_M_a_G7a0","s_clock_G7a0","s_flag_gen"]},{"miniGameCards":[],"viewedAnimatic":true,"keyPoints":["c_teacherEng_G7a1N","s_paperPlayers_G7a1N","c_bestFriend_M_a_G7a1N"],"unlocked":true,"touchableObjects":["c_teacherEng_G7a1N","s_flag_gen","s_paperPlayers_G7a1N","s_otherStudent2_G7a1N","s_otherStudent1_G7a1N","c_crewKid1_M_G7a1N","c_bestFriend_M_a_G7a1N"]},{"miniGameCards":[],"viewedAnimatic":true,"keyPoints":["s_flag_gen","s_paperEnglish_gen"],"unlocked":true,"touchableObjects":["s_paperPlayers_G7a1P","s_flag_gen","s_clock_G7a1P","s_paperEnglish_gen","s_poePoster_gen","s_shakespearePoster_gen","s_angelouPoster_gen","s_atwoodPoster_gen"]}],"stackSize":3,"resolved":false},{"challengeScenes":[{"miniGameCards":[],"viewedAnimatic":false,"keyPoints":[],"unlocked":false,"touchableObjects":[]},{"miniGameCards":[],"viewedAnimatic":false,"keyPoints":[],"unlocked":false,"touchableObjects":[]},{"miniGameCards":[],"viewedAnimatic":false,"keyPoints":[],"unlocked":false,"touchableObjects":[]},{"miniGameCards":[],"viewedAnimatic":false,"keyPoints":[],"unlocked":false,"touchableObjects":[]},{"miniGameCards":[],"viewedAnimatic":false,"keyPoints":[],"unlocked":false,"touchableObjects":[]}],"stackSize":5,"resolved":false},{"challengeScenes":[{"miniGameCards":[],"viewedAnimatic":false,"keyPoints":[],"unlocked":false,"touchableObjects":[]},{"miniGameCards":[],"viewedAnimatic":false,"keyPoints":[],"unlocked":false,"touchableObjects":[]},{"miniGameCards":[],"viewedAnimatic":false,"keyPoints":[],"unlocked":false,"touchableObjects":[]},{"miniGameCards":[],"viewedAnimatic":false,"keyPoints":[],"unlocked":false,"touchableObjects":[]},{"miniGameCards":[],"viewedAnimatic":false,"keyPoints":[],"unlocked":false,"touchableObjects":[]},{"miniGameCards":[],"viewedAnimatic":false,"keyPoints":[],"unlocked":false,"touchableObjects":[]},{"miniGameCards":[],"viewedAnimatic":false,"keyPoints":[],"unlocked":false,"touchableObjects":[]}],"stackSize":7,"resolved":false},{"challengeScenes":[{"miniGameCards":[],"viewedAnimatic":false,"keyPoints":[],"unlocked":false,"touchableObjects":[]},{"miniGameCards":[],"viewedAnimatic":false,"keyPoints":[],"unlocked":false,"touchableObjects":[]},{"miniGameCards":[],"viewedAnimatic":false,"keyPoints":[],"unlocked":false,"touchableObjects":[]},{"miniGameCards":[],"viewedAnimatic":false,"keyPoints":[],"unlocked":false,"touchableObjects":[]},{"miniGameCards":[],"viewedAnimatic":false,"keyPoints":[],"unlocked":false,"touchableObjects":[]}],"stackSize":5,"resolved":false},{"challengeScenes":[{"miniGameCards":[],"viewedAnimatic":false,"keyPoints":[],"unlocked":false,"touchableObjects":[]},{"miniGameCards":[],"viewedAnimatic":false,"keyPoints":[],"unlocked":false,"touchableObjects":[]},{"miniGameCards":[],"viewedAnimatic":false,"keyPoints":[],"unlocked":false,"touchableObjects":[]},{"miniGameCards":[],"viewedAnimatic":false,"keyPoints":[],"unlocked":false,"touchableObjects":[]},{"miniGameCards":[],"viewedAnimatic":false,"keyPoints":[],"unlocked":false,"touchableObjects":[]}],"stackSize":5,"resolved":false},{"challengeScenes":[{"miniGameCards":[],"viewedAnimatic":false,"keyPoints":[],"unlocked":false,"touchableObjects":[]},{"miniGameCards":[],"viewedAnimatic":false,"keyPoints":[],"unlocked":false,"touchableObjects":[]},{"miniGameCards":[],"viewedAnimatic":false,"keyPoints":[],"unlocked":false,"touchableObjects":[]},{"miniGameCards":[],"viewedAnimatic":false,"keyPoints":[],"unlocked":false,"touchableObjects":[]},{"miniGameCards":[],"viewedAnimatic":false,"keyPoints":[],"unlocked":false,"touchableObjects":[]}],"stackSize":5,"resolved":false},{"challengeScenes":[{"miniGameCards":[],"viewedAnimatic":false,"keyPoints":[],"unlocked":false,"touchableObjects":[]},{"miniGameCards":[],"viewedAnimatic":false,"keyPoints":[],"unlocked":false,"touchableObjects":[]},{"miniGameCards":[],"viewedAnimatic":false,"keyPoints":[],"unlocked":false,"touchableObjects":[]},{"miniGameCards":[],"viewedAnimatic":false,"keyPoints":[],"unlocked":false,"touchableObjects":[]},{"miniGameCards":[],"viewedAnimatic":false,"keyPoints":[],"unlocked":false,"touchableObjects":[]}],"stackSize":5,"resolved":false},{"challengeScenes":[{"miniGameCards":[],"viewedAnimatic":false,"keyPoints":[],"unlocked":false,"touchableObjects":[]},{"miniGameCards":[],"viewedAnimatic":false,"keyPoints":[],"unlocked":false,"touchableObjects":[]},{"miniGameCards":[],"viewedAnimatic":false,"keyPoints":[],"unlocked":false,"touchableObjects":[]},{"miniGameCards":[],"viewedAnimatic":false,"keyPoints":[],"unlocked":false,"touchableObjects":[]},{"miniGameCards":[],"viewedAnimatic":false,"keyPoints":[],"unlocked":false,"touchableObjects":[]}],"stackSize":5,"resolved":false},{"challengeScenes":[{"miniGameCards":[],"viewedAnimatic":false,"keyPoints":[],"unlocked":false,"touchableObjects":[]},{"miniGameCards":[],"viewedAnimatic":false,"keyPoints":[],"unlocked":false,"touchableObjects":[]},{"miniGameCards":[],"viewedAnimatic":false,"keyPoints":[],"unlocked":false,"touchableObjects":[]},{"miniGameCards":[],"viewedAnimatic":false,"keyPoints":[],"unlocked":false,"touchableObjects":[]},{"miniGameCards":[],"viewedAnimatic":false,"keyPoints":[],"unlocked":false,"touchableObjects":[]}],"stackSize":5,"resolved":false},{"challengeScenes":[{"miniGameCards":[],"viewedAnimatic":false,"keyPoints":[],"unlocked":false,"touchableObjects":[]},{"miniGameCards":[],"viewedAnimatic":false,"keyPoints":[],"unlocked":false,"touchableObjects":[]},{"miniGameCards":[],"viewedAnimatic":false,"keyPoints":[],"unlocked":false,"touchableObjects":[]},{"miniGameCards":[],"viewedAnimatic":false,"keyPoints":[],"unlocked":false,"touchableObjects":[]},{"miniGameCards":[],"viewedAnimatic":false,"keyPoints":[],"unlocked":false,"touchableObjects":[]}],"stackSize":5,"resolved":false},{"challengeScenes":[{"miniGameCards":[],"viewedAnimatic":false,"keyPoints":[],"unlocked":false,"touchableObjects":[]},{"miniGameCards":[],"viewedAnimatic":false,"keyPoints":[],"unlocked":false,"touchableObjects":[]},{"miniGameCards":[],"viewedAnimatic":false,"keyPoints":[],"unlocked":false,"touchableObjects":[]},{"miniGameCards":[],"viewedAnimatic":false,"keyPoints":[],"unlocked":false,"touchableObjects":[]},{"miniGameCards":[],"viewedAnimatic":false,"keyPoints":[],"unlocked":false,"touchableObjects":[]}],"stackSize":5,"resolved":false},{"challengeScenes":[{"miniGameCards":[],"viewedAnimatic":false,"keyPoints":[],"unlocked":false,"touchableObjects":[]},{"miniGameCards":[],"viewedAnimatic":false,"keyPoints":[],"unlocked":false,"touchableObjects":[]},{"miniGameCards":[],"viewedAnimatic":false,"keyPoints":[],"unlocked":false,"touchableObjects":[]},{"miniGameCards":[],"viewedAnimatic":false,"keyPoints":[],"unlocked":false,"touchableObjects":[]},{"miniGameCards":[],"viewedAnimatic":false,"keyPoints":[],"unlocked":false,"touchableObjects":[]}],"stackSize":5,"resolved":false},{"challengeScenes":[{"miniGameCards":[],"viewedAnimatic":false,"keyPoints":[],"unlocked":true,"touchableObjects":["c_player_lati_M_a_G0a0","c_education_G0a0"]},{"miniGameCards":[],"viewedAnimatic":false,"keyPoints":["c_job_G0a1N","c_family_lati_a_G0a1N","c_home_G0a1N"],"unlocked":true,"touchableObjects":["c_job_G0a1N","c_player_lati_M_a_G0a1N","c_family_lati_a_G0a1N","c_home_G0a1N"]},{"miniGameCards":[],"viewedAnimatic":false,"keyPoints":["c_Nurse_G0a1P","c_Teacher_G0a1P","c_dad_lati_a_G0a1P","c_mom_lati_a_G0a1P","c_kidsister_lati_a_G0a1P","c_grandma_lati_a_G0a1P"],"unlocked":true,"touchableObjects":["c_cousins_M_a_G0a1P","c_friends_G0a1P","c_Nurse_G0a1P","c_Teacher_G0a1P","c_dad_lati_a_G0a1P","c_mom_lati_a_G0a1P","c_kidsister_lati_a_G0a1P","c_grandma_lati_a_G0a1P"]}],"stackSize":3,"resolved":true}],"sessionId":2,"epilogue":{"rating":1},"playerId":6546008,"session":[{"sceneId":"1P","stackId":12},{"sceneId":"1P","stackId":0}],"minigames":[{"levelSaveData":[{"starRating":0,"unlocked":true},{"starRating":0,"unlocked":false},{"starRating":0,"unlocked":false},{"starRating":0,"unlocked":false},{"starRating":0,"unlocked":false},{"starRating":0,"unlocked":false},{"starRating":0,"unlocked":false},{"starRating":0,"unlocked":false},{"starRating":0,"unlocked":false},{"starRating":0,"unlocked":false}],"skillPoints":0},{"levelSaveData":[{"starRating":2,"unlocked":true},{"starRating":0,"unlocked":false},{"starRating":0,"unlocked":false},{"starRating":0,"unlocked":false},{"starRating":0,"unlocked":false},{"starRating":0,"unlocked":false},{"starRating":0,"unlocked":false},{"starRating":0,"unlocked":false},{"starRating":0,"unlocked":false},{"starRating":0,"unlocked":false}],"skillPoints":2},{"levelSaveData":[{"starRating":3,"unlocked":true},{"starRating":0,"unlocked":false},{"starRating":0,"unlocked":false},{"starRating":0,"unlocked":false},{"starRating":0,"unlocked":false},{"starRating":0,"unlocked":false},{"starRating":0,"unlocked":false},{"starRating":0,"unlocked":false},{"starRating":0,"unlocked":false},{"starRating":0,"unlocked":false}],"skillPoints":3},{"levelSaveData":[{"starRating":0,"unlocked":false},{"starRating":0,"unlocked":false},{"starRating":0,"unlocked":false},{"starRating":0,"unlocked":false},{"starRating":0,"unlocked":false},{"starRating":0,"unlocked":false},{"starRating":0,"unlocked":false},{"starRating":0,"unlocked":false},{"starRating":0,"unlocked":false},{"starRating":0,"unlocked":false}],"skillPoints":0},{"age":12,"name":"chris","gender":0,"levelSaveData":[{"starRating":3,"unlocked":true},{"starRating":3,"chunks":[["1"],["7$$fun","10$$funny"],["5$$animals","7$$love movies","11$$competiteve"],["0"]],"unlocked":true},{"starRating":0,"chunks":[[null],[null,null],[null,null]],"unlocked":false},{"starRating":0,"chunks":[[null],[null],[null],[null],[null,null],[null]],"unlocked":false},{"starRating":0,"chunks":[[null],[null],[null,null],[null],[null],[null]],"unlocked":false},{"starRating":0,"chunks":[[null],[null,null,null,null],[null],[null]],"unlocked":false},{"starRating":0,"chunks":[[null],[null],[null,null],[null,null],[null]],"unlocked":false},{"starRating":0,"chunks":[[null,null,null],[null,null,null],[null],[null],[null]],"unlocked":false},{"starRating":0,"chunks":[[null,null,null],[null,null,null],[null,null]],"unlocked":false},{"starRating":0,"chunks":[[null],[null],[null],[null],[null],[null]],"unlocked":false}],"visualAvatar":0,"id":2,"skillPoints":6}],"avatar":{"age":12,"name":"chris","gender":0,"levelSaveData":[{"starRating":3,"unlocked":true},{"starRating":3,"chunks":[["1"],["7$$fun","10$$funny"],["5$$animals","7$$love movies","11$$competiteve"],["0"]],"unlocked":true},{"starRating":0,"chunks":[[null],[null,null],[null,null]],"unlocked":false},{"starRating":0,"chunks":[[null],[null],[null],[null],[null,null],[null]],"unlocked":false},{"starRating":0,"chunks":[[null],[null],[null,null],[null],[null],[null]],"unlocked":false},{"starRating":0,"chunks":[[null],[null,null,null,null],[null],[null]],"unlocked":false},{"starRating":0,"chunks":[[null],[null],[null,null],[null,null],[null]],"unlocked":false},{"starRating":0,"chunks":[[null,null,null],[null,null,null],[null],[null],[null]],"unlocked":false},{"starRating":0,"chunks":[[null,null,null],[null,null,null],[null,null]],"unlocked":false},{"starRating":0,"chunks":[[null],[null],[null],[null],[null],[null]],"unlocked":false}],"visualAvatar":0,"id":2,"skillPoints":6}}
