6546008,0,4:59:47,7/18/2013 2:15:26pm
6546008,100,4:59:52,1
6546008,102,4:59:54,1
6546008,200,4:59:54,1,3,3,6,0,6
6546008,210,5:0:2,1368,410
6546008,211,5:0:3,1369,458
6546008,213,5:0:3,1,c_cousin_M_a_G7b0,true
6546008,210,5:0:7,749,507
6546008,211,5:0:7,752,512
6546008,213,5:0:7,1,c_crewKid2_M_G7b0,true
6546008,210,5:0:9,1023,484
6546008,211,5:0:10,1017,479
6546008,213,5:0:10,1,c_crewKid1_M_G7b0,true
6546008,205,5:0:10,1,c_crewKid1_M_G7b0,false,true
6546008,210,5:0:15,996,495
6546008,211,5:0:15,1059,490
6546008,213,5:0:15,1,c_crewKid1_M_G7b0,true
6546008,205,5:0:15,1,c_crewKid1_M_G7b0,false,true
6546008,210,5:0:19,578,210
6546008,207,5:0:19,1,-500,-275
6546008,207,5:0:21,1,-275,0
6546008,211,5:0:24,430,353
6546008,213,5:0:24,1,c_cousinsBrother_a_G7b0,true
6546008,210,5:0:44,880,541
6546008,211,5:0:48,601,455
6546008,213,5:0:48,1,c_teacherEng_G7b1N,true
6546008,210,5:0:57,347,451
6546008,207,5:0:57,1,-200,0
6546008,211,5:1:0,290,363
6546008,213,5:1:0,1,c_policeOfficer_G7b1N,true
6546008,210,5:1:5,927,239
6546008,207,5:1:6,1,0,-675
6546008,211,5:1:7,1485,289
6546008,210,5:1:8,1374,286
6546008,211,5:1:10,1748,174
6546008,207,5:1:10,1,-675,-750
6546008,210,5:1:10,1781,329
6546008,207,5:1:11,1,-750,-1027
6546008,211,5:1:15,1893,165
6546008,213,5:1:15,1,c_crewKid1_M_G7b1N,true
6546008,205,5:1:15,1,c_crewKid1_M_G7b1N,false,true
6546008,210,5:1:20,1811,372
6546008,211,5:1:24,1709,81
6546008,213,5:1:24,1,s_cat_G7b1N,true
6546008,210,5:1:25,1729,204
6546008,211,5:1:25,1706,92
6546008,213,5:1:25,1,s_cat_G7b1N,true
6546008,207,5:1:26,1,-1027,-1027
6546008,207,5:1:26,1,-1027,-1027
6546008,210,5:1:26,1638,316
6546008,211,5:1:28,1710,80
6546008,213,5:1:28,1,s_cat_G7b1N,true
6546008,210,5:1:43,1228,466
6546008,207,5:1:44,1,-1027,-923
6546008,211,5:1:44,997,502
6546008,210,5:1:44,1045,464
6546008,207,5:1:45,1,-923,-578
6546008,211,5:1:51,532,549
6546008,207,5:1:51,1,-578,-458
6546008,210,5:2:21,672,504
6546008,211,5:2:21,672,504
6546008,207,5:2:21,1,-458,-458
6546008,210,5:2:22,537,552
6546008,207,5:2:23,1,-458,-233
6546008,207,5:2:23,1,-233,0
6546008,211,5:2:24,35,564
6546008,210,5:2:38,626,544
6546008,211,5:2:38,626,544
6546008,207,5:2:38,1,-500,-500
6546008,210,5:2:39,647,379
6546008,207,5:2:40,1,-500,0
6546008,211,5:2:43,1040,142
6546008,207,5:2:43,1,0,-45
6546008,210,5:2:43,1119,158
6546008,207,5:2:45,1,-45,-1031
6546008,211,5:2:46,2011,187
6546008,210,5:3:59,1626,358
6546008,207,5:4:8,1,-1031,-341
6546008,211,5:4:9,540,122
6546008,213,5:4:9,1,s_lifeguard_G7b0,true
6546008,210,5:4:12,1083,213
6546008,207,5:4:14,1,-341,-1031
6546008,211,5:4:25,1682,688
6546008,210,5:4:34,1670,279
6546008,211,5:4:38,868,476
6546008,207,5:4:38,1,-1031,-851
6546008,210,5:4:44,788,467
6546008,211,5:4:45,358,462
6546008,207,5:4:45,1,-851,-326
6546008,210,5:4:48,320,396
6546008,211,5:4:49,320,396
6546008,207,5:4:49,1,-326,-296
6546008,210,5:4:49,248,456
6546008,207,5:4:49,1,-296,0
6546008,211,5:5:6,203,675
6546008,210,5:5:12,270,375
6546008,207,5:5:15,1,0,-1031
6546008,207,5:5:18,1,-1031,-806
6546008,207,5:5:27,1,-806,-506
6546008,207,5:5:41,1,-506,-56
6546008,207,5:5:48,1,-56,0
6546008,211,5:5:50,100,367
6546008,210,5:6:1,1288,64
6546008,211,5:6:2,1416,93
6546008,207,5:6:2,1,-200,-395
6546008,210,5:6:2,1466,167
6546008,207,5:6:3,1,-395,-770
6546008,211,5:6:5,1606,393
6546008,210,5:6:6,1467,562
6546008,211,5:6:6,1764,218
6546008,207,5:6:6,1,-770,-785
6546008,207,5:6:6,1,-785,-800
6546008,210,5:6:6,1600,366
6546008,207,5:6:7,1,-800,-935
6546008,211,5:6:7,2015,218
6546008,207,5:6:7,1,-935,-1010
6546008,207,5:6:7,1,-1010,-1027
6546008,210,5:6:7,1934,325
6546008,211,5:6:8,2046,194
6546008,210,5:6:9,1982,214
6546008,211,5:6:9,1975,204
6546008,219,5:6:14,1
6546008,216,5:6:47,Stack_G7b1N
6546008,217,5:7:6,Stack_G7b1N,16,1.0
6546008,218,5:7:12,1
6546008,210,5:7:12,1555,534
6546008,207,5:7:15,1,-1027,-832
6546008,207,5:7:21,1,-832,-622
6546008,211,5:7:24,766,598
6546008,212,5:7:25,1
6546008,210,5:7:26,955,564
6546008,211,5:7:27,936,681
6546008,213,5:7:27,1,c_kidSister_lati_a_G7b1N,true
6546008,205,5:7:27,1,c_kidSister_lati_a_G7b1N,false,true
6546008,210,5:7:46,1170,375
6546008,211,5:7:50,948,451
6546008,210,5:7:52,913,492
6546008,211,5:7:54,943,449
6546008,213,5:7:54,1,s_wreckedPlants_G7b1N,true
6546008,210,5:8:4,1008,425
6546008,207,5:8:14,1,-622,-382
6546008,207,5:8:18,1,-382,0
6546008,207,5:8:26,1,0,-285
6546008,211,5:8:31,935,93
6546008,210,5:8:31,723,387
6546008,211,5:8:33,482,564
6546008,212,5:8:36,0
6546008,210,5:8:37,1105,414
6546008,211,5:8:39,878,608
6546008,213,5:8:39,1,s_sprayPaintCan_G7b1N,true
6546008,205,5:8:39,1,s_sprayPaintCan_G7b1N,false,true
6546008,210,5:8:51,899,424
6546008,211,5:8:54,647,471
6546008,212,5:8:56,2
6546008,210,5:8:56,774,447
6546008,211,5:8:57,608,389
6546008,213,5:8:57,1,c_teacherEng_G7b1N,true
6546008,210,5:9:1,754,523
6546008,207,5:9:2,1,-285,-105
6546008,207,5:9:4,1,-105,0
6546008,211,5:9:8,299,335
6546008,213,5:9:8,1,c_policeOfficer_G7b1N,true
6546008,210,5:9:31,887,567
6546008,211,5:9:32,885,602
6546008,210,5:9:37,1178,304
6546008,211,5:9:38,1173,269
6546008,210,5:9:38,1154,286
6546008,207,5:9:48,1,-500,-710
6546008,211,5:9:58,1326,519
6546008,213,5:9:58,1,c_cousin_M_a_G7b0,true
6546008,210,5:10:44,1433,392
6546008,211,5:10:47,1239,418
6546008,210,5:10:55,1612,433
6546008,211,5:10:58,1203,502
6546008,212,5:11:9,1
6546008,210,5:11:10,1614,131
6546008,207,5:11:16,1,-710,-290
6546008,207,5:11:18,1,-290,0
6546008,211,5:11:18,13,474
6546008,210,5:11:18,38,424
6546008,211,5:11:25,51,452
6546008,210,5:11:25,79,427
6546008,211,5:11:27,41,494
6546008,204,5:11:29,1
6546008,100,5:11:40,1
6546008,102,5:12:5,1
6546008,200,5:12:5,1,3,3,6,0,6
6546008,210,5:12:8,1167,435
6546008,211,5:12:12,1385,674
6546008,210,5:12:22,778,510
6546008,211,5:12:27,1427,295
6546008,212,5:12:28,2
6546008,210,5:12:28,1246,327
6546008,211,5:12:31,1300,278
6546008,212,5:12:33,0
6546008,210,5:12:33,1226,315
6546008,211,5:12:45,1541,215
6546008,207,5:12:45,1,-500,-560
6546008,210,5:12:45,1656,178
6546008,207,5:12:46,1,-560,-800
6546008,207,5:12:47,1,-800,-935
6546008,207,5:12:47,1,-935,-1031
6546008,211,5:12:49,1790,258
6546008,212,5:12:50,1
6546008,210,5:12:51,1810,314
6546008,211,5:12:51,1812,276
6546008,212,5:12:52,2
6546008,210,5:12:53,1797,282
6546008,211,5:12:53,1836,246
6546008,210,5:12:55,1726,411
6546008,211,5:12:55,1561,201
6546008,212,5:12:56,1
6546008,210,5:12:57,1764,445
6546008,211,5:12:58,1562,211
6546008,213,5:12:58,1,s_snackBarWorker_G7b0,true
6546008,210,5:13:45,1539,213
6546008,211,5:13:46,1542,220
6546008,213,5:13:46,1,s_snackBarWorker_G7b0,true
6546008,210,5:13:51,1341,515
6546008,207,5:13:54,1,-1031,0
6546008,211,5:14:0,116,429
6546008,210,5:14:21,401,442
6546008,211,5:14:21,522,504
6546008,210,5:14:21,723,442
6546008,207,5:14:24,1,0,-870
6546008,211,5:14:25,1672,403
6546008,210,5:14:37,1091,467
6546008,211,5:14:39,1067,607
6546008,210,5:14:49,1486,486
6546008,211,5:14:54,1419,286
6546008,212,5:14:55,2
6546008,210,5:14:56,1453,296
6546008,211,5:14:57,1398,345
6546008,213,5:14:57,1,c_cousin_M_a_G7b0,true
6546008,212,5:15:2,0
6546008,210,5:15:2,1494,319
6546008,211,5:15:3,1563,379
6546008,210,5:15:4,1495,328
6546008,211,5:15:9,1052,611
6546008,210,5:15:9,1067,515
6546008,207,5:15:14,1,-870,-360
6546008,207,5:15:16,1,-360,0
6546008,211,5:15:58,427,520
6546008,213,5:15:58,1,c_cousinsBrother_a_G7b0,true
6546008,210,5:16:7,638,276
6546008,211,5:16:8,550,114
6546008,213,5:16:8,1,s_lifeguard_G7b0,true
6546008,210,5:16:15,338,455
6546008,211,5:16:16,186,643
6546008,210,5:16:55,109,282
6546008,211,5:17:14,1052,180
6546008,207,5:17:14,1,0,-45
6546008,210,5:17:16,1090,356
6546008,207,5:17:18,1,-45,-1031
6546008,211,5:17:18,2037,356
6546008,210,5:17:22,1578,612
6546008,211,5:17:22,1578,616
6546008,210,5:17:26,1668,530
6546008,211,5:17:39,1544,316
6546008,210,5:17:50,1176,460
6546008,207,5:17:51,1,-200,-1027
6546008,211,5:17:53,2049,422
6546008,210,5:17:53,2009,427
6546008,211,5:17:56,1161,610
6546008,210,5:17:57,1101,374
6546008,211,5:17:59,205,367
6546008,207,5:17:59,1,-1027,-187
6546008,210,5:18:4,491,599
6546008,211,5:18:4,492,600
6546008,210,5:18:27,633,505
6546008,211,5:18:48,755,287
6546008,213,5:18:48,1,c_cousin_M_a_G7b1N,true
6546008,210,5:18:56,553,555
6546008,211,5:19:11,352,622
6546008,210,5:19:12,366,587
6546008,207,5:19:22,1,-187,0
6546008,211,5:19:32,328,648
6546008,204,5:19:35,1
6546008,100,5:19:52,1
6546008,102,5:19:56,1
6546008,200,5:19:56,1,3,3,6,0,6
6546008,210,5:19:58,999,344
6546008,211,5:19:59,959,493
6546008,210,5:19:59,1031,355
6546008,211,5:20:22,737,369
6546008,210,5:20:22,648,404
6546008,207,5:20:25,1,-500,-290
6546008,211,5:20:27,543,533
6546008,213,5:20:27,1,s_backpack_M_G7b0,true
6546008,205,5:20:27,1,s_backpack_M_G7b0,false,true
6546008,210,5:21:14,485,476
6546008,207,5:21:15,1,-290,-215
6546008,207,5:21:16,1,-215,0
6546008,211,5:21:20,1095,121
6546008,207,5:21:20,1,0,-90
6546008,210,5:21:21,1187,131
6546008,207,5:21:23,1,-90,-1031
6546008,211,5:21:24,2043,133
6546008,210,5:22:7,1583,256
6546008,211,5:22:11,1563,398
6546008,210,5:22:11,1484,437
6546008,211,5:22:16,1665,472
6546008,210,5:22:47,1549,461
6546008,207,5:22:48,1,-1031,-866
6546008,207,5:22:49,1,-866,-761
6546008,207,5:23:39,1,-761,-641
6546008,207,5:23:41,1,-641,0
6546008,211,5:23:45,348,372
6546008,210,5:23:47,205,381
6546008,207,5:24:10,1,0,-1031
6546008,211,5:24:16,1564,505
6546008,219,5:24:34,1
6546008,216,5:24:58,Stack_G7b0
6546008,217,5:25:28,Stack_G7b0,21,0.00
6546008,218,5:25:31,1
6546008,210,5:25:40,650,393
6546008,207,5:25:41,1,-500,0
6546008,211,5:26:26,429,216
6546008,213,5:26:26,1,c_cousinsBrother_a_G7b0,true
6546008,212,5:26:29,1
6546008,210,5:26:30,553,165
6546008,207,5:26:38,1,0,-240
6546008,207,5:26:59,1,-240,-675
6546008,211,5:27:2,1486,305
6546008,210,5:27:7,1265,243
6546008,211,5:27:12,1387,302
6546008,212,5:27:13,0
6546008,210,5:27:17,726,88
6546008,211,5:27:26,848,384
6546008,212,5:27:28,1
6546008,210,5:27:29,868,136
6546008,211,5:27:32,849,342
6546008,212,5:27:32,2
6546008,210,5:27:33,850,243
6546008,207,5:27:40,1,-200,-1027
6546008,207,5:27:50,1,-1027,-802
6546008,207,5:27:51,1,-802,-487
6546008,211,5:28:7,592,568
6546008,210,5:28:12,623,551
6546008,211,5:28:20,622,512
6546008,213,5:28:20,1,c_teacherEng_G7b1N,true
6546008,210,5:28:24,762,491
6546008,211,5:28:25,888,615
6546008,204,5:28:46,1
6546008,100,5:28:49,0
6546008,102,5:28:53,0
6546008,200,5:28:53,0,3,3,6,0,6
6546008,210,5:28:58,1197,255
6546008,207,5:28:59,0,-200,-518.45
6546008,211,5:29:0,1327,610
6546008,210,5:29:3,1000,499
6546008,211,5:29:5,1274,488
6546008,212,5:29:6,0
6546008,210,5:29:7,1022,384
6546008,211,5:29:8,980,449
6546008,213,5:29:8,0,c_bestFriend_M_a_G7a1P,true
6546008,205,5:29:8,0,c_bestFriend_M_a_G7a1P,false,true
6546008,212,5:29:11,1
6546008,210,5:29:12,991,499
6546008,211,5:29:13,977,470
6546008,210,5:29:13,1176,393
6546008,211,5:29:14,1166,295
6546008,207,5:29:14,0,-400,-421
6546008,210,5:29:14,887,506
6546008,211,5:29:14,866,370
6546008,210,5:29:15,764,479
6546008,211,5:29:15,751,491
6546008,213,5:29:15,0,c_teacherEng_G7a1P,true
6546008,205,5:29:15,0,c_teacherEng_G7a1P,false,true
6546008,210,5:29:20,933,445
6546008,207,5:29:24,0,-421,0
6546008,211,5:29:26,366,625
6546008,210,5:29:26,861,461
6546008,211,5:29:27,1002,270
6546008,207,5:29:27,0,0,-30
6546008,210,5:29:28,1090,296
6546008,211,5:29:28,1431,453
6546008,207,5:29:28,0,-30,-450
6546008,212,5:29:29,0
6546008,210,5:29:30,1214,361
6546008,211,5:29:32,966,481
6546008,213,5:29:32,0,c_bestFriend_M_a_G7a1P,true
6546008,205,5:29:32,0,c_bestFriend_M_a_G7a1P,false,true
6546008,210,5:29:35,869,495
6546008,211,5:29:36,756,510
6546008,210,5:29:37,802,497
6546008,211,5:29:37,791,432
6546008,210,5:29:37,997,526
6546008,211,5:29:38,1216,149
6546008,213,5:29:38,0,s_clock_G7a1P,true
6546008,210,5:29:47,1259,416
6546008,211,5:29:48,1295,427
6546008,210,5:30:0,1479,155
6546008,207,5:30:0,0,-450,-518
6546008,211,5:30:17,1314,487
6546008,210,5:30:24,489,541
6546008,207,5:30:42,0,-200,0
6546008,207,5:31:45,0,0,-105
6546008,211,5:31:58,1030,340
6546008,210,5:32:7,280,540
6546008,211,5:32:19,341,663
6546008,210,5:32:21,388,539
6546008,211,5:32:27,405,541
6546008,210,5:32:28,360,557
6546008,211,5:32:33,334,554
6546008,210,5:32:33,332,549
6546008,211,5:32:38,336,551
6546008,210,5:32:40,616,566
6546008,211,5:32:42,749,450
6546008,210,5:32:48,1129,169
6546008,207,5:32:49,0,-105,-518.45
6546008,211,5:32:50,1305,263
6546008,210,5:32:51,1280,142
6546008,211,5:32:55,1380,153
6546008,204,5:32:59,0
6546008,100,5:33:48,1
6546008,102,5:33:50,1
6546008,200,5:33:50,1,3,3,6,0,6
6546008,210,5:33:59,667,494
6546008,207,5:33:59,1,-500,-245
6546008,207,5:34:2,1,-245,0
6546008,211,5:34:22,62,442
6546008,210,5:34:23,82,543
6546008,211,5:34:23,155,398
6546008,210,5:34:24,61,603
6546008,211,5:34:25,161,389
6546008,210,5:34:26,145,405
6546008,211,5:34:26,231,322
6546008,210,5:34:27,157,353
6546008,211,5:34:27,225,283
6546008,210,5:34:28,65,540
6546008,211,5:34:28,131,393
6546008,210,5:34:29,95,536
6546008,211,5:34:30,270,228
6546008,210,5:34:30,178,349
6546008,211,5:34:30,232,286
6546008,210,5:34:33,386,585
6546008,211,5:34:33,454,366
6546008,213,5:34:33,1,c_cousinsBrother_a_G7b0,true
6546008,210,5:34:35,518,431
6546008,211,5:34:36,575,322
6546008,210,5:34:38,511,420
6546008,211,5:34:38,546,279
6546008,210,5:34:39,530,308
6546008,211,5:34:39,625,147
6546008,210,5:34:39,641,143
6546008,211,5:34:39,669,115
6546008,210,5:34:40,650,134
6546008,211,5:34:40,650,134
6546008,210,5:36:15,143,257
6546008,211,5:36:15,143,242
6546008,210,5:36:15,299,192
6546008,211,5:36:20,232,408
6546008,210,5:37:8,796,233
6546008,211,5:37:11,1744,343
6546008,207,5:37:11,1,0,-765
6546008,210,5:37:13,1549,267
6546008,207,5:37:14,1,-765,-1031
6546008,211,5:37:14,2030,246
6546008,210,5:38:24,1865,250
6546008,211,5:38:28,1767,324
6546008,210,5:38:29,1698,379
6546008,211,5:38:31,1563,241
6546008,210,5:38:46,1682,282
6546008,211,5:38:52,1573,194
6546008,221,5:39:2,1
6546008,220,5:39:39,1
6546008,1003,5:39:39,3
6546008,1004,5:39:41,0
6546008,500,5:39:44,0,[]
6546008,501,5:39:46,0,[]
6546008,502,5:40:9,0,[IntentionData_logId:2,true]
6546008,503,5:40:10,0,[]
6546008,504,5:40:24,0,[InfluenceData_logId:4]
6546008,504,5:40:35,0,[InfluenceData_logId:4]
6546008,504,5:40:39,0,[InfluenceData_logId:6]
6546008,504,5:40:44,0,[InfluenceData_logId:3]
6546008,504,5:40:48,0,[InfluenceData_logId:5]
6546008,504,5:40:52,0,[InfluenceData_logId:4]
6546008,504,5:40:55,0,[InfluenceData_logId:7]
6546008,504,5:41:1,0,[InfluenceData_logId:4]
6546008,504,5:41:1,0,[InfluenceData_logId:4]
6546008,504,5:41:2,0,[InfluenceData_logId:2]
6546008,504,5:41:7,0,[InfluenceData_logId:1]
6546008,504,5:41:10,0,[InfluenceData_logId:3]
6546008,504,5:41:14,0,[InfluenceData_logId:6]
6546008,505,5:41:18,0,[InfluenceData_logId:1,true,InfluenceData_logId:3,true,InfluenceData_logId:6,true]
6546008,506,5:41:21,0,[]
6546008,507,5:41:54,0,[OpponentAttackData_logId:3,OpponentAttackTypeData_logId:3,false,30]
6546008,508,5:41:59,0,[]
6546008,509,5:42:12,0,[RefusalData_logId:8,2]
6546008,510,5:42:29,0,[AvailableRefusalData_logId:8,0A]
6546008,510,5:42:31,0,[AvailableRefusalData_logId:8,1A]
6546008,510,5:42:33,0,[AvailableRefusalData_logId:8,2A]
6546008,511,5:42:34,0,[AvailableRefusalData_logId:8,0A,1A,2A,true,50]
6546008,512,5:42:40,0,[]
6546008,513,5:42:40,0,[0]
6546008,514,5:42:45,0,[]
6546008,507,5:43:0,0,[OpponentAttackData_logId:2,OpponentAttackTypeData_logId:3,false,30]
6546008,508,5:43:4,0,[]
6546008,509,5:43:10,0,[RefusalData_logId:4,1]
6546008,510,5:43:20,0,[AvailableRefusalData_logId:4,0C]
6546008,510,5:43:35,0,[AvailableRefusalData_logId:4,0A]
6546008,510,5:43:36,0,[AvailableRefusalData_logId:4,1A]
6546008,510,5:43:37,0,[AvailableRefusalData_logId:4,2A]
6546008,511,5:43:38,0,[AvailableRefusalData_logId:4,0A,1A,2A,true,30]
6546008,512,5:43:43,0,[]
6546008,513,5:43:43,0,[0]
6546008,514,5:43:45,0,[]
6546008,507,5:43:54,0,[OpponentAttackData_logId:1,OpponentAttackTypeData_logId:3,true,0]
6546008,508,5:43:58,0,[]
6546008,509,5:44:4,0,[RefusalData_logId:2,2]
6546008,510,5:44:15,0,[AvailableRefusalData_logId:2,0A]
6546008,510,5:44:16,0,[AvailableRefusalData_logId:2,1A]
6546008,510,5:44:17,0,[AvailableRefusalData_logId:2,2A]
6546008,511,5:44:20,0,[AvailableRefusalData_logId:2,0A,1A,2A,true,50]
6546008,512,5:44:25,0,[]
6546008,515,5:44:25,0,[90,0]
6546008,516,5:44:28,0,[]
6546008,517,5:44:30,0,[]
6546008,1005,5:44:30,0,[3,0,2]
6546008,1000,5:44:33,0,[]
6546008,500,5:44:35,0,[]
6546008,501,5:44:36,0,[]
6546008,502,5:44:40,0,[IntentionData_logId:4,false]
6546008,1002,5:44:46,0
6546008,1003,5:44:46,3
6546008,1004,5:44:47,0
6546008,500,5:44:49,0,[]
6546008,501,5:44:51,0,[]
6546008,502,5:44:57,0,[IntentionData_logId:2,true]
6546008,503,5:44:58,0,[]
6546008,504,5:45:5,0,[InfluenceData_logId:4]
6546008,504,5:45:8,0,[InfluenceData_logId:2]
6546008,504,5:45:11,0,[InfluenceData_logId:6]
6546008,505,5:45:12,0,[InfluenceData_logId:2,true,InfluenceData_logId:4,true,InfluenceData_logId:6,true]
6546008,506,5:45:14,0,[]
6546008,507,5:45:22,0,[OpponentAttackData_logId:1,OpponentAttackTypeData_logId:2,false,30]
6546008,508,5:45:24,0,[]
6546008,509,5:45:34,0,[RefusalData_logId:4,1]
6546008,510,5:45:41,0,[AvailableRefusalData_logId:4,0A]
6546008,510,5:45:43,0,[AvailableRefusalData_logId:4,1A]
6546008,510,5:45:44,0,[AvailableRefusalData_logId:4,2A]
6546008,511,5:45:44,0,[AvailableRefusalData_logId:4,0A,1A,2A,true,30]
6546008,512,5:45:47,0,[]
6546008,513,5:45:47,0,[0]
6546008,514,5:45:49,0,[]
6546008,507,5:45:58,0,[OpponentAttackData_logId:0,OpponentAttackTypeData_logId:4,false,30]
6546008,508,5:46:0,0,[]
6546008,509,5:46:5,0,[RefusalData_logId:2,2]
6546008,510,5:46:7,0,[AvailableRefusalData_logId:2,0A]
6546008,510,5:46:8,0,[AvailableRefusalData_logId:2,1A]
6546008,510,5:46:9,0,[AvailableRefusalData_logId:2,2A]
6546008,511,5:46:10,0,[AvailableRefusalData_logId:2,0A,1A,2A,true,50]
6546008,512,5:46:14,0,[]
6546008,513,5:46:14,0,[0]
6546008,514,5:46:15,0,[]
6546008,507,5:46:21,0,[OpponentAttackData_logId:2,OpponentAttackTypeData_logId:4,true,0]
6546008,508,5:46:24,0,[]
6546008,509,5:46:28,0,[RefusalData_logId:7,0]
6546008,510,5:46:43,0,[AvailableRefusalData_logId:7,0A]
6546008,510,5:46:58,0,[AvailableRefusalData_logId:7,1B]
6546008,510,5:46:59,0,[AvailableRefusalData_logId:7,2C]
6546008,511,5:47:0,0,[AvailableRefusalData_logId:7,0A,1B,2C,false,0]
6546008,512,5:47:3,0,[]
6546008,513,5:47:3,0,[30]
6546008,514,5:47:6,0,[]
6546008,507,5:47:17,0,[OpponentAttackData_logId:3,OpponentAttackTypeData_logId:0,false,30]
6546008,508,5:47:19,0,[]
6546008,509,5:47:23,0,[RefusalData_logId:6,2]
6546008,510,5:47:47,0,[AvailableRefusalData_logId:6,0C]
6546008,510,5:47:57,0,[AvailableRefusalData_logId:6,1C]
6546008,510,5:47:57,0,[AvailableRefusalData_logId:6,2B]
6546008,511,5:47:58,0,[AvailableRefusalData_logId:6,0C,1C,2B,false,0]
6546008,512,5:48:3,0,[]
6546008,513,5:48:3,0,[30]
6546008,515,5:48:5,0,[0,20]
6546008,516,5:48:6,0,[]
6546008,517,5:48:8,0,[]
6546008,1000,5:48:9,0,[]
6546008,500,5:48:13,0,[]
6546008,501,5:48:16,0,[]
6546008,502,5:48:21,0,[IntentionData_logId:2,true]
6546008,503,5:48:22,0,[]
6546008,504,5:48:26,0,[InfluenceData_logId:2]
6546008,504,5:48:27,0,[InfluenceData_logId:4]
6546008,504,5:48:28,0,[InfluenceData_logId:6]
6546008,505,5:48:30,0,[InfluenceData_logId:2,true,InfluenceData_logId:4,true,InfluenceData_logId:6,true]
6546008,506,5:48:31,0,[]
6546008,507,5:48:38,0,[OpponentAttackData_logId:2,OpponentAttackTypeData_logId:4,true,0]
6546008,508,5:48:41,0,[]
6546008,509,5:48:47,0,[RefusalData_logId:4,1]
6546008,510,5:48:51,0,[AvailableRefusalData_logId:4,0A]
6546008,510,5:48:52,0,[AvailableRefusalData_logId:4,1A]
6546008,510,5:48:54,0,[AvailableRefusalData_logId:4,2A]
6546008,511,5:48:55,0,[AvailableRefusalData_logId:4,0A,1A,2A,true,30]
6546008,512,5:48:59,0,[]
6546008,513,5:48:59,0,[0]
6546008,514,5:49:1,0,[]
6546008,507,5:49:7,0,[OpponentAttackData_logId:0,OpponentAttackTypeData_logId:2,false,30]
6546008,508,5:49:8,0,[]
6546008,509,5:49:17,0,[RefusalData_logId:6,2]
6546008,510,5:49:19,0,[AvailableRefusalData_logId:6,0C]
6546008,510,5:49:22,0,[AvailableRefusalData_logId:6,1C]
6546008,510,5:49:22,0,[AvailableRefusalData_logId:6,2B]
6546008,511,5:49:23,0,[AvailableRefusalData_logId:6,0C,1C,2B,false,0]
6546008,512,5:49:28,0,[]
6546008,513,5:49:28,0,[30]
6546008,514,5:49:32,0,[]
6546008,507,5:49:42,0,[OpponentAttackData_logId:1,OpponentAttackTypeData_logId:2,false,30]
6546008,1002,5:50:7,0
6546008,1003,5:50:7,3
6546008,1004,5:50:8,0
6546008,500,5:50:10,0,[]
6546008,501,5:50:12,0,[]
6546008,502,5:50:15,0,[IntentionData_logId:2,true]
6546008,503,5:50:17,0,[]
6546008,504,5:50:20,0,[InfluenceData_logId:2]
6546008,504,5:50:20,0,[InfluenceData_logId:4]
6546008,504,5:50:21,0,[InfluenceData_logId:6]
6546008,505,5:50:22,0,[InfluenceData_logId:2,true,InfluenceData_logId:4,true,InfluenceData_logId:6,true]
6546008,506,5:50:23,0,[]
6546008,507,5:50:28,0,[OpponentAttackData_logId:2,OpponentAttackTypeData_logId:4,true,0]
6546008,508,5:50:32,0,[]
6546008,509,5:50:36,0,[RefusalData_logId:2,2]
6546008,510,5:50:38,0,[AvailableRefusalData_logId:2,0C]
6546008,510,5:50:39,0,[AvailableRefusalData_logId:2,0A]
6546008,510,5:50:39,0,[AvailableRefusalData_logId:2,1A]
6546008,510,5:50:40,0,[AvailableRefusalData_logId:2,2A]
6546008,511,5:50:41,0,[AvailableRefusalData_logId:2,0A,1A,2A,true,50]
6546008,512,5:50:44,0,[]
6546008,513,5:50:44,0,[0]
6546008,514,5:50:45,0,[]
6546008,507,5:50:50,0,[OpponentAttackData_logId:1,OpponentAttackTypeData_logId:1,false,30]
6546008,508,5:50:54,0,[]
6546008,509,5:50:59,0,[RefusalData_logId:7,0]
6546008,510,5:51:2,0,[AvailableRefusalData_logId:7,0B]
6546008,510,5:51:31,0,[AvailableRefusalData_logId:7,0A]
6546008,510,5:51:39,0,[AvailableRefusalData_logId:7,0B]
6546008,510,5:51:41,0,[AvailableRefusalData_logId:7,1B]
6546008,510,5:51:42,0,[AvailableRefusalData_logId:7,2C]
6546008,511,5:51:46,0,[AvailableRefusalData_logId:7,0B,1B,2C,false,0]
6546008,512,5:51:49,0,[]
6546008,513,5:51:49,0,[30]
6546008,514,5:51:53,0,[]
6546008,507,5:52:9,0,[OpponentAttackData_logId:0,OpponentAttackTypeData_logId:1,true,0]
6546008,508,5:52:12,0,[]
6546008,509,5:52:27,0,[RefusalData_logId:8,2]
6546008,510,5:52:43,0,[AvailableRefusalData_logId:8,0B]
6546008,510,5:52:47,0,[AvailableRefusalData_logId:8,0A]
6546008,510,5:52:51,0,[AvailableRefusalData_logId:8,1A]
6546008,510,5:52:52,0,[AvailableRefusalData_logId:8,2A]
6546008,511,5:52:53,0,[AvailableRefusalData_logId:8,0A,1A,2A,true,50]
6546008,512,5:52:56,0,[]
6546008,515,5:52:56,0,[90,0]
6546008,516,5:52:58,0,[]
6546008,517,5:53:0,0,[]
6546008,1000,5:53:1,0,[]
6546008,500,5:53:3,0,[]
6546008,501,5:53:5,0,[]
6546008,502,5:53:8,0,[IntentionData_logId:2,true]
6546008,503,5:53:9,0,[]
6546008,504,5:53:13,0,[InfluenceData_logId:4]
6546008,504,5:53:14,0,[InfluenceData_logId:2]
6546008,504,5:53:14,0,[InfluenceData_logId:6]
6546008,505,5:53:15,0,[InfluenceData_logId:2,true,InfluenceData_logId:4,true,InfluenceData_logId:6,true]
6546008,506,5:53:16,0,[]
6546008,507,5:53:30,0,[OpponentAttackData_logId:2,OpponentAttackTypeData_logId:4,true,0]
6546008,508,5:53:32,0,[]
6546008,509,5:53:48,0,[RefusalData_logId:2,2]
6546008,510,5:54:2,0,[AvailableRefusalData_logId:2,0B]
6546008,510,5:54:2,0,[AvailableRefusalData_logId:2,1B]
6546008,510,5:54:3,0,[AvailableRefusalData_logId:2,2B]
6546008,511,5:54:4,0,[AvailableRefusalData_logId:2,0B,1B,2B,false,0]
6546008,512,5:54:6,0,[]
6546008,513,5:54:6,0,[30]
6546008,514,5:54:9,0,[]
6546008,507,5:54:18,0,[OpponentAttackData_logId:0,OpponentAttackTypeData_logId:1,true,0]
6546008,508,5:54:21,0,[]
6546008,509,5:54:32,0,[RefusalData_logId:4,1]
6546008,510,5:54:35,0,[AvailableRefusalData_logId:4,0C]
6546008,510,5:54:40,0,[AvailableRefusalData_logId:4,0A]
6546008,510,5:54:45,0,[AvailableRefusalData_logId:4,1A]
6546008,510,5:54:49,0,[AvailableRefusalData_logId:4,2C]
6546008,511,5:54:49,0,[AvailableRefusalData_logId:4,0A,1A,2C,false,0]
6546008,512,5:54:52,0,[]
6546008,513,5:54:52,0,[30]
6546008,514,5:54:55,0,[]
6546008,507,5:55:2,0,[OpponentAttackData_logId:1,OpponentAttackTypeData_logId:1,false,30]
6546008,1002,5:55:7,0
6546008,1003,5:55:7,3
6546008,1004,5:55:10,0
6546008,500,5:55:16,0,[]
6546008,501,5:55:20,0,[]
6546008,502,5:55:36,0,[IntentionData_logId:2,true]
6546008,503,5:55:39,0,[]
6546008,504,5:55:44,0,[InfluenceData_logId:3]
6546008,504,5:55:46,0,[InfluenceData_logId:6]
6546008,504,5:55:49,0,[InfluenceData_logId:2]
6546008,505,5:55:49,0,[InfluenceData_logId:2,true,InfluenceData_logId:3,true,InfluenceData_logId:6,true]
6546008,506,5:55:53,0,[]
6546008,507,5:56:2,0,[OpponentAttackData_logId:3,OpponentAttackTypeData_logId:4,false,30]
6546008,508,5:56:4,0,[]
6546008,509,5:56:12,0,[RefusalData_logId:4,1]
6546008,510,5:56:17,0,[AvailableRefusalData_logId:4,0A]
6546008,510,5:56:19,0,[AvailableRefusalData_logId:4,1A]
6546008,510,5:56:20,0,[AvailableRefusalData_logId:4,2A]
6546008,511,5:56:22,0,[AvailableRefusalData_logId:4,0A,1A,2A,true,30]
6546008,512,5:56:26,0,[]
6546008,513,5:56:26,0,[0]
6546008,514,5:56:27,0,[]
6546008,507,5:57:0,0,[OpponentAttackData_logId:1,OpponentAttackTypeData_logId:4,false,30]
6546008,508,5:57:7,0,[]
6546008,509,5:57:10,0,[RefusalData_logId:7,0]
6546008,510,5:57:13,0,[AvailableRefusalData_logId:7,0C]
6546008,510,5:57:13,0,[AvailableRefusalData_logId:7,1A]
6546008,510,5:57:15,0,[AvailableRefusalData_logId:7,2A]
6546008,511,5:57:17,0,[AvailableRefusalData_logId:7,0C,1A,2A,false,0]
6546008,512,5:57:24,0,[]
6546008,513,5:57:24,0,[30]
6546008,514,5:57:27,0,[]
6546008,507,5:57:32,0,[OpponentAttackData_logId:2,OpponentAttackTypeData_logId:1,false,30]
6546008,508,5:57:34,0,[]
6546008,509,5:57:36,0,[RefusalData_logId:6,2]
6546008,510,5:57:40,0,[AvailableRefusalData_logId:6,0C]
6546008,510,5:57:42,0,[AvailableRefusalData_logId:6,1C]
6546008,510,5:57:44,0,[AvailableRefusalData_logId:6,2A]
6546008,511,5:57:46,0,[AvailableRefusalData_logId:6,0C,1C,2A,false,0]
6546008,512,5:57:49,0,[]
6546008,513,5:57:49,0,[30]
6546008,515,5:57:51,0,[0,70]
6546008,516,5:58:0,0,[]
6546008,517,5:58:5,0,[]
6546008,1000,5:58:7,0,[]
6546008,500,5:58:8,0,[]
6546008,501,5:58:11,0,[]
6546008,502,5:58:16,0,[IntentionData_logId:2,true]
6546008,503,5:58:18,0,[]
6546008,504,5:58:32,0,[InfluenceData_logId:7]
6546008,504,5:58:35,0,[InfluenceData_logId:5]
6546008,504,5:58:40,0,[InfluenceData_logId:3]
6546008,504,5:58:46,0,[InfluenceData_logId:1]
6546008,505,5:58:49,0,[InfluenceData_logId:1,true,InfluenceData_logId:3,true,InfluenceData_logId:7,true]
6546008,506,5:58:52,0,[]
6546008,507,5:59:6,0,[OpponentAttackData_logId:2,OpponentAttackTypeData_logId:2,false,30]
6546008,508,5:59:9,0,[]
6546008,509,5:59:30,0,[RefusalData_logId:7,0]
6546008,510,5:59:31,0,[AvailableRefusalData_logId:7,0A]
6546008,510,5:59:33,0,[AvailableRefusalData_logId:7,1C]
6546008,510,5:59:34,0,[AvailableRefusalData_logId:7,2C]
6546008,511,5:59:35,0,[AvailableRefusalData_logId:7,0A,1C,2C,false,0]
6546008,512,5:59:39,0,[]
6546008,513,5:59:39,0,[30]
6546008,514,5:59:42,0,[]
6546008,507,5:59:47,0,[OpponentAttackData_logId:1,OpponentAttackTypeData_logId:1,false,30]
6546008,508,5:59:50,0,[]
6546008,509,5:59:52,0,[RefusalData_logId:4,1]
6546008,510,5:59:55,0,[AvailableRefusalData_logId:4,0A]
6546008,510,5:59:56,0,[AvailableRefusalData_logId:4,1A]
6546008,510,5:59:58,0,[AvailableRefusalData_logId:4,2B]
6546008,511,5:59:59,0,[AvailableRefusalData_logId:4,0A,1A,2B,false,0]
6546008,512,6:0:2,0,[]
6546008,513,6:0:2,0,[30]
6546008,514,6:0:5,0,[]
6546008,507,6:0:9,0,[OpponentAttackData_logId:0,OpponentAttackTypeData_logId:1,true,0]
6546008,508,6:0:12,0,[]
6546008,509,6:0:16,0,[RefusalData_logId:8,2]
6546008,510,6:0:20,0,[AvailableRefusalData_logId:8,0A]
6546008,510,6:0:21,0,[AvailableRefusalData_logId:8,1A]
6546008,510,6:0:26,0,[AvailableRefusalData_logId:8,0B]
6546008,510,6:0:30,0,[AvailableRefusalData_logId:8,0A]
6546008,510,6:0:49,0,[AvailableRefusalData_logId:8,2A]
6546008,511,6:0:50,0,[AvailableRefusalData_logId:8,0A,1A,2A,true,50]
6546008,512,6:0:53,0,[]
6546008,513,6:0:53,0,[0]
6546008,514,6:0:54,0,[]
6546008,507,6:1:3,0,[OpponentAttackData_logId:3,OpponentAttackTypeData_logId:0,false,30]
6546008,508,6:1:6,0,[]
6546008,515,6:1:6,0,[0,50]
6546008,516,6:1:6,0,[]
6546008,517,6:1:8,0,[]
6546008,1000,6:1:9,0,[]
6546008,500,6:1:39,0,[]
6546008,501,6:1:40,0,[]
6546008,502,6:4:4,0,[IntentionData_logId:2,true]
6546008,503,6:4:5,0,[]
6546008,504,6:4:11,0,[InfluenceData_logId:8]
6546008,504,6:4:15,0,[InfluenceData_logId:5]
6546008,504,6:4:21,0,[InfluenceData_logId:3]
6546008,504,6:4:26,0,[InfluenceData_logId:0]
6546008,504,6:4:30,0,[InfluenceData_logId:2]
6546008,504,6:4:34,0,[InfluenceData_logId:4]
6546008,504,6:4:38,0,[InfluenceData_logId:8]
6546008,504,6:4:45,0,[InfluenceData_logId:6]
6546008,505,6:4:48,0,[InfluenceData_logId:2,true,InfluenceData_logId:4,true,InfluenceData_logId:6,true]
6546008,506,6:4:49,0,[]
6546008,507,6:4:57,0,[OpponentAttackData_logId:1,OpponentAttackTypeData_logId:4,false,30]
6546008,1002,6:5:7,0
6546008,1003,6:5:7,3
6546008,1004,6:5:8,0
6546008,500,6:5:12,0,[]
6546008,501,6:5:14,0,[]
6546008,502,6:5:19,0,[IntentionData_logId:2,true]
6546008,503,6:5:20,0,[]
6546008,504,6:5:24,0,[InfluenceData_logId:4]
6546008,504,6:5:25,0,[InfluenceData_logId:2]
6546008,504,6:5:25,0,[InfluenceData_logId:6]
6546008,505,6:5:26,0,[InfluenceData_logId:2,true,InfluenceData_logId:4,true,InfluenceData_logId:6,true]
6546008,506,6:5:31,0,[]
6546008,507,6:5:36,0,[OpponentAttackData_logId:3,OpponentAttackTypeData_logId:3,false,30]
6546008,508,6:5:39,0,[]
6546008,509,6:6:14,0,[RefusalData_logId:4,1]
6546008,510,6:6:15,0,[AvailableRefusalData_logId:4,2B]
6546008,510,6:6:26,0,[AvailableRefusalData_logId:4,1B]
6546008,510,6:6:32,0,[AvailableRefusalData_logId:4,0B]
6546008,511,6:6:33,0,[AvailableRefusalData_logId:4,0B,1B,2B,false,0]
6546008,512,6:6:37,0,[]
6546008,513,6:6:37,0,[30]
6546008,514,6:6:40,0,[]
6546008,507,6:6:46,0,[OpponentAttackData_logId:1,OpponentAttackTypeData_logId:0,false,30]
6546008,508,6:6:49,0,[]
6546008,509,6:6:51,0,[RefusalData_logId:8,2]
6546008,510,6:6:53,0,[AvailableRefusalData_logId:8,2C]
6546008,510,6:6:58,0,[AvailableRefusalData_logId:8,0B]
6546008,510,6:6:59,0,[AvailableRefusalData_logId:8,1C]
6546008,510,6:7:3,0,[AvailableRefusalData_logId:8,2B]
6546008,511,6:7:4,0,[AvailableRefusalData_logId:8,0B,1C,2B,false,0]
6546008,512,6:7:6,0,[]
6546008,513,6:7:6,0,[30]
6546008,514,6:7:10,0,[]
6546008,507,6:8:14,0,[OpponentAttackData_logId:2,OpponentAttackTypeData_logId:3,false,30]
6546008,508,6:8:16,0,[]
6546008,515,6:8:16,0,[0,100]
6546008,516,6:8:18,0,[]
6546008,517,6:8:20,0,[]
6546008,1000,6:8:22,0,[]
6546008,500,6:8:23,0,[]
6546008,501,6:8:24,0,[]
6546008,502,6:8:37,0,[IntentionData_logId:2,true]
6546008,503,6:8:38,0,[]
6546008,504,6:8:46,0,[InfluenceData_logId:6]
6546008,504,6:8:47,0,[InfluenceData_logId:4]
6546008,504,6:8:47,0,[InfluenceData_logId:2]
6546008,505,6:8:49,0,[InfluenceData_logId:2,true,InfluenceData_logId:4,true,InfluenceData_logId:6,true]
6546008,506,6:8:50,0,[]
6546008,507,6:8:58,0,[OpponentAttackData_logId:3,OpponentAttackTypeData_logId:3,false,30]
6546008,508,6:9:0,0,[]
6546008,509,6:9:8,0,[RefusalData_logId:7,0]
6546008,510,6:9:8,0,[AvailableRefusalData_logId:7,2B]
6546008,510,6:9:16,0,[AvailableRefusalData_logId:7,0C]
6546008,510,6:9:21,0,[AvailableRefusalData_logId:7,1A]
6546008,510,6:9:26,0,[AvailableRefusalData_logId:7,0A]
6546008,510,6:9:26,0,[AvailableRefusalData_logId:7,0B]
6546008,1002,6:9:44,0
6546008,1003,6:9:44,3
6546008,1004,6:9:45,0
6546008,500,6:9:48,0,[]
6546008,501,6:9:52,0,[]
6546008,502,6:10:1,0,[IntentionData_logId:2,true]
6546008,503,6:10:2,0,[]
6546008,504,6:10:13,0,[InfluenceData_logId:2]
6546008,504,6:10:17,0,[InfluenceData_logId:4]
6546008,504,6:10:18,0,[InfluenceData_logId:6]
6546008,505,6:10:20,0,[InfluenceData_logId:2,true,InfluenceData_logId:4,true,InfluenceData_logId:6,true]
6546008,506,6:10:25,0,[]
6546008,507,6:10:32,0,[OpponentAttackData_logId:1,OpponentAttackTypeData_logId:2,false,30]
6546008,508,6:10:40,0,[]
6546008,1002,6:10:42,0
6546008,1003,6:10:42,3
6546008,1004,6:10:44,0
6546008,500,6:10:46,0,[]
6546008,501,6:10:49,0,[]
6546008,502,6:10:52,0,[IntentionData_logId:2,true]
6546008,503,6:10:53,0,[]
6546008,504,6:10:55,0,[InfluenceData_logId:4]
6546008,504,6:10:57,0,[InfluenceData_logId:2]
6546008,504,6:10:58,0,[InfluenceData_logId:6]
6546008,505,6:10:59,0,[InfluenceData_logId:2,true,InfluenceData_logId:4,true,InfluenceData_logId:6,true]
6546008,506,6:11:0,0,[]
6546008,507,6:11:6,0,[OpponentAttackData_logId:0,OpponentAttackTypeData_logId:3,false,30]
6546008,508,6:11:19,0,[]
6546008,509,6:11:40,0,[RefusalData_logId:7,0]
6546008,510,6:12:2,0,[AvailableRefusalData_logId:7,1A]
6546008,510,6:12:4,0,[AvailableRefusalData_logId:7,0A]
6546008,510,6:12:22,0,[AvailableRefusalData_logId:7,0C]
6546008,510,6:12:27,0,[AvailableRefusalData_logId:7,1C]
6546008,510,6:12:28,0,[AvailableRefusalData_logId:7,2C]
6546008,510,6:12:33,0,[AvailableRefusalData_logId:7,2A]
6546008,510,6:12:40,0,[AvailableRefusalData_logId:7,0B]
6546008,511,6:12:41,0,[AvailableRefusalData_logId:7,0B,1C,2A,false,0]
6546008,512,6:12:43,0,[]
6546008,513,6:12:43,0,[30]
6546008,514,6:12:46,0,[]
6546008,507,6:13:50,0,[OpponentAttackData_logId:1,OpponentAttackTypeData_logId:1,false,30]
6546008,508,6:13:52,0,[]
6546008,509,6:14:0,0,[RefusalData_logId:2,2]
6546008,1002,6:14:6,0
6546008,1003,6:14:6,3
6546008,204,6:14:10,1
6546008,103,6:14:13
6546008,105,6:14:14
6546008,703,6:14:16,[|| EpilogueItem ID: 0 unlocked: true ||,|| EpilogueItem ID: 1 unlocked: false ||,|| EpilogueItem ID: 2 unlocked: false ||,|| EpilogueItem ID: 3 unlocked: false ||,|| EpilogueItem ID: 4 unlocked: false ||,|| EpilogueItem ID: 5 unlocked: false ||,|| EpilogueItem ID: 6 unlocked: false ||,|| EpilogueItem ID: 7 unlocked: false ||,|| EpilogueItem ID: 8 unlocked: false ||,|| EpilogueItem ID: 9 unlocked: false ||,|| EpilogueItem ID: 10 unlocked: false ||,|| EpilogueItem ID: 11 unlocked: false ||,|| EpilogueItem ID: 12 unlocked: false ||,|| EpilogueItem ID: 13 unlocked: false ||,|| EpilogueItem ID: 14 unlocked: false ||,|| EpilogueItem ID: 15 unlocked: false ||,|| EpilogueItem ID: 16 unlocked: false ||,|| EpilogueItem ID: 17 unlocked: false ||,|| EpilogueItem ID: 18 unlocked: false ||,|| EpilogueItem ID: 19 unlocked: false ||,|| EpilogueItem ID: 20 unlocked: false ||,|| EpilogueItem ID: 21 unlocked: false ||,|| EpilogueItem ID: 22 unlocked: false ||,|| EpilogueItem ID: 23 unlocked: false ||,|| EpilogueItem ID: 24 unlocked: false ||],0.04
6546008,706,6:14:19,(x=359, y=-100, w=1024, h=768),(x=2531, y=-100, w=1024, h=768)
6546008,706,6:14:20,(x=2531, y=-100, w=1024, h=768),(x=2531, y=-100, w=1024, h=768)
6546008,708,6:14:20
6546008,1,6:14:20,7/18/2013 3:30:00pm,{"gameTime":22460940,"challengeStacks":[{"challengeScenes":[{"miniGameCards":[],"viewedAnimatic":true,"keyPoints":["c_bestFriend_M_a_G7a0","c_teacherEng_G7a0","s_flag_gen"],"unlocked":true,"touchableObjects":["c_bestFriend_M_a_G7a0","s_vocabAssignment_G7a0","c_teacherEng_G7a0","s_doorClassroom_G7a0","s_otherStudent1_G7a0","c_crewKid1_M_G7a0","c_friend1_M_a_G7a0","s_clock_G7a0","s_flag_gen","s_poePoster_gen","s_angelouPoster_gen","s_atwoodPoster_gen","s_shakespearePoster_gen"]},{"miniGameCards":[],"viewedAnimatic":true,"keyPoints":["c_teacherEng_G7a1N","s_paperPlayers_G7a1N","c_bestFriend_M_a_G7a1N"],"unlocked":true,"touchableObjects":["c_teacherEng_G7a1N","s_flag_gen","s_paperPlayers_G7a1N","s_otherStudent2_G7a1N","s_otherStudent1_G7a1N","c_crewKid1_M_G7a1N","c_bestFriend_M_a_G7a1N"]},{"miniGameCards":[],"viewedAnimatic":true,"keyPoints":["s_flag_gen","s_paperEnglish_gen","c_teacherEng_G7a1P","c_bestFriend_M_a_G7a1P"],"unlocked":true,"touchableObjects":["s_paperPlayers_G7a1P","s_flag_gen","s_clock_G7a1P","s_paperEnglish_gen","s_poePoster_gen","s_shakespearePoster_gen","s_angelouPoster_gen","s_atwoodPoster_gen","s_papersDetention_gen","c_teacherEng_G7a1P","c_bestFriend_M_a_G7a1P"]}],"stackSize":3,"resolved":true},{"challengeScenes":[{"miniGameCards":[],"viewedAnimatic":true,"keyPoints":["s_backpack_M_G7b0","c_kidSister_lati_a_G7b0","c_crewKid1_M_G7b0"],"unlocked":true,"touchableObjects":["c_crewKid2_M_G7b0","s_backpack_M_G7b0","c_cousinsBrother_a_G7b0","s_lifeguard_G7b0","s_snackBarWorker_G7b0","c_kidSister_lati_a_G7b0","c_cousin_M_a_G7b0","c_cousinsBrothersFriend_a_G7b0","c_cousinsBrothersFriendsGF_G7b0","c_crewKid1_M_G7b0"]},{"miniGameCards":[],"viewedAnimatic":true,"keyPoints":["s_sprayPaintCan_G7b1N","s_graffiti_G7b1N","s_brokenCarWindow_G7b1N","c_kidSister_lati_a_G7b1N","c_crewKid1_M_G7b1N"],"unlocked":true,"touchableObjects":["c_cousin_M_a_G7b1N","s_sprayPaintCan_G7b1N","c_policeOfficer_G7b1N","s_graffiti_G7b1N","c_crewKid2_M_a_G7b1N","s_cat_G7b1N","s_brokenCarWindow_G7b1N","c_kidSister_lati_a_G7b1N","c_teacherEng_G7b1N","c_crewKid1_M_G7b1N","s_wreckedPlants_G7b1N"]},{"miniGameCards":[],"viewedAnimatic":false,"keyPoints":[],"unlocked":false,"touchableObjects":[]},{"miniGameCards":[],"viewedAnimatic":false,"keyPoints":[],"unlocked":false,"touchableObjects":[]},{"miniGameCards":[],"viewedAnimatic":false,"keyPoints":[],"unlocked":false,"touchableObjects":[]}],"stackSize":5,"resolved":false},{"challengeScenes":[{"miniGameCards":[],"viewedAnimatic":false,"keyPoints":[],"unlocked":false,"touchableObjects":[]},{"miniGameCards":[],"viewedAnimatic":false,"keyPoints":[],"unlocked":false,"touchableObjects":[]},{"miniGameCards":[],"viewedAnimatic":false,"keyPoints":[],"unlocked":false,"touchableObjects":[]},{"miniGameCards":[],"viewedAnimatic":false,"keyPoints":[],"unlocked":false,"touchableObjects":[]},{"miniGameCards":[],"viewedAnimatic":false,"keyPoints":[],"unlocked":false,"touchableObjects":[]},{"miniGameCards":[],"viewedAnimatic":false,"keyPoints":[],"unlocked":false,"touchableObjects":[]},{"miniGameCards":[],"viewedAnimatic":false,"keyPoints":[],"unlocked":false,"touchableObjects":[]}],"stackSize":7,"resolved":false},{"challengeScenes":[{"miniGameCards":[],"viewedAnimatic":false,"keyPoints":[],"unlocked":false,"touchableObjects":[]},{"miniGameCards":[],"viewedAnimatic":false,"keyPoints":[],"unlocked":false,"touchableObjects":[]},{"miniGameCards":[],"viewedAnimatic":false,"keyPoints":[],"unlocked":false,"touchableObjects":[]},{"miniGameCards":[],"viewedAnimatic":false,"keyPoints":[],"unlocked":false,"touchableObjects":[]},{"miniGameCards":[],"viewedAnimatic":false,"keyPoints":[],"unlocked":false,"touchableObjects":[]}],"stackSize":5,"resolved":false},{"challengeScenes":[{"miniGameCards":[],"viewedAnimatic":false,"keyPoints":[],"unlocked":false,"touchableObjects":[]},{"miniGameCards":[],"viewedAnimatic":false,"keyPoints":[],"unlocked":false,"touchableObjects":[]},{"miniGameCards":[],"viewedAnimatic":false,"keyPoints":[],"unlocked":false,"touchableObjects":[]},{"miniGameCards":[],"viewedAnimatic":false,"keyPoints":[],"unlocked":false,"touchableObjects":[]},{"miniGameCards":[],"viewedAnimatic":false,"keyPoints":[],"unlocked":false,"touchableObjects":[]}],"stackSize":5,"resolved":false},{"challengeScenes":[{"miniGameCards":[],"viewedAnimatic":false,"keyPoints":[],"unlocked":false,"touchableObjects":[]},{"miniGameCards":[],"viewedAnimatic":false,"keyPoints":[],"unlocked":false,"touchableObjects":[]},{"miniGameCards":[],"viewedAnimatic":false,"keyPoints":[],"unlocked":false,"touchableObjects":[]},{"miniGameCards":[],"viewedAnimatic":false,"keyPoints":[],"unlocked":false,"touchableObjects":[]},{"miniGameCards":[],"viewedAnimatic":false,"keyPoints":[],"unlocked":false,"touchableObjects":[]}],"stackSize":5,"resolved":false},{"challengeScenes":[{"miniGameCards":[],"viewedAnimatic":false,"keyPoints":[],"unlocked":false,"touchableObjects":[]},{"miniGameCards":[],"viewedAnimatic":false,"keyPoints":[],"unlocked":false,"touchableObjects":[]},{"miniGameCards":[],"viewedAnimatic":false,"keyPoints":[],"unlocked":false,"touchableObjects":[]},{"miniGameCards":[],"viewedAnimatic":false,"keyPoints":[],"unlocked":false,"touchableObjects":[]},{"miniGameCards":[],"viewedAnimatic":false,"keyPoints":[],"unlocked":false,"touchableObjects":[]}],"stackSize":5,"resolved":false},{"challengeScenes":[{"miniGameCards":[],"viewedAnimatic":false,"keyPoints":[],"unlocked":false,"touchableObjects":[]},{"miniGameCards":[],"viewedAnimatic":false,"keyPoints":[],"unlocked":false,"touchableObjects":[]},{"miniGameCards":[],"viewedAnimatic":false,"keyPoints":[],"unlocked":false,"touchableObjects":[]},{"miniGameCards":[],"viewedAnimatic":false,"keyPoints":[],"unlocked":false,"touchableObjects":[]},{"miniGameCards":[],"viewedAnimatic":false,"keyPoints":[],"unlocked":false,"touchableObjects":[]}],"stackSize":5,"resolved":false},{"challengeScenes":[{"miniGameCards":[],"viewedAnimatic":false,"keyPoints":[],"unlocked":false,"touchableObjects":[]},{"miniGameCards":[],"viewedAnimatic":false,"keyPoints":[],"unlocked":false,"touchableObjects":[]},{"miniGameCards":[],"viewedAnimatic":false,"keyPoints":[],"unlocked":false,"touchableObjects":[]},{"miniGameCards":[],"viewedAnimatic":false,"keyPoints":[],"unlocked":false,"touchableObjects":[]},{"miniGameCards":[],"viewedAnimatic":false,"keyPoints":[],"unlocked":false,"touchableObjects":[]}],"stackSize":5,"resolved":false},{"challengeScenes":[{"miniGameCards":[],"viewedAnimatic":false,"keyPoints":[],"unlocked":false,"touchableObjects":[]},{"miniGameCards":[],"viewedAnimatic":false,"keyPoints":[],"unlocked":false,"touchableObjects":[]},{"miniGameCards":[],"viewedAnimatic":false,"keyPoints":[],"unlocked":false,"touchableObjects":[]},{"miniGameCards":[],"viewedAnimatic":false,"keyPoints":[],"unlocked":false,"touchableObjects":[]},{"miniGameCards":[],"viewedAnimatic":false,"keyPoints":[],"unlocked":false,"touchableObjects":[]}],"stackSize":5,"resolved":false},{"challengeScenes":[{"miniGameCards":[],"viewedAnimatic":false,"keyPoints":[],"unlocked":false,"touchableObjects":[]},{"miniGameCards":[],"viewedAnimatic":false,"keyPoints":[],"unlocked":false,"touchableObjects":[]},{"miniGameCards":[],"viewedAnimatic":false,"keyPoints":[],"unlocked":false,"touchableObjects":[]},{"miniGameCards":[],"viewedAnimatic":false,"keyPoints":[],"unlocked":false,"touchableObjects":[]},{"miniGameCards":[],"viewedAnimatic":false,"keyPoints":[],"unlocked":false,"touchableObjects":[]}],"stackSize":5,"resolved":false},{"challengeScenes":[{"miniGameCards":[],"viewedAnimatic":false,"keyPoints":[],"unlocked":false,"touchableObjects":[]},{"miniGameCards":[],"viewedAnimatic":false,"keyPoints":[],"unlocked":false,"touchableObjects":[]},{"miniGameCards":[],"viewedAnimatic":false,"keyPoints":[],"unlocked":false,"touchableObjects":[]},{"miniGameCards":[],"viewedAnimatic":false,"keyPoints":[],"unlocked":false,"touchableObjects":[]},{"miniGameCards":[],"viewedAnimatic":false,"keyPoints":[],"unlocked":false,"touchableObjects":[]}],"stackSize":5,"resolved":false},{"challengeScenes":[{"miniGameCards":[],"viewedAnimatic":false,"keyPoints":[],"unlocked":true,"touchableObjects":["c_player_lati_M_a_G0a0","c_education_G0a0"]},{"miniGameCards":[],"viewedAnimatic":false,"keyPoints":["c_job_G0a1N","c_family_lati_a_G0a1N","c_home_G0a1N"],"unlocked":true,"touchableObjects":["c_job_G0a1N","c_player_lati_M_a_G0a1N","c_family_lati_a_G0a1N","c_home_G0a1N"]},{"miniGameCards":[],"viewedAnimatic":false,"keyPoints":["c_Nurse_G0a1P","c_Teacher_G0a1P","c_dad_lati_a_G0a1P","c_mom_lati_a_G0a1P","c_kidsister_lati_a_G0a1P","c_grandma_lati_a_G0a1P"],"unlocked":true,"touchableObjects":["c_cousins_M_a_G0a1P","c_friends_G0a1P","c_Nurse_G0a1P","c_Teacher_G0a1P","c_dad_lati_a_G0a1P","c_mom_lati_a_G0a1P","c_kidsister_lati_a_G0a1P","c_grandma_lati_a_G0a1P"]}],"stackSize":3,"resolved":true}],"sessionId":8,"epilogue":{"rating":1},"playerId":6546008,"session":[{"sceneId":"1P","stackId":12},{"sceneId":"1P","stackId":0}],"minigames":[{"levelSaveData":[{"starRating":3,"unlocked":true},{"starRating":0,"unlocked":false},{"starRating":0,"unlocked":false},{"starRating":0,"unlocked":false},{"starRating":0,"unlocked":false},{"starRating":0,"unlocked":false},{"starRating":0,"unlocked":false},{"starRating":0,"unlocked":false},{"starRating":0,"unlocked":false},{"starRating":0,"unlocked":false}],"skillPoints":3},{"levelSaveData":[{"starRating":3,"unlocked":true},{"starRating":0,"unlocked":false},{"starRating":0,"unlocked":false},{"starRating":0,"unlocked":false},{"starRating":0,"unlocked":true},{"starRating":0,"unlocked":false},{"starRating":0,"unlocked":false},{"starRating":0,"unlocked":false},{"starRating":0,"unlocked":false},{"starRating":0,"unlocked":false}],"skillPoints":3},{"levelSaveData":[{"starRating":3,"unlocked":true},{"starRating":3,"unlocked":true},{"starRating":0,"unlocked":false},{"starRating":0,"unlocked":false},{"starRating":0,"unlocked":false},{"starRating":0,"unlocked":false},{"starRating":0,"unlocked":false},{"starRating":0,"unlocked":false},{"starRating":0,"unlocked":false},{"starRating":0,"unlocked":false}],"skillPoints":6},{"levelSaveData":[{"starRating":2,"unlocked":true},{"starRating":0,"unlocked":false},{"starRating":0,"unlocked":false},{"starRating":0,"unlocked":false},{"starRating":0,"unlocked":false},{"starRating":0,"unlocked":false},{"starRating":0,"unlocked":false},{"starRating":0,"unlocked":false},{"starRating":0,"unlocked":false},{"starRating":0,"unlocked":false}],"skillPoints":2},{"age":12,"name":"chris","gender":0,"levelSaveData":[{"starRating":3,"unlocked":true},{"starRating":3,"chunks":[["1"],["7$$fun","10$$funny"],["5$$animals","7$$love movies","11$$competiteve"],["0"]],"unlocked":true},{"starRating":0,"chunks":[[null],[null,null],[null,null]],"unlocked":true},{"starRating":0,"chunks":[[null],[null],[null],[null],[null,null],[null]],"unlocked":false},{"starRating":0,"chunks":[[null],[null],[null,null],[null],[null],[null]],"unlocked":false},{"starRating":0,"chunks":[[null],[null,null,null,null],[null],[null]],"unlocked":false},{"starRating":0,"chunks":[[null],[null],[null,null],[null,null],[null]],"unlocked":false},{"starRating":0,"chunks":[[null,null,null],[null,null,null],[null],[null],[null]],"unlocked":false},{"starRating":0,"chunks":[[null,null,null],[null,null,null],[null,null]],"unlocked":false},{"starRating":0,"chunks":[[null],[null],[null],[null],[null],[null]],"unlocked":false}],"visualAvatar":0,"id":2,"skillPoints":6}],"avatar":{"age":12,"name":"chris","gender":0,"levelSaveData":[{"starRating":3,"unlocked":true},{"starRating":3,"chunks":[["1"],["7$$fun","10$$funny"],["5$$animals","7$$love movies","11$$competiteve"],["0"]],"unlocked":true},{"starRating":0,"chunks":[[null],[null,null],[null,null]],"unlocked":true},{"starRating":0,"chunks":[[null],[null],[null],[null],[null,null],[null]],"unlocked":false},{"starRating":0,"chunks":[[null],[null],[null,null],[null],[null],[null]],"unlocked":false},{"starRating":0,"chunks":[[null],[null,null,null,null],[null],[null]],"unlocked":false},{"starRating":0,"chunks":[[null],[null],[null,null],[null,null],[null]],"unlocked":false},{"starRating":0,"chunks":[[null,null,null],[null,null,null],[null],[null],[null]],"unlocked":false},{"starRating":0,"chunks":[[null,null,null],[null,null,null],[null,null]],"unlocked":false},{"starRating":0,"chunks":[[null],[null],[null],[null],[null],[null]],"unlocked":false}],"visualAvatar":0,"id":2,"skillPoints":6}}
