6546008,0,8:23:43,7/25/2013 8:59:10am
6546008,100,8:23:47,4
6546008,102,8:23:49,4
6546008,200,8:23:49,4,3,6,6,3,9
6546008,219,8:23:49,4
6546008,216,8:23:50,Stack_G9a0
6546008,217,8:23:53,Stack_G9a0,2.0,15
6546008,218,8:23:56,4
6546008,210,8:23:58,929,387
6546008,207,8:24:2,4,-200,-5
6546008,211,8:24:3,533,195
6546008,213,8:24:3,4,s_calendar_M_gen,true
6546008,210,8:24:5,506,126
6546008,207,8:24:14,4,-5,-512
6546008,207,8:24:18,4,-512,-452
6546008,211,8:24:19,701,286
6546008,212,8:24:20,1
6546008,207,8:24:20,4,-452,-512
6546008,210,8:24:20,1459,500
6546008,211,8:24:23,1014,548
6546008,213,8:24:23,4,s_bathingSuit_M_G9a0,true
6546008,205,8:24:23,4,s_bathingSuit_M_G9a0,false,false
6546008,210,8:24:33,1143,454
6546008,211,8:24:35,875,364
6546008,213,8:24:35,4,s_door_M_gen,true
6546008,205,8:24:35,4,s_door_M_gen,false,false
6546008,210,8:24:39,939,421
6546008,207,8:24:41,4,-512,-332
6546008,207,8:24:42,4,-332,0
6546008,211,8:24:44,403,324
6546008,210,8:24:44,357,335
6546008,211,8:24:50,1051,555
6546008,207,8:24:50,4,0,-45
6546008,210,8:24:50,1134,584
6546008,207,8:24:51,4,-45,-512
6546008,211,8:24:53,1201,645
6546008,212,8:24:53,2
6546008,210,8:24:54,1435,566
6546008,207,8:24:58,4,-512,-137
6546008,211,8:25:1,274,613
6546008,213,8:25:1,4,s_cellPhone_M_G9a0,false
6546008,1003,8:25:5,2
6546008,1004,8:25:7,2
6546008,900,8:25:10,2,[]
6546008,901,8:25:11,2,[PeopleData_id:4]
6546008,902,8:25:13,2,[PeopleData_id:4,PeopleData_data0Type]
6546008,903,8:25:22,2,[PeopleData_id4,PeopleData_data0Type]
6546008,902,8:25:23,2,[PeopleData_id:4,PeopleData_data1Type]
6546008,903,8:25:32,2,[PeopleData_id4,PeopleData_data1Type]
6546008,902,8:25:33,2,[PeopleData_id:4,PeopleData_data2Type]
6546008,903,8:25:37,2,[PeopleData_id4,PeopleData_data2Type]
6546008,901,8:25:39,2,[PeopleData_id:4]
6546008,904,8:25:40,2,[PeopleData_id:4]
6546008,905,8:25:40,2,[PeopleData_id:4,RankTypes_id:-1,RankTypes_id:3]
6546008,901,8:25:41,2,[PeopleData_id:0]
6546008,902,8:25:43,2,[PeopleData_id:0,PeopleData_data0Type]
6546008,903,8:25:49,2,[PeopleData_id0,PeopleData_data0Type]
6546008,902,8:25:49,2,[PeopleData_id:0,PeopleData_data1Type]
6546008,903,8:25:58,2,[PeopleData_id0,PeopleData_data1Type]
6546008,902,8:25:59,2,[PeopleData_id:0,PeopleData_data3Type]
6546008,903,8:26:2,2,[PeopleData_id0,PeopleData_data3Type]
6546008,902,8:26:3,2,[PeopleData_id:0,PeopleData_data2Type]
6546008,903,8:26:10,2,[PeopleData_id0,PeopleData_data2Type]
6546008,901,8:26:11,2,[PeopleData_id:0]
6546008,904,8:26:12,2,[PeopleData_id:0]
6546008,905,8:26:13,2,[PeopleData_id:0,RankTypes_id:-1,RankTypes_id:3]
6546008,901,8:26:14,2,[PeopleData_id:2]
6546008,904,8:26:14,2,[PeopleData_id:2]
6546008,902,8:26:15,2,[PeopleData_id:2,PeopleData_data0Type]
6546008,903,8:26:22,2,[PeopleData_id2,PeopleData_data0Type]
6546008,902,8:26:23,2,[PeopleData_id:2,PeopleData_data3Type]
6546008,903,8:26:26,2,[PeopleData_id2,PeopleData_data3Type]
6546008,902,8:26:26,2,[PeopleData_id:2,PeopleData_data2Type]
6546008,903,8:26:32,2,[PeopleData_id2,PeopleData_data2Type]
6546008,902,8:26:33,2,[PeopleData_id:2,PeopleData_data1Type]
6546008,903,8:26:40,2,[PeopleData_id2,PeopleData_data1Type]
6546008,901,8:26:41,2,[PeopleData_id:2]
6546008,904,8:26:41,2,[PeopleData_id:2]
6546008,905,8:26:42,2,[PeopleData_id:2,RankTypes_id:-1,RankTypes_id:3]
6546008,901,8:26:43,2,[PeopleData_id:2]
6546008,904,8:26:43,2,[PeopleData_id:2]
6546008,905,8:26:44,2,[PeopleData_id:2,RankTypes_id:3,RankTypes_id:3]
6546008,901,8:26:45,2,[PeopleData_id:2]
6546008,905,8:26:45,2,[PeopleData_id:2,RankTypes_id:3,RankTypes_id:3]
6546008,902,8:26:46,2,[PeopleData_id:2,PeopleData_data0Type]
6546008,903,8:26:50,2,[PeopleData_id2,PeopleData_data0Type]
6546008,901,8:26:51,2,[PeopleData_id:2]
6546008,904,8:26:51,2,[PeopleData_id:2]
6546008,905,8:26:52,2,[PeopleData_id:2,RankTypes_id:3,RankTypes_id:2]
6546008,901,8:26:55,2,[PeopleData_id:6]
6546008,902,8:26:56,2,[PeopleData_id:6,PeopleData_data0Type]
6546008,903,8:27:0,2,[PeopleData_id6,PeopleData_data0Type]
6546008,902,8:27:1,2,[PeopleData_id:6,PeopleData_data1Type]
6546008,903,8:27:14,2,[PeopleData_id6,PeopleData_data1Type]
6546008,901,8:27:16,2,[PeopleData_id:2]
6546008,904,8:27:16,2,[PeopleData_id:2]
6546008,905,8:27:16,2,[PeopleData_id:2,RankTypes_id:2,RankTypes_id:3]
6546008,901,8:27:22,2,[PeopleData_id:6]
6546008,902,8:27:23,2,[PeopleData_id:6,PeopleData_data2Type]
6546008,903,8:27:26,2,[PeopleData_id6,PeopleData_data2Type]
6546008,901,8:27:27,2,[PeopleData_id:6]
6546008,904,8:27:27,2,[PeopleData_id:6]
6546008,905,8:27:28,2,[PeopleData_id:6,RankTypes_id:-1,RankTypes_id:0]
6546008,901,8:27:29,2,[PeopleData_id:5]
6546008,902,8:27:30,2,[PeopleData_id:5,PeopleData_data0Type]
6546008,903,8:27:34,2,[PeopleData_id5,PeopleData_data0Type]
6546008,902,8:27:36,2,[PeopleData_id:5,PeopleData_data1Type]
6546008,903,8:27:37,2,[PeopleData_id5,PeopleData_data1Type]
6546008,902,8:27:38,2,[PeopleData_id:5,PeopleData_data3Type]
6546008,903,8:27:42,2,[PeopleData_id5,PeopleData_data3Type]
6546008,902,8:27:43,2,[PeopleData_id:5,PeopleData_data2Type]
6546008,903,8:27:45,2,[PeopleData_id5,PeopleData_data2Type]
6546008,901,8:27:46,2,[PeopleData_id:5]
6546008,904,8:27:46,2,[PeopleData_id:5]
6546008,905,8:27:46,2,[PeopleData_id:5,RankTypes_id:-1,RankTypes_id:0]
6546008,901,8:27:47,2,[PeopleData_id:1]
6546008,902,8:27:48,2,[PeopleData_id:1,PeopleData_data0Type]
6546008,903,8:28:1,2,[PeopleData_id1,PeopleData_data0Type]
6546008,901,8:28:2,2,[PeopleData_id:1]
6546008,904,8:28:2,2,[PeopleData_id:1]
6546008,905,8:28:3,2,[PeopleData_id:1,RankTypes_id:-1,RankTypes_id:0]
6546008,901,8:28:4,2,[PeopleData_id:3]
6546008,902,8:28:5,2,[PeopleData_id:3,PeopleData_data0Type]
6546008,903,8:28:12,2,[PeopleData_id3,PeopleData_data0Type]
6546008,902,8:28:13,2,[PeopleData_id:3,PeopleData_data1Type]
6546008,903,8:28:20,2,[PeopleData_id3,PeopleData_data1Type]
6546008,902,8:28:21,2,[PeopleData_id:3,PeopleData_data2Type]
6546008,903,8:28:34,2,[PeopleData_id3,PeopleData_data2Type]
6546008,902,8:28:35,2,[PeopleData_id:3,PeopleData_data3Type]
6546008,903,8:28:39,2,[PeopleData_id3,PeopleData_data3Type]
6546008,901,8:28:40,2,[PeopleData_id:3]
6546008,901,8:28:41,2,[PeopleData_id:3]
6546008,904,8:28:41,2,[PeopleData_id:3]
6546008,905,8:28:42,2,[PeopleData_id:3,RankTypes_id:-1,RankTypes_id:4]
6546008,906,8:28:42,2,[]
6546008,901,8:28:43,2,[PeopleData_id:0]
6546008,904,8:28:44,2,[PeopleData_id:0]
6546008,905,8:28:48,2,[PeopleData_id:0,RankTypes_id:3,RankTypes_id:4]
6546008,902,8:28:49,2,[PeopleData_id:0,PeopleData_data0Type]
6546008,903,8:28:51,2,[PeopleData_id0,PeopleData_data0Type]
6546008,907,8:28:52,2,[]
6546008,908,8:28:52,2,[InvitationData_id:2,PeopleData_id:3,RankTypes_id:4]
6546008,909,8:28:56,2,[InvitationData_id:2,PeopleData_id:3,RankTypes_id:4,1]
6546008,910,8:28:57,2,[InvitationData_id:2,9,false]
6546008,908,8:28:57,2,[InvitationData_id:5,PeopleData_id:4,RankTypes_id:3]
6546008,909,8:29:0,2,[InvitationData_id:5,PeopleData_id:4,RankTypes_id:3,1]
6546008,910,8:29:1,2,[InvitationData_id:5,7,false]
6546008,908,8:29:1,2,[InvitationData_id:8,PeopleData_id:2,RankTypes_id:3]
6546008,909,8:29:5,2,[InvitationData_id:8,PeopleData_id:2,RankTypes_id:3,1]
6546008,910,8:29:14,2,[InvitationData_id:8,0,true]
6546008,908,8:29:14,2,[InvitationData_id:4,PeopleData_id:3,RankTypes_id:4]
6546008,901,8:29:18,2,[PeopleData_id:2]
6546008,901,8:29:19,2,[PeopleData_id:2]
6546008,901,8:29:20,2,[PeopleData_id:2]
6546008,901,8:29:22,2,[PeopleData_id:3]
6546008,1002,8:29:29,2
6546008,1003,8:29:29,2
6546008,1004,8:29:30,2
6546008,900,8:29:32,2,[]
6546008,901,8:29:33,2,[PeopleData_id:0]
6546008,904,8:29:33,2,[PeopleData_id:0]
6546008,905,8:29:36,2,[PeopleData_id:0,RankTypes_id:-1,RankTypes_id:1]
6546008,901,8:29:36,2,[PeopleData_id:2]
6546008,902,8:29:38,2,[PeopleData_id:2,PeopleData_data0Type]
6546008,903,8:29:41,2,[PeopleData_id2,PeopleData_data0Type]
6546008,901,8:29:42,2,[PeopleData_id:2]
6546008,902,8:29:45,2,[PeopleData_id:2,PeopleData_data1Type]
6546008,903,8:29:48,2,[PeopleData_id2,PeopleData_data1Type]
6546008,902,8:29:49,2,[PeopleData_id:2,PeopleData_data2Type]
6546008,903,8:29:52,2,[PeopleData_id2,PeopleData_data2Type]
6546008,902,8:29:52,2,[PeopleData_id:2,PeopleData_data3Type]
6546008,903,8:29:56,2,[PeopleData_id2,PeopleData_data3Type]
6546008,901,8:29:59,2,[PeopleData_id:2]
6546008,904,8:29:59,2,[PeopleData_id:2]
6546008,905,8:30:1,2,[PeopleData_id:2,RankTypes_id:-1,RankTypes_id:1]
6546008,901,8:30:2,2,[PeopleData_id:5]
6546008,902,8:30:3,2,[PeopleData_id:5,PeopleData_data0Type]
6546008,903,8:30:6,2,[PeopleData_id5,PeopleData_data0Type]
6546008,901,8:30:6,2,[PeopleData_id:5]
6546008,904,8:30:6,2,[PeopleData_id:5]
6546008,905,8:30:7,2,[PeopleData_id:5,RankTypes_id:-1,RankTypes_id:0]
6546008,901,8:30:8,2,[PeopleData_id:3]
6546008,904,8:30:8,2,[PeopleData_id:3]
6546008,902,8:30:9,2,[PeopleData_id:3,PeopleData_data0Type]
6546008,903,8:30:11,2,[PeopleData_id3,PeopleData_data0Type]
6546008,902,8:30:12,2,[PeopleData_id:3,PeopleData_data1Type]
6546008,903,8:30:14,2,[PeopleData_id3,PeopleData_data1Type]
6546008,902,8:30:15,2,[PeopleData_id:3,PeopleData_data2Type]
6546008,903,8:30:17,2,[PeopleData_id3,PeopleData_data2Type]
6546008,902,8:30:18,2,[PeopleData_id:3,PeopleData_data3Type]
6546008,903,8:30:19,2,[PeopleData_id3,PeopleData_data3Type]
6546008,901,8:30:20,2,[PeopleData_id:3]
6546008,904,8:30:20,2,[PeopleData_id:3]
6546008,905,8:30:21,2,[PeopleData_id:3,RankTypes_id:-1,RankTypes_id:4]
6546008,901,8:30:21,2,[PeopleData_id:1]
6546008,902,8:30:23,2,[PeopleData_id:1,PeopleData_data0Type]
6546008,903,8:30:25,2,[PeopleData_id1,PeopleData_data0Type]
6546008,901,8:30:25,2,[PeopleData_id:1]
6546008,904,8:30:26,2,[PeopleData_id:1]
6546008,905,8:30:27,2,[PeopleData_id:1,RankTypes_id:-1,RankTypes_id:0]
6546008,902,8:30:28,2,[PeopleData_id:1,PeopleData_data2Type]
6546008,903,8:30:32,2,[PeopleData_id1,PeopleData_data2Type]
6546008,902,8:30:33,2,[PeopleData_id:1,PeopleData_data1Type]
6546008,903,8:30:35,2,[PeopleData_id1,PeopleData_data1Type]
6546008,901,8:30:37,2,[PeopleData_id:4]
6546008,904,8:30:37,2,[PeopleData_id:4]
6546008,902,8:30:38,2,[PeopleData_id:4,PeopleData_data0Type]
6546008,902,8:30:38,2,[PeopleData_id:4,PeopleData_data0Type]
6546008,903,8:30:45,2,[PeopleData_id4,PeopleData_data0Type]
6546008,902,8:30:46,2,[PeopleData_id:4,PeopleData_data1Type]
6546008,903,8:30:48,2,[PeopleData_id4,PeopleData_data1Type]
6546008,901,8:30:49,2,[PeopleData_id:4]
6546008,902,8:30:50,2,[PeopleData_id:4,PeopleData_data1Type]
6546008,903,8:30:56,2,[PeopleData_id4,PeopleData_data1Type]
6546008,902,8:30:57,2,[PeopleData_id:4,PeopleData_data2Type]
6546008,903,8:30:59,2,[PeopleData_id4,PeopleData_data2Type]
6546008,901,8:31:0,2,[PeopleData_id:4]
6546008,904,8:31:0,2,[PeopleData_id:4]
6546008,905,8:31:3,2,[PeopleData_id:4,RankTypes_id:-1,RankTypes_id:4]
6546008,901,8:31:3,2,[PeopleData_id:6]
6546008,902,8:31:4,2,[PeopleData_id:6,PeopleData_data0Type]
6546008,902,8:31:5,2,[PeopleData_id:6,PeopleData_data0Type]
6546008,903,8:31:9,2,[PeopleData_id6,PeopleData_data0Type]
6546008,902,8:31:10,2,[PeopleData_id:6,PeopleData_data1Type]
6546008,903,8:31:13,2,[PeopleData_id6,PeopleData_data1Type]
6546008,902,8:31:14,2,[PeopleData_id:6,PeopleData_data2Type]
6546008,903,8:31:16,2,[PeopleData_id6,PeopleData_data2Type]
6546008,901,8:31:17,2,[PeopleData_id:6]
6546008,904,8:31:17,2,[PeopleData_id:6]
6546008,905,8:31:19,2,[PeopleData_id:6,RankTypes_id:-1,RankTypes_id:0]
6546008,906,8:31:19,2,[]
6546008,901,8:31:24,2,[PeopleData_id:0]
6546008,904,8:31:24,2,[PeopleData_id:0]
6546008,905,8:31:25,2,[PeopleData_id:0,RankTypes_id:1,RankTypes_id:0]
6546008,901,8:31:26,2,[PeopleData_id:2]
6546008,905,8:31:26,2,[PeopleData_id:2,RankTypes_id:1,RankTypes_id:1]
6546008,902,8:31:28,2,[PeopleData_id:2,PeopleData_data0Type]
6546008,903,8:31:30,2,[PeopleData_id2,PeopleData_data0Type]
6546008,901,8:31:31,2,[PeopleData_id:2]
6546008,904,8:31:31,2,[PeopleData_id:2]
6546008,905,8:31:31,2,[PeopleData_id:2,RankTypes_id:1,RankTypes_id:1]
6546008,907,8:31:34,2,[]
6546008,908,8:31:34,2,[InvitationData_id:2,PeopleData_id:3,RankTypes_id:4]
6546008,909,8:31:37,2,[InvitationData_id:2,PeopleData_id:3,RankTypes_id:4,1]
6546008,910,8:31:38,2,[InvitationData_id:2,9,false]
6546008,908,8:31:38,2,[InvitationData_id:0,PeopleData_id:3,RankTypes_id:4]
6546008,909,8:31:42,2,[InvitationData_id:0,PeopleData_id:3,RankTypes_id:4,1]
6546008,910,8:31:43,2,[InvitationData_id:0,9,false]
6546008,908,8:31:43,2,[InvitationData_id:9,PeopleData_id:3,RankTypes_id:4]
6546008,909,8:31:46,2,[InvitationData_id:9,PeopleData_id:3,RankTypes_id:4,1]
6546008,910,8:31:47,2,[InvitationData_id:9,9,false]
6546008,908,8:31:47,2,[InvitationData_id:1,PeopleData_id:2,RankTypes_id:1]
6546008,909,8:31:53,2,[InvitationData_id:1,PeopleData_id:2,RankTypes_id:1,0]
6546008,910,8:31:54,2,[InvitationData_id:1,0,false]
6546008,908,8:31:54,2,[InvitationData_id:10,PeopleData_id:2,RankTypes_id:1]
6546008,909,8:32:0,2,[InvitationData_id:10,PeopleData_id:2,RankTypes_id:1,0]
6546008,910,8:32:1,2,[InvitationData_id:10,0,false]
6546008,908,8:32:1,2,[InvitationData_id:5,PeopleData_id:4,RankTypes_id:4]
6546008,909,8:32:5,2,[InvitationData_id:5,PeopleData_id:4,RankTypes_id:4,1]
6546008,910,8:32:5,2,[InvitationData_id:5,9,false]
6546008,908,8:32:5,2,[InvitationData_id:8,PeopleData_id:2,RankTypes_id:1]
6546008,909,8:32:9,2,[InvitationData_id:8,PeopleData_id:2,RankTypes_id:1,0]
6546008,910,8:32:10,2,[InvitationData_id:8,0,false]
6546008,908,8:32:10,2,[InvitationData_id:4,PeopleData_id:3,RankTypes_id:4]
6546008,909,8:32:15,2,[InvitationData_id:4,PeopleData_id:3,RankTypes_id:4,1]
6546008,910,8:32:16,2,[InvitationData_id:4,9,false]
6546008,911,8:32:18,2,[45,0,0,0]
6546008,1005,8:32:18,2,[2,0,3]
6546008,1001,8:32:20,2,[]
6546008,1003,8:32:20,2
6546008,1004,8:32:21,8
6546008,900,8:32:23,8,[]
6546008,901,8:32:28,8,[PeopleData_id:2]
6546008,902,8:32:29,8,[PeopleData_id:2,PeopleData_data0Type]
6546008,903,8:32:37,8,[PeopleData_id2,PeopleData_data0Type]
6546008,902,8:32:38,8,[PeopleData_id:2,PeopleData_data1Type]
6546008,903,8:32:57,8,[PeopleData_id2,PeopleData_data1Type]
6546008,901,8:32:58,8,[PeopleData_id:2]
6546008,904,8:32:58,8,[PeopleData_id:2]
6546008,905,8:32:59,8,[PeopleData_id:2,RankTypes_id:-1,RankTypes_id:0]
6546008,901,8:33:0,8,[PeopleData_id:4]
6546008,904,8:33:0,8,[PeopleData_id:4]
6546008,902,8:33:1,8,[PeopleData_id:4,PeopleData_data0Type]
6546008,903,8:33:15,8,[PeopleData_id4,PeopleData_data0Type]
6546008,902,8:33:16,8,[PeopleData_id:4,PeopleData_data1Type]
6546008,903,8:33:17,8,[PeopleData_id4,PeopleData_data1Type]
6546008,902,8:33:19,8,[PeopleData_id:4,PeopleData_data2Type]
6546008,903,8:33:21,8,[PeopleData_id4,PeopleData_data2Type]
6546008,902,8:33:22,8,[PeopleData_id:4,PeopleData_data3Type]
6546008,903,8:33:23,8,[PeopleData_id4,PeopleData_data3Type]
6546008,901,8:33:24,8,[PeopleData_id:4]
6546008,904,8:33:24,8,[PeopleData_id:4]
6546008,905,8:33:25,8,[PeopleData_id:4,RankTypes_id:-1,RankTypes_id:0]
6546008,901,8:33:26,8,[PeopleData_id:5]
6546008,902,8:33:27,8,[PeopleData_id:5,PeopleData_data0Type]
6546008,903,8:33:34,8,[PeopleData_id5,PeopleData_data0Type]
6546008,902,8:33:35,8,[PeopleData_id:5,PeopleData_data1Type]
6546008,903,8:33:40,8,[PeopleData_id5,PeopleData_data1Type]
6546008,902,8:33:41,8,[PeopleData_id:5,PeopleData_data2Type]
6546008,903,8:33:43,8,[PeopleData_id5,PeopleData_data2Type]
6546008,902,8:33:44,8,[PeopleData_id:5,PeopleData_data3Type]
6546008,903,8:33:45,8,[PeopleData_id5,PeopleData_data3Type]
6546008,901,8:33:48,8,[PeopleData_id:6]
6546008,902,8:33:49,8,[PeopleData_id:6,PeopleData_data0Type]
6546008,903,8:33:54,8,[PeopleData_id6,PeopleData_data0Type]
6546008,902,8:33:56,8,[PeopleData_id:6,PeopleData_data1Type]
6546008,903,8:34:3,8,[PeopleData_id6,PeopleData_data1Type]
6546008,902,8:34:4,8,[PeopleData_id:6,PeopleData_data2Type]
6546008,903,8:34:9,8,[PeopleData_id6,PeopleData_data2Type]
6546008,901,8:34:11,8,[PeopleData_id:5]
6546008,904,8:34:11,8,[PeopleData_id:5]
6546008,905,8:34:11,8,[PeopleData_id:5,RankTypes_id:-1,RankTypes_id:0]
6546008,901,8:34:12,8,[PeopleData_id:6]
6546008,904,8:34:12,8,[PeopleData_id:6]
6546008,905,8:34:13,8,[PeopleData_id:6,RankTypes_id:-1,RankTypes_id:0]
6546008,901,8:34:14,8,[PeopleData_id:1]
6546008,902,8:34:15,8,[PeopleData_id:1,PeopleData_data0Type]
6546008,903,8:34:29,8,[PeopleData_id1,PeopleData_data0Type]
6546008,902,8:34:29,8,[PeopleData_id:1,PeopleData_data1Type]
6546008,903,8:34:37,8,[PeopleData_id1,PeopleData_data1Type]
6546008,901,8:34:38,8,[PeopleData_id:1]
6546008,904,8:34:38,8,[PeopleData_id:1]
6546008,905,8:34:39,8,[PeopleData_id:1,RankTypes_id:-1,RankTypes_id:0]
6546008,901,8:34:39,8,[PeopleData_id:0]
6546008,902,8:34:41,8,[PeopleData_id:0,PeopleData_data0Type]
6546008,903,8:34:52,8,[PeopleData_id0,PeopleData_data0Type]
6546008,902,8:34:52,8,[PeopleData_id:0,PeopleData_data2Type]
6546008,903,8:34:55,8,[PeopleData_id0,PeopleData_data2Type]
6546008,902,8:34:56,8,[PeopleData_id:0,PeopleData_data3Type]
6546008,903,8:34:59,8,[PeopleData_id0,PeopleData_data3Type]
6546008,901,8:35:0,8,[PeopleData_id:5]
6546008,904,8:35:0,8,[PeopleData_id:5]
6546008,905,8:35:1,8,[PeopleData_id:5,RankTypes_id:0,RankTypes_id:1]
6546008,901,8:35:2,8,[PeopleData_id:8]
6546008,901,8:35:4,8,[PeopleData_id:9]
6546008,901,8:35:5,8,[PeopleData_id:0]
6546008,902,8:35:7,8,[PeopleData_id:0,PeopleData_data1Type]
6546008,903,8:35:13,8,[PeopleData_id0,PeopleData_data1Type]
6546008,901,8:35:13,8,[PeopleData_id:0]
6546008,904,8:35:13,8,[PeopleData_id:0]
6546008,905,8:35:14,8,[PeopleData_id:0,RankTypes_id:-1,RankTypes_id:1]
6546008,901,8:35:18,8,[PeopleData_id:8]
6546008,904,8:35:18,8,[PeopleData_id:8]
6546008,902,8:35:19,8,[PeopleData_id:8,PeopleData_data0Type]
6546008,903,8:35:31,8,[PeopleData_id8,PeopleData_data0Type]
6546008,902,8:35:32,8,[PeopleData_id:8,PeopleData_data1Type]
6546008,903,8:35:48,8,[PeopleData_id8,PeopleData_data1Type]
6546008,902,8:35:49,8,[PeopleData_id:8,PeopleData_data2Type]
6546008,903,8:36:0,8,[PeopleData_id8,PeopleData_data2Type]
6546008,902,8:36:1,8,[PeopleData_id:8,PeopleData_data3Type]
6546008,903,8:36:15,8,[PeopleData_id8,PeopleData_data3Type]
6546008,901,8:36:16,8,[PeopleData_id:8]
6546008,904,8:36:17,8,[PeopleData_id:8]
6546008,905,8:36:19,8,[PeopleData_id:8,RankTypes_id:-1,RankTypes_id:4]
6546008,901,8:36:20,8,[PeopleData_id:9]
6546008,902,8:36:21,8,[PeopleData_id:9,PeopleData_data0Type]
6546008,903,8:36:29,8,[PeopleData_id9,PeopleData_data0Type]
6546008,902,8:36:30,8,[PeopleData_id:9,PeopleData_data1Type]
6546008,903,8:36:33,8,[PeopleData_id9,PeopleData_data1Type]
6546008,902,8:36:35,8,[PeopleData_id:9,PeopleData_data2Type]
6546008,903,8:36:39,8,[PeopleData_id9,PeopleData_data2Type]
6546008,902,8:36:40,8,[PeopleData_id:9,PeopleData_data3Type]
6546008,903,8:36:45,8,[PeopleData_id9,PeopleData_data3Type]
6546008,901,8:36:46,8,[PeopleData_id:9]
6546008,904,8:36:47,8,[PeopleData_id:9]
6546008,905,8:36:47,8,[PeopleData_id:9,RankTypes_id:-1,RankTypes_id:1]
6546008,901,8:36:48,8,[PeopleData_id:7]
6546008,902,8:36:49,8,[PeopleData_id:7,PeopleData_data0Type]
6546008,903,8:36:58,8,[PeopleData_id7,PeopleData_data0Type]
6546008,902,8:37:3,8,[PeopleData_id:7,PeopleData_data1Type]
6546008,903,8:37:10,8,[PeopleData_id7,PeopleData_data1Type]
6546008,902,8:37:11,8,[PeopleData_id:7,PeopleData_data2Type]
6546008,903,8:37:30,8,[PeopleData_id7,PeopleData_data2Type]
6546008,902,8:37:30,8,[PeopleData_id:7,PeopleData_data2Type]
6546008,903,8:37:32,8,[PeopleData_id7,PeopleData_data2Type]
6546008,902,8:37:32,8,[PeopleData_id:7,PeopleData_data3Type]
6546008,903,8:37:39,8,[PeopleData_id7,PeopleData_data3Type]
6546008,901,8:37:40,8,[PeopleData_id:7]
6546008,904,8:37:40,8,[PeopleData_id:7]
6546008,905,8:37:41,8,[PeopleData_id:7,RankTypes_id:-1,RankTypes_id:4]
6546008,901,8:37:41,8,[PeopleData_id:3]
6546008,902,8:37:42,8,[PeopleData_id:3,PeopleData_data0Type]
6546008,903,8:37:45,8,[PeopleData_id3,PeopleData_data0Type]
6546008,902,8:37:46,8,[PeopleData_id:3,PeopleData_data1Type]
6546008,903,8:37:56,8,[PeopleData_id3,PeopleData_data1Type]
6546008,902,8:37:57,8,[PeopleData_id:3,PeopleData_data2Type]
6546008,903,8:38:5,8,[PeopleData_id3,PeopleData_data2Type]
6546008,902,8:38:5,8,[PeopleData_id:3,PeopleData_data3Type]
6546008,903,8:38:11,8,[PeopleData_id3,PeopleData_data3Type]
6546008,901,8:38:13,8,[PeopleData_id:3]
6546008,901,8:38:13,8,[PeopleData_id:3]
6546008,904,8:38:14,8,[PeopleData_id:3]
6546008,905,8:38:15,8,[PeopleData_id:3,RankTypes_id:-1,RankTypes_id:1]
6546008,906,8:38:15,8,[]
6546008,907,8:38:19,8,[]
6546008,908,8:38:19,8,[InvitationData_id:11,PeopleData_id:7,RankTypes_id:4]
6546008,909,8:38:27,8,[InvitationData_id:11,PeopleData_id:7,RankTypes_id:4,1]
6546008,910,8:38:28,8,[InvitationData_id:11,9,false]
6546008,908,8:38:28,8,[InvitationData_id:5,PeopleData_id:0,RankTypes_id:1]
6546008,909,8:38:34,8,[InvitationData_id:5,PeopleData_id:0,RankTypes_id:1,0]
6546008,910,8:38:35,8,[InvitationData_id:5,0,false]
6546008,908,8:38:35,8,[InvitationData_id:8,PeopleData_id:7,RankTypes_id:4]
6546008,909,8:38:39,8,[InvitationData_id:8,PeopleData_id:7,RankTypes_id:4,1]
6546008,910,8:38:40,8,[InvitationData_id:8,9,false]
6546008,908,8:38:40,8,[InvitationData_id:7,PeopleData_id:7,RankTypes_id:4]
6546008,909,8:38:42,8,[InvitationData_id:7,PeopleData_id:7,RankTypes_id:4,1]
6546008,910,8:38:43,8,[InvitationData_id:7,9,false]
6546008,908,8:38:43,8,[InvitationData_id:3,PeopleData_id:0,RankTypes_id:1]
6546008,909,8:38:47,8,[InvitationData_id:3,PeopleData_id:0,RankTypes_id:1,0]
6546008,910,8:38:48,8,[InvitationData_id:3,0,false]
6546008,908,8:38:48,8,[InvitationData_id:9,PeopleData_id:7,RankTypes_id:4]
6546008,909,8:38:53,8,[InvitationData_id:9,PeopleData_id:7,RankTypes_id:4,1]
6546008,910,8:38:54,8,[InvitationData_id:9,9,false]
6546008,908,8:38:54,8,[InvitationData_id:12,PeopleData_id:0,RankTypes_id:1]
6546008,909,8:38:57,8,[InvitationData_id:12,PeopleData_id:0,RankTypes_id:1,0]
6546008,910,8:38:58,8,[InvitationData_id:12,0,false]
6546008,908,8:38:58,8,[InvitationData_id:1,PeopleData_id:3,RankTypes_id:1]
6546008,909,8:39:1,8,[InvitationData_id:1,PeopleData_id:3,RankTypes_id:1,0]
6546008,910,8:39:2,8,[InvitationData_id:1,0,false]
6546008,908,8:39:2,8,[InvitationData_id:0,PeopleData_id:0,RankTypes_id:1]
6546008,909,8:39:4,8,[InvitationData_id:0,PeopleData_id:0,RankTypes_id:1,0]
6546008,910,8:39:5,8,[InvitationData_id:0,0,false]
6546008,908,8:39:5,8,[InvitationData_id:6,PeopleData_id:7,RankTypes_id:4]
6546008,909,8:39:7,8,[InvitationData_id:6,PeopleData_id:7,RankTypes_id:4,1]
6546008,910,8:39:7,8,[InvitationData_id:6,9,false]
6546008,908,8:39:7,8,[InvitationData_id:4,PeopleData_id:3,RankTypes_id:1]
6546008,909,8:39:10,8,[InvitationData_id:4,PeopleData_id:3,RankTypes_id:1,0]
6546008,910,8:39:11,8,[InvitationData_id:4,0,false]
6546008,908,8:39:11,8,[InvitationData_id:10,PeopleData_id:0,RankTypes_id:1]
6546008,909,8:39:14,8,[InvitationData_id:10,PeopleData_id:0,RankTypes_id:1,0]
6546008,910,8:39:14,8,[InvitationData_id:10,0,false]
6546008,911,8:39:16,8,[45,0,2,0]
6546008,1005,8:39:16,8,[2,0,3]
6546008,1001,8:39:17,8,[]
6546008,1003,8:39:17,2
6546008,210,8:39:24,460,519
6546008,211,8:39:25,271,601
6546008,213,8:39:25,4,s_cellPhone_M_G9a0,true
6546008,205,8:39:25,4,s_cellPhone_M_G9a0,false,false
6546008,221,8:39:33,4
6546008,300,8:39:44
6546008,220,8:39:44,4
6546008,301,8:39:47,2
6546008,302,8:40:2,2,3,0,0
6546008,304,8:40:3,2,3,0,-1,,0,
6546008,305,8:40:12,2,2,0,-1,
6546008,302,8:40:46,2,2,0,16
6546008,304,8:40:47,2,2,0,-1,,16,
6546008,302,8:41:3,2,4,0,0
6546008,306,8:41:4,2,0,1
6546008,304,8:41:4,2,4,0,-1,,0,
6546008,302,8:41:19,2,5,0,8
6546008,304,8:41:20,2,5,0,-1,,8,
6546008,302,8:41:28,2,5,0,6
6546008,304,8:41:28,2,5,0,8,,6,
6546008,302,8:41:44,2,4,1,2
6546008,302,8:41:47,2,4,1,0
6546008,306,8:41:49,2,1,2
6546008,304,8:41:49,2,4,1,-1,,0,
6546008,302,8:41:57,2,1,0,0
6546008,304,8:41:58,2,1,0,-1,,0,
6546008,302,8:42:8,2,0,0,8
6546008,302,8:42:9,2,0,0,3
6546008,306,8:42:10,2,2,3
6546008,304,8:42:10,2,0,0,-1,,3,
6546008,302,8:42:24,2,0,0,2
6546008,304,8:42:25,2,0,0,3,,2,
6546008,305,8:42:33,2,0,0,2,
6546008,303,8:42:37,2,0,0,2
6546008,302,8:42:53,2,0,0,1
6546008,304,8:43:11,2,0,0,2,,1,wave style900
6546008,302,8:43:17,2,0,0,3
6546008,303,8:43:19,2,0,0,3
6546008,302,8:43:24,2,0,0,2
6546008,304,8:43:25,2,0,0,1,wave style900,2,wave style900
6546008,302,8:43:35,2,1,0,5
6546008,302,8:43:36,2,1,0,0
6546008,302,8:43:37,2,1,0,5
6546008,303,8:43:40,2,1,0,5
6546008,305,8:43:41,2,1,0,0,
6546008,302,8:43:42,2,1,0,2
6546008,302,8:43:45,2,1,0,5
6546008,302,8:43:53,2,1,0,0
6546008,304,8:43:54,2,1,0,0,,0,
6546008,303,8:43:59,2,0,0,2
6546008,304,8:44:9,2,0,0,2,wave style900,2,beast
6546008,303,8:44:21,2,1,0,0
6546008,304,8:44:26,2,1,0,0,,0,rocky
6546008,210,8:44:34,978,287
6546008,211,8:44:40,974,331
6546008,221,8:44:41,4
6546008,220,8:44:46,4
6546008,1003,8:44:46,3
6546008,1004,8:44:48,1
6546008,500,8:44:51,1,[]
6546008,501,8:44:56,1,[]
6546008,502,8:45:2,1,[IntentionData_logId:3,true]
6546008,503,8:45:3,1,[]
6546008,504,8:45:9,1,[InfluenceData_logId:2]
6546008,504,8:45:12,1,[InfluenceData_logId:1]
6546008,504,8:45:17,1,[InfluenceData_logId:0]
6546008,504,8:45:20,1,[InfluenceData_logId:2]
6546008,504,8:45:24,1,[InfluenceData_logId:3]
6546008,504,8:45:29,1,[InfluenceData_logId:5]
6546008,504,8:45:34,1,[InfluenceData_logId:7]
6546008,504,8:45:36,1,[InfluenceData_logId:0]
6546008,504,8:45:38,1,[InfluenceData_logId:7]
6546008,505,8:45:43,1,[InfluenceData_logId:0,true,InfluenceData_logId:5,true,InfluenceData_logId:7,true]
6546008,506,8:45:44,1,[]
6546008,507,8:45:53,1,[OpponentAttackData_logId:3,OpponentAttackTypeData_logId:4,true,0]
6546008,508,8:45:55,1,[]
6546008,509,8:46:4,1,[RefusalData_logId:4,2]
6546008,510,8:46:45,1,[AvailableRefusalData_logId:4,0A]
6546008,510,8:46:46,1,[AvailableRefusalData_logId:4,1B]
6546008,510,8:46:47,1,[AvailableRefusalData_logId:4,2B]
6546008,511,8:46:47,1,[AvailableRefusalData_logId:4,0A,1B,2B,false,0]
6546008,512,8:46:50,1,[]
6546008,513,8:46:50,1,[30]
6546008,514,8:46:53,1,[]
6546008,507,8:46:58,1,[OpponentAttackData_logId:2,OpponentAttackTypeData_logId:3,true,0]
6546008,508,8:47:1,1,[]
6546008,509,8:47:6,1,[RefusalData_logId:0,0]
6546008,510,8:47:37,1,[AvailableRefusalData_logId:0,0A]
6546008,510,8:47:38,1,[AvailableRefusalData_logId:0,1A]
6546008,510,8:47:39,1,[AvailableRefusalData_logId:0,2A]
6546008,511,8:47:40,1,[AvailableRefusalData_logId:0,0A,1A,2A,true,20]
6546008,512,8:47:42,1,[]
6546008,513,8:47:42,1,[30]
6546008,514,8:47:45,1,[]
6546008,507,8:47:52,1,[OpponentAttackData_logId:1,OpponentAttackTypeData_logId:2,false,30]
6546008,508,8:47:55,1,[]
6546008,509,8:47:57,1,[RefusalData_logId:7,2]
6546008,510,8:48:16,1,[AvailableRefusalData_logId:7,0A]
6546008,510,8:48:17,1,[AvailableRefusalData_logId:7,1A]
6546008,510,8:48:18,1,[AvailableRefusalData_logId:7,2A]
6546008,511,8:48:18,1,[AvailableRefusalData_logId:7,0A,1A,2A,true,50]
6546008,512,8:48:21,1,[]
6546008,513,8:48:21,1,[0]
6546008,514,8:48:26,1,[]
6546008,507,8:48:31,1,[OpponentAttackData_logId:0,OpponentAttackTypeData_logId:2,true,0]
6546008,508,8:48:34,1,[]
6546008,509,8:48:39,1,[RefusalData_logId:5,0]
6546008,510,8:49:5,1,[AvailableRefusalData_logId:5,0B]
6546008,510,8:49:6,1,[AvailableRefusalData_logId:5,1B]
6546008,510,8:49:6,1,[AvailableRefusalData_logId:5,2B]
6546008,511,8:49:7,1,[AvailableRefusalData_logId:5,0B,1B,2B,false,0]
6546008,512,8:49:10,1,[]
6546008,513,8:49:10,1,[30]
6546008,514,8:49:13,1,[]
6546008,515,8:49:13,1,[30,30]
6546008,516,8:49:15,1,[]
6546008,517,8:49:17,1,[]
6546008,1000,8:49:18,1,[]
6546008,500,8:49:22,1,[]
6546008,501,8:49:24,1,[]
6546008,502,8:49:28,1,[IntentionData_logId:3,true]
6546008,503,8:49:29,1,[]
6546008,504,8:49:32,1,[InfluenceData_logId:0]
6546008,504,8:49:35,1,[InfluenceData_logId:5]
6546008,504,8:49:38,1,[InfluenceData_logId:7]
6546008,504,8:49:39,1,[InfluenceData_logId:6]
6546008,504,8:49:41,1,[InfluenceData_logId:8]
6546008,504,8:49:46,1,[InfluenceData_logId:7]
6546008,505,8:49:47,1,[InfluenceData_logId:0,true,InfluenceData_logId:5,true,InfluenceData_logId:7,true]
6546008,506,8:49:49,1,[]
6546008,507,8:49:54,1,[OpponentAttackData_logId:2,OpponentAttackTypeData_logId:3,true,0]
6546008,508,8:49:56,1,[]
6546008,509,8:50:1,1,[RefusalData_logId:7,2]
6546008,510,8:50:4,1,[AvailableRefusalData_logId:7,0A]
6546008,510,8:50:6,1,[AvailableRefusalData_logId:7,1A]
6546008,510,8:50:7,1,[AvailableRefusalData_logId:7,2A]
6546008,511,8:50:8,1,[AvailableRefusalData_logId:7,0A,1A,2A,true,50]
6546008,512,8:50:11,1,[]
6546008,513,8:50:11,1,[0]
6546008,514,8:50:13,1,[]
6546008,507,8:50:17,1,[OpponentAttackData_logId:1,OpponentAttackTypeData_logId:4,false,30]
6546008,508,8:50:19,1,[]
6546008,509,8:50:27,1,[RefusalData_logId:0,0]
6546008,510,8:50:35,1,[AvailableRefusalData_logId:0,0A]
6546008,510,8:50:36,1,[AvailableRefusalData_logId:0,1A]
6546008,510,8:50:37,1,[AvailableRefusalData_logId:0,2A]
6546008,511,8:50:38,1,[AvailableRefusalData_logId:0,0A,1A,2A,true,20]
6546008,512,8:50:40,1,[]
6546008,513,8:50:40,1,[30]
6546008,514,8:50:43,1,[]
6546008,507,8:50:47,1,[OpponentAttackData_logId:0,OpponentAttackTypeData_logId:4,false,30]
6546008,508,8:50:49,1,[]
6546008,509,8:50:54,1,[RefusalData_logId:2,1]
6546008,510,8:50:59,1,[AvailableRefusalData_logId:2,0B]
6546008,510,8:51:0,1,[AvailableRefusalData_logId:2,1B]
6546008,510,8:51:10,1,[AvailableRefusalData_logId:2,2C]
6546008,511,8:51:12,1,[AvailableRefusalData_logId:2,0B,1B,2C,false,0]
6546008,512,8:51:15,1,[]
6546008,513,8:51:15,1,[30]
6546008,514,8:51:17,1,[]
6546008,507,8:51:29,1,[OpponentAttackData_logId:3,OpponentAttackTypeData_logId:4,true,0]
6546008,508,8:51:32,1,[]
6546008,509,8:51:36,1,[RefusalData_logId:5,0]
6546008,510,8:51:41,1,[AvailableRefusalData_logId:5,0B]
6546008,510,8:51:45,1,[AvailableRefusalData_logId:5,1B]
6546008,510,8:51:46,1,[AvailableRefusalData_logId:5,2B]
6546008,511,8:51:47,1,[AvailableRefusalData_logId:5,0B,1B,2B,false,0]
6546008,512,8:51:49,1,[]
6546008,513,8:51:49,1,[30]
6546008,515,8:51:51,1,[0,30]
6546008,516,8:51:53,1,[]
6546008,517,8:51:54,1,[]
6546008,1000,8:51:55,1,[]
6546008,500,8:51:56,1,[]
6546008,501,8:51:59,1,[]
6546008,502,8:52:12,1,[IntentionData_logId:3,true]
6546008,503,8:52:14,1,[]
6546008,504,8:52:20,1,[InfluenceData_logId:0]
6546008,504,8:52:23,1,[InfluenceData_logId:5]
6546008,504,8:52:24,1,[InfluenceData_logId:7]
6546008,505,8:52:29,1,[InfluenceData_logId:0,true,InfluenceData_logId:5,true,InfluenceData_logId:7,true]
6546008,506,8:52:30,1,[]
6546008,507,8:52:36,1,[OpponentAttackData_logId:0,OpponentAttackTypeData_logId:4,false,30]
6546008,508,8:52:38,1,[]
6546008,509,8:52:47,1,[RefusalData_logId:4,2]
6546008,510,8:53:47,1,[AvailableRefusalData_logId:4,0A]
6546008,510,8:53:48,1,[AvailableRefusalData_logId:4,1A]
6546008,510,8:53:54,1,[AvailableRefusalData_logId:4,2A]
6546008,511,8:53:55,1,[AvailableRefusalData_logId:4,0A,1A,2A,true,50]
6546008,512,8:53:58,1,[]
6546008,513,8:53:58,1,[0]
6546008,514,8:53:59,1,[]
6546008,507,8:54:5,1,[OpponentAttackData_logId:3,OpponentAttackTypeData_logId:1,false,30]
6546008,508,8:54:7,1,[]
6546008,509,8:54:11,1,[RefusalData_logId:0,0]
6546008,510,8:54:13,1,[AvailableRefusalData_logId:0,0A]
6546008,510,8:54:16,1,[AvailableRefusalData_logId:0,1A]
6546008,510,8:54:18,1,[AvailableRefusalData_logId:0,2A]
6546008,511,8:54:19,1,[AvailableRefusalData_logId:0,0A,1A,2A,true,20]
6546008,512,8:54:21,1,[]
6546008,513,8:54:21,1,[30]
6546008,514,8:54:24,1,[]
6546008,507,8:54:29,1,[OpponentAttackData_logId:2,OpponentAttackTypeData_logId:1,false,30]
6546008,508,8:54:31,1,[]
6546008,509,8:54:35,1,[RefusalData_logId:2,1]
6546008,510,8:54:42,1,[AvailableRefusalData_logId:2,0B]
6546008,510,8:54:43,1,[AvailableRefusalData_logId:2,1C]
6546008,510,8:54:45,1,[AvailableRefusalData_logId:2,2C]
6546008,511,8:54:46,1,[AvailableRefusalData_logId:2,0B,1C,2C,false,0]
6546008,512,8:54:48,1,[]
6546008,513,8:54:48,1,[30]
6546008,515,8:54:50,1,[0,30]
6546008,516,8:54:51,1,[]
6546008,517,8:54:52,1,[]
6546008,1000,8:54:53,1,[]
6546008,500,8:54:54,1,[]
6546008,501,8:54:56,1,[]
6546008,502,8:55:12,1,[IntentionData_logId:3,true]
6546008,503,8:55:16,1,[]
6546008,504,8:55:18,1,[InfluenceData_logId:0]
6546008,504,8:55:19,1,[InfluenceData_logId:5]
6546008,504,8:55:21,1,[InfluenceData_logId:7]
6546008,505,8:55:22,1,[InfluenceData_logId:0,true,InfluenceData_logId:5,true,InfluenceData_logId:7,true]
6546008,506,8:55:23,1,[]
6546008,507,8:55:29,1,[OpponentAttackData_logId:3,OpponentAttackTypeData_logId:4,true,0]
6546008,508,8:55:31,1,[]
6546008,509,8:57:4,1,[RefusalData_logId:4,2]
6546008,510,8:57:9,1,[AvailableRefusalData_logId:4,0A]
6546008,510,8:57:11,1,[AvailableRefusalData_logId:4,1A]
6546008,510,8:57:14,1,[AvailableRefusalData_logId:4,2A]
6546008,511,8:57:15,1,[AvailableRefusalData_logId:4,0A,1A,2A,true,50]
6546008,512,8:57:18,1,[]
6546008,513,8:57:18,1,[0]
6546008,514,8:57:19,1,[]
6546008,507,8:57:23,1,[OpponentAttackData_logId:2,OpponentAttackTypeData_logId:3,true,0]
6546008,508,8:57:25,1,[]
6546008,509,8:57:34,1,[RefusalData_logId:2,1]
6546008,510,8:57:45,1,[AvailableRefusalData_logId:2,0A]
6546008,510,8:57:47,1,[AvailableRefusalData_logId:2,1A]
6546008,510,8:57:48,1,[AvailableRefusalData_logId:2,2A]
6546008,511,8:57:49,1,[AvailableRefusalData_logId:2,0A,1A,2A,true,30]
6546008,512,8:57:52,1,[]
6546008,513,8:57:52,1,[0]
6546008,514,8:57:53,1,[]
6546008,507,8:57:59,1,[OpponentAttackData_logId:0,OpponentAttackTypeData_logId:1,false,30]
6546008,508,8:58:1,1,[]
6546008,509,8:58:6,1,[RefusalData_logId:0,0]
6546008,510,8:58:10,1,[AvailableRefusalData_logId:0,0A]
6546008,510,8:58:11,1,[AvailableRefusalData_logId:0,1A]
6546008,510,8:58:14,1,[AvailableRefusalData_logId:0,2A]
6546008,511,8:58:14,1,[AvailableRefusalData_logId:0,0A,1A,2A,true,20]
6546008,512,8:58:18,1,[]
6546008,515,8:58:18,1,[120,0]
6546008,516,8:58:19,1,[]
6546008,517,8:58:20,1,[]
6546008,1005,8:58:20,1,[3,0,3]
6546008,1001,8:58:23,1,[]
6546008,1003,8:58:23,3
6546008,1004,8:58:24,4
6546008,500,8:58:27,4,[]
6546008,501,8:58:37,4,[]
6546008,502,8:58:57,4,[IntentionData_logId:1,true]
6546008,503,8:58:58,4,[]
6546008,504,8:59:3,4,[InfluenceData_logId:2]
6546008,504,8:59:7,4,[InfluenceData_logId:3]
6546008,504,8:59:11,4,[InfluenceData_logId:5]
6546008,504,8:59:13,4,[InfluenceData_logId:4]
6546008,504,8:59:17,4,[InfluenceData_logId:8]
6546008,505,8:59:20,4,[InfluenceData_logId:2,false,InfluenceData_logId:4,true,InfluenceData_logId:8,true]
6546008,506,8:59:22,4,[]
6546008,507,8:59:30,4,[OpponentAttackData_logId:1,OpponentAttackTypeData_logId:3,false,30]
6546008,508,8:59:31,4,[]
6546008,509,8:59:36,4,[RefusalData_logId:3,2]
6546008,510,8:59:52,4,[AvailableRefusalData_logId:3,0B]
6546008,510,8:59:52,4,[AvailableRefusalData_logId:3,1B]
6546008,510,8:59:54,4,[AvailableRefusalData_logId:3,2B]
6546008,511,8:59:55,4,[AvailableRefusalData_logId:3,0B,1B,2B,false,0]
6546008,512,8:59:58,4,[]
6546008,513,8:59:58,4,[30]
6546008,1002,9:0:3,4
6546008,1003,9:0:3,3
6546008,1004,9:0:4,4
6546008,500,9:0:7,4,[]
6546008,501,9:0:8,4,[]
6546008,502,9:0:13,4,[IntentionData_logId:1,true]
6546008,503,9:0:14,4,[]
6546008,504,9:0:16,4,[InfluenceData_logId:1]
6546008,504,9:0:20,4,[InfluenceData_logId:0]
6546008,504,9:0:25,4,[InfluenceData_logId:3]
6546008,504,9:0:29,4,[InfluenceData_logId:4]
6546008,504,9:0:33,4,[InfluenceData_logId:6]
6546008,505,9:0:38,4,[InfluenceData_logId:0,true,InfluenceData_logId:4,true,InfluenceData_logId:6,true]
6546008,506,9:0:40,4,[]
6546008,507,9:0:52,4,[OpponentAttackData_logId:0,OpponentAttackTypeData_logId:3,false,30]
6546008,508,9:0:54,4,[]
6546008,509,9:0:57,4,[RefusalData_logId:2,1]
6546008,510,9:1:2,4,[AvailableRefusalData_logId:2,0A]
6546008,510,9:1:3,4,[AvailableRefusalData_logId:2,1A]
6546008,510,9:1:3,4,[AvailableRefusalData_logId:2,2A]
6546008,511,9:1:4,4,[AvailableRefusalData_logId:2,0A,1A,2A,true,30]
6546008,512,9:1:7,4,[]
6546008,513,9:1:7,4,[0]
6546008,514,9:1:12,4,[]
6546008,507,9:1:22,4,[OpponentAttackData_logId:2,OpponentAttackTypeData_logId:3,false,30]
6546008,508,9:1:24,4,[]
6546008,509,9:1:33,4,[RefusalData_logId:4,2]
6546008,510,9:1:39,4,[AvailableRefusalData_logId:4,0A]
6546008,510,9:1:39,4,[AvailableRefusalData_logId:4,1A]
6546008,510,9:1:41,4,[AvailableRefusalData_logId:4,2A]
6546008,511,9:1:42,4,[AvailableRefusalData_logId:4,0A,1A,2A,true,50]
6546008,512,9:1:44,4,[]
6546008,513,9:1:44,4,[0]
6546008,514,9:1:47,4,[]
6546008,507,9:1:52,4,[OpponentAttackData_logId:1,OpponentAttackTypeData_logId:3,false,30]
6546008,508,9:1:54,4,[]
6546008,509,9:2:4,4,[RefusalData_logId:7,0]
6546008,510,9:2:5,4,[AvailableRefusalData_logId:7,0B]
6546008,510,9:2:5,4,[AvailableRefusalData_logId:7,0A]
6546008,510,9:2:12,4,[AvailableRefusalData_logId:7,1A]
6546008,510,9:2:14,4,[AvailableRefusalData_logId:7,2A]
6546008,511,9:2:14,4,[AvailableRefusalData_logId:7,0A,1A,2A,true,20]
6546008,512,9:2:17,4,[]
6546008,515,9:2:17,4,[60,0]
6546008,516,9:2:18,4,[]
6546008,517,9:2:20,4,[]
6546008,1005,9:2:20,4,[3,0,2]
6546008,1000,9:2:23,4,[]
6546008,500,9:2:23,4,[]
6546008,501,9:2:25,4,[]
6546008,502,9:2:27,4,[IntentionData_logId:1,true]
6546008,503,9:2:29,4,[]
6546008,504,9:2:59,4,[InfluenceData_logId:0]
6546008,504,9:3:1,4,[InfluenceData_logId:4]
6546008,504,9:3:3,4,[InfluenceData_logId:6]
6546008,505,9:3:4,4,[InfluenceData_logId:0,true,InfluenceData_logId:4,true,InfluenceData_logId:6,true]
6546008,506,9:3:5,4,[]
6546008,507,9:3:11,4,[OpponentAttackData_logId:0,OpponentAttackTypeData_logId:1,true,0]
6546008,508,9:3:13,4,[]
6546008,509,9:3:18,4,[RefusalData_logId:4,2]
6546008,510,9:3:24,4,[AvailableRefusalData_logId:4,0A]
6546008,510,9:3:28,4,[AvailableRefusalData_logId:4,1A]
6546008,510,9:3:29,4,[AvailableRefusalData_logId:4,2A]
6546008,511,9:3:29,4,[AvailableRefusalData_logId:4,0A,1A,2A,true,50]
6546008,512,9:3:32,4,[]
6546008,513,9:3:32,4,[0]
6546008,514,9:3:33,4,[]
6546008,507,9:3:38,4,[OpponentAttackData_logId:1,OpponentAttackTypeData_logId:2,true,0]
6546008,508,9:3:40,4,[]
6546008,509,9:3:44,4,[RefusalData_logId:2,1]
6546008,510,9:3:48,4,[AvailableRefusalData_logId:2,0A]
6546008,510,9:3:48,4,[AvailableRefusalData_logId:2,1A]
6546008,510,9:3:49,4,[AvailableRefusalData_logId:2,2A]
6546008,511,9:3:49,4,[AvailableRefusalData_logId:2,0A,1A,2A,true,30]
6546008,512,9:3:52,4,[]
6546008,513,9:3:52,4,[0]
6546008,514,9:3:53,4,[]
6546008,507,9:3:58,4,[OpponentAttackData_logId:3,OpponentAttackTypeData_logId:3,true,0]
6546008,508,9:4:0,4,[]
6546008,509,9:4:3,4,[RefusalData_logId:7,0]
6546008,510,9:5:54,4,[AvailableRefusalData_logId:7,0A]
6546008,510,9:5:54,4,[AvailableRefusalData_logId:7,1A]
6546008,510,9:5:55,4,[AvailableRefusalData_logId:7,2A]
6546008,511,9:5:55,4,[AvailableRefusalData_logId:7,0A,1A,2A,true,20]
6546008,512,9:5:58,4,[]
6546008,515,9:5:58,4,[150,0]
6546008,516,9:6:1,4,[]
6546008,517,9:6:6,4,[]
6546008,1005,9:6:6,4,[3,2,3]
6546008,1001,9:6:8,4,[]
6546008,1003,9:6:8,3
6546008,210,9:6:13,946,424
6546008,211,9:6:15,1075,542
6546008,221,9:6:15,4
6546008,220,9:6:22,4
6546008,210,9:6:23,929,430
6546008,207,9:6:25,4,-200,0
6546008,211,9:6:26,296,497
6546008,212,9:6:27,0
6546008,210,9:6:27,621,389
6546008,207,9:6:29,4,0,-450
6546008,207,9:6:30,4,-450,-300
6546008,211,9:6:35,1346,590
6546008,207,9:6:35,4,-300,-345
6546008,210,9:6:35,1391,571
6546008,207,9:6:36,4,-345,-495
6546008,207,9:6:36,4,-495,-512
6546008,211,9:6:37,1533,403
6546008,210,9:6:38,1534,129
6546008,211,9:6:38,1534,139
6546008,210,9:6:38,1521,280
6546008,211,9:6:41,1283,359
6546008,213,9:6:41,4,s_window_M_G9a0,true
6546008,210,9:6:44,1234,369
6546008,207,9:7:0,4,-512,0
6546008,211,9:7:4,211,466
6546008,210,9:7:28,538,436
6546008,211,9:7:32,343,437
6546008,213,9:7:32,4,s_clock_M_G9a0,true
6546008,1003,9:7:36,0
6546008,1004,9:7:37,1
6546008,400,9:7:40,1,[]
6546008,401,9:7:42,1,[StatementsData_logId:0]
6546008,402,9:7:46,1,[StatementsData_logId:0,true]
6546008,405,9:7:47,1,[StatementsData_logId:0]
6546008,406,9:7:48,1,[StatementsData_logId:0,2]
6546008,411,9:7:50,1,[StatementsData_logId:0]
6546008,401,9:7:50,1,[StatementsData_logId:1]
6546008,402,9:7:51,1,[StatementsData_logId:1,true]
6546008,405,9:7:52,1,[StatementsData_logId:1]
6546008,406,9:7:53,1,[StatementsData_logId:1,2]
6546008,411,9:7:54,1,[StatementsData_logId:1]
6546008,401,9:7:55,1,[StatementsData_logId:2]
6546008,403,9:7:56,1,[StatementsData_logId:2,true]
6546008,405,9:7:56,1,[StatementsData_logId:2]
6546008,406,9:7:57,1,[StatementsData_logId:2,2]
6546008,407,9:7:57,1,[StatementsData_logId:2,FactCardData_id:24]
6546008,407,9:7:57,1,[StatementsData_logId:2,FactCardData_id:20]
6546008,407,9:7:57,1,[StatementsData_logId:2,FactCardData_id:25]
6546008,407,9:7:57,1,[StatementsData_logId:2,FactCardData_id:22]
6546008,407,9:7:57,1,[StatementsData_logId:2,FactCardData_id:23]
6546008,407,9:7:57,1,[StatementsData_logId:2,FactCardData_id:26]
6546008,407,9:8:1,1,[StatementsData_logId:2,FactCardData_id:24]
6546008,407,9:8:1,1,[StatementsData_logId:2,FactCardData_id:24]
6546008,408,9:8:2,1,[StatementsData_logId:2,FactCardData_id:24,true]
6546008,409,9:8:2,1,[StatementsData_logId:2]
6546008,410,9:8:3,1,[StatementsData_logId:2,2]
6546008,412,9:8:4,1,[StatementsData_logId:2]
6546008,413,9:8:5,1,[StatementsData_logId:2,DuelResponsesData_logId:0]
6546008,414,9:8:6,1,[StatementsData_logId:2,DuelResponsesData_logId:0]
6546008,415,9:8:11,1,[StatementsData_logId:2,DuelResponsesData_logId:0,DuelResponsesData_witty_player_response]
6546008,416,9:8:12,1,[StatementsData_logId:2,DuelResponsesData_logId:0]
6546008,417,9:8:13,1,[StatementsData_logId:2,DuelResponsesData_logId:0]
6546008,413,9:8:13,1,[StatementsData_logId:2,DuelResponsesData_logId:1]
6546008,414,9:8:14,1,[StatementsData_logId:2,DuelResponsesData_logId:1]
6546008,415,9:8:20,1,[StatementsData_logId:2,DuelResponsesData_logId:1,DuelResponsesData_ok_player_response]
6546008,416,9:8:20,1,[StatementsData_logId:2,DuelResponsesData_logId:1]
6546008,417,9:8:21,1,[StatementsData_logId:2,DuelResponsesData_logId:1]
6546008,413,9:8:22,1,[StatementsData_logId:2,DuelResponsesData_logId:2]
6546008,414,9:8:23,1,[StatementsData_logId:2,DuelResponsesData_logId:2]
6546008,415,9:8:32,1,[StatementsData_logId:2,DuelResponsesData_logId:2,DuelResponsesData_witty_player_response]
6546008,416,9:8:33,1,[StatementsData_logId:2,DuelResponsesData_logId:2]
6546008,417,9:8:34,1,[StatementsData_logId:2,DuelResponsesData_logId:2]
6546008,418,9:8:34,1,[StatementsData_logId:2,true]
6546008,419,9:8:35,1,[StatementsData_logId:2,4]
6546008,411,9:8:35,1,[StatementsData_logId:2]
6546008,401,9:8:42,1,[StatementsData_logId:3]
6546008,402,9:8:43,1,[StatementsData_logId:3,true]
6546008,405,9:8:43,1,[StatementsData_logId:3]
6546008,406,9:8:44,1,[StatementsData_logId:3,2]
6546008,411,9:8:46,1,[StatementsData_logId:3]
6546008,401,9:8:48,1,[StatementsData_logId:4]
6546008,403,9:8:51,1,[StatementsData_logId:4,true]
6546008,405,9:8:51,1,[StatementsData_logId:4]
6546008,406,9:8:52,1,[StatementsData_logId:4,2]
6546008,407,9:8:52,1,[StatementsData_logId:4,FactCardData_id:23]
6546008,407,9:8:52,1,[StatementsData_logId:4,FactCardData_id:22]
6546008,407,9:8:52,1,[StatementsData_logId:4,FactCardData_id:26]
6546008,407,9:8:52,1,[StatementsData_logId:4,FactCardData_id:24]
6546008,407,9:8:52,1,[StatementsData_logId:4,FactCardData_id:20]
6546008,407,9:8:52,1,[StatementsData_logId:4,FactCardData_id:25]
6546008,407,9:8:58,1,[StatementsData_logId:4,FactCardData_id:25]
6546008,407,9:8:58,1,[StatementsData_logId:4,FactCardData_id:25]
6546008,408,9:8:58,1,[StatementsData_logId:4,FactCardData_id:25,false]
6546008,406,9:9:2,1,[StatementsData_logId:4,-2]
6546008,411,9:9:3,1,[StatementsData_logId:4]
6546008,401,9:9:4,1,[StatementsData_logId:5]
6546008,404,9:9:12,1,[StatementsData_logId:5,true]
6546008,406,9:9:13,1,[StatementsData_logId:5,2]
6546008,412,9:9:14,1,[StatementsData_logId:5]
6546008,413,9:9:15,1,[StatementsData_logId:5,DuelResponsesData_logId:6]
6546008,414,9:9:16,1,[StatementsData_logId:5,DuelResponsesData_logId:6]
6546008,415,9:9:25,1,[StatementsData_logId:5,DuelResponsesData_logId:6,DuelResponsesData_lame_player_response]
6546008,416,9:9:26,1,[StatementsData_logId:5,DuelResponsesData_logId:6]
6546008,417,9:9:27,1,[StatementsData_logId:5,DuelResponsesData_logId:6]
6546008,413,9:9:29,1,[StatementsData_logId:5,DuelResponsesData_logId:7]
6546008,414,9:9:30,1,[StatementsData_logId:5,DuelResponsesData_logId:7]
6546008,415,9:9:35,1,[StatementsData_logId:5,DuelResponsesData_logId:7,DuelResponsesData_lame_player_response]
6546008,416,9:9:36,1,[StatementsData_logId:5,DuelResponsesData_logId:7]
6546008,417,9:9:38,1,[StatementsData_logId:5,DuelResponsesData_logId:7]
6546008,413,9:9:39,1,[StatementsData_logId:5,DuelResponsesData_logId:8]
6546008,414,9:9:40,1,[StatementsData_logId:5,DuelResponsesData_logId:8]
6546008,415,9:9:56,1,[StatementsData_logId:5,DuelResponsesData_logId:8,DuelResponsesData_lame_player_response]
6546008,416,9:9:56,1,[StatementsData_logId:5,DuelResponsesData_logId:8]
6546008,417,9:9:57,1,[StatementsData_logId:5,DuelResponsesData_logId:8]
6546008,418,9:9:57,1,[StatementsData_logId:5,false]
6546008,1002,9:10:0,1
6546008,1003,9:10:0,0
6546008,219,9:11:4,4
6546008,216,9:11:5,Stack_G9a1N
6546008,217,9:11:15,Stack_G9a1N,8.7,0.00
6546008,218,9:11:18,4
6546008,210,9:11:19,916,400
6546008,211,9:11:23,645,355
6546008,213,9:11:23,4,s_kid4_G9a1N,true
6546008,210,9:11:27,876,403
6546008,211,9:11:28,922,447
6546008,210,9:11:28,885,388
6546008,211,9:11:29,893,335
6546008,210,9:11:30,853,328
6546008,211,9:11:32,550,316
6546008,213,9:11:32,4,s_bathingSuits_G9a1N,true
6546008,210,9:11:35,582,335
6546008,207,9:11:37,4,-200,-20
6546008,207,9:11:38,4,-20,0
6546008,211,9:11:42,631,313
6546008,213,9:11:42,4,s_kid4_G9a1N,true
6546008,210,9:11:44,620,391
6546008,211,9:11:46,683,178
6546008,213,9:11:46,4,s_fence_G9a1N,true
6546008,210,9:11:51,812,345
6546008,207,9:11:54,4,0,-945
6546008,207,9:11:54,4,-945,-1031.4
6546008,211,9:11:59,1374,571
6546008,212,9:12:0,1
6546008,210,9:12:0,1781,444
6546008,211,9:12:3,1130,472
6546008,213,9:12:3,4,c_cousinsBrothersFriend_a_G9a1N,true
6546008,210,9:12:6,1601,355
6546008,211,9:12:7,1617,170
6546008,213,9:12:7,4,s_potSmokeCloud_G9a1N,true
6546008,210,9:12:9,1786,296
6546008,207,9:12:13,4,-1031.4,-581.4
6546008,207,9:12:15,4,-581.4,0
6546008,211,9:12:17,243,343
6546008,213,9:12:17,4,s_kid3_G9a1N,true
6546008,205,9:12:17,4,s_kid3_G9a1N,false,false
6546008,210,9:12:20,155,462
6546008,211,9:12:27,839,202
6546008,213,9:12:27,4,s_policeCar_G9a1N,true
6546008,210,9:12:30,894,280
6546008,211,9:12:31,814,463
6546008,212,9:12:32,2
6546008,210,9:12:32,1050,343
6546008,207,9:12:33,4,0,-135
6546008,211,9:12:36,356,345
6546008,210,9:12:37,366,364
6546008,211,9:12:37,361,343
6546008,213,9:12:37,4,c_cousin_M_a_G9a1N,true
6546008,205,9:12:37,4,c_cousin_M_a_G9a1N,false,false
6546008,210,9:12:41,500,389
6546008,207,9:12:42,4,-135,0
6546008,211,9:12:46,634,520
6546008,210,9:12:47,739,397
6546008,207,9:12:50,4,0,-1031.4
6546008,211,9:12:51,2029,332
6546008,213,9:12:51,4,s_poolNight_ruleSign_G9a1N,true
6546008,212,9:12:56,0
6546008,210,9:12:57,1935,460
6546008,207,9:13:0,4,-1031.4,-926.4
6546008,207,9:13:1,4,-926.4,-701.4
6546008,207,9:13:3,4,-701.4,-416.4
6546008,211,9:13:4,343,534
6546008,207,9:13:4,4,-416.4,-326.4
6546008,207,9:13:5,4,-326.4,-266.4
6546008,210,9:13:5,338,426
6546008,207,9:13:5,4,-266.4,-116.4
6546008,207,9:13:6,4,-116.4,0
6546008,207,9:13:13,4,0,-1031.4
6546008,211,9:13:17,1311,419
6546008,210,9:13:20,1534,363
6546008,211,9:13:21,1188,189
6546008,213,9:13:21,4,s_fence_G9a1N,true
6546008,1003,9:13:24,0
6546008,1004,9:13:52,1
6546008,400,9:13:54,1,[]
6546008,401,9:13:55,1,[StatementsData_logId:0]
6546008,402,9:13:58,1,[StatementsData_logId:0,true]
6546008,405,9:13:58,1,[StatementsData_logId:0]
6546008,406,9:13:59,1,[StatementsData_logId:0,2]
6546008,411,9:14:0,1,[StatementsData_logId:0]
6546008,401,9:14:0,1,[StatementsData_logId:1]
6546008,402,9:14:1,1,[StatementsData_logId:1,true]
6546008,405,9:14:2,1,[StatementsData_logId:1]
6546008,406,9:14:3,1,[StatementsData_logId:1,2]
6546008,411,9:14:4,1,[StatementsData_logId:1]
6546008,401,9:14:5,1,[StatementsData_logId:2]
6546008,403,9:14:6,1,[StatementsData_logId:2,true]
6546008,405,9:14:6,1,[StatementsData_logId:2]
6546008,406,9:14:7,1,[StatementsData_logId:2,2]
6546008,407,9:14:7,1,[StatementsData_logId:2,FactCardData_id:23]
6546008,407,9:14:7,1,[StatementsData_logId:2,FactCardData_id:25]
6546008,407,9:14:7,1,[StatementsData_logId:2,FactCardData_id:22]
6546008,407,9:14:7,1,[StatementsData_logId:2,FactCardData_id:20]
6546008,407,9:14:7,1,[StatementsData_logId:2,FactCardData_id:24]
6546008,407,9:14:7,1,[StatementsData_logId:2,FactCardData_id:26]
6546008,407,9:14:9,1,[StatementsData_logId:2,FactCardData_id:24]
6546008,407,9:14:9,1,[StatementsData_logId:2,FactCardData_id:24]
6546008,408,9:14:10,1,[StatementsData_logId:2,FactCardData_id:24,true]
6546008,409,9:14:10,1,[StatementsData_logId:2]
6546008,410,9:14:11,1,[StatementsData_logId:2,2]
6546008,412,9:14:11,1,[StatementsData_logId:2]
6546008,413,9:14:12,1,[StatementsData_logId:2,DuelResponsesData_logId:0]
6546008,414,9:14:12,1,[StatementsData_logId:2,DuelResponsesData_logId:0]
6546008,415,9:14:14,1,[StatementsData_logId:2,DuelResponsesData_logId:0,DuelResponsesData_witty_player_response]
6546008,416,9:14:15,1,[StatementsData_logId:2,DuelResponsesData_logId:0]
6546008,417,9:14:15,1,[StatementsData_logId:2,DuelResponsesData_logId:0]
6546008,413,9:14:16,1,[StatementsData_logId:2,DuelResponsesData_logId:1]
6546008,414,9:14:17,1,[StatementsData_logId:2,DuelResponsesData_logId:1]
6546008,415,9:14:19,1,[StatementsData_logId:2,DuelResponsesData_logId:1,DuelResponsesData_witty_player_response]
6546008,416,9:14:20,1,[StatementsData_logId:2,DuelResponsesData_logId:1]
6546008,417,9:14:20,1,[StatementsData_logId:2,DuelResponsesData_logId:1]
6546008,413,9:14:21,1,[StatementsData_logId:2,DuelResponsesData_logId:2]
6546008,414,9:14:22,1,[StatementsData_logId:2,DuelResponsesData_logId:2]
6546008,415,9:14:26,1,[StatementsData_logId:2,DuelResponsesData_logId:2,DuelResponsesData_witty_player_response]
6546008,416,9:14:26,1,[StatementsData_logId:2,DuelResponsesData_logId:2]
6546008,417,9:14:27,1,[StatementsData_logId:2,DuelResponsesData_logId:2]
6546008,418,9:14:27,1,[StatementsData_logId:2,true]
6546008,419,9:14:28,1,[StatementsData_logId:2,4]
6546008,411,9:14:30,1,[StatementsData_logId:2]
6546008,401,9:14:30,1,[StatementsData_logId:3]
6546008,404,9:14:31,1,[StatementsData_logId:3,false]
6546008,1002,9:14:46,1
6546008,1003,9:14:46,0
6546008,1004,9:14:48,2
6546008,400,9:14:51,2,[]
6546008,401,9:15:2,2,[StatementsData_logId:0]
6546008,403,9:15:3,2,[StatementsData_logId:0,true]
6546008,405,9:15:4,2,[StatementsData_logId:0]
6546008,406,9:15:5,2,[StatementsData_logId:0,2]
6546008,407,9:15:5,2,[StatementsData_logId:0,FactCardData_id:18]
6546008,407,9:15:5,2,[StatementsData_logId:0,FactCardData_id:21]
6546008,407,9:15:5,2,[StatementsData_logId:0,FactCardData_id:22]
6546008,407,9:15:5,2,[StatementsData_logId:0,FactCardData_id:19]
6546008,407,9:15:5,2,[StatementsData_logId:0,FactCardData_id:24]
6546008,407,9:15:5,2,[StatementsData_logId:0,FactCardData_id:20]
6546008,407,9:15:18,2,[StatementsData_logId:0,FactCardData_id:24]
6546008,407,9:15:18,2,[StatementsData_logId:0,FactCardData_id:24]
6546008,408,9:15:18,2,[StatementsData_logId:0,FactCardData_id:24,false]
6546008,1002,9:15:46,2
6546008,1003,9:15:46,0
6546008,204,9:16:1,4
6546008,300,9:16:4
6546008,301,9:16:6,2
6546008,302,9:17:16,2,0,0,5
6546008,302,9:17:17,2,0,0,4
6546008,302,9:17:24,2,0,0,9
6546008,304,9:17:25,2,0,0,2,beast,9,beast
6546008,304,9:17:37,2,0,0,9,beast,9,beast
6546008,302,9:17:47,2,1,0,5
6546008,305,9:17:49,2,1,0,0,rocky
6546008,302,9:17:53,2,4,0,1
6546008,302,9:17:55,2,4,0,3
6546008,304,9:18:0,2,4,0,0,,3,
6546008,302,9:18:8,2,4,1,2
6546008,302,9:18:10,2,4,1,0
6546008,304,9:18:10,2,4,1,0,,0,
6546008,302,9:18:13,2,1,0,5
6546008,302,9:18:16,2,1,0,10
6546008,303,9:18:18,2,1,0,10
6546008,304,9:18:25,2,1,0,0,rocky,10,fat ass
6546008,305,9:18:32,2,1,0,10,fat ass
6546008,303,9:18:40,2,0,0,9
6546008,304,9:18:50,2,0,0,9,beast,9,for ass wipes
6546008,302,9:18:59,2,5,0,9
6546008,304,9:19:1,2,5,0,6,,9,
6546008,302,9:19:6,2,5,0,1
6546008,304,9:19:7,2,5,0,9,,1,
6546008,302,9:19:12,2,2,0,4
6546008,302,9:19:13,2,2,0,5
6546008,304,9:19:14,2,2,0,16,,5,
6546008,302,9:19:17,2,3,0,3
6546008,304,9:19:17,2,3,0,0,,3,
6546008,303,9:19:30,2,1,0,10
6546008,304,9:19:32,2,1,0,10,fat ass,10,fat ass
6546008,303,9:19:36,2,0,0,9
6546008,304,9:19:40,2,0,0,9,for ass wipes,9,for ass wipes
6546008,303,9:19:49,2,0,0,9
6546008,302,9:19:58,2,0,0,5
6546008,302,9:19:59,2,0,0,3
6546008,304,9:20:0,2,0,0,9,for ass wipes,3,beast
6546008,302,9:20:3,2,1,0,5
6546008,302,9:20:4,2,1,0,4
6546008,303,9:20:7,2,1,0,4
6546008,304,9:20:18,2,1,0,10,fat ass,4,cute chicken
6546008,302,9:20:28,2,3,0,2
6546008,302,9:20:29,2,3,0,0
6546008,304,9:20:31,2,3,0,3,,0,
6546008,302,9:20:34,2,2,0,3
6546008,302,9:20:36,2,2,0,16
6546008,304,9:20:37,2,2,0,5,,16,
6546008,302,9:20:45,2,1,0,0
6546008,302,9:20:47,2,1,0,5
6546008,302,9:20:48,2,1,0,3
6546008,303,9:20:51,2,1,0,3
6546008,304,9:21:3,2,1,0,4,cute chicken,3,rocky
6546008,100,9:22:9,2
6546008,102,9:22:10,2
6546008,200,9:22:10,2,3,6,12,9,12
6546008,210,9:22:13,504,495
6546008,207,9:22:16,2,-200,0
6546008,211,9:22:18,946,290
6546008,210,9:22:22,703,493
6546008,207,9:22:28,2,-200,-492
6546008,211,9:22:29,1376,508
6546008,210,9:22:30,914,232
6546008,211,9:22:31,871,212
6546008,213,9:22:31,2,c_crush2_M_a_G8a1N,true
6546008,213,9:22:34,2,c_crush2_M_a_G8a1N,true
6546008,210,9:22:53,368,379
6546008,211,9:22:55,379,459
6546008,213,9:22:55,2,c_nurse_a_G8a3N,true
6546008,1003,9:23:1,0
6546008,1004,9:23:4,1
6546008,400,9:23:7,1,[]
6546008,401,9:23:11,1,[StatementsData_logId:0]
6546008,402,9:23:11,1,[StatementsData_logId:0,true]
6546008,405,9:23:12,1,[StatementsData_logId:0]
6546008,406,9:23:16,1,[StatementsData_logId:0,2]
6546008,411,9:23:17,1,[StatementsData_logId:0]
6546008,401,9:23:18,1,[StatementsData_logId:1]
6546008,402,9:23:20,1,[StatementsData_logId:1,true]
6546008,405,9:23:21,1,[StatementsData_logId:1]
6546008,406,9:23:24,1,[StatementsData_logId:1,2]
6546008,411,9:23:25,1,[StatementsData_logId:1]
6546008,401,9:23:26,1,[StatementsData_logId:2]
6546008,403,9:23:26,1,[StatementsData_logId:2,true]
6546008,405,9:23:27,1,[StatementsData_logId:2]
6546008,406,9:23:29,1,[StatementsData_logId:2,2]
6546008,407,9:23:29,1,[StatementsData_logId:2,FactCardData_id:22]
6546008,407,9:23:29,1,[StatementsData_logId:2,FactCardData_id:25]
6546008,407,9:23:29,1,[StatementsData_logId:2,FactCardData_id:20]
6546008,407,9:23:29,1,[StatementsData_logId:2,FactCardData_id:23]
6546008,407,9:23:29,1,[StatementsData_logId:2,FactCardData_id:26]
6546008,407,9:23:29,1,[StatementsData_logId:2,FactCardData_id:24]
6546008,407,9:23:31,1,[StatementsData_logId:2,FactCardData_id:25]
6546008,407,9:23:31,1,[StatementsData_logId:2,FactCardData_id:25]
6546008,408,9:23:32,1,[StatementsData_logId:2,FactCardData_id:25,false]
6546008,406,9:23:36,1,[StatementsData_logId:2,-2]
6546008,411,9:23:37,1,[StatementsData_logId:2]
6546008,401,9:23:38,1,[StatementsData_logId:3]
6546008,402,9:23:42,1,[StatementsData_logId:3,true]
6546008,405,9:23:43,1,[StatementsData_logId:3]
6546008,406,9:23:46,1,[StatementsData_logId:3,2]
6546008,411,9:23:48,1,[StatementsData_logId:3]
6546008,401,9:23:50,1,[StatementsData_logId:4]
6546008,402,9:23:53,1,[StatementsData_logId:4,false]
6546008,405,9:23:54,1,[StatementsData_logId:4]
6546008,406,9:23:55,1,[StatementsData_logId:4,-2]
6546008,411,9:23:56,1,[StatementsData_logId:4]
6546008,401,9:23:57,1,[StatementsData_logId:5]
6546008,404,9:23:57,1,[StatementsData_logId:5,true]
6546008,406,9:23:58,1,[StatementsData_logId:5,2]
6546008,412,9:23:58,1,[StatementsData_logId:5]
6546008,413,9:23:58,1,[StatementsData_logId:5,DuelResponsesData_logId:6]
6546008,414,9:23:58,1,[StatementsData_logId:5,DuelResponsesData_logId:6]
6546008,415,9:23:58,1,[StatementsData_logId:5,DuelResponsesData_logId:6,DuelResponsesData_witty_player_response]
6546008,416,9:23:58,1,[StatementsData_logId:5,DuelResponsesData_logId:6]
6546008,417,9:23:59,1,[StatementsData_logId:5,DuelResponsesData_logId:6]
6546008,413,9:23:59,1,[StatementsData_logId:5,DuelResponsesData_logId:7]
6546008,414,9:23:59,1,[StatementsData_logId:5,DuelResponsesData_logId:7]
6546008,415,9:23:59,1,[StatementsData_logId:5,DuelResponsesData_logId:7,DuelResponsesData_lame_player_response]
6546008,416,9:23:59,1,[StatementsData_logId:5,DuelResponsesData_logId:7]
6546008,417,9:24:0,1,[StatementsData_logId:5,DuelResponsesData_logId:7]
6546008,413,9:24:0,1,[StatementsData_logId:5,DuelResponsesData_logId:8]
6546008,414,9:24:0,1,[StatementsData_logId:5,DuelResponsesData_logId:8]
6546008,415,9:24:0,1,[StatementsData_logId:5,DuelResponsesData_logId:8,DuelResponsesData_witty_player_response]
6546008,416,9:24:0,1,[StatementsData_logId:5,DuelResponsesData_logId:8]
6546008,417,9:24:1,1,[StatementsData_logId:5,DuelResponsesData_logId:8]
6546008,418,9:24:1,1,[StatementsData_logId:5,true]
6546008,419,9:24:1,1,[StatementsData_logId:5,4]
6546008,411,9:24:2,1,[StatementsData_logId:5]
6546008,420,9:24:2,1,[38]
6546008,1005,9:24:2,1,[0,0,1]
6546008,1001,9:24:6,1,[]
6546008,1003,9:24:6,0
6546008,210,9:24:12,553,409
6546008,211,9:24:14,786,411
6546008,213,9:24:14,2,c_nurse_a_G8a3N,true
6546008,205,9:24:14,2,c_nurse_a_G8a3N,false,false
6546008,210,9:24:18,1105,240
6546008,207,9:24:23,2,-200,0
6546008,207,9:24:27,2,0,-492
6546008,207,9:24:33,2,-492,0
6546008,211,9:24:40,68,270
6546008,212,9:24:42,1
6546008,210,9:24:43,408,336
6546008,211,9:24:44,408,457
6546008,213,9:24:44,2,s_mirror_lati_M_a_G8a3N,true
6546008,205,9:24:44,2,s_mirror_lati_M_a_G8a3N,false,false
6546008,210,9:24:47,425,422
6546008,211,9:24:53,1323,140
6546008,207,9:24:53,2,0,-315
6546008,210,9:24:54,1383,140
6546008,207,9:24:54,2,-315,-492
6546008,211,9:24:59,1146,492
6546008,213,9:24:59,2,s_phone_G8a3N,true
6546008,210,9:25:1,1048,432
6546008,211,9:25:9,915,158
6546008,212,9:25:17,2
6546008,210,9:25:19,1168,472
6546008,211,9:25:21,1247,476
6546008,210,9:25:21,1245,560
6546008,207,9:25:24,2,-492,-297
6546008,211,9:25:25,538,294
6546008,210,9:25:29,507,589
6546008,211,9:25:31,573,661
6546008,212,9:25:32,1
6546008,210,9:25:33,634,589
6546008,211,9:25:34,572,609
6546008,213,9:25:34,2,s_dirtyClothes_gen,true
6546008,205,9:25:34,2,s_dirtyClothes_gen,false,true
6546008,210,9:25:41,1121,545
6546008,207,9:25:43,2,-200,-470
6546008,207,9:25:46,2,-470,-492
6546008,211,9:25:50,1126,298
6546008,210,9:26:3,995,142
6546008,207,9:26:5,2,-492,-12
6546008,207,9:26:7,2,-12,-492
6546008,211,9:26:10,1259,193
6546008,210,9:26:11,1229,157
6546008,211,9:26:14,716,534
6546008,213,9:26:14,2,c_crush2_M_a_G8a1N,true
6546008,210,9:26:18,1133,247
6546008,211,9:26:21,1489,392
6546008,210,9:26:21,1379,222
6546008,211,9:26:22,1379,222
6546008,210,9:26:22,1263,250
6546008,211,9:26:22,1285,272
6546008,210,9:26:23,1447,130
6546008,211,9:26:23,1506,-28
6546008,210,9:26:25,1214,119
6546008,211,9:26:25,1272,119
6546008,210,9:26:26,426,353
6546008,211,9:26:26,408,355
6546008,207,9:26:26,2,-492,-402
6546008,210,9:28:41,776,465
6546008,211,9:28:46,1130,217
6546008,210,9:30:5,1131,568
6546008,207,9:30:9,2,-402,0
6546008,211,9:30:17,722,589
6546008,213,9:30:17,2,c_crush2_M_a_G8a1N,true
6546008,221,9:30:23,2
6546008,300,9:30:26
6546008,220,9:30:26,2
6546008,210,9:30:39,564,472
6546008,211,9:30:41,601,450
6546008,204,9:30:42,2
6546008,1003,9:32:29,0
6546008,1003,9:32:36,1
6546008,1004,9:32:38,1
6546008,800,9:32:41,1,[]
6546008,801,9:32:44,1,[]
6546008,814,9:32:47,1,[0]
6546008,815,9:32:47,1,0,OpportunityCardData_id:0
6546008,815,9:32:50,1,0,OpportunityCardData_id:1
6546008,815,9:32:53,1,0,OpportunityCardData_id:2
6546008,816,9:32:58,1,0,OpportunityCardData_id:2
6546008,805,9:32:59,1,[OpportunityCardData_id:2]
6546008,807,9:33:0,1,[OpportunityCardData_id:2]
6546008,808,9:33:2,1,[OpportunityCardData_id:2]
6546008,809,9:33:7,1,[OpportunityCardData_id:2,Safe,false]
6546008,810,9:33:8,1,[OpportunityCardData_id:2,PriorityData_type:0,10,Safe,Safe]
6546008,814,9:33:15,1,[3]
6546008,815,9:33:15,1,3,OpportunityCardData_id:19
6546008,815,9:33:17,1,3,OpportunityCardData_id:20
6546008,815,9:33:18,1,3,OpportunityCardData_id:21
6546008,815,9:33:19,1,3,OpportunityCardData_id:23
6546008,815,9:33:19,1,3,OpportunityCardData_id:24
6546008,815,9:33:20,1,3,OpportunityCardData_id:25
6546008,815,9:33:20,1,3,OpportunityCardData_id:19
6546008,815,9:33:20,1,3,OpportunityCardData_id:20
6546008,815,9:33:21,1,3,OpportunityCardData_id:19
6546008,816,9:33:24,1,3,OpportunityCardData_id:19
6546008,805,9:33:26,1,[OpportunityCardData_id:19]
6546008,807,9:33:27,1,[OpportunityCardData_id:19]
6546008,808,9:33:29,1,[OpportunityCardData_id:19]
6546008,809,9:33:33,1,[OpportunityCardData_id:19,PriorityData_type:0,false]
6546008,810,9:33:34,1,[OpportunityCardData_id:19,PriorityData_type:3,25,PriorityData_type:0,35]
6546008,814,9:33:41,1,[0]
6546008,815,9:33:41,1,0,OpportunityCardData_id:0
6546008,815,9:33:42,1,0,OpportunityCardData_id:1
6546008,815,9:33:42,1,0,OpportunityCardData_id:3
6546008,815,9:33:43,1,0,OpportunityCardData_id:4
6546008,815,9:33:43,1,0,OpportunityCardData_id:5
6546008,815,9:33:44,1,0,OpportunityCardData_id:4
6546008,815,9:33:47,1,0,OpportunityCardData_id:5
6546008,815,9:33:48,1,0,OpportunityCardData_id:4
6546008,816,9:33:49,1,0,OpportunityCardData_id:4
6546008,805,9:33:50,1,[OpportunityCardData_id:4]
6546008,807,9:33:50,1,[OpportunityCardData_id:4]
6546008,808,9:33:53,1,[OpportunityCardData_id:4]
6546008,809,9:33:56,1,[OpportunityCardData_id:4,PriorityData_type:3,false]
6546008,810,9:33:58,1,[OpportunityCardData_id:4,PriorityData_type:0,25,PriorityData_type:3,15]
6546008,814,9:34:2,1,[3]
6546008,815,9:34:2,1,3,OpportunityCardData_id:20
6546008,815,9:34:13,1,3,OpportunityCardData_id:21
6546008,815,9:34:15,1,3,OpportunityCardData_id:20
6546008,816,9:34:16,1,3,OpportunityCardData_id:20
6546008,805,9:34:17,1,[OpportunityCardData_id:20]
6546008,807,9:34:18,1,[OpportunityCardData_id:20]
6546008,808,9:34:20,1,[OpportunityCardData_id:20]
6546008,809,9:34:25,1,[OpportunityCardData_id:20,PriorityData_type:0,false]
6546008,810,9:34:26,1,[OpportunityCardData_id:20,PriorityData_type:3,15,PriorityData_type:0,25]
6546008,814,9:34:29,1,[3]
6546008,815,9:34:29,1,3,OpportunityCardData_id:21
6546008,816,9:34:32,1,3,OpportunityCardData_id:21
6546008,805,9:34:33,1,[OpportunityCardData_id:21]
6546008,807,9:34:34,1,[OpportunityCardData_id:21]
6546008,808,9:34:36,1,[OpportunityCardData_id:21]
6546008,809,9:34:40,1,[OpportunityCardData_id:21,Safe,false]
6546008,810,9:34:42,1,[OpportunityCardData_id:21,PriorityData_type:3,5,Safe,Safe]
6546008,814,9:34:47,1,[0]
6546008,815,9:34:47,1,0,OpportunityCardData_id:0
6546008,815,9:34:49,1,0,OpportunityCardData_id:1
6546008,815,9:34:49,1,0,OpportunityCardData_id:3
6546008,815,9:34:50,1,0,OpportunityCardData_id:1
6546008,815,9:34:51,1,0,OpportunityCardData_id:3
6546008,816,9:34:55,1,0,OpportunityCardData_id:3
6546008,805,9:34:56,1,[OpportunityCardData_id:3]
6546008,807,9:34:57,1,[OpportunityCardData_id:3]
6546008,808,9:34:59,1,[OpportunityCardData_id:3]
6546008,809,9:35:4,1,[OpportunityCardData_id:3,PriorityData_type:3,false]
6546008,810,9:35:6,1,[OpportunityCardData_id:3,PriorityData_type:0,10,PriorityData_type:3,10]
6546008,814,9:35:13,1,[0]
6546008,815,9:35:13,1,0,OpportunityCardData_id:0
6546008,816,9:35:16,1,0,OpportunityCardData_id:0
6546008,805,9:35:17,1,[OpportunityCardData_id:0]
6546008,807,9:35:19,1,[OpportunityCardData_id:0]
6546008,808,9:35:21,1,[OpportunityCardData_id:0]
6546008,809,9:35:25,1,[OpportunityCardData_id:0,PriorityData_type:3,false]
6546008,810,9:35:27,1,[OpportunityCardData_id:0,PriorityData_type:0,15,PriorityData_type:3,10]
6546008,814,9:35:33,1,[0]
6546008,815,9:35:33,1,0,OpportunityCardData_id:1
6546008,816,9:35:35,1,0,OpportunityCardData_id:1
6546008,805,9:35:36,1,[OpportunityCardData_id:1]
6546008,807,9:35:37,1,[OpportunityCardData_id:1]
6546008,808,9:35:39,1,[OpportunityCardData_id:1]
6546008,809,9:35:42,1,[OpportunityCardData_id:1,Safe,false]
6546008,810,9:35:43,1,[OpportunityCardData_id:1,PriorityData_type:0,15,Safe,Safe]
6546008,814,9:35:46,1,[3]
6546008,815,9:35:46,1,3,OpportunityCardData_id:23
6546008,815,9:35:52,1,3,OpportunityCardData_id:24
6546008,815,9:35:52,1,3,OpportunityCardData_id:25
6546008,815,9:35:53,1,3,OpportunityCardData_id:24
6546008,816,9:35:55,1,3,OpportunityCardData_id:24
6546008,805,9:35:56,1,[OpportunityCardData_id:24]
6546008,807,9:35:57,1,[OpportunityCardData_id:24]
6546008,808,9:35:59,1,[OpportunityCardData_id:24]
6546008,809,9:36:3,1,[OpportunityCardData_id:24,Safe,false]
6546008,810,9:36:4,1,[OpportunityCardData_id:24,PriorityData_type:3,10,Safe,Safe]
6546008,814,9:36:8,1,[3]
6546008,815,9:36:8,1,3,OpportunityCardData_id:23
6546008,815,9:36:10,1,3,OpportunityCardData_id:25
6546008,815,9:36:11,1,3,OpportunityCardData_id:23
6546008,816,9:36:12,1,3,OpportunityCardData_id:23
6546008,805,9:36:14,1,[OpportunityCardData_id:23]
6546008,807,9:36:15,1,[OpportunityCardData_id:23]
6546008,808,9:36:17,1,[OpportunityCardData_id:23]
6546008,809,9:36:21,1,[OpportunityCardData_id:23,PriorityData_type:2,false]
6546008,810,9:36:22,1,[OpportunityCardData_id:23,PriorityData_type:3,10,PriorityData_type:2,15]
6546008,818,9:36:26,1,2
6546008,811,9:36:28,1,[OpportunityCardData_id:23,PriorityData_type:0,70,75,PriorityData_type:3,80,80]
6546008,1005,9:36:28,1,[1,0,3]
6546008,1001,9:36:31,1,[]
6546008,1003,9:36:31,1
6546008,1004,9:36:32,2
6546008,800,9:36:35,2,[]
6546008,801,9:37:1,2,[]
6546008,1002,9:37:9,2
6546008,1003,9:37:9,1
6546008,1004,9:37:11,2
6546008,800,9:37:12,2,[]
6546008,801,9:37:16,2,[]
6546008,814,9:37:20,2,[3]
6546008,815,9:37:20,2,3,OpportunityCardData_id:19
6546008,815,9:37:21,2,3,OpportunityCardData_id:20
6546008,815,9:37:22,2,3,OpportunityCardData_id:21
6546008,816,9:37:24,2,3,OpportunityCardData_id:21
6546008,805,9:37:25,2,[OpportunityCardData_id:21]
6546008,807,9:37:26,2,[OpportunityCardData_id:21]
6546008,808,9:37:29,2,[OpportunityCardData_id:21]
6546008,809,9:37:33,2,[OpportunityCardData_id:21,PriorityData_type:0,false]
6546008,810,9:37:34,2,[OpportunityCardData_id:21,PriorityData_type:3,20,PriorityData_type:0,25]
6546008,814,9:37:38,2,[3]
6546008,815,9:37:38,2,3,OpportunityCardData_id:19
6546008,815,9:37:41,2,3,OpportunityCardData_id:20
6546008,815,9:37:43,2,3,OpportunityCardData_id:19
6546008,816,9:37:44,2,3,OpportunityCardData_id:19
6546008,805,9:37:45,2,[OpportunityCardData_id:19]
6546008,807,9:37:46,2,[OpportunityCardData_id:19]
6546008,808,9:37:48,2,[OpportunityCardData_id:19]
6546008,809,9:37:53,2,[OpportunityCardData_id:19,PriorityData_type:4,false]
6546008,810,9:37:54,2,[OpportunityCardData_id:19,PriorityData_type:3,15,PriorityData_type:4,15]
6546008,814,9:37:57,2,[4]
6546008,815,9:37:57,2,4,OpportunityCardData_id:22
6546008,815,9:37:58,2,4,OpportunityCardData_id:26
6546008,815,9:38:1,2,4,OpportunityCardData_id:27
6546008,815,9:38:3,2,4,OpportunityCardData_id:26
6546008,815,9:38:4,2,4,OpportunityCardData_id:22
6546008,815,9:38:7,2,4,OpportunityCardData_id:26
6546008,815,9:38:8,2,4,OpportunityCardData_id:22
6546008,816,9:38:9,2,4,OpportunityCardData_id:22
6546008,805,9:38:10,2,[OpportunityCardData_id:22]
6546008,807,9:38:11,2,[OpportunityCardData_id:22]
6546008,808,9:38:16,2,[OpportunityCardData_id:22]
6546008,809,9:38:20,2,[OpportunityCardData_id:22,Safe,false]
6546008,810,9:38:21,2,[OpportunityCardData_id:22,PriorityData_type:4,15,Safe,Safe]
6546008,814,9:38:23,2,[4]
6546008,815,9:38:24,2,4,OpportunityCardData_id:26
6546008,815,9:38:26,2,4,OpportunityCardData_id:27
6546008,815,9:38:27,2,4,OpportunityCardData_id:28
6546008,815,9:38:27,2,4,OpportunityCardData_id:29
6546008,815,9:38:29,2,4,OpportunityCardData_id:30
6546008,816,9:38:32,2,4,OpportunityCardData_id:30
6546008,805,9:38:34,2,[OpportunityCardData_id:30]
6546008,807,9:38:35,2,[OpportunityCardData_id:30]
6546008,808,9:38:37,2,[OpportunityCardData_id:30]
6546008,809,9:38:41,2,[OpportunityCardData_id:30,PriorityData_type:3,false]
6546008,810,9:38:43,2,[OpportunityCardData_id:30,PriorityData_type:4,10,PriorityData_type:3,20]
6546008,814,9:38:46,2,[3]
6546008,815,9:38:46,2,3,OpportunityCardData_id:20
6546008,815,9:38:47,2,3,OpportunityCardData_id:23
6546008,815,9:38:50,2,3,OpportunityCardData_id:24
6546008,817,9:39:12,2,3
6546008,103,9:39:18
6546008,105,9:39:19
6546008,703,9:39:22,[|| EpilogueItem ID: 0 unlocked: true ||,|| EpilogueItem ID: 1 unlocked: true ||,|| EpilogueItem ID: 2 unlocked: false ||,|| EpilogueItem ID: 3 unlocked: false ||,|| EpilogueItem ID: 4 unlocked: false ||,|| EpilogueItem ID: 5 unlocked: false ||,|| EpilogueItem ID: 6 unlocked: false ||,|| EpilogueItem ID: 7 unlocked: false ||,|| EpilogueItem ID: 8 unlocked: false ||,|| EpilogueItem ID: 9 unlocked: false ||,|| EpilogueItem ID: 10 unlocked: false ||,|| EpilogueItem ID: 11 unlocked: false ||,|| EpilogueItem ID: 12 unlocked: false ||,|| EpilogueItem ID: 13 unlocked: false ||,|| EpilogueItem ID: 14 unlocked: false ||,|| EpilogueItem ID: 15 unlocked: false ||,|| EpilogueItem ID: 16 unlocked: false ||,|| EpilogueItem ID: 17 unlocked: false ||,|| EpilogueItem ID: 18 unlocked: false ||,|| EpilogueItem ID: 19 unlocked: false ||,|| EpilogueItem ID: 20 unlocked: false ||,|| EpilogueItem ID: 21 unlocked: false ||,|| EpilogueItem ID: 22 unlocked: false ||,|| EpilogueItem ID: 23 unlocked: false ||,|| EpilogueItem ID: 24 unlocked: false ||],0.08
6546008,708,9:39:25
6546008,1,9:39:25,7/25/2013 10:14:52am,{"gameTime":34765473,"challengeStacks":[{"challengeScenes":[{"miniGameCards":[],"viewedAnimatic":true,"keyPoints":["c_bestFriend_M_a_G7a0","c_teacherEng_G7a0","s_flag_gen"],"unlocked":true,"touchableObjects":["c_bestFriend_M_a_G7a0","s_vocabAssignment_G7a0","c_teacherEng_G7a0","s_doorClassroom_G7a0","s_otherStudent1_G7a0","c_crewKid1_M_G7a0","c_friend1_M_a_G7a0","s_clock_G7a0","s_flag_gen","s_poePoster_gen","s_angelouPoster_gen","s_atwoodPoster_gen","s_shakespearePoster_gen"]},{"miniGameCards":[],"viewedAnimatic":true,"keyPoints":["c_teacherEng_G7a1N","s_paperPlayers_G7a1N","c_bestFriend_M_a_G7a1N"],"unlocked":true,"touchableObjects":["c_teacherEng_G7a1N","s_flag_gen","s_paperPlayers_G7a1N","s_otherStudent2_G7a1N","s_otherStudent1_G7a1N","c_crewKid1_M_G7a1N","c_bestFriend_M_a_G7a1N"]},{"miniGameCards":[],"viewedAnimatic":true,"keyPoints":["s_flag_gen","s_paperEnglish_gen","c_teacherEng_G7a1P","c_bestFriend_M_a_G7a1P"],"unlocked":true,"touchableObjects":["s_paperPlayers_G7a1P","s_flag_gen","s_clock_G7a1P","s_paperEnglish_gen","s_poePoster_gen","s_shakespearePoster_gen","s_angelouPoster_gen","s_atwoodPoster_gen","s_papersDetention_gen","c_teacherEng_G7a1P","c_bestFriend_M_a_G7a1P"]}],"stackSize":3,"resolved":true},{"challengeScenes":[{"miniGameCards":[],"viewedAnimatic":true,"keyPoints":["s_backpack_M_G7b0","c_kidSister_lati_a_G7b0","c_crewKid1_M_G7b0"],"unlocked":true,"touchableObjects":["c_crewKid2_M_G7b0","s_backpack_M_G7b0","c_cousinsBrother_a_G7b0","s_lifeguard_G7b0","s_snackBarWorker_G7b0","c_kidSister_lati_a_G7b0","c_cousin_M_a_G7b0","c_cousinsBrothersFriend_a_G7b0","c_cousinsBrothersFriendsGF_G7b0","c_crewKid1_M_G7b0"]},{"miniGameCards":[],"viewedAnimatic":true,"keyPoints":["s_sprayPaintCan_G7b1N","s_graffiti_G7b1N","s_brokenCarWindow_G7b1N","c_kidSister_lati_a_G7b1N","c_crewKid1_M_G7b1N"],"unlocked":true,"touchableObjects":["c_cousin_M_a_G7b1N","s_sprayPaintCan_G7b1N","c_policeOfficer_G7b1N","s_graffiti_G7b1N","c_crewKid2_M_a_G7b1N","s_cat_G7b1N","s_brokenCarWindow_G7b1N","c_kidSister_lati_a_G7b1N","c_teacherEng_G7b1N","c_crewKid1_M_G7b1N","s_wreckedPlants_G7b1N"]},{"miniGameCards":[],"viewedAnimatic":true,"keyPoints":["c_cousinsBrothersFriend_a_G7b1P","s_poolDay_ruleSign_G7b1P","c_cousinsBrother_a_G7b1P","c_cousin_M_a_G7b1P"],"unlocked":true,"touchableObjects":["c_cousinsBrothersFriend_a_G7b1P","s_poolDay_ruleSign_G7b1P","c_cousinsBrother_a_G7b1P","c_cousin_M_a_G7b1P"]},{"miniGameCards":[],"viewedAnimatic":true,"keyPoints":["c_crush1_M_a_G7b2N","c_cousin_M_a_G7b2N","s_kid1_G7b2N","c_kidSister_lati_a_G7b2N"],"unlocked":true,"touchableObjects":["c_cousinsBrother_a_G7b2N","s_lifeguard_G7b2N","s_kidPool2_G7b2N","s_kidPool1_G7b2N","s_cousinsBFgirlfriend_G7b2N","c_crewKid2_M_G7b2N","c_crush1_M_a_G7b2N","c_cousinsBrothersFriend_a_G7b2N","c_cousin_M_a_G7b2N","s_kid1_G7b2N","c_kidSister_lati_a_G7b2N"]},{"miniGameCards":[],"viewedAnimatic":true,"keyPoints":["s_computer_M_G7b2P","c_cousin_M_a_G7b2P","c_kidSister_lati_a_G7b2P"],"unlocked":true,"touchableObjects":["s_computer_M_G7b2P","c_cousin_M_a_G7b2P","s_calendar_M_gen","c_kidSister_lati_a_G7b2P","c_grandma_lati_a_G7b2P"]}],"stackSize":5,"resolved":true},{"challengeScenes":[{"miniGameCards":[],"viewedAnimatic":true,"keyPoints":["s_clock_G8a0","c_cousin_M_a_G8a0","c_crush2_M_a_G8a0"],"unlocked":true,"touchableObjects":["s_beerSixpack_G8a0","c_friend1_M_G8a0","c_crewKid1_M_a_G8a0","s_stairs_G8a0","s_clock_G8a0","s_cigaretteKid1_G8a0","c_cousin_M_a_G8a0","c_crush2_M_a_G8a0","s_beerCooler_G8a0","s_bottleFloor_G8a0"]},{"miniGameCards":[],"viewedAnimatic":true,"keyPoints":["s_crush2Lips_M_G8a1N","s_crush2Sore_M_G8a1N","s_basementDoor_gen","s_dirtyClothes_gen"],"unlocked":true,"touchableObjects":["s_crush2Lips_M_G8a1N","c_crush2_M_a_G8a1N","s_crush2Sore_M_G8a1N","s_stairs_G8a1N","s_waterHeater_gen","s_inhalantsShelf_gen","s_dryer_G8a1N","s_basementDoor_gen","s_dirtyClothes_gen"]},{"miniGameCards":[],"viewedAnimatic":false,"keyPoints":[],"unlocked":false,"touchableObjects":[]},{"miniGameCards":[],"viewedAnimatic":false,"keyPoints":[],"unlocked":false,"touchableObjects":[]},{"miniGameCards":[],"viewedAnimatic":false,"keyPoints":[],"unlocked":false,"touchableObjects":[]},{"miniGameCards":[],"viewedAnimatic":true,"keyPoints":["c_nurse_a_G8a3N","s_mirror_lati_M_a_G8a3N"],"unlocked":true,"touchableObjects":["s_door_G8a3N","c_nurse_a_G8a3N","s_mirror_lati_M_a_G8a3N","s_phone_G8a3N"]},{"miniGameCards":[],"viewedAnimatic":false,"keyPoints":[],"unlocked":false,"touchableObjects":[]}],"stackSize":7,"resolved":false},{"challengeScenes":[{"miniGameCards":[],"viewedAnimatic":false,"keyPoints":[],"unlocked":false,"touchableObjects":[]},{"miniGameCards":[],"viewedAnimatic":false,"keyPoints":[],"unlocked":false,"touchableObjects":[]},{"miniGameCards":[],"viewedAnimatic":false,"keyPoints":[],"unlocked":false,"touchableObjects":[]},{"miniGameCards":[],"viewedAnimatic":false,"keyPoints":[],"unlocked":false,"touchableObjects":[]},{"miniGameCards":[],"viewedAnimatic":false,"keyPoints":[],"unlocked":false,"touchableObjects":[]}],"stackSize":5,"resolved":false},{"challengeScenes":[{"miniGameCards":[],"viewedAnimatic":true,"keyPoints":["s_bathingSuit_M_G9a0","s_door_M_gen","s_cellPhone_M_G9a0"],"unlocked":true,"touchableObjects":["s_calendar_M_gen","s_bathingSuit_M_G9a0","s_door_M_gen","s_cellPhone_M_G9a0","s_window_M_G9a0"]},{"miniGameCards":[],"viewedAnimatic":true,"keyPoints":["s_kid3_G9a1N","c_cousin_M_a_G9a1N"],"unlocked":true,"touchableObjects":["s_kid4_G9a1N","s_bathingSuits_G9a1N","c_cousinsBrothersFriend_a_G9a1N","s_potSmokeCloud_G9a1N","s_kid3_G9a1N","s_policeCar_G9a1N","c_cousin_M_a_G9a1N","s_poolNight_ruleSign_G9a1N"]},{"miniGameCards":[],"viewedAnimatic":false,"keyPoints":[],"unlocked":false,"touchableObjects":[]},{"miniGameCards":[],"viewedAnimatic":false,"keyPoints":[],"unlocked":false,"touchableObjects":[]},{"miniGameCards":[],"viewedAnimatic":false,"keyPoints":[],"unlocked":false,"touchableObjects":[]}],"stackSize":5,"resolved":false},{"challengeScenes":[{"miniGameCards":[],"viewedAnimatic":false,"keyPoints":[],"unlocked":false,"touchableObjects":[]},{"miniGameCards":[],"viewedAnimatic":false,"keyPoints":[],"unlocked":false,"touchableObjects":[]},{"miniGameCards":[],"viewedAnimatic":false,"keyPoints":[],"unlocked":false,"touchableObjects":[]},{"miniGameCards":[],"viewedAnimatic":false,"keyPoints":[],"unlocked":false,"touchableObjects":[]},{"miniGameCards":[],"viewedAnimatic":false,"keyPoints":[],"unlocked":false,"touchableObjects":[]}],"stackSize":5,"resolved":false},{"challengeScenes":[{"miniGameCards":[],"viewedAnimatic":false,"keyPoints":[],"unlocked":false,"touchableObjects":[]},{"miniGameCards":[],"viewedAnimatic":false,"keyPoints":[],"unlocked":false,"touchableObjects":[]},{"miniGameCards":[],"viewedAnimatic":false,"keyPoints":[],"unlocked":false,"touchableObjects":[]},{"miniGameCards":[],"viewedAnimatic":false,"keyPoints":[],"unlocked":false,"touchableObjects":[]},{"miniGameCards":[],"viewedAnimatic":false,"keyPoints":[],"unlocked":false,"touchableObjects":[]}],"stackSize":5,"resolved":false},{"challengeScenes":[{"miniGameCards":[],"viewedAnimatic":false,"keyPoints":[],"unlocked":false,"touchableObjects":[]},{"miniGameCards":[],"viewedAnimatic":false,"keyPoints":[],"unlocked":false,"touchableObjects":[]},{"miniGameCards":[],"viewedAnimatic":false,"keyPoints":[],"unlocked":false,"touchableObjects":[]},{"miniGameCards":[],"viewedAnimatic":false,"keyPoints":[],"unlocked":false,"touchableObjects":[]},{"miniGameCards":[],"viewedAnimatic":false,"keyPoints":[],"unlocked":false,"touchableObjects":[]}],"stackSize":5,"resolved":false},{"challengeScenes":[{"miniGameCards":[],"viewedAnimatic":false,"keyPoints":[],"unlocked":false,"touchableObjects":[]},{"miniGameCards":[],"viewedAnimatic":false,"keyPoints":[],"unlocked":false,"touchableObjects":[]},{"miniGameCards":[],"viewedAnimatic":false,"keyPoints":[],"unlocked":false,"touchableObjects":[]},{"miniGameCards":[],"viewedAnimatic":false,"keyPoints":[],"unlocked":false,"touchableObjects":[]},{"miniGameCards":[],"viewedAnimatic":false,"keyPoints":[],"unlocked":false,"touchableObjects":[]}],"stackSize":5,"resolved":false},{"challengeScenes":[{"miniGameCards":[],"viewedAnimatic":false,"keyPoints":[],"unlocked":false,"touchableObjects":[]},{"miniGameCards":[],"viewedAnimatic":false,"keyPoints":[],"unlocked":false,"touchableObjects":[]},{"miniGameCards":[],"viewedAnimatic":false,"keyPoints":[],"unlocked":false,"touchableObjects":[]},{"miniGameCards":[],"viewedAnimatic":false,"keyPoints":[],"unlocked":false,"touchableObjects":[]},{"miniGameCards":[],"viewedAnimatic":false,"keyPoints":[],"unlocked":false,"touchableObjects":[]}],"stackSize":5,"resolved":false},{"challengeScenes":[{"miniGameCards":[],"viewedAnimatic":false,"keyPoints":[],"unlocked":false,"touchableObjects":[]},{"miniGameCards":[],"viewedAnimatic":false,"keyPoints":[],"unlocked":false,"touchableObjects":[]},{"miniGameCards":[],"viewedAnimatic":false,"keyPoints":[],"unlocked":false,"touchableObjects":[]},{"miniGameCards":[],"viewedAnimatic":false,"keyPoints":[],"unlocked":false,"touchableObjects":[]},{"miniGameCards":[],"viewedAnimatic":false,"keyPoints":[],"unlocked":false,"touchableObjects":[]}],"stackSize":5,"resolved":false},{"challengeScenes":[{"miniGameCards":[],"viewedAnimatic":false,"keyPoints":[],"unlocked":false,"touchableObjects":[]},{"miniGameCards":[],"viewedAnimatic":false,"keyPoints":[],"unlocked":false,"touchableObjects":[]},{"miniGameCards":[],"viewedAnimatic":false,"keyPoints":[],"unlocked":false,"touchableObjects":[]},{"miniGameCards":[],"viewedAnimatic":false,"keyPoints":[],"unlocked":false,"touchableObjects":[]},{"miniGameCards":[],"viewedAnimatic":false,"keyPoints":[],"unlocked":false,"touchableObjects":[]}],"stackSize":5,"resolved":false},{"challengeScenes":[{"miniGameCards":[],"viewedAnimatic":false,"keyPoints":[],"unlocked":true,"touchableObjects":["c_player_lati_M_a_G0a0","c_education_G0a0"]},{"miniGameCards":[],"viewedAnimatic":false,"keyPoints":["c_job_G0a1N","c_family_lati_a_G0a1N","c_home_G0a1N"],"unlocked":true,"touchableObjects":["c_job_G0a1N","c_player_lati_M_a_G0a1N","c_family_lati_a_G0a1N","c_home_G0a1N"]},{"miniGameCards":[],"viewedAnimatic":false,"keyPoints":["c_Nurse_G0a1P","c_Teacher_G0a1P","c_dad_lati_a_G0a1P","c_mom_lati_a_G0a1P","c_kidsister_lati_a_G0a1P","c_grandma_lati_a_G0a1P"],"unlocked":true,"touchableObjects":["c_cousins_M_a_G0a1P","c_friends_G0a1P","c_Nurse_G0a1P","c_Teacher_G0a1P","c_dad_lati_a_G0a1P","c_mom_lati_a_G0a1P","c_kidsister_lati_a_G0a1P","c_grandma_lati_a_G0a1P"]}],"stackSize":3,"resolved":true}],"sessionId":12,"epilogue":{"rating":1},"playerId":6546008,"session":[{"sceneId":"1P","stackId":12},{"sceneId":"1P","stackId":0},{"sceneId":"1P","stackId":1},{"sceneId":"1N","stackId":1},{"sceneId":"2P","stackId":1}],"minigames":[{"levelSaveData":[{"starRating":3,"unlocked":true},{"starRating":1,"unlocked":true},{"starRating":0,"unlocked":true},{"starRating":0,"unlocked":false},{"starRating":0,"unlocked":false},{"starRating":0,"unlocked":false},{"starRating":0,"unlocked":false},{"starRating":0,"unlocked":false},{"starRating":0,"unlocked":false},{"starRating":0,"unlocked":false}],"skillPoints":4},{"levelSaveData":[{"starRating":3,"unlocked":true},{"starRating":3,"unlocked":true},{"starRating":0,"unlocked":true},{"starRating":0,"unlocked":false},{"starRating":3,"unlocked":true},{"starRating":0,"unlocked":false},{"starRating":0,"unlocked":false},{"starRating":0,"unlocked":false},{"starRating":0,"unlocked":false},{"starRating":0,"unlocked":false}],"skillPoints":9},{"levelSaveData":[{"starRating":3,"unlocked":true},{"starRating":3,"unlocked":true},{"starRating":3,"unlocked":true},{"starRating":0,"unlocked":false},{"starRating":0,"unlocked":false},{"starRating":0,"unlocked":false},{"starRating":0,"unlocked":false},{"starRating":0,"unlocked":false},{"starRating":3,"unlocked":true},{"starRating":0,"unlocked":false}],"skillPoints":12},{"levelSaveData":[{"starRating":3,"unlocked":true},{"starRating":3,"unlocked":true},{"starRating":0,"unlocked":false},{"starRating":0,"unlocked":false},{"starRating":3,"unlocked":true},{"starRating":0,"unlocked":false},{"starRating":0,"unlocked":false},{"starRating":0,"unlocked":false},{"starRating":0,"unlocked":false},{"starRating":0,"unlocked":false}],"skillPoints":9},{"age":12,"name":"chris","gender":0,"levelSaveData":[{"starRating":3,"unlocked":true},{"starRating":3,"chunks":[["1"],["7$$fun","10$$funny"],["5$$animals","7$$love movies","11$$competiteve"],["0"]],"unlocked":true},{"starRating":3,"chunks":[["0"],["1$$basketball","4$$football"],["0$$car","1$$health"]],"unlocked":true},{"starRating":3,"chunks":[["3$$beast"],["3$$rocky"],["16"],["0"],["3","0"],["1"]],"unlocked":true},{"starRating":0,"chunks":[[null],[null],[null,null],[null],[null],[null]],"unlocked":false},{"starRating":0,"chunks":[[null],[null,null,null,null],[null],[null]],"unlocked":false},{"starRating":0,"chunks":[[null],[null],[null,null],[null,null],[null]],"unlocked":false},{"starRating":0,"chunks":[[null,null,null],[null,null,null],[null],[null],[null]],"unlocked":false},{"starRating":0,"chunks":[[null,null,null],[null,null,null],[null,null]],"unlocked":false},{"starRating":0,"chunks":[[null],[null],[null],[null],[null],[null]],"unlocked":false}],"visualAvatar":0,"id":2,"skillPoints":12}],"avatar":{"age":12,"name":"chris","gender":0,"levelSaveData":[{"starRating":3,"unlocked":true},{"starRating":3,"chunks":[["1"],["7$$fun","10$$funny"],["5$$animals","7$$love movies","11$$competiteve"],["0"]],"unlocked":true},{"starRating":3,"chunks":[["0"],["1$$basketball","4$$football"],["0$$car","1$$health"]],"unlocked":true},{"starRating":3,"chunks":[["3$$beast"],["3$$rocky"],["16"],["0"],["3","0"],["1"]],"unlocked":true},{"starRating":0,"chunks":[[null],[null],[null,null],[null],[null],[null]],"unlocked":false},{"starRating":0,"chunks":[[null],[null,null,null,null],[null],[null]],"unlocked":false},{"starRating":0,"chunks":[[null],[null],[null,null],[null,null],[null]],"unlocked":false},{"starRating":0,"chunks":[[null,null,null],[null,null,null],[null],[null],[null]],"unlocked":false},{"starRating":0,"chunks":[[null,null,null],[null,null,null],[null,null]],"unlocked":false},{"starRating":0,"chunks":[[null],[null],[null],[null],[null],[null]],"unlocked":false}],"visualAvatar":0,"id":2,"skillPoints":12}}
