6430004,0,1:1:45,7/15/2013 11:08:29am
6430004,100,1:4:54,0
6430004,102,1:4:56,0
6430004,200,1:4:56,0,0,0,0,0,6
6430004,219,1:5:11,0
6430004,216,1:5:14,Stack_G7a0
6430004,217,1:5:49,Stack_G7a0,32,0.00
6430004,218,1:5:51,0
6430004,212,1:6:16,2
6430004,210,1:6:17,1010,252
6430004,211,1:6:19,665,600
6430004,213,1:6:19,0,s_otherStudent1_G7a0,true
6430004,212,1:6:22,1
6430004,210,1:6:23,1066,243
6430004,211,1:6:25,609,139
6430004,213,1:6:25,0,s_atwoodPoster_gen,true
6430004,212,1:6:35,0
6430004,210,1:6:43,1082,290
6430004,207,1:6:47,0,-200,-425
6430004,207,1:6:49,0,-425,-518.45
6430004,207,1:6:54,0,-518.45,-278.45
6430004,207,1:6:55,0,-278.45,0
6430004,211,1:7:4,590,148
6430004,212,1:7:33,1
6430004,210,1:7:34,873,226
6430004,211,1:7:35,832,283
6430004,219,1:7:37,0
6430004,216,1:7:39,Stack_G7a1N
6430004,217,1:8:0,Stack_G7a1N,20,0.00
6430004,218,1:8:1,0
6430004,207,1:8:2,0,-400,-430
6430004,210,1:8:2,1364,209
6430004,211,1:8:4,1217,466
6430004,213,1:8:4,0,s_otherStudent2_G7a1N,true
6430004,210,1:8:8,1326,185
6430004,211,1:8:8,1260,271
6430004,210,1:8:9,1474,298
6430004,207,1:8:9,0,-430,-518.45
6430004,211,1:8:14,646,600
6430004,213,1:8:14,0,s_otherStudent1_G7a1N,true
6430004,212,1:8:43,0
6430004,207,1:8:59,0,-200,-215
6430004,207,1:8:59,0,-215,-230
6430004,210,1:9:0,1142,370
6430004,207,1:9:2,0,-230,-500
6430004,211,1:9:9,1094,599
6430004,213,1:9:9,0,s_vocabAssignment_G7a0,true
6430004,210,1:9:13,1053,317
6430004,207,1:9:17,0,-500,-260
6430004,207,1:9:18,0,-260,-65
6430004,207,1:9:21,0,-65,0
6430004,211,1:9:24,273,150
6430004,212,1:9:25,1
6430004,210,1:9:26,949,198
6430004,207,1:9:26,0,0,-255
6430004,207,1:9:27,0,-255,-420
6430004,207,1:9:46,0,-420,0
6430004,211,1:9:48,241,502
6430004,213,1:9:48,0,c_crewKid1_M_G7a0,true
6430004,212,1:10:28,2
6430004,210,1:10:30,795,546
6430004,207,1:10:33,0,0,-255
6430004,211,1:10:40,206,302
6430004,207,1:10:40,0,-255,-150
6430004,210,1:10:44,1125,249
6430004,207,1:10:48,0,-400,-220
6430004,211,1:10:55,457,171
6430004,213,1:10:55,0,s_posterPlagiarism_gen,true
6430004,210,1:11:4,1021,249
6430004,211,1:11:7,1035,562
6430004,213,1:11:7,0,c_bestFriend_M_a_G7a1N,false
6430004,210,1:11:41,1270,214
6430004,207,1:11:42,0,-200,-515
6430004,207,1:11:43,0,-515,-518.45
6430004,207,1:11:55,0,-518.45,-263.45
6430004,207,1:11:58,0,-263.45,-53.45
6430004,207,1:11:58,0,-53.45,0
6430004,211,1:12:0,368,331
6430004,210,1:12:0,323,477
6430004,211,1:12:0,325,466
6430004,210,1:12:1,342,389
6430004,211,1:12:8,601,130
6430004,212,1:12:9,1
6430004,210,1:12:10,1050,227
6430004,207,1:12:11,0,0,-435
6430004,207,1:12:12,0,-435,-518.45
6430004,207,1:12:16,0,-518.45,-398.45
6430004,211,1:12:17,599,157
6430004,213,1:12:17,0,s_atwoodPoster_gen,true
6430004,210,1:12:25,755,179
6430004,207,1:12:28,0,-398.45,-83.45
6430004,207,1:12:29,0,-83.45,0
6430004,211,1:12:31,720,492
6430004,212,1:12:32,0
6430004,210,1:12:32,1040,246
6430004,207,1:12:32,0,0,-75
6430004,207,1:12:33,0,-75,-390
6430004,207,1:12:35,0,-390,-465
6430004,211,1:12:35,1114,517
6430004,210,1:12:40,1246,275
6430004,211,1:12:40,1192,478
6430004,212,1:12:41,2
6430004,207,1:12:42,0,-400,-430
6430004,210,1:12:42,1284,164
6430004,207,1:12:49,0,-430,-130
6430004,207,1:12:51,0,-130,0
6430004,211,1:13:3,1292,130
6430004,207,1:13:3,0,0,-285
6430004,210,1:13:4,1381,123
6430004,207,1:13:4,0,-285,-465
6430004,207,1:13:8,0,-465,-518.45
6430004,211,1:13:12,1158,592
6430004,213,1:13:12,0,s_otherStudent2_G7a1N,true
6430004,210,1:13:18,759,204
6430004,211,1:13:19,857,323
6430004,213,1:13:19,0,c_teacherEng_G7a1N,false
6430004,1003,1:13:22,2
6430004,1004,1:13:23,0
6430004,900,1:13:27,0,[]
6430004,901,1:13:30,0,[PeopleData_id:4]
6430004,904,1:13:30,0,[PeopleData_id:4]
6430004,902,1:13:31,0,[PeopleData_id:4,PeopleData_data3Type]
6430004,903,1:13:36,0,[PeopleData_id4,PeopleData_data3Type]
6430004,901,1:13:40,0,[PeopleData_id:4]
6430004,904,1:13:40,0,[PeopleData_id:4]
6430004,901,1:13:51,0,[PeopleData_id:4]
6430004,904,1:13:51,0,[PeopleData_id:4]
6430004,902,1:13:54,0,[PeopleData_id:4,PeopleData_data3Type]
6430004,903,1:13:58,0,[PeopleData_id4,PeopleData_data3Type]
6430004,901,1:13:59,0,[PeopleData_id:4]
6430004,904,1:13:59,0,[PeopleData_id:4]
6430004,905,1:14:1,0,[PeopleData_id:4,RankTypes_id:-1,RankTypes_id:0]
6430004,902,1:14:6,0,[PeopleData_id:4,PeopleData_data3Type]
6430004,903,1:14:10,0,[PeopleData_id4,PeopleData_data3Type]
6430004,901,1:14:10,0,[PeopleData_id:1]
6430004,904,1:14:10,0,[PeopleData_id:1]
6430004,902,1:14:13,0,[PeopleData_id:1,PeopleData_data3Type]
6430004,903,1:14:20,0,[PeopleData_id1,PeopleData_data3Type]
6430004,901,1:14:28,0,[PeopleData_id:1]
6430004,904,1:14:29,0,[PeopleData_id:1]
6430004,902,1:14:35,0,[PeopleData_id:1,PeopleData_data3Type]
6430004,903,1:14:45,0,[PeopleData_id1,PeopleData_data3Type]
6430004,901,1:14:47,0,[PeopleData_id:1]
6430004,904,1:14:47,0,[PeopleData_id:1]
6430004,905,1:14:48,0,[PeopleData_id:1,RankTypes_id:-1,RankTypes_id:1]
6430004,901,1:14:50,0,[PeopleData_id:3]
6430004,902,1:14:52,0,[PeopleData_id:3,PeopleData_data2Type]
6430004,903,1:14:57,0,[PeopleData_id3,PeopleData_data2Type]
6430004,902,1:15:0,0,[PeopleData_id:3,PeopleData_data2Type]
6430004,903,1:15:6,0,[PeopleData_id3,PeopleData_data2Type]
6430004,901,1:15:15,0,[PeopleData_id:3]
6430004,901,1:15:15,0,[PeopleData_id:3]
6430004,904,1:15:15,0,[PeopleData_id:3]
6430004,905,1:15:16,0,[PeopleData_id:3,RankTypes_id:-1,RankTypes_id:2]
6430004,901,1:15:19,0,[PeopleData_id:2]
6430004,902,1:15:23,0,[PeopleData_id:2,PeopleData_data1Type]
6430004,903,1:15:29,0,[PeopleData_id2,PeopleData_data1Type]
6430004,901,1:15:31,0,[PeopleData_id:2]
6430004,904,1:15:32,0,[PeopleData_id:2]
6430004,905,1:15:32,0,[PeopleData_id:2,RankTypes_id:-1,RankTypes_id:0]
6430004,901,1:15:35,0,[PeopleData_id:0]
6430004,902,1:15:37,0,[PeopleData_id:0,PeopleData_data2Type]
6430004,903,1:15:40,0,[PeopleData_id0,PeopleData_data2Type]
6430004,901,1:15:41,0,[PeopleData_id:0]
6430004,904,1:15:41,0,[PeopleData_id:0]
6430004,905,1:15:43,0,[PeopleData_id:0,RankTypes_id:-1,RankTypes_id:4]
6430004,906,1:15:43,0,[]
6430004,907,1:15:45,0,[]
6430004,908,1:15:45,0,[InvitationData_id:9,PeopleData_id:1,RankTypes_id:1]
6430004,909,1:16:1,0,[InvitationData_id:9,PeopleData_id:1,RankTypes_id:1,0]
6430004,910,1:16:4,0,[InvitationData_id:9,0,false]
6430004,908,1:16:4,0,[InvitationData_id:8,PeopleData_id:0,RankTypes_id:4]
6430004,909,1:16:9,0,[InvitationData_id:8,PeopleData_id:0,RankTypes_id:4,1]
6430004,910,1:16:10,0,[InvitationData_id:8,9,false]
6430004,908,1:16:10,0,[InvitationData_id:3,PeopleData_id:3,RankTypes_id:2]
6430004,909,1:16:16,0,[InvitationData_id:3,PeopleData_id:3,RankTypes_id:2,1]
6430004,910,1:16:17,0,[InvitationData_id:3,5,false]
6430004,908,1:16:17,0,[InvitationData_id:6,PeopleData_id:0,RankTypes_id:4]
6430004,909,1:16:34,0,[InvitationData_id:6,PeopleData_id:0,RankTypes_id:4,1]
6430004,910,1:16:36,0,[InvitationData_id:6,9,false]
6430004,908,1:16:36,0,[InvitationData_id:5,PeopleData_id:1,RankTypes_id:1]
6430004,909,1:16:50,0,[InvitationData_id:5,PeopleData_id:1,RankTypes_id:1,0]
6430004,910,1:16:52,0,[InvitationData_id:5,0,false]
6430004,908,1:16:52,0,[InvitationData_id:7,PeopleData_id:1,RankTypes_id:1]
6430004,909,1:16:58,0,[InvitationData_id:7,PeopleData_id:1,RankTypes_id:1,1]
6430004,910,1:17:3,0,[InvitationData_id:7,0,true]
6430004,908,1:17:3,0,[InvitationData_id:0,PeopleData_id:0,RankTypes_id:4]
6430004,909,1:17:8,0,[InvitationData_id:0,PeopleData_id:0,RankTypes_id:4,1]
6430004,910,1:17:9,0,[InvitationData_id:0,9,false]
6430004,908,1:17:9,0,[InvitationData_id:4,PeopleData_id:1,RankTypes_id:1]
6430004,909,1:17:26,0,[InvitationData_id:4,PeopleData_id:1,RankTypes_id:1,1]
6430004,910,1:17:28,0,[InvitationData_id:4,0,true]
6430004,908,1:17:28,0,[InvitationData_id:1,PeopleData_id:0,RankTypes_id:4]
6430004,909,1:17:31,0,[InvitationData_id:1,PeopleData_id:0,RankTypes_id:4,1]
6430004,910,1:17:32,0,[InvitationData_id:1,9,false]
6430004,911,1:17:35,0,[41,2,0,2]
6430004,1005,1:17:35,0,[2,0,1]
6430004,1000,1:17:37,0,[]
6430004,900,1:17:38,0,[]
6430004,901,1:17:43,0,[PeopleData_id:3]
6430004,904,1:17:43,0,[PeopleData_id:3]
6430004,902,1:17:46,0,[PeopleData_id:3,PeopleData_data0Type]
6430004,903,1:17:51,0,[PeopleData_id3,PeopleData_data0Type]
6430004,901,1:17:51,0,[PeopleData_id:3]
6430004,904,1:17:51,0,[PeopleData_id:3]
6430004,905,1:17:52,0,[PeopleData_id:3,RankTypes_id:-1,RankTypes_id:4]
6430004,901,1:17:55,0,[PeopleData_id:1]
6430004,902,1:17:57,0,[PeopleData_id:1,PeopleData_data1Type]
6430004,903,1:18:5,0,[PeopleData_id1,PeopleData_data1Type]
6430004,901,1:18:11,0,[PeopleData_id:1]
6430004,901,1:18:12,0,[PeopleData_id:1]
6430004,904,1:18:12,0,[PeopleData_id:1]
6430004,905,1:18:15,0,[PeopleData_id:1,RankTypes_id:-1,RankTypes_id:3]
6430004,901,1:18:18,0,[PeopleData_id:0]
6430004,904,1:18:18,0,[PeopleData_id:0]
6430004,902,1:18:20,0,[PeopleData_id:0,PeopleData_data3Type]
6430004,903,1:18:29,0,[PeopleData_id0,PeopleData_data3Type]
6430004,901,1:18:37,0,[PeopleData_id:0]
6430004,901,1:18:38,0,[PeopleData_id:0]
6430004,904,1:18:38,0,[PeopleData_id:0]
6430004,905,1:18:39,0,[PeopleData_id:0,RankTypes_id:-1,RankTypes_id:0]
6430004,902,1:18:49,0,[PeopleData_id:0,PeopleData_data0Type]
6430004,903,1:18:56,0,[PeopleData_id0,PeopleData_data0Type]
6430004,901,1:18:57,0,[PeopleData_id:2]
6430004,902,1:18:58,0,[PeopleData_id:2,PeopleData_data2Type]
6430004,903,1:19:2,0,[PeopleData_id2,PeopleData_data2Type]
6430004,901,1:19:7,0,[PeopleData_id:2]
6430004,901,1:19:7,0,[PeopleData_id:2]
6430004,904,1:19:7,0,[PeopleData_id:2]
6430004,905,1:19:9,0,[PeopleData_id:2,RankTypes_id:-1,RankTypes_id:0]
6430004,902,1:19:12,0,[PeopleData_id:2,PeopleData_data0Type]
6430004,903,1:19:18,0,[PeopleData_id2,PeopleData_data0Type]
6430004,901,1:19:21,0,[PeopleData_id:4]
6430004,904,1:19:21,0,[PeopleData_id:4]
6430004,905,1:19:22,0,[PeopleData_id:4,RankTypes_id:-1,RankTypes_id:1]
6430004,906,1:19:22,0,[]
6430004,907,1:19:24,0,[]
6430004,908,1:19:24,0,[InvitationData_id:4,PeopleData_id:1,RankTypes_id:3]
6430004,909,1:19:29,0,[InvitationData_id:4,PeopleData_id:1,RankTypes_id:3,0]
6430004,910,1:19:31,0,[InvitationData_id:4,-7,false]
6430004,908,1:19:31,0,[InvitationData_id:0,PeopleData_id:3,RankTypes_id:4]
6430004,909,1:19:36,0,[InvitationData_id:0,PeopleData_id:3,RankTypes_id:4,1]
6430004,910,1:19:38,0,[InvitationData_id:0,9,false]
6430004,908,1:19:38,0,[InvitationData_id:9,PeopleData_id:1,RankTypes_id:3]
6430004,909,1:19:43,0,[InvitationData_id:9,PeopleData_id:1,RankTypes_id:3,1]
6430004,910,1:19:45,0,[InvitationData_id:9,0,true]
6430004,908,1:19:45,0,[InvitationData_id:8,PeopleData_id:3,RankTypes_id:4]
6430004,909,1:19:50,0,[InvitationData_id:8,PeopleData_id:3,RankTypes_id:4,1]
6430004,910,1:19:52,0,[InvitationData_id:8,9,false]
6430004,908,1:19:52,0,[InvitationData_id:5,PeopleData_id:1,RankTypes_id:3]
6430004,909,1:20:3,0,[InvitationData_id:5,PeopleData_id:1,RankTypes_id:3,1]
6430004,910,1:20:5,0,[InvitationData_id:5,0,true]
6430004,908,1:20:5,0,[InvitationData_id:3,PeopleData_id:3,RankTypes_id:4]
6430004,909,1:20:10,0,[InvitationData_id:3,PeopleData_id:3,RankTypes_id:4,1]
6430004,910,1:20:12,0,[InvitationData_id:3,9,false]
6430004,908,1:20:12,0,[InvitationData_id:6,PeopleData_id:3,RankTypes_id:4]
6430004,909,1:20:17,0,[InvitationData_id:6,PeopleData_id:3,RankTypes_id:4,1]
6430004,910,1:20:21,0,[InvitationData_id:6,9,false]
6430004,908,1:20:21,0,[InvitationData_id:7,PeopleData_id:1,RankTypes_id:3]
6430004,909,1:20:28,0,[InvitationData_id:7,PeopleData_id:1,RankTypes_id:3,1]
6430004,910,1:20:29,0,[InvitationData_id:7,0,true]
6430004,912,1:20:35,0,[]
6430004,1000,1:20:37,0,[]
6430004,900,1:20:38,0,[]
6430004,901,1:20:45,0,[PeopleData_id:2]
6430004,902,1:20:46,0,[PeopleData_id:2,PeopleData_data3Type]
6430004,903,1:20:51,0,[PeopleData_id2,PeopleData_data3Type]
6430004,901,1:20:52,0,[PeopleData_id:2]
6430004,904,1:20:52,0,[PeopleData_id:2]
6430004,905,1:21:0,0,[PeopleData_id:2,RankTypes_id:-1,RankTypes_id:3]
6430004,901,1:21:5,0,[PeopleData_id:1]
6430004,901,1:21:5,0,[PeopleData_id:1]
6430004,902,1:21:8,0,[PeopleData_id:1,PeopleData_data1Type]
6430004,903,1:21:14,0,[PeopleData_id1,PeopleData_data1Type]
6430004,901,1:21:25,0,[PeopleData_id:1]
6430004,904,1:21:25,0,[PeopleData_id:1]
6430004,905,1:21:28,0,[PeopleData_id:1,RankTypes_id:-1,RankTypes_id:2]
6430004,901,1:21:30,0,[PeopleData_id:3]
6430004,902,1:21:32,0,[PeopleData_id:3,PeopleData_data0Type]
6430004,903,1:21:37,0,[PeopleData_id3,PeopleData_data0Type]
6430004,901,1:21:38,0,[PeopleData_id:3]
6430004,904,1:21:38,0,[PeopleData_id:3]
6430004,905,1:21:39,0,[PeopleData_id:3,RankTypes_id:-1,RankTypes_id:4]
6430004,901,1:21:50,0,[PeopleData_id:4]
6430004,901,1:21:50,0,[PeopleData_id:4]
6430004,902,1:21:53,0,[PeopleData_id:4,PeopleData_data3Type]
6430004,903,1:21:58,0,[PeopleData_id4,PeopleData_data3Type]
6430004,901,1:21:59,0,[PeopleData_id:4]
6430004,904,1:22:0,0,[PeopleData_id:4]
6430004,905,1:22:0,0,[PeopleData_id:4,RankTypes_id:-1,RankTypes_id:0]
6430004,901,1:22:1,0,[PeopleData_id:0]
6430004,902,1:22:4,0,[PeopleData_id:0,PeopleData_data1Type]
6430004,903,1:22:10,0,[PeopleData_id0,PeopleData_data1Type]
6430004,902,1:22:12,0,[PeopleData_id:0,PeopleData_data1Type]
6430004,903,1:22:16,0,[PeopleData_id0,PeopleData_data1Type]
6430004,901,1:22:16,0,[PeopleData_id:0]
6430004,904,1:22:16,0,[PeopleData_id:0]
6430004,905,1:22:21,0,[PeopleData_id:0,RankTypes_id:-1,RankTypes_id:3]
6430004,906,1:22:21,0,[]
6430004,907,1:22:22,0,[]
6430004,908,1:22:22,0,[InvitationData_id:1,PeopleData_id:0,RankTypes_id:3]
6430004,909,1:22:34,0,[InvitationData_id:1,PeopleData_id:0,RankTypes_id:3,1]
6430004,910,1:22:35,0,[InvitationData_id:1,7,false]
6430004,908,1:22:36,0,[InvitationData_id:9,PeopleData_id:1,RankTypes_id:2]
6430004,909,1:22:46,0,[InvitationData_id:9,PeopleData_id:1,RankTypes_id:2,0]
6430004,910,1:22:49,0,[InvitationData_id:9,-2,false]
6430004,908,1:22:49,0,[InvitationData_id:0,PeopleData_id:3,RankTypes_id:4]
6430004,909,1:22:51,0,[InvitationData_id:0,PeopleData_id:3,RankTypes_id:4,1]
6430004,910,1:22:53,0,[InvitationData_id:0,9,false]
6430004,908,1:22:53,0,[InvitationData_id:8,PeopleData_id:3,RankTypes_id:4]
6430004,909,1:22:56,0,[InvitationData_id:8,PeopleData_id:3,RankTypes_id:4,1]
6430004,910,1:22:57,0,[InvitationData_id:8,9,false]
6430004,908,1:22:58,0,[InvitationData_id:6,PeopleData_id:3,RankTypes_id:4]
6430004,909,1:23:1,0,[InvitationData_id:6,PeopleData_id:3,RankTypes_id:4,1]
6430004,910,1:23:2,0,[InvitationData_id:6,9,false]
6430004,908,1:23:2,0,[InvitationData_id:4,PeopleData_id:2,RankTypes_id:3]
6430004,909,1:23:5,0,[InvitationData_id:4,PeopleData_id:2,RankTypes_id:3,1]
6430004,910,1:23:6,0,[InvitationData_id:4,0,true]
6430004,908,1:23:6,0,[InvitationData_id:5,PeopleData_id:1,RankTypes_id:2]
6430004,909,1:23:10,0,[InvitationData_id:5,PeopleData_id:1,RankTypes_id:2,1]
6430004,910,1:23:11,0,[InvitationData_id:5,0,true]
6430004,908,1:23:11,0,[InvitationData_id:2,PeopleData_id:2,RankTypes_id:3]
6430004,909,1:23:16,0,[InvitationData_id:2,PeopleData_id:2,RankTypes_id:3,0]
6430004,910,1:23:18,0,[InvitationData_id:2,-7,false]
6430004,908,1:23:18,0,[InvitationData_id:7,PeopleData_id:1,RankTypes_id:2]
6430004,909,1:23:25,0,[InvitationData_id:7,PeopleData_id:1,RankTypes_id:2,0]
6430004,910,1:23:26,0,[InvitationData_id:7,-2,false]
6430004,908,1:23:26,0,[InvitationData_id:10,PeopleData_id:2,RankTypes_id:3]
6430004,909,1:23:33,0,[InvitationData_id:10,PeopleData_id:2,RankTypes_id:3,1]
6430004,910,1:23:34,0,[InvitationData_id:10,0,true]
6430004,912,1:23:36,0,[]
6430004,1001,1:23:39,0,[]
6430004,1003,1:23:39,2
6430004,210,1:23:45,1489,348
6430004,207,1:23:45,0,-400,-518.45
6430004,207,1:23:48,0,-518.45,-518.45
6430004,211,1:23:48,1528,364
6430004,210,1:23:49,1518,332
6430004,211,1:23:50,1531,370
6430004,204,1:23:51,0
6430004,100,1:23:59,0
6430004,102,1:24:2,0
6430004,200,1:24:2,0,0,0,1,0,6
6430004,221,1:24:10,0
6430004,220,1:24:15,0
6430004,212,1:24:20,1
6430004,210,1:24:21,1001,215
6430004,211,1:24:27,1050,263
6430004,210,1:24:27,1017,278
6430004,211,1:24:28,992,301
6430004,210,1:24:39,1004,481
6430004,211,1:24:39,1008,479
6430004,219,1:26:12,0
6430004,216,1:26:17,Stack_G7a0
6430004,217,1:26:17,Stack_G7a0,0.73,31
6430004,218,1:26:19,0
6430004,204,1:26:23,0
6430004,100,1:26:31,0
6430004,101,1:26:35,0
6430004,100,1:26:36,0
6430004,102,1:26:37,0
6430004,200,1:26:37,0,0,0,1,0,6
6430004,210,1:26:41,1291,501
6430004,211,1:26:42,1531,491
6430004,207,1:26:42,0,-200,-515
6430004,207,1:26:57,0,-515,-500
6430004,210,1:26:58,438,589
6430004,211,1:26:59,197,599
6430004,207,1:26:59,0,-500,-185
6430004,210,1:27:5,136,583
6430004,211,1:27:5,121,583
6430004,207,1:27:5,0,-185,-110
6430004,207,1:27:6,0,-110,-50
6430004,207,1:27:18,0,-50,-65
6430004,207,1:27:18,0,-65,-95
6430004,210,1:27:34,568,536
6430004,211,1:27:35,537,390
6430004,210,1:27:36,776,519
6430004,211,1:27:39,822,569
6430004,212,1:27:40,2
6430004,210,1:27:40,832,560
6430004,211,1:27:42,999,535
6430004,213,1:27:42,0,c_bestFriend_M_a_G7a0,false
6430004,1003,1:27:50,2
6430004,1004,1:27:52,0
6430004,900,1:28:0,0,[]
6430004,901,1:28:10,0,[PeopleData_id:1]
6430004,902,1:28:14,0,[PeopleData_id:1,PeopleData_data3Type]
6430004,902,1:28:19,0,[PeopleData_id:1,PeopleData_data2Type]
6430004,902,1:28:22,0,[PeopleData_id:1,PeopleData_data1Type]
6430004,902,1:28:27,0,[PeopleData_id:1,PeopleData_data0Type]
6430004,902,1:28:27,0,[PeopleData_id:1,PeopleData_data0Type]
6430004,903,1:28:32,0,[PeopleData_id1,PeopleData_data0Type]
6430004,901,1:28:41,0,[PeopleData_id:1]
6430004,904,1:28:41,0,[PeopleData_id:1]
6430004,905,1:28:42,0,[PeopleData_id:1,RankTypes_id:-1,RankTypes_id:0]
6430004,901,1:28:43,0,[PeopleData_id:3]
6430004,902,1:28:45,0,[PeopleData_id:3,PeopleData_data2Type]
6430004,902,1:28:50,0,[PeopleData_id:3,PeopleData_data1Type]
6430004,902,1:28:54,0,[PeopleData_id:3,PeopleData_data0Type]
6430004,903,1:28:58,0,[PeopleData_id3,PeopleData_data0Type]
6430004,901,1:29:0,0,[PeopleData_id:3]
6430004,904,1:29:0,0,[PeopleData_id:3]
6430004,905,1:29:2,0,[PeopleData_id:3,RankTypes_id:-1,RankTypes_id:4]
6430004,901,1:29:4,0,[PeopleData_id:2]
6430004,902,1:29:5,0,[PeopleData_id:2,PeopleData_data3Type]
6430004,902,1:29:10,0,[PeopleData_id:2,PeopleData_data2Type]
6430004,902,1:29:14,0,[PeopleData_id:2,PeopleData_data1Type]
6430004,902,1:29:18,0,[PeopleData_id:2,PeopleData_data0Type]
6430004,903,1:29:22,0,[PeopleData_id2,PeopleData_data0Type]
6430004,901,1:29:26,0,[PeopleData_id:2]
6430004,904,1:29:26,0,[PeopleData_id:2]
6430004,905,1:29:27,0,[PeopleData_id:2,RankTypes_id:-1,RankTypes_id:1]
6430004,901,1:29:29,0,[PeopleData_id:0]
6430004,902,1:29:30,0,[PeopleData_id:0,PeopleData_data3Type]
6430004,902,1:29:35,0,[PeopleData_id:0,PeopleData_data2Type]
6430004,902,1:29:39,0,[PeopleData_id:0,PeopleData_data1Type]
6430004,902,1:29:44,0,[PeopleData_id:0,PeopleData_data0Type]
6430004,903,1:29:50,0,[PeopleData_id0,PeopleData_data0Type]
6430004,901,1:29:52,0,[PeopleData_id:0]
6430004,904,1:29:52,0,[PeopleData_id:0]
6430004,905,1:29:53,0,[PeopleData_id:0,RankTypes_id:-1,RankTypes_id:4]
6430004,901,1:29:55,0,[PeopleData_id:4]
6430004,902,1:29:56,0,[PeopleData_id:4,PeopleData_data3Type]
6430004,902,1:29:59,0,[PeopleData_id:4,PeopleData_data2Type]
6430004,902,1:30:3,0,[PeopleData_id:4,PeopleData_data1Type]
6430004,902,1:30:8,0,[PeopleData_id:4,PeopleData_data0Type]
6430004,903,1:30:13,0,[PeopleData_id4,PeopleData_data0Type]
6430004,901,1:30:14,0,[PeopleData_id:4]
6430004,904,1:30:14,0,[PeopleData_id:4]
6430004,905,1:30:16,0,[PeopleData_id:4,RankTypes_id:-1,RankTypes_id:0]
6430004,906,1:30:16,0,[]
6430004,907,1:30:18,0,[]
6430004,908,1:30:18,0,[InvitationData_id:10,PeopleData_id:2,RankTypes_id:1]
6430004,909,1:30:26,0,[InvitationData_id:10,PeopleData_id:2,RankTypes_id:1,0]
6430004,910,1:30:28,0,[InvitationData_id:10,0,false]
6430004,908,1:30:28,0,[InvitationData_id:2,PeopleData_id:2,RankTypes_id:1]
6430004,909,1:30:32,0,[InvitationData_id:2,PeopleData_id:2,RankTypes_id:1,0]
6430004,910,1:30:33,0,[InvitationData_id:2,0,false]
6430004,908,1:30:33,0,[InvitationData_id:0,PeopleData_id:0,RankTypes_id:4]
6430004,909,1:30:37,0,[InvitationData_id:0,PeopleData_id:0,RankTypes_id:4,1]
6430004,910,1:30:39,0,[InvitationData_id:0,9,false]
6430004,908,1:30:39,0,[InvitationData_id:3,PeopleData_id:3,RankTypes_id:4]
6430004,909,1:30:43,0,[InvitationData_id:3,PeopleData_id:3,RankTypes_id:4,1]
6430004,910,1:30:44,0,[InvitationData_id:3,9,false]
6430004,908,1:30:44,0,[InvitationData_id:1,PeopleData_id:0,RankTypes_id:4]
6430004,909,1:30:48,0,[InvitationData_id:1,PeopleData_id:0,RankTypes_id:4,1]
6430004,910,1:30:49,0,[InvitationData_id:1,9,false]
6430004,908,1:30:49,0,[InvitationData_id:8,PeopleData_id:0,RankTypes_id:4]
6430004,909,1:30:56,0,[InvitationData_id:8,PeopleData_id:0,RankTypes_id:4,1]
6430004,910,1:30:57,0,[InvitationData_id:8,9,false]
6430004,908,1:30:57,0,[InvitationData_id:4,PeopleData_id:2,RankTypes_id:1]
6430004,909,1:31:5,0,[InvitationData_id:4,PeopleData_id:2,RankTypes_id:1,0]
6430004,910,1:31:6,0,[InvitationData_id:4,0,false]
6430004,908,1:31:6,0,[InvitationData_id:6,PeopleData_id:0,RankTypes_id:4]
6430004,909,1:31:11,0,[InvitationData_id:6,PeopleData_id:0,RankTypes_id:4,1]
6430004,910,1:31:12,0,[InvitationData_id:6,9,false]
6430004,911,1:31:13,0,[45,0,0,0]
6430004,1005,1:31:13,0,[2,1,3]
6430004,1001,1:31:15,0,[]
6430004,1003,1:31:15,2
6430004,210,1:31:20,925,528
6430004,211,1:31:21,987,565
6430004,213,1:31:21,0,c_bestFriend_M_a_G7a0,true
6430004,205,1:31:21,0,c_bestFriend_M_a_G7a0,false,false
6430004,210,1:31:27,1059,386
6430004,211,1:31:29,828,402
6430004,213,1:31:29,0,c_teacherEng_G7a0,true
6430004,205,1:31:29,0,c_teacherEng_G7a0,false,false
6430004,210,1:31:36,949,321
6430004,207,1:31:37,0,-200,-20
6430004,211,1:31:39,471,340
6430004,212,1:31:40,1
6430004,210,1:31:41,685,186
6430004,211,1:31:43,272,159
6430004,213,1:31:43,0,s_flag_gen,false
6430004,1003,1:31:47,1
6430004,1004,1:31:49,0
6430004,800,1:31:55,0,[]
6430004,801,1:32:3,0,[]
6430004,814,1:32:8,0,[2]
6430004,815,1:32:8,0,2,OpportunityCardData_id:13
6430004,815,1:32:25,0,2,OpportunityCardData_id:14
6430004,816,1:32:33,0,2,OpportunityCardData_id:14
6430004,803,1:32:45,0,[OpportunityCardData_id:14,OpportunityCardConsequencesData_logId:0]
6430004,803,1:32:51,0,[OpportunityCardData_id:14,OpportunityCardConsequencesData_logId:1]
6430004,803,1:32:55,0,[OpportunityCardData_id:14,OpportunityCardConsequencesData_logId:2]
6430004,805,1:33:3,0,[OpportunityCardData_id:14]
6430004,806,1:33:21,0,[OpportunityCardData_id:14,PriorityData_type:3]
6430004,807,1:33:23,0,[OpportunityCardData_id:14]
6430004,808,1:33:28,0,[OpportunityCardData_id:14]
6430004,809,1:33:32,0,[OpportunityCardData_id:14,PriorityData_type:3,true]
6430004,810,1:33:40,0,[OpportunityCardData_id:14,PriorityData_type:2,15,Safe,Safe]
6430004,814,1:33:47,0,[4]
6430004,815,1:33:47,0,4,OpportunityCardData_id:22
6430004,815,1:33:52,0,4,OpportunityCardData_id:26
6430004,815,1:33:58,0,4,OpportunityCardData_id:22
6430004,815,1:33:59,0,4,OpportunityCardData_id:31
6430004,816,1:34:9,0,4,OpportunityCardData_id:31
6430004,803,1:34:13,0,[OpportunityCardData_id:31,OpportunityCardConsequencesData_logId:0]
6430004,803,1:34:17,0,[OpportunityCardData_id:31,OpportunityCardConsequencesData_logId:1]
6430004,803,1:34:20,0,[OpportunityCardData_id:31,OpportunityCardConsequencesData_logId:2]
6430004,804,1:34:27,0,[OpportunityCardData_id:31]
6430004,814,1:34:29,0,[4]
6430004,815,1:34:29,0,4,OpportunityCardData_id:22
6430004,815,1:34:32,0,4,OpportunityCardData_id:30
6430004,815,1:34:37,0,4,OpportunityCardData_id:29
6430004,815,1:34:41,0,4,OpportunityCardData_id:28
6430004,815,1:34:44,0,4,OpportunityCardData_id:27
6430004,815,1:34:48,0,4,OpportunityCardData_id:26
6430004,815,1:34:51,0,4,OpportunityCardData_id:22
6430004,815,1:34:55,0,4,OpportunityCardData_id:30
6430004,815,1:34:58,0,4,OpportunityCardData_id:29
6430004,815,1:35:1,0,4,OpportunityCardData_id:28
6430004,816,1:35:7,0,4,OpportunityCardData_id:28
6430004,803,1:35:9,0,[OpportunityCardData_id:28,OpportunityCardConsequencesData_logId:0]
6430004,803,1:35:15,0,[OpportunityCardData_id:28,OpportunityCardConsequencesData_logId:1]
6430004,803,1:35:20,0,[OpportunityCardData_id:28,OpportunityCardConsequencesData_logId:2]
6430004,805,1:35:26,0,[OpportunityCardData_id:28]
6430004,806,1:35:42,0,[OpportunityCardData_id:28,PriorityData_type:2]
6430004,807,1:35:44,0,[OpportunityCardData_id:28]
6430004,808,1:35:45,0,[OpportunityCardData_id:28]
6430004,809,1:35:50,0,[OpportunityCardData_id:28,PriorityData_type:2,true]
6430004,810,1:35:52,0,[OpportunityCardData_id:28,PriorityData_type:4,15,Safe,Safe]
6430004,814,1:36:4,0,[4]
6430004,815,1:36:4,0,4,OpportunityCardData_id:22
6430004,815,1:36:9,0,4,OpportunityCardData_id:26
6430004,815,1:36:10,0,4,OpportunityCardData_id:27
6430004,816,1:36:14,0,4,OpportunityCardData_id:27
6430004,803,1:36:16,0,[OpportunityCardData_id:27,OpportunityCardConsequencesData_logId:0]
6430004,803,1:36:20,0,[OpportunityCardData_id:27,OpportunityCardConsequencesData_logId:1]
6430004,803,1:36:24,0,[OpportunityCardData_id:27,OpportunityCardConsequencesData_logId:2]
6430004,805,1:36:29,0,[OpportunityCardData_id:27]
6430004,806,1:36:34,0,[OpportunityCardData_id:27,PriorityData_type:2]
6430004,807,1:36:35,0,[OpportunityCardData_id:27]
6430004,808,1:36:37,0,[OpportunityCardData_id:27]
6430004,809,1:36:41,0,[OpportunityCardData_id:27,PriorityData_type:1,false]
6430004,810,1:36:43,0,[OpportunityCardData_id:27,PriorityData_type:4,15,PriorityData_type:1,10]
6430004,818,1:36:48,0,4
6430004,811,1:36:50,0,[OpportunityCardData_id:27,PriorityData_type:2,80,85,PriorityData_type:4,70,75]
6430004,1005,1:36:50,0,[1,0,3]
6430004,1001,1:36:53,0,[]
6430004,1003,1:36:53,1
6430004,210,1:36:59,541,262
6430004,211,1:37:0,274,132
6430004,213,1:37:0,0,s_flag_gen,true
6430004,205,1:37:0,0,s_flag_gen,false,false
6430004,210,1:37:15,1316,302
6430004,207,1:37:17,0,-400,-518.45
6430004,207,1:37:22,0,-518.45,-188.45
6430004,207,1:37:25,0,-188.45,-413.45
6430004,211,1:37:26,1200,496
6430004,213,1:37:26,0,s_otherStudent2_G7a1N,true
6430004,210,1:37:29,1166,345
6430004,211,1:37:31,900,150
6430004,213,1:37:31,0,s_poePoster_gen,true
6430004,210,1:37:33,990,101
6430004,211,1:37:35,811,365
6430004,213,1:37:35,0,s_paperPlayers_G7a1N,true
6430004,205,1:37:35,0,s_paperPlayers_G7a1N,false,false
6430004,210,1:37:48,646,267
6430004,207,1:37:50,0,-413.45,-143.45
6430004,207,1:37:52,0,-143.45,0
6430004,207,1:38:3,0,0,-405
6430004,207,1:38:9,0,-405,-518.45
6430004,211,1:38:15,1204,166
6430004,212,1:38:16,0
6430004,210,1:38:16,1402,163
6430004,207,1:38:23,0,-518.45,-188.45
6430004,207,1:38:25,0,-188.45,0
6430004,211,1:38:33,464,193
6430004,213,1:38:33,0,s_posterPlagiarism_gen,true
6430004,210,1:38:36,559,266
6430004,207,1:38:41,0,0,-315
6430004,211,1:38:42,852,471
6430004,210,1:38:42,841,552
6430004,211,1:38:44,854,305
6430004,212,1:38:49,2
6430004,210,1:38:50,1146,305
6430004,211,1:38:52,865,396
6430004,213,1:38:52,0,c_teacherEng_G7a1N,true
6430004,205,1:38:52,0,c_teacherEng_G7a1N,false,false
6430004,210,1:38:57,1166,248
6430004,211,1:38:58,1045,563
6430004,213,1:38:58,0,c_bestFriend_M_a_G7a1N,true
6430004,205,1:38:58,0,c_bestFriend_M_a_G7a1N,false,false
6430004,210,1:39:7,1283,259
6430004,211,1:39:8,1343,267
6430004,207,1:39:8,0,-200,-335
6430004,221,1:39:10,0
6430004,220,1:39:26,0
6430004,219,1:39:26,0
6430004,216,1:39:27,Stack_G7a1P
6430004,217,1:39:37,Stack_G7a1P,7.7,0.00
6430004,218,1:39:39,0
6430004,210,1:39:44,1324,357
6430004,207,1:39:51,0,-400,-10
6430004,211,1:39:56,268,147
6430004,213,1:39:56,0,s_flag_gen,true
6430004,205,1:39:56,0,s_flag_gen,false,false
6430004,210,1:40:1,428,241
6430004,207,1:40:14,0,-10,-235
6430004,207,1:40:18,0,-235,-518
6430004,211,1:40:22,1181,486
6430004,212,1:40:22,1
6430004,210,1:40:23,1455,228
6430004,211,1:40:26,1229,161
6430004,213,1:40:26,0,s_clock_G7a1P,true
6430004,210,1:40:28,1326,237
6430004,211,1:40:29,1499,335
6430004,213,1:40:29,0,s_paperEnglish_gen,true
6430004,205,1:40:29,0,s_paperEnglish_gen,false,false
6430004,210,1:40:33,1366,247
6430004,211,1:40:37,1130,466
6430004,212,1:40:37,0
6430004,210,1:40:38,1345,398
6430004,211,1:40:39,979,470
6430004,213,1:40:39,0,c_bestFriend_M_a_G7a1P,true
6430004,1003,1:40:43,0
6430004,1004,1:40:44,0
6430004,400,1:41:5,0,[]
6430004,401,1:41:16,0,[StatementsData_logId:0]
6430004,403,1:41:32,0,[StatementsData_logId:0,true]
6430004,405,1:41:35,0,[StatementsData_logId:0]
6430004,406,1:41:37,0,[StatementsData_logId:0,2]
6430004,407,1:41:37,0,[StatementsData_logId:0,FactCardData_id:4]
6430004,407,1:41:37,0,[StatementsData_logId:0,FactCardData_id:7]
6430004,407,1:41:37,0,[StatementsData_logId:0,FactCardData_id:6]
6430004,407,1:41:37,0,[StatementsData_logId:0,FactCardData_id:0]
6430004,407,1:41:37,0,[StatementsData_logId:0,FactCardData_id:5]
6430004,407,1:41:37,0,[StatementsData_logId:0,FactCardData_id:3]
6430004,407,1:41:46,0,[StatementsData_logId:0,FactCardData_id:4]
6430004,407,1:41:46,0,[StatementsData_logId:0,FactCardData_id:4]
6430004,407,1:41:53,0,[StatementsData_logId:0,FactCardData_id:6]
6430004,407,1:41:53,0,[StatementsData_logId:0,FactCardData_id:4]
6430004,407,1:41:53,0,[StatementsData_logId:0,FactCardData_id:6]
6430004,408,1:42:0,0,[StatementsData_logId:0,FactCardData_id:6,true]
6430004,409,1:42:0,0,[StatementsData_logId:0]
6430004,410,1:42:2,0,[StatementsData_logId:0,2]
6430004,412,1:42:9,0,[StatementsData_logId:0]
6430004,413,1:42:21,0,[StatementsData_logId:0,DuelResponsesData_logId:0]
6430004,414,1:42:26,0,[StatementsData_logId:0,DuelResponsesData_logId:0]
6430004,415,1:42:41,0,[StatementsData_logId:0,DuelResponsesData_logId:0,DuelResponsesData_witty_player_response]
6430004,416,1:42:42,0,[StatementsData_logId:0,DuelResponsesData_logId:0]
6430004,417,1:42:46,0,[StatementsData_logId:0,DuelResponsesData_logId:0]
6430004,413,1:42:51,0,[StatementsData_logId:0,DuelResponsesData_logId:1]
6430004,414,1:42:55,0,[StatementsData_logId:0,DuelResponsesData_logId:1]
6430004,415,1:43:9,0,[StatementsData_logId:0,DuelResponsesData_logId:1,DuelResponsesData_witty_player_response]
6430004,416,1:43:10,0,[StatementsData_logId:0,DuelResponsesData_logId:1]
6430004,417,1:43:15,0,[StatementsData_logId:0,DuelResponsesData_logId:1]
6430004,413,1:43:22,0,[StatementsData_logId:0,DuelResponsesData_logId:2]
6430004,414,1:43:25,0,[StatementsData_logId:0,DuelResponsesData_logId:2]
6430004,415,1:43:37,0,[StatementsData_logId:0,DuelResponsesData_logId:2,DuelResponsesData_witty_player_response]
6430004,416,1:43:39,0,[StatementsData_logId:0,DuelResponsesData_logId:2]
6430004,417,1:43:43,0,[StatementsData_logId:0,DuelResponsesData_logId:2]
6430004,418,1:43:43,0,[StatementsData_logId:0,true]
6430004,419,1:43:47,0,[StatementsData_logId:0,4]
6430004,411,1:43:54,0,[StatementsData_logId:0]
6430004,401,1:44:0,0,[StatementsData_logId:1]
6430004,402,1:44:21,0,[StatementsData_logId:1,true]
6430004,405,1:44:22,0,[StatementsData_logId:1]
6430004,406,1:44:29,0,[StatementsData_logId:1,2]
6430004,411,1:44:34,0,[StatementsData_logId:1]
6430004,401,1:44:42,0,[StatementsData_logId:2]
6430004,404,1:44:50,0,[StatementsData_logId:2,true]
6430004,406,1:44:52,0,[StatementsData_logId:2,2]
6430004,412,1:44:56,0,[StatementsData_logId:2]
6430004,413,1:45:1,0,[StatementsData_logId:2,DuelResponsesData_logId:3]
6430004,414,1:45:4,0,[StatementsData_logId:2,DuelResponsesData_logId:3]
6430004,415,1:45:24,0,[StatementsData_logId:2,DuelResponsesData_logId:3,DuelResponsesData_witty_player_response]
6430004,416,1:45:25,0,[StatementsData_logId:2,DuelResponsesData_logId:3]
6430004,417,1:45:27,0,[StatementsData_logId:2,DuelResponsesData_logId:3]
6430004,413,1:45:33,0,[StatementsData_logId:2,DuelResponsesData_logId:4]
6430004,414,1:45:35,0,[StatementsData_logId:2,DuelResponsesData_logId:4]
6430004,415,1:45:56,0,[StatementsData_logId:2,DuelResponsesData_logId:4,DuelResponsesData_lame_player_response]
6430004,416,1:45:57,0,[StatementsData_logId:2,DuelResponsesData_logId:4]
6430004,417,1:46:0,0,[StatementsData_logId:2,DuelResponsesData_logId:4]
6430004,413,1:46:9,0,[StatementsData_logId:2,DuelResponsesData_logId:5]
6430004,414,1:46:11,0,[StatementsData_logId:2,DuelResponsesData_logId:5]
6430004,415,1:46:20,0,[StatementsData_logId:2,DuelResponsesData_logId:5,DuelResponsesData_witty_player_response]
6430004,416,1:46:21,0,[StatementsData_logId:2,DuelResponsesData_logId:5]
6430004,417,1:46:24,0,[StatementsData_logId:2,DuelResponsesData_logId:5]
6430004,418,1:46:24,0,[StatementsData_logId:2,true]
6430004,419,1:46:31,0,[StatementsData_logId:2,4]
6430004,411,1:46:34,0,[StatementsData_logId:2]
6430004,401,1:46:40,0,[StatementsData_logId:3]
6430004,403,1:47:59,0,[StatementsData_logId:3,true]
6430004,405,1:48:2,0,[StatementsData_logId:3]
6430004,406,1:48:6,0,[StatementsData_logId:3,2]
6430004,407,1:48:6,0,[StatementsData_logId:3,FactCardData_id:5]
6430004,407,1:48:6,0,[StatementsData_logId:3,FactCardData_id:3]
6430004,407,1:48:6,0,[StatementsData_logId:3,FactCardData_id:4]
6430004,407,1:48:6,0,[StatementsData_logId:3,FactCardData_id:6]
6430004,407,1:48:6,0,[StatementsData_logId:3,FactCardData_id:0]
6430004,407,1:48:6,0,[StatementsData_logId:3,FactCardData_id:7]
6430004,407,1:48:17,0,[StatementsData_logId:3,FactCardData_id:5]
6430004,407,1:48:17,0,[StatementsData_logId:3,FactCardData_id:5]
6430004,407,1:49:37,0,[StatementsData_logId:3,FactCardData_id:4]
6430004,407,1:49:37,0,[StatementsData_logId:3,FactCardData_id:5]
6430004,407,1:49:37,0,[StatementsData_logId:3,FactCardData_id:4]
6430004,407,1:49:58,0,[StatementsData_logId:3,FactCardData_id:0]
6430004,407,1:49:58,0,[StatementsData_logId:3,FactCardData_id:4]
6430004,407,1:49:58,0,[StatementsData_logId:3,FactCardData_id:0]
6430004,407,1:50:5,0,[StatementsData_logId:3,FactCardData_id:3]
6430004,407,1:50:5,0,[StatementsData_logId:3,FactCardData_id:0]
6430004,407,1:50:5,0,[StatementsData_logId:3,FactCardData_id:3]
6430004,407,1:50:9,0,[StatementsData_logId:3,FactCardData_id:6]
6430004,407,1:50:9,0,[StatementsData_logId:3,FactCardData_id:3]
6430004,407,1:50:9,0,[StatementsData_logId:3,FactCardData_id:6]
6430004,407,1:50:11,0,[StatementsData_logId:3,FactCardData_id:7]
6430004,407,1:50:11,0,[StatementsData_logId:3,FactCardData_id:6]
6430004,407,1:50:11,0,[StatementsData_logId:3,FactCardData_id:7]
6430004,408,1:50:14,0,[StatementsData_logId:3,FactCardData_id:7,false]
6430004,406,1:50:22,0,[StatementsData_logId:3,-2]
6430004,411,1:50:25,0,[StatementsData_logId:3]
6430004,401,1:50:27,0,[StatementsData_logId:4]
6430004,403,1:51:1,0,[StatementsData_logId:4,false]
6430004,405,1:51:4,0,[StatementsData_logId:4]
6430004,406,1:51:7,0,[StatementsData_logId:4,-2]
6430004,411,1:51:12,0,[StatementsData_logId:4]
6430004,401,1:51:19,0,[StatementsData_logId:5]
6430004,402,1:51:37,0,[StatementsData_logId:5,false]
6430004,405,1:51:39,0,[StatementsData_logId:5]
6430004,406,1:51:43,0,[StatementsData_logId:5,-2]
6430004,411,1:51:46,0,[StatementsData_logId:5]
6430004,420,1:51:46,0,[44]
6430004,1005,1:51:46,0,[0,0,1]
6430004,1001,1:51:55,0,[]
6430004,1003,1:51:55,0
6430004,1004,1:51:59,0
6430004,400,1:52:1,0,[]
6430004,401,1:52:11,0,[StatementsData_logId:0]
6430004,403,1:52:27,0,[StatementsData_logId:0,true]
6430004,405,1:52:29,0,[StatementsData_logId:0]
6430004,406,1:52:33,0,[StatementsData_logId:0,2]
6430004,407,1:52:33,0,[StatementsData_logId:0,FactCardData_id:5]
6430004,407,1:52:33,0,[StatementsData_logId:0,FactCardData_id:0]
6430004,407,1:52:33,0,[StatementsData_logId:0,FactCardData_id:7]
6430004,407,1:52:33,0,[StatementsData_logId:0,FactCardData_id:4]
6430004,407,1:52:33,0,[StatementsData_logId:0,FactCardData_id:3]
6430004,407,1:52:33,0,[StatementsData_logId:0,FactCardData_id:6]
6430004,407,1:52:41,0,[StatementsData_logId:0,FactCardData_id:5]
6430004,407,1:52:41,0,[StatementsData_logId:0,FactCardData_id:5]
6430004,407,1:52:49,0,[StatementsData_logId:0,FactCardData_id:7]
6430004,407,1:52:49,0,[StatementsData_logId:0,FactCardData_id:5]
6430004,407,1:52:49,0,[StatementsData_logId:0,FactCardData_id:7]
6430004,407,1:52:53,0,[StatementsData_logId:0,FactCardData_id:5]
6430004,407,1:52:53,0,[StatementsData_logId:0,FactCardData_id:7]
6430004,407,1:52:53,0,[StatementsData_logId:0,FactCardData_id:5]
6430004,407,1:52:55,0,[StatementsData_logId:0,FactCardData_id:7]
6430004,407,1:52:55,0,[StatementsData_logId:0,FactCardData_id:5]
6430004,407,1:52:55,0,[StatementsData_logId:0,FactCardData_id:7]
6430004,407,1:52:58,0,[StatementsData_logId:0,FactCardData_id:5]
6430004,407,1:52:58,0,[StatementsData_logId:0,FactCardData_id:7]
6430004,407,1:52:58,0,[StatementsData_logId:0,FactCardData_id:5]
6430004,408,1:52:59,0,[StatementsData_logId:0,FactCardData_id:5,false]
6430004,406,1:53:6,0,[StatementsData_logId:0,-2]
6430004,411,1:53:8,0,[StatementsData_logId:0]
6430004,401,1:53:9,0,[StatementsData_logId:1]
6430004,404,1:53:10,0,[StatementsData_logId:1,false]
6430004,405,1:53:11,0,[StatementsData_logId:1]
6430004,406,1:53:19,0,[StatementsData_logId:1,-2]
6430004,411,1:53:20,0,[StatementsData_logId:1]
6430004,401,1:53:21,0,[StatementsData_logId:2]
6430004,402,1:53:24,0,[StatementsData_logId:2,false]
6430004,405,1:53:25,0,[StatementsData_logId:2]
6430004,1002,1:53:29,0
6430004,1003,1:53:29,0
6430004,210,1:53:33,1487,141
6430004,207,1:53:33,0,-400,-518
6430004,211,1:53:36,1531,141
6430004,210,1:53:37,1159,510
6430004,211,1:53:40,981,453
6430004,213,1:53:40,0,c_bestFriend_M_a_G7a1P,true
6430004,1003,1:53:44,0
6430004,1004,1:53:45,0
6430004,400,1:53:48,0,[]
6430004,401,1:54:20,0,[StatementsData_logId:0]
6430004,403,1:54:33,0,[StatementsData_logId:0,true]
6430004,405,1:54:35,0,[StatementsData_logId:0]
6430004,406,1:54:37,0,[StatementsData_logId:0,2]
6430004,407,1:54:37,0,[StatementsData_logId:0,FactCardData_id:6]
6430004,407,1:54:37,0,[StatementsData_logId:0,FactCardData_id:0]
6430004,407,1:54:37,0,[StatementsData_logId:0,FactCardData_id:3]
6430004,407,1:54:37,0,[StatementsData_logId:0,FactCardData_id:4]
6430004,407,1:54:37,0,[StatementsData_logId:0,FactCardData_id:5]
6430004,407,1:54:37,0,[StatementsData_logId:0,FactCardData_id:7]
6430004,407,1:54:46,0,[StatementsData_logId:0,FactCardData_id:6]
6430004,407,1:54:46,0,[StatementsData_logId:0,FactCardData_id:6]
6430004,407,1:54:53,0,[StatementsData_logId:0,FactCardData_id:3]
6430004,407,1:54:53,0,[StatementsData_logId:0,FactCardData_id:6]
6430004,407,1:54:53,0,[StatementsData_logId:0,FactCardData_id:3]
6430004,407,1:54:59,0,[StatementsData_logId:0,FactCardData_id:5]
6430004,407,1:54:59,0,[StatementsData_logId:0,FactCardData_id:3]
6430004,407,1:54:59,0,[StatementsData_logId:0,FactCardData_id:5]
6430004,407,1:55:3,0,[StatementsData_logId:0,FactCardData_id:0]
6430004,407,1:55:3,0,[StatementsData_logId:0,FactCardData_id:5]
6430004,407,1:55:3,0,[StatementsData_logId:0,FactCardData_id:0]
6430004,407,1:55:11,0,[StatementsData_logId:0,FactCardData_id:4]
6430004,407,1:55:11,0,[StatementsData_logId:0,FactCardData_id:0]
6430004,407,1:55:11,0,[StatementsData_logId:0,FactCardData_id:4]
6430004,407,1:55:22,0,[StatementsData_logId:0,FactCardData_id:7]
6430004,407,1:55:22,0,[StatementsData_logId:0,FactCardData_id:4]
6430004,407,1:55:22,0,[StatementsData_logId:0,FactCardData_id:7]
6430004,407,1:55:29,0,[StatementsData_logId:0,FactCardData_id:4]
6430004,407,1:55:29,0,[StatementsData_logId:0,FactCardData_id:7]
6430004,407,1:55:29,0,[StatementsData_logId:0,FactCardData_id:4]
6430004,408,1:55:30,0,[StatementsData_logId:0,FactCardData_id:4,false]
6430004,406,1:55:36,0,[StatementsData_logId:0,-2]
6430004,411,1:55:41,0,[StatementsData_logId:0]
6430004,401,1:55:48,0,[StatementsData_logId:1]
6430004,403,1:55:49,0,[StatementsData_logId:1,false]
6430004,405,1:55:50,0,[StatementsData_logId:1]
6430004,406,1:56:22,0,[StatementsData_logId:1,-2]
6430004,411,1:56:25,0,[StatementsData_logId:1]
6430004,401,1:57:32,0,[StatementsData_logId:2]
6430004,402,1:57:34,0,[StatementsData_logId:2,false]
6430004,405,1:57:35,0,[StatementsData_logId:2]
6430004,406,1:57:52,0,[StatementsData_logId:2,-2]
6430004,411,1:57:54,0,[StatementsData_logId:2]
6430004,401,1:58:21,0,[StatementsData_logId:3]
6430004,404,1:58:22,0,[StatementsData_logId:3,false]
6430004,405,1:58:23,0,[StatementsData_logId:3]
6430004,406,1:58:25,0,[StatementsData_logId:3,-2]
6430004,411,1:58:43,0,[StatementsData_logId:3]
6430004,401,1:59:17,0,[StatementsData_logId:4]
6430004,402,1:59:27,0,[StatementsData_logId:4,true]
6430004,405,1:59:30,0,[StatementsData_logId:4]
6430004,406,1:59:42,0,[StatementsData_logId:4,2]
6430004,411,1:59:48,0,[StatementsData_logId:4]
6430004,401,1:59:59,0,[StatementsData_logId:5]
6430004,403,2:0:1,0,[StatementsData_logId:5,false]
6430004,405,2:0:2,0,[StatementsData_logId:5]
6430004,406,2:0:6,0,[StatementsData_logId:5,-2]
6430004,411,2:0:9,0,[StatementsData_logId:5]
6430004,420,2:0:9,0,[26]
6430004,1001,2:0:10,0,[]
6430004,1003,2:0:10,0
6430004,221,2:0:16,0
6430004,220,2:0:21,0
6430004,204,2:0:31,0
6430004,100,2:0:34,0
6430004,102,2:0:39,0
6430004,200,2:0:39,0,1,3,3,0,6
6430004,204,2:0:45,0
6430004,100,2:0:46,0
6430004,101,2:0:50,0
6430004,100,2:0:52,0
6430004,102,2:0:53,0
6430004,200,2:0:53,0,1,3,3,0,6
6430004,219,2:0:59,0
6430004,218,2:1:3,0
6430004,219,2:1:7,0
6430004,218,2:1:10,0
6430004,219,2:1:12,0
6430004,218,2:1:16,0
6430004,204,2:1:18,0
6430004,300,2:1:22
6430004,100,2:1:26,0
6430004,102,2:1:29,0
6430004,200,2:1:29,0,1,3,3,0,6
6430004,212,2:2:6,2
6430004,210,2:2:7,1164,177
6430004,211,2:2:9,1047,541
6430004,213,2:2:9,0,c_bestFriend_M_a_G7a1N,true
6430004,205,2:2:9,0,c_bestFriend_M_a_G7a1N,false,true
6430004,210,2:2:14,1479,272
6430004,207,2:2:14,0,-400,-518.45
6430004,211,2:2:14,1455,600
6430004,212,2:2:14,1
6430004,210,2:2:15,1111,155
6430004,211,2:2:17,800,333
6430004,212,2:2:19,2
6430004,210,2:2:19,1154,243
6430004,211,2:2:20,840,439
6430004,213,2:2:20,0,c_teacherEng_G7a1N,true
6430004,205,2:2:20,0,c_teacherEng_G7a1N,false,true
6430004,210,2:2:24,1130,206
6430004,211,2:2:26,794,341
6430004,213,2:2:26,0,c_teacherEng_G7a1N,true
6430004,205,2:2:26,0,c_teacherEng_G7a1N,false,true
6430004,204,2:2:36,0
6430004,100,2:2:49,0
6430004,101,2:2:52,0
6430004,100,2:2:54,0
6430004,102,2:2:56,0
6430004,200,2:2:56,0,1,3,3,0,6
6430004,210,2:3:1,608,233
6430004,207,2:3:3,0,-200,-50
6430004,211,2:3:4,681,459
6430004,210,2:3:8,1045,281
6430004,207,2:3:13,0,-400,-70
6430004,207,2:3:17,0,-70,0
6430004,211,2:3:21,855,322
6430004,213,2:3:21,0,c_teacherEng_G7a1N,true
6430004,205,2:3:21,0,c_teacherEng_G7a1N,false,true
6430004,210,2:3:29,1058,276
6430004,207,2:3:29,0,0,-120
6430004,211,2:3:31,1048,524
6430004,213,2:3:31,0,c_bestFriend_M_a_G7a1N,true
6430004,205,2:3:31,0,c_bestFriend_M_a_G7a1N,false,true
6430004,207,2:3:40,0,-120,-150
6430004,207,2:3:40,0,-150,-180
6430004,210,2:3:40,1259,187
6430004,211,2:3:40,1259,187
6430004,207,2:3:40,0,-180,-255
6430004,207,2:3:40,0,-255,-300
6430004,207,2:3:41,0,-300,-345
6430004,207,2:3:41,0,-345,-360
6430004,210,2:3:41,1201,206
6430004,211,2:3:42,1287,691
6430004,212,2:3:43,1
6430004,210,2:3:44,1108,227
6430004,211,2:3:45,1165,641
6430004,212,2:3:46,0
6430004,210,2:3:47,1129,331
6430004,211,2:3:49,866,503
6430004,219,2:3:59,0
6430004,218,2:4:14,0
6430004,219,2:4:18,0
6430004,218,2:4:23,0
6430004,210,2:4:30,809,334
6430004,211,2:4:30,781,390
6430004,210,2:4:30,809,368
6430004,211,2:4:32,540,8
6430004,204,2:4:32,0
6430004,100,2:4:54,0
6430004,102,2:4:55,0
6430004,200,2:4:55,0,1,3,3,0,6
6430004,204,2:5:30,0
6430004,1003,2:5:35,3
6430004,1003,2:5:39,0
6430004,1004,2:5:40,0
6430004,400,2:5:42,0,[]
6430004,401,2:5:49,0,[StatementsData_logId:0]
6430004,403,2:5:58,0,[StatementsData_logId:0,true]
6430004,405,2:5:59,0,[StatementsData_logId:0]
6430004,406,2:6:8,0,[StatementsData_logId:0,2]
6430004,407,2:6:8,0,[StatementsData_logId:0,FactCardData_id:3]
6430004,407,2:6:8,0,[StatementsData_logId:0,FactCardData_id:7]
6430004,407,2:6:8,0,[StatementsData_logId:0,FactCardData_id:4]
6430004,407,2:6:8,0,[StatementsData_logId:0,FactCardData_id:5]
6430004,407,2:6:8,0,[StatementsData_logId:0,FactCardData_id:0]
6430004,407,2:6:8,0,[StatementsData_logId:0,FactCardData_id:6]
6430004,407,2:6:13,0,[StatementsData_logId:0,FactCardData_id:4]
6430004,407,2:6:13,0,[StatementsData_logId:0,FactCardData_id:4]
6430004,408,2:6:14,0,[StatementsData_logId:0,FactCardData_id:4,false]
6430004,406,2:6:22,0,[StatementsData_logId:0,-2]
6430004,411,2:6:23,0,[StatementsData_logId:0]
6430004,401,2:6:25,0,[StatementsData_logId:1]
6430004,402,2:6:26,0,[StatementsData_logId:1,true]
6430004,405,2:6:27,0,[StatementsData_logId:1]
6430004,406,2:6:30,0,[StatementsData_logId:1,2]
6430004,411,2:6:31,0,[StatementsData_logId:1]
6430004,401,2:6:32,0,[StatementsData_logId:2]
6430004,404,2:6:36,0,[StatementsData_logId:2,true]
6430004,406,2:6:37,0,[StatementsData_logId:2,2]
6430004,412,2:6:41,0,[StatementsData_logId:2]
6430004,413,2:6:47,0,[StatementsData_logId:2,DuelResponsesData_logId:3]
6430004,414,2:6:49,0,[StatementsData_logId:2,DuelResponsesData_logId:3]
6430004,415,2:6:54,0,[StatementsData_logId:2,DuelResponsesData_logId:3,DuelResponsesData_witty_player_response]
6430004,416,2:6:55,0,[StatementsData_logId:2,DuelResponsesData_logId:3]
6430004,417,2:6:57,0,[StatementsData_logId:2,DuelResponsesData_logId:3]
6430004,103,2:7:12
6430004,105,2:7:15
6430004,703,2:7:17,[|| EpilogueItem ID: 0 unlocked: false ||,|| EpilogueItem ID: 1 unlocked: false ||,|| EpilogueItem ID: 2 unlocked: false ||,|| EpilogueItem ID: 3 unlocked: false ||,|| EpilogueItem ID: 4 unlocked: false ||,|| EpilogueItem ID: 5 unlocked: false ||,|| EpilogueItem ID: 6 unlocked: false ||,|| EpilogueItem ID: 7 unlocked: false ||,|| EpilogueItem ID: 8 unlocked: false ||,|| EpilogueItem ID: 9 unlocked: false ||,|| EpilogueItem ID: 10 unlocked: false ||,|| EpilogueItem ID: 11 unlocked: false ||,|| EpilogueItem ID: 12 unlocked: false ||,|| EpilogueItem ID: 13 unlocked: false ||,|| EpilogueItem ID: 14 unlocked: false ||,|| EpilogueItem ID: 15 unlocked: false ||,|| EpilogueItem ID: 16 unlocked: false ||,|| EpilogueItem ID: 17 unlocked: false ||,|| EpilogueItem ID: 18 unlocked: false ||,|| EpilogueItem ID: 19 unlocked: false ||,|| EpilogueItem ID: 20 unlocked: false ||,|| EpilogueItem ID: 21 unlocked: false ||,|| EpilogueItem ID: 22 unlocked: false ||,|| EpilogueItem ID: 23 unlocked: false ||,|| EpilogueItem ID: 24 unlocked: false ||],0
6430004,706,2:7:18,(x=417, y=-100, w=1024, h=768),(x=706, y=-100, w=1024, h=768)
6430004,706,2:7:25,(x=2531, y=-100, w=1024, h=768),(x=2531, y=-100, w=1024, h=768)
6430004,706,2:7:25,(x=2531, y=-100, w=1024, h=768),(x=2531, y=-100, w=1024, h=768)
6430004,707,2:7:26,0,3
6430004,706,2:7:26,(x=2531, y=-100, w=1024, h=768),(x=2531, y=-100, w=1024, h=768)
6430004,708,2:7:26
6430004,1,2:7:26,7/15/2013 12:14:11pm,{"gameTime":7646969,"challengeStacks":[{"challengeScenes":[{"miniGameCards":[],"viewedAnimatic":true,"keyPoints":["c_bestFriend_M_a_G7a0","c_teacherEng_G7a0","s_flag_gen"],"unlocked":true,"touchableObjects":["c_crewKid1_M_G7a0","s_otherStudent1_G7a0","s_doorClassroom_G7a0","s_vocabAssignment_G7a0","c_friend1_M_a_G7a0","s_clock_G7a0","s_angelouPoster_gen","s_shakespearePoster_gen","s_poePoster_gen","s_atwoodPoster_gen","c_bestFriend_M_a_G7a0","c_teacherEng_G7a0","s_flag_gen"]},{"miniGameCards":[],"viewedAnimatic":true,"keyPoints":["s_paperPlayers_G7a1N","c_teacherEng_G7a1N","c_bestFriend_M_a_G7a1N"],"unlocked":true,"touchableObjects":["c_crewKid1_M_G7a1N","s_otherStudent1_G7a1N","s_otherStudent2_G7a1N","s_flag_gen","s_posterPlagiarism_gen","s_poePoster_gen","s_atwoodPoster_gen","s_paperPlayers_G7a1N","c_teacherEng_G7a1N","c_bestFriend_M_a_G7a1N"]},{"miniGameCards":[],"viewedAnimatic":true,"keyPoints":["s_flag_gen","s_paperEnglish_gen"],"unlocked":true,"touchableObjects":["s_flag_gen","s_clock_G7a1P","s_paperEnglish_gen"]}],"stackSize":3,"resolved":false},{"challengeScenes":[{"miniGameCards":[],"viewedAnimatic":false,"keyPoints":[],"unlocked":false,"touchableObjects":[]},{"miniGameCards":[],"viewedAnimatic":false,"keyPoints":[],"unlocked":false,"touchableObjects":[]},{"miniGameCards":[],"viewedAnimatic":false,"keyPoints":[],"unlocked":false,"touchableObjects":[]},{"miniGameCards":[],"viewedAnimatic":false,"keyPoints":[],"unlocked":false,"touchableObjects":[]},{"miniGameCards":[],"viewedAnimatic":false,"keyPoints":[],"unlocked":false,"touchableObjects":[]}],"stackSize":5,"resolved":false},{"challengeScenes":[{"miniGameCards":[],"viewedAnimatic":false,"keyPoints":[],"unlocked":false,"touchableObjects":[]},{"miniGameCards":[],"viewedAnimatic":false,"keyPoints":[],"unlocked":false,"touchableObjects":[]},{"miniGameCards":[],"viewedAnimatic":false,"keyPoints":[],"unlocked":false,"touchableObjects":[]},{"miniGameCards":[],"viewedAnimatic":false,"keyPoints":[],"unlocked":false,"touchableObjects":[]},{"miniGameCards":[],"viewedAnimatic":false,"keyPoints":[],"unlocked":false,"touchableObjects":[]},{"miniGameCards":[],"viewedAnimatic":false,"keyPoints":[],"unlocked":false,"touchableObjects":[]},{"miniGameCards":[],"viewedAnimatic":false,"keyPoints":[],"unlocked":false,"touchableObjects":[]}],"stackSize":7,"resolved":false},{"challengeScenes":[{"miniGameCards":[],"viewedAnimatic":false,"keyPoints":[],"unlocked":false,"touchableObjects":[]},{"miniGameCards":[],"viewedAnimatic":false,"keyPoints":[],"unlocked":false,"touchableObjects":[]},{"miniGameCards":[],"viewedAnimatic":false,"keyPoints":[],"unlocked":false,"touchableObjects":[]},{"miniGameCards":[],"viewedAnimatic":false,"keyPoints":[],"unlocked":false,"touchableObjects":[]},{"miniGameCards":[],"viewedAnimatic":false,"keyPoints":[],"unlocked":false,"touchableObjects":[]}],"stackSize":5,"resolved":false},{"challengeScenes":[{"miniGameCards":[],"viewedAnimatic":false,"keyPoints":[],"unlocked":false,"touchableObjects":[]},{"miniGameCards":[],"viewedAnimatic":false,"keyPoints":[],"unlocked":false,"touchableObjects":[]},{"miniGameCards":[],"viewedAnimatic":false,"keyPoints":[],"unlocked":false,"touchableObjects":[]},{"miniGameCards":[],"viewedAnimatic":false,"keyPoints":[],"unlocked":false,"touchableObjects":[]},{"miniGameCards":[],"viewedAnimatic":false,"keyPoints":[],"unlocked":false,"touchableObjects":[]}],"stackSize":5,"resolved":false},{"challengeScenes":[{"miniGameCards":[],"viewedAnimatic":false,"keyPoints":[],"unlocked":false,"touchableObjects":[]},{"miniGameCards":[],"viewedAnimatic":false,"keyPoints":[],"unlocked":false,"touchableObjects":[]},{"miniGameCards":[],"viewedAnimatic":false,"keyPoints":[],"unlocked":false,"touchableObjects":[]},{"miniGameCards":[],"viewedAnimatic":false,"keyPoints":[],"unlocked":false,"touchableObjects":[]},{"miniGameCards":[],"viewedAnimatic":false,"keyPoints":[],"unlocked":false,"touchableObjects":[]}],"stackSize":5,"resolved":false},{"challengeScenes":[{"miniGameCards":[],"viewedAnimatic":false,"keyPoints":[],"unlocked":false,"touchableObjects":[]},{"miniGameCards":[],"viewedAnimatic":false,"keyPoints":[],"unlocked":false,"touchableObjects":[]},{"miniGameCards":[],"viewedAnimatic":false,"keyPoints":[],"unlocked":false,"touchableObjects":[]},{"miniGameCards":[],"viewedAnimatic":false,"keyPoints":[],"unlocked":false,"touchableObjects":[]},{"miniGameCards":[],"viewedAnimatic":false,"keyPoints":[],"unlocked":false,"touchableObjects":[]}],"stackSize":5,"resolved":false},{"challengeScenes":[{"miniGameCards":[],"viewedAnimatic":false,"keyPoints":[],"unlocked":false,"touchableObjects":[]},{"miniGameCards":[],"viewedAnimatic":false,"keyPoints":[],"unlocked":false,"touchableObjects":[]},{"miniGameCards":[],"viewedAnimatic":false,"keyPoints":[],"unlocked":false,"touchableObjects":[]},{"miniGameCards":[],"viewedAnimatic":false,"keyPoints":[],"unlocked":false,"touchableObjects":[]},{"miniGameCards":[],"viewedAnimatic":false,"keyPoints":[],"unlocked":false,"touchableObjects":[]}],"stackSize":5,"resolved":false},{"challengeScenes":[{"miniGameCards":[],"viewedAnimatic":false,"keyPoints":[],"unlocked":false,"touchableObjects":[]},{"miniGameCards":[],"viewedAnimatic":false,"keyPoints":[],"unlocked":false,"touchableObjects":[]},{"miniGameCards":[],"viewedAnimatic":false,"keyPoints":[],"unlocked":false,"touchableObjects":[]},{"miniGameCards":[],"viewedAnimatic":false,"keyPoints":[],"unlocked":false,"touchableObjects":[]},{"miniGameCards":[],"viewedAnimatic":false,"keyPoints":[],"unlocked":false,"touchableObjects":[]}],"stackSize":5,"resolved":false},{"challengeScenes":[{"miniGameCards":[],"viewedAnimatic":false,"keyPoints":[],"unlocked":false,"touchableObjects":[]},{"miniGameCards":[],"viewedAnimatic":false,"keyPoints":[],"unlocked":false,"touchableObjects":[]},{"miniGameCards":[],"viewedAnimatic":false,"keyPoints":[],"unlocked":false,"touchableObjects":[]},{"miniGameCards":[],"viewedAnimatic":false,"keyPoints":[],"unlocked":false,"touchableObjects":[]},{"miniGameCards":[],"viewedAnimatic":false,"keyPoints":[],"unlocked":false,"touchableObjects":[]}],"stackSize":5,"resolved":false},{"challengeScenes":[{"miniGameCards":[],"viewedAnimatic":false,"keyPoints":[],"unlocked":false,"touchableObjects":[]},{"miniGameCards":[],"viewedAnimatic":false,"keyPoints":[],"unlocked":false,"touchableObjects":[]},{"miniGameCards":[],"viewedAnimatic":false,"keyPoints":[],"unlocked":false,"touchableObjects":[]},{"miniGameCards":[],"viewedAnimatic":false,"keyPoints":[],"unlocked":false,"touchableObjects":[]},{"miniGameCards":[],"viewedAnimatic":false,"keyPoints":[],"unlocked":false,"touchableObjects":[]}],"stackSize":5,"resolved":false},{"challengeScenes":[{"miniGameCards":[],"viewedAnimatic":false,"keyPoints":[],"unlocked":false,"touchableObjects":[]},{"miniGameCards":[],"viewedAnimatic":false,"keyPoints":[],"unlocked":false,"touchableObjects":[]},{"miniGameCards":[],"viewedAnimatic":false,"keyPoints":[],"unlocked":false,"touchableObjects":[]},{"miniGameCards":[],"viewedAnimatic":false,"keyPoints":[],"unlocked":false,"touchableObjects":[]},{"miniGameCards":[],"viewedAnimatic":false,"keyPoints":[],"unlocked":false,"touchableObjects":[]}],"stackSize":5,"resolved":false},{"challengeScenes":[{"miniGameCards":[],"viewedAnimatic":false,"keyPoints":[],"unlocked":true,"touchableObjects":["c_player_lati_M_a_G0a0","c_family_lati_a_G0a0"]},{"miniGameCards":[],"viewedAnimatic":false,"keyPoints":["c_job_G0a1N","c_family_lati_a_G0a1N","c_home_G0a1N"],"unlocked":true,"touchableObjects":["c_player_lati_M_a_G0a1N","c_job_G0a1N","c_family_lati_a_G0a1N","c_home_G0a1N"]},{"miniGameCards":[],"viewedAnimatic":false,"keyPoints":["c_kidsister_lati_a_G0a1P","c_grandma_lati_a_G0a1P","c_Teacher_G0a1P","c_Nurse_G0a1P","c_dad_lati_a_G0a1P","c_mom_lati_a_G0a1P"],"unlocked":true,"touchableObjects":["c_cousins_M_a_G0a1P","c_friends_G0a1P","c_kidsister_lati_a_G0a1P","c_grandma_lati_a_G0a1P","c_Teacher_G0a1P","c_Nurse_G0a1P","c_dad_lati_a_G0a1P","c_mom_lati_a_G0a1P"]}],"stackSize":3,"resolved":true}],"sessionId":3,"epilogue":{"rating":3},"playerId":6430004,"session":[{"sceneId":"1P","stackId":12},{"sceneId":"1P","stackId":0}],"minigames":[{"levelSaveData":[{"starRating":1,"unlocked":true},{"starRating":0,"unlocked":false},{"starRating":0,"unlocked":false},{"starRating":0,"unlocked":false},{"starRating":0,"unlocked":false},{"starRating":0,"unlocked":false},{"starRating":0,"unlocked":false},{"starRating":0,"unlocked":false},{"starRating":0,"unlocked":false},{"starRating":0,"unlocked":false}],"skillPoints":1},{"levelSaveData":[{"starRating":3,"unlocked":true},{"starRating":0,"unlocked":false},{"starRating":0,"unlocked":false},{"starRating":0,"unlocked":false},{"starRating":0,"unlocked":false},{"starRating":0,"unlocked":false},{"starRating":0,"unlocked":false},{"starRating":0,"unlocked":false},{"starRating":0,"unlocked":false},{"starRating":0,"unlocked":false}],"skillPoints":3},{"levelSaveData":[{"starRating":3,"unlocked":true},{"starRating":0,"unlocked":false},{"starRating":0,"unlocked":false},{"starRating":0,"unlocked":false},{"starRating":0,"unlocked":false},{"starRating":0,"unlocked":false},{"starRating":0,"unlocked":false},{"starRating":0,"unlocked":false},{"starRating":0,"unlocked":false},{"starRating":0,"unlocked":false}],"skillPoints":3},{"levelSaveData":[{"starRating":0,"unlocked":false},{"starRating":0,"unlocked":false},{"starRating":0,"unlocked":false},{"starRating":0,"unlocked":false},{"starRating":0,"unlocked":false},{"starRating":0,"unlocked":false},{"starRating":0,"unlocked":false},{"starRating":0,"unlocked":false},{"starRating":0,"unlocked":false},{"starRating":0,"unlocked":false}],"skillPoints":0},{"age":11,"name":"bob","gender":0,"levelSaveData":[{"starRating":3,"unlocked":true},{"starRating":3,"chunks":[["3"],["0","5"],["15","5","6"],["3"]],"unlocked":true},{"starRating":0,"chunks":[[null],[null,null],[null,null]],"unlocked":false},{"starRating":0,"chunks":[[null],[null],[null],[null],[null,null],[null]],"unlocked":false},{"starRating":0,"chunks":[[null],[null],[null,null],[null],[null],[null]],"unlocked":false},{"starRating":0,"chunks":[[null],[null,null,null,null],[null],[null]],"unlocked":false},{"starRating":0,"chunks":[[null],[null],[null,null],[null,null],[null]],"unlocked":false},{"starRating":0,"chunks":[[null,null,null],[null,null,null],[null],[null],[null]],"unlocked":false},{"starRating":0,"chunks":[[null,null,null],[null,null,null],[null,null]],"unlocked":false},{"starRating":0,"chunks":[[null],[null],[null],[null],[null],[null]],"unlocked":false}],"visualAvatar":0,"id":2,"skillPoints":6}],"avatar":{"age":11,"name":"bob","gender":0,"levelSaveData":[{"starRating":3,"unlocked":true},{"starRating":3,"chunks":[["3"],["0","5"],["15","5","6"],["3"]],"unlocked":true},{"starRating":0,"chunks":[[null],[null,null],[null,null]],"unlocked":false},{"starRating":0,"chunks":[[null],[null],[null],[null],[null,null],[null]],"unlocked":false},{"starRating":0,"chunks":[[null],[null],[null,null],[null],[null],[null]],"unlocked":false},{"starRating":0,"chunks":[[null],[null,null,null,null],[null],[null]],"unlocked":false},{"starRating":0,"chunks":[[null],[null],[null,null],[null,null],[null]],"unlocked":false},{"starRating":0,"chunks":[[null,null,null],[null,null,null],[null],[null],[null]],"unlocked":false},{"starRating":0,"chunks":[[null,null,null],[null,null,null],[null,null]],"unlocked":false},{"starRating":0,"chunks":[[null],[null],[null],[null],[null],[null]],"unlocked":false}],"visualAvatar":0,"id":2,"skillPoints":6}}
