6430004,0,2:7:26,7/16/2013 1:43:13pm
6430004,100,2:8:22,0
6430004,102,2:8:23,0
6430004,200,2:8:23,0,1,3,3,0,6
6430004,204,2:8:32,0
6430004,1003,2:8:33,0
6430004,1004,2:8:35,0
6430004,400,2:8:37,0,[]
6430004,401,2:8:46,0,[StatementsData_logId:0]
6430004,403,2:8:52,0,[StatementsData_logId:0,true]
6430004,405,2:8:54,0,[StatementsData_logId:0]
6430004,406,2:9:0,0,[StatementsData_logId:0,2]
6430004,407,2:9:0,0,[StatementsData_logId:0,FactCardData_id:5]
6430004,407,2:9:0,0,[StatementsData_logId:0,FactCardData_id:6]
6430004,407,2:9:0,0,[StatementsData_logId:0,FactCardData_id:0]
6430004,407,2:9:0,0,[StatementsData_logId:0,FactCardData_id:3]
6430004,407,2:9:0,0,[StatementsData_logId:0,FactCardData_id:4]
6430004,407,2:9:0,0,[StatementsData_logId:0,FactCardData_id:7]
6430004,407,2:9:11,0,[StatementsData_logId:0,FactCardData_id:5]
6430004,407,2:9:11,0,[StatementsData_logId:0,FactCardData_id:5]
6430004,407,2:9:14,0,[StatementsData_logId:0,FactCardData_id:0]
6430004,407,2:9:14,0,[StatementsData_logId:0,FactCardData_id:5]
6430004,407,2:9:14,0,[StatementsData_logId:0,FactCardData_id:0]
6430004,407,2:9:25,0,[StatementsData_logId:0,FactCardData_id:4]
6430004,407,2:9:25,0,[StatementsData_logId:0,FactCardData_id:0]
6430004,407,2:9:25,0,[StatementsData_logId:0,FactCardData_id:4]
6430004,407,2:9:34,0,[StatementsData_logId:0,FactCardData_id:6]
6430004,407,2:9:34,0,[StatementsData_logId:0,FactCardData_id:4]
6430004,407,2:9:34,0,[StatementsData_logId:0,FactCardData_id:6]
6430004,407,2:9:46,0,[StatementsData_logId:0,FactCardData_id:3]
6430004,407,2:9:46,0,[StatementsData_logId:0,FactCardData_id:6]
6430004,407,2:9:46,0,[StatementsData_logId:0,FactCardData_id:3]
6430004,407,2:10:22,0,[StatementsData_logId:0,FactCardData_id:7]
6430004,407,2:10:22,0,[StatementsData_logId:0,FactCardData_id:3]
6430004,407,2:10:22,0,[StatementsData_logId:0,FactCardData_id:7]
6430004,408,2:10:23,0,[StatementsData_logId:0,FactCardData_id:7,false]
6430004,406,2:10:39,0,[StatementsData_logId:0,-2]
6430004,411,2:10:59,0,[StatementsData_logId:0]
6430004,401,2:11:4,0,[StatementsData_logId:1]
6430004,403,2:11:14,0,[StatementsData_logId:1,false]
6430004,405,2:11:16,0,[StatementsData_logId:1]
6430004,406,2:11:25,0,[StatementsData_logId:1,-2]
6430004,411,2:11:28,0,[StatementsData_logId:1]
6430004,401,2:11:32,0,[StatementsData_logId:2]
6430004,402,2:11:33,0,[StatementsData_logId:2,false]
6430004,405,2:11:34,0,[StatementsData_logId:2]
6430004,406,2:11:38,0,[StatementsData_logId:2,-2]
6430004,411,2:11:39,0,[StatementsData_logId:2]
6430004,401,2:11:43,0,[StatementsData_logId:3]
6430004,404,2:11:44,0,[StatementsData_logId:3,false]
6430004,405,2:11:44,0,[StatementsData_logId:3]
6430004,1003,2:11:54,3
6430004,1003,2:11:58,2
6430004,1004,2:11:59,0
6430004,900,2:12:6,0,[]
6430004,1002,2:12:8,0
6430004,1003,2:12:8,2
6430004,1003,2:12:13,1
6430004,1004,2:12:14,0
6430004,1002,2:12:19,0
6430004,1003,2:12:19,1
6430004,1003,2:12:27,0
6430004,1004,2:12:33,0
6430004,400,2:12:39,0,[]
6430004,401,2:12:43,0,[StatementsData_logId:0]
6430004,403,2:12:46,0,[StatementsData_logId:0,true]
6430004,405,2:12:47,0,[StatementsData_logId:0]
6430004,406,2:12:50,0,[StatementsData_logId:0,2]
6430004,407,2:12:50,0,[StatementsData_logId:0,FactCardData_id:4]
6430004,407,2:12:50,0,[StatementsData_logId:0,FactCardData_id:6]
6430004,407,2:12:50,0,[StatementsData_logId:0,FactCardData_id:5]
6430004,407,2:12:50,0,[StatementsData_logId:0,FactCardData_id:0]
6430004,407,2:12:50,0,[StatementsData_logId:0,FactCardData_id:3]
6430004,407,2:12:50,0,[StatementsData_logId:0,FactCardData_id:7]
6430004,407,2:13:2,0,[StatementsData_logId:0,FactCardData_id:4]
6430004,407,2:13:2,0,[StatementsData_logId:0,FactCardData_id:4]
6430004,407,2:13:11,0,[StatementsData_logId:0,FactCardData_id:5]
6430004,407,2:13:11,0,[StatementsData_logId:0,FactCardData_id:4]
6430004,407,2:13:11,0,[StatementsData_logId:0,FactCardData_id:5]
6430004,407,2:13:15,0,[StatementsData_logId:0,FactCardData_id:3]
6430004,407,2:13:15,0,[StatementsData_logId:0,FactCardData_id:5]
6430004,407,2:13:15,0,[StatementsData_logId:0,FactCardData_id:3]
6430004,408,2:13:18,0,[StatementsData_logId:0,FactCardData_id:3,false]
6430004,406,2:13:38,0,[StatementsData_logId:0,-2]
6430004,411,2:13:43,0,[StatementsData_logId:0]
6430004,401,2:13:56,0,[StatementsData_logId:1]
6430004,402,2:13:58,0,[StatementsData_logId:1,true]
6430004,405,2:13:59,0,[StatementsData_logId:1]
6430004,406,2:14:11,0,[StatementsData_logId:1,2]
6430004,411,2:14:13,0,[StatementsData_logId:1]
6430004,401,2:14:23,0,[StatementsData_logId:2]
6430004,402,2:14:26,0,[StatementsData_logId:2,false]
6430004,405,2:14:27,0,[StatementsData_logId:2]
6430004,406,2:14:34,0,[StatementsData_logId:2,-2]
6430004,411,2:14:37,0,[StatementsData_logId:2]
6430004,401,2:15:20,0,[StatementsData_logId:3]
6430004,403,2:15:22,0,[StatementsData_logId:3,true]
6430004,405,2:15:23,0,[StatementsData_logId:3]
6430004,406,2:15:26,0,[StatementsData_logId:3,2]
6430004,407,2:15:26,0,[StatementsData_logId:3,FactCardData_id:7]
6430004,407,2:15:26,0,[StatementsData_logId:3,FactCardData_id:3]
6430004,407,2:15:26,0,[StatementsData_logId:3,FactCardData_id:4]
6430004,407,2:15:26,0,[StatementsData_logId:3,FactCardData_id:6]
6430004,407,2:15:26,0,[StatementsData_logId:3,FactCardData_id:5]
6430004,407,2:15:26,0,[StatementsData_logId:3,FactCardData_id:0]
6430004,407,2:15:46,0,[StatementsData_logId:3,FactCardData_id:7]
6430004,407,2:15:46,0,[StatementsData_logId:3,FactCardData_id:7]
6430004,407,2:16:6,0,[StatementsData_logId:3,FactCardData_id:4]
6430004,407,2:16:6,0,[StatementsData_logId:3,FactCardData_id:7]
6430004,407,2:16:6,0,[StatementsData_logId:3,FactCardData_id:4]
6430004,407,2:16:23,0,[StatementsData_logId:3,FactCardData_id:5]
6430004,407,2:16:23,0,[StatementsData_logId:3,FactCardData_id:4]
6430004,407,2:16:23,0,[StatementsData_logId:3,FactCardData_id:5]
6430004,407,2:16:27,0,[StatementsData_logId:3,FactCardData_id:3]
6430004,407,2:16:27,0,[StatementsData_logId:3,FactCardData_id:5]
6430004,407,2:16:27,0,[StatementsData_logId:3,FactCardData_id:3]
6430004,407,2:16:30,0,[StatementsData_logId:3,FactCardData_id:6]
6430004,407,2:16:30,0,[StatementsData_logId:3,FactCardData_id:3]
6430004,407,2:16:30,0,[StatementsData_logId:3,FactCardData_id:6]
6430004,408,2:16:32,0,[StatementsData_logId:3,FactCardData_id:6,false]
6430004,406,2:17:33,0,[StatementsData_logId:3,-2]
6430004,411,2:17:35,0,[StatementsData_logId:3]
6430004,401,2:17:41,0,[StatementsData_logId:4]
6430004,402,2:17:47,0,[StatementsData_logId:4,true]
6430004,405,2:17:48,0,[StatementsData_logId:4]
6430004,406,2:18:4,0,[StatementsData_logId:4,2]
6430004,411,2:18:8,0,[StatementsData_logId:4]
6430004,401,2:18:17,0,[StatementsData_logId:5]
6430004,404,2:18:18,0,[StatementsData_logId:5,true]
6430004,406,2:18:19,0,[StatementsData_logId:5,2]
6430004,412,2:18:23,0,[StatementsData_logId:5]
6430004,413,2:18:30,0,[StatementsData_logId:5,DuelResponsesData_logId:9]
6430004,414,2:18:32,0,[StatementsData_logId:5,DuelResponsesData_logId:9]
6430004,415,2:18:46,0,[StatementsData_logId:5,DuelResponsesData_logId:9,DuelResponsesData_ok_player_response]
6430004,416,2:18:47,0,[StatementsData_logId:5,DuelResponsesData_logId:9]
6430004,417,2:18:50,0,[StatementsData_logId:5,DuelResponsesData_logId:9]
6430004,413,2:18:55,0,[StatementsData_logId:5,DuelResponsesData_logId:10]
6430004,414,2:18:55,0,[StatementsData_logId:5,DuelResponsesData_logId:10]
6430004,415,2:19:6,0,[StatementsData_logId:5,DuelResponsesData_logId:10,DuelResponsesData_witty_player_response]
6430004,416,2:19:7,0,[StatementsData_logId:5,DuelResponsesData_logId:10]
6430004,417,2:19:11,0,[StatementsData_logId:5,DuelResponsesData_logId:10]
6430004,413,2:19:20,0,[StatementsData_logId:5,DuelResponsesData_logId:11]
6430004,414,2:19:24,0,[StatementsData_logId:5,DuelResponsesData_logId:11]
6430004,415,2:19:30,0,[StatementsData_logId:5,DuelResponsesData_logId:11,DuelResponsesData_ok_player_response]
6430004,416,2:19:31,0,[StatementsData_logId:5,DuelResponsesData_logId:11]
6430004,417,2:19:35,0,[StatementsData_logId:5,DuelResponsesData_logId:11]
6430004,418,2:19:35,0,[StatementsData_logId:5,true]
6430004,419,2:19:54,0,[StatementsData_logId:5,4]
6430004,411,2:19:58,0,[StatementsData_logId:5]
6430004,420,2:19:58,0,[40]
6430004,1000,2:20:3,0,[]
6430004,400,2:20:7,0,[]
6430004,401,2:20:15,0,[StatementsData_logId:0]
6430004,403,2:20:18,0,[StatementsData_logId:0,true]
6430004,405,2:20:19,0,[StatementsData_logId:0]
6430004,406,2:20:21,0,[StatementsData_logId:0,2]
6430004,407,2:20:21,0,[StatementsData_logId:0,FactCardData_id:6]
6430004,407,2:20:21,0,[StatementsData_logId:0,FactCardData_id:7]
6430004,407,2:20:21,0,[StatementsData_logId:0,FactCardData_id:5]
6430004,407,2:20:21,0,[StatementsData_logId:0,FactCardData_id:0]
6430004,407,2:20:21,0,[StatementsData_logId:0,FactCardData_id:3]
6430004,407,2:20:21,0,[StatementsData_logId:0,FactCardData_id:4]
6430004,407,2:20:25,0,[StatementsData_logId:0,FactCardData_id:0]
6430004,407,2:20:25,0,[StatementsData_logId:0,FactCardData_id:0]
6430004,408,2:20:25,0,[StatementsData_logId:0,FactCardData_id:0,false]
6430004,406,2:20:29,0,[StatementsData_logId:0,-2]
6430004,411,2:20:30,0,[StatementsData_logId:0]
6430004,401,2:20:35,0,[StatementsData_logId:1]
6430004,402,2:20:36,0,[StatementsData_logId:1,true]
6430004,405,2:20:37,0,[StatementsData_logId:1]
6430004,406,2:20:42,0,[StatementsData_logId:1,2]
6430004,411,2:20:44,0,[StatementsData_logId:1]
6430004,401,2:20:51,0,[StatementsData_logId:2]
6430004,404,2:20:53,0,[StatementsData_logId:2,true]
6430004,406,2:20:53,0,[StatementsData_logId:2,2]
6430004,412,2:20:57,0,[StatementsData_logId:2]
6430004,413,2:21:2,0,[StatementsData_logId:2,DuelResponsesData_logId:3]
6430004,414,2:21:5,0,[StatementsData_logId:2,DuelResponsesData_logId:3]
6430004,415,2:21:12,0,[StatementsData_logId:2,DuelResponsesData_logId:3,DuelResponsesData_lame_player_response]
6430004,416,2:21:13,0,[StatementsData_logId:2,DuelResponsesData_logId:3]
6430004,417,2:21:16,0,[StatementsData_logId:2,DuelResponsesData_logId:3]
6430004,413,2:21:21,0,[StatementsData_logId:2,DuelResponsesData_logId:4]
6430004,414,2:21:24,0,[StatementsData_logId:2,DuelResponsesData_logId:4]
6430004,415,2:21:39,0,[StatementsData_logId:2,DuelResponsesData_logId:4,DuelResponsesData_lame_player_response]
6430004,416,2:21:40,0,[StatementsData_logId:2,DuelResponsesData_logId:4]
6430004,417,2:21:43,0,[StatementsData_logId:2,DuelResponsesData_logId:4]
6430004,413,2:21:51,0,[StatementsData_logId:2,DuelResponsesData_logId:5]
6430004,414,2:21:54,0,[StatementsData_logId:2,DuelResponsesData_logId:5]
6430004,415,2:22:4,0,[StatementsData_logId:2,DuelResponsesData_logId:5,DuelResponsesData_witty_player_response]
6430004,416,2:22:4,0,[StatementsData_logId:2,DuelResponsesData_logId:5]
6430004,417,2:22:8,0,[StatementsData_logId:2,DuelResponsesData_logId:5]
6430004,418,2:22:8,0,[StatementsData_logId:2,false]
6430004,419,2:22:21,0,[StatementsData_logId:2,-4]
6430004,411,2:22:22,0,[StatementsData_logId:2]
6430004,401,2:22:30,0,[StatementsData_logId:3]
6430004,404,2:22:33,0,[StatementsData_logId:3,false]
6430004,405,2:22:34,0,[StatementsData_logId:3]
6430004,406,2:22:37,0,[StatementsData_logId:3,-2]
6430004,411,2:22:38,0,[StatementsData_logId:3]
6430004,401,2:22:41,0,[StatementsData_logId:4]
6430004,402,2:22:42,0,[StatementsData_logId:4,true]
6430004,405,2:22:43,0,[StatementsData_logId:4]
6430004,406,2:22:47,0,[StatementsData_logId:4,2]
6430004,411,2:22:49,0,[StatementsData_logId:4]
6430004,401,2:22:55,0,[StatementsData_logId:5]
6430004,404,2:22:56,0,[StatementsData_logId:5,true]
6430004,406,2:22:56,0,[StatementsData_logId:5,2]
6430004,412,2:22:59,0,[StatementsData_logId:5]
6430004,413,2:23:2,0,[StatementsData_logId:5,DuelResponsesData_logId:9]
6430004,414,2:23:5,0,[StatementsData_logId:5,DuelResponsesData_logId:9]
6430004,415,2:23:9,0,[StatementsData_logId:5,DuelResponsesData_logId:9,DuelResponsesData_witty_player_response]
6430004,416,2:23:11,0,[StatementsData_logId:5,DuelResponsesData_logId:9]
6430004,417,2:23:14,0,[StatementsData_logId:5,DuelResponsesData_logId:9]
6430004,413,2:23:19,0,[StatementsData_logId:5,DuelResponsesData_logId:10]
6430004,414,2:23:22,0,[StatementsData_logId:5,DuelResponsesData_logId:10]
6430004,415,2:23:27,0,[StatementsData_logId:5,DuelResponsesData_logId:10,DuelResponsesData_witty_player_response]
6430004,416,2:23:28,0,[StatementsData_logId:5,DuelResponsesData_logId:10]
6430004,417,2:23:32,0,[StatementsData_logId:5,DuelResponsesData_logId:10]
6430004,413,2:23:36,0,[StatementsData_logId:5,DuelResponsesData_logId:11]
6430004,414,2:23:40,0,[StatementsData_logId:5,DuelResponsesData_logId:11]
6430004,415,2:23:55,0,[StatementsData_logId:5,DuelResponsesData_logId:11,DuelResponsesData_witty_player_response]
6430004,416,2:23:55,0,[StatementsData_logId:5,DuelResponsesData_logId:11]
6430004,417,2:23:59,0,[StatementsData_logId:5,DuelResponsesData_logId:11]
6430004,418,2:23:59,0,[StatementsData_logId:5,true]
6430004,419,2:24:17,0,[StatementsData_logId:5,4]
6430004,411,2:24:18,0,[StatementsData_logId:5]
6430004,420,2:24:18,0,[38]
6430004,1001,2:24:24,0,[]
6430004,1003,2:24:24,0
6430004,1003,2:24:30,1
6430004,1003,2:24:35,2
6430004,1003,2:24:43,0
6430004,1004,2:24:44,0
6430004,400,2:24:46,0,[]
6430004,401,2:24:52,0,[StatementsData_logId:0]
6430004,403,2:24:56,0,[StatementsData_logId:0,true]
6430004,405,2:24:57,0,[StatementsData_logId:0]
6430004,406,2:24:59,0,[StatementsData_logId:0,2]
6430004,407,2:24:59,0,[StatementsData_logId:0,FactCardData_id:4]
6430004,407,2:24:59,0,[StatementsData_logId:0,FactCardData_id:5]
6430004,407,2:24:59,0,[StatementsData_logId:0,FactCardData_id:3]
6430004,407,2:24:59,0,[StatementsData_logId:0,FactCardData_id:6]
6430004,407,2:24:59,0,[StatementsData_logId:0,FactCardData_id:0]
6430004,407,2:24:59,0,[StatementsData_logId:0,FactCardData_id:7]
6430004,407,2:25:5,0,[StatementsData_logId:0,FactCardData_id:7]
6430004,407,2:25:5,0,[StatementsData_logId:0,FactCardData_id:7]
6430004,408,2:25:6,0,[StatementsData_logId:0,FactCardData_id:7,false]
6430004,406,2:25:9,0,[StatementsData_logId:0,-2]
6430004,411,2:25:11,0,[StatementsData_logId:0]
6430004,401,2:25:13,0,[StatementsData_logId:1]
6430004,402,2:25:13,0,[StatementsData_logId:1,true]
6430004,405,2:25:14,0,[StatementsData_logId:1]
6430004,406,2:25:15,0,[StatementsData_logId:1,2]
6430004,411,2:25:16,0,[StatementsData_logId:1]
6430004,401,2:25:19,0,[StatementsData_logId:2]
6430004,404,2:25:23,0,[StatementsData_logId:2,true]
6430004,406,2:25:23,0,[StatementsData_logId:2,2]
6430004,412,2:25:26,0,[StatementsData_logId:2]
6430004,413,2:25:31,0,[StatementsData_logId:2,DuelResponsesData_logId:3]
6430004,414,2:25:35,0,[StatementsData_logId:2,DuelResponsesData_logId:3]
6430004,415,2:25:43,0,[StatementsData_logId:2,DuelResponsesData_logId:3,DuelResponsesData_ok_player_response]
6430004,416,2:25:44,0,[StatementsData_logId:2,DuelResponsesData_logId:3]
6430004,417,2:25:45,0,[StatementsData_logId:2,DuelResponsesData_logId:3]
6430004,413,2:25:51,0,[StatementsData_logId:2,DuelResponsesData_logId:4]
6430004,414,2:25:52,0,[StatementsData_logId:2,DuelResponsesData_logId:4]
6430004,415,2:26:1,0,[StatementsData_logId:2,DuelResponsesData_logId:4,DuelResponsesData_lame_player_response]
6430004,416,2:26:2,0,[StatementsData_logId:2,DuelResponsesData_logId:4]
6430004,417,2:26:5,0,[StatementsData_logId:2,DuelResponsesData_logId:4]
6430004,413,2:26:7,0,[StatementsData_logId:2,DuelResponsesData_logId:5]
6430004,414,2:26:9,0,[StatementsData_logId:2,DuelResponsesData_logId:5]
6430004,415,2:26:13,0,[StatementsData_logId:2,DuelResponsesData_logId:5,DuelResponsesData_witty_player_response]
6430004,416,2:26:14,0,[StatementsData_logId:2,DuelResponsesData_logId:5]
6430004,417,2:26:17,0,[StatementsData_logId:2,DuelResponsesData_logId:5]
6430004,418,2:26:17,0,[StatementsData_logId:2,false]
6430004,1003,2:26:27,0
6430004,1004,2:26:28,0
6430004,400,2:26:30,0,[]
6430004,401,2:26:32,0,[StatementsData_logId:0]
6430004,403,2:26:34,0,[StatementsData_logId:0,true]
6430004,405,2:26:35,0,[StatementsData_logId:0]
6430004,406,2:26:38,0,[StatementsData_logId:0,2]
6430004,407,2:26:38,0,[StatementsData_logId:0,FactCardData_id:7]
6430004,407,2:26:38,0,[StatementsData_logId:0,FactCardData_id:6]
6430004,407,2:26:38,0,[StatementsData_logId:0,FactCardData_id:0]
6430004,407,2:26:38,0,[StatementsData_logId:0,FactCardData_id:4]
6430004,407,2:26:38,0,[StatementsData_logId:0,FactCardData_id:3]
6430004,407,2:26:38,0,[StatementsData_logId:0,FactCardData_id:5]
6430004,407,2:26:44,0,[StatementsData_logId:0,FactCardData_id:6]
6430004,407,2:26:44,0,[StatementsData_logId:0,FactCardData_id:6]
6430004,408,2:26:44,0,[StatementsData_logId:0,FactCardData_id:6,true]
6430004,409,2:26:44,0,[StatementsData_logId:0]
6430004,410,2:26:46,0,[StatementsData_logId:0,2]
6430004,412,2:26:49,0,[StatementsData_logId:0]
6430004,413,2:26:55,0,[StatementsData_logId:0,DuelResponsesData_logId:0]
6430004,414,2:26:59,0,[StatementsData_logId:0,DuelResponsesData_logId:0]
6430004,415,2:27:12,0,[StatementsData_logId:0,DuelResponsesData_logId:0,DuelResponsesData_witty_player_response]
6430004,416,2:27:13,0,[StatementsData_logId:0,DuelResponsesData_logId:0]
6430004,417,2:27:16,0,[StatementsData_logId:0,DuelResponsesData_logId:0]
6430004,413,2:27:23,0,[StatementsData_logId:0,DuelResponsesData_logId:1]
6430004,414,2:27:26,0,[StatementsData_logId:0,DuelResponsesData_logId:1]
6430004,415,2:27:36,0,[StatementsData_logId:0,DuelResponsesData_logId:1,DuelResponsesData_witty_player_response]
6430004,416,2:27:37,0,[StatementsData_logId:0,DuelResponsesData_logId:1]
6430004,417,2:27:40,0,[StatementsData_logId:0,DuelResponsesData_logId:1]
6430004,413,2:27:46,0,[StatementsData_logId:0,DuelResponsesData_logId:2]
6430004,414,2:27:50,0,[StatementsData_logId:0,DuelResponsesData_logId:2]
6430004,415,2:28:1,0,[StatementsData_logId:0,DuelResponsesData_logId:2,DuelResponsesData_witty_player_response]
6430004,416,2:28:2,0,[StatementsData_logId:0,DuelResponsesData_logId:2]
6430004,417,2:28:5,0,[StatementsData_logId:0,DuelResponsesData_logId:2]
6430004,418,2:28:5,0,[StatementsData_logId:0,true]
6430004,419,2:28:15,0,[StatementsData_logId:0,4]
6430004,411,2:28:16,0,[StatementsData_logId:0]
6430004,401,2:28:22,0,[StatementsData_logId:1]
6430004,402,2:28:23,0,[StatementsData_logId:1,true]
6430004,405,2:28:24,0,[StatementsData_logId:1]
6430004,406,2:28:29,0,[StatementsData_logId:1,2]
6430004,411,2:28:30,0,[StatementsData_logId:1]
6430004,401,2:28:35,0,[StatementsData_logId:2]
6430004,404,2:28:37,0,[StatementsData_logId:2,true]
6430004,406,2:28:38,0,[StatementsData_logId:2,2]
6430004,412,2:28:41,0,[StatementsData_logId:2]
6430004,413,2:28:46,0,[StatementsData_logId:2,DuelResponsesData_logId:3]
6430004,414,2:28:49,0,[StatementsData_logId:2,DuelResponsesData_logId:3]
6430004,415,2:29:1,0,[StatementsData_logId:2,DuelResponsesData_logId:3,DuelResponsesData_witty_player_response]
6430004,416,2:29:2,0,[StatementsData_logId:2,DuelResponsesData_logId:3]
6430004,417,2:29:5,0,[StatementsData_logId:2,DuelResponsesData_logId:3]
6430004,413,2:29:11,0,[StatementsData_logId:2,DuelResponsesData_logId:4]
6430004,414,2:29:15,0,[StatementsData_logId:2,DuelResponsesData_logId:4]
6430004,415,2:29:24,0,[StatementsData_logId:2,DuelResponsesData_logId:4,DuelResponsesData_lame_player_response]
6430004,416,2:29:25,0,[StatementsData_logId:2,DuelResponsesData_logId:4]
6430004,417,2:29:27,0,[StatementsData_logId:2,DuelResponsesData_logId:4]
6430004,413,2:29:30,0,[StatementsData_logId:2,DuelResponsesData_logId:5]
6430004,414,2:29:32,0,[StatementsData_logId:2,DuelResponsesData_logId:5]
6430004,415,2:29:35,0,[StatementsData_logId:2,DuelResponsesData_logId:5,DuelResponsesData_witty_player_response]
6430004,416,2:29:36,0,[StatementsData_logId:2,DuelResponsesData_logId:5]
6430004,417,2:29:39,0,[StatementsData_logId:2,DuelResponsesData_logId:5]
6430004,418,2:29:39,0,[StatementsData_logId:2,true]
6430004,419,2:29:47,0,[StatementsData_logId:2,4]
6430004,411,2:29:49,0,[StatementsData_logId:2]
6430004,401,2:29:54,0,[StatementsData_logId:3]
6430004,403,2:29:57,0,[StatementsData_logId:3,true]
6430004,405,2:29:57,0,[StatementsData_logId:3]
6430004,406,2:30:0,0,[StatementsData_logId:3,2]
6430004,407,2:30:0,0,[StatementsData_logId:3,FactCardData_id:7]
6430004,407,2:30:0,0,[StatementsData_logId:3,FactCardData_id:3]
6430004,407,2:30:0,0,[StatementsData_logId:3,FactCardData_id:0]
6430004,407,2:30:0,0,[StatementsData_logId:3,FactCardData_id:6]
6430004,407,2:30:0,0,[StatementsData_logId:3,FactCardData_id:4]
6430004,407,2:30:0,0,[StatementsData_logId:3,FactCardData_id:5]
6430004,407,2:30:10,0,[StatementsData_logId:3,FactCardData_id:4]
6430004,407,2:30:10,0,[StatementsData_logId:3,FactCardData_id:4]
6430004,408,2:30:11,0,[StatementsData_logId:3,FactCardData_id:4,false]
6430004,406,2:30:17,0,[StatementsData_logId:3,-2]
6430004,411,2:30:19,0,[StatementsData_logId:3]
6430004,401,2:30:22,0,[StatementsData_logId:4]
6430004,402,2:30:25,0,[StatementsData_logId:4,true]
6430004,405,2:30:25,0,[StatementsData_logId:4]
6430004,406,2:30:35,0,[StatementsData_logId:4,2]
6430004,411,2:30:37,0,[StatementsData_logId:4]
6430004,401,2:30:45,0,[StatementsData_logId:5]
6430004,404,2:30:48,0,[StatementsData_logId:5,true]
6430004,406,2:30:48,0,[StatementsData_logId:5,2]
6430004,412,2:30:52,0,[StatementsData_logId:5]
6430004,413,2:30:58,0,[StatementsData_logId:5,DuelResponsesData_logId:9]
6430004,414,2:31:0,0,[StatementsData_logId:5,DuelResponsesData_logId:9]
6430004,415,2:31:11,0,[StatementsData_logId:5,DuelResponsesData_logId:9,DuelResponsesData_witty_player_response]
6430004,416,2:31:12,0,[StatementsData_logId:5,DuelResponsesData_logId:9]
6430004,417,2:31:14,0,[StatementsData_logId:5,DuelResponsesData_logId:9]
6430004,413,2:31:18,0,[StatementsData_logId:5,DuelResponsesData_logId:10]
6430004,414,2:31:19,0,[StatementsData_logId:5,DuelResponsesData_logId:10]
6430004,415,2:31:29,0,[StatementsData_logId:5,DuelResponsesData_logId:10,DuelResponsesData_witty_player_response]
6430004,416,2:31:29,0,[StatementsData_logId:5,DuelResponsesData_logId:10]
6430004,417,2:31:31,0,[StatementsData_logId:5,DuelResponsesData_logId:10]
6430004,413,2:31:37,0,[StatementsData_logId:5,DuelResponsesData_logId:11]
6430004,414,2:31:39,0,[StatementsData_logId:5,DuelResponsesData_logId:11]
6430004,415,2:31:46,0,[StatementsData_logId:5,DuelResponsesData_logId:11,DuelResponsesData_ok_player_response]
6430004,416,2:31:46,0,[StatementsData_logId:5,DuelResponsesData_logId:11]
6430004,417,2:31:49,0,[StatementsData_logId:5,DuelResponsesData_logId:11]
6430004,418,2:31:49,0,[StatementsData_logId:5,true]
6430004,419,2:31:58,0,[StatementsData_logId:5,4]
6430004,411,2:31:59,0,[StatementsData_logId:5]
6430004,420,2:31:59,0,[56]
6430004,1005,2:31:59,0,[0,1,2]
6430004,1000,2:32:8,0,[]
6430004,400,2:32:10,0,[]
6430004,401,2:32:13,0,[StatementsData_logId:0]
6430004,402,2:32:14,0,[StatementsData_logId:0,false]
6430004,405,2:32:15,0,[StatementsData_logId:0]
6430004,1003,2:32:32,0
6430004,1004,2:32:33,0
6430004,400,2:32:35,0,[]
6430004,401,2:32:36,0,[StatementsData_logId:0]
6430004,402,2:32:37,0,[StatementsData_logId:0,false]
6430004,405,2:32:38,0,[StatementsData_logId:0]
6430004,406,2:32:41,0,[StatementsData_logId:0,-2]
6430004,411,2:32:42,0,[StatementsData_logId:0]
6430004,401,2:32:45,0,[StatementsData_logId:1]
6430004,402,2:32:46,0,[StatementsData_logId:1,true]
6430004,405,2:32:47,0,[StatementsData_logId:1]
6430004,406,2:32:51,0,[StatementsData_logId:1,2]
6430004,411,2:32:52,0,[StatementsData_logId:1]
6430004,401,2:32:55,0,[StatementsData_logId:2]
6430004,404,2:32:56,0,[StatementsData_logId:2,true]
6430004,406,2:32:56,0,[StatementsData_logId:2,2]
6430004,412,2:32:59,0,[StatementsData_logId:2]
6430004,413,2:32:59,0,[StatementsData_logId:2,DuelResponsesData_logId:3]
6430004,414,2:33:3,0,[StatementsData_logId:2,DuelResponsesData_logId:3]
6430004,415,2:33:10,0,[StatementsData_logId:2,DuelResponsesData_logId:3,DuelResponsesData_ok_player_response]
6430004,416,2:33:11,0,[StatementsData_logId:2,DuelResponsesData_logId:3]
6430004,417,2:33:13,0,[StatementsData_logId:2,DuelResponsesData_logId:3]
6430004,413,2:33:15,0,[StatementsData_logId:2,DuelResponsesData_logId:4]
6430004,414,2:33:16,0,[StatementsData_logId:2,DuelResponsesData_logId:4]
6430004,415,2:33:22,0,[StatementsData_logId:2,DuelResponsesData_logId:4,DuelResponsesData_lame_player_response]
6430004,416,2:33:23,0,[StatementsData_logId:2,DuelResponsesData_logId:4]
6430004,417,2:33:25,0,[StatementsData_logId:2,DuelResponsesData_logId:4]
6430004,413,2:33:26,0,[StatementsData_logId:2,DuelResponsesData_logId:5]
6430004,414,2:33:27,0,[StatementsData_logId:2,DuelResponsesData_logId:5]
6430004,415,2:33:31,0,[StatementsData_logId:2,DuelResponsesData_logId:5,DuelResponsesData_witty_player_response]
6430004,416,2:33:32,0,[StatementsData_logId:2,DuelResponsesData_logId:5]
6430004,417,2:33:34,0,[StatementsData_logId:2,DuelResponsesData_logId:5]
6430004,418,2:33:34,0,[StatementsData_logId:2,false]
6430004,1003,2:33:41,0
6430004,1004,2:33:42,0
6430004,400,2:33:43,0,[]
6430004,401,2:33:45,0,[StatementsData_logId:0]
6430004,403,2:33:47,0,[StatementsData_logId:0,true]
6430004,405,2:33:47,0,[StatementsData_logId:0]
6430004,406,2:33:49,0,[StatementsData_logId:0,2]
6430004,407,2:33:49,0,[StatementsData_logId:0,FactCardData_id:6]
6430004,407,2:33:49,0,[StatementsData_logId:0,FactCardData_id:5]
6430004,407,2:33:49,0,[StatementsData_logId:0,FactCardData_id:7]
6430004,407,2:33:49,0,[StatementsData_logId:0,FactCardData_id:0]
6430004,407,2:33:49,0,[StatementsData_logId:0,FactCardData_id:3]
6430004,407,2:33:49,0,[StatementsData_logId:0,FactCardData_id:4]
6430004,407,2:34:7,0,[StatementsData_logId:0,FactCardData_id:5]
6430004,407,2:34:7,0,[StatementsData_logId:0,FactCardData_id:5]
6430004,407,2:34:9,0,[StatementsData_logId:0,FactCardData_id:0]
6430004,407,2:34:9,0,[StatementsData_logId:0,FactCardData_id:5]
6430004,407,2:34:9,0,[StatementsData_logId:0,FactCardData_id:0]
6430004,407,2:34:9,0,[StatementsData_logId:0,FactCardData_id:4]
6430004,407,2:34:9,0,[StatementsData_logId:0,FactCardData_id:0]
6430004,407,2:34:9,0,[StatementsData_logId:0,FactCardData_id:4]
6430004,407,2:34:10,0,[StatementsData_logId:0,FactCardData_id:3]
6430004,407,2:34:10,0,[StatementsData_logId:0,FactCardData_id:4]
6430004,407,2:34:10,0,[StatementsData_logId:0,FactCardData_id:3]
6430004,408,2:34:12,0,[StatementsData_logId:0,FactCardData_id:3,false]
6430004,406,2:34:17,0,[StatementsData_logId:0,-2]
6430004,411,2:34:18,0,[StatementsData_logId:0]
6430004,401,2:34:21,0,[StatementsData_logId:1]
6430004,402,2:34:22,0,[StatementsData_logId:1,true]
6430004,405,2:34:23,0,[StatementsData_logId:1]
6430004,406,2:34:31,0,[StatementsData_logId:1,2]
6430004,411,2:34:32,0,[StatementsData_logId:1]
6430004,401,2:34:36,0,[StatementsData_logId:2]
6430004,403,2:34:37,0,[StatementsData_logId:2,false]
6430004,405,2:34:38,0,[StatementsData_logId:2]
6430004,406,2:34:39,0,[StatementsData_logId:2,-2]
6430004,411,2:34:41,0,[StatementsData_logId:2]
6430004,401,2:34:56,0,[StatementsData_logId:3]
6430004,402,2:34:57,0,[StatementsData_logId:3,false]
6430004,405,2:34:58,0,[StatementsData_logId:3]
6430004,1003,2:35:33,0
6430004,1004,2:35:35,0
6430004,400,2:35:37,0,[]
6430004,401,2:35:40,0,[StatementsData_logId:0]
6430004,403,2:35:40,0,[StatementsData_logId:0,true]
6430004,405,2:35:41,0,[StatementsData_logId:0]
6430004,406,2:35:43,0,[StatementsData_logId:0,2]
6430004,407,2:35:43,0,[StatementsData_logId:0,FactCardData_id:5]
6430004,407,2:35:43,0,[StatementsData_logId:0,FactCardData_id:3]
6430004,407,2:35:43,0,[StatementsData_logId:0,FactCardData_id:6]
6430004,407,2:35:43,0,[StatementsData_logId:0,FactCardData_id:0]
6430004,407,2:35:43,0,[StatementsData_logId:0,FactCardData_id:7]
6430004,407,2:35:43,0,[StatementsData_logId:0,FactCardData_id:4]
6430004,407,2:35:46,0,[StatementsData_logId:0,FactCardData_id:3]
6430004,407,2:35:46,0,[StatementsData_logId:0,FactCardData_id:3]
6430004,408,2:35:46,0,[StatementsData_logId:0,FactCardData_id:3,false]
6430004,406,2:35:49,0,[StatementsData_logId:0,-2]
6430004,411,2:35:50,0,[StatementsData_logId:0]
6430004,401,2:35:51,0,[StatementsData_logId:1]
6430004,402,2:35:53,0,[StatementsData_logId:1,true]
6430004,405,2:35:54,0,[StatementsData_logId:1]
6430004,406,2:35:56,0,[StatementsData_logId:1,2]
6430004,411,2:35:57,0,[StatementsData_logId:1]
6430004,401,2:35:59,0,[StatementsData_logId:2]
6430004,403,2:36:0,0,[StatementsData_logId:2,false]
6430004,405,2:36:1,0,[StatementsData_logId:2]
6430004,406,2:36:2,0,[StatementsData_logId:2,-2]
6430004,411,2:36:3,0,[StatementsData_logId:2]
6430004,401,2:36:4,0,[StatementsData_logId:3]
6430004,403,2:36:8,0,[StatementsData_logId:3,true]
6430004,405,2:36:9,0,[StatementsData_logId:3]
6430004,406,2:36:10,0,[StatementsData_logId:3,2]
6430004,407,2:36:10,0,[StatementsData_logId:3,FactCardData_id:7]
6430004,407,2:36:10,0,[StatementsData_logId:3,FactCardData_id:6]
6430004,407,2:36:10,0,[StatementsData_logId:3,FactCardData_id:4]
6430004,407,2:36:10,0,[StatementsData_logId:3,FactCardData_id:3]
6430004,407,2:36:10,0,[StatementsData_logId:3,FactCardData_id:5]
6430004,407,2:36:10,0,[StatementsData_logId:3,FactCardData_id:0]
6430004,407,2:36:12,0,[StatementsData_logId:3,FactCardData_id:5]
6430004,407,2:36:12,0,[StatementsData_logId:3,FactCardData_id:5]
6430004,408,2:36:12,0,[StatementsData_logId:3,FactCardData_id:5,false]
6430004,406,2:36:15,0,[StatementsData_logId:3,-2]
6430004,411,2:36:17,0,[StatementsData_logId:3]
6430004,401,2:36:17,0,[StatementsData_logId:4]
6430004,402,2:36:21,0,[StatementsData_logId:4,true]
6430004,405,2:36:21,0,[StatementsData_logId:4]
6430004,406,2:36:25,0,[StatementsData_logId:4,2]
6430004,411,2:36:26,0,[StatementsData_logId:4]
6430004,401,2:36:31,0,[StatementsData_logId:5]
6430004,404,2:36:32,0,[StatementsData_logId:5,true]
6430004,406,2:36:32,0,[StatementsData_logId:5,2]
6430004,412,2:36:35,0,[StatementsData_logId:5]
6430004,413,2:36:37,0,[StatementsData_logId:5,DuelResponsesData_logId:9]
6430004,414,2:36:39,0,[StatementsData_logId:5,DuelResponsesData_logId:9]
6430004,415,2:36:47,0,[StatementsData_logId:5,DuelResponsesData_logId:9,DuelResponsesData_lame_player_response]
6430004,416,2:36:47,0,[StatementsData_logId:5,DuelResponsesData_logId:9]
6430004,417,2:36:48,0,[StatementsData_logId:5,DuelResponsesData_logId:9]
6430004,413,2:36:50,0,[StatementsData_logId:5,DuelResponsesData_logId:10]
6430004,414,2:36:51,0,[StatementsData_logId:5,DuelResponsesData_logId:10]
6430004,415,2:36:58,0,[StatementsData_logId:5,DuelResponsesData_logId:10,DuelResponsesData_witty_player_response]
6430004,416,2:36:58,0,[StatementsData_logId:5,DuelResponsesData_logId:10]
6430004,417,2:37:1,0,[StatementsData_logId:5,DuelResponsesData_logId:10]
6430004,413,2:37:3,0,[StatementsData_logId:5,DuelResponsesData_logId:11]
6430004,414,2:37:7,0,[StatementsData_logId:5,DuelResponsesData_logId:11]
6430004,415,2:37:12,0,[StatementsData_logId:5,DuelResponsesData_logId:11,DuelResponsesData_ok_player_response]
6430004,416,2:37:13,0,[StatementsData_logId:5,DuelResponsesData_logId:11]
6430004,417,2:37:14,0,[StatementsData_logId:5,DuelResponsesData_logId:11]
6430004,418,2:37:14,0,[StatementsData_logId:5,false]
6430004,1003,2:37:20,0
6430004,1004,2:37:21,0
6430004,400,2:37:23,0,[]
6430004,401,2:37:25,0,[StatementsData_logId:0]
6430004,403,2:37:26,0,[StatementsData_logId:0,true]
6430004,405,2:37:26,0,[StatementsData_logId:0]
6430004,406,2:37:27,0,[StatementsData_logId:0,2]
6430004,407,2:37:27,0,[StatementsData_logId:0,FactCardData_id:6]
6430004,407,2:37:27,0,[StatementsData_logId:0,FactCardData_id:5]
6430004,407,2:37:27,0,[StatementsData_logId:0,FactCardData_id:7]
6430004,407,2:37:27,0,[StatementsData_logId:0,FactCardData_id:3]
6430004,407,2:37:27,0,[StatementsData_logId:0,FactCardData_id:4]
6430004,407,2:37:27,0,[StatementsData_logId:0,FactCardData_id:0]
6430004,407,2:37:29,0,[StatementsData_logId:0,FactCardData_id:4]
6430004,407,2:37:29,0,[StatementsData_logId:0,FactCardData_id:4]
6430004,408,2:37:30,0,[StatementsData_logId:0,FactCardData_id:4,false]
6430004,406,2:37:32,0,[StatementsData_logId:0,-2]
6430004,411,2:37:33,0,[StatementsData_logId:0]
6430004,401,2:37:34,0,[StatementsData_logId:1]
6430004,402,2:37:35,0,[StatementsData_logId:1,true]
6430004,405,2:37:36,0,[StatementsData_logId:1]
6430004,406,2:37:39,0,[StatementsData_logId:1,2]
6430004,411,2:37:40,0,[StatementsData_logId:1]
6430004,401,2:37:42,0,[StatementsData_logId:2]
6430004,403,2:37:42,0,[StatementsData_logId:2,false]
6430004,405,2:37:43,0,[StatementsData_logId:2]
6430004,406,2:37:44,0,[StatementsData_logId:2,-2]
6430004,411,2:37:46,0,[StatementsData_logId:2]
6430004,401,2:37:47,0,[StatementsData_logId:3]
6430004,404,2:37:48,0,[StatementsData_logId:3,false]
6430004,405,2:37:49,0,[StatementsData_logId:3]
6430004,406,2:37:50,0,[StatementsData_logId:3,-2]
6430004,411,2:37:51,0,[StatementsData_logId:3]
6430004,401,2:37:52,0,[StatementsData_logId:4]
6430004,403,2:37:53,0,[StatementsData_logId:4,false]
6430004,405,2:37:54,0,[StatementsData_logId:4]
6430004,406,2:37:55,0,[StatementsData_logId:4,-2]
6430004,411,2:37:56,0,[StatementsData_logId:4]
6430004,401,2:37:56,0,[StatementsData_logId:5]
6430004,402,2:37:57,0,[StatementsData_logId:5,false]
6430004,405,2:37:58,0,[StatementsData_logId:5]
6430004,406,2:37:59,0,[StatementsData_logId:5,-2]
6430004,411,2:37:59,0,[StatementsData_logId:5]
6430004,420,2:37:59,0,[26]
6430004,1001,2:38:2,0,[]
6430004,1003,2:38:2,0
6430004,1004,2:38:5,0
6430004,400,2:38:23,0,[]
6430004,401,2:38:29,0,[StatementsData_logId:0]
6430004,403,2:38:30,0,[StatementsData_logId:0,true]
6430004,405,2:38:31,0,[StatementsData_logId:0]
6430004,406,2:38:34,0,[StatementsData_logId:0,2]
6430004,407,2:38:34,0,[StatementsData_logId:0,FactCardData_id:4]
6430004,407,2:38:34,0,[StatementsData_logId:0,FactCardData_id:0]
6430004,407,2:38:34,0,[StatementsData_logId:0,FactCardData_id:6]
6430004,407,2:38:34,0,[StatementsData_logId:0,FactCardData_id:3]
6430004,407,2:38:34,0,[StatementsData_logId:0,FactCardData_id:7]
6430004,407,2:38:34,0,[StatementsData_logId:0,FactCardData_id:5]
6430004,407,2:38:38,0,[StatementsData_logId:0,FactCardData_id:3]
6430004,407,2:38:38,0,[StatementsData_logId:0,FactCardData_id:3]
6430004,408,2:38:38,0,[StatementsData_logId:0,FactCardData_id:3,false]
6430004,406,2:38:44,0,[StatementsData_logId:0,-2]
6430004,411,2:38:45,0,[StatementsData_logId:0]
6430004,401,2:38:47,0,[StatementsData_logId:1]
6430004,402,2:38:47,0,[StatementsData_logId:1,true]
6430004,405,2:38:48,0,[StatementsData_logId:1]
6430004,406,2:38:53,0,[StatementsData_logId:1,2]
6430004,411,2:38:54,0,[StatementsData_logId:1]
6430004,401,2:38:56,0,[StatementsData_logId:2]
6430004,403,2:38:58,0,[StatementsData_logId:2,false]
6430004,405,2:38:59,0,[StatementsData_logId:2]
6430004,406,2:39:1,0,[StatementsData_logId:2,-2]
6430004,411,2:39:2,0,[StatementsData_logId:2]
6430004,401,2:39:4,0,[StatementsData_logId:3]
6430004,402,2:39:6,0,[StatementsData_logId:3,false]
6430004,405,2:39:7,0,[StatementsData_logId:3]
6430004,406,2:39:8,0,[StatementsData_logId:3,-2]
6430004,411,2:39:9,0,[StatementsData_logId:3]
6430004,401,2:39:11,0,[StatementsData_logId:4]
6430004,403,2:39:13,0,[StatementsData_logId:4,false]
6430004,405,2:39:14,0,[StatementsData_logId:4]
6430004,406,2:39:17,0,[StatementsData_logId:4,-2]
6430004,411,2:39:18,0,[StatementsData_logId:4]
6430004,401,2:39:19,0,[StatementsData_logId:5]
6430004,403,2:39:20,0,[StatementsData_logId:5,false]
6430004,405,2:39:21,0,[StatementsData_logId:5]
6430004,406,2:39:24,0,[StatementsData_logId:5,-2]
6430004,411,2:39:25,0,[StatementsData_logId:5]
6430004,420,2:39:25,0,[26]
6430004,1001,2:39:28,0,[]
6430004,1003,2:39:28,0
6430004,100,2:39:34,0
6430004,101,2:39:37,0
6430004,300,2:39:50
6430004,302,2:39:59,0,1,1,1
6430004,304,2:40:0,0,1,1,5,,1,
6430004,302,2:40:18,0,2,1,0
6430004,304,2:40:19,0,2,1,5,,0,
6430004,1003,2:40:38,0
6430004,1004,2:40:59,0
6430004,400,2:41:3,0,[]
6430004,401,2:41:14,0,[StatementsData_logId:0]
6430004,403,2:41:14,0,[StatementsData_logId:0,true]
6430004,405,2:41:15,0,[StatementsData_logId:0]
6430004,406,2:41:16,0,[StatementsData_logId:0,2]
6430004,407,2:41:16,0,[StatementsData_logId:0,FactCardData_id:0]
6430004,407,2:41:16,0,[StatementsData_logId:0,FactCardData_id:7]
6430004,407,2:41:16,0,[StatementsData_logId:0,FactCardData_id:3]
6430004,407,2:41:16,0,[StatementsData_logId:0,FactCardData_id:5]
6430004,407,2:41:16,0,[StatementsData_logId:0,FactCardData_id:6]
6430004,407,2:41:16,0,[StatementsData_logId:0,FactCardData_id:4]
6430004,407,2:41:21,0,[StatementsData_logId:0,FactCardData_id:7]
6430004,407,2:41:21,0,[StatementsData_logId:0,FactCardData_id:7]
6430004,408,2:41:21,0,[StatementsData_logId:0,FactCardData_id:7,false]
6430004,406,2:41:25,0,[StatementsData_logId:0,-2]
6430004,411,2:41:26,0,[StatementsData_logId:0]
6430004,401,2:41:34,0,[StatementsData_logId:1]
6430004,402,2:41:36,0,[StatementsData_logId:1,true]
6430004,405,2:41:38,0,[StatementsData_logId:1]
6430004,406,2:41:52,0,[StatementsData_logId:1,2]
6430004,411,2:41:53,0,[StatementsData_logId:1]
6430004,401,2:41:57,0,[StatementsData_logId:2]
6430004,404,2:41:58,0,[StatementsData_logId:2,true]
6430004,406,2:41:58,0,[StatementsData_logId:2,2]
6430004,412,2:42:2,0,[StatementsData_logId:2]
6430004,413,2:42:8,0,[StatementsData_logId:2,DuelResponsesData_logId:3]
6430004,414,2:42:10,0,[StatementsData_logId:2,DuelResponsesData_logId:3]
6430004,415,2:42:16,0,[StatementsData_logId:2,DuelResponsesData_logId:3,DuelResponsesData_witty_player_response]
6430004,416,2:42:17,0,[StatementsData_logId:2,DuelResponsesData_logId:3]
6430004,417,2:42:20,0,[StatementsData_logId:2,DuelResponsesData_logId:3]
6430004,413,2:42:22,0,[StatementsData_logId:2,DuelResponsesData_logId:4]
6430004,414,2:42:23,0,[StatementsData_logId:2,DuelResponsesData_logId:4]
6430004,415,2:42:29,0,[StatementsData_logId:2,DuelResponsesData_logId:4,DuelResponsesData_lame_player_response]
6430004,416,2:42:30,0,[StatementsData_logId:2,DuelResponsesData_logId:4]
6430004,417,2:42:34,0,[StatementsData_logId:2,DuelResponsesData_logId:4]
6430004,413,2:42:36,0,[StatementsData_logId:2,DuelResponsesData_logId:5]
6430004,414,2:42:39,0,[StatementsData_logId:2,DuelResponsesData_logId:5]
6430004,415,2:42:41,0,[StatementsData_logId:2,DuelResponsesData_logId:5,DuelResponsesData_witty_player_response]
6430004,416,2:42:41,0,[StatementsData_logId:2,DuelResponsesData_logId:5]
6430004,417,2:42:44,0,[StatementsData_logId:2,DuelResponsesData_logId:5]
6430004,418,2:42:44,0,[StatementsData_logId:2,true]
6430004,419,2:43:4,0,[StatementsData_logId:2,4]
6430004,411,2:43:11,0,[StatementsData_logId:2]
6430004,401,2:43:14,0,[StatementsData_logId:3]
6430004,403,2:43:27,0,[StatementsData_logId:3,true]
6430004,405,2:43:27,0,[StatementsData_logId:3]
6430004,406,2:43:31,0,[StatementsData_logId:3,2]
6430004,407,2:43:31,0,[StatementsData_logId:3,FactCardData_id:3]
6430004,407,2:43:31,0,[StatementsData_logId:3,FactCardData_id:5]
6430004,407,2:43:31,0,[StatementsData_logId:3,FactCardData_id:0]
6430004,407,2:43:31,0,[StatementsData_logId:3,FactCardData_id:6]
6430004,407,2:43:31,0,[StatementsData_logId:3,FactCardData_id:7]
6430004,407,2:43:31,0,[StatementsData_logId:3,FactCardData_id:4]
6430004,407,2:43:47,0,[StatementsData_logId:3,FactCardData_id:6]
6430004,407,2:43:47,0,[StatementsData_logId:3,FactCardData_id:6]
6430004,408,2:43:48,0,[StatementsData_logId:3,FactCardData_id:6,false]
6430004,406,2:44:2,0,[StatementsData_logId:3,-2]
6430004,411,2:44:3,0,[StatementsData_logId:3]
6430004,401,2:44:5,0,[StatementsData_logId:4]
6430004,402,2:44:8,0,[StatementsData_logId:4,true]
6430004,405,2:44:8,0,[StatementsData_logId:4]
6430004,406,2:44:9,0,[StatementsData_logId:4,2]
6430004,411,2:44:11,0,[StatementsData_logId:4]
6430004,401,2:44:18,0,[StatementsData_logId:5]
6430004,404,2:44:20,0,[StatementsData_logId:5,true]
6430004,406,2:44:20,0,[StatementsData_logId:5,2]
6430004,412,2:44:23,0,[StatementsData_logId:5]
6430004,413,2:44:28,0,[StatementsData_logId:5,DuelResponsesData_logId:9]
6430004,414,2:44:30,0,[StatementsData_logId:5,DuelResponsesData_logId:9]
6430004,415,2:44:35,0,[StatementsData_logId:5,DuelResponsesData_logId:9,DuelResponsesData_ok_player_response]
6430004,416,2:44:35,0,[StatementsData_logId:5,DuelResponsesData_logId:9]
6430004,417,2:44:37,0,[StatementsData_logId:5,DuelResponsesData_logId:9]
6430004,413,2:44:39,0,[StatementsData_logId:5,DuelResponsesData_logId:10]
6430004,414,2:44:40,0,[StatementsData_logId:5,DuelResponsesData_logId:10]
6430004,415,2:44:43,0,[StatementsData_logId:5,DuelResponsesData_logId:10,DuelResponsesData_ok_player_response]
6430004,416,2:44:44,0,[StatementsData_logId:5,DuelResponsesData_logId:10]
6430004,417,2:44:46,0,[StatementsData_logId:5,DuelResponsesData_logId:10]
6430004,413,2:44:47,0,[StatementsData_logId:5,DuelResponsesData_logId:11]
6430004,414,2:44:48,0,[StatementsData_logId:5,DuelResponsesData_logId:11]
6430004,415,2:44:53,0,[StatementsData_logId:5,DuelResponsesData_logId:11,DuelResponsesData_ok_player_response]
6430004,416,2:44:54,0,[StatementsData_logId:5,DuelResponsesData_logId:11]
6430004,417,2:44:55,0,[StatementsData_logId:5,DuelResponsesData_logId:11]
6430004,418,2:44:55,0,[StatementsData_logId:5,false]
6430004,419,2:44:59,0,[StatementsData_logId:5,-4]
6430004,411,2:45:1,0,[StatementsData_logId:5]
6430004,420,2:45:1,0,[40]
6430004,1001,2:45:3,0,[]
6430004,1003,2:45:3,0
6430004,1004,2:45:8,0
6430004,400,2:45:10,0,[]
6430004,401,2:45:25,0,[StatementsData_logId:0]
6430004,403,2:45:26,0,[StatementsData_logId:0,true]
6430004,405,2:45:26,0,[StatementsData_logId:0]
6430004,406,2:45:27,0,[StatementsData_logId:0,2]
6430004,407,2:45:27,0,[StatementsData_logId:0,FactCardData_id:5]
6430004,407,2:45:27,0,[StatementsData_logId:0,FactCardData_id:7]
6430004,407,2:45:27,0,[StatementsData_logId:0,FactCardData_id:3]
6430004,407,2:45:27,0,[StatementsData_logId:0,FactCardData_id:4]
6430004,407,2:45:27,0,[StatementsData_logId:0,FactCardData_id:6]
6430004,407,2:45:27,0,[StatementsData_logId:0,FactCardData_id:0]
6430004,407,2:45:30,0,[StatementsData_logId:0,FactCardData_id:4]
6430004,407,2:45:30,0,[StatementsData_logId:0,FactCardData_id:4]
6430004,408,2:45:31,0,[StatementsData_logId:0,FactCardData_id:4,false]
6430004,406,2:45:34,0,[StatementsData_logId:0,-2]
6430004,411,2:45:36,0,[StatementsData_logId:0]
6430004,401,2:45:37,0,[StatementsData_logId:1]
6430004,402,2:45:38,0,[StatementsData_logId:1,true]
6430004,405,2:45:38,0,[StatementsData_logId:1]
6430004,406,2:45:39,0,[StatementsData_logId:1,2]
6430004,411,2:45:40,0,[StatementsData_logId:1]
6430004,401,2:45:41,0,[StatementsData_logId:2]
6430004,403,2:45:43,0,[StatementsData_logId:2,false]
6430004,405,2:45:44,0,[StatementsData_logId:2]
6430004,406,2:45:45,0,[StatementsData_logId:2,-2]
6430004,411,2:45:46,0,[StatementsData_logId:2]
6430004,401,2:45:48,0,[StatementsData_logId:3]
6430004,402,2:45:48,0,[StatementsData_logId:3,false]
6430004,405,2:45:49,0,[StatementsData_logId:3]
6430004,406,2:45:51,0,[StatementsData_logId:3,-2]
6430004,411,2:45:52,0,[StatementsData_logId:3]
6430004,401,2:45:53,0,[StatementsData_logId:4]
6430004,403,2:45:54,0,[StatementsData_logId:4,false]
6430004,405,2:45:55,0,[StatementsData_logId:4]
6430004,406,2:45:56,0,[StatementsData_logId:4,-2]
6430004,411,2:45:57,0,[StatementsData_logId:4]
6430004,401,2:45:58,0,[StatementsData_logId:5]
6430004,404,2:45:59,0,[StatementsData_logId:5,true]
6430004,406,2:46:0,0,[StatementsData_logId:5,2]
6430004,412,2:46:3,0,[StatementsData_logId:5]
6430004,413,2:46:6,0,[StatementsData_logId:5,DuelResponsesData_logId:9]
6430004,414,2:46:9,0,[StatementsData_logId:5,DuelResponsesData_logId:9]
6430004,415,2:46:13,0,[StatementsData_logId:5,DuelResponsesData_logId:9,DuelResponsesData_witty_player_response]
6430004,416,2:46:13,0,[StatementsData_logId:5,DuelResponsesData_logId:9]
6430004,417,2:46:13,0,[StatementsData_logId:5,DuelResponsesData_logId:9]
6430004,413,2:46:16,0,[StatementsData_logId:5,DuelResponsesData_logId:10]
6430004,414,2:46:17,0,[StatementsData_logId:5,DuelResponsesData_logId:10]
6430004,415,2:46:20,0,[StatementsData_logId:5,DuelResponsesData_logId:10,DuelResponsesData_ok_player_response]
6430004,416,2:46:21,0,[StatementsData_logId:5,DuelResponsesData_logId:10]
6430004,417,2:46:22,0,[StatementsData_logId:5,DuelResponsesData_logId:10]
6430004,413,2:46:25,0,[StatementsData_logId:5,DuelResponsesData_logId:11]
6430004,414,2:46:29,0,[StatementsData_logId:5,DuelResponsesData_logId:11]
6430004,415,2:46:32,0,[StatementsData_logId:5,DuelResponsesData_logId:11,DuelResponsesData_witty_player_response]
6430004,416,2:46:32,0,[StatementsData_logId:5,DuelResponsesData_logId:11]
6430004,417,2:46:35,0,[StatementsData_logId:5,DuelResponsesData_logId:11]
6430004,418,2:46:35,0,[StatementsData_logId:5,true]
6430004,419,2:46:43,0,[StatementsData_logId:5,4]
6430004,411,2:46:44,0,[StatementsData_logId:5]
6430004,420,2:46:44,0,[34]
6430004,1000,2:46:51,0,[]
6430004,400,2:46:51,0,[]
6430004,401,2:46:56,0,[StatementsData_logId:0]
6430004,404,2:46:59,0,[StatementsData_logId:0,false]
6430004,405,2:47:0,0,[StatementsData_logId:0]
6430004,406,2:47:1,0,[StatementsData_logId:0,-2]
6430004,100,2:47:7,0
6430004,102,2:47:8,0
6430004,200,2:47:8,0,2,3,3,0,6
6430004,204,2:47:18,0
6430004,100,2:47:19,0
6430004,102,2:47:20,0
6430004,200,2:47:20,0,2,3,3,0,6
6430004,219,2:47:23,0
6430004,216,2:47:30,Stack_G7a0
6430004,217,2:47:32,Stack_G7a0,1.6,30
6430004,218,2:47:43,0
6430004,219,2:47:46,0
6430004,218,2:47:49,0
6430004,204,2:47:54,0
6430004,1003,2:47:58,0
6430004,1004,2:47:59,0
6430004,400,2:48:1,0,[]
6430004,401,2:48:9,0,[StatementsData_logId:0]
6430004,404,2:48:10,0,[StatementsData_logId:0,false]
6430004,405,2:48:11,0,[StatementsData_logId:0]
6430004,406,2:48:14,0,[StatementsData_logId:0,-2]
6430004,411,2:48:15,0,[StatementsData_logId:0]
6430004,401,2:48:17,0,[StatementsData_logId:1]
6430004,402,2:48:18,0,[StatementsData_logId:1,true]
6430004,405,2:48:19,0,[StatementsData_logId:1]
6430004,406,2:48:21,0,[StatementsData_logId:1,2]
6430004,411,2:48:22,0,[StatementsData_logId:1]
6430004,401,2:48:30,0,[StatementsData_logId:2]
6430004,404,2:48:33,0,[StatementsData_logId:2,true]
6430004,406,2:48:34,0,[StatementsData_logId:2,2]
6430004,412,2:48:36,0,[StatementsData_logId:2]
6430004,413,2:48:39,0,[StatementsData_logId:2,DuelResponsesData_logId:3]
6430004,414,2:48:40,0,[StatementsData_logId:2,DuelResponsesData_logId:3]
6430004,415,2:48:44,0,[StatementsData_logId:2,DuelResponsesData_logId:3,DuelResponsesData_witty_player_response]
6430004,416,2:48:45,0,[StatementsData_logId:2,DuelResponsesData_logId:3]
6430004,417,2:48:47,0,[StatementsData_logId:2,DuelResponsesData_logId:3]
6430004,413,2:48:48,0,[StatementsData_logId:2,DuelResponsesData_logId:4]
6430004,414,2:48:49,0,[StatementsData_logId:2,DuelResponsesData_logId:4]
6430004,415,2:48:53,0,[StatementsData_logId:2,DuelResponsesData_logId:4,DuelResponsesData_lame_player_response]
6430004,416,2:48:54,0,[StatementsData_logId:2,DuelResponsesData_logId:4]
6430004,417,2:48:56,0,[StatementsData_logId:2,DuelResponsesData_logId:4]
6430004,413,2:48:57,0,[StatementsData_logId:2,DuelResponsesData_logId:5]
6430004,414,2:48:58,0,[StatementsData_logId:2,DuelResponsesData_logId:5]
6430004,415,2:49:2,0,[StatementsData_logId:2,DuelResponsesData_logId:5,DuelResponsesData_witty_player_response]
6430004,416,2:49:3,0,[StatementsData_logId:2,DuelResponsesData_logId:5]
6430004,417,2:49:4,0,[StatementsData_logId:2,DuelResponsesData_logId:5]
6430004,418,2:49:4,0,[StatementsData_logId:2,true]
6430004,419,2:49:11,0,[StatementsData_logId:2,4]
6430004,411,2:49:13,0,[StatementsData_logId:2]
6430004,401,2:49:17,0,[StatementsData_logId:3]
6430004,403,2:49:24,0,[StatementsData_logId:3,true]
6430004,405,2:49:25,0,[StatementsData_logId:3]
6430004,406,2:49:27,0,[StatementsData_logId:3,2]
6430004,407,2:49:27,0,[StatementsData_logId:3,FactCardData_id:4]
6430004,407,2:49:27,0,[StatementsData_logId:3,FactCardData_id:3]
6430004,407,2:49:27,0,[StatementsData_logId:3,FactCardData_id:7]
6430004,407,2:49:27,0,[StatementsData_logId:3,FactCardData_id:0]
6430004,407,2:49:27,0,[StatementsData_logId:3,FactCardData_id:5]
6430004,407,2:49:27,0,[StatementsData_logId:3,FactCardData_id:6]
6430004,407,2:49:29,0,[StatementsData_logId:3,FactCardData_id:3]
6430004,407,2:49:29,0,[StatementsData_logId:3,FactCardData_id:3]
6430004,408,2:49:30,0,[StatementsData_logId:3,FactCardData_id:3,false]
6430004,406,2:49:33,0,[StatementsData_logId:3,-2]
6430004,411,2:49:34,0,[StatementsData_logId:3]
6430004,401,2:49:35,0,[StatementsData_logId:4]
6430004,402,2:49:37,0,[StatementsData_logId:4,true]
6430004,405,2:49:38,0,[StatementsData_logId:4]
6430004,406,2:49:48,0,[StatementsData_logId:4,2]
6430004,411,2:49:49,0,[StatementsData_logId:4]
6430004,401,2:49:51,0,[StatementsData_logId:5]
6430004,404,2:49:51,0,[StatementsData_logId:5,true]
6430004,406,2:49:52,0,[StatementsData_logId:5,2]
6430004,412,2:49:54,0,[StatementsData_logId:5]
6430004,413,2:49:58,0,[StatementsData_logId:5,DuelResponsesData_logId:9]
6430004,414,2:50:4,0,[StatementsData_logId:5,DuelResponsesData_logId:9]
6430004,415,2:50:8,0,[StatementsData_logId:5,DuelResponsesData_logId:9,DuelResponsesData_witty_player_response]
6430004,416,2:50:9,0,[StatementsData_logId:5,DuelResponsesData_logId:9]
6430004,417,2:50:12,0,[StatementsData_logId:5,DuelResponsesData_logId:9]
6430004,413,2:50:14,0,[StatementsData_logId:5,DuelResponsesData_logId:10]
6430004,414,2:50:16,0,[StatementsData_logId:5,DuelResponsesData_logId:10]
6430004,415,2:50:21,0,[StatementsData_logId:5,DuelResponsesData_logId:10,DuelResponsesData_witty_player_response]
6430004,416,2:50:22,0,[StatementsData_logId:5,DuelResponsesData_logId:10]
6430004,417,2:50:23,0,[StatementsData_logId:5,DuelResponsesData_logId:10]
6430004,413,2:50:25,0,[StatementsData_logId:5,DuelResponsesData_logId:11]
6430004,414,2:50:26,0,[StatementsData_logId:5,DuelResponsesData_logId:11]
6430004,415,2:50:31,0,[StatementsData_logId:5,DuelResponsesData_logId:11,DuelResponsesData_ok_player_response]
6430004,416,2:50:32,0,[StatementsData_logId:5,DuelResponsesData_logId:11]
6430004,417,2:50:33,0,[StatementsData_logId:5,DuelResponsesData_logId:11]
6430004,418,2:50:33,0,[StatementsData_logId:5,true]
6430004,419,2:50:41,0,[StatementsData_logId:5,4]
6430004,411,2:50:42,0,[StatementsData_logId:5]
6430004,420,2:50:42,0,[46]
6430004,1000,2:51:14,0,[]
6430004,400,2:51:15,0,[]
6430004,401,2:51:17,0,[StatementsData_logId:0]
6430004,403,2:51:19,0,[StatementsData_logId:0,true]
6430004,405,2:51:20,0,[StatementsData_logId:0]
6430004,406,2:51:21,0,[StatementsData_logId:0,2]
6430004,407,2:51:21,0,[StatementsData_logId:0,FactCardData_id:0]
6430004,407,2:51:21,0,[StatementsData_logId:0,FactCardData_id:5]
6430004,407,2:51:21,0,[StatementsData_logId:0,FactCardData_id:7]
6430004,407,2:51:21,0,[StatementsData_logId:0,FactCardData_id:4]
6430004,407,2:51:21,0,[StatementsData_logId:0,FactCardData_id:6]
6430004,407,2:51:21,0,[StatementsData_logId:0,FactCardData_id:3]
6430004,407,2:51:23,0,[StatementsData_logId:0,FactCardData_id:5]
6430004,407,2:51:23,0,[StatementsData_logId:0,FactCardData_id:5]
6430004,408,2:51:24,0,[StatementsData_logId:0,FactCardData_id:5,false]
6430004,406,2:51:27,0,[StatementsData_logId:0,-2]
6430004,411,2:51:28,0,[StatementsData_logId:0]
6430004,401,2:51:30,0,[StatementsData_logId:1]
6430004,402,2:51:31,0,[StatementsData_logId:1,true]
6430004,405,2:51:31,0,[StatementsData_logId:1]
6430004,406,2:51:59,0,[StatementsData_logId:1,2]
6430004,411,2:52:0,0,[StatementsData_logId:1]
6430004,401,2:52:0,0,[StatementsData_logId:2]
6430004,402,2:52:2,0,[StatementsData_logId:2,false]
6430004,405,2:52:3,0,[StatementsData_logId:2]
6430004,406,2:52:4,0,[StatementsData_logId:2,-2]
6430004,411,2:52:5,0,[StatementsData_logId:2]
6430004,401,2:52:6,0,[StatementsData_logId:3]
6430004,403,2:52:7,0,[StatementsData_logId:3,true]
6430004,405,2:52:7,0,[StatementsData_logId:3]
6430004,406,2:52:8,0,[StatementsData_logId:3,2]
6430004,407,2:52:8,0,[StatementsData_logId:3,FactCardData_id:5]
6430004,407,2:52:8,0,[StatementsData_logId:3,FactCardData_id:7]
6430004,407,2:52:8,0,[StatementsData_logId:3,FactCardData_id:0]
6430004,407,2:52:8,0,[StatementsData_logId:3,FactCardData_id:3]
6430004,407,2:52:8,0,[StatementsData_logId:3,FactCardData_id:4]
6430004,407,2:52:8,0,[StatementsData_logId:3,FactCardData_id:6]
6430004,407,2:52:10,0,[StatementsData_logId:3,FactCardData_id:6]
6430004,407,2:52:10,0,[StatementsData_logId:3,FactCardData_id:6]
6430004,408,2:52:10,0,[StatementsData_logId:3,FactCardData_id:6,false]
6430004,406,2:52:12,0,[StatementsData_logId:3,-2]
6430004,411,2:52:13,0,[StatementsData_logId:3]
6430004,401,2:52:13,0,[StatementsData_logId:4]
6430004,403,2:52:14,0,[StatementsData_logId:4,false]
6430004,405,2:52:14,0,[StatementsData_logId:4]
6430004,406,2:52:15,0,[StatementsData_logId:4,-2]
6430004,411,2:52:16,0,[StatementsData_logId:4]
6430004,401,2:52:17,0,[StatementsData_logId:5]
6430004,402,2:52:17,0,[StatementsData_logId:5,false]
6430004,405,2:52:18,0,[StatementsData_logId:5]
6430004,406,2:52:18,0,[StatementsData_logId:5,-2]
6430004,411,2:52:19,0,[StatementsData_logId:5]
6430004,420,2:52:19,0,[28]
6430004,1001,2:52:21,0,[]
6430004,1003,2:52:21,0
6430004,1003,2:52:30,1
6430004,1004,2:52:31,0
6430004,800,2:52:33,0,[]
6430004,801,2:52:35,0,[]
6430004,814,2:52:37,0,[2]
6430004,815,2:52:37,0,2,OpportunityCardData_id:13
6430004,815,2:52:38,0,2,OpportunityCardData_id:14
6430004,816,2:52:41,0,2,OpportunityCardData_id:14
6430004,803,2:52:42,0,[OpportunityCardData_id:14,OpportunityCardConsequencesData_logId:0]
6430004,803,2:52:43,0,[OpportunityCardData_id:14,OpportunityCardConsequencesData_logId:1]
6430004,803,2:52:44,0,[OpportunityCardData_id:14,OpportunityCardConsequencesData_logId:2]
6430004,805,2:52:44,0,[OpportunityCardData_id:14]
6430004,806,2:52:46,0,[OpportunityCardData_id:14,PriorityData_type:1]
6430004,807,2:52:47,0,[OpportunityCardData_id:14]
6430004,808,2:52:49,0,[OpportunityCardData_id:14]
6430004,809,2:52:54,0,[OpportunityCardData_id:14,PriorityData_type:1,true]
6430004,810,2:52:56,0,[OpportunityCardData_id:14,PriorityData_type:2,15,Safe,Safe]
6430004,814,2:52:58,0,[4]
6430004,815,2:52:58,0,4,OpportunityCardData_id:22
6430004,816,2:53:1,0,4,OpportunityCardData_id:22
6430004,804,2:53:3,0,[OpportunityCardData_id:22]
6430004,814,2:53:4,0,[4]
6430004,815,2:53:4,0,4,OpportunityCardData_id:26
6430004,815,2:53:5,0,4,OpportunityCardData_id:27
6430004,815,2:53:5,0,4,OpportunityCardData_id:28
6430004,815,2:53:7,0,4,OpportunityCardData_id:29
6430004,816,2:53:9,0,4,OpportunityCardData_id:29
6430004,803,2:53:10,0,[OpportunityCardData_id:29,OpportunityCardConsequencesData_logId:0]
6430004,803,2:53:10,0,[OpportunityCardData_id:29,OpportunityCardConsequencesData_logId:1]
6430004,803,2:53:11,0,[OpportunityCardData_id:29,OpportunityCardConsequencesData_logId:2]
6430004,805,2:53:11,0,[OpportunityCardData_id:29]
6430004,806,2:53:14,0,[OpportunityCardData_id:29,PriorityData_type:2]
6430004,807,2:53:16,0,[OpportunityCardData_id:29]
6430004,808,2:53:17,0,[OpportunityCardData_id:29]
6430004,809,2:53:22,0,[OpportunityCardData_id:29,PriorityData_type:2,true]
6430004,810,2:53:23,0,[OpportunityCardData_id:29,PriorityData_type:4,15,Safe,Safe]
6430004,814,2:53:27,0,[4]
6430004,815,2:53:27,0,4,OpportunityCardData_id:26
6430004,815,2:53:28,0,4,OpportunityCardData_id:27
6430004,816,2:53:30,0,4,OpportunityCardData_id:27
6430004,803,2:53:32,0,[OpportunityCardData_id:27,OpportunityCardConsequencesData_logId:0]
6430004,803,2:53:32,0,[OpportunityCardData_id:27,OpportunityCardConsequencesData_logId:1]
6430004,803,2:53:32,0,[OpportunityCardData_id:27,OpportunityCardConsequencesData_logId:2]
6430004,805,2:53:33,0,[OpportunityCardData_id:27]
6430004,806,2:53:40,0,[OpportunityCardData_id:27,PriorityData_type:5]
6430004,807,2:53:42,0,[OpportunityCardData_id:27]
6430004,808,2:53:44,0,[OpportunityCardData_id:27]
6430004,809,2:53:49,0,[OpportunityCardData_id:27,PriorityData_type:5,true]
6430004,810,2:53:50,0,[OpportunityCardData_id:27,PriorityData_type:4,15,Safe,Safe]
6430004,818,2:53:52,0,4
6430004,811,2:53:53,0,[OpportunityCardData_id:27,PriorityData_type:2,80,85,PriorityData_type:4,70,75]
6430004,1000,2:53:54,0,[]
6430004,800,2:53:55,0,[]
6430004,801,2:53:56,0,[]
6430004,1003,2:54:4,0
6430004,1004,2:54:5,0
6430004,400,2:54:7,0,[]
6430004,401,2:54:8,0,[StatementsData_logId:0]
6430004,404,2:54:10,0,[StatementsData_logId:0,false]
6430004,405,2:54:11,0,[StatementsData_logId:0]
6430004,406,2:54:12,0,[StatementsData_logId:0,-2]
6430004,411,2:54:13,0,[StatementsData_logId:0]
6430004,401,2:54:14,0,[StatementsData_logId:1]
6430004,402,2:54:14,0,[StatementsData_logId:1,true]
6430004,405,2:54:15,0,[StatementsData_logId:1]
6430004,406,2:54:16,0,[StatementsData_logId:1,2]
6430004,411,2:54:16,0,[StatementsData_logId:1]
6430004,401,2:54:17,0,[StatementsData_logId:2]
6430004,403,2:54:18,0,[StatementsData_logId:2,false]
6430004,405,2:54:19,0,[StatementsData_logId:2]
6430004,406,2:54:19,0,[StatementsData_logId:2,-2]
6430004,411,2:54:20,0,[StatementsData_logId:2]
6430004,401,2:54:21,0,[StatementsData_logId:3]
6430004,404,2:54:22,0,[StatementsData_logId:3,false]
6430004,405,2:54:22,0,[StatementsData_logId:3]
6430004,406,2:54:23,0,[StatementsData_logId:3,-2]
6430004,411,2:54:24,0,[StatementsData_logId:3]
6430004,401,2:54:24,0,[StatementsData_logId:4]
6430004,402,2:54:25,0,[StatementsData_logId:4,true]
6430004,405,2:54:26,0,[StatementsData_logId:4]
6430004,406,2:54:26,0,[StatementsData_logId:4,2]
6430004,411,2:54:28,0,[StatementsData_logId:4]
6430004,401,2:54:29,0,[StatementsData_logId:5]
6430004,403,2:54:31,0,[StatementsData_logId:5,false]
6430004,405,2:54:32,0,[StatementsData_logId:5]
6430004,406,2:54:32,0,[StatementsData_logId:5,-2]
6430004,411,2:54:34,0,[StatementsData_logId:5]
6430004,420,2:54:34,0,[28]
6430004,1001,2:54:36,0,[]
6430004,1003,2:54:36,0
6430004,1004,2:55:15,0
6430004,400,2:55:19,0,[]
6430004,401,2:55:22,0,[StatementsData_logId:0]
6430004,403,2:55:24,0,[StatementsData_logId:0,true]
6430004,405,2:55:25,0,[StatementsData_logId:0]
6430004,406,2:55:26,0,[StatementsData_logId:0,2]
6430004,407,2:55:26,0,[StatementsData_logId:0,FactCardData_id:0]
6430004,407,2:55:26,0,[StatementsData_logId:0,FactCardData_id:7]
6430004,407,2:55:26,0,[StatementsData_logId:0,FactCardData_id:4]
6430004,407,2:55:26,0,[StatementsData_logId:0,FactCardData_id:3]
6430004,407,2:55:26,0,[StatementsData_logId:0,FactCardData_id:6]
6430004,407,2:55:26,0,[StatementsData_logId:0,FactCardData_id:5]
6430004,407,2:55:30,0,[StatementsData_logId:0,FactCardData_id:3]
6430004,407,2:55:30,0,[StatementsData_logId:0,FactCardData_id:3]
6430004,408,2:55:31,0,[StatementsData_logId:0,FactCardData_id:3,false]
6430004,406,2:55:33,0,[StatementsData_logId:0,-2]
6430004,411,2:55:35,0,[StatementsData_logId:0]
6430004,401,2:55:37,0,[StatementsData_logId:1]
6430004,402,2:55:38,0,[StatementsData_logId:1,true]
6430004,405,2:55:39,0,[StatementsData_logId:1]
6430004,406,2:55:41,0,[StatementsData_logId:1,2]
6430004,411,2:55:42,0,[StatementsData_logId:1]
6430004,401,2:55:43,0,[StatementsData_logId:2]
6430004,404,2:55:45,0,[StatementsData_logId:2,true]
6430004,406,2:55:46,0,[StatementsData_logId:2,2]
6430004,412,2:55:50,0,[StatementsData_logId:2]
6430004,413,2:55:53,0,[StatementsData_logId:2,DuelResponsesData_logId:3]
6430004,414,2:55:54,0,[StatementsData_logId:2,DuelResponsesData_logId:3]
6430004,415,2:55:59,0,[StatementsData_logId:2,DuelResponsesData_logId:3,DuelResponsesData_witty_player_response]
6430004,416,2:56:0,0,[StatementsData_logId:2,DuelResponsesData_logId:3]
6430004,417,2:56:2,0,[StatementsData_logId:2,DuelResponsesData_logId:3]
6430004,413,2:56:4,0,[StatementsData_logId:2,DuelResponsesData_logId:4]
6430004,414,2:56:6,0,[StatementsData_logId:2,DuelResponsesData_logId:4]
6430004,415,2:56:10,0,[StatementsData_logId:2,DuelResponsesData_logId:4,DuelResponsesData_lame_player_response]
6430004,416,2:56:11,0,[StatementsData_logId:2,DuelResponsesData_logId:4]
6430004,417,2:56:13,0,[StatementsData_logId:2,DuelResponsesData_logId:4]
6430004,413,2:56:15,0,[StatementsData_logId:2,DuelResponsesData_logId:5]
6430004,414,2:56:16,0,[StatementsData_logId:2,DuelResponsesData_logId:5]
6430004,415,2:56:19,0,[StatementsData_logId:2,DuelResponsesData_logId:5,DuelResponsesData_witty_player_response]
6430004,416,2:56:19,0,[StatementsData_logId:2,DuelResponsesData_logId:5]
6430004,417,2:56:20,0,[StatementsData_logId:2,DuelResponsesData_logId:5]
6430004,418,2:56:20,0,[StatementsData_logId:2,true]
6430004,419,2:56:25,0,[StatementsData_logId:2,4]
6430004,411,2:56:26,0,[StatementsData_logId:2]
6430004,401,2:56:28,0,[StatementsData_logId:3]
6430004,403,2:56:28,0,[StatementsData_logId:3,true]
6430004,405,2:56:29,0,[StatementsData_logId:3]
6430004,406,2:56:30,0,[StatementsData_logId:3,2]
6430004,407,2:56:30,0,[StatementsData_logId:3,FactCardData_id:3]
6430004,407,2:56:30,0,[StatementsData_logId:3,FactCardData_id:4]
6430004,407,2:56:30,0,[StatementsData_logId:3,FactCardData_id:6]
6430004,407,2:56:30,0,[StatementsData_logId:3,FactCardData_id:5]
6430004,407,2:56:30,0,[StatementsData_logId:3,FactCardData_id:0]
6430004,407,2:56:30,0,[StatementsData_logId:3,FactCardData_id:7]
6430004,407,2:56:32,0,[StatementsData_logId:3,FactCardData_id:4]
6430004,407,2:56:32,0,[StatementsData_logId:3,FactCardData_id:4]
6430004,408,2:56:32,0,[StatementsData_logId:3,FactCardData_id:4,false]
6430004,406,2:56:34,0,[StatementsData_logId:3,-2]
6430004,411,2:56:37,0,[StatementsData_logId:3]
6430004,401,2:56:40,0,[StatementsData_logId:4]
6430004,402,2:56:41,0,[StatementsData_logId:4,true]
6430004,405,2:56:41,0,[StatementsData_logId:4]
6430004,406,2:56:43,0,[StatementsData_logId:4,2]
6430004,411,2:56:44,0,[StatementsData_logId:4]
6430004,401,2:56:45,0,[StatementsData_logId:5]
6430004,404,2:56:46,0,[StatementsData_logId:5,true]
6430004,406,2:56:46,0,[StatementsData_logId:5,2]
6430004,412,2:56:48,0,[StatementsData_logId:5]
6430004,413,2:56:50,0,[StatementsData_logId:5,DuelResponsesData_logId:9]
6430004,414,2:56:51,0,[StatementsData_logId:5,DuelResponsesData_logId:9]
6430004,415,2:56:53,0,[StatementsData_logId:5,DuelResponsesData_logId:9,DuelResponsesData_ok_player_response]
6430004,416,2:56:54,0,[StatementsData_logId:5,DuelResponsesData_logId:9]
6430004,417,2:56:55,0,[StatementsData_logId:5,DuelResponsesData_logId:9]
6430004,413,2:56:56,0,[StatementsData_logId:5,DuelResponsesData_logId:10]
6430004,414,2:56:57,0,[StatementsData_logId:5,DuelResponsesData_logId:10]
6430004,415,2:57:2,0,[StatementsData_logId:5,DuelResponsesData_logId:10,DuelResponsesData_witty_player_response]
6430004,416,2:57:3,0,[StatementsData_logId:5,DuelResponsesData_logId:10]
6430004,417,2:57:5,0,[StatementsData_logId:5,DuelResponsesData_logId:10]
6430004,413,2:57:6,0,[StatementsData_logId:5,DuelResponsesData_logId:11]
6430004,414,2:57:7,0,[StatementsData_logId:5,DuelResponsesData_logId:11]
6430004,415,2:57:14,0,[StatementsData_logId:5,DuelResponsesData_logId:11,DuelResponsesData_ok_player_response]
6430004,416,2:57:15,0,[StatementsData_logId:5,DuelResponsesData_logId:11]
6430004,417,2:57:17,0,[StatementsData_logId:5,DuelResponsesData_logId:11]
6430004,418,2:57:17,0,[StatementsData_logId:5,true]
6430004,419,2:57:30,0,[StatementsData_logId:5,4]
6430004,411,2:57:32,0,[StatementsData_logId:5]
6430004,420,2:57:32,0,[48]
6430004,1001,2:57:34,0,[]
6430004,1003,2:57:34,0
6430004,1003,2:58:46,0
6430004,1004,2:58:47,0
6430004,400,2:58:49,0,[]
6430004,401,2:58:51,0,[StatementsData_logId:0]
6430004,403,2:58:53,0,[StatementsData_logId:0,true]
6430004,405,2:58:54,0,[StatementsData_logId:0]
6430004,406,2:58:55,0,[StatementsData_logId:0,2]
6430004,407,2:58:55,0,[StatementsData_logId:0,FactCardData_id:0]
6430004,407,2:58:55,0,[StatementsData_logId:0,FactCardData_id:6]
6430004,407,2:58:55,0,[StatementsData_logId:0,FactCardData_id:3]
6430004,407,2:58:55,0,[StatementsData_logId:0,FactCardData_id:5]
6430004,407,2:58:55,0,[StatementsData_logId:0,FactCardData_id:7]
6430004,407,2:58:55,0,[StatementsData_logId:0,FactCardData_id:4]
6430004,407,2:58:57,0,[StatementsData_logId:0,FactCardData_id:6]
6430004,407,2:58:57,0,[StatementsData_logId:0,FactCardData_id:6]
6430004,408,2:58:59,0,[StatementsData_logId:0,FactCardData_id:6,true]
6430004,409,2:58:59,0,[StatementsData_logId:0]
6430004,410,2:59:13,0,[StatementsData_logId:0,2]
6430004,412,2:59:16,0,[StatementsData_logId:0]
6430004,413,2:59:22,0,[StatementsData_logId:0,DuelResponsesData_logId:0]
6430004,414,2:59:25,0,[StatementsData_logId:0,DuelResponsesData_logId:0]
6430004,415,2:59:29,0,[StatementsData_logId:0,DuelResponsesData_logId:0,DuelResponsesData_ok_player_response]
6430004,416,2:59:29,0,[StatementsData_logId:0,DuelResponsesData_logId:0]
6430004,417,2:59:31,0,[StatementsData_logId:0,DuelResponsesData_logId:0]
6430004,413,2:59:33,0,[StatementsData_logId:0,DuelResponsesData_logId:1]
6430004,414,2:59:34,0,[StatementsData_logId:0,DuelResponsesData_logId:1]
6430004,415,2:59:39,0,[StatementsData_logId:0,DuelResponsesData_logId:1,DuelResponsesData_witty_player_response]
6430004,416,2:59:41,0,[StatementsData_logId:0,DuelResponsesData_logId:1]
6430004,417,2:59:43,0,[StatementsData_logId:0,DuelResponsesData_logId:1]
6430004,413,2:59:44,0,[StatementsData_logId:0,DuelResponsesData_logId:2]
6430004,414,2:59:46,0,[StatementsData_logId:0,DuelResponsesData_logId:2]
6430004,415,2:59:48,0,[StatementsData_logId:0,DuelResponsesData_logId:2,DuelResponsesData_witty_player_response]
6430004,416,2:59:49,0,[StatementsData_logId:0,DuelResponsesData_logId:2]
6430004,417,2:59:51,0,[StatementsData_logId:0,DuelResponsesData_logId:2]
6430004,418,2:59:51,0,[StatementsData_logId:0,true]
6430004,419,2:59:59,0,[StatementsData_logId:0,4]
6430004,411,3:0:0,0,[StatementsData_logId:0]
6430004,401,3:0:5,0,[StatementsData_logId:1]
6430004,402,3:0:5,0,[StatementsData_logId:1,true]
6430004,405,3:0:6,0,[StatementsData_logId:1]
6430004,406,3:0:10,0,[StatementsData_logId:1,2]
6430004,411,3:0:11,0,[StatementsData_logId:1]
6430004,401,3:0:14,0,[StatementsData_logId:2]
6430004,404,3:0:14,0,[StatementsData_logId:2,true]
6430004,406,3:0:15,0,[StatementsData_logId:2,2]
6430004,412,3:0:18,0,[StatementsData_logId:2]
6430004,413,3:0:21,0,[StatementsData_logId:2,DuelResponsesData_logId:3]
6430004,414,3:0:22,0,[StatementsData_logId:2,DuelResponsesData_logId:3]
6430004,415,3:0:25,0,[StatementsData_logId:2,DuelResponsesData_logId:3,DuelResponsesData_witty_player_response]
6430004,416,3:0:25,0,[StatementsData_logId:2,DuelResponsesData_logId:3]
6430004,417,3:0:27,0,[StatementsData_logId:2,DuelResponsesData_logId:3]
6430004,413,3:0:28,0,[StatementsData_logId:2,DuelResponsesData_logId:4]
6430004,414,3:0:29,0,[StatementsData_logId:2,DuelResponsesData_logId:4]
6430004,415,3:0:33,0,[StatementsData_logId:2,DuelResponsesData_logId:4,DuelResponsesData_lame_player_response]
6430004,416,3:0:33,0,[StatementsData_logId:2,DuelResponsesData_logId:4]
6430004,417,3:0:35,0,[StatementsData_logId:2,DuelResponsesData_logId:4]
6430004,413,3:0:36,0,[StatementsData_logId:2,DuelResponsesData_logId:5]
6430004,414,3:0:37,0,[StatementsData_logId:2,DuelResponsesData_logId:5]
6430004,415,3:0:40,0,[StatementsData_logId:2,DuelResponsesData_logId:5,DuelResponsesData_witty_player_response]
6430004,416,3:0:40,0,[StatementsData_logId:2,DuelResponsesData_logId:5]
6430004,417,3:0:42,0,[StatementsData_logId:2,DuelResponsesData_logId:5]
6430004,418,3:0:42,0,[StatementsData_logId:2,true]
6430004,419,3:0:45,0,[StatementsData_logId:2,4]
6430004,411,3:0:46,0,[StatementsData_logId:2]
6430004,401,3:0:49,0,[StatementsData_logId:3]
6430004,404,3:0:55,0,[StatementsData_logId:3,false]
6430004,405,3:0:56,0,[StatementsData_logId:3]
6430004,406,3:0:57,0,[StatementsData_logId:3,-2]
6430004,411,3:0:58,0,[StatementsData_logId:3]
6430004,401,3:0:59,0,[StatementsData_logId:4]
6430004,403,3:1:0,0,[StatementsData_logId:4,false]
6430004,405,3:1:1,0,[StatementsData_logId:4]
6430004,406,3:1:3,0,[StatementsData_logId:4,-2]
6430004,411,3:1:4,0,[StatementsData_logId:4]
6430004,401,3:1:5,0,[StatementsData_logId:5]
6430004,404,3:1:6,0,[StatementsData_logId:5,true]
6430004,406,3:1:6,0,[StatementsData_logId:5,2]
6430004,412,3:1:11,0,[StatementsData_logId:5]
6430004,413,3:1:14,0,[StatementsData_logId:5,DuelResponsesData_logId:9]
6430004,414,3:1:15,0,[StatementsData_logId:5,DuelResponsesData_logId:9]
6430004,415,3:1:19,0,[StatementsData_logId:5,DuelResponsesData_logId:9,DuelResponsesData_ok_player_response]
6430004,416,3:1:19,0,[StatementsData_logId:5,DuelResponsesData_logId:9]
6430004,417,3:1:20,0,[StatementsData_logId:5,DuelResponsesData_logId:9]
6430004,413,3:1:21,0,[StatementsData_logId:5,DuelResponsesData_logId:10]
6430004,414,3:1:22,0,[StatementsData_logId:5,DuelResponsesData_logId:10]
6430004,415,3:1:35,0,[StatementsData_logId:5,DuelResponsesData_logId:10,DuelResponsesData_witty_player_response]
6430004,416,3:1:36,0,[StatementsData_logId:5,DuelResponsesData_logId:10]
6430004,417,3:1:37,0,[StatementsData_logId:5,DuelResponsesData_logId:10]
6430004,413,3:1:39,0,[StatementsData_logId:5,DuelResponsesData_logId:11]
6430004,414,3:1:42,0,[StatementsData_logId:5,DuelResponsesData_logId:11]
6430004,415,3:1:48,0,[StatementsData_logId:5,DuelResponsesData_logId:11,DuelResponsesData_ok_player_response]
6430004,416,3:1:48,0,[StatementsData_logId:5,DuelResponsesData_logId:11]
6430004,417,3:1:50,0,[StatementsData_logId:5,DuelResponsesData_logId:11]
6430004,418,3:1:50,0,[StatementsData_logId:5,true]
6430004,419,3:1:54,0,[StatementsData_logId:5,4]
6430004,411,3:1:55,0,[StatementsData_logId:5]
6430004,420,3:1:55,0,[50]
6430004,1000,3:3:0,0,[]
6430004,400,3:3:2,0,[]
6430004,401,3:3:4,0,[StatementsData_logId:0]
6430004,402,3:3:9,0,[StatementsData_logId:0,false]
6430004,405,3:3:10,0,[StatementsData_logId:0]
6430004,406,3:3:12,0,[StatementsData_logId:0,-2]
6430004,411,3:3:13,0,[StatementsData_logId:0]
6430004,401,3:3:14,0,[StatementsData_logId:1]
6430004,402,3:3:15,0,[StatementsData_logId:1,true]
6430004,405,3:3:16,0,[StatementsData_logId:1]
6430004,406,3:3:18,0,[StatementsData_logId:1,2]
6430004,411,3:3:19,0,[StatementsData_logId:1]
6430004,401,3:3:20,0,[StatementsData_logId:2]
6430004,404,3:3:21,0,[StatementsData_logId:2,true]
6430004,406,3:3:21,0,[StatementsData_logId:2,2]
6430004,412,3:3:23,0,[StatementsData_logId:2]
6430004,413,3:3:25,0,[StatementsData_logId:2,DuelResponsesData_logId:3]
6430004,414,3:3:27,0,[StatementsData_logId:2,DuelResponsesData_logId:3]
6430004,415,3:3:31,0,[StatementsData_logId:2,DuelResponsesData_logId:3,DuelResponsesData_witty_player_response]
6430004,416,3:3:31,0,[StatementsData_logId:2,DuelResponsesData_logId:3]
6430004,417,3:3:33,0,[StatementsData_logId:2,DuelResponsesData_logId:3]
6430004,413,3:3:34,0,[StatementsData_logId:2,DuelResponsesData_logId:4]
6430004,414,3:3:35,0,[StatementsData_logId:2,DuelResponsesData_logId:4]
6430004,415,3:3:37,0,[StatementsData_logId:2,DuelResponsesData_logId:4,DuelResponsesData_lame_player_response]
6430004,416,3:3:38,0,[StatementsData_logId:2,DuelResponsesData_logId:4]
6430004,417,3:3:39,0,[StatementsData_logId:2,DuelResponsesData_logId:4]
6430004,413,3:3:40,0,[StatementsData_logId:2,DuelResponsesData_logId:5]
6430004,414,3:3:41,0,[StatementsData_logId:2,DuelResponsesData_logId:5]
6430004,415,3:3:43,0,[StatementsData_logId:2,DuelResponsesData_logId:5,DuelResponsesData_ok_player_response]
6430004,416,3:3:44,0,[StatementsData_logId:2,DuelResponsesData_logId:5]
6430004,417,3:3:45,0,[StatementsData_logId:2,DuelResponsesData_logId:5]
6430004,418,3:3:45,0,[StatementsData_logId:2,false]
6430004,1003,3:3:51,0
6430004,1004,3:3:52,0
6430004,400,3:3:54,0,[]
6430004,401,3:3:55,0,[StatementsData_logId:0]
6430004,403,3:4:2,0,[StatementsData_logId:0,true]
6430004,405,3:4:2,0,[StatementsData_logId:0]
6430004,406,3:4:3,0,[StatementsData_logId:0,2]
6430004,407,3:4:3,0,[StatementsData_logId:0,FactCardData_id:3]
6430004,407,3:4:3,0,[StatementsData_logId:0,FactCardData_id:5]
6430004,407,3:4:3,0,[StatementsData_logId:0,FactCardData_id:0]
6430004,407,3:4:3,0,[StatementsData_logId:0,FactCardData_id:4]
6430004,407,3:4:3,0,[StatementsData_logId:0,FactCardData_id:6]
6430004,407,3:4:3,0,[StatementsData_logId:0,FactCardData_id:7]
6430004,407,3:4:5,0,[StatementsData_logId:0,FactCardData_id:5]
6430004,407,3:4:5,0,[StatementsData_logId:0,FactCardData_id:5]
6430004,408,3:4:5,0,[StatementsData_logId:0,FactCardData_id:5,false]
6430004,406,3:4:7,0,[StatementsData_logId:0,-2]
6430004,411,3:4:7,0,[StatementsData_logId:0]
6430004,401,3:4:8,0,[StatementsData_logId:1]
6430004,402,3:4:9,0,[StatementsData_logId:1,true]
6430004,405,3:4:10,0,[StatementsData_logId:1]
6430004,406,3:4:11,0,[StatementsData_logId:1,2]
6430004,411,3:4:12,0,[StatementsData_logId:1]
6430004,401,3:4:13,0,[StatementsData_logId:2]
6430004,404,3:4:14,0,[StatementsData_logId:2,true]
6430004,406,3:4:14,0,[StatementsData_logId:2,2]
6430004,412,3:4:16,0,[StatementsData_logId:2]
6430004,413,3:4:18,0,[StatementsData_logId:2,DuelResponsesData_logId:3]
6430004,414,3:4:19,0,[StatementsData_logId:2,DuelResponsesData_logId:3]
6430004,415,3:4:22,0,[StatementsData_logId:2,DuelResponsesData_logId:3,DuelResponsesData_witty_player_response]
6430004,416,3:4:22,0,[StatementsData_logId:2,DuelResponsesData_logId:3]
6430004,417,3:4:23,0,[StatementsData_logId:2,DuelResponsesData_logId:3]
6430004,413,3:4:25,0,[StatementsData_logId:2,DuelResponsesData_logId:4]
6430004,414,3:4:26,0,[StatementsData_logId:2,DuelResponsesData_logId:4]
6430004,415,3:4:32,0,[StatementsData_logId:2,DuelResponsesData_logId:4,DuelResponsesData_lame_player_response]
6430004,416,3:4:32,0,[StatementsData_logId:2,DuelResponsesData_logId:4]
6430004,417,3:4:34,0,[StatementsData_logId:2,DuelResponsesData_logId:4]
6430004,413,3:4:35,0,[StatementsData_logId:2,DuelResponsesData_logId:5]
6430004,414,3:4:35,0,[StatementsData_logId:2,DuelResponsesData_logId:5]
6430004,415,3:4:39,0,[StatementsData_logId:2,DuelResponsesData_logId:5,DuelResponsesData_witty_player_response]
6430004,416,3:4:40,0,[StatementsData_logId:2,DuelResponsesData_logId:5]
6430004,417,3:4:41,0,[StatementsData_logId:2,DuelResponsesData_logId:5]
6430004,418,3:4:41,0,[StatementsData_logId:2,true]
6430004,419,3:4:44,0,[StatementsData_logId:2,4]
6430004,411,3:4:45,0,[StatementsData_logId:2]
6430004,401,3:4:47,0,[StatementsData_logId:3]
6430004,404,3:4:50,0,[StatementsData_logId:3,false]
6430004,405,3:4:51,0,[StatementsData_logId:3]
6430004,406,3:4:52,0,[StatementsData_logId:3,-2]
6430004,411,3:4:53,0,[StatementsData_logId:3]
6430004,401,3:4:54,0,[StatementsData_logId:4]
6430004,402,3:4:55,0,[StatementsData_logId:4,true]
6430004,405,3:4:56,0,[StatementsData_logId:4]
6430004,406,3:4:58,0,[StatementsData_logId:4,2]
6430004,411,3:4:59,0,[StatementsData_logId:4]
6430004,401,3:5:0,0,[StatementsData_logId:5]
6430004,404,3:5:3,0,[StatementsData_logId:5,true]
6430004,406,3:5:4,0,[StatementsData_logId:5,2]
6430004,412,3:5:6,0,[StatementsData_logId:5]
6430004,413,3:5:9,0,[StatementsData_logId:5,DuelResponsesData_logId:9]
6430004,414,3:5:10,0,[StatementsData_logId:5,DuelResponsesData_logId:9]
6430004,415,3:5:13,0,[StatementsData_logId:5,DuelResponsesData_logId:9,DuelResponsesData_witty_player_response]
6430004,416,3:5:13,0,[StatementsData_logId:5,DuelResponsesData_logId:9]
6430004,417,3:5:15,0,[StatementsData_logId:5,DuelResponsesData_logId:9]
6430004,413,3:5:16,0,[StatementsData_logId:5,DuelResponsesData_logId:10]
6430004,414,3:5:17,0,[StatementsData_logId:5,DuelResponsesData_logId:10]
6430004,415,3:5:20,0,[StatementsData_logId:5,DuelResponsesData_logId:10,DuelResponsesData_lame_player_response]
6430004,416,3:5:21,0,[StatementsData_logId:5,DuelResponsesData_logId:10]
6430004,417,3:5:22,0,[StatementsData_logId:5,DuelResponsesData_logId:10]
6430004,413,3:5:23,0,[StatementsData_logId:5,DuelResponsesData_logId:11]
6430004,414,3:5:24,0,[StatementsData_logId:5,DuelResponsesData_logId:11]
6430004,415,3:5:26,0,[StatementsData_logId:5,DuelResponsesData_logId:11,DuelResponsesData_ok_player_response]
6430004,416,3:5:27,0,[StatementsData_logId:5,DuelResponsesData_logId:11]
6430004,417,3:5:28,0,[StatementsData_logId:5,DuelResponsesData_logId:11]
6430004,418,3:5:28,0,[StatementsData_logId:5,false]
6430004,419,3:5:31,0,[StatementsData_logId:5,-4]
6430004,411,3:5:33,0,[StatementsData_logId:5]
6430004,420,3:5:33,0,[38]
6430004,1000,3:5:46,0,[]
6430004,400,3:5:48,0,[]
6430004,401,3:5:50,0,[StatementsData_logId:0]
6430004,403,3:5:53,0,[StatementsData_logId:0,true]
6430004,405,3:5:54,0,[StatementsData_logId:0]
6430004,406,3:5:55,0,[StatementsData_logId:0,2]
6430004,407,3:5:55,0,[StatementsData_logId:0,FactCardData_id:6]
6430004,407,3:5:55,0,[StatementsData_logId:0,FactCardData_id:3]
6430004,407,3:5:55,0,[StatementsData_logId:0,FactCardData_id:4]
6430004,407,3:5:55,0,[StatementsData_logId:0,FactCardData_id:5]
6430004,407,3:5:55,0,[StatementsData_logId:0,FactCardData_id:7]
6430004,407,3:5:55,0,[StatementsData_logId:0,FactCardData_id:0]
6430004,407,3:5:56,0,[StatementsData_logId:0,FactCardData_id:3]
6430004,407,3:5:56,0,[StatementsData_logId:0,FactCardData_id:3]
6430004,408,3:5:57,0,[StatementsData_logId:0,FactCardData_id:3,false]
6430004,406,3:5:59,0,[StatementsData_logId:0,-2]
6430004,411,3:6:1,0,[StatementsData_logId:0]
6430004,401,3:6:2,0,[StatementsData_logId:1]
6430004,402,3:6:2,0,[StatementsData_logId:1,true]
6430004,405,3:6:3,0,[StatementsData_logId:1]
6430004,406,3:6:4,0,[StatementsData_logId:1,2]
6430004,411,3:6:5,0,[StatementsData_logId:1]
6430004,401,3:6:6,0,[StatementsData_logId:2]
6430004,404,3:6:7,0,[StatementsData_logId:2,true]
6430004,406,3:6:8,0,[StatementsData_logId:2,2]
6430004,412,3:6:11,0,[StatementsData_logId:2]
6430004,413,3:6:13,0,[StatementsData_logId:2,DuelResponsesData_logId:3]
6430004,414,3:6:14,0,[StatementsData_logId:2,DuelResponsesData_logId:3]
6430004,415,3:6:15,0,[StatementsData_logId:2,DuelResponsesData_logId:3,DuelResponsesData_witty_player_response]
6430004,416,3:6:16,0,[StatementsData_logId:2,DuelResponsesData_logId:3]
6430004,417,3:6:17,0,[StatementsData_logId:2,DuelResponsesData_logId:3]
6430004,413,3:6:19,0,[StatementsData_logId:2,DuelResponsesData_logId:4]
6430004,414,3:6:20,0,[StatementsData_logId:2,DuelResponsesData_logId:4]
6430004,415,3:6:23,0,[StatementsData_logId:2,DuelResponsesData_logId:4,DuelResponsesData_lame_player_response]
6430004,416,3:6:24,0,[StatementsData_logId:2,DuelResponsesData_logId:4]
6430004,417,3:6:27,0,[StatementsData_logId:2,DuelResponsesData_logId:4]
6430004,413,3:6:28,0,[StatementsData_logId:2,DuelResponsesData_logId:5]
6430004,414,3:6:30,0,[StatementsData_logId:2,DuelResponsesData_logId:5]
6430004,415,3:6:32,0,[StatementsData_logId:2,DuelResponsesData_logId:5,DuelResponsesData_witty_player_response]
6430004,416,3:6:33,0,[StatementsData_logId:2,DuelResponsesData_logId:5]
6430004,103,3:6:39
6430004,105,3:6:40
6430004,703,3:6:42,[|| EpilogueItem ID: 0 unlocked: false ||,|| EpilogueItem ID: 1 unlocked: false ||,|| EpilogueItem ID: 2 unlocked: false ||,|| EpilogueItem ID: 3 unlocked: false ||,|| EpilogueItem ID: 4 unlocked: false ||,|| EpilogueItem ID: 5 unlocked: false ||,|| EpilogueItem ID: 6 unlocked: false ||,|| EpilogueItem ID: 7 unlocked: false ||,|| EpilogueItem ID: 8 unlocked: false ||,|| EpilogueItem ID: 9 unlocked: false ||,|| EpilogueItem ID: 10 unlocked: false ||,|| EpilogueItem ID: 11 unlocked: false ||,|| EpilogueItem ID: 12 unlocked: false ||,|| EpilogueItem ID: 13 unlocked: false ||,|| EpilogueItem ID: 14 unlocked: false ||,|| EpilogueItem ID: 15 unlocked: false ||,|| EpilogueItem ID: 16 unlocked: false ||,|| EpilogueItem ID: 17 unlocked: false ||,|| EpilogueItem ID: 18 unlocked: false ||,|| EpilogueItem ID: 19 unlocked: false ||,|| EpilogueItem ID: 20 unlocked: false ||,|| EpilogueItem ID: 21 unlocked: false ||,|| EpilogueItem ID: 22 unlocked: false ||,|| EpilogueItem ID: 23 unlocked: false ||,|| EpilogueItem ID: 24 unlocked: false ||],0
6430004,706,3:6:44,(x=1233, y=-100, w=1024, h=768),(x=1864, y=-100, w=1024, h=768)
6430004,706,3:6:46,(x=2013, y=-100, w=1024, h=768),(x=2531, y=-100, w=1024, h=768)
6430004,708,3:6:46
6430004,1,3:6:46,7/16/2013 2:42:33pm,{"gameTime":11206883,"challengeStacks":[{"challengeScenes":[{"miniGameCards":[],"viewedAnimatic":true,"keyPoints":["c_bestFriend_M_a_G7a0","c_teacherEng_G7a0","s_flag_gen"],"unlocked":true,"touchableObjects":["c_crewKid1_M_G7a0","s_otherStudent1_G7a0","s_doorClassroom_G7a0","s_vocabAssignment_G7a0","c_friend1_M_a_G7a0","s_clock_G7a0","s_angelouPoster_gen","s_shakespearePoster_gen","s_poePoster_gen","s_atwoodPoster_gen","c_bestFriend_M_a_G7a0","c_teacherEng_G7a0","s_flag_gen"]},{"miniGameCards":[],"viewedAnimatic":true,"keyPoints":["s_paperPlayers_G7a1N","c_teacherEng_G7a1N","c_bestFriend_M_a_G7a1N"],"unlocked":true,"touchableObjects":["c_crewKid1_M_G7a1N","s_otherStudent1_G7a1N","s_otherStudent2_G7a1N","s_flag_gen","s_posterPlagiarism_gen","s_poePoster_gen","s_atwoodPoster_gen","s_paperPlayers_G7a1N","c_teacherEng_G7a1N","c_bestFriend_M_a_G7a1N"]},{"miniGameCards":[],"viewedAnimatic":true,"keyPoints":["s_flag_gen","s_paperEnglish_gen"],"unlocked":true,"touchableObjects":["s_flag_gen","s_clock_G7a1P","s_paperEnglish_gen"]}],"stackSize":3,"resolved":false},{"challengeScenes":[{"miniGameCards":[],"viewedAnimatic":false,"keyPoints":[],"unlocked":false,"touchableObjects":[]},{"miniGameCards":[],"viewedAnimatic":false,"keyPoints":[],"unlocked":false,"touchableObjects":[]},{"miniGameCards":[],"viewedAnimatic":false,"keyPoints":[],"unlocked":false,"touchableObjects":[]},{"miniGameCards":[],"viewedAnimatic":false,"keyPoints":[],"unlocked":false,"touchableObjects":[]},{"miniGameCards":[],"viewedAnimatic":false,"keyPoints":[],"unlocked":false,"touchableObjects":[]}],"stackSize":5,"resolved":false},{"challengeScenes":[{"miniGameCards":[],"viewedAnimatic":false,"keyPoints":[],"unlocked":false,"touchableObjects":[]},{"miniGameCards":[],"viewedAnimatic":false,"keyPoints":[],"unlocked":false,"touchableObjects":[]},{"miniGameCards":[],"viewedAnimatic":false,"keyPoints":[],"unlocked":false,"touchableObjects":[]},{"miniGameCards":[],"viewedAnimatic":false,"keyPoints":[],"unlocked":false,"touchableObjects":[]},{"miniGameCards":[],"viewedAnimatic":false,"keyPoints":[],"unlocked":false,"touchableObjects":[]},{"miniGameCards":[],"viewedAnimatic":false,"keyPoints":[],"unlocked":false,"touchableObjects":[]},{"miniGameCards":[],"viewedAnimatic":false,"keyPoints":[],"unlocked":false,"touchableObjects":[]}],"stackSize":7,"resolved":false},{"challengeScenes":[{"miniGameCards":[],"viewedAnimatic":false,"keyPoints":[],"unlocked":false,"touchableObjects":[]},{"miniGameCards":[],"viewedAnimatic":false,"keyPoints":[],"unlocked":false,"touchableObjects":[]},{"miniGameCards":[],"viewedAnimatic":false,"keyPoints":[],"unlocked":false,"touchableObjects":[]},{"miniGameCards":[],"viewedAnimatic":false,"keyPoints":[],"unlocked":false,"touchableObjects":[]},{"miniGameCards":[],"viewedAnimatic":false,"keyPoints":[],"unlocked":false,"touchableObjects":[]}],"stackSize":5,"resolved":false},{"challengeScenes":[{"miniGameCards":[],"viewedAnimatic":false,"keyPoints":[],"unlocked":false,"touchableObjects":[]},{"miniGameCards":[],"viewedAnimatic":false,"keyPoints":[],"unlocked":false,"touchableObjects":[]},{"miniGameCards":[],"viewedAnimatic":false,"keyPoints":[],"unlocked":false,"touchableObjects":[]},{"miniGameCards":[],"viewedAnimatic":false,"keyPoints":[],"unlocked":false,"touchableObjects":[]},{"miniGameCards":[],"viewedAnimatic":false,"keyPoints":[],"unlocked":false,"touchableObjects":[]}],"stackSize":5,"resolved":false},{"challengeScenes":[{"miniGameCards":[],"viewedAnimatic":false,"keyPoints":[],"unlocked":false,"touchableObjects":[]},{"miniGameCards":[],"viewedAnimatic":false,"keyPoints":[],"unlocked":false,"touchableObjects":[]},{"miniGameCards":[],"viewedAnimatic":false,"keyPoints":[],"unlocked":false,"touchableObjects":[]},{"miniGameCards":[],"viewedAnimatic":false,"keyPoints":[],"unlocked":false,"touchableObjects":[]},{"miniGameCards":[],"viewedAnimatic":false,"keyPoints":[],"unlocked":false,"touchableObjects":[]}],"stackSize":5,"resolved":false},{"challengeScenes":[{"miniGameCards":[],"viewedAnimatic":false,"keyPoints":[],"unlocked":false,"touchableObjects":[]},{"miniGameCards":[],"viewedAnimatic":false,"keyPoints":[],"unlocked":false,"touchableObjects":[]},{"miniGameCards":[],"viewedAnimatic":false,"keyPoints":[],"unlocked":false,"touchableObjects":[]},{"miniGameCards":[],"viewedAnimatic":false,"keyPoints":[],"unlocked":false,"touchableObjects":[]},{"miniGameCards":[],"viewedAnimatic":false,"keyPoints":[],"unlocked":false,"touchableObjects":[]}],"stackSize":5,"resolved":false},{"challengeScenes":[{"miniGameCards":[],"viewedAnimatic":false,"keyPoints":[],"unlocked":false,"touchableObjects":[]},{"miniGameCards":[],"viewedAnimatic":false,"keyPoints":[],"unlocked":false,"touchableObjects":[]},{"miniGameCards":[],"viewedAnimatic":false,"keyPoints":[],"unlocked":false,"touchableObjects":[]},{"miniGameCards":[],"viewedAnimatic":false,"keyPoints":[],"unlocked":false,"touchableObjects":[]},{"miniGameCards":[],"viewedAnimatic":false,"keyPoints":[],"unlocked":false,"touchableObjects":[]}],"stackSize":5,"resolved":false},{"challengeScenes":[{"miniGameCards":[],"viewedAnimatic":false,"keyPoints":[],"unlocked":false,"touchableObjects":[]},{"miniGameCards":[],"viewedAnimatic":false,"keyPoints":[],"unlocked":false,"touchableObjects":[]},{"miniGameCards":[],"viewedAnimatic":false,"keyPoints":[],"unlocked":false,"touchableObjects":[]},{"miniGameCards":[],"viewedAnimatic":false,"keyPoints":[],"unlocked":false,"touchableObjects":[]},{"miniGameCards":[],"viewedAnimatic":false,"keyPoints":[],"unlocked":false,"touchableObjects":[]}],"stackSize":5,"resolved":false},{"challengeScenes":[{"miniGameCards":[],"viewedAnimatic":false,"keyPoints":[],"unlocked":false,"touchableObjects":[]},{"miniGameCards":[],"viewedAnimatic":false,"keyPoints":[],"unlocked":false,"touchableObjects":[]},{"miniGameCards":[],"viewedAnimatic":false,"keyPoints":[],"unlocked":false,"touchableObjects":[]},{"miniGameCards":[],"viewedAnimatic":false,"keyPoints":[],"unlocked":false,"touchableObjects":[]},{"miniGameCards":[],"viewedAnimatic":false,"keyPoints":[],"unlocked":false,"touchableObjects":[]}],"stackSize":5,"resolved":false},{"challengeScenes":[{"miniGameCards":[],"viewedAnimatic":false,"keyPoints":[],"unlocked":false,"touchableObjects":[]},{"miniGameCards":[],"viewedAnimatic":false,"keyPoints":[],"unlocked":false,"touchableObjects":[]},{"miniGameCards":[],"viewedAnimatic":false,"keyPoints":[],"unlocked":false,"touchableObjects":[]},{"miniGameCards":[],"viewedAnimatic":false,"keyPoints":[],"unlocked":false,"touchableObjects":[]},{"miniGameCards":[],"viewedAnimatic":false,"keyPoints":[],"unlocked":false,"touchableObjects":[]}],"stackSize":5,"resolved":false},{"challengeScenes":[{"miniGameCards":[],"viewedAnimatic":false,"keyPoints":[],"unlocked":false,"touchableObjects":[]},{"miniGameCards":[],"viewedAnimatic":false,"keyPoints":[],"unlocked":false,"touchableObjects":[]},{"miniGameCards":[],"viewedAnimatic":false,"keyPoints":[],"unlocked":false,"touchableObjects":[]},{"miniGameCards":[],"viewedAnimatic":false,"keyPoints":[],"unlocked":false,"touchableObjects":[]},{"miniGameCards":[],"viewedAnimatic":false,"keyPoints":[],"unlocked":false,"touchableObjects":[]}],"stackSize":5,"resolved":false},{"challengeScenes":[{"miniGameCards":[],"viewedAnimatic":false,"keyPoints":[],"unlocked":true,"touchableObjects":["c_player_lati_M_a_G0a0","c_family_lati_a_G0a0"]},{"miniGameCards":[],"viewedAnimatic":false,"keyPoints":["c_job_G0a1N","c_family_lati_a_G0a1N","c_home_G0a1N"],"unlocked":true,"touchableObjects":["c_player_lati_M_a_G0a1N","c_job_G0a1N","c_family_lati_a_G0a1N","c_home_G0a1N"]},{"miniGameCards":[],"viewedAnimatic":false,"keyPoints":["c_kidsister_lati_a_G0a1P","c_grandma_lati_a_G0a1P","c_Teacher_G0a1P","c_Nurse_G0a1P","c_dad_lati_a_G0a1P","c_mom_lati_a_G0a1P"],"unlocked":true,"touchableObjects":["c_cousins_M_a_G0a1P","c_friends_G0a1P","c_kidsister_lati_a_G0a1P","c_grandma_lati_a_G0a1P","c_Teacher_G0a1P","c_Nurse_G0a1P","c_dad_lati_a_G0a1P","c_mom_lati_a_G0a1P"]}],"stackSize":3,"resolved":true}],"sessionId":4,"epilogue":{"rating":3},"playerId":6430004,"session":[{"sceneId":"1P","stackId":12},{"sceneId":"1P","stackId":0}],"minigames":[{"levelSaveData":[{"starRating":2,"unlocked":true},{"starRating":0,"unlocked":false},{"starRating":0,"unlocked":false},{"starRating":0,"unlocked":false},{"starRating":0,"unlocked":false},{"starRating":0,"unlocked":false},{"starRating":0,"unlocked":false},{"starRating":0,"unlocked":false},{"starRating":0,"unlocked":false},{"starRating":0,"unlocked":false}],"skillPoints":2},{"levelSaveData":[{"starRating":3,"unlocked":true},{"starRating":0,"unlocked":false},{"starRating":0,"unlocked":false},{"starRating":0,"unlocked":false},{"starRating":0,"unlocked":false},{"starRating":0,"unlocked":false},{"starRating":0,"unlocked":false},{"starRating":0,"unlocked":false},{"starRating":0,"unlocked":false},{"starRating":0,"unlocked":false}],"skillPoints":3},{"levelSaveData":[{"starRating":3,"unlocked":true},{"starRating":0,"unlocked":false},{"starRating":0,"unlocked":false},{"starRating":0,"unlocked":false},{"starRating":0,"unlocked":false},{"starRating":0,"unlocked":false},{"starRating":0,"unlocked":false},{"starRating":0,"unlocked":false},{"starRating":0,"unlocked":false},{"starRating":0,"unlocked":false}],"skillPoints":3},{"levelSaveData":[{"starRating":0,"unlocked":false},{"starRating":0,"unlocked":false},{"starRating":0,"unlocked":false},{"starRating":0,"unlocked":false},{"starRating":0,"unlocked":false},{"starRating":0,"unlocked":false},{"starRating":0,"unlocked":false},{"starRating":0,"unlocked":false},{"starRating":0,"unlocked":false},{"starRating":0,"unlocked":false}],"skillPoints":0},{"age":11,"name":"bob","gender":0,"levelSaveData":[{"starRating":3,"unlocked":true},{"starRating":3,"chunks":[["3"],["0","1"],["15","0","6"],["3"]],"unlocked":true},{"starRating":0,"chunks":[[null],[null,null],[null,null]],"unlocked":false},{"starRating":0,"chunks":[[null],[null],[null],[null],[null,null],[null]],"unlocked":false},{"starRating":0,"chunks":[[null],[null],[null,null],[null],[null],[null]],"unlocked":false},{"starRating":0,"chunks":[[null],[null,null,null,null],[null],[null]],"unlocked":false},{"starRating":0,"chunks":[[null],[null],[null,null],[null,null],[null]],"unlocked":false},{"starRating":0,"chunks":[[null,null,null],[null,null,null],[null],[null],[null]],"unlocked":false},{"starRating":0,"chunks":[[null,null,null],[null,null,null],[null,null]],"unlocked":false},{"starRating":0,"chunks":[[null],[null],[null],[null],[null],[null]],"unlocked":false}],"visualAvatar":0,"id":2,"skillPoints":6}],"avatar":{"age":11,"name":"bob","gender":0,"levelSaveData":[{"starRating":3,"unlocked":true},{"starRating":3,"chunks":[["3"],["0","1"],["15","0","6"],["3"]],"unlocked":true},{"starRating":0,"chunks":[[null],[null,null],[null,null]],"unlocked":false},{"starRating":0,"chunks":[[null],[null],[null],[null],[null,null],[null]],"unlocked":false},{"starRating":0,"chunks":[[null],[null],[null,null],[null],[null],[null]],"unlocked":false},{"starRating":0,"chunks":[[null],[null,null,null,null],[null],[null]],"unlocked":false},{"starRating":0,"chunks":[[null],[null],[null,null],[null,null],[null]],"unlocked":false},{"starRating":0,"chunks":[[null,null,null],[null,null,null],[null],[null],[null]],"unlocked":false},{"starRating":0,"chunks":[[null,null,null],[null,null,null],[null,null]],"unlocked":false},{"starRating":0,"chunks":[[null],[null],[null],[null],[null],[null]],"unlocked":false}],"visualAvatar":0,"id":2,"skillPoints":6}}
