6430004,0,5:21:24,7/25/2013 11:22:11am
6430004,1003,5:21:26,3
6430004,1004,5:21:27,0
6430004,500,5:21:30,0,[]
6430004,501,5:21:32,0,[]
6430004,502,5:21:36,0,[IntentionData_logId:2,true]
6430004,503,5:21:38,0,[]
6430004,504,5:22:8,0,[InfluenceData_logId:7]
6430004,504,5:22:10,0,[InfluenceData_logId:3]
6430004,504,5:22:11,0,[InfluenceData_logId:1]
6430004,505,5:22:13,0,[InfluenceData_logId:1,true,InfluenceData_logId:3,true,InfluenceData_logId:7,true]
6430004,506,5:22:17,0,[]
6430004,507,5:22:25,0,[OpponentAttackData_logId:3,OpponentAttackTypeData_logId:2,true,0]
6430004,508,5:22:27,0,[]
6430004,509,5:22:35,0,[RefusalData_logId:8,2]
6430004,510,5:22:37,0,[AvailableRefusalData_logId:8,0A]
6430004,510,5:22:38,0,[AvailableRefusalData_logId:8,1A]
6430004,510,5:22:40,0,[AvailableRefusalData_logId:8,2A]
6430004,511,5:22:41,0,[AvailableRefusalData_logId:8,0A,1A,2A,true,50]
6430004,512,5:22:44,0,[]
6430004,513,5:22:44,0,[0]
6430004,514,5:22:47,0,[]
6430004,507,5:22:53,0,[OpponentAttackData_logId:1,OpponentAttackTypeData_logId:3,true,0]
6430004,508,5:22:55,0,[]
6430004,509,5:23:6,0,[RefusalData_logId:7,0]
6430004,510,5:23:14,0,[AvailableRefusalData_logId:7,0C]
6430004,510,5:23:19,0,[AvailableRefusalData_logId:7,1C]
6430004,510,5:23:21,0,[AvailableRefusalData_logId:7,2A]
6430004,511,5:23:22,0,[AvailableRefusalData_logId:7,0C,1C,2A,false,0]
6430004,512,5:23:25,0,[]
6430004,513,5:23:25,0,[30]
6430004,514,5:23:28,0,[]
6430004,507,5:23:37,0,[OpponentAttackData_logId:0,OpponentAttackTypeData_logId:4,false,30]
6430004,508,5:23:39,0,[]
6430004,509,5:23:43,0,[RefusalData_logId:2,2]
6430004,510,5:23:48,0,[AvailableRefusalData_logId:2,0A]
6430004,510,5:23:49,0,[AvailableRefusalData_logId:2,1A]
6430004,510,5:23:52,0,[AvailableRefusalData_logId:2,2A]
6430004,511,5:23:53,0,[AvailableRefusalData_logId:2,0A,1A,2A,true,50]
6430004,512,5:23:57,0,[]
6430004,515,5:23:57,0,[90,0]
6430004,516,5:23:59,0,[]
6430004,517,5:24:1,0,[]
6430004,1005,5:24:1,0,[3,1,2]
6430004,1000,5:24:7,0,[]
6430004,500,5:24:8,0,[]
6430004,501,5:24:9,0,[]
6430004,502,5:24:14,0,[IntentionData_logId:2,true]
6430004,503,5:24:15,0,[]
6430004,504,5:24:18,0,[InfluenceData_logId:7]
6430004,504,5:24:18,0,[InfluenceData_logId:3]
6430004,504,5:24:19,0,[InfluenceData_logId:1]
6430004,505,5:24:20,0,[InfluenceData_logId:1,true,InfluenceData_logId:3,true,InfluenceData_logId:7,true]
6430004,506,5:24:21,0,[]
6430004,507,5:24:28,0,[OpponentAttackData_logId:0,OpponentAttackTypeData_logId:2,false,30]
6430004,1002,5:24:32,0
6430004,1003,5:24:32,3
6430004,1004,5:24:33,0
6430004,500,5:24:36,0,[]
6430004,501,5:24:37,0,[]
6430004,502,5:24:43,0,[IntentionData_logId:2,true]
6430004,503,5:24:44,0,[]
6430004,504,5:24:48,0,[InfluenceData_logId:7]
6430004,504,5:24:49,0,[InfluenceData_logId:3]
6430004,504,5:24:49,0,[InfluenceData_logId:1]
6430004,505,5:24:50,0,[InfluenceData_logId:1,true,InfluenceData_logId:3,true,InfluenceData_logId:7,true]
6430004,506,5:24:51,0,[]
6430004,507,5:25:1,0,[OpponentAttackData_logId:0,OpponentAttackTypeData_logId:2,false,30]
6430004,508,5:25:3,0,[]
6430004,509,5:25:7,0,[RefusalData_logId:8,2]
6430004,510,5:25:8,0,[AvailableRefusalData_logId:8,0A]
6430004,510,5:25:10,0,[AvailableRefusalData_logId:8,1A]
6430004,510,5:25:12,0,[AvailableRefusalData_logId:8,2A]
6430004,511,5:25:12,0,[AvailableRefusalData_logId:8,0A,1A,2A,true,50]
6430004,512,5:25:16,0,[]
6430004,513,5:25:16,0,[0]
6430004,514,5:25:18,0,[]
6430004,507,5:25:23,0,[OpponentAttackData_logId:2,OpponentAttackTypeData_logId:3,false,30]
6430004,508,5:25:27,0,[]
6430004,1002,5:25:30,0
6430004,1003,5:25:30,3
6430004,1004,5:25:32,0
6430004,500,5:25:34,0,[]
6430004,501,5:25:36,0,[]
6430004,502,5:25:39,0,[IntentionData_logId:2,true]
6430004,503,5:25:40,0,[]
6430004,504,5:25:43,0,[InfluenceData_logId:7]
6430004,504,5:25:44,0,[InfluenceData_logId:3]
6430004,504,5:25:44,0,[InfluenceData_logId:1]
6430004,505,5:25:45,0,[InfluenceData_logId:1,true,InfluenceData_logId:3,true,InfluenceData_logId:7,true]
6430004,506,5:25:47,0,[]
6430004,507,5:25:53,0,[OpponentAttackData_logId:2,OpponentAttackTypeData_logId:3,false,30]
6430004,1002,5:25:57,0
6430004,1003,5:25:57,3
6430004,1004,5:25:57,0
6430004,500,5:26:1,0,[]
6430004,501,5:26:2,0,[]
6430004,502,5:26:4,0,[IntentionData_logId:2,true]
6430004,503,5:26:5,0,[]
6430004,504,5:26:7,0,[InfluenceData_logId:7]
6430004,504,5:26:10,0,[InfluenceData_logId:1]
6430004,504,5:26:10,0,[InfluenceData_logId:3]
6430004,505,5:26:11,0,[InfluenceData_logId:1,true,InfluenceData_logId:3,true,InfluenceData_logId:7,true]
6430004,506,5:26:12,0,[]
6430004,507,5:26:18,0,[OpponentAttackData_logId:0,OpponentAttackTypeData_logId:4,false,30]
6430004,1002,5:26:27,0
6430004,1003,5:26:27,3
6430004,1004,5:26:28,0
6430004,500,5:26:30,0,[]
6430004,501,5:26:32,0,[]
6430004,502,5:26:34,0,[IntentionData_logId:2,true]
6430004,503,5:26:35,0,[]
6430004,504,5:26:38,0,[InfluenceData_logId:7]
6430004,504,5:26:39,0,[InfluenceData_logId:3]
6430004,504,5:26:40,0,[InfluenceData_logId:1]
6430004,505,5:26:40,0,[InfluenceData_logId:1,true,InfluenceData_logId:3,true,InfluenceData_logId:7,true]
6430004,506,5:26:42,0,[]
6430004,507,5:27:9,0,[OpponentAttackData_logId:1,OpponentAttackTypeData_logId:2,false,30]
6430004,508,5:27:12,0,[]
6430004,509,5:27:18,0,[RefusalData_logId:8,2]
6430004,510,5:27:20,0,[AvailableRefusalData_logId:8,0A]
6430004,510,5:27:21,0,[AvailableRefusalData_logId:8,1A]
6430004,510,5:27:22,0,[AvailableRefusalData_logId:8,2A]
6430004,511,5:27:23,0,[AvailableRefusalData_logId:8,0A,1A,2A,true,50]
6430004,512,5:27:26,0,[]
6430004,513,5:27:26,0,[0]
6430004,514,5:27:28,0,[]
6430004,507,5:27:34,0,[OpponentAttackData_logId:2,OpponentAttackTypeData_logId:4,true,0]
6430004,508,5:27:36,0,[]
6430004,509,5:27:38,0,[RefusalData_logId:2,2]
6430004,510,5:27:40,0,[AvailableRefusalData_logId:2,0A]
6430004,510,5:27:41,0,[AvailableRefusalData_logId:2,1A]
6430004,510,5:27:42,0,[AvailableRefusalData_logId:2,2A]
6430004,511,5:27:43,0,[AvailableRefusalData_logId:2,0A,1A,2A,true,50]
6430004,512,5:27:46,0,[]
6430004,515,5:27:46,0,[120,0]
6430004,516,5:27:47,0,[]
6430004,517,5:27:49,0,[]
6430004,1005,5:27:49,0,[3,2,3]
6430004,1001,5:27:51,0,[]
6430004,1003,5:27:52,3
6430004,100,5:27:58,1
6430004,102,5:27:59,1
6430004,200,5:27:59,1,3,6,6,3,9
6430004,221,5:28:3,1
6430004,220,5:28:6,1
6430004,1003,5:28:6,3
6430004,221,5:28:10,1
6430004,220,5:28:12,1
6430004,219,5:28:12,1
6430004,216,5:28:14,Stack_G7b1P
6430004,217,5:28:22,Stack_G7b1P,8.5,11
6430004,216,5:28:44,Stack_G7b1P
6430004,217,5:29:6,Stack_G7b1P,19,0.00
6430004,218,5:29:8,1
6430004,212,5:29:12,2
6430004,210,5:29:13,589,165
6430004,207,5:29:15,1,-200,0
6430004,211,5:29:16,1082,495
6430004,207,5:29:16,1,0,-75
6430004,210,5:29:17,1170,482
6430004,207,5:29:17,1,-75,-390
6430004,211,5:29:18,1229,446
6430004,212,5:29:18,1
6430004,207,5:29:19,1,-390,-420
6430004,210,5:29:19,1320,401
6430004,211,5:29:20,1253,475
6430004,213,5:29:20,1,c_cousin_M_a_G7b1P,true
6430004,205,5:29:20,1,c_cousin_M_a_G7b1P,false,false
6430004,210,5:29:24,1461,343
6430004,207,5:29:24,1,-420,-495
6430004,211,5:29:25,1355,260
6430004,213,5:29:25,1,c_cousinsBrother_a_G7b1P,true
6430004,205,5:29:25,1,c_cousinsBrother_a_G7b1P,false,false
6430004,210,5:29:30,1247,86
6430004,207,5:29:33,1,-495,-1031
6430004,211,5:29:34,1796,270
6430004,212,5:29:35,0
6430004,210,5:29:35,1873,145
6430004,211,5:29:36,1800,231
6430004,212,5:29:37,2
6430004,210,5:29:37,1959,204
6430004,211,5:29:38,1799,296
6430004,213,5:29:38,1,c_crush1_M_a_G7b1P,true
6430004,210,5:29:45,1595,118
6430004,211,5:29:46,1562,204
6430004,212,5:29:46,1
6430004,210,5:29:48,1514,200
6430004,211,5:29:50,2052,276
6430004,210,5:29:50,2013,272
6430004,211,5:29:51,1955,304
6430004,212,5:29:51,0
6430004,210,5:29:52,1877,265
6430004,211,5:29:53,2049,277
6430004,213,5:29:53,1,s_poolDay_ruleSign_G7b1P,true
6430004,205,5:29:53,1,s_poolDay_ruleSign_G7b1P,false,false
6430004,212,5:30:0,2
6430004,210,5:30:1,1507,121
6430004,207,5:30:4,1,-1031,0
6430004,211,5:30:6,85,405
6430004,213,5:30:6,1,c_kidSister_lati_a_G7b1P,true
6430004,212,5:30:9,1
6430004,210,5:30:9,358,180
6430004,211,5:30:12,269,449
6430004,212,5:30:13,0
6430004,210,5:30:14,305,384
6430004,211,5:30:14,271,452
6430004,213,5:30:14,1,c_cousinsBrothersFriend_a_G7b1P,true
6430004,205,5:30:14,1,c_cousinsBrothersFriend_a_G7b1P,false,false
6430004,221,5:30:19,1
6430004,220,5:30:22,1
6430004,210,5:30:27,671,215
6430004,211,5:30:29,751,407
6430004,221,5:30:48,1
6430004,300,5:30:50
6430004,220,5:30:50,1
6430004,301,5:31:0,1
6430004,204,5:31:8,1
6430004,1003,5:31:10,3
6430004,1003,5:31:13,2
6430004,1003,5:31:15,1
6430004,1003,5:31:18,0
6430004,300,5:31:21
6430004,100,5:31:32,1
6430004,102,5:31:37,1
6430004,200,5:31:37,1,3,6,6,3,9
6430004,210,5:31:53,950,213
6430004,207,5:31:54,1,-200,-635
6430004,211,5:31:55,1373,223
6430004,212,5:31:56,1
6430004,210,5:31:56,1421,220
6430004,207,5:32:2,1,-635,-20
6430004,211,5:32:5,491,248
6430004,221,5:32:6,1
6430004,300,5:32:13
6430004,220,5:32:13,1
6430004,302,5:32:32,0,2,2,4
6430004,304,5:32:32,0,2,2,6,,4,
6430004,302,5:32:37,0,2,2,5
6430004,302,5:32:38,0,2,2,13
6430004,302,5:32:39,0,2,2,6
6430004,304,5:32:40,0,2,2,4,,6,
6430004,219,5:32:46,1
6430004,216,5:32:47,Stack_G7b1P
6430004,217,5:33:8,Stack_G7b1P,19,0.00
6430004,218,5:33:11,1
6430004,219,5:33:14,1
6430004,216,5:33:15,Stack_G7b0
6430004,217,5:33:37,Stack_G7b0,21,0.00
6430004,218,5:33:38,1
6430004,219,5:33:42,1
6430004,216,5:33:43,Stack_G7b1N
6430004,217,5:33:59,Stack_G7b1N,16,1.0
6430004,218,5:34:1,1
6430004,219,5:34:7,1
6430004,216,5:34:8,Stack_G7b1P
6430004,217,5:34:27,Stack_G7b1P,19,0.53
6430004,218,5:34:29,1
6430004,221,5:34:33,1
6430004,220,5:34:43,1
6430004,204,5:34:45,1
6430004,1003,5:34:48,3
6430004,1003,5:34:52,2
6430004,1003,5:34:55,1
6430004,1003,5:34:58,0
6430004,100,5:35:9,1
6430004,102,5:35:12,1
6430004,200,5:35:12,1,3,6,6,3,9
6430004,210,5:35:26,652,346
6430004,207,5:35:27,1,-200,0
6430004,211,5:35:30,260,462
6430004,212,5:35:32,2
6430004,210,5:35:32,466,324
6430004,211,5:35:33,264,448
6430004,212,5:35:34,0
6430004,210,5:35:34,284,355
6430004,211,5:35:39,1878,441
6430004,207,5:35:39,1,0,-870
6430004,212,5:35:40,2
6430004,210,5:35:41,1403,318
6430004,211,5:35:42,1243,472
6430004,212,5:35:42,1
6430004,210,5:35:43,1277,435
6430004,211,5:35:46,1563,301
6430004,221,5:35:47,1
6430004,220,5:36:34,1
6430004,204,5:36:39,1
6430004,100,5:37:34,1
6430004,102,5:37:45,1
6430004,200,5:37:45,1,3,6,6,3,9
6430004,219,5:37:51,1
6430004,216,5:37:52,Stack_G7b1P
6430004,217,5:38:14,Stack_G7b1P,19,0.00
6430004,218,5:38:28,1
6430004,219,5:38:32,1
6430004,216,5:38:32,Stack_G7b2N
6430004,217,5:38:42,Stack_G7b2N,6.8,1.0
6430004,218,5:38:43,1
6430004,210,5:38:47,1031,92
6430004,211,5:38:48,935,359
6430004,213,5:38:48,1,c_crush1_M_a_G7b2N,true
6430004,205,5:38:48,1,c_crush1_M_a_G7b2N,false,false
6430004,210,5:38:51,1049,170
6430004,207,5:38:57,1,-106,0
6430004,211,5:38:59,371,356
6430004,212,5:39:0,2
6430004,210,5:39:1,824,199
6430004,211,5:39:3,409,369
6430004,213,5:39:3,1,c_cousinsBrothersFriend_a_G7b2N,true
6430004,210,5:39:8,1094,215
6430004,207,5:39:8,1,0,-106
6430004,211,5:39:8,1126,245
6430004,210,5:39:9,976,199
6430004,211,5:39:12,1016,205
6430004,212,5:39:12,1
6430004,210,5:39:13,1047,134
6430004,211,5:39:15,1059,297
6430004,212,5:39:16,0
6430004,210,5:39:16,1022,198
6430004,211,5:39:17,1127,264
6430004,210,5:39:18,1101,251
6430004,211,5:39:18,887,286
6430004,210,5:39:19,1100,460
6430004,211,5:39:19,1127,481
6430004,210,5:39:20,1104,81
6430004,211,5:39:21,1123,113
6430004,210,5:39:21,1063,150
6430004,211,5:39:23,839,297
6430004,213,5:39:23,1,s_kid1_G7b2N,true
6430004,205,5:39:24,1,s_kid1_G7b2N,false,false
6430004,210,5:39:28,1019,155
6430004,211,5:39:33,551,441
6430004,213,5:39:33,1,c_cousin_M_a_G7b2N,true
6430004,205,5:39:33,1,c_cousin_M_a_G7b2N,false,false
6430004,210,5:39:36,410,281
6430004,211,5:39:38,130,335
6430004,207,5:39:38,1,-106,-61
6430004,210,5:39:40,199,330
6430004,211,5:39:40,204,375
6430004,213,5:39:40,1,c_kidSister_lati_a_G7b2N,true
6430004,205,5:39:40,1,c_kidSister_lati_a_G7b2N,false,false
6430004,219,5:40:10,1
6430004,216,5:40:11,Stack_G7b2N
6430004,217,5:40:19,Stack_G7b2N,6.8,1.0
6430004,218,5:40:20,1
6430004,204,5:40:24,1
6430004,1003,5:40:27,3
6430004,1003,5:40:30,2
6430004,1003,5:40:32,1
6430004,1003,5:40:34,0
6430004,1003,5:40:36,3
6430004,300,5:40:38
6430004,100,5:40:42,1
6430004,102,5:40:44,1
6430004,200,5:40:44,1,3,6,6,3,9
6430004,219,5:40:49,1
6430004,218,5:40:51,1
6430004,219,5:40:57,1
6430004,218,5:40:59,1
6430004,219,5:41:3,1
6430004,218,5:41:5,1
6430004,221,5:41:8,1
6430004,220,5:41:15,1
6430004,219,5:41:15,1
6430004,216,5:41:15,Stack_G7b2P
6430004,217,5:41:30,Stack_G7b2P,12,0.00
6430004,218,5:41:32,1
6430004,212,5:41:36,2
6430004,207,5:41:36,1,-200,-230
6430004,210,5:41:36,1129,150
6430004,211,5:41:40,534,474
6430004,213,5:41:40,1,c_kidSister_lati_a_G7b2P,true
6430004,205,5:41:40,1,c_kidSister_lati_a_G7b2P,false,false
6430004,210,5:41:45,641,139
6430004,211,5:41:48,838,274
6430004,210,5:41:49,839,267
6430004,211,5:41:50,866,311
6430004,213,5:41:50,1,c_grandma_lati_a_G7b2P,true
6430004,207,5:41:53,1,-230,-260
6430004,210,5:41:53,1108,393
6430004,211,5:41:54,1055,488
6430004,212,5:41:54,0
6430004,212,5:41:54,1
6430004,207,5:41:55,1,-260,-290
6430004,210,5:41:55,1198,383
6430004,211,5:41:56,1039,486
6430004,212,5:41:57,0
6430004,210,5:41:57,1076,413
6430004,211,5:41:58,1046,486
6430004,213,5:41:58,1,c_cousin_M_a_G7b2P,true
6430004,205,5:41:58,1,c_cousin_M_a_G7b2P,false,false
6430004,210,5:42:1,465,176
6430004,207,5:42:2,1,-290,-185
6430004,211,5:42:4,82,355
6430004,207,5:42:4,1,-185,-65
6430004,210,5:42:4,7,408
6430004,207,5:42:4,1,-65,0
6430004,211,5:42:6,463,497
6430004,212,5:42:7,2
6430004,210,5:42:8,504,275
6430004,211,5:42:12,1142,306
6430004,207,5:42:12,1,0,-135
6430004,210,5:42:13,1233,306
6430004,207,5:42:13,1,-135,-512
6430004,211,5:42:17,1032,452
6430004,212,5:42:18,1
6430004,210,5:42:18,1274,224
6430004,207,5:42:21,1,-512,-347
6430004,207,5:42:27,1,-347,-152
6430004,207,5:42:29,1,-152,0
6430004,211,5:42:32,652,398
6430004,213,5:42:32,1,s_closet_M_G7b2P,true
6430004,207,5:42:36,1,0,-30
6430004,210,5:42:36,878,201
6430004,211,5:42:37,885,302
6430004,212,5:42:38,0
6430004,207,5:42:38,1,-30,-45
6430004,210,5:42:38,820,244
6430004,207,5:42:40,1,-45,-512
6430004,211,5:42:42,1316,502
6430004,213,5:42:42,1,s_computer_M_G7b2P,true
6430004,205,5:42:42,1,s_computer_M_G7b2P,false,false
6430004,221,5:42:47,1
6430004,220,5:42:51,1
6430004,203,5:42:51,1
6430004,100,5:42:57,2
6430004,102,5:42:59,2
6430004,200,5:42:59,2,3,6,6,3,9
6430004,219,5:42:59,2
6430004,216,5:43:1,Stack_G8a0
6430004,217,5:43:19,Stack_G8a0,17,0.00
6430004,218,5:43:22,2
6430004,212,5:43:25,2
6430004,207,5:43:25,2,-200,-245
6430004,210,5:43:25,1122,119
6430004,207,5:43:30,2,-245,-200
6430004,211,5:43:33,515,358
6430004,213,5:43:33,2,c_friend1_M_G8a0,true
6430004,210,5:43:35,577,476
6430004,211,5:43:39,1092,345
6430004,213,5:43:39,2,c_crewKid1_M_a_G8a0,true
6430004,212,5:43:42,1
6430004,207,5:43:43,2,-200,-245
6430004,210,5:43:43,1163,301
6430004,211,5:43:46,891,495
6430004,213,5:43:46,2,s_cellphone_G8a0,true
6430004,205,5:43:46,2,s_cellphone_G8a0,false,false
6430004,210,5:43:50,918,377
6430004,211,5:43:55,404,148
6430004,213,5:43:55,2,s_clock_G8a0,true
6430004,205,5:43:55,2,s_clock_G8a0,false,false
6430004,210,5:43:59,522,398
6430004,211,5:44:0,529,543
6430004,212,5:44:0,0
6430004,210,5:44:1,499,450
6430004,211,5:44:2,493,531
6430004,213,5:44:2,2,c_crush2_M_a_G8a0,true
6430004,205,5:44:2,2,c_crush2_M_a_G8a0,false,false
6430004,210,5:44:6,1109,347
6430004,211,5:44:7,1295,321
6430004,207,5:44:7,2,-245,-290
6430004,210,5:44:7,1143,362
6430004,207,5:44:8,2,-290,-492
6430004,211,5:44:10,1360,321
6430004,213,5:44:10,2,s_cigaretteKid1_G8a0,true
6430004,212,5:44:14,1
6430004,210,5:44:15,1417,262
6430004,211,5:44:19,714,539
6430004,212,5:44:20,0
6430004,210,5:44:21,740,446
6430004,211,5:44:22,722,535
6430004,212,5:44:22,2
6430004,210,5:44:23,1178,278
6430004,207,5:44:30,2,-492,0
6430004,211,5:44:32,183,257
6430004,213,5:44:32,2,s_stairs_G8a0,true
6430004,210,5:44:35,94,573
6430004,211,5:44:37,395,143
6430004,212,5:44:38,1
6430004,210,5:44:38,286,224
6430004,211,5:44:46,922,296
6430004,212,5:44:47,0
6430004,210,5:44:47,926,238
6430004,211,5:44:48,918,332
6430004,213,5:44:48,2,c_cousin_M_a_G8a0,true
6430004,205,5:44:48,2,c_cousin_M_a_G8a0,false,false
6430004,207,5:44:52,2,0,-45
6430004,210,5:44:52,945,233
6430004,207,5:44:53,2,-45,-375
6430004,211,5:44:54,1107,604
6430004,212,5:44:55,2
6430004,210,5:44:56,1103,155
6430004,211,5:45:4,1438,571
6430004,207,5:45:4,2,-375,-435
6430004,207,5:45:4,2,-435,-492
6430004,210,5:45:4,1487,539
6430004,211,5:45:9,1461,235
6430004,210,5:45:10,1412,137
6430004,211,5:45:11,1511,504
6430004,212,5:45:12,0
6430004,210,5:45:12,1397,328
6430004,207,5:45:21,2,-492,-207
6430004,211,5:45:22,334,602
6430004,213,5:45:22,2,s_beerCooler_G8a0,true
6430004,210,5:45:27,685,330
6430004,211,5:45:29,506,555
6430004,213,5:45:29,2,c_crush2_M_a_G8a0,true
6430004,205,5:45:29,2,c_crush2_M_a_G8a0,false,true
6430004,210,5:45:32,698,467
6430004,211,5:45:32,716,453
6430004,210,5:45:33,685,137
6430004,211,5:45:35,670,347
6430004,213,5:45:35,2,s_beerSixpack_G8a0,true
6430004,210,5:45:42,871,97
6430004,211,5:45:51,748,437
6430004,212,5:45:52,1
6430004,210,5:45:53,746,300
6430004,211,5:45:55,568,593
6430004,212,5:45:55,0
6430004,210,5:45:56,625,424
6430004,207,5:46:4,2,-207,-492
6430004,211,5:46:12,1513,155
6430004,210,5:46:12,1491,349
6430004,211,5:46:13,1513,564
6430004,210,5:46:13,1466,518
6430004,211,5:46:13,1428,491
6430004,221,5:46:16,2
6430004,220,5:46:22,2
6430004,210,5:46:23,1140,316
6430004,211,5:46:25,1120,505
6430004,219,5:46:25,2
6430004,216,5:46:26,Stack_G8a1N
6430004,217,5:46:33,Stack_G8a1N,4.7,0.00
6430004,218,5:46:36,2
6430004,210,5:46:42,1015,224
6430004,211,5:46:43,938,359
6430004,213,5:46:43,2,c_cousin_M_a_G8a0,true
6430004,205,5:46:43,2,c_cousin_M_a_G8a0,false,true
6430004,210,5:46:47,623,93
6430004,207,5:46:50,2,-200,-65
6430004,211,5:46:51,388,140
6430004,210,5:46:53,685,239
6430004,211,5:46:54,496,521
6430004,213,5:46:54,2,c_crush2_M_a_G8a0,true
6430004,205,5:46:54,2,c_crush2_M_a_G8a0,false,true
6430004,212,5:46:58,1
6430004,207,5:46:58,2,-65,-80
6430004,210,5:47:0,861,126
6430004,211,5:47:5,529,350
6430004,213,5:47:5,2,c_friend1_M_G8a0,true
6430004,210,5:47:7,796,217
6430004,207,5:47:9,2,-80,-492
6430004,211,5:47:13,893,502
6430004,213,5:47:13,2,s_cellphone_G8a0,true
6430004,205,5:47:13,2,s_cellphone_G8a0,false,true
6430004,219,5:47:19,2
6430004,216,5:47:21,Stack_G8a1N
6430004,217,5:47:28,Stack_G8a1N,4.7,0.00
6430004,218,5:47:29,2
6430004,212,5:47:30,2
6430004,210,5:47:31,796,403
6430004,211,5:47:32,705,525
6430004,213,5:47:32,2,c_crush2_M_a_G8a1N,true
6430004,210,5:47:36,1028,97
6430004,211,5:47:37,470,158
6430004,212,5:47:38,1
6430004,207,5:47:38,2,-200,-229
6430004,210,5:47:39,487,86
6430004,211,5:47:40,479,136
6430004,213,5:47:40,2,s_basementDoor_gen,true
6430004,205,5:47:40,2,s_basementDoor_gen,false,false
6430004,207,5:47:44,2,-229,-278
6430004,210,5:47:44,1200,495
6430004,211,5:47:48,543,627
6430004,213,5:47:48,2,s_dirtyClothes_gen,true
6430004,205,5:47:48,2,s_dirtyClothes_gen,false,false
6430004,210,5:47:52,441,573
6430004,207,5:47:52,2,-278,-38
6430004,211,5:47:55,204,564
6430004,213,5:47:55,2,s_waterHeater_gen,true
6430004,212,5:47:58,0
6430004,210,5:47:59,1076,459
6430004,207,5:47:59,2,-38,-113
6430004,207,5:47:59,2,-113,-188
6430004,207,5:48:0,2,-188,-492
6430004,207,5:48:5,2,-492,-432
6430004,211,5:48:6,741,548
6430004,213,5:48:6,2,s_crush2Lips_M_G8a1N,true
6430004,205,5:48:6,2,s_crush2Lips_M_G8a1N,false,false
6430004,210,5:48:11,877,88
6430004,207,5:48:13,2,-432,0
6430004,211,5:48:16,320,204
6430004,212,5:48:17,2
6430004,210,5:48:19,479,84
6430004,211,5:48:23,445,591
6430004,213,5:48:23,2,s_dryer_G8a1N,true
6430004,210,5:48:25,444,572
6430004,207,5:48:27,2,0,-15
6430004,207,5:48:30,2,-15,-492
6430004,211,5:48:32,1400,578
6430004,212,5:48:34,1
6430004,210,5:48:35,1316,116
6430004,211,5:48:46,269,188
6430004,207,5:48:46,2,-492,-252
6430004,207,5:48:47,2,-252,-192
6430004,210,5:48:47,263,532
6430004,211,5:48:50,842,395
6430004,213,5:48:50,2,c_crush2_M_a_G8a1N,true
6430004,212,5:48:52,0
6430004,207,5:48:52,2,-192,-222
6430004,210,5:48:52,1106,444
6430004,211,5:48:55,739,555
6430004,213,5:48:55,2,s_crush2Lips_M_G8a1N,true
6430004,205,5:48:55,2,s_crush2Lips_M_G8a1N,false,true
6430004,210,5:48:59,390,569
6430004,207,5:49:0,2,-222,0
6430004,207,5:49:6,2,0,-492
6430004,211,5:49:6,1513,67
6430004,210,5:49:7,1510,83
6430004,211,5:49:12,956,569
6430004,213,5:49:12,2,s_stairs_G8a1N,true
6430004,212,5:49:15,1
6430004,210,5:49:16,1267,279
6430004,211,5:49:17,1000,556
6430004,213,5:49:17,2,s_stairs_G8a1N,true
6430004,210,5:49:23,945,418
6430004,211,5:49:24,716,536
6430004,213,5:49:24,2,c_crush2_M_a_G8a1N,true
6430004,212,5:49:27,0
6430004,213,5:49:27,2,c_crush2_M_a_G8a1N,true
6430004,210,5:49:30,896,490
6430004,211,5:49:33,741,558
6430004,213,5:49:33,2,s_crush2Lips_M_G8a1N,true
6430004,205,5:49:33,2,s_crush2Lips_M_G8a1N,false,true
6430004,219,5:49:41,2
6430004,216,5:49:42,Stack_G8a3N
6430004,217,5:49:49,Stack_G8a3N,5.0,0.83
6430004,218,5:49:56,2
6430004,221,5:50:16,2
6430004,220,5:50:27,2
6430004,210,5:50:28,1018,158
6430004,211,5:50:31,919,335
6430004,213,5:50:31,2,c_cousin_M_a_G8a0,true
6430004,205,5:50:31,2,c_cousin_M_a_G8a0,false,true
6430004,212,5:50:36,2
6430004,210,5:50:36,1246,247
6430004,207,5:50:36,2,-200,-275
6430004,207,5:50:37,2,-275,-440
6430004,211,5:50:40,323,636
6430004,207,5:50:40,2,-440,-305
6430004,210,5:50:42,391,530
6430004,207,5:50:42,2,-305,0
6430004,207,5:50:48,2,0,-285
6430004,211,5:50:49,934,356
6430004,212,5:50:50,1
6430004,207,5:50:50,2,-285,-315
6430004,210,5:50:50,1101,232
6430004,207,5:50:56,2,-315,-492
6430004,211,5:51:0,1462,456
6430004,212,5:51:1,0
6430004,210,5:51:1,1306,294
6430004,211,5:51:7,1147,461
6430004,212,5:51:8,1
6430004,210,5:51:10,1228,368
6430004,211,5:51:10,1193,442
6430004,212,5:51:11,2
6430004,210,5:51:11,1238,350
6430004,211,5:51:14,1085,343
6430004,213,5:51:14,2,c_crewKid1_M_a_G8a0,true
6430004,210,5:51:24,1049,296
6430004,211,5:51:24,1091,329
6430004,213,5:51:24,2,c_crewKid1_M_a_G8a0,true
6430004,210,5:51:31,1027,210
6430004,207,5:51:33,2,-492,-312
6430004,211,5:51:36,533,350
6430004,213,5:51:36,2,c_friend1_M_G8a0,true
6430004,207,5:51:47,2,-200,-230
6430004,210,5:51:47,1110,299
6430004,211,5:51:49,875,620
6430004,213,5:51:49,2,s_stairs_G8a1N,true
6430004,207,5:51:55,2,-200,-215
6430004,210,5:51:55,1028,301
6430004,207,5:51:57,2,-215,-350
6430004,207,5:52:1,2,-350,0
6430004,211,5:52:5,356,304
6430004,212,5:52:6,1
6430004,210,5:52:7,427,271
6430004,211,5:52:7,363,484
6430004,213,5:52:7,2,s_mirror_lati_M_a_G8a3N,true
6430004,205,5:52:7,2,s_mirror_lati_M_a_G8a3N,false,false
6430004,210,5:52:12,1078,367
6430004,207,5:52:12,2,0,-105
6430004,207,5:52:14,2,-105,-180
6430004,207,5:52:15,2,-180,0
6430004,211,5:52:21,1157,118
6430004,207,5:52:21,2,0,-150
6430004,207,5:52:22,2,-150,-195
6430004,210,5:52:22,1074,237
6430004,207,5:52:24,2,-195,-492
6430004,211,5:52:28,1133,495
6430004,213,5:52:28,2,s_phone_G8a3N,true
6430004,212,5:52:36,0
6430004,210,5:52:36,1213,309
6430004,211,5:52:38,910,420
6430004,213,5:52:38,2,c_nurse_a_G8a3N,true
6430004,1003,5:52:42,0
6430004,1004,5:52:44,1
6430004,1002,5:52:50,1
6430004,1003,5:52:50,0
6430004,1004,5:52:51,1
6430004,400,5:52:52,1,[]
6430004,401,5:53:4,1,[StatementsData_logId:0]
6430004,403,5:53:7,1,[StatementsData_logId:0,false]
6430004,405,5:53:8,1,[StatementsData_logId:0]
6430004,406,5:53:11,1,[StatementsData_logId:0,-2]
6430004,411,5:53:12,1,[StatementsData_logId:0]
6430004,401,5:53:14,1,[StatementsData_logId:1]
6430004,402,5:53:25,1,[StatementsData_logId:1,true]
6430004,405,5:53:26,1,[StatementsData_logId:1]
6430004,406,5:53:28,1,[StatementsData_logId:1,2]
6430004,411,5:53:29,1,[StatementsData_logId:1]
6430004,401,5:53:37,1,[StatementsData_logId:2]
6430004,402,5:53:39,1,[StatementsData_logId:2,false]
6430004,405,5:53:40,1,[StatementsData_logId:2]
6430004,406,5:53:41,1,[StatementsData_logId:2,-2]
6430004,411,5:53:42,1,[StatementsData_logId:2]
6430004,401,5:53:44,1,[StatementsData_logId:3]
6430004,404,5:53:45,1,[StatementsData_logId:3,false]
6430004,405,5:53:45,1,[StatementsData_logId:3]
6430004,406,5:53:46,1,[StatementsData_logId:3,-2]
6430004,411,5:53:47,1,[StatementsData_logId:3]
6430004,401,5:53:49,1,[StatementsData_logId:4]
6430004,404,5:53:51,1,[StatementsData_logId:4,false]
6430004,405,5:53:52,1,[StatementsData_logId:4]
6430004,406,5:53:53,1,[StatementsData_logId:4,-2]
6430004,411,5:53:54,1,[StatementsData_logId:4]
6430004,401,5:53:56,1,[StatementsData_logId:5]
6430004,403,5:53:56,1,[StatementsData_logId:5,false]
6430004,405,5:53:57,1,[StatementsData_logId:5]
6430004,406,5:53:58,1,[StatementsData_logId:5,-2]
6430004,411,5:53:59,1,[StatementsData_logId:5]
6430004,420,5:53:59,1,[20]
6430004,1001,5:54:1,1,[]
6430004,1003,5:54:1,0
6430004,1004,5:54:3,2
6430004,400,5:54:6,2,[]
6430004,401,5:54:9,2,[StatementsData_logId:0]
6430004,404,5:54:11,2,[StatementsData_logId:0,false]
6430004,405,5:54:11,2,[StatementsData_logId:0]
6430004,406,5:54:12,2,[StatementsData_logId:0,-2]
6430004,411,5:54:13,2,[StatementsData_logId:0]
6430004,401,5:54:14,2,[StatementsData_logId:1]
6430004,403,5:54:15,2,[StatementsData_logId:1,false]
6430004,405,5:54:15,2,[StatementsData_logId:1]
6430004,1002,5:54:22,2
6430004,1003,5:54:22,0
6430004,204,5:54:25,2
6430004,0,5:52:7,7/25/2013 11:55:34am
6430004,100,5:52:27,2
6430004,102,5:52:29,2
6430004,200,5:52:29,2,3,6,6,3,9
6430004,221,5:52:37,2
6430004,220,5:52:44,2
6430004,1003,5:52:44,3
6430004,1004,5:52:50,4
6430004,500,5:52:53,4,[]
6430004,501,5:53:4,4,[]
6430004,502,5:53:18,4,[IntentionData_logId:1,true]
6430004,503,5:53:19,4,[]
6430004,504,5:53:23,4,[InfluenceData_logId:7]
6430004,504,5:53:28,4,[InfluenceData_logId:8]
6430004,504,5:53:32,4,[InfluenceData_logId:6]
6430004,504,5:53:36,4,[InfluenceData_logId:7]
6430004,504,5:53:38,4,[InfluenceData_logId:4]
6430004,504,5:53:42,4,[InfluenceData_logId:5]
6430004,504,5:53:45,4,[InfluenceData_logId:3]
6430004,504,5:53:48,4,[InfluenceData_logId:4]
6430004,504,5:53:50,4,[InfluenceData_logId:0]
6430004,504,5:53:52,4,[InfluenceData_logId:2]
6430004,504,5:53:55,4,[InfluenceData_logId:1]
6430004,504,5:53:59,4,[InfluenceData_logId:0]
6430004,505,5:53:59,4,[InfluenceData_logId:0,true,InfluenceData_logId:4,true,InfluenceData_logId:7,true]
6430004,506,5:54:2,4,[]
6430004,507,5:54:13,4,[OpponentAttackData_logId:3,OpponentAttackTypeData_logId:2,false,30]
6430004,508,5:54:15,4,[]
6430004,509,5:54:21,4,[RefusalData_logId:3,2]
6430004,510,5:54:30,4,[AvailableRefusalData_logId:3,0B]
6430004,510,5:54:31,4,[AvailableRefusalData_logId:3,1B]
6430004,510,5:54:32,4,[AvailableRefusalData_logId:3,2B]
6430004,511,5:54:33,4,[AvailableRefusalData_logId:3,0B,1B,2B,false,0]
6430004,512,5:54:36,4,[]
6430004,513,5:54:36,4,[30]
6430004,514,5:54:38,4,[]
6430004,507,5:54:43,4,[OpponentAttackData_logId:0,OpponentAttackTypeData_logId:1,true,0]
6430004,508,5:54:45,4,[]
6430004,509,5:54:53,4,[RefusalData_logId:4,2]
6430004,510,5:55:0,4,[AvailableRefusalData_logId:4,0C]
6430004,510,5:55:1,4,[AvailableRefusalData_logId:4,1B]
6430004,510,5:55:5,4,[AvailableRefusalData_logId:4,2B]
6430004,511,5:55:5,4,[AvailableRefusalData_logId:4,0C,1B,2B,false,0]
6430004,512,5:55:8,4,[]
6430004,513,5:55:8,4,[30]
6430004,514,5:55:10,4,[]
6430004,507,5:55:16,4,[OpponentAttackData_logId:1,OpponentAttackTypeData_logId:4,false,30]
6430004,508,5:55:17,4,[]
6430004,509,5:55:24,4,[RefusalData_logId:6,2]
6430004,510,5:55:31,4,[AvailableRefusalData_logId:6,0A]
6430004,510,5:55:35,4,[AvailableRefusalData_logId:6,1A]
6430004,510,5:55:39,4,[AvailableRefusalData_logId:6,2A]
6430004,511,5:55:40,4,[AvailableRefusalData_logId:6,0A,1A,2A,true,50]
6430004,512,5:55:43,4,[]
6430004,513,5:55:43,4,[0]
6430004,514,5:55:45,4,[]
6430004,507,5:55:50,4,[OpponentAttackData_logId:2,OpponentAttackTypeData_logId:1,false,30]
6430004,508,5:55:52,4,[]
6430004,515,5:55:52,4,[0,50]
6430004,516,5:55:54,4,[]
6430004,517,5:56:5,4,[]
6430004,1001,5:56:7,4,[]
6430004,1003,5:56:7,3
6430004,1004,5:56:9,1
6430004,500,5:56:11,1,[]
6430004,501,5:56:20,1,[]
6430004,502,5:56:35,1,[IntentionData_logId:3,true]
6430004,503,5:56:36,1,[]
6430004,504,5:56:38,1,[InfluenceData_logId:7]
6430004,504,5:56:45,1,[InfluenceData_logId:8]
6430004,504,5:56:49,1,[InfluenceData_logId:6]
6430004,504,5:56:53,1,[InfluenceData_logId:8]
6430004,504,5:56:57,1,[InfluenceData_logId:5]
6430004,504,5:57:0,1,[InfluenceData_logId:3]
6430004,504,5:57:3,1,[InfluenceData_logId:4]
6430004,504,5:57:6,1,[InfluenceData_logId:5]
6430004,504,5:57:8,1,[InfluenceData_logId:0]
6430004,504,5:57:10,1,[InfluenceData_logId:2]
6430004,505,5:57:13,1,[InfluenceData_logId:2,false,InfluenceData_logId:5,true,InfluenceData_logId:8,true]
6430004,506,5:57:15,1,[]
6430004,507,5:57:25,1,[OpponentAttackData_logId:1,OpponentAttackTypeData_logId:3,false,30]
6430004,508,5:57:26,1,[]
6430004,509,5:57:32,1,[RefusalData_logId:5,0]
6430004,510,5:57:40,1,[AvailableRefusalData_logId:5,0B]
6430004,510,5:57:48,1,[AvailableRefusalData_logId:5,1C]
6430004,510,5:57:50,1,[AvailableRefusalData_logId:5,2B]
6430004,511,5:57:51,1,[AvailableRefusalData_logId:5,0B,1C,2B,false,0]
6430004,512,5:57:54,1,[]
6430004,513,5:57:54,1,[30]
6430004,514,5:57:57,1,[]
6430004,507,5:58:1,1,[OpponentAttackData_logId:3,OpponentAttackTypeData_logId:4,true,0]
6430004,508,5:58:3,1,[]
6430004,509,5:58:8,1,[RefusalData_logId:2,1]
6430004,510,5:58:14,1,[AvailableRefusalData_logId:2,0A]
6430004,510,5:58:17,1,[AvailableRefusalData_logId:2,1A]
6430004,510,5:58:19,1,[AvailableRefusalData_logId:2,2A]
6430004,511,5:58:20,1,[AvailableRefusalData_logId:2,0A,1A,2A,true,30]
6430004,512,5:58:25,1,[]
6430004,513,5:58:25,1,[0]
6430004,514,5:58:27,1,[]
6430004,507,5:58:35,1,[OpponentAttackData_logId:0,OpponentAttackTypeData_logId:2,true,0]
6430004,508,5:58:37,1,[]
6430004,509,5:58:41,1,[RefusalData_logId:4,2]
6430004,510,5:58:51,1,[AvailableRefusalData_logId:4,0B]
6430004,510,5:58:58,1,[AvailableRefusalData_logId:4,1B]
6430004,510,5:59:1,1,[AvailableRefusalData_logId:4,2B]
6430004,511,5:59:1,1,[AvailableRefusalData_logId:4,0B,1B,2B,false,0]
6430004,512,5:59:4,1,[]
6430004,513,5:59:4,1,[30]
6430004,514,5:59:6,1,[]
6430004,507,5:59:12,1,[OpponentAttackData_logId:2,OpponentAttackTypeData_logId:4,false,30]
6430004,508,5:59:14,1,[]
6430004,509,5:59:17,1,[RefusalData_logId:0,0]
6430004,510,5:59:21,1,[AvailableRefusalData_logId:0,0A]
6430004,510,5:59:27,1,[AvailableRefusalData_logId:0,1C]
6430004,510,5:59:34,1,[AvailableRefusalData_logId:0,2C]
6430004,511,5:59:34,1,[AvailableRefusalData_logId:0,0A,1C,2C,false,0]
6430004,512,5:59:39,1,[]
6430004,513,5:59:39,1,[30]
6430004,515,5:59:41,1,[0,70]
6430004,516,5:59:42,1,[]
6430004,517,5:59:55,1,[]
6430004,1001,5:59:56,1,[]
6430004,1003,5:59:56,3
6430004,100,6:0:2,2
6430004,102,6:0:4,2
6430004,200,6:0:4,2,3,6,6,3,9
6430004,204,6:0:7,2
6430004,100,6:0:8,4
6430004,102,6:0:9,4
6430004,200,6:0:9,4,3,6,6,3,9
6430004,219,6:0:10,4
6430004,216,6:0:10,Stack_G9a0
6430004,217,6:0:30,Stack_G9a0,17,0.00
6430004,218,6:0:31,4
6430004,210,6:0:33,1023,297
6430004,211,6:0:33,805,432
6430004,210,6:0:33,661,475
6430004,207,6:0:36,4,-200,-50
6430004,211,6:0:37,279,621
6430004,212,6:0:38,1
6430004,210,6:0:39,314,540
6430004,211,6:0:40,286,628
6430004,212,6:0:40,0
6430004,210,6:0:41,276,540
6430004,211,6:0:42,162,378
6430004,210,6:0:43,349,120
6430004,211,6:0:46,951,265
6430004,210,6:0:48,1030,257
6430004,211,6:0:49,1171,276
6430004,207,6:0:49,4,-50,-155
6430004,210,6:0:49,1207,322
6430004,207,6:0:50,4,-155,-512
6430004,211,6:0:51,1309,380
6430004,213,6:0:51,4,s_window_M_G9a0,true
6430004,210,6:0:56,1268,226
6430004,211,6:0:58,1025,569
6430004,212,6:0:59,1
6430004,210,6:1:0,1223,374
6430004,211,6:1:0,1229,398
6430004,213,6:1:0,4,s_window_M_G9a0,true
6430004,210,6:1:2,1113,363
6430004,211,6:1:5,1007,564
6430004,213,6:1:5,4,s_bathingSuit_M_G9a0,true
6430004,205,6:1:5,4,s_bathingSuit_M_G9a0,false,false
6430004,210,6:1:15,1007,371
6430004,211,6:1:16,911,347
6430004,213,6:1:16,4,s_door_M_gen,true
6430004,205,6:1:16,4,s_door_M_gen,false,false
6430004,210,6:1:21,1006,272
6430004,211,6:1:23,423,320
6430004,207,6:1:23,4,-512,-392
6430004,207,6:1:24,4,-392,-347
6430004,210,6:1:25,421,508
6430004,207,6:1:26,4,-347,0
6430004,211,6:1:31,469,442
6430004,212,6:1:32,0
6430004,210,6:1:34,671,349
6430004,211,6:1:35,715,376
6430004,212,6:1:36,2
6430004,210,6:1:36,542,233
6430004,211,6:1:41,812,442
6430004,210,6:1:41,897,158
6430004,211,6:1:42,705,359
6430004,210,6:1:42,401,409
6430004,211,6:1:44,487,493
6430004,212,6:1:44,1
6430004,210,6:1:45,355,335
6430004,211,6:1:45,395,454
6430004,212,6:1:46,0
6430004,210,6:1:47,416,305
6430004,207,6:1:55,4,0,-512
6430004,211,6:1:56,1534,426
6430004,210,6:1:56,1530,363
6430004,211,6:2:0,942,121
6430004,210,6:2:0,864,140
6430004,211,6:2:2,757,456
6430004,212,6:2:3,2
6430004,210,6:2:3,1025,162
6430004,211,6:2:4,930,242
6430004,210,6:2:4,673,369
6430004,207,6:2:7,4,-512,-317
6430004,211,6:2:8,652,510
6430004,219,6:2:8,4
6430004,216,6:2:9,Stack_G9a1N
6430004,217,6:2:19,Stack_G9a1N,8.7,0.00
6430004,218,6:2:21,4
6430004,210,6:2:24,906,218
6430004,211,6:2:25,811,347
6430004,210,6:2:27,851,130
6430004,211,6:2:28,849,204
6430004,213,6:2:28,4,s_policeCar_G9a1N,true
6430004,212,6:2:30,1
6430004,210,6:2:31,878,149
6430004,211,6:2:31,839,154
6430004,210,6:2:31,765,184
6430004,211,6:2:32,660,213
6430004,212,6:2:33,0
6430004,210,6:2:34,611,174
6430004,207,6:2:37,4,-200,0
6430004,211,6:2:39,73,524
6430004,212,6:2:40,1
6430004,210,6:2:41,247,429
6430004,211,6:2:42,264,377
6430004,213,6:2:42,4,s_kid3_G9a1N,true
6430004,205,6:2:42,4,s_kid3_G9a1N,false,false
6430004,210,6:2:49,328,307
6430004,211,6:2:54,356,361
6430004,212,6:2:55,2
6430004,210,6:2:55,396,336
6430004,211,6:2:55,374,357
6430004,210,6:2:56,367,282
6430004,211,6:3:2,625,330
6430004,213,6:3:2,4,s_kid4_G9a1N,true
6430004,210,6:3:6,1046,317
6430004,207,6:3:6,4,0,-90
6430004,211,6:3:7,951,435
6430004,212,6:3:8,1
6430004,210,6:3:9,922,405
6430004,211,6:3:11,1787,365
6430004,207,6:3:11,4,-90,-780
6430004,207,6:3:12,4,-780,-840
6430004,210,6:3:12,1749,356
6430004,211,6:3:13,1580,175
6430004,213,6:3:13,4,s_potSmokeCloud_G9a1N,true
6430004,212,6:3:18,2
6430004,210,6:3:19,1411,386
6430004,207,6:3:20,4,-840,-1031.4
6430004,207,6:3:21,4,-1031.4,-1031.4
6430004,211,6:3:21,2028,276
6430004,213,6:3:21,4,s_poolNight_ruleSign_G9a1N,true
6430004,212,6:3:27,0
6430004,210,6:3:27,1887,307
6430004,207,6:3:30,4,-1031.4,-851.4
6430004,211,6:3:31,1132,374
6430004,213,6:3:31,4,c_cousinsBrothersFriend_a_G9a1N,true
6430004,210,6:3:36,1301,209
6430004,207,6:3:39,4,-851.4,-416.4
6430004,211,6:3:43,648,190
6430004,213,6:3:43,4,s_fence_G9a1N,true
6430004,1003,6:3:46,0
6430004,204,6:3:52,4
6430004,1003,6:3:57,3
6430004,1004,6:3:58,1
6430004,500,6:4:1,1,[]
6430004,501,6:4:2,1,[]
6430004,502,6:4:9,1,[IntentionData_logId:4,false]
6430004,503,6:4:10,1,[]
6430004,1002,6:4:12,1
6430004,1003,6:4:12,3
6430004,1004,6:4:13,1
6430004,500,6:4:15,1,[]
6430004,501,6:4:16,1,[]
6430004,502,6:4:31,1,[IntentionData_logId:3,true]
6430004,503,6:4:34,1,[]
6430004,504,6:4:37,1,[InfluenceData_logId:6]
6430004,504,6:4:39,1,[InfluenceData_logId:8]
6430004,504,6:4:44,1,[InfluenceData_logId:5]
6430004,504,6:4:46,1,[InfluenceData_logId:2]
6430004,505,6:4:47,1,[InfluenceData_logId:2,false,InfluenceData_logId:5,true,InfluenceData_logId:8,true]
6430004,506,6:4:49,1,[]
6430004,1002,6:4:52,1
6430004,1003,6:4:52,3
6430004,1004,6:4:53,1
6430004,500,6:4:55,1,[]
6430004,501,6:4:56,1,[]
6430004,502,6:4:59,1,[IntentionData_logId:3,true]
6430004,503,6:5:0,1,[]
6430004,504,6:5:4,1,[InfluenceData_logId:6]
6430004,504,6:5:5,1,[InfluenceData_logId:5]
6430004,504,6:5:6,1,[InfluenceData_logId:2]
6430004,504,6:5:10,1,[InfluenceData_logId:1]
6430004,505,6:5:11,1,[InfluenceData_logId:1,true,InfluenceData_logId:5,true,InfluenceData_logId:6,true]
6430004,506,6:5:12,1,[]
6430004,507,6:5:19,1,[OpponentAttackData_logId:3,OpponentAttackTypeData_logId:1,false,30]
6430004,508,6:5:21,1,[]
6430004,509,6:5:28,1,[RefusalData_logId:7,2]
6430004,510,6:5:43,1,[AvailableRefusalData_logId:7,0B]
6430004,510,6:5:50,1,[AvailableRefusalData_logId:7,1B]
6430004,510,6:5:53,1,[AvailableRefusalData_logId:7,2A]
6430004,511,6:5:54,1,[AvailableRefusalData_logId:7,0B,1B,2A,false,0]
6430004,512,6:5:56,1,[]
6430004,513,6:5:56,1,[30]
6430004,514,6:5:59,1,[]
6430004,507,6:6:4,1,[OpponentAttackData_logId:2,OpponentAttackTypeData_logId:1,false,30]
6430004,508,6:6:6,1,[]
6430004,509,6:6:9,1,[RefusalData_logId:5,0]
6430004,510,6:6:16,1,[AvailableRefusalData_logId:5,0B]
6430004,510,6:6:18,1,[AvailableRefusalData_logId:5,1B]
6430004,510,6:6:20,1,[AvailableRefusalData_logId:5,2B]
6430004,511,6:6:20,1,[AvailableRefusalData_logId:5,0B,1B,2B,false,0]
6430004,512,6:6:23,1,[]
6430004,513,6:6:23,1,[30]
6430004,514,6:6:27,1,[]
6430004,507,6:6:32,1,[OpponentAttackData_logId:0,OpponentAttackTypeData_logId:2,true,0]
6430004,508,6:6:37,1,[]
6430004,509,6:6:41,1,[RefusalData_logId:0,0]
6430004,510,6:6:43,1,[AvailableRefusalData_logId:0,0A]
6430004,510,6:6:47,1,[AvailableRefusalData_logId:0,1C]
6430004,510,6:6:49,1,[AvailableRefusalData_logId:0,2B]
6430004,510,6:6:49,1,[AvailableRefusalData_logId:0,2A]
6430004,511,6:6:50,1,[AvailableRefusalData_logId:0,0A,1C,2A,false,0]
6430004,512,6:6:52,1,[]
6430004,513,6:6:52,1,[30]
6430004,515,6:6:54,1,[0,100]
6430004,516,6:6:56,1,[]
6430004,517,6:6:58,1,[]
6430004,1001,6:6:58,1,[]
6430004,1003,6:6:58,3
6430004,1003,6:7:3,2
6430004,1004,6:7:5,2
6430004,900,6:7:7,2,[]
6430004,901,6:7:8,2,[PeopleData_id:4]
6430004,902,6:7:10,2,[PeopleData_id:4,PeopleData_data2Type]
6430004,902,6:7:14,2,[PeopleData_id:4,PeopleData_data1Type]
6430004,902,6:7:20,2,[PeopleData_id:4,PeopleData_data0Type]
6430004,903,6:7:24,2,[PeopleData_id4,PeopleData_data0Type]
6430004,902,6:7:26,2,[PeopleData_id:4,PeopleData_data2Type]
6430004,902,6:7:29,2,[PeopleData_id:4,PeopleData_data1Type]
6430004,902,6:7:37,2,[PeopleData_id:4,PeopleData_data0Type]
6430004,903,6:7:38,2,[PeopleData_id4,PeopleData_data0Type]
6430004,901,6:7:39,2,[PeopleData_id:4]
6430004,904,6:7:39,2,[PeopleData_id:4]
6430004,905,6:7:42,2,[PeopleData_id:4,RankTypes_id:-1,RankTypes_id:2]
6430004,901,6:7:43,2,[PeopleData_id:2]
6430004,902,6:7:44,2,[PeopleData_id:2,PeopleData_data3Type]
6430004,902,6:7:49,2,[PeopleData_id:2,PeopleData_data2Type]
6430004,902,6:7:53,2,[PeopleData_id:2,PeopleData_data1Type]
6430004,902,6:7:58,2,[PeopleData_id:2,PeopleData_data0Type]
6430004,903,6:8:2,2,[PeopleData_id2,PeopleData_data0Type]
6430004,902,6:8:4,2,[PeopleData_id:2,PeopleData_data0Type]
6430004,903,6:8:6,2,[PeopleData_id2,PeopleData_data0Type]
6430004,901,6:8:7,2,[PeopleData_id:2]
6430004,904,6:8:7,2,[PeopleData_id:2]
6430004,905,6:8:10,2,[PeopleData_id:2,RankTypes_id:-1,RankTypes_id:1]
6430004,901,6:8:11,2,[PeopleData_id:4]
6430004,904,6:8:11,2,[PeopleData_id:4]
6430004,905,6:8:15,2,[PeopleData_id:4,RankTypes_id:2,RankTypes_id:2]
6430004,901,6:8:16,2,[PeopleData_id:6]
6430004,902,6:8:18,2,[PeopleData_id:6,PeopleData_data2Type]
6430004,902,6:8:25,2,[PeopleData_id:6,PeopleData_data1Type]
6430004,902,6:8:30,2,[PeopleData_id:6,PeopleData_data0Type]
6430004,903,6:8:33,2,[PeopleData_id6,PeopleData_data0Type]
6430004,901,6:8:34,2,[PeopleData_id:6]
6430004,904,6:8:34,2,[PeopleData_id:6]
6430004,905,6:8:35,2,[PeopleData_id:6,RankTypes_id:-1,RankTypes_id:0]
6430004,901,6:8:37,2,[PeopleData_id:1]
6430004,902,6:8:38,2,[PeopleData_id:1,PeopleData_data2Type]
6430004,902,6:8:48,2,[PeopleData_id:1,PeopleData_data1Type]
6430004,902,6:8:54,2,[PeopleData_id:1,PeopleData_data0Type]
6430004,902,6:8:56,2,[PeopleData_id:1,PeopleData_data2Type]
6430004,902,6:8:58,2,[PeopleData_id:1,PeopleData_data1Type]
6430004,902,6:9:3,2,[PeopleData_id:1,PeopleData_data0Type]
6430004,903,6:9:5,2,[PeopleData_id1,PeopleData_data0Type]
6430004,901,6:9:7,2,[PeopleData_id:1]
6430004,904,6:9:7,2,[PeopleData_id:1]
6430004,905,6:9:8,2,[PeopleData_id:1,RankTypes_id:-1,RankTypes_id:2]
6430004,901,6:9:9,2,[PeopleData_id:0]
6430004,902,6:9:10,2,[PeopleData_id:0,PeopleData_data3Type]
6430004,902,6:9:18,2,[PeopleData_id:0,PeopleData_data2Type]
6430004,902,6:9:28,2,[PeopleData_id:0,PeopleData_data1Type]
6430004,902,6:9:34,2,[PeopleData_id:0,PeopleData_data0Type]
6430004,903,6:9:35,2,[PeopleData_id0,PeopleData_data0Type]
6430004,901,6:9:36,2,[PeopleData_id:0]
6430004,904,6:9:36,2,[PeopleData_id:0]
6430004,905,6:9:37,2,[PeopleData_id:0,RankTypes_id:-1,RankTypes_id:3]
6430004,901,6:9:37,2,[PeopleData_id:3]
6430004,902,6:9:38,2,[PeopleData_id:3,PeopleData_data3Type]
6430004,902,6:9:44,2,[PeopleData_id:3,PeopleData_data2Type]
6430004,902,6:9:49,2,[PeopleData_id:3,PeopleData_data1Type]
6430004,902,6:9:56,2,[PeopleData_id:3,PeopleData_data0Type]
6430004,903,6:10:1,2,[PeopleData_id3,PeopleData_data0Type]
6430004,901,6:10:2,2,[PeopleData_id:3]
6430004,904,6:10:2,2,[PeopleData_id:3]
6430004,905,6:10:3,2,[PeopleData_id:3,RankTypes_id:-1,RankTypes_id:3]
6430004,901,6:10:3,2,[PeopleData_id:5]
6430004,902,6:10:4,2,[PeopleData_id:5,PeopleData_data3Type]
6430004,902,6:10:7,2,[PeopleData_id:5,PeopleData_data2Type]
6430004,902,6:10:10,2,[PeopleData_id:5,PeopleData_data1Type]
6430004,902,6:10:12,2,[PeopleData_id:5,PeopleData_data0Type]
6430004,903,6:10:15,2,[PeopleData_id5,PeopleData_data0Type]
6430004,901,6:10:16,2,[PeopleData_id:5]
6430004,904,6:10:16,2,[PeopleData_id:5]
6430004,905,6:10:17,2,[PeopleData_id:5,RankTypes_id:-1,RankTypes_id:0]
6430004,906,6:10:17,2,[]
6430004,907,6:10:18,2,[]
6430004,908,6:10:18,2,[InvitationData_id:10,PeopleData_id:0,RankTypes_id:3]
6430004,909,6:10:22,2,[InvitationData_id:10,PeopleData_id:0,RankTypes_id:3,0]
6430004,910,6:10:23,2,[InvitationData_id:10,-7,false]
6430004,908,6:10:23,2,[InvitationData_id:1,PeopleData_id:1,RankTypes_id:2]
6430004,909,6:10:27,2,[InvitationData_id:1,PeopleData_id:1,RankTypes_id:2,0]
6430004,910,6:10:29,2,[InvitationData_id:1,-2,false]
6430004,908,6:10:29,2,[InvitationData_id:3,PeopleData_id:0,RankTypes_id:3]
6430004,909,6:10:32,2,[InvitationData_id:3,PeopleData_id:0,RankTypes_id:3,1]
6430004,910,6:10:33,2,[InvitationData_id:3,7,false]
6430004,908,6:10:33,2,[InvitationData_id:9,PeopleData_id:0,RankTypes_id:3]
6430004,909,6:10:37,2,[InvitationData_id:9,PeopleData_id:0,RankTypes_id:3,1]
6430004,910,6:10:38,2,[InvitationData_id:9,7,false]
6430004,908,6:10:38,2,[InvitationData_id:8,PeopleData_id:2,RankTypes_id:1]
6430004,909,6:10:43,2,[InvitationData_id:8,PeopleData_id:2,RankTypes_id:1,0]
6430004,910,6:10:44,2,[InvitationData_id:8,0,false]
6430004,908,6:10:44,2,[InvitationData_id:5,PeopleData_id:4,RankTypes_id:2]
6430004,909,6:10:49,2,[InvitationData_id:5,PeopleData_id:4,RankTypes_id:2,1]
6430004,910,6:10:50,2,[InvitationData_id:5,5,false]
6430004,908,6:10:50,2,[InvitationData_id:0,PeopleData_id:3,RankTypes_id:3]
6430004,909,6:10:54,2,[InvitationData_id:0,PeopleData_id:3,RankTypes_id:3,0]
6430004,910,6:10:55,2,[InvitationData_id:0,-7,false]
6430004,908,6:10:55,2,[InvitationData_id:2,PeopleData_id:3,RankTypes_id:3]
6430004,909,6:10:59,2,[InvitationData_id:2,PeopleData_id:3,RankTypes_id:3,1]
6430004,910,6:11:0,2,[InvitationData_id:2,7,false]
6430004,908,6:11:0,2,[InvitationData_id:7,PeopleData_id:1,RankTypes_id:2]
6430004,909,6:11:9,2,[InvitationData_id:7,PeopleData_id:1,RankTypes_id:2,0]
6430004,910,6:11:9,2,[InvitationData_id:7,-2,false]
6430004,908,6:11:9,2,[InvitationData_id:4,PeopleData_id:3,RankTypes_id:3]
6430004,909,6:11:16,2,[InvitationData_id:4,PeopleData_id:3,RankTypes_id:3,0]
6430004,910,6:11:17,2,[InvitationData_id:4,-7,false]
6430004,911,6:11:19,2,[1,0,2,0]
6430004,1005,6:11:19,2,[2,0,1]
6430004,1001,6:11:20,2,[]
6430004,1003,6:11:20,2
6430004,103,6:11:27
6430004,105,6:11:28
6430004,703,6:11:30,[|| EpilogueItem ID: 0 unlocked: true ||,|| EpilogueItem ID: 1 unlocked: true ||,|| EpilogueItem ID: 2 unlocked: false ||,|| EpilogueItem ID: 3 unlocked: false ||,|| EpilogueItem ID: 4 unlocked: false ||,|| EpilogueItem ID: 5 unlocked: false ||,|| EpilogueItem ID: 6 unlocked: false ||,|| EpilogueItem ID: 7 unlocked: false ||,|| EpilogueItem ID: 8 unlocked: false ||,|| EpilogueItem ID: 9 unlocked: false ||,|| EpilogueItem ID: 10 unlocked: false ||,|| EpilogueItem ID: 11 unlocked: false ||,|| EpilogueItem ID: 12 unlocked: false ||,|| EpilogueItem ID: 13 unlocked: false ||,|| EpilogueItem ID: 14 unlocked: false ||,|| EpilogueItem ID: 15 unlocked: false ||,|| EpilogueItem ID: 16 unlocked: false ||,|| EpilogueItem ID: 17 unlocked: false ||,|| EpilogueItem ID: 18 unlocked: false ||,|| EpilogueItem ID: 19 unlocked: false ||,|| EpilogueItem ID: 20 unlocked: false ||,|| EpilogueItem ID: 21 unlocked: false ||,|| EpilogueItem ID: 22 unlocked: false ||,|| EpilogueItem ID: 23 unlocked: false ||,|| EpilogueItem ID: 24 unlocked: false ||],0.08
6430004,706,6:11:35,(x=100, y=-100, w=1024, h=768),(x=718, y=-100, w=1024, h=768)
6430004,706,6:11:38,(x=919, y=-100, w=1024, h=768),(x=1053, y=-100, w=1024, h=768)
6430004,706,6:11:42,(x=1214, y=-100, w=1024, h=768),(x=2531, y=-100, w=1024, h=768)
6430004,707,6:11:42,3,4
6430004,706,6:11:42,(x=1214, y=-100, w=1024, h=768),(x=2531, y=-100, w=1024, h=768)
6430004,707,6:11:44,4,3
6430004,706,6:11:44,(x=2527, y=-100, w=1024, h=768),(x=2512, y=-100, w=1024, h=768)
6430004,708,6:11:45
6430004,1,6:11:45,7/25/2013 12:15:11pm,{"gameTime":22305154,"challengeStacks":[{"challengeScenes":[{"miniGameCards":[],"viewedAnimatic":true,"keyPoints":["c_bestFriend_M_a_G7a0","c_teacherEng_G7a0","s_flag_gen"],"unlocked":true,"touchableObjects":["c_crewKid1_M_G7a0","s_otherStudent1_G7a0","s_doorClassroom_G7a0","s_vocabAssignment_G7a0","c_friend1_M_a_G7a0","s_clock_G7a0","s_angelouPoster_gen","s_shakespearePoster_gen","s_poePoster_gen","s_atwoodPoster_gen","c_bestFriend_M_a_G7a0","c_teacherEng_G7a0","s_flag_gen"]},{"miniGameCards":[],"viewedAnimatic":true,"keyPoints":["s_paperPlayers_G7a1N","c_teacherEng_G7a1N","c_bestFriend_M_a_G7a1N"],"unlocked":true,"touchableObjects":["c_crewKid1_M_G7a1N","s_otherStudent1_G7a1N","s_otherStudent2_G7a1N","s_flag_gen","s_posterPlagiarism_gen","s_poePoster_gen","s_atwoodPoster_gen","s_paperPlayers_G7a1N","c_teacherEng_G7a1N","c_bestFriend_M_a_G7a1N"]},{"miniGameCards":[],"viewedAnimatic":true,"keyPoints":["s_flag_gen","s_paperEnglish_gen","c_bestFriend_M_a_G7a1P","c_teacherEng_G7a1P"],"unlocked":true,"touchableObjects":["s_flag_gen","s_clock_G7a1P","s_paperEnglish_gen","s_paperPlayers_G7a1P","c_bestFriend_M_a_G7a1P","c_teacherEng_G7a1P"]}],"stackSize":3,"resolved":true},{"challengeScenes":[{"miniGameCards":[],"viewedAnimatic":true,"keyPoints":["c_kidSister_lati_a_G7b0","c_crewKid1_M_G7b0","s_backpack_M_G7b0"],"unlocked":true,"touchableObjects":["c_crewKid2_M_G7b0","c_cousin_M_a_G7b0","c_kidSister_lati_a_G7b0","c_cousinsBrother_a_G7b0","s_snackBarWorker_G7b0","s_lifeguard_G7b0","c_crewKid1_M_G7b0","c_cousinsBrothersFriendsGF_G7b0","c_cousinsBrothersFriend_a_G7b0","s_backpack_M_G7b0"]},{"miniGameCards":[],"viewedAnimatic":true,"keyPoints":["c_kidSister_lati_a_G7b1N","s_brokenCarWindow_G7b1N","s_graffiti_G7b1N","s_sprayPaintCan_G7b1N","c_crewKid1_M_G7b1N"],"unlocked":true,"touchableObjects":["s_wreckedPlants_G7b1N","c_kidSister_lati_a_G7b1N","s_brokenCarWindow_G7b1N","s_graffiti_G7b1N","c_policeOfficer_G7b1N","s_cat_G7b1N","c_teacherEng_G7b1N","c_cousin_M_a_G7b1N","s_sprayPaintCan_G7b1N","c_crewKid2_M_a_G7b1N","c_crewKid1_M_G7b1N"]},{"miniGameCards":[],"viewedAnimatic":true,"keyPoints":["c_cousin_M_a_G7b1P","c_cousinsBrother_a_G7b1P","s_poolDay_ruleSign_G7b1P","c_cousinsBrothersFriend_a_G7b1P"],"unlocked":true,"touchableObjects":["c_cousin_M_a_G7b1P","c_cousinsBrother_a_G7b1P","c_crush1_M_a_G7b1P","s_poolDay_ruleSign_G7b1P","c_kidSister_lati_a_G7b1P","c_cousinsBrothersFriend_a_G7b1P"]},{"miniGameCards":[],"viewedAnimatic":true,"keyPoints":["c_crush1_M_a_G7b2N","s_kid1_G7b2N","c_cousin_M_a_G7b2N","c_kidSister_lati_a_G7b2N"],"unlocked":true,"touchableObjects":["c_crush1_M_a_G7b2N","c_cousinsBrothersFriend_a_G7b2N","s_kid1_G7b2N","c_cousin_M_a_G7b2N","c_kidSister_lati_a_G7b2N"]},{"miniGameCards":[],"viewedAnimatic":true,"keyPoints":["c_kidSister_lati_a_G7b2P","c_cousin_M_a_G7b2P","s_computer_M_G7b2P"],"unlocked":true,"touchableObjects":["c_kidSister_lati_a_G7b2P","c_grandma_lati_a_G7b2P","c_cousin_M_a_G7b2P","s_closet_M_G7b2P","s_computer_M_G7b2P"]}],"stackSize":5,"resolved":true},{"challengeScenes":[{"miniGameCards":[],"viewedAnimatic":true,"keyPoints":["s_cellphone_G8a0","s_clock_G8a0","c_crush2_M_a_G8a0","c_cousin_M_a_G8a0"],"unlocked":true,"touchableObjects":["c_friend1_M_G8a0","c_crewKid1_M_a_G8a0","s_cellphone_G8a0","s_clock_G8a0","c_crush2_M_a_G8a0","s_cigaretteKid1_G8a0","s_stairs_G8a0","c_cousin_M_a_G8a0","s_beerCooler_G8a0","s_beerSixpack_G8a0"]},{"miniGameCards":[],"viewedAnimatic":true,"keyPoints":["s_basementDoor_gen","s_dirtyClothes_gen","s_crush2Lips_M_G8a1N"],"unlocked":true,"touchableObjects":["c_crush2_M_a_G8a1N","s_basementDoor_gen","s_dirtyClothes_gen","s_waterHeater_gen","s_crush2Lips_M_G8a1N","s_dryer_G8a1N","s_stairs_G8a1N"]},{"miniGameCards":[],"viewedAnimatic":false,"keyPoints":[],"unlocked":false,"touchableObjects":[]},{"miniGameCards":[],"viewedAnimatic":false,"keyPoints":[],"unlocked":false,"touchableObjects":[]},{"miniGameCards":[],"viewedAnimatic":false,"keyPoints":[],"unlocked":false,"touchableObjects":[]},{"miniGameCards":[],"viewedAnimatic":true,"keyPoints":["s_mirror_lati_M_a_G8a3N"],"unlocked":true,"touchableObjects":["s_mirror_lati_M_a_G8a3N"]},{"miniGameCards":[],"viewedAnimatic":false,"keyPoints":[],"unlocked":false,"touchableObjects":[]}],"stackSize":7,"resolved":false},{"challengeScenes":[{"miniGameCards":[],"viewedAnimatic":false,"keyPoints":[],"unlocked":false,"touchableObjects":[]},{"miniGameCards":[],"viewedAnimatic":false,"keyPoints":[],"unlocked":false,"touchableObjects":[]},{"miniGameCards":[],"viewedAnimatic":false,"keyPoints":[],"unlocked":false,"touchableObjects":[]},{"miniGameCards":[],"viewedAnimatic":false,"keyPoints":[],"unlocked":false,"touchableObjects":[]},{"miniGameCards":[],"viewedAnimatic":false,"keyPoints":[],"unlocked":false,"touchableObjects":[]}],"stackSize":5,"resolved":false},{"challengeScenes":[{"miniGameCards":[],"viewedAnimatic":true,"keyPoints":["s_bathingSuit_M_G9a0","s_door_M_gen"],"unlocked":true,"touchableObjects":["s_window_M_G9a0","s_bathingSuit_M_G9a0","s_door_M_gen"]},{"miniGameCards":[],"viewedAnimatic":true,"keyPoints":["s_kid3_G9a1N"],"unlocked":true,"touchableObjects":["s_policeCar_G9a1N","s_kid3_G9a1N","s_kid4_G9a1N","s_potSmokeCloud_G9a1N","s_poolNight_ruleSign_G9a1N","c_cousinsBrothersFriend_a_G9a1N"]},{"miniGameCards":[],"viewedAnimatic":false,"keyPoints":[],"unlocked":false,"touchableObjects":[]},{"miniGameCards":[],"viewedAnimatic":false,"keyPoints":[],"unlocked":false,"touchableObjects":[]},{"miniGameCards":[],"viewedAnimatic":false,"keyPoints":[],"unlocked":false,"touchableObjects":[]}],"stackSize":5,"resolved":false},{"challengeScenes":[{"miniGameCards":[],"viewedAnimatic":false,"keyPoints":[],"unlocked":false,"touchableObjects":[]},{"miniGameCards":[],"viewedAnimatic":false,"keyPoints":[],"unlocked":false,"touchableObjects":[]},{"miniGameCards":[],"viewedAnimatic":false,"keyPoints":[],"unlocked":false,"touchableObjects":[]},{"miniGameCards":[],"viewedAnimatic":false,"keyPoints":[],"unlocked":false,"touchableObjects":[]},{"miniGameCards":[],"viewedAnimatic":false,"keyPoints":[],"unlocked":false,"touchableObjects":[]}],"stackSize":5,"resolved":false},{"challengeScenes":[{"miniGameCards":[],"viewedAnimatic":false,"keyPoints":[],"unlocked":false,"touchableObjects":[]},{"miniGameCards":[],"viewedAnimatic":false,"keyPoints":[],"unlocked":false,"touchableObjects":[]},{"miniGameCards":[],"viewedAnimatic":false,"keyPoints":[],"unlocked":false,"touchableObjects":[]},{"miniGameCards":[],"viewedAnimatic":false,"keyPoints":[],"unlocked":false,"touchableObjects":[]},{"miniGameCards":[],"viewedAnimatic":false,"keyPoints":[],"unlocked":false,"touchableObjects":[]}],"stackSize":5,"resolved":false},{"challengeScenes":[{"miniGameCards":[],"viewedAnimatic":false,"keyPoints":[],"unlocked":false,"touchableObjects":[]},{"miniGameCards":[],"viewedAnimatic":false,"keyPoints":[],"unlocked":false,"touchableObjects":[]},{"miniGameCards":[],"viewedAnimatic":false,"keyPoints":[],"unlocked":false,"touchableObjects":[]},{"miniGameCards":[],"viewedAnimatic":false,"keyPoints":[],"unlocked":false,"touchableObjects":[]},{"miniGameCards":[],"viewedAnimatic":false,"keyPoints":[],"unlocked":false,"touchableObjects":[]}],"stackSize":5,"resolved":false},{"challengeScenes":[{"miniGameCards":[],"viewedAnimatic":false,"keyPoints":[],"unlocked":false,"touchableObjects":[]},{"miniGameCards":[],"viewedAnimatic":false,"keyPoints":[],"unlocked":false,"touchableObjects":[]},{"miniGameCards":[],"viewedAnimatic":false,"keyPoints":[],"unlocked":false,"touchableObjects":[]},{"miniGameCards":[],"viewedAnimatic":false,"keyPoints":[],"unlocked":false,"touchableObjects":[]},{"miniGameCards":[],"viewedAnimatic":false,"keyPoints":[],"unlocked":false,"touchableObjects":[]}],"stackSize":5,"resolved":false},{"challengeScenes":[{"miniGameCards":[],"viewedAnimatic":false,"keyPoints":[],"unlocked":false,"touchableObjects":[]},{"miniGameCards":[],"viewedAnimatic":false,"keyPoints":[],"unlocked":false,"touchableObjects":[]},{"miniGameCards":[],"viewedAnimatic":false,"keyPoints":[],"unlocked":false,"touchableObjects":[]},{"miniGameCards":[],"viewedAnimatic":false,"keyPoints":[],"unlocked":false,"touchableObjects":[]},{"miniGameCards":[],"viewedAnimatic":false,"keyPoints":[],"unlocked":false,"touchableObjects":[]}],"stackSize":5,"resolved":false},{"challengeScenes":[{"miniGameCards":[],"viewedAnimatic":false,"keyPoints":[],"unlocked":false,"touchableObjects":[]},{"miniGameCards":[],"viewedAnimatic":false,"keyPoints":[],"unlocked":false,"touchableObjects":[]},{"miniGameCards":[],"viewedAnimatic":false,"keyPoints":[],"unlocked":false,"touchableObjects":[]},{"miniGameCards":[],"viewedAnimatic":false,"keyPoints":[],"unlocked":false,"touchableObjects":[]},{"miniGameCards":[],"viewedAnimatic":false,"keyPoints":[],"unlocked":false,"touchableObjects":[]}],"stackSize":5,"resolved":false},{"challengeScenes":[{"miniGameCards":[],"viewedAnimatic":false,"keyPoints":[],"unlocked":false,"touchableObjects":[]},{"miniGameCards":[],"viewedAnimatic":false,"keyPoints":[],"unlocked":false,"touchableObjects":[]},{"miniGameCards":[],"viewedAnimatic":false,"keyPoints":[],"unlocked":false,"touchableObjects":[]},{"miniGameCards":[],"viewedAnimatic":false,"keyPoints":[],"unlocked":false,"touchableObjects":[]},{"miniGameCards":[],"viewedAnimatic":false,"keyPoints":[],"unlocked":false,"touchableObjects":[]}],"stackSize":5,"resolved":false},{"challengeScenes":[{"miniGameCards":[],"viewedAnimatic":false,"keyPoints":[],"unlocked":true,"touchableObjects":["c_player_lati_M_a_G0a0","c_family_lati_a_G0a0"]},{"miniGameCards":[],"viewedAnimatic":false,"keyPoints":["c_job_G0a1N","c_family_lati_a_G0a1N","c_home_G0a1N"],"unlocked":true,"touchableObjects":["c_player_lati_M_a_G0a1N","c_job_G0a1N","c_family_lati_a_G0a1N","c_home_G0a1N"]},{"miniGameCards":[],"viewedAnimatic":false,"keyPoints":["c_kidsister_lati_a_G0a1P","c_grandma_lati_a_G0a1P","c_Teacher_G0a1P","c_Nurse_G0a1P","c_dad_lati_a_G0a1P","c_mom_lati_a_G0a1P"],"unlocked":true,"touchableObjects":["c_cousins_M_a_G0a1P","c_friends_G0a1P","c_kidsister_lati_a_G0a1P","c_grandma_lati_a_G0a1P","c_Teacher_G0a1P","c_Nurse_G0a1P","c_dad_lati_a_G0a1P","c_mom_lati_a_G0a1P"]}],"stackSize":3,"resolved":true}],"sessionId":8,"epilogue":{"rating":3},"playerId":6430004,"session":[{"sceneId":"1P","stackId":12},{"sceneId":"1P","stackId":0},{"sceneId":"1P","stackId":1},{"sceneId":"1N","stackId":1},{"sceneId":"2P","stackId":1}],"minigames":[{"levelSaveData":[{"starRating":3,"unlocked":true},{"starRating":0,"unlocked":true},{"starRating":0,"unlocked":true},{"starRating":0,"unlocked":false},{"starRating":0,"unlocked":false},{"starRating":0,"unlocked":false},{"starRating":0,"unlocked":false},{"starRating":0,"unlocked":false},{"starRating":0,"unlocked":false},{"starRating":0,"unlocked":false}],"skillPoints":3},{"levelSaveData":[{"starRating":3,"unlocked":true},{"starRating":0,"unlocked":true},{"starRating":0,"unlocked":true},{"starRating":0,"unlocked":false},{"starRating":3,"unlocked":true},{"starRating":0,"unlocked":false},{"starRating":0,"unlocked":false},{"starRating":0,"unlocked":false},{"starRating":0,"unlocked":false},{"starRating":0,"unlocked":false}],"skillPoints":6},{"levelSaveData":[{"starRating":3,"unlocked":true},{"starRating":3,"unlocked":true},{"starRating":1,"unlocked":true},{"starRating":0,"unlocked":false},{"starRating":0,"unlocked":false},{"starRating":0,"unlocked":false},{"starRating":0,"unlocked":false},{"starRating":0,"unlocked":false},{"starRating":0,"unlocked":true},{"starRating":0,"unlocked":false}],"skillPoints":7},{"levelSaveData":[{"starRating":3,"unlocked":true},{"starRating":0,"unlocked":true},{"starRating":0,"unlocked":false},{"starRating":0,"unlocked":false},{"starRating":0,"unlocked":true},{"starRating":0,"unlocked":false},{"starRating":0,"unlocked":false},{"starRating":0,"unlocked":false},{"starRating":0,"unlocked":false},{"starRating":0,"unlocked":false}],"skillPoints":3},{"age":11,"name":"bob","gender":0,"levelSaveData":[{"starRating":3,"unlocked":true},{"starRating":3,"chunks":[["1"],["0","1"],["15","7","6"],["3"]],"unlocked":true},{"starRating":3,"chunks":[["0"],["7","9"],["4","5"]],"unlocked":true},{"starRating":0,"chunks":[[null],[null],[null],[null],[null,null],[null]],"unlocked":true},{"starRating":0,"chunks":[[null],[null],[null,null],[null],[null],[null]],"unlocked":false},{"starRating":0,"chunks":[[null],[null,null,null,null],[null],[null]],"unlocked":false},{"starRating":0,"chunks":[[null],[null],[null,null],[null,null],[null]],"unlocked":false},{"starRating":0,"chunks":[[null,null,null],[null,null,null],[null],[null],[null]],"unlocked":false},{"starRating":0,"chunks":[[null,null,null],[null,null,null],[null,null]],"unlocked":false},{"starRating":0,"chunks":[[null],[null],[null],[null],[null],[null]],"unlocked":false}],"visualAvatar":0,"id":2,"skillPoints":9}],"avatar":{"age":11,"name":"bob","gender":0,"levelSaveData":[{"starRating":3,"unlocked":true},{"starRating":3,"chunks":[["1"],["0","1"],["15","7","6"],["3"]],"unlocked":true},{"starRating":3,"chunks":[["0"],["7","9"],["4","5"]],"unlocked":true},{"starRating":0,"chunks":[[null],[null],[null],[null],[null,null],[null]],"unlocked":true},{"starRating":0,"chunks":[[null],[null],[null,null],[null],[null],[null]],"unlocked":false},{"starRating":0,"chunks":[[null],[null,null,null,null],[null],[null]],"unlocked":false},{"starRating":0,"chunks":[[null],[null],[null,null],[null,null],[null]],"unlocked":false},{"starRating":0,"chunks":[[null,null,null],[null,null,null],[null],[null],[null]],"unlocked":false},{"starRating":0,"chunks":[[null,null,null],[null,null,null],[null,null]],"unlocked":false},{"starRating":0,"chunks":[[null],[null],[null],[null],[null],[null]],"unlocked":false}],"visualAvatar":0,"id":2,"skillPoints":9}}
