6486004,0,2:9:59,4/24/2013 3:02:52pm
6486004,100,2:10:2,2
6486004,102,2:10:4,2
6486004,200,2:10:4,2,3,6,6,2,9
6486004,210,2:10:7,509,358
6486004,211,2:10:11,514,531
6486004,213,2:10:11,2,c_crush2_F_a_G8a0,true
6486004,205,2:10:11,2,c_crush2_F_a_G8a0,false,true
6486004,210,2:10:20,699,495
6486004,211,2:10:21,738,534
6486004,213,2:10:21,2,s_crush2Lips_F_G8a1N,true
6486004,205,2:10:21,2,s_crush2Lips_F_G8a1N,false,true
6486004,210,2:10:26,682,448
6486004,211,2:10:28,716,520
6486004,213,2:10:28,2,s_crush2Sore_F_G8a1N,true
6486004,205,2:10:28,2,s_crush2Sore_F_G8a1N,false,false
6486004,210,2:10:33,630,565
6486004,207,2:10:42,2,-200,-365
6486004,211,2:10:42,1311,504
6486004,207,2:10:42,2,-365,-365
6486004,210,2:10:43,1444,510
6486004,207,2:10:43,2,-365,-492
6486004,211,2:10:46,1209,218
6486004,219,2:10:50,2
6486004,216,2:10:51,Stack_G8a3N
6486004,217,2:10:59,Stack_G8a3N,5.8,0.00
6486004,218,2:11:1,2
6486004,210,2:11:3,397,403
6486004,211,2:11:4,377,462
6486004,213,2:11:4,2,c_nurse_a_G8a3N,true
6486004,1003,2:11:11,0
6486004,1004,2:11:13,1
6486004,400,2:11:15,1,[]
6486004,401,2:11:23,1,[StatementsData_logId:0]
6486004,402,2:11:24,1,[StatementsData_logId:0,true]
6486004,405,2:11:24,1,[StatementsData_logId:0]
6486004,406,2:11:29,1,[StatementsData_logId:0,2]
6486004,411,2:11:31,1,[StatementsData_logId:0]
6486004,401,2:11:37,1,[StatementsData_logId:1]
6486004,404,2:11:39,1,[StatementsData_logId:1,false]
6486004,405,2:11:40,1,[StatementsData_logId:1]
6486004,406,2:11:46,1,[StatementsData_logId:1,-2]
6486004,411,2:11:47,1,[StatementsData_logId:1]
6486004,401,2:11:55,1,[StatementsData_logId:2]
6486004,404,2:11:56,1,[StatementsData_logId:2,false]
6486004,405,2:11:56,1,[StatementsData_logId:2]
6486004,406,2:11:56,1,[StatementsData_logId:2,-2]
6486004,411,2:11:58,1,[StatementsData_logId:2]
6486004,1002,2:12:0,1
6486004,1003,2:12:0,0
6486004,1004,2:12:1,1
6486004,400,2:12:3,1,[]
6486004,401,2:12:4,1,[StatementsData_logId:0]
6486004,402,2:12:5,1,[StatementsData_logId:0,true]
6486004,405,2:12:5,1,[StatementsData_logId:0]
6486004,406,2:12:6,1,[StatementsData_logId:0,2]
6486004,411,2:12:7,1,[StatementsData_logId:0]
6486004,401,2:12:8,1,[StatementsData_logId:1]
6486004,402,2:12:10,1,[StatementsData_logId:1,true]
6486004,405,2:12:10,1,[StatementsData_logId:1]
6486004,406,2:12:11,1,[StatementsData_logId:1,2]
6486004,411,2:12:12,1,[StatementsData_logId:1]
6486004,401,2:12:15,1,[StatementsData_logId:2]
6486004,402,2:12:15,1,[StatementsData_logId:2,false]
6486004,405,2:12:16,1,[StatementsData_logId:2]
6486004,406,2:12:23,1,[StatementsData_logId:2,-2]
6486004,411,2:12:24,1,[StatementsData_logId:2]
6486004,401,2:12:28,1,[StatementsData_logId:3]
6486004,402,2:12:28,1,[StatementsData_logId:3,true]
6486004,405,2:12:29,1,[StatementsData_logId:3]
6486004,406,2:12:29,1,[StatementsData_logId:3,2]
6486004,411,2:12:30,1,[StatementsData_logId:3]
6486004,401,2:12:39,1,[StatementsData_logId:4]
6486004,404,2:12:41,1,[StatementsData_logId:4,false]
6486004,405,2:12:41,1,[StatementsData_logId:4]
6486004,406,2:12:43,1,[StatementsData_logId:4,-2]
6486004,411,2:12:44,1,[StatementsData_logId:4]
6486004,401,2:12:49,1,[StatementsData_logId:5]
6486004,404,2:12:49,1,[StatementsData_logId:5,true]
6486004,406,2:12:49,1,[StatementsData_logId:5,2]
6486004,412,2:12:50,1,[StatementsData_logId:5]
6486004,413,2:12:51,1,[StatementsData_logId:5,DuelResponsesData_logId:6]
6486004,414,2:12:56,1,[StatementsData_logId:5,DuelResponsesData_logId:6]
6486004,415,2:13:1,1,[StatementsData_logId:5,DuelResponsesData_logId:6,DuelResponsesData_witty_player_response]
6486004,416,2:13:3,1,[StatementsData_logId:5,DuelResponsesData_logId:6]
6486004,417,2:13:5,1,[StatementsData_logId:5,DuelResponsesData_logId:6]
6486004,413,2:13:8,1,[StatementsData_logId:5,DuelResponsesData_logId:7]
6486004,414,2:13:9,1,[StatementsData_logId:5,DuelResponsesData_logId:7]
6486004,415,2:13:20,1,[StatementsData_logId:5,DuelResponsesData_logId:7,DuelResponsesData_ok_player_response]
6486004,416,2:13:20,1,[StatementsData_logId:5,DuelResponsesData_logId:7]
6486004,417,2:13:20,1,[StatementsData_logId:5,DuelResponsesData_logId:7]
6486004,413,2:13:20,1,[StatementsData_logId:5,DuelResponsesData_logId:8]
6486004,414,2:13:26,1,[StatementsData_logId:5,DuelResponsesData_logId:8]
6486004,415,2:13:37,1,[StatementsData_logId:5,DuelResponsesData_logId:8,DuelResponsesData_witty_player_response]
6486004,416,2:13:38,1,[StatementsData_logId:5,DuelResponsesData_logId:8]
6486004,417,2:13:38,1,[StatementsData_logId:5,DuelResponsesData_logId:8]
6486004,418,2:13:38,1,[StatementsData_logId:5,true]
6486004,419,2:13:41,1,[StatementsData_logId:5,4]
6486004,411,2:13:42,1,[StatementsData_logId:5]
6486004,420,2:13:42,1,[36]
6486004,1005,2:13:42,1,[0,0,1]
6486004,1001,2:13:46,1,[]
6486004,1003,2:13:46,0
6486004,210,2:13:50,397,437
6486004,211,2:13:51,402,466
6486004,213,2:13:51,2,c_nurse_a_G8a3N,true
6486004,205,2:13:51,2,c_nurse_a_G8a3N,false,false
6486004,210,2:13:55,801,471
6486004,211,2:13:55,849,486
6486004,213,2:13:55,2,c_nurse_a_G8a3N,true
6486004,205,2:13:55,2,c_nurse_a_G8a3N,false,true
6486004,212,2:14:0,2
6486004,210,2:14:0,893,538
6486004,207,2:14:2,2,-200,-380
6486004,211,2:14:3,1131,493
6486004,213,2:14:3,2,s_phone_G8a3N,true
6486004,210,2:14:6,1029,420
6486004,207,2:14:8,2,-380,-492
6486004,207,2:14:14,2,-492,0
6486004,211,2:14:19,239,172
6486004,213,2:14:19,2,s_door_G8a3N,true
6486004,210,2:14:21,498,190
6486004,211,2:14:23,586,135
6486004,212,2:14:23,1
6486004,210,2:14:24,691,346
6486004,211,2:14:28,421,513
6486004,213,2:14:28,2,s_mirror_lati_F_a_G8a3N,true
6486004,205,2:14:28,2,s_mirror_lati_F_a_G8a3N,false,false
6486004,210,2:14:35,490,438
6486004,207,2:14:42,2,0,-165
6486004,207,2:14:44,2,-165,-375
6486004,207,2:14:46,2,-375,-420
6486004,207,2:14:47,2,-420,-492
6486004,211,2:14:47,1504,640
6486004,212,2:14:48,0
6486004,210,2:14:51,1479,559
6486004,211,2:14:53,801,439
6486004,213,2:14:53,2,c_nurse_a_G8a3N,true
6486004,205,2:14:53,2,c_nurse_a_G8a3N,false,true
6486004,210,2:14:57,1294,312
6486004,207,2:15:2,2,-492,-432
6486004,207,2:15:3,2,-432,-42
6486004,211,2:15:7,179,569
6486004,213,2:15:7,2,s_pamphlet1_G8a3N,true
6486004,205,2:15:7,2,s_pamphlet1_G8a3N,false,false
6486004,210,2:15:10,362,497
6486004,207,2:15:11,2,-42,0
6486004,211,2:15:15,756,454
6486004,213,2:15:15,2,c_nurse_a_G8a3N,true
6486004,205,2:15:15,2,c_nurse_a_G8a3N,false,true
6486004,221,2:15:21,2
6486004,220,2:15:24,2
6486004,207,2:15:26,2,-200,-230
6486004,210,2:15:26,1093,485
6486004,211,2:15:26,975,406
6486004,210,2:15:26,992,415
6486004,211,2:15:29,748,554
6486004,213,2:15:29,2,s_crush2Lips_F_G8a1N,true
6486004,205,2:15:29,2,s_crush2Lips_F_G8a1N,false,true
6486004,210,2:15:33,898,380
6486004,207,2:15:39,2,-230,0
6486004,211,2:15:45,1008,154
6486004,207,2:15:45,2,0,-30
6486004,210,2:15:46,897,174
6486004,211,2:15:46,1084,303
6486004,207,2:15:46,2,-30,-90
6486004,210,2:15:47,1131,279
6486004,207,2:15:47,2,-90,-165
6486004,211,2:15:47,1098,262
6486004,210,2:15:47,1055,257
6486004,207,2:15:48,2,-165,-492
6486004,211,2:15:50,1140,600
6486004,221,2:15:52,2
6486004,208,2:15:54,2,s_crush2Sore_F_G8a1N
6486004,208,2:15:55,2,s_crush2Sore_F_G8a1N
6486004,208,2:15:55,2,s_crush2Sore_F_G8a1N
6486004,208,2:15:56,2,s_crush2Sore_F_G8a1N
6486004,220,2:16:1,2
6486004,1003,2:16:1,3
6486004,1004,2:16:2,1
6486004,500,2:16:10,1,[]
6486004,501,2:16:14,1,[]
6486004,502,2:16:20,1,[IntentionData_logId:3,true]
6486004,503,2:16:21,1,[]
6486004,504,2:16:25,1,[InfluenceData_logId:7]
6486004,504,2:16:32,1,[InfluenceData_logId:5]
6486004,504,2:16:35,1,[InfluenceData_logId:0]
6486004,504,2:16:37,1,[InfluenceData_logId:8]
6486004,504,2:16:40,1,[InfluenceData_logId:6]
6486004,504,2:16:42,1,[InfluenceData_logId:7]
6486004,505,2:16:43,1,[InfluenceData_logId:0,true,InfluenceData_logId:5,true,InfluenceData_logId:7,true]
6486004,506,2:16:45,1,[]
6486004,507,2:17:1,1,[OpponentAttackData_logId:2,OpponentAttackTypeData_logId:4,false,30]
6486004,508,2:17:5,1,[]
6486004,509,2:17:12,1,[RefusalData_logId:5,0]
6486004,510,2:17:27,1,[AvailableRefusalData_logId:5,0A]
6486004,510,2:17:28,1,[AvailableRefusalData_logId:5,1A]
6486004,510,2:17:28,1,[AvailableRefusalData_logId:5,2A]
6486004,511,2:17:29,1,[AvailableRefusalData_logId:5,0A,1A,2A,true,20]
6486004,512,2:17:33,1,[]
6486004,513,2:17:33,1,[30]
6486004,514,2:17:36,1,[]
6486004,507,2:17:44,1,[OpponentAttackData_logId:3,OpponentAttackTypeData_logId:4,true,0]
6486004,508,2:17:46,1,[]
6486004,509,2:17:51,1,[RefusalData_logId:2,1]
6486004,510,2:18:0,1,[AvailableRefusalData_logId:2,0B]
6486004,510,2:18:2,1,[AvailableRefusalData_logId:2,1B]
6486004,510,2:18:3,1,[AvailableRefusalData_logId:2,2C]
6486004,511,2:18:4,1,[AvailableRefusalData_logId:2,0B,1B,2C,false,0]
6486004,512,2:18:6,1,[]
6486004,513,2:18:6,1,[30]
6486004,514,2:18:10,1,[]
6486004,507,2:18:17,1,[OpponentAttackData_logId:1,OpponentAttackTypeData_logId:2,false,30]
6486004,508,2:18:19,1,[]
6486004,509,2:18:23,1,[RefusalData_logId:7,2]
6486004,510,2:18:34,1,[AvailableRefusalData_logId:7,0A]
6486004,510,2:18:34,1,[AvailableRefusalData_logId:7,1A]
6486004,510,2:18:35,1,[AvailableRefusalData_logId:7,2A]
6486004,511,2:18:36,1,[AvailableRefusalData_logId:7,0A,1A,2A,true,50]
6486004,512,2:18:39,1,[]
6486004,513,2:18:39,1,[0]
6486004,514,2:18:42,1,[]
6486004,507,2:18:47,1,[OpponentAttackData_logId:0,OpponentAttackTypeData_logId:2,true,0]
6486004,508,2:18:49,1,[]
6486004,509,2:18:56,1,[RefusalData_logId:0,0]
6486004,510,2:19:9,1,[AvailableRefusalData_logId:0,0A]
6486004,510,2:19:9,1,[AvailableRefusalData_logId:0,1A]
6486004,510,2:19:10,1,[AvailableRefusalData_logId:0,2A]
6486004,511,2:19:10,1,[AvailableRefusalData_logId:0,0A,1A,2A,true,20]
6486004,512,2:19:13,1,[]
6486004,513,2:19:13,1,[30]
6486004,515,2:19:15,1,[0,10]
6486004,516,2:19:17,1,[]
6486004,517,2:19:26,1,[]
6486004,1000,2:19:27,1,[]
6486004,500,2:19:28,1,[]
6486004,501,2:19:29,1,[]
6486004,502,2:19:36,1,[IntentionData_logId:3,true]
6486004,503,2:19:37,1,[]
6486004,504,2:19:39,1,[InfluenceData_logId:7]
6486004,504,2:19:41,1,[InfluenceData_logId:5]
6486004,504,2:19:42,1,[InfluenceData_logId:3]
6486004,504,2:19:45,1,[InfluenceData_logId:4]
6486004,504,2:19:48,1,[InfluenceData_logId:5]
6486004,504,2:19:50,1,[InfluenceData_logId:1]
6486004,504,2:19:50,1,[InfluenceData_logId:0]
6486004,505,2:19:51,1,[InfluenceData_logId:0,true,InfluenceData_logId:5,true,InfluenceData_logId:7,true]
6486004,506,2:19:52,1,[]
6486004,507,2:19:59,1,[OpponentAttackData_logId:0,OpponentAttackTypeData_logId:2,true,0]
6486004,508,2:20:1,1,[]
6486004,509,2:20:4,1,[RefusalData_logId:4,2]
6486004,510,2:20:25,1,[AvailableRefusalData_logId:4,0C]
6486004,510,2:20:25,1,[AvailableRefusalData_logId:4,1B]
6486004,510,2:20:26,1,[AvailableRefusalData_logId:4,2B]
6486004,511,2:20:26,1,[AvailableRefusalData_logId:4,0C,1B,2B,false,0]
6486004,512,2:20:29,1,[]
6486004,513,2:20:29,1,[30]
6486004,514,2:20:32,1,[]
6486004,507,2:20:43,1,[OpponentAttackData_logId:3,OpponentAttackTypeData_logId:4,true,0]
6486004,508,2:20:45,1,[]
6486004,509,2:20:51,1,[RefusalData_logId:2,1]
6486004,510,2:21:5,1,[AvailableRefusalData_logId:2,0A]
6486004,510,2:21:5,1,[AvailableRefusalData_logId:2,1A]
6486004,510,2:21:5,1,[AvailableRefusalData_logId:2,2A]
6486004,511,2:21:6,1,[AvailableRefusalData_logId:2,0A,1A,2A,true,30]
6486004,512,2:21:9,1,[]
6486004,513,2:21:9,1,[0]
6486004,514,2:21:11,1,[]
6486004,507,2:21:16,1,[OpponentAttackData_logId:2,OpponentAttackTypeData_logId:3,true,0]
6486004,508,2:21:18,1,[]
6486004,509,2:21:25,1,[RefusalData_logId:5,0]
6486004,510,2:21:32,1,[AvailableRefusalData_logId:5,0B]
6486004,510,2:21:33,1,[AvailableRefusalData_logId:5,1B]
6486004,510,2:21:33,1,[AvailableRefusalData_logId:5,2B]
6486004,511,2:21:33,1,[AvailableRefusalData_logId:5,0B,1B,2B,false,0]
6486004,512,2:21:36,1,[]
6486004,513,2:21:36,1,[30]
6486004,514,2:21:39,1,[]
6486004,507,2:21:44,1,[OpponentAttackData_logId:1,OpponentAttackTypeData_logId:2,false,30]
6486004,508,2:21:47,1,[]
6486004,509,2:21:51,1,[RefusalData_logId:0,0]
6486004,510,2:22:1,1,[AvailableRefusalData_logId:0,0A]
6486004,510,2:22:2,1,[AvailableRefusalData_logId:0,1A]
6486004,510,2:22:2,1,[AvailableRefusalData_logId:0,2A]
6486004,511,2:22:3,1,[AvailableRefusalData_logId:0,0A,1A,2A,true,20]
6486004,512,2:22:5,1,[]
6486004,513,2:22:5,1,[30]
6486004,514,2:22:8,1,[]
6486004,515,2:22:8,1,[30,50]
6486004,516,2:22:12,1,[]
6486004,517,2:22:14,1,[]
6486004,1000,2:22:15,1,[]
6486004,500,2:22:15,1,[]
6486004,501,2:22:16,1,[]
6486004,502,2:22:20,1,[IntentionData_logId:3,true]
6486004,503,2:22:21,1,[]
6486004,504,2:22:24,1,[InfluenceData_logId:7]
6486004,504,2:22:26,1,[InfluenceData_logId:5]
6486004,504,2:22:28,1,[InfluenceData_logId:0]
6486004,505,2:22:29,1,[InfluenceData_logId:0,true,InfluenceData_logId:5,true,InfluenceData_logId:7,true]
6486004,506,2:22:30,1,[]
6486004,507,2:22:39,1,[OpponentAttackData_logId:2,OpponentAttackTypeData_logId:3,true,0]
6486004,508,2:22:42,1,[]
6486004,509,2:22:49,1,[RefusalData_logId:0,0]
6486004,510,2:22:57,1,[AvailableRefusalData_logId:0,0B]
6486004,510,2:22:57,1,[AvailableRefusalData_logId:0,1B]
6486004,510,2:22:59,1,[AvailableRefusalData_logId:0,0A]
6486004,510,2:23:4,1,[AvailableRefusalData_logId:0,0B]
6486004,510,2:23:6,1,[AvailableRefusalData_logId:0,0A]
6486004,510,2:23:7,1,[AvailableRefusalData_logId:0,1A]
6486004,510,2:23:8,1,[AvailableRefusalData_logId:0,2A]
6486004,511,2:23:9,1,[AvailableRefusalData_logId:0,0A,1A,2A,true,20]
6486004,512,2:23:12,1,[]
6486004,513,2:23:12,1,[30]
6486004,514,2:23:14,1,[]
6486004,507,2:23:19,1,[OpponentAttackData_logId:1,OpponentAttackTypeData_logId:1,true,0]
6486004,508,2:23:22,1,[]
6486004,509,2:23:26,1,[RefusalData_logId:4,2]
6486004,510,2:23:45,1,[AvailableRefusalData_logId:4,0A]
6486004,510,2:23:46,1,[AvailableRefusalData_logId:4,1A]
6486004,510,2:23:46,1,[AvailableRefusalData_logId:4,2A]
6486004,511,2:23:47,1,[AvailableRefusalData_logId:4,0A,1A,2A,true,50]
6486004,512,2:23:50,1,[]
6486004,513,2:23:50,1,[0]
6486004,514,2:23:52,1,[]
6486004,507,2:24:2,1,[OpponentAttackData_logId:3,OpponentAttackTypeData_logId:4,true,0]
6486004,508,2:24:4,1,[]
6486004,509,2:24:11,1,[RefusalData_logId:7,2]
6486004,510,2:24:33,1,[AvailableRefusalData_logId:7,0A]
6486004,510,2:24:33,1,[AvailableRefusalData_logId:7,1A]
6486004,510,2:24:33,1,[AvailableRefusalData_logId:7,2A]
6486004,511,2:24:34,1,[AvailableRefusalData_logId:7,0A,1A,2A,true,50]
6486004,512,2:24:37,1,[]
6486004,515,2:24:37,1,[120,0]
6486004,516,2:24:40,1,[]
6486004,517,2:24:41,1,[]
6486004,1005,2:24:41,1,[3,0,3]
6486004,1001,2:24:42,1,[]
6486004,1003,2:24:42,3
6486004,221,2:24:45,2
6486004,208,2:24:48,2,c_nurse_a_G8a3N
6486004,220,2:24:51,2
6486004,210,2:24:52,359,495
6486004,207,2:24:52,2,-200,-5
6486004,211,2:24:53,255,632
6486004,213,2:24:53,2,s_waterHeater_gen,true
6486004,210,2:25:6,817,432
6486004,211,2:25:7,842,443
6486004,213,2:25:7,2,c_nurse_a_G8a3N,true
6486004,205,2:25:7,2,c_nurse_a_G8a3N,false,true
6486004,210,2:25:11,509,231
6486004,207,2:25:15,2,-200,-335
6486004,207,2:25:17,2,-335,-492
6486004,211,2:25:17,1512,409
6486004,210,2:25:18,1501,491
6486004,207,2:25:25,2,-492,-282
6486004,207,2:25:27,2,-282,-87
6486004,207,2:25:30,2,-87,0
6486004,211,2:25:34,523,207
6486004,213,2:25:34,2,s_pamphlet3_G8a3N,true
6486004,205,2:25:34,2,s_pamphlet3_G8a3N,false,false
6486004,221,2:25:41,2
6486004,220,2:25:45,2
6486004,210,2:25:46,1100,490
6486004,207,2:25:47,2,-200,-455
6486004,207,2:25:54,2,-455,-492
6486004,207,2:25:58,2,-492,-252
6486004,207,2:26:2,2,-252,0
6486004,211,2:26:5,439,557
6486004,213,2:26:5,2,s_dryer_G8a1N,true
6486004,210,2:26:6,469,560
6486004,211,2:26:6,371,560
6486004,210,2:26:7,406,527
6486004,211,2:26:7,431,569
6486004,213,2:26:7,2,s_dryer_G8a1N,true
6486004,210,2:26:8,414,537
6486004,211,2:26:8,414,537
6486004,210,2:26:8,409,534
6486004,211,2:26:8,409,534
6486004,210,2:26:9,411,550
6486004,211,2:26:11,437,534
6486004,213,2:26:11,2,s_dryer_G8a1N,true
6486004,210,2:26:12,476,530
6486004,211,2:26:12,547,608
6486004,221,2:26:14,2
6486004,220,2:26:16,2
6486004,210,2:26:19,532,555
6486004,211,2:26:20,542,610
6486004,212,2:26:20,1
6486004,210,2:26:21,519,593
6486004,211,2:26:21,546,598
6486004,213,2:26:21,2,s_dirtyClothes_gen,true
6486004,205,2:26:21,2,s_dirtyClothes_gen,false,false
6486004,210,2:26:29,535,603
6486004,211,2:26:34,501,145
6486004,213,2:26:34,2,s_basementDoor_gen,true
6486004,205,2:26:34,2,s_basementDoor_gen,false,true
6486004,210,2:26:37,303,268
6486004,207,2:26:38,2,0,-90
6486004,207,2:26:41,2,-90,-420
6486004,207,2:26:42,2,-420,-492
6486004,211,2:26:42,1501,421
6486004,210,2:26:42,1494,535
6486004,211,2:26:46,1143,602
6486004,212,2:26:47,2
6486004,210,2:26:49,666,253
6486004,211,2:26:49,783,330
6486004,213,2:26:49,2,c_crush2_F_a_G8a1N,true
6486004,212,2:26:51,0
6486004,210,2:26:55,1322,491
6486004,207,2:27:2,2,-492,0
6486004,211,2:27:6,2,516
6486004,210,2:27:7,1,390
6486004,211,2:27:10,238,684
6486004,213,2:27:10,2,s_waterHeater_gen,true
6486004,221,2:27:12,2
6486004,220,2:27:22,2
6486004,210,2:27:26,667,505
6486004,211,2:27:28,541,192
6486004,213,2:27:28,2,s_pamphlet3_G8a3N,true
6486004,205,2:27:28,2,s_pamphlet3_G8a3N,false,true
6486004,221,2:27:34,2
6486004,220,2:27:46,2
6486004,213,2:27:46,2,s_dryer_G8a1N,true
6486004,210,2:27:47,455,379
6486004,207,2:27:49,2,-200,-155
6486004,211,2:27:56,559,492
6486004,213,2:27:56,2,c_crush2_F_a_G8a1N,true
6486004,210,2:27:58,619,374
6486004,211,2:28:0,628,408
6486004,213,2:28:0,2,s_crush2Eyes_F_G8a1N,true
6486004,205,2:28:0,2,s_crush2Eyes_F_G8a1N,false,false
6486004,221,2:28:4,2
6486004,220,2:28:6,2
6486004,219,2:28:6,2
6486004,216,2:28:7,Stack_G8a3P
6486004,207,2:28:14,2,-200,-155
6486004,210,2:28:14,264,683
6486004,211,2:28:14,264,683
6486004,217,2:28:31,Stack_G8a3P,15,0.50
6486004,218,2:28:33,2
6486004,210,2:28:35,770,288
6486004,207,2:28:40,2,-155,0
6486004,207,2:28:44,2,0,-480
6486004,207,2:28:45,2,-480,-492
6486004,211,2:28:48,1298,667
6486004,212,2:28:49,1
6486004,210,2:28:49,1437,476
6486004,211,2:28:53,790,265
6486004,210,2:28:53,894,248
6486004,211,2:28:54,903,291
6486004,213,2:28:54,2,s_window_G8a3P,true
6486004,210,2:28:58,913,212
6486004,211,2:29:0,1023,315
6486004,212,2:29:0,2
6486004,210,2:29:1,1368,465
6486004,211,2:29:1,1338,419
6486004,213,2:29:1,2,s_kidStanding_G8a3P,true
6486004,210,2:29:4,1179,458
6486004,207,2:29:9,2,-492,-357
6486004,211,2:29:10,564,418
6486004,213,2:29:10,2,c_friend1_F_a_G8a3P,true
6486004,210,2:29:13,854,463
6486004,207,2:29:17,2,-357,-312
6486004,207,2:29:20,2,-312,0
6486004,211,2:29:22,157,286
6486004,213,2:29:22,2,c_crewKid1_F_a_G8a3P,true
6486004,210,2:29:30,466,406
6486004,207,2:29:37,2,0,-195
6486004,211,2:29:38,1045,555
6486004,212,2:29:39,1
6486004,210,2:29:41,856,616
6486004,211,2:29:45,799,381
6486004,213,2:29:45,2,s_kidsCouch_G8a3P,true
6486004,205,2:29:45,2,s_kidsCouch_G8a3P,false,false
6486004,210,2:29:49,703,420
6486004,207,2:29:51,2,-195,-375
6486004,207,2:29:52,2,-375,-492
6486004,211,2:29:54,1512,273
6486004,210,2:29:54,1394,226
6486004,211,2:29:57,1175,423
6486004,212,2:29:58,0
6486004,210,2:29:58,1303,410
6486004,207,2:30:2,2,-492,-402
6486004,207,2:30:6,2,-402,0
6486004,211,2:30:11,1040,286
6486004,207,2:30:11,2,0,-45
6486004,207,2:30:11,2,-45,-105
6486004,210,2:30:11,1045,378
6486004,207,2:30:11,2,-105,-180
6486004,211,2:30:12,1091,412
6486004,213,2:30:12,2,c_crush2_F_a_G8a3P,true
6486004,205,2:30:12,2,c_crush2_F_a_G8a3P,false,false
6486004,221,2:30:28,2
6486004,220,2:30:29,2
6486004,1003,2:30:29,3
6486004,1004,2:30:32,4
6486004,500,2:30:50,4,[]
6486004,501,2:30:53,4,[]
6486004,502,2:31:0,4,[IntentionData_logId:1,true]
6486004,503,2:31:1,4,[]
6486004,504,2:31:5,4,[InfluenceData_logId:6]
6486004,504,2:31:9,4,[InfluenceData_logId:3]
6486004,504,2:31:10,4,[InfluenceData_logId:5]
6486004,504,2:31:11,4,[InfluenceData_logId:4]
6486004,504,2:31:14,4,[InfluenceData_logId:1]
6486004,504,2:31:17,4,[InfluenceData_logId:0]
6486004,505,2:31:19,4,[InfluenceData_logId:0,true,InfluenceData_logId:4,true,InfluenceData_logId:6,true]
6486004,506,2:31:20,4,[]
6486004,507,2:31:27,4,[OpponentAttackData_logId:0,OpponentAttackTypeData_logId:1,true,0]
6486004,508,2:31:29,4,[]
6486004,509,2:31:40,4,[RefusalData_logId:2,1]
6486004,510,2:31:46,4,[AvailableRefusalData_logId:2,0A]
6486004,510,2:31:46,4,[AvailableRefusalData_logId:2,1A]
6486004,510,2:31:46,4,[AvailableRefusalData_logId:2,2A]
6486004,511,2:31:47,4,[AvailableRefusalData_logId:2,0A,1A,2A,true,30]
6486004,512,2:31:50,4,[]
6486004,513,2:31:50,4,[0]
6486004,514,2:31:53,4,[]
6486004,507,2:32:1,4,[OpponentAttackData_logId:3,OpponentAttackTypeData_logId:0,false,30]
6486004,508,2:32:3,4,[]
6486004,509,2:32:10,4,[RefusalData_logId:3,2]
6486004,510,2:32:19,4,[AvailableRefusalData_logId:3,0A]
6486004,510,2:32:20,4,[AvailableRefusalData_logId:3,2A]
6486004,510,2:32:21,4,[AvailableRefusalData_logId:3,1A]
6486004,511,2:32:21,4,[AvailableRefusalData_logId:3,0A,1A,2A,true,50]
6486004,512,2:32:24,4,[]
6486004,513,2:32:24,4,[0]
6486004,514,2:32:26,4,[]
6486004,507,2:32:31,4,[OpponentAttackData_logId:1,OpponentAttackTypeData_logId:2,true,0]
6486004,508,2:32:34,4,[]
6486004,509,2:32:41,4,[RefusalData_logId:4,2]
6486004,510,2:32:54,4,[AvailableRefusalData_logId:4,0A]
6486004,510,2:32:54,4,[AvailableRefusalData_logId:4,1A]
6486004,510,2:32:55,4,[AvailableRefusalData_logId:4,2A]
6486004,511,2:32:55,4,[AvailableRefusalData_logId:4,0A,1A,2A,true,50]
6486004,512,2:32:58,4,[]
6486004,515,2:32:58,4,[120,0]
6486004,516,2:33:0,4,[]
6486004,517,2:33:2,4,[]
6486004,1005,2:33:2,4,[3,0,3]
6486004,1001,2:33:3,4,[]
6486004,1003,2:33:3,3
6486004,221,2:33:8,2
6486004,220,2:33:9,2
6486004,219,2:33:9,2
6486004,216,2:33:10,Stack_G8a1P
6486004,217,2:33:30,Stack_G8a1P,17,0.00
6486004,218,2:33:33,2
6486004,210,2:33:33,1147,444
6486004,207,2:33:34,2,-200,-350
6486004,211,2:33:38,1166,447
6486004,213,2:33:38,2,s_spraypaintCrush2_F_G8a1P,true
6486004,210,2:33:40,1406,503
6486004,207,2:33:41,2,-350,-492
6486004,211,2:33:42,1365,496
6486004,213,2:33:42,2,s_inhalantsShelf_gen,true
6486004,205,2:33:42,2,s_inhalantsShelf_gen,false,false
6486004,210,2:33:47,1314,411
6486004,207,2:33:49,2,-492,-312
6486004,207,2:33:52,2,-312,0
6486004,211,2:33:54,211,607
6486004,213,2:33:54,2,s_waterHeater_gen,true
6486004,210,2:33:56,332,272
6486004,211,2:33:57,740,553
6486004,212,2:33:58,1
6486004,210,2:33:59,210,206
6486004,211,2:34:1,583,598
6486004,213,2:34:1,2,s_dirtyClothes_gen,true
6486004,205,2:34:1,2,s_dirtyClothes_gen,false,false
6486004,210,2:34:5,331,102
6486004,211,2:34:6,502,230
6486004,210,2:34:6,461,117
6486004,211,2:34:7,474,153
6486004,213,2:34:7,2,s_basementDoor_gen,true
6486004,205,2:34:7,2,s_basementDoor_gen,false,false
6486004,212,2:34:10,2
6486004,210,2:34:11,952,491
6486004,211,2:34:11,1110,501
6486004,207,2:34:11,2,0,-165
6486004,210,2:34:11,1087,472
6486004,211,2:34:12,987,461
6486004,213,2:34:12,2,c_crush2_F_a_G8a1P,true
6486004,205,2:34:12,2,c_crush2_F_a_G8a1P,false,false
6486004,219,2:34:20,2
6486004,216,2:34:20,Stack_G8a2N
6486004,217,2:34:31,Stack_G8a2N,4.3,1.7
6486004,218,2:34:33,2
6486004,210,2:34:35,522,155
6486004,211,2:34:36,499,149
6486004,213,2:34:36,2,c_friend1_F_a_G8a2N,true
6486004,210,2:34:39,975,395
6486004,207,2:34:42,2,-200,-440
6486004,211,2:34:43,1167,525
6486004,212,2:34:44,1
6486004,210,2:34:44,1259,500
6486004,211,2:34:47,1118,566
6486004,213,2:34:47,2,c_crush2_F_a_G8a2N,true
6486004,205,2:34:47,2,c_crush2_F_a_G8a2N,false,false
6486004,212,2:34:51,0
6486004,210,2:34:51,1186,466
6486004,211,2:34:51,1146,445
6486004,210,2:34:52,1084,389
6486004,211,2:34:53,1054,394
6486004,213,2:34:53,2,s_fumes_G8a2N,true
6486004,210,2:34:57,1309,423
6486004,211,2:34:59,1222,530
6486004,212,2:34:59,1
6486004,210,2:34:59,1230,510
6486004,211,2:35:0,1220,537
6486004,212,2:35:1,2
6486004,210,2:35:1,1196,484
6486004,211,2:35:3,1321,675
6486004,212,2:35:3,0
6486004,207,2:35:4,2,-440,-492
6486004,210,2:35:4,1467,475
6486004,207,2:35:8,2,-492,-447
6486004,207,2:35:9,2,-447,-297
6486004,207,2:35:12,2,-297,0
6486004,211,2:35:15,1067,209
6486004,207,2:35:15,2,0,-60
6486004,207,2:35:16,2,-60,-75
6486004,210,2:35:16,836,111
6486004,207,2:35:17,2,-75,-492
6486004,211,2:35:18,1493,503
6486004,212,2:35:18,2
6486004,210,2:35:19,1132,520
6486004,207,2:35:21,2,-492,-342
6486004,207,2:35:23,2,-342,-492
6486004,211,2:35:24,1478,604
6486004,212,2:35:24,1
6486004,210,2:35:26,1188,454
6486004,211,2:35:30,1249,535
6486004,212,2:35:30,0
6486004,210,2:35:31,1243,483
6486004,211,2:35:33,1215,533
6486004,213,2:35:33,2,s_spraypaintCan_G8a2N,true
6486004,1003,2:35:36,0
6486004,1004,2:35:43,2
6486004,400,2:35:46,2,[]
6486004,401,2:35:55,2,[StatementsData_logId:0]
6486004,403,2:36:1,2,[StatementsData_logId:0,true]
6486004,405,2:36:2,2,[StatementsData_logId:0]
6486004,406,2:36:3,2,[StatementsData_logId:0,2]
6486004,407,2:36:3,2,[StatementsData_logId:0,FactCardData_id:21]
6486004,407,2:36:3,2,[StatementsData_logId:0,FactCardData_id:18]
6486004,407,2:36:3,2,[StatementsData_logId:0,FactCardData_id:24]
6486004,407,2:36:3,2,[StatementsData_logId:0,FactCardData_id:22]
6486004,407,2:36:3,2,[StatementsData_logId:0,FactCardData_id:20]
6486004,407,2:36:3,2,[StatementsData_logId:0,FactCardData_id:19]
6486004,407,2:36:5,2,[StatementsData_logId:0,FactCardData_id:21]
6486004,407,2:36:5,2,[StatementsData_logId:0,FactCardData_id:21]
6486004,408,2:36:6,2,[StatementsData_logId:0,FactCardData_id:21,true]
6486004,409,2:36:6,2,[StatementsData_logId:0]
6486004,410,2:36:7,2,[StatementsData_logId:0,2]
6486004,412,2:36:9,2,[StatementsData_logId:0]
6486004,413,2:36:11,2,[StatementsData_logId:0,DuelResponsesData_logId:0]
6486004,414,2:36:12,2,[StatementsData_logId:0,DuelResponsesData_logId:0]
6486004,415,2:36:21,2,[StatementsData_logId:0,DuelResponsesData_logId:0,DuelResponsesData_witty_player_response]
6486004,416,2:36:21,2,[StatementsData_logId:0,DuelResponsesData_logId:0]
6486004,417,2:36:22,2,[StatementsData_logId:0,DuelResponsesData_logId:0]
6486004,413,2:36:26,2,[StatementsData_logId:0,DuelResponsesData_logId:1]
6486004,414,2:36:27,2,[StatementsData_logId:0,DuelResponsesData_logId:1]
6486004,415,2:36:29,2,[StatementsData_logId:0,DuelResponsesData_logId:1,DuelResponsesData_witty_player_response]
6486004,416,2:36:30,2,[StatementsData_logId:0,DuelResponsesData_logId:1]
6486004,417,2:36:31,2,[StatementsData_logId:0,DuelResponsesData_logId:1]
6486004,413,2:36:34,2,[StatementsData_logId:0,DuelResponsesData_logId:2]
6486004,414,2:36:35,2,[StatementsData_logId:0,DuelResponsesData_logId:2]
6486004,415,2:36:42,2,[StatementsData_logId:0,DuelResponsesData_logId:2,DuelResponsesData_witty_player_response]
6486004,416,2:36:43,2,[StatementsData_logId:0,DuelResponsesData_logId:2]
6486004,417,2:36:43,2,[StatementsData_logId:0,DuelResponsesData_logId:2]
6486004,418,2:36:43,2,[StatementsData_logId:0,true]
6486004,419,2:36:47,2,[StatementsData_logId:0,4]
6486004,411,2:36:49,2,[StatementsData_logId:0]
6486004,401,2:36:57,2,[StatementsData_logId:1]
6486004,402,2:36:59,2,[StatementsData_logId:1,true]
6486004,405,2:36:59,2,[StatementsData_logId:1]
6486004,406,2:37:1,2,[StatementsData_logId:1,2]
6486004,411,2:37:2,2,[StatementsData_logId:1]
6486004,401,2:37:8,2,[StatementsData_logId:2]
6486004,404,2:37:9,2,[StatementsData_logId:2,true]
6486004,406,2:37:9,2,[StatementsData_logId:2,2]
6486004,412,2:37:11,2,[StatementsData_logId:2]
6486004,413,2:37:13,2,[StatementsData_logId:2,DuelResponsesData_logId:3]
6486004,414,2:37:13,2,[StatementsData_logId:2,DuelResponsesData_logId:3]
6486004,415,2:37:16,2,[StatementsData_logId:2,DuelResponsesData_logId:3,DuelResponsesData_ok_player_response]
6486004,416,2:37:16,2,[StatementsData_logId:2,DuelResponsesData_logId:3]
6486004,417,2:37:17,2,[StatementsData_logId:2,DuelResponsesData_logId:3]
6486004,413,2:37:20,2,[StatementsData_logId:2,DuelResponsesData_logId:4]
6486004,414,2:37:21,2,[StatementsData_logId:2,DuelResponsesData_logId:4]
6486004,415,2:37:26,2,[StatementsData_logId:2,DuelResponsesData_logId:4,DuelResponsesData_witty_player_response]
6486004,416,2:37:27,2,[StatementsData_logId:2,DuelResponsesData_logId:4]
6486004,417,2:37:27,2,[StatementsData_logId:2,DuelResponsesData_logId:4]
6486004,413,2:37:31,2,[StatementsData_logId:2,DuelResponsesData_logId:5]
6486004,414,2:37:31,2,[StatementsData_logId:2,DuelResponsesData_logId:5]
6486004,415,2:37:35,2,[StatementsData_logId:2,DuelResponsesData_logId:5,DuelResponsesData_witty_player_response]
6486004,416,2:37:35,2,[StatementsData_logId:2,DuelResponsesData_logId:5]
6486004,417,2:37:36,2,[StatementsData_logId:2,DuelResponsesData_logId:5]
6486004,418,2:37:36,2,[StatementsData_logId:2,true]
6486004,419,2:37:41,2,[StatementsData_logId:2,4]
6486004,411,2:37:42,2,[StatementsData_logId:2]
6486004,401,2:37:47,2,[StatementsData_logId:3]
6486004,402,2:37:48,2,[StatementsData_logId:3,true]
6486004,405,2:37:49,2,[StatementsData_logId:3]
6486004,406,2:37:52,2,[StatementsData_logId:3,2]
6486004,411,2:37:53,2,[StatementsData_logId:3]
6486004,401,2:37:58,2,[StatementsData_logId:4]
6486004,403,2:37:59,2,[StatementsData_logId:4,true]
6486004,405,2:38:0,2,[StatementsData_logId:4]
6486004,406,2:38:0,2,[StatementsData_logId:4,2]
6486004,407,2:38:1,2,[StatementsData_logId:4,FactCardData_id:22]
6486004,407,2:38:1,2,[StatementsData_logId:4,FactCardData_id:19]
6486004,407,2:38:1,2,[StatementsData_logId:4,FactCardData_id:20]
6486004,407,2:38:1,2,[StatementsData_logId:4,FactCardData_id:18]
6486004,407,2:38:1,2,[StatementsData_logId:4,FactCardData_id:21]
6486004,407,2:38:1,2,[StatementsData_logId:4,FactCardData_id:24]
6486004,407,2:38:3,2,[StatementsData_logId:4,FactCardData_id:20]
6486004,407,2:38:3,2,[StatementsData_logId:4,FactCardData_id:20]
6486004,408,2:38:6,2,[StatementsData_logId:4,FactCardData_id:20,true]
6486004,409,2:38:6,2,[StatementsData_logId:4]
6486004,410,2:38:6,2,[StatementsData_logId:4,2]
6486004,412,2:38:7,2,[StatementsData_logId:4]
6486004,413,2:38:12,2,[StatementsData_logId:4,DuelResponsesData_logId:6]
6486004,414,2:38:12,2,[StatementsData_logId:4,DuelResponsesData_logId:6]
6486004,415,2:38:16,2,[StatementsData_logId:4,DuelResponsesData_logId:6,DuelResponsesData_witty_player_response]
6486004,416,2:38:17,2,[StatementsData_logId:4,DuelResponsesData_logId:6]
6486004,417,2:38:17,2,[StatementsData_logId:4,DuelResponsesData_logId:6]
6486004,413,2:38:20,2,[StatementsData_logId:4,DuelResponsesData_logId:7]
6486004,414,2:38:21,2,[StatementsData_logId:4,DuelResponsesData_logId:7]
6486004,415,2:38:29,2,[StatementsData_logId:4,DuelResponsesData_logId:7,DuelResponsesData_ok_player_response]
6486004,416,2:38:30,2,[StatementsData_logId:4,DuelResponsesData_logId:7]
6486004,417,2:38:31,2,[StatementsData_logId:4,DuelResponsesData_logId:7]
6486004,413,2:38:33,2,[StatementsData_logId:4,DuelResponsesData_logId:8]
6486004,414,2:38:33,2,[StatementsData_logId:4,DuelResponsesData_logId:8]
6486004,415,2:38:37,2,[StatementsData_logId:4,DuelResponsesData_logId:8,DuelResponsesData_witty_player_response]
6486004,416,2:38:37,2,[StatementsData_logId:4,DuelResponsesData_logId:8]
6486004,417,2:38:37,2,[StatementsData_logId:4,DuelResponsesData_logId:8]
6486004,418,2:38:37,2,[StatementsData_logId:4,true]
6486004,419,2:38:45,2,[StatementsData_logId:4,4]
6486004,411,2:38:46,2,[StatementsData_logId:4]
6486004,401,2:38:55,2,[StatementsData_logId:5]
6486004,403,2:38:59,2,[StatementsData_logId:5,true]
6486004,405,2:39:0,2,[StatementsData_logId:5]
6486004,406,2:39:0,2,[StatementsData_logId:5,2]
6486004,407,2:39:0,2,[StatementsData_logId:5,FactCardData_id:22]
6486004,407,2:39:0,2,[StatementsData_logId:5,FactCardData_id:18]
6486004,407,2:39:0,2,[StatementsData_logId:5,FactCardData_id:20]
6486004,407,2:39:0,2,[StatementsData_logId:5,FactCardData_id:21]
6486004,407,2:39:0,2,[StatementsData_logId:5,FactCardData_id:24]
6486004,407,2:39:0,2,[StatementsData_logId:5,FactCardData_id:19]
6486004,407,2:39:5,2,[StatementsData_logId:5,FactCardData_id:19]
6486004,407,2:39:5,2,[StatementsData_logId:5,FactCardData_id:19]
6486004,407,2:39:9,2,[StatementsData_logId:5,FactCardData_id:24]
6486004,407,2:39:9,2,[StatementsData_logId:5,FactCardData_id:19]
6486004,407,2:39:9,2,[StatementsData_logId:5,FactCardData_id:24]
6486004,407,2:39:15,2,[StatementsData_logId:5,FactCardData_id:21]
6486004,407,2:39:15,2,[StatementsData_logId:5,FactCardData_id:24]
6486004,407,2:39:15,2,[StatementsData_logId:5,FactCardData_id:21]
6486004,407,2:39:17,2,[StatementsData_logId:5,FactCardData_id:20]
6486004,407,2:39:17,2,[StatementsData_logId:5,FactCardData_id:21]
6486004,407,2:39:17,2,[StatementsData_logId:5,FactCardData_id:20]
6486004,407,2:39:17,2,[StatementsData_logId:5,FactCardData_id:24]
6486004,407,2:39:17,2,[StatementsData_logId:5,FactCardData_id:20]
6486004,407,2:39:17,2,[StatementsData_logId:5,FactCardData_id:24]
6486004,408,2:39:18,2,[StatementsData_logId:5,FactCardData_id:24,true]
6486004,409,2:39:18,2,[StatementsData_logId:5]
6486004,410,2:39:19,2,[StatementsData_logId:5,2]
6486004,412,2:39:21,2,[StatementsData_logId:5]
6486004,413,2:39:24,2,[StatementsData_logId:5,DuelResponsesData_logId:9]
6486004,414,2:39:24,2,[StatementsData_logId:5,DuelResponsesData_logId:9]
6486004,415,2:39:31,2,[StatementsData_logId:5,DuelResponsesData_logId:9,DuelResponsesData_witty_player_response]
6486004,416,2:39:32,2,[StatementsData_logId:5,DuelResponsesData_logId:9]
6486004,417,2:39:33,2,[StatementsData_logId:5,DuelResponsesData_logId:9]
6486004,413,2:39:38,2,[StatementsData_logId:5,DuelResponsesData_logId:10]
6486004,414,2:39:39,2,[StatementsData_logId:5,DuelResponsesData_logId:10]
6486004,415,2:39:43,2,[StatementsData_logId:5,DuelResponsesData_logId:10,DuelResponsesData_witty_player_response]
6486004,416,2:39:44,2,[StatementsData_logId:5,DuelResponsesData_logId:10]
6486004,417,2:39:45,2,[StatementsData_logId:5,DuelResponsesData_logId:10]
6486004,413,2:39:48,2,[StatementsData_logId:5,DuelResponsesData_logId:11]
6486004,414,2:39:48,2,[StatementsData_logId:5,DuelResponsesData_logId:11]
6486004,415,2:39:56,2,[StatementsData_logId:5,DuelResponsesData_logId:11,DuelResponsesData_lame_player_response]
6486004,416,2:39:56,2,[StatementsData_logId:5,DuelResponsesData_logId:11]
6486004,417,2:39:57,2,[StatementsData_logId:5,DuelResponsesData_logId:11]
6486004,418,2:39:57,2,[StatementsData_logId:5,true]
6486004,419,2:40:3,2,[StatementsData_logId:5,4]
6486004,411,2:40:6,2,[StatementsData_logId:5]
6486004,401,2:40:12,2,[StatementsData_logId:6]
6486004,402,2:40:13,2,[StatementsData_logId:6,true]
6486004,405,2:40:14,2,[StatementsData_logId:6]
6486004,406,2:40:17,2,[StatementsData_logId:6,2]
6486004,411,2:40:18,2,[StatementsData_logId:6]
6486004,420,2:40:18,2,[72]
6486004,1005,2:40:18,2,[0,0,3]
6486004,1001,2:40:19,2,[]
6486004,1003,2:40:19,0
6486004,207,2:40:24,2,-200,-215
6486004,210,2:40:24,1140,524
6486004,211,2:40:25,1114,590
6486004,212,2:40:26,1
6486004,212,2:40:26,2
6486004,210,2:40:27,1119,497
6486004,211,2:40:27,1103,564
6486004,212,2:40:29,0
6486004,212,2:40:29,1
6486004,210,2:40:30,1084,544
6486004,207,2:40:32,2,-215,-410
6486004,211,2:40:32,1226,543
6486004,212,2:40:33,0
6486004,210,2:40:33,1224,501
6486004,211,2:40:34,1219,536
6486004,213,2:40:34,2,s_spraypaintCan_G8a2N,true
6486004,205,2:40:34,2,s_spraypaintCan_G8a2N,false,false
6486004,221,2:40:42,2
6486004,220,2:40:45,2
6486004,219,2:40:45,2
6486004,216,2:40:46,Stack_G8a2P
6486004,217,2:41:7,Stack_G8a2P,13,0.33
6486004,218,2:41:9,2
6486004,210,2:41:10,1053,307
6486004,211,2:41:14,1330,376
6486004,213,2:41:14,2,s_teaCup_G8a2P,true
6486004,210,2:41:15,981,336
6486004,211,2:41:17,678,583
6486004,213,2:41:17,2,s_sistersToy_G8a2P,true
6486004,205,2:41:17,2,s_sistersToy_G8a2P,false,false
6486004,210,2:41:23,864,407
6486004,207,2:41:24,2,-400,0
6486004,211,2:41:27,170,471
6486004,212,2:41:27,1
6486004,210,2:41:28,509,539
6486004,211,2:41:30,105,654
6486004,213,2:41:30,2,s_videoGame_G8a2P,true
6486004,210,2:41:33,301,389
6486004,211,2:41:38,761,310
6486004,213,2:41:38,2,s_door_gen,true
6486004,210,2:41:41,853,71
6486004,207,2:41:43,2,0,-180
6486004,207,2:41:46,2,-180,-360
6486004,211,2:41:50,1667,300
6486004,207,2:41:50,2,-360,-660
6486004,210,2:41:50,1709,311
6486004,207,2:41:50,2,-660,-735
6486004,207,2:41:53,2,-735,-855
6486004,207,2:41:54,2,-855,-995
6486004,211,2:42:2,1875,534
6486004,212,2:42:3,2
6486004,210,2:42:3,1874,441
6486004,211,2:42:4,1889,485
6486004,213,2:42:4,2,c_crush2_F_a_G8a2P,true
6486004,205,2:42:4,2,c_crush2_F_a_G8a2P,false,false
6486004,210,2:42:8,1814,114
6486004,211,2:42:10,1997,128
6486004,213,2:42:10,2,s_pictureDad_lati_gen,true
6486004,205,2:42:10,2,s_pictureDad_lati_gen,false,false
6486004,210,2:42:13,1929,274
6486004,207,2:42:18,2,-995,-335
6486004,211,2:42:19,488,529
6486004,213,2:42:19,2,c_kidSister_lati_a_G8a2P,true
6486004,205,2:42:19,2,c_kidSister_lati_a_G8a2P,false,false
6486004,210,2:42:22,906,199
6486004,207,2:42:24,2,-335,0
6486004,211,2:42:25,127,620
6486004,212,2:42:26,1
6486004,210,2:42:26,374,564
6486004,207,2:42:33,2,0,-255
6486004,207,2:42:35,2,-255,-450
6486004,211,2:42:36,1211,359
6486004,213,2:42:36,2,c_grandma_lati_a_G8a2P,true
6486004,210,2:42:39,1341,353
6486004,207,2:42:41,2,-450,-660
6486004,207,2:42:43,2,-660,-995
6486004,211,2:42:48,1222,95
6486004,213,2:42:48,2,s_clock_G8a2P,true
6486004,210,2:42:51,1841,126
6486004,207,2:42:53,2,-995,-890
6486004,211,2:42:54,1018,641
6486004,221,2:42:55,2
6486004,220,2:42:57,2
6486004,212,2:42:58,0
6486004,207,2:42:58,2,-890,-935
6486004,210,2:42:58,1870,530
6486004,207,2:42:59,2,-935,-995
6486004,211,2:43:4,1514,607
6486004,210,2:43:5,1537,559
6486004,211,2:43:5,1508,602
6486004,213,2:43:5,2,s_magazine_G8a2P,true
6486004,205,2:43:5,2,s_magazine_G8a2P,false,false
6486004,221,2:43:10,2
6486004,300,2:43:13
6486004,220,2:43:13,2
6486004,301,2:43:16,2
6486004,302,2:43:30,2,2,0,14
6486004,302,2:43:31,2,2,0,15
6486004,304,2:43:31,2,2,0,-1,,15,
6486004,305,2:43:35,2,2,0,15,
6486004,302,2:43:41,2,3,0,0
6486004,304,2:43:42,2,3,0,-1,,0,
6486004,302,2:43:47,2,4,0,3
6486004,306,2:43:48,2,0,1
6486004,304,2:43:48,2,4,0,-1,,3,
6486004,302,2:43:52,2,4,1,4
6486004,304,2:43:53,2,4,1,-1,,4,
6486004,302,2:43:56,2,5,0,4
6486004,302,2:44:1,2,5,0,6
6486004,306,2:44:2,2,1,2
6486004,304,2:44:2,2,5,0,-1,,6,
6486004,302,2:44:8,2,0,0,3
6486004,304,2:44:16,2,0,0,-1,,3,
6486004,302,2:44:22,2,1,0,8
6486004,303,2:44:24,2,1,0,8
6486004,306,2:44:30,2,2,3
6486004,304,2:44:30,2,1,0,-1,,8,bunny
6486004,221,2:44:35,2
6486004,220,2:44:36,2
6486004,203,2:44:36,2
6486004,100,2:44:44,3
6486004,102,2:44:45,3
6486004,200,2:44:45,3,7,6,6,8,12
6486004,219,2:44:45,3
6486004,216,2:44:47,Stack_G8b0
6486004,217,2:45:4,Stack_G8b0,16,0.00
6486004,218,2:45:6,3
6486004,210,2:45:8,810,451
6486004,207,2:45:9,3,-200,-470
6486004,207,2:45:10,3,-470,-620
6486004,207,2:45:11,3,-620,-830
6486004,207,2:45:14,3,-830,-995
6486004,211,2:45:15,1843,165
6486004,213,2:45:15,3,s_pictureMom_lati_gen,true
6486004,210,2:45:17,1783,199
6486004,211,2:45:18,1994,150
6486004,213,2:45:18,3,s_pictureDad_lati_gen,true
6486004,212,2:45:20,1
6486004,221,2:45:21,3
6486004,220,2:45:23,3
6486004,212,2:45:24,0
6486004,210,2:45:25,1716,543
6486004,211,2:45:32,1556,330
6486004,213,2:45:32,3,s_pillBottle_G8b0,true
6486004,205,2:45:32,3,s_pillBottle_G8b0,false,false
6486004,221,2:45:37,3
6486004,220,2:45:39,3
6486004,212,2:45:39,2
6486004,210,2:45:40,1712,410
6486004,211,2:45:40,1673,403
6486004,213,2:45:40,3,c_friend1_F_a_G8b0,true
6486004,205,2:45:40,3,c_friend1_F_a_G8b0,false,false
6486004,210,2:45:44,1498,313
6486004,211,2:45:44,1447,277
6486004,213,2:45:44,3,c_grandma_lati_a_G8b0,true
6486004,210,2:45:48,1770,193
6486004,207,2:45:51,3,-995,-770
6486004,207,2:45:53,3,-770,-470
6486004,207,2:45:55,3,-470,0
6486004,211,2:45:57,2,364
6486004,210,2:45:58,173,154
6486004,211,2:46:1,299,101
6486004,210,2:46:2,247,144
6486004,211,2:46:3,273,200
6486004,212,2:46:3,1
6486004,210,2:46:4,460,226
6486004,211,2:46:5,266,189
6486004,213,2:46:5,3,c_kidSister_lati_a_G8b0,true
6486004,205,2:46:5,3,c_kidSister_lati_a_G8b0,false,false
6486004,219,2:46:11,3
6486004,216,2:46:11,Stack_G8b1N
6486004,217,2:46:28,Stack_G8b1N,11,0.67
6486004,218,2:46:29,3
6486004,210,2:46:30,689,331
6486004,211,2:46:32,651,502
6486004,213,2:46:32,3,c_friend1_F_a_G8b1N,true
6486004,205,2:46:32,3,c_friend1_F_a_G8b1N,false,false
6486004,210,2:46:35,953,345
6486004,211,2:46:35,1011,364
6486004,210,2:46:36,912,280
6486004,207,2:46:37,3,-200,-65
6486004,211,2:46:38,199,510
6486004,213,2:46:38,3,c_kidSister_lati_a_G8b1N,true
6486004,205,2:46:38,3,c_kidSister_lati_a_G8b1N,false,false
6486004,212,2:46:43,0
6486004,210,2:46:43,912,333
6486004,207,2:46:44,3,-65,-245
6486004,207,2:46:45,3,-245,-410
6486004,211,2:46:45,1290,582
6486004,212,2:46:45,1
6486004,210,2:46:46,1222,529
6486004,211,2:46:47,1231,576
6486004,213,2:46:47,3,s_pillBottle_G8b1N,true
6486004,210,2:46:49,982,328
6486004,207,2:46:49,3,-410,-512.45
6486004,207,2:46:53,3,-512.45,-362.45
6486004,207,2:46:55,3,-362.45,-17.45
6486004,207,2:46:56,3,-17.45,0
6486004,211,2:46:58,622,551
6486004,213,2:46:58,3,c_friend1_F_a_G8b1N,true
6486004,205,2:46:58,3,c_friend1_F_a_G8b1N,false,true
6486004,212,2:47:1,2
6486004,210,2:47:2,889,251
6486004,211,2:47:3,931,217
6486004,210,2:47:3,1036,250
6486004,207,2:47:3,3,0,-165
6486004,211,2:47:4,926,237
6486004,213,2:47:4,3,c_grandma_lati_a_G8b1N,true
6486004,205,2:47:4,3,c_grandma_lati_a_G8b1N,false,false
6486004,221,2:47:10,3
6486004,300,2:47:15
6486004,220,2:47:15,3
6486004,301,2:47:19,3
6486004,302,2:47:24,3,2,1,1
6486004,304,2:47:24,3,2,1,-1,,1,
6486004,302,2:47:27,3,2,0,2
6486004,303,2:47:29,3,2,0,2
6486004,304,2:47:31,3,2,0,-1,,2,nurse
6486004,302,2:47:37,3,4,0,4
6486004,306,2:47:39,3,0,1
6486004,304,2:47:39,3,4,0,-1,,4,
6486004,302,2:47:47,3,3,0,3
6486004,304,2:47:48,3,3,0,-1,,3,
6486004,302,2:47:53,3,0,0,4
6486004,303,2:47:55,3,0,0,4
6486004,306,2:47:56,3,1,2
6486004,304,2:47:56,3,0,0,-1,,4,gym
6486004,302,2:48:7,3,5,0,12
6486004,303,2:48:9,3,5,0,12
6486004,304,2:48:11,3,5,0,-1,,12,chefs
6486004,302,2:48:17,3,1,0,3
6486004,306,2:48:17,3,2,3
6486004,304,2:48:17,3,1,0,-1,,3,
6486004,301,2:48:19,7
6486004,302,2:48:28,7,0,0,4
6486004,302,2:48:31,7,0,0,6
6486004,304,2:48:32,7,0,0,-1,,6,
6486004,302,2:48:35,7,0,1,7
6486004,304,2:48:35,7,0,1,-1,,7,
6486004,302,2:48:41,7,0,2,2
6486004,302,2:48:44,7,0,2,3
6486004,306,2:48:44,7,0,1
6486004,304,2:48:44,7,0,2,-1,,3,
6486004,302,2:48:49,7,2,0,1
6486004,304,2:48:50,7,2,0,-1,,1,
6486004,302,2:48:54,7,2,1,5
6486004,304,2:48:56,7,2,1,-1,,5,
6486004,302,2:49:3,7,1,2,1
6486004,306,2:49:4,7,1,2
6486004,304,2:49:4,7,1,2,-1,,1,
6486004,302,2:49:6,7,1,2,0
6486004,304,2:49:6,7,1,2,1,,0,
6486004,302,2:49:9,7,1,1,2
6486004,304,2:49:10,7,1,1,-1,,2,
6486004,302,2:49:13,7,1,0,4
6486004,306,2:49:13,7,2,3
6486004,304,2:49:13,7,1,0,-1,,4,
6486004,221,2:49:20,3
6486004,220,2:49:21,3
6486004,1003,2:49:21,3
6486004,1004,2:49:24,3
6486004,500,2:49:30,3,[]
6486004,501,2:49:35,3,[]
6486004,502,2:49:38,3,[IntentionData_logId:2,true]
6486004,503,2:49:39,3,[]
6486004,504,2:49:43,3,[InfluenceData_logId:6]
6486004,504,2:49:47,3,[InfluenceData_logId:1]
6486004,504,2:49:50,3,[InfluenceData_logId:5]
6486004,504,2:49:53,3,[InfluenceData_logId:3]
6486004,505,2:49:55,3,[InfluenceData_logId:1,true,InfluenceData_logId:3,true,InfluenceData_logId:6,true]
6486004,506,2:49:57,3,[]
6486004,507,2:50:7,3,[OpponentAttackData_logId:1,OpponentAttackTypeData_logId:4,false,30]
6486004,508,2:50:9,3,[]
6486004,509,2:50:12,3,[RefusalData_logId:2,2]
6486004,510,2:50:23,3,[AvailableRefusalData_logId:2,0A]
6486004,510,2:50:24,3,[AvailableRefusalData_logId:2,1A]
6486004,510,2:50:25,3,[AvailableRefusalData_logId:2,2A]
6486004,511,2:50:25,3,[AvailableRefusalData_logId:2,0A,1A,2A,true,50]
6486004,512,2:50:28,3,[]
6486004,513,2:50:28,3,[0]
6486004,514,2:50:30,3,[]
6486004,507,2:50:36,3,[OpponentAttackData_logId:2,OpponentAttackTypeData_logId:1,true,0]
6486004,508,2:50:38,3,[]
6486004,509,2:50:41,3,[RefusalData_logId:4,2]
6486004,510,2:50:52,3,[AvailableRefusalData_logId:4,0B]
6486004,510,2:50:53,3,[AvailableRefusalData_logId:4,1B]
6486004,510,2:50:53,3,[AvailableRefusalData_logId:4,2A]
6486004,511,2:50:53,3,[AvailableRefusalData_logId:4,0B,1B,2A,false,0]
6486004,512,2:50:56,3,[]
6486004,513,2:50:56,3,[30]
6486004,514,2:50:59,3,[]
6486004,507,2:51:6,3,[OpponentAttackData_logId:0,OpponentAttackTypeData_logId:3,false,30]
6486004,508,2:51:8,3,[]
6486004,509,2:51:13,3,[RefusalData_logId:6,1]
6486004,510,2:51:32,3,[AvailableRefusalData_logId:6,0A]
6486004,510,2:51:33,3,[AvailableRefusalData_logId:6,1A]
6486004,510,2:51:33,3,[AvailableRefusalData_logId:6,2A]
6486004,511,2:51:34,3,[AvailableRefusalData_logId:6,0A,1A,2A,true,30]
6486004,512,2:51:37,3,[]
6486004,513,2:51:37,3,[0]
6486004,514,2:51:38,3,[]
6486004,507,2:51:44,3,[OpponentAttackData_logId:3,OpponentAttackTypeData_logId:2,true,0]
6486004,508,2:51:46,3,[]
6486004,509,2:51:52,3,[RefusalData_logId:7,0]
6486004,510,2:52:2,3,[AvailableRefusalData_logId:7,0A]
6486004,510,2:52:3,3,[AvailableRefusalData_logId:7,1A]
6486004,510,2:52:3,3,[AvailableRefusalData_logId:7,2A]
6486004,511,2:52:3,3,[AvailableRefusalData_logId:7,0A,1A,2A,true,20]
6486004,512,2:52:6,3,[]
6486004,515,2:52:6,3,[60,0]
6486004,516,2:52:8,3,[]
6486004,517,2:52:16,3,[]
6486004,1005,2:52:16,3,[3,0,2]
6486004,1001,2:52:18,3,[]
6486004,1003,2:52:18,3
6486004,221,2:52:22,3
6486004,220,2:52:23,3
6486004,219,2:52:23,3
6486004,216,2:52:24,Stack_G8b1P
6486004,217,2:52:36,Stack_G8b1P,10,1.0
6486004,218,2:52:38,3
6486004,221,2:52:41,3
6486004,220,2:52:43,3
6486004,210,2:52:44,937,511
6486004,211,2:52:44,844,508
6486004,213,2:52:44,3,c_friend1_F_a_G8b1P,true
6486004,205,2:52:44,3,c_friend1_F_a_G8b1P,false,false
6486004,221,2:52:47,3
6486004,220,2:52:48,3
6486004,212,2:52:49,1
6486004,210,2:52:50,952,476
6486004,207,2:52:53,3,-200,0
6486004,211,2:52:53,258,172
6486004,213,2:52:53,3,c_kidSister_lati_a_G8b1P,true
6486004,210,2:52:55,311,412
6486004,207,2:53:1,3,0,-495
6486004,207,2:53:2,3,-495,-675
6486004,211,2:53:4,1461,269
6486004,213,2:53:4,3,c_grandma_lati_a_G8b1P,true
6486004,205,2:53:4,3,c_grandma_lati_a_G8b1P,false,false
6486004,210,2:53:8,1365,573
6486004,207,2:53:9,3,-675,-995
6486004,211,2:53:11,1812,228
6486004,212,2:53:11,0
6486004,210,2:53:12,1954,83
6486004,211,2:53:16,1432,604
6486004,213,2:53:16,3,s_tvGuide_G8b1P,true
6486004,210,2:53:18,1329,591
6486004,207,2:53:21,3,-995,-905
6486004,211,2:53:22,1007,508
6486004,210,2:53:23,891,440
6486004,207,2:53:23,3,-905,-785
6486004,211,2:53:24,988,499
6486004,213,2:53:24,3,s_pillBottle_F_G8b1P,true
6486004,205,2:53:24,3,s_pillBottle_F_G8b1P,false,false
6486004,210,2:53:28,906,427
6486004,211,2:53:29,352,464
6486004,207,2:53:29,3,-785,-335
6486004,219,2:53:30,3
6486004,216,2:53:31,Stack_G8b2N
6486004,217,2:53:40,Stack_G8b2N,5.2,0.33
6486004,218,2:53:42,3
6486004,210,2:53:43,959,422
6486004,211,2:53:48,1102,432
6486004,213,2:53:48,3,s_sandwichBagPills_G8b2N,true
6486004,205,2:53:48,3,s_sandwichBagPills_G8b2N,false,false
6486004,212,2:53:53,1
6486004,210,2:53:54,974,458
6486004,211,2:53:55,976,485
6486004,213,2:53:55,3,c_teacherEng_G8b2N,true
6486004,205,2:53:55,3,c_teacherEng_G8b2N,false,false
6486004,210,2:53:58,819,514
6486004,211,2:53:59,806,533
6486004,213,2:53:59,3,c_crewKid2_F_a_G8b2N,true
6486004,205,2:53:59,3,c_crewKid2_F_a_G8b2N,false,false
6486004,210,2:54:2,699,496
6486004,211,2:54:8,833,206
6486004,213,2:54:8,3,s_clock_G8b2N,true
6486004,205,2:54:8,3,s_clock_G8b2N,false,false
6486004,210,2:54:11,452,434
6486004,211,2:54:12,297,564
6486004,213,2:54:12,3,s_kid2_G8b2N,true
6486004,210,2:54:14,777,369
6486004,207,2:54:15,3,-200,-380
6486004,211,2:54:16,1211,451
6486004,213,2:54:16,3,s_kid4_G8b2N,true
6486004,210,2:54:18,1005,413
6486004,211,2:54:19,1301,442
6486004,213,2:54:19,3,s_kid3_G8b2N,true
6486004,210,2:54:21,1048,388
6486004,207,2:54:21,3,-380,-454
6486004,211,2:54:22,1390,465
6486004,213,2:54:22,3,s_kid5_G8b2N,true
6486004,210,2:54:24,1031,280
6486004,211,2:54:30,831,117
6486004,212,2:54:31,0
6486004,210,2:54:32,1436,432
6486004,207,2:54:40,3,-454,-349
6486004,207,2:54:41,3,-349,0
6486004,211,2:54:42,77,535
6486004,213,2:54:42,3,s_kid1_G8b2N,true
6486004,210,2:54:44,217,218
6486004,207,2:54:46,3,0,-120
6486004,211,2:54:46,1067,673
6486004,212,2:54:47,1
6486004,210,2:54:47,589,381
6486004,211,2:54:48,574,522
6486004,212,2:54:49,2
6486004,210,2:54:49,562,543
6486004,211,2:54:50,573,498
6486004,213,2:54:50,3,c_friend1_F_a_G8b2N,true
6486004,205,2:54:50,3,c_friend1_F_a_G8b2N,false,false
6486004,221,2:54:56,3
6486004,220,2:54:59,3
6486004,1003,2:54:59,3
6486004,221,2:55:5,3
6486004,220,2:55:9,3
6486004,1003,2:55:9,3
6486004,1004,2:55:11,3
6486004,500,2:55:14,3,[]
6486004,501,2:55:15,3,[]
6486004,502,2:55:17,3,[IntentionData_logId:2,true]
6486004,503,2:55:18,3,[]
6486004,504,2:55:23,3,[InfluenceData_logId:3]
6486004,504,2:55:25,3,[InfluenceData_logId:8]
6486004,504,2:55:30,3,[InfluenceData_logId:6]
6486004,504,2:55:33,3,[InfluenceData_logId:2]
6486004,504,2:55:35,3,[InfluenceData_logId:0]
6486004,504,2:55:37,3,[InfluenceData_logId:1]
6486004,505,2:55:38,3,[InfluenceData_logId:1,true,InfluenceData_logId:3,true,InfluenceData_logId:6,true]
6486004,506,2:55:39,3,[]
6486004,507,2:55:45,3,[OpponentAttackData_logId:0,OpponentAttackTypeData_logId:0,true,0]
6486004,508,2:55:47,3,[]
6486004,509,2:55:50,3,[RefusalData_logId:4,2]
6486004,510,2:55:56,3,[AvailableRefusalData_logId:4,0B]
6486004,510,2:55:57,3,[AvailableRefusalData_logId:4,1B]
6486004,510,2:55:57,3,[AvailableRefusalData_logId:4,2B]
6486004,511,2:55:58,3,[AvailableRefusalData_logId:4,0B,1B,2B,false,0]
6486004,512,2:56:0,3,[]
6486004,513,2:56:0,3,[30]
6486004,514,2:56:3,3,[]
6486004,507,2:56:9,3,[OpponentAttackData_logId:3,OpponentAttackTypeData_logId:2,true,0]
6486004,508,2:56:13,3,[]
6486004,509,2:56:43,3,[RefusalData_logId:2,2]
6486004,510,2:56:51,3,[AvailableRefusalData_logId:2,0A]
6486004,510,2:56:51,3,[AvailableRefusalData_logId:2,1A]
6486004,510,2:56:52,3,[AvailableRefusalData_logId:2,2A]
6486004,511,2:56:52,3,[AvailableRefusalData_logId:2,0A,1A,2A,true,50]
6486004,512,2:56:55,3,[]
6486004,513,2:56:55,3,[0]
6486004,514,2:56:55,3,[]
6486004,507,2:57:3,3,[OpponentAttackData_logId:1,OpponentAttackTypeData_logId:3,true,0]
6486004,508,2:57:5,3,[]
6486004,509,2:57:13,3,[RefusalData_logId:6,1]
6486004,510,2:57:24,3,[AvailableRefusalData_logId:6,0A]
6486004,510,2:57:24,3,[AvailableRefusalData_logId:6,1A]
6486004,510,2:57:24,3,[AvailableRefusalData_logId:6,2A]
6486004,511,2:57:25,3,[AvailableRefusalData_logId:6,0A,1A,2A,true,30]
6486004,512,2:57:28,3,[]
6486004,513,2:57:28,3,[0]
6486004,514,2:57:29,3,[]
6486004,507,2:57:33,3,[OpponentAttackData_logId:2,OpponentAttackTypeData_logId:1,true,0]
6486004,508,2:57:36,3,[]
6486004,509,2:57:40,3,[RefusalData_logId:7,0]
6486004,510,2:57:43,3,[AvailableRefusalData_logId:7,0A]
6486004,510,2:57:44,3,[AvailableRefusalData_logId:7,1A]
6486004,510,2:57:44,3,[AvailableRefusalData_logId:7,2A]
6486004,511,2:57:45,3,[AvailableRefusalData_logId:7,0A,1A,2A,true,20]
6486004,512,2:57:47,3,[]
6486004,515,2:57:47,3,[120,0]
6486004,516,2:57:48,3,[]
6486004,517,2:57:49,3,[]
6486004,1005,2:57:49,3,[3,2,3]
6486004,1001,2:57:50,3,[]
6486004,1003,2:57:50,3
6486004,221,2:57:54,3
6486004,220,2:57:56,3
6486004,219,2:57:56,3
6486004,216,2:57:57,Stack_G8b2P
6486004,217,2:58:10,Stack_G8b2P,11,0.67
6486004,218,2:58:12,3
6486004,210,2:58:13,448,478
6486004,211,2:58:14,467,554
6486004,213,2:58:14,3,c_friend1_F_a_G8b2P,true
6486004,205,2:58:14,3,c_friend1_F_a_G8b2P,false,false
6486004,210,2:58:17,670,463
6486004,207,2:58:18,3,-200,-35
6486004,211,2:58:20,189,406
6486004,213,2:58:20,3,s_videoGameScreen_G8b2P,true
6486004,210,2:58:21,312,127
6486004,211,2:58:23,876,289
6486004,213,2:58:23,3,c_mom_lati_a_G8b2P,true
6486004,210,2:58:26,710,364
6486004,207,2:58:27,3,-35,-230
6486004,211,2:58:31,1151,296
6486004,213,2:58:31,3,c_kidSister_lati_a_G8b2P,true
6486004,221,2:58:34,3
6486004,220,2:58:36,3
6486004,210,2:58:36,983,319
6486004,211,2:58:36,1280,455
6486004,207,2:58:36,3,-230,-275
6486004,210,2:58:37,1330,388
6486004,211,2:58:37,1383,437
6486004,207,2:58:37,3,-275,-365
6486004,210,2:58:37,1431,602
6486004,207,2:58:37,3,-365,-560
6486004,211,2:58:38,1387,340
6486004,213,2:58:38,3,c_grandma_lati_a_G8b2P,true
6486004,205,2:58:38,3,c_grandma_lati_a_G8b2P,false,false
6486004,221,2:58:42,3
6486004,220,2:58:43,3
6486004,212,2:58:44,1
6486004,210,2:58:45,1606,300
6486004,207,2:58:45,3,-560,-725
6486004,211,2:58:48,1558,334
6486004,213,2:58:48,3,s_pillBottle_G8b2P,true
6486004,205,2:58:48,3,s_pillBottle_G8b2P,false,false
6486004,221,2:58:51,3
6486004,220,2:58:53,3
6486004,1003,2:58:53,3
6486004,1004,2:58:55,0
6486004,500,2:58:57,0,[]
6486004,501,2:58:59,0,[]
6486004,502,2:59:6,0,[IntentionData_logId:0,false]
6486004,503,2:59:8,0,[]
6486004,1002,2:59:11,0
6486004,1003,2:59:11,3
6486004,1004,2:59:11,0
6486004,500,2:59:17,0,[]
6486004,501,2:59:18,0,[]
6486004,502,2:59:29,0,[IntentionData_logId:2,true]
6486004,503,2:59:29,0,[]
6486004,504,2:59:35,0,[InfluenceData_logId:6]
6486004,504,2:59:37,0,[InfluenceData_logId:3]
6486004,504,2:59:37,0,[InfluenceData_logId:2]
6486004,505,2:59:42,0,[InfluenceData_logId:2,true,InfluenceData_logId:3,true,InfluenceData_logId:6,true]
6486004,506,2:59:45,0,[]
6486004,507,2:59:53,0,[OpponentAttackData_logId:0,OpponentAttackTypeData_logId:1,true,0]
6486004,508,2:59:55,0,[]
6486004,509,2:59:59,0,[RefusalData_logId:8,2]
6486004,510,3:0:14,0,[AvailableRefusalData_logId:8,0A]
6486004,510,3:0:15,0,[AvailableRefusalData_logId:8,1A]
6486004,510,3:0:15,0,[AvailableRefusalData_logId:8,2A]
6486004,511,3:0:16,0,[AvailableRefusalData_logId:8,0A,1A,2A,true,50]
6486004,512,3:0:18,0,[]
6486004,513,3:0:18,0,[0]
6486004,514,3:0:19,0,[]
6486004,507,3:0:25,0,[OpponentAttackData_logId:1,OpponentAttackTypeData_logId:3,true,0]
6486004,508,3:0:27,0,[]
6486004,509,3:0:31,0,[RefusalData_logId:6,2]
6486004,510,3:0:38,0,[AvailableRefusalData_logId:6,0A]
6486004,510,3:0:38,0,[AvailableRefusalData_logId:6,1A]
6486004,510,3:0:38,0,[AvailableRefusalData_logId:6,2A]
6486004,511,3:0:39,0,[AvailableRefusalData_logId:6,0A,1A,2A,true,50]
6486004,512,3:0:41,0,[]
6486004,515,3:0:41,0,[150,0]
6486004,516,3:0:42,0,[]
6486004,517,3:0:43,0,[]
6486004,1005,3:0:43,0,[3,2,3]
6486004,1001,3:0:44,0,[]
6486004,1003,3:0:44,3
6486004,221,3:0:48,3
6486004,220,3:0:49,3
6486004,203,3:0:49,3
6486004,100,3:0:58,4
6486004,102,3:1:0,4
6486004,200,3:1:0,4,7,6,6,12,18
6486004,219,3:1:0,4
6486004,216,3:1:1,Stack_G9a0
6486004,217,3:1:24,Stack_G9a0,17,0.50
6486004,218,3:1:27,4
6486004,210,3:1:28,990,481
6486004,211,3:1:30,985,571
6486004,213,3:1:30,4,s_bathingSuit_F_G9a0,true
6486004,205,3:1:30,4,s_bathingSuit_F_G9a0,false,false
6486004,210,3:1:38,800,253
6486004,211,3:1:39,877,263
6486004,213,3:1:39,4,s_door_F_gen,true
6486004,205,3:1:39,4,s_door_F_gen,false,false
6486004,210,3:1:42,707,338
6486004,207,3:1:44,4,-200,0
6486004,211,3:1:46,636,351
6486004,221,3:1:48,4
6486004,220,3:1:51,4
6486004,212,3:1:51,0
6486004,210,3:1:52,869,320
6486004,207,3:1:52,4,0,-135
6486004,207,3:1:54,4,-135,-210
6486004,207,3:1:55,4,-210,-512
6486004,211,3:1:58,1262,340
6486004,213,3:1:58,4,s_window_F_G9a0,true
6486004,210,3:2:1,1014,82
6486004,207,3:2:6,4,-512,-392
6486004,211,3:2:8,528,201
6486004,213,3:2:8,4,s_calendar_F_gen,true
6486004,210,3:2:9,934,267
6486004,207,3:2:13,4,-392,-197
6486004,207,3:2:14,4,-197,0
6486004,211,3:2:15,299,622
6486004,212,3:2:17,2
6486004,210,3:2:17,883,316
6486004,207,3:2:18,4,0,-180
6486004,207,3:2:21,4,-180,-375
6486004,207,3:2:22,4,-375,-512
6486004,207,3:2:25,4,-512,0
6486004,211,3:2:29,429,466
6486004,212,3:2:29,1
6486004,210,3:2:31,536,173
6486004,211,3:2:34,920,343
6486004,213,3:2:34,4,s_door_F_gen,true
6486004,205,3:2:34,4,s_door_F_gen,false,true
6486004,210,3:2:38,829,78
6486004,207,3:2:39,4,0,-165
6486004,207,3:2:42,4,-165,0
6486004,207,3:2:48,4,0,-45
6486004,207,3:2:49,4,-45,-450
6486004,207,3:2:50,4,-450,-512
6486004,211,3:3:0,1433,434
6486004,212,3:3:1,0
6486004,210,3:3:1,1505,448
6486004,207,3:3:14,4,-512,-317
6486004,207,3:3:16,4,-317,-182
6486004,207,3:3:18,4,-182,0
6486004,211,3:3:18,207,248
6486004,219,3:3:19,4
6486004,216,3:3:20,Stack_G9a1N
6486004,217,3:3:30,Stack_G9a1N,8.7,0.00
6486004,218,3:3:32,4
6486004,210,3:3:33,880,176
6486004,211,3:3:34,945,196
6486004,213,3:3:34,4,s_fence_G9a1N,true
6486004,205,3:3:34,4,s_fence_G9a1N,false,false
6486004,210,3:3:37,684,131
6486004,211,3:3:39,780,189
6486004,213,3:3:39,4,s_policeCar_G9a1N,true
6486004,210,3:3:41,760,331
6486004,211,3:3:42,630,338
6486004,213,3:3:42,4,s_kid4_G9a1N,true
6486004,210,3:3:44,689,277
6486004,211,3:3:45,543,311
6486004,213,3:3:45,4,s_bathingSuits_G9a1N,true
6486004,210,3:3:48,648,385
6486004,207,3:3:50,4,-200,0
6486004,207,3:3:57,4,0,-210
6486004,211,3:3:58,1096,329
6486004,213,3:3:58,4,c_cousinsBrothersFriend_a_G9a1N,true
6486004,210,3:4:2,776,247
6486004,207,3:4:4,4,-210,-1031.4
6486004,211,3:4:5,2022,279
6486004,213,3:4:5,4,s_poolNight_ruleSign_G9a1N,true
6486004,210,3:4:7,1879,405
6486004,211,3:4:10,1583,131
6486004,213,3:4:10,4,s_potSmokeCloud_G9a1N,true
6486004,212,3:4:12,1
6486004,210,3:4:13,1874,344
6486004,211,3:4:14,1796,549
6486004,212,3:4:14,2
6486004,210,3:4:15,1863,325
6486004,211,3:4:17,1753,453
6486004,212,3:4:17,1
6486004,210,3:4:18,1542,361
6486004,211,3:4:19,1549,396
6486004,212,3:4:19,0
6486004,210,3:4:20,1542,352
6486004,211,3:4:21,1553,393
6486004,212,3:4:21,1
6486004,212,3:4:21,2
6486004,210,3:4:22,1807,208
6486004,207,3:4:24,4,-1031.4,-836.4
6486004,207,3:4:26,4,-836.4,-581.4
6486004,207,3:4:28,4,-581.4,0
6486004,211,3:4:34,361,346
6486004,213,3:4:34,4,c_cousin_F_a_G9a1N,false
6486004,1003,3:4:39,2
6486004,1004,3:4:43,2
6486004,900,3:4:45,2,[]
6486004,901,3:4:46,2,[PeopleData_id:0]
6486004,904,3:4:46,2,[PeopleData_id:0]
6486004,901,3:4:48,2,[PeopleData_id:5]
6486004,902,3:4:49,2,[PeopleData_id:5,PeopleData_data3Type]
6486004,903,3:4:52,2,[PeopleData_id5,PeopleData_data3Type]
6486004,902,3:4:53,2,[PeopleData_id:5,PeopleData_data2Type]
6486004,903,3:4:58,2,[PeopleData_id5,PeopleData_data2Type]
6486004,902,3:4:59,2,[PeopleData_id:5,PeopleData_data1Type]
6486004,903,3:5:0,2,[PeopleData_id5,PeopleData_data1Type]
6486004,902,3:5:0,2,[PeopleData_id:5,PeopleData_data0Type]
6486004,903,3:5:2,2,[PeopleData_id5,PeopleData_data0Type]
6486004,901,3:5:3,2,[PeopleData_id:5]
6486004,904,3:5:3,2,[PeopleData_id:5]
6486004,905,3:5:4,2,[PeopleData_id:5,RankTypes_id:-1,RankTypes_id:0]
6486004,901,3:5:4,2,[PeopleData_id:4]
6486004,902,3:5:5,2,[PeopleData_id:4,PeopleData_data2Type]
6486004,903,3:5:6,2,[PeopleData_id4,PeopleData_data2Type]
6486004,902,3:5:7,2,[PeopleData_id:4,PeopleData_data1Type]
6486004,903,3:5:11,2,[PeopleData_id4,PeopleData_data1Type]
6486004,902,3:5:11,2,[PeopleData_id:4,PeopleData_data0Type]
6486004,903,3:5:15,2,[PeopleData_id4,PeopleData_data0Type]
6486004,901,3:5:16,2,[PeopleData_id:4]
6486004,904,3:5:16,2,[PeopleData_id:4]
6486004,905,3:5:19,2,[PeopleData_id:4,RankTypes_id:-1,RankTypes_id:2]
6486004,901,3:5:19,2,[PeopleData_id:2]
6486004,902,3:5:21,2,[PeopleData_id:2,PeopleData_data3Type]
6486004,903,3:5:24,2,[PeopleData_id2,PeopleData_data3Type]
6486004,902,3:5:24,2,[PeopleData_id:2,PeopleData_data2Type]
6486004,903,3:5:26,2,[PeopleData_id2,PeopleData_data2Type]
6486004,902,3:5:27,2,[PeopleData_id:2,PeopleData_data1Type]
6486004,903,3:5:29,2,[PeopleData_id2,PeopleData_data1Type]
6486004,902,3:5:30,2,[PeopleData_id:2,PeopleData_data0Type]
6486004,903,3:5:33,2,[PeopleData_id2,PeopleData_data0Type]
6486004,901,3:5:33,2,[PeopleData_id:2]
6486004,904,3:5:33,2,[PeopleData_id:2]
6486004,905,3:5:37,2,[PeopleData_id:2,RankTypes_id:-1,RankTypes_id:1]
6486004,901,3:5:38,2,[PeopleData_id:6]
6486004,904,3:5:38,2,[PeopleData_id:6]
6486004,902,3:5:40,2,[PeopleData_id:6,PeopleData_data2Type]
6486004,903,3:5:43,2,[PeopleData_id6,PeopleData_data2Type]
6486004,902,3:5:43,2,[PeopleData_id:6,PeopleData_data1Type]
6486004,903,3:5:45,2,[PeopleData_id6,PeopleData_data1Type]
6486004,902,3:5:46,2,[PeopleData_id:6,PeopleData_data0Type]
6486004,903,3:5:48,2,[PeopleData_id6,PeopleData_data0Type]
6486004,901,3:5:48,2,[PeopleData_id:6]
6486004,904,3:5:48,2,[PeopleData_id:6]
6486004,905,3:5:49,2,[PeopleData_id:6,RankTypes_id:-1,RankTypes_id:0]
6486004,901,3:5:51,2,[PeopleData_id:3]
6486004,902,3:5:52,2,[PeopleData_id:3,PeopleData_data3Type]
6486004,903,3:5:56,2,[PeopleData_id3,PeopleData_data3Type]
6486004,902,3:5:56,2,[PeopleData_id:3,PeopleData_data2Type]
6486004,903,3:6:1,2,[PeopleData_id3,PeopleData_data2Type]
6486004,902,3:6:2,2,[PeopleData_id:3,PeopleData_data1Type]
6486004,903,3:6:8,2,[PeopleData_id3,PeopleData_data1Type]
6486004,902,3:6:9,2,[PeopleData_id:3,PeopleData_data0Type]
6486004,903,3:6:11,2,[PeopleData_id3,PeopleData_data0Type]
6486004,901,3:6:11,2,[PeopleData_id:3]
6486004,904,3:6:11,2,[PeopleData_id:3]
6486004,905,3:6:12,2,[PeopleData_id:3,RankTypes_id:-1,RankTypes_id:3]
6486004,901,3:6:13,2,[PeopleData_id:0]
6486004,901,3:6:15,2,[PeopleData_id:1]
6486004,902,3:6:16,2,[PeopleData_id:1,PeopleData_data2Type]
6486004,902,3:6:24,2,[PeopleData_id:1,PeopleData_data1Type]
6486004,902,3:6:27,2,[PeopleData_id:1,PeopleData_data0Type]
6486004,903,3:6:28,2,[PeopleData_id1,PeopleData_data0Type]
6486004,901,3:6:29,2,[PeopleData_id:1]
6486004,904,3:6:29,2,[PeopleData_id:1]
6486004,905,3:6:29,2,[PeopleData_id:1,RankTypes_id:-1,RankTypes_id:0]
6486004,901,3:6:30,2,[PeopleData_id:0]
6486004,902,3:6:31,2,[PeopleData_id:0,PeopleData_data3Type]
6486004,902,3:6:33,2,[PeopleData_id:0,PeopleData_data2Type]
6486004,902,3:6:40,2,[PeopleData_id:0,PeopleData_data1Type]
6486004,902,3:6:45,2,[PeopleData_id:0,PeopleData_data0Type]
6486004,903,3:6:47,2,[PeopleData_id0,PeopleData_data0Type]
6486004,901,3:6:47,2,[PeopleData_id:0]
6486004,904,3:6:47,2,[PeopleData_id:0]
6486004,905,3:6:50,2,[PeopleData_id:0,RankTypes_id:-1,RankTypes_id:2]
6486004,906,3:6:50,2,[]
6486004,907,3:6:51,2,[]
6486004,908,3:6:51,2,[InvitationData_id:3,PeopleData_id:0,RankTypes_id:2]
6486004,909,3:6:55,2,[InvitationData_id:3,PeopleData_id:0,RankTypes_id:2,1]
6486004,910,3:6:57,2,[InvitationData_id:3,5,false]
6486004,908,3:6:57,2,[InvitationData_id:2,PeopleData_id:3,RankTypes_id:3]
6486004,909,3:7:2,2,[InvitationData_id:2,PeopleData_id:3,RankTypes_id:3,1]
6486004,910,3:7:2,2,[InvitationData_id:2,7,false]
6486004,908,3:7:2,2,[InvitationData_id:0,PeopleData_id:3,RankTypes_id:3]
6486004,909,3:7:5,2,[InvitationData_id:0,PeopleData_id:3,RankTypes_id:3,1]
6486004,910,3:7:5,2,[InvitationData_id:0,7,false]
6486004,908,3:7:5,2,[InvitationData_id:8,PeopleData_id:2,RankTypes_id:1]
6486004,909,3:7:14,2,[InvitationData_id:8,PeopleData_id:2,RankTypes_id:1,1]
6486004,910,3:7:16,2,[InvitationData_id:8,0,true]
6486004,908,3:7:16,2,[InvitationData_id:1,PeopleData_id:2,RankTypes_id:1]
6486004,909,3:7:20,2,[InvitationData_id:1,PeopleData_id:2,RankTypes_id:1,0]
6486004,910,3:7:21,2,[InvitationData_id:1,0,false]
6486004,908,3:7:21,2,[InvitationData_id:10,PeopleData_id:0,RankTypes_id:2]
6486004,909,3:7:26,2,[InvitationData_id:10,PeopleData_id:0,RankTypes_id:2,1]
6486004,910,3:7:28,2,[InvitationData_id:10,0,true]
6486004,908,3:7:28,2,[InvitationData_id:5,PeopleData_id:4,RankTypes_id:2]
6486004,909,3:7:31,2,[InvitationData_id:5,PeopleData_id:4,RankTypes_id:2,1]
6486004,910,3:7:31,2,[InvitationData_id:5,5,false]
6486004,908,3:7:31,2,[InvitationData_id:9,PeopleData_id:3,RankTypes_id:3]
6486004,909,3:7:34,2,[InvitationData_id:9,PeopleData_id:3,RankTypes_id:3,1]
6486004,910,3:7:35,2,[InvitationData_id:9,7,false]
6486004,908,3:7:35,2,[InvitationData_id:4,PeopleData_id:3,RankTypes_id:3]
6486004,909,3:7:37,2,[InvitationData_id:4,PeopleData_id:3,RankTypes_id:3,1]
6486004,910,3:7:37,2,[InvitationData_id:4,7,false]
6486004,911,3:7:39,2,[38,2,0,2]
6486004,1005,3:7:39,2,[2,0,1]
6486004,1000,3:7:41,2,[]
6486004,900,3:7:41,2,[]
6486004,901,3:7:43,2,[PeopleData_id:4]
6486004,904,3:7:43,2,[PeopleData_id:4]
6486004,905,3:7:44,2,[PeopleData_id:4,RankTypes_id:-1,RankTypes_id:0]
6486004,901,3:7:46,2,[PeopleData_id:6]
6486004,904,3:7:46,2,[PeopleData_id:6]
6486004,905,3:7:47,2,[PeopleData_id:6,RankTypes_id:-1,RankTypes_id:2]
6486004,902,3:7:49,2,[PeopleData_id:6,PeopleData_data2Type]
6486004,902,3:7:51,2,[PeopleData_id:6,PeopleData_data1Type]
6486004,902,3:7:53,2,[PeopleData_id:6,PeopleData_data0Type]
6486004,902,3:7:54,2,[PeopleData_id:6,PeopleData_data2Type]
6486004,903,3:7:56,2,[PeopleData_id6,PeopleData_data2Type]
6486004,901,3:7:57,2,[PeopleData_id:6]
6486004,904,3:7:57,2,[PeopleData_id:6]
6486004,905,3:7:57,2,[PeopleData_id:6,RankTypes_id:2,RankTypes_id:0]
6486004,901,3:7:58,2,[PeopleData_id:1]
6486004,902,3:7:59,2,[PeopleData_id:1,PeopleData_data2Type]
6486004,902,3:8:1,2,[PeopleData_id:1,PeopleData_data1Type]
6486004,902,3:8:3,2,[PeopleData_id:1,PeopleData_data0Type]
6486004,903,3:8:3,2,[PeopleData_id1,PeopleData_data0Type]
6486004,901,3:8:4,2,[PeopleData_id:1]
6486004,904,3:8:4,2,[PeopleData_id:1]
6486004,905,3:8:4,2,[PeopleData_id:1,RankTypes_id:-1,RankTypes_id:0]
6486004,901,3:8:4,2,[PeopleData_id:2]
6486004,902,3:8:5,2,[PeopleData_id:2,PeopleData_data2Type]
6486004,902,3:8:7,2,[PeopleData_id:2,PeopleData_data3Type]
6486004,902,3:8:8,2,[PeopleData_id:2,PeopleData_data1Type]
6486004,902,3:8:9,2,[PeopleData_id:2,PeopleData_data0Type]
6486004,902,3:8:10,2,[PeopleData_id:2,PeopleData_data1Type]
6486004,902,3:8:13,2,[PeopleData_id:2,PeopleData_data0Type]
6486004,903,3:8:14,2,[PeopleData_id2,PeopleData_data0Type]
6486004,901,3:8:14,2,[PeopleData_id:2]
6486004,904,3:8:15,2,[PeopleData_id:2]
6486004,905,3:8:17,2,[PeopleData_id:2,RankTypes_id:-1,RankTypes_id:2]
6486004,103,3:8:27
6486004,105,3:8:28
6486004,703,3:8:31,[|| EpilogueItem ID: 0 unlocked: true ||,|| EpilogueItem ID: 1 unlocked: true ||,|| EpilogueItem ID: 2 unlocked: true ||,|| EpilogueItem ID: 3 unlocked: true ||,|| EpilogueItem ID: 4 unlocked: false ||,|| EpilogueItem ID: 5 unlocked: false ||,|| EpilogueItem ID: 6 unlocked: false ||,|| EpilogueItem ID: 7 unlocked: false ||,|| EpilogueItem ID: 8 unlocked: false ||,|| EpilogueItem ID: 9 unlocked: false ||,|| EpilogueItem ID: 10 unlocked: false ||,|| EpilogueItem ID: 11 unlocked: false ||,|| EpilogueItem ID: 12 unlocked: false ||,|| EpilogueItem ID: 13 unlocked: true ||,|| EpilogueItem ID: 14 unlocked: false ||,|| EpilogueItem ID: 15 unlocked: false ||,|| EpilogueItem ID: 16 unlocked: false ||,|| EpilogueItem ID: 17 unlocked: false ||,|| EpilogueItem ID: 18 unlocked: false ||,|| EpilogueItem ID: 19 unlocked: false ||,|| EpilogueItem ID: 20 unlocked: false ||,|| EpilogueItem ID: 21 unlocked: false ||,|| EpilogueItem ID: 22 unlocked: false ||,|| EpilogueItem ID: 23 unlocked: false ||,|| EpilogueItem ID: 24 unlocked: false ||],0.2
6486004,708,3:8:37
6486004,1,3:8:37,4/24/2013 4:01:30pm,{"gameTime":11317639,"session":[{"stackId":12,"sceneId":"1P"},{"stackId":0,"sceneId":"1P"},{"stackId":1,"sceneId":"1P"},{"stackId":1,"sceneId":"1N"},{"stackId":1,"sceneId":"2P"},{"stackId":2,"sceneId":"3P"},{"stackId":2,"sceneId":"1P"},{"stackId":2,"sceneId":"1N"},{"stackId":2,"sceneId":"2P"},{"stackId":3,"sceneId":"1P"},{"stackId":3,"sceneId":"1N"},{"stackId":3,"sceneId":"2P"}],"challengeStacks":[{"resolved":true,"challengeScenes":[{"keyPoints":["c_teacherEng_G7a0","c_bestFriend_F_a_G7a0","s_flag_gen"],"viewedAnimatic":true,"touchableObjects":["s_vocabAssignment_G7a0","s_otherStudent1_G7a0","c_friend1_F_a_G7a0","c_crewKid1_F_G7a0","s_doorClassroom_G7a0","s_angelouPoster_gen","s_clock_G7a0","c_teacherEng_G7a0","c_bestFriend_F_a_G7a0","s_flag_gen","s_poePoster_gen","s_shakespearePoster_gen","s_atwoodPoster_gen"],"unlocked":true,"miniGameCards":[]},{"keyPoints":["c_bestFriend_F_a_G7a1N","c_teacherEng_G7a1N","s_paperPlayers_G7a1N"],"viewedAnimatic":true,"touchableObjects":["s_atwoodPoster_gen","s_poePoster_gen","s_otherStudent2_G7a1N","c_bestFriend_F_a_G7a1N","c_teacherEng_G7a1N","s_paperPlayers_G7a1N","s_posterPlagiarism_gen","s_flag_gen"],"unlocked":true,"miniGameCards":[]},{"keyPoints":["s_paperEnglish_gen","c_teacherEng_G7a1P","s_flag_gen","c_bestFriend_F_a_G7a1P"],"viewedAnimatic":true,"touchableObjects":["s_paperPlayers_G7a1P","s_atwoodPoster_gen","s_angelouPoster_gen","s_shakespearePoster_gen","s_poePoster_gen","s_clock_G7a1P","s_paperEnglish_gen","c_teacherEng_G7a1P","s_flag_gen","c_bestFriend_F_a_G7a1P"],"unlocked":true,"miniGameCards":[]}],"stackSize":3},{"resolved":true,"challengeScenes":[{"keyPoints":["c_crewKid1_F_G7b0","s_backpack_F_G7b0","c_kidSister_lati_a_G7b0"],"viewedAnimatic":true,"touchableObjects":["c_cousin_F_a_G7b0","c_crewKid2_F_G7b0","c_crewKid1_F_G7b0","c_cousinsBrother_a_G7b0","s_lifeguard_G7b0","c_cousinsBrothersFriendsGF_G7b0","c_cousinsBrothersFriend_a_G7b0","s_backpack_F_G7b0","s_snackBarWorker_G7b0","c_kidSister_lati_a_G7b0"],"unlocked":true,"miniGameCards":[]},{"keyPoints":["c_kidSister_lati_a_G7b1N","c_crewKid1_F_G7b1N","s_graffiti_G7b1N","s_brokenCarWindow_G7b1N","s_sprayPaintCan_G7b1N"],"viewedAnimatic":true,"touchableObjects":["s_wreckedPlants_G7b1N","c_kidSister_lati_a_G7b1N","s_flag_G7b1N","c_cousin_F_a_G7b1N","c_teacherEng_G7b1N","c_policeOfficer_G7b1N","c_crewKid1_F_G7b1N","s_graffiti_G7b1N","s_brokenCarWindow_G7b1N","s_cat_G7b1N","s_sprayPaintCan_G7b1N"],"unlocked":true,"miniGameCards":[]},{"keyPoints":["c_cousin_F_a_G7b1P","c_cousinsBrother_a_G7b1P","s_poolDay_ruleSign_G7b1P","c_cousinsBrothersFriend_a_G7b1P"],"viewedAnimatic":true,"touchableObjects":["c_cousin_F_a_G7b1P","c_cousinsBrother_a_G7b1P","c_kidSister_lati_a_G7b1P","c_crush1_F_a_G7b1P","s_poolDay_ruleSign_G7b1P","c_cousinsBrothersFriend_a_G7b1P"],"unlocked":true,"miniGameCards":[]},{"keyPoints":["s_kid1_G7b2N","c_kidSister_lati_a_G7b2N","c_crush1_F_a_G7b2N","c_cousin_F_a_G7b2N"],"viewedAnimatic":true,"touchableObjects":["c_cousinsBrother_a_G7b2N","s_kid1_G7b2N","c_crewKid2_F_G7b2N","c_kidSister_lati_a_G7b2N","s_kidPool1_G7b2N","s_kidPool2_G7b2N","s_lifeguard_G7b2N","s_cousinsBFgirlfriend_G7b2N","c_crush1_F_a_G7b2N","c_cousin_F_a_G7b2N"],"unlocked":true,"miniGameCards":[]},{"keyPoints":["c_kidSister_lati_a_G7b2P","s_computer_F_G7b2P","c_cousin_F_a_G7b2P","s_pictureDad_lati_F_gen"],"viewedAnimatic":true,"touchableObjects":["c_grandma_lati_a_G7b2P","c_kidSister_lati_a_G7b2P","s_calendar_F_gen","s_closet_F_G7b2P","s_computer_F_G7b2P","c_cousin_F_a_G7b2P","s_pictureDad_lati_F_gen"],"unlocked":true,"miniGameCards":[]}],"stackSize":5},{"resolved":true,"challengeScenes":[{"keyPoints":["s_cellphone_G8a0","s_clock_G8a0","c_cousin_F_a_G8a0","c_crush2_F_a_G8a0","s_bottleCrush2_F_G8a0"],"viewedAnimatic":true,"touchableObjects":["c_friend1_F_G8a0","s_cellphone_G8a0","s_beerSixpack_G8a0","s_clock_G8a0","s_cigaretteKid1_G8a0","c_cousin_F_a_G8a0","s_bottleFloor_G8a0","c_crush2_F_a_G8a0","s_stairs_G8a0","s_bottleCrush2_F_G8a0"],"unlocked":true,"miniGameCards":[]},{"keyPoints":["s_basementDoor_gen","s_crush2Lips_F_G8a1N","s_crush2Sore_F_G8a1N","s_dirtyClothes_gen","s_crush2Eyes_F_G8a1N"],"viewedAnimatic":true,"touchableObjects":["c_crush2_F_a_G8a1N","s_stairs_G8a1N","s_inhalantsShelf_gen","s_waterHeater_gen","s_dryer_G8a1N","s_basementDoor_gen","s_crush2Lips_F_G8a1N","s_crush2Sore_F_G8a1N","s_dirtyClothes_gen","s_crush2Eyes_F_G8a1N"],"unlocked":true,"miniGameCards":[]},{"keyPoints":["s_inhalantsShelf_gen","s_dirtyClothes_gen","s_basementDoor_gen","c_crush2_F_a_G8a1P"],"viewedAnimatic":true,"touchableObjects":["s_spraypaintCrush2_F_G8a1P","s_inhalantsShelf_gen","s_waterHeater_gen","s_dirtyClothes_gen","s_basementDoor_gen","c_crush2_F_a_G8a1P"],"unlocked":true,"miniGameCards":[]},{"keyPoints":["c_crush2_F_a_G8a2N","s_spraypaintCan_G8a2N"],"viewedAnimatic":true,"touchableObjects":["c_friend1_F_a_G8a2N","c_crush2_F_a_G8a2N","s_fumes_G8a2N","s_spraypaintCan_G8a2N"],"unlocked":true,"miniGameCards":[]},{"keyPoints":["s_sistersToy_G8a2P","c_crush2_F_a_G8a2P","s_pictureDad_lati_gen","c_kidSister_lati_a_G8a2P","s_magazine_G8a2P"],"viewedAnimatic":true,"touchableObjects":["s_teaCup_G8a2P","s_sistersToy_G8a2P","s_videoGame_G8a2P","s_door_gen","c_crush2_F_a_G8a2P","s_pictureDad_lati_gen","c_kidSister_lati_a_G8a2P","c_grandma_lati_a_G8a2P","s_clock_G8a2P","s_magazine_G8a2P"],"unlocked":true,"miniGameCards":[]},{"keyPoints":["c_nurse_a_G8a3N","s_mirror_lati_F_a_G8a3N","s_pamphlet1_G8a3N","s_pamphlet3_G8a3N"],"viewedAnimatic":true,"touchableObjects":["c_nurse_a_G8a3N","s_phone_G8a3N","s_door_G8a3N","s_mirror_lati_F_a_G8a3N","s_pamphlet1_G8a3N","s_pamphlet3_G8a3N"],"unlocked":true,"miniGameCards":[]},{"keyPoints":["s_kidsCouch_G8a3P","c_crush2_F_a_G8a3P"],"viewedAnimatic":true,"touchableObjects":["s_window_G8a3P","s_kidStanding_G8a3P","c_friend1_F_a_G8a3P","c_crewKid1_F_a_G8a3P","s_kidsCouch_G8a3P","c_crush2_F_a_G8a3P"],"unlocked":true,"miniGameCards":[]}],"stackSize":7},{"resolved":true,"challengeScenes":[{"keyPoints":["s_pillBottle_G8b0","c_friend1_F_a_G8b0","c_kidSister_lati_a_G8b0"],"viewedAnimatic":true,"touchableObjects":["s_pictureMom_lati_gen","s_pictureDad_lati_gen","s_pillBottle_G8b0","c_friend1_F_a_G8b0","c_grandma_lati_a_G8b0","c_kidSister_lati_a_G8b0"],"unlocked":true,"miniGameCards":[]},{"keyPoints":["c_friend1_F_a_G8b1N","c_kidSister_lati_a_G8b1N","c_grandma_lati_a_G8b1N"],"viewedAnimatic":true,"touchableObjects":["c_friend1_F_a_G8b1N","c_kidSister_lati_a_G8b1N","s_pillBottle_G8b1N","c_grandma_lati_a_G8b1N"],"unlocked":true,"miniGameCards":[]},{"keyPoints":["c_friend1_F_a_G8b1P","c_grandma_lati_a_G8b1P","s_pillBottle_F_G8b1P"],"viewedAnimatic":true,"touchableObjects":["c_friend1_F_a_G8b1P","c_kidSister_lati_a_G8b1P","c_grandma_lati_a_G8b1P","s_tvGuide_G8b1P","s_pillBottle_F_G8b1P"],"unlocked":true,"miniGameCards":[]},{"keyPoints":["s_sandwichBagPills_G8b2N","c_teacherEng_G8b2N","c_crewKid2_F_a_G8b2N","s_clock_G8b2N","c_friend1_F_a_G8b2N"],"viewedAnimatic":true,"touchableObjects":["s_sandwichBagPills_G8b2N","c_teacherEng_G8b2N","c_crewKid2_F_a_G8b2N","s_clock_G8b2N","s_kid2_G8b2N","s_kid4_G8b2N","s_kid3_G8b2N","s_kid5_G8b2N","s_kid1_G8b2N","c_friend1_F_a_G8b2N"],"unlocked":true,"miniGameCards":[]},{"keyPoints":["c_friend1_F_a_G8b2P","c_grandma_lati_a_G8b2P","s_pillBottle_G8b2P"],"viewedAnimatic":true,"touchableObjects":["c_friend1_F_a_G8b2P","s_videoGameScreen_G8b2P","c_mom_lati_a_G8b2P","c_kidSister_lati_a_G8b2P","c_grandma_lati_a_G8b2P","s_pillBottle_G8b2P"],"unlocked":true,"miniGameCards":[]}],"stackSize":5},{"resolved":false,"challengeScenes":[{"keyPoints":["s_bathingSuit_F_G9a0","s_door_F_gen"],"viewedAnimatic":true,"touchableObjects":["s_bathingSuit_F_G9a0","s_door_F_gen","s_window_F_G9a0","s_calendar_F_gen"],"unlocked":true,"miniGameCards":[]},{"keyPoints":["s_fence_G9a1N"],"viewedAnimatic":true,"touchableObjects":["s_fence_G9a1N","s_policeCar_G9a1N","s_kid4_G9a1N","s_bathingSuits_G9a1N","c_cousinsBrothersFriend_a_G9a1N","s_poolNight_ruleSign_G9a1N","s_potSmokeCloud_G9a1N"],"unlocked":true,"miniGameCards":[]},{"keyPoints":[],"viewedAnimatic":false,"touchableObjects":[],"unlocked":false,"miniGameCards":[]},{"keyPoints":[],"viewedAnimatic":false,"touchableObjects":[],"unlocked":false,"miniGameCards":[]},{"keyPoints":[],"viewedAnimatic":false,"touchableObjects":[],"unlocked":false,"miniGameCards":[]}],"stackSize":5},{"resolved":false,"challengeScenes":[{"keyPoints":[],"viewedAnimatic":false,"touchableObjects":[],"unlocked":true,"miniGameCards":[]},{"keyPoints":[],"viewedAnimatic":false,"touchableObjects":[],"unlocked":true,"miniGameCards":[]},{"keyPoints":[],"viewedAnimatic":false,"touchableObjects":[],"unlocked":false,"miniGameCards":[]},{"keyPoints":[],"viewedAnimatic":false,"touchableObjects":[],"unlocked":false,"miniGameCards":[]},{"keyPoints":[],"viewedAnimatic":false,"touchableObjects":[],"unlocked":false,"miniGameCards":[]}],"stackSize":5},{"resolved":false,"challengeScenes":[{"keyPoints":[],"viewedAnimatic":false,"touchableObjects":[],"unlocked":false,"miniGameCards":[]},{"keyPoints":[],"viewedAnimatic":false,"touchableObjects":[],"unlocked":false,"miniGameCards":[]},{"keyPoints":[],"viewedAnimatic":false,"touchableObjects":[],"unlocked":false,"miniGameCards":[]},{"keyPoints":[],"viewedAnimatic":false,"touchableObjects":[],"unlocked":false,"miniGameCards":[]},{"keyPoints":[],"viewedAnimatic":false,"touchableObjects":[],"unlocked":false,"miniGameCards":[]}],"stackSize":5},{"resolved":false,"challengeScenes":[{"keyPoints":[],"viewedAnimatic":false,"touchableObjects":[],"unlocked":false,"miniGameCards":[]},{"keyPoints":[],"viewedAnimatic":false,"touchableObjects":[],"unlocked":false,"miniGameCards":[]},{"keyPoints":[],"viewedAnimatic":false,"touchableObjects":[],"unlocked":false,"miniGameCards":[]},{"keyPoints":[],"viewedAnimatic":false,"touchableObjects":[],"unlocked":false,"miniGameCards":[]},{"keyPoints":[],"viewedAnimatic":false,"touchableObjects":[],"unlocked":false,"miniGameCards":[]}],"stackSize":5},{"resolved":false,"challengeScenes":[{"keyPoints":[],"viewedAnimatic":false,"touchableObjects":[],"unlocked":true,"miniGameCards":[]},{"keyPoints":[],"viewedAnimatic":false,"touchableObjects":[],"unlocked":true,"miniGameCards":[]},{"keyPoints":[],"viewedAnimatic":false,"touchableObjects":[],"unlocked":false,"miniGameCards":[]},{"keyPoints":[],"viewedAnimatic":false,"touchableObjects":[],"unlocked":false,"miniGameCards":[]},{"keyPoints":[],"viewedAnimatic":false,"touchableObjects":[],"unlocked":false,"miniGameCards":[]}],"stackSize":5},{"resolved":false,"challengeScenes":[{"keyPoints":[],"viewedAnimatic":false,"touchableObjects":[],"unlocked":false,"miniGameCards":[]},{"keyPoints":[],"viewedAnimatic":false,"touchableObjects":[],"unlocked":false,"miniGameCards":[]},{"keyPoints":[],"viewedAnimatic":false,"touchableObjects":[],"unlocked":false,"miniGameCards":[]},{"keyPoints":[],"viewedAnimatic":false,"touchableObjects":[],"unlocked":false,"miniGameCards":[]},{"keyPoints":[],"viewedAnimatic":false,"touchableObjects":[],"unlocked":false,"miniGameCards":[]}],"stackSize":5},{"resolved":false,"challengeScenes":[{"keyPoints":[],"viewedAnimatic":false,"touchableObjects":[],"unlocked":false,"miniGameCards":[]},{"keyPoints":[],"viewedAnimatic":false,"touchableObjects":[],"unlocked":false,"miniGameCards":[]},{"keyPoints":[],"viewedAnimatic":false,"touchableObjects":[],"unlocked":false,"miniGameCards":[]},{"keyPoints":[],"viewedAnimatic":false,"touchableObjects":[],"unlocked":false,"miniGameCards":[]},{"keyPoints":[],"viewedAnimatic":false,"touchableObjects":[],"unlocked":false,"miniGameCards":[]}],"stackSize":5},{"resolved":false,"challengeScenes":[{"keyPoints":[],"viewedAnimatic":false,"touchableObjects":[],"unlocked":false,"miniGameCards":[]},{"keyPoints":[],"viewedAnimatic":false,"touchableObjects":[],"unlocked":false,"miniGameCards":[]},{"keyPoints":[],"viewedAnimatic":false,"touchableObjects":[],"unlocked":false,"miniGameCards":[]},{"keyPoints":[],"viewedAnimatic":false,"touchableObjects":[],"unlocked":false,"miniGameCards":[]},{"keyPoints":[],"viewedAnimatic":false,"touchableObjects":[],"unlocked":false,"miniGameCards":[]}],"stackSize":5},{"resolved":true,"challengeScenes":[{"keyPoints":[],"viewedAnimatic":false,"touchableObjects":["c_player_lati_F_a_G0a0"],"unlocked":true,"miniGameCards":[]},{"keyPoints":["c_family_lati_a_G0a1N","c_home_G0a1N","c_job_G0a1N"],"viewedAnimatic":false,"touchableObjects":["c_family_lati_a_G0a1N","c_home_G0a1N","c_job_G0a1N"],"unlocked":true,"miniGameCards":[]},{"keyPoints":["c_dad_lati_a_G0a1P","c_mom_lati_a_G0a1P","c_Nurse_G0a1P","c_grandma_lati_a_G0a1P","c_Teacher_G0a1P","c_kidsister_lati_a_G0a1P"],"viewedAnimatic":false,"touchableObjects":["c_friends_G0a1P","c_cousins_F_a_G0a1P","c_dad_lati_a_G0a1P","c_mom_lati_a_G0a1P","c_Nurse_G0a1P","c_grandma_lati_a_G0a1P","c_Teacher_G0a1P","c_kidsister_lati_a_G0a1P"],"unlocked":true,"miniGameCards":[]}],"stackSize":3}],"minigames":[{"levelSaveData":[{"starRating":3,"unlocked":true},{"starRating":1,"unlocked":true},{"starRating":3,"unlocked":true},{"starRating":0,"unlocked":true},{"starRating":0,"unlocked":false},{"starRating":0,"unlocked":true},{"starRating":0,"unlocked":false},{"starRating":0,"unlocked":true},{"starRating":0,"unlocked":false},{"starRating":0,"unlocked":false}],"skillPoints":7},{"levelSaveData":[{"starRating":3,"unlocked":true},{"starRating":3,"unlocked":true},{"starRating":0,"unlocked":true},{"starRating":0,"unlocked":true},{"starRating":0,"unlocked":true},{"starRating":0,"unlocked":true},{"starRating":0,"unlocked":false},{"starRating":0,"unlocked":false},{"starRating":0,"unlocked":false},{"starRating":0,"unlocked":false}],"skillPoints":6},{"levelSaveData":[{"starRating":3,"unlocked":true},{"starRating":3,"unlocked":true},{"starRating":1,"unlocked":true},{"starRating":0,"unlocked":false},{"starRating":0,"unlocked":false},{"starRating":0,"unlocked":true},{"starRating":0,"unlocked":false},{"starRating":0,"unlocked":true},{"starRating":0,"unlocked":true},{"starRating":0,"unlocked":false}],"skillPoints":7},{"levelSaveData":[{"starRating":3,"unlocked":true},{"starRating":3,"unlocked":true},{"starRating":0,"unlocked":true},{"starRating":3,"unlocked":true},{"starRating":3,"unlocked":true},{"starRating":0,"unlocked":false},{"starRating":0,"unlocked":false},{"starRating":0,"unlocked":false},{"starRating":0,"unlocked":false},{"starRating":0,"unlocked":false}],"skillPoints":12},{"name":"datona","gender":1,"visualAvatar":0,"age":12,"levelSaveData":[{"starRating":3,"unlocked":true},{"chunks":[["1"],["20$$happy","10$$funny"],["6$$music","5$$pets","15$$video games"],["0"]],"unlocked":true,"starRating":3},{"chunks":[["1"],["3$$cooking","0$$running"],["0$$drive","1$$exerciseing"]],"unlocked":true,"starRating":3},{"chunks":[["3"],["8$$bunny"],["15"],["0"],["3","4"],["6"]],"unlocked":true,"starRating":3},{"chunks":[["4$$gym"],["3"],["2$$nurse","1"],["3"],["4"],["12$$chefs"]],"unlocked":true,"starRating":3},{"chunks":[[null],[null,null,null,null],[null],[null]],"unlocked":true,"starRating":0},{"chunks":[[null],[null],[null,null],[null,null],[null]],"unlocked":false,"starRating":0},{"chunks":[[null,null,null],[null,null,null],[null],[null],[null]],"unlocked":false,"starRating":0},{"chunks":[["6","7","3"],["4","2","0"],["1","5"]],"unlocked":true,"starRating":3},{"chunks":[[null],[null],[null],[null],[null],[null]],"unlocked":false,"starRating":0}],"id":2,"skillPoints":18}],"playerId":6486004,"epilogue":{"rating":3},"sessionId":3,"avatar":{"name":"datona","gender":1,"visualAvatar":0,"age":12,"levelSaveData":[{"starRating":3,"unlocked":true},{"chunks":[["1"],["20$$happy","10$$funny"],["6$$music","5$$pets","15$$video games"],["0"]],"unlocked":true,"starRating":3},{"chunks":[["1"],["3$$cooking","0$$running"],["0$$drive","1$$exerciseing"]],"unlocked":true,"starRating":3},{"chunks":[["3"],["8$$bunny"],["15"],["0"],["3","4"],["6"]],"unlocked":true,"starRating":3},{"chunks":[["4$$gym"],["3"],["2$$nurse","1"],["3"],["4"],["12$$chefs"]],"unlocked":true,"starRating":3},{"chunks":[[null],[null,null,null,null],[null],[null]],"unlocked":true,"starRating":0},{"chunks":[[null],[null],[null,null],[null,null],[null]],"unlocked":false,"starRating":0},{"chunks":[[null,null,null],[null,null,null],[null],[null],[null]],"unlocked":false,"starRating":0},{"chunks":[["6","7","3"],["4","2","0"],["1","5"]],"unlocked":true,"starRating":3},{"chunks":[[null],[null],[null],[null],[null],[null]],"unlocked":false,"starRating":0}],"id":2,"skillPoints":18}}
