6486004,0,8:58:29,5/24/2013 3:04:36pm
6486004,100,8:58:33,11
6486004,102,8:58:35,11
6486004,200,8:58:35,11,29,30,29,30,30
6486004,210,8:59:9,981,350
6486004,207,8:59:11,11,-200,-1033
6486004,211,8:59:12,1852,471
6486004,213,8:59:12,11,c_cousinsBrothersFriend_b_G12b2P,false
6486004,1003,8:59:15,2
6486004,1004,8:59:16,6
6486004,900,9:1:57,6,[]
6486004,901,9:2:3,6,[PeopleData_id:1]
6486004,902,9:2:4,6,[PeopleData_id:1,PeopleData_data3Type]
6486004,902,9:2:5,6,[PeopleData_id:1,PeopleData_data2Type]
6486004,902,9:2:11,6,[PeopleData_id:1,PeopleData_data1Type]
6486004,903,9:2:13,6,[PeopleData_id1,PeopleData_data1Type]
6486004,902,9:2:30,6,[PeopleData_id:1,PeopleData_data3Type]
6486004,903,9:2:33,6,[PeopleData_id1,PeopleData_data3Type]
6486004,902,9:2:33,6,[PeopleData_id:1,PeopleData_data2Type]
6486004,903,9:2:36,6,[PeopleData_id1,PeopleData_data2Type]
6486004,902,9:2:37,6,[PeopleData_id:1,PeopleData_data1Type]
6486004,903,9:2:44,6,[PeopleData_id1,PeopleData_data1Type]
6486004,902,9:2:44,6,[PeopleData_id:1,PeopleData_data0Type]
6486004,903,9:2:47,6,[PeopleData_id1,PeopleData_data0Type]
6486004,901,9:2:53,6,[PeopleData_id:1]
6486004,904,9:2:53,6,[PeopleData_id:1]
6486004,905,9:2:55,6,[PeopleData_id:1,RankTypes_id:-1,RankTypes_id:1]
6486004,901,9:2:56,6,[PeopleData_id:8]
6486004,902,9:2:57,6,[PeopleData_id:8,PeopleData_data2Type]
6486004,903,9:3:7,6,[PeopleData_id8,PeopleData_data2Type]
6486004,902,9:3:7,6,[PeopleData_id:8,PeopleData_data1Type]
6486004,902,9:3:10,6,[PeopleData_id:8,PeopleData_data0Type]
6486004,902,9:3:13,6,[PeopleData_id:8,PeopleData_data2Type]
6486004,903,9:3:15,6,[PeopleData_id8,PeopleData_data2Type]
6486004,901,9:3:16,6,[PeopleData_id:8]
6486004,904,9:3:16,6,[PeopleData_id:8]
6486004,905,9:3:17,6,[PeopleData_id:8,RankTypes_id:-1,RankTypes_id:2]
6486004,901,9:3:17,6,[PeopleData_id:5]
6486004,902,9:3:18,6,[PeopleData_id:5,PeopleData_data3Type]
6486004,902,9:3:25,6,[PeopleData_id:5,PeopleData_data2Type]
6486004,902,9:3:28,6,[PeopleData_id:5,PeopleData_data1Type]
6486004,902,9:3:34,6,[PeopleData_id:5,PeopleData_data0Type]
6486004,903,9:3:37,6,[PeopleData_id5,PeopleData_data0Type]
6486004,901,9:3:38,6,[PeopleData_id:5]
6486004,904,9:3:38,6,[PeopleData_id:5]
6486004,905,9:3:39,6,[PeopleData_id:5,RankTypes_id:-1,RankTypes_id:2]
6486004,901,9:3:41,6,[PeopleData_id:5]
6486004,904,9:3:41,6,[PeopleData_id:5]
6486004,905,9:3:43,6,[PeopleData_id:5,RankTypes_id:2,RankTypes_id:4]
6486004,901,9:3:44,6,[PeopleData_id:0]
6486004,902,9:3:45,6,[PeopleData_id:0,PeopleData_data3Type]
6486004,902,9:3:52,6,[PeopleData_id:0,PeopleData_data2Type]
6486004,902,9:4:3,6,[PeopleData_id:0,PeopleData_data1Type]
6486004,902,9:4:7,6,[PeopleData_id:0,PeopleData_data0Type]
6486004,903,9:4:12,6,[PeopleData_id0,PeopleData_data0Type]
6486004,901,9:4:14,6,[PeopleData_id:0]
6486004,904,9:4:14,6,[PeopleData_id:0]
6486004,905,9:4:16,6,[PeopleData_id:0,RankTypes_id:-1,RankTypes_id:1]
6486004,901,9:4:18,6,[PeopleData_id:6]
6486004,902,9:4:19,6,[PeopleData_id:6,PeopleData_data2Type]
6486004,902,9:4:29,6,[PeopleData_id:6,PeopleData_data1Type]
6486004,902,9:4:31,6,[PeopleData_id:6,PeopleData_data0Type]
6486004,903,9:4:33,6,[PeopleData_id6,PeopleData_data0Type]
6486004,901,9:4:33,6,[PeopleData_id:6]
6486004,904,9:4:34,6,[PeopleData_id:6]
6486004,905,9:4:34,6,[PeopleData_id:6,RankTypes_id:-1,RankTypes_id:4]
6486004,901,9:4:44,6,[PeopleData_id:4]
6486004,904,9:4:44,6,[PeopleData_id:4]
6486004,902,9:4:45,6,[PeopleData_id:4,PeopleData_data3Type]
6486004,903,9:4:54,6,[PeopleData_id4,PeopleData_data3Type]
6486004,902,9:4:55,6,[PeopleData_id:4,PeopleData_data2Type]
6486004,902,9:5:14,6,[PeopleData_id:4,PeopleData_data1Type]
6486004,902,9:5:17,6,[PeopleData_id:4,PeopleData_data0Type]
6486004,903,9:5:24,6,[PeopleData_id4,PeopleData_data0Type]
6486004,901,9:5:26,6,[PeopleData_id:4]
6486004,904,9:5:26,6,[PeopleData_id:4]
6486004,905,9:5:27,6,[PeopleData_id:4,RankTypes_id:-1,RankTypes_id:3]
6486004,901,9:5:27,6,[PeopleData_id:3]
6486004,902,9:5:28,6,[PeopleData_id:3,PeopleData_data1Type]
6486004,902,9:5:45,6,[PeopleData_id:3,PeopleData_data0Type]
6486004,903,9:5:47,6,[PeopleData_id3,PeopleData_data0Type]
6486004,901,9:5:47,6,[PeopleData_id:3]
6486004,904,9:5:48,6,[PeopleData_id:3]
6486004,905,9:5:48,6,[PeopleData_id:3,RankTypes_id:-1,RankTypes_id:3]
6486004,901,9:5:49,6,[PeopleData_id:7]
6486004,902,9:5:51,6,[PeopleData_id:7,PeopleData_data3Type]
6486004,902,9:5:55,6,[PeopleData_id:7,PeopleData_data2Type]
6486004,902,9:5:57,6,[PeopleData_id:7,PeopleData_data1Type]
6486004,902,9:5:59,6,[PeopleData_id:7,PeopleData_data0Type]
6486004,903,9:6:2,6,[PeopleData_id7,PeopleData_data0Type]
6486004,901,9:6:2,6,[PeopleData_id:7]
6486004,904,9:6:2,6,[PeopleData_id:7]
6486004,905,9:6:3,6,[PeopleData_id:7,RankTypes_id:-1,RankTypes_id:0]
6486004,901,9:6:3,6,[PeopleData_id:1]
6486004,905,9:6:3,6,[PeopleData_id:1,RankTypes_id:1,RankTypes_id:1]
6486004,901,9:6:3,6,[PeopleData_id:1]
6486004,905,9:6:3,6,[PeopleData_id:1,RankTypes_id:1,RankTypes_id:1]
6486004,902,9:6:4,6,[PeopleData_id:1,PeopleData_data3Type]
6486004,902,9:6:7,6,[PeopleData_id:1,PeopleData_data2Type]
6486004,902,9:6:10,6,[PeopleData_id:1,PeopleData_data1Type]
6486004,902,9:6:11,6,[PeopleData_id:1,PeopleData_data0Type]
6486004,903,9:6:11,6,[PeopleData_id1,PeopleData_data0Type]
6486004,901,9:6:13,6,[PeopleData_id:1]
6486004,904,9:6:13,6,[PeopleData_id:1]
6486004,905,9:6:13,6,[PeopleData_id:1,RankTypes_id:1,RankTypes_id:0]
6486004,901,9:6:13,6,[PeopleData_id:0]
6486004,905,9:6:13,6,[PeopleData_id:0,RankTypes_id:1,RankTypes_id:1]
6486004,901,9:6:15,6,[PeopleData_id:2]
6486004,902,9:6:16,6,[PeopleData_id:2,PeopleData_data2Type]
6486004,902,9:6:29,6,[PeopleData_id:2,PeopleData_data1Type]
6486004,902,9:6:33,6,[PeopleData_id:2,PeopleData_data0Type]
6486004,903,9:6:35,6,[PeopleData_id2,PeopleData_data0Type]
6486004,901,9:6:36,6,[PeopleData_id:2]
6486004,904,9:6:36,6,[PeopleData_id:2]
6486004,905,9:6:37,6,[PeopleData_id:2,RankTypes_id:-1,RankTypes_id:3]
6486004,906,9:6:37,6,[]
6486004,907,9:6:38,6,[]
6486004,908,9:6:38,6,[InvitationData_id:3,PeopleData_id:5,RankTypes_id:4]
6486004,909,9:6:48,6,[InvitationData_id:3,PeopleData_id:5,RankTypes_id:4,0]
6486004,910,9:6:59,6,[InvitationData_id:3,-11,false]
6486004,908,9:6:59,6,[InvitationData_id:0,PeopleData_id:8,RankTypes_id:2]
6486004,909,9:7:3,6,[InvitationData_id:0,PeopleData_id:8,RankTypes_id:2,1]
6486004,910,9:7:8,6,[InvitationData_id:0,0,true]
6486004,908,9:7:8,6,[InvitationData_id:10,PeopleData_id:8,RankTypes_id:2]
6486004,909,9:7:10,6,[InvitationData_id:10,PeopleData_id:8,RankTypes_id:2,0]
6486004,910,9:7:12,6,[InvitationData_id:10,-2,false]
6486004,908,9:7:12,6,[InvitationData_id:7,PeopleData_id:6,RankTypes_id:4]
6486004,909,9:7:14,6,[InvitationData_id:7,PeopleData_id:6,RankTypes_id:4,1]
6486004,910,9:7:22,6,[InvitationData_id:7,9,false]
6486004,908,9:7:22,6,[InvitationData_id:13,PeopleData_id:8,RankTypes_id:2]
6486004,909,9:7:27,6,[InvitationData_id:13,PeopleData_id:8,RankTypes_id:2,0]
6486004,910,9:7:29,6,[InvitationData_id:13,-2,false]
6486004,908,9:7:29,6,[InvitationData_id:4,PeopleData_id:6,RankTypes_id:4]
6486004,909,9:7:33,6,[InvitationData_id:4,PeopleData_id:6,RankTypes_id:4,1]
6486004,910,9:7:34,6,[InvitationData_id:4,9,false]
6486004,908,9:7:34,6,[InvitationData_id:6,PeopleData_id:3,RankTypes_id:3]
6486004,909,9:7:39,6,[InvitationData_id:6,PeopleData_id:3,RankTypes_id:3,0]
6486004,910,9:7:42,6,[InvitationData_id:6,-7,false]
6486004,908,9:7:42,6,[InvitationData_id:11,PeopleData_id:0,RankTypes_id:1]
6486004,909,9:7:45,6,[InvitationData_id:11,PeopleData_id:0,RankTypes_id:1,0]
6486004,910,9:7:47,6,[InvitationData_id:11,0,false]
6486004,908,9:7:47,6,[InvitationData_id:12,PeopleData_id:5,RankTypes_id:4]
6486004,909,9:7:53,6,[InvitationData_id:12,PeopleData_id:5,RankTypes_id:4,0]
6486004,910,9:7:54,6,[InvitationData_id:12,-11,false]
6486004,908,9:7:54,6,[InvitationData_id:8,PeopleData_id:5,RankTypes_id:4]
6486004,901,9:7:58,6,[PeopleData_id:8]
6486004,909,9:8:1,6,[InvitationData_id:8,PeopleData_id:5,RankTypes_id:4,1]
6486004,910,9:8:3,6,[InvitationData_id:8,9,false]
6486004,908,9:8:3,6,[InvitationData_id:9,PeopleData_id:6,RankTypes_id:4]
6486004,909,9:8:8,6,[InvitationData_id:9,PeopleData_id:6,RankTypes_id:4,1]
6486004,910,9:8:10,6,[InvitationData_id:9,9,false]
6486004,908,9:8:10,6,[InvitationData_id:2,PeopleData_id:6,RankTypes_id:4]
6486004,909,9:8:12,6,[InvitationData_id:2,PeopleData_id:6,RankTypes_id:4,1]
6486004,910,9:8:13,6,[InvitationData_id:2,9,false]
6486004,908,9:8:13,6,[InvitationData_id:1,PeopleData_id:0,RankTypes_id:1]
6486004,909,9:8:17,6,[InvitationData_id:1,PeopleData_id:0,RankTypes_id:1,1]
6486004,910,9:8:19,6,[InvitationData_id:1,0,true]
6486004,908,9:8:19,6,[InvitationData_id:5,PeopleData_id:5,RankTypes_id:4]
6486004,909,9:8:23,6,[InvitationData_id:5,PeopleData_id:5,RankTypes_id:4,1]
6486004,910,9:8:23,6,[InvitationData_id:5,9,false]
6486004,911,9:8:26,6,[21,2,0,2]
6486004,1001,9:8:28,6,[]
6486004,1003,9:8:28,2
6486004,1004,9:8:38,6
6486004,900,9:8:41,6,[]
6486004,901,9:8:43,6,[PeopleData_id:5]
6486004,904,9:8:43,6,[PeopleData_id:5]
6486004,902,9:8:44,6,[PeopleData_id:5,PeopleData_data3Type]
6486004,903,9:8:46,6,[PeopleData_id5,PeopleData_data3Type]
6486004,902,9:8:46,6,[PeopleData_id:5,PeopleData_data2Type]
6486004,903,9:8:48,6,[PeopleData_id5,PeopleData_data2Type]
6486004,901,9:8:48,6,[PeopleData_id:5]
6486004,904,9:8:48,6,[PeopleData_id:5]
6486004,905,9:8:49,6,[PeopleData_id:5,RankTypes_id:-1,RankTypes_id:3]
6486004,901,9:8:50,6,[PeopleData_id:7]
6486004,904,9:8:50,6,[PeopleData_id:7]
6486004,902,9:8:51,6,[PeopleData_id:7,PeopleData_data3Type]
6486004,903,9:8:53,6,[PeopleData_id7,PeopleData_data3Type]
6486004,902,9:8:54,6,[PeopleData_id:7,PeopleData_data2Type]
6486004,903,9:8:55,6,[PeopleData_id7,PeopleData_data2Type]
6486004,901,9:8:55,6,[PeopleData_id:7]
6486004,904,9:8:55,6,[PeopleData_id:7]
6486004,905,9:8:56,6,[PeopleData_id:7,RankTypes_id:-1,RankTypes_id:0]
6486004,901,9:8:56,6,[PeopleData_id:4]
6486004,904,9:8:56,6,[PeopleData_id:4]
6486004,902,9:8:57,6,[PeopleData_id:4,PeopleData_data3Type]
6486004,903,9:8:59,6,[PeopleData_id4,PeopleData_data3Type]
6486004,902,9:9:0,6,[PeopleData_id:4,PeopleData_data2Type]
6486004,903,9:9:1,6,[PeopleData_id4,PeopleData_data2Type]
6486004,902,9:9:2,6,[PeopleData_id:4,PeopleData_data1Type]
6486004,903,9:9:3,6,[PeopleData_id4,PeopleData_data1Type]
6486004,901,9:9:4,6,[PeopleData_id:4]
6486004,904,9:9:4,6,[PeopleData_id:4]
6486004,905,9:9:4,6,[PeopleData_id:4,RankTypes_id:-1,RankTypes_id:3]
6486004,901,9:9:5,6,[PeopleData_id:6]
6486004,902,9:9:5,6,[PeopleData_id:6,PeopleData_data2Type]
6486004,903,9:9:7,6,[PeopleData_id6,PeopleData_data2Type]
6486004,902,9:9:7,6,[PeopleData_id:6,PeopleData_data1Type]
6486004,903,9:9:8,6,[PeopleData_id6,PeopleData_data1Type]
6486004,902,9:9:9,6,[PeopleData_id:6,PeopleData_data0Type]
6486004,903,9:9:9,6,[PeopleData_id6,PeopleData_data0Type]
6486004,901,9:9:10,6,[PeopleData_id:6]
6486004,904,9:9:10,6,[PeopleData_id:6]
6486004,905,9:9:10,6,[PeopleData_id:6,RankTypes_id:-1,RankTypes_id:3]
6486004,901,9:9:11,6,[PeopleData_id:0]
6486004,902,9:9:12,6,[PeopleData_id:0,PeopleData_data3Type]
6486004,903,9:9:14,6,[PeopleData_id0,PeopleData_data3Type]
6486004,902,9:9:15,6,[PeopleData_id:0,PeopleData_data2Type]
6486004,903,9:9:16,6,[PeopleData_id0,PeopleData_data2Type]
6486004,902,9:9:16,6,[PeopleData_id:0,PeopleData_data1Type]
6486004,903,9:9:17,6,[PeopleData_id0,PeopleData_data1Type]
6486004,902,9:9:18,6,[PeopleData_id:0,PeopleData_data0Type]
6486004,903,9:9:19,6,[PeopleData_id0,PeopleData_data0Type]
6486004,901,9:9:20,6,[PeopleData_id:0]
6486004,904,9:9:20,6,[PeopleData_id:0]
6486004,905,9:9:20,6,[PeopleData_id:0,RankTypes_id:-1,RankTypes_id:0]
6486004,901,9:9:21,6,[PeopleData_id:3]
6486004,902,9:9:22,6,[PeopleData_id:3,PeopleData_data1Type]
6486004,903,9:9:23,6,[PeopleData_id3,PeopleData_data1Type]
6486004,902,9:9:24,6,[PeopleData_id:3,PeopleData_data0Type]
6486004,903,9:9:25,6,[PeopleData_id3,PeopleData_data0Type]
6486004,901,9:9:25,6,[PeopleData_id:3]
6486004,904,9:9:25,6,[PeopleData_id:3]
6486004,905,9:9:26,6,[PeopleData_id:3,RankTypes_id:-1,RankTypes_id:4]
6486004,901,9:9:26,6,[PeopleData_id:8]
6486004,902,9:9:27,6,[PeopleData_id:8,PeopleData_data2Type]
6486004,902,9:9:29,6,[PeopleData_id:8,PeopleData_data1Type]
6486004,902,9:9:31,6,[PeopleData_id:8,PeopleData_data0Type]
6486004,903,9:9:32,6,[PeopleData_id8,PeopleData_data0Type]
6486004,901,9:9:33,6,[PeopleData_id:8]
6486004,904,9:9:33,6,[PeopleData_id:8]
6486004,905,9:9:34,6,[PeopleData_id:8,RankTypes_id:-1,RankTypes_id:2]
6486004,901,9:9:34,6,[PeopleData_id:1]
6486004,902,9:9:35,6,[PeopleData_id:1,PeopleData_data3Type]
6486004,902,9:9:36,6,[PeopleData_id:1,PeopleData_data2Type]
6486004,903,9:9:38,6,[PeopleData_id1,PeopleData_data2Type]
6486004,901,9:9:38,6,[PeopleData_id:1]
6486004,904,9:9:38,6,[PeopleData_id:1]
6486004,905,9:9:39,6,[PeopleData_id:1,RankTypes_id:-1,RankTypes_id:0]
6486004,901,9:9:39,6,[PeopleData_id:1]
6486004,904,9:9:39,6,[PeopleData_id:1]
6486004,905,9:9:40,6,[PeopleData_id:1,RankTypes_id:0,RankTypes_id:0]
6486004,901,9:9:40,6,[PeopleData_id:2]
6486004,902,9:9:41,6,[PeopleData_id:2,PeopleData_data2Type]
6486004,902,9:9:43,6,[PeopleData_id:2,PeopleData_data1Type]
6486004,902,9:9:45,6,[PeopleData_id:2,PeopleData_data0Type]
6486004,903,9:9:46,6,[PeopleData_id2,PeopleData_data0Type]
6486004,901,9:9:46,6,[PeopleData_id:2]
6486004,904,9:9:46,6,[PeopleData_id:2]
6486004,905,9:9:47,6,[PeopleData_id:2,RankTypes_id:-1,RankTypes_id:4]
6486004,906,9:9:47,6,[]
6486004,907,9:9:48,6,[]
6486004,908,9:9:48,6,[InvitationData_id:6,PeopleData_id:3,RankTypes_id:4]
6486004,909,9:9:53,6,[InvitationData_id:6,PeopleData_id:3,RankTypes_id:4,0]
6486004,910,9:9:54,6,[InvitationData_id:6,-11,false]
6486004,908,9:9:54,6,[InvitationData_id:10,PeopleData_id:8,RankTypes_id:2]
6486004,909,9:9:58,6,[InvitationData_id:10,PeopleData_id:8,RankTypes_id:2,0]
6486004,910,9:10:0,6,[InvitationData_id:10,-2,false]
6486004,908,9:10:0,6,[InvitationData_id:0,PeopleData_id:8,RankTypes_id:2]
6486004,909,9:10:5,6,[InvitationData_id:0,PeopleData_id:8,RankTypes_id:2,0]
6486004,910,9:10:7,6,[InvitationData_id:0,-2,false]
6486004,908,9:10:7,6,[InvitationData_id:5,PeopleData_id:2,RankTypes_id:4]
6486004,909,9:10:10,6,[InvitationData_id:5,PeopleData_id:2,RankTypes_id:4,1]
6486004,910,9:10:11,6,[InvitationData_id:5,9,false]
6486004,908,9:10:11,6,[InvitationData_id:13,PeopleData_id:8,RankTypes_id:2]
6486004,909,9:10:14,6,[InvitationData_id:13,PeopleData_id:8,RankTypes_id:2,0]
6486004,910,9:10:15,6,[InvitationData_id:13,-2,false]
6486004,908,9:10:15,6,[InvitationData_id:9,PeopleData_id:2,RankTypes_id:4]
6486004,909,9:10:21,6,[InvitationData_id:9,PeopleData_id:2,RankTypes_id:4,1]
6486004,910,9:10:22,6,[InvitationData_id:9,9,false]
6486004,908,9:10:22,6,[InvitationData_id:3,PeopleData_id:5,RankTypes_id:3]
6486004,909,9:10:24,6,[InvitationData_id:3,PeopleData_id:5,RankTypes_id:3,0]
6486004,910,9:10:25,6,[InvitationData_id:3,-7,false]
6486004,908,9:10:25,6,[InvitationData_id:12,PeopleData_id:3,RankTypes_id:4]
6486004,909,9:10:27,6,[InvitationData_id:12,PeopleData_id:3,RankTypes_id:4,0]
6486004,910,9:10:28,6,[InvitationData_id:12,-11,false]
6486004,908,9:10:28,6,[InvitationData_id:7,PeopleData_id:2,RankTypes_id:4]
6486004,909,9:10:33,6,[InvitationData_id:7,PeopleData_id:2,RankTypes_id:4,1]
6486004,910,9:10:35,6,[InvitationData_id:7,9,false]
6486004,908,9:10:35,6,[InvitationData_id:8,PeopleData_id:5,RankTypes_id:3]
6486004,909,9:10:37,6,[InvitationData_id:8,PeopleData_id:5,RankTypes_id:3,1]
6486004,910,9:10:38,6,[InvitationData_id:8,7,false]
6486004,908,9:10:38,6,[InvitationData_id:2,PeopleData_id:6,RankTypes_id:3]
6486004,909,9:10:41,6,[InvitationData_id:2,PeopleData_id:6,RankTypes_id:3,1]
6486004,910,9:10:41,6,[InvitationData_id:2,7,false]
6486004,908,9:10:41,6,[InvitationData_id:4,PeopleData_id:3,RankTypes_id:4]
6486004,909,9:10:45,6,[InvitationData_id:4,PeopleData_id:3,RankTypes_id:4,1]
6486004,910,9:10:45,6,[InvitationData_id:4,9,false]
6486004,911,9:10:48,6,[15,0,0,0]
6486004,1001,9:10:50,6,[]
6486004,1003,9:10:50,2
6486004,1004,9:10:52,6
6486004,900,9:10:56,6,[]
6486004,901,9:10:57,6,[PeopleData_id:8]
6486004,902,9:10:58,6,[PeopleData_id:8,PeopleData_data2Type]
6486004,902,9:11:0,6,[PeopleData_id:8,PeopleData_data1Type]
6486004,902,9:11:2,6,[PeopleData_id:8,PeopleData_data0Type]
6486004,903,9:11:3,6,[PeopleData_id8,PeopleData_data0Type]
6486004,901,9:11:4,6,[PeopleData_id:8]
6486004,904,9:11:4,6,[PeopleData_id:8]
6486004,905,9:11:5,6,[PeopleData_id:8,RankTypes_id:-1,RankTypes_id:3]
6486004,901,9:11:6,6,[PeopleData_id:7]
6486004,902,9:11:7,6,[PeopleData_id:7,PeopleData_data3Type]
6486004,902,9:11:8,6,[PeopleData_id:7,PeopleData_data2Type]
6486004,903,9:11:9,6,[PeopleData_id7,PeopleData_data2Type]
6486004,901,9:11:9,6,[PeopleData_id:7]
6486004,904,9:11:9,6,[PeopleData_id:7]
6486004,905,9:11:10,6,[PeopleData_id:7,RankTypes_id:-1,RankTypes_id:0]
6486004,901,9:11:10,6,[PeopleData_id:6]
6486004,902,9:11:11,6,[PeopleData_id:6,PeopleData_data2Type]
6486004,902,9:11:12,6,[PeopleData_id:6,PeopleData_data1Type]
6486004,902,9:11:13,6,[PeopleData_id:6,PeopleData_data0Type]
6486004,903,9:11:14,6,[PeopleData_id6,PeopleData_data0Type]
6486004,901,9:11:14,6,[PeopleData_id:6]
6486004,904,9:11:14,6,[PeopleData_id:6]
6486004,905,9:11:15,6,[PeopleData_id:6,RankTypes_id:-1,RankTypes_id:3]
6486004,901,9:11:15,6,[PeopleData_id:0]
6486004,902,9:11:16,6,[PeopleData_id:0,PeopleData_data3Type]
6486004,903,9:11:18,6,[PeopleData_id0,PeopleData_data3Type]
6486004,901,9:11:19,6,[PeopleData_id:0]
6486004,904,9:11:19,6,[PeopleData_id:0]
6486004,905,9:11:20,6,[PeopleData_id:0,RankTypes_id:-1,RankTypes_id:0]
6486004,901,9:11:20,6,[PeopleData_id:5]
6486004,902,9:11:21,6,[PeopleData_id:5,PeopleData_data3Type]
6486004,903,9:11:24,6,[PeopleData_id5,PeopleData_data3Type]
6486004,901,9:11:24,6,[PeopleData_id:5]
6486004,904,9:11:24,6,[PeopleData_id:5]
6486004,905,9:11:25,6,[PeopleData_id:5,RankTypes_id:-1,RankTypes_id:4]
6486004,901,9:11:25,6,[PeopleData_id:3]
6486004,902,9:11:26,6,[PeopleData_id:3,PeopleData_data1Type]
6486004,903,9:11:27,6,[PeopleData_id3,PeopleData_data1Type]
6486004,901,9:11:28,6,[PeopleData_id:3]
6486004,904,9:11:28,6,[PeopleData_id:3]
6486004,905,9:11:28,6,[PeopleData_id:3,RankTypes_id:-1,RankTypes_id:4]
6486004,901,9:11:29,6,[PeopleData_id:2]
6486004,902,9:11:30,6,[PeopleData_id:2,PeopleData_data2Type]
6486004,902,9:11:32,6,[PeopleData_id:2,PeopleData_data1Type]
6486004,902,9:11:33,6,[PeopleData_id:2,PeopleData_data0Type]
6486004,903,9:11:33,6,[PeopleData_id2,PeopleData_data0Type]
6486004,901,9:11:34,6,[PeopleData_id:2]
6486004,904,9:11:34,6,[PeopleData_id:2]
6486004,905,9:11:34,6,[PeopleData_id:2,RankTypes_id:-1,RankTypes_id:3]
6486004,901,9:11:35,6,[PeopleData_id:4]
6486004,902,9:11:36,6,[PeopleData_id:4,PeopleData_data3Type]
6486004,902,9:11:37,6,[PeopleData_id:4,PeopleData_data2Type]
6486004,902,9:11:38,6,[PeopleData_id:4,PeopleData_data1Type]
6486004,903,9:11:40,6,[PeopleData_id4,PeopleData_data1Type]
6486004,901,9:11:40,6,[PeopleData_id:4]
6486004,904,9:11:40,6,[PeopleData_id:4]
6486004,905,9:11:41,6,[PeopleData_id:4,RankTypes_id:-1,RankTypes_id:3]
6486004,901,9:11:41,6,[PeopleData_id:1]
6486004,901,9:11:42,6,[PeopleData_id:1]
6486004,902,9:11:43,6,[PeopleData_id:1,PeopleData_data3Type]
6486004,903,9:11:45,6,[PeopleData_id1,PeopleData_data3Type]
6486004,901,9:11:45,6,[PeopleData_id:1]
6486004,904,9:11:45,6,[PeopleData_id:1]
6486004,905,9:11:46,6,[PeopleData_id:1,RankTypes_id:-1,RankTypes_id:0]
6486004,906,9:11:46,6,[]
6486004,907,9:11:47,6,[]
6486004,908,9:11:47,6,[InvitationData_id:13,PeopleData_id:8,RankTypes_id:3]
6486004,909,9:11:50,6,[InvitationData_id:13,PeopleData_id:8,RankTypes_id:3,0]
6486004,910,9:11:51,6,[InvitationData_id:13,-7,false]
6486004,908,9:11:51,6,[InvitationData_id:8,PeopleData_id:5,RankTypes_id:4]
6486004,909,9:11:53,6,[InvitationData_id:8,PeopleData_id:5,RankTypes_id:4,1]
6486004,910,9:11:53,6,[InvitationData_id:8,9,false]
6486004,908,9:11:53,6,[InvitationData_id:4,PeopleData_id:3,RankTypes_id:4]
6486004,909,9:11:56,6,[InvitationData_id:4,PeopleData_id:3,RankTypes_id:4,1]
6486004,910,9:11:58,6,[InvitationData_id:4,9,false]
6486004,908,9:11:58,6,[InvitationData_id:12,PeopleData_id:3,RankTypes_id:4]
6486004,909,9:11:59,6,[InvitationData_id:12,PeopleData_id:3,RankTypes_id:4,0]
6486004,910,9:12:0,6,[InvitationData_id:12,-11,false]
6486004,908,9:12:0,6,[InvitationData_id:10,PeopleData_id:8,RankTypes_id:3]
6486004,909,9:12:5,6,[InvitationData_id:10,PeopleData_id:8,RankTypes_id:3,0]
6486004,910,9:12:6,6,[InvitationData_id:10,-7,false]
6486004,908,9:12:6,6,[InvitationData_id:6,PeopleData_id:3,RankTypes_id:4]
6486004,909,9:12:8,6,[InvitationData_id:6,PeopleData_id:3,RankTypes_id:4,0]
6486004,910,9:12:9,6,[InvitationData_id:6,-11,false]
6486004,908,9:12:9,6,[InvitationData_id:9,PeopleData_id:3,RankTypes_id:4]
6486004,909,9:12:11,6,[InvitationData_id:9,PeopleData_id:3,RankTypes_id:4,1]
6486004,910,9:12:13,6,[InvitationData_id:9,9,false]
6486004,908,9:12:13,6,[InvitationData_id:0,PeopleData_id:8,RankTypes_id:3]
6486004,909,9:12:18,6,[InvitationData_id:0,PeopleData_id:8,RankTypes_id:3,0]
6486004,910,9:12:19,6,[InvitationData_id:0,-7,false]
6486004,908,9:12:19,6,[InvitationData_id:7,PeopleData_id:3,RankTypes_id:4]
6486004,909,9:12:22,6,[InvitationData_id:7,PeopleData_id:3,RankTypes_id:4,1]
6486004,910,9:12:23,6,[InvitationData_id:7,9,false]
6486004,908,9:12:23,6,[InvitationData_id:3,PeopleData_id:5,RankTypes_id:4]
6486004,909,9:12:26,6,[InvitationData_id:3,PeopleData_id:5,RankTypes_id:4,0]
6486004,910,9:12:27,6,[InvitationData_id:3,-11,false]
6486004,908,9:12:27,6,[InvitationData_id:5,PeopleData_id:5,RankTypes_id:4]
6486004,909,9:12:31,6,[InvitationData_id:5,PeopleData_id:5,RankTypes_id:4,1]
6486004,910,9:12:32,6,[InvitationData_id:5,9,false]
6486004,908,9:12:32,6,[InvitationData_id:2,PeopleData_id:6,RankTypes_id:3]
6486004,909,9:12:33,6,[InvitationData_id:2,PeopleData_id:6,RankTypes_id:3,1]
6486004,910,9:12:34,6,[InvitationData_id:2,7,false]
6486004,911,9:12:40,6,[-2,0,0,0]
6486004,1000,9:12:42,6,[]
6486004,900,9:12:44,6,[]
6486004,901,9:12:45,6,[PeopleData_id:1]
6486004,902,9:12:46,6,[PeopleData_id:1,PeopleData_data2Type]
6486004,902,9:12:46,6,[PeopleData_id:1,PeopleData_data3Type]
6486004,902,9:12:47,6,[PeopleData_id:1,PeopleData_data2Type]
6486004,903,9:12:48,6,[PeopleData_id1,PeopleData_data2Type]
6486004,901,9:12:48,6,[PeopleData_id:1]
6486004,904,9:12:48,6,[PeopleData_id:1]
6486004,905,9:12:48,6,[PeopleData_id:1,RankTypes_id:-1,RankTypes_id:0]
6486004,901,9:12:49,6,[PeopleData_id:3]
6486004,902,9:12:49,6,[PeopleData_id:3,PeopleData_data1Type]
6486004,903,9:12:54,6,[PeopleData_id3,PeopleData_data1Type]
6486004,902,9:12:55,6,[PeopleData_id:3,PeopleData_data1Type]
6486004,902,9:12:56,6,[PeopleData_id:3,PeopleData_data0Type]
6486004,903,9:12:56,6,[PeopleData_id3,PeopleData_data0Type]
6486004,901,9:12:57,6,[PeopleData_id:3]
6486004,904,9:12:57,6,[PeopleData_id:3]
6486004,905,9:12:57,6,[PeopleData_id:3,RankTypes_id:-1,RankTypes_id:4]
6486004,901,9:12:57,6,[PeopleData_id:6]
6486004,902,9:12:58,6,[PeopleData_id:6,PeopleData_data2Type]
6486004,903,9:12:59,6,[PeopleData_id6,PeopleData_data2Type]
6486004,901,9:13:0,6,[PeopleData_id:6]
6486004,904,9:13:0,6,[PeopleData_id:6]
6486004,905,9:13:1,6,[PeopleData_id:6,RankTypes_id:-1,RankTypes_id:3]
6486004,901,9:13:1,6,[PeopleData_id:0]
6486004,902,9:13:3,6,[PeopleData_id:0,PeopleData_data3Type]
6486004,903,9:13:6,6,[PeopleData_id0,PeopleData_data3Type]
6486004,901,9:13:6,6,[PeopleData_id:0]
6486004,904,9:13:6,6,[PeopleData_id:0]
6486004,905,9:13:7,6,[PeopleData_id:0,RankTypes_id:-1,RankTypes_id:0]
6486004,901,9:13:8,6,[PeopleData_id:1]
6486004,904,9:13:8,6,[PeopleData_id:1]
6486004,905,9:13:8,6,[PeopleData_id:1,RankTypes_id:0,RankTypes_id:1]
6486004,901,9:13:9,6,[PeopleData_id:1]
6486004,904,9:13:10,6,[PeopleData_id:1]
6486004,901,9:13:11,6,[PeopleData_id:8]
6486004,904,9:13:11,6,[PeopleData_id:8]
6486004,901,9:13:13,6,[PeopleData_id:8]
6486004,901,9:13:13,6,[PeopleData_id:1]
6486004,904,9:13:13,6,[PeopleData_id:1]
6486004,905,9:13:14,6,[PeopleData_id:1,RankTypes_id:1,RankTypes_id:0]
6486004,901,9:13:14,6,[PeopleData_id:1]
6486004,905,9:13:14,6,[PeopleData_id:1,RankTypes_id:0,RankTypes_id:0]
6486004,902,9:13:16,6,[PeopleData_id:1,PeopleData_data3Type]
6486004,903,9:13:18,6,[PeopleData_id1,PeopleData_data3Type]
6486004,901,9:13:20,6,[PeopleData_id:6]
6486004,905,9:13:20,6,[PeopleData_id:6,RankTypes_id:3,RankTypes_id:3]
6486004,902,9:13:21,6,[PeopleData_id:6,PeopleData_data0Type]
6486004,902,9:13:21,6,[PeopleData_id:6,PeopleData_data1Type]
6486004,902,9:13:22,6,[PeopleData_id:6,PeopleData_data2Type]
6486004,903,9:13:23,6,[PeopleData_id6,PeopleData_data2Type]
6486004,901,9:13:23,6,[PeopleData_id:8]
6486004,902,9:13:24,6,[PeopleData_id:8,PeopleData_data2Type]
6486004,902,9:13:25,6,[PeopleData_id:8,PeopleData_data1Type]
6486004,903,9:13:26,6,[PeopleData_id8,PeopleData_data1Type]
6486004,901,9:13:26,6,[PeopleData_id:8]
6486004,904,9:13:26,6,[PeopleData_id:8]
6486004,905,9:13:27,6,[PeopleData_id:8,RankTypes_id:-1,RankTypes_id:0]
6486004,901,9:13:27,6,[PeopleData_id:2]
6486004,902,9:13:29,6,[PeopleData_id:2,PeopleData_data2Type]
6486004,903,9:13:33,6,[PeopleData_id2,PeopleData_data2Type]
6486004,901,9:13:34,6,[PeopleData_id:2]
6486004,904,9:13:34,6,[PeopleData_id:2]
6486004,905,9:13:34,6,[PeopleData_id:2,RankTypes_id:-1,RankTypes_id:3]
6486004,901,9:13:35,6,[PeopleData_id:4]
6486004,902,9:13:36,6,[PeopleData_id:4,PeopleData_data3Type]
6486004,902,9:13:36,6,[PeopleData_id:4,PeopleData_data2Type]
6486004,902,9:13:37,6,[PeopleData_id:4,PeopleData_data1Type]
6486004,902,9:13:37,6,[PeopleData_id:4,PeopleData_data0Type]
6486004,903,9:13:39,6,[PeopleData_id4,PeopleData_data0Type]
6486004,901,9:13:40,6,[PeopleData_id:4]
6486004,904,9:13:40,6,[PeopleData_id:4]
6486004,905,9:13:40,6,[PeopleData_id:4,RankTypes_id:-1,RankTypes_id:3]
6486004,901,9:13:41,6,[PeopleData_id:5]
6486004,902,9:13:42,6,[PeopleData_id:5,PeopleData_data1Type]
6486004,902,9:13:43,6,[PeopleData_id:5,PeopleData_data0Type]
6486004,902,9:13:43,6,[PeopleData_id:5,PeopleData_data2Type]
6486004,903,9:13:44,6,[PeopleData_id5,PeopleData_data2Type]
6486004,901,9:13:44,6,[PeopleData_id:5]
6486004,904,9:13:44,6,[PeopleData_id:5]
6486004,905,9:13:45,6,[PeopleData_id:5,RankTypes_id:-1,RankTypes_id:0]
6486004,901,9:13:45,6,[PeopleData_id:7]
6486004,904,9:13:45,6,[PeopleData_id:7]
6486004,902,9:13:46,6,[PeopleData_id:7,PeopleData_data3Type]
6486004,902,9:13:47,6,[PeopleData_id:7,PeopleData_data2Type]
6486004,903,9:13:48,6,[PeopleData_id7,PeopleData_data2Type]
6486004,901,9:13:49,6,[PeopleData_id:7]
6486004,904,9:13:49,6,[PeopleData_id:7]
6486004,905,9:13:50,6,[PeopleData_id:7,RankTypes_id:-1,RankTypes_id:0]
6486004,906,9:13:50,6,[]
6486004,901,9:13:51,6,[PeopleData_id:2]
6486004,904,9:13:51,6,[PeopleData_id:2]
6486004,905,9:13:52,6,[PeopleData_id:2,RankTypes_id:3,RankTypes_id:4]
6486004,901,9:13:52,6,[PeopleData_id:4]
6486004,904,9:13:52,6,[PeopleData_id:4]
6486004,905,9:13:53,6,[PeopleData_id:4,RankTypes_id:3,RankTypes_id:3]
6486004,907,9:13:54,6,[]
6486004,908,9:13:54,6,[InvitationData_id:9,PeopleData_id:2,RankTypes_id:4]
6486004,909,9:13:57,6,[InvitationData_id:9,PeopleData_id:2,RankTypes_id:4,1]
6486004,910,9:13:58,6,[InvitationData_id:9,9,false]
6486004,908,9:13:58,6,[InvitationData_id:6,PeopleData_id:3,RankTypes_id:4]
6486004,909,9:14:1,6,[InvitationData_id:6,PeopleData_id:3,RankTypes_id:4,0]
6486004,910,9:14:1,6,[InvitationData_id:6,-11,false]
6486004,908,9:14:1,6,[InvitationData_id:5,PeopleData_id:2,RankTypes_id:4]
6486004,909,9:14:3,6,[InvitationData_id:5,PeopleData_id:2,RankTypes_id:4,1]
6486004,910,9:14:5,6,[InvitationData_id:5,9,false]
6486004,908,9:14:5,6,[InvitationData_id:4,PeopleData_id:3,RankTypes_id:4]
6486004,909,9:14:7,6,[InvitationData_id:4,PeopleData_id:3,RankTypes_id:4,1]
6486004,910,9:14:8,6,[InvitationData_id:4,9,false]
6486004,908,9:14:8,6,[InvitationData_id:2,PeopleData_id:6,RankTypes_id:3]
6486004,909,9:14:10,6,[InvitationData_id:2,PeopleData_id:6,RankTypes_id:3,1]
6486004,910,9:14:11,6,[InvitationData_id:2,7,false]
6486004,908,9:14:11,6,[InvitationData_id:12,PeopleData_id:3,RankTypes_id:4]
6486004,909,9:14:13,6,[InvitationData_id:12,PeopleData_id:3,RankTypes_id:4,1]
6486004,910,9:14:16,6,[InvitationData_id:12,0,true]
6486004,908,9:14:16,6,[InvitationData_id:7,PeopleData_id:3,RankTypes_id:4]
6486004,909,9:14:19,6,[InvitationData_id:7,PeopleData_id:3,RankTypes_id:4,1]
6486004,910,9:14:20,6,[InvitationData_id:7,9,false]
6486004,911,9:14:22,6,[32,1,0,1]
6486004,1000,9:14:24,6,[]
6486004,900,9:14:24,6,[]
6486004,901,9:14:25,6,[PeopleData_id:3]
6486004,902,9:14:26,6,[PeopleData_id:3,PeopleData_data1Type]
6486004,902,9:14:27,6,[PeopleData_id:3,PeopleData_data0Type]
6486004,903,9:14:27,6,[PeopleData_id3,PeopleData_data0Type]
6486004,901,9:14:28,6,[PeopleData_id:3]
6486004,904,9:14:28,6,[PeopleData_id:3]
6486004,905,9:14:30,6,[PeopleData_id:3,RankTypes_id:-1,RankTypes_id:4]
6486004,901,9:14:30,6,[PeopleData_id:6]
6486004,902,9:14:31,6,[PeopleData_id:6,PeopleData_data2Type]
6486004,902,9:14:32,6,[PeopleData_id:6,PeopleData_data0Type]
6486004,903,9:14:33,6,[PeopleData_id6,PeopleData_data0Type]
6486004,901,9:14:33,6,[PeopleData_id:6]
6486004,904,9:14:33,6,[PeopleData_id:6]
6486004,905,9:14:34,6,[PeopleData_id:6,RankTypes_id:-1,RankTypes_id:3]
6486004,901,9:14:35,6,[PeopleData_id:8]
6486004,904,9:14:35,6,[PeopleData_id:8]
6486004,901,9:14:36,6,[PeopleData_id:8]
6486004,902,9:14:36,6,[PeopleData_id:8,PeopleData_data2Type]
6486004,902,9:14:38,6,[PeopleData_id:8,PeopleData_data1Type]
6486004,902,9:14:38,6,[PeopleData_id:8,PeopleData_data0Type]
6486004,903,9:14:41,6,[PeopleData_id8,PeopleData_data0Type]
6486004,901,9:14:41,6,[PeopleData_id:8]
6486004,904,9:14:41,6,[PeopleData_id:8]
6486004,905,9:14:42,6,[PeopleData_id:8,RankTypes_id:-1,RankTypes_id:0]
6486004,901,9:14:42,6,[PeopleData_id:7]
6486004,904,9:14:42,6,[PeopleData_id:7]
6486004,902,9:14:43,6,[PeopleData_id:7,PeopleData_data3Type]
6486004,902,9:14:43,6,[PeopleData_id:7,PeopleData_data3Type]
6486004,902,9:14:44,6,[PeopleData_id:7,PeopleData_data2Type]
6486004,903,9:14:44,6,[PeopleData_id7,PeopleData_data2Type]
6486004,901,9:14:45,6,[PeopleData_id:7]
6486004,904,9:14:45,6,[PeopleData_id:7]
6486004,905,9:14:46,6,[PeopleData_id:7,RankTypes_id:-1,RankTypes_id:0]
6486004,901,9:14:46,6,[PeopleData_id:2]
6486004,902,9:14:47,6,[PeopleData_id:2,PeopleData_data2Type]
6486004,902,9:14:47,6,[PeopleData_id:2,PeopleData_data2Type]
6486004,902,9:14:48,6,[PeopleData_id:2,PeopleData_data1Type]
6486004,902,9:14:49,6,[PeopleData_id:2,PeopleData_data2Type]
6486004,902,9:14:49,6,[PeopleData_id:2,PeopleData_data0Type]
6486004,902,9:14:50,6,[PeopleData_id:2,PeopleData_data2Type]
6486004,902,9:14:51,6,[PeopleData_id:2,PeopleData_data0Type]
6486004,902,9:14:51,6,[PeopleData_id:2,PeopleData_data1Type]
6486004,903,9:14:52,6,[PeopleData_id2,PeopleData_data1Type]
6486004,901,9:14:53,6,[PeopleData_id:2]
6486004,904,9:14:53,6,[PeopleData_id:2]
6486004,905,9:14:53,6,[PeopleData_id:2,RankTypes_id:-1,RankTypes_id:3]
6486004,901,9:14:53,6,[PeopleData_id:1]
6486004,904,9:14:53,6,[PeopleData_id:1]
6486004,901,9:14:54,6,[PeopleData_id:1]
6486004,902,9:14:55,6,[PeopleData_id:1,PeopleData_data3Type]
6486004,903,9:14:56,6,[PeopleData_id1,PeopleData_data3Type]
6486004,901,9:14:57,6,[PeopleData_id:1]
6486004,904,9:14:57,6,[PeopleData_id:1]
6486004,905,9:14:57,6,[PeopleData_id:1,RankTypes_id:-1,RankTypes_id:0]
6486004,901,9:14:58,6,[PeopleData_id:5]
6486004,902,9:14:59,6,[PeopleData_id:5,PeopleData_data3Type]
6486004,903,9:15:1,6,[PeopleData_id5,PeopleData_data3Type]
6486004,901,9:15:2,6,[PeopleData_id:5]
6486004,904,9:15:2,6,[PeopleData_id:5]
6486004,905,9:15:2,6,[PeopleData_id:5,RankTypes_id:-1,RankTypes_id:4]
6486004,901,9:15:3,6,[PeopleData_id:4]
6486004,902,9:15:4,6,[PeopleData_id:4,PeopleData_data3Type]
6486004,902,9:15:4,6,[PeopleData_id:4,PeopleData_data2Type]
6486004,903,9:15:6,6,[PeopleData_id4,PeopleData_data2Type]
6486004,901,9:15:6,6,[PeopleData_id:4]
6486004,904,9:15:6,6,[PeopleData_id:4]
6486004,905,9:15:7,6,[PeopleData_id:4,RankTypes_id:-1,RankTypes_id:3]
6486004,901,9:15:7,6,[PeopleData_id:0]
6486004,902,9:15:8,6,[PeopleData_id:0,PeopleData_data3Type]
6486004,902,9:15:9,6,[PeopleData_id:0,PeopleData_data2Type]
6486004,903,9:15:12,6,[PeopleData_id0,PeopleData_data2Type]
6486004,901,9:15:12,6,[PeopleData_id:0]
6486004,904,9:15:12,6,[PeopleData_id:0]
6486004,905,9:15:13,6,[PeopleData_id:0,RankTypes_id:-1,RankTypes_id:0]
6486004,906,9:15:13,6,[]
6486004,907,9:15:14,6,[]
6486004,908,9:15:14,6,[InvitationData_id:2,PeopleData_id:6,RankTypes_id:3]
6486004,909,9:15:15,6,[InvitationData_id:2,PeopleData_id:6,RankTypes_id:3,1]
6486004,910,9:15:17,6,[InvitationData_id:2,7,false]
6486004,908,9:15:17,6,[InvitationData_id:7,PeopleData_id:3,RankTypes_id:4]
6486004,909,9:15:19,6,[InvitationData_id:7,PeopleData_id:3,RankTypes_id:4,1]
6486004,910,9:15:19,6,[InvitationData_id:7,9,false]
6486004,908,9:15:19,6,[InvitationData_id:3,PeopleData_id:5,RankTypes_id:4]
6486004,909,9:15:22,6,[InvitationData_id:3,PeopleData_id:5,RankTypes_id:4,1]
6486004,910,9:15:23,6,[InvitationData_id:3,0,true]
6486004,908,9:15:23,6,[InvitationData_id:4,PeopleData_id:3,RankTypes_id:4]
6486004,909,9:15:24,6,[InvitationData_id:4,PeopleData_id:3,RankTypes_id:4,1]
6486004,910,9:15:25,6,[InvitationData_id:4,9,false]
6486004,908,9:15:25,6,[InvitationData_id:12,PeopleData_id:3,RankTypes_id:4]
6486004,909,9:15:27,6,[InvitationData_id:12,PeopleData_id:3,RankTypes_id:4,1]
6486004,910,9:15:27,6,[InvitationData_id:12,0,true]
6486004,908,9:15:27,6,[InvitationData_id:8,PeopleData_id:5,RankTypes_id:4]
6486004,909,9:15:29,6,[InvitationData_id:8,PeopleData_id:5,RankTypes_id:4,1]
6486004,910,9:15:30,6,[InvitationData_id:8,9,false]
6486004,908,9:15:30,6,[InvitationData_id:5,PeopleData_id:5,RankTypes_id:4]
6486004,909,9:15:32,6,[InvitationData_id:5,PeopleData_id:5,RankTypes_id:4,1]
6486004,910,9:15:33,6,[InvitationData_id:5,9,false]
6486004,908,9:15:33,6,[InvitationData_id:9,PeopleData_id:3,RankTypes_id:4]
6486004,909,9:15:35,6,[InvitationData_id:9,PeopleData_id:3,RankTypes_id:4,1]
6486004,910,9:15:35,6,[InvitationData_id:9,9,false]
6486004,908,9:15:35,6,[InvitationData_id:6,PeopleData_id:3,RankTypes_id:4]
6486004,909,9:15:38,6,[InvitationData_id:6,PeopleData_id:3,RankTypes_id:4,0]
6486004,910,9:15:39,6,[InvitationData_id:6,-11,false]
6486004,911,9:15:40,6,[41,2,0,2]
6486004,1001,9:16:0,6,[]
6486004,1003,9:16:0,2
6486004,1004,9:16:2,0
6486004,900,9:16:17,0,[]
6486004,901,9:16:18,0,[PeopleData_id:0]
6486004,902,9:16:19,0,[PeopleData_id:0,PeopleData_data3Type]
6486004,902,9:16:21,0,[PeopleData_id:0,PeopleData_data2Type]
6486004,902,9:16:22,0,[PeopleData_id:0,PeopleData_data1Type]
6486004,902,9:16:23,0,[PeopleData_id:0,PeopleData_data0Type]
6486004,903,9:16:24,0,[PeopleData_id0,PeopleData_data0Type]
6486004,901,9:16:25,0,[PeopleData_id:0]
6486004,904,9:16:25,0,[PeopleData_id:0]
6486004,905,9:16:25,0,[PeopleData_id:0,RankTypes_id:-1,RankTypes_id:4]
6486004,901,9:16:26,0,[PeopleData_id:3]
6486004,902,9:16:27,0,[PeopleData_id:3,PeopleData_data2Type]
6486004,902,9:16:29,0,[PeopleData_id:3,PeopleData_data1Type]
6486004,902,9:16:32,0,[PeopleData_id:3,PeopleData_data0Type]
6486004,903,9:16:33,0,[PeopleData_id3,PeopleData_data0Type]
6486004,901,9:16:34,0,[PeopleData_id:3]
6486004,904,9:16:34,0,[PeopleData_id:3]
6486004,905,9:16:34,0,[PeopleData_id:3,RankTypes_id:-1,RankTypes_id:4]
6486004,901,9:16:35,0,[PeopleData_id:4]
6486004,902,9:16:36,0,[PeopleData_id:4,PeopleData_data3Type]
6486004,902,9:16:37,0,[PeopleData_id:4,PeopleData_data2Type]
6486004,902,9:16:38,0,[PeopleData_id:4,PeopleData_data1Type]
6486004,903,9:16:38,0,[PeopleData_id4,PeopleData_data1Type]
6486004,901,9:16:39,0,[PeopleData_id:4]
6486004,904,9:16:39,0,[PeopleData_id:4]
6486004,905,9:16:39,0,[PeopleData_id:4,RankTypes_id:-1,RankTypes_id:0]
6486004,901,9:16:40,0,[PeopleData_id:1]
6486004,904,9:16:40,0,[PeopleData_id:1]
6486004,905,9:16:40,0,[PeopleData_id:1,RankTypes_id:-1,RankTypes_id:0]
6486004,901,9:16:41,0,[PeopleData_id:1]
6486004,905,9:16:41,0,[PeopleData_id:1,RankTypes_id:0,RankTypes_id:0]
6486004,902,9:16:41,0,[PeopleData_id:1,PeopleData_data3Type]
6486004,902,9:16:43,0,[PeopleData_id:1,PeopleData_data2Type]
6486004,902,9:16:44,0,[PeopleData_id:1,PeopleData_data1Type]
6486004,903,9:16:44,0,[PeopleData_id1,PeopleData_data1Type]
6486004,901,9:16:45,0,[PeopleData_id:2]
6486004,902,9:16:46,0,[PeopleData_id:2,PeopleData_data3Type]
6486004,902,9:16:47,0,[PeopleData_id:2,PeopleData_data2Type]
6486004,902,9:16:49,0,[PeopleData_id:2,PeopleData_data1Type]
6486004,902,9:16:50,0,[PeopleData_id:2,PeopleData_data0Type]
6486004,903,9:16:52,0,[PeopleData_id2,PeopleData_data0Type]
6486004,901,9:16:52,0,[PeopleData_id:2]
6486004,904,9:16:53,0,[PeopleData_id:2]
6486004,905,9:16:53,0,[PeopleData_id:2,RankTypes_id:-1,RankTypes_id:0]
6486004,906,9:16:53,0,[]
6486004,907,9:16:54,0,[]
6486004,908,9:16:54,0,[InvitationData_id:0,PeopleData_id:0,RankTypes_id:4]
6486004,909,9:16:56,0,[InvitationData_id:0,PeopleData_id:0,RankTypes_id:4,1]
6486004,910,9:16:57,0,[InvitationData_id:0,9,false]
6486004,908,9:16:57,0,[InvitationData_id:3,PeopleData_id:3,RankTypes_id:4]
6486004,909,9:16:59,0,[InvitationData_id:3,PeopleData_id:3,RankTypes_id:4,1]
6486004,910,9:17:0,0,[InvitationData_id:3,9,false]
6486004,908,9:17:0,0,[InvitationData_id:1,PeopleData_id:0,RankTypes_id:4]
6486004,909,9:17:4,0,[InvitationData_id:1,PeopleData_id:0,RankTypes_id:4,1]
6486004,910,9:17:5,0,[InvitationData_id:1,9,false]
6486004,908,9:17:5,0,[InvitationData_id:8,PeopleData_id:0,RankTypes_id:4]
6486004,909,9:17:8,0,[InvitationData_id:8,PeopleData_id:0,RankTypes_id:4,1]
6486004,910,9:17:9,0,[InvitationData_id:8,9,false]
6486004,908,9:17:9,0,[InvitationData_id:6,PeopleData_id:0,RankTypes_id:4]
6486004,909,9:17:12,0,[InvitationData_id:6,PeopleData_id:0,RankTypes_id:4,1]
6486004,910,9:17:13,0,[InvitationData_id:6,9,false]
6486004,911,9:17:30,0,[45,0,0,0]
6486004,1001,9:17:32,0,[]
6486004,1003,9:17:32,2
6486004,1004,9:17:36,3
6486004,900,9:17:41,3,[]
6486004,901,9:17:42,3,[PeopleData_id:5]
6486004,902,9:17:43,3,[PeopleData_id:5,PeopleData_data3Type]
6486004,902,9:17:43,3,[PeopleData_id:5,PeopleData_data3Type]
6486004,902,9:17:43,3,[PeopleData_id:5,PeopleData_data2Type]
6486004,902,9:17:43,3,[PeopleData_id:5,PeopleData_data1Type]
6486004,902,9:17:43,3,[PeopleData_id:5,PeopleData_data1Type]
6486004,902,9:17:44,3,[PeopleData_id:5,PeopleData_data1Type]
6486004,902,9:17:44,3,[PeopleData_id:5,PeopleData_data2Type]
6486004,902,9:17:45,3,[PeopleData_id:5,PeopleData_data3Type]
6486004,902,9:17:45,3,[PeopleData_id:5,PeopleData_data3Type]
6486004,902,9:17:45,3,[PeopleData_id:5,PeopleData_data3Type]
6486004,902,9:17:46,3,[PeopleData_id:5,PeopleData_data1Type]
6486004,902,9:17:46,3,[PeopleData_id:5,PeopleData_data3Type]
6486004,902,9:17:48,3,[PeopleData_id:5,PeopleData_data2Type]
6486004,902,9:17:50,3,[PeopleData_id:5,PeopleData_data1Type]
6486004,1002,9:17:53,3
6486004,1003,9:17:53,2
6486004,1004,9:17:58,5
6486004,1002,9:18:4,5
6486004,1003,9:18:4,2
6486004,212,9:18:31,1
6486004,212,9:18:31,0
6486004,212,9:18:32,2
6486004,212,9:18:35,1
6486004,212,9:18:36,0
6486004,221,9:18:46,11
6486004,220,9:18:49,11
6486004,219,9:18:49,11
6486004,216,9:18:51,Stack_G12b1P
6486004,217,9:19:11,Stack_G12b1P,17,0.50
6486004,218,9:19:16,11
6486004,221,9:19:21,11
6486004,220,9:19:26,11
6486004,212,9:19:39,2
6486004,210,9:19:39,789,377
6486004,211,9:19:42,820,296
6486004,213,9:19:42,11,c_mom_lati_G12b1P,false
6486004,1003,9:19:45,2
6486004,210,9:19:49,563,412
6486004,211,9:19:51,819,329
6486004,213,9:19:51,11,c_mom_lati_G12b1P,false
6486004,212,9:19:55,1
6486004,210,9:19:55,701,334
6486004,211,9:19:56,751,363
6486004,213,9:19:56,11,c_dad_lati_G12b1P,true
6486004,205,9:19:56,11,c_dad_lati_G12b1P,false,false
6486004,207,9:19:59,11,-200,-170
6486004,210,9:20:0,294,388
6486004,207,9:20:0,11,-170,-125
6486004,207,9:20:0,11,-125,0
6486004,207,9:20:5,11,0,-150
6486004,207,9:20:7,11,-150,-375
6486004,211,9:20:8,1097,118
6486004,213,9:20:8,11,s_diplomaPhoto_G12b1P,true
6486004,205,9:20:8,11,s_diplomaPhoto_G12b1P,false,false
6486004,210,9:20:11,1242,41
6486004,207,9:20:14,11,-375,-570
6486004,207,9:20:15,11,-570,-720
6486004,207,9:20:17,11,-720,-825
6486004,207,9:20:18,11,-825,-995
6486004,211,9:20:19,1862,428
6486004,213,9:20:19,11,c_crush1_F_b_G12b1P,true
6486004,205,9:20:20,11,c_crush1_F_b_G12b1P,false,false
6486004,210,9:20:24,1881,94
6486004,211,9:20:28,1553,617
6486004,213,9:20:28,11,s_phone_G12b1P,true
6486004,210,9:20:33,1601,572
6486004,211,9:20:33,1430,621
6486004,213,9:20:33,11,s_pizza_G12b1P,true
6486004,212,9:20:36,0
6486004,210,9:20:37,2009,116
6486004,207,9:20:45,11,-995,-425
6486004,211,9:20:46,815,377
6486004,212,9:20:49,1
6486004,212,9:20:49,2
6486004,210,9:20:50,839,337
6486004,211,9:20:50,845,364
6486004,213,9:20:50,11,c_mom_lati_G12b1P,false
6486004,1003,9:20:54,2
6486004,1004,9:20:59,6
6486004,900,9:21:30,6,[]
6486004,901,9:21:41,6,[PeopleData_id:2]
6486004,902,9:21:46,6,[PeopleData_id:2,PeopleData_data2Type]
6486004,903,9:21:53,6,[PeopleData_id2,PeopleData_data2Type]
6486004,901,9:21:54,6,[PeopleData_id:2]
6486004,904,9:21:54,6,[PeopleData_id:2]
6486004,905,9:21:54,6,[PeopleData_id:2,RankTypes_id:-1,RankTypes_id:4]
6486004,901,9:21:55,6,[PeopleData_id:4]
6486004,902,9:21:56,6,[PeopleData_id:4,PeopleData_data3Type]
6486004,903,9:21:58,6,[PeopleData_id4,PeopleData_data3Type]
6486004,901,9:21:59,6,[PeopleData_id:4]
6486004,904,9:21:59,6,[PeopleData_id:4]
6486004,905,9:22:0,6,[PeopleData_id:4,RankTypes_id:-1,RankTypes_id:4]
6486004,901,9:22:0,6,[PeopleData_id:6]
6486004,902,9:22:1,6,[PeopleData_id:6,PeopleData_data2Type]
6486004,902,9:22:1,6,[PeopleData_id:6,PeopleData_data1Type]
6486004,903,9:22:2,6,[PeopleData_id6,PeopleData_data1Type]
6486004,901,9:22:2,6,[PeopleData_id:6]
6486004,904,9:22:3,6,[PeopleData_id:6]
6486004,905,9:22:3,6,[PeopleData_id:6,RankTypes_id:-1,RankTypes_id:3]
6486004,901,9:22:3,6,[PeopleData_id:8]
6486004,902,9:22:4,6,[PeopleData_id:8,PeopleData_data2Type]
6486004,903,9:22:6,6,[PeopleData_id8,PeopleData_data2Type]
6486004,901,9:22:7,6,[PeopleData_id:8]
6486004,904,9:22:7,6,[PeopleData_id:8]
6486004,905,9:22:8,6,[PeopleData_id:8,RankTypes_id:-1,RankTypes_id:0]
6486004,901,9:22:8,6,[PeopleData_id:5]
6486004,902,9:22:9,6,[PeopleData_id:5,PeopleData_data3Type]
6486004,903,9:22:11,6,[PeopleData_id5,PeopleData_data3Type]
6486004,901,9:22:11,6,[PeopleData_id:5]
6486004,904,9:22:11,6,[PeopleData_id:5]
6486004,905,9:22:12,6,[PeopleData_id:5,RankTypes_id:-1,RankTypes_id:3]
6486004,901,9:22:12,6,[PeopleData_id:0]
6486004,902,9:22:13,6,[PeopleData_id:0,PeopleData_data3Type]
6486004,903,9:22:14,6,[PeopleData_id0,PeopleData_data3Type]
6486004,901,9:22:15,6,[PeopleData_id:0]
6486004,904,9:22:15,6,[PeopleData_id:0]
6486004,905,9:22:15,6,[PeopleData_id:0,RankTypes_id:-1,RankTypes_id:0]
6486004,901,9:22:16,6,[PeopleData_id:1]
6486004,902,9:22:17,6,[PeopleData_id:1,PeopleData_data3Type]
6486004,903,9:22:18,6,[PeopleData_id1,PeopleData_data3Type]
6486004,901,9:22:18,6,[PeopleData_id:1]
6486004,904,9:22:18,6,[PeopleData_id:1]
6486004,905,9:22:19,6,[PeopleData_id:1,RankTypes_id:-1,RankTypes_id:0]
6486004,901,9:22:19,6,[PeopleData_id:7]
6486004,902,9:22:20,6,[PeopleData_id:7,PeopleData_data3Type]
6486004,903,9:22:21,6,[PeopleData_id7,PeopleData_data3Type]
6486004,901,9:22:22,6,[PeopleData_id:7]
6486004,904,9:22:22,6,[PeopleData_id:7]
6486004,905,9:22:22,6,[PeopleData_id:7,RankTypes_id:-1,RankTypes_id:0]
6486004,901,9:22:23,6,[PeopleData_id:3]
6486004,902,9:22:23,6,[PeopleData_id:3,PeopleData_data1Type]
6486004,902,9:22:24,6,[PeopleData_id:3,PeopleData_data0Type]
6486004,903,9:22:24,6,[PeopleData_id3,PeopleData_data0Type]
6486004,901,9:22:25,6,[PeopleData_id:3]
6486004,904,9:22:25,6,[PeopleData_id:3]
6486004,905,9:22:25,6,[PeopleData_id:3,RankTypes_id:-1,RankTypes_id:3]
6486004,906,9:22:25,6,[]
6486004,907,9:22:26,6,[]
6486004,908,9:22:26,6,[InvitationData_id:6,PeopleData_id:3,RankTypes_id:3]
6486004,909,9:22:31,6,[InvitationData_id:6,PeopleData_id:3,RankTypes_id:3,1]
6486004,910,9:22:32,6,[InvitationData_id:6,0,true]
6486004,908,9:22:32,6,[InvitationData_id:12,PeopleData_id:3,RankTypes_id:3]
6486004,909,9:22:37,6,[InvitationData_id:12,PeopleData_id:3,RankTypes_id:3,0]
6486004,910,9:22:37,6,[InvitationData_id:12,-7,false]
6486004,908,9:22:37,6,[InvitationData_id:4,PeopleData_id:3,RankTypes_id:3]
6486004,909,9:22:43,6,[InvitationData_id:4,PeopleData_id:3,RankTypes_id:3,1]
6486004,910,9:22:44,6,[InvitationData_id:4,7,false]
6486004,908,9:22:44,6,[InvitationData_id:7,PeopleData_id:2,RankTypes_id:4]
6486004,909,9:22:46,6,[InvitationData_id:7,PeopleData_id:2,RankTypes_id:4,1]
6486004,910,9:22:47,6,[InvitationData_id:7,9,false]
6486004,908,9:22:47,6,[InvitationData_id:5,PeopleData_id:2,RankTypes_id:4]
6486004,909,9:22:50,6,[InvitationData_id:5,PeopleData_id:2,RankTypes_id:4,1]
6486004,910,9:22:50,6,[InvitationData_id:5,9,false]
6486004,908,9:22:50,6,[InvitationData_id:2,PeopleData_id:6,RankTypes_id:3]
6486004,909,9:22:52,6,[InvitationData_id:2,PeopleData_id:6,RankTypes_id:3,1]
6486004,910,9:22:54,6,[InvitationData_id:2,7,false]
6486004,908,9:22:54,6,[InvitationData_id:9,PeopleData_id:4,RankTypes_id:4]
6486004,909,9:22:56,6,[InvitationData_id:9,PeopleData_id:4,RankTypes_id:4,1]
6486004,910,9:22:57,6,[InvitationData_id:9,9,false]
6486004,908,9:22:57,6,[InvitationData_id:8,PeopleData_id:5,RankTypes_id:3]
6486004,909,9:22:59,6,[InvitationData_id:8,PeopleData_id:5,RankTypes_id:3,1]
6486004,910,9:22:59,6,[InvitationData_id:8,7,false]
6486004,908,9:22:59,6,[InvitationData_id:3,PeopleData_id:5,RankTypes_id:3]
6486004,909,9:23:3,6,[InvitationData_id:3,PeopleData_id:5,RankTypes_id:3,0]
6486004,910,9:23:4,6,[InvitationData_id:3,-7,false]
6486004,911,9:23:5,6,[34,1,0,1]
6486004,1001,9:23:6,6,[]
6486004,1003,9:23:6,2
6486004,1004,9:23:7,6
6486004,900,9:23:9,6,[]
6486004,901,9:23:10,6,[PeopleData_id:0]
6486004,904,9:23:10,6,[PeopleData_id:0]
6486004,902,9:23:11,6,[PeopleData_id:0,PeopleData_data3Type]
6486004,902,9:23:12,6,[PeopleData_id:0,PeopleData_data2Type]
6486004,903,9:23:12,6,[PeopleData_id0,PeopleData_data2Type]
6486004,901,9:23:13,6,[PeopleData_id:0]
6486004,904,9:23:13,6,[PeopleData_id:0]
6486004,905,9:23:13,6,[PeopleData_id:0,RankTypes_id:-1,RankTypes_id:0]
6486004,901,9:23:14,6,[PeopleData_id:4]
6486004,902,9:23:14,6,[PeopleData_id:4,PeopleData_data3Type]
6486004,903,9:23:16,6,[PeopleData_id4,PeopleData_data3Type]
6486004,901,9:23:16,6,[PeopleData_id:4]
6486004,904,9:23:16,6,[PeopleData_id:4]
6486004,905,9:23:17,6,[PeopleData_id:4,RankTypes_id:-1,RankTypes_id:4]
6486004,901,9:23:17,6,[PeopleData_id:5]
6486004,904,9:23:17,6,[PeopleData_id:5]
6486004,902,9:23:18,6,[PeopleData_id:5,PeopleData_data3Type]
6486004,903,9:23:19,6,[PeopleData_id5,PeopleData_data3Type]
6486004,901,9:23:19,6,[PeopleData_id:5]
6486004,904,9:23:19,6,[PeopleData_id:5]
6486004,905,9:23:20,6,[PeopleData_id:5,RankTypes_id:-1,RankTypes_id:4]
6486004,901,9:23:21,6,[PeopleData_id:6]
6486004,902,9:23:22,6,[PeopleData_id:6,PeopleData_data2Type]
6486004,903,9:23:23,6,[PeopleData_id6,PeopleData_data2Type]
6486004,901,9:23:23,6,[PeopleData_id:6]
6486004,904,9:23:23,6,[PeopleData_id:6]
6486004,905,9:23:24,6,[PeopleData_id:6,RankTypes_id:-1,RankTypes_id:3]
6486004,901,9:23:24,6,[PeopleData_id:2]
6486004,902,9:23:25,6,[PeopleData_id:2,PeopleData_data2Type]
6486004,902,9:23:26,6,[PeopleData_id:2,PeopleData_data1Type]
6486004,903,9:23:26,6,[PeopleData_id2,PeopleData_data1Type]
6486004,901,9:23:27,6,[PeopleData_id:2]
6486004,904,9:23:27,6,[PeopleData_id:2]
6486004,905,9:23:27,6,[PeopleData_id:2,RankTypes_id:-1,RankTypes_id:3]
6486004,901,9:23:28,6,[PeopleData_id:3]
6486004,902,9:23:28,6,[PeopleData_id:3,PeopleData_data1Type]
6486004,902,9:23:29,6,[PeopleData_id:3,PeopleData_data0Type]
6486004,903,9:23:29,6,[PeopleData_id3,PeopleData_data0Type]
6486004,901,9:23:29,6,[PeopleData_id:3]
6486004,904,9:23:30,6,[PeopleData_id:3]
6486004,905,9:23:30,6,[PeopleData_id:3,RankTypes_id:-1,RankTypes_id:3]
6486004,901,9:23:30,6,[PeopleData_id:8]
6486004,902,9:23:31,6,[PeopleData_id:8,PeopleData_data2Type]
6486004,902,9:23:32,6,[PeopleData_id:8,PeopleData_data1Type]
6486004,902,9:23:32,6,[PeopleData_id:8,PeopleData_data0Type]
6486004,903,9:23:33,6,[PeopleData_id8,PeopleData_data0Type]
6486004,901,9:23:33,6,[PeopleData_id:8]
6486004,904,9:23:33,6,[PeopleData_id:8]
6486004,905,9:23:34,6,[PeopleData_id:8,RankTypes_id:-1,RankTypes_id:0]
6486004,901,9:23:34,6,[PeopleData_id:1]
6486004,902,9:23:35,6,[PeopleData_id:1,PeopleData_data3Type]
6486004,903,9:23:36,6,[PeopleData_id1,PeopleData_data3Type]
6486004,901,9:23:36,6,[PeopleData_id:1]
6486004,904,9:23:36,6,[PeopleData_id:1]
6486004,905,9:23:37,6,[PeopleData_id:1,RankTypes_id:-1,RankTypes_id:0]
6486004,901,9:23:37,6,[PeopleData_id:7]
6486004,904,9:23:37,6,[PeopleData_id:7]
6486004,905,9:23:38,6,[PeopleData_id:7,RankTypes_id:-1,RankTypes_id:0]
6486004,906,9:23:38,6,[]
6486004,907,9:23:38,6,[]
6486004,908,9:23:38,6,[InvitationData_id:9,PeopleData_id:4,RankTypes_id:4]
6486004,909,9:23:40,6,[InvitationData_id:9,PeopleData_id:4,RankTypes_id:4,1]
6486004,910,9:23:41,6,[InvitationData_id:9,9,false]
6486004,908,9:23:41,6,[InvitationData_id:8,PeopleData_id:5,RankTypes_id:4]
6486004,909,9:23:43,6,[InvitationData_id:8,PeopleData_id:5,RankTypes_id:4,1]
6486004,910,9:23:44,6,[InvitationData_id:8,9,false]
6486004,908,9:23:44,6,[InvitationData_id:4,PeopleData_id:3,RankTypes_id:3]
6486004,909,9:23:45,6,[InvitationData_id:4,PeopleData_id:3,RankTypes_id:3,1]
6486004,910,9:23:46,6,[InvitationData_id:4,7,false]
6486004,908,9:23:46,6,[InvitationData_id:3,PeopleData_id:5,RankTypes_id:4]
6486004,909,9:23:47,6,[InvitationData_id:3,PeopleData_id:5,RankTypes_id:4,1]
6486004,910,9:23:48,6,[InvitationData_id:3,0,true]
6486004,908,9:23:48,6,[InvitationData_id:2,PeopleData_id:6,RankTypes_id:3]
6486004,909,9:23:49,6,[InvitationData_id:2,PeopleData_id:6,RankTypes_id:3,1]
6486004,910,9:23:50,6,[InvitationData_id:2,7,false]
6486004,908,9:23:50,6,[InvitationData_id:6,PeopleData_id:3,RankTypes_id:3]
6486004,909,9:23:51,6,[InvitationData_id:6,PeopleData_id:3,RankTypes_id:3,1]
6486004,910,9:23:52,6,[InvitationData_id:6,0,true]
6486004,908,9:23:52,6,[InvitationData_id:12,PeopleData_id:5,RankTypes_id:4]
6486004,909,9:23:54,6,[InvitationData_id:12,PeopleData_id:5,RankTypes_id:4,0]
6486004,910,9:23:55,6,[InvitationData_id:12,-11,false]
6486004,908,9:23:55,6,[InvitationData_id:5,PeopleData_id:5,RankTypes_id:4]
6486004,909,9:23:57,6,[InvitationData_id:5,PeopleData_id:5,RankTypes_id:4,1]
6486004,910,9:23:58,6,[InvitationData_id:5,9,false]
6486004,908,9:23:58,6,[InvitationData_id:7,PeopleData_id:2,RankTypes_id:3]
6486004,909,9:23:59,6,[InvitationData_id:7,PeopleData_id:2,RankTypes_id:3,1]
6486004,910,9:24:0,6,[InvitationData_id:7,7,false]
6486004,911,9:24:2,6,[37,2,0,2]
6486004,1001,9:24:3,6,[]
6486004,1003,9:24:3,2
6486004,204,9:27:49,11
6486004,100,9:27:53,1
6486004,101,9:27:54,1
6486004,100,9:27:55,0
6486004,102,9:27:57,0
6486004,200,9:27:57,0,29,30,29,30,30
6486004,204,9:29:36,0
6486004,100,9:29:51,11
6486004,101,9:29:53,11
6486004,1003,9:29:54,2
6486004,1004,9:29:55,6
6486004,900,9:29:59,6,[]
6486004,901,9:30:15,6,[PeopleData_id:4]
6486004,902,9:30:16,6,[PeopleData_id:4,PeopleData_data3Type]
6486004,902,9:30:23,6,[PeopleData_id:4,PeopleData_data2Type]
6486004,903,9:30:26,6,[PeopleData_id4,PeopleData_data2Type]
6486004,901,9:30:27,6,[PeopleData_id:4]
6486004,904,9:30:27,6,[PeopleData_id:4]
6486004,905,9:30:28,6,[PeopleData_id:4,RankTypes_id:-1,RankTypes_id:3]
6486004,901,9:30:28,6,[PeopleData_id:3]
6486004,902,9:30:29,6,[PeopleData_id:3,PeopleData_data1Type]
6486004,902,9:30:31,6,[PeopleData_id:3,PeopleData_data0Type]
6486004,903,9:30:32,6,[PeopleData_id3,PeopleData_data0Type]
6486004,901,9:30:32,6,[PeopleData_id:3]
6486004,904,9:30:32,6,[PeopleData_id:3]
6486004,905,9:30:33,6,[PeopleData_id:3,RankTypes_id:-1,RankTypes_id:1]
6486004,901,9:30:34,6,[PeopleData_id:5]
6486004,902,9:30:35,6,[PeopleData_id:5,PeopleData_data3Type]
6486004,902,9:30:37,6,[PeopleData_id:5,PeopleData_data2Type]
6486004,902,9:30:38,6,[PeopleData_id:5,PeopleData_data1Type]
6486004,902,9:30:39,6,[PeopleData_id:5,PeopleData_data0Type]
6486004,903,9:30:40,6,[PeopleData_id5,PeopleData_data0Type]
6486004,901,9:30:40,6,[PeopleData_id:7]
6486004,904,9:30:40,6,[PeopleData_id:7]
6486004,902,9:30:41,6,[PeopleData_id:7,PeopleData_data0Type]
6486004,903,9:30:41,6,[PeopleData_id7,PeopleData_data0Type]
6486004,901,9:30:42,6,[PeopleData_id:5]
6486004,902,9:30:42,6,[PeopleData_id:5,PeopleData_data0Type]
6486004,903,9:30:44,6,[PeopleData_id5,PeopleData_data0Type]
6486004,901,9:30:44,6,[PeopleData_id:5]
6486004,904,9:30:44,6,[PeopleData_id:5]
6486004,901,9:30:45,6,[PeopleData_id:5]
6486004,904,9:30:45,6,[PeopleData_id:5]
6486004,905,9:30:46,6,[PeopleData_id:5,RankTypes_id:-1,RankTypes_id:1]
6486004,901,9:30:46,6,[PeopleData_id:7]
6486004,902,9:30:47,6,[PeopleData_id:7,PeopleData_data3Type]
6486004,903,9:30:50,6,[PeopleData_id7,PeopleData_data3Type]
6486004,901,9:30:50,6,[PeopleData_id:7]
6486004,904,9:30:50,6,[PeopleData_id:7]
6486004,905,9:30:51,6,[PeopleData_id:7,RankTypes_id:-1,RankTypes_id:0]
6486004,901,9:30:51,6,[PeopleData_id:0]
6486004,902,9:30:52,6,[PeopleData_id:0,PeopleData_data3Type]
6486004,903,9:30:54,6,[PeopleData_id0,PeopleData_data3Type]
6486004,901,9:30:55,6,[PeopleData_id:0]
6486004,904,9:30:55,6,[PeopleData_id:0]
6486004,905,9:30:55,6,[PeopleData_id:0,RankTypes_id:-1,RankTypes_id:0]
6486004,901,9:30:56,6,[PeopleData_id:6]
6486004,904,9:30:56,6,[PeopleData_id:6]
6486004,902,9:30:56,6,[PeopleData_id:6,PeopleData_data2Type]
6486004,902,9:30:58,6,[PeopleData_id:6,PeopleData_data1Type]
6486004,902,9:30:59,6,[PeopleData_id:6,PeopleData_data0Type]
6486004,903,9:31:0,6,[PeopleData_id6,PeopleData_data0Type]
6486004,901,9:31:0,6,[PeopleData_id:6]
6486004,904,9:31:1,6,[PeopleData_id:6]
6486004,905,9:31:1,6,[PeopleData_id:6,RankTypes_id:-1,RankTypes_id:3]
6486004,901,9:31:2,6,[PeopleData_id:8]
6486004,902,9:31:3,6,[PeopleData_id:8,PeopleData_data2Type]
6486004,903,9:31:5,6,[PeopleData_id8,PeopleData_data2Type]
6486004,901,9:31:5,6,[PeopleData_id:8]
6486004,904,9:31:5,6,[PeopleData_id:8]
6486004,901,9:31:5,6,[PeopleData_id:3]
6486004,904,9:31:5,6,[PeopleData_id:3]
6486004,901,9:31:6,6,[PeopleData_id:3]
6486004,904,9:31:6,6,[PeopleData_id:3]
6486004,905,9:31:7,6,[PeopleData_id:3,RankTypes_id:1,RankTypes_id:0]
6486004,901,9:31:7,6,[PeopleData_id:5]
6486004,904,9:31:7,6,[PeopleData_id:5]
6486004,901,9:31:8,6,[PeopleData_id:5]
6486004,904,9:31:8,6,[PeopleData_id:5]
6486004,905,9:31:9,6,[PeopleData_id:5,RankTypes_id:1,RankTypes_id:1]
6486004,901,9:31:9,6,[PeopleData_id:8]
6486004,904,9:31:9,6,[PeopleData_id:8]
6486004,902,9:31:12,6,[PeopleData_id:8,PeopleData_data1Type]
6486004,902,9:31:15,6,[PeopleData_id:8,PeopleData_data0Type]
6486004,903,9:31:17,6,[PeopleData_id8,PeopleData_data0Type]
6486004,901,9:31:18,6,[PeopleData_id:8]
6486004,904,9:31:18,6,[PeopleData_id:8]
6486004,905,9:31:18,6,[PeopleData_id:8,RankTypes_id:-1,RankTypes_id:1]
6486004,901,9:31:44,6,[PeopleData_id:1]
6486004,902,9:31:45,6,[PeopleData_id:1,PeopleData_data3Type]
6486004,902,9:31:55,6,[PeopleData_id:1,PeopleData_data0Type]
6486004,903,9:31:57,6,[PeopleData_id1,PeopleData_data0Type]
6486004,901,9:31:57,6,[PeopleData_id:1]
6486004,904,9:31:57,6,[PeopleData_id:1]
6486004,905,9:31:58,6,[PeopleData_id:1,RankTypes_id:-1,RankTypes_id:0]
6486004,901,9:31:58,6,[PeopleData_id:2]
6486004,902,9:31:59,6,[PeopleData_id:2,PeopleData_data2Type]
6486004,902,9:32:1,6,[PeopleData_id:2,PeopleData_data1Type]
6486004,902,9:32:2,6,[PeopleData_id:2,PeopleData_data0Type]
6486004,903,9:32:4,6,[PeopleData_id2,PeopleData_data0Type]
6486004,901,9:32:4,6,[PeopleData_id:2]
6486004,904,9:32:4,6,[PeopleData_id:2]
6486004,905,9:32:5,6,[PeopleData_id:2,RankTypes_id:-1,RankTypes_id:2]
6486004,906,9:32:5,6,[]
6486004,901,9:32:6,6,[PeopleData_id:2]
6486004,904,9:32:6,6,[PeopleData_id:2]
6486004,905,9:32:7,6,[PeopleData_id:2,RankTypes_id:2,RankTypes_id:3]
6486004,907,9:32:7,6,[]
6486004,908,9:32:7,6,[InvitationData_id:2,PeopleData_id:6,RankTypes_id:3]
6486004,909,9:32:9,6,[InvitationData_id:2,PeopleData_id:6,RankTypes_id:3,1]
6486004,910,9:32:9,6,[InvitationData_id:2,7,false]
6486004,908,9:32:9,6,[InvitationData_id:5,PeopleData_id:6,RankTypes_id:3]
6486004,909,9:32:14,6,[InvitationData_id:5,PeopleData_id:6,RankTypes_id:3,1]
6486004,910,9:32:15,6,[InvitationData_id:5,7,false]
6486004,908,9:32:15,6,[InvitationData_id:10,PeopleData_id:8,RankTypes_id:1]
6486004,909,9:32:17,6,[InvitationData_id:10,PeopleData_id:8,RankTypes_id:1,0]
6486004,910,9:32:18,6,[InvitationData_id:10,0,false]
6486004,908,9:32:18,6,[InvitationData_id:8,PeopleData_id:5,RankTypes_id:1]
6486004,909,9:32:21,6,[InvitationData_id:8,PeopleData_id:5,RankTypes_id:1,1]
6486004,910,9:32:22,6,[InvitationData_id:8,3,false]
6486004,908,9:32:22,6,[InvitationData_id:12,PeopleData_id:5,RankTypes_id:1]
6486004,909,9:32:23,6,[InvitationData_id:12,PeopleData_id:5,RankTypes_id:1,0]
6486004,910,9:32:24,6,[InvitationData_id:12,0,false]
6486004,908,9:32:24,6,[InvitationData_id:4,PeopleData_id:6,RankTypes_id:3]
6486004,909,9:32:29,6,[InvitationData_id:4,PeopleData_id:6,RankTypes_id:3,0]
6486004,910,9:32:31,6,[InvitationData_id:4,-7,false]
6486004,908,9:32:31,6,[InvitationData_id:3,PeopleData_id:8,RankTypes_id:1]
6486004,909,9:32:33,6,[InvitationData_id:3,PeopleData_id:8,RankTypes_id:1,1]
6486004,910,9:32:34,6,[InvitationData_id:3,0,true]
6486004,908,9:32:34,6,[InvitationData_id:0,PeopleData_id:8,RankTypes_id:1]
6486004,1002,9:32:37,6
6486004,1003,9:32:37,2
6486004,1004,9:32:40,6
6486004,900,9:32:54,6,[]
6486004,901,9:32:55,6,[PeopleData_id:7]
6486004,904,9:32:55,6,[PeopleData_id:7]
6486004,901,9:32:57,6,[PeopleData_id:7]
6486004,904,9:32:57,6,[PeopleData_id:7]
6486004,905,9:32:57,6,[PeopleData_id:7,RankTypes_id:-1,RankTypes_id:0]
6486004,901,9:33:3,6,[PeopleData_id:8]
6486004,902,9:33:4,6,[PeopleData_id:8,PeopleData_data0Type]
6486004,902,9:33:6,6,[PeopleData_id:8,PeopleData_data1Type]
6486004,902,9:33:7,6,[PeopleData_id:8,PeopleData_data2Type]
6486004,903,9:33:10,6,[PeopleData_id8,PeopleData_data2Type]
6486004,901,9:33:10,6,[PeopleData_id:8]
6486004,904,9:33:10,6,[PeopleData_id:8]
6486004,905,9:33:11,6,[PeopleData_id:8,RankTypes_id:-1,RankTypes_id:0]
6486004,901,9:33:14,6,[PeopleData_id:3]
6486004,904,9:33:14,6,[PeopleData_id:3]
6486004,902,9:33:15,6,[PeopleData_id:3,PeopleData_data0Type]
6486004,902,9:33:17,6,[PeopleData_id:3,PeopleData_data1Type]
6486004,103,9:33:32
6486004,105,9:33:33
6486004,703,9:33:36,[|| EpilogueItem ID: 0 unlocked: true ||,|| EpilogueItem ID: 1 unlocked: true ||,|| EpilogueItem ID: 2 unlocked: true ||,|| EpilogueItem ID: 3 unlocked: true ||,|| EpilogueItem ID: 4 unlocked: true ||,|| EpilogueItem ID: 5 unlocked: true ||,|| EpilogueItem ID: 6 unlocked: true ||,|| EpilogueItem ID: 7 unlocked: true ||,|| EpilogueItem ID: 8 unlocked: true ||,|| EpilogueItem ID: 9 unlocked: true ||,|| EpilogueItem ID: 10 unlocked: true ||,|| EpilogueItem ID: 11 unlocked: false ||,|| EpilogueItem ID: 12 unlocked: true ||,|| EpilogueItem ID: 13 unlocked: true ||,|| EpilogueItem ID: 14 unlocked: true ||,|| EpilogueItem ID: 15 unlocked: false ||,|| EpilogueItem ID: 16 unlocked: false ||,|| EpilogueItem ID: 17 unlocked: false ||,|| EpilogueItem ID: 18 unlocked: true ||,|| EpilogueItem ID: 19 unlocked: false ||,|| EpilogueItem ID: 20 unlocked: true ||,|| EpilogueItem ID: 21 unlocked: true ||,|| EpilogueItem ID: 22 unlocked: true ||,|| EpilogueItem ID: 23 unlocked: true ||,|| EpilogueItem ID: 24 unlocked: true ||],0.8
6486004,706,9:33:38,(x=2531, y=-100, w=1024, h=768),(x=2531, y=-100, w=1024, h=768)
6486004,706,9:33:38,(x=2531, y=-100, w=1024, h=768),(x=2531, y=-100, w=1024, h=768)
6486004,708,9:33:38
6486004,1,9:33:38,5/24/2013 3:39:46pm,{"gameTime":34418700,"session":[{"stackId":12,"sceneId":"1P"},{"stackId":0,"sceneId":"1P"},{"stackId":1,"sceneId":"1P"},{"stackId":1,"sceneId":"1N"},{"stackId":1,"sceneId":"2P"},{"stackId":2,"sceneId":"3P"},{"stackId":2,"sceneId":"1P"},{"stackId":2,"sceneId":"1N"},{"stackId":2,"sceneId":"2P"},{"stackId":3,"sceneId":"1P"},{"stackId":3,"sceneId":"1N"},{"stackId":3,"sceneId":"2P"},{"stackId":4,"sceneId":"1P"},{"stackId":4,"sceneId":"1N"},{"stackId":4,"sceneId":"2P"},{"stackId":5,"sceneId":"1P"},{"stackId":5,"sceneId":"1N"},{"stackId":5,"sceneId":"2P"},{"stackId":8,"sceneId":"1P"},{"stackId":8,"sceneId":"1N"},{"stackId":8,"sceneId":"2P"},{"stackId":6,"sceneId":"2P"},{"stackId":6,"sceneId":"1P"},{"stackId":7,"sceneId":"1P"},{"stackId":7,"sceneId":"1N"},{"stackId":7,"sceneId":"2P"},{"stackId":10,"sceneId":"2P"},{"stackId":10,"sceneId":"1P"},{"stackId":9,"sceneId":"2P"},{"stackId":9,"sceneId":"1P"},{"stackId":11,"sceneId":"2P"},{"stackId":11,"sceneId":"1P"}],"challengeStacks":[{"resolved":true,"challengeScenes":[{"keyPoints":["c_teacherEng_G7a0","c_bestFriend_F_a_G7a0","s_flag_gen"],"viewedAnimatic":true,"touchableObjects":["s_vocabAssignment_G7a0","s_otherStudent1_G7a0","c_friend1_F_a_G7a0","c_crewKid1_F_G7a0","s_doorClassroom_G7a0","s_angelouPoster_gen","s_clock_G7a0","c_teacherEng_G7a0","c_bestFriend_F_a_G7a0","s_flag_gen","s_poePoster_gen","s_shakespearePoster_gen","s_atwoodPoster_gen"],"unlocked":true,"miniGameCards":[]},{"keyPoints":["c_bestFriend_F_a_G7a1N","c_teacherEng_G7a1N","s_paperPlayers_G7a1N"],"viewedAnimatic":true,"touchableObjects":["s_atwoodPoster_gen","s_poePoster_gen","s_otherStudent2_G7a1N","c_bestFriend_F_a_G7a1N","c_teacherEng_G7a1N","s_paperPlayers_G7a1N","s_posterPlagiarism_gen","s_flag_gen"],"unlocked":true,"miniGameCards":[]},{"keyPoints":["s_paperEnglish_gen","c_teacherEng_G7a1P","s_flag_gen","c_bestFriend_F_a_G7a1P"],"viewedAnimatic":true,"touchableObjects":["s_paperPlayers_G7a1P","s_atwoodPoster_gen","s_angelouPoster_gen","s_shakespearePoster_gen","s_poePoster_gen","s_clock_G7a1P","s_paperEnglish_gen","c_teacherEng_G7a1P","s_flag_gen","c_bestFriend_F_a_G7a1P"],"unlocked":true,"miniGameCards":[]}],"stackSize":3},{"resolved":true,"challengeScenes":[{"keyPoints":["c_crewKid1_F_G7b0","s_backpack_F_G7b0","c_kidSister_lati_a_G7b0"],"viewedAnimatic":true,"touchableObjects":["c_cousin_F_a_G7b0","c_crewKid2_F_G7b0","c_crewKid1_F_G7b0","c_cousinsBrother_a_G7b0","s_lifeguard_G7b0","c_cousinsBrothersFriendsGF_G7b0","c_cousinsBrothersFriend_a_G7b0","s_backpack_F_G7b0","s_snackBarWorker_G7b0","c_kidSister_lati_a_G7b0"],"unlocked":true,"miniGameCards":[]},{"keyPoints":["c_kidSister_lati_a_G7b1N","c_crewKid1_F_G7b1N","s_graffiti_G7b1N","s_brokenCarWindow_G7b1N","s_sprayPaintCan_G7b1N"],"viewedAnimatic":true,"touchableObjects":["s_wreckedPlants_G7b1N","c_kidSister_lati_a_G7b1N","s_flag_G7b1N","c_cousin_F_a_G7b1N","c_teacherEng_G7b1N","c_policeOfficer_G7b1N","c_crewKid1_F_G7b1N","s_graffiti_G7b1N","s_brokenCarWindow_G7b1N","s_cat_G7b1N","s_sprayPaintCan_G7b1N"],"unlocked":true,"miniGameCards":[]},{"keyPoints":["c_cousin_F_a_G7b1P","c_cousinsBrother_a_G7b1P","s_poolDay_ruleSign_G7b1P","c_cousinsBrothersFriend_a_G7b1P"],"viewedAnimatic":true,"touchableObjects":["c_cousin_F_a_G7b1P","c_cousinsBrother_a_G7b1P","c_kidSister_lati_a_G7b1P","c_crush1_F_a_G7b1P","s_poolDay_ruleSign_G7b1P","c_cousinsBrothersFriend_a_G7b1P"],"unlocked":true,"miniGameCards":[]},{"keyPoints":["s_kid1_G7b2N","c_kidSister_lati_a_G7b2N","c_crush1_F_a_G7b2N","c_cousin_F_a_G7b2N"],"viewedAnimatic":true,"touchableObjects":["c_cousinsBrother_a_G7b2N","s_kid1_G7b2N","c_crewKid2_F_G7b2N","c_kidSister_lati_a_G7b2N","s_kidPool1_G7b2N","s_kidPool2_G7b2N","s_lifeguard_G7b2N","s_cousinsBFgirlfriend_G7b2N","c_crush1_F_a_G7b2N","c_cousin_F_a_G7b2N"],"unlocked":true,"miniGameCards":[]},{"keyPoints":["c_kidSister_lati_a_G7b2P","s_computer_F_G7b2P","c_cousin_F_a_G7b2P","s_pictureDad_lati_F_gen"],"viewedAnimatic":true,"touchableObjects":["c_grandma_lati_a_G7b2P","c_kidSister_lati_a_G7b2P","s_calendar_F_gen","s_closet_F_G7b2P","s_computer_F_G7b2P","c_cousin_F_a_G7b2P","s_pictureDad_lati_F_gen"],"unlocked":true,"miniGameCards":[]}],"stackSize":5},{"resolved":true,"challengeScenes":[{"keyPoints":["s_cellphone_G8a0","s_clock_G8a0","c_cousin_F_a_G8a0","c_crush2_F_a_G8a0","s_bottleCrush2_F_G8a0"],"viewedAnimatic":true,"touchableObjects":["c_friend1_F_G8a0","s_cellphone_G8a0","s_beerSixpack_G8a0","s_clock_G8a0","s_cigaretteKid1_G8a0","c_cousin_F_a_G8a0","s_bottleFloor_G8a0","c_crush2_F_a_G8a0","s_stairs_G8a0","s_bottleCrush2_F_G8a0"],"unlocked":true,"miniGameCards":[]},{"keyPoints":["s_basementDoor_gen","s_crush2Lips_F_G8a1N","s_crush2Sore_F_G8a1N","s_dirtyClothes_gen","s_crush2Eyes_F_G8a1N"],"viewedAnimatic":true,"touchableObjects":["c_crush2_F_a_G8a1N","s_stairs_G8a1N","s_inhalantsShelf_gen","s_waterHeater_gen","s_dryer_G8a1N","s_basementDoor_gen","s_crush2Lips_F_G8a1N","s_crush2Sore_F_G8a1N","s_dirtyClothes_gen","s_crush2Eyes_F_G8a1N"],"unlocked":true,"miniGameCards":[]},{"keyPoints":["s_inhalantsShelf_gen","s_dirtyClothes_gen","s_basementDoor_gen","c_crush2_F_a_G8a1P"],"viewedAnimatic":true,"touchableObjects":["s_spraypaintCrush2_F_G8a1P","s_inhalantsShelf_gen","s_waterHeater_gen","s_dirtyClothes_gen","s_basementDoor_gen","c_crush2_F_a_G8a1P"],"unlocked":true,"miniGameCards":[]},{"keyPoints":["c_crush2_F_a_G8a2N","s_spraypaintCan_G8a2N"],"viewedAnimatic":true,"touchableObjects":["c_friend1_F_a_G8a2N","c_crush2_F_a_G8a2N","s_fumes_G8a2N","s_spraypaintCan_G8a2N"],"unlocked":true,"miniGameCards":[]},{"keyPoints":["s_sistersToy_G8a2P","c_crush2_F_a_G8a2P","s_pictureDad_lati_gen","c_kidSister_lati_a_G8a2P","s_magazine_G8a2P"],"viewedAnimatic":true,"touchableObjects":["s_teaCup_G8a2P","s_sistersToy_G8a2P","s_videoGame_G8a2P","s_door_gen","c_crush2_F_a_G8a2P","s_pictureDad_lati_gen","c_kidSister_lati_a_G8a2P","c_grandma_lati_a_G8a2P","s_clock_G8a2P","s_magazine_G8a2P"],"unlocked":true,"miniGameCards":[]},{"keyPoints":["c_nurse_a_G8a3N","s_mirror_lati_F_a_G8a3N","s_pamphlet1_G8a3N","s_pamphlet3_G8a3N"],"viewedAnimatic":true,"touchableObjects":["c_nurse_a_G8a3N","s_phone_G8a3N","s_door_G8a3N","s_mirror_lati_F_a_G8a3N","s_pamphlet1_G8a3N","s_pamphlet3_G8a3N"],"unlocked":true,"miniGameCards":[]},{"keyPoints":["s_kidsCouch_G8a3P","c_crush2_F_a_G8a3P"],"viewedAnimatic":true,"touchableObjects":["s_window_G8a3P","s_kidStanding_G8a3P","c_friend1_F_a_G8a3P","c_crewKid1_F_a_G8a3P","s_kidsCouch_G8a3P","c_crush2_F_a_G8a3P"],"unlocked":true,"miniGameCards":[]}],"stackSize":7},{"resolved":true,"challengeScenes":[{"keyPoints":["s_pillBottle_G8b0","c_friend1_F_a_G8b0","c_kidSister_lati_a_G8b0"],"viewedAnimatic":true,"touchableObjects":["s_pictureMom_lati_gen","s_pictureDad_lati_gen","s_pillBottle_G8b0","c_friend1_F_a_G8b0","c_grandma_lati_a_G8b0","c_kidSister_lati_a_G8b0"],"unlocked":true,"miniGameCards":[]},{"keyPoints":["c_friend1_F_a_G8b1N","c_kidSister_lati_a_G8b1N","c_grandma_lati_a_G8b1N"],"viewedAnimatic":true,"touchableObjects":["c_friend1_F_a_G8b1N","c_kidSister_lati_a_G8b1N","s_pillBottle_G8b1N","c_grandma_lati_a_G8b1N"],"unlocked":true,"miniGameCards":[]},{"keyPoints":["c_friend1_F_a_G8b1P","c_grandma_lati_a_G8b1P","s_pillBottle_F_G8b1P"],"viewedAnimatic":true,"touchableObjects":["c_friend1_F_a_G8b1P","c_kidSister_lati_a_G8b1P","c_grandma_lati_a_G8b1P","s_tvGuide_G8b1P","s_pillBottle_F_G8b1P"],"unlocked":true,"miniGameCards":[]},{"keyPoints":["s_sandwichBagPills_G8b2N","c_teacherEng_G8b2N","c_crewKid2_F_a_G8b2N","s_clock_G8b2N","c_friend1_F_a_G8b2N"],"viewedAnimatic":true,"touchableObjects":["s_sandwichBagPills_G8b2N","c_teacherEng_G8b2N","c_crewKid2_F_a_G8b2N","s_clock_G8b2N","s_kid2_G8b2N","s_kid4_G8b2N","s_kid3_G8b2N","s_kid5_G8b2N","s_kid1_G8b2N","c_friend1_F_a_G8b2N"],"unlocked":true,"miniGameCards":[]},{"keyPoints":["c_friend1_F_a_G8b2P","c_grandma_lati_a_G8b2P","s_pillBottle_G8b2P"],"viewedAnimatic":true,"touchableObjects":["c_friend1_F_a_G8b2P","s_videoGameScreen_G8b2P","c_mom_lati_a_G8b2P","c_kidSister_lati_a_G8b2P","c_grandma_lati_a_G8b2P","s_pillBottle_G8b2P"],"unlocked":true,"miniGameCards":[]}],"stackSize":5},{"resolved":true,"challengeScenes":[{"keyPoints":["s_bathingSuit_F_G9a0","s_door_F_gen","s_cellPhone_F_G9a0","s_clock_F_G9a0"],"viewedAnimatic":true,"touchableObjects":["s_bathingSuit_F_G9a0","s_door_F_gen","s_window_F_G9a0","s_calendar_F_gen","s_cellPhone_F_G9a0","s_clock_F_G9a0"],"unlocked":true,"miniGameCards":[]},{"keyPoints":["s_fence_G9a1N","c_cousin_F_a_G9a1N","s_kid3_G9a1N","c_policeOfficer_G9a1N"],"viewedAnimatic":true,"touchableObjects":["s_fence_G9a1N","s_policeCar_G9a1N","s_kid4_G9a1N","s_bathingSuits_G9a1N","c_cousinsBrothersFriend_a_G9a1N","s_poolNight_ruleSign_G9a1N","s_potSmokeCloud_G9a1N","c_cousin_F_a_G9a1N","s_kid3_G9a1N","c_policeOfficer_G9a1N"],"unlocked":true,"miniGameCards":[]},{"keyPoints":["s_joint_F_G9a1P","c_cousin_F_a_G9a1P","s_door_F_gen","s_calendar_F_gen","s_poster_F_gen"],"viewedAnimatic":true,"touchableObjects":["s_joint_F_G9a1P","c_cousin_F_a_G9a1P","s_computer_F_gen","s_door_F_gen","s_calendar_F_gen","s_poster_F_gen"],"unlocked":true,"miniGameCards":[]},{"keyPoints":["c_mom_lati_a_G9a2N","c_kidSister_lati_a_G9a2N","s_potSmokeCloud_F_G9a2N","c_cousin_F_a_G9a2N","s_pictureDad_lati_F_gen"],"viewedAnimatic":true,"touchableObjects":["c_mom_lati_a_G9a2N","c_kidSister_lati_a_G9a2N","s_potSmokeCloud_F_G9a2N","s_cookieTrayEmpty_F_G9a2N","c_cousin_F_a_G9a2N","s_pictureDad_lati_F_gen"],"unlocked":true,"miniGameCards":[]},{"keyPoints":["s_pizzaBox_G9a2P","c_cousin_F_a_G9a2P","c_mom_lati_a_G9a2P","s_door_gen"],"viewedAnimatic":true,"touchableObjects":["c_grandma_lati_a_G9a2P","s_pictureDad_lati_gen","s_pizzaBox_G9a2P","c_cousin_F_a_G9a2P","c_kidSister_lati_a_G9a2P","c_mom_lati_a_G9a2P","s_door_gen"],"unlocked":true,"miniGameCards":[]}],"stackSize":5},{"resolved":true,"challengeScenes":[{"keyPoints":["s_mirror_F_G9b0","s_computer_F_gen","s_pictureDad_lati_F_gen"],"viewedAnimatic":true,"touchableObjects":["s_closet_F_G9b0","s_mirror_F_G9b0","c_kidSister_lati_a_G9b0","c_cousin_F_a_G9b0","s_computer_F_gen","s_pictureDad_lati_F_gen"],"unlocked":true,"miniGameCards":[]},{"keyPoints":["s_clock_G9b1N","c_cousin_F_a_G9b1N","s_brokenLamp_G9b1N","c_kidSister_lati_a_G9b1N","s_beerBottle_G9b1N","s_joint_G9b1N","c_teacherEng_G9b1N"],"viewedAnimatic":true,"touchableObjects":["s_clock_G9b1N","c_cousin_F_a_G9b1N","s_brokenLamp_G9b1N","c_kidSister_lati_a_G9b1N","s_photoCracked_G9b1N","s_pictureDaddark_lati_gen","s_coupleOnCouch_G9b1N","s_puddleFloor_G9b1N","s_boomBox_G9b1N","s_beerBottle_G9b1N","s_joint_G9b1N","s_smokeDetector_G9b1N","c_teacherEng_G9b1N"],"unlocked":true,"miniGameCards":[]},{"keyPoints":["c_friend1_F_a_G9b1P","c_bestFriend_F_a_G9b1P","c_crush1_F_a_G9b1P","s_pictureMomdark_lati_G9b1P","c_cousin_F_a_G9b1P","s_pictureDaddark_lati_gen","s_kidsGroupKitchen_G9b1P"],"viewedAnimatic":true,"touchableObjects":["s_door_G9b1P","c_kidSister_lati_a_G9b1P","c_friend1_F_a_G9b1P","c_bestFriend_F_a_G9b1P","s_beerBottle_G9b1P","c_crush1_F_a_G9b1P","s_pictureMomdark_lati_G9b1P","s_ashtray_G9b1P","c_cousin_F_a_G9b1P","s_pictureDaddark_lati_gen","s_kidsGroupKitchen_G9b1P"],"unlocked":true,"miniGameCards":[]},{"keyPoints":["c_cousin_F_a_G9b2N","c_mom_lati_a_G9b2N","c_crush1_F_a_G9b2N"],"viewedAnimatic":true,"touchableObjects":["c_grandma_lati_a_G9b2N","c_cousin_F_a_G9b2N","c_kidSister_lati_a_G9b2N","c_mom_lati_a_G9b2N","s_clock_G9b2N","c_crush1_F_a_G9b2N"],"unlocked":true,"miniGameCards":[]},{"keyPoints":["c_mom_lati_a_G9b2P","c_crush1_F_a_G9b2P","c_bestFriend_F_a_G9b2P","s_clock_G9b2P"],"viewedAnimatic":true,"touchableObjects":["c_kidSister_lati_a_G9b2P","c_mom_lati_a_G9b2P","c_crush1_F_a_G9b2P","s_boardGame_G9b2P","c_bestFriend_F_a_G9b2P","c_grandma_lati_a_G9b2P","s_sodaBottle_G9b2P","s_clock_G9b2P"],"unlocked":true,"miniGameCards":[]}],"stackSize":5},{"resolved":true,"challengeScenes":[{"keyPoints":["c_crush1_F_b_G10a0","s_cellPhone_F_G10a0","s_poster_F_gen","s_window_F_G10a0","s_drawer_F_G10a0"],"viewedAnimatic":true,"touchableObjects":["s_chairClothes_F_G10a0","s_door_F_gen","c_crush1_F_b_G10a0","s_computer_F_gen","s_bed2_F_G10a0","s_cellPhone_F_G10a0","s_calendar_F_gen","s_poster_F_gen","s_bed1_F_G10a0","s_clock_F_G10a0","s_window_F_G10a0","s_drawer_F_G10a0"],"unlocked":true,"miniGameCards":[]},{"keyPoints":["c_crush1_F_b_G10a1N","s_condom_F_G10a1N","s_picture_F_G10a1N","s_mirror_F_G10a1N"],"viewedAnimatic":true,"touchableObjects":["c_crush1_F_b_G10a1N","s_crushClothes_F_G10a1N","s_closet_F_G10a1N","s_door_F_gen","s_computer_F_gen","s_window_F_G10a1N","s_calendar_F_gen","s_condom_F_G10a1N","s_picture_F_G10a1N","s_mirror_F_G10a1N"],"unlocked":true,"miniGameCards":[]},{"keyPoints":["c_friend_F_b_G10a1P","c_crush1_F_b_G10a1P","s_lockerPoster_G10a1P"],"viewedAnimatic":true,"touchableObjects":["c_friend_F_b_G10a1P","c_crush1_F_b_G10a1P","c_bestFriend_F_b_G10a1P","s_dancePoster_G10a1P","c_teacherEng_G10a1P","s_lockerPoster_G10a1P"],"unlocked":true,"miniGameCards":[]},{"keyPoints":["c_nurse_G10a2N","s_pamphlet5_G10a2N","s_pamphlet4_G10a2N","s_pamphlet1_G10a2N","s_phone_G10a2N","s_pamphlet3_G10a2N"],"viewedAnimatic":true,"touchableObjects":["s_pamphlet2_G10a2N","c_nurse_G10a2N","s_cot_G10a2N","s_pamphlet5_G10a2N","s_pamphlet4_G10a2N","s_firstAidKit_G10a2N","s_kleenex_G10a2N","s_curtain_G10a2N","s_pamphlet1_G10a2N","s_phone_G10a2N","s_pamphlet3_G10a2N"],"unlocked":true,"miniGameCards":[]},{"keyPoints":["c_crush1_F_b_G10a2P","s_dancePoster_G10a2P","c_friend_F_b_G10a2P","c_cousin_F_b_G10a2P","c_nurse_G10a2P"],"viewedAnimatic":true,"touchableObjects":["c_crush1_F_b_G10a2P","s_dancePoster_G10a2P","s_clock_G10a2P","c_bestFriend_F_b_G10a2P","c_friend_F_b_G10a2P","c_cousin_F_b_G10a2P","c_nurse_G10a2P"],"unlocked":true,"miniGameCards":[]}],"stackSize":5},{"resolved":true,"challengeScenes":[{"keyPoints":["s_car1_G10b0","s_car2_G10b0","s_kidsGroup1_G10b0","s_kidPointing_G10b0","c_crush1_F_b_G10b0","c_crush2_F_b_G10b0","c_crewKid2_F_b_G10b0","s_trafficLight_G10b0"],"viewedAnimatic":true,"touchableObjects":["s_car1_G10b0","s_car2_G10b0","s_kidsGroup1_G10b0","s_kidPointing_G10b0","s_billboard_G10b0","c_crush1_F_b_G10b0","c_cousinsBrother_b_G10b0","c_crush2_F_b_G10b0","c_crewKid2_F_b_G10b0","c_cousinsBrothersFriend_b_G10b0","s_streetCorner_G10b0","s_trafficLight_G10b0"],"unlocked":true,"miniGameCards":[]},{"keyPoints":["c_cousinsBrothersFriend_b_G10b1N","s_kidsHorrified_G10b1N","s_carSmashed_G10b1N"],"viewedAnimatic":true,"touchableObjects":["s_policeCar_G10b1N","s_kid_G10b1N","c_cousinsBrothersFriend_b_G10b1N","c_crush1_F_b_G10b1N","s_kidsHorrified_G10b1N","s_barCrowd_G10b1N","s_carSmashed_G10b1N"],"unlocked":true,"miniGameCards":[]},{"keyPoints":["s_clock_G10b1P","c_crush1_F_b_G10b1P","s_pictureDad_lati_gen","s_keys_G10b1P","s_stairs_G10b1P","s_candles_G10b1P"],"viewedAnimatic":true,"touchableObjects":["s_clock_G10b1P","s_boomBox_G10b1P","c_crush1_F_b_G10b1P","s_pictureDad_lati_gen","s_keys_G10b1P","s_stairs_G10b1P","s_candles_G10b1P"],"unlocked":true,"miniGameCards":[]},{"keyPoints":["c_crush1_F_b_G10b2N","c_teacherEng_G10b2N","c_cousin_F_b_G10b2N","c_bestFriend_F_b_G10b2N","s_clock_G10b2N"],"viewedAnimatic":true,"touchableObjects":["c_crush1_F_b_G10b2N","c_teacherEng_G10b2N","c_cousin_F_b_G10b2N","c_bestFriend_F_b_G10b2N","s_clock_G10b2N"],"unlocked":true,"miniGameCards":[]},{"keyPoints":["s_condom_G10b2P","s_mirror_F_G10b2P"],"viewedAnimatic":true,"touchableObjects":["s_condom_G10b2P","c_grandma_lati_a_G10b2P","s_mirror_F_G10b2P"],"unlocked":true,"miniGameCards":[]}],"stackSize":5},{"resolved":true,"challengeScenes":[{"keyPoints":["s_backpack_G11a0","c_friend1_F_G11a0","s_mirror_G11a0"],"viewedAnimatic":true,"touchableObjects":["s_backpack_G11a0","c_friend1_F_G11a0","s_mirror_G11a0"],"unlocked":true,"miniGameCards":[]},{"keyPoints":["s_door_F_gen","s_window_F_G11a1N","s_bed_F_G11a1N","s_poster_F_gen","c_crush1_F_G11a1N"],"viewedAnimatic":true,"touchableObjects":["s_calendar_F_gen","s_door_F_gen","s_window_F_G11a1N","s_bed_F_G11a1N","s_poster_F_gen","c_crush1_F_G11a1N"],"unlocked":true,"miniGameCards":[]},{"keyPoints":["c_nurse_G11a1P","c_friend1_F_G11a1P","s_rubberGloves_G11a1P","s_poster_G11a1P"],"viewedAnimatic":true,"touchableObjects":["c_nurse_G11a1P","c_friend1_F_G11a1P","s_rubberGloves_G11a1P","s_pamphlet3_G11a1P","s_pamphlet1_G11a1P","s_poster_G11a1P"],"unlocked":true,"miniGameCards":[]},{"keyPoints":["c_friend1_F_G11a2N","s_lockerKids1_G11a2N","s_hivKid_F_G11a2N","c_crush2_F_G11a2N"],"viewedAnimatic":true,"touchableObjects":["c_friend1_F_G11a2N","c_teacherEng_G11a2N","s_lockerKids1_G11a2N","s_hivKid_F_G11a2N","s_clock_G11a2N","s_lockerKid1_G11a2N","c_crush2_F_G11a2N"],"unlocked":true,"miniGameCards":[]},{"keyPoints":["c_nurse_G11a2P","c_friend1_F_G11a2P"],"viewedAnimatic":true,"touchableObjects":["s_pamphlet1_G11a2P","s_firstAidKit_G11a2P","s_pamphlet3_G11a2P","c_nurse_G11a2P","c_friend1_F_G11a2P"],"unlocked":true,"miniGameCards":[]}],"stackSize":5},{"resolved":true,"challengeScenes":[{"keyPoints":["s_bestFriendsDateNose_F_G11b0","c_teacherEng_G11b0","s_door_G11b0","c_bestFriend_F_b_G11b0","s_posterPromPromise_G11b0"],"viewedAnimatic":true,"touchableObjects":["s_bestFriendsDateNose_F_G11b0","s_discoBall_gen","s_djPlatform_G11b0","c_crush1_F_b_G11b0","s_suspiciousKid_G11b0","c_teacherEng_G11b0","s_door_G11b0","c_bestFriend_F_b_G11b0","s_posterPromPromise_G11b0"],"unlocked":true,"miniGameCards":[]},{"keyPoints":["s_car_G11b1N","c_crush1_F_b_G11b1N","s_bestFriendsDate_F_G11b1N","s_bestFriendsDateFace_F_G11b1N"],"viewedAnimatic":true,"touchableObjects":["s_car_G11b1N","c_crush1_F_b_G11b1N","s_bestFriendsDate_F_G11b1N","c_bestFriend_F_b_G11b1N","s_bestFriendsDateFace_F_G11b1N"],"unlocked":true,"miniGameCards":[]},{"keyPoints":["c_crush1_F_b_G11b1P","c_bestFriend_F_b_G11b1P"],"viewedAnimatic":true,"touchableObjects":["c_crush1_F_b_G11b1P","c_bestFriend_F_b_G11b1P"],"unlocked":true,"miniGameCards":[]},{"keyPoints":["s_carCrashed_G11b2N","s_policeCar_G11b2N","c_bestFriend_F_b_G11b2N"],"viewedAnimatic":true,"touchableObjects":["s_carCrashed_G11b2N","s_bestFriendsDate_F_G11b2N","c_crush1_F_b_G11b2N","s_policeCar_G11b2N","c_bestFriend_F_b_G11b2N"],"unlocked":true,"miniGameCards":[]},{"keyPoints":["c_grandma_lati_G11b2P","c_kidSister_lati_b_G11b2P","s_keys_G11b2P"],"viewedAnimatic":true,"touchableObjects":["c_grandma_lati_G11b2P","s_pictureDad_lati_gen","c_crush1_F_b_G11b2P","c_bestFriend_F_b_G11b2P","s_tv_G11b2P","s_door_gen","c_kidSister_lati_b_G11b2P","c_mom_lati_G11b2P","s_keys_G11b2P"],"unlocked":true,"miniGameCards":[]}],"stackSize":5},{"resolved":true,"challengeScenes":[{"keyPoints":["s_pictureDad_lati_gen","c_mom_lati_G12a0","s_clock_G12a0"],"viewedAnimatic":true,"touchableObjects":["s_magazine_G12a0","s_pictureDad_lati_gen","c_mom_lati_G12a0","s_pictureMom_lati_gen","s_clock_G12a0"],"unlocked":true,"miniGameCards":[]},{"keyPoints":["c_crush1_F_G12a1N","s_door_F_gen","s_calendar_F_gen"],"viewedAnimatic":true,"touchableObjects":["c_crush1_F_G12a1N","s_door_F_gen","s_calendar_F_gen"],"unlocked":true,"miniGameCards":[]},{"keyPoints":["c_mom_lati_G12a1P","s_pictureDad_lati_gen","s_condoms_G12a1P","s_booklet_G12a1P","s_testResultsHIV_G12a1P"],"viewedAnimatic":true,"touchableObjects":["c_mom_lati_G12a1P","s_pictureDad_lati_gen","s_condoms_G12a1P","s_booklet_G12a1P","s_pamphlet1_G12a1P","s_pamphlet2_G12a1P","s_pamphlet3_G12a1P","s_testResultsHIV_G12a1P"],"unlocked":true,"miniGameCards":[]},{"keyPoints":["c_kidSister_lati_b_G12a2N","s_door_gen","s_pregnancyTest_G12a2N","c_mom_lati_G12a2N","s_pictureDad_lati_gen","s_tv_gen"],"viewedAnimatic":true,"touchableObjects":["c_kidSister_lati_b_G12a2N","s_door_gen","s_pregnancyTest_G12a2N","c_mom_lati_G12a2N","c_crush1_F_b_G12a2N","s_pictureDad_lati_gen","c_grandma_lati_G12a2N","s_tv_gen"],"unlocked":true,"miniGameCards":[]},{"keyPoints":["c_crush1_F_b_G12a2P","s_pregnantGirl_G12a2P","c_bestFriend_F_b_G12a2P","c_nurse_G12a2P"],"viewedAnimatic":true,"touchableObjects":["c_crush1_F_b_G12a2P","s_camera_gen","s_pregnantGirl_G12a2P","c_bestFriend_F_b_G12a2P","c_nurse_G12a2P","c_cousin_F_b_G12a2P"],"unlocked":true,"miniGameCards":[]}],"stackSize":5},{"resolved":false,"challengeScenes":[{"keyPoints":["c_bestFriend_F_b_G12b0","s_paycheckHand_F_lati_G12b0","c_crush1_F_b_G12b0","s_snackbarGate_G12b0"],"viewedAnimatic":true,"touchableObjects":["c_bestFriend_F_b_G12b0","s_poolCleaner_G12b0","s_paycheckHand_F_lati_G12b0","c_crush1_F_b_G12b0","s_poolRules_G12b0","s_friesDrink_G12b0","s_snackbarGate_G12b0"],"unlocked":true,"miniGameCards":[]},{"keyPoints":["s_phone_G12b1N","s_barDoor_G12b1N","s_car_G12b1N","c_cousinsBrothersFriend_b_G12b1N"],"viewedAnimatic":true,"touchableObjects":["s_phone_G12b1N","s_barDoor_G12b1N","s_keys_G12b1N","s_car_G12b1N","c_cousinsBrothersFriend_b_G12b1N"],"unlocked":true,"miniGameCards":[]},{"keyPoints":["c_dad_lati_G12b1P","s_diplomaPhoto_G12b1P","c_crush1_F_b_G12b1P"],"viewedAnimatic":true,"touchableObjects":["c_dad_lati_G12b1P","s_diplomaPhoto_G12b1P","c_crush1_F_b_G12b1P","s_phone_G12b1P","s_pizza_G12b1P"],"unlocked":true,"miniGameCards":[]},{"keyPoints":["c_grandma_lati_G12b2N","c_mom_lati_G12b2N","s_calendar_F_G12b2N","s_purse_F_G12b2N","s_window_F_G12b2N","s_phone_F_G12b2N"],"viewedAnimatic":true,"touchableObjects":["c_grandma_lati_G12b2N","c_mom_lati_G12b2N","s_calendar_F_G12b2N","s_purse_F_G12b2N","s_computer_F_G12b2N","s_window_F_G12b2N","s_closet_F_G12b2N","s_clock_F_G12b2N","c_kidSister_lati_b_G12b2N","s_phone_F_G12b2N"],"unlocked":true,"miniGameCards":[]},{"keyPoints":["c_mom_lati_G12b2P"],"viewedAnimatic":true,"touchableObjects":["c_mom_lati_G12b2P","s_carCousinsBrothersFriend_G12b2P","s_carMom_G12b2P","s_bar_G12b2P"],"unlocked":true,"miniGameCards":[]}],"stackSize":5},{"resolved":true,"challengeScenes":[{"keyPoints":[],"viewedAnimatic":false,"touchableObjects":["c_player_lati_F_a_G0a0"],"unlocked":true,"miniGameCards":[]},{"keyPoints":["c_family_lati_a_G0a1N","c_home_G0a1N","c_job_G0a1N"],"viewedAnimatic":false,"touchableObjects":["c_family_lati_a_G0a1N","c_home_G0a1N","c_job_G0a1N"],"unlocked":true,"miniGameCards":[]},{"keyPoints":["c_dad_lati_a_G0a1P","c_mom_lati_a_G0a1P","c_Nurse_G0a1P","c_grandma_lati_a_G0a1P","c_Teacher_G0a1P","c_kidsister_lati_a_G0a1P"],"viewedAnimatic":false,"touchableObjects":["c_friends_G0a1P","c_cousins_F_a_G0a1P","c_dad_lati_a_G0a1P","c_mom_lati_a_G0a1P","c_Nurse_G0a1P","c_grandma_lati_a_G0a1P","c_Teacher_G0a1P","c_kidsister_lati_a_G0a1P"],"unlocked":true,"miniGameCards":[]}],"stackSize":3}],"minigames":[{"levelSaveData":[{"starRating":3,"unlocked":true},{"starRating":3,"unlocked":true},{"starRating":3,"unlocked":true},{"starRating":3,"unlocked":true},{"starRating":3,"unlocked":true},{"starRating":2,"unlocked":true},{"starRating":3,"unlocked":true},{"starRating":3,"unlocked":true},{"starRating":3,"unlocked":true},{"starRating":3,"unlocked":true}],"skillPoints":29},{"levelSaveData":[{"starRating":3,"unlocked":true},{"starRating":3,"unlocked":true},{"starRating":3,"unlocked":true},{"starRating":3,"unlocked":true},{"starRating":3,"unlocked":true},{"starRating":3,"unlocked":true},{"starRating":3,"unlocked":true},{"starRating":3,"unlocked":true},{"starRating":3,"unlocked":true},{"starRating":3,"unlocked":true}],"skillPoints":30},{"levelSaveData":[{"starRating":3,"unlocked":true},{"starRating":3,"unlocked":true},{"starRating":3,"unlocked":true},{"starRating":3,"unlocked":true},{"starRating":3,"unlocked":true},{"starRating":3,"unlocked":true},{"starRating":2,"unlocked":true},{"starRating":3,"unlocked":true},{"starRating":3,"unlocked":true},{"starRating":3,"unlocked":true}],"skillPoints":29},{"levelSaveData":[{"starRating":3,"unlocked":true},{"starRating":3,"unlocked":true},{"starRating":3,"unlocked":true},{"starRating":3,"unlocked":true},{"starRating":3,"unlocked":true},{"starRating":3,"unlocked":true},{"starRating":3,"unlocked":true},{"starRating":3,"unlocked":true},{"starRating":3,"unlocked":true},{"starRating":3,"unlocked":true}],"skillPoints":30},{"name":"datona","gender":1,"visualAvatar":0,"age":12,"levelSaveData":[{"starRating":3,"unlocked":true},{"chunks":[["1"],["20$$happy","10$$funny"],["6$$music","5$$pets","15$$video games"],["0"]],"unlocked":true,"starRating":3},{"chunks":[["1"],["3$$cooking","0$$running"],["0$$drive","1$$exerciseing"]],"unlocked":true,"starRating":3},{"chunks":[["11"],["8$$bunny"],["15"],["0"],["3","4"],["6"]],"unlocked":true,"starRating":3},{"chunks":[["4$$gym"],["3"],["2$$nurse","1"],["3"],["4"],["12$$chefs"]],"unlocked":true,"starRating":3},{"chunks":[["0"],["0","4","4","5"],["0"],["0$$stores"]],"unlocked":true,"starRating":3},{"chunks":[["2"],["3"],["2","0"],["0","2"],["2"]],"unlocked":true,"starRating":3},{"chunks":[["5","3","4"],["6","7","0"],["0"],["2"],["1"]],"unlocked":true,"starRating":3},{"chunks":[["6","7","3"],["4","2","0"],["1","5"]],"unlocked":true,"starRating":3},{"chunks":[["2"],["5$$london"],["2$$spotlight"],["1$$famous nurse"],["4$$one direction"],["4"]],"unlocked":true,"starRating":3}],"id":2,"skillPoints":30}],"playerId":6486004,"epilogue":{"rating":3},"sessionId":10,"avatar":{"name":"datona","gender":1,"visualAvatar":0,"age":12,"levelSaveData":[{"starRating":3,"unlocked":true},{"chunks":[["1"],["20$$happy","10$$funny"],["6$$music","5$$pets","15$$video games"],["0"]],"unlocked":true,"starRating":3},{"chunks":[["1"],["3$$cooking","0$$running"],["0$$drive","1$$exerciseing"]],"unlocked":true,"starRating":3},{"chunks":[["11"],["8$$bunny"],["15"],["0"],["3","4"],["6"]],"unlocked":true,"starRating":3},{"chunks":[["4$$gym"],["3"],["2$$nurse","1"],["3"],["4"],["12$$chefs"]],"unlocked":true,"starRating":3},{"chunks":[["0"],["0","4","4","5"],["0"],["0$$stores"]],"unlocked":true,"starRating":3},{"chunks":[["2"],["3"],["2","0"],["0","2"],["2"]],"unlocked":true,"starRating":3},{"chunks":[["5","3","4"],["6","7","0"],["0"],["2"],["1"]],"unlocked":true,"starRating":3},{"chunks":[["6","7","3"],["4","2","0"],["1","5"]],"unlocked":true,"starRating":3},{"chunks":[["2"],["5$$london"],["2$$spotlight"],["1$$famous nurse"],["4$$one direction"],["4"]],"unlocked":true,"starRating":3}],"id":2,"skillPoints":30}}
