6486013,0,3:12:16,11/25/2013 11:34:26am
6486013,1003,3:12:18,3
6486013,100,3:12:22,1
6486013,102,3:12:23,1
6486013,200,3:12:23,1,3,3,6,0,6
6486013,212,3:14:42,1
6486013,210,3:14:48,674,410
6486013,211,3:14:48,677,419
6486013,213,3:14:48,1,c_crewKid2_M_G7b0,true
6486013,210,3:14:54,958,384
6486013,211,3:14:54,1061,438
6486013,210,3:14:55,1048,414
6486013,207,3:15:0,1,-500,-695
6486013,211,3:15:1,1552,224
6486013,213,3:15:1,1,s_snackBarWorker_G7b0,true
6486013,221,3:15:7,1
6486013,208,3:15:15,1,c_kidSister_cauc_a_G7b0
6486013,208,3:15:16,1,c_crewKid1_M_G7b0
6486013,208,3:15:17,1,s_brokenCarWindow_G7b1N
6486013,208,3:15:18,1,c_crewKid1_M_G7b1N
6486013,220,3:15:18,1
6486013,1003,3:15:18,3
6486013,1004,3:15:19,0
6486013,500,3:15:22,0,[]
6486013,501,3:15:25,0,[]
6486013,502,3:16:7,0,[IntentionData_logId:2,true]
6486013,503,3:16:9,0,[]
6486013,504,3:16:13,0,[InfluenceData_logId:1]
6486013,504,3:16:18,0,[InfluenceData_logId:2]
6486013,504,3:16:22,0,[InfluenceData_logId:0]
6486013,504,3:16:26,0,[InfluenceData_logId:1]
6486013,504,3:16:27,0,[InfluenceData_logId:8]
6486013,504,3:16:28,0,[InfluenceData_logId:8]
6486013,504,3:16:31,0,[InfluenceData_logId:6]
6486013,504,3:16:34,0,[InfluenceData_logId:3]
6486013,505,3:16:36,0,[InfluenceData_logId:1,true,InfluenceData_logId:3,true,InfluenceData_logId:6,true]
6486013,506,3:16:38,0,[]
6486013,507,3:17:4,0,[OpponentAttackData_logId:1,OpponentAttackTypeData_logId:2,false,30]
6486013,508,3:17:8,0,[]
6486013,509,3:17:22,0,[RefusalData_logId:2,2]
6486013,510,3:17:41,0,[AvailableRefusalData_logId:2,0A]
6486013,510,3:17:41,0,[AvailableRefusalData_logId:2,1C]
6486013,510,3:17:44,0,[AvailableRefusalData_logId:2,0C]
6486013,510,3:17:46,0,[AvailableRefusalData_logId:2,2C]
6486013,511,3:17:47,0,[AvailableRefusalData_logId:2,0C,1C,2C,false,0]
6486013,512,3:17:51,0,[]
6486013,513,3:17:51,0,[30]
6486013,514,3:17:55,0,[]
6486013,507,3:18:8,0,[OpponentAttackData_logId:3,OpponentAttackTypeData_logId:3,false,30]
6486013,508,3:18:11,0,[]
6486013,509,3:18:17,0,[RefusalData_logId:4,1]
6486013,510,3:18:34,0,[AvailableRefusalData_logId:4,0B]
6486013,510,3:18:34,0,[AvailableRefusalData_logId:4,1B]
6486013,510,3:18:35,0,[AvailableRefusalData_logId:4,2B]
6486013,511,3:18:39,0,[AvailableRefusalData_logId:4,0B,1B,2B,false,0]
6486013,512,3:18:43,0,[]
6486013,513,3:18:43,0,[30]
6486013,514,3:18:46,0,[]
6486013,507,3:18:56,0,[OpponentAttackData_logId:0,OpponentAttackTypeData_logId:3,false,30]
6486013,508,3:18:59,0,[]
6486013,515,3:18:59,0,[0,100]
6486013,516,3:19:0,0,[]
6486013,517,3:19:3,0,[]
6486013,1000,3:19:5,0,[]
6486013,500,3:19:5,0,[]
6486013,501,3:19:7,0,[]
6486013,502,3:19:21,0,[IntentionData_logId:2,true]
6486013,503,3:19:22,0,[]
6486013,504,3:19:25,0,[InfluenceData_logId:1]
6486013,504,3:19:25,0,[InfluenceData_logId:5]
6486013,504,3:19:29,0,[InfluenceData_logId:3]
6486013,504,3:19:32,0,[InfluenceData_logId:8]
6486013,504,3:19:36,0,[InfluenceData_logId:7]
6486013,505,3:19:42,0,[InfluenceData_logId:1,true,InfluenceData_logId:3,true,InfluenceData_logId:7,true]
6486013,506,3:19:44,0,[]
6486013,507,3:19:57,0,[OpponentAttackData_logId:0,OpponentAttackTypeData_logId:3,false,30]
6486013,508,3:20:1,0,[]
6486013,509,3:20:12,0,[RefusalData_logId:2,2]
6486013,510,3:20:26,0,[AvailableRefusalData_logId:2,0B]
6486013,510,3:20:27,0,[AvailableRefusalData_logId:2,2A]
6486013,510,3:20:43,0,[AvailableRefusalData_logId:2,1C]
6486013,510,3:20:46,0,[AvailableRefusalData_logId:2,1A]
6486013,511,3:20:50,0,[AvailableRefusalData_logId:2,0B,1A,2A,false,0]
6486013,512,3:20:53,0,[]
6486013,513,3:20:53,0,[30]
6486013,514,3:20:56,0,[]
6486013,507,3:21:11,0,[OpponentAttackData_logId:2,OpponentAttackTypeData_logId:1,false,30]
6486013,508,3:21:14,0,[]
6486013,509,3:21:18,0,[RefusalData_logId:7,0]
6486013,510,3:21:27,0,[AvailableRefusalData_logId:7,0A]
6486013,510,3:21:28,0,[AvailableRefusalData_logId:7,1A]
6486013,510,3:22:37,0,[AvailableRefusalData_logId:7,2A]
6486013,511,3:22:38,0,[AvailableRefusalData_logId:7,0A,1A,2A,true,20]
6486013,512,3:22:42,0,[]
6486013,513,3:22:42,0,[30]
6486013,514,3:22:45,0,[]
6486013,507,3:22:51,0,[OpponentAttackData_logId:3,OpponentAttackTypeData_logId:1,false,30]
6486013,508,3:22:58,0,[]
6486013,515,3:22:58,0,[0,80]
6486013,516,3:23:0,0,[]
6486013,517,3:23:1,0,[]
6486013,1000,3:23:1,0,[]
6486013,500,3:23:2,0,[]
6486013,501,3:23:4,0,[]
6486013,1002,3:23:37,0
6486013,1003,3:23:37,3
6486013,1004,3:23:38,0
6486013,500,3:23:48,0,[]
6486013,501,3:23:50,0,[]
6486013,502,3:23:55,0,[IntentionData_logId:2,true]
6486013,503,3:23:57,0,[]
6486013,504,3:24:3,0,[InfluenceData_logId:0]
6486013,504,3:24:9,0,[InfluenceData_logId:2]
6486013,504,3:24:12,0,[InfluenceData_logId:3]
6486013,504,3:24:16,0,[InfluenceData_logId:6]
6486013,505,3:24:18,0,[InfluenceData_logId:2,true,InfluenceData_logId:3,true,InfluenceData_logId:6,true]
6486013,506,3:24:20,0,[]
6486013,507,3:24:37,0,[OpponentAttackData_logId:0,OpponentAttackTypeData_logId:1,true,0]
6486013,508,3:24:39,0,[]
6486013,509,3:24:53,0,[RefusalData_logId:2,2]
6486013,510,3:24:59,0,[AvailableRefusalData_logId:2,0A]
6486013,510,3:25:1,0,[AvailableRefusalData_logId:2,1A]
6486013,510,3:25:2,0,[AvailableRefusalData_logId:2,2A]
6486013,511,3:25:5,0,[AvailableRefusalData_logId:2,0A,1A,2A,true,50]
6486013,512,3:25:10,0,[]
6486013,513,3:25:10,0,[0]
6486013,514,3:25:13,0,[]
6486013,507,3:25:27,0,[OpponentAttackData_logId:3,OpponentAttackTypeData_logId:3,false,30]
6486013,508,3:25:30,0,[]
6486013,509,3:25:40,0,[RefusalData_logId:6,2]
6486013,510,3:25:59,0,[AvailableRefusalData_logId:6,0A]
6486013,510,3:26:0,0,[AvailableRefusalData_logId:6,1A]
6486013,510,3:26:0,0,[AvailableRefusalData_logId:6,2A]
6486013,511,3:26:1,0,[AvailableRefusalData_logId:6,0A,1A,2A,true,50]
6486013,512,3:26:4,0,[]
6486013,515,3:26:4,0,[120,0]
6486013,516,3:26:8,0,[]
6486013,517,3:26:16,0,[]
6486013,1005,3:26:16,0,[3,0,3]
6486013,1001,3:26:17,0,[]
6486013,1003,3:26:17,3
6486013,221,3:26:24,1
6486013,220,3:26:26,1
6486013,219,3:26:26,1
6486013,216,3:26:27,Stack_G7b1P
6486013,217,3:26:49,Stack_G7b1P,19,0.00
6486013,218,3:26:52,1
6486013,210,3:26:53,993,374
6486013,207,3:26:54,1,-200,-5
6486013,207,3:26:55,1,-5,0
6486013,211,3:26:56,87,425
6486013,213,3:26:56,1,c_kidSister_cauc_a_G7b1P,true
6486013,210,3:26:59,237,427
6486013,211,3:26:59,242,476
6486013,212,3:27:0,2
6486013,210,3:27:1,687,380
6486013,211,3:27:2,245,438
6486013,212,3:27:2,0
6486013,210,3:27:3,232,382
6486013,211,3:27:4,247,433
6486013,213,3:27:4,1,c_cousinsBrothersFriend_a_G7b1P,true
6486013,205,3:27:4,1,c_cousinsBrothersFriend_a_G7b1P,false,false
6486013,210,3:27:14,542,165
6486013,211,3:27:14,541,140
6486013,212,3:27:15,1
6486013,210,3:27:16,777,277
6486013,211,3:27:16,532,110
6486013,212,3:27:17,2
6486013,210,3:27:17,815,251
6486013,211,3:27:21,84,406
6486013,213,3:27:21,1,c_kidSister_cauc_a_G7b1P,true
6486013,207,3:27:24,1,0,-60
6486013,212,3:27:25,0
6486013,207,3:27:26,1,-60,-90
6486013,210,3:27:26,799,263
6486013,207,3:27:28,1,-90,0
6486013,211,3:27:30,82,421
6486013,213,3:27:30,1,c_kidSister_cauc_a_G7b1P,true
6486013,212,3:27:32,1
6486013,210,3:27:33,754,389
6486013,211,3:27:33,98,396
6486013,210,3:27:34,107,341
6486013,211,3:27:36,75,425
6486013,213,3:27:36,1,c_kidSister_cauc_a_G7b1P,true
6486013,210,3:27:38,547,379
6486013,207,3:27:39,1,0,-390
6486013,211,3:27:41,1216,414
6486013,210,3:27:42,1211,423
6486013,211,3:27:42,1229,425
6486013,213,3:27:42,1,c_cousin_M_a_G7b1P,true
6486013,205,3:27:42,1,c_cousin_M_a_G7b1P,false,false
6486013,210,3:27:48,901,466
6486013,211,3:27:50,1342,218
6486013,213,3:27:50,1,c_cousinsBrother_a_G7b1P,true
6486013,205,3:27:50,1,c_cousinsBrother_a_G7b1P,false,false
6486013,210,3:27:55,1283,350
6486013,207,3:27:57,1,-390,-885
6486013,211,3:27:59,1802,256
6486013,212,3:28:0,0
6486013,210,3:28:1,1814,320
6486013,211,3:28:1,1796,259
6486013,212,3:28:2,2
6486013,210,3:28:2,1798,223
6486013,211,3:28:3,1795,218
6486013,210,3:28:4,1810,272
6486013,211,3:28:4,1805,267
6486013,213,3:28:4,1,c_crush1_M_a_G7b1P,true
6486013,210,3:28:10,1473,349
6486013,211,3:28:13,1564,205
6486013,212,3:28:14,1
6486013,210,3:28:14,1752,418
6486013,211,3:28:15,1561,139
6486013,212,3:28:16,0
6486013,210,3:28:16,1687,319
6486013,211,3:28:17,1564,249
6486013,210,3:28:18,1584,499
6486013,211,3:28:20,1772,180
6486013,212,3:28:21,1
6486013,210,3:28:21,1786,326
6486013,211,3:28:22,1816,270
6486013,212,3:28:23,2
6486013,210,3:28:23,1785,378
6486013,211,3:28:24,1794,299
6486013,213,3:28:24,1,c_crush1_M_a_G7b1P,true
6486013,210,3:28:28,1434,457
6486013,211,3:28:30,1672,372
6486013,219,3:28:30,1
6486013,216,3:28:31,Stack_G7b2N
6486013,217,3:28:40,Stack_G7b2N,6.8,1.0
6486013,218,3:28:41,1
6486013,210,3:28:42,668,507
6486013,211,3:28:43,686,328
6486013,213,3:28:43,1,c_cousinsBrother_a_G7b2N,true
6486013,210,3:28:48,625,399
6486013,211,3:28:51,376,443
6486013,213,3:28:51,1,c_cousinsBrothersFriend_a_G7b2N,true
6486013,210,3:28:55,573,464
6486013,211,3:28:56,531,128
6486013,213,3:28:56,1,s_lifeguard_G7b2N,true
6486013,212,3:29:3,1
6486013,210,3:29:4,390,350
6486013,207,3:29:5,1,-106,0
6486013,211,3:29:6,270,312
6486013,213,3:29:6,1,s_kidPool2_G7b2N,true
6486013,212,3:29:8,2
6486013,210,3:29:9,731,411
6486013,211,3:29:13,400,301
6486013,213,3:29:13,1,c_cousinsBrothersFriend_a_G7b2N,true
6486013,210,3:29:16,688,324
6486013,211,3:29:17,706,301
6486013,213,3:29:17,1,c_cousinsBrother_a_G7b2N,true
6486013,210,3:29:19,577,123
6486013,211,3:29:21,932,408
6486013,212,3:29:22,1
6486013,207,3:29:23,1,0,-45
6486013,210,3:29:23,958,458
6486013,211,3:29:23,929,408
6486013,213,3:29:23,1,c_crush1_M_a_G7b2N,true
6486013,205,3:29:23,1,c_crush1_M_a_G7b2N,false,false
6486013,210,3:29:31,607,471
6486013,207,3:29:32,1,-45,-106
6486013,211,3:29:34,929,201
6486013,213,3:29:34,1,c_crewKid2_M_G7b2N,true
6486013,210,3:29:42,939,468
6486013,211,3:29:42,956,281
6486013,212,3:29:43,2
6486013,210,3:29:44,1008,245
6486013,211,3:29:45,995,236
6486013,212,3:29:46,0
6486013,210,3:29:46,1062,392
6486013,211,3:29:49,552,526
6486013,213,3:29:49,1,c_cousin_M_a_G7b2N,true
6486013,205,3:29:49,1,c_cousin_M_a_G7b2N,false,false
6486013,210,3:29:54,692,465
6486013,211,3:29:58,1127,286
6486013,210,3:29:58,1127,287
6486013,211,3:30:0,820,285
6486013,213,3:30:0,1,s_kid1_G7b2N,true
6486013,205,3:30:0,1,s_kid1_G7b2N,false,false
6486013,212,3:30:5,1
6486013,210,3:30:5,849,418
6486013,207,3:30:7,1,-106,-16
6486013,211,3:30:7,207,385
6486013,212,3:30:8,2
6486013,210,3:30:9,585,389
6486013,211,3:30:10,202,379
6486013,212,3:30:11,0
6486013,210,3:30:12,636,374
6486013,211,3:30:13,214,391
6486013,213,3:30:13,1,c_kidSister_cauc_a_G7b2N,true
6486013,205,3:30:13,1,c_kidSister_cauc_a_G7b2N,false,false
6486013,210,3:30:23,475,457
6486013,211,3:30:25,564,413
6486013,213,3:30:25,1,c_cousin_M_a_G7b2N,true
6486013,205,3:30:25,1,c_cousin_M_a_G7b2N,false,true
6486013,210,3:30:28,565,458
6486013,207,3:30:29,1,-16,-106
6486013,211,3:30:35,405,355
6486013,212,3:30:36,2
6486013,210,3:30:36,738,480
6486013,211,3:30:37,385,330
6486013,213,3:30:37,1,c_cousinsBrothersFriend_a_G7b2N,true
6486013,212,3:30:41,1
6486013,210,3:30:42,936,450
6486013,211,3:30:43,926,359
6486013,210,3:30:44,930,370
6486013,211,3:30:44,930,383
6486013,213,3:30:44,1,c_crush1_M_a_G7b2N,true
6486013,205,3:30:44,1,c_crush1_M_a_G7b2N,false,true
6486013,210,3:30:47,589,455
6486013,211,3:30:49,549,141
6486013,213,3:30:49,1,s_lifeguard_G7b2N,true
6486013,221,3:30:56,1
6486013,208,3:30:59,1,c_cousin_M_a_G7b2N
6486013,208,3:31:0,1,c_cousin_M_a_G7b2N
6486013,300,3:31:1
6486013,220,3:31:1,1
6486013,210,3:31:8,127,410
6486013,207,3:31:8,1,-200,0
6486013,211,3:31:10,78,418
6486013,213,3:31:10,1,c_kidSister_cauc_a_G7b1P,true
6486013,210,3:31:12,493,237
6486013,207,3:31:15,1,0,-390
6486013,211,3:31:17,1340,240
6486013,213,3:31:17,1,c_cousinsBrother_a_G7b1P,true
6486013,205,3:31:17,1,c_cousinsBrother_a_G7b1P,false,true
6486013,210,3:31:20,944,449
6486013,211,3:31:21,1214,490
6486013,213,3:31:21,1,c_cousin_M_a_G7b1P,true
6486013,205,3:31:21,1,c_cousin_M_a_G7b1P,false,true
6486013,210,3:31:24,1046,459
6486013,207,3:31:26,1,-390,-1031
6486013,211,3:31:28,2048,323
6486013,212,3:31:29,2
6486013,210,3:31:29,1889,394
6486013,211,3:31:34,1825,274
6486013,213,3:31:34,1,c_crush1_M_a_G7b1P,true
6486013,210,3:31:38,1548,440
6486013,211,3:31:40,1481,74
6486013,212,3:31:41,0
6486013,210,3:31:42,1588,228
6486013,211,3:31:42,1476,156
6486013,210,3:31:58,1923,227
6486013,211,3:31:58,2030,243
6486013,213,3:31:58,1,s_poolDay_ruleSign_G7b1P,true
6486013,205,3:31:58,1,s_poolDay_ruleSign_G7b1P,false,false
6486013,210,3:32:5,1594,389
6486013,211,3:32:7,981,586
6486013,207,3:32:7,1,-1031,-926
6486013,221,3:32:8,1
6486013,220,3:32:10,1
6486013,210,3:32:15,774,562
6486013,211,3:32:16,813,413
6486013,213,3:32:16,1,s_kid1_G7b2N,true
6486013,205,3:32:16,1,s_kid1_G7b2N,false,true
6486013,221,3:32:42,1
6486013,208,3:32:46,1,s_poolDay_ruleSign_G7b1P
6486013,208,3:32:47,1,c_cousinsBrothersFriend_a_G7b1P
6486013,208,3:32:47,1,c_cousinsBrother_a_G7b1P
6486013,208,3:32:48,1,c_cousin_M_a_G7b1P
6486013,208,3:32:49,1,c_cousin_M_a_G7b2N
6486013,208,3:32:49,1,c_crush1_M_a_G7b2N
6486013,208,3:32:50,1,c_kidSister_cauc_a_G7b2N
6486013,208,3:32:50,1,s_kid1_G7b2N
6486013,208,3:32:51,1,c_kidSister_cauc_a_G7b2N
6486013,208,3:32:51,1,c_crush1_M_a_G7b2N
6486013,208,3:32:52,1,c_crush1_M_a_G7b2N
6486013,208,3:32:54,1,c_cousin_M_a_G7b2N
6486013,208,3:32:58,1,c_cousin_M_a_G7b2N
6486013,208,3:32:58,1,c_cousin_M_a_G7b2N
6486013,208,3:32:58,1,c_crush1_M_a_G7b2N
6486013,208,3:33:0,1,c_cousin_M_a_G7b2N
6486013,208,3:33:0,1,c_cousin_M_a_G7b2N
6486013,208,3:33:1,1,c_crush1_M_a_G7b2N
6486013,208,3:33:2,1,c_crush1_M_a_G7b2N
6486013,208,3:33:3,1,c_kidSister_cauc_a_G7b2N
6486013,208,3:33:5,1,s_kid1_G7b2N
6486013,208,3:33:5,1,s_poolDay_ruleSign_G7b1P
6486013,208,3:33:6,1,c_cousinsBrothersFriend_a_G7b1P
6486013,208,3:33:7,1,c_cousinsBrother_a_G7b1P
6486013,208,3:33:8,1,c_cousin_M_a_G7b1P
6486013,208,3:33:10,1,c_cousin_M_a_G7b2N
6486013,208,3:33:11,1,c_crush1_M_a_G7b2N
6486013,220,3:33:13,1
6486013,212,3:33:16,1
6486013,210,3:33:17,1132,383
6486013,207,3:33:18,1,-200,-455
6486013,211,3:33:18,1235,482
6486013,213,3:33:18,1,c_cousin_M_a_G7b1P,true
6486013,205,3:33:18,1,c_cousin_M_a_G7b1P,false,true
6486013,221,3:33:24,1
6486013,220,3:33:25,1
6486013,210,3:33:31,897,238
6486013,211,3:33:32,933,224
6486013,210,3:33:32,911,213
6486013,211,3:33:34,939,215
6486013,213,3:33:34,1,c_crewKid2_M_G7b2N,true
6486013,210,3:33:41,707,340
6486013,211,3:33:42,925,318
6486013,213,3:33:42,1,c_crush1_M_a_G7b2N,true
6486013,205,3:33:42,1,c_crush1_M_a_G7b2N,false,true
6486013,210,3:33:45,652,450
6486013,211,3:33:46,556,439
6486013,212,3:33:47,0
6486013,210,3:33:48,838,460
6486013,211,3:33:49,547,436
6486013,213,3:33:49,1,c_cousin_M_a_G7b2N,true
6486013,205,3:33:49,1,c_cousin_M_a_G7b2N,false,true
6486013,212,3:33:53,2
6486013,210,3:33:53,628,471
6486013,211,3:33:55,378,354
6486013,213,3:33:55,1,c_cousinsBrothersFriend_a_G7b2N,true
6486013,210,3:34:2,616,506
6486013,211,3:34:3,570,117
6486013,213,3:34:3,1,s_lifeguard_G7b2N,true
6486013,212,3:34:5,1
6486013,210,3:34:6,512,121
6486013,211,3:34:7,552,119
6486013,213,3:34:7,1,s_lifeguard_G7b2N,true
6486013,212,3:34:8,0
6486013,210,3:34:9,614,279
6486013,211,3:34:10,549,127
6486013,213,3:34:10,1,s_lifeguard_G7b2N,true
6486013,210,3:34:12,787,329
6486013,211,3:34:12,964,301
6486013,210,3:34:13,1013,164
6486013,211,3:34:15,930,210
6486013,213,3:34:15,1,c_crewKid2_M_G7b2N,true
6486013,210,3:34:18,261,465
6486013,211,3:34:20,186,384
6486013,210,3:34:21,197,383
6486013,211,3:34:22,195,400
6486013,213,3:34:22,1,c_kidSister_cauc_a_G7b2N,true
6486013,205,3:34:22,1,c_kidSister_cauc_a_G7b2N,false,true
6486013,210,3:34:25,852,364
6486013,211,3:34:28,1129,272
6486013,210,3:34:28,1110,308
6486013,211,3:34:29,1112,309
6486013,212,3:34:30,1
6486013,210,3:34:30,1019,476
6486013,211,3:34:31,1062,314
6486013,212,3:34:31,2
6486013,210,3:34:32,1017,451
6486013,211,3:34:34,457,355
6486013,213,3:34:34,1,c_cousinsBrothersFriend_a_G7b2N,true
6486013,221,3:34:41,1
6486013,220,3:35:2,1
6486013,210,3:35:2,413,513
6486013,211,3:35:2,413,513
6486013,210,3:35:4,490,462
6486013,211,3:35:4,765,463
6486013,221,3:35:6,1
6486013,208,3:35:8,1,c_crush1_M_a_G7b2N
6486013,208,3:35:9,1,c_crush1_M_a_G7b2N
6486013,208,3:35:9,1,c_crush1_M_a_G7b2N
6486013,208,3:35:10,1,c_cousin_M_a_G7b2N
6486013,208,3:35:11,1,c_cousinsBrother_a_G7b1P
6486013,208,3:35:11,1,c_cousinsBrother_a_G7b1P
6486013,208,3:35:12,1,c_cousin_M_a_G7b2N
6486013,220,3:35:19,1
6486013,210,3:35:20,917,419
6486013,211,3:35:21,1401,436
6486013,207,3:35:21,1,-200,-395
6486013,210,3:35:22,1469,374
6486013,207,3:35:23,1,-395,-935
6486013,207,3:35:26,1,-935,-1031
6486013,211,3:35:26,2054,243
6486013,210,3:35:27,2035,262
6486013,211,3:35:27,2032,263
6486013,210,3:35:28,1933,213
6486013,211,3:35:28,2020,269
6486013,212,3:35:29,0
6486013,210,3:35:30,2050,322
6486013,211,3:35:30,2044,211
6486013,213,3:35:30,1,s_poolDay_ruleSign_G7b1P,true
6486013,205,3:35:30,1,s_poolDay_ruleSign_G7b1P,false,true
6486013,210,3:35:35,1558,339
6486013,211,3:35:37,1442,297
6486013,210,3:35:58,990,552
6486013,207,3:35:59,1,-200,-305
6486013,211,3:35:59,1258,530
6486013,210,3:35:59,1106,442
6486013,211,3:36:0,795,350
6486013,213,3:36:0,1,c_cousin_M_a_G7b1N,true
6486013,212,3:36:2,1
6486013,210,3:36:4,1008,515
6486013,211,3:36:4,1023,546
6486013,213,3:36:4,1,c_kidSister_cauc_a_G7b1N,true
6486013,205,3:36:4,1,c_kidSister_cauc_a_G7b1N,false,true
6486013,210,3:36:8,768,394
6486013,211,3:36:9,793,409
6486013,213,3:36:9,1,c_cousin_M_a_G7b1N,true
6486013,213,3:36:12,1,c_cousin_M_a_G7b1N,true
6486013,219,3:37:12,1
6486013,218,3:37:19,1
6486013,212,3:39:18,0
6486013,212,3:39:19,2
6486013,210,3:39:21,442,24
6486013,211,3:39:23,1060,521
6486013,210,3:39:25,761,111
6486013,211,3:39:25,761,111
6486013,210,3:39:27,1004,295
6486013,207,3:39:29,1,-200,-500
6486013,211,3:39:32,622,253
6486013,221,3:41:9,1
6486013,300,3:41:17
6486013,220,3:41:17,1
6486013,301,3:41:19,1
6486013,302,3:41:37,1,1,0,1
6486013,304,3:41:39,1,1,0,-1,,1,
6486013,302,3:41:53,1,1,1,9
6486013,306,3:41:54,1,0,1
6486013,304,3:41:54,1,1,1,-1,,9,
6486013,302,3:42:5,1,2,0,0
6486013,304,3:42:6,1,2,0,-1,,0,
6486013,302,3:42:24,1,2,1,10
6486013,302,3:42:25,1,2,1,11
6486013,302,3:42:28,1,2,1,12
6486013,306,3:42:29,1,1,2
6486013,304,3:42:29,1,2,1,-1,,12,
6486013,302,3:42:41,1,0,0,0
6486013,306,3:42:42,1,2,3
6486013,304,3:42:42,1,0,0,-1,,0,
6486013,221,3:42:49,1
6486013,220,3:42:51,1
6486013,219,3:42:51,1
6486013,216,3:42:52,Stack_G7b2P
6486013,217,3:43:6,Stack_G7b2P,12,0.00
6486013,218,3:43:7,1
6486013,210,3:43:9,655,445
6486013,211,3:43:9,540,442
6486013,213,3:43:9,1,c_kidSister_cauc_a_G7b2P,true
6486013,205,3:43:9,1,c_kidSister_cauc_a_G7b2P,false,false
6486013,210,3:43:13,1021,418
6486013,211,3:43:14,862,373
6486013,213,3:43:14,1,c_grandma_cauc_a_G7b2P,true
6486013,210,3:43:17,728,496
6486013,211,3:43:25,1087,298
6486013,212,3:43:26,1
6486013,212,3:43:27,0
6486013,210,3:43:29,907,405
6486013,211,3:43:29,1049,433
6486013,213,3:43:29,1,c_cousin_M_a_G7b2P,true
6486013,205,3:43:29,1,c_cousin_M_a_G7b2P,false,false
6486013,210,3:43:33,788,378
6486013,211,3:43:33,872,308
6486013,212,3:43:34,1
6486013,210,3:43:34,861,334
6486013,211,3:43:35,864,312
6486013,212,3:43:36,2
6486013,210,3:43:37,865,390
6486013,211,3:43:37,868,312
6486013,213,3:43:37,1,c_grandma_cauc_a_G7b2P,true
6486013,210,3:43:41,1030,344
6486013,207,3:43:42,1,-200,-290
6486013,207,3:43:43,1,-290,-512
6486013,211,3:43:46,1356,559
6486013,212,3:43:47,1
6486013,210,3:43:47,1366,538
6486013,211,3:43:48,1350,545
6486013,212,3:43:48,0
6486013,210,3:43:49,1398,509
6486013,211,3:43:50,1360,521
6486013,213,3:43:50,1,s_computer_M_G7b2P,true
6486013,205,3:43:50,1,s_computer_M_G7b2P,false,false
6486013,210,3:43:56,1171,415
6486013,207,3:43:58,1,-512,-497
6486013,211,3:43:59,235,464
6486013,207,3:43:59,1,-497,-197
6486013,221,3:44:0,1
6486013,220,3:44:7,1
6486013,203,3:44:7,1
6486013,100,3:44:15,4
6486013,102,3:44:16,4
6486013,200,3:44:16,4,3,3,6,3,9
6486013,219,3:44:16,4
6486013,216,3:44:17,Stack_G9a0
6486013,217,3:44:36,Stack_G9a0,17,0.00
6486013,218,3:44:41,4
6486013,210,3:44:42,918,486
6486013,207,3:44:46,4,-200,-50
6486013,207,3:44:47,4,-50,0
6486013,211,3:44:51,517,198
6486013,213,3:44:51,4,s_calendar_M_gen,true
6486013,210,3:44:56,607,407
6486013,211,3:44:58,1347,340
6486013,207,3:44:58,4,0,-360
6486013,212,3:44:58,1
6486013,210,3:44:59,1283,523
6486013,207,3:44:59,4,-360,-375
6486013,211,3:45:0,996,548
6486013,213,3:45:0,4,s_bathingSuit_M_G9a0,false
6486013,210,3:45:5,1067,386
6486013,211,3:45:13,1195,237
6486013,212,3:45:13,2
6486013,210,3:45:14,1128,496
6486013,207,3:45:21,4,-375,-495
6486013,211,3:45:21,1447,578
6486013,210,3:45:22,1353,457
6486013,207,3:45:22,4,-495,-512
6486013,211,3:45:22,1533,410
6486013,210,3:45:23,1494,312
6486013,211,3:45:25,1286,354
6486013,213,3:45:25,4,s_window_M_G9a0,true
6486013,212,3:45:35,1
6486013,210,3:45:36,987,514
6486013,211,3:45:37,1010,568
6486013,213,3:45:37,4,s_bathingSuit_M_G9a0,false
6486013,1003,3:45:41,1
6486013,1004,3:45:47,1
6486013,800,3:45:48,1,[]
6486013,801,3:45:50,1,[]
6486013,814,3:46:2,1,[1]
6486013,815,3:46:2,1,1,OpportunityCardData_id:7
6486013,815,3:46:4,1,1,OpportunityCardData_id:8
6486013,815,3:46:4,1,1,OpportunityCardData_id:9
6486013,815,3:46:5,1,1,OpportunityCardData_id:8
6486013,816,3:46:7,1,1,OpportunityCardData_id:8
6486013,803,3:46:8,1,[OpportunityCardData_id:8,OpportunityCardConsequencesData_logId:2]
6486013,803,3:46:9,1,[OpportunityCardData_id:8,OpportunityCardConsequencesData_logId:1]
6486013,803,3:46:9,1,[OpportunityCardData_id:8,OpportunityCardConsequencesData_logId:0]
6486013,805,3:46:29,1,[OpportunityCardData_id:8]
6486013,806,3:46:38,1,[OpportunityCardData_id:8,PriorityData_type:4]
6486013,807,3:46:40,1,[OpportunityCardData_id:8]
6486013,808,3:46:43,1,[OpportunityCardData_id:8]
6486013,809,3:46:49,1,[OpportunityCardData_id:8,PriorityData_type:2,false]
6486013,810,3:46:50,1,[OpportunityCardData_id:8,PriorityData_type:1,15,PriorityData_type:2,15]
6486013,814,3:46:58,1,[0]
6486013,815,3:46:58,1,0,OpportunityCardData_id:0
6486013,816,3:47:0,1,0,OpportunityCardData_id:0
6486013,803,3:47:1,1,[OpportunityCardData_id:0,OpportunityCardConsequencesData_logId:1]
6486013,803,3:47:2,1,[OpportunityCardData_id:0,OpportunityCardConsequencesData_logId:0]
6486013,803,3:47:2,1,[OpportunityCardData_id:0,OpportunityCardConsequencesData_logId:2]
6486013,805,3:47:4,1,[OpportunityCardData_id:0]
6486013,806,3:47:8,1,[OpportunityCardData_id:0,PriorityData_type:5]
6486013,807,3:47:9,1,[OpportunityCardData_id:0]
6486013,808,3:47:13,1,[OpportunityCardData_id:0]
6486013,809,3:47:17,1,[OpportunityCardData_id:0,Safe,false]
6486013,810,3:47:19,1,[OpportunityCardData_id:0,PriorityData_type:0,15,Safe,Safe]
6486013,814,3:47:24,1,[3]
6486013,815,3:47:24,1,3,OpportunityCardData_id:19
6486013,815,3:47:25,1,3,OpportunityCardData_id:20
6486013,815,3:47:26,1,3,OpportunityCardData_id:19
6486013,815,3:47:26,1,3,OpportunityCardData_id:25
6486013,815,3:47:27,1,3,OpportunityCardData_id:19
6486013,816,3:47:28,1,3,OpportunityCardData_id:19
6486013,803,3:47:29,1,[OpportunityCardData_id:19,OpportunityCardConsequencesData_logId:0]
6486013,803,3:47:30,1,[OpportunityCardData_id:19,OpportunityCardConsequencesData_logId:1]
6486013,803,3:47:30,1,[OpportunityCardData_id:19,OpportunityCardConsequencesData_logId:2]
6486013,805,3:47:31,1,[OpportunityCardData_id:19]
6486013,806,3:47:33,1,[OpportunityCardData_id:19,PriorityData_type:4]
6486013,807,3:47:34,1,[OpportunityCardData_id:19]
6486013,808,3:47:36,1,[OpportunityCardData_id:19]
6486013,809,3:47:42,1,[OpportunityCardData_id:19,Safe,false]
6486013,810,3:47:43,1,[OpportunityCardData_id:19,PriorityData_type:3,25,Safe,Safe]
6486013,814,3:47:46,1,[3]
6486013,815,3:47:46,1,3,OpportunityCardData_id:20
6486013,815,3:47:47,1,3,OpportunityCardData_id:21
6486013,815,3:47:48,1,3,OpportunityCardData_id:20
6486013,815,3:47:48,1,3,OpportunityCardData_id:25
6486013,815,3:47:50,1,3,OpportunityCardData_id:20
6486013,816,3:47:50,1,3,OpportunityCardData_id:20
6486013,805,3:47:52,1,[OpportunityCardData_id:20]
6486013,806,3:48:4,1,[OpportunityCardData_id:20,PriorityData_type:5]
6486013,807,3:48:5,1,[OpportunityCardData_id:20]
6486013,808,3:48:9,1,[OpportunityCardData_id:20]
6486013,809,3:48:13,1,[OpportunityCardData_id:20,PriorityData_type:0,false]
6486013,810,3:48:15,1,[OpportunityCardData_id:20,PriorityData_type:3,15,PriorityData_type:0,25]
6486013,814,3:48:19,1,[0]
6486013,815,3:48:19,1,0,OpportunityCardData_id:1
6486013,815,3:48:21,1,0,OpportunityCardData_id:2
6486013,815,3:48:22,1,0,OpportunityCardData_id:1
6486013,816,3:48:22,1,0,OpportunityCardData_id:1
6486013,803,3:48:25,1,[OpportunityCardData_id:1,OpportunityCardConsequencesData_logId:1]
6486013,803,3:48:25,1,[OpportunityCardData_id:1,OpportunityCardConsequencesData_logId:0]
6486013,805,3:48:26,1,[OpportunityCardData_id:1]
6486013,806,3:48:29,1,[OpportunityCardData_id:1,PriorityData_type:3]
6486013,807,3:48:30,1,[OpportunityCardData_id:1]
6486013,808,3:48:32,1,[OpportunityCardData_id:1]
6486013,809,3:48:37,1,[OpportunityCardData_id:1,PriorityData_type:4,false]
6486013,810,3:48:38,1,[OpportunityCardData_id:1,PriorityData_type:0,15,PriorityData_type:4,10]
6486013,814,3:48:41,1,[3]
6486013,815,3:48:41,1,3,OpportunityCardData_id:21
6486013,816,3:48:43,1,3,OpportunityCardData_id:21
6486013,805,3:48:45,1,[OpportunityCardData_id:21]
6486013,807,3:48:46,1,[OpportunityCardData_id:21]
6486013,808,3:48:48,1,[OpportunityCardData_id:21]
6486013,809,3:48:57,1,[OpportunityCardData_id:21,PriorityData_type:2,false]
6486013,810,3:49:0,1,[OpportunityCardData_id:21,PriorityData_type:3,5,PriorityData_type:2,20]
6486013,814,3:49:3,1,[2]
6486013,815,3:49:3,1,2,OpportunityCardData_id:13
6486013,815,3:49:5,1,2,OpportunityCardData_id:14
6486013,816,3:49:6,1,2,OpportunityCardData_id:14
6486013,803,3:49:8,1,[OpportunityCardData_id:14,OpportunityCardConsequencesData_logId:2]
6486013,803,3:49:8,1,[OpportunityCardData_id:14,OpportunityCardConsequencesData_logId:1]
6486013,803,3:49:8,1,[OpportunityCardData_id:14,OpportunityCardConsequencesData_logId:0]
6486013,805,3:49:9,1,[OpportunityCardData_id:14]
6486013,806,3:49:13,1,[OpportunityCardData_id:14,PriorityData_type:0]
6486013,807,3:49:14,1,[OpportunityCardData_id:14]
6486013,808,3:49:16,1,[OpportunityCardData_id:14]
6486013,809,3:49:22,1,[OpportunityCardData_id:14,PriorityData_type:4,false]
6486013,810,3:49:23,1,[OpportunityCardData_id:14,PriorityData_type:2,15,PriorityData_type:4,15]
6486013,814,3:49:27,1,[4]
6486013,815,3:49:27,1,4,OpportunityCardData_id:22
6486013,816,3:49:30,1,4,OpportunityCardData_id:22
6486013,803,3:49:32,1,[OpportunityCardData_id:22,OpportunityCardConsequencesData_logId:0]
6486013,803,3:49:33,1,[OpportunityCardData_id:22,OpportunityCardConsequencesData_logId:1]
6486013,805,3:49:33,1,[OpportunityCardData_id:22]
6486013,806,3:49:42,1,[OpportunityCardData_id:22,PriorityData_type:2]
6486013,807,3:49:42,1,[OpportunityCardData_id:22]
6486013,808,3:49:44,1,[OpportunityCardData_id:22]
6486013,809,3:49:48,1,[OpportunityCardData_id:22,PriorityData_type:5,false]
6486013,810,3:49:50,1,[OpportunityCardData_id:22,PriorityData_type:4,15,PriorityData_type:5,15]
6486013,814,3:49:56,1,[0]
6486013,815,3:49:56,1,0,OpportunityCardData_id:2
6486013,815,3:49:57,1,0,OpportunityCardData_id:3
6486013,815,3:49:59,1,0,OpportunityCardData_id:4
6486013,815,3:50:0,1,0,OpportunityCardData_id:5
6486013,815,3:50:1,1,0,OpportunityCardData_id:4
6486013,816,3:50:1,1,0,OpportunityCardData_id:4
6486013,805,3:50:3,1,[OpportunityCardData_id:4]
6486013,806,3:50:6,1,[OpportunityCardData_id:4,PriorityData_type:5]
6486013,807,3:50:7,1,[OpportunityCardData_id:4]
6486013,808,3:50:9,1,[OpportunityCardData_id:4]
6486013,809,3:50:14,1,[OpportunityCardData_id:4,Safe,false]
6486013,810,3:50:15,1,[OpportunityCardData_id:4,PriorityData_type:0,25,Safe,Safe]
6486013,818,3:50:17,1,3
6486013,811,3:50:20,1,[OpportunityCardData_id:4,PriorityData_type:0,70,90,PriorityData_type:3,80,95]
6486013,1005,3:50:20,1,[1,0,3]
6486013,1001,3:50:22,1,[]
6486013,1003,3:50:22,1
6486013,1004,3:50:26,2
6486013,800,3:50:27,2,[]
6486013,801,3:50:29,2,[]
6486013,814,3:50:35,2,[3]
6486013,815,3:50:35,2,3,OpportunityCardData_id:19
6486013,815,3:50:36,2,3,OpportunityCardData_id:20
6486013,815,3:50:36,2,3,OpportunityCardData_id:19
6486013,816,3:50:37,2,3,OpportunityCardData_id:19
6486013,803,3:50:38,2,[OpportunityCardData_id:19,OpportunityCardConsequencesData_logId:2]
6486013,803,3:50:39,2,[OpportunityCardData_id:19,OpportunityCardConsequencesData_logId:0]
6486013,803,3:50:39,2,[OpportunityCardData_id:19,OpportunityCardConsequencesData_logId:1]
6486013,805,3:50:40,2,[OpportunityCardData_id:19]
6486013,806,3:50:45,2,[OpportunityCardData_id:19,PriorityData_type:5]
6486013,807,3:50:46,2,[OpportunityCardData_id:19]
6486013,808,3:50:48,2,[OpportunityCardData_id:19]
6486013,809,3:50:53,2,[OpportunityCardData_id:19,PriorityData_type:2,false]
6486013,810,3:50:55,2,[OpportunityCardData_id:19,PriorityData_type:3,15,PriorityData_type:2,15]
6486013,814,3:50:59,2,[3]
6486013,815,3:50:59,2,3,OpportunityCardData_id:20
6486013,815,3:50:59,2,3,OpportunityCardData_id:21
6486013,816,3:51:0,2,3,OpportunityCardData_id:21
6486013,805,3:51:4,2,[OpportunityCardData_id:21]
6486013,806,3:51:13,2,[OpportunityCardData_id:21,PriorityData_type:5]
6486013,807,3:51:14,2,[OpportunityCardData_id:21]
6486013,808,3:51:18,2,[OpportunityCardData_id:21]
6486013,809,3:51:23,2,[OpportunityCardData_id:21,PriorityData_type:2,false]
6486013,810,3:51:24,2,[OpportunityCardData_id:21,PriorityData_type:3,20,PriorityData_type:2,20]
6486013,814,3:51:30,2,[2]
6486013,815,3:51:30,2,2,OpportunityCardData_id:13
6486013,816,3:51:32,2,2,OpportunityCardData_id:13
6486013,803,3:51:33,2,[OpportunityCardData_id:13,OpportunityCardConsequencesData_logId:2]
6486013,803,3:51:33,2,[OpportunityCardData_id:13,OpportunityCardConsequencesData_logId:1]
6486013,803,3:51:33,2,[OpportunityCardData_id:13,OpportunityCardConsequencesData_logId:0]
6486013,805,3:51:34,2,[OpportunityCardData_id:13]
6486013,806,3:51:37,2,[OpportunityCardData_id:13,PriorityData_type:5]
6486013,807,3:51:37,2,[OpportunityCardData_id:13]
6486013,808,3:51:40,2,[OpportunityCardData_id:13]
6486013,809,3:51:48,2,[OpportunityCardData_id:13,PriorityData_type:0,false]
6486013,810,3:51:51,2,[OpportunityCardData_id:13,PriorityData_type:2,5,PriorityData_type:0,10]
6486013,814,3:52:18,2,[5]
6486013,815,3:52:18,2,5,OpportunityCardData_id:32
6486013,816,3:52:20,2,5,OpportunityCardData_id:32
6486013,805,3:52:22,2,[OpportunityCardData_id:32]
6486013,806,3:52:25,2,[OpportunityCardData_id:32,PriorityData_type:2]
6486013,807,3:52:27,2,[OpportunityCardData_id:32]
6486013,808,3:52:29,2,[OpportunityCardData_id:32]
6486013,809,3:52:33,2,[OpportunityCardData_id:32,Safe,false]
6486013,810,3:52:34,2,[OpportunityCardData_id:32,PriorityData_type:5,20,Safe,Safe]
6486013,814,3:52:36,2,[5]
6486013,815,3:52:37,2,5,OpportunityCardData_id:33
6486013,815,3:52:38,2,5,OpportunityCardData_id:34
6486013,815,3:52:38,2,5,OpportunityCardData_id:33
6486013,816,3:52:39,2,5,OpportunityCardData_id:33
6486013,803,3:52:40,2,[OpportunityCardData_id:33,OpportunityCardConsequencesData_logId:2]
6486013,803,3:52:40,2,[OpportunityCardData_id:33,OpportunityCardConsequencesData_logId:1]
6486013,803,3:52:41,2,[OpportunityCardData_id:33,OpportunityCardConsequencesData_logId:0]
6486013,805,3:52:41,2,[OpportunityCardData_id:33]
6486013,806,3:53:0,2,[OpportunityCardData_id:33,PriorityData_type:2]
6486013,807,3:53:1,2,[OpportunityCardData_id:33]
6486013,808,3:53:3,2,[OpportunityCardData_id:33]
6486013,809,3:53:8,2,[OpportunityCardData_id:33,PriorityData_type:3,false]
6486013,810,3:53:10,2,[OpportunityCardData_id:33,PriorityData_type:5,15,PriorityData_type:3,10]
6486013,814,3:53:12,2,[3]
6486013,815,3:53:12,2,3,OpportunityCardData_id:20
6486013,816,3:53:13,2,3,OpportunityCardData_id:20
6486013,803,3:53:14,2,[OpportunityCardData_id:20,OpportunityCardConsequencesData_logId:2]
6486013,803,3:53:14,2,[OpportunityCardData_id:20,OpportunityCardConsequencesData_logId:1]
6486013,803,3:53:14,2,[OpportunityCardData_id:20,OpportunityCardConsequencesData_logId:0]
6486013,805,3:53:14,2,[OpportunityCardData_id:20]
6486013,806,3:53:17,2,[OpportunityCardData_id:20,PriorityData_type:5]
6486013,807,3:53:18,2,[OpportunityCardData_id:20]
6486013,808,3:53:21,2,[OpportunityCardData_id:20]
6486013,809,3:53:24,2,[OpportunityCardData_id:20,PriorityData_type:2,false]
6486013,810,3:53:25,2,[OpportunityCardData_id:20,PriorityData_type:3,15,PriorityData_type:2,10]
6486013,814,3:53:28,2,[2]
6486013,815,3:53:28,2,2,OpportunityCardData_id:14
6486013,816,3:53:29,2,2,OpportunityCardData_id:14
6486013,803,3:53:30,2,[OpportunityCardData_id:14,OpportunityCardConsequencesData_logId:2]
6486013,803,3:53:30,2,[OpportunityCardData_id:14,OpportunityCardConsequencesData_logId:1]
6486013,803,3:53:31,2,[OpportunityCardData_id:14,OpportunityCardConsequencesData_logId:0]
6486013,805,3:53:32,2,[OpportunityCardData_id:14]
6486013,806,3:53:40,2,[OpportunityCardData_id:14,PriorityData_type:5]
6486013,807,3:53:40,2,[OpportunityCardData_id:14]
6486013,808,3:53:43,2,[OpportunityCardData_id:14]
6486013,809,3:53:47,2,[OpportunityCardData_id:14,Safe,false]
6486013,810,3:53:48,2,[OpportunityCardData_id:14,PriorityData_type:2,15,Safe,Safe]
6486013,814,3:53:52,2,[5]
6486013,815,3:53:52,2,5,OpportunityCardData_id:34
6486013,816,3:53:54,2,5,OpportunityCardData_id:34
6486013,803,3:53:55,2,[OpportunityCardData_id:34,OpportunityCardConsequencesData_logId:2]
6486013,803,3:53:55,2,[OpportunityCardData_id:34,OpportunityCardConsequencesData_logId:1]
6486013,803,3:53:55,2,[OpportunityCardData_id:34,OpportunityCardConsequencesData_logId:0]
6486013,805,3:53:56,2,[OpportunityCardData_id:34]
6486013,807,3:53:58,2,[OpportunityCardData_id:34]
6486013,808,3:54:0,2,[OpportunityCardData_id:34]
6486013,809,3:54:5,2,[OpportunityCardData_id:34,PriorityData_type:3,false]
6486013,810,3:54:6,2,[OpportunityCardData_id:34,PriorityData_type:5,15,PriorityData_type:3,15]
6486013,814,3:54:9,2,[5]
6486013,815,3:54:9,2,5,OpportunityCardData_id:35
6486013,816,3:54:10,2,5,OpportunityCardData_id:35
6486013,803,3:54:12,2,[OpportunityCardData_id:35,OpportunityCardConsequencesData_logId:1]
6486013,803,3:54:13,2,[OpportunityCardData_id:35,OpportunityCardConsequencesData_logId:0]
6486013,803,3:54:13,2,[OpportunityCardData_id:35,OpportunityCardConsequencesData_logId:2]
6486013,805,3:54:13,2,[OpportunityCardData_id:35]
6486013,806,3:54:18,2,[OpportunityCardData_id:35,PriorityData_type:3]
6486013,807,3:54:18,2,[OpportunityCardData_id:35]
6486013,808,3:54:20,2,[OpportunityCardData_id:35]
6486013,809,3:54:24,2,[OpportunityCardData_id:35,Safe,false]
6486013,810,3:54:25,2,[OpportunityCardData_id:35,PriorityData_type:5,20,Safe,Safe]
6486013,814,3:54:28,2,[3]
6486013,815,3:54:28,2,3,OpportunityCardData_id:23
6486013,815,3:54:34,2,3,OpportunityCardData_id:24
6486013,816,3:54:36,2,3,OpportunityCardData_id:24
6486013,803,3:54:40,2,[OpportunityCardData_id:24,OpportunityCardConsequencesData_logId:2]
6486013,803,3:54:40,2,[OpportunityCardData_id:24,OpportunityCardConsequencesData_logId:1]
6486013,805,3:54:41,2,[OpportunityCardData_id:24]
6486013,806,3:54:43,2,[OpportunityCardData_id:24,PriorityData_type:0]
6486013,807,3:54:45,2,[OpportunityCardData_id:24]
6486013,808,3:54:47,2,[OpportunityCardData_id:24]
6486013,809,3:54:51,2,[OpportunityCardData_id:24,Safe,false]
6486013,810,3:54:52,2,[OpportunityCardData_id:24,PriorityData_type:3,10,Safe,Safe]
6486013,814,3:54:57,2,[3]
6486013,815,3:54:57,2,3,OpportunityCardData_id:23
6486013,815,3:55:1,2,3,OpportunityCardData_id:25
6486013,815,3:55:1,2,3,OpportunityCardData_id:23
6486013,815,3:55:2,2,3,OpportunityCardData_id:25
6486013,815,3:55:5,2,3,OpportunityCardData_id:23
6486013,815,3:55:6,2,3,OpportunityCardData_id:25
6486013,816,3:55:7,2,3,OpportunityCardData_id:25
6486013,805,3:55:10,2,[OpportunityCardData_id:25]
6486013,806,3:55:15,2,[OpportunityCardData_id:25,PriorityData_type:0]
6486013,807,3:55:15,2,[OpportunityCardData_id:25]
6486013,808,3:55:17,2,[OpportunityCardData_id:25]
6486013,809,3:55:21,2,[OpportunityCardData_id:25,Safe,false]
6486013,810,3:55:22,2,[OpportunityCardData_id:25,PriorityData_type:3,5,Safe,Safe]
6486013,814,3:55:28,2,[3]
6486013,815,3:55:28,2,3,OpportunityCardData_id:23
6486013,817,3:55:31,2,3
6486013,814,3:55:32,2,[0]
6486013,815,3:55:33,2,0,OpportunityCardData_id:0
6486013,815,3:55:33,2,0,OpportunityCardData_id:1
6486013,816,3:55:35,2,0,OpportunityCardData_id:1
6486013,803,3:55:36,2,[OpportunityCardData_id:1,OpportunityCardConsequencesData_logId:2]
6486013,803,3:55:36,2,[OpportunityCardData_id:1,OpportunityCardConsequencesData_logId:1]
6486013,805,3:55:37,2,[OpportunityCardData_id:1]
6486013,806,3:55:40,2,[OpportunityCardData_id:1,PriorityData_type:3]
6486013,807,3:55:41,2,[OpportunityCardData_id:1]
6486013,808,3:55:42,2,[OpportunityCardData_id:1]
6486013,809,3:55:46,2,[OpportunityCardData_id:1,PriorityData_type:2,false]
6486013,810,3:55:48,2,[OpportunityCardData_id:1,PriorityData_type:0,15,PriorityData_type:2,10]
6486013,811,3:55:52,2,[OpportunityCardData_id:1,PriorityData_type:3,80,70,PriorityData_type:5,80,100]
6486013,1005,3:55:52,2,[1,0,2]
6486013,1001,3:55:54,2,[]
6486013,1003,3:55:54,1
6486013,1004,3:55:56,2
6486013,800,3:55:57,2,[]
6486013,801,3:55:59,2,[]
6486013,814,3:56:2,2,[3]
6486013,815,3:56:2,2,3,OpportunityCardData_id:19
6486013,817,3:56:5,2,3
6486013,814,3:56:6,2,[3]
6486013,815,3:56:6,2,3,OpportunityCardData_id:19
6486013,816,3:56:8,2,3,OpportunityCardData_id:19
6486013,803,3:56:13,2,[OpportunityCardData_id:19,OpportunityCardConsequencesData_logId:2]
6486013,803,3:56:14,2,[OpportunityCardData_id:19,OpportunityCardConsequencesData_logId:1]
6486013,803,3:56:14,2,[OpportunityCardData_id:19,OpportunityCardConsequencesData_logId:0]
6486013,805,3:56:15,2,[OpportunityCardData_id:19]
6486013,806,3:56:20,2,[OpportunityCardData_id:19,PriorityData_type:5]
6486013,807,3:56:20,2,[OpportunityCardData_id:19]
6486013,808,3:56:22,2,[OpportunityCardData_id:19]
6486013,809,3:56:27,2,[OpportunityCardData_id:19,PriorityData_type:4,false]
6486013,810,3:56:30,2,[OpportunityCardData_id:19,PriorityData_type:3,15,PriorityData_type:4,15]
6486013,814,3:56:34,2,[3]
6486013,815,3:56:34,2,3,OpportunityCardData_id:20
6486013,816,3:56:35,2,3,OpportunityCardData_id:20
6486013,805,3:56:39,2,[OpportunityCardData_id:20]
6486013,806,3:56:43,2,[OpportunityCardData_id:20,PriorityData_type:4]
6486013,807,3:56:43,2,[OpportunityCardData_id:20]
6486013,808,3:56:45,2,[OpportunityCardData_id:20]
6486013,809,3:56:51,2,[OpportunityCardData_id:20,PriorityData_type:0,false]
6486013,810,3:56:52,2,[OpportunityCardData_id:20,PriorityData_type:3,15,PriorityData_type:0,25]
6486013,814,3:56:55,2,[0]
6486013,815,3:56:55,2,0,OpportunityCardData_id:0
6486013,815,3:56:56,2,0,OpportunityCardData_id:1
6486013,816,3:56:56,2,0,OpportunityCardData_id:1
6486013,805,3:56:58,2,[OpportunityCardData_id:1]
6486013,806,3:57:4,2,[OpportunityCardData_id:1,PriorityData_type:4]
6486013,807,3:57:6,2,[OpportunityCardData_id:1]
6486013,808,3:57:8,2,[OpportunityCardData_id:1]
6486013,809,3:57:12,2,[OpportunityCardData_id:1,PriorityData_type:2,false]
6486013,810,3:57:13,2,[OpportunityCardData_id:1,PriorityData_type:0,15,PriorityData_type:2,10]
6486013,814,3:57:18,2,[5]
6486013,815,3:57:18,2,5,OpportunityCardData_id:32
6486013,815,3:57:20,2,5,OpportunityCardData_id:33
6486013,815,3:57:21,2,5,OpportunityCardData_id:32
6486013,816,3:57:23,2,5,OpportunityCardData_id:32
6486013,803,3:57:24,2,[OpportunityCardData_id:32,OpportunityCardConsequencesData_logId:2]
6486013,803,3:57:24,2,[OpportunityCardData_id:32,OpportunityCardConsequencesData_logId:1]
6486013,803,3:57:24,2,[OpportunityCardData_id:32,OpportunityCardConsequencesData_logId:0]
6486013,805,3:57:25,2,[OpportunityCardData_id:32]
6486013,806,3:57:28,2,[OpportunityCardData_id:32,PriorityData_type:4]
6486013,807,3:57:29,2,[OpportunityCardData_id:32]
6486013,808,3:57:31,2,[OpportunityCardData_id:32]
6486013,809,3:57:35,2,[OpportunityCardData_id:32,PriorityData_type:3,false]
6486013,810,3:57:36,2,[OpportunityCardData_id:32,PriorityData_type:5,20,PriorityData_type:3,10]
6486013,814,3:57:38,2,[4]
6486013,815,3:57:38,2,4,OpportunityCardData_id:22
6486013,817,3:57:39,2,4
6486013,814,3:57:40,2,[5]
6486013,815,3:57:40,2,5,OpportunityCardData_id:33
6486013,815,3:57:41,2,5,OpportunityCardData_id:37
6486013,816,3:57:42,2,5,OpportunityCardData_id:37
6486013,805,3:57:43,2,[OpportunityCardData_id:37]
6486013,806,3:57:44,2,[OpportunityCardData_id:37,PriorityData_type:3]
6486013,807,3:57:45,2,[OpportunityCardData_id:37]
6486013,808,3:57:47,2,[OpportunityCardData_id:37]
6486013,809,3:57:52,2,[OpportunityCardData_id:37,Safe,false]
6486013,810,3:57:53,2,[OpportunityCardData_id:37,PriorityData_type:5,10,Safe,Safe]
6486013,814,3:57:59,2,[3]
6486013,815,3:57:59,2,3,OpportunityCardData_id:21
6486013,816,3:58:0,2,3,OpportunityCardData_id:21
6486013,805,3:58:4,2,[OpportunityCardData_id:21]
6486013,806,3:58:23,2,[OpportunityCardData_id:21,PriorityData_type:5]
6486013,807,3:58:24,2,[OpportunityCardData_id:21]
6486013,808,3:58:26,2,[OpportunityCardData_id:21]
6486013,809,3:58:31,2,[OpportunityCardData_id:21,PriorityData_type:2,false]
6486013,810,3:58:32,2,[OpportunityCardData_id:21,PriorityData_type:3,20,PriorityData_type:2,20]
6486013,814,3:58:38,2,[5]
6486013,815,3:58:38,2,5,OpportunityCardData_id:33
6486013,815,3:58:39,2,5,OpportunityCardData_id:34
6486013,817,3:58:57,2,5
6486013,814,3:59:13,2,[5]
6486013,815,3:59:13,2,5,OpportunityCardData_id:33
6486013,815,3:59:18,2,5,OpportunityCardData_id:34
6486013,815,3:59:21,2,5,OpportunityCardData_id:35
6486013,816,3:59:32,2,5,OpportunityCardData_id:35
6486013,803,3:59:33,2,[OpportunityCardData_id:35,OpportunityCardConsequencesData_logId:0]
6486013,803,3:59:33,2,[OpportunityCardData_id:35,OpportunityCardConsequencesData_logId:1]
6486013,803,3:59:34,2,[OpportunityCardData_id:35,OpportunityCardConsequencesData_logId:2]
6486013,805,4:0:1,2,[OpportunityCardData_id:35]
6486013,806,4:0:27,2,[OpportunityCardData_id:35,PriorityData_type:2]
6486013,807,4:0:28,2,[OpportunityCardData_id:35]
6486013,808,4:0:33,2,[OpportunityCardData_id:35]
6486013,809,4:0:40,2,[OpportunityCardData_id:35,Safe,false]
6486013,810,4:0:42,2,[OpportunityCardData_id:35,PriorityData_type:5,20,Safe,Safe]
6486013,814,4:0:56,2,[3]
6486013,815,4:0:56,2,3,OpportunityCardData_id:23
6486013,815,4:0:57,2,3,OpportunityCardData_id:24
6486013,815,4:1:6,2,3,OpportunityCardData_id:25
6486013,815,4:1:7,2,3,OpportunityCardData_id:23
6486013,815,4:1:9,2,3,OpportunityCardData_id:25
6486013,815,4:1:12,2,3,OpportunityCardData_id:23
6486013,815,4:1:13,2,3,OpportunityCardData_id:25
6486013,815,4:1:13,2,3,OpportunityCardData_id:24
6486013,816,4:1:14,2,3,OpportunityCardData_id:24
6486013,803,4:1:15,2,[OpportunityCardData_id:24,OpportunityCardConsequencesData_logId:0]
6486013,803,4:1:23,2,[OpportunityCardData_id:24,OpportunityCardConsequencesData_logId:1]
6486013,803,4:1:28,2,[OpportunityCardData_id:24,OpportunityCardConsequencesData_logId:2]
6486013,805,4:1:36,2,[OpportunityCardData_id:24]
6486013,806,4:1:46,2,[OpportunityCardData_id:24,PriorityData_type:1]
6486013,806,4:1:47,2,[OpportunityCardData_id:24,PriorityData_type:4]
6486013,807,4:1:49,2,[OpportunityCardData_id:24]
6486013,808,4:1:51,2,[OpportunityCardData_id:24]
6486013,809,4:1:55,2,[OpportunityCardData_id:24,PriorityData_type:5,false]
6486013,810,4:1:57,2,[OpportunityCardData_id:24,PriorityData_type:3,10,PriorityData_type:5,10]
6486013,814,4:1:59,2,[5]
6486013,815,4:1:59,2,5,OpportunityCardData_id:33
6486013,816,4:2:0,2,5,OpportunityCardData_id:33
6486013,805,4:2:2,2,[OpportunityCardData_id:33]
6486013,806,4:2:7,2,[OpportunityCardData_id:33,PriorityData_type:1]
6486013,807,4:2:7,2,[OpportunityCardData_id:33]
6486013,808,4:2:9,2,[OpportunityCardData_id:33]
6486013,809,4:2:14,2,[OpportunityCardData_id:33,PriorityData_type:4,false]
6486013,810,4:2:15,2,[OpportunityCardData_id:33,PriorityData_type:5,15,PriorityData_type:4,15]
6486013,818,4:2:16,2,3
6486013,811,4:2:18,2,[OpportunityCardData_id:33,PriorityData_type:3,80,80,PriorityData_type:5,80,85]
6486013,1005,4:2:18,2,[1,2,3]
6486013,1001,4:2:19,2,[]
6486013,1003,4:2:19,1
6486013,1004,4:2:20,4
6486013,800,4:2:33,4,[]
6486013,801,4:2:36,4,[]
6486013,814,4:2:42,4,[4]
6486013,815,4:2:42,4,4,OpportunityCardData_id:24
6486013,815,4:2:43,4,4,OpportunityCardData_id:25
6486013,816,4:2:45,4,4,OpportunityCardData_id:25
6486013,803,4:2:46,4,[OpportunityCardData_id:25,OpportunityCardConsequencesData_logId:2]
6486013,803,4:2:46,4,[OpportunityCardData_id:25,OpportunityCardConsequencesData_logId:1]
6486013,803,4:2:46,4,[OpportunityCardData_id:25,OpportunityCardConsequencesData_logId:0]
6486013,805,4:2:47,4,[OpportunityCardData_id:25]
6486013,806,4:3:0,4,[OpportunityCardData_id:25,PriorityData_type:2]
6486013,807,4:3:0,4,[OpportunityCardData_id:25]
6486013,808,4:3:2,4,[OpportunityCardData_id:25]
6486013,809,4:3:7,4,[OpportunityCardData_id:25,PriorityData_type:5,false]
6486013,810,4:3:8,4,[OpportunityCardData_id:25,PriorityData_type:4,15,PriorityData_type:5,15]
6486013,814,4:3:10,4,[5]
6486013,815,4:3:10,4,5,OpportunityCardData_id:30
6486013,816,4:3:10,4,5,OpportunityCardData_id:30
6486013,805,4:3:11,4,[OpportunityCardData_id:30]
6486013,806,4:3:13,4,[OpportunityCardData_id:30,PriorityData_type:1]
6486013,807,4:3:13,4,[OpportunityCardData_id:30]
6486013,808,4:3:15,4,[OpportunityCardData_id:30]
6486013,809,4:3:19,4,[OpportunityCardData_id:30,PriorityData_type:0,false]
6486013,810,4:3:22,4,[OpportunityCardData_id:30,PriorityData_type:5,20,PriorityData_type:0,30]
6486013,1002,4:3:26,4
6486013,1003,4:3:26,1
6486013,204,4:3:30,4
6486013,103,4:3:32
6486013,105,4:3:33
6486013,703,4:3:35,[|| EpilogueItem ID: 0 unlocked: true ||,|| EpilogueItem ID: 1 unlocked: true ||,|| EpilogueItem ID: 2 unlocked: false ||,|| EpilogueItem ID: 3 unlocked: false ||,|| EpilogueItem ID: 4 unlocked: false ||,|| EpilogueItem ID: 5 unlocked: false ||,|| EpilogueItem ID: 6 unlocked: false ||,|| EpilogueItem ID: 7 unlocked: false ||,|| EpilogueItem ID: 8 unlocked: false ||,|| EpilogueItem ID: 9 unlocked: false ||,|| EpilogueItem ID: 10 unlocked: false ||,|| EpilogueItem ID: 11 unlocked: false ||,|| EpilogueItem ID: 12 unlocked: false ||,|| EpilogueItem ID: 13 unlocked: false ||,|| EpilogueItem ID: 14 unlocked: false ||,|| EpilogueItem ID: 15 unlocked: false ||,|| EpilogueItem ID: 16 unlocked: false ||,|| EpilogueItem ID: 17 unlocked: false ||,|| EpilogueItem ID: 18 unlocked: false ||,|| EpilogueItem ID: 19 unlocked: false ||,|| EpilogueItem ID: 20 unlocked: false ||,|| EpilogueItem ID: 21 unlocked: false ||,|| EpilogueItem ID: 22 unlocked: false ||,|| EpilogueItem ID: 23 unlocked: false ||,|| EpilogueItem ID: 24 unlocked: false ||],0.08
6486013,706,4:3:35,(x=0, y=-100, w=1024, h=768),(x=0, y=-100, w=1024, h=768)
6486013,706,4:3:36,(x=479, y=-100, w=1024, h=768),(x=770, y=-100, w=1024, h=768)
6486013,706,4:3:38,(x=2531, y=-100, w=1024, h=768),(x=2531, y=-100, w=1024, h=768)
6486013,708,4:3:38
6486013,1,4:3:38,11/25/2013 12:25:47pm,{"gameTime":14618453,"challengeStacks":[{"challengeScenes":[{"miniGameCards":[],"viewedAnimatic":true,"keyPoints":["c_bestFriend_M_a_G7a0","c_teacherEng_G7a0","s_flag_gen"],"unlocked":true,"touchableObjects":["s_vocabAssignment_G7a0","s_clock_G7a0","s_doorClassroom_G7a0","s_otherStudent1_G7a0","s_angelouPoster_gen","s_shakespearePoster_gen","s_poePoster_gen","s_atwoodPoster_gen","c_crewKid1_M_G7a0","c_friend1_M_a_G7a0","c_bestFriend_M_a_G7a0","c_teacherEng_G7a0","s_flag_gen"]},{"miniGameCards":[],"viewedAnimatic":true,"keyPoints":["c_teacherEng_G7a1N","c_bestFriend_M_a_G7a1N","s_paperPlayers_G7a1N"],"unlocked":true,"touchableObjects":["c_teacherEng_G7a1N","c_bestFriend_M_a_G7a1N","c_crewKid1_M_G7a1N","s_posterPlagiarism_gen","s_atwoodPoster_gen","s_angelouPoster_gen","s_otherStudent2_G7a1N","s_paperPlayers_G7a1N","s_otherStudent1_G7a1N","s_flag_gen"]},{"miniGameCards":[],"viewedAnimatic":true,"keyPoints":["c_teacherEng_G7a1P","s_flag_gen","s_paperEnglish_gen","c_bestFriend_M_a_G7a1P"],"unlocked":true,"touchableObjects":["s_paperPlayers_G7a1P","c_teacherEng_G7a1P","s_flag_gen","s_atwoodPoster_gen","s_angelouPoster_gen","s_shakespearePoster_gen","s_poePoster_gen","s_clock_G7a1P","s_paperEnglish_gen","s_papersDetention_gen","c_bestFriend_M_a_G7a1P"]}],"stackSize":3,"resolved":true},{"challengeScenes":[{"miniGameCards":[],"viewedAnimatic":true,"keyPoints":["c_crewKid1_M_G7b0","c_kidSister_cauc_a_G7b0","s_backpack_M_G7b0"],"unlocked":true,"touchableObjects":["c_crewKid2_M_G7b0","s_lifeguard_G7b0","c_cousinsBrother_a_G7b0","c_cousinsBrothersFriend_a_G7b0","c_cousinsBrothersFriendsGF_G7b0","c_cousin_M_a_G7b0","s_snackBarWorker_G7b0","c_crewKid1_M_G7b0","c_kidSister_cauc_a_G7b0","s_backpack_M_G7b0"]},{"miniGameCards":[],"viewedAnimatic":true,"keyPoints":["c_kidSister_cauc_a_G7b1N","s_graffiti_G7b1N","s_brokenCarWindow_G7b1N","c_crewKid1_M_G7b1N","s_sprayPaintCan_G7b1N"],"unlocked":true,"touchableObjects":["c_cousin_M_a_G7b1N","c_teacherEng_G7b1N","c_policeOfficer_G7b1N","c_kidSister_cauc_a_G7b1N","s_wreckedPlants_G7b1N","s_flag_G7b1N","c_crewKid2_M_a_G7b1N","s_graffiti_G7b1N","s_brokenCarWindow_G7b1N","c_crewKid1_M_G7b1N","s_sprayPaintCan_G7b1N","s_cat_G7b1N"]},{"miniGameCards":[],"viewedAnimatic":true,"keyPoints":["c_cousinsBrothersFriend_a_G7b1P","c_cousin_M_a_G7b1P","c_cousinsBrother_a_G7b1P","s_poolDay_ruleSign_G7b1P"],"unlocked":true,"touchableObjects":["c_kidSister_cauc_a_G7b1P","c_cousinsBrothersFriend_a_G7b1P","c_cousin_M_a_G7b1P","c_cousinsBrother_a_G7b1P","c_crush1_M_a_G7b1P","s_poolDay_ruleSign_G7b1P"]},{"miniGameCards":[],"viewedAnimatic":true,"keyPoints":["c_crush1_M_a_G7b2N","c_cousin_M_a_G7b2N","s_kid1_G7b2N","c_kidSister_cauc_a_G7b2N"],"unlocked":true,"touchableObjects":["c_cousinsBrother_a_G7b2N","c_cousinsBrothersFriend_a_G7b2N","s_lifeguard_G7b2N","s_kidPool2_G7b2N","c_crush1_M_a_G7b2N","c_crewKid2_M_G7b2N","c_cousin_M_a_G7b2N","s_kid1_G7b2N","c_kidSister_cauc_a_G7b2N"]},{"miniGameCards":[],"viewedAnimatic":true,"keyPoints":["c_kidSister_cauc_a_G7b2P","c_cousin_M_a_G7b2P","s_computer_M_G7b2P"],"unlocked":true,"touchableObjects":["c_kidSister_cauc_a_G7b2P","c_grandma_cauc_a_G7b2P","c_cousin_M_a_G7b2P","s_computer_M_G7b2P"]}],"stackSize":5,"resolved":true},{"challengeScenes":[{"miniGameCards":[],"viewedAnimatic":false,"keyPoints":[],"unlocked":true,"touchableObjects":[]},{"miniGameCards":[],"viewedAnimatic":false,"keyPoints":[],"unlocked":true,"touchableObjects":[]},{"miniGameCards":[],"viewedAnimatic":false,"keyPoints":[],"unlocked":false,"touchableObjects":[]},{"miniGameCards":[],"viewedAnimatic":false,"keyPoints":[],"unlocked":false,"touchableObjects":[]},{"miniGameCards":[],"viewedAnimatic":false,"keyPoints":[],"unlocked":false,"touchableObjects":[]},{"miniGameCards":[],"viewedAnimatic":false,"keyPoints":[],"unlocked":true,"touchableObjects":[]},{"miniGameCards":[],"viewedAnimatic":false,"keyPoints":[],"unlocked":false,"touchableObjects":[]}],"stackSize":7,"resolved":false},{"challengeScenes":[{"miniGameCards":[],"viewedAnimatic":false,"keyPoints":[],"unlocked":false,"touchableObjects":[]},{"miniGameCards":[],"viewedAnimatic":false,"keyPoints":[],"unlocked":false,"touchableObjects":[]},{"miniGameCards":[],"viewedAnimatic":false,"keyPoints":[],"unlocked":false,"touchableObjects":[]},{"miniGameCards":[],"viewedAnimatic":false,"keyPoints":[],"unlocked":false,"touchableObjects":[]},{"miniGameCards":[],"viewedAnimatic":false,"keyPoints":[],"unlocked":false,"touchableObjects":[]}],"stackSize":5,"resolved":false},{"challengeScenes":[{"miniGameCards":[],"viewedAnimatic":true,"keyPoints":[],"unlocked":true,"touchableObjects":["s_calendar_M_gen","s_window_M_G9a0"]},{"miniGameCards":[],"viewedAnimatic":false,"keyPoints":[],"unlocked":true,"touchableObjects":[]},{"miniGameCards":[],"viewedAnimatic":false,"keyPoints":[],"unlocked":false,"touchableObjects":[]},{"miniGameCards":[],"viewedAnimatic":false,"keyPoints":[],"unlocked":false,"touchableObjects":[]},{"miniGameCards":[],"viewedAnimatic":false,"keyPoints":[],"unlocked":false,"touchableObjects":[]}],"stackSize":5,"resolved":false},{"challengeScenes":[{"miniGameCards":[],"viewedAnimatic":false,"keyPoints":[],"unlocked":false,"touchableObjects":[]},{"miniGameCards":[],"viewedAnimatic":false,"keyPoints":[],"unlocked":false,"touchableObjects":[]},{"miniGameCards":[],"viewedAnimatic":false,"keyPoints":[],"unlocked":false,"touchableObjects":[]},{"miniGameCards":[],"viewedAnimatic":false,"keyPoints":[],"unlocked":false,"touchableObjects":[]},{"miniGameCards":[],"viewedAnimatic":false,"keyPoints":[],"unlocked":false,"touchableObjects":[]}],"stackSize":5,"resolved":false},{"challengeScenes":[{"miniGameCards":[],"viewedAnimatic":false,"keyPoints":[],"unlocked":false,"touchableObjects":[]},{"miniGameCards":[],"viewedAnimatic":false,"keyPoints":[],"unlocked":false,"touchableObjects":[]},{"miniGameCards":[],"viewedAnimatic":false,"keyPoints":[],"unlocked":false,"touchableObjects":[]},{"miniGameCards":[],"viewedAnimatic":false,"keyPoints":[],"unlocked":false,"touchableObjects":[]},{"miniGameCards":[],"viewedAnimatic":false,"keyPoints":[],"unlocked":false,"touchableObjects":[]}],"stackSize":5,"resolved":false},{"challengeScenes":[{"miniGameCards":[],"viewedAnimatic":false,"keyPoints":[],"unlocked":false,"touchableObjects":[]},{"miniGameCards":[],"viewedAnimatic":false,"keyPoints":[],"unlocked":false,"touchableObjects":[]},{"miniGameCards":[],"viewedAnimatic":false,"keyPoints":[],"unlocked":false,"touchableObjects":[]},{"miniGameCards":[],"viewedAnimatic":false,"keyPoints":[],"unlocked":false,"touchableObjects":[]},{"miniGameCards":[],"viewedAnimatic":false,"keyPoints":[],"unlocked":false,"touchableObjects":[]}],"stackSize":5,"resolved":false},{"challengeScenes":[{"miniGameCards":[],"viewedAnimatic":false,"keyPoints":[],"unlocked":false,"touchableObjects":[]},{"miniGameCards":[],"viewedAnimatic":false,"keyPoints":[],"unlocked":false,"touchableObjects":[]},{"miniGameCards":[],"viewedAnimatic":false,"keyPoints":[],"unlocked":false,"touchableObjects":[]},{"miniGameCards":[],"viewedAnimatic":false,"keyPoints":[],"unlocked":false,"touchableObjects":[]},{"miniGameCards":[],"viewedAnimatic":false,"keyPoints":[],"unlocked":false,"touchableObjects":[]}],"stackSize":5,"resolved":false},{"challengeScenes":[{"miniGameCards":[],"viewedAnimatic":false,"keyPoints":[],"unlocked":false,"touchableObjects":[]},{"miniGameCards":[],"viewedAnimatic":false,"keyPoints":[],"unlocked":false,"touchableObjects":[]},{"miniGameCards":[],"viewedAnimatic":false,"keyPoints":[],"unlocked":false,"touchableObjects":[]},{"miniGameCards":[],"viewedAnimatic":false,"keyPoints":[],"unlocked":false,"touchableObjects":[]},{"miniGameCards":[],"viewedAnimatic":false,"keyPoints":[],"unlocked":false,"touchableObjects":[]}],"stackSize":5,"resolved":false},{"challengeScenes":[{"miniGameCards":[],"viewedAnimatic":false,"keyPoints":[],"unlocked":false,"touchableObjects":[]},{"miniGameCards":[],"viewedAnimatic":false,"keyPoints":[],"unlocked":false,"touchableObjects":[]},{"miniGameCards":[],"viewedAnimatic":false,"keyPoints":[],"unlocked":false,"touchableObjects":[]},{"miniGameCards":[],"viewedAnimatic":false,"keyPoints":[],"unlocked":false,"touchableObjects":[]},{"miniGameCards":[],"viewedAnimatic":false,"keyPoints":[],"unlocked":false,"touchableObjects":[]}],"stackSize":5,"resolved":false},{"challengeScenes":[{"miniGameCards":[],"viewedAnimatic":false,"keyPoints":[],"unlocked":false,"touchableObjects":[]},{"miniGameCards":[],"viewedAnimatic":false,"keyPoints":[],"unlocked":false,"touchableObjects":[]},{"miniGameCards":[],"viewedAnimatic":false,"keyPoints":[],"unlocked":false,"touchableObjects":[]},{"miniGameCards":[],"viewedAnimatic":false,"keyPoints":[],"unlocked":false,"touchableObjects":[]},{"miniGameCards":[],"viewedAnimatic":false,"keyPoints":[],"unlocked":false,"touchableObjects":[]}],"stackSize":5,"resolved":false},{"challengeScenes":[{"miniGameCards":[],"viewedAnimatic":false,"keyPoints":[],"unlocked":true,"touchableObjects":["c_friends_G0a0"]},{"miniGameCards":[],"viewedAnimatic":false,"keyPoints":["c_home_G0a1N","c_family_cauc_a_G0a1N","c_job_G0a1N"],"unlocked":true,"touchableObjects":["c_home_G0a1N","c_family_cauc_a_G0a1N","c_job_G0a1N"]},{"miniGameCards":[],"viewedAnimatic":false,"keyPoints":["c_Nurse_G0a1P","c_grandma_cauc_a_G0a1P","c_Teacher_G0a1P","c_kidsister_cauc_a_G0a1P","c_dad_cauc_a_G0a1P","c_mom_cauc_a_G0a1P"],"unlocked":true,"touchableObjects":["c_cousins_M_a_G0a1P","c_friends_G0a1P","c_Nurse_G0a1P","c_grandma_cauc_a_G0a1P","c_Teacher_G0a1P","c_kidsister_cauc_a_G0a1P","c_dad_cauc_a_G0a1P","c_mom_cauc_a_G0a1P"]}],"stackSize":3,"resolved":true}],"sessionId":6,"epilogue":{"rating":3},"playerId":6486013,"session":[{"sceneId":"1P","stackId":12},{"sceneId":"1P","stackId":0},{"sceneId":"1P","stackId":1},{"sceneId":"1N","stackId":1},{"sceneId":"2P","stackId":1}],"minigames":[{"levelSaveData":[{"starRating":3,"unlocked":true},{"starRating":0,"unlocked":true},{"starRating":0,"unlocked":true},{"starRating":0,"unlocked":false},{"starRating":0,"unlocked":false},{"starRating":0,"unlocked":false},{"starRating":0,"unlocked":false},{"starRating":0,"unlocked":false},{"starRating":0,"unlocked":false},{"starRating":0,"unlocked":false}],"skillPoints":3},{"levelSaveData":[{"starRating":3,"unlocked":true},{"starRating":3,"unlocked":true},{"starRating":3,"unlocked":true},{"starRating":0,"unlocked":false},{"starRating":0,"unlocked":true},{"starRating":0,"unlocked":false},{"starRating":0,"unlocked":false},{"starRating":0,"unlocked":false},{"starRating":0,"unlocked":false},{"starRating":0,"unlocked":false}],"skillPoints":9},{"levelSaveData":[{"starRating":3,"unlocked":true},{"starRating":3,"unlocked":true},{"starRating":0,"unlocked":true},{"starRating":0,"unlocked":false},{"starRating":0,"unlocked":false},{"starRating":0,"unlocked":false},{"starRating":0,"unlocked":false},{"starRating":0,"unlocked":false},{"starRating":0,"unlocked":true},{"starRating":0,"unlocked":false}],"skillPoints":6},{"levelSaveData":[{"starRating":3,"unlocked":true},{"starRating":0,"unlocked":true},{"starRating":0,"unlocked":false},{"starRating":0,"unlocked":false},{"starRating":0,"unlocked":true},{"starRating":0,"unlocked":false},{"starRating":0,"unlocked":false},{"starRating":0,"unlocked":false},{"starRating":0,"unlocked":false},{"starRating":0,"unlocked":false}],"skillPoints":3},{"age":13,"name":"guadalupe","gender":0,"levelSaveData":[{"starRating":3,"unlocked":true},{"starRating":3,"chunks":[["3"],["1","0$$happy"],["15","14","0"],["3"]],"unlocked":true},{"starRating":3,"chunks":[["0"],["1","9"],["0","12"]],"unlocked":true},{"starRating":0,"chunks":[[null],[null],[null],[null],[null,null],[null]],"unlocked":true},{"starRating":0,"chunks":[[null],[null],[null,null],[null],[null],[null]],"unlocked":false},{"starRating":0,"chunks":[[null],[null,null,null,null],[null],[null]],"unlocked":false},{"starRating":0,"chunks":[[null],[null],[null,null],[null,null],[null]],"unlocked":false},{"starRating":0,"chunks":[[null,null,null],[null,null,null],[null],[null],[null]],"unlocked":false},{"starRating":0,"chunks":[[null,null,null],[null,null,null],[null,null]],"unlocked":false},{"starRating":0,"chunks":[[null],[null],[null],[null],[null],[null]],"unlocked":false}],"visualAvatar":0,"id":1,"skillPoints":9}],"avatar":{"age":13,"name":"guadalupe","gender":0,"levelSaveData":[{"starRating":3,"unlocked":true},{"starRating":3,"chunks":[["3"],["1","0$$happy"],["15","14","0"],["3"]],"unlocked":true},{"starRating":3,"chunks":[["0"],["1","9"],["0","12"]],"unlocked":true},{"starRating":0,"chunks":[[null],[null],[null],[null],[null,null],[null]],"unlocked":true},{"starRating":0,"chunks":[[null],[null],[null,null],[null],[null],[null]],"unlocked":false},{"starRating":0,"chunks":[[null],[null,null,null,null],[null],[null]],"unlocked":false},{"starRating":0,"chunks":[[null],[null],[null,null],[null,null],[null]],"unlocked":false},{"starRating":0,"chunks":[[null,null,null],[null,null,null],[null],[null],[null]],"unlocked":false},{"starRating":0,"chunks":[[null,null,null],[null,null,null],[null,null]],"unlocked":false},{"starRating":0,"chunks":[[null],[null],[null],[null],[null],[null]],"unlocked":false}],"visualAvatar":0,"id":1,"skillPoints":9}}
