6566005,0,0:49:3,10/10/2013 4:23:55pm
6566005,100,0:49:6,0
6566005,102,0:49:8,0
6566005,200,0:49:8,0,0,0,2,0,6
6566005,221,0:49:26,0
6566005,220,0:49:31,0
6566005,204,0:49:40,0
6566005,100,0:50:1,0
6566005,102,0:50:10,0
6566005,200,0:50:10,0,0,0,2,0,6
6566005,221,0:50:15,0
6566005,300,0:50:17
6566005,220,0:50:17,0
6566005,210,0:50:26,786,365
6566005,211,0:50:27,823,352
6566005,213,0:50:27,0,c_teacherEng_G7a0,true
6566005,205,0:50:27,0,c_teacherEng_G7a0,false,false
6566005,210,0:50:31,705,390
6566005,207,0:50:31,0,-200,-50
6566005,211,0:50:33,841,575
6566005,212,0:50:33,1
6566005,210,0:50:34,448,347
6566005,211,0:50:35,262,122
6566005,213,0:50:35,0,s_flag_gen,false
6566005,1003,0:50:38,1
6566005,1004,0:50:39,0
6566005,800,0:51:57,0,[]
6566005,801,0:51:59,0,[]
6566005,814,0:52:1,0,[0]
6566005,815,0:52:1,0,0,OpportunityCardData_id:0
6566005,817,0:52:3,0,0
6566005,1002,0:52:5,0
6566005,1003,0:52:5,1
6566005,210,0:52:10,803,304
6566005,207,0:52:13,0,-200,-518.45
6566005,211,0:52:14,1535,197
6566005,210,0:52:14,1436,151
6566005,211,0:52:17,445,172
6566005,207,0:52:17,0,-518.45,-428.45
6566005,210,0:52:17,415,178
6566005,207,0:52:17,0,-428.45,-353.45
6566005,207,0:52:19,0,-353.45,-53.45
6566005,211,0:52:22,952,514
6566005,212,0:52:23,2
6566005,210,0:52:23,997,520
6566005,211,0:52:25,983,538
6566005,213,0:52:25,0,c_bestFriend_M_a_G7a0,true
6566005,205,0:52:25,0,c_bestFriend_M_a_G7a0,false,false
6566005,210,0:52:29,830,515
6566005,211,0:52:32,1285,472
6566005,207,0:52:32,0,-53.45,-278.45
6566005,210,0:52:34,1140,418
6566005,211,0:52:35,1358,603
6566005,207,0:52:35,0,-278.45,-353.45
6566005,210,0:52:36,1160,411
6566005,211,0:52:36,1200,455
6566005,213,0:52:36,0,s_doorClassroom_G7a0,true
6566005,210,0:52:44,1168,484
6566005,207,0:52:48,0,-353.45,-98.45
6566005,207,0:52:50,0,-98.45,0
6566005,207,0:52:52,0,0,-165
6566005,207,0:52:55,0,-165,-405
6566005,211,0:52:56,1357,506
6566005,212,0:52:57,0
6566005,210,0:52:57,1359,559
6566005,207,0:52:58,0,-405,-518.45
6566005,211,0:52:59,1381,528
6566005,210,0:53:1,1335,387
6566005,207,0:53:6,0,-518.45,-323.45
6566005,207,0:53:7,0,-323.45,-128.45
6566005,207,0:53:9,0,-128.45,0
6566005,207,0:53:12,0,0,-90
6566005,207,0:53:16,0,-90,-255
6566005,207,0:53:17,0,-255,-518.45
6566005,211,0:53:18,1540,369
6566005,210,0:53:18,1525,525
6566005,211,0:53:18,1284,557
6566005,212,0:53:19,2
6566005,210,0:53:20,1453,528
6566005,211,0:53:25,474,464
6566005,207,0:53:25,0,-518.45,-458.45
6566005,210,0:53:26,409,482
6566005,207,0:53:26,0,-458.45,-278.45
6566005,207,0:53:28,0,-278.45,-53.45
6566005,207,0:53:29,0,-53.45,0
6566005,211,0:53:31,534,266
6566005,212,0:53:34,0
6566005,210,0:53:35,775,558
6566005,207,0:53:35,0,0,-75
6566005,207,0:53:36,0,-75,-240
6566005,207,0:53:37,0,-240,-420
6566005,211,0:53:41,358,164
6566005,207,0:53:41,0,-420,-330
6566005,210,0:53:42,803,363
6566005,211,0:53:45,1220,369
6566005,213,0:53:45,0,s_doorClassroom_G7a0,true
6566005,212,0:53:47,2
6566005,210,0:53:48,993,500
6566005,211,0:53:48,987,528
6566005,213,0:53:48,0,c_bestFriend_M_a_G7a0,true
6566005,205,0:53:48,0,c_bestFriend_M_a_G7a0,false,true
6566005,221,0:53:53,0
6566005,220,0:54:1,0
6566005,204,0:54:12,0
6566005,103,0:54:15
6566005,104,0:54:16
6566005,100,0:54:27,0
6566005,102,0:54:28,0
6566005,200,0:54:28,0,0,0,2,0,6
6566005,210,0:54:31,984,509
6566005,211,0:54:33,830,418
6566005,213,0:54:33,0,c_teacherEng_G7a0,true
6566005,205,0:54:33,0,c_teacherEng_G7a0,false,true
6566005,212,0:54:38,1
6566005,210,0:54:39,900,425
6566005,211,0:54:40,1074,589
6566005,213,0:54:40,0,s_vocabAssignment_G7a0,true
6566005,210,0:54:44,908,460
6566005,211,0:54:44,820,403
6566005,212,0:54:45,0
6566005,210,0:54:46,821,354
6566005,211,0:54:50,350,103
6566005,210,0:54:55,684,498
6566005,207,0:54:56,0,-200,0
6566005,211,0:54:58,254,473
6566005,213,0:54:58,0,c_crewKid1_M_G7a0,true
6566005,212,0:55:1,1
6566005,210,0:55:2,809,354
6566005,211,0:55:3,249,471
6566005,213,0:55:3,0,c_crewKid1_M_G7a0,true
6566005,210,0:55:5,760,339
6566005,207,0:55:6,0,0,-345
6566005,207,0:55:7,0,-345,-390
6566005,211,0:55:9,1100,442
6566005,212,0:55:9,2
6566005,210,0:55:10,921,330
6566005,211,0:55:11,839,378
6566005,213,0:55:11,0,c_teacherEng_G7a0,true
6566005,205,0:55:11,0,c_teacherEng_G7a0,false,true
6566005,210,0:55:17,977,269
6566005,211,0:55:17,952,118
6566005,210,0:55:18,1457,517
6566005,207,0:55:19,0,-390,-518.45
6566005,211,0:55:20,1451,545
6566005,213,0:55:20,0,c_friend1_M_a_G7a0,true
6566005,221,0:55:24,0
6566005,220,0:55:27,0
6566005,212,0:55:28,1
6566005,210,0:55:29,1440,505
6566005,207,0:55:31,0,-518.45,-473.45
6566005,211,0:55:32,664,589
6566005,213,0:55:32,0,s_otherStudent1_G7a0,true
6566005,210,0:55:34,682,460
6566005,207,0:55:35,0,-473.45,-218.45
6566005,207,0:55:38,0,-218.45,-23.45
6566005,211,0:55:38,263,151
6566005,213,0:55:38,0,s_flag_gen,false
6566005,1003,0:55:41,1
6566005,1004,0:55:43,0
6566005,800,0:55:44,0,[]
6566005,801,0:55:45,0,[]
6566005,814,0:55:47,0,[0]
6566005,815,0:55:47,0,0,OpportunityCardData_id:0
6566005,816,0:55:50,0,0,OpportunityCardData_id:0
6566005,803,0:55:51,0,[OpportunityCardData_id:0,OpportunityCardConsequencesData_logId:0]
6566005,805,0:55:56,0,[OpportunityCardData_id:0]
6566005,807,0:55:59,0,[OpportunityCardData_id:0]
6566005,808,0:56:4,0,[OpportunityCardData_id:0]
6566005,809,0:56:10,0,[OpportunityCardData_id:0,PriorityData_type:5,false]
6566005,810,0:56:14,0,[OpportunityCardData_id:0,PriorityData_type:0,15,PriorityData_type:5,10]
6566005,1002,0:56:19,0
6566005,1003,0:56:19,1
6566005,210,0:56:22,624,458
6566005,211,0:56:24,1086,567
6566005,213,0:56:24,0,s_vocabAssignment_G7a0,true
6566005,210,0:56:26,750,493
6566005,207,0:56:27,0,-200,-5
6566005,207,0:56:28,0,-5,0
6566005,211,0:56:35,1080,273
6566005,207,0:56:35,0,0,-75
6566005,210,0:56:35,1102,250
6566005,207,0:56:35,0,-75,-135
6566005,211,0:56:37,933,468
6566005,212,0:56:37,0
6566005,210,0:56:38,925,452
6566005,207,0:56:43,0,-135,-518.45
6566005,211,0:56:46,1528,507
6566005,210,0:56:46,1471,565
6566005,211,0:56:47,1110,575
6566005,213,0:56:47,0,s_vocabAssignment_G7a0,true
6566005,212,0:56:49,2
6566005,210,0:56:50,1439,498
6566005,211,0:56:56,476,471
6566005,207,0:56:56,0,-518.45,-458.45
6566005,210,0:56:56,405,465
6566005,207,0:56:56,0,-458.45,-218.45
6566005,207,0:56:58,0,-218.45,0
6566005,207,0:57:0,0,0,-75
6566005,211,0:57:1,827,402
6566005,213,0:57:1,0,c_teacherEng_G7a0,true
6566005,205,0:57:1,0,c_teacherEng_G7a0,false,true
6566005,212,0:57:9,1
6566005,210,0:57:10,871,413
6566005,211,0:57:10,879,461
6566005,212,0:57:11,0
6566005,210,0:57:11,824,366
6566005,211,0:57:12,817,365
6566005,210,0:57:14,925,458
6566005,211,0:57:14,805,391
6566005,212,0:57:16,1
6566005,210,0:57:17,849,411
6566005,211,0:57:17,265,149
6566005,213,0:57:17,0,s_flag_gen,false
6566005,1003,0:57:20,1
6566005,1004,0:57:23,0
6566005,800,0:57:27,0,[]
6566005,801,0:57:29,0,[]
6566005,814,0:57:33,0,[1]
6566005,815,0:57:33,0,1,OpportunityCardData_id:7
6566005,815,0:57:41,0,1,OpportunityCardData_id:8
6566005,815,0:57:43,0,1,OpportunityCardData_id:9
6566005,815,0:57:44,0,1,OpportunityCardData_id:8
6566005,816,0:57:45,0,1,OpportunityCardData_id:8
6566005,805,0:57:50,0,[OpportunityCardData_id:8]
6566005,806,0:57:56,0,[OpportunityCardData_id:8,PriorityData_type:2]
6566005,807,0:57:57,0,[OpportunityCardData_id:8]
6566005,808,0:57:59,0,[OpportunityCardData_id:8]
6566005,809,0:58:2,0,[OpportunityCardData_id:8,PriorityData_type:3,false]
6566005,810,0:58:5,0,[OpportunityCardData_id:8,PriorityData_type:1,20,PriorityData_type:3,10]
6566005,814,0:58:27,0,[2]
6566005,815,0:58:27,0,2,OpportunityCardData_id:13
6566005,815,0:58:28,0,2,OpportunityCardData_id:14
6566005,815,0:58:29,0,2,OpportunityCardData_id:15
6566005,815,0:58:29,0,2,OpportunityCardData_id:16
6566005,815,0:58:29,0,2,OpportunityCardData_id:17
6566005,815,0:58:30,0,2,OpportunityCardData_id:18
6566005,815,0:58:30,0,2,OpportunityCardData_id:13
6566005,815,0:58:37,0,2,OpportunityCardData_id:14
6566005,815,0:58:39,0,2,OpportunityCardData_id:15
6566005,815,0:58:40,0,2,OpportunityCardData_id:14
6566005,816,0:58:42,0,2,OpportunityCardData_id:14
6566005,803,0:58:44,0,[OpportunityCardData_id:14,OpportunityCardConsequencesData_logId:0]
6566005,803,0:58:45,0,[OpportunityCardData_id:14,OpportunityCardConsequencesData_logId:1]
6566005,803,0:58:45,0,[OpportunityCardData_id:14,OpportunityCardConsequencesData_logId:2]
6566005,805,0:59:15,0,[OpportunityCardData_id:14]
6566005,806,0:59:17,0,[OpportunityCardData_id:14,PriorityData_type:1]
6566005,807,0:59:33,0,[OpportunityCardData_id:14]
6566005,808,0:59:35,0,[OpportunityCardData_id:14]
6566005,809,0:59:38,0,[OpportunityCardData_id:14,PriorityData_type:1,true]
6566005,810,0:59:44,0,[OpportunityCardData_id:14,PriorityData_type:2,15,Safe,Safe]
6566005,814,1:0:4,0,[4]
6566005,815,1:0:4,0,4,OpportunityCardData_id:22
6566005,815,1:0:14,0,4,OpportunityCardData_id:26
6566005,815,1:0:15,0,4,OpportunityCardData_id:22
6566005,816,1:0:16,0,4,OpportunityCardData_id:22
6566005,803,1:0:19,0,[OpportunityCardData_id:22,OpportunityCardConsequencesData_logId:0]
6566005,803,1:0:19,0,[OpportunityCardData_id:22,OpportunityCardConsequencesData_logId:1]
6566005,805,1:0:26,0,[OpportunityCardData_id:22]
6566005,806,1:0:34,0,[OpportunityCardData_id:22,PriorityData_type:5]
6566005,807,1:0:35,0,[OpportunityCardData_id:22]
6566005,808,1:0:36,0,[OpportunityCardData_id:22]
6566005,809,1:0:40,0,[OpportunityCardData_id:22,PriorityData_type:2,false]
6566005,810,1:0:42,0,[OpportunityCardData_id:22,PriorityData_type:4,15,PriorityData_type:2,15]
6566005,814,1:0:50,0,[2]
6566005,815,1:0:50,0,2,OpportunityCardData_id:13
6566005,815,1:0:53,0,2,OpportunityCardData_id:15
6566005,815,1:0:54,0,2,OpportunityCardData_id:16
6566005,815,1:0:55,0,2,OpportunityCardData_id:17
6566005,815,1:0:55,0,2,OpportunityCardData_id:18
6566005,815,1:0:57,0,2,OpportunityCardData_id:13
6566005,815,1:0:58,0,2,OpportunityCardData_id:15
6566005,815,1:0:59,0,2,OpportunityCardData_id:16
6566005,815,1:1:0,0,2,OpportunityCardData_id:17
6566005,815,1:1:0,0,2,OpportunityCardData_id:18
6566005,816,1:1:3,0,2,OpportunityCardData_id:18
6566005,803,1:1:4,0,[OpportunityCardData_id:18,OpportunityCardConsequencesData_logId:1]
6566005,803,1:1:5,0,[OpportunityCardData_id:18,OpportunityCardConsequencesData_logId:0]
6566005,805,1:1:7,0,[OpportunityCardData_id:18]
6566005,806,1:1:8,0,[OpportunityCardData_id:18,PriorityData_type:1]
6566005,807,1:1:9,0,[OpportunityCardData_id:18]
6566005,808,1:1:11,0,[OpportunityCardData_id:18]
6566005,809,1:1:15,0,[OpportunityCardData_id:18,PriorityData_type:3,false]
6566005,810,1:1:16,0,[OpportunityCardData_id:18,PriorityData_type:2,15,PriorityData_type:3,10]
6566005,814,1:1:22,0,[4]
6566005,815,1:1:22,0,4,OpportunityCardData_id:26
6566005,815,1:1:24,0,4,OpportunityCardData_id:31
6566005,815,1:1:26,0,4,OpportunityCardData_id:26
6566005,815,1:1:28,0,4,OpportunityCardData_id:31
6566005,816,1:1:29,0,4,OpportunityCardData_id:31
6566005,803,1:1:30,0,[OpportunityCardData_id:31,OpportunityCardConsequencesData_logId:0]
6566005,803,1:1:30,0,[OpportunityCardData_id:31,OpportunityCardConsequencesData_logId:1]
6566005,803,1:1:30,0,[OpportunityCardData_id:31,OpportunityCardConsequencesData_logId:2]
6566005,805,1:1:36,0,[OpportunityCardData_id:31]
6566005,806,1:1:40,0,[OpportunityCardData_id:31,PriorityData_type:2]
6566005,807,1:1:42,0,[OpportunityCardData_id:31]
6566005,808,1:1:44,0,[OpportunityCardData_id:31]
6566005,809,1:1:48,0,[OpportunityCardData_id:31,PriorityData_type:2,true]
6566005,810,1:1:50,0,[OpportunityCardData_id:31,PriorityData_type:4,10,Safe,Safe]
6566005,818,1:1:58,0,3
6566005,811,1:2:9,0,[OpportunityCardData_id:31,PriorityData_type:2,80,85,PriorityData_type:4,70,70]
6566005,1005,1:2:9,0,[1,0,3]
6566005,1001,1:2:13,0,[]
6566005,1003,1:2:13,1
6566005,210,1:2:19,467,381
6566005,207,1:2:20,0,-200,-65
6566005,211,1:2:21,262,148
6566005,213,1:2:21,0,s_flag_gen,true
6566005,205,1:2:21,0,s_flag_gen,false,false
6566005,221,1:2:53,0
6566005,220,1:3:0,0
6566005,210,1:3:3,1134,387
6566005,211,1:3:3,1178,373
6566005,210,1:3:4,1137,492
6566005,207,1:3:6,0,-400,-518.45
6566005,207,1:3:9,0,-518.45,-173.45
6566005,207,1:3:11,0,-173.45,0
6566005,207,1:3:15,0,0,-518.45
6566005,211,1:3:19,401,460
6566005,207,1:3:19,0,-518.45,-383.45
6566005,210,1:3:20,314,576
6566005,207,1:3:20,0,-383.45,-263.45
6566005,211,1:3:20,475,542
6566005,210,1:3:20,311,486
6566005,207,1:3:21,0,-263.45,-203.45
6566005,207,1:3:21,0,-203.45,-128.45
6566005,211,1:3:25,1073,520
6566005,212,1:3:25,2
6566005,212,1:3:29,1
6566005,212,1:3:32,2
6566005,210,1:3:32,1032,468
6566005,207,1:3:33,0,-128.45,-218.45
6566005,211,1:3:34,901,431
6566005,213,1:3:34,0,c_teacherEng_G7a1N,true
6566005,205,1:3:34,0,c_teacherEng_G7a1N,false,false
6566005,210,1:3:45,1283,445
6566005,207,1:3:45,0,-218.45,-398.45
6566005,207,1:3:45,0,-398.45,-473.45
6566005,207,1:3:45,0,-473.45,-518.45
6566005,207,1:3:50,0,-518.45,-38.45
6566005,207,1:3:50,0,-38.45,0
6566005,211,1:3:55,1181,132
6566005,207,1:3:55,0,0,-180
6566005,212,1:3:56,0
6566005,210,1:3:58,1020,435
6566005,207,1:3:59,0,-180,-518.45
6566005,211,1:4:1,430,140
6566005,207,1:4:1,0,-518.45,-413.45
6566005,210,1:4:2,390,115
6566005,207,1:4:2,0,-413.45,-308.45
6566005,207,1:4:3,0,-308.45,-83.45
6566005,207,1:4:5,0,-83.45,0
6566005,207,1:4:9,0,0,-330
6566005,207,1:4:11,0,-330,-510
6566005,211,1:4:13,874,431
6566005,207,1:4:13,0,-510,-510
6566005,210,1:4:15,1201,456
6566005,211,1:4:15,1226,465
6566005,213,1:4:15,0,s_otherStudent2_G7a1N,true
6566005,212,1:4:18,2
6566005,210,1:4:18,1035,441
6566005,211,1:4:19,886,470
6566005,213,1:4:19,0,c_teacherEng_G7a1N,true
6566005,205,1:4:19,0,c_teacherEng_G7a1N,false,true
6566005,212,1:4:24,0
6566005,210,1:4:24,1451,511
6566005,207,1:4:27,0,-510,0
6566005,207,1:4:34,0,0,-165
6566005,207,1:4:35,0,-165,-375
6566005,207,1:4:35,0,-375,-495
6566005,207,1:4:36,0,-495,-518.45
6566005,211,1:4:37,769,232
6566005,212,1:4:38,2
6566005,210,1:4:38,1430,538
6566005,211,1:4:41,1048,559
6566005,213,1:4:41,0,c_bestFriend_M_a_G7a1N,true
6566005,205,1:4:41,0,c_bestFriend_M_a_G7a1N,false,false
6566005,210,1:4:49,932,463
6566005,207,1:4:51,0,-518.45,-113.45
6566005,207,1:4:53,0,-113.45,0
6566005,207,1:4:57,0,0,-180
6566005,211,1:4:57,900,539
6566005,213,1:4:57,0,c_teacherEng_G7a1N,true
6566005,205,1:4:57,0,c_teacherEng_G7a1N,false,true
6566005,210,1:5:0,643,588
6566005,207,1:5:2,0,-180,-405
6566005,207,1:5:2,0,-405,-518.45
6566005,211,1:5:3,1443,588
6566005,212,1:5:8,1
6566005,210,1:5:8,1449,459
6566005,211,1:5:8,1449,459
6566005,210,1:5:9,1440,545
6566005,207,1:5:15,0,-518.45,-128.45
6566005,207,1:5:17,0,-128.45,0
6566005,211,1:5:26,794,319
6566005,213,1:5:26,0,s_paperPlayers_G7a1N,true
6566005,205,1:5:26,0,s_paperPlayers_G7a1N,false,false
6566005,221,1:5:34,0
6566005,220,1:5:37,0
6566005,219,1:5:37,0
6566005,216,1:5:38,Stack_G7a1P
6566005,217,1:5:49,Stack_G7a1P,7.7,0.00
6566005,218,1:5:55,0
6566005,221,1:5:59,0
6566005,220,1:6:4,0
6566005,210,1:6:5,971,474
6566005,211,1:6:6,774,491
6566005,213,1:6:6,0,c_teacherEng_G7a1P,true
6566005,205,1:6:6,0,c_teacherEng_G7a1P,false,false
6566005,210,1:6:11,979,477
6566005,211,1:6:13,886,137
6566005,213,1:6:13,0,s_poePoster_gen,true
6566005,210,1:6:16,955,322
6566005,211,1:6:19,855,247
6566005,212,1:6:19,2
6566005,210,1:6:20,1120,489
6566005,211,1:6:21,663,375
6566005,213,1:6:21,0,s_paperPlayers_G7a1P,true
6566005,210,1:6:24,911,508
6566005,211,1:6:25,312,557
6566005,207,1:6:25,0,-400,-295
6566005,207,1:6:25,0,-295,-250
6566005,210,1:6:25,341,385
6566005,207,1:6:26,0,-250,-85
6566005,211,1:6:27,263,134
6566005,213,1:6:27,0,s_flag_gen,false
6566005,210,1:6:43,987,339
6566005,211,1:6:58,880,450
6566005,212,1:6:58,1
6566005,210,1:6:59,961,355
6566005,207,1:7:1,0,-85,-75
6566005,211,1:7:1,952,338
6566005,212,1:7:2,2
6566005,210,1:7:3,889,451
6566005,207,1:7:4,0,-75,0
6566005,211,1:7:15,259,138
6566005,213,1:7:15,0,s_flag_gen,false
6566005,1003,1:7:19,2
6566005,1004,1:7:20,0
6566005,900,1:7:23,0,[]
6566005,901,1:7:24,0,[PeopleData_id:2]
6566005,902,1:7:25,0,[PeopleData_id:2,PeopleData_data3Type]
6566005,902,1:7:32,0,[PeopleData_id:2,PeopleData_data2Type]
6566005,902,1:7:36,0,[PeopleData_id:2,PeopleData_data1Type]
6566005,902,1:7:38,0,[PeopleData_id:2,PeopleData_data0Type]
6566005,903,1:7:41,0,[PeopleData_id2,PeopleData_data0Type]
6566005,901,1:7:43,0,[PeopleData_id:2]
6566005,904,1:7:43,0,[PeopleData_id:2]
6566005,905,1:7:44,0,[PeopleData_id:2,RankTypes_id:-1,RankTypes_id:0]
6566005,901,1:7:46,0,[PeopleData_id:3]
6566005,902,1:7:47,0,[PeopleData_id:3,PeopleData_data2Type]
6566005,903,1:7:49,0,[PeopleData_id3,PeopleData_data2Type]
6566005,902,1:7:50,0,[PeopleData_id:3,PeopleData_data1Type]
6566005,903,1:7:54,0,[PeopleData_id3,PeopleData_data1Type]
6566005,902,1:7:54,0,[PeopleData_id:3,PeopleData_data0Type]
6566005,903,1:7:56,0,[PeopleData_id3,PeopleData_data0Type]
6566005,902,1:7:57,0,[PeopleData_id:3,PeopleData_data0Type]
6566005,903,1:7:57,0,[PeopleData_id3,PeopleData_data0Type]
6566005,901,1:7:58,0,[PeopleData_id:3]
6566005,904,1:7:58,0,[PeopleData_id:3]
6566005,905,1:8:2,0,[PeopleData_id:3,RankTypes_id:-1,RankTypes_id:4]
6566005,901,1:8:4,0,[PeopleData_id:4]
6566005,902,1:8:5,0,[PeopleData_id:4,PeopleData_data3Type]
6566005,903,1:8:7,0,[PeopleData_id4,PeopleData_data3Type]
6566005,902,1:8:7,0,[PeopleData_id:4,PeopleData_data2Type]
6566005,903,1:8:10,0,[PeopleData_id4,PeopleData_data2Type]
6566005,902,1:8:10,0,[PeopleData_id:4,PeopleData_data1Type]
6566005,903,1:8:12,0,[PeopleData_id4,PeopleData_data1Type]
6566005,902,1:8:12,0,[PeopleData_id:4,PeopleData_data0Type]
6566005,903,1:8:14,0,[PeopleData_id4,PeopleData_data0Type]
6566005,901,1:8:14,0,[PeopleData_id:4]
6566005,904,1:8:15,0,[PeopleData_id:4]
6566005,905,1:8:16,0,[PeopleData_id:4,RankTypes_id:-1,RankTypes_id:2]
6566005,901,1:8:18,0,[PeopleData_id:0]
6566005,902,1:8:19,0,[PeopleData_id:0,PeopleData_data3Type]
6566005,903,1:8:22,0,[PeopleData_id0,PeopleData_data3Type]
6566005,902,1:8:24,0,[PeopleData_id:0,PeopleData_data2Type]
6566005,903,1:8:26,0,[PeopleData_id0,PeopleData_data2Type]
6566005,902,1:8:26,0,[PeopleData_id:0,PeopleData_data1Type]
6566005,903,1:8:29,0,[PeopleData_id0,PeopleData_data1Type]
6566005,902,1:8:29,0,[PeopleData_id:0,PeopleData_data0Type]
6566005,903,1:8:31,0,[PeopleData_id0,PeopleData_data0Type]
6566005,901,1:8:32,0,[PeopleData_id:0]
6566005,904,1:8:32,0,[PeopleData_id:0]
6566005,905,1:8:33,0,[PeopleData_id:0,RankTypes_id:-1,RankTypes_id:3]
6566005,901,1:8:34,0,[PeopleData_id:1]
6566005,902,1:8:35,0,[PeopleData_id:1,PeopleData_data3Type]
6566005,903,1:8:38,0,[PeopleData_id1,PeopleData_data3Type]
6566005,902,1:8:38,0,[PeopleData_id:1,PeopleData_data2Type]
6566005,903,1:8:41,0,[PeopleData_id1,PeopleData_data2Type]
6566005,901,1:8:41,0,[PeopleData_id:1]
6566005,904,1:8:41,0,[PeopleData_id:1]
6566005,905,1:8:43,0,[PeopleData_id:1,RankTypes_id:-1,RankTypes_id:0]
6566005,906,1:8:43,0,[]
6566005,907,1:8:45,0,[]
6566005,908,1:8:45,0,[InvitationData_id:9,PeopleData_id:4,RankTypes_id:2]
6566005,909,1:8:51,0,[InvitationData_id:9,PeopleData_id:4,RankTypes_id:2,1]
6566005,910,1:8:53,0,[InvitationData_id:9,0,true]
6566005,908,1:8:53,0,[InvitationData_id:3,PeopleData_id:3,RankTypes_id:4]
6566005,909,1:8:56,0,[InvitationData_id:3,PeopleData_id:3,RankTypes_id:4,1]
6566005,910,1:8:57,0,[InvitationData_id:3,9,false]
6566005,908,1:8:57,0,[InvitationData_id:4,PeopleData_id:4,RankTypes_id:2]
6566005,909,1:9:0,0,[InvitationData_id:4,PeopleData_id:4,RankTypes_id:2,0]
6566005,910,1:9:3,0,[InvitationData_id:4,-2,false]
6566005,908,1:9:3,0,[InvitationData_id:1,PeopleData_id:0,RankTypes_id:3]
6566005,909,1:9:7,0,[InvitationData_id:1,PeopleData_id:0,RankTypes_id:3,1]
6566005,910,1:9:8,0,[InvitationData_id:1,7,false]
6566005,908,1:9:8,0,[InvitationData_id:0,PeopleData_id:3,RankTypes_id:4]
6566005,909,1:9:11,0,[InvitationData_id:0,PeopleData_id:3,RankTypes_id:4,1]
6566005,910,1:9:13,0,[InvitationData_id:0,9,false]
6566005,908,1:9:13,0,[InvitationData_id:6,PeopleData_id:3,RankTypes_id:4]
6566005,909,1:9:15,0,[InvitationData_id:6,PeopleData_id:3,RankTypes_id:4,1]
6566005,910,1:9:16,0,[InvitationData_id:6,9,false]
6566005,908,1:9:16,0,[InvitationData_id:8,PeopleData_id:3,RankTypes_id:4]
6566005,909,1:9:17,0,[InvitationData_id:8,PeopleData_id:3,RankTypes_id:4,1]
6566005,910,1:9:18,0,[InvitationData_id:8,9,false]
6566005,908,1:9:18,0,[InvitationData_id:5,PeopleData_id:4,RankTypes_id:2]
6566005,909,1:9:22,0,[InvitationData_id:5,PeopleData_id:4,RankTypes_id:2,0]
6566005,910,1:9:23,0,[InvitationData_id:5,-2,false]
6566005,911,1:9:26,0,[39,1,0,1]
6566005,1001,1:9:27,0,[]
6566005,1003,1:9:27,2
6566005,210,1:9:32,1008,507
6566005,211,1:9:37,1158,212
6566005,212,1:9:42,1
6566005,212,1:9:43,2
6566005,210,1:9:50,1024,419
6566005,207,1:9:51,0,-400,-40
6566005,211,1:9:57,255,139
6566005,213,1:9:57,0,s_flag_gen,false
6566005,1003,1:10:2,2
6566005,1004,1:10:3,0
6566005,900,1:10:10,0,[]
6566005,901,1:10:11,0,[PeopleData_id:4]
6566005,902,1:10:14,0,[PeopleData_id:4,PeopleData_data3Type]
6566005,903,1:10:15,0,[PeopleData_id4,PeopleData_data3Type]
6566005,901,1:10:16,0,[PeopleData_id:4]
6566005,904,1:10:16,0,[PeopleData_id:4]
6566005,905,1:10:16,0,[PeopleData_id:4,RankTypes_id:-1,RankTypes_id:0]
6566005,901,1:10:17,0,[PeopleData_id:0]
6566005,902,1:10:18,0,[PeopleData_id:0,PeopleData_data3Type]
6566005,902,1:10:21,0,[PeopleData_id:0,PeopleData_data2Type]
6566005,902,1:10:24,0,[PeopleData_id:0,PeopleData_data1Type]
6566005,902,1:10:26,0,[PeopleData_id:0,PeopleData_data0Type]
6566005,903,1:10:27,0,[PeopleData_id0,PeopleData_data0Type]
6566005,901,1:10:28,0,[PeopleData_id:0]
6566005,904,1:10:29,0,[PeopleData_id:0]
6566005,905,1:10:29,0,[PeopleData_id:0,RankTypes_id:-1,RankTypes_id:3]
6566005,901,1:10:30,0,[PeopleData_id:2]
6566005,904,1:10:30,0,[PeopleData_id:2]
6566005,902,1:10:32,0,[PeopleData_id:2,PeopleData_data3Type]
6566005,903,1:10:34,0,[PeopleData_id2,PeopleData_data3Type]
6566005,902,1:10:35,0,[PeopleData_id:2,PeopleData_data2Type]
6566005,903,1:10:37,0,[PeopleData_id2,PeopleData_data2Type]
6566005,901,1:10:38,0,[PeopleData_id:2]
6566005,904,1:10:39,0,[PeopleData_id:2]
6566005,905,1:10:39,0,[PeopleData_id:2,RankTypes_id:-1,RankTypes_id:0]
6566005,901,1:10:40,0,[PeopleData_id:3]
6566005,902,1:10:42,0,[PeopleData_id:3,PeopleData_data2Type]
6566005,903,1:10:44,0,[PeopleData_id3,PeopleData_data2Type]
6566005,901,1:10:45,0,[PeopleData_id:3]
6566005,904,1:10:45,0,[PeopleData_id:3]
6566005,905,1:10:45,0,[PeopleData_id:3,RankTypes_id:-1,RankTypes_id:4]
6566005,901,1:10:46,0,[PeopleData_id:1]
6566005,902,1:10:47,0,[PeopleData_id:1,PeopleData_data3Type]
6566005,903,1:10:48,0,[PeopleData_id1,PeopleData_data3Type]
6566005,902,1:10:48,0,[PeopleData_id:1,PeopleData_data2Type]
6566005,903,1:10:50,0,[PeopleData_id1,PeopleData_data2Type]
6566005,901,1:10:50,0,[PeopleData_id:1]
6566005,904,1:10:50,0,[PeopleData_id:1]
6566005,905,1:10:52,0,[PeopleData_id:1,RankTypes_id:-1,RankTypes_id:0]
6566005,906,1:10:52,0,[]
6566005,907,1:10:53,0,[]
6566005,908,1:10:53,0,[InvitationData_id:1,PeopleData_id:0,RankTypes_id:3]
6566005,909,1:10:56,0,[InvitationData_id:1,PeopleData_id:0,RankTypes_id:3,1]
6566005,910,1:10:57,0,[InvitationData_id:1,7,false]
6566005,908,1:10:57,0,[InvitationData_id:0,PeopleData_id:3,RankTypes_id:4]
6566005,909,1:10:59,0,[InvitationData_id:0,PeopleData_id:3,RankTypes_id:4,1]
6566005,910,1:11:0,0,[InvitationData_id:0,9,false]
6566005,908,1:11:0,0,[InvitationData_id:6,PeopleData_id:3,RankTypes_id:4]
6566005,909,1:11:1,0,[InvitationData_id:6,PeopleData_id:3,RankTypes_id:4,1]
6566005,910,1:11:2,0,[InvitationData_id:6,9,false]
6566005,908,1:11:2,0,[InvitationData_id:8,PeopleData_id:3,RankTypes_id:4]
6566005,909,1:11:3,0,[InvitationData_id:8,PeopleData_id:3,RankTypes_id:4,1]
6566005,910,1:11:3,0,[InvitationData_id:8,9,false]
6566005,908,1:11:3,0,[InvitationData_id:3,PeopleData_id:3,RankTypes_id:4]
6566005,909,1:11:5,0,[InvitationData_id:3,PeopleData_id:3,RankTypes_id:4,1]
6566005,910,1:11:5,0,[InvitationData_id:3,9,false]
6566005,911,1:11:9,0,[43,0,0,0]
6566005,1005,1:11:9,0,[2,2,3]
6566005,1001,1:11:10,0,[]
6566005,1003,1:11:10,2
6566005,210,1:11:16,950,501
6566005,211,1:11:16,939,522
6566005,210,1:11:18,947,473
6566005,207,1:11:19,0,-400,-115
6566005,211,1:11:20,261,120
6566005,213,1:11:20,0,s_flag_gen,true
6566005,205,1:11:21,0,s_flag_gen,false,false
6566005,210,1:11:25,659,509
6566005,211,1:11:27,600,137
6566005,213,1:11:27,0,s_atwoodPoster_gen,true
6566005,210,1:11:30,645,335
6566005,207,1:11:33,0,-115,-295
6566005,211,1:11:34,1223,157
6566005,213,1:11:34,0,s_clock_G7a1P,true
6566005,210,1:11:38,984,362
6566005,207,1:11:39,0,-295,-505
6566005,207,1:11:39,0,-505,-518
6566005,211,1:11:39,1475,647
6566005,212,1:11:40,1
6566005,210,1:11:40,1416,592
6566005,211,1:11:47,385,160
6566005,207,1:11:47,0,-518,-368
6566005,210,1:11:47,370,272
6566005,207,1:11:47,0,-368,-308
6566005,211,1:11:49,234,142
6566005,207,1:11:49,0,-308,-218
6566005,210,1:11:50,147,216
6566005,207,1:11:50,0,-218,-53
6566005,207,1:11:52,0,-53,0
6566005,207,1:11:55,0,0,-105
6566005,211,1:11:56,1263,362
6566005,207,1:11:56,0,-105,-285
6566005,210,1:11:56,1211,295
6566005,211,1:11:59,783,142
6566005,213,1:11:59,0,s_shakespearePoster_gen,true
6566005,210,1:12:2,677,92
6566005,211,1:12:3,693,140
6566005,213,1:12:3,0,s_angelouPoster_gen,true
6566005,210,1:12:5,635,118
6566005,211,1:12:5,607,130
6566005,213,1:12:5,0,s_atwoodPoster_gen,true
6566005,210,1:12:7,952,470
6566005,211,1:12:9,1076,506
6566005,210,1:12:9,1073,553
6566005,211,1:12:10,813,471
6566005,213,1:12:10,0,c_teacherEng_G7a1P,true
6566005,205,1:12:10,0,c_teacherEng_G7a1P,false,true
6566005,212,1:12:14,0
6566005,210,1:12:15,1142,425
6566005,207,1:12:17,0,-285,-120
6566005,207,1:12:19,0,-120,0
6566005,207,1:12:23,0,0,-518
6566005,211,1:12:24,1024,171
6566005,221,1:12:25,0
6566005,220,1:12:29,0
6566005,212,1:12:30,1
6566005,210,1:12:31,1384,588
6566005,211,1:12:37,325,597
6566005,207,1:12:37,0,-518,-308
6566005,207,1:12:38,0,-308,-263
6566005,210,1:12:38,344,625
6566005,207,1:12:39,0,-263,-23
6566005,207,1:12:40,0,-23,0
6566005,211,1:12:45,239,406
6566005,213,1:12:45,0,s_papersDetention_gen,true
6566005,210,1:12:57,683,492
6566005,207,1:12:58,0,0,-195
6566005,207,1:12:59,0,-195,-45
6566005,211,1:13:7,1352,129
6566005,207,1:13:7,0,-45,-345
6566005,207,1:13:7,0,-345,-390
6566005,210,1:13:7,1318,149
6566005,207,1:13:14,0,-390,-30
6566005,207,1:13:16,0,-30,0
6566005,207,1:13:18,0,0,-150
6566005,207,1:13:19,0,-150,-345
6566005,211,1:13:22,1221,168
6566005,213,1:13:22,0,s_clock_G7a1P,true
6566005,210,1:13:24,913,519
6566005,211,1:13:26,987,430
6566005,221,1:13:28,0
6566005,220,1:13:30,0
6566005,212,1:13:31,0
6566005,210,1:13:35,1162,415
6566005,211,1:13:36,842,156
6566005,210,1:13:36,890,95
6566005,211,1:13:36,876,93
6566005,210,1:13:37,889,131
6566005,207,1:13:38,0,-345,-75
6566005,207,1:13:41,0,-75,0
6566005,211,1:13:43,431,514
6566005,210,1:13:44,403,560
6566005,207,1:13:45,0,0,-180
6566005,211,1:13:47,973,495
6566005,213,1:13:47,0,c_bestFriend_M_a_G7a1P,true
6566005,1003,1:13:50,0
6566005,1004,1:13:51,0
6566005,400,1:13:58,0,[]
6566005,401,1:14:11,0,[StatementsData_logId:0]
6566005,403,1:14:18,0,[StatementsData_logId:0,true]
6566005,405,1:14:21,0,[StatementsData_logId:0]
6566005,406,1:14:25,0,[StatementsData_logId:0,2]
6566005,407,1:14:25,0,[StatementsData_logId:0,FactCardData_id:4]
6566005,407,1:14:25,0,[StatementsData_logId:0,FactCardData_id:3]
6566005,407,1:14:25,0,[StatementsData_logId:0,FactCardData_id:6]
6566005,407,1:14:25,0,[StatementsData_logId:0,FactCardData_id:7]
6566005,407,1:14:25,0,[StatementsData_logId:0,FactCardData_id:5]
6566005,407,1:14:25,0,[StatementsData_logId:0,FactCardData_id:0]
6566005,407,1:14:34,0,[StatementsData_logId:0,FactCardData_id:4]
6566005,407,1:14:34,0,[StatementsData_logId:0,FactCardData_id:4]
6566005,408,1:14:35,0,[StatementsData_logId:0,FactCardData_id:4,false]
6566005,406,1:14:41,0,[StatementsData_logId:0,-2]
6566005,411,1:14:44,0,[StatementsData_logId:0]
6566005,401,1:14:45,0,[StatementsData_logId:1]
6566005,403,1:14:46,0,[StatementsData_logId:1,false]
6566005,405,1:14:48,0,[StatementsData_logId:1]
6566005,406,1:14:54,0,[StatementsData_logId:1,-2]
6566005,411,1:14:58,0,[StatementsData_logId:1]
6566005,401,1:15:3,0,[StatementsData_logId:2]
6566005,402,1:15:5,0,[StatementsData_logId:2,false]
6566005,405,1:15:6,0,[StatementsData_logId:2]
6566005,406,1:15:12,0,[StatementsData_logId:2,-2]
6566005,411,1:15:17,0,[StatementsData_logId:2]
6566005,401,1:15:27,0,[StatementsData_logId:3]
6566005,404,1:15:28,0,[StatementsData_logId:3,false]
6566005,405,1:15:29,0,[StatementsData_logId:3]
6566005,406,1:15:33,0,[StatementsData_logId:3,-2]
6566005,411,1:15:35,0,[StatementsData_logId:3]
6566005,401,1:15:39,0,[StatementsData_logId:4]
6566005,402,1:15:41,0,[StatementsData_logId:4,true]
6566005,405,1:15:42,0,[StatementsData_logId:4]
6566005,406,1:15:46,0,[StatementsData_logId:4,2]
6566005,411,1:15:50,0,[StatementsData_logId:4]
6566005,401,1:15:59,0,[StatementsData_logId:5]
6566005,404,1:16:0,0,[StatementsData_logId:5,true]
6566005,406,1:16:2,0,[StatementsData_logId:5,2]
6566005,412,1:16:6,0,[StatementsData_logId:5]
6566005,413,1:16:13,0,[StatementsData_logId:5,DuelResponsesData_logId:9]
6566005,414,1:16:27,0,[StatementsData_logId:5,DuelResponsesData_logId:9]
6566005,415,1:16:41,0,[StatementsData_logId:5,DuelResponsesData_logId:9,DuelResponsesData_witty_player_response]
6566005,416,1:16:42,0,[StatementsData_logId:5,DuelResponsesData_logId:9]
6566005,417,1:16:46,0,[StatementsData_logId:5,DuelResponsesData_logId:9]
6566005,413,1:16:51,0,[StatementsData_logId:5,DuelResponsesData_logId:10]
6566005,414,1:16:53,0,[StatementsData_logId:5,DuelResponsesData_logId:10]
6566005,415,1:17:18,0,[StatementsData_logId:5,DuelResponsesData_logId:10,DuelResponsesData_witty_player_response]
6566005,416,1:17:19,0,[StatementsData_logId:5,DuelResponsesData_logId:10]
6566005,417,1:17:22,0,[StatementsData_logId:5,DuelResponsesData_logId:10]
6566005,413,1:17:34,0,[StatementsData_logId:5,DuelResponsesData_logId:11]
6566005,414,1:17:34,0,[StatementsData_logId:5,DuelResponsesData_logId:11]
6566005,415,1:17:55,0,[StatementsData_logId:5,DuelResponsesData_logId:11,DuelResponsesData_witty_player_response]
6566005,416,1:17:56,0,[StatementsData_logId:5,DuelResponsesData_logId:11]
6566005,417,1:17:57,0,[StatementsData_logId:5,DuelResponsesData_logId:11]
6566005,418,1:17:57,0,[StatementsData_logId:5,true]
6566005,419,1:18:0,0,[StatementsData_logId:5,4]
6566005,411,1:18:2,0,[StatementsData_logId:5]
6566005,420,1:18:2,0,[34]
6566005,1005,1:18:2,0,[0,0,1]
6566005,1001,1:18:3,0,[]
6566005,1003,1:18:3,0
6566005,210,1:18:7,1058,569
6566005,211,1:18:9,380,139
6566005,207,1:18:9,0,-400,-355
6566005,207,1:18:10,0,-355,-310
6566005,210,1:18:10,389,268
6566005,207,1:18:11,0,-310,-70
6566005,211,1:18:12,253,389
6566005,204,1:18:13,0
6566005,103,1:18:16
6566005,104,1:18:18
6566005,103,1:18:29
6566005,105,1:18:31
6566005,703,1:18:32,[|| EpilogueItem ID: 0 unlocked: false ||,|| EpilogueItem ID: 1 unlocked: false ||,|| EpilogueItem ID: 2 unlocked: false ||,|| EpilogueItem ID: 3 unlocked: false ||,|| EpilogueItem ID: 4 unlocked: false ||,|| EpilogueItem ID: 5 unlocked: false ||,|| EpilogueItem ID: 6 unlocked: false ||,|| EpilogueItem ID: 7 unlocked: false ||,|| EpilogueItem ID: 8 unlocked: false ||,|| EpilogueItem ID: 9 unlocked: false ||,|| EpilogueItem ID: 10 unlocked: false ||,|| EpilogueItem ID: 11 unlocked: false ||,|| EpilogueItem ID: 12 unlocked: false ||,|| EpilogueItem ID: 13 unlocked: false ||,|| EpilogueItem ID: 14 unlocked: false ||,|| EpilogueItem ID: 15 unlocked: false ||,|| EpilogueItem ID: 16 unlocked: false ||,|| EpilogueItem ID: 17 unlocked: false ||,|| EpilogueItem ID: 18 unlocked: false ||,|| EpilogueItem ID: 19 unlocked: false ||,|| EpilogueItem ID: 20 unlocked: false ||,|| EpilogueItem ID: 21 unlocked: false ||,|| EpilogueItem ID: 22 unlocked: false ||,|| EpilogueItem ID: 23 unlocked: false ||,|| EpilogueItem ID: 24 unlocked: false ||],0
6566005,706,1:18:34,(x=1322, y=-100, w=1024, h=768),(x=2531, y=-100, w=1024, h=768)
6566005,708,1:18:34
6566005,1,1:18:34,10/10/2013 4:53:27pm,{"gameTime":4714863,"challengeStacks":[{"challengeScenes":[{"miniGameCards":[],"viewedAnimatic":true,"keyPoints":["c_teacherEng_G7a0","c_bestFriend_M_a_G7a0","s_flag_gen"],"unlocked":true,"touchableObjects":["s_atwoodPoster_gen","s_angelouPoster_gen","s_shakespearePoster_gen","s_poePoster_gen","s_vocabAssignment_G7a0","s_doorClassroom_G7a0","s_clock_G7a0","s_otherStudent1_G7a0","c_crewKid1_M_G7a0","c_friend1_M_a_G7a0","c_teacherEng_G7a0","c_bestFriend_M_a_G7a0","s_flag_gen"]},{"miniGameCards":[],"viewedAnimatic":true,"keyPoints":["c_teacherEng_G7a1N","c_bestFriend_M_a_G7a1N","s_paperPlayers_G7a1N"],"unlocked":true,"touchableObjects":["c_crewKid1_M_G7a1N","s_atwoodPoster_gen","s_otherStudent2_G7a1N","s_otherStudent1_G7a1N","s_poePoster_gen","s_shakespearePoster_gen","s_angelouPoster_gen","s_flag_gen","s_posterPlagiarism_gen","c_teacherEng_G7a1N","c_bestFriend_M_a_G7a1N","s_paperPlayers_G7a1N"]},{"miniGameCards":[],"viewedAnimatic":true,"keyPoints":["c_teacherEng_G7a1P","s_flag_gen"],"unlocked":true,"touchableObjects":["c_teacherEng_G7a1P","s_poePoster_gen","s_paperPlayers_G7a1P","s_flag_gen","s_atwoodPoster_gen","s_clock_G7a1P","s_shakespearePoster_gen","s_angelouPoster_gen","s_papersDetention_gen"]}],"stackSize":3,"resolved":false},{"challengeScenes":[{"miniGameCards":[],"viewedAnimatic":false,"keyPoints":[],"unlocked":false,"touchableObjects":[]},{"miniGameCards":[],"viewedAnimatic":false,"keyPoints":[],"unlocked":false,"touchableObjects":[]},{"miniGameCards":[],"viewedAnimatic":false,"keyPoints":[],"unlocked":false,"touchableObjects":[]},{"miniGameCards":[],"viewedAnimatic":false,"keyPoints":[],"unlocked":false,"touchableObjects":[]},{"miniGameCards":[],"viewedAnimatic":false,"keyPoints":[],"unlocked":false,"touchableObjects":[]}],"stackSize":5,"resolved":false},{"challengeScenes":[{"miniGameCards":[],"viewedAnimatic":false,"keyPoints":[],"unlocked":false,"touchableObjects":[]},{"miniGameCards":[],"viewedAnimatic":false,"keyPoints":[],"unlocked":false,"touchableObjects":[]},{"miniGameCards":[],"viewedAnimatic":false,"keyPoints":[],"unlocked":false,"touchableObjects":[]},{"miniGameCards":[],"viewedAnimatic":false,"keyPoints":[],"unlocked":false,"touchableObjects":[]},{"miniGameCards":[],"viewedAnimatic":false,"keyPoints":[],"unlocked":false,"touchableObjects":[]},{"miniGameCards":[],"viewedAnimatic":false,"keyPoints":[],"unlocked":false,"touchableObjects":[]},{"miniGameCards":[],"viewedAnimatic":false,"keyPoints":[],"unlocked":false,"touchableObjects":[]}],"stackSize":7,"resolved":false},{"challengeScenes":[{"miniGameCards":[],"viewedAnimatic":false,"keyPoints":[],"unlocked":false,"touchableObjects":[]},{"miniGameCards":[],"viewedAnimatic":false,"keyPoints":[],"unlocked":false,"touchableObjects":[]},{"miniGameCards":[],"viewedAnimatic":false,"keyPoints":[],"unlocked":false,"touchableObjects":[]},{"miniGameCards":[],"viewedAnimatic":false,"keyPoints":[],"unlocked":false,"touchableObjects":[]},{"miniGameCards":[],"viewedAnimatic":false,"keyPoints":[],"unlocked":false,"touchableObjects":[]}],"stackSize":5,"resolved":false},{"challengeScenes":[{"miniGameCards":[],"viewedAnimatic":false,"keyPoints":[],"unlocked":false,"touchableObjects":[]},{"miniGameCards":[],"viewedAnimatic":false,"keyPoints":[],"unlocked":false,"touchableObjects":[]},{"miniGameCards":[],"viewedAnimatic":false,"keyPoints":[],"unlocked":false,"touchableObjects":[]},{"miniGameCards":[],"viewedAnimatic":false,"keyPoints":[],"unlocked":false,"touchableObjects":[]},{"miniGameCards":[],"viewedAnimatic":false,"keyPoints":[],"unlocked":false,"touchableObjects":[]}],"stackSize":5,"resolved":false},{"challengeScenes":[{"miniGameCards":[],"viewedAnimatic":false,"keyPoints":[],"unlocked":false,"touchableObjects":[]},{"miniGameCards":[],"viewedAnimatic":false,"keyPoints":[],"unlocked":false,"touchableObjects":[]},{"miniGameCards":[],"viewedAnimatic":false,"keyPoints":[],"unlocked":false,"touchableObjects":[]},{"miniGameCards":[],"viewedAnimatic":false,"keyPoints":[],"unlocked":false,"touchableObjects":[]},{"miniGameCards":[],"viewedAnimatic":false,"keyPoints":[],"unlocked":false,"touchableObjects":[]}],"stackSize":5,"resolved":false},{"challengeScenes":[{"miniGameCards":[],"viewedAnimatic":false,"keyPoints":[],"unlocked":false,"touchableObjects":[]},{"miniGameCards":[],"viewedAnimatic":false,"keyPoints":[],"unlocked":false,"touchableObjects":[]},{"miniGameCards":[],"viewedAnimatic":false,"keyPoints":[],"unlocked":false,"touchableObjects":[]},{"miniGameCards":[],"viewedAnimatic":false,"keyPoints":[],"unlocked":false,"touchableObjects":[]},{"miniGameCards":[],"viewedAnimatic":false,"keyPoints":[],"unlocked":false,"touchableObjects":[]}],"stackSize":5,"resolved":false},{"challengeScenes":[{"miniGameCards":[],"viewedAnimatic":false,"keyPoints":[],"unlocked":false,"touchableObjects":[]},{"miniGameCards":[],"viewedAnimatic":false,"keyPoints":[],"unlocked":false,"touchableObjects":[]},{"miniGameCards":[],"viewedAnimatic":false,"keyPoints":[],"unlocked":false,"touchableObjects":[]},{"miniGameCards":[],"viewedAnimatic":false,"keyPoints":[],"unlocked":false,"touchableObjects":[]},{"miniGameCards":[],"viewedAnimatic":false,"keyPoints":[],"unlocked":false,"touchableObjects":[]}],"stackSize":5,"resolved":false},{"challengeScenes":[{"miniGameCards":[],"viewedAnimatic":false,"keyPoints":[],"unlocked":false,"touchableObjects":[]},{"miniGameCards":[],"viewedAnimatic":false,"keyPoints":[],"unlocked":false,"touchableObjects":[]},{"miniGameCards":[],"viewedAnimatic":false,"keyPoints":[],"unlocked":false,"touchableObjects":[]},{"miniGameCards":[],"viewedAnimatic":false,"keyPoints":[],"unlocked":false,"touchableObjects":[]},{"miniGameCards":[],"viewedAnimatic":false,"keyPoints":[],"unlocked":false,"touchableObjects":[]}],"stackSize":5,"resolved":false},{"challengeScenes":[{"miniGameCards":[],"viewedAnimatic":false,"keyPoints":[],"unlocked":false,"touchableObjects":[]},{"miniGameCards":[],"viewedAnimatic":false,"keyPoints":[],"unlocked":false,"touchableObjects":[]},{"miniGameCards":[],"viewedAnimatic":false,"keyPoints":[],"unlocked":false,"touchableObjects":[]},{"miniGameCards":[],"viewedAnimatic":false,"keyPoints":[],"unlocked":false,"touchableObjects":[]},{"miniGameCards":[],"viewedAnimatic":false,"keyPoints":[],"unlocked":false,"touchableObjects":[]}],"stackSize":5,"resolved":false},{"challengeScenes":[{"miniGameCards":[],"viewedAnimatic":false,"keyPoints":[],"unlocked":false,"touchableObjects":[]},{"miniGameCards":[],"viewedAnimatic":false,"keyPoints":[],"unlocked":false,"touchableObjects":[]},{"miniGameCards":[],"viewedAnimatic":false,"keyPoints":[],"unlocked":false,"touchableObjects":[]},{"miniGameCards":[],"viewedAnimatic":false,"keyPoints":[],"unlocked":false,"touchableObjects":[]},{"miniGameCards":[],"viewedAnimatic":false,"keyPoints":[],"unlocked":false,"touchableObjects":[]}],"stackSize":5,"resolved":false},{"challengeScenes":[{"miniGameCards":[],"viewedAnimatic":false,"keyPoints":[],"unlocked":false,"touchableObjects":[]},{"miniGameCards":[],"viewedAnimatic":false,"keyPoints":[],"unlocked":false,"touchableObjects":[]},{"miniGameCards":[],"viewedAnimatic":false,"keyPoints":[],"unlocked":false,"touchableObjects":[]},{"miniGameCards":[],"viewedAnimatic":false,"keyPoints":[],"unlocked":false,"touchableObjects":[]},{"miniGameCards":[],"viewedAnimatic":false,"keyPoints":[],"unlocked":false,"touchableObjects":[]}],"stackSize":5,"resolved":false},{"challengeScenes":[{"miniGameCards":[],"viewedAnimatic":false,"keyPoints":[],"unlocked":true,"touchableObjects":["c_player_afri_M_a_G0a0","c_education_G0a0","c_family_afri_a_G0a0","c_friends_G0a0"]},{"miniGameCards":[],"viewedAnimatic":false,"keyPoints":["c_job_G0a1N","c_family_afri_a_G0a1N","c_home_G0a1N"],"unlocked":true,"touchableObjects":["c_job_G0a1N","c_player_afri_M_a_G0a1N","c_family_afri_a_G0a1N","c_home_G0a1N"]},{"miniGameCards":[],"viewedAnimatic":false,"keyPoints":["c_Teacher_G0a1P","c_grandma_afri_a_G0a1P","c_kidsister_afri_a_G0a1P","c_dad_afri_a_G0a1P","c_mom_afri_a_G0a1P","c_Nurse_G0a1P"],"unlocked":true,"touchableObjects":["c_cousins_M_a_G0a1P","c_friends_G0a1P","c_Teacher_G0a1P","c_grandma_afri_a_G0a1P","c_kidsister_afri_a_G0a1P","c_dad_afri_a_G0a1P","c_mom_afri_a_G0a1P","c_Nurse_G0a1P"]}],"stackSize":3,"resolved":true}],"sessionId":2,"epilogue":{"rating":0},"playerId":6566005,"session":[{"sceneId":"1P","stackId":12},{"sceneId":"1P","stackId":0}],"minigames":[{"levelSaveData":[{"starRating":1,"unlocked":true},{"starRating":0,"unlocked":false},{"starRating":0,"unlocked":false},{"starRating":0,"unlocked":false},{"starRating":0,"unlocked":false},{"starRating":0,"unlocked":false},{"starRating":0,"unlocked":false},{"starRating":0,"unlocked":false},{"starRating":0,"unlocked":false},{"starRating":0,"unlocked":false}],"skillPoints":1},{"levelSaveData":[{"starRating":3,"unlocked":true},{"starRating":0,"unlocked":false},{"starRating":0,"unlocked":false},{"starRating":0,"unlocked":false},{"starRating":0,"unlocked":false},{"starRating":0,"unlocked":false},{"starRating":0,"unlocked":false},{"starRating":0,"unlocked":false},{"starRating":0,"unlocked":false},{"starRating":0,"unlocked":false}],"skillPoints":3},{"levelSaveData":[{"starRating":3,"unlocked":true},{"starRating":0,"unlocked":false},{"starRating":0,"unlocked":false},{"starRating":0,"unlocked":false},{"starRating":0,"unlocked":false},{"starRating":0,"unlocked":false},{"starRating":0,"unlocked":false},{"starRating":0,"unlocked":false},{"starRating":0,"unlocked":false},{"starRating":0,"unlocked":false}],"skillPoints":3},{"levelSaveData":[{"starRating":0,"unlocked":false},{"starRating":0,"unlocked":false},{"starRating":0,"unlocked":false},{"starRating":0,"unlocked":false},{"starRating":0,"unlocked":false},{"starRating":0,"unlocked":false},{"starRating":0,"unlocked":false},{"starRating":0,"unlocked":false},{"starRating":0,"unlocked":false},{"starRating":0,"unlocked":false}],"skillPoints":0},{"age":12,"name":"Quan","gender":0,"id":0,"levelSaveData":[{"starRating":3,"unlocked":true},{"starRating":3,"chunks":[["1"],["0$$nice","0$$mean"],["0$$basketball","0$$school","0$$shoes"],["0"]],"unlocked":true},{"starRating":0,"chunks":[[null],[null,null],[null,null]],"unlocked":false},{"starRating":0,"chunks":[[null],[null],[null],[null],[null,null],[null]],"unlocked":false},{"starRating":0,"chunks":[[null],[null],[null,null],[null],[null],[null]],"unlocked":false},{"starRating":0,"chunks":[[null],[null,null,null,null],[null],[null]],"unlocked":false},{"starRating":0,"chunks":[[null],[null],[null,null],[null,null],[null]],"unlocked":false},{"starRating":0,"chunks":[[null,null,null],[null,null,null],[null],[null],[null]],"unlocked":false},{"starRating":0,"chunks":[[null,null,null],[null,null,null],[null,null]],"unlocked":false},{"starRating":0,"chunks":[[null],[null],[null],[null],[null],[null]],"unlocked":false}],"visualAvatar":0,"skillPoints":6}],"avatar":{"age":12,"name":"Quan","gender":0,"id":0,"levelSaveData":[{"starRating":3,"unlocked":true},{"starRating":3,"chunks":[["1"],["0$$nice","0$$mean"],["0$$basketball","0$$school","0$$shoes"],["0"]],"unlocked":true},{"starRating":0,"chunks":[[null],[null,null],[null,null]],"unlocked":false},{"starRating":0,"chunks":[[null],[null],[null],[null],[null,null],[null]],"unlocked":false},{"starRating":0,"chunks":[[null],[null],[null,null],[null],[null],[null]],"unlocked":false},{"starRating":0,"chunks":[[null],[null,null,null,null],[null],[null]],"unlocked":false},{"starRating":0,"chunks":[[null],[null],[null,null],[null,null],[null]],"unlocked":false},{"starRating":0,"chunks":[[null,null,null],[null,null,null],[null],[null],[null]],"unlocked":false},{"starRating":0,"chunks":[[null,null,null],[null,null,null],[null,null]],"unlocked":false},{"starRating":0,"chunks":[[null],[null],[null],[null],[null],[null]],"unlocked":false}],"visualAvatar":0,"skillPoints":6}}
