6566004,0,0:40:51,10/8/2013 4:07:41pm
6566004,100,0:42:8,0
6566004,102,0:42:9,0
6566004,200,0:42:9,0,0,0,1,0,6
6566004,210,0:42:15,706,285
6566004,211,0:42:16,828,307
6566004,213,0:42:16,0,c_teacherEng_G7a0,true
6566004,205,0:42:16,0,c_teacherEng_G7a0,false,true
6566004,210,0:42:21,611,415
6566004,207,0:42:25,0,-200,-518.45
6566004,211,0:42:26,1460,546
6566004,213,0:42:26,0,c_friend1_F_a_G7a0,true
6566004,212,0:42:30,1
6566004,210,0:42:31,1189,428
6566004,207,0:42:35,0,-518.45,-158.45
6566004,211,0:42:38,256,125
6566004,213,0:42:38,0,s_flag_gen,false
6566004,1003,0:42:41,1
6566004,1004,0:42:44,0
6566004,800,0:42:46,0,[]
6566004,801,0:42:47,0,[]
6566004,814,0:42:51,0,[3]
6566004,815,0:42:51,0,3,OpportunityCardData_id:19
6566004,816,0:42:52,0,3,OpportunityCardData_id:19
6566004,803,0:42:53,0,[OpportunityCardData_id:19,OpportunityCardConsequencesData_logId:0]
6566004,803,0:42:54,0,[OpportunityCardData_id:19,OpportunityCardConsequencesData_logId:1]
6566004,803,0:42:54,0,[OpportunityCardData_id:19,OpportunityCardConsequencesData_logId:2]
6566004,805,0:42:55,0,[OpportunityCardData_id:19]
6566004,807,0:42:56,0,[OpportunityCardData_id:19]
6566004,808,0:42:58,0,[OpportunityCardData_id:19]
6566004,809,0:43:3,0,[OpportunityCardData_id:19,PriorityData_type:0,false]
6566004,810,0:43:4,0,[OpportunityCardData_id:19,PriorityData_type:3,15,PriorityData_type:0,35]
6566004,814,0:43:8,0,[0]
6566004,815,0:43:8,0,0,OpportunityCardData_id:0
6566004,816,0:43:9,0,0,OpportunityCardData_id:0
6566004,805,0:43:10,0,[OpportunityCardData_id:0]
6566004,807,0:43:12,0,[OpportunityCardData_id:0]
6566004,808,0:43:14,0,[OpportunityCardData_id:0]
6566004,809,0:43:19,0,[OpportunityCardData_id:0,PriorityData_type:1,false]
6566004,810,0:43:20,0,[OpportunityCardData_id:0,PriorityData_type:0,15,PriorityData_type:1,20]
6566004,1002,0:43:23,0
6566004,1003,0:43:23,1
6566004,212,0:43:32,0
6566004,210,0:43:33,818,377
6566004,207,0:43:37,0,-200,-35
6566004,211,0:43:39,942,496
6566004,212,0:43:40,2
6566004,210,0:43:40,623,417
6566004,211,0:43:42,428,597
6566004,221,0:43:43,0
6566004,300,0:43:50
6566004,220,0:43:50,0
6566004,302,0:43:58,0,1,1,11
6566004,303,0:44:3,0,1,1,11
6566004,302,0:44:9,0,1,1,13
6566004,304,0:44:20,0,1,1,0,angle,13,love  bird
6566004,302,0:44:24,0,1,0,0
6566004,303,0:44:26,0,1,0,0
6566004,304,0:44:32,0,1,0,13,love,0,angle
6566004,210,0:44:38,715,263
6566004,211,0:44:39,833,365
6566004,213,0:44:39,0,c_teacherEng_G7a0,true
6566004,205,0:44:39,0,c_teacherEng_G7a0,false,true
6566004,221,0:44:43,0
6566004,220,0:44:45,0
6566004,210,0:44:46,634,413
6566004,211,0:44:48,843,450
6566004,213,0:44:48,0,c_teacherEng_G7a0,true
6566004,205,0:44:48,0,c_teacherEng_G7a0,false,true
6566004,210,0:44:51,361,293
6566004,207,0:44:53,0,-200,-395
6566004,207,0:44:55,0,-395,-518.45
6566004,211,0:44:58,972,524
6566004,213,0:44:58,0,c_bestFriend_F_a_G7a0,false
6566004,210,0:45:5,833,458
6566004,207,0:45:6,0,-518.45,-263.45
6566004,207,0:45:8,0,-263.45,-8.45
6566004,211,0:45:9,234,446
6566004,212,0:45:9,1
6566004,210,0:45:10,768,441
6566004,207,0:45:18,0,-8.45,-518.45
6566004,211,0:45:18,1434,317
6566004,219,0:45:19,0
6566004,218,0:45:21,0
6566004,210,0:45:22,1179,301
6566004,211,0:45:23,1031,381
6566004,210,0:45:24,1101,327
6566004,211,0:45:37,839,325
6566004,210,0:45:38,618,281
6566004,211,0:45:38,489,315
6566004,207,0:45:38,0,-518.45,-473.45
6566004,207,0:45:38,0,-473.45,-428.45
6566004,210,0:45:38,604,369
6566004,207,0:45:39,0,-428.45,-338.45
6566004,211,0:45:42,693,305
6566004,210,0:45:44,612,342
6566004,211,0:45:47,620,414
6566004,221,0:45:49,0
6566004,220,0:46:1,0
6566004,210,0:46:2,935,312
6566004,207,0:46:7,0,-338.45,-38.45
6566004,207,0:46:7,0,-38.45,0
6566004,211,0:46:10,6,657
6566004,210,0:46:11,399,550
6566004,211,0:46:12,551,582
6566004,210,0:46:14,961,456
6566004,211,0:46:16,1164,505
6566004,212,0:46:17,2
6566004,210,0:46:17,1026,455
6566004,211,0:46:18,1054,513
6566004,213,0:46:18,0,c_bestFriend_F_a_G7a1N,true
6566004,205,0:46:18,0,c_bestFriend_F_a_G7a1N,false,true
6566004,210,0:46:22,1079,437
6566004,211,0:46:23,1328,567
6566004,212,0:46:23,1
6566004,210,0:46:24,1099,551
6566004,207,0:46:25,0,-400,-518.45
6566004,207,0:46:28,0,-518.45,-8.45
6566004,211,0:46:31,457,579
6566004,210,0:46:39,913,419
6566004,207,0:46:41,0,-200,-20
6566004,207,0:46:43,0,-20,0
6566004,211,0:46:46,677,491
6566004,221,0:46:50,0
6566004,220,0:47:2,0
6566004,210,0:47:4,446,470
6566004,211,0:47:4,469,463
6566004,212,0:47:5,2
6566004,210,0:47:7,750,396
6566004,211,0:47:8,1262,377
6566004,207,0:47:8,0,0,-255
6566004,210,0:47:9,1353,369
6566004,207,0:47:9,0,-255,-518.45
6566004,211,0:47:15,1462,515
6566004,213,0:47:15,0,c_friend1_F_a_G7a0,true
6566004,210,0:47:30,1061,306
6566004,207,0:47:34,0,-518.45,-413.45
6566004,211,0:47:36,759,370
6566004,210,0:47:37,644,276
6566004,207,0:47:37,0,-413.45,-323.45
6566004,211,0:47:38,615,594
6566004,213,0:47:38,0,s_otherStudent1_G7a0,true
6566004,210,0:47:40,642,448
6566004,207,0:47:41,0,-323.45,-218.45
6566004,207,0:47:42,0,-218.45,0
6566004,211,0:47:44,223,471
6566004,213,0:47:44,0,c_crewKid1_F_G7a0,true
6566004,210,0:47:46,287,417
6566004,211,0:47:48,101,529
6566004,210,0:47:50,272,442
6566004,211,0:47:55,485,310
6566004,210,0:47:56,253,438
6566004,211,0:48:1,126,416
6566004,221,0:48:3,0
6566004,220,0:48:14,0
6566004,210,0:48:14,400,362
6566004,211,0:48:16,3,647
6566004,210,0:48:17,92,517
6566004,211,0:48:18,677,533
6566004,213,0:48:18,0,s_otherStudent1_G7a0,true
6566004,207,0:48:23,0,0,0
6566004,207,0:48:25,0,0,0
6566004,210,0:49:3,887,151
6566004,207,0:49:6,0,0,-518.45
6566004,211,0:49:7,1482,176
6566004,210,0:49:38,1130,444
6566004,211,0:49:40,982,506
6566004,213,0:49:40,0,c_bestFriend_F_a_G7a0,false
6566004,1003,0:49:57,2
6566004,1004,0:49:59,0
6566004,900,0:50:1,0,[]
6566004,901,0:50:2,0,[PeopleData_id:0]
6566004,904,0:50:2,0,[PeopleData_id:0]
6566004,905,0:50:4,0,[PeopleData_id:0,RankTypes_id:-1,RankTypes_id:1]
6566004,901,0:50:7,0,[PeopleData_id:2]
6566004,904,0:50:7,0,[PeopleData_id:2]
6566004,905,0:50:8,0,[PeopleData_id:2,RankTypes_id:-1,RankTypes_id:0]
6566004,901,0:50:9,0,[PeopleData_id:1]
6566004,904,0:50:9,0,[PeopleData_id:1]
6566004,905,0:50:10,0,[PeopleData_id:1,RankTypes_id:-1,RankTypes_id:1]
6566004,901,0:50:12,0,[PeopleData_id:2]
6566004,904,0:50:12,0,[PeopleData_id:2]
6566004,905,0:50:13,0,[PeopleData_id:2,RankTypes_id:0,RankTypes_id:2]
6566004,901,0:50:15,0,[PeopleData_id:4]
6566004,904,0:50:15,0,[PeopleData_id:4]
6566004,905,0:50:16,0,[PeopleData_id:4,RankTypes_id:-1,RankTypes_id:0]
6566004,901,0:50:16,0,[PeopleData_id:3]
6566004,904,0:50:16,0,[PeopleData_id:3]
6566004,905,0:50:17,0,[PeopleData_id:3,RankTypes_id:-1,RankTypes_id:0]
6566004,906,0:50:17,0,[]
6566004,901,0:50:17,0,[PeopleData_id:4]
6566004,904,0:50:18,0,[PeopleData_id:4]
6566004,905,0:50:19,0,[PeopleData_id:4,RankTypes_id:0,RankTypes_id:4]
6566004,901,0:50:19,0,[PeopleData_id:4]
6566004,905,0:50:19,0,[PeopleData_id:4,RankTypes_id:4,RankTypes_id:4]
6566004,901,0:50:20,0,[PeopleData_id:3]
6566004,904,0:50:20,0,[PeopleData_id:3]
6566004,905,0:50:21,0,[PeopleData_id:3,RankTypes_id:0,RankTypes_id:2]
6566004,907,0:50:22,0,[]
6566004,908,0:50:22,0,[InvitationData_id:5,PeopleData_id:4,RankTypes_id:4]
6566004,909,0:50:25,0,[InvitationData_id:5,PeopleData_id:4,RankTypes_id:4,0]
6566004,910,0:50:26,0,[InvitationData_id:5,-11,false]
6566004,908,0:50:26,0,[InvitationData_id:4,PeopleData_id:4,RankTypes_id:4]
6566004,909,0:50:29,0,[InvitationData_id:4,PeopleData_id:4,RankTypes_id:4,0]
6566004,910,0:50:30,0,[InvitationData_id:4,-11,false]
6566004,908,0:50:30,0,[InvitationData_id:7,PeopleData_id:1,RankTypes_id:1]
6566004,909,0:50:34,0,[InvitationData_id:7,PeopleData_id:1,RankTypes_id:1,1]
6566004,910,0:50:36,0,[InvitationData_id:7,0,true]
6566004,908,0:50:36,0,[InvitationData_id:0,PeopleData_id:3,RankTypes_id:2]
6566004,909,0:50:38,0,[InvitationData_id:0,PeopleData_id:3,RankTypes_id:2,1]
6566004,910,0:50:39,0,[InvitationData_id:0,5,false]
6566004,908,0:50:39,0,[InvitationData_id:9,PeopleData_id:4,RankTypes_id:4]
6566004,909,0:50:42,0,[InvitationData_id:9,PeopleData_id:4,RankTypes_id:4,0]
6566004,910,0:50:43,0,[InvitationData_id:9,-11,false]
6566004,908,0:50:43,0,[InvitationData_id:8,PeopleData_id:3,RankTypes_id:2]
6566004,909,0:50:46,0,[InvitationData_id:8,PeopleData_id:3,RankTypes_id:2,1]
6566004,910,0:50:46,0,[InvitationData_id:8,5,false]
6566004,908,0:50:46,0,[InvitationData_id:10,PeopleData_id:2,RankTypes_id:2]
6566004,909,0:50:51,0,[InvitationData_id:10,PeopleData_id:2,RankTypes_id:2,0]
6566004,910,0:50:52,0,[InvitationData_id:10,-2,false]
6566004,908,0:50:52,0,[InvitationData_id:2,PeopleData_id:2,RankTypes_id:2]
6566004,909,0:50:54,0,[InvitationData_id:2,PeopleData_id:2,RankTypes_id:2,0]
6566004,910,0:50:55,0,[InvitationData_id:2,-2,false]
6566004,908,0:50:55,0,[InvitationData_id:6,PeopleData_id:2,RankTypes_id:2]
6566004,909,0:50:57,0,[InvitationData_id:6,PeopleData_id:2,RankTypes_id:2,1]
6566004,910,0:50:58,0,[InvitationData_id:6,5,false]
6566004,908,0:50:58,0,[InvitationData_id:3,PeopleData_id:3,RankTypes_id:2]
6566004,909,0:51:2,0,[InvitationData_id:3,PeopleData_id:3,RankTypes_id:2,1]
6566004,910,0:51:3,0,[InvitationData_id:3,5,false]
6566004,908,0:51:3,0,[InvitationData_id:1,PeopleData_id:0,RankTypes_id:1]
6566004,901,0:51:8,0,[PeopleData_id:0]
6566004,902,0:51:13,0,[PeopleData_id:0,PeopleData_data2Type]
6566004,902,0:51:16,0,[PeopleData_id:0,PeopleData_data1Type]
6566004,901,0:51:22,0,[PeopleData_id:4]
6566004,909,0:51:30,0,[InvitationData_id:1,PeopleData_id:0,RankTypes_id:1,1]
6566004,910,0:51:31,0,[InvitationData_id:1,3,false]
6566004,911,0:51:32,0,[-14,1,0,1]
6566004,1000,0:51:34,0,[]
6566004,900,0:51:36,0,[]
6566004,901,0:51:37,0,[PeopleData_id:4]
6566004,904,0:51:37,0,[PeopleData_id:4]
6566004,905,0:51:39,0,[PeopleData_id:4,RankTypes_id:-1,RankTypes_id:1]
6566004,901,0:51:39,0,[PeopleData_id:0]
6566004,904,0:51:39,0,[PeopleData_id:0]
6566004,905,0:51:40,0,[PeopleData_id:0,RankTypes_id:-1,RankTypes_id:1]
6566004,901,0:51:40,0,[PeopleData_id:2]
6566004,904,0:51:40,0,[PeopleData_id:2]
6566004,905,0:51:41,0,[PeopleData_id:2,RankTypes_id:-1,RankTypes_id:2]
6566004,901,0:51:42,0,[PeopleData_id:0]
6566004,904,0:51:42,0,[PeopleData_id:0]
6566004,905,0:51:42,0,[PeopleData_id:0,RankTypes_id:1,RankTypes_id:2]
6566004,901,0:51:43,0,[PeopleData_id:3]
6566004,904,0:51:43,0,[PeopleData_id:3]
6566004,905,0:51:44,0,[PeopleData_id:3,RankTypes_id:-1,RankTypes_id:3]
6566004,901,0:51:47,0,[PeopleData_id:4]
6566004,904,0:51:47,0,[PeopleData_id:4]
6566004,905,0:51:49,0,[PeopleData_id:4,RankTypes_id:1,RankTypes_id:2]
6566004,901,0:51:49,0,[PeopleData_id:4]
6566004,904,0:51:49,0,[PeopleData_id:4]
6566004,905,0:51:49,0,[PeopleData_id:4,RankTypes_id:2,RankTypes_id:3]
6566004,901,0:51:50,0,[PeopleData_id:0]
6566004,904,0:51:50,0,[PeopleData_id:0]
6566004,905,0:51:51,0,[PeopleData_id:0,RankTypes_id:2,RankTypes_id:3]
6566004,901,0:51:51,0,[PeopleData_id:2]
6566004,904,0:51:51,0,[PeopleData_id:2]
6566004,905,0:51:52,0,[PeopleData_id:2,RankTypes_id:2,RankTypes_id:2]
6566004,901,0:51:54,0,[PeopleData_id:1]
6566004,904,0:51:55,0,[PeopleData_id:1]
6566004,901,0:51:59,0,[PeopleData_id:1]
6566004,904,0:51:59,0,[PeopleData_id:1]
6566004,901,0:52:0,0,[PeopleData_id:1]
6566004,904,0:52:0,0,[PeopleData_id:1]
6566004,905,0:52:0,0,[PeopleData_id:1,RankTypes_id:-1,RankTypes_id:4]
6566004,906,0:52:0,0,[]
6566004,907,0:52:2,0,[]
6566004,908,0:52:2,0,[InvitationData_id:8,PeopleData_id:3,RankTypes_id:3]
6566004,909,0:52:7,0,[InvitationData_id:8,PeopleData_id:3,RankTypes_id:3,1]
6566004,910,0:52:8,0,[InvitationData_id:8,7,false]
6566004,908,0:52:8,0,[InvitationData_id:10,PeopleData_id:2,RankTypes_id:2]
6566004,909,0:52:15,0,[InvitationData_id:10,PeopleData_id:2,RankTypes_id:2,0]
6566004,910,0:52:16,0,[InvitationData_id:10,-2,false]
6566004,908,0:52:16,0,[InvitationData_id:2,PeopleData_id:2,RankTypes_id:2]
6566004,909,0:52:21,0,[InvitationData_id:2,PeopleData_id:2,RankTypes_id:2,0]
6566004,910,0:52:22,0,[InvitationData_id:2,-2,false]
6566004,908,0:52:22,0,[InvitationData_id:9,PeopleData_id:1,RankTypes_id:4]
6566004,909,0:52:26,0,[InvitationData_id:9,PeopleData_id:1,RankTypes_id:4,0]
6566004,910,0:52:26,0,[InvitationData_id:9,-11,false]
6566004,908,0:52:26,0,[InvitationData_id:5,PeopleData_id:1,RankTypes_id:4]
6566004,909,0:52:30,0,[InvitationData_id:5,PeopleData_id:1,RankTypes_id:4,0]
6566004,910,0:52:31,0,[InvitationData_id:5,-11,false]
6566004,908,0:52:31,0,[InvitationData_id:3,PeopleData_id:3,RankTypes_id:3]
6566004,909,0:52:39,0,[InvitationData_id:3,PeopleData_id:3,RankTypes_id:3,1]
6566004,910,0:52:40,0,[InvitationData_id:3,7,false]
6566004,908,0:52:40,0,[InvitationData_id:1,PeopleData_id:0,RankTypes_id:3]
6566004,909,0:52:43,0,[InvitationData_id:1,PeopleData_id:0,RankTypes_id:3,1]
6566004,910,0:52:44,0,[InvitationData_id:1,7,false]
6566004,908,0:52:44,0,[InvitationData_id:0,PeopleData_id:3,RankTypes_id:3]
6566004,909,0:52:49,0,[InvitationData_id:0,PeopleData_id:3,RankTypes_id:3,0]
6566004,910,0:52:50,0,[InvitationData_id:0,-7,false]
6566004,908,0:52:50,0,[InvitationData_id:6,PeopleData_id:3,RankTypes_id:3]
6566004,909,0:52:51,0,[InvitationData_id:6,PeopleData_id:3,RankTypes_id:3,0]
6566004,910,0:52:52,0,[InvitationData_id:6,-7,false]
6566004,908,0:52:52,0,[InvitationData_id:7,PeopleData_id:1,RankTypes_id:4]
6566004,909,0:52:53,0,[InvitationData_id:7,PeopleData_id:1,RankTypes_id:4,0]
6566004,910,0:52:55,0,[InvitationData_id:7,-11,false]
6566004,908,0:52:55,0,[InvitationData_id:4,PeopleData_id:1,RankTypes_id:4]
6566004,909,0:52:56,0,[InvitationData_id:4,PeopleData_id:1,RankTypes_id:4,0]
6566004,910,0:52:56,0,[InvitationData_id:4,-11,false]
6566004,911,0:52:59,0,[-41,0,2,0]
6566004,1001,0:53:1,0,[]
6566004,1003,0:53:1,2
6566004,212,0:53:16,1
6566004,210,0:53:18,822,492
6566004,207,0:53:24,0,-200,0
6566004,211,0:53:25,257,140
6566004,213,0:53:25,0,s_flag_gen,false
6566004,210,0:53:31,145,556
6566004,211,0:53:37,166,692
6566004,210,0:53:41,687,264
6566004,207,0:53:44,0,0,-518.45
6566004,211,0:53:47,1112,342
6566004,212,0:53:48,2
6566004,210,0:53:48,986,509
6566004,211,0:53:50,852,549
6566004,213,0:53:50,0,c_teacherEng_G7a0,true
6566004,205,0:53:50,0,c_teacherEng_G7a0,false,true
6566004,210,0:53:56,972,360
6566004,211,0:53:58,1041,554
6566004,213,0:53:58,0,c_bestFriend_F_a_G7a1N,true
6566004,205,0:53:58,0,c_bestFriend_F_a_G7a1N,false,true
6566004,212,0:54:18,1
6566004,210,0:54:19,877,408
6566004,211,0:54:20,562,556
6566004,221,0:54:20,0
6566004,220,0:54:57,0
6566004,221,0:55:1,0
6566004,220,0:55:13,0
6566004,221,0:57:41,0
6566004,208,0:58:0,0,c_bestFriend_F_a_G7a1N
6566004,208,0:58:4,0,c_bestFriend_F_a_G7a1N
6566004,208,0:58:4,0,c_bestFriend_F_a_G7a1N
6566004,208,0:58:5,0,c_bestFriend_F_a_G7a1N
6566004,220,0:58:58,0
6566004,219,0:59:3,0
6566004,216,0:59:4,Stack_G7a0
6566004,217,0:59:14,Stack_G7a0,9.3,23
6566004,218,0:59:15,0
6566004,210,0:59:24,1001,401
6566004,207,0:59:24,0,-200,-455
6566004,211,0:59:25,1223,162
6566004,213,0:59:25,0,s_clock_G7a0,true
6566004,212,0:59:27,2
6566004,210,0:59:28,1067,450
6566004,211,0:59:28,1221,166
6566004,213,0:59:28,0,s_clock_G7a0,true
6566004,221,1:0:8,0
6566004,220,1:0:30,0
6566004,221,1:0:32,0
6566004,220,1:0:40,0
6566004,219,1:0:51,0
6566004,216,1:0:54,Stack_G7a0
6566004,217,1:1:31,Stack_G7a0,30,1.4
6566004,216,1:1:36,Stack_G7a0
6566004,217,1:2:9,Stack_G7a0,30,1.4
6566004,218,1:2:11,0
6566004,210,1:2:12,736,428
6566004,211,1:2:14,976,693
6566004,210,1:2:17,983,582
6566004,211,1:2:18,1078,611
6566004,213,1:2:18,0,s_vocabAssignment_G7a0,true
6566004,212,1:2:23,1
6566004,210,1:2:24,1008,557
6566004,211,1:2:24,1081,608
6566004,213,1:2:24,0,s_vocabAssignment_G7a0,true
6566004,212,1:2:26,0
6566004,210,1:2:27,973,526
6566004,211,1:2:27,1071,597
6566004,213,1:2:27,0,s_vocabAssignment_G7a0,true
6566004,210,1:2:36,820,166
6566004,211,1:2:37,728,195
6566004,212,1:2:38,2
6566004,212,1:2:39,1
6566004,210,1:2:39,994,421
6566004,211,1:2:40,191,128
6566004,207,1:2:40,0,-200,-125
6566004,210,1:2:41,272,211
6566004,211,1:2:41,272,131
6566004,213,1:2:41,0,s_flag_gen,false
6566004,1003,1:2:50,1
6566004,1004,1:2:52,0
6566004,800,1:2:55,0,[]
6566004,801,1:2:57,0,[]
6566004,814,1:2:59,0,[2]
6566004,815,1:2:59,0,2,OpportunityCardData_id:13
6566004,816,1:3:1,0,2,OpportunityCardData_id:13
6566004,1002,1:3:6,0
6566004,1003,1:3:6,1
6566004,1004,1:3:7,0
6566004,800,1:3:9,0,[]
6566004,801,1:3:11,0,[]
6566004,814,1:3:15,0,[1]
6566004,815,1:3:15,0,1,OpportunityCardData_id:7
6566004,816,1:3:16,0,1,OpportunityCardData_id:7
6566004,803,1:3:18,0,[OpportunityCardData_id:7,OpportunityCardConsequencesData_logId:0]
6566004,803,1:3:19,0,[OpportunityCardData_id:7,OpportunityCardConsequencesData_logId:1]
6566004,803,1:3:19,0,[OpportunityCardData_id:7,OpportunityCardConsequencesData_logId:2]
6566004,804,1:3:28,0,[OpportunityCardData_id:7]
6566004,814,1:3:29,0,[5]
6566004,815,1:3:29,0,5,OpportunityCardData_id:32
6566004,815,1:3:32,0,5,OpportunityCardData_id:33
6566004,815,1:3:33,0,5,OpportunityCardData_id:34
6566004,815,1:3:34,0,5,OpportunityCardData_id:35
6566004,816,1:3:35,0,5,OpportunityCardData_id:35
6566004,803,1:3:37,0,[OpportunityCardData_id:35,OpportunityCardConsequencesData_logId:0]
6566004,803,1:3:37,0,[OpportunityCardData_id:35,OpportunityCardConsequencesData_logId:1]
6566004,805,1:3:38,0,[OpportunityCardData_id:35]
6566004,806,1:3:39,0,[OpportunityCardData_id:35,PriorityData_type:2]
6566004,806,1:3:41,0,[OpportunityCardData_id:35,PriorityData_type:0]
6566004,806,1:3:43,0,[OpportunityCardData_id:35,PriorityData_type:1]
6566004,806,1:3:43,0,[OpportunityCardData_id:35,PriorityData_type:3]
6566004,806,1:3:44,0,[OpportunityCardData_id:35,PriorityData_type:1]
6566004,807,1:3:45,0,[OpportunityCardData_id:35]
6566004,808,1:3:47,0,[OpportunityCardData_id:35]
6566004,809,1:3:54,0,[OpportunityCardData_id:35,Safe,false]
6566004,810,1:3:59,0,[OpportunityCardData_id:35,PriorityData_type:5,20,Safe,Safe]
6566004,814,1:4:14,0,[4]
6566004,815,1:4:14,0,4,OpportunityCardData_id:22
6566004,815,1:4:18,0,4,OpportunityCardData_id:26
6566004,815,1:4:18,0,4,OpportunityCardData_id:27
6566004,815,1:4:21,0,4,OpportunityCardData_id:26
6566004,815,1:4:27,0,4,OpportunityCardData_id:27
6566004,815,1:4:31,0,4,OpportunityCardData_id:28
6566004,815,1:4:33,0,4,OpportunityCardData_id:27
6566004,816,1:4:34,0,4,OpportunityCardData_id:27
6566004,803,1:4:39,0,[OpportunityCardData_id:27,OpportunityCardConsequencesData_logId:0]
6566004,803,1:4:39,0,[OpportunityCardData_id:27,OpportunityCardConsequencesData_logId:1]
6566004,803,1:4:40,0,[OpportunityCardData_id:27,OpportunityCardConsequencesData_logId:2]
6566004,805,1:4:41,0,[OpportunityCardData_id:27]
6566004,807,1:4:42,0,[OpportunityCardData_id:27]
6566004,808,1:4:47,0,[OpportunityCardData_id:27]
6566004,809,1:4:53,0,[OpportunityCardData_id:27,Safe,false]
6566004,810,1:4:54,0,[OpportunityCardData_id:27,PriorityData_type:4,15,Safe,Safe]
6566004,814,1:5:11,0,[4]
6566004,815,1:5:11,0,4,OpportunityCardData_id:22
6566004,815,1:5:14,0,4,OpportunityCardData_id:26
6566004,815,1:5:16,0,4,OpportunityCardData_id:28
6566004,815,1:5:17,0,4,OpportunityCardData_id:29
6566004,816,1:5:19,0,4,OpportunityCardData_id:29
6566004,803,1:5:20,0,[OpportunityCardData_id:29,OpportunityCardConsequencesData_logId:0]
6566004,803,1:5:20,0,[OpportunityCardData_id:29,OpportunityCardConsequencesData_logId:1]
6566004,803,1:5:21,0,[OpportunityCardData_id:29,OpportunityCardConsequencesData_logId:2]
6566004,805,1:5:22,0,[OpportunityCardData_id:29]
6566004,807,1:5:23,0,[OpportunityCardData_id:29]
6566004,808,1:5:26,0,[OpportunityCardData_id:29]
6566004,809,1:5:31,0,[OpportunityCardData_id:29,Safe,false]
6566004,810,1:5:32,0,[OpportunityCardData_id:29,PriorityData_type:4,15,Safe,Safe]
6566004,814,1:5:37,0,[4]
6566004,815,1:5:37,0,4,OpportunityCardData_id:22
6566004,815,1:5:39,0,4,OpportunityCardData_id:26
6566004,815,1:5:40,0,4,OpportunityCardData_id:28
6566004,815,1:5:41,0,4,OpportunityCardData_id:30
6566004,816,1:5:44,0,4,OpportunityCardData_id:30
6566004,803,1:5:45,0,[OpportunityCardData_id:30,OpportunityCardConsequencesData_logId:0]
6566004,803,1:5:45,0,[OpportunityCardData_id:30,OpportunityCardConsequencesData_logId:1]
6566004,805,1:5:46,0,[OpportunityCardData_id:30]
6566004,807,1:5:47,0,[OpportunityCardData_id:30]
6566004,808,1:5:49,0,[OpportunityCardData_id:30]
6566004,809,1:5:53,0,[OpportunityCardData_id:30,Safe,false]
6566004,810,1:5:54,0,[OpportunityCardData_id:30,PriorityData_type:4,10,Safe,Safe]
6566004,814,1:5:57,0,[4]
6566004,815,1:5:57,0,4,OpportunityCardData_id:22
6566004,815,1:5:58,0,4,OpportunityCardData_id:26
6566004,815,1:5:59,0,4,OpportunityCardData_id:22
6566004,815,1:6:0,0,4,OpportunityCardData_id:26
6566004,815,1:6:2,0,4,OpportunityCardData_id:28
6566004,815,1:6:3,0,4,OpportunityCardData_id:31
6566004,816,1:6:5,0,4,OpportunityCardData_id:31
6566004,803,1:6:6,0,[OpportunityCardData_id:31,OpportunityCardConsequencesData_logId:1]
6566004,803,1:6:7,0,[OpportunityCardData_id:31,OpportunityCardConsequencesData_logId:0]
6566004,803,1:6:7,0,[OpportunityCardData_id:31,OpportunityCardConsequencesData_logId:2]
6566004,805,1:6:8,0,[OpportunityCardData_id:31]
6566004,807,1:6:9,0,[OpportunityCardData_id:31]
6566004,808,1:6:11,0,[OpportunityCardData_id:31]
6566004,809,1:6:16,0,[OpportunityCardData_id:31,PriorityData_type:5,false]
6566004,810,1:6:17,0,[OpportunityCardData_id:31,PriorityData_type:4,10,PriorityData_type:5,25]
6566004,814,1:6:22,0,[4]
6566004,815,1:6:22,0,4,OpportunityCardData_id:22
6566004,815,1:6:23,0,4,OpportunityCardData_id:26
6566004,815,1:6:24,0,4,OpportunityCardData_id:28
6566004,815,1:6:26,0,4,OpportunityCardData_id:22
6566004,815,1:6:27,0,4,OpportunityCardData_id:26
6566004,815,1:6:27,0,4,OpportunityCardData_id:28
6566004,816,1:6:30,0,4,OpportunityCardData_id:28
6566004,803,1:6:31,0,[OpportunityCardData_id:28,OpportunityCardConsequencesData_logId:0]
6566004,805,1:6:32,0,[OpportunityCardData_id:28]
6566004,807,1:6:34,0,[OpportunityCardData_id:28]
6566004,808,1:6:38,0,[OpportunityCardData_id:28]
6566004,809,1:6:44,0,[OpportunityCardData_id:28,Safe,false]
6566004,810,1:6:45,0,[OpportunityCardData_id:28,PriorityData_type:4,15,Safe,Safe]
6566004,814,1:6:51,0,[4]
6566004,815,1:6:51,0,4,OpportunityCardData_id:22
6566004,815,1:6:53,0,4,OpportunityCardData_id:26
6566004,815,1:6:57,0,4,OpportunityCardData_id:22
6566004,816,1:7:0,0,4,OpportunityCardData_id:22
6566004,805,1:7:1,0,[OpportunityCardData_id:22]
6566004,807,1:7:2,0,[OpportunityCardData_id:22]
6566004,808,1:7:4,0,[OpportunityCardData_id:22]
6566004,809,1:7:8,0,[OpportunityCardData_id:22,PriorityData_type:5,false]
6566004,810,1:7:9,0,[OpportunityCardData_id:22,PriorityData_type:4,15,PriorityData_type:5,15]
6566004,811,1:7:15,0,[OpportunityCardData_id:22,PriorityData_type:2,80,70,PriorityData_type:4,70,100]
6566004,1005,1:7:15,0,[1,0,2]
6566004,1001,1:7:21,0,[]
6566004,1003,1:7:21,1
6566004,1004,1:7:22,0
6566004,800,1:7:24,0,[]
6566004,801,1:7:27,0,[]
6566004,814,1:7:34,0,[3]
6566004,815,1:7:34,0,3,OpportunityCardData_id:19
6566004,815,1:8:19,0,3,OpportunityCardData_id:20
6566004,816,1:8:23,0,3,OpportunityCardData_id:20
6566004,803,1:8:25,0,[OpportunityCardData_id:20,OpportunityCardConsequencesData_logId:2]
6566004,805,1:8:26,0,[OpportunityCardData_id:20]
6566004,807,1:8:28,0,[OpportunityCardData_id:20]
6566004,808,1:8:30,0,[OpportunityCardData_id:20]
6566004,809,1:8:37,0,[OpportunityCardData_id:20,PriorityData_type:0,false]
6566004,810,1:8:38,0,[OpportunityCardData_id:20,PriorityData_type:3,15,PriorityData_type:0,25]
6566004,814,1:8:48,0,[0]
6566004,815,1:8:48,0,0,OpportunityCardData_id:0
6566004,815,1:8:50,0,0,OpportunityCardData_id:1
6566004,816,1:8:51,0,0,OpportunityCardData_id:1
6566004,805,1:8:53,0,[OpportunityCardData_id:1]
6566004,807,1:8:54,0,[OpportunityCardData_id:1]
6566004,808,1:8:56,0,[OpportunityCardData_id:1]
6566004,809,1:9:0,0,[OpportunityCardData_id:1,PriorityData_type:3,false]
6566004,810,1:9:1,0,[OpportunityCardData_id:1,PriorityData_type:0,15,PriorityData_type:3,5]
6566004,814,1:10:1,0,[5]
6566004,815,1:10:1,0,5,OpportunityCardData_id:32
6566004,815,1:10:3,0,5,OpportunityCardData_id:33
6566004,816,1:10:4,0,5,OpportunityCardData_id:33
6566004,803,1:10:6,0,[OpportunityCardData_id:33,OpportunityCardConsequencesData_logId:1]
6566004,805,1:10:6,0,[OpportunityCardData_id:33]
6566004,807,1:10:9,0,[OpportunityCardData_id:33]
6566004,808,1:10:12,0,[OpportunityCardData_id:33]
6566004,809,1:10:16,0,[OpportunityCardData_id:33,PriorityData_type:3,false]
6566004,810,1:10:17,0,[OpportunityCardData_id:33,PriorityData_type:5,15,PriorityData_type:3,10]
6566004,814,1:10:21,0,[4]
6566004,815,1:10:21,0,4,OpportunityCardData_id:22
6566004,816,1:10:23,0,4,OpportunityCardData_id:22
6566004,803,1:10:32,0,[OpportunityCardData_id:22,OpportunityCardConsequencesData_logId:1]
6566004,803,1:10:33,0,[OpportunityCardData_id:22,OpportunityCardConsequencesData_logId:0]
6566004,805,1:10:36,0,[OpportunityCardData_id:22]
6566004,807,1:10:43,0,[OpportunityCardData_id:22]
6566004,808,1:10:48,0,[OpportunityCardData_id:22]
6566004,809,1:10:54,0,[OpportunityCardData_id:22,Safe,false]
6566004,810,1:10:55,0,[OpportunityCardData_id:22,PriorityData_type:4,15,Safe,Safe]
6566004,814,1:11:0,0,[0]
6566004,815,1:11:0,0,0,OpportunityCardData_id:0
6566004,815,1:11:22,0,0,OpportunityCardData_id:2
6566004,816,1:11:24,0,0,OpportunityCardData_id:2
6566004,803,1:11:26,0,[OpportunityCardData_id:2,OpportunityCardConsequencesData_logId:0]
6566004,805,1:11:29,0,[OpportunityCardData_id:2]
6566004,807,1:11:30,0,[OpportunityCardData_id:2]
6566004,808,1:11:33,0,[OpportunityCardData_id:2]
6566004,809,1:11:40,0,[OpportunityCardData_id:2,Safe,false]
6566004,810,1:11:42,0,[OpportunityCardData_id:2,PriorityData_type:0,10,Safe,Safe]
6566004,814,1:11:49,0,[2]
6566004,815,1:11:49,0,2,OpportunityCardData_id:13
6566004,816,1:11:50,0,2,OpportunityCardData_id:13
6566004,803,1:11:52,0,[OpportunityCardData_id:13,OpportunityCardConsequencesData_logId:0]
6566004,803,1:11:53,0,[OpportunityCardData_id:13,OpportunityCardConsequencesData_logId:1]
6566004,803,1:11:53,0,[OpportunityCardData_id:13,OpportunityCardConsequencesData_logId:2]
6566004,805,1:11:54,0,[OpportunityCardData_id:13]
6566004,807,1:11:55,0,[OpportunityCardData_id:13]
6566004,808,1:11:57,0,[OpportunityCardData_id:13]
6566004,809,1:12:3,0,[OpportunityCardData_id:13,Safe,false]
6566004,810,1:12:3,0,[OpportunityCardData_id:13,PriorityData_type:2,15,Safe,Safe]
6566004,814,1:12:8,0,[2]
6566004,815,1:12:8,0,2,OpportunityCardData_id:14
6566004,816,1:12:10,0,2,OpportunityCardData_id:14
6566004,803,1:12:12,0,[OpportunityCardData_id:14,OpportunityCardConsequencesData_logId:0]
6566004,803,1:12:13,0,[OpportunityCardData_id:14,OpportunityCardConsequencesData_logId:1]
6566004,803,1:12:13,0,[OpportunityCardData_id:14,OpportunityCardConsequencesData_logId:2]
6566004,805,1:12:13,0,[OpportunityCardData_id:14]
6566004,807,1:12:14,0,[OpportunityCardData_id:14]
6566004,808,1:12:16,0,[OpportunityCardData_id:14]
6566004,809,1:12:25,0,[OpportunityCardData_id:14,PriorityData_type:1,false]
6566004,810,1:12:28,0,[OpportunityCardData_id:14,PriorityData_type:2,15,PriorityData_type:1,10]
6566004,814,1:12:36,0,[0]
6566004,815,1:12:36,0,0,OpportunityCardData_id:0
6566004,815,1:12:38,0,0,OpportunityCardData_id:3
6566004,816,1:12:39,0,0,OpportunityCardData_id:3
6566004,805,1:12:40,0,[OpportunityCardData_id:3]
6566004,807,1:12:41,0,[OpportunityCardData_id:3]
6566004,808,1:12:43,0,[OpportunityCardData_id:3]
6566004,809,1:12:47,0,[OpportunityCardData_id:3,PriorityData_type:1,false]
6566004,810,1:12:48,0,[OpportunityCardData_id:3,PriorityData_type:0,10,PriorityData_type:1,10]
6566004,811,1:12:50,0,[OpportunityCardData_id:3,PriorityData_type:2,80,100,PriorityData_type:4,70,60]
6566004,1000,1:12:52,0,[]
6566004,800,1:12:53,0,[]
6566004,801,1:12:56,0,[]
6566004,814,1:13:8,0,[2]
6566004,815,1:13:8,0,2,OpportunityCardData_id:13
6566004,816,1:13:10,0,2,OpportunityCardData_id:13
6566004,803,1:13:12,0,[OpportunityCardData_id:13,OpportunityCardConsequencesData_logId:0]
6566004,803,1:13:12,0,[OpportunityCardData_id:13,OpportunityCardConsequencesData_logId:1]
6566004,803,1:13:12,0,[OpportunityCardData_id:13,OpportunityCardConsequencesData_logId:2]
6566004,805,1:13:14,0,[OpportunityCardData_id:13]
6566004,807,1:13:15,0,[OpportunityCardData_id:13]
6566004,808,1:13:17,0,[OpportunityCardData_id:13]
6566004,809,1:13:20,0,[OpportunityCardData_id:13,Safe,false]
6566004,810,1:13:21,0,[OpportunityCardData_id:13,PriorityData_type:2,15,Safe,Safe]
6566004,814,1:13:23,0,[2]
6566004,815,1:13:23,0,2,OpportunityCardData_id:14
6566004,816,1:13:24,0,2,OpportunityCardData_id:14
6566004,805,1:13:26,0,[OpportunityCardData_id:14]
6566004,807,1:13:27,0,[OpportunityCardData_id:14]
6566004,808,1:13:29,0,[OpportunityCardData_id:14]
6566004,809,1:13:33,0,[OpportunityCardData_id:14,Safe,false]
6566004,810,1:13:34,0,[OpportunityCardData_id:14,PriorityData_type:2,15,Safe,Safe]
6566004,814,1:13:42,0,[0]
6566004,815,1:13:42,0,0,OpportunityCardData_id:0
6566004,817,1:13:45,0,0
6566004,814,1:13:45,0,[5]
6566004,815,1:13:45,0,5,OpportunityCardData_id:32
6566004,816,1:13:46,0,5,OpportunityCardData_id:32
6566004,803,1:13:47,0,[OpportunityCardData_id:32,OpportunityCardConsequencesData_logId:0]
6566004,803,1:13:47,0,[OpportunityCardData_id:32,OpportunityCardConsequencesData_logId:1]
6566004,805,1:13:48,0,[OpportunityCardData_id:32]
6566004,807,1:13:49,0,[OpportunityCardData_id:32]
6566004,808,1:13:51,0,[OpportunityCardData_id:32]
6566004,809,1:13:55,0,[OpportunityCardData_id:32,PriorityData_type:4,false]
6566004,810,1:13:57,0,[OpportunityCardData_id:32,PriorityData_type:5,20,PriorityData_type:4,5]
6566004,814,1:14:5,0,[5]
6566004,815,1:14:5,0,5,OpportunityCardData_id:33
6566004,816,1:14:7,0,5,OpportunityCardData_id:33
6566004,803,1:14:8,0,[OpportunityCardData_id:33,OpportunityCardConsequencesData_logId:0]
6566004,803,1:14:8,0,[OpportunityCardData_id:33,OpportunityCardConsequencesData_logId:1]
6566004,803,1:14:8,0,[OpportunityCardData_id:33,OpportunityCardConsequencesData_logId:2]
6566004,805,1:14:9,0,[OpportunityCardData_id:33]
6566004,807,1:14:11,0,[OpportunityCardData_id:33]
6566004,808,1:14:13,0,[OpportunityCardData_id:33]
6566004,809,1:14:18,0,[OpportunityCardData_id:33,Safe,false]
6566004,810,1:14:18,0,[OpportunityCardData_id:33,PriorityData_type:5,15,Safe,Safe]
6566004,814,1:14:27,0,[4]
6566004,815,1:14:27,0,4,OpportunityCardData_id:22
6566004,816,1:14:28,0,4,OpportunityCardData_id:22
6566004,805,1:14:30,0,[OpportunityCardData_id:22]
6566004,807,1:14:31,0,[OpportunityCardData_id:22]
6566004,808,1:14:33,0,[OpportunityCardData_id:22]
6566004,809,1:14:37,0,[OpportunityCardData_id:22,Safe,false]
6566004,810,1:14:37,0,[OpportunityCardData_id:22,PriorityData_type:4,15,Safe,Safe]
6566004,814,1:14:40,0,[4]
6566004,815,1:14:40,0,4,OpportunityCardData_id:26
6566004,815,1:14:42,0,4,OpportunityCardData_id:27
6566004,816,1:14:43,0,4,OpportunityCardData_id:27
6566004,803,1:14:44,0,[OpportunityCardData_id:27,OpportunityCardConsequencesData_logId:0]
6566004,803,1:14:44,0,[OpportunityCardData_id:27,OpportunityCardConsequencesData_logId:1]
6566004,803,1:14:44,0,[OpportunityCardData_id:27,OpportunityCardConsequencesData_logId:2]
6566004,805,1:14:45,0,[OpportunityCardData_id:27]
6566004,807,1:14:46,0,[OpportunityCardData_id:27]
6566004,808,1:14:48,0,[OpportunityCardData_id:27]
6566004,809,1:14:52,0,[OpportunityCardData_id:27,PriorityData_type:5,false]
6566004,810,1:14:52,0,[OpportunityCardData_id:27,PriorityData_type:4,15,PriorityData_type:5,15]
6566004,818,1:14:54,0,2
6566004,811,1:14:55,0,[OpportunityCardData_id:27,PriorityData_type:2,80,100,PriorityData_type:4,70,70]
6566004,1005,1:14:55,0,[1,2,3]
6566004,1001,1:14:58,0,[]
6566004,1003,1:14:58,1
6566004,210,1:15:5,847,315
6566004,207,1:15:7,0,-200,0
6566004,211,1:15:7,301,123
6566004,210,1:15:8,281,125
6566004,211,1:15:8,264,110
6566004,213,1:15:8,0,s_flag_gen,true
6566004,205,1:15:9,0,s_flag_gen,false,false
6566004,221,1:15:13,0
6566004,220,1:15:17,0
6566004,210,1:15:18,577,311
6566004,211,1:15:19,628,421
6566004,212,1:15:20,2
6566004,210,1:15:20,621,372
6566004,211,1:15:22,658,567
6566004,213,1:15:22,0,s_otherStudent1_G7a0,true
6566004,210,1:15:25,615,327
6566004,211,1:15:27,821,402
6566004,213,1:15:27,0,c_teacherEng_G7a0,true
6566004,205,1:15:27,0,c_teacherEng_G7a0,false,true
6566004,210,1:15:54,730,380
6566004,211,1:15:58,1517,586
6566004,207,1:15:58,0,0,-510
6566004,207,1:15:58,0,-510,-518.45
6566004,210,1:15:58,1540,589
6566004,211,1:16:3,1071,415
6566004,221,1:16:5,0
6566004,208,1:16:7,0,c_teacherEng_G7a0
6566004,208,1:16:9,0,s_flag_gen
6566004,220,1:16:12,0
6566004,210,1:16:15,1115,494
6566004,211,1:16:16,1001,500
6566004,213,1:16:16,0,c_bestFriend_F_a_G7a0,false
6566004,210,1:16:32,1066,441
6566004,211,1:16:32,994,507
6566004,213,1:16:32,0,c_bestFriend_F_a_G7a0,false
6566004,1003,1:16:36,2
6566004,1004,1:16:38,0
6566004,900,1:16:40,0,[]
6566004,901,1:16:43,0,[PeopleData_id:4]
6566004,904,1:16:43,0,[PeopleData_id:4]
6566004,905,1:16:44,0,[PeopleData_id:4,RankTypes_id:-1,RankTypes_id:0]
6566004,901,1:16:48,0,[PeopleData_id:0]
6566004,904,1:16:48,0,[PeopleData_id:0]
6566004,901,1:16:52,0,[PeopleData_id:3]
6566004,904,1:16:52,0,[PeopleData_id:3]
6566004,905,1:16:53,0,[PeopleData_id:3,RankTypes_id:-1,RankTypes_id:0]
6566004,901,1:16:53,0,[PeopleData_id:0]
6566004,904,1:16:53,0,[PeopleData_id:0]
6566004,905,1:16:54,0,[PeopleData_id:0,RankTypes_id:-1,RankTypes_id:0]
6566004,901,1:16:55,0,[PeopleData_id:2]
6566004,904,1:16:55,0,[PeopleData_id:2]
6566004,905,1:16:55,0,[PeopleData_id:2,RankTypes_id:-1,RankTypes_id:0]
6566004,901,1:16:56,0,[PeopleData_id:2]
6566004,904,1:16:56,0,[PeopleData_id:2]
6566004,901,1:16:57,0,[PeopleData_id:2]
6566004,904,1:16:57,0,[PeopleData_id:2]
6566004,905,1:17:0,0,[PeopleData_id:2,RankTypes_id:0,RankTypes_id:3]
6566004,901,1:17:1,0,[PeopleData_id:1]
6566004,904,1:17:1,0,[PeopleData_id:1]
6566004,905,1:17:2,0,[PeopleData_id:1,RankTypes_id:-1,RankTypes_id:3]
6566004,906,1:17:2,0,[]
6566004,907,1:17:3,0,[]
6566004,908,1:17:3,0,[InvitationData_id:5,PeopleData_id:1,RankTypes_id:3]
6566004,909,1:17:8,0,[InvitationData_id:5,PeopleData_id:1,RankTypes_id:3,0]
6566004,910,1:17:9,0,[InvitationData_id:5,-7,false]
6566004,908,1:17:9,0,[InvitationData_id:10,PeopleData_id:2,RankTypes_id:3]
6566004,909,1:17:11,0,[InvitationData_id:10,PeopleData_id:2,RankTypes_id:3,0]
6566004,910,1:17:11,0,[InvitationData_id:10,-7,false]
6566004,908,1:17:11,0,[InvitationData_id:4,PeopleData_id:1,RankTypes_id:3]
6566004,909,1:17:12,0,[InvitationData_id:4,PeopleData_id:1,RankTypes_id:3,0]
6566004,910,1:17:14,0,[InvitationData_id:4,-7,false]
6566004,908,1:17:14,0,[InvitationData_id:6,PeopleData_id:2,RankTypes_id:3]
6566004,909,1:17:15,0,[InvitationData_id:6,PeopleData_id:2,RankTypes_id:3,0]
6566004,910,1:17:16,0,[InvitationData_id:6,-7,false]
6566004,908,1:17:16,0,[InvitationData_id:7,PeopleData_id:1,RankTypes_id:3]
6566004,909,1:17:17,0,[InvitationData_id:7,PeopleData_id:1,RankTypes_id:3,0]
6566004,910,1:17:18,0,[InvitationData_id:7,-7,false]
6566004,908,1:17:18,0,[InvitationData_id:2,PeopleData_id:2,RankTypes_id:3]
6566004,909,1:17:19,0,[InvitationData_id:2,PeopleData_id:2,RankTypes_id:3,0]
6566004,910,1:17:19,0,[InvitationData_id:2,-7,false]
6566004,908,1:17:19,0,[InvitationData_id:9,PeopleData_id:1,RankTypes_id:3]
6566004,909,1:17:20,0,[InvitationData_id:9,PeopleData_id:1,RankTypes_id:3,0]
6566004,910,1:17:21,0,[InvitationData_id:9,-7,false]
6566004,911,1:17:23,0,[-49,0,1,0]
6566004,1001,1:17:25,0,[]
6566004,1003,1:17:25,2
6566004,1004,1:17:26,0
6566004,900,1:17:29,0,[]
6566004,901,1:17:44,0,[PeopleData_id:2]
6566004,904,1:17:44,0,[PeopleData_id:2]
6566004,901,1:17:46,0,[PeopleData_id:3]
6566004,904,1:17:46,0,[PeopleData_id:3]
6566004,901,1:17:55,0,[PeopleData_id:1]
6566004,904,1:17:55,0,[PeopleData_id:1]
6566004,905,1:17:56,0,[PeopleData_id:1,RankTypes_id:-1,RankTypes_id:4]
6566004,901,1:17:57,0,[PeopleData_id:2]
6566004,904,1:17:57,0,[PeopleData_id:2]
6566004,901,1:17:58,0,[PeopleData_id:4]
6566004,904,1:17:58,0,[PeopleData_id:4]
6566004,905,1:17:59,0,[PeopleData_id:4,RankTypes_id:-1,RankTypes_id:4]
6566004,901,1:18:0,0,[PeopleData_id:2]
6566004,904,1:18:0,0,[PeopleData_id:2]
6566004,905,1:18:3,0,[PeopleData_id:2,RankTypes_id:-1,RankTypes_id:3]
6566004,901,1:18:4,0,[PeopleData_id:0]
6566004,904,1:18:4,0,[PeopleData_id:0]
6566004,905,1:18:5,0,[PeopleData_id:0,RankTypes_id:-1,RankTypes_id:3]
6566004,901,1:18:5,0,[PeopleData_id:2]
6566004,904,1:18:5,0,[PeopleData_id:2]
6566004,905,1:18:6,0,[PeopleData_id:2,RankTypes_id:3,RankTypes_id:1]
6566004,901,1:18:7,0,[PeopleData_id:0]
6566004,904,1:18:7,0,[PeopleData_id:0]
6566004,905,1:18:7,0,[PeopleData_id:0,RankTypes_id:3,RankTypes_id:3]
6566004,901,1:18:9,0,[PeopleData_id:2]
6566004,904,1:18:9,0,[PeopleData_id:2]
6566004,905,1:18:9,0,[PeopleData_id:2,RankTypes_id:1,RankTypes_id:3]
6566004,901,1:18:10,0,[PeopleData_id:0]
6566004,904,1:18:10,0,[PeopleData_id:0]
6566004,905,1:18:10,0,[PeopleData_id:0,RankTypes_id:3,RankTypes_id:2]
6566004,901,1:18:11,0,[PeopleData_id:2]
6566004,904,1:18:11,0,[PeopleData_id:2]
6566004,905,1:18:11,0,[PeopleData_id:2,RankTypes_id:3,RankTypes_id:2]
6566004,901,1:18:12,0,[PeopleData_id:3]
6566004,904,1:18:12,0,[PeopleData_id:3]
6566004,905,1:18:12,0,[PeopleData_id:3,RankTypes_id:-1,RankTypes_id:2]
6566004,906,1:18:12,0,[]
6566004,907,1:18:13,0,[]
6566004,908,1:18:13,0,[InvitationData_id:1,PeopleData_id:0,RankTypes_id:2]
6566004,909,1:18:17,0,[InvitationData_id:1,PeopleData_id:0,RankTypes_id:2,0]
6566004,910,1:18:18,0,[InvitationData_id:1,-2,false]
6566004,908,1:18:18,0,[InvitationData_id:4,PeopleData_id:1,RankTypes_id:4]
6566004,909,1:18:19,0,[InvitationData_id:4,PeopleData_id:1,RankTypes_id:4,0]
6566004,910,1:18:20,0,[InvitationData_id:4,-11,false]
6566004,908,1:18:20,0,[InvitationData_id:8,PeopleData_id:0,RankTypes_id:2]
6566004,909,1:18:21,0,[InvitationData_id:8,PeopleData_id:0,RankTypes_id:2,0]
6566004,910,1:18:21,0,[InvitationData_id:8,-2,false]
6566004,908,1:18:21,0,[InvitationData_id:7,PeopleData_id:1,RankTypes_id:4]
6566004,909,1:18:22,0,[InvitationData_id:7,PeopleData_id:1,RankTypes_id:4,0]
6566004,910,1:18:23,0,[InvitationData_id:7,-11,false]
6566004,908,1:18:23,0,[InvitationData_id:5,PeopleData_id:1,RankTypes_id:4]
6566004,909,1:18:24,0,[InvitationData_id:5,PeopleData_id:1,RankTypes_id:4,0]
6566004,910,1:18:25,0,[InvitationData_id:5,-11,false]
6566004,908,1:18:25,0,[InvitationData_id:0,PeopleData_id:0,RankTypes_id:2]
6566004,909,1:18:26,0,[InvitationData_id:0,PeopleData_id:0,RankTypes_id:2,0]
6566004,910,1:18:27,0,[InvitationData_id:0,-2,false]
6566004,908,1:18:27,0,[InvitationData_id:3,PeopleData_id:3,RankTypes_id:2]
6566004,909,1:18:28,0,[InvitationData_id:3,PeopleData_id:3,RankTypes_id:2,0]
6566004,910,1:18:29,0,[InvitationData_id:3,-2,false]
6566004,908,1:18:29,0,[InvitationData_id:10,PeopleData_id:2,RankTypes_id:2]
6566004,909,1:18:30,0,[InvitationData_id:10,PeopleData_id:2,RankTypes_id:2,0]
6566004,910,1:18:31,0,[InvitationData_id:10,-2,false]
6566004,908,1:18:31,0,[InvitationData_id:6,PeopleData_id:0,RankTypes_id:2]
6566004,909,1:18:32,0,[InvitationData_id:6,PeopleData_id:0,RankTypes_id:2,0]
6566004,910,1:18:32,0,[InvitationData_id:6,-2,false]
6566004,908,1:18:33,0,[InvitationData_id:2,PeopleData_id:2,RankTypes_id:2]
6566004,909,1:18:34,0,[InvitationData_id:2,PeopleData_id:2,RankTypes_id:2,0]
6566004,910,1:18:34,0,[InvitationData_id:2,-2,false]
6566004,908,1:18:34,0,[InvitationData_id:9,PeopleData_id:1,RankTypes_id:4]
6566004,909,1:18:36,0,[InvitationData_id:9,PeopleData_id:1,RankTypes_id:4,0]
6566004,910,1:18:36,0,[InvitationData_id:9,-11,false]
6566004,911,1:18:38,0,[-58,0,5,0]
6566004,1000,1:18:40,0,[]
6566004,900,1:18:41,0,[]
6566004,901,1:18:44,0,[PeopleData_id:3]
6566004,904,1:18:44,0,[PeopleData_id:3]
6566004,905,1:18:45,0,[PeopleData_id:3,RankTypes_id:-1,RankTypes_id:1]
6566004,901,1:18:45,0,[PeopleData_id:0]
6566004,904,1:18:45,0,[PeopleData_id:0]
6566004,905,1:18:45,0,[PeopleData_id:0,RankTypes_id:-1,RankTypes_id:2]
6566004,901,1:18:46,0,[PeopleData_id:2]
6566004,904,1:18:46,0,[PeopleData_id:2]
6566004,905,1:18:47,0,[PeopleData_id:2,RankTypes_id:-1,RankTypes_id:1]
6566004,901,1:18:49,0,[PeopleData_id:0]
6566004,904,1:18:49,0,[PeopleData_id:0]
6566004,905,1:18:50,0,[PeopleData_id:0,RankTypes_id:2,RankTypes_id:1]
6566004,901,1:18:50,0,[PeopleData_id:1]
6566004,904,1:18:50,0,[PeopleData_id:1]
6566004,905,1:18:51,0,[PeopleData_id:1,RankTypes_id:-1,RankTypes_id:1]
6566004,901,1:18:51,0,[PeopleData_id:4]
6566004,904,1:18:51,0,[PeopleData_id:4]
6566004,905,1:18:52,0,[PeopleData_id:4,RankTypes_id:-1,RankTypes_id:1]
6566004,906,1:18:52,0,[]
6566004,907,1:18:53,0,[]
6566004,908,1:18:53,0,[InvitationData_id:6,PeopleData_id:0,RankTypes_id:1]
6566004,909,1:18:56,0,[InvitationData_id:6,PeopleData_id:0,RankTypes_id:1,0]
6566004,910,1:18:56,0,[InvitationData_id:6,0,false]
6566004,908,1:18:56,0,[InvitationData_id:7,PeopleData_id:1,RankTypes_id:1]
6566004,909,1:18:58,0,[InvitationData_id:7,PeopleData_id:1,RankTypes_id:1,0]
6566004,910,1:18:59,0,[InvitationData_id:7,0,false]
6566004,908,1:18:59,0,[InvitationData_id:9,PeopleData_id:1,RankTypes_id:1]
6566004,909,1:19:0,0,[InvitationData_id:9,PeopleData_id:1,RankTypes_id:1,1]
6566004,910,1:19:1,0,[InvitationData_id:9,0,true]
6566004,908,1:19:1,0,[InvitationData_id:3,PeopleData_id:3,RankTypes_id:1]
6566004,909,1:19:4,0,[InvitationData_id:3,PeopleData_id:3,RankTypes_id:1,1]
6566004,910,1:19:4,0,[InvitationData_id:3,3,false]
6566004,908,1:19:4,0,[InvitationData_id:1,PeopleData_id:0,RankTypes_id:1]
6566004,909,1:19:9,0,[InvitationData_id:1,PeopleData_id:0,RankTypes_id:1,1]
6566004,910,1:19:9,0,[InvitationData_id:1,3,false]
6566004,908,1:19:9,0,[InvitationData_id:10,PeopleData_id:2,RankTypes_id:1]
6566004,909,1:19:13,0,[InvitationData_id:10,PeopleData_id:2,RankTypes_id:1,0]
6566004,910,1:19:14,0,[InvitationData_id:10,0,false]
6566004,908,1:19:14,0,[InvitationData_id:8,PeopleData_id:0,RankTypes_id:1]
6566004,909,1:19:17,0,[InvitationData_id:8,PeopleData_id:0,RankTypes_id:1,1]
6566004,910,1:19:18,0,[InvitationData_id:8,3,false]
6566004,908,1:19:18,0,[InvitationData_id:5,PeopleData_id:1,RankTypes_id:1]
6566004,909,1:19:19,0,[InvitationData_id:5,PeopleData_id:1,RankTypes_id:1,1]
6566004,910,1:19:20,0,[InvitationData_id:5,0,true]
6566004,908,1:19:20,0,[InvitationData_id:2,PeopleData_id:2,RankTypes_id:1]
6566004,909,1:19:22,0,[InvitationData_id:2,PeopleData_id:2,RankTypes_id:1,0]
6566004,910,1:19:23,0,[InvitationData_id:2,0,false]
6566004,908,1:19:23,0,[InvitationData_id:4,PeopleData_id:1,RankTypes_id:1]
6566004,909,1:19:25,0,[InvitationData_id:4,PeopleData_id:1,RankTypes_id:1,0]
6566004,910,1:19:26,0,[InvitationData_id:4,0,false]
6566004,908,1:19:26,0,[InvitationData_id:0,PeopleData_id:0,RankTypes_id:1]
6566004,909,1:19:28,0,[InvitationData_id:0,PeopleData_id:0,RankTypes_id:1,1]
6566004,910,1:19:28,0,[InvitationData_id:0,3,false]
6566004,911,1:19:29,0,[12,2,1,2]
6566004,1001,1:19:31,0,[]
6566004,1003,1:19:31,2
6566004,210,1:19:34,775,481
6566004,207,1:19:35,0,-200,-170
6566004,211,1:19:35,252,134
6566004,212,1:19:36,1
6566004,210,1:19:37,864,439
6566004,211,1:19:37,258,95
6566004,213,1:19:37,0,s_flag_gen,true
6566004,205,1:19:37,0,s_flag_gen,false,true
6566004,210,1:19:42,943,516
6566004,211,1:19:42,1013,461
6566004,210,1:19:59,956,550
6566004,211,1:19:59,969,36
6566004,219,1:20:2,0
6566004,218,1:20:4,0
6566004,219,1:20:5,0
6566004,216,1:20:7,Stack_G7a0
6566004,217,1:20:39,Stack_G7a0,30,1.4
6566004,218,1:20:41,0
6566004,210,1:20:43,722,305
6566004,207,1:20:45,0,-170,0
6566004,211,1:20:53,366,338
6566004,221,1:20:55,0
6566004,220,1:21:7,0
6566004,212,1:21:14,2
6566004,210,1:21:15,854,445
6566004,211,1:21:17,828,537
6566004,213,1:21:17,0,c_teacherEng_G7a0,true
6566004,205,1:21:17,0,c_teacherEng_G7a0,false,true
6566004,210,1:21:21,633,522
6566004,207,1:21:21,0,0,-195
6566004,211,1:21:23,872,574
6566004,210,1:21:24,906,514
6566004,211,1:21:24,963,511
6566004,213,1:21:24,0,c_bestFriend_F_a_G7a0,false
6566004,1003,1:21:27,2
6566004,1004,1:21:28,0
6566004,900,1:21:31,0,[]
6566004,901,1:21:43,0,[PeopleData_id:3]
6566004,904,1:21:43,0,[PeopleData_id:3]
6566004,905,1:21:44,0,[PeopleData_id:3,RankTypes_id:-1,RankTypes_id:0]
6566004,901,1:21:46,0,[PeopleData_id:3]
6566004,905,1:21:47,0,[PeopleData_id:3,RankTypes_id:0,RankTypes_id:0]
6566004,901,1:21:49,0,[PeopleData_id:4]
6566004,904,1:21:49,0,[PeopleData_id:4]
6566004,905,1:21:51,0,[PeopleData_id:4,RankTypes_id:-1,RankTypes_id:2]
6566004,901,1:21:52,0,[PeopleData_id:2]
6566004,904,1:21:52,0,[PeopleData_id:2]
6566004,905,1:21:53,0,[PeopleData_id:2,RankTypes_id:-1,RankTypes_id:2]
6566004,901,1:21:53,0,[PeopleData_id:0]
6566004,904,1:21:53,0,[PeopleData_id:0]
6566004,905,1:21:54,0,[PeopleData_id:0,RankTypes_id:-1,RankTypes_id:2]
6566004,901,1:21:54,0,[PeopleData_id:1]
6566004,904,1:21:55,0,[PeopleData_id:1]
6566004,905,1:21:55,0,[PeopleData_id:1,RankTypes_id:-1,RankTypes_id:2]
6566004,906,1:21:55,0,[]
6566004,907,1:21:56,0,[]
6566004,908,1:21:56,0,[InvitationData_id:2,PeopleData_id:2,RankTypes_id:2]
6566004,909,1:21:59,0,[InvitationData_id:2,PeopleData_id:2,RankTypes_id:2,0]
6566004,910,1:22:0,0,[InvitationData_id:2,-2,false]
6566004,908,1:22:0,0,[InvitationData_id:5,PeopleData_id:1,RankTypes_id:2]
6566004,909,1:22:3,0,[InvitationData_id:5,PeopleData_id:1,RankTypes_id:2,0]
6566004,910,1:22:4,0,[InvitationData_id:5,-2,false]
6566004,908,1:22:4,0,[InvitationData_id:6,PeopleData_id:0,RankTypes_id:2]
6566004,1002,1:22:9,0
6566004,1003,1:22:9,2
6566004,204,1:22:22,0
6566004,103,1:22:25
6566004,105,1:22:26
6566004,703,1:22:29,[|| EpilogueItem ID: 0 unlocked: false ||,|| EpilogueItem ID: 1 unlocked: false ||,|| EpilogueItem ID: 2 unlocked: false ||,|| EpilogueItem ID: 3 unlocked: false ||,|| EpilogueItem ID: 4 unlocked: false ||,|| EpilogueItem ID: 5 unlocked: false ||,|| EpilogueItem ID: 6 unlocked: false ||,|| EpilogueItem ID: 7 unlocked: false ||,|| EpilogueItem ID: 8 unlocked: false ||,|| EpilogueItem ID: 9 unlocked: false ||,|| EpilogueItem ID: 10 unlocked: false ||,|| EpilogueItem ID: 11 unlocked: false ||,|| EpilogueItem ID: 12 unlocked: false ||,|| EpilogueItem ID: 13 unlocked: false ||,|| EpilogueItem ID: 14 unlocked: false ||,|| EpilogueItem ID: 15 unlocked: false ||,|| EpilogueItem ID: 16 unlocked: false ||,|| EpilogueItem ID: 17 unlocked: false ||,|| EpilogueItem ID: 18 unlocked: false ||,|| EpilogueItem ID: 19 unlocked: false ||,|| EpilogueItem ID: 20 unlocked: false ||,|| EpilogueItem ID: 21 unlocked: false ||,|| EpilogueItem ID: 22 unlocked: false ||,|| EpilogueItem ID: 23 unlocked: false ||,|| EpilogueItem ID: 24 unlocked: false ||],0
6566004,706,1:22:31,(x=0, y=-100, w=1024, h=768),(x=0, y=-100, w=1024, h=768)
6566004,706,1:22:31,(x=0, y=-100, w=1024, h=768),(x=0, y=-100, w=1024, h=768)
6566004,706,1:22:32,(x=0, y=-100, w=1024, h=768),(x=0, y=-100, w=1024, h=768)
6566004,706,1:22:33,(x=55, y=-100, w=1024, h=768),(x=422, y=-100, w=1024, h=768)
6566004,706,1:22:36,(x=0, y=-100, w=1024, h=768),(x=0, y=-100, w=1024, h=768)
6566004,706,1:22:37,(x=0, y=-100, w=1024, h=768),(x=0, y=-100, w=1024, h=768)
6566004,706,1:22:42,(x=0, y=-100, w=1024, h=768),(x=0, y=-100, w=1024, h=768)
6566004,706,1:22:42,(x=0, y=-100, w=1024, h=768),(x=0, y=-100, w=1024, h=768)
6566004,706,1:22:42,(x=0, y=-100, w=1024, h=768),(x=0, y=-100, w=1024, h=768)
6566004,706,1:22:42,(x=0, y=-100, w=1024, h=768),(x=0, y=-100, w=1024, h=768)
6566004,706,1:22:43,(x=0, y=-100, w=1024, h=768),(x=0, y=-100, w=1024, h=768)
6566004,706,1:22:47,(x=2531, y=-100, w=1024, h=768),(x=2531, y=-100, w=1024, h=768)
6566004,708,1:22:47
6566004,1,1:22:47,10/8/2013 4:49:37pm,{"gameTime":4967871,"challengeStacks":[{"challengeScenes":[{"miniGameCards":[],"viewedAnimatic":true,"keyPoints":["c_teacherEng_G7a0","s_flag_gen"],"unlocked":true,"touchableObjects":["s_otherStudent1_G7a0","s_atwoodPoster_gen","c_friend1_F_a_G7a0","c_teacherEng_G7a0","s_vocabAssignment_G7a0","s_doorClassroom_G7a0","c_crewKid1_F_G7a0","s_poePoster_gen","s_clock_G7a0","s_flag_gen"]},{"miniGameCards":[],"viewedAnimatic":true,"keyPoints":["c_bestFriend_F_a_G7a1N"],"unlocked":true,"touchableObjects":["c_bestFriend_F_a_G7a1N","s_otherStudent1_G7a1N"]},{"miniGameCards":[],"viewedAnimatic":false,"keyPoints":[],"unlocked":false,"touchableObjects":[]}],"stackSize":3,"resolved":false},{"challengeScenes":[{"miniGameCards":[],"viewedAnimatic":false,"keyPoints":[],"unlocked":false,"touchableObjects":[]},{"miniGameCards":[],"viewedAnimatic":false,"keyPoints":[],"unlocked":false,"touchableObjects":[]},{"miniGameCards":[],"viewedAnimatic":false,"keyPoints":[],"unlocked":false,"touchableObjects":[]},{"miniGameCards":[],"viewedAnimatic":false,"keyPoints":[],"unlocked":false,"touchableObjects":[]},{"miniGameCards":[],"viewedAnimatic":false,"keyPoints":[],"unlocked":false,"touchableObjects":[]}],"stackSize":5,"resolved":false},{"challengeScenes":[{"miniGameCards":[],"viewedAnimatic":false,"keyPoints":[],"unlocked":false,"touchableObjects":[]},{"miniGameCards":[],"viewedAnimatic":false,"keyPoints":[],"unlocked":false,"touchableObjects":[]},{"miniGameCards":[],"viewedAnimatic":false,"keyPoints":[],"unlocked":false,"touchableObjects":[]},{"miniGameCards":[],"viewedAnimatic":false,"keyPoints":[],"unlocked":false,"touchableObjects":[]},{"miniGameCards":[],"viewedAnimatic":false,"keyPoints":[],"unlocked":false,"touchableObjects":[]},{"miniGameCards":[],"viewedAnimatic":false,"keyPoints":[],"unlocked":false,"touchableObjects":[]},{"miniGameCards":[],"viewedAnimatic":false,"keyPoints":[],"unlocked":false,"touchableObjects":[]}],"stackSize":7,"resolved":false},{"challengeScenes":[{"miniGameCards":[],"viewedAnimatic":false,"keyPoints":[],"unlocked":false,"touchableObjects":[]},{"miniGameCards":[],"viewedAnimatic":false,"keyPoints":[],"unlocked":false,"touchableObjects":[]},{"miniGameCards":[],"viewedAnimatic":false,"keyPoints":[],"unlocked":false,"touchableObjects":[]},{"miniGameCards":[],"viewedAnimatic":false,"keyPoints":[],"unlocked":false,"touchableObjects":[]},{"miniGameCards":[],"viewedAnimatic":false,"keyPoints":[],"unlocked":false,"touchableObjects":[]}],"stackSize":5,"resolved":false},{"challengeScenes":[{"miniGameCards":[],"viewedAnimatic":false,"keyPoints":[],"unlocked":false,"touchableObjects":[]},{"miniGameCards":[],"viewedAnimatic":false,"keyPoints":[],"unlocked":false,"touchableObjects":[]},{"miniGameCards":[],"viewedAnimatic":false,"keyPoints":[],"unlocked":false,"touchableObjects":[]},{"miniGameCards":[],"viewedAnimatic":false,"keyPoints":[],"unlocked":false,"touchableObjects":[]},{"miniGameCards":[],"viewedAnimatic":false,"keyPoints":[],"unlocked":false,"touchableObjects":[]}],"stackSize":5,"resolved":false},{"challengeScenes":[{"miniGameCards":[],"viewedAnimatic":false,"keyPoints":[],"unlocked":false,"touchableObjects":[]},{"miniGameCards":[],"viewedAnimatic":false,"keyPoints":[],"unlocked":false,"touchableObjects":[]},{"miniGameCards":[],"viewedAnimatic":false,"keyPoints":[],"unlocked":false,"touchableObjects":[]},{"miniGameCards":[],"viewedAnimatic":false,"keyPoints":[],"unlocked":false,"touchableObjects":[]},{"miniGameCards":[],"viewedAnimatic":false,"keyPoints":[],"unlocked":false,"touchableObjects":[]}],"stackSize":5,"resolved":false},{"challengeScenes":[{"miniGameCards":[],"viewedAnimatic":false,"keyPoints":[],"unlocked":false,"touchableObjects":[]},{"miniGameCards":[],"viewedAnimatic":false,"keyPoints":[],"unlocked":false,"touchableObjects":[]},{"miniGameCards":[],"viewedAnimatic":false,"keyPoints":[],"unlocked":false,"touchableObjects":[]},{"miniGameCards":[],"viewedAnimatic":false,"keyPoints":[],"unlocked":false,"touchableObjects":[]},{"miniGameCards":[],"viewedAnimatic":false,"keyPoints":[],"unlocked":false,"touchableObjects":[]}],"stackSize":5,"resolved":false},{"challengeScenes":[{"miniGameCards":[],"viewedAnimatic":false,"keyPoints":[],"unlocked":false,"touchableObjects":[]},{"miniGameCards":[],"viewedAnimatic":false,"keyPoints":[],"unlocked":false,"touchableObjects":[]},{"miniGameCards":[],"viewedAnimatic":false,"keyPoints":[],"unlocked":false,"touchableObjects":[]},{"miniGameCards":[],"viewedAnimatic":false,"keyPoints":[],"unlocked":false,"touchableObjects":[]},{"miniGameCards":[],"viewedAnimatic":false,"keyPoints":[],"unlocked":false,"touchableObjects":[]}],"stackSize":5,"resolved":false},{"challengeScenes":[{"miniGameCards":[],"viewedAnimatic":false,"keyPoints":[],"unlocked":false,"touchableObjects":[]},{"miniGameCards":[],"viewedAnimatic":false,"keyPoints":[],"unlocked":false,"touchableObjects":[]},{"miniGameCards":[],"viewedAnimatic":false,"keyPoints":[],"unlocked":false,"touchableObjects":[]},{"miniGameCards":[],"viewedAnimatic":false,"keyPoints":[],"unlocked":false,"touchableObjects":[]},{"miniGameCards":[],"viewedAnimatic":false,"keyPoints":[],"unlocked":false,"touchableObjects":[]}],"stackSize":5,"resolved":false},{"challengeScenes":[{"miniGameCards":[],"viewedAnimatic":false,"keyPoints":[],"unlocked":false,"touchableObjects":[]},{"miniGameCards":[],"viewedAnimatic":false,"keyPoints":[],"unlocked":false,"touchableObjects":[]},{"miniGameCards":[],"viewedAnimatic":false,"keyPoints":[],"unlocked":false,"touchableObjects":[]},{"miniGameCards":[],"viewedAnimatic":false,"keyPoints":[],"unlocked":false,"touchableObjects":[]},{"miniGameCards":[],"viewedAnimatic":false,"keyPoints":[],"unlocked":false,"touchableObjects":[]}],"stackSize":5,"resolved":false},{"challengeScenes":[{"miniGameCards":[],"viewedAnimatic":false,"keyPoints":[],"unlocked":false,"touchableObjects":[]},{"miniGameCards":[],"viewedAnimatic":false,"keyPoints":[],"unlocked":false,"touchableObjects":[]},{"miniGameCards":[],"viewedAnimatic":false,"keyPoints":[],"unlocked":false,"touchableObjects":[]},{"miniGameCards":[],"viewedAnimatic":false,"keyPoints":[],"unlocked":false,"touchableObjects":[]},{"miniGameCards":[],"viewedAnimatic":false,"keyPoints":[],"unlocked":false,"touchableObjects":[]}],"stackSize":5,"resolved":false},{"challengeScenes":[{"miniGameCards":[],"viewedAnimatic":false,"keyPoints":[],"unlocked":false,"touchableObjects":[]},{"miniGameCards":[],"viewedAnimatic":false,"keyPoints":[],"unlocked":false,"touchableObjects":[]},{"miniGameCards":[],"viewedAnimatic":false,"keyPoints":[],"unlocked":false,"touchableObjects":[]},{"miniGameCards":[],"viewedAnimatic":false,"keyPoints":[],"unlocked":false,"touchableObjects":[]},{"miniGameCards":[],"viewedAnimatic":false,"keyPoints":[],"unlocked":false,"touchableObjects":[]}],"stackSize":5,"resolved":false},{"challengeScenes":[{"miniGameCards":[],"viewedAnimatic":false,"keyPoints":[],"unlocked":true,"touchableObjects":["c_player_afri_F_a_G0a0","c_education_G0a0","c_friends_G0a0","c_family_afri_a_G0a0"]},{"miniGameCards":[],"viewedAnimatic":false,"keyPoints":["c_home_G0a1N","c_family_afri_a_G0a1N","c_job_G0a1N"],"unlocked":true,"touchableObjects":["c_player_afri_F_a_G0a1N","c_home_G0a1N","c_family_afri_a_G0a1N","c_job_G0a1N"]},{"miniGameCards":[],"viewedAnimatic":false,"keyPoints":["c_grandma_afri_a_G0a1P","c_dad_afri_a_G0a1P","c_Nurse_G0a1P","c_kidsister_afri_a_G0a1P","c_mom_afri_a_G0a1P","c_Teacher_G0a1P"],"unlocked":true,"touchableObjects":["c_grandma_afri_a_G0a1P","c_dad_afri_a_G0a1P","c_Nurse_G0a1P","c_kidsister_afri_a_G0a1P","c_mom_afri_a_G0a1P","c_Teacher_G0a1P","c_friends_G0a1P","c_cousins_F_a_G0a1P"]}],"stackSize":3,"resolved":true}],"sessionId":2,"epilogue":{"rating":3},"playerId":6566004,"session":[{"sceneId":"1P","stackId":12}],"minigames":[{"levelSaveData":[{"starRating":0,"unlocked":true},{"starRating":0,"unlocked":false},{"starRating":0,"unlocked":false},{"starRating":0,"unlocked":false},{"starRating":0,"unlocked":false},{"starRating":0,"unlocked":false},{"starRating":0,"unlocked":false},{"starRating":0,"unlocked":false},{"starRating":0,"unlocked":false},{"starRating":0,"unlocked":false}],"skillPoints":0},{"levelSaveData":[{"starRating":3,"unlocked":true},{"starRating":0,"unlocked":false},{"starRating":0,"unlocked":false},{"starRating":0,"unlocked":false},{"starRating":0,"unlocked":false},{"starRating":0,"unlocked":false},{"starRating":0,"unlocked":false},{"starRating":0,"unlocked":false},{"starRating":0,"unlocked":false},{"starRating":0,"unlocked":false}],"skillPoints":3},{"levelSaveData":[{"starRating":1,"unlocked":true},{"starRating":0,"unlocked":false},{"starRating":0,"unlocked":false},{"starRating":0,"unlocked":false},{"starRating":0,"unlocked":false},{"starRating":0,"unlocked":false},{"starRating":0,"unlocked":false},{"starRating":0,"unlocked":false},{"starRating":0,"unlocked":false},{"starRating":0,"unlocked":false}],"skillPoints":1},{"levelSaveData":[{"starRating":0,"unlocked":false},{"starRating":0,"unlocked":false},{"starRating":0,"unlocked":false},{"starRating":0,"unlocked":false},{"starRating":0,"unlocked":false},{"starRating":0,"unlocked":false},{"starRating":0,"unlocked":false},{"starRating":0,"unlocked":false},{"starRating":0,"unlocked":false},{"starRating":0,"unlocked":false}],"skillPoints":0},{"age":11,"name":"lamonna","gender":1,"levelSaveData":[{"starRating":3,"unlocked":true},{"starRating":3,"chunks":[["3"],["0$$angle","13$$love  bird"],["6$$head set","1$$giving","8$$winner"],["0"]],"unlocked":true},{"starRating":0,"chunks":[[null],[null,null],[null,null]],"unlocked":false},{"starRating":0,"chunks":[[null],[null],[null],[null],[null,null],[null]],"unlocked":false},{"starRating":0,"chunks":[[null],[null],[null,null],[null],[null],[null]],"unlocked":false},{"starRating":0,"chunks":[[null],[null,null,null,null],[null],[null]],"unlocked":false},{"starRating":0,"chunks":[[null],[null],[null,null],[null,null],[null]],"unlocked":false},{"starRating":0,"chunks":[[null,null,null],[null,null,null],[null],[null],[null]],"unlocked":false},{"starRating":0,"chunks":[[null,null,null],[null,null,null],[null,null]],"unlocked":false},{"starRating":0,"chunks":[[null],[null],[null],[null],[null],[null]],"unlocked":false}],"visualAvatar":0,"id":0,"skillPoints":6}],"avatar":{"age":11,"name":"lamonna","gender":1,"levelSaveData":[{"starRating":3,"unlocked":true},{"starRating":3,"chunks":[["3"],["0$$angle","13$$love  bird"],["6$$head set","1$$giving","8$$winner"],["0"]],"unlocked":true},{"starRating":0,"chunks":[[null],[null,null],[null,null]],"unlocked":false},{"starRating":0,"chunks":[[null],[null],[null],[null],[null,null],[null]],"unlocked":false},{"starRating":0,"chunks":[[null],[null],[null,null],[null],[null],[null]],"unlocked":false},{"starRating":0,"chunks":[[null],[null,null,null,null],[null],[null]],"unlocked":false},{"starRating":0,"chunks":[[null],[null],[null,null],[null,null],[null]],"unlocked":false},{"starRating":0,"chunks":[[null,null,null],[null,null,null],[null],[null],[null]],"unlocked":false},{"starRating":0,"chunks":[[null,null,null],[null,null,null],[null,null]],"unlocked":false},{"starRating":0,"chunks":[[null],[null],[null],[null],[null],[null]],"unlocked":false}],"visualAvatar":0,"id":0,"skillPoints":6}}
