6566004,0,171:58:21,12/5/2013 4:09:06pm
6566004,100,171:58:34,3
6566004,102,171:58:38,3
6566004,200,171:58:38,3,7,8,11,11,18
6566004,210,171:58:40,1118,217
6566004,211,171:58:41,1100,223
6566004,221,171:58:56,3
6566004,220,171:59:1,3
6566004,1003,171:59:1,3
6566004,1004,171:59:7,1
6566004,500,171:59:17,1,[]
6566004,501,171:59:18,1,[]
6566004,502,171:59:22,1,[IntentionData_logId:3,true]
6566004,503,171:59:23,1,[]
6566004,504,171:59:26,1,[InfluenceData_logId:0]
6566004,504,171:59:27,1,[InfluenceData_logId:5]
6566004,504,171:59:28,1,[InfluenceData_logId:6]
6566004,504,171:59:29,1,[InfluenceData_logId:7]
6566004,505,171:59:30,1,[InfluenceData_logId:0,true,InfluenceData_logId:5,true,InfluenceData_logId:7,true]
6566004,506,171:59:31,1,[]
6566004,507,171:59:41,1,[OpponentAttackData_logId:0,OpponentAttackTypeData_logId:1,false,30]
6566004,508,171:59:43,1,[]
6566004,509,171:59:47,1,[RefusalData_logId:7,2]
6566004,510,171:59:49,1,[AvailableRefusalData_logId:7,0A]
6566004,510,171:59:54,1,[AvailableRefusalData_logId:7,2A]
6566004,510,171:59:58,1,[AvailableRefusalData_logId:7,1A]
6566004,511,171:59:58,1,[AvailableRefusalData_logId:7,0A,1A,2A,true,50]
6566004,512,172:0:1,1,[]
6566004,513,172:0:1,1,[0]
6566004,514,172:0:2,1,[]
6566004,507,172:0:6,1,[OpponentAttackData_logId:3,OpponentAttackTypeData_logId:1,false,30]
6566004,508,172:0:7,1,[]
6566004,509,172:0:12,1,[RefusalData_logId:0,0]
6566004,510,172:0:13,1,[AvailableRefusalData_logId:0,0A]
6566004,510,172:0:16,1,[AvailableRefusalData_logId:0,1A]
6566004,510,172:0:22,1,[AvailableRefusalData_logId:0,0C]
6566004,510,172:0:24,1,[AvailableRefusalData_logId:0,2A]
6566004,511,172:0:25,1,[AvailableRefusalData_logId:0,0C,1A,2A,false,0]
6566004,512,172:0:28,1,[]
6566004,513,172:0:28,1,[30]
6566004,514,172:0:32,1,[]
6566004,507,172:0:36,1,[OpponentAttackData_logId:2,OpponentAttackTypeData_logId:1,false,30]
6566004,508,172:0:38,1,[]
6566004,1002,172:0:42,1
6566004,1003,172:0:42,3
6566004,1004,172:0:44,1
6566004,500,172:0:53,1,[]
6566004,501,172:0:54,1,[]
6566004,502,172:0:58,1,[IntentionData_logId:3,true]
6566004,503,172:1:0,1,[]
6566004,504,172:1:32,1,[InfluenceData_logId:0]
6566004,504,172:1:33,1,[InfluenceData_logId:5]
6566004,504,172:1:35,1,[InfluenceData_logId:7]
6566004,505,172:1:36,1,[InfluenceData_logId:0,true,InfluenceData_logId:5,true,InfluenceData_logId:7,true]
6566004,506,172:1:45,1,[]
6566004,507,172:2:20,1,[OpponentAttackData_logId:1,OpponentAttackTypeData_logId:1,true,0]
6566004,508,172:2:22,1,[]
6566004,509,172:2:27,1,[RefusalData_logId:0,0]
6566004,510,172:2:28,1,[AvailableRefusalData_logId:0,0A]
6566004,510,172:2:29,1,[AvailableRefusalData_logId:0,1A]
6566004,510,172:2:30,1,[AvailableRefusalData_logId:0,2A]
6566004,511,172:2:32,1,[AvailableRefusalData_logId:0,0A,1A,2A,true,20]
6566004,512,172:2:35,1,[]
6566004,513,172:2:35,1,[30]
6566004,514,172:2:39,1,[]
6566004,507,172:2:45,1,[OpponentAttackData_logId:0,OpponentAttackTypeData_logId:4,false,30]
6566004,508,172:2:46,1,[]
6566004,509,172:2:55,1,[RefusalData_logId:5,0]
6566004,510,172:2:58,1,[AvailableRefusalData_logId:5,0B]
6566004,510,172:3:8,1,[AvailableRefusalData_logId:5,0A]
6566004,510,172:3:9,1,[AvailableRefusalData_logId:5,1A]
6566004,510,172:3:10,1,[AvailableRefusalData_logId:5,2B]
6566004,511,172:3:10,1,[AvailableRefusalData_logId:5,0A,1A,2B,false,0]
6566004,512,172:3:14,1,[]
6566004,513,172:3:14,1,[30]
6566004,514,172:3:17,1,[]
6566004,507,172:3:21,1,[OpponentAttackData_logId:3,OpponentAttackTypeData_logId:3,false,30]
6566004,508,172:3:22,1,[]
6566004,1002,172:3:25,1
6566004,1003,172:3:25,3
6566004,1004,172:3:26,1
6566004,500,172:3:39,1,[]
6566004,501,172:3:40,1,[]
6566004,502,172:3:43,1,[IntentionData_logId:3,true]
6566004,503,172:3:44,1,[]
6566004,504,172:3:47,1,[InfluenceData_logId:2]
6566004,504,172:3:49,1,[InfluenceData_logId:0]
6566004,504,172:3:51,1,[InfluenceData_logId:5]
6566004,504,172:3:52,1,[InfluenceData_logId:6]
6566004,505,172:3:53,1,[InfluenceData_logId:0,true,InfluenceData_logId:5,true,InfluenceData_logId:6,true]
6566004,506,172:3:55,1,[]
6566004,507,172:4:2,1,[OpponentAttackData_logId:2,OpponentAttackTypeData_logId:1,false,30]
6566004,508,172:4:4,1,[]
6566004,509,172:4:14,1,[RefusalData_logId:2,1]
6566004,510,172:4:17,1,[AvailableRefusalData_logId:2,0A]
6566004,510,172:4:19,1,[AvailableRefusalData_logId:2,1A]
6566004,510,172:4:20,1,[AvailableRefusalData_logId:2,2A]
6566004,511,172:4:21,1,[AvailableRefusalData_logId:2,0A,1A,2A,true,30]
6566004,512,172:4:23,1,[]
6566004,513,172:4:23,1,[0]
6566004,514,172:4:26,1,[]
6566004,507,172:4:32,1,[OpponentAttackData_logId:0,OpponentAttackTypeData_logId:1,false,30]
6566004,508,172:4:33,1,[]
6566004,509,172:4:36,1,[RefusalData_logId:5,0]
6566004,510,172:4:44,1,[AvailableRefusalData_logId:5,0B]
6566004,510,172:4:45,1,[AvailableRefusalData_logId:5,1B]
6566004,510,172:4:50,1,[AvailableRefusalData_logId:5,0A]
6566004,510,172:4:51,1,[AvailableRefusalData_logId:5,1A]
6566004,510,172:4:53,1,[AvailableRefusalData_logId:5,2A]
6566004,511,172:4:54,1,[AvailableRefusalData_logId:5,0A,1A,2A,true,20]
6566004,512,172:4:57,1,[]
6566004,513,172:4:57,1,[30]
6566004,514,172:5:0,1,[]
6566004,507,172:5:7,1,[OpponentAttackData_logId:1,OpponentAttackTypeData_logId:1,true,0]
6566004,508,172:5:9,1,[]
6566004,509,172:5:14,1,[RefusalData_logId:0,0]
6566004,510,172:5:18,1,[AvailableRefusalData_logId:0,0A]
6566004,510,172:5:22,1,[AvailableRefusalData_logId:0,1A]
6566004,510,172:5:25,1,[AvailableRefusalData_logId:0,2A]
6566004,511,172:5:25,1,[AvailableRefusalData_logId:0,0A,1A,2A,true,20]
6566004,512,172:5:28,1,[]
6566004,513,172:5:28,1,[30]
6566004,514,172:5:30,1,[]
6566004,507,172:5:41,1,[OpponentAttackData_logId:3,OpponentAttackTypeData_logId:4,true,0]
6566004,508,172:5:43,1,[]
6566004,509,172:5:46,1,[RefusalData_logId:4,2]
6566004,510,172:6:25,1,[AvailableRefusalData_logId:4,0A]
6566004,510,172:6:45,1,[AvailableRefusalData_logId:4,1A]
6566004,510,172:6:47,1,[AvailableRefusalData_logId:4,2A]
6566004,511,172:6:48,1,[AvailableRefusalData_logId:4,0A,1A,2A,true,50]
6566004,512,172:6:52,1,[]
6566004,515,172:6:52,1,[30,0]
6566004,516,172:6:53,1,[]
6566004,517,172:6:55,1,[]
6566004,1000,172:6:56,1,[]
6566004,500,172:6:57,1,[]
6566004,501,172:7:1,1,[]
6566004,502,172:7:4,1,[IntentionData_logId:3,true]
6566004,503,172:7:5,1,[]
6566004,504,172:7:8,1,[InfluenceData_logId:0]
6566004,504,172:7:9,1,[InfluenceData_logId:5]
6566004,504,172:7:10,1,[InfluenceData_logId:7]
6566004,505,172:7:10,1,[InfluenceData_logId:0,true,InfluenceData_logId:5,true,InfluenceData_logId:7,true]
6566004,506,172:7:13,1,[]
6566004,507,172:7:19,1,[OpponentAttackData_logId:3,OpponentAttackTypeData_logId:1,false,30]
6566004,508,172:7:21,1,[]
6566004,509,172:7:25,1,[RefusalData_logId:0,0]
6566004,510,172:7:42,1,[AvailableRefusalData_logId:0,0A]
6566004,510,172:7:44,1,[AvailableRefusalData_logId:0,1A]
6566004,510,172:7:45,1,[AvailableRefusalData_logId:0,2A]
6566004,511,172:7:47,1,[AvailableRefusalData_logId:0,0A,1A,2A,true,20]
6566004,512,172:7:50,1,[]
6566004,513,172:7:50,1,[30]
6566004,514,172:7:53,1,[]
6566004,507,172:8:0,1,[OpponentAttackData_logId:2,OpponentAttackTypeData_logId:1,false,30]
6566004,508,172:8:3,1,[]
6566004,509,172:8:10,1,[RefusalData_logId:4,2]
6566004,510,172:8:11,1,[AvailableRefusalData_logId:4,0B]
6566004,510,172:8:12,1,[AvailableRefusalData_logId:4,1A]
6566004,510,172:8:21,1,[AvailableRefusalData_logId:4,0A]
6566004,510,172:8:24,1,[AvailableRefusalData_logId:4,2A]
6566004,511,172:8:25,1,[AvailableRefusalData_logId:4,0A,1A,2A,true,50]
6566004,512,172:8:28,1,[]
6566004,513,172:8:28,1,[0]
6566004,514,172:8:29,1,[]
6566004,507,172:8:33,1,[OpponentAttackData_logId:1,OpponentAttackTypeData_logId:1,true,0]
6566004,508,172:8:35,1,[]
6566004,509,172:8:41,1,[RefusalData_logId:7,2]
6566004,510,172:8:42,1,[AvailableRefusalData_logId:7,0A]
6566004,510,172:8:43,1,[AvailableRefusalData_logId:7,1A]
6566004,510,172:8:45,1,[AvailableRefusalData_logId:7,2A]
6566004,511,172:8:47,1,[AvailableRefusalData_logId:7,0A,1A,2A,true,50]
6566004,512,172:9:5,1,[]
6566004,515,172:9:5,1,[60,0]
6566004,516,172:9:7,1,[]
6566004,517,172:9:8,1,[]
6566004,1000,172:9:10,1,[]
6566004,500,172:9:11,1,[]
6566004,501,172:9:12,1,[]
6566004,502,172:9:16,1,[IntentionData_logId:3,true]
6566004,503,172:9:17,1,[]
6566004,504,172:9:22,1,[InfluenceData_logId:0]
6566004,504,172:9:24,1,[InfluenceData_logId:5]
6566004,504,172:9:25,1,[InfluenceData_logId:8]
6566004,504,172:9:27,1,[InfluenceData_logId:6]
6566004,505,172:9:28,1,[InfluenceData_logId:0,true,InfluenceData_logId:5,true,InfluenceData_logId:6,true]
6566004,506,172:9:30,1,[]
6566004,507,172:9:57,1,[OpponentAttackData_logId:1,OpponentAttackTypeData_logId:1,true,0]
6566004,508,172:9:59,1,[]
6566004,509,172:10:6,1,[RefusalData_logId:4,2]
6566004,510,172:10:7,1,[AvailableRefusalData_logId:4,0B]
6566004,510,172:10:8,1,[AvailableRefusalData_logId:4,0A]
6566004,510,172:10:9,1,[AvailableRefusalData_logId:4,1A]
6566004,510,172:10:10,1,[AvailableRefusalData_logId:4,2A]
6566004,511,172:10:13,1,[AvailableRefusalData_logId:4,0A,1A,2A,true,50]
6566004,512,172:10:16,1,[]
6566004,513,172:10:16,1,[0]
6566004,514,172:10:18,1,[]
6566004,507,172:10:24,1,[OpponentAttackData_logId:2,OpponentAttackTypeData_logId:3,true,0]
6566004,508,172:10:26,1,[]
6566004,509,172:10:34,1,[RefusalData_logId:7,2]
6566004,510,172:10:36,1,[AvailableRefusalData_logId:7,0A]
6566004,510,172:10:41,1,[AvailableRefusalData_logId:7,0B]
6566004,510,172:10:51,1,[AvailableRefusalData_logId:7,1C]
6566004,510,172:10:57,1,[AvailableRefusalData_logId:7,0C]
6566004,510,172:10:57,1,[AvailableRefusalData_logId:7,2B]
6566004,511,172:10:58,1,[AvailableRefusalData_logId:7,0C,1C,2B,false,0]
6566004,512,172:11:0,1,[]
6566004,513,172:11:0,1,[30]
6566004,514,172:11:3,1,[]
6566004,507,172:11:8,1,[OpponentAttackData_logId:0,OpponentAttackTypeData_logId:4,false,30]
6566004,508,172:11:10,1,[]
6566004,509,172:11:14,1,[RefusalData_logId:2,1]
6566004,510,172:11:16,1,[AvailableRefusalData_logId:2,0A]
6566004,510,172:11:17,1,[AvailableRefusalData_logId:2,1A]
6566004,510,172:11:18,1,[AvailableRefusalData_logId:2,2A]
6566004,511,172:11:19,1,[AvailableRefusalData_logId:2,0A,1A,2A,true,30]
6566004,512,172:11:22,1,[]
6566004,513,172:11:22,1,[0]
6566004,514,172:11:24,1,[]
6566004,507,172:11:29,1,[OpponentAttackData_logId:3,OpponentAttackTypeData_logId:4,true,0]
6566004,508,172:11:31,1,[]
6566004,509,172:11:40,1,[RefusalData_logId:5,0]
6566004,510,172:11:42,1,[AvailableRefusalData_logId:5,0B]
6566004,510,172:11:43,1,[AvailableRefusalData_logId:5,1B]
6566004,510,172:11:49,1,[AvailableRefusalData_logId:5,0A]
6566004,510,172:11:51,1,[AvailableRefusalData_logId:5,1A]
6566004,510,172:11:52,1,[AvailableRefusalData_logId:5,2A]
6566004,511,172:11:52,1,[AvailableRefusalData_logId:5,0A,1A,2A,true,20]
6566004,512,172:11:55,1,[]
6566004,515,172:11:55,1,[90,0]
6566004,516,172:11:57,1,[]
6566004,517,172:11:59,1,[]
6566004,1000,172:12:4,1,[]
6566004,500,172:12:6,1,[]
6566004,501,172:12:7,1,[]
6566004,502,172:12:11,1,[IntentionData_logId:3,true]
6566004,503,172:12:11,1,[]
6566004,504,172:12:16,1,[InfluenceData_logId:0]
6566004,504,172:12:16,1,[InfluenceData_logId:3]
6566004,504,172:12:17,1,[InfluenceData_logId:7]
6566004,505,172:12:19,1,[InfluenceData_logId:0,true,InfluenceData_logId:3,false,InfluenceData_logId:7,true]
6566004,506,172:12:23,1,[]
6566004,507,172:12:33,1,[OpponentAttackData_logId:2,OpponentAttackTypeData_logId:1,false,30]
6566004,508,172:12:35,1,[]
6566004,509,172:12:48,1,[RefusalData_logId:4,2]
6566004,510,172:12:51,1,[AvailableRefusalData_logId:4,0A]
6566004,510,172:12:52,1,[AvailableRefusalData_logId:4,1A]
6566004,510,172:12:53,1,[AvailableRefusalData_logId:4,2A]
6566004,511,172:12:53,1,[AvailableRefusalData_logId:4,0A,1A,2A,true,50]
6566004,512,172:12:56,1,[]
6566004,513,172:12:56,1,[0]
6566004,514,172:12:57,1,[]
6566004,507,172:13:5,1,[OpponentAttackData_logId:1,OpponentAttackTypeData_logId:1,true,0]
6566004,508,172:13:7,1,[]
6566004,509,172:13:15,1,[RefusalData_logId:7,2]
6566004,510,172:13:22,1,[AvailableRefusalData_logId:7,0A]
6566004,510,172:13:25,1,[AvailableRefusalData_logId:7,1A]
6566004,510,172:13:26,1,[AvailableRefusalData_logId:7,2B]
6566004,510,172:13:27,1,[AvailableRefusalData_logId:7,0C]
6566004,510,172:13:29,1,[AvailableRefusalData_logId:7,1B]
6566004,510,172:13:31,1,[AvailableRefusalData_logId:7,0B]
6566004,510,172:13:35,1,[AvailableRefusalData_logId:7,2A]
6566004,510,172:13:38,1,[AvailableRefusalData_logId:7,2B]
6566004,510,172:13:39,1,[AvailableRefusalData_logId:7,1C]
6566004,510,172:13:52,1,[AvailableRefusalData_logId:7,0A]
6566004,510,172:13:56,1,[AvailableRefusalData_logId:7,0C]
6566004,510,172:13:57,1,[AvailableRefusalData_logId:7,0B]
6566004,510,172:13:58,1,[AvailableRefusalData_logId:7,0A]
6566004,510,172:13:59,1,[AvailableRefusalData_logId:7,1B]
6566004,510,172:14:0,1,[AvailableRefusalData_logId:7,1A]
6566004,510,172:14:1,1,[AvailableRefusalData_logId:7,2A]
6566004,511,172:14:1,1,[AvailableRefusalData_logId:7,0A,1A,2A,true,50]
6566004,512,172:14:4,1,[]
6566004,515,172:14:4,1,[110,0]
6566004,516,172:14:6,1,[]
6566004,517,172:14:7,1,[]
6566004,1005,172:14:7,1,[3,2,3]
6566004,1001,172:14:9,1,[]
6566004,1003,172:14:9,3
6566004,221,172:14:18,3
6566004,220,172:14:19,3
6566004,203,172:14:19,3
6566004,100,172:14:23,5
6566004,102,172:14:26,5
6566004,200,172:14:26,5,7,8,11,12,18
6566004,219,172:14:26,5
6566004,216,172:14:27,Stack_G9b0
6566004,217,172:14:41,Stack_G9b0,14,4.3
6566004,218,172:14:42,5
6566004,210,172:14:43,790,431
6566004,211,172:14:48,940,533
6566004,212,172:14:49,2
6566004,210,172:14:49,911,531
6566004,211,172:14:53,978,614
6566004,212,172:14:53,0
6566004,210,172:14:53,840,560
6566004,207,172:14:58,5,-200,-512
6566004,207,172:15:2,5,-512,-197
6566004,211,172:15:4,335,590
6566004,221,172:15:4,5
6566004,220,172:15:7,5
6566004,210,172:15:7,535,477
6566004,207,172:15:9,5,-197,-2
6566004,207,172:15:9,5,-2,0
6566004,211,172:15:10,2,290
6566004,212,172:15:11,1
6566004,210,172:15:12,708,541
6566004,211,172:15:13,868,551
6566004,212,172:15:14,2
6566004,210,172:15:14,721,562
6566004,211,172:15:15,553,503
6566004,213,172:15:15,5,c_cousin_F_a_G9b0,false
6566004,212,172:15:20,1
6566004,210,172:15:21,819,536
6566004,207,172:15:22,5,0,-390
6566004,211,172:15:25,1069,295
6566004,213,172:15:25,5,s_mirror_F_G9b0,false
6566004,1003,172:15:29,1
6566004,1004,172:15:31,5
6566004,800,172:15:34,5,[]
6566004,801,172:15:36,5,[]
6566004,814,172:15:37,5,[1]
6566004,815,172:15:37,5,1,OpportunityCardData_id:7
6566004,815,172:15:38,5,1,OpportunityCardData_id:8
6566004,816,172:15:38,5,1,OpportunityCardData_id:8
6566004,803,172:15:40,5,[OpportunityCardData_id:8,OpportunityCardConsequencesData_logId:0]
6566004,803,172:15:40,5,[OpportunityCardData_id:8,OpportunityCardConsequencesData_logId:2]
6566004,803,172:15:41,5,[OpportunityCardData_id:8,OpportunityCardConsequencesData_logId:1]
6566004,805,172:15:42,5,[OpportunityCardData_id:8]
6566004,806,172:15:45,5,[OpportunityCardData_id:8,PriorityData_type:2]
6566004,807,172:15:46,5,[OpportunityCardData_id:8]
6566004,808,172:15:48,5,[OpportunityCardData_id:8]
6566004,809,172:15:51,5,[OpportunityCardData_id:8,PriorityData_type:2,true]
6566004,810,172:15:52,5,[OpportunityCardData_id:8,PriorityData_type:1,20,Safe,Safe]
6566004,814,172:15:57,5,[2]
6566004,815,172:15:57,5,2,OpportunityCardData_id:13
6566004,815,172:15:58,5,2,OpportunityCardData_id:14
6566004,815,172:15:59,5,2,OpportunityCardData_id:15
6566004,815,172:16:0,5,2,OpportunityCardData_id:16
6566004,816,172:16:1,5,2,OpportunityCardData_id:16
6566004,803,172:16:2,5,[OpportunityCardData_id:16,OpportunityCardConsequencesData_logId:0]
6566004,803,172:16:2,5,[OpportunityCardData_id:16,OpportunityCardConsequencesData_logId:2]
6566004,803,172:16:3,5,[OpportunityCardData_id:16,OpportunityCardConsequencesData_logId:1]
6566004,805,172:16:4,5,[OpportunityCardData_id:16]
6566004,806,172:16:4,5,[OpportunityCardData_id:16,PriorityData_type:1]
6566004,807,172:16:5,5,[OpportunityCardData_id:16]
6566004,808,172:16:7,5,[OpportunityCardData_id:16]
6566004,809,172:16:11,5,[OpportunityCardData_id:16,Safe,false]
6566004,810,172:16:11,5,[OpportunityCardData_id:16,PriorityData_type:2,10,Safe,Safe]
6566004,814,172:16:15,5,[0]
6566004,815,172:16:15,5,0,OpportunityCardData_id:0
6566004,815,172:16:16,5,0,OpportunityCardData_id:1
6566004,816,172:16:18,5,0,OpportunityCardData_id:1
6566004,803,172:16:19,5,[OpportunityCardData_id:1,OpportunityCardConsequencesData_logId:0]
6566004,803,172:16:19,5,[OpportunityCardData_id:1,OpportunityCardConsequencesData_logId:1]
6566004,803,172:16:19,5,[OpportunityCardData_id:1,OpportunityCardConsequencesData_logId:2]
6566004,805,172:16:20,5,[OpportunityCardData_id:1]
6566004,806,172:16:21,5,[OpportunityCardData_id:1,PriorityData_type:1]
6566004,807,172:16:21,5,[OpportunityCardData_id:1]
6566004,808,172:16:23,5,[OpportunityCardData_id:1]
6566004,809,172:16:27,5,[OpportunityCardData_id:1,PriorityData_type:3,false]
6566004,810,172:16:28,5,[OpportunityCardData_id:1,PriorityData_type:0,15,PriorityData_type:3,10]
6566004,814,172:16:32,5,[0]
6566004,815,172:16:32,5,0,OpportunityCardData_id:0
6566004,815,172:16:33,5,0,OpportunityCardData_id:2
6566004,816,172:16:34,5,0,OpportunityCardData_id:2
6566004,803,172:16:35,5,[OpportunityCardData_id:2,OpportunityCardConsequencesData_logId:0]
6566004,803,172:16:35,5,[OpportunityCardData_id:2,OpportunityCardConsequencesData_logId:1]
6566004,803,172:16:36,5,[OpportunityCardData_id:2,OpportunityCardConsequencesData_logId:2]
6566004,805,172:16:37,5,[OpportunityCardData_id:2]
6566004,806,172:16:38,5,[OpportunityCardData_id:2,PriorityData_type:1]
6566004,807,172:16:38,5,[OpportunityCardData_id:2]
6566004,808,172:16:40,5,[OpportunityCardData_id:2]
6566004,809,172:16:44,5,[OpportunityCardData_id:2,PriorityData_type:5,false]
6566004,810,172:16:45,5,[OpportunityCardData_id:2,PriorityData_type:0,10,PriorityData_type:5,10]
6566004,814,172:16:49,5,[5]
6566004,815,172:16:49,5,5,OpportunityCardData_id:31
6566004,815,172:16:50,5,5,OpportunityCardData_id:32
6566004,815,172:16:52,5,5,OpportunityCardData_id:31
6566004,816,172:16:52,5,5,OpportunityCardData_id:31
6566004,803,172:16:53,5,[OpportunityCardData_id:31,OpportunityCardConsequencesData_logId:0]
6566004,803,172:16:53,5,[OpportunityCardData_id:31,OpportunityCardConsequencesData_logId:1]
6566004,803,172:16:54,5,[OpportunityCardData_id:31,OpportunityCardConsequencesData_logId:2]
6566004,805,172:16:54,5,[OpportunityCardData_id:31]
6566004,806,172:16:55,5,[OpportunityCardData_id:31,PriorityData_type:1]
6566004,807,172:16:56,5,[OpportunityCardData_id:31]
6566004,808,172:16:58,5,[OpportunityCardData_id:31]
6566004,809,172:17:1,5,[OpportunityCardData_id:31,PriorityData_type:3,false]
6566004,810,172:17:2,5,[OpportunityCardData_id:31,PriorityData_type:5,20,PriorityData_type:3,10]
6566004,812,172:17:4,5,[OpportunityCardData_id:31,PriorityData_type:3]
6566004,813,172:17:8,5,[]
6566004,1000,172:17:9,5,[]
6566004,800,172:17:11,5,[]
6566004,801,172:17:12,5,[]
6566004,814,172:17:13,5,[1]
6566004,815,172:17:13,5,1,OpportunityCardData_id:7
6566004,816,172:17:14,5,1,OpportunityCardData_id:7
6566004,803,172:17:15,5,[OpportunityCardData_id:7,OpportunityCardConsequencesData_logId:0]
6566004,803,172:17:15,5,[OpportunityCardData_id:7,OpportunityCardConsequencesData_logId:1]
6566004,803,172:17:16,5,[OpportunityCardData_id:7,OpportunityCardConsequencesData_logId:2]
6566004,805,172:17:17,5,[OpportunityCardData_id:7]
6566004,806,172:17:21,5,[OpportunityCardData_id:7,PriorityData_type:5]
6566004,807,172:17:21,5,[OpportunityCardData_id:7]
6566004,808,172:17:23,5,[OpportunityCardData_id:7]
6566004,809,172:17:27,5,[OpportunityCardData_id:7,PriorityData_type:4,false]
6566004,810,172:17:28,5,[OpportunityCardData_id:7,PriorityData_type:1,20,PriorityData_type:4,10]
6566004,814,172:17:30,5,[1]
6566004,815,172:17:30,5,1,OpportunityCardData_id:8
6566004,816,172:17:32,5,1,OpportunityCardData_id:8
6566004,805,172:17:33,5,[OpportunityCardData_id:8]
6566004,807,172:17:35,5,[OpportunityCardData_id:8]
6566004,808,172:17:36,5,[OpportunityCardData_id:8]
6566004,809,172:17:39,5,[OpportunityCardData_id:8,PriorityData_type:0,false]
6566004,810,172:17:40,5,[OpportunityCardData_id:8,PriorityData_type:1,20,PriorityData_type:0,15]
6566004,814,172:17:48,5,[1]
6566004,815,172:17:48,5,1,OpportunityCardData_id:9
6566004,816,172:17:48,5,1,OpportunityCardData_id:9
6566004,805,172:17:50,5,[OpportunityCardData_id:9]
6566004,807,172:17:51,5,[OpportunityCardData_id:9]
6566004,808,172:17:53,5,[OpportunityCardData_id:9]
6566004,809,172:17:56,5,[OpportunityCardData_id:9,PriorityData_type:3,false]
6566004,810,172:17:57,5,[OpportunityCardData_id:9,PriorityData_type:1,5,PriorityData_type:3,10]
6566004,814,172:18:6,5,[1]
6566004,815,172:18:6,5,1,OpportunityCardData_id:10
6566004,816,172:18:8,5,1,OpportunityCardData_id:10
6566004,805,172:18:9,5,[OpportunityCardData_id:10]
6566004,807,172:18:10,5,[OpportunityCardData_id:10]
6566004,808,172:18:12,5,[OpportunityCardData_id:10]
6566004,809,172:18:15,5,[OpportunityCardData_id:10,PriorityData_type:5,false]
6566004,810,172:18:16,5,[OpportunityCardData_id:10,PriorityData_type:1,5,PriorityData_type:5,15]
6566004,814,172:18:22,5,[1]
6566004,815,172:18:22,5,1,OpportunityCardData_id:11
6566004,815,172:18:24,5,1,OpportunityCardData_id:12
6566004,816,172:18:24,5,1,OpportunityCardData_id:12
6566004,803,172:18:26,5,[OpportunityCardData_id:12,OpportunityCardConsequencesData_logId:1]
6566004,805,172:18:26,5,[OpportunityCardData_id:12]
6566004,807,172:18:28,5,[OpportunityCardData_id:12]
6566004,808,172:18:30,5,[OpportunityCardData_id:12]
6566004,809,172:18:33,5,[OpportunityCardData_id:12,PriorityData_type:3,false]
6566004,810,172:18:34,5,[OpportunityCardData_id:12,PriorityData_type:1,15,PriorityData_type:3,10]
6566004,812,172:18:35,5,[OpportunityCardData_id:12,PriorityData_type:3]
6566004,813,172:18:42,5,[]
6566004,1000,172:18:44,5,[]
6566004,800,172:18:45,5,[]
6566004,801,172:18:48,5,[]
6566004,814,172:18:50,5,[3]
6566004,815,172:18:50,5,3,OpportunityCardData_id:19
6566004,816,172:18:52,5,3,OpportunityCardData_id:19
6566004,803,172:18:53,5,[OpportunityCardData_id:19,OpportunityCardConsequencesData_logId:2]
6566004,805,172:18:54,5,[OpportunityCardData_id:19]
6566004,807,172:18:56,5,[OpportunityCardData_id:19]
6566004,808,172:18:59,5,[OpportunityCardData_id:19]
6566004,809,172:19:4,5,[OpportunityCardData_id:19,PriorityData_type:5,false]
6566004,810,172:19:6,5,[OpportunityCardData_id:19,PriorityData_type:3,15,PriorityData_type:5,30]
6566004,812,172:19:8,5,[OpportunityCardData_id:19,PriorityData_type:5]
6566004,813,172:19:10,5,[]
6566004,1000,172:19:11,5,[]
6566004,1002,172:19:14,5
6566004,1003,172:19:14,1
6566004,219,172:19:17,5
6566004,216,172:19:19,Stack_G9b1N
6566004,217,172:19:23,Stack_G9b1N,4.0,13
6566004,218,172:19:25,5
6566004,210,172:19:26,812,226
6566004,207,172:19:29,5,-200,0
6566004,207,172:19:33,5,0,-270
6566004,211,172:19:36,859,524
6566004,212,172:19:36,2
6566004,210,172:19:37,1124,487
6566004,207,172:19:39,5,-270,-90
6566004,211,172:19:43,1232,339
6566004,207,172:19:43,5,-90,-225
6566004,210,172:19:43,1322,396
6566004,211,172:19:43,1352,396
6566004,207,172:19:43,5,-225,-330
6566004,210,172:19:43,1428,394
6566004,207,172:19:45,5,-330,-995
6566004,211,172:19:52,1522,676
6566004,212,172:19:52,1
6566004,210,172:19:53,1516,548
6566004,211,172:19:53,1583,611
6566004,213,172:19:53,5,s_boomBox_G9b1N,true
6566004,212,172:19:54,0
6566004,210,172:19:54,1375,491
6566004,211,172:20:0,1516,583
6566004,210,172:20:1,1385,399
6566004,211,172:20:2,1231,202
6566004,212,172:20:3,1
6566004,210,172:20:3,1291,250
6566004,211,172:20:5,1230,114
6566004,213,172:20:5,5,s_clock_G9b1N,false
6566004,1003,172:20:9,1
6566004,1004,172:20:12,3
6566004,800,172:20:16,3,[]
6566004,801,172:20:17,3,[]
6566004,814,172:20:35,3,[0]
6566004,815,172:20:35,3,0,OpportunityCardData_id:0
6566004,816,172:20:36,3,0,OpportunityCardData_id:0
6566004,805,172:20:37,3,[OpportunityCardData_id:0]
6566004,807,172:20:38,3,[OpportunityCardData_id:0]
6566004,808,172:20:40,3,[OpportunityCardData_id:0]
6566004,809,172:20:43,3,[OpportunityCardData_id:0,PriorityData_type:5,false]
6566004,810,172:20:44,3,[OpportunityCardData_id:0,PriorityData_type:0,15,PriorityData_type:5,10]
6566004,814,172:20:51,3,[5]
6566004,815,172:20:51,3,5,OpportunityCardData_id:31
6566004,815,172:20:52,3,5,OpportunityCardData_id:32
6566004,816,172:20:54,3,5,OpportunityCardData_id:32
6566004,803,172:20:55,3,[OpportunityCardData_id:32,OpportunityCardConsequencesData_logId:2]
6566004,805,172:20:55,3,[OpportunityCardData_id:32]
6566004,807,172:20:57,3,[OpportunityCardData_id:32]
6566004,808,172:20:58,3,[OpportunityCardData_id:32]
6566004,809,172:21:2,3,[OpportunityCardData_id:32,PriorityData_type:2,false]
6566004,810,172:21:3,3,[OpportunityCardData_id:32,PriorityData_type:5,15,PriorityData_type:2,10]
6566004,814,172:21:6,3,[5]
6566004,815,172:21:6,3,5,OpportunityCardData_id:31
6566004,815,172:21:7,3,5,OpportunityCardData_id:33
6566004,816,172:21:8,3,5,OpportunityCardData_id:33
6566004,804,172:21:10,3,[OpportunityCardData_id:33]
6566004,1002,172:21:13,3
6566004,1003,172:21:13,1
6566004,207,172:21:17,5,-200,-200
6566004,207,172:21:18,5,-200,-230
6566004,204,172:21:20,5
6566004,100,172:21:24,8
6566004,102,172:21:25,8
6566004,200,172:21:25,8,7,8,11,12,18
6566004,210,172:21:26,725,299
6566004,211,172:21:28,530,586
6566004,210,172:21:31,665,407
6566004,207,172:21:33,8,-200,0
6566004,211,172:21:39,394,469
6566004,213,172:21:39,8,s_bed_F_G11a1N,false
6566004,212,172:21:43,0
6566004,210,172:21:44,675,481
6566004,211,172:21:50,378,659
6566004,212,172:21:50,2
6566004,210,172:21:50,528,584
6566004,211,172:21:53,540,470
6566004,213,172:21:53,8,c_crush1_F_G11a1N,false
6566004,1003,172:21:56,2
6566004,1004,172:21:59,5
6566004,900,172:22:1,5,[]
6566004,901,172:22:1,5,[PeopleData_id:0]
6566004,902,172:22:2,5,[PeopleData_id:0,PeopleData_data3Type]
6566004,902,172:22:3,5,[PeopleData_id:0,PeopleData_data2Type]
6566004,902,172:22:4,5,[PeopleData_id:0,PeopleData_data1Type]
6566004,902,172:22:5,5,[PeopleData_id:0,PeopleData_data1Type]
6566004,902,172:22:6,5,[PeopleData_id:0,PeopleData_data0Type]
6566004,903,172:22:7,5,[PeopleData_id0,PeopleData_data0Type]
6566004,901,172:22:8,5,[PeopleData_id:0]
6566004,904,172:22:8,5,[PeopleData_id:0]
6566004,905,172:22:9,5,[PeopleData_id:0,RankTypes_id:-1,RankTypes_id:1]
6566004,901,172:22:9,5,[PeopleData_id:2]
6566004,904,172:22:9,5,[PeopleData_id:2]
6566004,905,172:22:9,5,[PeopleData_id:2,RankTypes_id:-1,RankTypes_id:1]
6566004,901,172:22:10,5,[PeopleData_id:7]
6566004,904,172:22:10,5,[PeopleData_id:7]
6566004,905,172:22:10,5,[PeopleData_id:7,RankTypes_id:-1,RankTypes_id:1]
6566004,901,172:22:11,5,[PeopleData_id:3]
6566004,904,172:22:11,5,[PeopleData_id:3]
6566004,905,172:22:12,5,[PeopleData_id:3,RankTypes_id:-1,RankTypes_id:1]
6566004,901,172:22:12,5,[PeopleData_id:4]
6566004,904,172:22:12,5,[PeopleData_id:4]
6566004,905,172:22:13,5,[PeopleData_id:4,RankTypes_id:-1,RankTypes_id:1]
6566004,901,172:22:13,5,[PeopleData_id:1]
6566004,904,172:22:13,5,[PeopleData_id:1]
6566004,905,172:22:14,5,[PeopleData_id:1,RankTypes_id:-1,RankTypes_id:1]
6566004,901,172:22:14,5,[PeopleData_id:5]
6566004,904,172:22:14,5,[PeopleData_id:5]
6566004,905,172:22:15,5,[PeopleData_id:5,RankTypes_id:-1,RankTypes_id:1]
6566004,901,172:22:16,5,[PeopleData_id:6]
6566004,904,172:22:16,5,[PeopleData_id:6]
6566004,905,172:22:17,5,[PeopleData_id:6,RankTypes_id:-1,RankTypes_id:1]
6566004,906,172:22:17,5,[]
6566004,907,172:22:17,5,[]
6566004,908,172:22:17,5,[InvitationData_id:3,PeopleData_id:3,RankTypes_id:1]
6566004,909,172:22:21,5,[InvitationData_id:3,PeopleData_id:3,RankTypes_id:1,1]
6566004,910,172:22:22,5,[InvitationData_id:3,0,true]
6566004,908,172:22:22,5,[InvitationData_id:1,PeopleData_id:1,RankTypes_id:1]
6566004,909,172:22:25,5,[InvitationData_id:1,PeopleData_id:1,RankTypes_id:1,1]
6566004,910,172:22:26,5,[InvitationData_id:1,3,false]
6566004,908,172:22:26,5,[InvitationData_id:0,PeopleData_id:5,RankTypes_id:1]
6566004,909,172:22:29,5,[InvitationData_id:0,PeopleData_id:5,RankTypes_id:1,0]
6566004,910,172:22:29,5,[InvitationData_id:0,0,false]
6566004,908,172:22:29,5,[InvitationData_id:2,PeopleData_id:1,RankTypes_id:1]
6566004,909,172:22:32,5,[InvitationData_id:2,PeopleData_id:1,RankTypes_id:1,1]
6566004,910,172:22:33,5,[InvitationData_id:2,3,false]
6566004,908,172:22:33,5,[InvitationData_id:9,PeopleData_id:2,RankTypes_id:1]
6566004,909,172:22:35,5,[InvitationData_id:9,PeopleData_id:2,RankTypes_id:1,0]
6566004,910,172:22:41,5,[InvitationData_id:9,0,false]
6566004,908,172:22:41,5,[InvitationData_id:8,PeopleData_id:1,RankTypes_id:1]
6566004,909,172:22:44,5,[InvitationData_id:8,PeopleData_id:1,RankTypes_id:1,1]
6566004,910,172:22:44,5,[InvitationData_id:8,3,false]
6566004,908,172:22:44,5,[InvitationData_id:10,PeopleData_id:3,RankTypes_id:1]
6566004,909,172:22:46,5,[InvitationData_id:10,PeopleData_id:3,RankTypes_id:1,0]
6566004,910,172:22:47,5,[InvitationData_id:10,0,false]
6566004,908,172:22:47,5,[InvitationData_id:6,PeopleData_id:0,RankTypes_id:1]
6566004,909,172:22:54,5,[InvitationData_id:6,PeopleData_id:0,RankTypes_id:1,1]
6566004,910,172:22:54,5,[InvitationData_id:6,3,false]
6566004,908,172:22:54,5,[InvitationData_id:4,PeopleData_id:3,RankTypes_id:1]
6566004,909,172:22:57,5,[InvitationData_id:4,PeopleData_id:3,RankTypes_id:1,0]
6566004,910,172:22:57,5,[InvitationData_id:4,0,false]
6566004,908,172:22:57,5,[InvitationData_id:7,PeopleData_id:5,RankTypes_id:1]
6566004,909,172:22:59,5,[InvitationData_id:7,PeopleData_id:5,RankTypes_id:1,1]
6566004,910,172:23:0,5,[InvitationData_id:7,3,false]
6566004,908,172:23:0,5,[InvitationData_id:5,PeopleData_id:2,RankTypes_id:1]
6566004,909,172:23:2,5,[InvitationData_id:5,PeopleData_id:2,RankTypes_id:1,0]
6566004,910,172:23:2,5,[InvitationData_id:5,0,false]
6566004,908,172:23:2,5,[InvitationData_id:11,PeopleData_id:0,RankTypes_id:1]
6566004,909,172:23:15,5,[InvitationData_id:11,PeopleData_id:0,RankTypes_id:1,1]
6566004,910,172:23:15,5,[InvitationData_id:11,3,false]
6566004,911,172:23:16,5,[18,1,1,1]
6566004,1005,172:23:16,5,[2,0,1]
6566004,1001,172:23:18,5,[]
6566004,1003,172:23:18,2
6566004,210,172:23:22,761,330
6566004,211,172:23:27,545,424
6566004,213,172:23:27,8,c_crush1_F_G11a1N,false
6566004,210,172:23:34,763,371
6566004,211,172:23:36,447,353
6566004,213,172:23:36,8,c_friend1_F_G11a0,false
6566004,1003,172:23:41,2
6566004,1004,172:23:51,7
6566004,900,172:23:56,7,[]
6566004,901,172:24:12,7,[PeopleData_id:4]
6566004,904,172:24:12,7,[PeopleData_id:4]
6566004,901,172:24:13,7,[PeopleData_id:0]
6566004,904,172:24:13,7,[PeopleData_id:0]
6566004,905,172:24:14,7,[PeopleData_id:0,RankTypes_id:-1,RankTypes_id:1]
6566004,901,172:24:15,7,[PeopleData_id:4]
6566004,904,172:24:16,7,[PeopleData_id:4]
6566004,905,172:24:19,7,[PeopleData_id:4,RankTypes_id:-1,RankTypes_id:1]
6566004,901,172:24:20,7,[PeopleData_id:3]
6566004,904,172:24:20,7,[PeopleData_id:3]
6566004,905,172:24:20,7,[PeopleData_id:3,RankTypes_id:-1,RankTypes_id:1]
6566004,901,172:24:21,7,[PeopleData_id:8]
6566004,904,172:24:21,7,[PeopleData_id:8]
6566004,905,172:24:22,7,[PeopleData_id:8,RankTypes_id:-1,RankTypes_id:1]
6566004,901,172:24:22,7,[PeopleData_id:2]
6566004,904,172:24:22,7,[PeopleData_id:2]
6566004,905,172:24:23,7,[PeopleData_id:2,RankTypes_id:-1,RankTypes_id:1]
6566004,901,172:24:24,7,[PeopleData_id:1]
6566004,904,172:24:24,7,[PeopleData_id:1]
6566004,905,172:24:25,7,[PeopleData_id:1,RankTypes_id:-1,RankTypes_id:1]
6566004,901,172:24:25,7,[PeopleData_id:6]
6566004,904,172:24:25,7,[PeopleData_id:6]
6566004,905,172:24:26,7,[PeopleData_id:6,RankTypes_id:-1,RankTypes_id:1]
6566004,901,172:24:26,7,[PeopleData_id:7]
6566004,904,172:24:26,7,[PeopleData_id:7]
6566004,905,172:24:27,7,[PeopleData_id:7,RankTypes_id:-1,RankTypes_id:1]
6566004,901,172:24:28,7,[PeopleData_id:5]
6566004,904,172:24:28,7,[PeopleData_id:5]
6566004,905,172:24:28,7,[PeopleData_id:5,RankTypes_id:-1,RankTypes_id:1]
6566004,901,172:24:29,7,[PeopleData_id:9]
6566004,904,172:24:29,7,[PeopleData_id:9]
6566004,905,172:24:30,7,[PeopleData_id:9,RankTypes_id:-1,RankTypes_id:1]
6566004,906,172:24:30,7,[]
6566004,907,172:24:30,7,[]
6566004,908,172:24:30,7,[InvitationData_id:4,PeopleData_id:3,RankTypes_id:1]
6566004,909,172:24:33,7,[InvitationData_id:4,PeopleData_id:3,RankTypes_id:1,1]
6566004,910,172:24:33,7,[InvitationData_id:4,3,false]
6566004,908,172:24:33,7,[InvitationData_id:2,PeopleData_id:2,RankTypes_id:1]
6566004,909,172:24:35,7,[InvitationData_id:2,PeopleData_id:2,RankTypes_id:1,1]
6566004,910,172:24:35,7,[InvitationData_id:2,3,false]
6566004,908,172:24:35,7,[InvitationData_id:1,PeopleData_id:4,RankTypes_id:1]
6566004,909,172:24:38,7,[InvitationData_id:1,PeopleData_id:4,RankTypes_id:1,1]
6566004,910,172:24:39,7,[InvitationData_id:1,3,false]
6566004,908,172:24:39,7,[InvitationData_id:0,PeopleData_id:8,RankTypes_id:1]
6566004,909,172:24:41,7,[InvitationData_id:0,PeopleData_id:8,RankTypes_id:1,1]
6566004,910,172:24:41,7,[InvitationData_id:0,3,false]
6566004,908,172:24:41,7,[InvitationData_id:5,PeopleData_id:3,RankTypes_id:1]
6566004,909,172:24:44,7,[InvitationData_id:5,PeopleData_id:3,RankTypes_id:1,1]
6566004,910,172:24:44,7,[InvitationData_id:5,3,false]
6566004,908,172:24:44,7,[InvitationData_id:9,PeopleData_id:5,RankTypes_id:1]
6566004,909,172:24:46,7,[InvitationData_id:9,PeopleData_id:5,RankTypes_id:1,0]
6566004,910,172:24:46,7,[InvitationData_id:9,0,false]
6566004,908,172:24:46,7,[InvitationData_id:11,PeopleData_id:1,RankTypes_id:1]
6566004,909,172:24:50,7,[InvitationData_id:11,PeopleData_id:1,RankTypes_id:1,0]
6566004,910,172:24:50,7,[InvitationData_id:11,0,false]
6566004,908,172:24:50,7,[InvitationData_id:6,PeopleData_id:1,RankTypes_id:1]
6566004,909,172:24:54,7,[InvitationData_id:6,PeopleData_id:1,RankTypes_id:1,0]
6566004,910,172:24:54,7,[InvitationData_id:6,0,false]
6566004,908,172:24:54,7,[InvitationData_id:7,PeopleData_id:6,RankTypes_id:1]
6566004,909,172:24:57,7,[InvitationData_id:7,PeopleData_id:6,RankTypes_id:1,0]
6566004,910,172:24:57,7,[InvitationData_id:7,0,false]
6566004,908,172:24:57,7,[InvitationData_id:3,PeopleData_id:2,RankTypes_id:1]
6566004,909,172:25:3,7,[InvitationData_id:3,PeopleData_id:2,RankTypes_id:1,0]
6566004,910,172:25:3,7,[InvitationData_id:3,0,false]
6566004,908,172:25:3,7,[InvitationData_id:8,PeopleData_id:9,RankTypes_id:1]
6566004,909,172:25:6,7,[InvitationData_id:8,PeopleData_id:9,RankTypes_id:1,1]
6566004,910,172:25:6,7,[InvitationData_id:8,0,true]
6566004,908,172:25:6,7,[InvitationData_id:10,PeopleData_id:0,RankTypes_id:1]
6566004,909,172:25:8,7,[InvitationData_id:10,PeopleData_id:0,RankTypes_id:1,0]
6566004,910,172:25:9,7,[InvitationData_id:10,0,false]
6566004,911,172:25:10,7,[15,1,1,1]
6566004,1000,172:25:15,7,[]
6566004,900,172:25:19,7,[]
6566004,901,172:25:20,7,[PeopleData_id:2]
6566004,904,172:25:20,7,[PeopleData_id:2]
6566004,901,172:25:20,7,[PeopleData_id:8]
6566004,904,172:25:21,7,[PeopleData_id:8]
6566004,905,172:25:21,7,[PeopleData_id:8,RankTypes_id:-1,RankTypes_id:1]
6566004,901,172:25:21,7,[PeopleData_id:2]
6566004,904,172:25:21,7,[PeopleData_id:2]
6566004,905,172:25:22,7,[PeopleData_id:2,RankTypes_id:-1,RankTypes_id:1]
6566004,901,172:25:22,7,[PeopleData_id:0]
6566004,904,172:25:22,7,[PeopleData_id:0]
6566004,905,172:25:23,7,[PeopleData_id:0,RankTypes_id:-1,RankTypes_id:1]
6566004,901,172:25:23,7,[PeopleData_id:6]
6566004,904,172:25:23,7,[PeopleData_id:6]
6566004,905,172:25:24,7,[PeopleData_id:6,RankTypes_id:-1,RankTypes_id:1]
6566004,901,172:25:24,7,[PeopleData_id:7]
6566004,904,172:25:24,7,[PeopleData_id:7]
6566004,905,172:25:25,7,[PeopleData_id:7,RankTypes_id:-1,RankTypes_id:1]
6566004,901,172:25:25,7,[PeopleData_id:9]
6566004,904,172:25:25,7,[PeopleData_id:9]
6566004,905,172:25:26,7,[PeopleData_id:9,RankTypes_id:-1,RankTypes_id:1]
6566004,901,172:25:26,7,[PeopleData_id:1]
6566004,904,172:25:27,7,[PeopleData_id:1]
6566004,905,172:25:27,7,[PeopleData_id:1,RankTypes_id:-1,RankTypes_id:1]
6566004,901,172:25:28,7,[PeopleData_id:5]
6566004,904,172:25:28,7,[PeopleData_id:5]
6566004,905,172:25:28,7,[PeopleData_id:5,RankTypes_id:-1,RankTypes_id:1]
6566004,901,172:25:29,7,[PeopleData_id:4]
6566004,904,172:25:29,7,[PeopleData_id:4]
6566004,905,172:25:29,7,[PeopleData_id:4,RankTypes_id:-1,RankTypes_id:1]
6566004,901,172:25:30,7,[PeopleData_id:3]
6566004,904,172:25:30,7,[PeopleData_id:3]
6566004,905,172:25:31,7,[PeopleData_id:3,RankTypes_id:-1,RankTypes_id:1]
6566004,906,172:25:31,7,[]
6566004,907,172:25:31,7,[]
6566004,908,172:25:31,7,[InvitationData_id:10,PeopleData_id:0,RankTypes_id:1]
6566004,909,172:25:33,7,[InvitationData_id:10,PeopleData_id:0,RankTypes_id:1,0]
6566004,910,172:25:34,7,[InvitationData_id:10,0,false]
6566004,908,172:25:34,7,[InvitationData_id:8,PeopleData_id:9,RankTypes_id:1]
6566004,909,172:25:38,7,[InvitationData_id:8,PeopleData_id:9,RankTypes_id:1,1]
6566004,910,172:25:38,7,[InvitationData_id:8,0,true]
6566004,908,172:25:38,7,[InvitationData_id:5,PeopleData_id:3,RankTypes_id:1]
6566004,909,172:25:42,7,[InvitationData_id:5,PeopleData_id:3,RankTypes_id:1,1]
6566004,910,172:25:42,7,[InvitationData_id:5,3,false]
6566004,908,172:25:42,7,[InvitationData_id:9,PeopleData_id:0,RankTypes_id:1]
6566004,909,172:25:47,7,[InvitationData_id:9,PeopleData_id:0,RankTypes_id:1,0]
6566004,910,172:25:48,7,[InvitationData_id:9,0,false]
6566004,908,172:25:48,7,[InvitationData_id:6,PeopleData_id:1,RankTypes_id:1]
6566004,909,172:25:50,7,[InvitationData_id:6,PeopleData_id:1,RankTypes_id:1,0]
6566004,910,172:25:51,7,[InvitationData_id:6,0,false]
6566004,908,172:25:51,7,[InvitationData_id:11,PeopleData_id:1,RankTypes_id:1]
6566004,909,172:25:53,7,[InvitationData_id:11,PeopleData_id:1,RankTypes_id:1,1]
6566004,910,172:25:53,7,[InvitationData_id:11,0,true]
6566004,908,172:25:53,7,[InvitationData_id:4,PeopleData_id:3,RankTypes_id:1]
6566004,909,172:25:56,7,[InvitationData_id:4,PeopleData_id:3,RankTypes_id:1,1]
6566004,910,172:25:57,7,[InvitationData_id:4,3,false]
6566004,908,172:25:57,7,[InvitationData_id:0,PeopleData_id:8,RankTypes_id:1]
6566004,909,172:25:59,7,[InvitationData_id:0,PeopleData_id:8,RankTypes_id:1,1]
6566004,910,172:25:59,7,[InvitationData_id:0,3,false]
6566004,908,172:25:59,7,[InvitationData_id:3,PeopleData_id:2,RankTypes_id:1]
6566004,909,172:26:2,7,[InvitationData_id:3,PeopleData_id:2,RankTypes_id:1,0]
6566004,910,172:26:3,7,[InvitationData_id:3,0,false]
6566004,908,172:26:3,7,[InvitationData_id:1,PeopleData_id:2,RankTypes_id:1]
6566004,909,172:27:8,7,[InvitationData_id:1,PeopleData_id:2,RankTypes_id:1,1]
6566004,910,172:27:8,7,[InvitationData_id:1,3,false]
6566004,908,172:27:8,7,[InvitationData_id:2,PeopleData_id:2,RankTypes_id:1]
6566004,909,172:27:11,7,[InvitationData_id:2,PeopleData_id:2,RankTypes_id:1,1]
6566004,910,172:27:12,7,[InvitationData_id:2,3,false]
6566004,908,172:27:12,7,[InvitationData_id:7,PeopleData_id:6,RankTypes_id:1]
6566004,909,172:27:13,7,[InvitationData_id:7,PeopleData_id:6,RankTypes_id:1,0]
6566004,910,172:27:14,7,[InvitationData_id:7,0,false]
6566004,911,172:27:16,7,[15,2,1,2]
6566004,1000,172:27:18,7,[]
6566004,900,172:27:19,7,[]
6566004,901,172:27:26,7,[PeopleData_id:2]
6566004,904,172:27:26,7,[PeopleData_id:2]
6566004,901,172:27:26,7,[PeopleData_id:2]
6566004,901,172:27:27,7,[PeopleData_id:9]
6566004,901,172:27:27,7,[PeopleData_id:9]
6566004,901,172:27:27,7,[PeopleData_id:3]
6566004,904,172:27:27,7,[PeopleData_id:3]
6566004,901,172:27:27,7,[PeopleData_id:7]
6566004,904,172:27:28,7,[PeopleData_id:7]
6566004,901,172:27:28,7,[PeopleData_id:8]
6566004,904,172:27:28,7,[PeopleData_id:8]
6566004,901,172:27:28,7,[PeopleData_id:5]
6566004,904,172:27:28,7,[PeopleData_id:5]
6566004,901,172:27:29,7,[PeopleData_id:1]
6566004,904,172:27:29,7,[PeopleData_id:1]
6566004,901,172:27:30,7,[PeopleData_id:5]
6566004,904,172:27:30,7,[PeopleData_id:5]
6566004,905,172:27:30,7,[PeopleData_id:5,RankTypes_id:-1,RankTypes_id:1]
6566004,901,172:27:32,7,[PeopleData_id:9]
6566004,901,172:27:33,7,[PeopleData_id:2]
6566004,904,172:27:33,7,[PeopleData_id:2]
6566004,905,172:27:33,7,[PeopleData_id:2,RankTypes_id:-1,RankTypes_id:1]
6566004,901,172:27:34,7,[PeopleData_id:9]
6566004,904,172:27:34,7,[PeopleData_id:9]
6566004,905,172:27:34,7,[PeopleData_id:9,RankTypes_id:-1,RankTypes_id:1]
6566004,901,172:27:35,7,[PeopleData_id:3]
6566004,904,172:27:35,7,[PeopleData_id:3]
6566004,905,172:27:35,7,[PeopleData_id:3,RankTypes_id:-1,RankTypes_id:1]
6566004,901,172:27:36,7,[PeopleData_id:7]
6566004,904,172:27:36,7,[PeopleData_id:7]
6566004,905,172:27:36,7,[PeopleData_id:7,RankTypes_id:-1,RankTypes_id:1]
6566004,901,172:27:37,7,[PeopleData_id:8]
6566004,904,172:27:37,7,[PeopleData_id:8]
6566004,905,172:27:37,7,[PeopleData_id:8,RankTypes_id:-1,RankTypes_id:1]
6566004,901,172:27:38,7,[PeopleData_id:1]
6566004,904,172:27:38,7,[PeopleData_id:1]
6566004,905,172:27:39,7,[PeopleData_id:1,RankTypes_id:-1,RankTypes_id:1]
6566004,901,172:27:39,7,[PeopleData_id:6]
6566004,904,172:27:39,7,[PeopleData_id:6]
6566004,905,172:27:40,7,[PeopleData_id:6,RankTypes_id:-1,RankTypes_id:1]
6566004,901,172:27:40,7,[PeopleData_id:0]
6566004,904,172:27:40,7,[PeopleData_id:0]
6566004,905,172:27:41,7,[PeopleData_id:0,RankTypes_id:-1,RankTypes_id:1]
6566004,901,172:27:42,7,[PeopleData_id:4]
6566004,904,172:27:42,7,[PeopleData_id:4]
6566004,905,172:27:42,7,[PeopleData_id:4,RankTypes_id:-1,RankTypes_id:1]
6566004,906,172:27:42,7,[]
6566004,907,172:27:43,7,[]
6566004,908,172:27:43,7,[InvitationData_id:10,PeopleData_id:0,RankTypes_id:1]
6566004,909,172:27:47,7,[InvitationData_id:10,PeopleData_id:0,RankTypes_id:1,0]
6566004,910,172:27:47,7,[InvitationData_id:10,0,false]
6566004,908,172:27:47,7,[InvitationData_id:1,PeopleData_id:4,RankTypes_id:1]
6566004,909,172:27:49,7,[InvitationData_id:1,PeopleData_id:4,RankTypes_id:1,1]
6566004,910,172:27:50,7,[InvitationData_id:1,3,false]
6566004,908,172:27:50,7,[InvitationData_id:7,PeopleData_id:6,RankTypes_id:1]
6566004,909,172:27:53,7,[InvitationData_id:7,PeopleData_id:6,RankTypes_id:1,0]
6566004,910,172:27:53,7,[InvitationData_id:7,0,false]
6566004,908,172:27:53,7,[InvitationData_id:6,PeopleData_id:1,RankTypes_id:1]
6566004,909,172:27:58,7,[InvitationData_id:6,PeopleData_id:1,RankTypes_id:1,0]
6566004,910,172:27:59,7,[InvitationData_id:6,0,false]
6566004,908,172:27:59,7,[InvitationData_id:5,PeopleData_id:3,RankTypes_id:1]
6566004,909,172:28:2,7,[InvitationData_id:5,PeopleData_id:3,RankTypes_id:1,1]
6566004,910,172:28:3,7,[InvitationData_id:5,3,false]
6566004,908,172:28:3,7,[InvitationData_id:8,PeopleData_id:9,RankTypes_id:1]
6566004,909,172:28:6,7,[InvitationData_id:8,PeopleData_id:9,RankTypes_id:1,0]
6566004,910,172:28:7,7,[InvitationData_id:8,0,false]
6566004,908,172:28:7,7,[InvitationData_id:11,PeopleData_id:1,RankTypes_id:1]
6566004,909,172:28:10,7,[InvitationData_id:11,PeopleData_id:1,RankTypes_id:1,0]
6566004,910,172:28:11,7,[InvitationData_id:11,0,false]
6566004,908,172:28:11,7,[InvitationData_id:9,PeopleData_id:5,RankTypes_id:1]
6566004,909,172:28:13,7,[InvitationData_id:9,PeopleData_id:5,RankTypes_id:1,0]
6566004,910,172:28:13,7,[InvitationData_id:9,0,false]
6566004,908,172:28:13,7,[InvitationData_id:4,PeopleData_id:3,RankTypes_id:1]
6566004,909,172:28:16,7,[InvitationData_id:4,PeopleData_id:3,RankTypes_id:1,1]
6566004,910,172:28:17,7,[InvitationData_id:4,3,false]
6566004,908,172:28:17,7,[InvitationData_id:2,PeopleData_id:2,RankTypes_id:1]
6566004,909,172:28:18,7,[InvitationData_id:2,PeopleData_id:2,RankTypes_id:1,1]
6566004,910,172:28:19,7,[InvitationData_id:2,3,false]
6566004,908,172:28:19,7,[InvitationData_id:0,PeopleData_id:8,RankTypes_id:1]
6566004,909,172:28:22,7,[InvitationData_id:0,PeopleData_id:8,RankTypes_id:1,1]
6566004,910,172:28:23,7,[InvitationData_id:0,3,false]
6566004,908,172:28:23,7,[InvitationData_id:3,PeopleData_id:2,RankTypes_id:1]
6566004,909,172:28:26,7,[InvitationData_id:3,PeopleData_id:2,RankTypes_id:1,0]
6566004,910,172:28:27,7,[InvitationData_id:3,0,false]
6566004,911,172:28:28,7,[15,0,1,0]
6566004,1000,172:28:29,7,[]
6566004,900,172:28:30,7,[]
6566004,901,172:28:32,7,[PeopleData_id:0]
6566004,904,172:28:32,7,[PeopleData_id:0]
6566004,905,172:28:32,7,[PeopleData_id:0,RankTypes_id:-1,RankTypes_id:1]
6566004,901,172:28:32,7,[PeopleData_id:8]
6566004,904,172:28:32,7,[PeopleData_id:8]
6566004,905,172:28:33,7,[PeopleData_id:8,RankTypes_id:-1,RankTypes_id:1]
6566004,901,172:28:33,7,[PeopleData_id:4]
6566004,904,172:28:33,7,[PeopleData_id:4]
6566004,905,172:28:34,7,[PeopleData_id:4,RankTypes_id:-1,RankTypes_id:1]
6566004,901,172:28:34,7,[PeopleData_id:3]
6566004,904,172:28:34,7,[PeopleData_id:3]
6566004,905,172:28:35,7,[PeopleData_id:3,RankTypes_id:-1,RankTypes_id:1]
6566004,901,172:28:36,7,[PeopleData_id:2]
6566004,904,172:28:36,7,[PeopleData_id:2]
6566004,905,172:28:36,7,[PeopleData_id:2,RankTypes_id:-1,RankTypes_id:1]
6566004,901,172:28:37,7,[PeopleData_id:3]
6566004,904,172:28:37,7,[PeopleData_id:3]
6566004,905,172:28:39,7,[PeopleData_id:3,RankTypes_id:1,RankTypes_id:1]
6566004,901,172:28:39,7,[PeopleData_id:2]
6566004,904,172:28:39,7,[PeopleData_id:2]
6566004,905,172:28:40,7,[PeopleData_id:2,RankTypes_id:1,RankTypes_id:1]
6566004,901,172:28:40,7,[PeopleData_id:3]
6566004,904,172:28:40,7,[PeopleData_id:3]
6566004,905,172:28:41,7,[PeopleData_id:3,RankTypes_id:1,RankTypes_id:1]
6566004,901,172:28:42,7,[PeopleData_id:0]
6566004,905,172:28:42,7,[PeopleData_id:0,RankTypes_id:1,RankTypes_id:1]
6566004,901,172:28:43,7,[PeopleData_id:0]
6566004,904,172:28:43,7,[PeopleData_id:0]
6566004,905,172:28:43,7,[PeopleData_id:0,RankTypes_id:1,RankTypes_id:1]
6566004,901,172:28:44,7,[PeopleData_id:0]
6566004,904,172:28:44,7,[PeopleData_id:0]
6566004,901,172:28:46,7,[PeopleData_id:8]
6566004,904,172:28:46,7,[PeopleData_id:8]
6566004,905,172:28:46,7,[PeopleData_id:8,RankTypes_id:1,RankTypes_id:2]
6566004,901,172:28:47,7,[PeopleData_id:0]
6566004,904,172:28:47,7,[PeopleData_id:0]
6566004,905,172:28:47,7,[PeopleData_id:0,RankTypes_id:1,RankTypes_id:1]
6566004,901,172:28:48,7,[PeopleData_id:0]
6566004,905,172:28:48,7,[PeopleData_id:0,RankTypes_id:1,RankTypes_id:1]
6566004,901,172:28:48,7,[PeopleData_id:0]
6566004,905,172:28:48,7,[PeopleData_id:0,RankTypes_id:1,RankTypes_id:1]
6566004,901,172:28:49,7,[PeopleData_id:0]
6566004,904,172:28:49,7,[PeopleData_id:0]
6566004,905,172:28:49,7,[PeopleData_id:0,RankTypes_id:1,RankTypes_id:1]
6566004,901,172:28:49,7,[PeopleData_id:8]
6566004,904,172:28:49,7,[PeopleData_id:8]
6566004,905,172:28:50,7,[PeopleData_id:8,RankTypes_id:2,RankTypes_id:1]
6566004,901,172:28:50,7,[PeopleData_id:4]
6566004,904,172:28:50,7,[PeopleData_id:4]
6566004,905,172:28:51,7,[PeopleData_id:4,RankTypes_id:1,RankTypes_id:2]
6566004,901,172:28:52,7,[PeopleData_id:2]
6566004,904,172:28:52,7,[PeopleData_id:2]
6566004,905,172:28:52,7,[PeopleData_id:2,RankTypes_id:1,RankTypes_id:1]
6566004,901,172:28:53,7,[PeopleData_id:4]
6566004,904,172:28:53,7,[PeopleData_id:4]
6566004,905,172:28:53,7,[PeopleData_id:4,RankTypes_id:2,RankTypes_id:1]
6566004,901,172:28:54,7,[PeopleData_id:3]
6566004,904,172:28:54,7,[PeopleData_id:3]
6566004,905,172:28:54,7,[PeopleData_id:3,RankTypes_id:1,RankTypes_id:1]
6566004,901,172:28:56,7,[PeopleData_id:5]
6566004,904,172:28:56,7,[PeopleData_id:5]
6566004,905,172:28:57,7,[PeopleData_id:5,RankTypes_id:-1,RankTypes_id:1]
6566004,901,172:28:58,7,[PeopleData_id:6]
6566004,904,172:28:58,7,[PeopleData_id:6]
6566004,901,172:28:59,7,[PeopleData_id:9]
6566004,904,172:29:0,7,[PeopleData_id:9]
6566004,901,172:29:1,7,[PeopleData_id:1]
6566004,901,172:29:1,7,[PeopleData_id:1]
6566004,904,172:29:1,7,[PeopleData_id:1]
6566004,905,172:29:2,7,[PeopleData_id:1,RankTypes_id:-1,RankTypes_id:3]
6566004,901,172:29:3,7,[PeopleData_id:1]
6566004,904,172:29:3,7,[PeopleData_id:1]
6566004,901,172:29:4,7,[PeopleData_id:7]
6566004,904,172:29:4,7,[PeopleData_id:7]
6566004,905,172:29:4,7,[PeopleData_id:7,RankTypes_id:-1,RankTypes_id:3]
6566004,901,172:29:5,7,[PeopleData_id:9]
6566004,904,172:29:5,7,[PeopleData_id:9]
6566004,905,172:29:6,7,[PeopleData_id:9,RankTypes_id:-1,RankTypes_id:3]
6566004,901,172:29:6,7,[PeopleData_id:6]
6566004,904,172:29:6,7,[PeopleData_id:6]
6566004,905,172:29:7,7,[PeopleData_id:6,RankTypes_id:-1,RankTypes_id:3]
6566004,906,172:29:7,7,[]
6566004,907,172:29:10,7,[]
6566004,908,172:29:10,7,[InvitationData_id:3,PeopleData_id:2,RankTypes_id:1]
6566004,909,172:29:19,7,[InvitationData_id:3,PeopleData_id:2,RankTypes_id:1,0]
6566004,910,172:29:20,7,[InvitationData_id:3,0,false]
6566004,908,172:29:20,7,[InvitationData_id:2,PeopleData_id:2,RankTypes_id:1]
6566004,901,172:29:22,7,[PeopleData_id:9]
6566004,901,172:29:23,7,[PeopleData_id:9]
6566004,901,172:29:23,7,[PeopleData_id:9]
6566004,901,172:29:24,7,[PeopleData_id:9]
6566004,901,172:29:26,7,[PeopleData_id:9]
6566004,909,172:29:29,7,[InvitationData_id:2,PeopleData_id:2,RankTypes_id:1,1]
6566004,910,172:29:30,7,[InvitationData_id:2,3,false]
6566004,908,172:29:30,7,[InvitationData_id:0,PeopleData_id:8,RankTypes_id:1]
6566004,909,172:29:35,7,[InvitationData_id:0,PeopleData_id:8,RankTypes_id:1,1]
6566004,910,172:29:36,7,[InvitationData_id:0,3,false]
6566004,908,172:29:36,7,[InvitationData_id:11,PeopleData_id:1,RankTypes_id:3]
6566004,909,172:29:39,7,[InvitationData_id:11,PeopleData_id:1,RankTypes_id:3,0]
6566004,910,172:29:40,7,[InvitationData_id:11,-7,false]
6566004,908,172:29:40,7,[InvitationData_id:10,PeopleData_id:0,RankTypes_id:1]
6566004,909,172:29:50,7,[InvitationData_id:10,PeopleData_id:0,RankTypes_id:1,0]
6566004,910,172:29:51,7,[InvitationData_id:10,0,false]
6566004,908,172:29:51,7,[InvitationData_id:9,PeopleData_id:7,RankTypes_id:3]
6566004,909,172:29:57,7,[InvitationData_id:9,PeopleData_id:7,RankTypes_id:3,0]
6566004,910,172:29:58,7,[InvitationData_id:9,-7,false]
6566004,908,172:29:58,7,[InvitationData_id:4,PeopleData_id:6,RankTypes_id:3]
6566004,909,172:30:0,7,[InvitationData_id:4,PeopleData_id:6,RankTypes_id:3,1]
6566004,910,172:30:2,7,[InvitationData_id:4,7,false]
6566004,908,172:30:2,7,[InvitationData_id:6,PeopleData_id:1,RankTypes_id:3]
6566004,909,172:30:6,7,[InvitationData_id:6,PeopleData_id:1,RankTypes_id:3,0]
6566004,910,172:30:7,7,[InvitationData_id:6,-7,false]
6566004,908,172:30:7,7,[InvitationData_id:1,PeopleData_id:6,RankTypes_id:3]
6566004,909,172:30:10,7,[InvitationData_id:1,PeopleData_id:6,RankTypes_id:3,1]
6566004,910,172:30:10,7,[InvitationData_id:1,7,false]
6566004,908,172:30:10,7,[InvitationData_id:7,PeopleData_id:6,RankTypes_id:3]
6566004,909,172:30:12,7,[InvitationData_id:7,PeopleData_id:6,RankTypes_id:3,0]
6566004,910,172:30:13,7,[InvitationData_id:7,-7,false]
6566004,908,172:30:13,7,[InvitationData_id:5,PeopleData_id:3,RankTypes_id:1]
6566004,909,172:30:15,7,[InvitationData_id:5,PeopleData_id:3,RankTypes_id:1,1]
6566004,910,172:30:16,7,[InvitationData_id:5,3,false]
6566004,908,172:30:16,7,[InvitationData_id:8,PeopleData_id:9,RankTypes_id:3]
6566004,909,172:30:20,7,[InvitationData_id:8,PeopleData_id:9,RankTypes_id:3,1]
6566004,910,172:30:21,7,[InvitationData_id:8,0,true]
6566004,911,172:30:22,7,[-5,1,1,1]
6566004,1000,172:30:26,7,[]
6566004,900,172:30:28,7,[]
6566004,901,172:30:29,7,[PeopleData_id:4]
6566004,904,172:30:29,7,[PeopleData_id:4]
6566004,905,172:30:29,7,[PeopleData_id:4,RankTypes_id:-1,RankTypes_id:1]
6566004,901,172:30:30,7,[PeopleData_id:1]
6566004,904,172:30:30,7,[PeopleData_id:1]
6566004,905,172:30:31,7,[PeopleData_id:1,RankTypes_id:-1,RankTypes_id:1]
6566004,901,172:30:32,7,[PeopleData_id:1]
6566004,904,172:30:32,7,[PeopleData_id:1]
6566004,901,172:30:32,7,[PeopleData_id:5]
6566004,904,172:30:33,7,[PeopleData_id:5]
6566004,905,172:30:33,7,[PeopleData_id:5,RankTypes_id:-1,RankTypes_id:1]
6566004,901,172:30:35,7,[PeopleData_id:1]
6566004,904,172:30:35,7,[PeopleData_id:1]
6566004,905,172:30:36,7,[PeopleData_id:1,RankTypes_id:1,RankTypes_id:1]
6566004,901,172:30:36,7,[PeopleData_id:5]
6566004,904,172:30:36,7,[PeopleData_id:5]
6566004,905,172:30:36,7,[PeopleData_id:5,RankTypes_id:1,RankTypes_id:1]
6566004,901,172:30:36,7,[PeopleData_id:1]
6566004,904,172:30:37,7,[PeopleData_id:1]
6566004,905,172:30:37,7,[PeopleData_id:1,RankTypes_id:1,RankTypes_id:1]
6566004,901,172:30:37,7,[PeopleData_id:6]
6566004,901,172:30:38,7,[PeopleData_id:6]
6566004,904,172:30:38,7,[PeopleData_id:6]
6566004,905,172:30:39,7,[PeopleData_id:6,RankTypes_id:-1,RankTypes_id:1]
6566004,901,172:30:41,7,[PeopleData_id:6]
6566004,904,172:30:41,7,[PeopleData_id:6]
6566004,905,172:30:41,7,[PeopleData_id:6,RankTypes_id:1,RankTypes_id:1]
6566004,901,172:30:42,7,[PeopleData_id:0]
6566004,904,172:30:42,7,[PeopleData_id:0]
6566004,905,172:30:43,7,[PeopleData_id:0,RankTypes_id:-1,RankTypes_id:1]
6566004,901,172:30:46,7,[PeopleData_id:2]
6566004,904,172:30:46,7,[PeopleData_id:2]
6566004,905,172:30:47,7,[PeopleData_id:2,RankTypes_id:-1,RankTypes_id:1]
6566004,901,172:30:48,7,[PeopleData_id:7]
6566004,904,172:30:49,7,[PeopleData_id:7]
6566004,905,172:30:49,7,[PeopleData_id:7,RankTypes_id:-1,RankTypes_id:1]
6566004,901,172:30:50,7,[PeopleData_id:8]
6566004,904,172:30:50,7,[PeopleData_id:8]
6566004,905,172:30:51,7,[PeopleData_id:8,RankTypes_id:-1,RankTypes_id:1]
6566004,901,172:30:51,7,[PeopleData_id:9]
6566004,904,172:30:52,7,[PeopleData_id:9]
6566004,905,172:30:53,7,[PeopleData_id:9,RankTypes_id:-1,RankTypes_id:1]
6566004,901,172:30:53,7,[PeopleData_id:3]
6566004,904,172:30:53,7,[PeopleData_id:3]
6566004,905,172:30:54,7,[PeopleData_id:3,RankTypes_id:-1,RankTypes_id:1]
6566004,906,172:30:54,7,[]
6566004,907,172:30:54,7,[]
6566004,908,172:30:54,7,[InvitationData_id:8,PeopleData_id:9,RankTypes_id:1]
6566004,909,172:31:0,7,[InvitationData_id:8,PeopleData_id:9,RankTypes_id:1,0]
6566004,910,172:31:1,7,[InvitationData_id:8,0,false]
6566004,908,172:31:1,7,[InvitationData_id:5,PeopleData_id:3,RankTypes_id:1]
6566004,909,172:31:3,7,[InvitationData_id:5,PeopleData_id:3,RankTypes_id:1,1]
6566004,910,172:31:4,7,[InvitationData_id:5,3,false]
6566004,908,172:31:4,7,[InvitationData_id:11,PeopleData_id:1,RankTypes_id:1]
6566004,909,172:31:8,7,[InvitationData_id:11,PeopleData_id:1,RankTypes_id:1,0]
6566004,910,172:31:8,7,[InvitationData_id:11,0,false]
6566004,908,172:31:8,7,[InvitationData_id:3,PeopleData_id:2,RankTypes_id:1]
6566004,909,172:31:11,7,[InvitationData_id:3,PeopleData_id:2,RankTypes_id:1,0]
6566004,910,172:31:11,7,[InvitationData_id:3,0,false]
6566004,908,172:31:11,7,[InvitationData_id:10,PeopleData_id:0,RankTypes_id:1]
6566004,909,172:31:13,7,[InvitationData_id:10,PeopleData_id:0,RankTypes_id:1,0]
6566004,910,172:31:14,7,[InvitationData_id:10,0,false]
6566004,908,172:31:14,7,[InvitationData_id:6,PeopleData_id:1,RankTypes_id:1]
6566004,909,172:31:16,7,[InvitationData_id:6,PeopleData_id:1,RankTypes_id:1,0]
6566004,910,172:31:17,7,[InvitationData_id:6,0,false]
6566004,908,172:31:17,7,[InvitationData_id:9,PeopleData_id:5,RankTypes_id:1]
6566004,909,172:31:19,7,[InvitationData_id:9,PeopleData_id:5,RankTypes_id:1,0]
6566004,910,172:31:19,7,[InvitationData_id:9,0,false]
6566004,908,172:31:19,7,[InvitationData_id:0,PeopleData_id:8,RankTypes_id:1]
6566004,909,172:31:21,7,[InvitationData_id:0,PeopleData_id:8,RankTypes_id:1,1]
6566004,910,172:31:22,7,[InvitationData_id:0,3,false]
6566004,908,172:31:22,7,[InvitationData_id:2,PeopleData_id:2,RankTypes_id:1]
6566004,909,172:31:23,7,[InvitationData_id:2,PeopleData_id:2,RankTypes_id:1,1]
6566004,910,172:31:24,7,[InvitationData_id:2,3,false]
6566004,908,172:31:24,7,[InvitationData_id:1,PeopleData_id:3,RankTypes_id:1]
6566004,909,172:31:26,7,[InvitationData_id:1,PeopleData_id:3,RankTypes_id:1,1]
6566004,910,172:31:27,7,[InvitationData_id:1,3,false]
6566004,908,172:31:27,7,[InvitationData_id:4,PeopleData_id:6,RankTypes_id:1]
6566004,909,172:31:28,7,[InvitationData_id:4,PeopleData_id:6,RankTypes_id:1,1]
6566004,910,172:31:29,7,[InvitationData_id:4,3,false]
6566004,908,172:31:29,7,[InvitationData_id:7,PeopleData_id:6,RankTypes_id:1]
6566004,909,172:31:31,7,[InvitationData_id:7,PeopleData_id:6,RankTypes_id:1,0]
6566004,910,172:31:32,7,[InvitationData_id:7,0,false]
6566004,911,172:31:34,7,[15,0,1,0]
6566004,1002,172:31:38,7
6566004,1003,172:31:38,2
6566004,1004,172:31:42,8
6566004,900,172:31:44,8,[]
6566004,901,172:31:45,8,[PeopleData_id:7]
6566004,904,172:31:45,8,[PeopleData_id:7]
6566004,905,172:31:47,8,[PeopleData_id:7,RankTypes_id:-1,RankTypes_id:1]
6566004,901,172:31:47,8,[PeopleData_id:2]
6566004,904,172:31:47,8,[PeopleData_id:2]
6566004,905,172:31:48,8,[PeopleData_id:2,RankTypes_id:-1,RankTypes_id:1]
6566004,901,172:31:48,8,[PeopleData_id:3]
6566004,904,172:31:48,8,[PeopleData_id:3]
6566004,905,172:31:49,8,[PeopleData_id:3,RankTypes_id:-1,RankTypes_id:1]
6566004,901,172:31:49,8,[PeopleData_id:9]
6566004,904,172:31:49,8,[PeopleData_id:9]
6566004,905,172:31:50,8,[PeopleData_id:9,RankTypes_id:-1,RankTypes_id:1]
6566004,901,172:31:50,8,[PeopleData_id:0]
6566004,904,172:31:50,8,[PeopleData_id:0]
6566004,905,172:31:51,8,[PeopleData_id:0,RankTypes_id:-1,RankTypes_id:1]
6566004,901,172:31:52,8,[PeopleData_id:6]
6566004,904,172:31:52,8,[PeopleData_id:6]
6566004,905,172:31:52,8,[PeopleData_id:6,RankTypes_id:-1,RankTypes_id:1]
6566004,901,172:31:53,8,[PeopleData_id:1]
6566004,904,172:31:53,8,[PeopleData_id:1]
6566004,905,172:31:54,8,[PeopleData_id:1,RankTypes_id:-1,RankTypes_id:1]
6566004,901,172:31:55,8,[PeopleData_id:8]
6566004,904,172:31:55,8,[PeopleData_id:8]
6566004,905,172:31:55,8,[PeopleData_id:8,RankTypes_id:-1,RankTypes_id:1]
6566004,901,172:32:3,8,[PeopleData_id:5]
6566004,904,172:32:3,8,[PeopleData_id:5]
6566004,905,172:32:4,8,[PeopleData_id:5,RankTypes_id:-1,RankTypes_id:1]
6566004,901,172:32:4,8,[PeopleData_id:4]
6566004,904,172:32:4,8,[PeopleData_id:4]
6566004,905,172:32:5,8,[PeopleData_id:4,RankTypes_id:-1,RankTypes_id:1]
6566004,906,172:32:5,8,[]
6566004,907,172:32:6,8,[]
6566004,908,172:32:6,8,[InvitationData_id:0,PeopleData_id:0,RankTypes_id:1]
6566004,909,172:32:9,8,[InvitationData_id:0,PeopleData_id:0,RankTypes_id:1,0]
6566004,910,172:32:10,8,[InvitationData_id:0,0,false]
6566004,908,172:32:10,8,[InvitationData_id:5,PeopleData_id:4,RankTypes_id:1]
6566004,909,172:32:15,8,[InvitationData_id:5,PeopleData_id:4,RankTypes_id:1,0]
6566004,910,172:32:16,8,[InvitationData_id:5,0,false]
6566004,908,172:32:16,8,[InvitationData_id:9,PeopleData_id:7,RankTypes_id:1]
6566004,909,172:32:19,8,[InvitationData_id:9,PeopleData_id:7,RankTypes_id:1,1]
6566004,910,172:32:19,8,[InvitationData_id:9,3,false]
6566004,908,172:32:19,8,[InvitationData_id:3,PeopleData_id:6,RankTypes_id:1]
6566004,909,172:32:23,8,[InvitationData_id:3,PeopleData_id:6,RankTypes_id:1,0]
6566004,910,172:32:24,8,[InvitationData_id:3,0,false]
6566004,908,172:32:24,8,[InvitationData_id:2,PeopleData_id:4,RankTypes_id:1]
6566004,909,172:32:27,8,[InvitationData_id:2,PeopleData_id:4,RankTypes_id:1,0]
6566004,910,172:32:28,8,[InvitationData_id:2,0,false]
6566004,908,172:32:28,8,[InvitationData_id:11,PeopleData_id:1,RankTypes_id:1]
6566004,909,172:32:34,8,[InvitationData_id:11,PeopleData_id:1,RankTypes_id:1,1]
6566004,910,172:32:34,8,[InvitationData_id:11,3,false]
6566004,908,172:32:34,8,[InvitationData_id:6,PeopleData_id:7,RankTypes_id:1]
6566004,909,172:32:41,8,[InvitationData_id:6,PeopleData_id:7,RankTypes_id:1,1]
6566004,910,172:32:41,8,[InvitationData_id:6,3,false]
6566004,908,172:32:41,8,[InvitationData_id:10,PeopleData_id:0,RankTypes_id:1]
6566004,909,172:32:44,8,[InvitationData_id:10,PeopleData_id:0,RankTypes_id:1,1]
6566004,910,172:32:44,8,[InvitationData_id:10,3,false]
6566004,908,172:32:44,8,[InvitationData_id:1,PeopleData_id:3,RankTypes_id:1]
6566004,909,172:32:50,8,[InvitationData_id:1,PeopleData_id:3,RankTypes_id:1,0]
6566004,910,172:32:51,8,[InvitationData_id:1,0,false]
6566004,908,172:32:51,8,[InvitationData_id:4,PeopleData_id:3,RankTypes_id:1]
6566004,909,172:32:56,8,[InvitationData_id:4,PeopleData_id:3,RankTypes_id:1,0]
6566004,910,172:32:57,8,[InvitationData_id:4,0,false]
6566004,908,172:32:57,8,[InvitationData_id:7,PeopleData_id:5,RankTypes_id:1]
6566004,909,172:33:0,8,[InvitationData_id:7,PeopleData_id:5,RankTypes_id:1,1]
6566004,910,172:33:1,8,[InvitationData_id:7,3,false]
6566004,908,172:33:1,8,[InvitationData_id:12,PeopleData_id:0,RankTypes_id:1]
6566004,909,172:33:4,8,[InvitationData_id:12,PeopleData_id:0,RankTypes_id:1,1]
6566004,910,172:33:5,8,[InvitationData_id:12,3,false]
6566004,908,172:33:5,8,[InvitationData_id:8,PeopleData_id:0,RankTypes_id:1]
6566004,909,172:33:10,8,[InvitationData_id:8,PeopleData_id:0,RankTypes_id:1,1]
6566004,910,172:33:10,8,[InvitationData_id:8,3,false]
6566004,911,172:33:11,8,[21,0,0,0]
6566004,1001,172:33:13,8,[]
6566004,1003,172:33:13,2
6566004,1004,172:33:16,5
6566004,900,172:33:17,5,[]
6566004,901,172:33:19,5,[PeopleData_id:6]
6566004,904,172:33:19,5,[PeopleData_id:6]
6566004,905,172:33:20,5,[PeopleData_id:6,RankTypes_id:-1,RankTypes_id:1]
6566004,901,172:33:20,5,[PeopleData_id:3]
6566004,904,172:33:20,5,[PeopleData_id:3]
6566004,905,172:33:20,5,[PeopleData_id:3,RankTypes_id:-1,RankTypes_id:1]
6566004,901,172:33:21,5,[PeopleData_id:0]
6566004,904,172:33:21,5,[PeopleData_id:0]
6566004,905,172:33:21,5,[PeopleData_id:0,RankTypes_id:-1,RankTypes_id:1]
6566004,901,172:33:22,5,[PeopleData_id:5]
6566004,904,172:33:22,5,[PeopleData_id:5]
6566004,905,172:33:22,5,[PeopleData_id:5,RankTypes_id:-1,RankTypes_id:1]
6566004,901,172:33:24,5,[PeopleData_id:4]
6566004,904,172:33:24,5,[PeopleData_id:4]
6566004,905,172:33:24,5,[PeopleData_id:4,RankTypes_id:-1,RankTypes_id:1]
6566004,901,172:33:25,5,[PeopleData_id:2]
6566004,904,172:33:25,5,[PeopleData_id:2]
6566004,905,172:33:25,5,[PeopleData_id:2,RankTypes_id:-1,RankTypes_id:1]
6566004,901,172:33:26,5,[PeopleData_id:1]
6566004,904,172:33:26,5,[PeopleData_id:1]
6566004,905,172:33:26,5,[PeopleData_id:1,RankTypes_id:-1,RankTypes_id:1]
6566004,901,172:33:27,5,[PeopleData_id:7]
6566004,904,172:33:28,5,[PeopleData_id:7]
6566004,905,172:33:28,5,[PeopleData_id:7,RankTypes_id:-1,RankTypes_id:1]
6566004,906,172:33:28,5,[]
6566004,907,172:33:29,5,[]
6566004,908,172:33:29,5,[InvitationData_id:8,PeopleData_id:1,RankTypes_id:1]
6566004,909,172:33:31,5,[InvitationData_id:8,PeopleData_id:1,RankTypes_id:1,1]
6566004,910,172:33:32,5,[InvitationData_id:8,3,false]
6566004,908,172:33:32,5,[InvitationData_id:2,PeopleData_id:1,RankTypes_id:1]
6566004,909,172:33:38,5,[InvitationData_id:2,PeopleData_id:1,RankTypes_id:1,1]
6566004,910,172:33:39,5,[InvitationData_id:2,3,false]
6566004,908,172:33:39,5,[InvitationData_id:11,PeopleData_id:0,RankTypes_id:1]
6566004,909,172:33:42,5,[InvitationData_id:11,PeopleData_id:0,RankTypes_id:1,1]
6566004,910,172:33:43,5,[InvitationData_id:11,3,false]
6566004,908,172:33:43,5,[InvitationData_id:10,PeopleData_id:3,RankTypes_id:1]
6566004,909,172:33:46,5,[InvitationData_id:10,PeopleData_id:3,RankTypes_id:1,0]
6566004,910,172:33:48,5,[InvitationData_id:10,0,false]
6566004,908,172:33:48,5,[InvitationData_id:3,PeopleData_id:3,RankTypes_id:1]
6566004,909,172:33:51,5,[InvitationData_id:3,PeopleData_id:3,RankTypes_id:1,0]
6566004,910,172:33:53,5,[InvitationData_id:3,0,false]
6566004,908,172:33:53,5,[InvitationData_id:6,PeopleData_id:0,RankTypes_id:1]
6566004,909,172:33:58,5,[InvitationData_id:6,PeopleData_id:0,RankTypes_id:1,1]
6566004,910,172:33:58,5,[InvitationData_id:6,3,false]
6566004,908,172:33:58,5,[InvitationData_id:4,PeopleData_id:3,RankTypes_id:1]
6566004,909,172:34:0,5,[InvitationData_id:4,PeopleData_id:3,RankTypes_id:1,0]
6566004,910,172:34:1,5,[InvitationData_id:4,0,false]
6566004,908,172:34:1,5,[InvitationData_id:1,PeopleData_id:1,RankTypes_id:1]
6566004,909,172:34:7,5,[InvitationData_id:1,PeopleData_id:1,RankTypes_id:1,1]
6566004,910,172:34:8,5,[InvitationData_id:1,3,false]
6566004,908,172:34:8,5,[InvitationData_id:9,PeopleData_id:2,RankTypes_id:1]
6566004,909,172:34:10,5,[InvitationData_id:9,PeopleData_id:2,RankTypes_id:1,0]
6566004,910,172:34:10,5,[InvitationData_id:9,0,false]
6566004,908,172:34:10,5,[InvitationData_id:5,PeopleData_id:2,RankTypes_id:1]
6566004,909,172:34:12,5,[InvitationData_id:5,PeopleData_id:2,RankTypes_id:1,0]
6566004,910,172:34:13,5,[InvitationData_id:5,0,false]
6566004,908,172:34:13,5,[InvitationData_id:7,PeopleData_id:5,RankTypes_id:1]
6566004,909,172:34:15,5,[InvitationData_id:7,PeopleData_id:5,RankTypes_id:1,1]
6566004,910,172:34:16,5,[InvitationData_id:7,3,false]
6566004,908,172:34:16,5,[InvitationData_id:0,PeopleData_id:5,RankTypes_id:1]
6566004,909,172:34:23,5,[InvitationData_id:0,PeopleData_id:5,RankTypes_id:1,0]
6566004,910,172:34:24,5,[InvitationData_id:0,0,false]
6566004,911,172:34:25,5,[18,0,1,0]
6566004,1001,172:34:28,5,[]
6566004,1003,172:34:28,2
6566004,1004,172:34:28,7
6566004,1002,172:34:31,7
6566004,1003,172:34:31,2
6566004,210,172:34:34,572,432
6566004,211,172:34:35,684,599
6566004,212,172:34:36,1
6566004,210,172:34:36,705,574
6566004,211,172:34:37,694,582
6566004,212,172:34:38,0
6566004,210,172:34:38,713,569
6566004,211,172:34:43,1021,392
6566004,210,172:34:44,906,383
6566004,211,172:34:45,1022,366
6566004,219,172:34:46,8
6566004,216,172:34:48,Stack_G11a0
6566004,217,172:34:56,Stack_G11a0,7.5,7.9
6566004,216,172:34:57,Stack_G11a0
6566004,217,172:35:13,Stack_G11a0,14,1.7
6566004,218,172:35:16,8
6566004,210,172:35:19,611,517
6566004,211,172:35:23,329,692
6566004,210,172:35:24,608,385
6566004,211,172:35:28,381,195
6566004,213,172:35:28,8,s_poster_F_gen,true
6566004,1003,172:35:30,0
6566004,1004,172:35:33,7
6566004,400,172:35:35,7,[]
6566004,401,172:35:37,7,[StatementsData_logId:0]
6566004,403,172:35:40,7,[StatementsData_logId:0,true]
6566004,405,172:35:40,7,[StatementsData_logId:0]
6566004,406,172:35:41,7,[StatementsData_logId:0,2]
6566004,407,172:35:41,7,[StatementsData_logId:0,FactCardData_id:13]
6566004,407,172:35:41,7,[StatementsData_logId:0,FactCardData_id:16]
6566004,407,172:35:41,7,[StatementsData_logId:0,FactCardData_id:10]
6566004,407,172:35:41,7,[StatementsData_logId:0,FactCardData_id:12]
6566004,407,172:35:41,7,[StatementsData_logId:0,FactCardData_id:14]
6566004,407,172:35:41,7,[StatementsData_logId:0,FactCardData_id:15]
6566004,407,172:35:42,7,[StatementsData_logId:0,FactCardData_id:13]
6566004,407,172:35:42,7,[StatementsData_logId:0,FactCardData_id:13]
6566004,408,172:35:43,7,[StatementsData_logId:0,FactCardData_id:13,false]
6566004,406,172:35:44,7,[StatementsData_logId:0,-2]
6566004,411,172:35:47,7,[StatementsData_logId:0]
6566004,401,172:35:49,7,[StatementsData_logId:1]
6566004,403,172:35:51,7,[StatementsData_logId:1,false]
6566004,405,172:35:52,7,[StatementsData_logId:1]
6566004,406,172:35:53,7,[StatementsData_logId:1,-2]
6566004,411,172:35:54,7,[StatementsData_logId:1]
6566004,1002,172:35:57,7
6566004,1003,172:35:57,0
6566004,210,172:36:12,845,360
6566004,211,172:36:14,585,691
6566004,207,172:36:16,8,-200,-140
6566004,210,172:36:16,236,448
6566004,207,172:36:16,8,-140,0
6566004,211,172:36:18,224,495
6566004,210,172:36:20,674,625
6566004,211,172:36:20,674,625
6566004,212,172:36:20,1
6566004,210,172:36:21,422,626
6566004,211,172:36:27,1052,416
6566004,207,172:36:27,8,0,-45
6566004,207,172:36:28,8,-45,-90
6566004,210,172:36:28,1011,353
6566004,211,172:36:29,1139,401
6566004,207,172:36:29,8,-90,-135
6566004,207,172:36:30,8,-135,-180
6566004,210,172:36:30,1171,394
6566004,211,172:36:30,1277,376
6566004,207,172:36:30,8,-180,-255
6566004,210,172:36:31,1343,384
6566004,207,172:36:31,8,-255,-390
6566004,211,172:36:32,1268,361
6566004,213,172:36:32,8,s_window_F_G11a1N,false
6566004,1003,172:36:36,1
6566004,1004,172:36:42,2
6566004,1002,172:36:46,2
6566004,1003,172:36:46,1
6566004,204,172:36:50,8
6566004,100,172:36:53,5
6566004,102,172:36:54,5
6566004,200,172:36:54,5,7,8,12,12,18
6566004,210,172:36:57,700,433
6566004,211,172:36:58,651,523
6566004,210,172:37:1,864,296
6566004,211,172:37:5,838,393
6566004,210,172:37:11,1016,455
6566004,207,172:37:12,5,-200,-365
6566004,211,172:37:12,1423,350
6566004,207,172:37:12,5,-365,-425
6566004,210,172:37:13,1308,459
6566004,211,172:37:14,1319,446
6566004,212,172:37:15,0
6566004,210,172:37:15,1374,526
6566004,207,172:37:15,5,-425,-545
6566004,207,172:37:17,5,-545,-815
6566004,207,172:37:18,5,-815,-995
6566004,211,172:37:24,1542,566
6566004,213,172:37:24,5,s_beerBottle_G9b1N,true
6566004,1003,172:37:29,0
6566004,1004,172:37:32,5
6566004,400,172:37:34,5,[]
6566004,401,172:37:37,5,[StatementsData_logId:0]
6566004,403,172:37:41,5,[StatementsData_logId:0,true]
6566004,405,172:37:42,5,[StatementsData_logId:0]
6566004,406,172:37:43,5,[StatementsData_logId:0,2]
6566004,407,172:37:43,5,[StatementsData_logId:0,FactCardData_id:26]
6566004,407,172:37:43,5,[StatementsData_logId:0,FactCardData_id:4]
6566004,407,172:37:43,5,[StatementsData_logId:0,FactCardData_id:1]
6566004,407,172:37:43,5,[StatementsData_logId:0,FactCardData_id:27]
6566004,407,172:37:43,5,[StatementsData_logId:0,FactCardData_id:24]
6566004,407,172:37:43,5,[StatementsData_logId:0,FactCardData_id:5]
6566004,407,172:37:44,5,[StatementsData_logId:0,FactCardData_id:26]
6566004,407,172:37:44,5,[StatementsData_logId:0,FactCardData_id:26]
6566004,408,172:37:46,5,[StatementsData_logId:0,FactCardData_id:26,false]
6566004,406,172:37:47,5,[StatementsData_logId:0,-2]
6566004,411,172:37:48,5,[StatementsData_logId:0]
6566004,401,172:37:55,5,[StatementsData_logId:1]
6566004,404,172:37:57,5,[StatementsData_logId:1,true]
6566004,406,172:37:58,5,[StatementsData_logId:1,2]
6566004,412,172:37:59,5,[StatementsData_logId:1]
6566004,413,172:38:5,5,[StatementsData_logId:1,DuelResponsesData_logId:3]
6566004,414,172:38:6,5,[StatementsData_logId:1,DuelResponsesData_logId:3]
6566004,415,172:38:21,5,[StatementsData_logId:1,DuelResponsesData_logId:3,DuelResponsesData_ok_player_response]
6566004,416,172:38:21,5,[StatementsData_logId:1,DuelResponsesData_logId:3]
6566004,417,172:38:22,5,[StatementsData_logId:1,DuelResponsesData_logId:3]
6566004,413,172:38:23,5,[StatementsData_logId:1,DuelResponsesData_logId:4]
6566004,414,172:38:25,5,[StatementsData_logId:1,DuelResponsesData_logId:4]
6566004,415,172:38:36,5,[StatementsData_logId:1,DuelResponsesData_logId:4,DuelResponsesData_witty_player_response]
6566004,416,172:38:37,5,[StatementsData_logId:1,DuelResponsesData_logId:4]
6566004,417,172:38:38,5,[StatementsData_logId:1,DuelResponsesData_logId:4]
6566004,413,172:38:39,5,[StatementsData_logId:1,DuelResponsesData_logId:5]
6566004,414,172:38:40,5,[StatementsData_logId:1,DuelResponsesData_logId:5]
6566004,415,172:39:1,5,[StatementsData_logId:1,DuelResponsesData_logId:5,DuelResponsesData_witty_player_response]
6566004,416,172:39:1,5,[StatementsData_logId:1,DuelResponsesData_logId:5]
6566004,417,172:39:2,5,[StatementsData_logId:1,DuelResponsesData_logId:5]
6566004,418,172:39:2,5,[StatementsData_logId:1,true]
6566004,419,172:39:7,5,[StatementsData_logId:1,4]
6566004,411,172:39:9,5,[StatementsData_logId:1]
6566004,401,172:39:32,5,[StatementsData_logId:2]
6566004,403,172:39:33,5,[StatementsData_logId:2,true]
6566004,405,172:39:34,5,[StatementsData_logId:2]
6566004,406,172:39:34,5,[StatementsData_logId:2,2]
6566004,407,172:39:34,5,[StatementsData_logId:2,FactCardData_id:1]
6566004,407,172:39:34,5,[StatementsData_logId:2,FactCardData_id:4]
6566004,407,172:39:34,5,[StatementsData_logId:2,FactCardData_id:24]
6566004,407,172:39:34,5,[StatementsData_logId:2,FactCardData_id:27]
6566004,407,172:39:34,5,[StatementsData_logId:2,FactCardData_id:5]
6566004,407,172:39:34,5,[StatementsData_logId:2,FactCardData_id:26]
6566004,407,172:39:39,5,[StatementsData_logId:2,FactCardData_id:1]
6566004,407,172:39:39,5,[StatementsData_logId:2,FactCardData_id:1]
6566004,407,172:39:43,5,[StatementsData_logId:2,FactCardData_id:24]
6566004,407,172:39:43,5,[StatementsData_logId:2,FactCardData_id:1]
6566004,407,172:39:43,5,[StatementsData_logId:2,FactCardData_id:24]
6566004,408,172:39:46,5,[StatementsData_logId:2,FactCardData_id:24,true]
6566004,409,172:39:46,5,[StatementsData_logId:2]
6566004,410,172:39:47,5,[StatementsData_logId:2,2]
6566004,412,172:39:48,5,[StatementsData_logId:2]
6566004,413,172:39:53,5,[StatementsData_logId:2,DuelResponsesData_logId:6]
6566004,414,172:39:54,5,[StatementsData_logId:2,DuelResponsesData_logId:6]
6566004,415,172:40:8,5,[StatementsData_logId:2,DuelResponsesData_logId:6,DuelResponsesData_witty_player_response]
6566004,416,172:40:9,5,[StatementsData_logId:2,DuelResponsesData_logId:6]
6566004,417,172:40:9,5,[StatementsData_logId:2,DuelResponsesData_logId:6]
6566004,413,172:41:0,5,[StatementsData_logId:2,DuelResponsesData_logId:7]
6566004,414,172:41:1,5,[StatementsData_logId:2,DuelResponsesData_logId:7]
6566004,415,172:41:4,5,[StatementsData_logId:2,DuelResponsesData_logId:7,DuelResponsesData_ok_player_response]
6566004,416,172:41:5,5,[StatementsData_logId:2,DuelResponsesData_logId:7]
6566004,417,172:41:6,5,[StatementsData_logId:2,DuelResponsesData_logId:7]
6566004,413,172:41:10,5,[StatementsData_logId:2,DuelResponsesData_logId:8]
6566004,414,172:41:11,5,[StatementsData_logId:2,DuelResponsesData_logId:8]
6566004,415,172:41:15,5,[StatementsData_logId:2,DuelResponsesData_logId:8,DuelResponsesData_witty_player_response]
6566004,416,172:41:16,5,[StatementsData_logId:2,DuelResponsesData_logId:8]
6566004,417,172:41:19,5,[StatementsData_logId:2,DuelResponsesData_logId:8]
6566004,418,172:41:19,5,[StatementsData_logId:2,true]
6566004,419,172:41:21,5,[StatementsData_logId:2,4]
6566004,411,172:41:22,5,[StatementsData_logId:2]
6566004,401,172:41:26,5,[StatementsData_logId:3]
6566004,404,172:41:27,5,[StatementsData_logId:3,false]
6566004,405,172:41:27,5,[StatementsData_logId:3]
6566004,406,172:41:29,5,[StatementsData_logId:3,-2]
6566004,411,172:41:30,5,[StatementsData_logId:3]
6566004,401,172:41:39,5,[StatementsData_logId:4]
6566004,402,172:41:44,5,[StatementsData_logId:4,false]
6566004,405,172:41:44,5,[StatementsData_logId:4]
6566004,406,172:41:45,5,[StatementsData_logId:4,-2]
6566004,411,172:41:46,5,[StatementsData_logId:4]
6566004,1002,172:41:52,5
6566004,1003,172:41:52,0
6566004,204,172:41:58,5
6566004,103,172:41:59
6566004,105,172:42:0
6566004,703,172:42:2,[|| EpilogueItem ID: 0 unlocked: true ||,|| EpilogueItem ID: 1 unlocked: true ||,|| EpilogueItem ID: 2 unlocked: true ||,|| EpilogueItem ID: 3 unlocked: true ||,|| EpilogueItem ID: 4 unlocked: false ||,|| EpilogueItem ID: 5 unlocked: false ||,|| EpilogueItem ID: 6 unlocked: false ||,|| EpilogueItem ID: 7 unlocked: false ||,|| EpilogueItem ID: 8 unlocked: false ||,|| EpilogueItem ID: 9 unlocked: false ||,|| EpilogueItem ID: 10 unlocked: false ||,|| EpilogueItem ID: 11 unlocked: false ||,|| EpilogueItem ID: 12 unlocked: false ||,|| EpilogueItem ID: 13 unlocked: true ||,|| EpilogueItem ID: 14 unlocked: false ||,|| EpilogueItem ID: 15 unlocked: false ||,|| EpilogueItem ID: 16 unlocked: false ||,|| EpilogueItem ID: 17 unlocked: false ||,|| EpilogueItem ID: 18 unlocked: false ||,|| EpilogueItem ID: 19 unlocked: false ||,|| EpilogueItem ID: 20 unlocked: false ||,|| EpilogueItem ID: 21 unlocked: false ||,|| EpilogueItem ID: 22 unlocked: false ||,|| EpilogueItem ID: 23 unlocked: false ||,|| EpilogueItem ID: 24 unlocked: false ||],0.2
6566004,706,172:42:4,(x=2531, y=-100, w=1024, h=768),(x=2531, y=-100, w=1024, h=768)
6566004,708,172:42:5
6566004,1,172:42:5,12/5/2013 4:52:50pm,{"gameTime":621725033,"challengeStacks":[{"challengeScenes":[{"miniGameCards":[],"viewedAnimatic":true,"keyPoints":["c_teacherEng_G7a0","s_flag_gen","c_bestFriend_F_a_G7a0"],"unlocked":true,"touchableObjects":["s_otherStudent1_G7a0","s_atwoodPoster_gen","c_friend1_F_a_G7a0","c_teacherEng_G7a0","s_vocabAssignment_G7a0","s_doorClassroom_G7a0","c_crewKid1_F_G7a0","s_poePoster_gen","s_clock_G7a0","s_flag_gen","c_bestFriend_F_a_G7a0","s_shakespearePoster_gen"]},{"miniGameCards":[],"viewedAnimatic":true,"keyPoints":["c_bestFriend_F_a_G7a1N","c_teacherEng_G7a1N","s_paperPlayers_G7a1N"],"unlocked":true,"touchableObjects":["c_bestFriend_F_a_G7a1N","s_otherStudent1_G7a1N","s_poePoster_gen","c_teacherEng_G7a1N","s_atwoodPoster_gen","s_paperPlayers_G7a1N"]},{"miniGameCards":[],"viewedAnimatic":true,"keyPoints":["c_teacherEng_G7a1P","s_flag_gen","c_bestFriend_F_a_G7a1P","s_paperEnglish_gen"],"unlocked":true,"touchableObjects":["c_teacherEng_G7a1P","s_paperPlayers_G7a1P","s_angelouPoster_gen","s_flag_gen","c_bestFriend_F_a_G7a1P","s_papersDetention_gen","s_paperEnglish_gen"]}],"stackSize":3,"resolved":true},{"challengeScenes":[{"miniGameCards":[],"viewedAnimatic":true,"keyPoints":["c_crewKid1_F_G7b0","c_kidSister_afri_a_G7b0","s_backpack_F_G7b0"],"unlocked":true,"touchableObjects":["c_crewKid1_F_G7b0","c_kidSister_afri_a_G7b0","c_crewKid2_F_G7b0","c_cousin_F_a_G7b0","s_backpack_F_G7b0"]},{"miniGameCards":[],"viewedAnimatic":true,"keyPoints":["c_kidSister_afri_a_G7b1N","s_sprayPaintCan_G7b1N","c_crewKid1_F_G7b1N","s_brokenCarWindow_G7b1N","s_graffiti_G7b1N"],"unlocked":true,"touchableObjects":["c_policeOfficer_G7b1N","c_kidSister_afri_a_G7b1N","s_wreckedPlants_G7b1N","s_sprayPaintCan_G7b1N","c_crewKid1_F_G7b1N","s_brokenCarWindow_G7b1N","s_flag_G7b1N","c_crewKid2_F_a_G7b1N","s_graffiti_G7b1N"]},{"miniGameCards":[],"viewedAnimatic":true,"keyPoints":["c_cousinsBrothersFriend_a_G7b1P","c_cousin_F_a_G7b1P","c_cousinsBrother_a_G7b1P","s_poolDay_ruleSign_G7b1P"],"unlocked":true,"touchableObjects":["c_cousinsBrothersFriend_a_G7b1P","c_cousin_F_a_G7b1P","c_cousinsBrother_a_G7b1P","c_kidSister_afri_a_G7b1P","s_poolDay_ruleSign_G7b1P"]},{"miniGameCards":[],"viewedAnimatic":true,"keyPoints":["c_cousin_F_a_G7b2N","s_kid1_G7b2N","c_crush1_F_a_G7b2N","c_kidSister_afri_a_G7b2N"],"unlocked":true,"touchableObjects":["c_cousin_F_a_G7b2N","s_kid1_G7b2N","c_cousinsBrother_a_G7b2N","c_crush1_F_a_G7b2N","s_lifeguard_G7b2N","c_kidSister_afri_a_G7b2N"]},{"miniGameCards":[],"viewedAnimatic":true,"keyPoints":["c_cousin_F_a_G7b2P","c_kidSister_afri_a_G7b2P","s_computer_F_G7b2P","s_pictureDad_afri_F_gen"],"unlocked":true,"touchableObjects":["c_cousin_F_a_G7b2P","c_kidSister_afri_a_G7b2P","s_closet_F_G7b2P","s_computer_F_G7b2P","s_pictureDad_afri_F_gen"]}],"stackSize":5,"resolved":true},{"challengeScenes":[{"miniGameCards":[],"viewedAnimatic":true,"keyPoints":["c_cousin_F_a_G8a0","c_crush2_F_a_G8a0","s_clock_G8a0","s_cellphone_G8a0","s_bottleCrush2_F_G8a0"],"unlocked":true,"touchableObjects":["c_cousin_F_a_G8a0","c_crush2_F_a_G8a0","s_clock_G8a0","s_cellphone_G8a0","s_bottleCrush2_F_G8a0","c_crewKid1_F_a_G8a0","s_stairs_G8a0","s_bottleTable_G8a0","c_friend1_F_G8a0"]},{"miniGameCards":[],"viewedAnimatic":true,"keyPoints":["s_crush2Lips_F_G8a1N","s_crush2Sore_F_G8a1N","s_basementDoor_gen","s_dirtyClothes_gen","s_crush2Eyes_F_G8a1N"],"unlocked":true,"touchableObjects":["c_crush2_F_a_G8a1N","s_crush2Lips_F_G8a1N","s_crush2Sore_F_G8a1N","s_basementDoor_gen","s_dirtyClothes_gen","s_inhalantsShelf_gen","s_dryer_G8a1N","s_waterHeater_gen","s_stairs_G8a1N","s_crush2Eyes_F_G8a1N"]},{"miniGameCards":[],"viewedAnimatic":true,"keyPoints":["c_crush2_F_a_G8a1P","s_dirtyClothes_gen","s_basementDoor_gen","s_inhalantsShelf_gen"],"unlocked":true,"touchableObjects":["c_crush2_F_a_G8a1P","s_dirtyClothes_gen","s_basementDoor_gen","s_inhalantsShelf_gen"]},{"miniGameCards":[],"viewedAnimatic":true,"keyPoints":["s_spraypaintCan_G8a2N","c_crush2_F_a_G8a2N"],"unlocked":true,"touchableObjects":["s_spraypaintCan_G8a2N","c_crush2_F_a_G8a2N"]},{"miniGameCards":[],"viewedAnimatic":true,"keyPoints":["c_crush2_F_a_G8a2P","s_sistersToy_G8a2P","s_magazine_G8a2P","c_kidSister_afri_a_G8a2P","s_pictureDad_afri_gen"],"unlocked":true,"touchableObjects":["c_crush2_F_a_G8a2P","s_sistersToy_G8a2P","s_magazine_G8a2P","c_kidSister_afri_a_G8a2P","s_pictureDad_afri_gen"]},{"miniGameCards":[],"viewedAnimatic":true,"keyPoints":["s_mirror_afri_F_a_G8a3N","c_nurse_a_G8a3N","s_pamphlet3_G8a3N","s_pamphlet1_G8a3N"],"unlocked":true,"touchableObjects":["s_mirror_afri_F_a_G8a3N","c_nurse_a_G8a3N","s_door_G8a3N","s_phone_G8a3N","s_pamphlet3_G8a3N","s_pamphlet1_G8a3N"]},{"miniGameCards":[],"viewedAnimatic":true,"keyPoints":["c_crush2_F_a_G8a3P","s_kidsCouch_G8a3P"],"unlocked":true,"touchableObjects":["c_crush2_F_a_G8a3P","s_kidsCouch_G8a3P","c_crewKid1_F_a_G8a3P"]}],"stackSize":7,"resolved":true},{"challengeScenes":[{"miniGameCards":[],"viewedAnimatic":true,"keyPoints":["c_friend1_F_a_G8b0","s_pillBottle_G8b0","c_kidSister_afri_a_G8b0"],"unlocked":true,"touchableObjects":["c_friend1_F_a_G8b0","s_pillBottle_G8b0","c_kidSister_afri_a_G8b0"]},{"miniGameCards":[],"viewedAnimatic":true,"keyPoints":["c_friend1_F_a_G8b1N","c_kidSister_afri_a_G8b1N","c_grandma_afri_a_G8b1N"],"unlocked":true,"touchableObjects":["c_friend1_F_a_G8b1N","c_kidSister_afri_a_G8b1N","s_computer_F_G8b1N","c_grandma_afri_a_G8b1N"]},{"miniGameCards":[],"viewedAnimatic":true,"keyPoints":["c_friend1_F_a_G8b1P","c_grandma_afri_a_G8b1P","s_pillBottle_F_G8b1P"],"unlocked":true,"touchableObjects":["c_friend1_F_a_G8b1P","c_grandma_afri_a_G8b1P","s_pillBottle_F_G8b1P"]},{"miniGameCards":[],"viewedAnimatic":true,"keyPoints":["s_sandwichBagPills_G8b2N","s_clock_G8b2N","c_crewKid2_F_a_G8b2N","c_teacherEng_G8b2N","c_friend1_F_a_G8b2N"],"unlocked":true,"touchableObjects":["s_sandwichBagPills_G8b2N","s_clock_G8b2N","c_crewKid2_F_a_G8b2N","c_teacherEng_G8b2N","s_kid3_G8b2N","c_friend1_F_a_G8b2N"]},{"miniGameCards":[],"viewedAnimatic":true,"keyPoints":["c_friend1_F_a_G8b2P","c_grandma_afri_a_G8b2P","s_pillBottle_G8b2P"],"unlocked":true,"touchableObjects":["c_friend1_F_a_G8b2P","c_grandma_afri_a_G8b2P","s_pillBottle_G8b2P"]}],"stackSize":5,"resolved":true},{"challengeScenes":[{"miniGameCards":[],"viewedAnimatic":true,"keyPoints":["s_cellPhone_F_G9a0","s_door_F_gen","s_bathingSuit_F_G9a0","s_clock_F_G9a0"],"unlocked":true,"touchableObjects":["s_cellPhone_F_G9a0","s_door_F_gen","s_bathingSuit_F_G9a0","s_window_F_G9a0","s_clock_F_G9a0"]},{"miniGameCards":[],"viewedAnimatic":true,"keyPoints":["c_cousin_F_a_G9a1N","s_kid3_G9a1N","s_fence_G9a1N","c_policeOfficer_G9a1N"],"unlocked":true,"touchableObjects":["c_cousin_F_a_G9a1N","c_cousinsBrothersFriend_a_G9a1N","s_poolNight_ruleSign_G9a1N","s_kid4_G9a1N","s_policeCar_G9a1N","s_potSmokeCloud_G9a1N","s_kid3_G9a1N","s_fence_G9a1N","c_policeOfficer_G9a1N"]},{"miniGameCards":[],"viewedAnimatic":true,"keyPoints":["c_cousin_F_a_G9a1P","s_door_F_gen","s_calendar_F_gen","s_poster_F_gen","s_joint_F_G9a1P"],"unlocked":true,"touchableObjects":["s_computer_F_gen","c_cousin_F_a_G9a1P","s_door_F_gen","s_calendar_F_gen","s_poster_F_gen","s_joint_F_G9a1P"]},{"miniGameCards":[],"viewedAnimatic":true,"keyPoints":["s_potSmokeCloud_F_G9a2N","s_pictureDad_afri_F_gen","c_kidSister_afri_a_G9a2N"],"unlocked":true,"touchableObjects":["s_potSmokeCloud_F_G9a2N","s_pictureDad_afri_F_gen","c_kidSister_afri_a_G9a2N"]},{"miniGameCards":[],"viewedAnimatic":true,"keyPoints":["c_cousin_F_a_G9a2P","c_mom_afri_a_G9a2P","s_pizzaBox_G9a2P","s_door_gen"],"unlocked":true,"touchableObjects":["c_cousin_F_a_G9a2P","c_mom_afri_a_G9a2P","s_pizzaBox_G9a2P","s_door_gen"]}],"stackSize":5,"resolved":false},{"challengeScenes":[{"miniGameCards":[],"viewedAnimatic":true,"keyPoints":[],"unlocked":true,"touchableObjects":[]},{"miniGameCards":[],"viewedAnimatic":true,"keyPoints":[],"unlocked":true,"touchableObjects":["s_boomBox_G9b1N"]},{"miniGameCards":[],"viewedAnimatic":false,"keyPoints":[],"unlocked":false,"touchableObjects":[]},{"miniGameCards":[],"viewedAnimatic":false,"keyPoints":[],"unlocked":false,"touchableObjects":[]},{"miniGameCards":[],"viewedAnimatic":false,"keyPoints":[],"unlocked":false,"touchableObjects":[]}],"stackSize":5,"resolved":false},{"challengeScenes":[{"miniGameCards":[],"viewedAnimatic":false,"keyPoints":[],"unlocked":false,"touchableObjects":[]},{"miniGameCards":[],"viewedAnimatic":false,"keyPoints":[],"unlocked":false,"touchableObjects":[]},{"miniGameCards":[],"viewedAnimatic":false,"keyPoints":[],"unlocked":false,"touchableObjects":[]},{"miniGameCards":[],"viewedAnimatic":false,"keyPoints":[],"unlocked":false,"touchableObjects":[]},{"miniGameCards":[],"viewedAnimatic":false,"keyPoints":[],"unlocked":false,"touchableObjects":[]}],"stackSize":5,"resolved":false},{"challengeScenes":[{"miniGameCards":[],"viewedAnimatic":false,"keyPoints":[],"unlocked":false,"touchableObjects":[]},{"miniGameCards":[],"viewedAnimatic":false,"keyPoints":[],"unlocked":false,"touchableObjects":[]},{"miniGameCards":[],"viewedAnimatic":false,"keyPoints":[],"unlocked":false,"touchableObjects":[]},{"miniGameCards":[],"viewedAnimatic":false,"keyPoints":[],"unlocked":false,"touchableObjects":[]},{"miniGameCards":[],"viewedAnimatic":false,"keyPoints":[],"unlocked":false,"touchableObjects":[]}],"stackSize":5,"resolved":false},{"challengeScenes":[{"miniGameCards":[],"viewedAnimatic":true,"keyPoints":[],"unlocked":true,"touchableObjects":[]},{"miniGameCards":[],"viewedAnimatic":true,"keyPoints":[],"unlocked":true,"touchableObjects":[]},{"miniGameCards":[],"viewedAnimatic":false,"keyPoints":[],"unlocked":false,"touchableObjects":[]},{"miniGameCards":[],"viewedAnimatic":false,"keyPoints":[],"unlocked":false,"touchableObjects":[]},{"miniGameCards":[],"viewedAnimatic":false,"keyPoints":[],"unlocked":false,"touchableObjects":[]}],"stackSize":5,"resolved":false},{"challengeScenes":[{"miniGameCards":[],"viewedAnimatic":false,"keyPoints":[],"unlocked":false,"touchableObjects":[]},{"miniGameCards":[],"viewedAnimatic":false,"keyPoints":[],"unlocked":false,"touchableObjects":[]},{"miniGameCards":[],"viewedAnimatic":false,"keyPoints":[],"unlocked":false,"touchableObjects":[]},{"miniGameCards":[],"viewedAnimatic":false,"keyPoints":[],"unlocked":false,"touchableObjects":[]},{"miniGameCards":[],"viewedAnimatic":false,"keyPoints":[],"unlocked":false,"touchableObjects":[]}],"stackSize":5,"resolved":false},{"challengeScenes":[{"miniGameCards":[],"viewedAnimatic":false,"keyPoints":[],"unlocked":false,"touchableObjects":[]},{"miniGameCards":[],"viewedAnimatic":false,"keyPoints":[],"unlocked":false,"touchableObjects":[]},{"miniGameCards":[],"viewedAnimatic":false,"keyPoints":[],"unlocked":false,"touchableObjects":[]},{"miniGameCards":[],"viewedAnimatic":false,"keyPoints":[],"unlocked":false,"touchableObjects":[]},{"miniGameCards":[],"viewedAnimatic":false,"keyPoints":[],"unlocked":false,"touchableObjects":[]}],"stackSize":5,"resolved":false},{"challengeScenes":[{"miniGameCards":[],"viewedAnimatic":false,"keyPoints":[],"unlocked":false,"touchableObjects":[]},{"miniGameCards":[],"viewedAnimatic":false,"keyPoints":[],"unlocked":false,"touchableObjects":[]},{"miniGameCards":[],"viewedAnimatic":false,"keyPoints":[],"unlocked":false,"touchableObjects":[]},{"miniGameCards":[],"viewedAnimatic":false,"keyPoints":[],"unlocked":false,"touchableObjects":[]},{"miniGameCards":[],"viewedAnimatic":false,"keyPoints":[],"unlocked":false,"touchableObjects":[]}],"stackSize":5,"resolved":false},{"challengeScenes":[{"miniGameCards":[],"viewedAnimatic":false,"keyPoints":[],"unlocked":true,"touchableObjects":["c_player_afri_F_a_G0a0","c_education_G0a0","c_friends_G0a0","c_family_afri_a_G0a0"]},{"miniGameCards":[],"viewedAnimatic":false,"keyPoints":["c_home_G0a1N","c_family_afri_a_G0a1N","c_job_G0a1N"],"unlocked":true,"touchableObjects":["c_player_afri_F_a_G0a1N","c_home_G0a1N","c_family_afri_a_G0a1N","c_job_G0a1N"]},{"miniGameCards":[],"viewedAnimatic":false,"keyPoints":["c_grandma_afri_a_G0a1P","c_dad_afri_a_G0a1P","c_Nurse_G0a1P","c_kidsister_afri_a_G0a1P","c_mom_afri_a_G0a1P","c_Teacher_G0a1P"],"unlocked":true,"touchableObjects":["c_grandma_afri_a_G0a1P","c_dad_afri_a_G0a1P","c_Nurse_G0a1P","c_kidsister_afri_a_G0a1P","c_mom_afri_a_G0a1P","c_Teacher_G0a1P","c_friends_G0a1P","c_cousins_F_a_G0a1P"]}],"stackSize":3,"resolved":true}],"sessionId":17,"epilogue":{"rating":3},"playerId":6566004,"session":[{"sceneId":"1P","stackId":12},{"sceneId":"1P","stackId":0},{"sceneId":"1P","stackId":1},{"sceneId":"1N","stackId":1},{"sceneId":"2P","stackId":1},{"sceneId":"3P","stackId":2},{"sceneId":"1P","stackId":2},{"sceneId":"1N","stackId":2},{"sceneId":"2P","stackId":2},{"sceneId":"1P","stackId":3},{"sceneId":"1N","stackId":3},{"sceneId":"2P","stackId":3},{"sceneId":"1P","stackId":4},{"sceneId":"1N","stackId":4},{"sceneId":"2P","stackId":4}],"minigames":[{"levelSaveData":[{"starRating":3,"unlocked":true},{"starRating":3,"unlocked":true},{"starRating":1,"unlocked":true},{"starRating":0,"unlocked":true},{"starRating":0,"unlocked":false},{"starRating":0,"unlocked":true},{"starRating":0,"unlocked":false},{"starRating":0,"unlocked":true},{"starRating":0,"unlocked":false},{"starRating":0,"unlocked":false}],"skillPoints":7},{"levelSaveData":[{"starRating":3,"unlocked":true},{"starRating":3,"unlocked":true},{"starRating":1,"unlocked":true},{"starRating":1,"unlocked":true},{"starRating":0,"unlocked":true},{"starRating":0,"unlocked":true},{"starRating":0,"unlocked":false},{"starRating":0,"unlocked":false},{"starRating":0,"unlocked":false},{"starRating":0,"unlocked":false}],"skillPoints":8},{"levelSaveData":[{"starRating":3,"unlocked":true},{"starRating":2,"unlocked":true},{"starRating":2,"unlocked":true},{"starRating":0,"unlocked":false},{"starRating":0,"unlocked":false},{"starRating":1,"unlocked":true},{"starRating":0,"unlocked":false},{"starRating":2,"unlocked":true},{"starRating":2,"unlocked":true},{"starRating":0,"unlocked":false}],"skillPoints":12},{"levelSaveData":[{"starRating":3,"unlocked":true},{"starRating":3,"unlocked":true},{"starRating":0,"unlocked":true},{"starRating":3,"unlocked":true},{"starRating":3,"unlocked":true},{"starRating":0,"unlocked":false},{"starRating":0,"unlocked":false},{"starRating":0,"unlocked":false},{"starRating":0,"unlocked":false},{"starRating":0,"unlocked":false}],"skillPoints":12},{"age":11,"name":"lamonna","gender":1,"levelSaveData":[{"starRating":3,"unlocked":true},{"starRating":3,"chunks":[["3"],["0$$angle","13$$love  bird"],["6$$head set","1$$giving","8$$winner"],["0"]],"unlocked":true},{"starRating":3,"chunks":[["0"],["5$$poping","0$$Running"],["9$$swimming","0$$driving"]],"unlocked":true},{"starRating":3,"chunks":[["7$$limazen"],["4$$dog"],["6"],["0"],["3","4"],["4"]],"unlocked":true},{"starRating":3,"chunks":[["6$$music"],["0"],["3$$singing","7"],["1"],["4"],["15$$dancing"]],"unlocked":true},{"starRating":0,"chunks":[[null],[null,null,null,null],[null],[null]],"unlocked":true},{"starRating":0,"chunks":[[null],[null],[null,null],[null,null],[null]],"unlocked":false},{"starRating":0,"chunks":[[null,null,null],[null,null,null],[null],[null],[null]],"unlocked":false},{"starRating":3,"chunks":[["3","0","4"],["7","2","1"],["5","6"]],"unlocked":true},{"starRating":0,"chunks":[[null],[null],[null],[null],[null],[null]],"unlocked":false}],"visualAvatar":0,"id":0,"skillPoints":18}],"avatar":{"age":11,"name":"lamonna","gender":1,"levelSaveData":[{"starRating":3,"unlocked":true},{"starRating":3,"chunks":[["3"],["0$$angle","13$$love  bird"],["6$$head set","1$$giving","8$$winner"],["0"]],"unlocked":true},{"starRating":3,"chunks":[["0"],["5$$poping","0$$Running"],["9$$swimming","0$$driving"]],"unlocked":true},{"starRating":3,"chunks":[["7$$limazen"],["4$$dog"],["6"],["0"],["3","4"],["4"]],"unlocked":true},{"starRating":3,"chunks":[["6$$music"],["0"],["3$$singing","7"],["1"],["4"],["15$$dancing"]],"unlocked":true},{"starRating":0,"chunks":[[null],[null,null,null,null],[null],[null]],"unlocked":true},{"starRating":0,"chunks":[[null],[null],[null,null],[null,null],[null]],"unlocked":false},{"starRating":0,"chunks":[[null,null,null],[null,null,null],[null],[null],[null]],"unlocked":false},{"starRating":3,"chunks":[["3","0","4"],["7","2","1"],["5","6"]],"unlocked":true},{"starRating":0,"chunks":[[null],[null],[null],[null],[null],[null]],"unlocked":false}],"visualAvatar":0,"id":0,"skillPoints":18}}
