6566004,0,4:14:43,10/24/2013 4:03:00pm
6566004,100,4:14:47,0
6566004,102,4:14:49,0
6566004,200,4:14:49,0,2,3,3,0,6
6566004,210,4:14:56,1313,404
6566004,207,4:14:59,0,-400,0
6566004,211,4:15:0,254,134
6566004,213,4:15:0,0,s_flag_gen,true
6566004,205,4:15:0,0,s_flag_gen,false,true
6566004,207,4:15:42,0,0,-15
6566004,212,4:15:43,1
6566004,207,4:15:43,0,-15,-45
6566004,210,4:15:43,966,474
6566004,211,4:15:45,996,392
6566004,212,4:15:46,0
6566004,210,4:15:46,936,440
6566004,211,4:15:47,967,456
6566004,213,4:15:47,0,c_bestFriend_F_a_G7a1P,true
6566004,1003,4:15:50,0
6566004,1004,4:15:51,0
6566004,400,4:15:53,0,[]
6566004,401,4:15:55,0,[StatementsData_logId:0]
6566004,403,4:15:55,0,[StatementsData_logId:0,true]
6566004,405,4:15:56,0,[StatementsData_logId:0]
6566004,406,4:16:13,0,[StatementsData_logId:0,2]
6566004,407,4:16:13,0,[StatementsData_logId:0,FactCardData_id:3]
6566004,407,4:16:13,0,[StatementsData_logId:0,FactCardData_id:4]
6566004,407,4:16:13,0,[StatementsData_logId:0,FactCardData_id:6]
6566004,407,4:16:13,0,[StatementsData_logId:0,FactCardData_id:0]
6566004,407,4:16:13,0,[StatementsData_logId:0,FactCardData_id:5]
6566004,407,4:16:13,0,[StatementsData_logId:0,FactCardData_id:7]
6566004,407,4:16:15,0,[StatementsData_logId:0,FactCardData_id:7]
6566004,407,4:16:15,0,[StatementsData_logId:0,FactCardData_id:7]
6566004,407,4:16:15,0,[StatementsData_logId:0,FactCardData_id:0]
6566004,407,4:16:15,0,[StatementsData_logId:0,FactCardData_id:7]
6566004,407,4:16:15,0,[StatementsData_logId:0,FactCardData_id:0]
6566004,407,4:16:16,0,[StatementsData_logId:0,FactCardData_id:4]
6566004,407,4:16:16,0,[StatementsData_logId:0,FactCardData_id:0]
6566004,407,4:16:16,0,[StatementsData_logId:0,FactCardData_id:4]
6566004,407,4:16:17,0,[StatementsData_logId:0,FactCardData_id:5]
6566004,407,4:16:17,0,[StatementsData_logId:0,FactCardData_id:4]
6566004,407,4:16:17,0,[StatementsData_logId:0,FactCardData_id:5]
6566004,407,4:16:18,0,[StatementsData_logId:0,FactCardData_id:6]
6566004,407,4:16:18,0,[StatementsData_logId:0,FactCardData_id:5]
6566004,407,4:16:18,0,[StatementsData_logId:0,FactCardData_id:6]
6566004,407,4:16:18,0,[StatementsData_logId:0,FactCardData_id:3]
6566004,407,4:16:18,0,[StatementsData_logId:0,FactCardData_id:6]
6566004,407,4:16:18,0,[StatementsData_logId:0,FactCardData_id:3]
6566004,407,4:16:19,0,[StatementsData_logId:0,FactCardData_id:6]
6566004,407,4:16:19,0,[StatementsData_logId:0,FactCardData_id:3]
6566004,407,4:16:19,0,[StatementsData_logId:0,FactCardData_id:6]
6566004,408,4:16:19,0,[StatementsData_logId:0,FactCardData_id:6,true]
6566004,409,4:16:19,0,[StatementsData_logId:0]
6566004,410,4:16:20,0,[StatementsData_logId:0,2]
6566004,412,4:16:21,0,[StatementsData_logId:0]
6566004,413,4:16:21,0,[StatementsData_logId:0,DuelResponsesData_logId:0]
6566004,414,4:16:21,0,[StatementsData_logId:0,DuelResponsesData_logId:0]
6566004,415,4:16:49,0,[StatementsData_logId:0,DuelResponsesData_logId:0,DuelResponsesData_ok_player_response]
6566004,416,4:16:50,0,[StatementsData_logId:0,DuelResponsesData_logId:0]
6566004,417,4:16:51,0,[StatementsData_logId:0,DuelResponsesData_logId:0]
6566004,413,4:16:53,0,[StatementsData_logId:0,DuelResponsesData_logId:1]
6566004,414,4:16:55,0,[StatementsData_logId:0,DuelResponsesData_logId:1]
6566004,415,4:17:1,0,[StatementsData_logId:0,DuelResponsesData_logId:1,DuelResponsesData_ok_player_response]
6566004,416,4:17:2,0,[StatementsData_logId:0,DuelResponsesData_logId:1]
6566004,417,4:17:3,0,[StatementsData_logId:0,DuelResponsesData_logId:1]
6566004,413,4:17:4,0,[StatementsData_logId:0,DuelResponsesData_logId:2]
6566004,414,4:17:6,0,[StatementsData_logId:0,DuelResponsesData_logId:2]
6566004,415,4:17:11,0,[StatementsData_logId:0,DuelResponsesData_logId:2,DuelResponsesData_witty_player_response]
6566004,416,4:17:11,0,[StatementsData_logId:0,DuelResponsesData_logId:2]
6566004,417,4:17:14,0,[StatementsData_logId:0,DuelResponsesData_logId:2]
6566004,418,4:17:14,0,[StatementsData_logId:0,true]
6566004,419,4:17:17,0,[StatementsData_logId:0,4]
6566004,411,4:17:18,0,[StatementsData_logId:0]
6566004,401,4:17:19,0,[StatementsData_logId:1]
6566004,402,4:17:20,0,[StatementsData_logId:1,true]
6566004,405,4:17:21,0,[StatementsData_logId:1]
6566004,406,4:17:21,0,[StatementsData_logId:1,2]
6566004,411,4:17:22,0,[StatementsData_logId:1]
6566004,401,4:17:23,0,[StatementsData_logId:2]
6566004,404,4:17:24,0,[StatementsData_logId:2,true]
6566004,406,4:17:24,0,[StatementsData_logId:2,2]
6566004,412,4:17:25,0,[StatementsData_logId:2]
6566004,413,4:17:36,0,[StatementsData_logId:2,DuelResponsesData_logId:3]
6566004,414,4:17:39,0,[StatementsData_logId:2,DuelResponsesData_logId:3]
6566004,415,4:17:40,0,[StatementsData_logId:2,DuelResponsesData_logId:3,DuelResponsesData_ok_player_response]
6566004,416,4:17:40,0,[StatementsData_logId:2,DuelResponsesData_logId:3]
6566004,417,4:17:41,0,[StatementsData_logId:2,DuelResponsesData_logId:3]
6566004,413,4:17:42,0,[StatementsData_logId:2,DuelResponsesData_logId:4]
6566004,414,4:17:42,0,[StatementsData_logId:2,DuelResponsesData_logId:4]
6566004,415,4:18:28,0,[StatementsData_logId:2,DuelResponsesData_logId:4,DuelResponsesData_ok_player_response]
6566004,416,4:18:29,0,[StatementsData_logId:2,DuelResponsesData_logId:4]
6566004,417,4:18:30,0,[StatementsData_logId:2,DuelResponsesData_logId:4]
6566004,413,4:18:31,0,[StatementsData_logId:2,DuelResponsesData_logId:5]
6566004,414,4:18:31,0,[StatementsData_logId:2,DuelResponsesData_logId:5]
6566004,415,4:18:33,0,[StatementsData_logId:2,DuelResponsesData_logId:5,DuelResponsesData_witty_player_response]
6566004,416,4:18:34,0,[StatementsData_logId:2,DuelResponsesData_logId:5]
6566004,417,4:18:35,0,[StatementsData_logId:2,DuelResponsesData_logId:5]
6566004,418,4:18:35,0,[StatementsData_logId:2,true]
6566004,419,4:18:41,0,[StatementsData_logId:2,4]
6566004,411,4:18:42,0,[StatementsData_logId:2]
6566004,401,4:18:47,0,[StatementsData_logId:3]
6566004,403,4:18:54,0,[StatementsData_logId:3,true]
6566004,405,4:18:54,0,[StatementsData_logId:3]
6566004,406,4:18:55,0,[StatementsData_logId:3,2]
6566004,407,4:18:55,0,[StatementsData_logId:3,FactCardData_id:7]
6566004,407,4:18:55,0,[StatementsData_logId:3,FactCardData_id:4]
6566004,407,4:18:55,0,[StatementsData_logId:3,FactCardData_id:0]
6566004,407,4:18:55,0,[StatementsData_logId:3,FactCardData_id:6]
6566004,407,4:18:55,0,[StatementsData_logId:3,FactCardData_id:5]
6566004,407,4:18:55,0,[StatementsData_logId:3,FactCardData_id:3]
6566004,407,4:18:56,0,[StatementsData_logId:3,FactCardData_id:3]
6566004,407,4:18:56,0,[StatementsData_logId:3,FactCardData_id:3]
6566004,407,4:18:57,0,[StatementsData_logId:3,FactCardData_id:6]
6566004,407,4:18:57,0,[StatementsData_logId:3,FactCardData_id:3]
6566004,407,4:18:57,0,[StatementsData_logId:3,FactCardData_id:6]
6566004,407,4:18:57,0,[StatementsData_logId:3,FactCardData_id:4]
6566004,407,4:18:57,0,[StatementsData_logId:3,FactCardData_id:6]
6566004,407,4:18:57,0,[StatementsData_logId:3,FactCardData_id:4]
6566004,407,4:18:58,0,[StatementsData_logId:3,FactCardData_id:5]
6566004,407,4:18:58,0,[StatementsData_logId:3,FactCardData_id:4]
6566004,407,4:18:58,0,[StatementsData_logId:3,FactCardData_id:5]
6566004,407,4:18:58,0,[StatementsData_logId:3,FactCardData_id:0]
6566004,407,4:18:58,0,[StatementsData_logId:3,FactCardData_id:5]
6566004,407,4:18:58,0,[StatementsData_logId:3,FactCardData_id:0]
6566004,407,4:18:59,0,[StatementsData_logId:3,FactCardData_id:7]
6566004,407,4:18:59,0,[StatementsData_logId:3,FactCardData_id:0]
6566004,407,4:18:59,0,[StatementsData_logId:3,FactCardData_id:7]
6566004,407,4:18:59,0,[StatementsData_logId:3,FactCardData_id:3]
6566004,407,4:18:59,0,[StatementsData_logId:3,FactCardData_id:7]
6566004,407,4:18:59,0,[StatementsData_logId:3,FactCardData_id:3]
6566004,408,4:18:59,0,[StatementsData_logId:3,FactCardData_id:3,false]
6566004,406,4:19:1,0,[StatementsData_logId:3,-2]
6566004,411,4:19:3,0,[StatementsData_logId:3]
6566004,401,4:19:4,0,[StatementsData_logId:4]
6566004,402,4:19:4,0,[StatementsData_logId:4,true]
6566004,405,4:19:5,0,[StatementsData_logId:4]
6566004,406,4:19:6,0,[StatementsData_logId:4,2]
6566004,411,4:19:7,0,[StatementsData_logId:4]
6566004,401,4:19:8,0,[StatementsData_logId:5]
6566004,404,4:19:9,0,[StatementsData_logId:5,true]
6566004,406,4:19:9,0,[StatementsData_logId:5,2]
6566004,412,4:19:10,0,[StatementsData_logId:5]
6566004,413,4:19:11,0,[StatementsData_logId:5,DuelResponsesData_logId:9]
6566004,414,4:19:11,0,[StatementsData_logId:5,DuelResponsesData_logId:9]
6566004,415,4:19:15,0,[StatementsData_logId:5,DuelResponsesData_logId:9,DuelResponsesData_ok_player_response]
6566004,416,4:19:15,0,[StatementsData_logId:5,DuelResponsesData_logId:9]
6566004,417,4:19:16,0,[StatementsData_logId:5,DuelResponsesData_logId:9]
6566004,413,4:19:17,0,[StatementsData_logId:5,DuelResponsesData_logId:10]
6566004,414,4:19:17,0,[StatementsData_logId:5,DuelResponsesData_logId:10]
6566004,415,4:19:36,0,[StatementsData_logId:5,DuelResponsesData_logId:10,DuelResponsesData_lame_player_response]
6566004,416,4:19:37,0,[StatementsData_logId:5,DuelResponsesData_logId:10]
6566004,417,4:19:37,0,[StatementsData_logId:5,DuelResponsesData_logId:10]
6566004,413,4:19:38,0,[StatementsData_logId:5,DuelResponsesData_logId:11]
6566004,414,4:19:38,0,[StatementsData_logId:5,DuelResponsesData_logId:11]
6566004,415,4:19:43,0,[StatementsData_logId:5,DuelResponsesData_logId:11,DuelResponsesData_witty_player_response]
6566004,416,4:19:43,0,[StatementsData_logId:5,DuelResponsesData_logId:11]
6566004,417,4:19:44,0,[StatementsData_logId:5,DuelResponsesData_logId:11]
6566004,418,4:19:44,0,[StatementsData_logId:5,false]
6566004,419,4:19:44,0,[StatementsData_logId:5,-4]
6566004,411,4:19:46,0,[StatementsData_logId:5]
6566004,420,4:19:46,0,[48]
6566004,1000,4:19:46,0,[]
6566004,400,4:19:47,0,[]
6566004,401,4:19:48,0,[StatementsData_logId:0]
6566004,403,4:19:48,0,[StatementsData_logId:0,true]
6566004,405,4:19:49,0,[StatementsData_logId:0]
6566004,406,4:19:49,0,[StatementsData_logId:0,2]
6566004,407,4:19:49,0,[StatementsData_logId:0,FactCardData_id:7]
6566004,407,4:19:49,0,[StatementsData_logId:0,FactCardData_id:3]
6566004,407,4:19:49,0,[StatementsData_logId:0,FactCardData_id:6]
6566004,407,4:19:49,0,[StatementsData_logId:0,FactCardData_id:0]
6566004,407,4:19:49,0,[StatementsData_logId:0,FactCardData_id:4]
6566004,407,4:19:49,0,[StatementsData_logId:0,FactCardData_id:5]
6566004,407,4:19:51,0,[StatementsData_logId:0,FactCardData_id:5]
6566004,407,4:19:51,0,[StatementsData_logId:0,FactCardData_id:5]
6566004,407,4:19:51,0,[StatementsData_logId:0,FactCardData_id:0]
6566004,407,4:19:51,0,[StatementsData_logId:0,FactCardData_id:5]
6566004,407,4:19:51,0,[StatementsData_logId:0,FactCardData_id:0]
6566004,407,4:19:52,0,[StatementsData_logId:0,FactCardData_id:3]
6566004,407,4:19:52,0,[StatementsData_logId:0,FactCardData_id:0]
6566004,407,4:19:52,0,[StatementsData_logId:0,FactCardData_id:3]
6566004,407,4:19:52,0,[StatementsData_logId:0,FactCardData_id:4]
6566004,407,4:19:52,0,[StatementsData_logId:0,FactCardData_id:3]
6566004,407,4:19:52,0,[StatementsData_logId:0,FactCardData_id:4]
6566004,407,4:19:53,0,[StatementsData_logId:0,FactCardData_id:6]
6566004,407,4:19:53,0,[StatementsData_logId:0,FactCardData_id:4]
6566004,407,4:19:53,0,[StatementsData_logId:0,FactCardData_id:6]
6566004,407,4:19:54,0,[StatementsData_logId:0,FactCardData_id:7]
6566004,407,4:19:54,0,[StatementsData_logId:0,FactCardData_id:6]
6566004,407,4:19:54,0,[StatementsData_logId:0,FactCardData_id:7]
6566004,408,4:19:54,0,[StatementsData_logId:0,FactCardData_id:7,false]
6566004,406,4:19:56,0,[StatementsData_logId:0,-2]
6566004,411,4:19:57,0,[StatementsData_logId:0]
6566004,401,4:19:58,0,[StatementsData_logId:1]
6566004,402,4:19:59,0,[StatementsData_logId:1,true]
6566004,405,4:19:59,0,[StatementsData_logId:1]
6566004,406,4:20:0,0,[StatementsData_logId:1,2]
6566004,411,4:20:1,0,[StatementsData_logId:1]
6566004,401,4:20:2,0,[StatementsData_logId:2]
6566004,404,4:20:3,0,[StatementsData_logId:2,true]
6566004,406,4:20:3,0,[StatementsData_logId:2,2]
6566004,412,4:20:4,0,[StatementsData_logId:2]
6566004,413,4:20:4,0,[StatementsData_logId:2,DuelResponsesData_logId:3]
6566004,414,4:20:5,0,[StatementsData_logId:2,DuelResponsesData_logId:3]
6566004,415,4:20:6,0,[StatementsData_logId:2,DuelResponsesData_logId:3,DuelResponsesData_ok_player_response]
6566004,416,4:20:7,0,[StatementsData_logId:2,DuelResponsesData_logId:3]
6566004,417,4:20:7,0,[StatementsData_logId:2,DuelResponsesData_logId:3]
6566004,413,4:20:9,0,[StatementsData_logId:2,DuelResponsesData_logId:4]
6566004,414,4:20:9,0,[StatementsData_logId:2,DuelResponsesData_logId:4]
6566004,415,4:20:16,0,[StatementsData_logId:2,DuelResponsesData_logId:4,DuelResponsesData_ok_player_response]
6566004,416,4:20:16,0,[StatementsData_logId:2,DuelResponsesData_logId:4]
6566004,417,4:20:17,0,[StatementsData_logId:2,DuelResponsesData_logId:4]
6566004,413,4:20:18,0,[StatementsData_logId:2,DuelResponsesData_logId:5]
6566004,414,4:20:18,0,[StatementsData_logId:2,DuelResponsesData_logId:5]
6566004,415,4:20:20,0,[StatementsData_logId:2,DuelResponsesData_logId:5,DuelResponsesData_witty_player_response]
6566004,416,4:20:20,0,[StatementsData_logId:2,DuelResponsesData_logId:5]
6566004,417,4:20:21,0,[StatementsData_logId:2,DuelResponsesData_logId:5]
6566004,418,4:20:21,0,[StatementsData_logId:2,true]
6566004,419,4:20:37,0,[StatementsData_logId:2,4]
6566004,411,4:20:39,0,[StatementsData_logId:2]
6566004,401,4:20:40,0,[StatementsData_logId:3]
6566004,403,4:20:43,0,[StatementsData_logId:3,true]
6566004,405,4:20:44,0,[StatementsData_logId:3]
6566004,406,4:20:45,0,[StatementsData_logId:3,2]
6566004,407,4:20:45,0,[StatementsData_logId:3,FactCardData_id:0]
6566004,407,4:20:45,0,[StatementsData_logId:3,FactCardData_id:6]
6566004,407,4:20:45,0,[StatementsData_logId:3,FactCardData_id:4]
6566004,407,4:20:45,0,[StatementsData_logId:3,FactCardData_id:3]
6566004,407,4:20:45,0,[StatementsData_logId:3,FactCardData_id:7]
6566004,407,4:20:45,0,[StatementsData_logId:3,FactCardData_id:5]
6566004,407,4:20:46,0,[StatementsData_logId:3,FactCardData_id:5]
6566004,407,4:20:46,0,[StatementsData_logId:3,FactCardData_id:5]
6566004,407,4:20:46,0,[StatementsData_logId:3,FactCardData_id:3]
6566004,407,4:20:46,0,[StatementsData_logId:3,FactCardData_id:5]
6566004,407,4:20:46,0,[StatementsData_logId:3,FactCardData_id:3]
6566004,407,4:20:47,0,[StatementsData_logId:3,FactCardData_id:6]
6566004,407,4:20:47,0,[StatementsData_logId:3,FactCardData_id:3]
6566004,407,4:20:47,0,[StatementsData_logId:3,FactCardData_id:6]
6566004,407,4:20:48,0,[StatementsData_logId:3,FactCardData_id:7]
6566004,407,4:20:48,0,[StatementsData_logId:3,FactCardData_id:6]
6566004,407,4:20:48,0,[StatementsData_logId:3,FactCardData_id:7]
6566004,407,4:20:48,0,[StatementsData_logId:3,FactCardData_id:4]
6566004,407,4:20:48,0,[StatementsData_logId:3,FactCardData_id:7]
6566004,407,4:20:48,0,[StatementsData_logId:3,FactCardData_id:4]
6566004,407,4:20:49,0,[StatementsData_logId:3,FactCardData_id:0]
6566004,407,4:20:49,0,[StatementsData_logId:3,FactCardData_id:4]
6566004,407,4:20:49,0,[StatementsData_logId:3,FactCardData_id:0]
6566004,407,4:20:52,0,[StatementsData_logId:3,FactCardData_id:6]
6566004,407,4:20:52,0,[StatementsData_logId:3,FactCardData_id:0]
6566004,407,4:20:52,0,[StatementsData_logId:3,FactCardData_id:6]
6566004,407,4:20:53,0,[StatementsData_logId:3,FactCardData_id:3]
6566004,407,4:20:53,0,[StatementsData_logId:3,FactCardData_id:6]
6566004,407,4:20:53,0,[StatementsData_logId:3,FactCardData_id:3]
6566004,407,4:20:54,0,[StatementsData_logId:3,FactCardData_id:5]
6566004,407,4:20:54,0,[StatementsData_logId:3,FactCardData_id:3]
6566004,407,4:20:54,0,[StatementsData_logId:3,FactCardData_id:5]
6566004,407,4:20:55,0,[StatementsData_logId:3,FactCardData_id:7]
6566004,407,4:20:55,0,[StatementsData_logId:3,FactCardData_id:5]
6566004,407,4:20:55,0,[StatementsData_logId:3,FactCardData_id:7]
6566004,407,4:20:56,0,[StatementsData_logId:3,FactCardData_id:4]
6566004,407,4:20:56,0,[StatementsData_logId:3,FactCardData_id:7]
6566004,407,4:20:56,0,[StatementsData_logId:3,FactCardData_id:4]
6566004,408,4:20:57,0,[StatementsData_logId:3,FactCardData_id:4,false]
6566004,406,4:20:59,0,[StatementsData_logId:3,-2]
6566004,411,4:20:59,0,[StatementsData_logId:3]
6566004,401,4:21:1,0,[StatementsData_logId:4]
6566004,402,4:21:1,0,[StatementsData_logId:4,true]
6566004,405,4:21:1,0,[StatementsData_logId:4]
6566004,406,4:21:2,0,[StatementsData_logId:4,2]
6566004,411,4:21:3,0,[StatementsData_logId:4]
6566004,401,4:21:4,0,[StatementsData_logId:5]
6566004,404,4:21:5,0,[StatementsData_logId:5,true]
6566004,406,4:21:5,0,[StatementsData_logId:5,2]
6566004,412,4:21:7,0,[StatementsData_logId:5]
6566004,413,4:21:11,0,[StatementsData_logId:5,DuelResponsesData_logId:9]
6566004,414,4:21:11,0,[StatementsData_logId:5,DuelResponsesData_logId:9]
6566004,415,4:21:15,0,[StatementsData_logId:5,DuelResponsesData_logId:9,DuelResponsesData_ok_player_response]
6566004,416,4:21:16,0,[StatementsData_logId:5,DuelResponsesData_logId:9]
6566004,417,4:21:16,0,[StatementsData_logId:5,DuelResponsesData_logId:9]
6566004,413,4:21:17,0,[StatementsData_logId:5,DuelResponsesData_logId:10]
6566004,414,4:21:18,0,[StatementsData_logId:5,DuelResponsesData_logId:10]
6566004,415,4:21:24,0,[StatementsData_logId:5,DuelResponsesData_logId:10,DuelResponsesData_ok_player_response]
6566004,416,4:21:24,0,[StatementsData_logId:5,DuelResponsesData_logId:10]
6566004,417,4:21:25,0,[StatementsData_logId:5,DuelResponsesData_logId:10]
6566004,413,4:21:26,0,[StatementsData_logId:5,DuelResponsesData_logId:11]
6566004,414,4:21:26,0,[StatementsData_logId:5,DuelResponsesData_logId:11]
6566004,415,4:21:33,0,[StatementsData_logId:5,DuelResponsesData_logId:11,DuelResponsesData_ok_player_response]
6566004,416,4:21:34,0,[StatementsData_logId:5,DuelResponsesData_logId:11]
6566004,417,4:21:34,0,[StatementsData_logId:5,DuelResponsesData_logId:11]
6566004,418,4:21:34,0,[StatementsData_logId:5,false]
6566004,419,4:21:35,0,[StatementsData_logId:5,-4]
6566004,411,4:21:36,0,[StatementsData_logId:5]
6566004,420,4:21:36,0,[40]
6566004,1000,4:21:37,0,[]
6566004,400,4:21:38,0,[]
6566004,401,4:21:39,0,[StatementsData_logId:0]
6566004,403,4:21:40,0,[StatementsData_logId:0,true]
6566004,405,4:21:40,0,[StatementsData_logId:0]
6566004,406,4:21:41,0,[StatementsData_logId:0,2]
6566004,407,4:21:41,0,[StatementsData_logId:0,FactCardData_id:0]
6566004,407,4:21:41,0,[StatementsData_logId:0,FactCardData_id:7]
6566004,407,4:21:41,0,[StatementsData_logId:0,FactCardData_id:4]
6566004,407,4:21:41,0,[StatementsData_logId:0,FactCardData_id:3]
6566004,407,4:21:41,0,[StatementsData_logId:0,FactCardData_id:5]
6566004,407,4:21:41,0,[StatementsData_logId:0,FactCardData_id:6]
6566004,407,4:21:41,0,[StatementsData_logId:0,FactCardData_id:6]
6566004,407,4:21:41,0,[StatementsData_logId:0,FactCardData_id:6]
6566004,407,4:21:42,0,[StatementsData_logId:0,FactCardData_id:3]
6566004,407,4:21:42,0,[StatementsData_logId:0,FactCardData_id:6]
6566004,407,4:21:42,0,[StatementsData_logId:0,FactCardData_id:3]
6566004,407,4:21:43,0,[StatementsData_logId:0,FactCardData_id:6]
6566004,407,4:21:43,0,[StatementsData_logId:0,FactCardData_id:3]
6566004,407,4:21:43,0,[StatementsData_logId:0,FactCardData_id:6]
6566004,408,4:21:47,0,[StatementsData_logId:0,FactCardData_id:6,true]
6566004,409,4:21:47,0,[StatementsData_logId:0]
6566004,410,4:21:47,0,[StatementsData_logId:0,2]
6566004,412,4:21:48,0,[StatementsData_logId:0]
6566004,413,4:21:49,0,[StatementsData_logId:0,DuelResponsesData_logId:0]
6566004,414,4:21:50,0,[StatementsData_logId:0,DuelResponsesData_logId:0]
6566004,415,4:21:57,0,[StatementsData_logId:0,DuelResponsesData_logId:0,DuelResponsesData_lame_player_response]
6566004,416,4:21:58,0,[StatementsData_logId:0,DuelResponsesData_logId:0]
6566004,417,4:21:58,0,[StatementsData_logId:0,DuelResponsesData_logId:0]
6566004,413,4:21:59,0,[StatementsData_logId:0,DuelResponsesData_logId:1]
6566004,414,4:21:59,0,[StatementsData_logId:0,DuelResponsesData_logId:1]
6566004,415,4:22:2,0,[StatementsData_logId:0,DuelResponsesData_logId:1,DuelResponsesData_ok_player_response]
6566004,416,4:22:3,0,[StatementsData_logId:0,DuelResponsesData_logId:1]
6566004,417,4:22:3,0,[StatementsData_logId:0,DuelResponsesData_logId:1]
6566004,413,4:22:4,0,[StatementsData_logId:0,DuelResponsesData_logId:2]
6566004,414,4:22:5,0,[StatementsData_logId:0,DuelResponsesData_logId:2]
6566004,415,4:22:8,0,[StatementsData_logId:0,DuelResponsesData_logId:2,DuelResponsesData_witty_player_response]
6566004,416,4:22:8,0,[StatementsData_logId:0,DuelResponsesData_logId:2]
6566004,417,4:22:9,0,[StatementsData_logId:0,DuelResponsesData_logId:2]
6566004,418,4:22:9,0,[StatementsData_logId:0,false]
6566004,419,4:22:9,0,[StatementsData_logId:0,-4]
6566004,411,4:22:13,0,[StatementsData_logId:0]
6566004,401,4:22:14,0,[StatementsData_logId:1]
6566004,402,4:22:14,0,[StatementsData_logId:1,true]
6566004,405,4:22:15,0,[StatementsData_logId:1]
6566004,406,4:22:15,0,[StatementsData_logId:1,2]
6566004,411,4:22:17,0,[StatementsData_logId:1]
6566004,401,4:22:18,0,[StatementsData_logId:2]
6566004,404,4:22:18,0,[StatementsData_logId:2,true]
6566004,406,4:22:19,0,[StatementsData_logId:2,2]
6566004,412,4:22:19,0,[StatementsData_logId:2]
6566004,413,4:22:49,0,[StatementsData_logId:2,DuelResponsesData_logId:3]
6566004,414,4:22:49,0,[StatementsData_logId:2,DuelResponsesData_logId:3]
6566004,415,4:22:52,0,[StatementsData_logId:2,DuelResponsesData_logId:3,DuelResponsesData_ok_player_response]
6566004,416,4:22:52,0,[StatementsData_logId:2,DuelResponsesData_logId:3]
6566004,417,4:22:53,0,[StatementsData_logId:2,DuelResponsesData_logId:3]
6566004,413,4:22:53,0,[StatementsData_logId:2,DuelResponsesData_logId:4]
6566004,414,4:22:54,0,[StatementsData_logId:2,DuelResponsesData_logId:4]
6566004,415,4:23:43,0,[StatementsData_logId:2,DuelResponsesData_logId:4,DuelResponsesData_ok_player_response]
6566004,416,4:23:43,0,[StatementsData_logId:2,DuelResponsesData_logId:4]
6566004,417,4:23:44,0,[StatementsData_logId:2,DuelResponsesData_logId:4]
6566004,413,4:23:45,0,[StatementsData_logId:2,DuelResponsesData_logId:5]
6566004,414,4:23:45,0,[StatementsData_logId:2,DuelResponsesData_logId:5]
6566004,415,4:23:47,0,[StatementsData_logId:2,DuelResponsesData_logId:5,DuelResponsesData_witty_player_response]
6566004,416,4:23:48,0,[StatementsData_logId:2,DuelResponsesData_logId:5]
6566004,417,4:23:49,0,[StatementsData_logId:2,DuelResponsesData_logId:5]
6566004,418,4:23:49,0,[StatementsData_logId:2,true]
6566004,419,4:23:50,0,[StatementsData_logId:2,4]
6566004,411,4:23:51,0,[StatementsData_logId:2]
6566004,401,4:23:52,0,[StatementsData_logId:3]
6566004,403,4:23:54,0,[StatementsData_logId:3,true]
6566004,405,4:23:54,0,[StatementsData_logId:3]
6566004,406,4:23:55,0,[StatementsData_logId:3,2]
6566004,407,4:23:55,0,[StatementsData_logId:3,FactCardData_id:6]
6566004,407,4:23:55,0,[StatementsData_logId:3,FactCardData_id:5]
6566004,407,4:23:55,0,[StatementsData_logId:3,FactCardData_id:4]
6566004,407,4:23:55,0,[StatementsData_logId:3,FactCardData_id:7]
6566004,407,4:23:55,0,[StatementsData_logId:3,FactCardData_id:3]
6566004,407,4:23:55,0,[StatementsData_logId:3,FactCardData_id:0]
6566004,407,4:23:56,0,[StatementsData_logId:3,FactCardData_id:0]
6566004,407,4:23:56,0,[StatementsData_logId:3,FactCardData_id:0]
6566004,407,4:23:56,0,[StatementsData_logId:3,FactCardData_id:7]
6566004,407,4:23:56,0,[StatementsData_logId:3,FactCardData_id:0]
6566004,407,4:23:56,0,[StatementsData_logId:3,FactCardData_id:7]
6566004,407,4:23:57,0,[StatementsData_logId:3,FactCardData_id:5]
6566004,407,4:23:57,0,[StatementsData_logId:3,FactCardData_id:7]
6566004,407,4:23:57,0,[StatementsData_logId:3,FactCardData_id:5]
6566004,407,4:23:57,0,[StatementsData_logId:3,FactCardData_id:3]
6566004,407,4:23:57,0,[StatementsData_logId:3,FactCardData_id:5]
6566004,407,4:23:57,0,[StatementsData_logId:3,FactCardData_id:3]
6566004,407,4:23:59,0,[StatementsData_logId:3,FactCardData_id:4]
6566004,407,4:23:59,0,[StatementsData_logId:3,FactCardData_id:3]
6566004,407,4:23:59,0,[StatementsData_logId:3,FactCardData_id:4]
6566004,408,4:23:59,0,[StatementsData_logId:3,FactCardData_id:4,false]
6566004,406,4:24:1,0,[StatementsData_logId:3,-2]
6566004,411,4:24:2,0,[StatementsData_logId:3]
6566004,401,4:24:3,0,[StatementsData_logId:4]
6566004,402,4:24:4,0,[StatementsData_logId:4,true]
6566004,405,4:24:4,0,[StatementsData_logId:4]
6566004,406,4:24:5,0,[StatementsData_logId:4,2]
6566004,411,4:24:6,0,[StatementsData_logId:4]
6566004,401,4:24:9,0,[StatementsData_logId:5]
6566004,404,4:24:9,0,[StatementsData_logId:5,true]
6566004,406,4:24:10,0,[StatementsData_logId:5,2]
6566004,412,4:24:11,0,[StatementsData_logId:5]
6566004,413,4:24:11,0,[StatementsData_logId:5,DuelResponsesData_logId:9]
6566004,414,4:24:12,0,[StatementsData_logId:5,DuelResponsesData_logId:9]
6566004,415,4:24:16,0,[StatementsData_logId:5,DuelResponsesData_logId:9,DuelResponsesData_ok_player_response]
6566004,416,4:24:16,0,[StatementsData_logId:5,DuelResponsesData_logId:9]
6566004,417,4:24:16,0,[StatementsData_logId:5,DuelResponsesData_logId:9]
6566004,413,4:24:17,0,[StatementsData_logId:5,DuelResponsesData_logId:10]
6566004,414,4:24:19,0,[StatementsData_logId:5,DuelResponsesData_logId:10]
6566004,415,4:24:52,0,[StatementsData_logId:5,DuelResponsesData_logId:10,DuelResponsesData_witty_player_response]
6566004,416,4:24:53,0,[StatementsData_logId:5,DuelResponsesData_logId:10]
6566004,417,4:24:53,0,[StatementsData_logId:5,DuelResponsesData_logId:10]
6566004,413,4:24:56,0,[StatementsData_logId:5,DuelResponsesData_logId:11]
6566004,414,4:24:56,0,[StatementsData_logId:5,DuelResponsesData_logId:11]
6566004,415,4:25:0,0,[StatementsData_logId:5,DuelResponsesData_logId:11,DuelResponsesData_ok_player_response]
6566004,416,4:25:0,0,[StatementsData_logId:5,DuelResponsesData_logId:11]
6566004,417,4:25:1,0,[StatementsData_logId:5,DuelResponsesData_logId:11]
6566004,418,4:25:1,0,[StatementsData_logId:5,true]
6566004,419,4:25:2,0,[StatementsData_logId:5,4]
6566004,411,4:25:3,0,[StatementsData_logId:5]
6566004,420,4:25:3,0,[48]
6566004,1000,4:25:4,0,[]
6566004,400,4:25:5,0,[]
6566004,401,4:25:6,0,[StatementsData_logId:0]
6566004,403,4:25:7,0,[StatementsData_logId:0,true]
6566004,405,4:25:7,0,[StatementsData_logId:0]
6566004,406,4:25:8,0,[StatementsData_logId:0,2]
6566004,407,4:25:8,0,[StatementsData_logId:0,FactCardData_id:0]
6566004,407,4:25:8,0,[StatementsData_logId:0,FactCardData_id:6]
6566004,407,4:25:8,0,[StatementsData_logId:0,FactCardData_id:3]
6566004,407,4:25:8,0,[StatementsData_logId:0,FactCardData_id:4]
6566004,407,4:25:8,0,[StatementsData_logId:0,FactCardData_id:5]
6566004,407,4:25:8,0,[StatementsData_logId:0,FactCardData_id:7]
6566004,407,4:25:9,0,[StatementsData_logId:0,FactCardData_id:5]
6566004,407,4:25:9,0,[StatementsData_logId:0,FactCardData_id:5]
6566004,407,4:25:10,0,[StatementsData_logId:0,FactCardData_id:3]
6566004,407,4:25:10,0,[StatementsData_logId:0,FactCardData_id:5]
6566004,407,4:25:10,0,[StatementsData_logId:0,FactCardData_id:3]
6566004,407,4:25:10,0,[StatementsData_logId:0,FactCardData_id:0]
6566004,407,4:25:10,0,[StatementsData_logId:0,FactCardData_id:3]
6566004,407,4:25:10,0,[StatementsData_logId:0,FactCardData_id:0]
6566004,407,4:25:11,0,[StatementsData_logId:0,FactCardData_id:7]
6566004,407,4:25:11,0,[StatementsData_logId:0,FactCardData_id:0]
6566004,407,4:25:11,0,[StatementsData_logId:0,FactCardData_id:7]
6566004,407,4:25:12,0,[StatementsData_logId:0,FactCardData_id:4]
6566004,407,4:25:12,0,[StatementsData_logId:0,FactCardData_id:7]
6566004,407,4:25:12,0,[StatementsData_logId:0,FactCardData_id:4]
6566004,407,4:25:13,0,[StatementsData_logId:0,FactCardData_id:6]
6566004,407,4:25:13,0,[StatementsData_logId:0,FactCardData_id:4]
6566004,407,4:25:13,0,[StatementsData_logId:0,FactCardData_id:6]
6566004,408,4:25:14,0,[StatementsData_logId:0,FactCardData_id:6,true]
6566004,409,4:25:14,0,[StatementsData_logId:0]
6566004,410,4:25:14,0,[StatementsData_logId:0,2]
6566004,412,4:25:15,0,[StatementsData_logId:0]
6566004,413,4:25:16,0,[StatementsData_logId:0,DuelResponsesData_logId:0]
6566004,414,4:25:17,0,[StatementsData_logId:0,DuelResponsesData_logId:0]
6566004,415,4:25:31,0,[StatementsData_logId:0,DuelResponsesData_logId:0,DuelResponsesData_ok_player_response]
6566004,416,4:25:32,0,[StatementsData_logId:0,DuelResponsesData_logId:0]
6566004,417,4:25:32,0,[StatementsData_logId:0,DuelResponsesData_logId:0]
6566004,413,4:25:34,0,[StatementsData_logId:0,DuelResponsesData_logId:1]
6566004,414,4:25:34,0,[StatementsData_logId:0,DuelResponsesData_logId:1]
6566004,415,4:25:36,0,[StatementsData_logId:0,DuelResponsesData_logId:1,DuelResponsesData_ok_player_response]
6566004,416,4:25:37,0,[StatementsData_logId:0,DuelResponsesData_logId:1]
6566004,417,4:25:37,0,[StatementsData_logId:0,DuelResponsesData_logId:1]
6566004,413,4:25:38,0,[StatementsData_logId:0,DuelResponsesData_logId:2]
6566004,414,4:25:39,0,[StatementsData_logId:0,DuelResponsesData_logId:2]
6566004,415,4:25:41,0,[StatementsData_logId:0,DuelResponsesData_logId:2,DuelResponsesData_witty_player_response]
6566004,416,4:25:41,0,[StatementsData_logId:0,DuelResponsesData_logId:2]
6566004,417,4:25:42,0,[StatementsData_logId:0,DuelResponsesData_logId:2]
6566004,418,4:25:42,0,[StatementsData_logId:0,true]
6566004,419,4:25:44,0,[StatementsData_logId:0,4]
6566004,411,4:25:47,0,[StatementsData_logId:0]
6566004,401,4:25:49,0,[StatementsData_logId:1]
6566004,402,4:25:49,0,[StatementsData_logId:1,true]
6566004,405,4:25:50,0,[StatementsData_logId:1]
6566004,406,4:25:51,0,[StatementsData_logId:1,2]
6566004,411,4:25:52,0,[StatementsData_logId:1]
6566004,401,4:25:52,0,[StatementsData_logId:2]
6566004,404,4:25:54,0,[StatementsData_logId:2,true]
6566004,406,4:25:54,0,[StatementsData_logId:2,2]
6566004,412,4:25:55,0,[StatementsData_logId:2]
6566004,413,4:25:56,0,[StatementsData_logId:2,DuelResponsesData_logId:3]
6566004,414,4:25:56,0,[StatementsData_logId:2,DuelResponsesData_logId:3]
6566004,415,4:25:58,0,[StatementsData_logId:2,DuelResponsesData_logId:3,DuelResponsesData_ok_player_response]
6566004,416,4:25:58,0,[StatementsData_logId:2,DuelResponsesData_logId:3]
6566004,417,4:25:59,0,[StatementsData_logId:2,DuelResponsesData_logId:3]
6566004,413,4:26:0,0,[StatementsData_logId:2,DuelResponsesData_logId:4]
6566004,414,4:26:1,0,[StatementsData_logId:2,DuelResponsesData_logId:4]
6566004,415,4:26:3,0,[StatementsData_logId:2,DuelResponsesData_logId:4,DuelResponsesData_ok_player_response]
6566004,416,4:26:4,0,[StatementsData_logId:2,DuelResponsesData_logId:4]
6566004,417,4:26:4,0,[StatementsData_logId:2,DuelResponsesData_logId:4]
6566004,413,4:26:5,0,[StatementsData_logId:2,DuelResponsesData_logId:5]
6566004,414,4:26:6,0,[StatementsData_logId:2,DuelResponsesData_logId:5]
6566004,415,4:26:8,0,[StatementsData_logId:2,DuelResponsesData_logId:5,DuelResponsesData_witty_player_response]
6566004,416,4:26:8,0,[StatementsData_logId:2,DuelResponsesData_logId:5]
6566004,417,4:26:25,0,[StatementsData_logId:2,DuelResponsesData_logId:5]
6566004,418,4:26:25,0,[StatementsData_logId:2,true]
6566004,419,4:26:31,0,[StatementsData_logId:2,4]
6566004,411,4:26:33,0,[StatementsData_logId:2]
6566004,401,4:26:34,0,[StatementsData_logId:3]
6566004,403,4:26:39,0,[StatementsData_logId:3,true]
6566004,405,4:26:39,0,[StatementsData_logId:3]
6566004,406,4:26:40,0,[StatementsData_logId:3,2]
6566004,407,4:26:40,0,[StatementsData_logId:3,FactCardData_id:3]
6566004,407,4:26:40,0,[StatementsData_logId:3,FactCardData_id:7]
6566004,407,4:26:40,0,[StatementsData_logId:3,FactCardData_id:0]
6566004,407,4:26:40,0,[StatementsData_logId:3,FactCardData_id:5]
6566004,407,4:26:40,0,[StatementsData_logId:3,FactCardData_id:4]
6566004,407,4:26:40,0,[StatementsData_logId:3,FactCardData_id:6]
6566004,407,4:26:41,0,[StatementsData_logId:3,FactCardData_id:6]
6566004,407,4:26:41,0,[StatementsData_logId:3,FactCardData_id:6]
6566004,407,4:26:41,0,[StatementsData_logId:3,FactCardData_id:5]
6566004,407,4:26:41,0,[StatementsData_logId:3,FactCardData_id:6]
6566004,407,4:26:41,0,[StatementsData_logId:3,FactCardData_id:5]
6566004,407,4:26:43,0,[StatementsData_logId:3,FactCardData_id:7]
6566004,407,4:26:43,0,[StatementsData_logId:3,FactCardData_id:5]
6566004,407,4:26:43,0,[StatementsData_logId:3,FactCardData_id:7]
6566004,407,4:26:43,0,[StatementsData_logId:3,FactCardData_id:4]
6566004,407,4:26:43,0,[StatementsData_logId:3,FactCardData_id:7]
6566004,407,4:26:43,0,[StatementsData_logId:3,FactCardData_id:4]
6566004,407,4:26:44,0,[StatementsData_logId:3,FactCardData_id:0]
6566004,407,4:26:44,0,[StatementsData_logId:3,FactCardData_id:4]
6566004,407,4:26:44,0,[StatementsData_logId:3,FactCardData_id:0]
6566004,407,4:26:45,0,[StatementsData_logId:3,FactCardData_id:3]
6566004,407,4:26:45,0,[StatementsData_logId:3,FactCardData_id:0]
6566004,407,4:26:45,0,[StatementsData_logId:3,FactCardData_id:3]
6566004,408,4:26:46,0,[StatementsData_logId:3,FactCardData_id:3,false]
6566004,406,4:26:47,0,[StatementsData_logId:3,-2]
6566004,411,4:26:48,0,[StatementsData_logId:3]
6566004,401,4:26:50,0,[StatementsData_logId:4]
6566004,402,4:26:50,0,[StatementsData_logId:4,true]
6566004,405,4:26:51,0,[StatementsData_logId:4]
6566004,406,4:26:52,0,[StatementsData_logId:4,2]
6566004,411,4:26:53,0,[StatementsData_logId:4]
6566004,401,4:26:55,0,[StatementsData_logId:5]
6566004,404,4:26:55,0,[StatementsData_logId:5,true]
6566004,406,4:26:56,0,[StatementsData_logId:5,2]
6566004,412,4:26:56,0,[StatementsData_logId:5]
6566004,413,4:26:57,0,[StatementsData_logId:5,DuelResponsesData_logId:9]
6566004,414,4:26:58,0,[StatementsData_logId:5,DuelResponsesData_logId:9]
6566004,415,4:27:0,0,[StatementsData_logId:5,DuelResponsesData_logId:9,DuelResponsesData_ok_player_response]
6566004,416,4:27:0,0,[StatementsData_logId:5,DuelResponsesData_logId:9]
6566004,417,4:27:1,0,[StatementsData_logId:5,DuelResponsesData_logId:9]
6566004,413,4:27:2,0,[StatementsData_logId:5,DuelResponsesData_logId:10]
6566004,414,4:27:3,0,[StatementsData_logId:5,DuelResponsesData_logId:10]
6566004,415,4:27:8,0,[StatementsData_logId:5,DuelResponsesData_logId:10,DuelResponsesData_witty_player_response]
6566004,416,4:27:9,0,[StatementsData_logId:5,DuelResponsesData_logId:10]
6566004,417,4:27:9,0,[StatementsData_logId:5,DuelResponsesData_logId:10]
6566004,413,4:27:10,0,[StatementsData_logId:5,DuelResponsesData_logId:11]
6566004,414,4:27:11,0,[StatementsData_logId:5,DuelResponsesData_logId:11]
6566004,415,4:27:14,0,[StatementsData_logId:5,DuelResponsesData_logId:11,DuelResponsesData_ok_player_response]
6566004,416,4:27:14,0,[StatementsData_logId:5,DuelResponsesData_logId:11]
6566004,417,4:27:15,0,[StatementsData_logId:5,DuelResponsesData_logId:11]
6566004,418,4:27:15,0,[StatementsData_logId:5,true]
6566004,419,4:27:17,0,[StatementsData_logId:5,4]
6566004,411,4:27:19,0,[StatementsData_logId:5]
6566004,420,4:27:19,0,[56]
6566004,1000,4:27:53,0,[]
6566004,400,4:27:55,0,[]
6566004,401,4:27:57,0,[StatementsData_logId:0]
6566004,403,4:27:58,0,[StatementsData_logId:0,true]
6566004,405,4:27:58,0,[StatementsData_logId:0]
6566004,406,4:28:1,0,[StatementsData_logId:0,2]
6566004,407,4:28:1,0,[StatementsData_logId:0,FactCardData_id:5]
6566004,407,4:28:1,0,[StatementsData_logId:0,FactCardData_id:0]
6566004,407,4:28:1,0,[StatementsData_logId:0,FactCardData_id:4]
6566004,407,4:28:1,0,[StatementsData_logId:0,FactCardData_id:7]
6566004,407,4:28:1,0,[StatementsData_logId:0,FactCardData_id:6]
6566004,407,4:28:1,0,[StatementsData_logId:0,FactCardData_id:3]
6566004,407,4:28:4,0,[StatementsData_logId:0,FactCardData_id:3]
6566004,407,4:28:4,0,[StatementsData_logId:0,FactCardData_id:3]
6566004,407,4:28:5,0,[StatementsData_logId:0,FactCardData_id:7]
6566004,407,4:28:5,0,[StatementsData_logId:0,FactCardData_id:3]
6566004,407,4:28:5,0,[StatementsData_logId:0,FactCardData_id:7]
6566004,407,4:28:6,0,[StatementsData_logId:0,FactCardData_id:0]
6566004,407,4:28:6,0,[StatementsData_logId:0,FactCardData_id:7]
6566004,407,4:28:6,0,[StatementsData_logId:0,FactCardData_id:0]
6566004,407,4:28:7,0,[StatementsData_logId:0,FactCardData_id:7]
6566004,407,4:28:7,0,[StatementsData_logId:0,FactCardData_id:0]
6566004,407,4:28:7,0,[StatementsData_logId:0,FactCardData_id:7]
6566004,407,4:28:8,0,[StatementsData_logId:0,FactCardData_id:6]
6566004,407,4:28:8,0,[StatementsData_logId:0,FactCardData_id:7]
6566004,407,4:28:8,0,[StatementsData_logId:0,FactCardData_id:6]
6566004,408,4:28:9,0,[StatementsData_logId:0,FactCardData_id:6,true]
6566004,409,4:28:9,0,[StatementsData_logId:0]
6566004,410,4:28:9,0,[StatementsData_logId:0,2]
6566004,412,4:28:10,0,[StatementsData_logId:0]
6566004,413,4:28:11,0,[StatementsData_logId:0,DuelResponsesData_logId:0]
6566004,414,4:28:12,0,[StatementsData_logId:0,DuelResponsesData_logId:0]
6566004,415,4:28:37,0,[StatementsData_logId:0,DuelResponsesData_logId:0,DuelResponsesData_ok_player_response]
6566004,416,4:28:37,0,[StatementsData_logId:0,DuelResponsesData_logId:0]
6566004,417,4:28:38,0,[StatementsData_logId:0,DuelResponsesData_logId:0]
6566004,413,4:28:40,0,[StatementsData_logId:0,DuelResponsesData_logId:1]
6566004,414,4:28:41,0,[StatementsData_logId:0,DuelResponsesData_logId:1]
6566004,415,4:28:45,0,[StatementsData_logId:0,DuelResponsesData_logId:1,DuelResponsesData_ok_player_response]
6566004,416,4:28:45,0,[StatementsData_logId:0,DuelResponsesData_logId:1]
6566004,417,4:28:46,0,[StatementsData_logId:0,DuelResponsesData_logId:1]
6566004,413,4:28:47,0,[StatementsData_logId:0,DuelResponsesData_logId:2]
6566004,414,4:28:48,0,[StatementsData_logId:0,DuelResponsesData_logId:2]
6566004,415,4:28:49,0,[StatementsData_logId:0,DuelResponsesData_logId:2,DuelResponsesData_witty_player_response]
6566004,416,4:28:50,0,[StatementsData_logId:0,DuelResponsesData_logId:2]
6566004,417,4:28:54,0,[StatementsData_logId:0,DuelResponsesData_logId:2]
6566004,418,4:28:54,0,[StatementsData_logId:0,true]
6566004,419,4:28:55,0,[StatementsData_logId:0,4]
6566004,411,4:28:57,0,[StatementsData_logId:0]
6566004,401,4:28:59,0,[StatementsData_logId:1]
6566004,402,4:28:59,0,[StatementsData_logId:1,true]
6566004,405,4:29:0,0,[StatementsData_logId:1]
6566004,406,4:29:0,0,[StatementsData_logId:1,2]
6566004,411,4:29:2,0,[StatementsData_logId:1]
6566004,401,4:29:3,0,[StatementsData_logId:2]
6566004,404,4:29:4,0,[StatementsData_logId:2,true]
6566004,406,4:29:4,0,[StatementsData_logId:2,2]
6566004,412,4:29:5,0,[StatementsData_logId:2]
6566004,413,4:29:6,0,[StatementsData_logId:2,DuelResponsesData_logId:3]
6566004,414,4:29:7,0,[StatementsData_logId:2,DuelResponsesData_logId:3]
6566004,415,4:29:8,0,[StatementsData_logId:2,DuelResponsesData_logId:3,DuelResponsesData_ok_player_response]
6566004,416,4:29:8,0,[StatementsData_logId:2,DuelResponsesData_logId:3]
6566004,417,4:29:9,0,[StatementsData_logId:2,DuelResponsesData_logId:3]
6566004,413,4:29:10,0,[StatementsData_logId:2,DuelResponsesData_logId:4]
6566004,414,4:29:10,0,[StatementsData_logId:2,DuelResponsesData_logId:4]
6566004,415,4:29:13,0,[StatementsData_logId:2,DuelResponsesData_logId:4,DuelResponsesData_ok_player_response]
6566004,416,4:29:13,0,[StatementsData_logId:2,DuelResponsesData_logId:4]
6566004,417,4:29:14,0,[StatementsData_logId:2,DuelResponsesData_logId:4]
6566004,413,4:29:15,0,[StatementsData_logId:2,DuelResponsesData_logId:5]
6566004,414,4:29:15,0,[StatementsData_logId:2,DuelResponsesData_logId:5]
6566004,415,4:29:17,0,[StatementsData_logId:2,DuelResponsesData_logId:5,DuelResponsesData_witty_player_response]
6566004,416,4:29:18,0,[StatementsData_logId:2,DuelResponsesData_logId:5]
6566004,417,4:29:22,0,[StatementsData_logId:2,DuelResponsesData_logId:5]
6566004,418,4:29:22,0,[StatementsData_logId:2,true]
6566004,419,4:29:25,0,[StatementsData_logId:2,4]
6566004,411,4:29:26,0,[StatementsData_logId:2]
6566004,401,4:29:27,0,[StatementsData_logId:3]
6566004,403,4:29:29,0,[StatementsData_logId:3,true]
6566004,405,4:29:29,0,[StatementsData_logId:3]
6566004,406,4:29:30,0,[StatementsData_logId:3,2]
6566004,407,4:29:30,0,[StatementsData_logId:3,FactCardData_id:6]
6566004,407,4:29:30,0,[StatementsData_logId:3,FactCardData_id:3]
6566004,407,4:29:30,0,[StatementsData_logId:3,FactCardData_id:4]
6566004,407,4:29:30,0,[StatementsData_logId:3,FactCardData_id:0]
6566004,407,4:29:30,0,[StatementsData_logId:3,FactCardData_id:5]
6566004,407,4:29:30,0,[StatementsData_logId:3,FactCardData_id:7]
6566004,407,4:29:32,0,[StatementsData_logId:3,FactCardData_id:5]
6566004,407,4:29:32,0,[StatementsData_logId:3,FactCardData_id:5]
6566004,407,4:29:32,0,[StatementsData_logId:3,FactCardData_id:4]
6566004,407,4:29:32,0,[StatementsData_logId:3,FactCardData_id:5]
6566004,407,4:29:32,0,[StatementsData_logId:3,FactCardData_id:4]
6566004,407,4:29:34,0,[StatementsData_logId:3,FactCardData_id:6]
6566004,407,4:29:34,0,[StatementsData_logId:3,FactCardData_id:4]
6566004,407,4:29:34,0,[StatementsData_logId:3,FactCardData_id:6]
6566004,407,4:29:35,0,[StatementsData_logId:3,FactCardData_id:7]
6566004,407,4:29:35,0,[StatementsData_logId:3,FactCardData_id:6]
6566004,407,4:29:35,0,[StatementsData_logId:3,FactCardData_id:7]
6566004,407,4:29:51,0,[StatementsData_logId:3,FactCardData_id:0]
6566004,407,4:29:51,0,[StatementsData_logId:3,FactCardData_id:7]
6566004,407,4:29:51,0,[StatementsData_logId:3,FactCardData_id:0]
6566004,408,4:29:58,0,[StatementsData_logId:3,FactCardData_id:0,true]
6566004,409,4:29:58,0,[StatementsData_logId:3]
6566004,410,4:29:59,0,[StatementsData_logId:3,2]
6566004,412,4:30:0,0,[StatementsData_logId:3]
6566004,413,4:30:1,0,[StatementsData_logId:3,DuelResponsesData_logId:6]
6566004,414,4:30:2,0,[StatementsData_logId:3,DuelResponsesData_logId:6]
6566004,415,4:30:23,0,[StatementsData_logId:3,DuelResponsesData_logId:6,DuelResponsesData_ok_player_response]
6566004,416,4:30:24,0,[StatementsData_logId:3,DuelResponsesData_logId:6]
6566004,417,4:30:24,0,[StatementsData_logId:3,DuelResponsesData_logId:6]
6566004,413,4:30:25,0,[StatementsData_logId:3,DuelResponsesData_logId:7]
6566004,414,4:30:26,0,[StatementsData_logId:3,DuelResponsesData_logId:7]
6566004,415,4:30:53,0,[StatementsData_logId:3,DuelResponsesData_logId:7,DuelResponsesData_ok_player_response]
6566004,416,4:30:54,0,[StatementsData_logId:3,DuelResponsesData_logId:7]
6566004,417,4:30:55,0,[StatementsData_logId:3,DuelResponsesData_logId:7]
6566004,413,4:30:55,0,[StatementsData_logId:3,DuelResponsesData_logId:8]
6566004,414,4:30:56,0,[StatementsData_logId:3,DuelResponsesData_logId:8]
6566004,415,4:31:8,0,[StatementsData_logId:3,DuelResponsesData_logId:8,DuelResponsesData_lame_player_response]
6566004,416,4:31:9,0,[StatementsData_logId:3,DuelResponsesData_logId:8]
6566004,417,4:31:10,0,[StatementsData_logId:3,DuelResponsesData_logId:8]
6566004,418,4:31:10,0,[StatementsData_logId:3,true]
6566004,419,4:31:13,0,[StatementsData_logId:3,4]
6566004,411,4:31:14,0,[StatementsData_logId:3]
6566004,401,4:31:15,0,[StatementsData_logId:4]
6566004,402,4:31:16,0,[StatementsData_logId:4,true]
6566004,405,4:31:16,0,[StatementsData_logId:4]
6566004,406,4:31:17,0,[StatementsData_logId:4,2]
6566004,411,4:31:18,0,[StatementsData_logId:4]
6566004,401,4:31:19,0,[StatementsData_logId:5]
6566004,404,4:31:20,0,[StatementsData_logId:5,true]
6566004,406,4:31:20,0,[StatementsData_logId:5,2]
6566004,412,4:31:23,0,[StatementsData_logId:5]
6566004,413,4:31:23,0,[StatementsData_logId:5,DuelResponsesData_logId:9]
6566004,414,4:31:24,0,[StatementsData_logId:5,DuelResponsesData_logId:9]
6566004,415,4:31:27,0,[StatementsData_logId:5,DuelResponsesData_logId:9,DuelResponsesData_ok_player_response]
6566004,416,4:31:28,0,[StatementsData_logId:5,DuelResponsesData_logId:9]
6566004,417,4:31:29,0,[StatementsData_logId:5,DuelResponsesData_logId:9]
6566004,413,4:31:30,0,[StatementsData_logId:5,DuelResponsesData_logId:10]
6566004,414,4:31:31,0,[StatementsData_logId:5,DuelResponsesData_logId:10]
6566004,415,4:31:39,0,[StatementsData_logId:5,DuelResponsesData_logId:10,DuelResponsesData_witty_player_response]
6566004,416,4:31:40,0,[StatementsData_logId:5,DuelResponsesData_logId:10]
6566004,417,4:31:40,0,[StatementsData_logId:5,DuelResponsesData_logId:10]
6566004,413,4:31:41,0,[StatementsData_logId:5,DuelResponsesData_logId:11]
6566004,414,4:31:42,0,[StatementsData_logId:5,DuelResponsesData_logId:11]
6566004,415,4:31:45,0,[StatementsData_logId:5,DuelResponsesData_logId:11,DuelResponsesData_ok_player_response]
6566004,416,4:31:45,0,[StatementsData_logId:5,DuelResponsesData_logId:11]
6566004,417,4:31:46,0,[StatementsData_logId:5,DuelResponsesData_logId:11]
6566004,418,4:31:46,0,[StatementsData_logId:5,true]
6566004,419,4:31:47,0,[StatementsData_logId:5,4]
6566004,411,4:31:48,0,[StatementsData_logId:5]
6566004,420,4:31:48,0,[64]
6566004,1005,4:31:48,0,[0,2,3]
6566004,1001,4:31:50,0,[]
6566004,1003,4:31:50,0
6566004,210,4:31:55,1172,435
6566004,211,4:31:55,977,485
6566004,213,4:31:55,0,c_bestFriend_F_a_G7a1P,true
6566004,205,4:31:55,0,c_bestFriend_F_a_G7a1P,false,false
6566004,212,4:31:59,1
6566004,221,4:32:1,0
6566004,220,4:32:4,0
6566004,210,4:32:4,1145,448
6566004,207,4:32:10,0,-400,-145
6566004,211,4:32:10,88,488
6566004,207,4:32:10,0,-145,-70
6566004,207,4:32:11,0,-70,-10
6566004,210,4:32:11,81,397
6566004,207,4:32:11,0,-10,0
6566004,211,4:32:18,562,569
6566004,210,4:32:19,591,451
6566004,211,4:32:21,341,604
6566004,210,4:32:25,890,500
6566004,211,4:32:27,1452,529
6566004,207,4:32:27,0,-400,-445
6566004,207,4:32:28,0,-445,-518
6566004,210,4:32:28,1496,538
6566004,211,4:32:40,815,693
6566004,210,4:33:57,1085,364
6566004,211,4:33:58,1085,364
6566004,210,4:33:58,1194,322
6566004,211,4:34:15,801,472
6566004,213,4:34:15,0,c_teacherEng_G7a1P,true
6566004,205,4:34:15,0,c_teacherEng_G7a1P,false,true
6566004,210,4:34:36,1282,450
6566004,207,4:34:45,0,-518,-53
6566004,207,4:34:46,0,-53,0
6566004,211,4:34:51,246,409
6566004,213,4:34:51,0,s_papersDetention_gen,true
6566004,221,4:34:58,0
6566004,220,4:35:2,0
6566004,210,4:35:3,577,435
6566004,211,4:35:10,406,502
6566004,210,4:35:27,545,252
6566004,211,4:35:27,265,392
6566004,210,4:35:28,306,333
6566004,211,4:35:40,1054,465
6566004,207,4:35:40,0,0,-60
6566004,212,4:35:41,2
6566004,210,4:35:42,930,563
6566004,211,4:35:43,769,606
6566004,221,4:35:43,0
6566004,220,4:35:55,0
6566004,210,4:35:58,761,338
6566004,211,4:35:59,339,509
6566004,212,4:35:59,1
6566004,210,4:36:0,686,386
6566004,207,4:36:14,0,-60,-518
6566004,211,4:36:16,1540,225
6566004,210,4:36:17,1486,459
6566004,207,4:36:34,0,-518,-158
6566004,207,4:36:39,0,-158,0
6566004,207,4:36:43,0,0,-518
6566004,211,4:37:10,1538,494
6566004,210,4:37:13,1538,432
6566004,211,4:37:13,1538,418
6566004,210,4:37:13,1538,326
6566004,211,4:37:14,1503,320
6566004,213,4:37:14,0,s_paperEnglish_gen,true
6566004,205,4:37:14,0,s_paperEnglish_gen,false,false
6566004,221,4:37:19,0
6566004,220,4:37:21,0
6566004,203,4:37:21,0
6566004,100,4:37:25,1
6566004,102,4:37:27,1
6566004,200,4:37:27,1,3,3,3,0,6
6566004,219,4:37:27,1
6566004,216,4:37:28,Stack_G7b0
6566004,217,4:37:55,Stack_G7b0,20,1.0
6566004,218,4:37:57,1
6566004,210,4:37:59,1241,465
6566004,211,4:38:1,991,498
6566004,210,4:38:1,994,499
6566004,211,4:38:1,1087,538
6566004,210,4:38:2,1135,477
6566004,211,4:38:3,1024,519
6566004,212,4:38:3,2
6566004,210,4:38:4,1241,487
6566004,211,4:38:5,1008,472
6566004,213,4:38:5,1,c_crewKid1_F_G7b0,false
6566004,1003,4:38:8,2
6566004,1004,4:38:9,1
6566004,900,4:38:11,1,[]
6566004,901,4:38:13,1,[PeopleData_id:6]
6566004,904,4:38:13,1,[PeopleData_id:6]
6566004,902,4:38:15,1,[PeopleData_id:6,PeopleData_data3Type]
6566004,902,4:38:17,1,[PeopleData_id:6,PeopleData_data2Type]
6566004,902,4:38:18,1,[PeopleData_id:6,PeopleData_data1Type]
6566004,902,4:38:19,1,[PeopleData_id:6,PeopleData_data1Type]
6566004,902,4:38:20,1,[PeopleData_id:6,PeopleData_data0Type]
6566004,903,4:38:21,1,[PeopleData_id6,PeopleData_data0Type]
6566004,901,4:38:21,1,[PeopleData_id:4]
6566004,904,4:38:21,1,[PeopleData_id:4]
6566004,905,4:38:22,1,[PeopleData_id:4,RankTypes_id:-1,RankTypes_id:3]
6566004,901,4:38:23,1,[PeopleData_id:0]
6566004,902,4:38:24,1,[PeopleData_id:0,PeopleData_data2Type]
6566004,902,4:38:25,1,[PeopleData_id:0,PeopleData_data1Type]
6566004,902,4:38:26,1,[PeopleData_id:0,PeopleData_data0Type]
6566004,902,4:38:26,1,[PeopleData_id:0,PeopleData_data0Type]
6566004,903,4:38:29,1,[PeopleData_id0,PeopleData_data0Type]
6566004,901,4:38:30,1,[PeopleData_id:0]
6566004,904,4:38:30,1,[PeopleData_id:0]
6566004,905,4:38:30,1,[PeopleData_id:0,RankTypes_id:-1,RankTypes_id:3]
6566004,901,4:38:31,1,[PeopleData_id:1]
6566004,902,4:38:32,1,[PeopleData_id:1,PeopleData_data3Type]
6566004,902,4:38:33,1,[PeopleData_id:1,PeopleData_data2Type]
6566004,902,4:38:34,1,[PeopleData_id:1,PeopleData_data1Type]
6566004,902,4:38:37,1,[PeopleData_id:1,PeopleData_data0Type]
6566004,903,4:38:38,1,[PeopleData_id1,PeopleData_data0Type]
6566004,901,4:38:39,1,[PeopleData_id:1]
6566004,904,4:38:39,1,[PeopleData_id:1]
6566004,905,4:38:39,1,[PeopleData_id:1,RankTypes_id:-1,RankTypes_id:3]
6566004,901,4:38:40,1,[PeopleData_id:3]
6566004,902,4:38:41,1,[PeopleData_id:3,PeopleData_data3Type]
6566004,902,4:38:42,1,[PeopleData_id:3,PeopleData_data2Type]
6566004,902,4:38:43,1,[PeopleData_id:3,PeopleData_data1Type]
6566004,902,4:38:48,1,[PeopleData_id:3,PeopleData_data0Type]
6566004,903,4:38:49,1,[PeopleData_id3,PeopleData_data0Type]
6566004,901,4:38:50,1,[PeopleData_id:3]
6566004,904,4:38:50,1,[PeopleData_id:3]
6566004,905,4:38:52,1,[PeopleData_id:3,RankTypes_id:-1,RankTypes_id:1]
6566004,901,4:38:53,1,[PeopleData_id:5]
6566004,904,4:38:53,1,[PeopleData_id:5]
6566004,902,4:38:54,1,[PeopleData_id:5,PeopleData_data2Type]
6566004,902,4:38:55,1,[PeopleData_id:5,PeopleData_data1Type]
6566004,902,4:38:57,1,[PeopleData_id:5,PeopleData_data0Type]
6566004,903,4:38:59,1,[PeopleData_id5,PeopleData_data0Type]
6566004,901,4:39:0,1,[PeopleData_id:5]
6566004,904,4:39:0,1,[PeopleData_id:5]
6566004,905,4:39:1,1,[PeopleData_id:5,RankTypes_id:-1,RankTypes_id:3]
6566004,901,4:39:2,1,[PeopleData_id:2]
6566004,904,4:39:2,1,[PeopleData_id:2]
6566004,902,4:39:3,1,[PeopleData_id:2,PeopleData_data3Type]
6566004,902,4:39:6,1,[PeopleData_id:2,PeopleData_data2Type]
6566004,902,4:39:8,1,[PeopleData_id:2,PeopleData_data1Type]
6566004,902,4:39:9,1,[PeopleData_id:2,PeopleData_data0Type]
6566004,902,4:39:9,1,[PeopleData_id:2,PeopleData_data0Type]
6566004,903,4:39:11,1,[PeopleData_id2,PeopleData_data0Type]
6566004,901,4:39:12,1,[PeopleData_id:2]
6566004,904,4:39:12,1,[PeopleData_id:2]
6566004,905,4:39:12,1,[PeopleData_id:2,RankTypes_id:-1,RankTypes_id:2]
6566004,901,4:39:13,1,[PeopleData_id:6]
6566004,904,4:39:13,1,[PeopleData_id:6]
6566004,902,4:39:14,1,[PeopleData_id:6,PeopleData_data3Type]
6566004,902,4:39:15,1,[PeopleData_id:6,PeopleData_data2Type]
6566004,902,4:39:16,1,[PeopleData_id:6,PeopleData_data1Type]
6566004,902,4:39:17,1,[PeopleData_id:6,PeopleData_data0Type]
6566004,902,4:39:19,1,[PeopleData_id:6,PeopleData_data3Type]
6566004,902,4:39:20,1,[PeopleData_id:6,PeopleData_data2Type]
6566004,903,4:39:22,1,[PeopleData_id6,PeopleData_data2Type]
6566004,901,4:39:22,1,[PeopleData_id:6]
6566004,904,4:39:22,1,[PeopleData_id:6]
6566004,905,4:39:23,1,[PeopleData_id:6,RankTypes_id:-1,RankTypes_id:3]
6566004,906,4:39:23,1,[]
6566004,907,4:39:24,1,[]
6566004,908,4:39:24,1,[InvitationData_id:7,PeopleData_id:2,RankTypes_id:2]
6566004,909,4:39:27,1,[InvitationData_id:7,PeopleData_id:2,RankTypes_id:2,0]
6566004,910,4:39:29,1,[InvitationData_id:7,-2,false]
6566004,908,4:39:29,1,[InvitationData_id:8,PeopleData_id:5,RankTypes_id:3]
6566004,909,4:39:33,1,[InvitationData_id:8,PeopleData_id:5,RankTypes_id:3,1]
6566004,910,4:39:35,1,[InvitationData_id:8,7,false]
6566004,908,4:39:35,1,[InvitationData_id:4,PeopleData_id:0,RankTypes_id:3]
6566004,909,4:39:37,1,[InvitationData_id:4,PeopleData_id:0,RankTypes_id:3,0]
6566004,910,4:39:38,1,[InvitationData_id:4,-7,false]
6566004,908,4:39:38,1,[InvitationData_id:9,PeopleData_id:4,RankTypes_id:3]
6566004,909,4:39:41,1,[InvitationData_id:9,PeopleData_id:4,RankTypes_id:3,1]
6566004,910,4:39:42,1,[InvitationData_id:9,0,true]
6566004,908,4:39:42,1,[InvitationData_id:0,PeopleData_id:0,RankTypes_id:3]
6566004,909,4:39:45,1,[InvitationData_id:0,PeopleData_id:0,RankTypes_id:3,1]
6566004,910,4:39:46,1,[InvitationData_id:0,7,false]
6566004,908,4:39:46,1,[InvitationData_id:5,PeopleData_id:6,RankTypes_id:3]
6566004,909,4:39:49,1,[InvitationData_id:5,PeopleData_id:6,RankTypes_id:3,1]
6566004,910,4:39:50,1,[InvitationData_id:5,7,false]
6566004,908,4:39:50,1,[InvitationData_id:1,PeopleData_id:4,RankTypes_id:3]
6566004,909,4:39:54,1,[InvitationData_id:1,PeopleData_id:4,RankTypes_id:3,1]
6566004,910,4:39:55,1,[InvitationData_id:1,7,false]
6566004,908,4:39:55,1,[InvitationData_id:2,PeopleData_id:0,RankTypes_id:3]
6566004,909,4:40:4,1,[InvitationData_id:2,PeopleData_id:0,RankTypes_id:3,1]
6566004,910,4:40:4,1,[InvitationData_id:2,0,true]
6566004,908,4:40:4,1,[InvitationData_id:3,PeopleData_id:4,RankTypes_id:3]
6566004,909,4:40:8,1,[InvitationData_id:3,PeopleData_id:4,RankTypes_id:3,1]
6566004,910,4:40:9,1,[InvitationData_id:3,7,false]
6566004,908,4:40:9,1,[InvitationData_id:6,PeopleData_id:4,RankTypes_id:3]
6566004,909,4:40:12,1,[InvitationData_id:6,PeopleData_id:4,RankTypes_id:3,1]
6566004,910,4:40:13,1,[InvitationData_id:6,7,false]
6566004,908,4:40:13,1,[InvitationData_id:10,PeopleData_id:1,RankTypes_id:3]
6566004,909,4:40:15,1,[InvitationData_id:10,PeopleData_id:1,RankTypes_id:3,1]
6566004,910,4:40:16,1,[InvitationData_id:10,7,false]
6566004,911,4:40:17,1,[40,2,0,2]
6566004,1005,4:40:17,1,[2,0,1]
6566004,1001,4:40:19,1,[]
6566004,1003,4:40:19,2
6566004,210,4:40:23,747,433
6566004,211,4:40:24,982,515
6566004,213,4:40:24,1,c_crewKid1_F_G7b0,false
6566004,210,4:40:29,745,396
6566004,211,4:40:34,1007,407
6566004,213,4:40:34,1,c_crewKid1_F_G7b0,false
6566004,1003,4:40:37,2
6566004,1004,4:40:38,1
6566004,900,4:40:40,1,[]
6566004,901,4:40:42,1,[PeopleData_id:0]
6566004,902,4:40:43,1,[PeopleData_id:0,PeopleData_data2Type]
6566004,902,4:40:45,1,[PeopleData_id:0,PeopleData_data1Type]
6566004,902,4:40:47,1,[PeopleData_id:0,PeopleData_data0Type]
6566004,903,4:40:48,1,[PeopleData_id0,PeopleData_data0Type]
6566004,901,4:40:49,1,[PeopleData_id:0]
6566004,904,4:40:49,1,[PeopleData_id:0]
6566004,905,4:40:51,1,[PeopleData_id:0,RankTypes_id:-1,RankTypes_id:3]
6566004,901,4:40:52,1,[PeopleData_id:3]
6566004,902,4:40:53,1,[PeopleData_id:3,PeopleData_data3Type]
6566004,902,4:40:57,1,[PeopleData_id:3,PeopleData_data2Type]
6566004,902,4:41:2,1,[PeopleData_id:3,PeopleData_data1Type]
6566004,902,4:41:4,1,[PeopleData_id:3,PeopleData_data0Type]
6566004,903,4:41:5,1,[PeopleData_id3,PeopleData_data0Type]
6566004,901,4:41:6,1,[PeopleData_id:3]
6566004,904,4:41:6,1,[PeopleData_id:3]
6566004,905,4:41:6,1,[PeopleData_id:3,RankTypes_id:-1,RankTypes_id:1]
6566004,901,4:41:7,1,[PeopleData_id:1]
6566004,904,4:41:7,1,[PeopleData_id:1]
6566004,902,4:41:8,1,[PeopleData_id:1,PeopleData_data3Type]
6566004,902,4:41:10,1,[PeopleData_id:1,PeopleData_data2Type]
6566004,902,4:41:11,1,[PeopleData_id:1,PeopleData_data1Type]
6566004,902,4:41:12,1,[PeopleData_id:1,PeopleData_data0Type]
6566004,903,4:41:13,1,[PeopleData_id1,PeopleData_data0Type]
6566004,901,4:41:13,1,[PeopleData_id:1]
6566004,904,4:41:14,1,[PeopleData_id:1]
6566004,905,4:41:15,1,[PeopleData_id:1,RankTypes_id:-1,RankTypes_id:3]
6566004,901,4:41:16,1,[PeopleData_id:5]
6566004,902,4:41:17,1,[PeopleData_id:5,PeopleData_data2Type]
6566004,902,4:41:18,1,[PeopleData_id:5,PeopleData_data1Type]
6566004,902,4:41:20,1,[PeopleData_id:5,PeopleData_data0Type]
6566004,903,4:41:21,1,[PeopleData_id5,PeopleData_data0Type]
6566004,901,4:41:21,1,[PeopleData_id:5]
6566004,904,4:41:22,1,[PeopleData_id:5]
6566004,905,4:41:22,1,[PeopleData_id:5,RankTypes_id:-1,RankTypes_id:3]
6566004,901,4:41:26,1,[PeopleData_id:2]
6566004,904,4:41:26,1,[PeopleData_id:2]
6566004,902,4:41:29,1,[PeopleData_id:2,PeopleData_data3Type]
6566004,902,4:41:30,1,[PeopleData_id:2,PeopleData_data2Type]
6566004,903,4:41:31,1,[PeopleData_id2,PeopleData_data2Type]
6566004,901,4:41:32,1,[PeopleData_id:2]
6566004,904,4:41:32,1,[PeopleData_id:2]
6566004,901,4:41:33,1,[PeopleData_id:6]
6566004,901,4:41:34,1,[PeopleData_id:2]
6566004,904,4:41:34,1,[PeopleData_id:2]
6566004,905,4:41:35,1,[PeopleData_id:2,RankTypes_id:-1,RankTypes_id:1]
6566004,901,4:41:36,1,[PeopleData_id:6]
6566004,904,4:41:36,1,[PeopleData_id:6]
6566004,902,4:41:37,1,[PeopleData_id:6,PeopleData_data3Type]
6566004,902,4:41:38,1,[PeopleData_id:6,PeopleData_data2Type]
6566004,902,4:41:39,1,[PeopleData_id:6,PeopleData_data1Type]
6566004,902,4:41:40,1,[PeopleData_id:6,PeopleData_data0Type]
6566004,903,4:41:41,1,[PeopleData_id6,PeopleData_data0Type]
6566004,901,4:41:42,1,[PeopleData_id:6]
6566004,904,4:41:42,1,[PeopleData_id:6]
6566004,905,4:41:44,1,[PeopleData_id:6,RankTypes_id:-1,RankTypes_id:2]
6566004,901,4:41:45,1,[PeopleData_id:4]
6566004,904,4:41:45,1,[PeopleData_id:4]
6566004,902,4:41:46,1,[PeopleData_id:4,PeopleData_data3Type]
6566004,902,4:41:49,1,[PeopleData_id:4,PeopleData_data2Type]
6566004,902,4:41:50,1,[PeopleData_id:4,PeopleData_data1Type]
6566004,903,4:41:52,1,[PeopleData_id4,PeopleData_data1Type]
6566004,901,4:41:53,1,[PeopleData_id:4]
6566004,904,4:41:53,1,[PeopleData_id:4]
6566004,905,4:41:54,1,[PeopleData_id:4,RankTypes_id:-1,RankTypes_id:2]
6566004,906,4:41:54,1,[]
6566004,907,4:41:55,1,[]
6566004,908,4:41:55,1,[InvitationData_id:1,PeopleData_id:4,RankTypes_id:2]
6566004,909,4:41:58,1,[InvitationData_id:1,PeopleData_id:4,RankTypes_id:2,1]
6566004,910,4:41:59,1,[InvitationData_id:1,5,false]
6566004,908,4:41:59,1,[InvitationData_id:3,PeopleData_id:5,RankTypes_id:3]
6566004,909,4:42:1,1,[InvitationData_id:3,PeopleData_id:5,RankTypes_id:3,1]
6566004,910,4:42:3,1,[InvitationData_id:3,7,false]
6566004,908,4:42:3,1,[InvitationData_id:2,PeopleData_id:0,RankTypes_id:3]
6566004,909,4:42:5,1,[InvitationData_id:2,PeopleData_id:0,RankTypes_id:3,1]
6566004,910,4:42:6,1,[InvitationData_id:2,0,true]
6566004,908,4:42:6,1,[InvitationData_id:9,PeopleData_id:4,RankTypes_id:2]
6566004,909,4:42:11,1,[InvitationData_id:9,PeopleData_id:4,RankTypes_id:2,1]
6566004,910,4:42:12,1,[InvitationData_id:9,0,true]
6566004,908,4:42:12,1,[InvitationData_id:10,PeopleData_id:1,RankTypes_id:3]
6566004,909,4:42:14,1,[InvitationData_id:10,PeopleData_id:1,RankTypes_id:3,1]
6566004,910,4:42:14,1,[InvitationData_id:10,7,false]
6566004,908,4:42:14,1,[InvitationData_id:7,PeopleData_id:2,RankTypes_id:1]
6566004,909,4:42:18,1,[InvitationData_id:7,PeopleData_id:2,RankTypes_id:1,0]
6566004,910,4:42:19,1,[InvitationData_id:7,0,false]
6566004,908,4:42:19,1,[InvitationData_id:6,PeopleData_id:4,RankTypes_id:2]
6566004,909,4:42:21,1,[InvitationData_id:6,PeopleData_id:4,RankTypes_id:2,1]
6566004,910,4:42:22,1,[InvitationData_id:6,5,false]
6566004,908,4:42:22,1,[InvitationData_id:4,PeopleData_id:0,RankTypes_id:3]
6566004,909,4:42:27,1,[InvitationData_id:4,PeopleData_id:0,RankTypes_id:3,1]
6566004,910,4:42:28,1,[InvitationData_id:4,0,true]
6566004,912,4:42:30,1,[]
6566004,1000,4:42:32,1,[]
6566004,900,4:42:33,1,[]
6566004,901,4:43:51,1,[PeopleData_id:5]
6566004,902,4:44:1,1,[PeopleData_id:5,PeopleData_data2Type]
6566004,902,4:44:2,1,[PeopleData_id:5,PeopleData_data1Type]
6566004,902,4:44:3,1,[PeopleData_id:5,PeopleData_data0Type]
6566004,903,4:44:4,1,[PeopleData_id5,PeopleData_data0Type]
6566004,901,4:44:5,1,[PeopleData_id:5]
6566004,904,4:44:5,1,[PeopleData_id:5]
6566004,905,4:44:7,1,[PeopleData_id:5,RankTypes_id:-1,RankTypes_id:3]
6566004,901,4:44:8,1,[PeopleData_id:6]
6566004,902,4:44:9,1,[PeopleData_id:6,PeopleData_data3Type]
6566004,902,4:44:10,1,[PeopleData_id:6,PeopleData_data2Type]
6566004,902,4:44:11,1,[PeopleData_id:6,PeopleData_data1Type]
6566004,902,4:44:12,1,[PeopleData_id:6,PeopleData_data0Type]
6566004,903,4:44:12,1,[PeopleData_id6,PeopleData_data0Type]
6566004,901,4:44:40,1,[PeopleData_id:6]
6566004,902,4:44:41,1,[PeopleData_id:6,PeopleData_data3Type]
6566004,902,4:44:44,1,[PeopleData_id:6,PeopleData_data2Type]
6566004,902,4:44:46,1,[PeopleData_id:6,PeopleData_data1Type]
6566004,902,4:44:47,1,[PeopleData_id:6,PeopleData_data0Type]
6566004,902,4:44:53,1,[PeopleData_id:6,PeopleData_data0Type]
6566004,903,4:44:55,1,[PeopleData_id6,PeopleData_data0Type]
6566004,901,4:44:56,1,[PeopleData_id:6]
6566004,904,4:44:56,1,[PeopleData_id:6]
6566004,905,4:44:57,1,[PeopleData_id:6,RankTypes_id:-1,RankTypes_id:3]
6566004,901,4:44:57,1,[PeopleData_id:1]
6566004,904,4:44:57,1,[PeopleData_id:1]
6566004,902,4:44:58,1,[PeopleData_id:1,PeopleData_data3Type]
6566004,902,4:45:2,1,[PeopleData_id:1,PeopleData_data2Type]
6566004,902,4:45:4,1,[PeopleData_id:1,PeopleData_data1Type]
6566004,902,4:45:4,1,[PeopleData_id:1,PeopleData_data0Type]
6566004,903,4:45:6,1,[PeopleData_id1,PeopleData_data0Type]
6566004,901,4:45:20,1,[PeopleData_id:1]
6566004,904,4:45:20,1,[PeopleData_id:1]
6566004,905,4:45:20,1,[PeopleData_id:1,RankTypes_id:-1,RankTypes_id:3]
6566004,901,4:45:21,1,[PeopleData_id:4]
6566004,904,4:45:21,1,[PeopleData_id:4]
6566004,902,4:45:22,1,[PeopleData_id:4,PeopleData_data3Type]
6566004,902,4:45:22,1,[PeopleData_id:4,PeopleData_data2Type]
6566004,902,4:45:25,1,[PeopleData_id:4,PeopleData_data2Type]
6566004,902,4:45:26,1,[PeopleData_id:4,PeopleData_data1Type]
6566004,902,4:45:27,1,[PeopleData_id:4,PeopleData_data0Type]
6566004,903,4:45:29,1,[PeopleData_id4,PeopleData_data0Type]
6566004,901,4:45:29,1,[PeopleData_id:4]
6566004,904,4:45:29,1,[PeopleData_id:4]
6566004,905,4:45:30,1,[PeopleData_id:4,RankTypes_id:-1,RankTypes_id:3]
6566004,901,4:45:30,1,[PeopleData_id:0]
6566004,902,4:45:32,1,[PeopleData_id:0,PeopleData_data2Type]
6566004,902,4:45:33,1,[PeopleData_id:0,PeopleData_data1Type]
6566004,902,4:45:34,1,[PeopleData_id:0,PeopleData_data0Type]
6566004,903,4:45:35,1,[PeopleData_id0,PeopleData_data0Type]
6566004,901,4:45:36,1,[PeopleData_id:0]
6566004,904,4:45:36,1,[PeopleData_id:0]
6566004,905,4:45:37,1,[PeopleData_id:0,RankTypes_id:-1,RankTypes_id:3]
6566004,901,4:45:37,1,[PeopleData_id:2]
6566004,902,4:45:38,1,[PeopleData_id:2,PeopleData_data3Type]
6566004,902,4:45:40,1,[PeopleData_id:2,PeopleData_data2Type]
6566004,902,4:45:41,1,[PeopleData_id:2,PeopleData_data1Type]
6566004,902,4:45:41,1,[PeopleData_id:2,PeopleData_data0Type]
6566004,903,4:45:42,1,[PeopleData_id2,PeopleData_data0Type]
6566004,901,4:45:43,1,[PeopleData_id:2]
6566004,904,4:45:43,1,[PeopleData_id:2]
6566004,905,4:45:43,1,[PeopleData_id:2,RankTypes_id:-1,RankTypes_id:2]
6566004,901,4:45:43,1,[PeopleData_id:3]
6566004,904,4:45:44,1,[PeopleData_id:3]
6566004,902,4:45:45,1,[PeopleData_id:3,PeopleData_data3Type]
6566004,902,4:45:46,1,[PeopleData_id:3,PeopleData_data2Type]
6566004,902,4:45:47,1,[PeopleData_id:3,PeopleData_data1Type]
6566004,902,4:45:49,1,[PeopleData_id:3,PeopleData_data0Type]
6566004,902,4:45:49,1,[PeopleData_id:3,PeopleData_data0Type]
6566004,903,4:45:51,1,[PeopleData_id3,PeopleData_data0Type]
6566004,901,4:45:52,1,[PeopleData_id:3]
6566004,904,4:45:52,1,[PeopleData_id:3]
6566004,905,4:45:53,1,[PeopleData_id:3,RankTypes_id:-1,RankTypes_id:0]
6566004,906,4:45:53,1,[]
6566004,907,4:45:54,1,[]
6566004,908,4:45:54,1,[InvitationData_id:6,PeopleData_id:4,RankTypes_id:3]
6566004,909,4:45:56,1,[InvitationData_id:6,PeopleData_id:4,RankTypes_id:3,1]
6566004,910,4:45:56,1,[InvitationData_id:6,7,false]
6566004,908,4:45:56,1,[InvitationData_id:10,PeopleData_id:1,RankTypes_id:3]
6566004,909,4:45:58,1,[InvitationData_id:10,PeopleData_id:1,RankTypes_id:3,1]
6566004,910,4:45:59,1,[InvitationData_id:10,7,false]
6566004,908,4:45:59,1,[InvitationData_id:5,PeopleData_id:6,RankTypes_id:3]
6566004,909,4:46:7,1,[InvitationData_id:5,PeopleData_id:6,RankTypes_id:3,0]
6566004,910,4:46:7,1,[InvitationData_id:5,-7,false]
6566004,908,4:46:7,1,[InvitationData_id:8,PeopleData_id:4,RankTypes_id:3]
6566004,909,4:46:13,1,[InvitationData_id:8,PeopleData_id:4,RankTypes_id:3,1]
6566004,910,4:46:13,1,[InvitationData_id:8,7,false]
6566004,908,4:46:13,1,[InvitationData_id:1,PeopleData_id:4,RankTypes_id:3]
6566004,909,4:46:17,1,[InvitationData_id:1,PeopleData_id:4,RankTypes_id:3,1]
6566004,910,4:46:19,1,[InvitationData_id:1,7,false]
6566004,908,4:46:19,1,[InvitationData_id:3,PeopleData_id:5,RankTypes_id:3]
6566004,909,4:46:22,1,[InvitationData_id:3,PeopleData_id:5,RankTypes_id:3,1]
6566004,910,4:46:24,1,[InvitationData_id:3,7,false]
6566004,908,4:46:24,1,[InvitationData_id:0,PeopleData_id:0,RankTypes_id:3]
6566004,909,4:46:27,1,[InvitationData_id:0,PeopleData_id:0,RankTypes_id:3,1]
6566004,910,4:46:28,1,[InvitationData_id:0,7,false]
6566004,908,4:46:28,1,[InvitationData_id:9,PeopleData_id:4,RankTypes_id:3]
6566004,909,4:46:32,1,[InvitationData_id:9,PeopleData_id:4,RankTypes_id:3,0]
6566004,910,4:46:33,1,[InvitationData_id:9,-7,false]
6566004,908,4:46:33,1,[InvitationData_id:7,PeopleData_id:2,RankTypes_id:2]
6566004,909,4:46:35,1,[InvitationData_id:7,PeopleData_id:2,RankTypes_id:2,0]
6566004,910,4:46:36,1,[InvitationData_id:7,-2,false]
6566004,908,4:46:36,1,[InvitationData_id:4,PeopleData_id:0,RankTypes_id:3]
6566004,909,4:46:39,1,[InvitationData_id:4,PeopleData_id:0,RankTypes_id:3,0]
6566004,910,4:46:40,1,[InvitationData_id:4,-7,false]
6566004,908,4:46:40,1,[InvitationData_id:2,PeopleData_id:0,RankTypes_id:3]
6566004,909,4:46:43,1,[InvitationData_id:2,PeopleData_id:0,RankTypes_id:3,1]
6566004,910,4:46:44,1,[InvitationData_id:2,0,true]
6566004,911,4:46:45,1,[19,1,1,1]
6566004,1005,4:46:45,1,[2,1,2]
6566004,1001,4:46:47,1,[]
6566004,1003,4:46:47,2
6566004,210,4:46:50,890,383
6566004,211,4:46:51,1003,453
6566004,213,4:46:51,1,c_crewKid1_F_G7b0,true
6566004,205,4:46:51,1,c_crewKid1_F_G7b0,false,false
6566004,210,4:46:57,1196,487
6566004,211,4:47:0,801,484
6566004,212,4:47:1,1
6566004,210,4:47:2,1169,375
6566004,207,4:47:6,1,-500,0
6566004,211,4:47:8,207,449
6566004,213,4:47:8,1,c_kidSister_afri_a_G7b0,true
6566004,205,4:47:8,1,c_kidSister_afri_a_G7b0,false,false
6566004,210,4:47:13,322,435
6566004,211,4:47:15,633,303
6566004,213,4:47:15,1,c_crewKid2_F_G7b0,true
6566004,212,4:47:19,0
6566004,221,4:47:20,1
6566004,220,4:47:25,1
6566004,210,4:47:26,396,458
6566004,207,4:47:33,1,0,-540
6566004,207,4:47:35,1,-540,-795
6566004,211,4:47:38,754,442
6566004,207,4:47:38,1,-795,-735
6566004,210,4:47:39,719,486
6566004,207,4:47:40,1,-735,-660
6566004,211,4:47:40,557,470
6566004,207,4:47:40,1,-660,-540
6566004,210,4:47:41,478,458
6566004,207,4:47:42,1,-540,0
6566004,211,4:47:43,6,473
6566004,210,4:47:43,189,451
6566004,211,4:47:49,475,411
6566004,221,4:47:51,1
6566004,220,4:47:53,1
6566004,1003,4:47:53,3
6566004,1004,4:47:55,0
6566004,500,4:47:58,0,[]
6566004,501,4:48:3,0,[]
6566004,502,4:48:11,0,[IntentionData_logId:0,false]
6566004,503,4:48:12,0,[]
6566004,504,4:48:18,0,[InfluenceData_logId:7]
6566004,504,4:48:22,0,[InfluenceData_logId:8]
6566004,504,4:48:23,0,[InfluenceData_logId:6]
6566004,504,4:48:25,0,[InfluenceData_logId:5]
6566004,504,4:48:28,0,[InfluenceData_logId:3]
6566004,504,4:48:30,0,[InfluenceData_logId:4]
6566004,504,4:48:32,0,[InfluenceData_logId:2]
6566004,504,4:48:36,0,[InfluenceData_logId:1]
6566004,504,4:48:38,0,[InfluenceData_logId:0]
6566004,504,4:48:40,0,[InfluenceData_logId:1]
6566004,505,4:48:41,0,[InfluenceData_logId:1,true,InfluenceData_logId:4,true,InfluenceData_logId:6,true]
6566004,506,4:48:43,0,[]
6566004,507,4:49:17,0,[OpponentAttackData_logId:0,OpponentAttackTypeData_logId:3,false,30]
6566004,508,4:49:20,0,[]
6566004,509,4:49:30,0,[RefusalData_logId:2,2]
6566004,510,4:49:37,0,[AvailableRefusalData_logId:2,0A]
6566004,510,4:49:42,0,[AvailableRefusalData_logId:2,0B]
6566004,510,4:49:43,0,[AvailableRefusalData_logId:2,0C]
6566004,510,4:49:44,0,[AvailableRefusalData_logId:2,1A]
6566004,510,4:49:44,0,[AvailableRefusalData_logId:2,1C]
6566004,510,4:49:45,0,[AvailableRefusalData_logId:2,1B]
6566004,510,4:49:46,0,[AvailableRefusalData_logId:2,2C]
6566004,510,4:49:48,0,[AvailableRefusalData_logId:2,2B]
6566004,511,4:49:50,0,[AvailableRefusalData_logId:2,0C,1B,2B,false,0]
6566004,512,4:49:53,0,[]
6566004,513,4:49:53,0,[30]
6566004,514,4:49:56,0,[]
6566004,507,4:50:21,0,[OpponentAttackData_logId:2,OpponentAttackTypeData_logId:1,false,30]
6566004,508,4:50:23,0,[]
6566004,509,4:50:38,0,[RefusalData_logId:8,2]
6566004,510,4:50:52,0,[AvailableRefusalData_logId:8,0C]
6566004,510,4:50:54,0,[AvailableRefusalData_logId:8,0A]
6566004,510,4:50:55,0,[AvailableRefusalData_logId:8,1B]
6566004,510,4:50:57,0,[AvailableRefusalData_logId:8,0C]
6566004,510,4:51:3,0,[AvailableRefusalData_logId:8,0A]
6566004,510,4:51:4,0,[AvailableRefusalData_logId:8,1A]
6566004,510,4:51:5,0,[AvailableRefusalData_logId:8,1C]
6566004,510,4:51:6,0,[AvailableRefusalData_logId:8,2B]
6566004,510,4:51:10,0,[AvailableRefusalData_logId:8,0C]
6566004,510,4:51:18,0,[AvailableRefusalData_logId:8,2A]
6566004,511,4:51:19,0,[AvailableRefusalData_logId:8,0C,1C,2A,false,0]
6566004,512,4:51:22,0,[]
6566004,513,4:51:22,0,[30]
6566004,514,4:51:25,0,[]
6566004,507,4:51:46,0,[OpponentAttackData_logId:1,OpponentAttackTypeData_logId:4,false,30]
6566004,508,4:51:49,0,[]
6566004,515,4:51:49,0,[0,100]
6566004,516,4:51:50,0,[]
6566004,517,4:51:51,0,[]
6566004,1000,4:51:52,0,[]
6566004,500,4:51:53,0,[]
6566004,501,4:51:58,0,[]
6566004,502,4:52:9,0,[IntentionData_logId:1,false]
6566004,503,4:52:10,0,[]
6566004,504,4:52:13,0,[InfluenceData_logId:1]
6566004,504,4:52:19,0,[InfluenceData_logId:5]
6566004,504,4:52:21,0,[InfluenceData_logId:3]
6566004,504,4:52:24,0,[InfluenceData_logId:7]
6566004,505,4:52:27,0,[InfluenceData_logId:1,true,InfluenceData_logId:3,true,InfluenceData_logId:7,true]
6566004,506,4:52:29,0,[]
6566004,507,4:52:50,0,[OpponentAttackData_logId:0,OpponentAttackTypeData_logId:0,false,30]
6566004,508,4:52:52,0,[]
6566004,509,4:53:2,0,[RefusalData_logId:8,2]
6566004,510,4:54:40,0,[AvailableRefusalData_logId:8,0C]
6566004,510,4:54:45,0,[AvailableRefusalData_logId:8,2A]
6566004,510,4:54:50,0,[AvailableRefusalData_logId:8,1A]
6566004,511,4:54:51,0,[AvailableRefusalData_logId:8,0C,1A,2A,false,0]
6566004,512,4:54:56,0,[]
6566004,513,4:54:56,0,[30]
6566004,514,4:54:59,0,[]
6566004,507,4:55:20,0,[OpponentAttackData_logId:3,OpponentAttackTypeData_logId:4,false,30]
6566004,508,4:55:22,0,[]
6566004,509,4:55:35,0,[RefusalData_logId:2,2]
6566004,510,4:55:38,0,[AvailableRefusalData_logId:2,0A]
6566004,510,4:55:44,0,[AvailableRefusalData_logId:2,1B]
6566004,510,4:55:46,0,[AvailableRefusalData_logId:2,2B]
6566004,510,4:55:48,0,[AvailableRefusalData_logId:2,2A]
6566004,511,4:55:50,0,[AvailableRefusalData_logId:2,0A,1B,2A,false,0]
6566004,512,4:55:53,0,[]
6566004,513,4:55:53,0,[30]
6566004,514,4:55:56,0,[]
6566004,507,4:56:1,0,[OpponentAttackData_logId:1,OpponentAttackTypeData_logId:4,false,30]
6566004,508,4:56:3,0,[]
6566004,515,4:56:3,0,[0,100]
6566004,516,4:56:4,0,[]
6566004,517,4:56:5,0,[]
6566004,1000,4:56:7,0,[]
6566004,500,4:56:7,0,[]
6566004,501,4:56:8,0,[]
6566004,502,4:56:19,0,[IntentionData_logId:1,false]
6566004,503,4:56:22,0,[]
6566004,504,4:56:24,0,[InfluenceData_logId:1]
6566004,504,4:56:27,0,[InfluenceData_logId:1]
6566004,504,4:56:29,0,[InfluenceData_logId:4]
6566004,504,4:56:31,0,[InfluenceData_logId:5]
6566004,504,4:56:33,0,[InfluenceData_logId:3]
6566004,504,4:56:36,0,[InfluenceData_logId:7]
6566004,505,4:56:37,0,[InfluenceData_logId:1,true,InfluenceData_logId:3,true,InfluenceData_logId:7,true]
6566004,506,4:56:42,0,[]
6566004,507,4:56:59,0,[OpponentAttackData_logId:1,OpponentAttackTypeData_logId:1,false,30]
6566004,508,4:57:1,0,[]
6566004,509,4:57:9,0,[RefusalData_logId:7,0]
6566004,510,4:57:20,0,[AvailableRefusalData_logId:7,0B]
6566004,510,4:57:24,0,[AvailableRefusalData_logId:7,1A]
6566004,510,4:57:26,0,[AvailableRefusalData_logId:7,2B]
6566004,511,4:57:26,0,[AvailableRefusalData_logId:7,0B,1A,2B,false,0]
6566004,512,4:57:29,0,[]
6566004,513,4:57:29,0,[30]
6566004,514,4:57:32,0,[]
6566004,507,4:57:38,0,[OpponentAttackData_logId:0,OpponentAttackTypeData_logId:2,false,30]
6566004,508,4:57:40,0,[]
6566004,509,4:57:44,0,[RefusalData_logId:2,2]
6566004,510,4:57:47,0,[AvailableRefusalData_logId:2,0A]
6566004,510,4:57:52,0,[AvailableRefusalData_logId:2,1C]
6566004,510,4:57:52,0,[AvailableRefusalData_logId:2,2A]
6566004,511,4:57:53,0,[AvailableRefusalData_logId:2,0A,1C,2A,false,0]
6566004,512,4:57:56,0,[]
6566004,513,4:57:56,0,[30]
6566004,514,4:57:58,0,[]
6566004,1002,4:58:6,0
6566004,1003,4:58:6,3
6566004,204,4:58:11,1
6566004,100,4:58:14,1
6566004,102,4:58:16,1
6566004,200,4:58:16,1,3,3,5,0,6
6566004,210,4:58:18,1245,317
6566004,211,4:58:23,1564,103
6566004,207,4:58:23,1,-500,-560
6566004,207,4:58:24,1,-560,-605
6566004,210,4:58:24,1474,140
6566004,211,4:58:26,403,460
6566004,207,4:58:26,1,-605,-380
6566004,207,4:58:27,1,-380,-320
6566004,210,4:58:27,396,390
6566004,211,4:58:28,142,451
6566004,207,4:58:28,1,-320,-125
6566004,210,4:58:28,81,438
6566004,207,4:58:28,1,-125,-50
6566004,207,4:58:29,1,-50,0
6566004,211,4:58:30,2,475
6566004,221,4:58:31,1
6566004,220,4:58:34,1
6566004,1003,4:58:34,3
6566004,221,4:58:40,1
6566004,220,4:58:42,1
6566004,212,4:58:43,2
6566004,210,4:58:44,1256,437
6566004,211,4:58:46,1379,462
6566004,213,4:58:46,1,c_cousin_F_a_G7b0,true
6566004,210,4:58:52,1186,402
6566004,211,4:58:53,844,497
6566004,212,4:58:54,1
6566004,210,4:58:54,1155,428
6566004,207,4:58:56,1,-500,-365
6566004,211,4:58:57,571,490
6566004,212,4:58:57,2
6566004,210,4:58:58,558,449
6566004,211,4:58:59,578,494
6566004,212,4:59:0,1
6566004,212,4:59:1,0
6566004,210,4:59:1,1020,422
6566004,211,4:59:2,587,477
6566004,213,4:59:2,1,s_backpack_F_G7b0,true
6566004,205,4:59:2,1,s_backpack_F_G7b0,false,false
6566004,221,4:59:6,1
6566004,220,4:59:9,1
6566004,210,4:59:10,1216,413
6566004,211,4:59:12,721,684
6566004,213,4:59:12,1,c_crewKid2_F_G7b0,true
6566004,219,4:59:15,1
6566004,216,4:59:17,Stack_G7b1N
6566004,217,4:59:40,Stack_G7b1N,17,0.00
6566004,218,4:59:41,1
6566004,210,4:59:43,935,338
6566004,207,4:59:46,1,-200,-110
6566004,211,4:59:47,620,512
6566004,212,4:59:48,2
6566004,210,4:59:48,903,415
6566004,211,4:59:52,312,418
6566004,213,4:59:52,1,c_policeOfficer_G7b1N,true
6566004,212,4:59:55,0
6566004,207,4:59:55,1,-110,-170
6566004,210,4:59:55,1077,501
6566004,211,4:59:58,898,535
6566004,212,4:59:58,1
6566004,210,4:59:59,1027,523
6566004,211,4:59:59,1033,589
6566004,213,4:59:59,1,c_kidSister_afri_a_G7b1N,true
6566004,205,4:59:59,1,c_kidSister_afri_a_G7b1N,false,false
6566004,210,5:0:3,932,448
6566004,207,5:0:6,1,-170,-95
6566004,211,5:0:7,236,455
6566004,213,5:0:7,1,c_policeOfficer_G7b1N,true
6566004,210,5:0:9,1000,482
6566004,211,5:0:11,910,448
6566004,213,5:0:11,1,s_wreckedPlants_G7b1N,true
6566004,210,5:0:15,929,450
6566004,211,5:0:16,908,618
6566004,212,5:0:16,2
6566004,210,5:0:17,908,578
6566004,211,5:0:17,905,606
6566004,212,5:0:18,0
6566004,210,5:0:18,909,597
6566004,211,5:0:19,898,608
6566004,213,5:0:19,1,s_sprayPaintCan_G7b1N,true
6566004,205,5:0:19,1,s_sprayPaintCan_G7b1N,false,false
6566004,210,5:0:22,925,445
6566004,211,5:0:24,574,505
6566004,221,5:0:26,1
6566004,220,5:0:30,1
6566004,221,5:0:31,1
6566004,220,5:0:32,1
6566004,210,5:0:34,1131,489
6566004,211,5:0:40,1462,295
6566004,207,5:0:40,1,-200,-455
6566004,207,5:0:41,1,-455,-515
6566004,210,5:0:41,1443,357
6566004,207,5:0:42,1,-515,-1027
6566004,211,5:0:43,2049,384
6566004,210,5:0:43,2008,272
6566004,211,5:0:47,1899,345
6566004,212,5:0:47,1
6566004,210,5:0:48,1998,435
6566004,211,5:0:49,1988,334
6566004,212,5:0:49,2
6566004,210,5:0:50,1921,209
6566004,211,5:0:50,1899,159
6566004,213,5:0:50,1,c_crewKid1_F_G7b1N,true
6566004,205,5:0:50,1,c_crewKid1_F_G7b1N,false,false
6566004,210,5:0:54,1764,404
6566004,211,5:0:55,1888,419
6566004,210,5:0:56,1771,497
6566004,211,5:0:58,2043,601
6566004,210,5:0:59,1937,502
6566004,211,5:0:59,1673,429
6566004,212,5:1:0,1
6566004,210,5:1:0,1699,455
6566004,211,5:1:1,1674,430
6566004,212,5:1:1,0
6566004,210,5:1:2,1808,455
6566004,211,5:1:2,1688,407
6566004,213,5:1:2,1,s_brokenCarWindow_G7b1N,true
6566004,205,5:1:2,1,s_brokenCarWindow_G7b1N,false,false
6566004,210,5:1:6,1778,448
6566004,211,5:1:8,1478,358
6566004,221,5:1:11,1
6566004,220,5:1:12,1
6566004,210,5:1:13,1352,508
6566004,211,5:1:14,1310,559
6566004,221,5:1:14,1
6566004,220,5:1:15,1
6566004,210,5:1:17,950,493
6566004,207,5:1:21,1,-200,-35
6566004,207,5:1:21,1,-35,0
6566004,211,5:1:21,15,279
6566004,210,5:1:22,284,240
6566004,211,5:1:23,1157,281
6566004,207,5:1:23,1,0,-150
6566004,210,5:1:24,1231,300
6566004,207,5:1:25,1,-150,-1027
6566004,211,5:1:29,2049,156
6566004,210,5:1:29,2030,298
6566004,211,5:1:31,1692,411
6566004,213,5:1:31,1,s_brokenCarWindow_G7b1N,true
6566004,205,5:1:31,1,s_brokenCarWindow_G7b1N,false,true
6566004,210,5:1:36,1632,428
6566004,211,5:1:39,908,683
6566004,207,5:1:39,1,-1027,-892
6566004,207,5:1:41,1,-892,-862
6566004,210,5:1:41,1038,412
6566004,207,5:1:42,1,-862,-502
6566004,207,5:1:43,1,-502,-412
6566004,207,5:1:46,1,-412,0
6566004,211,5:1:56,166,693
6566004,219,5:2:4,1
6566004,216,5:2:8,Stack_G7b1N
6566004,217,5:2:26,Stack_G7b1N,17,0.00
6566004,218,5:2:28,1
6566004,207,5:2:28,1,0,-45
6566004,210,5:2:29,894,456
6566004,211,5:2:31,876,610
6566004,213,5:2:31,1,s_sprayPaintCan_G7b1N,true
6566004,205,5:2:31,1,s_sprayPaintCan_G7b1N,false,true
6566004,210,5:2:35,890,550
6566004,207,5:2:35,1,-45,-210
6566004,211,5:2:41,939,431
6566004,204,5:2:48,1
6566004,103,5:2:49
6566004,105,5:2:51
6566004,703,5:2:53,[|| EpilogueItem ID: 0 unlocked: true ||,|| EpilogueItem ID: 1 unlocked: false ||,|| EpilogueItem ID: 2 unlocked: false ||,|| EpilogueItem ID: 3 unlocked: false ||,|| EpilogueItem ID: 4 unlocked: false ||,|| EpilogueItem ID: 5 unlocked: false ||,|| EpilogueItem ID: 6 unlocked: false ||,|| EpilogueItem ID: 7 unlocked: false ||,|| EpilogueItem ID: 8 unlocked: false ||,|| EpilogueItem ID: 9 unlocked: false ||,|| EpilogueItem ID: 10 unlocked: false ||,|| EpilogueItem ID: 11 unlocked: false ||,|| EpilogueItem ID: 12 unlocked: false ||,|| EpilogueItem ID: 13 unlocked: false ||,|| EpilogueItem ID: 14 unlocked: false ||,|| EpilogueItem ID: 15 unlocked: false ||,|| EpilogueItem ID: 16 unlocked: false ||,|| EpilogueItem ID: 17 unlocked: false ||,|| EpilogueItem ID: 18 unlocked: false ||,|| EpilogueItem ID: 19 unlocked: false ||,|| EpilogueItem ID: 20 unlocked: false ||,|| EpilogueItem ID: 21 unlocked: false ||,|| EpilogueItem ID: 22 unlocked: false ||,|| EpilogueItem ID: 23 unlocked: false ||,|| EpilogueItem ID: 24 unlocked: false ||],0.04
6566004,706,5:2:54,(x=428, y=-100, w=1024, h=768),(x=604, y=-100, w=1024, h=768)
6566004,706,5:2:56,(x=2353, y=-100, w=1024, h=768),(x=2531, y=-100, w=1024, h=768)
6566004,708,5:2:56
6566004,1,5:2:57,10/24/2013 4:51:14pm,{"gameTime":18176992,"challengeStacks":[{"challengeScenes":[{"miniGameCards":[],"viewedAnimatic":true,"keyPoints":["c_teacherEng_G7a0","s_flag_gen","c_bestFriend_F_a_G7a0"],"unlocked":true,"touchableObjects":["s_otherStudent1_G7a0","s_atwoodPoster_gen","c_friend1_F_a_G7a0","c_teacherEng_G7a0","s_vocabAssignment_G7a0","s_doorClassroom_G7a0","c_crewKid1_F_G7a0","s_poePoster_gen","s_clock_G7a0","s_flag_gen","c_bestFriend_F_a_G7a0","s_shakespearePoster_gen"]},{"miniGameCards":[],"viewedAnimatic":true,"keyPoints":["c_bestFriend_F_a_G7a1N","c_teacherEng_G7a1N","s_paperPlayers_G7a1N"],"unlocked":true,"touchableObjects":["c_bestFriend_F_a_G7a1N","s_otherStudent1_G7a1N","s_poePoster_gen","c_teacherEng_G7a1N","s_atwoodPoster_gen","s_paperPlayers_G7a1N"]},{"miniGameCards":[],"viewedAnimatic":true,"keyPoints":["c_teacherEng_G7a1P","s_flag_gen","c_bestFriend_F_a_G7a1P","s_paperEnglish_gen"],"unlocked":true,"touchableObjects":["c_teacherEng_G7a1P","s_paperPlayers_G7a1P","s_angelouPoster_gen","s_flag_gen","c_bestFriend_F_a_G7a1P","s_papersDetention_gen","s_paperEnglish_gen"]}],"stackSize":3,"resolved":true},{"challengeScenes":[{"miniGameCards":[],"viewedAnimatic":true,"keyPoints":["c_crewKid1_F_G7b0","c_kidSister_afri_a_G7b0","s_backpack_F_G7b0"],"unlocked":true,"touchableObjects":["c_crewKid1_F_G7b0","c_kidSister_afri_a_G7b0","c_crewKid2_F_G7b0","c_cousin_F_a_G7b0","s_backpack_F_G7b0"]},{"miniGameCards":[],"viewedAnimatic":true,"keyPoints":["c_kidSister_afri_a_G7b1N","s_sprayPaintCan_G7b1N","c_crewKid1_F_G7b1N","s_brokenCarWindow_G7b1N"],"unlocked":true,"touchableObjects":["c_policeOfficer_G7b1N","c_kidSister_afri_a_G7b1N","s_wreckedPlants_G7b1N","s_sprayPaintCan_G7b1N","c_crewKid1_F_G7b1N","s_brokenCarWindow_G7b1N"]},{"miniGameCards":[],"viewedAnimatic":false,"keyPoints":[],"unlocked":false,"touchableObjects":[]},{"miniGameCards":[],"viewedAnimatic":false,"keyPoints":[],"unlocked":false,"touchableObjects":[]},{"miniGameCards":[],"viewedAnimatic":false,"keyPoints":[],"unlocked":false,"touchableObjects":[]}],"stackSize":5,"resolved":false},{"challengeScenes":[{"miniGameCards":[],"viewedAnimatic":false,"keyPoints":[],"unlocked":false,"touchableObjects":[]},{"miniGameCards":[],"viewedAnimatic":false,"keyPoints":[],"unlocked":false,"touchableObjects":[]},{"miniGameCards":[],"viewedAnimatic":false,"keyPoints":[],"unlocked":false,"touchableObjects":[]},{"miniGameCards":[],"viewedAnimatic":false,"keyPoints":[],"unlocked":false,"touchableObjects":[]},{"miniGameCards":[],"viewedAnimatic":false,"keyPoints":[],"unlocked":false,"touchableObjects":[]},{"miniGameCards":[],"viewedAnimatic":false,"keyPoints":[],"unlocked":false,"touchableObjects":[]},{"miniGameCards":[],"viewedAnimatic":false,"keyPoints":[],"unlocked":false,"touchableObjects":[]}],"stackSize":7,"resolved":false},{"challengeScenes":[{"miniGameCards":[],"viewedAnimatic":false,"keyPoints":[],"unlocked":false,"touchableObjects":[]},{"miniGameCards":[],"viewedAnimatic":false,"keyPoints":[],"unlocked":false,"touchableObjects":[]},{"miniGameCards":[],"viewedAnimatic":false,"keyPoints":[],"unlocked":false,"touchableObjects":[]},{"miniGameCards":[],"viewedAnimatic":false,"keyPoints":[],"unlocked":false,"touchableObjects":[]},{"miniGameCards":[],"viewedAnimatic":false,"keyPoints":[],"unlocked":false,"touchableObjects":[]}],"stackSize":5,"resolved":false},{"challengeScenes":[{"miniGameCards":[],"viewedAnimatic":false,"keyPoints":[],"unlocked":false,"touchableObjects":[]},{"miniGameCards":[],"viewedAnimatic":false,"keyPoints":[],"unlocked":false,"touchableObjects":[]},{"miniGameCards":[],"viewedAnimatic":false,"keyPoints":[],"unlocked":false,"touchableObjects":[]},{"miniGameCards":[],"viewedAnimatic":false,"keyPoints":[],"unlocked":false,"touchableObjects":[]},{"miniGameCards":[],"viewedAnimatic":false,"keyPoints":[],"unlocked":false,"touchableObjects":[]}],"stackSize":5,"resolved":false},{"challengeScenes":[{"miniGameCards":[],"viewedAnimatic":false,"keyPoints":[],"unlocked":false,"touchableObjects":[]},{"miniGameCards":[],"viewedAnimatic":false,"keyPoints":[],"unlocked":false,"touchableObjects":[]},{"miniGameCards":[],"viewedAnimatic":false,"keyPoints":[],"unlocked":false,"touchableObjects":[]},{"miniGameCards":[],"viewedAnimatic":false,"keyPoints":[],"unlocked":false,"touchableObjects":[]},{"miniGameCards":[],"viewedAnimatic":false,"keyPoints":[],"unlocked":false,"touchableObjects":[]}],"stackSize":5,"resolved":false},{"challengeScenes":[{"miniGameCards":[],"viewedAnimatic":false,"keyPoints":[],"unlocked":false,"touchableObjects":[]},{"miniGameCards":[],"viewedAnimatic":false,"keyPoints":[],"unlocked":false,"touchableObjects":[]},{"miniGameCards":[],"viewedAnimatic":false,"keyPoints":[],"unlocked":false,"touchableObjects":[]},{"miniGameCards":[],"viewedAnimatic":false,"keyPoints":[],"unlocked":false,"touchableObjects":[]},{"miniGameCards":[],"viewedAnimatic":false,"keyPoints":[],"unlocked":false,"touchableObjects":[]}],"stackSize":5,"resolved":false},{"challengeScenes":[{"miniGameCards":[],"viewedAnimatic":false,"keyPoints":[],"unlocked":false,"touchableObjects":[]},{"miniGameCards":[],"viewedAnimatic":false,"keyPoints":[],"unlocked":false,"touchableObjects":[]},{"miniGameCards":[],"viewedAnimatic":false,"keyPoints":[],"unlocked":false,"touchableObjects":[]},{"miniGameCards":[],"viewedAnimatic":false,"keyPoints":[],"unlocked":false,"touchableObjects":[]},{"miniGameCards":[],"viewedAnimatic":false,"keyPoints":[],"unlocked":false,"touchableObjects":[]}],"stackSize":5,"resolved":false},{"challengeScenes":[{"miniGameCards":[],"viewedAnimatic":false,"keyPoints":[],"unlocked":false,"touchableObjects":[]},{"miniGameCards":[],"viewedAnimatic":false,"keyPoints":[],"unlocked":false,"touchableObjects":[]},{"miniGameCards":[],"viewedAnimatic":false,"keyPoints":[],"unlocked":false,"touchableObjects":[]},{"miniGameCards":[],"viewedAnimatic":false,"keyPoints":[],"unlocked":false,"touchableObjects":[]},{"miniGameCards":[],"viewedAnimatic":false,"keyPoints":[],"unlocked":false,"touchableObjects":[]}],"stackSize":5,"resolved":false},{"challengeScenes":[{"miniGameCards":[],"viewedAnimatic":false,"keyPoints":[],"unlocked":false,"touchableObjects":[]},{"miniGameCards":[],"viewedAnimatic":false,"keyPoints":[],"unlocked":false,"touchableObjects":[]},{"miniGameCards":[],"viewedAnimatic":false,"keyPoints":[],"unlocked":false,"touchableObjects":[]},{"miniGameCards":[],"viewedAnimatic":false,"keyPoints":[],"unlocked":false,"touchableObjects":[]},{"miniGameCards":[],"viewedAnimatic":false,"keyPoints":[],"unlocked":false,"touchableObjects":[]}],"stackSize":5,"resolved":false},{"challengeScenes":[{"miniGameCards":[],"viewedAnimatic":false,"keyPoints":[],"unlocked":false,"touchableObjects":[]},{"miniGameCards":[],"viewedAnimatic":false,"keyPoints":[],"unlocked":false,"touchableObjects":[]},{"miniGameCards":[],"viewedAnimatic":false,"keyPoints":[],"unlocked":false,"touchableObjects":[]},{"miniGameCards":[],"viewedAnimatic":false,"keyPoints":[],"unlocked":false,"touchableObjects":[]},{"miniGameCards":[],"viewedAnimatic":false,"keyPoints":[],"unlocked":false,"touchableObjects":[]}],"stackSize":5,"resolved":false},{"challengeScenes":[{"miniGameCards":[],"viewedAnimatic":false,"keyPoints":[],"unlocked":false,"touchableObjects":[]},{"miniGameCards":[],"viewedAnimatic":false,"keyPoints":[],"unlocked":false,"touchableObjects":[]},{"miniGameCards":[],"viewedAnimatic":false,"keyPoints":[],"unlocked":false,"touchableObjects":[]},{"miniGameCards":[],"viewedAnimatic":false,"keyPoints":[],"unlocked":false,"touchableObjects":[]},{"miniGameCards":[],"viewedAnimatic":false,"keyPoints":[],"unlocked":false,"touchableObjects":[]}],"stackSize":5,"resolved":false},{"challengeScenes":[{"miniGameCards":[],"viewedAnimatic":false,"keyPoints":[],"unlocked":true,"touchableObjects":["c_player_afri_F_a_G0a0","c_education_G0a0","c_friends_G0a0","c_family_afri_a_G0a0"]},{"miniGameCards":[],"viewedAnimatic":false,"keyPoints":["c_home_G0a1N","c_family_afri_a_G0a1N","c_job_G0a1N"],"unlocked":true,"touchableObjects":["c_player_afri_F_a_G0a1N","c_home_G0a1N","c_family_afri_a_G0a1N","c_job_G0a1N"]},{"miniGameCards":[],"viewedAnimatic":false,"keyPoints":["c_grandma_afri_a_G0a1P","c_dad_afri_a_G0a1P","c_Nurse_G0a1P","c_kidsister_afri_a_G0a1P","c_mom_afri_a_G0a1P","c_Teacher_G0a1P"],"unlocked":true,"touchableObjects":["c_grandma_afri_a_G0a1P","c_dad_afri_a_G0a1P","c_Nurse_G0a1P","c_kidsister_afri_a_G0a1P","c_mom_afri_a_G0a1P","c_Teacher_G0a1P","c_friends_G0a1P","c_cousins_F_a_G0a1P"]}],"stackSize":3,"resolved":true}],"sessionId":10,"epilogue":{"rating":3},"playerId":6566004,"session":[{"sceneId":"1P","stackId":12},{"sceneId":"1P","stackId":0}],"minigames":[{"levelSaveData":[{"starRating":3,"unlocked":true},{"starRating":0,"unlocked":false},{"starRating":0,"unlocked":false},{"starRating":0,"unlocked":false},{"starRating":0,"unlocked":false},{"starRating":0,"unlocked":false},{"starRating":0,"unlocked":false},{"starRating":0,"unlocked":false},{"starRating":0,"unlocked":false},{"starRating":0,"unlocked":false}],"skillPoints":3},{"levelSaveData":[{"starRating":3,"unlocked":true},{"starRating":0,"unlocked":false},{"starRating":0,"unlocked":false},{"starRating":0,"unlocked":false},{"starRating":0,"unlocked":true},{"starRating":0,"unlocked":false},{"starRating":0,"unlocked":false},{"starRating":0,"unlocked":false},{"starRating":0,"unlocked":false},{"starRating":0,"unlocked":false}],"skillPoints":3},{"levelSaveData":[{"starRating":3,"unlocked":true},{"starRating":2,"unlocked":true},{"starRating":0,"unlocked":false},{"starRating":0,"unlocked":false},{"starRating":0,"unlocked":false},{"starRating":0,"unlocked":false},{"starRating":0,"unlocked":false},{"starRating":0,"unlocked":false},{"starRating":0,"unlocked":false},{"starRating":0,"unlocked":false}],"skillPoints":5},{"levelSaveData":[{"starRating":0,"unlocked":true},{"starRating":0,"unlocked":false},{"starRating":0,"unlocked":false},{"starRating":0,"unlocked":false},{"starRating":0,"unlocked":false},{"starRating":0,"unlocked":false},{"starRating":0,"unlocked":false},{"starRating":0,"unlocked":false},{"starRating":0,"unlocked":false},{"starRating":0,"unlocked":false}],"skillPoints":0},{"age":11,"name":"lamonna","gender":1,"levelSaveData":[{"starRating":3,"unlocked":true},{"starRating":3,"chunks":[["3"],["0$$angle","13$$love  bird"],["6$$head set","1$$giving","8$$winner"],["0"]],"unlocked":true},{"starRating":0,"chunks":[[null],[null,null],[null,null]],"unlocked":true},{"starRating":0,"chunks":[[null],[null],[null],[null],[null,null],[null]],"unlocked":false},{"starRating":0,"chunks":[[null],[null],[null,null],[null],[null],[null]],"unlocked":false},{"starRating":0,"chunks":[[null],[null,null,null,null],[null],[null]],"unlocked":false},{"starRating":0,"chunks":[[null],[null],[null,null],[null,null],[null]],"unlocked":false},{"starRating":0,"chunks":[[null,null,null],[null,null,null],[null],[null],[null]],"unlocked":false},{"starRating":0,"chunks":[[null,null,null],[null,null,null],[null,null]],"unlocked":false},{"starRating":0,"chunks":[[null],[null],[null],[null],[null],[null]],"unlocked":false}],"visualAvatar":0,"id":0,"skillPoints":6}],"avatar":{"age":11,"name":"lamonna","gender":1,"levelSaveData":[{"starRating":3,"unlocked":true},{"starRating":3,"chunks":[["3"],["0$$angle","13$$love  bird"],["6$$head set","1$$giving","8$$winner"],["0"]],"unlocked":true},{"starRating":0,"chunks":[[null],[null,null],[null,null]],"unlocked":true},{"starRating":0,"chunks":[[null],[null],[null],[null],[null,null],[null]],"unlocked":false},{"starRating":0,"chunks":[[null],[null],[null,null],[null],[null],[null]],"unlocked":false},{"starRating":0,"chunks":[[null],[null,null,null,null],[null],[null]],"unlocked":false},{"starRating":0,"chunks":[[null],[null],[null,null],[null,null],[null]],"unlocked":false},{"starRating":0,"chunks":[[null,null,null],[null,null,null],[null],[null],[null]],"unlocked":false},{"starRating":0,"chunks":[[null,null,null],[null,null,null],[null,null]],"unlocked":false},{"starRating":0,"chunks":[[null],[null],[null],[null],[null],[null]],"unlocked":false}],"visualAvatar":0,"id":0,"skillPoints":6}}
