6566004,0,169:37:1,11/19/2013 4:06:32pm
6566004,100,169:37:31,4
6566004,102,169:37:34,4
6566004,200,169:37:34,4,7,6,9,3,9
6566004,210,169:37:41,947,168
6566004,211,169:37:45,950,183
6566004,213,169:37:45,4,c_policeOfficer_G9a1N,true
6566004,205,169:37:45,4,c_policeOfficer_G9a1N,false,true
6566004,221,169:37:50,4
6566004,220,169:37:53,4
6566004,1003,169:37:53,3
6566004,1004,169:37:55,1
6566004,500,169:37:57,1,[]
6566004,501,169:37:58,1,[]
6566004,502,169:38:3,1,[IntentionData_logId:3,true]
6566004,503,169:38:4,1,[]
6566004,504,169:38:6,1,[InfluenceData_logId:0]
6566004,504,169:38:8,1,[InfluenceData_logId:3]
6566004,504,169:38:9,1,[InfluenceData_logId:5]
6566004,504,169:38:11,1,[InfluenceData_logId:6]
6566004,505,169:38:11,1,[InfluenceData_logId:0,true,InfluenceData_logId:5,true,InfluenceData_logId:6,true]
6566004,506,169:38:13,1,[]
6566004,507,169:38:23,1,[OpponentAttackData_logId:1,OpponentAttackTypeData_logId:4,false,30]
6566004,508,169:38:24,1,[]
6566004,509,169:38:30,1,[RefusalData_logId:2,1]
6566004,510,169:38:32,1,[AvailableRefusalData_logId:2,0A]
6566004,510,169:38:35,1,[AvailableRefusalData_logId:2,1A]
6566004,510,169:38:37,1,[AvailableRefusalData_logId:2,2A]
6566004,511,169:38:38,1,[AvailableRefusalData_logId:2,0A,1A,2A,true,30]
6566004,512,169:38:40,1,[]
6566004,513,169:38:40,1,[0]
6566004,514,169:38:41,1,[]
6566004,507,169:38:47,1,[OpponentAttackData_logId:2,OpponentAttackTypeData_logId:3,true,0]
6566004,508,169:38:50,1,[]
6566004,509,169:38:53,1,[RefusalData_logId:4,2]
6566004,510,169:38:57,1,[AvailableRefusalData_logId:4,0A]
6566004,510,169:39:4,1,[AvailableRefusalData_logId:4,0B]
6566004,510,169:39:7,1,[AvailableRefusalData_logId:4,0C]
6566004,510,169:39:11,1,[AvailableRefusalData_logId:4,0A]
6566004,510,169:39:14,1,[AvailableRefusalData_logId:4,1A]
6566004,510,169:39:28,1,[AvailableRefusalData_logId:4,0B]
6566004,510,169:39:31,1,[AvailableRefusalData_logId:4,1C]
6566004,510,169:39:34,1,[AvailableRefusalData_logId:4,1B]
6566004,510,169:39:36,1,[AvailableRefusalData_logId:4,2A]
6566004,511,169:39:37,1,[AvailableRefusalData_logId:4,0B,1B,2A,false,0]
6566004,512,169:39:40,1,[]
6566004,513,169:39:40,1,[30]
6566004,514,169:39:42,1,[]
6566004,507,169:39:54,1,[OpponentAttackData_logId:3,OpponentAttackTypeData_logId:4,true,0]
6566004,508,169:39:56,1,[]
6566004,509,169:40:5,1,[RefusalData_logId:0,0]
6566004,510,169:40:8,1,[AvailableRefusalData_logId:0,0A]
6566004,510,169:40:10,1,[AvailableRefusalData_logId:0,1A]
6566004,510,169:40:11,1,[AvailableRefusalData_logId:0,2A]
6566004,511,169:40:11,1,[AvailableRefusalData_logId:0,0A,1A,2A,true,20]
6566004,512,169:40:14,1,[]
6566004,513,169:40:14,1,[30]
6566004,514,169:40:16,1,[]
6566004,507,169:40:24,1,[OpponentAttackData_logId:0,OpponentAttackTypeData_logId:2,true,0]
6566004,508,169:40:26,1,[]
6566004,509,169:40:37,1,[RefusalData_logId:5,0]
6566004,510,169:40:39,1,[AvailableRefusalData_logId:5,0B]
6566004,510,169:40:42,1,[AvailableRefusalData_logId:5,1B]
6566004,510,169:40:49,1,[AvailableRefusalData_logId:5,1A]
6566004,510,169:40:51,1,[AvailableRefusalData_logId:5,0A]
6566004,510,169:40:52,1,[AvailableRefusalData_logId:5,2A]
6566004,511,169:40:53,1,[AvailableRefusalData_logId:5,0A,1A,2A,true,20]
6566004,512,169:40:56,1,[]
6566004,513,169:40:56,1,[30]
6566004,514,169:41:0,1,[]
6566004,515,169:41:0,1,[30,30]
6566004,516,169:41:2,1,[]
6566004,517,169:41:4,1,[]
6566004,1001,169:41:7,1,[]
6566004,1003,169:41:7,3
6566004,1004,169:41:9,1
6566004,500,169:41:12,1,[]
6566004,501,169:41:13,1,[]
6566004,502,169:41:16,1,[IntentionData_logId:3,true]
6566004,503,169:41:17,1,[]
6566004,504,169:41:20,1,[InfluenceData_logId:0]
6566004,504,169:41:21,1,[InfluenceData_logId:5]
6566004,504,169:41:21,1,[InfluenceData_logId:6]
6566004,505,169:41:22,1,[InfluenceData_logId:0,true,InfluenceData_logId:5,true,InfluenceData_logId:6,true]
6566004,506,169:41:23,1,[]
6566004,507,169:41:29,1,[OpponentAttackData_logId:2,OpponentAttackTypeData_logId:1,false,30]
6566004,508,169:41:31,1,[]
6566004,509,169:41:36,1,[RefusalData_logId:2,1]
6566004,510,169:41:38,1,[AvailableRefusalData_logId:2,0A]
6566004,510,169:41:42,1,[AvailableRefusalData_logId:2,1A]
6566004,510,169:41:45,1,[AvailableRefusalData_logId:2,2A]
6566004,511,169:41:46,1,[AvailableRefusalData_logId:2,0A,1A,2A,true,30]
6566004,512,169:41:48,1,[]
6566004,513,169:41:48,1,[0]
6566004,514,169:41:48,1,[]
6566004,507,169:41:57,1,[OpponentAttackData_logId:1,OpponentAttackTypeData_logId:4,false,30]
6566004,508,169:41:59,1,[]
6566004,509,169:42:7,1,[RefusalData_logId:7,2]
6566004,510,169:42:13,1,[AvailableRefusalData_logId:7,0B]
6566004,510,169:42:18,1,[AvailableRefusalData_logId:7,1B]
6566004,510,169:42:21,1,[AvailableRefusalData_logId:7,1C]
6566004,510,169:42:22,1,[AvailableRefusalData_logId:7,2A]
6566004,511,169:42:23,1,[AvailableRefusalData_logId:7,0B,1C,2A,false,0]
6566004,512,169:42:25,1,[]
6566004,513,169:42:25,1,[30]
6566004,514,169:42:27,1,[]
6566004,507,169:42:41,1,[OpponentAttackData_logId:0,OpponentAttackTypeData_logId:4,false,30]
6566004,508,169:42:43,1,[]
6566004,509,169:42:46,1,[RefusalData_logId:0,0]
6566004,510,169:42:49,1,[AvailableRefusalData_logId:0,0A]
6566004,510,169:42:54,1,[AvailableRefusalData_logId:0,1A]
6566004,510,169:42:55,1,[AvailableRefusalData_logId:0,2B]
6566004,510,169:42:56,1,[AvailableRefusalData_logId:0,2A]
6566004,511,169:42:57,1,[AvailableRefusalData_logId:0,0A,1A,2A,true,20]
6566004,512,169:42:59,1,[]
6566004,513,169:42:59,1,[30]
6566004,515,169:43:1,1,[0,50]
6566004,516,169:43:2,1,[]
6566004,517,169:43:4,1,[]
6566004,1000,169:43:5,1,[]
6566004,500,169:43:6,1,[]
6566004,501,169:43:7,1,[]
6566004,502,169:43:10,1,[IntentionData_logId:2,false]
6566004,503,169:43:11,1,[]
6566004,504,169:43:14,1,[InfluenceData_logId:0]
6566004,504,169:43:14,1,[InfluenceData_logId:5]
6566004,504,169:43:15,1,[InfluenceData_logId:6]
6566004,505,169:43:16,1,[InfluenceData_logId:0,true,InfluenceData_logId:5,true,InfluenceData_logId:6,true]
6566004,506,169:43:17,1,[]
6566004,507,169:43:23,1,[OpponentAttackData_logId:1,OpponentAttackTypeData_logId:3,false,30]
6566004,508,169:43:24,1,[]
6566004,509,169:43:30,1,[RefusalData_logId:2,1]
6566004,510,169:43:32,1,[AvailableRefusalData_logId:2,0A]
6566004,510,169:43:34,1,[AvailableRefusalData_logId:2,1A]
6566004,510,169:43:35,1,[AvailableRefusalData_logId:2,2A]
6566004,511,169:43:36,1,[AvailableRefusalData_logId:2,0A,1A,2A,true,30]
6566004,512,169:43:38,1,[]
6566004,513,169:43:38,1,[0]
6566004,514,169:43:38,1,[]
6566004,507,169:43:46,1,[OpponentAttackData_logId:0,OpponentAttackTypeData_logId:3,false,30]
6566004,508,169:43:48,1,[]
6566004,509,169:43:51,1,[RefusalData_logId:5,0]
6566004,510,169:43:56,1,[AvailableRefusalData_logId:5,0B]
6566004,510,169:43:57,1,[AvailableRefusalData_logId:5,1B]
6566004,510,169:44:0,1,[AvailableRefusalData_logId:5,1A]
6566004,510,169:44:0,1,[AvailableRefusalData_logId:5,2A]
6566004,511,169:44:2,1,[AvailableRefusalData_logId:5,0B,1A,2A,false,0]
6566004,512,169:44:4,1,[]
6566004,513,169:44:4,1,[30]
6566004,514,169:44:6,1,[]
6566004,1002,169:44:15,1
6566004,1003,169:44:15,3
6566004,1004,169:44:16,4
6566004,500,169:44:19,4,[]
6566004,501,169:44:22,4,[]
6566004,502,169:44:26,4,[IntentionData_logId:2,false]
6566004,503,169:44:27,4,[]
6566004,504,169:44:30,4,[InfluenceData_logId:0]
6566004,504,169:44:31,4,[InfluenceData_logId:3]
6566004,504,169:44:33,4,[InfluenceData_logId:5]
6566004,504,169:44:34,4,[InfluenceData_logId:6]
6566004,504,169:44:35,4,[InfluenceData_logId:7]
6566004,505,169:44:37,4,[InfluenceData_logId:0,true,InfluenceData_logId:5,true,InfluenceData_logId:7,true]
6566004,506,169:44:38,4,[]
6566004,507,169:44:50,4,[OpponentAttackData_logId:1,OpponentAttackTypeData_logId:1,false,30]
6566004,508,169:44:52,4,[]
6566004,1002,169:44:58,4
6566004,1003,169:44:58,3
6566004,210,169:45:4,1090,146
6566004,211,169:45:5,898,319
6566004,213,169:45:5,4,s_door_F_gen,true
6566004,205,169:45:5,4,s_door_F_gen,false,true
6566004,221,169:45:13,4
6566004,300,169:45:15
6566004,220,169:45:15,4
6566004,301,169:45:17,2
6566004,302,169:45:27,2,2,0,3
6566004,302,169:45:29,2,2,0,6
6566004,304,169:45:30,2,2,0,-1,,6,
6566004,302,169:45:35,2,3,0,0
6566004,304,169:45:36,2,3,0,-1,,0,
6566004,302,169:45:39,2,4,0,5
6566004,302,169:45:41,2,4,0,3
6566004,306,169:45:42,2,0,1
6566004,304,169:45:42,2,4,0,-1,,3,
6566004,302,169:45:46,2,5,0,4
6566004,304,169:45:47,2,5,0,-1,,4,
6566004,302,169:45:50,2,1,0,5
6566004,302,169:45:51,2,1,0,4
6566004,306,169:45:52,2,1,2
6566004,304,169:45:52,2,1,0,-1,,4,
6566004,304,169:45:55,2,4,0,3,,3,
6566004,303,169:45:58,2,1,0,4
6566004,304,169:46:1,2,1,0,4,,4,dog
6566004,304,169:46:3,2,5,0,4,,4,
6566004,302,169:46:8,2,0,0,5
6566004,302,169:46:9,2,0,0,7
6566004,303,169:46:11,2,0,0,7
6566004,304,169:46:22,2,0,0,-1,,7,limazen
6566004,302,169:46:26,2,5,0,1
6566004,304,169:46:27,2,5,0,4,,1,
6566004,302,169:46:29,2,5,0,4
6566004,304,169:46:30,2,5,0,1,,4,
6566004,302,169:46:39,2,4,1,4
6566004,306,169:46:39,2,2,3
6566004,304,169:46:39,2,4,1,-1,,4,
6566004,221,169:46:45,4
6566004,220,169:46:50,4
6566004,1003,169:46:50,3
6566004,1004,169:46:53,4
6566004,500,169:46:55,4,[]
6566004,501,169:46:57,4,[]
6566004,502,169:47:3,4,[IntentionData_logId:2,false]
6566004,503,169:47:4,4,[]
6566004,504,169:47:7,4,[InfluenceData_logId:0]
6566004,504,169:47:10,4,[InfluenceData_logId:5]
6566004,504,169:47:11,4,[InfluenceData_logId:7]
6566004,505,169:47:12,4,[InfluenceData_logId:0,true,InfluenceData_logId:5,true,InfluenceData_logId:7,true]
6566004,506,169:47:13,4,[]
6566004,507,169:47:19,4,[OpponentAttackData_logId:2,OpponentAttackTypeData_logId:2,false,30]
6566004,508,169:47:20,4,[]
6566004,509,169:47:23,4,[RefusalData_logId:3,2]
6566004,510,169:47:24,4,[AvailableRefusalData_logId:3,0A]
6566004,510,169:47:28,4,[AvailableRefusalData_logId:3,1B]
6566004,510,169:47:29,4,[AvailableRefusalData_logId:3,2B]
6566004,510,169:47:30,4,[AvailableRefusalData_logId:3,0C]
6566004,510,169:47:31,4,[AvailableRefusalData_logId:3,0B]
6566004,511,169:47:32,4,[AvailableRefusalData_logId:3,0B,1B,2B,false,0]
6566004,512,169:47:34,4,[]
6566004,513,169:47:34,4,[30]
6566004,514,169:47:36,4,[]
6566004,1002,169:47:40,4
6566004,1003,169:47:40,3
6566004,204,169:47:45,4
6566004,100,169:47:46,2
6566004,102,169:47:48,2
6566004,200,169:47:48,2,7,6,9,3,12
6566004,210,169:47:49,933,379
6566004,211,169:47:52,1201,326
6566004,207,169:47:52,2,-200,-245
6566004,221,169:47:53,2
6566004,220,169:47:55,2
6566004,210,169:47:58,989,397
6566004,211,169:47:59,1009,346
6566004,210,169:48:1,663,394
6566004,211,169:48:3,423,451
6566004,213,169:48:3,2,s_mirror_afri_F_a_G8a3N,true
6566004,205,169:48:3,2,s_mirror_afri_F_a_G8a3N,false,true
6566004,204,169:48:9,2
6566004,103,169:48:12
6566004,104,169:48:13
6566004,1003,169:48:17,2
6566004,1004,169:48:19,1
6566004,900,169:48:23,1,[]
6566004,901,169:48:26,1,[PeopleData_id:2]
6566004,902,169:48:27,1,[PeopleData_id:2,PeopleData_data3Type]
6566004,902,169:48:28,1,[PeopleData_id:2,PeopleData_data2Type]
6566004,902,169:48:29,1,[PeopleData_id:2,PeopleData_data1Type]
6566004,902,169:48:30,1,[PeopleData_id:2,PeopleData_data0Type]
6566004,902,169:48:30,1,[PeopleData_id:2,PeopleData_data0Type]
6566004,903,169:48:31,1,[PeopleData_id2,PeopleData_data0Type]
6566004,901,169:48:31,1,[PeopleData_id:2]
6566004,904,169:48:31,1,[PeopleData_id:2]
6566004,905,169:48:32,1,[PeopleData_id:2,RankTypes_id:-1,RankTypes_id:3]
6566004,901,169:48:33,1,[PeopleData_id:4]
6566004,904,169:48:33,1,[PeopleData_id:4]
6566004,901,169:48:34,1,[PeopleData_id:4]
6566004,902,169:48:34,1,[PeopleData_id:4,PeopleData_data3Type]
6566004,902,169:48:35,1,[PeopleData_id:4,PeopleData_data2Type]
6566004,902,169:48:37,1,[PeopleData_id:4,PeopleData_data1Type]
6566004,902,169:48:38,1,[PeopleData_id:4,PeopleData_data0Type]
6566004,903,169:48:39,1,[PeopleData_id4,PeopleData_data0Type]
6566004,901,169:48:40,1,[PeopleData_id:4]
6566004,904,169:48:40,1,[PeopleData_id:4]
6566004,905,169:48:41,1,[PeopleData_id:4,RankTypes_id:-1,RankTypes_id:4]
6566004,901,169:48:41,1,[PeopleData_id:5]
6566004,901,169:48:43,1,[PeopleData_id:4]
6566004,904,169:48:43,1,[PeopleData_id:4]
6566004,905,169:48:44,1,[PeopleData_id:4,RankTypes_id:4,RankTypes_id:3]
6566004,901,169:48:45,1,[PeopleData_id:5]
6566004,902,169:48:46,1,[PeopleData_id:5,PeopleData_data2Type]
6566004,902,169:48:47,1,[PeopleData_id:5,PeopleData_data1Type]
6566004,902,169:48:49,1,[PeopleData_id:5,PeopleData_data0Type]
6566004,903,169:48:49,1,[PeopleData_id5,PeopleData_data0Type]
6566004,901,169:48:50,1,[PeopleData_id:5]
6566004,904,169:48:50,1,[PeopleData_id:5]
6566004,905,169:48:51,1,[PeopleData_id:5,RankTypes_id:-1,RankTypes_id:3]
6566004,901,169:48:51,1,[PeopleData_id:3]
6566004,902,169:48:52,1,[PeopleData_id:3,PeopleData_data3Type]
6566004,902,169:48:54,1,[PeopleData_id:3,PeopleData_data2Type]
6566004,902,169:48:55,1,[PeopleData_id:3,PeopleData_data1Type]
6566004,902,169:48:57,1,[PeopleData_id:3,PeopleData_data0Type]
6566004,902,169:48:58,1,[PeopleData_id:3,PeopleData_data1Type]
6566004,902,169:49:0,1,[PeopleData_id:3,PeopleData_data0Type]
6566004,903,169:49:1,1,[PeopleData_id3,PeopleData_data0Type]
6566004,901,169:49:1,1,[PeopleData_id:3]
6566004,904,169:49:1,1,[PeopleData_id:3]
6566004,905,169:49:2,1,[PeopleData_id:3,RankTypes_id:-1,RankTypes_id:0]
6566004,901,169:49:2,1,[PeopleData_id:0]
6566004,902,169:49:3,1,[PeopleData_id:0,PeopleData_data2Type]
6566004,902,169:49:5,1,[PeopleData_id:0,PeopleData_data1Type]
6566004,902,169:49:6,1,[PeopleData_id:0,PeopleData_data0Type]
6566004,903,169:49:8,1,[PeopleData_id0,PeopleData_data0Type]
6566004,901,169:49:9,1,[PeopleData_id:0]
6566004,901,169:49:9,1,[PeopleData_id:0]
6566004,904,169:49:9,1,[PeopleData_id:0]
6566004,905,169:49:10,1,[PeopleData_id:0,RankTypes_id:-1,RankTypes_id:2]
6566004,901,169:49:11,1,[PeopleData_id:6]
6566004,902,169:49:12,1,[PeopleData_id:6,PeopleData_data3Type]
6566004,902,169:49:14,1,[PeopleData_id:6,PeopleData_data2Type]
6566004,902,169:49:15,1,[PeopleData_id:6,PeopleData_data1Type]
6566004,902,169:49:16,1,[PeopleData_id:6,PeopleData_data0Type]
6566004,903,169:49:18,1,[PeopleData_id6,PeopleData_data0Type]
6566004,901,169:49:18,1,[PeopleData_id:1]
6566004,904,169:49:18,1,[PeopleData_id:1]
6566004,901,169:49:19,1,[PeopleData_id:6]
6566004,904,169:49:19,1,[PeopleData_id:6]
6566004,905,169:49:20,1,[PeopleData_id:6,RankTypes_id:-1,RankTypes_id:3]
6566004,901,169:49:21,1,[PeopleData_id:1]
6566004,902,169:49:22,1,[PeopleData_id:1,PeopleData_data3Type]
6566004,902,169:49:24,1,[PeopleData_id:1,PeopleData_data2Type]
6566004,902,169:49:24,1,[PeopleData_id:1,PeopleData_data1Type]
6566004,902,169:49:25,1,[PeopleData_id:1,PeopleData_data1Type]
6566004,902,169:49:26,1,[PeopleData_id:1,PeopleData_data0Type]
6566004,903,169:49:27,1,[PeopleData_id1,PeopleData_data0Type]
6566004,901,169:49:28,1,[PeopleData_id:1]
6566004,904,169:49:28,1,[PeopleData_id:1]
6566004,905,169:49:28,1,[PeopleData_id:1,RankTypes_id:-1,RankTypes_id:4]
6566004,906,169:49:28,1,[]
6566004,901,169:49:29,1,[PeopleData_id:6]
6566004,904,169:49:29,1,[PeopleData_id:6]
6566004,905,169:49:30,1,[PeopleData_id:6,RankTypes_id:3,RankTypes_id:4]
6566004,907,169:49:31,1,[]
6566004,908,169:49:31,1,[InvitationData_id:10,PeopleData_id:1,RankTypes_id:4]
6566004,909,169:49:35,1,[InvitationData_id:10,PeopleData_id:1,RankTypes_id:4,1]
6566004,910,169:49:36,1,[InvitationData_id:10,9,false]
6566004,908,169:49:36,1,[InvitationData_id:7,PeopleData_id:2,RankTypes_id:3]
6566004,909,169:49:39,1,[InvitationData_id:7,PeopleData_id:2,RankTypes_id:3,0]
6566004,910,169:49:41,1,[InvitationData_id:7,-7,false]
6566004,908,169:49:41,1,[InvitationData_id:0,PeopleData_id:1,RankTypes_id:4]
6566004,909,169:49:42,1,[InvitationData_id:0,PeopleData_id:1,RankTypes_id:4,1]
6566004,910,169:49:43,1,[InvitationData_id:0,9,false]
6566004,908,169:49:43,1,[InvitationData_id:6,PeopleData_id:6,RankTypes_id:4]
6566004,909,169:49:46,1,[InvitationData_id:6,PeopleData_id:6,RankTypes_id:4,1]
6566004,910,169:49:47,1,[InvitationData_id:6,9,false]
6566004,908,169:49:47,1,[InvitationData_id:8,PeopleData_id:6,RankTypes_id:4]
6566004,909,169:49:50,1,[InvitationData_id:8,PeopleData_id:6,RankTypes_id:4,0]
6566004,910,169:49:52,1,[InvitationData_id:8,-11,false]
6566004,908,169:49:52,1,[InvitationData_id:5,PeopleData_id:6,RankTypes_id:4]
6566004,909,169:49:54,1,[InvitationData_id:5,PeopleData_id:6,RankTypes_id:4,1]
6566004,910,169:49:55,1,[InvitationData_id:5,9,false]
6566004,908,169:49:55,1,[InvitationData_id:4,PeopleData_id:0,RankTypes_id:2]
6566004,909,169:49:59,1,[InvitationData_id:4,PeopleData_id:0,RankTypes_id:2,0]
6566004,910,169:49:59,1,[InvitationData_id:4,-2,false]
6566004,908,169:49:59,1,[InvitationData_id:2,PeopleData_id:4,RankTypes_id:3]
6566004,909,169:50:1,1,[InvitationData_id:2,PeopleData_id:4,RankTypes_id:3,1]
6566004,910,169:50:2,1,[InvitationData_id:2,0,true]
6566004,908,169:50:2,1,[InvitationData_id:1,PeopleData_id:4,RankTypes_id:3]
6566004,909,169:50:5,1,[InvitationData_id:1,PeopleData_id:4,RankTypes_id:3,1]
6566004,910,169:50:6,1,[InvitationData_id:1,7,false]
6566004,908,169:50:6,1,[InvitationData_id:3,PeopleData_id:4,RankTypes_id:3]
6566004,909,169:50:9,1,[InvitationData_id:3,PeopleData_id:4,RankTypes_id:3,1]
6566004,910,169:50:9,1,[InvitationData_id:3,7,false]
6566004,908,169:50:9,1,[InvitationData_id:9,PeopleData_id:2,RankTypes_id:3]
6566004,909,169:50:12,1,[InvitationData_id:9,PeopleData_id:2,RankTypes_id:3,1]
6566004,910,169:50:12,1,[InvitationData_id:9,0,true]
6566004,911,169:50:13,1,[30,2,1,2]
6566004,1000,169:50:15,1,[]
6566004,900,169:50:15,1,[]
6566004,901,169:50:17,1,[PeopleData_id:4]
6566004,902,169:50:19,1,[PeopleData_id:4,PeopleData_data3Type]
6566004,902,169:50:21,1,[PeopleData_id:4,PeopleData_data2Type]
6566004,902,169:51:40,1,[PeopleData_id:4,PeopleData_data2Type]
6566004,902,169:51:42,1,[PeopleData_id:4,PeopleData_data1Type]
6566004,902,169:51:44,1,[PeopleData_id:4,PeopleData_data0Type]
6566004,903,169:51:44,1,[PeopleData_id4,PeopleData_data0Type]
6566004,901,169:51:45,1,[PeopleData_id:4]
6566004,904,169:51:45,1,[PeopleData_id:4]
6566004,905,169:51:46,1,[PeopleData_id:4,RankTypes_id:-1,RankTypes_id:4]
6566004,901,169:51:54,1,[PeopleData_id:0]
6566004,902,169:51:55,1,[PeopleData_id:0,PeopleData_data2Type]
6566004,902,169:51:56,1,[PeopleData_id:0,PeopleData_data1Type]
6566004,902,169:51:57,1,[PeopleData_id:0,PeopleData_data0Type]
6566004,903,169:51:58,1,[PeopleData_id0,PeopleData_data0Type]
6566004,901,169:51:59,1,[PeopleData_id:0]
6566004,904,169:52:0,1,[PeopleData_id:0]
6566004,905,169:52:0,1,[PeopleData_id:0,RankTypes_id:-1,RankTypes_id:3]
6566004,901,169:52:1,1,[PeopleData_id:1]
6566004,902,169:52:1,1,[PeopleData_id:1,PeopleData_data3Type]
6566004,902,169:52:3,1,[PeopleData_id:1,PeopleData_data2Type]
6566004,902,169:52:5,1,[PeopleData_id:1,PeopleData_data1Type]
6566004,902,169:52:7,1,[PeopleData_id:1,PeopleData_data0Type]
6566004,903,169:52:7,1,[PeopleData_id1,PeopleData_data0Type]
6566004,901,169:52:9,1,[PeopleData_id:1]
6566004,904,169:52:9,1,[PeopleData_id:1]
6566004,905,169:52:11,1,[PeopleData_id:1,RankTypes_id:-1,RankTypes_id:4]
6566004,901,169:52:12,1,[PeopleData_id:1]
6566004,905,169:52:12,1,[PeopleData_id:1,RankTypes_id:4,RankTypes_id:4]
6566004,902,169:52:13,1,[PeopleData_id:1,PeopleData_data3Type]
6566004,902,169:52:15,1,[PeopleData_id:1,PeopleData_data2Type]
6566004,902,169:52:16,1,[PeopleData_id:1,PeopleData_data1Type]
6566004,902,169:52:18,1,[PeopleData_id:1,PeopleData_data0Type]
6566004,903,169:52:20,1,[PeopleData_id1,PeopleData_data0Type]
6566004,901,169:52:21,1,[PeopleData_id:3]
6566004,902,169:52:22,1,[PeopleData_id:3,PeopleData_data3Type]
6566004,902,169:52:22,1,[PeopleData_id:3,PeopleData_data2Type]
6566004,902,169:52:23,1,[PeopleData_id:3,PeopleData_data1Type]
6566004,902,169:52:23,1,[PeopleData_id:3,PeopleData_data1Type]
6566004,902,169:52:23,1,[PeopleData_id:3,PeopleData_data0Type]
6566004,902,169:52:23,1,[PeopleData_id:3,PeopleData_data0Type]
6566004,903,169:52:24,1,[PeopleData_id3,PeopleData_data0Type]
6566004,901,169:52:24,1,[PeopleData_id:3]
6566004,904,169:52:24,1,[PeopleData_id:3]
6566004,905,169:52:26,1,[PeopleData_id:3,RankTypes_id:-1,RankTypes_id:2]
6566004,901,169:52:26,1,[PeopleData_id:3]
6566004,905,169:52:26,1,[PeopleData_id:3,RankTypes_id:2,RankTypes_id:2]
6566004,901,169:52:27,1,[PeopleData_id:3]
6566004,904,169:52:27,1,[PeopleData_id:3]
6566004,905,169:52:27,1,[PeopleData_id:3,RankTypes_id:2,RankTypes_id:1]
6566004,901,169:52:27,1,[PeopleData_id:2]
6566004,902,169:52:29,1,[PeopleData_id:2,PeopleData_data3Type]
6566004,902,169:52:32,1,[PeopleData_id:2,PeopleData_data2Type]
6566004,902,169:52:32,1,[PeopleData_id:2,PeopleData_data1Type]
6566004,902,169:52:33,1,[PeopleData_id:2,PeopleData_data0Type]
6566004,902,169:52:33,1,[PeopleData_id:2,PeopleData_data0Type]
6566004,903,169:52:34,1,[PeopleData_id2,PeopleData_data0Type]
6566004,901,169:52:37,1,[PeopleData_id:2]
6566004,904,169:52:37,1,[PeopleData_id:2]
6566004,905,169:52:37,1,[PeopleData_id:2,RankTypes_id:-1,RankTypes_id:1]
6566004,901,169:52:42,1,[PeopleData_id:6]
6566004,902,169:52:44,1,[PeopleData_id:6,PeopleData_data3Type]
6566004,902,169:52:45,1,[PeopleData_id:6,PeopleData_data2Type]
6566004,902,169:52:46,1,[PeopleData_id:6,PeopleData_data1Type]
6566004,902,169:52:47,1,[PeopleData_id:6,PeopleData_data1Type]
6566004,902,169:52:48,1,[PeopleData_id:6,PeopleData_data0Type]
6566004,903,169:52:48,1,[PeopleData_id6,PeopleData_data0Type]
6566004,901,169:52:49,1,[PeopleData_id:6]
6566004,904,169:52:49,1,[PeopleData_id:6]
6566004,905,169:52:50,1,[PeopleData_id:6,RankTypes_id:-1,RankTypes_id:3]
6566004,901,169:52:51,1,[PeopleData_id:5]
6566004,902,169:52:52,1,[PeopleData_id:5,PeopleData_data2Type]
6566004,902,169:52:54,1,[PeopleData_id:5,PeopleData_data1Type]
6566004,902,169:52:56,1,[PeopleData_id:5,PeopleData_data0Type]
6566004,903,169:52:58,1,[PeopleData_id5,PeopleData_data0Type]
6566004,901,169:52:58,1,[PeopleData_id:5]
6566004,904,169:52:58,1,[PeopleData_id:5]
6566004,905,169:53:0,1,[PeopleData_id:5,RankTypes_id:-1,RankTypes_id:3]
6566004,906,169:53:0,1,[]
6566004,901,169:53:0,1,[PeopleData_id:1]
6566004,904,169:53:0,1,[PeopleData_id:1]
6566004,905,169:53:1,1,[PeopleData_id:1,RankTypes_id:4,RankTypes_id:3]
6566004,901,169:53:1,1,[PeopleData_id:5]
6566004,904,169:53:1,1,[PeopleData_id:5]
6566004,905,169:53:2,1,[PeopleData_id:5,RankTypes_id:3,RankTypes_id:4]
6566004,901,169:53:2,1,[PeopleData_id:1]
6566004,904,169:53:2,1,[PeopleData_id:1]
6566004,905,169:53:2,1,[PeopleData_id:1,RankTypes_id:3,RankTypes_id:3]
6566004,907,169:53:3,1,[]
6566004,908,169:53:3,1,[InvitationData_id:8,PeopleData_id:4,RankTypes_id:4]
6566004,909,169:53:8,1,[InvitationData_id:8,PeopleData_id:4,RankTypes_id:4,1]
6566004,910,169:53:9,1,[InvitationData_id:8,9,false]
6566004,908,169:53:9,1,[InvitationData_id:6,PeopleData_id:4,RankTypes_id:4]
6566004,909,169:53:11,1,[InvitationData_id:6,PeopleData_id:4,RankTypes_id:4,1]
6566004,910,169:53:12,1,[InvitationData_id:6,9,false]
6566004,908,169:53:12,1,[InvitationData_id:3,PeopleData_id:4,RankTypes_id:4]
6566004,909,169:53:14,1,[InvitationData_id:3,PeopleData_id:4,RankTypes_id:4,1]
6566004,910,169:53:16,1,[InvitationData_id:3,9,false]
6566004,908,169:53:16,1,[InvitationData_id:5,PeopleData_id:6,RankTypes_id:3]
6566004,909,169:53:19,1,[InvitationData_id:5,PeopleData_id:6,RankTypes_id:3,0]
6566004,910,169:53:20,1,[InvitationData_id:5,-7,false]
6566004,908,169:53:20,1,[InvitationData_id:4,PeopleData_id:0,RankTypes_id:3]
6566004,909,169:53:23,1,[InvitationData_id:4,PeopleData_id:0,RankTypes_id:3,0]
6566004,910,169:53:24,1,[InvitationData_id:4,-7,false]
6566004,908,169:53:24,1,[InvitationData_id:10,PeopleData_id:4,RankTypes_id:4]
6566004,909,169:53:25,1,[InvitationData_id:10,PeopleData_id:4,RankTypes_id:4,1]
6566004,910,169:53:26,1,[InvitationData_id:10,9,false]
6566004,908,169:53:26,1,[InvitationData_id:2,PeopleData_id:4,RankTypes_id:4]
6566004,909,169:53:30,1,[InvitationData_id:2,PeopleData_id:4,RankTypes_id:4,1]
6566004,910,169:53:32,1,[InvitationData_id:2,0,true]
6566004,908,169:53:32,1,[InvitationData_id:9,PeopleData_id:4,RankTypes_id:4]
6566004,909,169:53:36,1,[InvitationData_id:9,PeopleData_id:4,RankTypes_id:4,1]
6566004,910,169:53:36,1,[InvitationData_id:9,0,true]
6566004,908,169:53:36,1,[InvitationData_id:0,PeopleData_id:4,RankTypes_id:4]
6566004,909,169:53:41,1,[InvitationData_id:0,PeopleData_id:4,RankTypes_id:4,1]
6566004,910,169:53:42,1,[InvitationData_id:0,9,false]
6566004,908,169:53:42,1,[InvitationData_id:7,PeopleData_id:2,RankTypes_id:1]
6566004,909,169:53:46,1,[InvitationData_id:7,PeopleData_id:2,RankTypes_id:1,0]
6566004,910,169:53:46,1,[InvitationData_id:7,0,false]
6566004,908,169:53:46,1,[InvitationData_id:1,PeopleData_id:4,RankTypes_id:4]
6566004,909,169:53:49,1,[InvitationData_id:1,PeopleData_id:4,RankTypes_id:4,1]
6566004,910,169:53:50,1,[InvitationData_id:1,9,false]
6566004,911,169:53:51,1,[40,2,1,2]
6566004,1000,169:53:52,1,[]
6566004,900,169:53:53,1,[]
6566004,901,169:53:57,1,[PeopleData_id:1]
6566004,902,169:53:59,1,[PeopleData_id:1,PeopleData_data3Type]
6566004,902,169:54:0,1,[PeopleData_id:1,PeopleData_data2Type]
6566004,903,169:54:1,1,[PeopleData_id1,PeopleData_data2Type]
6566004,901,169:54:2,1,[PeopleData_id:1]
6566004,904,169:54:2,1,[PeopleData_id:1]
6566004,905,169:54:3,1,[PeopleData_id:1,RankTypes_id:-1,RankTypes_id:4]
6566004,901,169:54:3,1,[PeopleData_id:0]
6566004,902,169:54:4,1,[PeopleData_id:0,PeopleData_data2Type]
6566004,902,169:54:7,1,[PeopleData_id:0,PeopleData_data1Type]
6566004,902,169:54:8,1,[PeopleData_id:0,PeopleData_data0Type]
6566004,903,169:54:10,1,[PeopleData_id0,PeopleData_data0Type]
6566004,901,169:54:12,1,[PeopleData_id:0]
6566004,904,169:54:12,1,[PeopleData_id:0]
6566004,905,169:54:12,1,[PeopleData_id:0,RankTypes_id:-1,RankTypes_id:3]
6566004,901,169:54:14,1,[PeopleData_id:6]
6566004,902,169:54:14,1,[PeopleData_id:6,PeopleData_data3Type]
6566004,902,169:54:17,1,[PeopleData_id:6,PeopleData_data2Type]
6566004,902,169:54:21,1,[PeopleData_id:6,PeopleData_data1Type]
6566004,902,169:54:22,1,[PeopleData_id:6,PeopleData_data0Type]
6566004,903,169:54:23,1,[PeopleData_id6,PeopleData_data0Type]
6566004,901,169:54:24,1,[PeopleData_id:6]
6566004,904,169:54:24,1,[PeopleData_id:6]
6566004,905,169:54:24,1,[PeopleData_id:6,RankTypes_id:-1,RankTypes_id:3]
6566004,901,169:54:25,1,[PeopleData_id:3]
6566004,901,169:54:26,1,[PeopleData_id:6]
6566004,905,169:54:26,1,[PeopleData_id:6,RankTypes_id:3,RankTypes_id:3]
6566004,901,169:54:28,1,[PeopleData_id:6]
6566004,905,169:54:28,1,[PeopleData_id:6,RankTypes_id:3,RankTypes_id:3]
6566004,901,169:54:28,1,[PeopleData_id:6]
6566004,904,169:54:28,1,[PeopleData_id:6]
6566004,905,169:54:29,1,[PeopleData_id:6,RankTypes_id:3,RankTypes_id:3]
6566004,901,169:54:30,1,[PeopleData_id:6]
6566004,904,169:54:30,1,[PeopleData_id:6]
6566004,905,169:54:31,1,[PeopleData_id:6,RankTypes_id:3,RankTypes_id:4]
6566004,901,169:54:32,1,[PeopleData_id:6]
6566004,904,169:54:32,1,[PeopleData_id:6]
6566004,905,169:54:32,1,[PeopleData_id:6,RankTypes_id:4,RankTypes_id:3]
6566004,902,169:54:33,1,[PeopleData_id:6,PeopleData_data3Type]
6566004,903,169:54:34,1,[PeopleData_id6,PeopleData_data3Type]
6566004,901,169:54:35,1,[PeopleData_id:3]
6566004,902,169:54:35,1,[PeopleData_id:3,PeopleData_data3Type]
6566004,902,169:54:40,1,[PeopleData_id:3,PeopleData_data2Type]
6566004,902,169:54:44,1,[PeopleData_id:3,PeopleData_data1Type]
6566004,902,169:54:44,1,[PeopleData_id:3,PeopleData_data0Type]
6566004,903,169:54:45,1,[PeopleData_id3,PeopleData_data0Type]
6566004,901,169:54:45,1,[PeopleData_id:3]
6566004,904,169:54:45,1,[PeopleData_id:3]
6566004,905,169:54:46,1,[PeopleData_id:3,RankTypes_id:-1,RankTypes_id:0]
6566004,901,169:54:47,1,[PeopleData_id:2]
6566004,904,169:54:47,1,[PeopleData_id:2]
6566004,902,169:54:48,1,[PeopleData_id:2,PeopleData_data3Type]
6566004,902,169:54:51,1,[PeopleData_id:2,PeopleData_data2Type]
6566004,902,169:54:54,1,[PeopleData_id:2,PeopleData_data1Type]
6566004,902,169:54:54,1,[PeopleData_id:2,PeopleData_data0Type]
6566004,903,169:54:55,1,[PeopleData_id2,PeopleData_data0Type]
6566004,901,169:54:55,1,[PeopleData_id:2]
6566004,904,169:54:55,1,[PeopleData_id:2]
6566004,905,169:54:56,1,[PeopleData_id:2,RankTypes_id:-1,RankTypes_id:1]
6566004,901,169:54:56,1,[PeopleData_id:5]
6566004,902,169:54:57,1,[PeopleData_id:5,PeopleData_data2Type]
6566004,902,169:55:1,1,[PeopleData_id:5,PeopleData_data1Type]
6566004,902,169:55:3,1,[PeopleData_id:5,PeopleData_data0Type]
6566004,903,169:55:4,1,[PeopleData_id5,PeopleData_data0Type]
6566004,901,169:55:5,1,[PeopleData_id:5]
6566004,904,169:55:5,1,[PeopleData_id:5]
6566004,905,169:55:7,1,[PeopleData_id:5,RankTypes_id:-1,RankTypes_id:3]
6566004,901,169:55:8,1,[PeopleData_id:4]
6566004,902,169:55:9,1,[PeopleData_id:4,PeopleData_data3Type]
6566004,902,169:55:12,1,[PeopleData_id:4,PeopleData_data2Type]
6566004,902,169:55:13,1,[PeopleData_id:4,PeopleData_data1Type]
6566004,902,169:55:14,1,[PeopleData_id:4,PeopleData_data0Type]
6566004,903,169:55:15,1,[PeopleData_id4,PeopleData_data0Type]
6566004,901,169:55:16,1,[PeopleData_id:4]
6566004,904,169:55:16,1,[PeopleData_id:4]
6566004,905,169:55:18,1,[PeopleData_id:4,RankTypes_id:-1,RankTypes_id:3]
6566004,906,169:55:18,1,[]
6566004,902,169:55:19,1,[PeopleData_id:4,PeopleData_data1Type]
6566004,902,169:55:20,1,[PeopleData_id:4,PeopleData_data0Type]
6566004,903,169:55:22,1,[PeopleData_id4,PeopleData_data0Type]
6566004,907,169:55:24,1,[]
6566004,908,169:55:24,1,[InvitationData_id:8,PeopleData_id:1,RankTypes_id:4]
6566004,909,169:55:29,1,[InvitationData_id:8,PeopleData_id:1,RankTypes_id:4,1]
6566004,910,169:55:30,1,[InvitationData_id:8,9,false]
6566004,908,169:55:30,1,[InvitationData_id:3,PeopleData_id:4,RankTypes_id:3]
6566004,909,169:55:33,1,[InvitationData_id:3,PeopleData_id:4,RankTypes_id:3,1]
6566004,910,169:55:33,1,[InvitationData_id:3,7,false]
6566004,908,169:55:33,1,[InvitationData_id:7,PeopleData_id:2,RankTypes_id:1]
6566004,909,169:55:35,1,[InvitationData_id:7,PeopleData_id:2,RankTypes_id:1,0]
6566004,910,169:55:36,1,[InvitationData_id:7,0,false]
6566004,908,169:55:36,1,[InvitationData_id:9,PeopleData_id:4,RankTypes_id:3]
6566004,909,169:55:39,1,[InvitationData_id:9,PeopleData_id:4,RankTypes_id:3,1]
6566004,910,169:55:40,1,[InvitationData_id:9,0,true]
6566004,908,169:55:40,1,[InvitationData_id:2,PeopleData_id:4,RankTypes_id:3]
6566004,909,169:55:42,1,[InvitationData_id:2,PeopleData_id:4,RankTypes_id:3,1]
6566004,910,169:55:43,1,[InvitationData_id:2,0,true]
6566004,908,169:55:43,1,[InvitationData_id:0,PeopleData_id:1,RankTypes_id:4]
6566004,909,169:55:44,1,[InvitationData_id:0,PeopleData_id:1,RankTypes_id:4,1]
6566004,910,169:55:45,1,[InvitationData_id:0,9,false]
6566004,908,169:55:45,1,[InvitationData_id:10,PeopleData_id:1,RankTypes_id:4]
6566004,909,169:55:50,1,[InvitationData_id:10,PeopleData_id:1,RankTypes_id:4,1]
6566004,910,169:55:50,1,[InvitationData_id:10,9,false]
6566004,908,169:55:50,1,[InvitationData_id:6,PeopleData_id:4,RankTypes_id:3]
6566004,909,169:55:54,1,[InvitationData_id:6,PeopleData_id:4,RankTypes_id:3,1]
6566004,910,169:55:54,1,[InvitationData_id:6,7,false]
6566004,908,169:55:54,1,[InvitationData_id:4,PeopleData_id:0,RankTypes_id:3]
6566004,909,169:55:59,1,[InvitationData_id:4,PeopleData_id:0,RankTypes_id:3,0]
6566004,910,169:56:0,1,[InvitationData_id:4,-7,false]
6566004,908,169:56:0,1,[InvitationData_id:1,PeopleData_id:4,RankTypes_id:3]
6566004,909,169:56:2,1,[InvitationData_id:1,PeopleData_id:4,RankTypes_id:3,1]
6566004,910,169:56:4,1,[InvitationData_id:1,7,false]
6566004,908,169:56:4,1,[InvitationData_id:5,PeopleData_id:6,RankTypes_id:3]
6566004,909,169:56:10,1,[InvitationData_id:5,PeopleData_id:6,RankTypes_id:3,0]
6566004,910,169:56:11,1,[InvitationData_id:5,-7,false]
6566004,911,169:56:12,1,[34,2,1,2]
6566004,1000,169:56:13,1,[]
6566004,900,169:56:14,1,[]
6566004,901,169:56:16,1,[PeopleData_id:6]
6566004,904,169:56:16,1,[PeopleData_id:6]
6566004,905,169:56:17,1,[PeopleData_id:6,RankTypes_id:-1,RankTypes_id:4]
6566004,901,169:56:18,1,[PeopleData_id:3]
6566004,901,169:56:21,1,[PeopleData_id:4]
6566004,904,169:56:21,1,[PeopleData_id:4]
6566004,902,169:56:22,1,[PeopleData_id:4,PeopleData_data3Type]
6566004,903,169:56:24,1,[PeopleData_id4,PeopleData_data3Type]
6566004,901,169:56:24,1,[PeopleData_id:1]
6566004,904,169:56:24,1,[PeopleData_id:1]
6566004,901,169:56:25,1,[PeopleData_id:3]
6566004,904,169:56:25,1,[PeopleData_id:3]
6566004,905,169:56:26,1,[PeopleData_id:3,RankTypes_id:-1,RankTypes_id:1]
6566004,901,169:56:27,1,[PeopleData_id:0]
6566004,904,169:56:27,1,[PeopleData_id:0]
6566004,905,169:56:28,1,[PeopleData_id:0,RankTypes_id:-1,RankTypes_id:1]
6566004,901,169:56:29,1,[PeopleData_id:5]
6566004,904,169:56:30,1,[PeopleData_id:5]
6566004,905,169:56:31,1,[PeopleData_id:5,RankTypes_id:-1,RankTypes_id:1]
6566004,901,169:56:31,1,[PeopleData_id:4]
6566004,904,169:56:31,1,[PeopleData_id:4]
6566004,901,169:56:31,1,[PeopleData_id:4]
6566004,904,169:56:32,1,[PeopleData_id:4]
6566004,905,169:56:33,1,[PeopleData_id:4,RankTypes_id:-1,RankTypes_id:1]
6566004,901,169:56:36,1,[PeopleData_id:2]
6566004,904,169:56:36,1,[PeopleData_id:2]
6566004,905,169:56:38,1,[PeopleData_id:2,RankTypes_id:-1,RankTypes_id:2]
6566004,901,169:56:38,1,[PeopleData_id:1]
6566004,904,169:56:38,1,[PeopleData_id:1]
6566004,905,169:56:39,1,[PeopleData_id:1,RankTypes_id:-1,RankTypes_id:2]
6566004,906,169:56:39,1,[]
6566004,907,169:56:39,1,[]
6566004,908,169:56:39,1,[InvitationData_id:5,PeopleData_id:6,RankTypes_id:4]
6566004,909,169:56:45,1,[InvitationData_id:5,PeopleData_id:6,RankTypes_id:4,0]
6566004,910,169:56:46,1,[InvitationData_id:5,-11,false]
6566004,908,169:56:46,1,[InvitationData_id:10,PeopleData_id:6,RankTypes_id:4]
6566004,909,169:56:48,1,[InvitationData_id:10,PeopleData_id:6,RankTypes_id:4,1]
6566004,910,169:56:48,1,[InvitationData_id:10,9,false]
6566004,908,169:56:48,1,[InvitationData_id:0,PeopleData_id:1,RankTypes_id:2]
6566004,909,169:56:53,1,[InvitationData_id:0,PeopleData_id:1,RankTypes_id:2,1]
6566004,910,169:56:54,1,[InvitationData_id:0,5,false]
6566004,908,169:56:54,1,[InvitationData_id:3,PeopleData_id:4,RankTypes_id:1]
6566004,909,169:56:56,1,[InvitationData_id:3,PeopleData_id:4,RankTypes_id:1,1]
6566004,910,169:56:57,1,[InvitationData_id:3,3,false]
6566004,908,169:56:57,1,[InvitationData_id:9,PeopleData_id:2,RankTypes_id:2]
6566004,909,169:57:0,1,[InvitationData_id:9,PeopleData_id:2,RankTypes_id:2,1]
6566004,910,169:57:1,1,[InvitationData_id:9,0,true]
6566004,908,169:57:1,1,[InvitationData_id:1,PeopleData_id:4,RankTypes_id:1]
6566004,909,169:57:3,1,[InvitationData_id:1,PeopleData_id:4,RankTypes_id:1,1]
6566004,910,169:57:3,1,[InvitationData_id:1,3,false]
6566004,908,169:57:3,1,[InvitationData_id:7,PeopleData_id:2,RankTypes_id:2]
6566004,909,169:57:6,1,[InvitationData_id:7,PeopleData_id:2,RankTypes_id:2,0]
6566004,910,169:57:8,1,[InvitationData_id:7,-2,false]
6566004,908,169:57:8,1,[InvitationData_id:8,PeopleData_id:6,RankTypes_id:4]
6566004,909,169:57:12,1,[InvitationData_id:8,PeopleData_id:6,RankTypes_id:4,1]
6566004,910,169:57:12,1,[InvitationData_id:8,9,false]
6566004,908,169:57:12,1,[InvitationData_id:6,PeopleData_id:6,RankTypes_id:4]
6566004,909,169:57:14,1,[InvitationData_id:6,PeopleData_id:6,RankTypes_id:4,1]
6566004,910,169:57:15,1,[InvitationData_id:6,9,false]
6566004,908,169:57:15,1,[InvitationData_id:2,PeopleData_id:4,RankTypes_id:1]
6566004,909,169:57:18,1,[InvitationData_id:2,PeopleData_id:4,RankTypes_id:1,1]
6566004,910,169:57:19,1,[InvitationData_id:2,0,true]
6566004,908,169:57:19,1,[InvitationData_id:4,PeopleData_id:0,RankTypes_id:1]
6566004,909,169:57:22,1,[InvitationData_id:4,PeopleData_id:0,RankTypes_id:1,1]
6566004,910,169:57:22,1,[InvitationData_id:4,0,true]
6566004,912,169:57:24,1,[]
6566004,1000,169:57:25,1,[]
6566004,1002,169:57:30,1
6566004,1003,169:57:30,2
6566004,1004,169:57:37,2
6566004,900,169:57:39,2,[]
6566004,901,169:57:40,2,[PeopleData_id:5]
6566004,904,169:57:40,2,[PeopleData_id:5]
6566004,902,169:57:42,2,[PeopleData_id:5,PeopleData_data3Type]
6566004,903,169:58:2,2,[PeopleData_id5,PeopleData_data3Type]
6566004,902,169:58:4,2,[PeopleData_id:5,PeopleData_data1Type]
6566004,902,169:58:4,2,[PeopleData_id:5,PeopleData_data2Type]
6566004,903,169:58:8,2,[PeopleData_id5,PeopleData_data2Type]
6566004,901,169:58:9,2,[PeopleData_id:5]
6566004,904,169:58:9,2,[PeopleData_id:5]
6566004,905,169:58:11,2,[PeopleData_id:5,RankTypes_id:-1,RankTypes_id:1]
6566004,901,169:58:12,2,[PeopleData_id:1]
6566004,904,169:58:12,2,[PeopleData_id:1]
6566004,905,169:58:12,2,[PeopleData_id:1,RankTypes_id:-1,RankTypes_id:1]
6566004,901,169:58:13,2,[PeopleData_id:3]
6566004,904,169:58:13,2,[PeopleData_id:3]
6566004,905,169:58:14,2,[PeopleData_id:3,RankTypes_id:-1,RankTypes_id:1]
6566004,901,169:58:15,2,[PeopleData_id:0]
6566004,904,169:58:15,2,[PeopleData_id:0]
6566004,905,169:58:16,2,[PeopleData_id:0,RankTypes_id:-1,RankTypes_id:1]
6566004,901,169:58:17,2,[PeopleData_id:4]
6566004,904,169:58:17,2,[PeopleData_id:4]
6566004,905,169:58:18,2,[PeopleData_id:4,RankTypes_id:-1,RankTypes_id:1]
6566004,901,169:58:18,2,[PeopleData_id:6]
6566004,904,169:58:18,2,[PeopleData_id:6]
6566004,905,169:58:19,2,[PeopleData_id:6,RankTypes_id:-1,RankTypes_id:1]
6566004,901,169:58:20,2,[PeopleData_id:2]
6566004,904,169:58:20,2,[PeopleData_id:2]
6566004,905,169:58:21,2,[PeopleData_id:2,RankTypes_id:-1,RankTypes_id:1]
6566004,906,169:58:21,2,[]
6566004,907,169:58:22,2,[]
6566004,908,169:58:22,2,[InvitationData_id:5,PeopleData_id:4,RankTypes_id:1]
6566004,909,169:58:29,2,[InvitationData_id:5,PeopleData_id:4,RankTypes_id:1,1]
6566004,910,169:58:30,2,[InvitationData_id:5,3,false]
6566004,908,169:58:30,2,[InvitationData_id:2,PeopleData_id:3,RankTypes_id:1]
6566004,901,169:58:31,2,[PeopleData_id:6]
6566004,901,169:58:32,2,[PeopleData_id:6]
6566004,909,169:58:37,2,[InvitationData_id:2,PeopleData_id:3,RankTypes_id:1,1]
6566004,910,169:58:38,2,[InvitationData_id:2,3,false]
6566004,908,169:58:38,2,[InvitationData_id:9,PeopleData_id:0,RankTypes_id:1]
6566004,909,169:58:41,2,[InvitationData_id:9,PeopleData_id:0,RankTypes_id:1,1]
6566004,910,169:58:42,2,[InvitationData_id:9,3,false]
6566004,908,169:58:42,2,[InvitationData_id:4,PeopleData_id:2,RankTypes_id:1]
6566004,909,169:58:44,2,[InvitationData_id:4,PeopleData_id:2,RankTypes_id:1,1]
6566004,910,169:58:45,2,[InvitationData_id:4,3,false]
6566004,908,169:58:45,2,[InvitationData_id:0,PeopleData_id:3,RankTypes_id:1]
6566004,909,169:58:48,2,[InvitationData_id:0,PeopleData_id:3,RankTypes_id:1,1]
6566004,910,169:58:49,2,[InvitationData_id:0,3,false]
6566004,908,169:58:49,2,[InvitationData_id:3,PeopleData_id:0,RankTypes_id:1]
6566004,909,169:58:51,2,[InvitationData_id:3,PeopleData_id:0,RankTypes_id:1,1]
6566004,910,169:58:52,2,[InvitationData_id:3,3,false]
6566004,908,169:58:52,2,[InvitationData_id:1,PeopleData_id:1,RankTypes_id:1]
6566004,909,169:58:55,2,[InvitationData_id:1,PeopleData_id:1,RankTypes_id:1,0]
6566004,910,169:58:56,2,[InvitationData_id:1,0,false]
6566004,908,169:58:56,2,[InvitationData_id:8,PeopleData_id:2,RankTypes_id:1]
6566004,909,169:59:2,2,[InvitationData_id:8,PeopleData_id:2,RankTypes_id:1,1]
6566004,910,169:59:2,2,[InvitationData_id:8,0,true]
6566004,908,169:59:2,2,[InvitationData_id:7,PeopleData_id:1,RankTypes_id:1]
6566004,909,169:59:9,2,[InvitationData_id:7,PeopleData_id:1,RankTypes_id:1,0]
6566004,910,169:59:10,2,[InvitationData_id:7,0,false]
6566004,908,169:59:10,2,[InvitationData_id:10,PeopleData_id:2,RankTypes_id:1]
6566004,909,169:59:16,2,[InvitationData_id:10,PeopleData_id:2,RankTypes_id:1,1]
6566004,910,169:59:17,2,[InvitationData_id:10,0,true]
6566004,908,169:59:17,2,[InvitationData_id:6,PeopleData_id:5,RankTypes_id:1]
6566004,909,169:59:20,2,[InvitationData_id:6,PeopleData_id:5,RankTypes_id:1,0]
6566004,910,169:59:21,2,[InvitationData_id:6,0,false]
6566004,911,169:59:23,2,[18,2,0,2]
6566004,1000,169:59:24,2,[]
6566004,900,169:59:26,2,[]
6566004,901,169:59:27,2,[PeopleData_id:5]
6566004,904,169:59:27,2,[PeopleData_id:5]
6566004,905,169:59:30,2,[PeopleData_id:5,RankTypes_id:-1,RankTypes_id:1]
6566004,901,169:59:30,2,[PeopleData_id:6]
6566004,904,169:59:30,2,[PeopleData_id:6]
6566004,905,169:59:31,2,[PeopleData_id:6,RankTypes_id:-1,RankTypes_id:1]
6566004,901,169:59:32,2,[PeopleData_id:0]
6566004,904,169:59:32,2,[PeopleData_id:0]
6566004,905,169:59:33,2,[PeopleData_id:0,RankTypes_id:-1,RankTypes_id:1]
6566004,901,169:59:33,2,[PeopleData_id:4]
6566004,904,169:59:33,2,[PeopleData_id:4]
6566004,905,169:59:34,2,[PeopleData_id:4,RankTypes_id:-1,RankTypes_id:1]
6566004,901,169:59:34,2,[PeopleData_id:2]
6566004,904,169:59:34,2,[PeopleData_id:2]
6566004,905,169:59:35,2,[PeopleData_id:2,RankTypes_id:-1,RankTypes_id:1]
6566004,901,169:59:35,2,[PeopleData_id:1]
6566004,904,169:59:35,2,[PeopleData_id:1]
6566004,905,169:59:37,2,[PeopleData_id:1,RankTypes_id:-1,RankTypes_id:1]
6566004,901,169:59:38,2,[PeopleData_id:3]
6566004,904,169:59:38,2,[PeopleData_id:3]
6566004,905,169:59:38,2,[PeopleData_id:3,RankTypes_id:-1,RankTypes_id:1]
6566004,906,169:59:38,2,[]
6566004,907,169:59:40,2,[]
6566004,908,169:59:40,2,[InvitationData_id:5,PeopleData_id:4,RankTypes_id:1]
6566004,909,169:59:42,2,[InvitationData_id:5,PeopleData_id:4,RankTypes_id:1,1]
6566004,910,169:59:46,2,[InvitationData_id:5,3,false]
6566004,908,169:59:46,2,[InvitationData_id:0,PeopleData_id:0,RankTypes_id:1]
6566004,909,169:59:52,2,[InvitationData_id:0,PeopleData_id:0,RankTypes_id:1,1]
6566004,910,169:59:53,2,[InvitationData_id:0,3,false]
6566004,908,169:59:53,2,[InvitationData_id:7,PeopleData_id:1,RankTypes_id:1]
6566004,909,169:59:55,2,[InvitationData_id:7,PeopleData_id:1,RankTypes_id:1,0]
6566004,910,169:59:56,2,[InvitationData_id:7,0,false]
6566004,908,169:59:56,2,[InvitationData_id:3,PeopleData_id:0,RankTypes_id:1]
6566004,909,170:0:0,2,[InvitationData_id:3,PeopleData_id:0,RankTypes_id:1,1]
6566004,910,170:0:0,2,[InvitationData_id:3,3,false]
6566004,908,170:0:0,2,[InvitationData_id:1,PeopleData_id:1,RankTypes_id:1]
6566004,909,170:0:2,2,[InvitationData_id:1,PeopleData_id:1,RankTypes_id:1,0]
6566004,910,170:0:3,2,[InvitationData_id:1,0,false]
6566004,908,170:0:3,2,[InvitationData_id:4,PeopleData_id:2,RankTypes_id:1]
6566004,909,170:0:6,2,[InvitationData_id:4,PeopleData_id:2,RankTypes_id:1,1]
6566004,910,170:0:6,2,[InvitationData_id:4,3,false]
6566004,908,170:0:6,2,[InvitationData_id:9,PeopleData_id:0,RankTypes_id:1]
6566004,909,170:0:8,2,[InvitationData_id:9,PeopleData_id:0,RankTypes_id:1,1]
6566004,910,170:0:9,2,[InvitationData_id:9,3,false]
6566004,908,170:0:9,2,[InvitationData_id:8,PeopleData_id:2,RankTypes_id:1]
6566004,909,170:0:13,2,[InvitationData_id:8,PeopleData_id:2,RankTypes_id:1,0]
6566004,910,170:0:14,2,[InvitationData_id:8,0,false]
6566004,908,170:0:14,2,[InvitationData_id:2,PeopleData_id:3,RankTypes_id:1]
6566004,909,170:0:16,2,[InvitationData_id:2,PeopleData_id:3,RankTypes_id:1,1]
6566004,910,170:0:18,2,[InvitationData_id:2,3,false]
6566004,908,170:0:18,2,[InvitationData_id:10,PeopleData_id:0,RankTypes_id:1]
6566004,909,170:0:20,2,[InvitationData_id:10,PeopleData_id:0,RankTypes_id:1,0]
6566004,910,170:0:21,2,[InvitationData_id:10,0,false]
6566004,908,170:0:21,2,[InvitationData_id:6,PeopleData_id:5,RankTypes_id:1]
6566004,909,170:0:32,2,[InvitationData_id:6,PeopleData_id:5,RankTypes_id:1,0]
6566004,910,170:0:33,2,[InvitationData_id:6,0,false]
6566004,911,170:0:34,2,[18,0,0,0]
6566004,1000,170:0:35,2,[]
6566004,900,170:0:39,2,[]
6566004,901,170:0:42,2,[PeopleData_id:5]
6566004,904,170:0:42,2,[PeopleData_id:5]
6566004,905,170:0:43,2,[PeopleData_id:5,RankTypes_id:-1,RankTypes_id:1]
6566004,901,170:0:43,2,[PeopleData_id:4]
6566004,904,170:0:43,2,[PeopleData_id:4]
6566004,905,170:0:44,2,[PeopleData_id:4,RankTypes_id:-1,RankTypes_id:1]
6566004,901,170:0:44,2,[PeopleData_id:2]
6566004,904,170:0:44,2,[PeopleData_id:2]
6566004,905,170:0:45,2,[PeopleData_id:2,RankTypes_id:-1,RankTypes_id:1]
6566004,901,170:0:46,2,[PeopleData_id:6]
6566004,904,170:0:46,2,[PeopleData_id:6]
6566004,905,170:0:47,2,[PeopleData_id:6,RankTypes_id:-1,RankTypes_id:1]
6566004,901,170:0:49,2,[PeopleData_id:1]
6566004,904,170:0:49,2,[PeopleData_id:1]
6566004,905,170:0:50,2,[PeopleData_id:1,RankTypes_id:-1,RankTypes_id:1]
6566004,901,170:0:51,2,[PeopleData_id:0]
6566004,904,170:0:51,2,[PeopleData_id:0]
6566004,905,170:0:51,2,[PeopleData_id:0,RankTypes_id:-1,RankTypes_id:1]
6566004,901,170:0:52,2,[PeopleData_id:3]
6566004,904,170:0:52,2,[PeopleData_id:3]
6566004,905,170:0:53,2,[PeopleData_id:3,RankTypes_id:-1,RankTypes_id:1]
6566004,906,170:0:53,2,[]
6566004,907,170:0:54,2,[]
6566004,908,170:0:54,2,[InvitationData_id:4,PeopleData_id:2,RankTypes_id:1]
6566004,901,170:0:58,2,[PeopleData_id:4]
6566004,901,170:0:59,2,[PeopleData_id:2]
6566004,909,170:1:2,2,[InvitationData_id:4,PeopleData_id:2,RankTypes_id:1,1]
6566004,910,170:1:3,2,[InvitationData_id:4,3,false]
6566004,908,170:1:3,2,[InvitationData_id:3,PeopleData_id:0,RankTypes_id:1]
6566004,909,170:1:7,2,[InvitationData_id:3,PeopleData_id:0,RankTypes_id:1,1]
6566004,910,170:1:7,2,[InvitationData_id:3,3,false]
6566004,908,170:1:7,2,[InvitationData_id:7,PeopleData_id:1,RankTypes_id:1]
6566004,909,170:1:12,2,[InvitationData_id:7,PeopleData_id:1,RankTypes_id:1,0]
6566004,910,170:1:13,2,[InvitationData_id:7,0,false]
6566004,908,170:1:13,2,[InvitationData_id:10,PeopleData_id:2,RankTypes_id:1]
6566004,909,170:1:16,2,[InvitationData_id:10,PeopleData_id:2,RankTypes_id:1,0]
6566004,910,170:1:16,2,[InvitationData_id:10,0,false]
6566004,908,170:1:16,2,[InvitationData_id:1,PeopleData_id:1,RankTypes_id:1]
6566004,909,170:1:18,2,[InvitationData_id:1,PeopleData_id:1,RankTypes_id:1,0]
6566004,910,170:1:19,2,[InvitationData_id:1,0,false]
6566004,908,170:1:19,2,[InvitationData_id:9,PeopleData_id:0,RankTypes_id:1]
6566004,909,170:1:21,2,[InvitationData_id:9,PeopleData_id:0,RankTypes_id:1,1]
6566004,910,170:1:21,2,[InvitationData_id:9,3,false]
6566004,908,170:1:21,2,[InvitationData_id:8,PeopleData_id:2,RankTypes_id:1]
6566004,909,170:1:24,2,[InvitationData_id:8,PeopleData_id:2,RankTypes_id:1,1]
6566004,910,170:1:25,2,[InvitationData_id:8,0,true]
6566004,908,170:1:25,2,[InvitationData_id:6,PeopleData_id:5,RankTypes_id:1]
6566004,909,170:1:29,2,[InvitationData_id:6,PeopleData_id:5,RankTypes_id:1,0]
6566004,910,170:1:31,2,[InvitationData_id:6,0,false]
6566004,908,170:1:31,2,[InvitationData_id:0,PeopleData_id:3,RankTypes_id:1]
6566004,909,170:1:35,2,[InvitationData_id:0,PeopleData_id:3,RankTypes_id:1,1]
6566004,910,170:1:35,2,[InvitationData_id:0,3,false]
6566004,908,170:1:35,2,[InvitationData_id:2,PeopleData_id:3,RankTypes_id:1]
6566004,909,170:1:37,2,[InvitationData_id:2,PeopleData_id:3,RankTypes_id:1,1]
6566004,910,170:1:38,2,[InvitationData_id:2,3,false]
6566004,908,170:1:38,2,[InvitationData_id:5,PeopleData_id:4,RankTypes_id:1]
6566004,909,170:1:40,2,[InvitationData_id:5,PeopleData_id:4,RankTypes_id:1,1]
6566004,910,170:1:40,2,[InvitationData_id:5,3,false]
6566004,911,170:1:42,2,[18,1,0,1]
6566004,1000,170:1:43,2,[]
6566004,900,170:1:45,2,[]
6566004,901,170:1:45,2,[PeopleData_id:2]
6566004,904,170:1:46,2,[PeopleData_id:2]
6566004,905,170:1:47,2,[PeopleData_id:2,RankTypes_id:-1,RankTypes_id:1]
6566004,901,170:1:47,2,[PeopleData_id:6]
6566004,904,170:1:47,2,[PeopleData_id:6]
6566004,905,170:1:47,2,[PeopleData_id:6,RankTypes_id:-1,RankTypes_id:1]
6566004,901,170:1:48,2,[PeopleData_id:1]
6566004,904,170:1:48,2,[PeopleData_id:1]
6566004,905,170:1:48,2,[PeopleData_id:1,RankTypes_id:-1,RankTypes_id:1]
6566004,901,170:1:49,2,[PeopleData_id:5]
6566004,904,170:1:49,2,[PeopleData_id:5]
6566004,905,170:1:49,2,[PeopleData_id:5,RankTypes_id:-1,RankTypes_id:1]
6566004,901,170:1:50,2,[PeopleData_id:4]
6566004,904,170:1:50,2,[PeopleData_id:4]
6566004,905,170:1:51,2,[PeopleData_id:4,RankTypes_id:-1,RankTypes_id:1]
6566004,901,170:1:51,2,[PeopleData_id:3]
6566004,904,170:1:51,2,[PeopleData_id:3]
6566004,905,170:1:52,2,[PeopleData_id:3,RankTypes_id:-1,RankTypes_id:1]
6566004,901,170:1:52,2,[PeopleData_id:0]
6566004,904,170:1:52,2,[PeopleData_id:0]
6566004,905,170:1:53,2,[PeopleData_id:0,RankTypes_id:-1,RankTypes_id:1]
6566004,906,170:1:53,2,[]
6566004,907,170:1:55,2,[]
6566004,908,170:1:55,2,[InvitationData_id:8,PeopleData_id:2,RankTypes_id:1]
6566004,909,170:1:57,2,[InvitationData_id:8,PeopleData_id:2,RankTypes_id:1,0]
6566004,910,170:1:57,2,[InvitationData_id:8,0,false]
6566004,908,170:1:57,2,[InvitationData_id:6,PeopleData_id:5,RankTypes_id:1]
6566004,909,170:2:0,2,[InvitationData_id:6,PeopleData_id:5,RankTypes_id:1,0]
6566004,910,170:2:1,2,[InvitationData_id:6,0,false]
6566004,908,170:2:1,2,[InvitationData_id:3,PeopleData_id:0,RankTypes_id:1]
6566004,909,170:2:3,2,[InvitationData_id:3,PeopleData_id:0,RankTypes_id:1,1]
6566004,910,170:2:4,2,[InvitationData_id:3,3,false]
6566004,908,170:2:4,2,[InvitationData_id:0,PeopleData_id:0,RankTypes_id:1]
6566004,909,170:2:6,2,[InvitationData_id:0,PeopleData_id:0,RankTypes_id:1,1]
6566004,910,170:2:6,2,[InvitationData_id:0,3,false]
6566004,908,170:2:6,2,[InvitationData_id:9,PeopleData_id:0,RankTypes_id:1]
6566004,909,170:2:8,2,[InvitationData_id:9,PeopleData_id:0,RankTypes_id:1,1]
6566004,910,170:2:9,2,[InvitationData_id:9,3,false]
6566004,908,170:2:9,2,[InvitationData_id:4,PeopleData_id:2,RankTypes_id:1]
6566004,909,170:2:11,2,[InvitationData_id:4,PeopleData_id:2,RankTypes_id:1,1]
6566004,910,170:2:12,2,[InvitationData_id:4,3,false]
6566004,908,170:2:12,2,[InvitationData_id:1,PeopleData_id:1,RankTypes_id:1]
6566004,909,170:2:15,2,[InvitationData_id:1,PeopleData_id:1,RankTypes_id:1,0]
6566004,910,170:2:17,2,[InvitationData_id:1,0,false]
6566004,908,170:2:17,2,[InvitationData_id:10,PeopleData_id:0,RankTypes_id:1]
6566004,909,170:2:20,2,[InvitationData_id:10,PeopleData_id:0,RankTypes_id:1,0]
6566004,910,170:2:21,2,[InvitationData_id:10,0,false]
6566004,908,170:2:21,2,[InvitationData_id:5,PeopleData_id:4,RankTypes_id:1]
6566004,909,170:2:22,2,[InvitationData_id:5,PeopleData_id:4,RankTypes_id:1,1]
6566004,910,170:2:23,2,[InvitationData_id:5,3,false]
6566004,908,170:2:23,2,[InvitationData_id:2,PeopleData_id:3,RankTypes_id:1]
6566004,909,170:2:25,2,[InvitationData_id:2,PeopleData_id:3,RankTypes_id:1,1]
6566004,910,170:2:26,2,[InvitationData_id:2,3,false]
6566004,908,170:2:26,2,[InvitationData_id:7,PeopleData_id:1,RankTypes_id:1]
6566004,909,170:2:28,2,[InvitationData_id:7,PeopleData_id:1,RankTypes_id:1,0]
6566004,910,170:2:28,2,[InvitationData_id:7,0,false]
6566004,911,170:2:29,2,[18,0,0,0]
6566004,1001,170:2:30,2,[]
6566004,1003,170:2:30,2
6566004,1004,170:2:46,8
6566004,900,170:2:48,8,[]
6566004,1002,170:2:58,8
6566004,1003,170:2:58,2
6566004,1003,170:3:3,0
6566004,1003,170:3:7,1
6566004,1004,170:3:10,2
6566004,800,170:3:12,2,[]
6566004,801,170:3:13,2,[]
6566004,814,170:3:16,2,[5]
6566004,815,170:3:16,2,5,OpportunityCardData_id:32
6566004,815,170:3:18,2,5,OpportunityCardData_id:33
6566004,816,170:3:19,2,5,OpportunityCardData_id:33
6566004,805,170:3:21,2,[OpportunityCardData_id:33]
6566004,807,170:3:22,2,[OpportunityCardData_id:33]
6566004,808,170:3:23,2,[OpportunityCardData_id:33]
6566004,809,170:3:27,2,[OpportunityCardData_id:33,PriorityData_type:4,false]
6566004,810,170:3:28,2,[OpportunityCardData_id:33,PriorityData_type:5,15,PriorityData_type:4,15]
6566004,814,170:3:31,2,[5]
6566004,815,170:3:31,2,5,OpportunityCardData_id:32
6566004,816,170:3:34,2,5,OpportunityCardData_id:32
6566004,805,170:3:36,2,[OpportunityCardData_id:32]
6566004,807,170:3:37,2,[OpportunityCardData_id:32]
6566004,808,170:3:39,2,[OpportunityCardData_id:32]
6566004,809,170:3:43,2,[OpportunityCardData_id:32,Safe,false]
6566004,810,170:3:44,2,[OpportunityCardData_id:32,PriorityData_type:5,20,Safe,Safe]
6566004,814,170:3:48,2,[3]
6566004,815,170:3:48,2,3,OpportunityCardData_id:19
6566004,816,170:3:52,2,3,OpportunityCardData_id:19
6566004,803,170:3:54,2,[OpportunityCardData_id:19,OpportunityCardConsequencesData_logId:1]
6566004,805,170:3:56,2,[OpportunityCardData_id:19]
6566004,807,170:3:57,2,[OpportunityCardData_id:19]
6566004,808,170:3:58,2,[OpportunityCardData_id:19]
6566004,809,170:4:2,2,[OpportunityCardData_id:19,PriorityData_type:5,false]
6566004,810,170:4:3,2,[OpportunityCardData_id:19,PriorityData_type:3,15,PriorityData_type:5,20]
6566004,814,170:4:6,2,[2]
6566004,815,170:4:6,2,2,OpportunityCardData_id:13
6566004,816,170:4:9,2,2,OpportunityCardData_id:13
6566004,803,170:4:10,2,[OpportunityCardData_id:13,OpportunityCardConsequencesData_logId:0]
6566004,803,170:4:13,2,[OpportunityCardData_id:13,OpportunityCardConsequencesData_logId:1]
6566004,803,170:4:16,2,[OpportunityCardData_id:13,OpportunityCardConsequencesData_logId:2]
6566004,805,170:4:17,2,[OpportunityCardData_id:13]
6566004,806,170:4:18,2,[OpportunityCardData_id:13,PriorityData_type:3]
6566004,806,170:4:20,2,[OpportunityCardData_id:13,PriorityData_type:4]
6566004,806,170:4:23,2,[OpportunityCardData_id:13,PriorityData_type:1]
6566004,807,170:4:25,2,[OpportunityCardData_id:13]
6566004,808,170:4:26,2,[OpportunityCardData_id:13]
6566004,809,170:4:30,2,[OpportunityCardData_id:13,PriorityData_type:4,false]
6566004,810,170:4:31,2,[OpportunityCardData_id:13,PriorityData_type:2,5,PriorityData_type:4,10]
6566004,814,170:4:36,2,[0]
6566004,815,170:4:36,2,0,OpportunityCardData_id:0
6566004,816,170:4:37,2,0,OpportunityCardData_id:0
6566004,803,170:4:38,2,[OpportunityCardData_id:0,OpportunityCardConsequencesData_logId:2]
6566004,803,170:4:39,2,[OpportunityCardData_id:0,OpportunityCardConsequencesData_logId:1]
6566004,803,170:4:40,2,[OpportunityCardData_id:0,OpportunityCardConsequencesData_logId:0]
6566004,805,170:4:42,2,[OpportunityCardData_id:0]
6566004,807,170:4:43,2,[OpportunityCardData_id:0]
6566004,808,170:4:44,2,[OpportunityCardData_id:0]
6566004,809,170:4:48,2,[OpportunityCardData_id:0,PriorityData_type:2,false]
6566004,810,170:4:49,2,[OpportunityCardData_id:0,PriorityData_type:0,15,PriorityData_type:2,10]
6566004,814,170:4:56,2,[1]
6566004,815,170:4:56,2,1,OpportunityCardData_id:7
6566004,815,170:4:57,2,1,OpportunityCardData_id:8
6566004,815,170:4:59,2,1,OpportunityCardData_id:7
6566004,816,170:5:1,2,1,OpportunityCardData_id:7
6566004,803,170:5:2,2,[OpportunityCardData_id:7,OpportunityCardConsequencesData_logId:2]
6566004,805,170:5:6,2,[OpportunityCardData_id:7]
6566004,806,170:5:16,2,[OpportunityCardData_id:7,PriorityData_type:5]
6566004,807,170:5:17,2,[OpportunityCardData_id:7]
6566004,808,170:5:19,2,[OpportunityCardData_id:7]
6566004,809,170:5:23,2,[OpportunityCardData_id:7,PriorityData_type:5,true]
6566004,810,170:5:24,2,[OpportunityCardData_id:7,PriorityData_type:1,20,Safe,Safe]
6566004,814,170:5:34,2,[4]
6566004,815,170:5:34,2,4,OpportunityCardData_id:22
6566004,816,170:5:37,2,4,OpportunityCardData_id:22
6566004,803,170:5:38,2,[OpportunityCardData_id:22,OpportunityCardConsequencesData_logId:1]
6566004,803,170:5:38,2,[OpportunityCardData_id:22,OpportunityCardConsequencesData_logId:0]
6566004,805,170:5:39,2,[OpportunityCardData_id:22]
6566004,806,170:5:48,2,[OpportunityCardData_id:22,PriorityData_type:5]
6566004,807,170:5:49,2,[OpportunityCardData_id:22]
6566004,808,170:5:51,2,[OpportunityCardData_id:22]
6566004,809,170:5:55,2,[OpportunityCardData_id:22,Safe,false]
6566004,810,170:5:55,2,[OpportunityCardData_id:22,PriorityData_type:4,15,Safe,Safe]
6566004,814,170:6:4,2,[1]
6566004,815,170:6:4,2,1,OpportunityCardData_id:8
6566004,815,170:6:5,2,1,OpportunityCardData_id:9
6566004,816,170:6:7,2,1,OpportunityCardData_id:9
6566004,803,170:6:8,2,[OpportunityCardData_id:9,OpportunityCardConsequencesData_logId:1]
6566004,803,170:6:9,2,[OpportunityCardData_id:9,OpportunityCardConsequencesData_logId:0]
6566004,805,170:6:9,2,[OpportunityCardData_id:9]
6566004,806,170:6:11,2,[OpportunityCardData_id:9,PriorityData_type:5]
6566004,807,170:6:12,2,[OpportunityCardData_id:9]
6566004,808,170:6:14,2,[OpportunityCardData_id:9]
6566004,809,170:6:18,2,[OpportunityCardData_id:9,Safe,false]
6566004,810,170:6:18,2,[OpportunityCardData_id:9,PriorityData_type:1,5,Safe,Safe]
6566004,814,170:6:24,2,[5]
6566004,815,170:6:24,2,5,OpportunityCardData_id:34
6566004,815,170:6:25,2,5,OpportunityCardData_id:35
6566004,815,170:6:26,2,5,OpportunityCardData_id:34
6566004,816,170:6:27,2,5,OpportunityCardData_id:34
6566004,803,170:6:29,2,[OpportunityCardData_id:34,OpportunityCardConsequencesData_logId:2]
6566004,803,170:6:29,2,[OpportunityCardData_id:34,OpportunityCardConsequencesData_logId:1]
6566004,803,170:6:29,2,[OpportunityCardData_id:34,OpportunityCardConsequencesData_logId:0]
6566004,805,170:6:30,2,[OpportunityCardData_id:34]
6566004,806,170:6:32,2,[OpportunityCardData_id:34,PriorityData_type:1]
6566004,807,170:6:32,2,[OpportunityCardData_id:34]
6566004,808,170:6:34,2,[OpportunityCardData_id:34]
6566004,809,170:6:38,2,[OpportunityCardData_id:34,PriorityData_type:2,false]
6566004,810,170:6:39,2,[OpportunityCardData_id:34,PriorityData_type:5,15,PriorityData_type:2,10]
6566004,814,170:6:44,2,[2]
6566004,815,170:6:44,2,2,OpportunityCardData_id:14
6566004,815,170:6:45,2,2,OpportunityCardData_id:15
6566004,816,170:6:47,2,2,OpportunityCardData_id:15
6566004,803,170:6:48,2,[OpportunityCardData_id:15,OpportunityCardConsequencesData_logId:1]
6566004,803,170:6:48,2,[OpportunityCardData_id:15,OpportunityCardConsequencesData_logId:0]
6566004,805,170:6:49,2,[OpportunityCardData_id:15]
6566004,807,170:6:50,2,[OpportunityCardData_id:15]
6566004,808,170:6:52,2,[OpportunityCardData_id:15]
6566004,809,170:6:56,2,[OpportunityCardData_id:15,Safe,false]
6566004,810,170:6:57,2,[OpportunityCardData_id:15,PriorityData_type:2,15,Safe,Safe]
6566004,814,170:7:4,2,[0]
6566004,815,170:7:4,2,0,OpportunityCardData_id:1
6566004,816,170:7:4,2,0,OpportunityCardData_id:1
6566004,803,170:7:7,2,[OpportunityCardData_id:1,OpportunityCardConsequencesData_logId:2]
6566004,803,170:7:7,2,[OpportunityCardData_id:1,OpportunityCardConsequencesData_logId:1]
6566004,803,170:7:7,2,[OpportunityCardData_id:1,OpportunityCardConsequencesData_logId:0]
6566004,805,170:7:9,2,[OpportunityCardData_id:1]
6566004,807,170:7:12,2,[OpportunityCardData_id:1]
6566004,808,170:7:13,2,[OpportunityCardData_id:1]
6566004,809,170:7:17,2,[OpportunityCardData_id:1,PriorityData_type:2,false]
6566004,810,170:7:17,2,[OpportunityCardData_id:1,PriorityData_type:0,15,PriorityData_type:2,10]
6566004,814,170:7:24,2,[3]
6566004,815,170:7:24,2,3,OpportunityCardData_id:20
6566004,816,170:7:25,2,3,OpportunityCardData_id:20
6566004,803,170:7:26,2,[OpportunityCardData_id:20,OpportunityCardConsequencesData_logId:2]
6566004,803,170:7:26,2,[OpportunityCardData_id:20,OpportunityCardConsequencesData_logId:1]
6566004,803,170:7:27,2,[OpportunityCardData_id:20,OpportunityCardConsequencesData_logId:0]
6566004,805,170:7:27,2,[OpportunityCardData_id:20]
6566004,807,170:7:28,2,[OpportunityCardData_id:20]
6566004,808,170:7:30,2,[OpportunityCardData_id:20]
6566004,809,170:7:35,2,[OpportunityCardData_id:20,PriorityData_type:0,false]
6566004,810,170:7:35,2,[OpportunityCardData_id:20,PriorityData_type:3,15,PriorityData_type:0,25]
6566004,811,170:7:41,2,[OpportunityCardData_id:20,PriorityData_type:3,80,60,PriorityData_type:5,80,60]
6566004,1005,170:7:41,2,[1,0,1]
6566004,1000,170:7:44,2,[]
6566004,1002,170:7:49,2
6566004,1003,170:7:49,1
6566004,100,170:7:54,4
6566004,102,170:7:55,4
6566004,200,170:7:55,4,7,7,9,3,12
6566004,221,170:7:58,4
6566004,220,170:8:0,4
6566004,204,170:8:1,4
6566004,100,170:8:2,2
6566004,102,170:8:3,2
6566004,200,170:8:3,2,7,7,9,3,12
6566004,221,170:8:5,2
6566004,220,170:8:7,2
6566004,210,170:8:9,665,371
6566004,211,170:8:16,387,140
6566004,213,170:8:16,2,s_clock_G8a0,true
6566004,205,170:8:16,2,s_clock_G8a0,false,true
6566004,210,170:8:20,711,529
6566004,211,170:8:20,718,530
6566004,210,170:8:21,781,488
6566004,211,170:8:23,789,493
6566004,213,170:8:23,2,s_bottleTable_G8a0,true
6566004,212,170:8:26,0
6566004,210,170:8:27,831,511
6566004,211,170:8:35,510,534
6566004,213,170:8:35,2,c_crush2_F_a_G8a0,true
6566004,205,170:8:35,2,c_crush2_F_a_G8a0,false,true
6566004,219,170:8:39,2
6566004,218,170:8:40,2
6566004,219,170:8:41,2
6566004,218,170:8:45,2
6566004,204,170:8:46,2
6566004,100,170:10:40,1
6566004,101,170:10:43,1
6566004,100,170:10:44,0
6566004,101,170:10:46,0
6566004,100,170:10:54,2
6566004,102,170:11:20,2
6566004,200,170:11:20,2,7,7,9,3,12
6566004,221,170:11:22,2
6566004,220,170:11:33,2
6566004,221,170:11:49,2
6566004,220,170:12:9,2
6566004,1003,170:12:9,3
6566004,1004,170:12:34,1
6566004,500,170:12:37,1,[]
6566004,501,170:12:39,1,[]
6566004,502,170:12:41,1,[IntentionData_logId:3,true]
6566004,503,170:12:42,1,[]
6566004,504,170:12:44,1,[InfluenceData_logId:0]
6566004,504,170:12:46,1,[InfluenceData_logId:5]
6566004,504,170:12:47,1,[InfluenceData_logId:6]
6566004,505,170:12:48,1,[InfluenceData_logId:0,true,InfluenceData_logId:5,true,InfluenceData_logId:6,true]
6566004,506,170:12:49,1,[]
6566004,507,170:12:57,1,[OpponentAttackData_logId:2,OpponentAttackTypeData_logId:1,false,30]
6566004,508,170:12:59,1,[]
6566004,509,170:13:3,1,[RefusalData_logId:2,1]
6566004,510,170:13:5,1,[AvailableRefusalData_logId:2,0A]
6566004,510,170:13:6,1,[AvailableRefusalData_logId:2,1A]
6566004,510,170:13:6,1,[AvailableRefusalData_logId:2,2A]
6566004,511,170:13:7,1,[AvailableRefusalData_logId:2,0A,1A,2A,true,30]
6566004,512,170:13:10,1,[]
6566004,513,170:13:10,1,[0]
6566004,514,170:13:12,1,[]
6566004,507,170:13:21,1,[OpponentAttackData_logId:3,OpponentAttackTypeData_logId:4,true,0]
6566004,508,170:13:23,1,[]
6566004,509,170:13:29,1,[RefusalData_logId:5,0]
6566004,510,170:13:31,1,[AvailableRefusalData_logId:5,0B]
6566004,510,170:13:33,1,[AvailableRefusalData_logId:5,1B]
6566004,510,170:13:36,1,[AvailableRefusalData_logId:5,2B]
6566004,511,170:13:37,1,[AvailableRefusalData_logId:5,0B,1B,2B,false,0]
6566004,512,170:13:39,1,[]
6566004,513,170:13:39,1,[30]
6566004,514,170:13:41,1,[]
6566004,507,170:13:51,1,[OpponentAttackData_logId:0,OpponentAttackTypeData_logId:2,true,0]
6566004,508,170:13:53,1,[]
6566004,509,170:13:57,1,[RefusalData_logId:4,2]
6566004,510,170:14:12,1,[AvailableRefusalData_logId:4,0A]
6566004,510,170:14:13,1,[AvailableRefusalData_logId:4,1B]
6566004,510,170:14:14,1,[AvailableRefusalData_logId:4,2A]
6566004,510,170:14:17,1,[AvailableRefusalData_logId:4,2B]
6566004,510,170:14:21,1,[AvailableRefusalData_logId:4,0B]
6566004,511,170:14:24,1,[AvailableRefusalData_logId:4,0B,1B,2B,false,0]
6566004,512,170:14:26,1,[]
6566004,513,170:14:26,1,[30]
6566004,514,170:14:28,1,[]
6566004,507,170:14:34,1,[OpponentAttackData_logId:1,OpponentAttackTypeData_logId:3,false,30]
6566004,508,170:14:35,1,[]
6566004,509,170:14:39,1,[RefusalData_logId:7,2]
6566004,510,170:14:46,1,[AvailableRefusalData_logId:7,0A]
6566004,510,170:14:48,1,[AvailableRefusalData_logId:7,1C]
6566004,510,170:14:53,1,[AvailableRefusalData_logId:7,2B]
6566004,511,170:14:54,1,[AvailableRefusalData_logId:7,0A,1C,2B,false,0]
6566004,512,170:14:56,1,[]
6566004,513,170:14:56,1,[30]
6566004,515,170:14:58,1,[0,70]
6566004,516,170:14:58,1,[]
6566004,517,170:15:0,1,[]
6566004,1000,170:15:1,1,[]
6566004,500,170:15:2,1,[]
6566004,501,170:15:3,1,[]
6566004,502,170:15:9,1,[IntentionData_logId:3,true]
6566004,503,170:15:10,1,[]
6566004,504,170:15:13,1,[InfluenceData_logId:0]
6566004,504,170:15:14,1,[InfluenceData_logId:6]
6566004,504,170:15:15,1,[InfluenceData_logId:5]
6566004,505,170:15:16,1,[InfluenceData_logId:0,true,InfluenceData_logId:5,true,InfluenceData_logId:6,true]
6566004,506,170:15:17,1,[]
6566004,507,170:15:25,1,[OpponentAttackData_logId:2,OpponentAttackTypeData_logId:1,false,30]
6566004,508,170:15:27,1,[]
6566004,509,170:15:32,1,[RefusalData_logId:2,1]
6566004,510,170:15:33,1,[AvailableRefusalData_logId:2,0A]
6566004,510,170:15:36,1,[AvailableRefusalData_logId:2,1A]
6566004,510,170:15:37,1,[AvailableRefusalData_logId:2,2A]
6566004,511,170:15:38,1,[AvailableRefusalData_logId:2,0A,1A,2A,true,30]
6566004,512,170:15:41,1,[]
6566004,513,170:15:41,1,[0]
6566004,514,170:15:43,1,[]
6566004,507,170:15:48,1,[OpponentAttackData_logId:1,OpponentAttackTypeData_logId:1,true,0]
6566004,508,170:15:50,1,[]
6566004,509,170:15:55,1,[RefusalData_logId:4,2]
6566004,510,170:16:13,1,[AvailableRefusalData_logId:4,0A]
6566004,510,170:16:16,1,[AvailableRefusalData_logId:4,0B]
6566004,510,170:16:17,1,[AvailableRefusalData_logId:4,1B]
6566004,510,170:16:20,1,[AvailableRefusalData_logId:4,2A]
6566004,510,170:16:23,1,[AvailableRefusalData_logId:4,0A]
6566004,511,170:16:23,1,[AvailableRefusalData_logId:4,0A,1B,2A,false,0]
6566004,512,170:16:25,1,[]
6566004,513,170:16:25,1,[30]
6566004,514,170:16:28,1,[]
6566004,507,170:16:35,1,[OpponentAttackData_logId:0,OpponentAttackTypeData_logId:4,false,30]
6566004,508,170:16:36,1,[]
6566004,509,170:16:40,1,[RefusalData_logId:7,2]
6566004,510,170:16:42,1,[AvailableRefusalData_logId:7,0C]
6566004,510,170:16:45,1,[AvailableRefusalData_logId:7,1B]
6566004,510,170:16:49,1,[AvailableRefusalData_logId:7,2A]
6566004,510,170:16:51,1,[AvailableRefusalData_logId:7,2B]
6566004,511,170:16:52,1,[AvailableRefusalData_logId:7,0C,1B,2B,false,0]
6566004,512,170:16:54,1,[]
6566004,513,170:16:54,1,[30]
6566004,514,170:16:56,1,[]
6566004,507,170:17:10,1,[OpponentAttackData_logId:3,OpponentAttackTypeData_logId:4,true,0]
6566004,508,170:17:12,1,[]
6566004,509,170:17:20,1,[RefusalData_logId:5,0]
6566004,510,170:17:22,1,[AvailableRefusalData_logId:5,0B]
6566004,510,170:17:23,1,[AvailableRefusalData_logId:5,1B]
6566004,510,170:17:28,1,[AvailableRefusalData_logId:5,1A]
6566004,510,170:17:36,1,[AvailableRefusalData_logId:5,0C]
6566004,510,170:17:36,1,[AvailableRefusalData_logId:5,0A]
6566004,510,170:17:41,1,[AvailableRefusalData_logId:5,2A]
6566004,511,170:17:42,1,[AvailableRefusalData_logId:5,0A,1A,2A,true,20]
6566004,512,170:17:44,1,[]
6566004,513,170:17:44,1,[30]
6566004,515,170:17:46,1,[0,50]
6566004,516,170:17:46,1,[]
6566004,517,170:17:47,1,[]
6566004,1001,170:17:48,1,[]
6566004,1003,170:17:48,3
6566004,1004,170:17:51,4
6566004,500,170:17:54,4,[]
6566004,501,170:17:55,4,[]
6566004,502,170:18:6,4,[IntentionData_logId:4,false]
6566004,503,170:18:7,4,[]
6566004,504,170:18:11,4,[InfluenceData_logId:2]
6566004,504,170:18:13,4,[InfluenceData_logId:0]
6566004,504,170:18:15,4,[InfluenceData_logId:3]
6566004,504,170:18:15,4,[InfluenceData_logId:4]
6566004,504,170:18:16,4,[InfluenceData_logId:5]
6566004,504,170:18:18,4,[InfluenceData_logId:7]
6566004,505,170:18:19,4,[InfluenceData_logId:0,true,InfluenceData_logId:5,true,InfluenceData_logId:7,true]
6566004,506,170:18:20,4,[]
6566004,507,170:18:30,4,[OpponentAttackData_logId:1,OpponentAttackTypeData_logId:2,true,0]
6566004,508,170:18:31,4,[]
6566004,509,170:18:39,4,[RefusalData_logId:4,2]
6566004,510,170:19:9,4,[AvailableRefusalData_logId:4,0A]
6566004,510,170:19:10,4,[AvailableRefusalData_logId:4,0C]
6566004,510,170:19:12,4,[AvailableRefusalData_logId:4,1A]
6566004,510,170:19:15,4,[AvailableRefusalData_logId:4,2A]
6566004,511,170:19:16,4,[AvailableRefusalData_logId:4,0C,1A,2A,false,0]
6566004,512,170:19:18,4,[]
6566004,513,170:19:18,4,[30]
6566004,514,170:19:21,4,[]
6566004,507,170:19:29,4,[OpponentAttackData_logId:3,OpponentAttackTypeData_logId:0,false,30]
6566004,508,170:19:31,4,[]
6566004,509,170:19:38,4,[RefusalData_logId:6,2]
6566004,510,170:19:43,4,[AvailableRefusalData_logId:6,0A]
6566004,510,170:19:47,4,[AvailableRefusalData_logId:6,1A]
6566004,510,170:19:50,4,[AvailableRefusalData_logId:6,2C]
6566004,510,170:19:53,4,[AvailableRefusalData_logId:6,2A]
6566004,511,170:19:54,4,[AvailableRefusalData_logId:6,0A,1A,2A,true,50]
6566004,512,170:19:58,4,[]
6566004,513,170:19:58,4,[0]
6566004,514,170:20:0,4,[]
6566004,507,170:20:9,4,[OpponentAttackData_logId:0,OpponentAttackTypeData_logId:4,false,30]
6566004,508,170:20:10,4,[]
6566004,1002,170:20:12,4
6566004,1003,170:20:12,3
6566004,204,170:20:21,2
6566004,103,170:20:22
6566004,105,170:20:24
6566004,703,170:20:26,[|| EpilogueItem ID: 0 unlocked: true ||,|| EpilogueItem ID: 1 unlocked: true ||,|| EpilogueItem ID: 2 unlocked: false ||,|| EpilogueItem ID: 3 unlocked: false ||,|| EpilogueItem ID: 4 unlocked: false ||,|| EpilogueItem ID: 5 unlocked: false ||,|| EpilogueItem ID: 6 unlocked: false ||,|| EpilogueItem ID: 7 unlocked: false ||,|| EpilogueItem ID: 8 unlocked: false ||,|| EpilogueItem ID: 9 unlocked: false ||,|| EpilogueItem ID: 10 unlocked: false ||,|| EpilogueItem ID: 11 unlocked: false ||,|| EpilogueItem ID: 12 unlocked: false ||,|| EpilogueItem ID: 13 unlocked: false ||,|| EpilogueItem ID: 14 unlocked: false ||,|| EpilogueItem ID: 15 unlocked: false ||,|| EpilogueItem ID: 16 unlocked: false ||,|| EpilogueItem ID: 17 unlocked: false ||,|| EpilogueItem ID: 18 unlocked: false ||,|| EpilogueItem ID: 19 unlocked: false ||,|| EpilogueItem ID: 20 unlocked: false ||,|| EpilogueItem ID: 21 unlocked: false ||,|| EpilogueItem ID: 22 unlocked: false ||,|| EpilogueItem ID: 23 unlocked: false ||,|| EpilogueItem ID: 24 unlocked: false ||],0.08
6566004,706,170:20:31,(x=2531, y=-100, w=1024, h=768),(x=2531, y=-100, w=1024, h=768)
6566004,708,170:20:31
6566004,1,170:20:32,11/19/2013 4:50:03pm,{"gameTime":613231982,"challengeStacks":[{"challengeScenes":[{"miniGameCards":[],"viewedAnimatic":true,"keyPoints":["c_teacherEng_G7a0","s_flag_gen","c_bestFriend_F_a_G7a0"],"unlocked":true,"touchableObjects":["s_otherStudent1_G7a0","s_atwoodPoster_gen","c_friend1_F_a_G7a0","c_teacherEng_G7a0","s_vocabAssignment_G7a0","s_doorClassroom_G7a0","c_crewKid1_F_G7a0","s_poePoster_gen","s_clock_G7a0","s_flag_gen","c_bestFriend_F_a_G7a0","s_shakespearePoster_gen"]},{"miniGameCards":[],"viewedAnimatic":true,"keyPoints":["c_bestFriend_F_a_G7a1N","c_teacherEng_G7a1N","s_paperPlayers_G7a1N"],"unlocked":true,"touchableObjects":["c_bestFriend_F_a_G7a1N","s_otherStudent1_G7a1N","s_poePoster_gen","c_teacherEng_G7a1N","s_atwoodPoster_gen","s_paperPlayers_G7a1N"]},{"miniGameCards":[],"viewedAnimatic":true,"keyPoints":["c_teacherEng_G7a1P","s_flag_gen","c_bestFriend_F_a_G7a1P","s_paperEnglish_gen"],"unlocked":true,"touchableObjects":["c_teacherEng_G7a1P","s_paperPlayers_G7a1P","s_angelouPoster_gen","s_flag_gen","c_bestFriend_F_a_G7a1P","s_papersDetention_gen","s_paperEnglish_gen"]}],"stackSize":3,"resolved":true},{"challengeScenes":[{"miniGameCards":[],"viewedAnimatic":true,"keyPoints":["c_crewKid1_F_G7b0","c_kidSister_afri_a_G7b0","s_backpack_F_G7b0"],"unlocked":true,"touchableObjects":["c_crewKid1_F_G7b0","c_kidSister_afri_a_G7b0","c_crewKid2_F_G7b0","c_cousin_F_a_G7b0","s_backpack_F_G7b0"]},{"miniGameCards":[],"viewedAnimatic":true,"keyPoints":["c_kidSister_afri_a_G7b1N","s_sprayPaintCan_G7b1N","c_crewKid1_F_G7b1N","s_brokenCarWindow_G7b1N","s_graffiti_G7b1N"],"unlocked":true,"touchableObjects":["c_policeOfficer_G7b1N","c_kidSister_afri_a_G7b1N","s_wreckedPlants_G7b1N","s_sprayPaintCan_G7b1N","c_crewKid1_F_G7b1N","s_brokenCarWindow_G7b1N","s_flag_G7b1N","c_crewKid2_F_a_G7b1N","s_graffiti_G7b1N"]},{"miniGameCards":[],"viewedAnimatic":true,"keyPoints":["c_cousinsBrothersFriend_a_G7b1P","c_cousin_F_a_G7b1P","c_cousinsBrother_a_G7b1P","s_poolDay_ruleSign_G7b1P"],"unlocked":true,"touchableObjects":["c_cousinsBrothersFriend_a_G7b1P","c_cousin_F_a_G7b1P","c_cousinsBrother_a_G7b1P","c_kidSister_afri_a_G7b1P","s_poolDay_ruleSign_G7b1P"]},{"miniGameCards":[],"viewedAnimatic":true,"keyPoints":["c_cousin_F_a_G7b2N","s_kid1_G7b2N","c_crush1_F_a_G7b2N","c_kidSister_afri_a_G7b2N"],"unlocked":true,"touchableObjects":["c_cousin_F_a_G7b2N","s_kid1_G7b2N","c_cousinsBrother_a_G7b2N","c_crush1_F_a_G7b2N","s_lifeguard_G7b2N","c_kidSister_afri_a_G7b2N"]},{"miniGameCards":[],"viewedAnimatic":true,"keyPoints":["c_cousin_F_a_G7b2P","c_kidSister_afri_a_G7b2P","s_computer_F_G7b2P","s_pictureDad_afri_F_gen"],"unlocked":true,"touchableObjects":["c_cousin_F_a_G7b2P","c_kidSister_afri_a_G7b2P","s_closet_F_G7b2P","s_computer_F_G7b2P","s_pictureDad_afri_F_gen"]}],"stackSize":5,"resolved":true},{"challengeScenes":[{"miniGameCards":[],"viewedAnimatic":true,"keyPoints":["c_cousin_F_a_G8a0","c_crush2_F_a_G8a0","s_clock_G8a0","s_cellphone_G8a0","s_bottleCrush2_F_G8a0"],"unlocked":true,"touchableObjects":["c_cousin_F_a_G8a0","c_crush2_F_a_G8a0","s_clock_G8a0","s_cellphone_G8a0","s_bottleCrush2_F_G8a0","c_crewKid1_F_a_G8a0","s_stairs_G8a0","s_bottleTable_G8a0"]},{"miniGameCards":[],"viewedAnimatic":true,"keyPoints":["s_crush2Lips_F_G8a1N","s_crush2Sore_F_G8a1N","s_basementDoor_gen","s_dirtyClothes_gen","s_crush2Eyes_F_G8a1N"],"unlocked":true,"touchableObjects":["c_crush2_F_a_G8a1N","s_crush2Lips_F_G8a1N","s_crush2Sore_F_G8a1N","s_basementDoor_gen","s_dirtyClothes_gen","s_inhalantsShelf_gen","s_dryer_G8a1N","s_waterHeater_gen","s_stairs_G8a1N","s_crush2Eyes_F_G8a1N"]},{"miniGameCards":[],"viewedAnimatic":false,"keyPoints":[],"unlocked":false,"touchableObjects":[]},{"miniGameCards":[],"viewedAnimatic":false,"keyPoints":[],"unlocked":false,"touchableObjects":[]},{"miniGameCards":[],"viewedAnimatic":false,"keyPoints":[],"unlocked":false,"touchableObjects":[]},{"miniGameCards":[],"viewedAnimatic":true,"keyPoints":["s_mirror_afri_F_a_G8a3N","c_nurse_a_G8a3N","s_pamphlet3_G8a3N","s_pamphlet1_G8a3N"],"unlocked":true,"touchableObjects":["s_mirror_afri_F_a_G8a3N","c_nurse_a_G8a3N","s_door_G8a3N","s_phone_G8a3N","s_pamphlet3_G8a3N","s_pamphlet1_G8a3N"]},{"miniGameCards":[],"viewedAnimatic":false,"keyPoints":[],"unlocked":false,"touchableObjects":[]}],"stackSize":7,"resolved":false},{"challengeScenes":[{"miniGameCards":[],"viewedAnimatic":false,"keyPoints":[],"unlocked":false,"touchableObjects":[]},{"miniGameCards":[],"viewedAnimatic":false,"keyPoints":[],"unlocked":false,"touchableObjects":[]},{"miniGameCards":[],"viewedAnimatic":false,"keyPoints":[],"unlocked":false,"touchableObjects":[]},{"miniGameCards":[],"viewedAnimatic":false,"keyPoints":[],"unlocked":false,"touchableObjects":[]},{"miniGameCards":[],"viewedAnimatic":false,"keyPoints":[],"unlocked":false,"touchableObjects":[]}],"stackSize":5,"resolved":false},{"challengeScenes":[{"miniGameCards":[],"viewedAnimatic":true,"keyPoints":["s_cellPhone_F_G9a0","s_door_F_gen","s_bathingSuit_F_G9a0","s_clock_F_G9a0"],"unlocked":true,"touchableObjects":["s_cellPhone_F_G9a0","s_door_F_gen","s_bathingSuit_F_G9a0","s_window_F_G9a0","s_clock_F_G9a0"]},{"miniGameCards":[],"viewedAnimatic":true,"keyPoints":["c_cousin_F_a_G9a1N","s_kid3_G9a1N","s_fence_G9a1N","c_policeOfficer_G9a1N"],"unlocked":true,"touchableObjects":["c_cousin_F_a_G9a1N","c_cousinsBrothersFriend_a_G9a1N","s_poolNight_ruleSign_G9a1N","s_kid4_G9a1N","s_policeCar_G9a1N","s_potSmokeCloud_G9a1N","s_kid3_G9a1N","s_fence_G9a1N","c_policeOfficer_G9a1N"]},{"miniGameCards":[],"viewedAnimatic":false,"keyPoints":[],"unlocked":false,"touchableObjects":[]},{"miniGameCards":[],"viewedAnimatic":false,"keyPoints":[],"unlocked":false,"touchableObjects":[]},{"miniGameCards":[],"viewedAnimatic":false,"keyPoints":[],"unlocked":false,"touchableObjects":[]}],"stackSize":5,"resolved":false},{"challengeScenes":[{"miniGameCards":[],"viewedAnimatic":false,"keyPoints":[],"unlocked":false,"touchableObjects":[]},{"miniGameCards":[],"viewedAnimatic":false,"keyPoints":[],"unlocked":false,"touchableObjects":[]},{"miniGameCards":[],"viewedAnimatic":false,"keyPoints":[],"unlocked":false,"touchableObjects":[]},{"miniGameCards":[],"viewedAnimatic":false,"keyPoints":[],"unlocked":false,"touchableObjects":[]},{"miniGameCards":[],"viewedAnimatic":false,"keyPoints":[],"unlocked":false,"touchableObjects":[]}],"stackSize":5,"resolved":false},{"challengeScenes":[{"miniGameCards":[],"viewedAnimatic":false,"keyPoints":[],"unlocked":false,"touchableObjects":[]},{"miniGameCards":[],"viewedAnimatic":false,"keyPoints":[],"unlocked":false,"touchableObjects":[]},{"miniGameCards":[],"viewedAnimatic":false,"keyPoints":[],"unlocked":false,"touchableObjects":[]},{"miniGameCards":[],"viewedAnimatic":false,"keyPoints":[],"unlocked":false,"touchableObjects":[]},{"miniGameCards":[],"viewedAnimatic":false,"keyPoints":[],"unlocked":false,"touchableObjects":[]}],"stackSize":5,"resolved":false},{"challengeScenes":[{"miniGameCards":[],"viewedAnimatic":false,"keyPoints":[],"unlocked":false,"touchableObjects":[]},{"miniGameCards":[],"viewedAnimatic":false,"keyPoints":[],"unlocked":false,"touchableObjects":[]},{"miniGameCards":[],"viewedAnimatic":false,"keyPoints":[],"unlocked":false,"touchableObjects":[]},{"miniGameCards":[],"viewedAnimatic":false,"keyPoints":[],"unlocked":false,"touchableObjects":[]},{"miniGameCards":[],"viewedAnimatic":false,"keyPoints":[],"unlocked":false,"touchableObjects":[]}],"stackSize":5,"resolved":false},{"challengeScenes":[{"miniGameCards":[],"viewedAnimatic":false,"keyPoints":[],"unlocked":false,"touchableObjects":[]},{"miniGameCards":[],"viewedAnimatic":false,"keyPoints":[],"unlocked":false,"touchableObjects":[]},{"miniGameCards":[],"viewedAnimatic":false,"keyPoints":[],"unlocked":false,"touchableObjects":[]},{"miniGameCards":[],"viewedAnimatic":false,"keyPoints":[],"unlocked":false,"touchableObjects":[]},{"miniGameCards":[],"viewedAnimatic":false,"keyPoints":[],"unlocked":false,"touchableObjects":[]}],"stackSize":5,"resolved":false},{"challengeScenes":[{"miniGameCards":[],"viewedAnimatic":false,"keyPoints":[],"unlocked":false,"touchableObjects":[]},{"miniGameCards":[],"viewedAnimatic":false,"keyPoints":[],"unlocked":false,"touchableObjects":[]},{"miniGameCards":[],"viewedAnimatic":false,"keyPoints":[],"unlocked":false,"touchableObjects":[]},{"miniGameCards":[],"viewedAnimatic":false,"keyPoints":[],"unlocked":false,"touchableObjects":[]},{"miniGameCards":[],"viewedAnimatic":false,"keyPoints":[],"unlocked":false,"touchableObjects":[]}],"stackSize":5,"resolved":false},{"challengeScenes":[{"miniGameCards":[],"viewedAnimatic":false,"keyPoints":[],"unlocked":false,"touchableObjects":[]},{"miniGameCards":[],"viewedAnimatic":false,"keyPoints":[],"unlocked":false,"touchableObjects":[]},{"miniGameCards":[],"viewedAnimatic":false,"keyPoints":[],"unlocked":false,"touchableObjects":[]},{"miniGameCards":[],"viewedAnimatic":false,"keyPoints":[],"unlocked":false,"touchableObjects":[]},{"miniGameCards":[],"viewedAnimatic":false,"keyPoints":[],"unlocked":false,"touchableObjects":[]}],"stackSize":5,"resolved":false},{"challengeScenes":[{"miniGameCards":[],"viewedAnimatic":false,"keyPoints":[],"unlocked":false,"touchableObjects":[]},{"miniGameCards":[],"viewedAnimatic":false,"keyPoints":[],"unlocked":false,"touchableObjects":[]},{"miniGameCards":[],"viewedAnimatic":false,"keyPoints":[],"unlocked":false,"touchableObjects":[]},{"miniGameCards":[],"viewedAnimatic":false,"keyPoints":[],"unlocked":false,"touchableObjects":[]},{"miniGameCards":[],"viewedAnimatic":false,"keyPoints":[],"unlocked":false,"touchableObjects":[]}],"stackSize":5,"resolved":false},{"challengeScenes":[{"miniGameCards":[],"viewedAnimatic":false,"keyPoints":[],"unlocked":true,"touchableObjects":["c_player_afri_F_a_G0a0","c_education_G0a0","c_friends_G0a0","c_family_afri_a_G0a0"]},{"miniGameCards":[],"viewedAnimatic":false,"keyPoints":["c_home_G0a1N","c_family_afri_a_G0a1N","c_job_G0a1N"],"unlocked":true,"touchableObjects":["c_player_afri_F_a_G0a1N","c_home_G0a1N","c_family_afri_a_G0a1N","c_job_G0a1N"]},{"miniGameCards":[],"viewedAnimatic":false,"keyPoints":["c_grandma_afri_a_G0a1P","c_dad_afri_a_G0a1P","c_Nurse_G0a1P","c_kidsister_afri_a_G0a1P","c_mom_afri_a_G0a1P","c_Teacher_G0a1P"],"unlocked":true,"touchableObjects":["c_grandma_afri_a_G0a1P","c_dad_afri_a_G0a1P","c_Nurse_G0a1P","c_kidsister_afri_a_G0a1P","c_mom_afri_a_G0a1P","c_Teacher_G0a1P","c_friends_G0a1P","c_cousins_F_a_G0a1P"]}],"stackSize":3,"resolved":true}],"sessionId":13,"epilogue":{"rating":3},"playerId":6566004,"session":[{"sceneId":"1P","stackId":12},{"sceneId":"1P","stackId":0},{"sceneId":"1P","stackId":1},{"sceneId":"1N","stackId":1},{"sceneId":"2P","stackId":1}],"minigames":[{"levelSaveData":[{"starRating":3,"unlocked":true},{"starRating":3,"unlocked":true},{"starRating":1,"unlocked":true},{"starRating":0,"unlocked":false},{"starRating":0,"unlocked":false},{"starRating":0,"unlocked":false},{"starRating":0,"unlocked":false},{"starRating":0,"unlocked":false},{"starRating":0,"unlocked":false},{"starRating":0,"unlocked":false}],"skillPoints":7},{"levelSaveData":[{"starRating":3,"unlocked":true},{"starRating":3,"unlocked":true},{"starRating":1,"unlocked":true},{"starRating":0,"unlocked":false},{"starRating":0,"unlocked":true},{"starRating":0,"unlocked":false},{"starRating":0,"unlocked":false},{"starRating":0,"unlocked":false},{"starRating":0,"unlocked":false},{"starRating":0,"unlocked":false}],"skillPoints":7},{"levelSaveData":[{"starRating":3,"unlocked":true},{"starRating":2,"unlocked":true},{"starRating":2,"unlocked":true},{"starRating":0,"unlocked":false},{"starRating":0,"unlocked":false},{"starRating":0,"unlocked":false},{"starRating":0,"unlocked":false},{"starRating":0,"unlocked":false},{"starRating":2,"unlocked":true},{"starRating":0,"unlocked":false}],"skillPoints":9},{"levelSaveData":[{"starRating":2,"unlocked":true},{"starRating":0,"unlocked":true},{"starRating":0,"unlocked":false},{"starRating":0,"unlocked":false},{"starRating":1,"unlocked":true},{"starRating":0,"unlocked":false},{"starRating":0,"unlocked":false},{"starRating":0,"unlocked":false},{"starRating":0,"unlocked":false},{"starRating":0,"unlocked":false}],"skillPoints":3},{"age":11,"name":"lamonna","gender":1,"levelSaveData":[{"starRating":3,"unlocked":true},{"starRating":3,"chunks":[["3"],["0$$angle","13$$love  bird"],["6$$head set","1$$giving","8$$winner"],["0"]],"unlocked":true},{"starRating":3,"chunks":[["0"],["5$$my lip glose ","2$$letstopand pos"],["0$$driving","7$$music"]],"unlocked":true},{"starRating":3,"chunks":[["7$$limazen"],["4$$dog"],["6"],["0"],["3","4"],["4"]],"unlocked":true},{"starRating":0,"chunks":[[null],[null],[null,null],[null],[null],[null]],"unlocked":false},{"starRating":0,"chunks":[[null],[null,null,null,null],[null],[null]],"unlocked":false},{"starRating":0,"chunks":[[null],[null],[null,null],[null,null],[null]],"unlocked":false},{"starRating":0,"chunks":[[null,null,null],[null,null,null],[null],[null],[null]],"unlocked":false},{"starRating":0,"chunks":[[null,null,null],[null,null,null],[null,null]],"unlocked":false},{"starRating":0,"chunks":[[null],[null],[null],[null],[null],[null]],"unlocked":false}],"visualAvatar":0,"id":0,"skillPoints":12}],"avatar":{"age":11,"name":"lamonna","gender":1,"levelSaveData":[{"starRating":3,"unlocked":true},{"starRating":3,"chunks":[["3"],["0$$angle","13$$love  bird"],["6$$head set","1$$giving","8$$winner"],["0"]],"unlocked":true},{"starRating":3,"chunks":[["0"],["5$$my lip glose ","2$$letstopand pos"],["0$$driving","7$$music"]],"unlocked":true},{"starRating":3,"chunks":[["7$$limazen"],["4$$dog"],["6"],["0"],["3","4"],["4"]],"unlocked":true},{"starRating":0,"chunks":[[null],[null],[null,null],[null],[null],[null]],"unlocked":false},{"starRating":0,"chunks":[[null],[null,null,null,null],[null],[null]],"unlocked":false},{"starRating":0,"chunks":[[null],[null],[null,null],[null,null],[null]],"unlocked":false},{"starRating":0,"chunks":[[null,null,null],[null,null,null],[null],[null],[null]],"unlocked":false},{"starRating":0,"chunks":[[null,null,null],[null,null,null],[null,null]],"unlocked":false},{"starRating":0,"chunks":[[null],[null],[null],[null],[null],[null]],"unlocked":false}],"visualAvatar":0,"id":0,"skillPoints":12}}
