6506006,0,2:20:33,11/26/2013 3:21:22pm
6506006,100,2:20:40,4
6506006,102,2:20:41,4
6506006,200,2:20:41,4,3,6,6,3,9
6506006,219,2:20:41,4
6506006,216,2:20:42,Stack_G9a0
6506006,217,2:21:7,Stack_G9a0,17,0.00
6506006,218,2:21:13,4
6506006,207,2:21:14,4,-200,-230
6506006,210,2:21:14,1139,481
6506006,211,2:21:16,574,584
6506006,221,2:21:19,4
6506006,220,2:21:22,4
6506006,210,2:21:23,334,471
6506006,211,2:21:25,900,325
6506006,213,2:21:25,4,s_door_M_gen,true
6506006,205,2:21:25,4,s_door_M_gen,false,false
6506006,210,2:21:28,523,407
6506006,211,2:21:29,1012,573
6506006,213,2:21:29,4,s_bathingSuit_M_G9a0,true
6506006,205,2:21:29,4,s_bathingSuit_M_G9a0,false,false
6506006,210,2:21:33,310,536
6506006,207,2:21:34,4,-230,0
6506006,211,2:21:40,516,227
6506006,213,2:21:40,4,s_calendar_M_gen,true
6506006,210,2:21:42,469,387
6506006,207,2:21:45,4,0,-512
6506006,211,2:21:50,936,97
6506006,212,2:21:50,2
6506006,210,2:21:50,1351,444
6506006,211,2:21:51,1062,305
6506006,210,2:21:52,1301,427
6506006,211,2:21:52,1258,350
6506006,213,2:21:52,4,s_window_M_G9a0,true
6506006,212,2:21:57,0
6506006,210,2:21:57,1489,505
6506006,207,2:22:1,4,-512,0
6506006,207,2:22:8,4,0,-135
6506006,207,2:22:10,4,-135,-512
6506006,211,2:22:14,1039,507
6506006,219,2:22:16,4
6506006,216,2:22:17,Stack_G9a1N
6506006,217,2:22:28,Stack_G9a1N,8.7,0.00
6506006,218,2:22:29,4
6506006,210,2:22:30,1074,424
6506006,211,2:22:32,1090,485
6506006,213,2:22:32,4,c_cousinsBrothersFriend_a_G9a1N,true
6506006,210,2:22:36,1020,464
6506006,211,2:22:37,944,192
6506006,213,2:22:37,4,s_fence_G9a1N,true
6506006,1003,2:22:39,0
6506006,1004,2:22:41,1
6506006,400,2:22:44,1,[]
6506006,401,2:22:49,1,[StatementsData_logId:0]
6506006,402,2:22:52,1,[StatementsData_logId:0,true]
6506006,405,2:22:52,1,[StatementsData_logId:0]
6506006,406,2:22:54,1,[StatementsData_logId:0,2]
6506006,411,2:22:55,1,[StatementsData_logId:0]
6506006,401,2:23:4,1,[StatementsData_logId:1]
6506006,402,2:23:4,1,[StatementsData_logId:1,true]
6506006,405,2:23:5,1,[StatementsData_logId:1]
6506006,406,2:23:6,1,[StatementsData_logId:1,2]
6506006,411,2:23:6,1,[StatementsData_logId:1]
6506006,401,2:23:12,1,[StatementsData_logId:2]
6506006,403,2:23:12,1,[StatementsData_logId:2,true]
6506006,405,2:23:13,1,[StatementsData_logId:2]
6506006,406,2:23:14,1,[StatementsData_logId:2,2]
6506006,407,2:23:14,1,[StatementsData_logId:2,FactCardData_id:24]
6506006,407,2:23:14,1,[StatementsData_logId:2,FactCardData_id:25]
6506006,407,2:23:14,1,[StatementsData_logId:2,FactCardData_id:26]
6506006,407,2:23:14,1,[StatementsData_logId:2,FactCardData_id:22]
6506006,407,2:23:14,1,[StatementsData_logId:2,FactCardData_id:23]
6506006,407,2:23:14,1,[StatementsData_logId:2,FactCardData_id:20]
6506006,407,2:23:16,1,[StatementsData_logId:2,FactCardData_id:24]
6506006,407,2:23:16,1,[StatementsData_logId:2,FactCardData_id:24]
6506006,407,2:23:20,1,[StatementsData_logId:2,FactCardData_id:26]
6506006,407,2:23:20,1,[StatementsData_logId:2,FactCardData_id:24]
6506006,407,2:23:20,1,[StatementsData_logId:2,FactCardData_id:26]
6506006,407,2:23:24,1,[StatementsData_logId:2,FactCardData_id:23]
6506006,407,2:23:24,1,[StatementsData_logId:2,FactCardData_id:26]
6506006,407,2:23:24,1,[StatementsData_logId:2,FactCardData_id:23]
6506006,407,2:23:28,1,[StatementsData_logId:2,FactCardData_id:25]
6506006,407,2:23:28,1,[StatementsData_logId:2,FactCardData_id:23]
6506006,407,2:23:28,1,[StatementsData_logId:2,FactCardData_id:25]
6506006,407,2:23:32,1,[StatementsData_logId:2,FactCardData_id:22]
6506006,407,2:23:32,1,[StatementsData_logId:2,FactCardData_id:25]
6506006,407,2:23:32,1,[StatementsData_logId:2,FactCardData_id:22]
6506006,407,2:23:33,1,[StatementsData_logId:2,FactCardData_id:20]
6506006,407,2:23:33,1,[StatementsData_logId:2,FactCardData_id:22]
6506006,407,2:23:33,1,[StatementsData_logId:2,FactCardData_id:20]
6506006,407,2:23:34,1,[StatementsData_logId:2,FactCardData_id:24]
6506006,407,2:23:34,1,[StatementsData_logId:2,FactCardData_id:20]
6506006,407,2:23:34,1,[StatementsData_logId:2,FactCardData_id:24]
6506006,407,2:23:35,1,[StatementsData_logId:2,FactCardData_id:26]
6506006,407,2:23:35,1,[StatementsData_logId:2,FactCardData_id:24]
6506006,407,2:23:35,1,[StatementsData_logId:2,FactCardData_id:26]
6506006,408,2:23:36,1,[StatementsData_logId:2,FactCardData_id:26,false]
6506006,406,2:23:39,1,[StatementsData_logId:2,-2]
6506006,411,2:23:41,1,[StatementsData_logId:2]
6506006,401,2:23:50,1,[StatementsData_logId:3]
6506006,402,2:23:51,1,[StatementsData_logId:3,true]
6506006,405,2:23:52,1,[StatementsData_logId:3]
6506006,406,2:23:56,1,[StatementsData_logId:3,2]
6506006,411,2:23:58,1,[StatementsData_logId:3]
6506006,401,2:24:5,1,[StatementsData_logId:4]
6506006,402,2:24:6,1,[StatementsData_logId:4,false]
6506006,405,2:24:7,1,[StatementsData_logId:4]
6506006,406,2:24:7,1,[StatementsData_logId:4,-2]
6506006,411,2:24:9,1,[StatementsData_logId:4]
6506006,401,2:24:10,1,[StatementsData_logId:5]
6506006,402,2:24:11,1,[StatementsData_logId:5,false]
6506006,405,2:24:11,1,[StatementsData_logId:5]
6506006,406,2:24:12,1,[StatementsData_logId:5,-2]
6506006,411,2:24:13,1,[StatementsData_logId:5]
6506006,420,2:24:13,1,[30]
6506006,1005,2:24:13,1,[0,0,1]
6506006,1000,2:24:14,1,[]
6506006,400,2:24:15,1,[]
6506006,401,2:24:16,1,[StatementsData_logId:0]
6506006,402,2:24:18,1,[StatementsData_logId:0,true]
6506006,405,2:24:18,1,[StatementsData_logId:0]
6506006,406,2:24:19,1,[StatementsData_logId:0,2]
6506006,411,2:24:20,1,[StatementsData_logId:0]
6506006,401,2:24:22,1,[StatementsData_logId:1]
6506006,402,2:24:22,1,[StatementsData_logId:1,true]
6506006,405,2:24:23,1,[StatementsData_logId:1]
6506006,406,2:24:23,1,[StatementsData_logId:1,2]
6506006,411,2:24:24,1,[StatementsData_logId:1]
6506006,401,2:24:27,1,[StatementsData_logId:2]
6506006,403,2:24:27,1,[StatementsData_logId:2,true]
6506006,405,2:24:28,1,[StatementsData_logId:2]
6506006,406,2:24:29,1,[StatementsData_logId:2,2]
6506006,407,2:24:29,1,[StatementsData_logId:2,FactCardData_id:22]
6506006,407,2:24:29,1,[StatementsData_logId:2,FactCardData_id:24]
6506006,407,2:24:29,1,[StatementsData_logId:2,FactCardData_id:25]
6506006,407,2:24:29,1,[StatementsData_logId:2,FactCardData_id:23]
6506006,407,2:24:29,1,[StatementsData_logId:2,FactCardData_id:26]
6506006,407,2:24:29,1,[StatementsData_logId:2,FactCardData_id:20]
6506006,407,2:24:30,1,[StatementsData_logId:2,FactCardData_id:22]
6506006,407,2:24:30,1,[StatementsData_logId:2,FactCardData_id:22]
6506006,407,2:25:38,1,[StatementsData_logId:2,FactCardData_id:26]
6506006,407,2:25:38,1,[StatementsData_logId:2,FactCardData_id:22]
6506006,407,2:25:38,1,[StatementsData_logId:2,FactCardData_id:26]
6506006,407,2:25:51,1,[StatementsData_logId:2,FactCardData_id:25]
6506006,407,2:25:51,1,[StatementsData_logId:2,FactCardData_id:26]
6506006,407,2:25:51,1,[StatementsData_logId:2,FactCardData_id:25]
6506006,407,2:25:52,1,[StatementsData_logId:2,FactCardData_id:22]
6506006,407,2:25:52,1,[StatementsData_logId:2,FactCardData_id:25]
6506006,407,2:25:52,1,[StatementsData_logId:2,FactCardData_id:22]
6506006,408,2:25:53,1,[StatementsData_logId:2,FactCardData_id:22,false]
6506006,406,2:25:59,1,[StatementsData_logId:2,-2]
6506006,411,2:26:1,1,[StatementsData_logId:2]
6506006,401,2:26:3,1,[StatementsData_logId:3]
6506006,402,2:26:4,1,[StatementsData_logId:3,true]
6506006,405,2:26:4,1,[StatementsData_logId:3]
6506006,406,2:26:5,1,[StatementsData_logId:3,2]
6506006,411,2:26:6,1,[StatementsData_logId:3]
6506006,401,2:26:7,1,[StatementsData_logId:4]
6506006,403,2:26:8,1,[StatementsData_logId:4,true]
6506006,405,2:26:8,1,[StatementsData_logId:4]
6506006,406,2:26:9,1,[StatementsData_logId:4,2]
6506006,407,2:26:9,1,[StatementsData_logId:4,FactCardData_id:23]
6506006,407,2:26:9,1,[StatementsData_logId:4,FactCardData_id:24]
6506006,407,2:26:9,1,[StatementsData_logId:4,FactCardData_id:20]
6506006,407,2:26:9,1,[StatementsData_logId:4,FactCardData_id:22]
6506006,407,2:26:9,1,[StatementsData_logId:4,FactCardData_id:26]
6506006,407,2:26:9,1,[StatementsData_logId:4,FactCardData_id:25]
6506006,407,2:26:10,1,[StatementsData_logId:4,FactCardData_id:25]
6506006,407,2:26:10,1,[StatementsData_logId:4,FactCardData_id:25]
6506006,407,2:26:11,1,[StatementsData_logId:4,FactCardData_id:22]
6506006,407,2:26:11,1,[StatementsData_logId:4,FactCardData_id:25]
6506006,407,2:26:11,1,[StatementsData_logId:4,FactCardData_id:22]
6506006,407,2:26:14,1,[StatementsData_logId:4,FactCardData_id:26]
6506006,407,2:26:14,1,[StatementsData_logId:4,FactCardData_id:22]
6506006,407,2:26:14,1,[StatementsData_logId:4,FactCardData_id:26]
6506006,407,2:26:15,1,[StatementsData_logId:4,FactCardData_id:23]
6506006,407,2:26:15,1,[StatementsData_logId:4,FactCardData_id:26]
6506006,407,2:26:15,1,[StatementsData_logId:4,FactCardData_id:23]
6506006,408,2:26:18,1,[StatementsData_logId:4,FactCardData_id:23,true]
6506006,409,2:26:18,1,[StatementsData_logId:4]
6506006,410,2:26:19,1,[StatementsData_logId:4,2]
6506006,412,2:26:21,1,[StatementsData_logId:4]
6506006,413,2:26:23,1,[StatementsData_logId:4,DuelResponsesData_logId:3]
6506006,414,2:26:24,1,[StatementsData_logId:4,DuelResponsesData_logId:3]
6506006,415,2:26:31,1,[StatementsData_logId:4,DuelResponsesData_logId:3,DuelResponsesData_witty_player_response]
6506006,416,2:26:32,1,[StatementsData_logId:4,DuelResponsesData_logId:3]
6506006,417,2:26:34,1,[StatementsData_logId:4,DuelResponsesData_logId:3]
6506006,413,2:26:36,1,[StatementsData_logId:4,DuelResponsesData_logId:4]
6506006,414,2:26:41,1,[StatementsData_logId:4,DuelResponsesData_logId:4]
6506006,415,2:26:52,1,[StatementsData_logId:4,DuelResponsesData_logId:4,DuelResponsesData_witty_player_response]
6506006,416,2:26:53,1,[StatementsData_logId:4,DuelResponsesData_logId:4]
6506006,417,2:26:55,1,[StatementsData_logId:4,DuelResponsesData_logId:4]
6506006,413,2:26:58,1,[StatementsData_logId:4,DuelResponsesData_logId:5]
6506006,414,2:26:59,1,[StatementsData_logId:4,DuelResponsesData_logId:5]
6506006,415,2:27:19,1,[StatementsData_logId:4,DuelResponsesData_logId:5,DuelResponsesData_witty_player_response]
6506006,416,2:27:19,1,[StatementsData_logId:4,DuelResponsesData_logId:5]
6506006,417,2:27:21,1,[StatementsData_logId:4,DuelResponsesData_logId:5]
6506006,418,2:27:21,1,[StatementsData_logId:4,true]
6506006,419,2:27:24,1,[StatementsData_logId:4,4]
6506006,411,2:27:25,1,[StatementsData_logId:4]
6506006,401,2:27:28,1,[StatementsData_logId:5]
6506006,402,2:27:34,1,[StatementsData_logId:5,false]
6506006,405,2:27:34,1,[StatementsData_logId:5]
6506006,406,2:27:36,1,[StatementsData_logId:5,-2]
6506006,411,2:27:38,1,[StatementsData_logId:5]
6506006,420,2:27:38,1,[40]
6506006,1005,2:27:38,1,[0,1,2]
6506006,1000,2:27:39,1,[]
6506006,400,2:27:40,1,[]
6506006,401,2:27:40,1,[StatementsData_logId:0]
6506006,402,2:27:42,1,[StatementsData_logId:0,true]
6506006,405,2:27:43,1,[StatementsData_logId:0]
6506006,406,2:27:43,1,[StatementsData_logId:0,2]
6506006,411,2:27:44,1,[StatementsData_logId:0]
6506006,401,2:27:45,1,[StatementsData_logId:1]
6506006,402,2:27:45,1,[StatementsData_logId:1,true]
6506006,405,2:27:47,1,[StatementsData_logId:1]
6506006,406,2:27:48,1,[StatementsData_logId:1,2]
6506006,411,2:27:49,1,[StatementsData_logId:1]
6506006,401,2:27:50,1,[StatementsData_logId:2]
6506006,403,2:27:51,1,[StatementsData_logId:2,true]
6506006,405,2:27:51,1,[StatementsData_logId:2]
6506006,406,2:27:52,1,[StatementsData_logId:2,2]
6506006,407,2:27:52,1,[StatementsData_logId:2,FactCardData_id:22]
6506006,407,2:27:52,1,[StatementsData_logId:2,FactCardData_id:23]
6506006,407,2:27:52,1,[StatementsData_logId:2,FactCardData_id:26]
6506006,407,2:27:52,1,[StatementsData_logId:2,FactCardData_id:20]
6506006,407,2:27:52,1,[StatementsData_logId:2,FactCardData_id:25]
6506006,407,2:27:52,1,[StatementsData_logId:2,FactCardData_id:24]
6506006,407,2:27:53,1,[StatementsData_logId:2,FactCardData_id:25]
6506006,407,2:27:53,1,[StatementsData_logId:2,FactCardData_id:25]
6506006,407,2:27:53,1,[StatementsData_logId:2,FactCardData_id:26]
6506006,407,2:27:53,1,[StatementsData_logId:2,FactCardData_id:25]
6506006,407,2:27:53,1,[StatementsData_logId:2,FactCardData_id:26]
6506006,407,2:27:54,1,[StatementsData_logId:2,FactCardData_id:22]
6506006,407,2:27:54,1,[StatementsData_logId:2,FactCardData_id:26]
6506006,407,2:27:54,1,[StatementsData_logId:2,FactCardData_id:22]
6506006,407,2:27:56,1,[StatementsData_logId:2,FactCardData_id:23]
6506006,407,2:27:56,1,[StatementsData_logId:2,FactCardData_id:22]
6506006,407,2:27:56,1,[StatementsData_logId:2,FactCardData_id:23]
6506006,407,2:27:57,1,[StatementsData_logId:2,FactCardData_id:20]
6506006,407,2:27:57,1,[StatementsData_logId:2,FactCardData_id:23]
6506006,407,2:27:57,1,[StatementsData_logId:2,FactCardData_id:20]
6506006,407,2:27:58,1,[StatementsData_logId:2,FactCardData_id:24]
6506006,407,2:27:58,1,[StatementsData_logId:2,FactCardData_id:20]
6506006,407,2:27:58,1,[StatementsData_logId:2,FactCardData_id:24]
6506006,407,2:27:59,1,[StatementsData_logId:2,FactCardData_id:22]
6506006,407,2:27:59,1,[StatementsData_logId:2,FactCardData_id:24]
6506006,407,2:27:59,1,[StatementsData_logId:2,FactCardData_id:22]
6506006,407,2:28:0,1,[StatementsData_logId:2,FactCardData_id:24]
6506006,407,2:28:0,1,[StatementsData_logId:2,FactCardData_id:22]
6506006,407,2:28:0,1,[StatementsData_logId:2,FactCardData_id:24]
6506006,407,2:28:3,1,[StatementsData_logId:2,FactCardData_id:25]
6506006,407,2:28:3,1,[StatementsData_logId:2,FactCardData_id:24]
6506006,407,2:28:3,1,[StatementsData_logId:2,FactCardData_id:25]
6506006,407,2:28:4,1,[StatementsData_logId:2,FactCardData_id:24]
6506006,407,2:28:4,1,[StatementsData_logId:2,FactCardData_id:25]
6506006,407,2:28:4,1,[StatementsData_logId:2,FactCardData_id:24]
6506006,408,2:28:4,1,[StatementsData_logId:2,FactCardData_id:24,true]
6506006,409,2:28:4,1,[StatementsData_logId:2]
6506006,410,2:28:5,1,[StatementsData_logId:2,2]
6506006,412,2:28:7,1,[StatementsData_logId:2]
6506006,413,2:28:11,1,[StatementsData_logId:2,DuelResponsesData_logId:0]
6506006,414,2:28:12,1,[StatementsData_logId:2,DuelResponsesData_logId:0]
6506006,415,2:28:25,1,[StatementsData_logId:2,DuelResponsesData_logId:0,DuelResponsesData_witty_player_response]
6506006,416,2:28:26,1,[StatementsData_logId:2,DuelResponsesData_logId:0]
6506006,417,2:28:27,1,[StatementsData_logId:2,DuelResponsesData_logId:0]
6506006,413,2:28:35,1,[StatementsData_logId:2,DuelResponsesData_logId:1]
6506006,414,2:28:38,1,[StatementsData_logId:2,DuelResponsesData_logId:1]
6506006,415,2:28:45,1,[StatementsData_logId:2,DuelResponsesData_logId:1,DuelResponsesData_witty_player_response]
6506006,416,2:28:46,1,[StatementsData_logId:2,DuelResponsesData_logId:1]
6506006,417,2:28:47,1,[StatementsData_logId:2,DuelResponsesData_logId:1]
6506006,413,2:28:48,1,[StatementsData_logId:2,DuelResponsesData_logId:2]
6506006,414,2:28:51,1,[StatementsData_logId:2,DuelResponsesData_logId:2]
6506006,415,2:28:57,1,[StatementsData_logId:2,DuelResponsesData_logId:2,DuelResponsesData_witty_player_response]
6506006,416,2:28:58,1,[StatementsData_logId:2,DuelResponsesData_logId:2]
6506006,417,2:28:59,1,[StatementsData_logId:2,DuelResponsesData_logId:2]
6506006,418,2:28:59,1,[StatementsData_logId:2,true]
6506006,419,2:29:4,1,[StatementsData_logId:2,4]
6506006,411,2:29:5,1,[StatementsData_logId:2]
6506006,401,2:29:8,1,[StatementsData_logId:3]
6506006,402,2:29:9,1,[StatementsData_logId:3,true]
6506006,405,2:29:9,1,[StatementsData_logId:3]
6506006,406,2:29:10,1,[StatementsData_logId:3,2]
6506006,411,2:29:11,1,[StatementsData_logId:3]
6506006,401,2:29:20,1,[StatementsData_logId:4]
6506006,403,2:29:21,1,[StatementsData_logId:4,true]
6506006,405,2:29:21,1,[StatementsData_logId:4]
6506006,406,2:29:22,1,[StatementsData_logId:4,2]
6506006,407,2:29:22,1,[StatementsData_logId:4,FactCardData_id:26]
6506006,407,2:29:22,1,[StatementsData_logId:4,FactCardData_id:23]
6506006,407,2:29:22,1,[StatementsData_logId:4,FactCardData_id:25]
6506006,407,2:29:22,1,[StatementsData_logId:4,FactCardData_id:24]
6506006,407,2:29:22,1,[StatementsData_logId:4,FactCardData_id:20]
6506006,407,2:29:22,1,[StatementsData_logId:4,FactCardData_id:22]
6506006,407,2:29:23,1,[StatementsData_logId:4,FactCardData_id:23]
6506006,407,2:29:23,1,[StatementsData_logId:4,FactCardData_id:23]
6506006,407,2:29:29,1,[StatementsData_logId:4,FactCardData_id:24]
6506006,407,2:29:29,1,[StatementsData_logId:4,FactCardData_id:23]
6506006,407,2:29:29,1,[StatementsData_logId:4,FactCardData_id:24]
6506006,407,2:29:30,1,[StatementsData_logId:4,FactCardData_id:23]
6506006,407,2:29:30,1,[StatementsData_logId:4,FactCardData_id:24]
6506006,407,2:29:30,1,[StatementsData_logId:4,FactCardData_id:23]
6506006,407,2:29:31,1,[StatementsData_logId:4,FactCardData_id:24]
6506006,407,2:29:31,1,[StatementsData_logId:4,FactCardData_id:23]
6506006,407,2:29:31,1,[StatementsData_logId:4,FactCardData_id:24]
6506006,407,2:29:33,1,[StatementsData_logId:4,FactCardData_id:23]
6506006,407,2:29:33,1,[StatementsData_logId:4,FactCardData_id:24]
6506006,407,2:29:33,1,[StatementsData_logId:4,FactCardData_id:23]
6506006,408,2:29:34,1,[StatementsData_logId:4,FactCardData_id:23,true]
6506006,409,2:29:34,1,[StatementsData_logId:4]
6506006,410,2:29:35,1,[StatementsData_logId:4,2]
6506006,412,2:29:36,1,[StatementsData_logId:4]
6506006,413,2:29:38,1,[StatementsData_logId:4,DuelResponsesData_logId:3]
6506006,414,2:29:38,1,[StatementsData_logId:4,DuelResponsesData_logId:3]
6506006,415,2:29:40,1,[StatementsData_logId:4,DuelResponsesData_logId:3,DuelResponsesData_witty_player_response]
6506006,416,2:29:41,1,[StatementsData_logId:4,DuelResponsesData_logId:3]
6506006,417,2:29:41,1,[StatementsData_logId:4,DuelResponsesData_logId:3]
6506006,413,2:29:42,1,[StatementsData_logId:4,DuelResponsesData_logId:4]
6506006,414,2:29:42,1,[StatementsData_logId:4,DuelResponsesData_logId:4]
6506006,415,2:29:45,1,[StatementsData_logId:4,DuelResponsesData_logId:4,DuelResponsesData_witty_player_response]
6506006,416,2:29:46,1,[StatementsData_logId:4,DuelResponsesData_logId:4]
6506006,417,2:29:47,1,[StatementsData_logId:4,DuelResponsesData_logId:4]
6506006,413,2:29:47,1,[StatementsData_logId:4,DuelResponsesData_logId:5]
6506006,414,2:29:48,1,[StatementsData_logId:4,DuelResponsesData_logId:5]
6506006,415,2:29:51,1,[StatementsData_logId:4,DuelResponsesData_logId:5,DuelResponsesData_witty_player_response]
6506006,416,2:29:52,1,[StatementsData_logId:4,DuelResponsesData_logId:5]
6506006,417,2:29:52,1,[StatementsData_logId:4,DuelResponsesData_logId:5]
6506006,418,2:29:52,1,[StatementsData_logId:4,true]
6506006,419,2:29:56,1,[StatementsData_logId:4,4]
6506006,411,2:29:58,1,[StatementsData_logId:4]
6506006,401,2:30:0,1,[StatementsData_logId:5]
6506006,404,2:30:1,1,[StatementsData_logId:5,true]
6506006,406,2:30:1,1,[StatementsData_logId:5,2]
6506006,412,2:30:2,1,[StatementsData_logId:5]
6506006,413,2:30:3,1,[StatementsData_logId:5,DuelResponsesData_logId:6]
6506006,414,2:30:4,1,[StatementsData_logId:5,DuelResponsesData_logId:6]
6506006,415,2:30:18,1,[StatementsData_logId:5,DuelResponsesData_logId:6,DuelResponsesData_witty_player_response]
6506006,416,2:30:18,1,[StatementsData_logId:5,DuelResponsesData_logId:6]
6506006,417,2:30:19,1,[StatementsData_logId:5,DuelResponsesData_logId:6]
6506006,413,2:30:20,1,[StatementsData_logId:5,DuelResponsesData_logId:7]
6506006,414,2:30:23,1,[StatementsData_logId:5,DuelResponsesData_logId:7]
6506006,415,2:30:39,1,[StatementsData_logId:5,DuelResponsesData_logId:7,DuelResponsesData_ok_player_response]
6506006,416,2:30:39,1,[StatementsData_logId:5,DuelResponsesData_logId:7]
6506006,417,2:30:40,1,[StatementsData_logId:5,DuelResponsesData_logId:7]
6506006,413,2:30:42,1,[StatementsData_logId:5,DuelResponsesData_logId:8]
6506006,414,2:30:44,1,[StatementsData_logId:5,DuelResponsesData_logId:8]
6506006,415,2:31:0,1,[StatementsData_logId:5,DuelResponsesData_logId:8,DuelResponsesData_witty_player_response]
6506006,416,2:31:1,1,[StatementsData_logId:5,DuelResponsesData_logId:8]
6506006,417,2:31:1,1,[StatementsData_logId:5,DuelResponsesData_logId:8]
6506006,418,2:31:1,1,[StatementsData_logId:5,true]
6506006,419,2:31:4,1,[StatementsData_logId:5,4]
6506006,411,2:31:6,1,[StatementsData_logId:5]
6506006,420,2:31:6,1,[56]
6506006,1005,2:31:6,1,[0,2,3]
6506006,1001,2:31:8,1,[]
6506006,1003,2:31:8,0
6506006,1004,2:31:9,2
6506006,400,2:31:11,2,[]
6506006,401,2:31:26,2,[StatementsData_logId:0]
6506006,403,2:31:27,2,[StatementsData_logId:0,true]
6506006,405,2:31:27,2,[StatementsData_logId:0]
6506006,406,2:31:28,2,[StatementsData_logId:0,2]
6506006,407,2:31:28,2,[StatementsData_logId:0,FactCardData_id:20]
6506006,407,2:31:28,2,[StatementsData_logId:0,FactCardData_id:19]
6506006,407,2:31:28,2,[StatementsData_logId:0,FactCardData_id:24]
6506006,407,2:31:28,2,[StatementsData_logId:0,FactCardData_id:18]
6506006,407,2:31:28,2,[StatementsData_logId:0,FactCardData_id:21]
6506006,407,2:31:28,2,[StatementsData_logId:0,FactCardData_id:22]
6506006,407,2:31:29,2,[StatementsData_logId:0,FactCardData_id:20]
6506006,407,2:31:29,2,[StatementsData_logId:0,FactCardData_id:20]
6506006,407,2:31:30,2,[StatementsData_logId:0,FactCardData_id:24]
6506006,407,2:31:30,2,[StatementsData_logId:0,FactCardData_id:20]
6506006,407,2:31:30,2,[StatementsData_logId:0,FactCardData_id:24]
6506006,407,2:31:30,2,[StatementsData_logId:0,FactCardData_id:20]
6506006,407,2:31:30,2,[StatementsData_logId:0,FactCardData_id:24]
6506006,407,2:31:30,2,[StatementsData_logId:0,FactCardData_id:20]
6506006,407,2:31:34,2,[StatementsData_logId:0,FactCardData_id:18]
6506006,407,2:31:34,2,[StatementsData_logId:0,FactCardData_id:20]
6506006,407,2:31:34,2,[StatementsData_logId:0,FactCardData_id:18]
6506006,408,2:31:35,2,[StatementsData_logId:0,FactCardData_id:18,false]
6506006,406,2:31:36,2,[StatementsData_logId:0,-2]
6506006,411,2:31:37,2,[StatementsData_logId:0]
6506006,401,2:31:39,2,[StatementsData_logId:1]
6506006,402,2:31:45,2,[StatementsData_logId:1,true]
6506006,405,2:31:46,2,[StatementsData_logId:1]
6506006,406,2:31:47,2,[StatementsData_logId:1,2]
6506006,411,2:31:49,2,[StatementsData_logId:1]
6506006,401,2:31:53,2,[StatementsData_logId:2]
6506006,404,2:31:55,2,[StatementsData_logId:2,true]
6506006,406,2:31:55,2,[StatementsData_logId:2,2]
6506006,412,2:31:56,2,[StatementsData_logId:2]
6506006,413,2:31:57,2,[StatementsData_logId:2,DuelResponsesData_logId:3]
6506006,414,2:31:58,2,[StatementsData_logId:2,DuelResponsesData_logId:3]
6506006,415,2:32:12,2,[StatementsData_logId:2,DuelResponsesData_logId:3,DuelResponsesData_witty_player_response]
6506006,416,2:32:13,2,[StatementsData_logId:2,DuelResponsesData_logId:3]
6506006,417,2:32:13,2,[StatementsData_logId:2,DuelResponsesData_logId:3]
6506006,413,2:32:18,2,[StatementsData_logId:2,DuelResponsesData_logId:4]
6506006,414,2:32:19,2,[StatementsData_logId:2,DuelResponsesData_logId:4]
6506006,415,2:32:28,2,[StatementsData_logId:2,DuelResponsesData_logId:4,DuelResponsesData_lame_player_response]
6506006,416,2:32:29,2,[StatementsData_logId:2,DuelResponsesData_logId:4]
6506006,417,2:32:31,2,[StatementsData_logId:2,DuelResponsesData_logId:4]
6506006,413,2:32:32,2,[StatementsData_logId:2,DuelResponsesData_logId:5]
6506006,414,2:32:33,2,[StatementsData_logId:2,DuelResponsesData_logId:5]
6506006,415,2:32:44,2,[StatementsData_logId:2,DuelResponsesData_logId:5,DuelResponsesData_witty_player_response]
6506006,416,2:32:45,2,[StatementsData_logId:2,DuelResponsesData_logId:5]
6506006,417,2:32:46,2,[StatementsData_logId:2,DuelResponsesData_logId:5]
6506006,418,2:32:46,2,[StatementsData_logId:2,true]
6506006,419,2:32:48,2,[StatementsData_logId:2,4]
6506006,411,2:32:49,2,[StatementsData_logId:2]
6506006,401,2:32:54,2,[StatementsData_logId:3]
6506006,404,2:32:55,2,[StatementsData_logId:3,false]
6506006,405,2:32:56,2,[StatementsData_logId:3]
6506006,406,2:32:56,2,[StatementsData_logId:3,-2]
6506006,411,2:32:57,2,[StatementsData_logId:3]
6506006,401,2:32:58,2,[StatementsData_logId:4]
6506006,404,2:32:59,2,[StatementsData_logId:4,false]
6506006,405,2:33:0,2,[StatementsData_logId:4]
6506006,406,2:33:1,2,[StatementsData_logId:4,-2]
6506006,411,2:33:1,2,[StatementsData_logId:4]
6506006,401,2:33:2,2,[StatementsData_logId:5]
6506006,402,2:33:3,2,[StatementsData_logId:5,false]
6506006,405,2:33:4,2,[StatementsData_logId:5]
6506006,406,2:33:4,2,[StatementsData_logId:5,-2]
6506006,411,2:33:5,2,[StatementsData_logId:5]
6506006,401,2:33:6,2,[StatementsData_logId:6]
6506006,403,2:33:6,2,[StatementsData_logId:6,false]
6506006,405,2:33:6,2,[StatementsData_logId:6]
6506006,406,2:33:7,2,[StatementsData_logId:6,-2]
6506006,411,2:33:8,2,[StatementsData_logId:6]
6506006,420,2:33:8,2,[36]
6506006,1005,2:33:8,2,[0,0,1]
6506006,1001,2:33:9,2,[]
6506006,1003,2:33:9,0
6506006,210,2:33:13,760,382
6506006,211,2:33:13,839,167
6506006,213,2:33:13,4,s_fence_G9a1N,true
6506006,205,2:33:14,4,s_fence_G9a1N,false,false
6506006,210,2:33:17,693,485
6506006,211,2:33:23,571,424
6506006,213,2:33:23,4,s_bathingSuits_G9a1N,true
6506006,210,2:33:27,651,468
6506006,207,2:33:28,4,-200,0
6506006,211,2:33:29,250,408
6506006,212,2:33:30,1
6506006,210,2:33:30,612,462
6506006,211,2:33:31,252,413
6506006,210,2:33:32,757,518
6506006,211,2:33:32,259,355
6506006,213,2:33:32,4,s_kid3_G9a1N,true
6506006,205,2:33:32,4,s_kid3_G9a1N,false,false
6506006,210,2:33:36,539,315
6506006,211,2:33:43,643,325
6506006,213,2:33:43,4,s_kid4_G9a1N,true
6506006,210,2:33:45,736,355
6506006,207,2:33:47,4,0,-675
6506006,207,2:33:48,4,-675,-1031.4
6506006,207,2:33:49,4,-1031.4,-1031.4
6506006,211,2:33:50,1999,289
6506006,213,2:33:50,4,s_poolNight_ruleSign_G9a1N,true
6506006,210,2:33:51,1855,340
6506006,211,2:33:53,1483,433
6506006,212,2:33:54,2
6506006,210,2:33:54,1913,392
6506006,211,2:33:57,1592,187
6506006,213,2:33:57,4,s_potSmokeCloud_G9a1N,true
6506006,210,2:33:59,1858,299
6506006,207,2:34:2,4,-1031.4,-866.4
6506006,207,2:34:4,4,-866.4,-461.4
6506006,211,2:34:4,544,417
6506006,210,2:34:4,634,377
6506006,211,2:34:7,814,205
6506006,213,2:34:7,4,s_policeCar_G9a1N,true
6506006,210,2:34:11,1126,245
6506006,207,2:34:17,4,-461.4,0
6506006,211,2:34:19,360,338
6506006,213,2:34:19,4,c_cousin_M_a_G9a1N,false
6506006,1003,2:34:23,2
6506006,1004,2:34:25,2
6506006,900,2:34:27,2,[]
6506006,901,2:34:29,2,[PeopleData_id:2]
6506006,904,2:34:29,2,[PeopleData_id:2]
6506006,902,2:34:29,2,[PeopleData_id:2,PeopleData_data2Type]
6506006,902,2:34:32,2,[PeopleData_id:2,PeopleData_data3Type]
6506006,902,2:34:34,2,[PeopleData_id:2,PeopleData_data1Type]
6506006,902,2:34:36,2,[PeopleData_id:2,PeopleData_data0Type]
6506006,902,2:34:40,2,[PeopleData_id:2,PeopleData_data1Type]
6506006,903,2:34:44,2,[PeopleData_id2,PeopleData_data1Type]
6506006,901,2:34:44,2,[PeopleData_id:2]
6506006,904,2:34:44,2,[PeopleData_id:2]
6506006,905,2:34:46,2,[PeopleData_id:2,RankTypes_id:-1,RankTypes_id:2]
6506006,901,2:34:47,2,[PeopleData_id:2]
6506006,904,2:34:47,2,[PeopleData_id:2]
6506006,905,2:34:47,2,[PeopleData_id:2,RankTypes_id:2,RankTypes_id:1]
6506006,901,2:34:48,2,[PeopleData_id:4]
6506006,902,2:34:49,2,[PeopleData_id:4,PeopleData_data2Type]
6506006,902,2:34:51,2,[PeopleData_id:4,PeopleData_data1Type]
6506006,902,2:34:55,2,[PeopleData_id:4,PeopleData_data0Type]
6506006,903,2:34:57,2,[PeopleData_id4,PeopleData_data0Type]
6506006,901,2:34:59,2,[PeopleData_id:4]
6506006,904,2:34:59,2,[PeopleData_id:4]
6506006,905,2:35:0,2,[PeopleData_id:4,RankTypes_id:-1,RankTypes_id:2]
6506006,901,2:35:1,2,[PeopleData_id:0]
6506006,904,2:35:1,2,[PeopleData_id:0]
6506006,902,2:35:2,2,[PeopleData_id:0,PeopleData_data3Type]
6506006,902,2:35:6,2,[PeopleData_id:0,PeopleData_data2Type]
6506006,902,2:35:11,2,[PeopleData_id:0,PeopleData_data3Type]
6506006,902,2:35:12,2,[PeopleData_id:0,PeopleData_data1Type]
6506006,902,2:35:16,2,[PeopleData_id:0,PeopleData_data0Type]
6506006,903,2:35:18,2,[PeopleData_id0,PeopleData_data0Type]
6506006,901,2:35:18,2,[PeopleData_id:0]
6506006,904,2:35:19,2,[PeopleData_id:0]
6506006,905,2:35:19,2,[PeopleData_id:0,RankTypes_id:-1,RankTypes_id:4]
6506006,901,2:35:19,2,[PeopleData_id:5]
6506006,904,2:35:20,2,[PeopleData_id:5]
6506006,902,2:35:20,2,[PeopleData_id:5,PeopleData_data3Type]
6506006,902,2:35:28,2,[PeopleData_id:5,PeopleData_data2Type]
6506006,902,2:35:41,2,[PeopleData_id:5,PeopleData_data1Type]
6506006,902,2:35:43,2,[PeopleData_id:5,PeopleData_data0Type]
6506006,903,2:35:45,2,[PeopleData_id5,PeopleData_data0Type]
6506006,901,2:35:46,2,[PeopleData_id:5]
6506006,904,2:35:46,2,[PeopleData_id:5]
6506006,905,2:35:46,2,[PeopleData_id:5,RankTypes_id:-1,RankTypes_id:3]
6506006,901,2:35:48,2,[PeopleData_id:6]
6506006,902,2:35:49,2,[PeopleData_id:6,PeopleData_data2Type]
6506006,902,2:35:49,2,[PeopleData_id:6,PeopleData_data2Type]
6506006,902,2:35:51,2,[PeopleData_id:6,PeopleData_data1Type]
6506006,902,2:35:54,2,[PeopleData_id:6,PeopleData_data0Type]
6506006,903,2:35:57,2,[PeopleData_id6,PeopleData_data0Type]
6506006,901,2:35:58,2,[PeopleData_id:6]
6506006,904,2:35:58,2,[PeopleData_id:6]
6506006,905,2:35:59,2,[PeopleData_id:6,RankTypes_id:-1,RankTypes_id:1]
6506006,901,2:35:59,2,[PeopleData_id:3]
6506006,904,2:35:59,2,[PeopleData_id:3]
6506006,902,2:36:0,2,[PeopleData_id:3,PeopleData_data3Type]
6506006,902,2:36:4,2,[PeopleData_id:3,PeopleData_data2Type]
6506006,902,2:36:5,2,[PeopleData_id:3,PeopleData_data0Type]
6506006,902,2:36:7,2,[PeopleData_id:3,PeopleData_data0Type]
6506006,903,2:36:8,2,[PeopleData_id3,PeopleData_data0Type]
6506006,901,2:36:8,2,[PeopleData_id:1]
6506006,904,2:36:9,2,[PeopleData_id:1]
6506006,905,2:36:9,2,[PeopleData_id:1,RankTypes_id:-1,RankTypes_id:4]
6506006,901,2:36:10,2,[PeopleData_id:3]
6506006,902,2:36:11,2,[PeopleData_id:3,PeopleData_data3Type]
6506006,903,2:36:13,2,[PeopleData_id3,PeopleData_data3Type]
6506006,901,2:36:13,2,[PeopleData_id:1]
6506006,904,2:36:13,2,[PeopleData_id:1]
6506006,901,2:36:15,2,[PeopleData_id:3]
6506006,904,2:36:15,2,[PeopleData_id:3]
6506006,902,2:36:17,2,[PeopleData_id:3,PeopleData_data1Type]
6506006,903,2:36:18,2,[PeopleData_id3,PeopleData_data1Type]
6506006,901,2:36:19,2,[PeopleData_id:3]
6506006,904,2:36:19,2,[PeopleData_id:3]
6506006,901,2:36:20,2,[PeopleData_id:1]
6506006,904,2:36:20,2,[PeopleData_id:1]
6506006,901,2:36:22,2,[PeopleData_id:1]
6506006,904,2:36:22,2,[PeopleData_id:1]
6506006,905,2:36:22,2,[PeopleData_id:1,RankTypes_id:4,RankTypes_id:2]
6506006,901,2:36:24,2,[PeopleData_id:3]
6506006,904,2:36:24,2,[PeopleData_id:3]
6506006,905,2:36:26,2,[PeopleData_id:3,RankTypes_id:-1,RankTypes_id:3]
6506006,906,2:36:26,2,[]
6506006,901,2:36:27,2,[PeopleData_id:1]
6506006,905,2:36:27,2,[PeopleData_id:1,RankTypes_id:2,RankTypes_id:2]
6506006,902,2:36:28,2,[PeopleData_id:1,PeopleData_data2Type]
6506006,902,2:36:33,2,[PeopleData_id:1,PeopleData_data1Type]
6506006,902,2:36:37,2,[PeopleData_id:1,PeopleData_data0Type]
6506006,903,2:36:40,2,[PeopleData_id1,PeopleData_data0Type]
6506006,907,2:36:43,2,[]
6506006,908,2:36:43,2,[InvitationData_id:9,PeopleData_id:0,RankTypes_id:4]
6506006,909,2:36:47,2,[InvitationData_id:9,PeopleData_id:0,RankTypes_id:4,1]
6506006,910,2:36:48,2,[InvitationData_id:9,9,false]
6506006,908,2:36:48,2,[InvitationData_id:6,PeopleData_id:5,RankTypes_id:3]
6506006,909,2:36:53,2,[InvitationData_id:6,PeopleData_id:5,RankTypes_id:3,0]
6506006,910,2:36:54,2,[InvitationData_id:6,-7,false]
6506006,908,2:36:54,2,[InvitationData_id:4,PeopleData_id:3,RankTypes_id:3]
6506006,909,2:36:57,2,[InvitationData_id:4,PeopleData_id:3,RankTypes_id:3,1]
6506006,910,2:36:58,2,[InvitationData_id:4,7,false]
6506006,908,2:36:58,2,[InvitationData_id:5,PeopleData_id:4,RankTypes_id:2]
6506006,909,2:37:1,2,[InvitationData_id:5,PeopleData_id:4,RankTypes_id:2,1]
6506006,910,2:37:2,2,[InvitationData_id:5,5,false]
6506006,908,2:37:2,2,[InvitationData_id:1,PeopleData_id:5,RankTypes_id:3]
6506006,909,2:37:4,2,[InvitationData_id:1,PeopleData_id:5,RankTypes_id:3,0]
6506006,910,2:37:10,2,[InvitationData_id:1,-7,false]
6506006,908,2:37:10,2,[InvitationData_id:10,PeopleData_id:0,RankTypes_id:4]
6506006,909,2:37:19,2,[InvitationData_id:10,PeopleData_id:0,RankTypes_id:4,1]
6506006,910,2:37:21,2,[InvitationData_id:10,0,true]
6506006,908,2:37:21,2,[InvitationData_id:8,PeopleData_id:5,RankTypes_id:3]
6506006,909,2:37:26,2,[InvitationData_id:8,PeopleData_id:5,RankTypes_id:3,1]
6506006,910,2:37:27,2,[InvitationData_id:8,0,true]
6506006,908,2:37:27,2,[InvitationData_id:7,PeopleData_id:5,RankTypes_id:3]
6506006,909,2:37:31,2,[InvitationData_id:7,PeopleData_id:5,RankTypes_id:3,0]
6506006,910,2:37:32,2,[InvitationData_id:7,-7,false]
6506006,908,2:37:32,2,[InvitationData_id:2,PeopleData_id:3,RankTypes_id:3]
6506006,909,2:37:35,2,[InvitationData_id:2,PeopleData_id:3,RankTypes_id:3,1]
6506006,910,2:37:36,2,[InvitationData_id:2,7,false]
6506006,908,2:37:36,2,[InvitationData_id:0,PeopleData_id:0,RankTypes_id:4]
6506006,909,2:37:39,2,[InvitationData_id:0,PeopleData_id:0,RankTypes_id:4,1]
6506006,910,2:37:40,2,[InvitationData_id:0,9,false]
6506006,908,2:37:40,2,[InvitationData_id:3,PeopleData_id:0,RankTypes_id:4]
6506006,909,2:37:45,2,[InvitationData_id:3,PeopleData_id:0,RankTypes_id:4,1]
6506006,910,2:37:46,2,[InvitationData_id:3,9,false]
6506006,911,2:37:48,2,[25,2,0,2]
6506006,1005,2:37:48,2,[2,0,1]
6506006,1000,2:37:49,2,[]
6506006,900,2:37:50,2,[]
6506006,901,2:37:52,2,[PeopleData_id:0]
6506006,904,2:37:52,2,[PeopleData_id:0]
6506006,902,2:37:52,2,[PeopleData_id:0,PeopleData_data2Type]
6506006,902,2:37:53,2,[PeopleData_id:0,PeopleData_data3Type]
6506006,902,2:37:54,2,[PeopleData_id:0,PeopleData_data2Type]
6506006,902,2:37:55,2,[PeopleData_id:0,PeopleData_data1Type]
6506006,902,2:37:56,2,[PeopleData_id:0,PeopleData_data0Type]
6506006,903,2:37:57,2,[PeopleData_id0,PeopleData_data0Type]
6506006,901,2:37:57,2,[PeopleData_id:0]
6506006,904,2:37:58,2,[PeopleData_id:0]
6506006,905,2:37:58,2,[PeopleData_id:0,RankTypes_id:-1,RankTypes_id:4]
6506006,901,2:37:58,2,[PeopleData_id:3]
6506006,904,2:37:58,2,[PeopleData_id:3]
6506006,901,2:37:59,2,[PeopleData_id:3]
6506006,904,2:37:59,2,[PeopleData_id:3]
6506006,905,2:38:1,2,[PeopleData_id:3,RankTypes_id:-1,RankTypes_id:2]
6506006,901,2:38:1,2,[PeopleData_id:1]
6506006,904,2:38:1,2,[PeopleData_id:1]
6506006,901,2:38:2,2,[PeopleData_id:1]
6506006,902,2:38:3,2,[PeopleData_id:1,PeopleData_data2Type]
6506006,902,2:38:5,2,[PeopleData_id:1,PeopleData_data1Type]
6506006,902,2:38:6,2,[PeopleData_id:1,PeopleData_data0Type]
6506006,903,2:38:6,2,[PeopleData_id1,PeopleData_data0Type]
6506006,901,2:38:7,2,[PeopleData_id:1]
6506006,904,2:38:7,2,[PeopleData_id:1]
6506006,905,2:38:8,2,[PeopleData_id:1,RankTypes_id:-1,RankTypes_id:1]
6506006,901,2:38:8,2,[PeopleData_id:4]
6506006,902,2:38:9,2,[PeopleData_id:4,PeopleData_data2Type]
6506006,902,2:38:11,2,[PeopleData_id:4,PeopleData_data1Type]
6506006,902,2:38:15,2,[PeopleData_id:4,PeopleData_data0Type]
6506006,903,2:38:18,2,[PeopleData_id4,PeopleData_data0Type]
6506006,901,2:38:18,2,[PeopleData_id:4]
6506006,904,2:38:18,2,[PeopleData_id:4]
6506006,905,2:38:19,2,[PeopleData_id:4,RankTypes_id:-1,RankTypes_id:3]
6506006,901,2:38:20,2,[PeopleData_id:5]
6506006,902,2:38:21,2,[PeopleData_id:5,PeopleData_data3Type]
6506006,902,2:38:22,2,[PeopleData_id:5,PeopleData_data1Type]
6506006,902,2:38:23,2,[PeopleData_id:5,PeopleData_data0Type]
6506006,903,2:38:25,2,[PeopleData_id5,PeopleData_data0Type]
6506006,901,2:38:26,2,[PeopleData_id:5]
6506006,904,2:38:26,2,[PeopleData_id:5]
6506006,905,2:38:28,2,[PeopleData_id:5,RankTypes_id:-1,RankTypes_id:1]
6506006,901,2:38:28,2,[PeopleData_id:6]
6506006,904,2:38:28,2,[PeopleData_id:6]
6506006,902,2:38:29,2,[PeopleData_id:6,PeopleData_data2Type]
6506006,903,2:38:40,2,[PeopleData_id6,PeopleData_data2Type]
6506006,901,2:38:40,2,[PeopleData_id:6]
6506006,904,2:38:40,2,[PeopleData_id:6]
6506006,905,2:38:41,2,[PeopleData_id:6,RankTypes_id:-1,RankTypes_id:0]
6506006,901,2:38:41,2,[PeopleData_id:2]
6506006,902,2:38:42,2,[PeopleData_id:2,PeopleData_data3Type]
6506006,902,2:38:44,2,[PeopleData_id:2,PeopleData_data3Type]
6506006,902,2:38:44,2,[PeopleData_id:2,PeopleData_data2Type]
6506006,902,2:38:45,2,[PeopleData_id:2,PeopleData_data1Type]
6506006,902,2:38:46,2,[PeopleData_id:2,PeopleData_data1Type]
6506006,902,2:38:46,2,[PeopleData_id:2,PeopleData_data1Type]
6506006,902,2:38:46,2,[PeopleData_id:2,PeopleData_data0Type]
6506006,903,2:38:49,2,[PeopleData_id2,PeopleData_data0Type]
6506006,901,2:38:50,2,[PeopleData_id:2]
6506006,904,2:38:50,2,[PeopleData_id:2]
6506006,905,2:38:52,2,[PeopleData_id:2,RankTypes_id:-1,RankTypes_id:4]
6506006,906,2:38:52,2,[]
6506006,901,2:38:53,2,[PeopleData_id:2]
6506006,904,2:38:53,2,[PeopleData_id:2]
6506006,905,2:38:53,2,[PeopleData_id:2,RankTypes_id:4,RankTypes_id:3]
6506006,901,2:38:54,2,[PeopleData_id:2]
6506006,904,2:38:54,2,[PeopleData_id:2]
6506006,905,2:38:54,2,[PeopleData_id:2,RankTypes_id:3,RankTypes_id:4]
6506006,907,2:38:56,2,[]
6506006,908,2:38:56,2,[InvitationData_id:7,PeopleData_id:5,RankTypes_id:1]
6506006,909,2:39:0,2,[InvitationData_id:7,PeopleData_id:5,RankTypes_id:1,0]
6506006,910,2:39:3,2,[InvitationData_id:7,0,false]
6506006,908,2:39:3,2,[InvitationData_id:0,PeopleData_id:2,RankTypes_id:4]
6506006,909,2:39:4,2,[InvitationData_id:0,PeopleData_id:2,RankTypes_id:4,1]
6506006,910,2:39:5,2,[InvitationData_id:0,9,false]
6506006,908,2:39:5,2,[InvitationData_id:6,PeopleData_id:5,RankTypes_id:1]
6506006,909,2:39:7,2,[InvitationData_id:6,PeopleData_id:5,RankTypes_id:1,0]
6506006,910,2:39:8,2,[InvitationData_id:6,0,false]
6506006,908,2:39:8,2,[InvitationData_id:4,PeopleData_id:2,RankTypes_id:4]
6506006,909,2:39:10,2,[InvitationData_id:4,PeopleData_id:2,RankTypes_id:4,1]
6506006,910,2:39:11,2,[InvitationData_id:4,9,false]
6506006,908,2:39:11,2,[InvitationData_id:10,PeopleData_id:2,RankTypes_id:4]
6506006,909,2:39:15,2,[InvitationData_id:10,PeopleData_id:2,RankTypes_id:4,0]
6506006,910,2:39:18,2,[InvitationData_id:10,-11,false]
6506006,908,2:39:18,2,[InvitationData_id:9,PeopleData_id:0,RankTypes_id:4]
6506006,909,2:39:20,2,[InvitationData_id:9,PeopleData_id:0,RankTypes_id:4,1]
6506006,910,2:39:21,2,[InvitationData_id:9,9,false]
6506006,908,2:39:21,2,[InvitationData_id:8,PeopleData_id:2,RankTypes_id:4]
6506006,909,2:39:23,2,[InvitationData_id:8,PeopleData_id:2,RankTypes_id:4,0]
6506006,910,2:39:31,2,[InvitationData_id:8,-11,false]
6506006,908,2:39:31,2,[InvitationData_id:2,PeopleData_id:4,RankTypes_id:3]
6506006,909,2:39:33,2,[InvitationData_id:2,PeopleData_id:4,RankTypes_id:3,1]
6506006,910,2:39:34,2,[InvitationData_id:2,7,false]
6506006,908,2:39:34,2,[InvitationData_id:1,PeopleData_id:2,RankTypes_id:4]
6506006,909,2:39:36,2,[InvitationData_id:1,PeopleData_id:2,RankTypes_id:4,0]
6506006,910,2:39:38,2,[InvitationData_id:1,-11,false]
6506006,908,2:39:38,2,[InvitationData_id:3,PeopleData_id:0,RankTypes_id:4]
6506006,909,2:39:40,2,[InvitationData_id:3,PeopleData_id:0,RankTypes_id:4,1]
6506006,910,2:39:41,2,[InvitationData_id:3,9,false]
6506006,908,2:39:41,2,[InvitationData_id:5,PeopleData_id:4,RankTypes_id:3]
6506006,909,2:39:45,2,[InvitationData_id:5,PeopleData_id:4,RankTypes_id:3,1]
6506006,910,2:39:45,2,[InvitationData_id:5,7,false]
6506006,911,2:39:47,2,[17,0,0,0]
6506006,1001,2:39:49,2,[]
6506006,1003,2:39:49,2
6506006,210,2:39:52,523,564
6506006,211,2:39:53,344,343
6506006,213,2:39:53,4,c_cousin_M_a_G9a1N,true
6506006,205,2:39:53,4,c_cousin_M_a_G9a1N,false,false
6506006,210,2:39:58,1116,413
6506006,207,2:40:4,4,-200,0
6506006,211,2:40:7,265,321
6506006,212,2:40:8,1
6506006,210,2:40:9,929,467
6506006,207,2:40:14,4,0,-270
6506006,207,2:40:16,4,-270,-510
6506006,211,2:40:18,1633,444
6506006,207,2:40:18,4,-510,-630
6506006,210,2:40:18,1701,428
6506006,207,2:40:19,4,-630,-1031.4
6506006,211,2:40:21,1450,654
6506006,221,2:40:25,4
6506006,220,2:40:27,4
6506006,212,2:40:28,2
6506006,210,2:40:28,1252,498
6506006,207,2:40:28,4,-200,-290
6506006,211,2:40:29,1370,532
6506006,207,2:40:29,4,-290,-365
6506006,210,2:40:29,1444,308
6506006,207,2:40:29,4,-365,-485
6506006,207,2:40:30,4,-485,-512
6506006,211,2:40:30,1500,286
6506006,210,2:40:30,1312,297
6506006,207,2:40:34,4,-512,-452
6506006,207,2:40:35,4,-452,0
6506006,211,2:40:36,2,488
6506006,210,2:40:36,97,180
6506006,211,2:40:41,277,607
6506006,213,2:40:41,4,s_cellPhone_M_G9a0,false
6506006,1003,2:40:45,2
6506006,1004,2:40:48,8
6506006,900,2:40:49,8,[]
6506006,901,2:40:50,8,[PeopleData_id:0]
6506006,902,2:40:51,8,[PeopleData_id:0,PeopleData_data3Type]
6506006,902,2:40:55,8,[PeopleData_id:0,PeopleData_data2Type]
6506006,902,2:40:58,8,[PeopleData_id:0,PeopleData_data1Type]
6506006,902,2:41:4,8,[PeopleData_id:0,PeopleData_data0Type]
6506006,903,2:41:8,8,[PeopleData_id0,PeopleData_data0Type]
6506006,901,2:41:9,8,[PeopleData_id:0]
6506006,904,2:41:9,8,[PeopleData_id:0]
6506006,905,2:41:10,8,[PeopleData_id:0,RankTypes_id:-1,RankTypes_id:3]
6506006,901,2:41:11,8,[PeopleData_id:4]
6506006,904,2:41:11,8,[PeopleData_id:4]
6506006,902,2:41:12,8,[PeopleData_id:4,PeopleData_data3Type]
6506006,902,2:41:17,8,[PeopleData_id:4,PeopleData_data2Type]
6506006,902,2:41:18,8,[PeopleData_id:4,PeopleData_data1Type]
6506006,902,2:41:19,8,[PeopleData_id:4,PeopleData_data0Type]
6506006,903,2:41:20,8,[PeopleData_id4,PeopleData_data0Type]
6506006,901,2:41:20,8,[PeopleData_id:4]
6506006,904,2:41:20,8,[PeopleData_id:4]
6506006,905,2:41:21,8,[PeopleData_id:4,RankTypes_id:-1,RankTypes_id:0]
6506006,901,2:41:22,8,[PeopleData_id:9]
6506006,904,2:41:22,8,[PeopleData_id:9]
6506006,902,2:41:22,8,[PeopleData_id:9,PeopleData_data3Type]
6506006,902,2:41:26,8,[PeopleData_id:9,PeopleData_data2Type]
6506006,902,2:41:27,8,[PeopleData_id:9,PeopleData_data1Type]
6506006,902,2:41:28,8,[PeopleData_id:9,PeopleData_data0Type]
6506006,902,2:41:33,8,[PeopleData_id:9,PeopleData_data3Type]
6506006,902,2:41:34,8,[PeopleData_id:9,PeopleData_data2Type]
6506006,902,2:41:37,8,[PeopleData_id:9,PeopleData_data1Type]
6506006,903,2:41:41,8,[PeopleData_id9,PeopleData_data1Type]
6506006,901,2:41:41,8,[PeopleData_id:9]
6506006,904,2:41:41,8,[PeopleData_id:9]
6506006,905,2:41:42,8,[PeopleData_id:9,RankTypes_id:-1,RankTypes_id:2]
6506006,901,2:41:43,8,[PeopleData_id:2]
6506006,902,2:41:44,8,[PeopleData_id:2,PeopleData_data3Type]
6506006,902,2:41:51,8,[PeopleData_id:2,PeopleData_data2Type]
6506006,902,2:41:53,8,[PeopleData_id:2,PeopleData_data1Type]
6506006,902,2:41:58,8,[PeopleData_id:2,PeopleData_data0Type]
6506006,903,2:41:58,8,[PeopleData_id2,PeopleData_data0Type]
6506006,901,2:41:59,8,[PeopleData_id:2]
6506006,904,2:41:59,8,[PeopleData_id:2]
6506006,905,2:42:0,8,[PeopleData_id:2,RankTypes_id:-1,RankTypes_id:0]
6506006,901,2:42:0,8,[PeopleData_id:5]
6506006,902,2:42:1,8,[PeopleData_id:5,PeopleData_data3Type]
6506006,902,2:42:5,8,[PeopleData_id:5,PeopleData_data2Type]
6506006,902,2:42:7,8,[PeopleData_id:5,PeopleData_data1Type]
6506006,902,2:42:13,8,[PeopleData_id:5,PeopleData_data0Type]
6506006,903,2:42:14,8,[PeopleData_id5,PeopleData_data0Type]
6506006,901,2:42:15,8,[PeopleData_id:5]
6506006,904,2:42:15,8,[PeopleData_id:5]
6506006,905,2:42:15,8,[PeopleData_id:5,RankTypes_id:-1,RankTypes_id:4]
6506006,901,2:42:16,8,[PeopleData_id:6]
6506006,904,2:42:16,8,[PeopleData_id:6]
6506006,902,2:42:18,8,[PeopleData_id:6,PeopleData_data3Type]
6506006,902,2:42:23,8,[PeopleData_id:6,PeopleData_data2Type]
6506006,902,2:42:28,8,[PeopleData_id:6,PeopleData_data1Type]
6506006,902,2:42:32,8,[PeopleData_id:6,PeopleData_data0Type]
6506006,903,2:42:35,8,[PeopleData_id6,PeopleData_data0Type]
6506006,901,2:42:36,8,[PeopleData_id:6]
6506006,904,2:42:36,8,[PeopleData_id:6]
6506006,905,2:42:37,8,[PeopleData_id:6,RankTypes_id:-1,RankTypes_id:2]
6506006,901,2:42:38,8,[PeopleData_id:7]
6506006,904,2:42:38,8,[PeopleData_id:7]
6506006,902,2:42:39,8,[PeopleData_id:7,PeopleData_data2Type]
6506006,902,2:42:39,8,[PeopleData_id:7,PeopleData_data3Type]
6506006,902,2:42:43,8,[PeopleData_id:7,PeopleData_data2Type]
6506006,902,2:42:51,8,[PeopleData_id:7,PeopleData_data2Type]
6506006,902,2:42:51,8,[PeopleData_id:7,PeopleData_data1Type]
6506006,902,2:42:55,8,[PeopleData_id:7,PeopleData_data0Type]
6506006,903,2:42:56,8,[PeopleData_id7,PeopleData_data0Type]
6506006,901,2:42:57,8,[PeopleData_id:7]
6506006,904,2:42:57,8,[PeopleData_id:7]
6506006,905,2:42:57,8,[PeopleData_id:7,RankTypes_id:-1,RankTypes_id:4]
6506006,901,2:42:57,8,[PeopleData_id:8]
6506006,904,2:42:58,8,[PeopleData_id:8]
6506006,902,2:42:59,8,[PeopleData_id:8,PeopleData_data3Type]
6506006,902,2:43:4,8,[PeopleData_id:8,PeopleData_data2Type]
6506006,902,2:43:9,8,[PeopleData_id:8,PeopleData_data1Type]
6506006,902,2:43:19,8,[PeopleData_id:8,PeopleData_data0Type]
6506006,903,2:43:23,8,[PeopleData_id8,PeopleData_data0Type]
6506006,901,2:43:24,8,[PeopleData_id:8]
6506006,904,2:43:24,8,[PeopleData_id:8]
6506006,905,2:43:25,8,[PeopleData_id:8,RankTypes_id:-1,RankTypes_id:2]
6506006,901,2:43:25,8,[PeopleData_id:1]
6506006,902,2:43:26,8,[PeopleData_id:1,PeopleData_data3Type]
6506006,902,2:43:31,8,[PeopleData_id:1,PeopleData_data2Type]
6506006,902,2:43:36,8,[PeopleData_id:1,PeopleData_data1Type]
6506006,902,2:43:41,8,[PeopleData_id:1,PeopleData_data0Type]
6506006,903,2:43:45,8,[PeopleData_id1,PeopleData_data0Type]
6506006,901,2:43:45,8,[PeopleData_id:1]
6506006,904,2:43:46,8,[PeopleData_id:1]
6506006,905,2:43:46,8,[PeopleData_id:1,RankTypes_id:-1,RankTypes_id:3]
6506006,901,2:43:47,8,[PeopleData_id:3]
6506006,902,2:43:47,8,[PeopleData_id:3,PeopleData_data3Type]
6506006,902,2:44:5,8,[PeopleData_id:3,PeopleData_data2Type]
6506006,902,2:44:10,8,[PeopleData_id:3,PeopleData_data1Type]
6506006,902,2:44:15,8,[PeopleData_id:3,PeopleData_data0Type]
6506006,903,2:44:19,8,[PeopleData_id3,PeopleData_data0Type]
6506006,901,2:44:20,8,[PeopleData_id:3]
6506006,904,2:44:20,8,[PeopleData_id:3]
6506006,905,2:44:21,8,[PeopleData_id:3,RankTypes_id:-1,RankTypes_id:1]
6506006,906,2:44:21,8,[]
6506006,907,2:44:22,8,[]
6506006,908,2:44:22,8,[InvitationData_id:11,PeopleData_id:7,RankTypes_id:4]
6506006,909,2:44:29,8,[InvitationData_id:11,PeopleData_id:7,RankTypes_id:4,1]
6506006,910,2:44:30,8,[InvitationData_id:11,9,false]
6506006,908,2:44:30,8,[InvitationData_id:3,PeopleData_id:0,RankTypes_id:3]
6506006,909,2:44:36,8,[InvitationData_id:3,PeopleData_id:0,RankTypes_id:3,1]
6506006,910,2:44:40,8,[InvitationData_id:3,0,true]
6506006,908,2:44:40,8,[InvitationData_id:4,PeopleData_id:6,RankTypes_id:2]
6506006,909,2:44:56,8,[InvitationData_id:4,PeopleData_id:6,RankTypes_id:2,0]
6506006,910,2:45:3,8,[InvitationData_id:4,-2,false]
6506006,908,2:45:3,8,[InvitationData_id:12,PeopleData_id:0,RankTypes_id:3]
6506006,909,2:45:7,8,[InvitationData_id:12,PeopleData_id:0,RankTypes_id:3,1]
6506006,910,2:45:7,8,[InvitationData_id:12,7,false]
6506006,908,2:45:8,8,[InvitationData_id:0,PeopleData_id:0,RankTypes_id:3]
6506006,909,2:45:12,8,[InvitationData_id:0,PeopleData_id:0,RankTypes_id:3,0]
6506006,910,2:45:16,8,[InvitationData_id:0,-7,false]
6506006,908,2:45:16,8,[InvitationData_id:6,PeopleData_id:7,RankTypes_id:4]
6506006,909,2:45:23,8,[InvitationData_id:6,PeopleData_id:7,RankTypes_id:4,1]
6506006,910,2:45:24,8,[InvitationData_id:6,9,false]
6506006,908,2:45:24,8,[InvitationData_id:10,PeopleData_id:0,RankTypes_id:3]
6506006,909,2:45:27,8,[InvitationData_id:10,PeopleData_id:0,RankTypes_id:3,1]
6506006,910,2:45:27,8,[InvitationData_id:10,7,false]
6506006,908,2:45:27,8,[InvitationData_id:1,PeopleData_id:3,RankTypes_id:1]
6506006,909,2:45:32,8,[InvitationData_id:1,PeopleData_id:3,RankTypes_id:1,0]
6506006,910,2:45:35,8,[InvitationData_id:1,0,false]
6506006,908,2:45:35,8,[InvitationData_id:5,PeopleData_id:0,RankTypes_id:3]
6506006,909,2:45:43,8,[InvitationData_id:5,PeopleData_id:0,RankTypes_id:3,0]
6506006,910,2:45:44,8,[InvitationData_id:5,-7,false]
6506006,908,2:45:44,8,[InvitationData_id:8,PeopleData_id:7,RankTypes_id:4]
6506006,909,2:45:50,8,[InvitationData_id:8,PeopleData_id:7,RankTypes_id:4,0]
6506006,910,2:45:53,8,[InvitationData_id:8,-11,false]
6506006,908,2:45:53,8,[InvitationData_id:7,PeopleData_id:5,RankTypes_id:4]
6506006,909,2:46:0,8,[InvitationData_id:7,PeopleData_id:5,RankTypes_id:4,1]
6506006,910,2:46:1,8,[InvitationData_id:7,9,false]
6506006,908,2:46:1,8,[InvitationData_id:9,PeopleData_id:7,RankTypes_id:4]
6506006,909,2:46:9,8,[InvitationData_id:9,PeopleData_id:7,RankTypes_id:4,1]
6506006,910,2:46:10,8,[InvitationData_id:9,9,false]
6506006,911,2:46:13,8,[23,1,1,1]
6506006,1005,2:46:13,8,[2,0,2]
6506006,1001,2:46:15,8,[]
6506006,1003,2:46:15,2
6506006,210,2:46:18,629,517
6506006,207,2:46:18,4,-200,-65
6506006,207,2:46:23,4,-65,-110
6506006,207,2:46:23,4,-110,-170
6506006,207,2:46:24,4,-170,-512
6506006,211,2:46:26,1039,452
6506006,210,2:46:29,305,536
6506006,207,2:46:30,4,-200,-80
6506006,211,2:46:33,936,187
6506006,221,2:46:37,4
6506006,220,2:46:40,4
6506006,212,2:46:41,0
6506006,210,2:46:41,1262,538
6506006,207,2:46:41,4,-200,-275
6506006,207,2:46:42,4,-275,-512
6506006,207,2:46:52,4,-512,0
6506006,211,2:46:56,369,389
6506006,210,2:46:56,594,344
6506006,207,2:46:58,4,0,-30
6506006,207,2:46:59,4,-30,-75
6506006,207,2:46:59,4,-75,-105
6506006,211,2:46:59,656,661
6506006,221,2:47:0,4
6506006,220,2:47:2,4
6506006,212,2:47:3,1
6506006,210,2:47:6,808,418
6506006,211,2:47:7,871,322
6506006,213,2:47:7,4,s_door_M_gen,true
6506006,205,2:47:7,4,s_door_M_gen,false,true
6506006,210,2:47:11,839,466
6506006,211,2:47:12,1005,552
6506006,213,2:47:12,4,s_bathingSuit_M_G9a0,true
6506006,205,2:47:12,4,s_bathingSuit_M_G9a0,false,true
6506006,210,2:47:15,669,480
6506006,211,2:47:16,346,441
6506006,212,2:47:17,2
6506006,210,2:47:17,731,432
6506006,211,2:47:18,360,436
6506006,212,2:47:19,0
6506006,210,2:47:19,782,404
6506006,211,2:47:20,353,429
6506006,213,2:47:20,4,s_clock_M_G9a0,true
6506006,205,2:47:20,4,s_clock_M_G9a0,false,false
6506006,210,2:47:25,843,339
6506006,211,2:47:26,676,318
6506006,212,2:47:27,1
6506006,207,2:47:27,4,-105,-135
6506006,210,2:47:27,930,398
6506006,211,2:47:29,912,447
6506006,212,2:47:30,2
6506006,207,2:47:30,4,-135,-165
6506006,210,2:47:30,979,353
6506006,211,2:47:30,563,342
6506006,212,2:47:31,0
6506006,207,2:47:31,4,-165,-210
6506006,210,2:47:31,1039,420
6506006,207,2:47:33,4,-210,-300
6506006,211,2:47:34,1378,492
6506006,207,2:47:34,4,-300,-375
6506006,210,2:47:35,1425,272
6506006,207,2:47:35,4,-375,-465
6506006,207,2:47:36,4,-465,-512
6506006,211,2:47:37,1533,393
6506006,210,2:47:37,1464,530
6506006,211,2:47:40,1066,309
6506006,212,2:47:41,2
6506006,210,2:47:42,1321,341
6506006,211,2:47:42,1074,278
6506006,210,2:47:43,1340,382
6506006,211,2:47:43,1001,346
6506006,212,2:47:44,1
6506006,210,2:47:44,1272,352
6506006,207,2:47:48,4,-512,0
6506006,211,2:47:52,283,607
6506006,212,2:47:53,2
6506006,207,2:47:53,4,0,-15
6506006,210,2:47:53,632,488
6506006,211,2:47:55,277,607
6506006,213,2:47:55,4,s_cellPhone_M_G9a0,true
6506006,205,2:47:55,4,s_cellPhone_M_G9a0,false,false
6506006,221,2:47:59,4
6506006,220,2:48:1,4
6506006,212,2:48:2,1
6506006,207,2:48:5,4,-200,-260
6506006,210,2:48:5,1190,371
6506006,211,2:48:9,954,184
6506006,210,2:48:10,964,198
6506006,211,2:48:10,945,182
6506006,213,2:48:10,4,c_policeOfficer_G9a1N,true
6506006,205,2:48:10,4,c_policeOfficer_G9a1N,false,false
6506006,221,2:48:15,4
6506006,300,2:48:20
6506006,220,2:48:20,4
6506006,301,2:48:23,2
6506006,302,2:48:34,2,2,0,14
6506006,304,2:48:35,2,2,0,-1,,14,
6506006,302,2:48:41,2,3,0,0
6506006,304,2:48:41,2,3,0,-1,,0,
6506006,302,2:48:49,2,4,0,3
6506006,306,2:48:50,2,0,1
6506006,304,2:48:50,2,4,0,-1,,3,
6506006,302,2:48:56,2,5,0,6
6506006,304,2:48:57,2,5,0,-1,,6,
6506006,302,2:49:5,2,4,1,0
6506006,306,2:49:6,2,1,2
6506006,304,2:49:6,2,4,1,-1,,0,
6506006,302,2:49:13,2,1,0,0
6506006,303,2:49:15,2,1,0,0
6506006,304,2:49:21,2,1,0,-1,,0,german shepard
6506006,304,2:49:24,2,4,0,3,,3,
6506006,302,2:49:36,2,0,0,3
6506006,303,2:49:41,2,0,0,3
6506006,306,2:49:43,2,2,3
6506006,304,2:49:43,2,0,0,-1,,3,nissan
6506006,221,2:49:53,4
6506006,220,2:49:56,4
6506006,1003,2:49:56,3
6506006,1004,2:49:57,1
6506006,500,2:50:2,1,[]
6506006,501,2:50:5,1,[]
6506006,502,2:50:14,1,[IntentionData_logId:3,true]
6506006,503,2:50:15,1,[]
6506006,504,2:50:20,1,[InfluenceData_logId:7]
6506006,504,2:50:26,1,[InfluenceData_logId:5]
6506006,504,2:50:29,1,[InfluenceData_logId:4]
6506006,504,2:50:33,1,[InfluenceData_logId:3]
6506006,504,2:50:38,1,[InfluenceData_logId:0]
6506006,504,2:50:43,1,[InfluenceData_logId:1]
6506006,504,2:50:45,1,[InfluenceData_logId:0]
6506006,504,2:50:46,1,[InfluenceData_logId:5]
6506006,504,2:50:48,1,[InfluenceData_logId:8]
6506006,505,2:50:52,1,[InfluenceData_logId:0,true,InfluenceData_logId:5,true,InfluenceData_logId:8,true]
6506006,506,2:50:54,1,[]
6506006,507,2:51:22,1,[OpponentAttackData_logId:0,OpponentAttackTypeData_logId:4,false,30]
6506006,508,2:51:25,1,[]
6506006,509,2:51:31,1,[RefusalData_logId:0,0]
6506006,510,2:51:45,1,[AvailableRefusalData_logId:0,0A]
6506006,510,2:51:45,1,[AvailableRefusalData_logId:0,1A]
6506006,510,2:51:46,1,[AvailableRefusalData_logId:0,2A]
6506006,511,2:51:47,1,[AvailableRefusalData_logId:0,0A,1A,2A,true,20]
6506006,512,2:51:50,1,[]
6506006,513,2:51:50,1,[30]
6506006,514,2:51:55,1,[]
6506006,507,2:52:9,1,[OpponentAttackData_logId:1,OpponentAttackTypeData_logId:4,false,30]
6506006,508,2:52:11,1,[]
6506006,509,2:52:17,1,[RefusalData_logId:2,1]
6506006,510,2:52:43,1,[AvailableRefusalData_logId:2,0B]
6506006,510,2:52:43,1,[AvailableRefusalData_logId:2,1C]
6506006,510,2:52:44,1,[AvailableRefusalData_logId:2,2C]
6506006,511,2:52:44,1,[AvailableRefusalData_logId:2,0B,1C,2C,false,0]
6506006,512,2:52:46,1,[]
6506006,513,2:52:46,1,[30]
6506006,514,2:52:50,1,[]
6506006,507,2:53:7,1,[OpponentAttackData_logId:3,OpponentAttackTypeData_logId:2,false,30]
6506006,508,2:53:9,1,[]
6506006,515,2:53:9,1,[0,80]
6506006,516,2:53:10,1,[]
6506006,517,2:53:11,1,[]
6506006,1000,2:53:12,1,[]
6506006,500,2:53:13,1,[]
6506006,501,2:53:14,1,[]
6506006,502,2:53:17,1,[IntentionData_logId:3,true]
6506006,503,2:53:18,1,[]
6506006,504,2:53:20,1,[InfluenceData_logId:8]
6506006,504,2:53:21,1,[InfluenceData_logId:3]
6506006,504,2:53:23,1,[InfluenceData_logId:5]
6506006,504,2:53:25,1,[InfluenceData_logId:0]
6506006,505,2:53:27,1,[InfluenceData_logId:0,true,InfluenceData_logId:5,true,InfluenceData_logId:8,true]
6506006,506,2:53:28,1,[]
6506006,507,2:53:36,1,[OpponentAttackData_logId:1,OpponentAttackTypeData_logId:2,false,30]
6506006,508,2:53:38,1,[]
6506006,509,2:53:44,1,[RefusalData_logId:4,2]
6506006,510,2:54:2,1,[AvailableRefusalData_logId:4,0A]
6506006,510,2:54:2,1,[AvailableRefusalData_logId:4,2A]
6506006,510,2:54:13,1,[AvailableRefusalData_logId:4,1A]
6506006,511,2:54:14,1,[AvailableRefusalData_logId:4,0A,1A,2A,true,50]
6506006,512,2:54:17,1,[]
6506006,513,2:54:17,1,[0]
6506006,514,2:54:19,1,[]
6506006,507,2:54:25,1,[OpponentAttackData_logId:2,OpponentAttackTypeData_logId:1,false,30]
6506006,508,2:54:29,1,[]
6506006,509,2:54:40,1,[RefusalData_logId:2,1]
6506006,510,2:54:44,1,[AvailableRefusalData_logId:2,0A]
6506006,510,2:54:45,1,[AvailableRefusalData_logId:2,1A]
6506006,510,2:54:45,1,[AvailableRefusalData_logId:2,2A]
6506006,511,2:54:46,1,[AvailableRefusalData_logId:2,0A,1A,2A,true,30]
6506006,512,2:54:48,1,[]
6506006,513,2:54:48,1,[0]
6506006,514,2:54:50,1,[]
6506006,507,2:55:1,1,[OpponentAttackData_logId:0,OpponentAttackTypeData_logId:1,false,30]
6506006,508,2:55:4,1,[]
6506006,509,2:55:12,1,[RefusalData_logId:5,0]
6506006,510,2:55:22,1,[AvailableRefusalData_logId:5,0B]
6506006,510,2:55:22,1,[AvailableRefusalData_logId:5,1B]
6506006,510,2:55:23,1,[AvailableRefusalData_logId:5,2B]
6506006,511,2:55:23,1,[AvailableRefusalData_logId:5,0B,1B,2B,false,0]
6506006,512,2:55:25,1,[]
6506006,513,2:55:25,1,[30]
6506006,514,2:55:29,1,[]
6506006,507,2:55:37,1,[OpponentAttackData_logId:3,OpponentAttackTypeData_logId:4,true,0]
6506006,508,2:55:40,1,[]
6506006,509,2:55:46,1,[RefusalData_logId:0,0]
6506006,510,2:55:56,1,[AvailableRefusalData_logId:0,0A]
6506006,510,2:55:57,1,[AvailableRefusalData_logId:0,1A]
6506006,510,2:55:57,1,[AvailableRefusalData_logId:0,2A]
6506006,511,2:55:58,1,[AvailableRefusalData_logId:0,0A,1A,2A,true,20]
6506006,512,2:56:0,1,[]
6506006,515,2:56:0,1,[30,0]
6506006,516,2:56:4,1,[]
6506006,517,2:56:5,1,[]
6506006,1005,2:56:5,1,[3,0,1]
6506006,1001,2:56:6,1,[]
6506006,1003,2:56:7,3
6506006,221,2:56:11,4
6506006,220,2:56:14,4
6506006,1003,2:56:14,3
6506006,1004,2:56:16,4
6506006,500,2:56:18,4,[]
6506006,501,2:56:24,4,[]
6506006,502,2:56:35,4,[IntentionData_logId:1,true]
6506006,503,2:56:38,4,[]
6506006,504,2:56:41,4,[InfluenceData_logId:2]
6506006,504,2:56:44,4,[InfluenceData_logId:0]
6506006,504,2:56:47,4,[InfluenceData_logId:1]
6506006,504,2:56:50,4,[InfluenceData_logId:7]
6506006,504,2:56:53,4,[InfluenceData_logId:8]
6506006,504,2:56:59,4,[InfluenceData_logId:5]
6506006,504,2:57:2,4,[InfluenceData_logId:2]
6506006,504,2:57:4,4,[InfluenceData_logId:0]
6506006,504,2:57:6,4,[InfluenceData_logId:1]
6506006,504,2:57:9,4,[InfluenceData_logId:0]
6506006,505,2:57:9,4,[InfluenceData_logId:0,true,InfluenceData_logId:5,true,InfluenceData_logId:8,true]
6506006,506,2:57:11,4,[]
6506006,507,2:57:29,4,[OpponentAttackData_logId:2,OpponentAttackTypeData_logId:4,true,0]
6506006,508,2:57:31,4,[]
6506006,509,2:57:38,4,[RefusalData_logId:3,2]
6506006,510,2:58:32,4,[AvailableRefusalData_logId:3,0B]
6506006,510,2:58:32,4,[AvailableRefusalData_logId:3,2B]
6506006,510,2:58:33,4,[AvailableRefusalData_logId:3,1C]
6506006,511,2:58:34,4,[AvailableRefusalData_logId:3,0B,1C,2B,false,0]
6506006,512,2:58:36,4,[]
6506006,513,2:58:36,4,[30]
6506006,514,2:58:41,4,[]
6506006,507,2:58:56,4,[OpponentAttackData_logId:0,OpponentAttackTypeData_logId:2,false,30]
6506006,508,2:58:59,4,[]
6506006,509,2:59:17,4,[RefusalData_logId:6,2]
6506006,510,2:59:28,4,[AvailableRefusalData_logId:6,0A]
6506006,510,2:59:28,4,[AvailableRefusalData_logId:6,1A]
6506006,510,2:59:29,4,[AvailableRefusalData_logId:6,2C]
6506006,511,2:59:29,4,[AvailableRefusalData_logId:6,0A,1A,2C,false,0]
6506006,512,2:59:33,4,[]
6506006,513,2:59:33,4,[30]
6506006,514,2:59:38,4,[]
6506006,507,3:3:54,4,[OpponentAttackData_logId:3,OpponentAttackTypeData_logId:3,true,0]
6506006,508,3:3:56,4,[]
6506006,509,3:4:0,4,[RefusalData_logId:4,2]
6506006,510,3:4:12,4,[AvailableRefusalData_logId:4,0C]
6506006,510,3:4:13,4,[AvailableRefusalData_logId:4,1B]
6506006,510,3:4:18,4,[AvailableRefusalData_logId:4,2A]
6506006,511,3:4:19,4,[AvailableRefusalData_logId:4,0C,1B,2A,false,0]
6506006,512,3:4:21,4,[]
6506006,513,3:4:21,4,[30]
6506006,514,3:4:24,4,[]
6506006,507,3:4:30,4,[OpponentAttackData_logId:1,OpponentAttackTypeData_logId:4,false,30]
6506006,508,3:4:31,4,[]
6506006,515,3:4:31,4,[0,100]
6506006,516,3:4:31,4,[]
6506006,517,3:4:32,4,[]
6506006,1001,3:4:34,4,[]
6506006,1003,3:4:34,3
6506006,210,3:4:39,953,257
6506006,211,3:4:40,901,297
6506006,213,3:4:40,4,s_door_M_gen,true
6506006,205,3:4:40,4,s_door_M_gen,false,true
6506006,221,3:4:44,4
6506006,220,3:4:46,4
6506006,1003,3:4:46,3
6506006,1004,3:4:47,4
6506006,1002,3:4:50,4
6506006,1003,3:4:50,3
6506006,1004,3:4:51,1
6506006,500,3:4:53,1,[]
6506006,501,3:4:54,1,[]
6506006,502,3:4:59,1,[IntentionData_logId:3,true]
6506006,503,3:5:0,1,[]
6506006,504,3:5:4,1,[InfluenceData_logId:0]
6506006,504,3:5:6,1,[InfluenceData_logId:5]
6506006,504,3:5:8,1,[InfluenceData_logId:8]
6506006,504,3:5:11,1,[InfluenceData_logId:6]
6506006,504,3:5:12,1,[InfluenceData_logId:3]
6506006,504,3:5:13,1,[InfluenceData_logId:4]
6506006,504,3:5:15,1,[InfluenceData_logId:5]
6506006,504,3:5:16,1,[InfluenceData_logId:7]
6506006,505,3:5:17,1,[InfluenceData_logId:0,true,InfluenceData_logId:5,true,InfluenceData_logId:7,true]
6506006,506,3:5:18,1,[]
6506006,507,3:5:34,1,[OpponentAttackData_logId:1,OpponentAttackTypeData_logId:0,false,30]
6506006,508,3:5:36,1,[]
6506006,509,3:5:46,1,[RefusalData_logId:4,2]
6506006,510,3:8:16,1,[AvailableRefusalData_logId:4,0C]
6506006,510,3:8:16,1,[AvailableRefusalData_logId:4,1B]
6506006,510,3:8:16,1,[AvailableRefusalData_logId:4,2B]
6506006,511,3:8:17,1,[AvailableRefusalData_logId:4,0C,1B,2B,false,0]
6506006,512,3:8:19,1,[]
6506006,513,3:8:19,1,[30]
6506006,514,3:8:22,1,[]
6506006,507,3:8:28,1,[OpponentAttackData_logId:2,OpponentAttackTypeData_logId:3,true,0]
6506006,508,3:8:30,1,[]
6506006,509,3:8:39,1,[RefusalData_logId:0,0]
6506006,510,3:8:44,1,[AvailableRefusalData_logId:0,0A]
6506006,510,3:8:44,1,[AvailableRefusalData_logId:0,1A]
6506006,510,3:8:45,1,[AvailableRefusalData_logId:0,2A]
6506006,511,3:8:45,1,[AvailableRefusalData_logId:0,0A,1A,2A,true,20]
6506006,512,3:8:48,1,[]
6506006,513,3:8:48,1,[30]
6506006,514,3:8:51,1,[]
6506006,507,3:9:5,1,[OpponentAttackData_logId:0,OpponentAttackTypeData_logId:2,true,0]
6506006,508,3:9:9,1,[]
6506006,509,3:9:42,1,[RefusalData_logId:7,2]
6506006,510,3:9:55,1,[AvailableRefusalData_logId:7,0A]
6506006,510,3:9:55,1,[AvailableRefusalData_logId:7,1A]
6506006,510,3:9:56,1,[AvailableRefusalData_logId:7,2A]
6506006,511,3:9:56,1,[AvailableRefusalData_logId:7,0A,1A,2A,true,50]
6506006,512,3:9:59,1,[]
6506006,513,3:9:59,1,[0]
6506006,514,3:10:2,1,[]
6506006,507,3:10:13,1,[OpponentAttackData_logId:3,OpponentAttackTypeData_logId:4,true,0]
6506006,508,3:10:16,1,[]
6506006,509,3:10:44,1,[RefusalData_logId:2,1]
6506006,510,3:10:51,1,[AvailableRefusalData_logId:2,0A]
6506006,510,3:10:52,1,[AvailableRefusalData_logId:2,1A]
6506006,510,3:10:53,1,[AvailableRefusalData_logId:2,2A]
6506006,511,3:10:53,1,[AvailableRefusalData_logId:2,0A,1A,2A,true,30]
6506006,512,3:11:4,1,[]
6506006,515,3:11:4,1,[60,0]
6506006,516,3:11:5,1,[]
6506006,517,3:11:6,1,[]
6506006,1005,3:11:6,1,[3,1,2]
6506006,1001,3:11:8,1,[]
6506006,1003,3:11:8,3
6506006,221,3:11:21,4
6506006,220,3:11:22,4
6506006,1003,3:11:22,3
6506006,1004,3:11:23,4
6506006,500,3:11:25,4,[]
6506006,501,3:11:28,4,[]
6506006,502,3:11:31,4,[IntentionData_logId:1,true]
6506006,503,3:11:32,4,[]
6506006,504,3:11:43,4,[InfluenceData_logId:0]
6506006,504,3:11:45,4,[InfluenceData_logId:4]
6506006,504,3:11:51,4,[InfluenceData_logId:5]
6506006,504,3:11:52,4,[InfluenceData_logId:8]
6506006,504,3:11:56,4,[InfluenceData_logId:3]
6506006,504,3:11:58,4,[InfluenceData_logId:5]
6506006,504,3:12:0,4,[InfluenceData_logId:4]
6506006,505,3:12:2,4,[InfluenceData_logId:0,true,InfluenceData_logId:4,true,InfluenceData_logId:8,true]
6506006,506,3:12:3,4,[]
6506006,507,3:12:12,4,[OpponentAttackData_logId:2,OpponentAttackTypeData_logId:4,true,0]
6506006,508,3:12:14,4,[]
6506006,509,3:12:22,4,[RefusalData_logId:7,0]
6506006,510,3:12:44,4,[AvailableRefusalData_logId:7,0A]
6506006,510,3:12:44,4,[AvailableRefusalData_logId:7,1A]
6506006,510,3:12:45,4,[AvailableRefusalData_logId:7,2A]
6506006,511,3:12:45,4,[AvailableRefusalData_logId:7,0A,1A,2A,true,20]
6506006,512,3:12:48,4,[]
6506006,513,3:12:48,4,[30]
6506006,514,3:12:53,4,[]
6506006,507,3:13:2,4,[OpponentAttackData_logId:0,OpponentAttackTypeData_logId:1,true,0]
6506006,508,3:13:4,4,[]
6506006,509,3:13:12,4,[RefusalData_logId:3,2]
6506006,510,3:13:35,4,[AvailableRefusalData_logId:3,0A]
6506006,510,3:13:36,4,[AvailableRefusalData_logId:3,1A]
6506006,510,3:13:36,4,[AvailableRefusalData_logId:3,2A]
6506006,511,3:13:37,4,[AvailableRefusalData_logId:3,0A,1A,2A,true,50]
6506006,512,3:13:40,4,[]
6506006,513,3:13:40,4,[0]
6506006,514,3:13:42,4,[]
6506006,507,3:13:57,4,[OpponentAttackData_logId:1,OpponentAttackTypeData_logId:0,false,30]
6506006,508,3:14:0,4,[]
6506006,509,3:14:9,4,[RefusalData_logId:2,1]
6506006,510,3:14:59,4,[AvailableRefusalData_logId:2,0C]
6506006,510,3:15:1,4,[AvailableRefusalData_logId:2,1C]
6506006,510,3:15:1,4,[AvailableRefusalData_logId:2,2B]
6506006,511,3:15:2,4,[AvailableRefusalData_logId:2,0C,1C,2B,false,0]
6506006,512,3:15:6,4,[]
6506006,513,3:15:6,4,[30]
6506006,514,3:15:9,4,[]
6506006,507,3:15:18,4,[OpponentAttackData_logId:3,OpponentAttackTypeData_logId:3,true,0]
6506006,508,3:15:21,4,[]
6506006,509,3:15:26,4,[RefusalData_logId:6,2]
6506006,510,3:15:55,4,[AvailableRefusalData_logId:6,1B]
6506006,510,3:15:56,4,[AvailableRefusalData_logId:6,0A]
6506006,510,3:15:57,4,[AvailableRefusalData_logId:6,2A]
6506006,511,3:15:58,4,[AvailableRefusalData_logId:6,0A,1B,2A,false,0]
6506006,512,3:16:0,4,[]
6506006,513,3:16:0,4,[30]
6506006,514,3:16:3,4,[]
6506006,515,3:16:3,4,[30,30]
6506006,516,3:16:5,4,[]
6506006,517,3:16:6,4,[]
6506006,1000,3:16:7,4,[]
6506006,500,3:16:8,4,[]
6506006,501,3:16:9,4,[]
6506006,502,3:16:14,4,[IntentionData_logId:1,true]
6506006,503,3:16:15,4,[]
6506006,504,3:16:24,4,[InfluenceData_logId:0]
6506006,504,3:16:27,4,[InfluenceData_logId:4]
6506006,504,3:16:30,4,[InfluenceData_logId:7]
6506006,504,3:16:31,4,[InfluenceData_logId:8]
6506006,505,3:16:32,4,[InfluenceData_logId:0,true,InfluenceData_logId:4,true,InfluenceData_logId:8,true]
6506006,506,3:16:33,4,[]
6506006,507,3:16:45,4,[OpponentAttackData_logId:3,OpponentAttackTypeData_logId:3,true,0]
6506006,508,3:16:48,4,[]
6506006,509,3:16:53,4,[RefusalData_logId:2,1]
6506006,510,3:17:18,4,[AvailableRefusalData_logId:2,0B]
6506006,510,3:17:18,4,[AvailableRefusalData_logId:2,1B]
6506006,510,3:17:19,4,[AvailableRefusalData_logId:2,2B]
6506006,511,3:17:19,4,[AvailableRefusalData_logId:2,0B,1B,2B,false,0]
6506006,512,3:17:23,4,[]
6506006,513,3:17:23,4,[30]
6506006,514,3:17:26,4,[]
6506006,507,3:17:38,4,[OpponentAttackData_logId:1,OpponentAttackTypeData_logId:2,true,0]
6506006,508,3:17:40,4,[]
6506006,509,3:17:44,4,[RefusalData_logId:3,2]
6506006,510,3:17:47,4,[AvailableRefusalData_logId:3,0A]
6506006,510,3:17:48,4,[AvailableRefusalData_logId:3,1A]
6506006,510,3:17:48,4,[AvailableRefusalData_logId:3,2A]
6506006,511,3:17:49,4,[AvailableRefusalData_logId:3,0A,1A,2A,true,50]
6506006,512,3:17:52,4,[]
6506006,513,3:17:52,4,[0]
6506006,514,3:17:54,4,[]
6506006,507,3:18:4,4,[OpponentAttackData_logId:0,OpponentAttackTypeData_logId:1,true,0]
6506006,508,3:18:6,4,[]
6506006,509,3:18:13,4,[RefusalData_logId:7,0]
6506006,510,3:18:27,4,[AvailableRefusalData_logId:7,1C]
6506006,510,3:18:40,4,[AvailableRefusalData_logId:7,0A]
6506006,510,3:18:42,4,[AvailableRefusalData_logId:7,2A]
6506006,510,3:18:47,4,[AvailableRefusalData_logId:7,1B]
6506006,510,3:18:47,4,[AvailableRefusalData_logId:7,1A]
6506006,511,3:18:53,4,[AvailableRefusalData_logId:7,0A,1A,2A,true,20]
6506006,512,3:18:56,4,[]
6506006,513,3:18:56,4,[30]
6506006,514,3:18:59,4,[]
6506006,507,3:19:3,4,[OpponentAttackData_logId:2,OpponentAttackTypeData_logId:4,true,0]
6506006,508,3:19:5,4,[]
6506006,509,3:19:14,4,[RefusalData_logId:6,2]
6506006,510,3:19:20,4,[AvailableRefusalData_logId:6,0B]
6506006,510,3:19:21,4,[AvailableRefusalData_logId:6,1B]
6506006,510,3:19:22,4,[AvailableRefusalData_logId:6,2B]
6506006,511,3:19:22,4,[AvailableRefusalData_logId:6,0B,1B,2B,false,0]
6506006,512,3:20:5,4,[]
6506006,513,3:20:5,4,[30]
6506006,514,3:20:10,4,[]
6506006,515,3:20:10,4,[60,30]
6506006,516,3:20:12,4,[]
6506006,517,3:20:15,4,[]
6506006,1005,3:20:15,4,[3,0,1]
6506006,1001,3:20:17,4,[]
6506006,1003,3:20:17,3
6506006,221,3:20:22,4
6506006,220,3:20:30,4
6506006,204,3:20:30,4
6506006,100,3:20:32,2
6506006,102,3:20:34,2
6506006,200,3:20:34,2,7,6,9,6,12
6506006,210,3:20:37,964,417
6506006,211,3:20:38,550,389
6506006,221,3:20:40,2
6506006,220,3:20:42,2
6506006,212,3:20:42,2
6506006,207,3:20:43,2,-200,-245
6506006,210,3:20:43,1142,433
6506006,211,3:20:44,1086,327
6506006,213,3:20:44,2,c_crewKid1_M_a_G8a0,true
6506006,207,3:20:49,2,-245,-290
6506006,210,3:20:49,1119,280
6506006,207,3:20:53,2,-290,-492
6506006,211,3:20:54,1501,423
6506006,212,3:20:54,1
6506006,210,3:20:55,1394,402
6506006,211,3:20:57,805,486
6506006,213,3:20:57,2,s_bottleTable_G8a0,true
6506006,210,3:21:0,1077,453
6506006,207,3:21:1,2,-492,-297
6506006,207,3:21:3,2,-297,-117
6506006,211,3:21:4,540,559
6506006,212,3:21:4,2
6506006,210,3:21:5,819,494
6506006,211,3:21:6,501,430
6506006,213,3:21:6,2,c_friend1_M_G8a0,true
6506006,212,3:21:8,1
6506006,210,3:21:9,553,468
6506006,211,3:21:10,509,540
6506006,212,3:21:10,0
6506006,210,3:21:11,674,502
6506006,211,3:21:12,507,564
6506006,213,3:21:12,2,c_crush2_M_a_G8a0,true
6506006,205,3:21:13,2,c_crush2_M_a_G8a0,false,true
6506006,210,3:21:16,470,573
6506006,211,3:21:16,290,627
6506006,213,3:21:16,2,s_beerCooler_G8a0,true
6506006,219,3:21:20,2
6506006,216,3:21:21,Stack_G8a1N
6506006,217,3:21:28,Stack_G8a1N,4.7,0.00
6506006,218,3:21:30,2
6506006,221,3:21:34,2
6506006,220,3:21:35,2
6506006,210,3:21:36,1232,505
6506006,207,3:21:36,2,-200,-290
6506006,207,3:21:37,2,-290,-492
6506006,211,3:21:42,738,546
6506006,213,3:21:42,2,s_crush2Lips_M_G8a1N,true
6506006,205,3:21:42,2,s_crush2Lips_M_G8a1N,false,false
6506006,212,3:21:47,2
6506006,210,3:21:47,1267,413
6506006,211,3:21:49,750,398
6506006,213,3:21:49,2,c_crush2_M_a_G8a1N,true
6506006,210,3:21:50,890,319
6506006,207,3:21:52,2,-492,0
6506006,211,3:21:54,245,514
6506006,213,3:21:54,2,s_waterHeater_gen,true
6506006,210,3:21:56,527,498
6506006,211,3:21:58,446,576
6506006,213,3:21:58,2,s_dryer_G8a1N,true
6506006,210,3:21:59,509,441
6506006,207,3:22:2,2,0,-492
6506006,211,3:22:5,1370,502
6506006,210,3:22:6,1399,478
6506006,211,3:22:7,1365,500
6506006,213,3:22:7,2,s_inhalantsShelf_gen,true
6506006,212,3:22:9,1
6506006,210,3:22:9,1484,568
6506006,211,3:22:12,979,557
6506006,213,3:22:12,2,s_stairs_G8a1N,true
6506006,210,3:22:14,1280,145
6506006,207,3:22:17,2,-492,0
6506006,211,3:22:18,438,598
6506006,213,3:22:18,2,s_dryer_G8a1N,true
6506006,212,3:22:19,0
6506006,207,3:22:19,2,0,-45
6506006,210,3:22:19,965,537
6506006,207,3:22:22,2,-45,0
6506006,211,3:22:25,1142,188
6506006,207,3:22:25,2,0,-135
6506006,210,3:22:25,1232,255
6506006,207,3:22:25,2,-135,-405
6506006,207,3:22:26,2,-405,-492
6506006,211,3:22:27,1467,544
6506006,221,3:22:28,2
6506006,220,3:22:30,2
6506006,210,3:22:31,1442,515
6506006,211,3:22:31,1177,562
6506006,219,3:22:32,2
6506006,216,3:22:32,Stack_G8a3N
6506006,217,3:22:40,Stack_G8a3N,5.0,0.83
6506006,218,3:22:41,2
6506006,210,3:22:42,694,460
6506006,211,3:22:44,655,606
6506006,213,3:22:44,2,c_nurse_a_G8a3N,true
6506006,205,3:22:44,2,c_nurse_a_G8a3N,false,false
6506006,210,3:22:50,868,279
6506006,211,3:22:52,1153,500
6506006,213,3:22:52,2,s_phone_G8a3N,true
6506006,210,3:22:57,683,437
6506006,211,3:22:58,127,639
6506006,207,3:22:58,2,-200,-110
6506006,210,3:23:0,245,545
6506006,211,3:23:1,224,200
6506006,213,3:23:1,2,s_door_G8a3N,true
6506006,210,3:23:2,625,339
6506006,211,3:23:5,517,197
6506006,213,3:23:5,2,s_pamphlet3_G8a3N,true
6506006,205,3:23:5,2,s_pamphlet3_G8a3N,false,false
6506006,210,3:23:9,653,438
6506006,207,3:23:13,2,-110,-275
6506006,207,3:23:15,2,-275,-492
6506006,211,3:23:16,1139,477
6506006,213,3:23:16,2,s_phone_G8a3N,true
6506006,212,3:23:19,1
6506006,210,3:23:19,1481,564
6506006,207,3:23:23,2,-492,-312
6506006,211,3:23:24,470,476
6506006,213,3:23:24,2,s_mirror_cauc_M_a_G8a3N,true
6506006,205,3:23:24,2,s_mirror_cauc_M_a_G8a3N,false,false
6506006,210,3:23:30,897,391
6506006,211,3:23:34,1391,324
6506006,207,3:23:34,2,-312,-387
6506006,210,3:23:35,1459,504
6506006,211,3:23:35,1459,504
6506006,207,3:23:35,2,-387,-462
6506006,210,3:23:35,1287,485
6506006,207,3:23:36,2,-462,-492
6506006,211,3:23:39,389,498
6506006,207,3:23:39,2,-492,-372
6506006,210,3:23:40,618,499
6506006,207,3:23:41,2,-372,0
6506006,211,3:23:44,104,514
6506006,212,3:23:45,2
6506006,210,3:23:45,1035,507
6506006,207,3:23:45,2,0,-75
6506006,207,3:23:47,2,-75,-180
6506006,211,3:23:48,1013,306
6506006,210,3:23:48,887,181
6506006,211,3:23:48,920,107
6506006,213,3:23:48,2,s_poster_G8a3N,true
6506006,210,3:23:53,766,501
6506006,207,3:23:54,2,-180,-492
6506006,207,3:23:56,2,-492,-357
6506006,211,3:23:58,315,294
6506006,207,3:23:58,2,-357,-297
6506006,210,3:23:58,252,606
6506006,207,3:23:58,2,-297,-162
6506006,207,3:23:59,2,-162,0
6506006,211,3:23:59,2,570
6506006,210,3:24:0,207,351
6506006,211,3:24:0,446,254
6506006,221,3:24:4,2
6506006,220,3:24:6,2
6506006,212,3:24:7,0
6506006,207,3:24:12,2,-200,-230
6506006,210,3:24:12,1117,384
6506006,211,3:24:14,929,369
6506006,213,3:24:14,2,c_cousin_M_a_G8a0,true
6506006,205,3:24:14,2,c_cousin_M_a_G8a0,false,true
6506006,210,3:24:18,935,409
6506006,211,3:24:20,514,563
6506006,213,3:24:20,2,c_crush2_M_a_G8a0,true
6506006,205,3:24:20,2,c_crush2_M_a_G8a0,false,true
6506006,210,3:24:23,748,338
6506006,211,3:24:24,383,141
6506006,212,3:24:24,1
6506006,210,3:24:25,843,354
6506006,211,3:24:25,374,125
6506006,213,3:24:25,2,s_clock_G8a0,true
6506006,205,3:24:25,2,s_clock_G8a0,false,false
6506006,210,3:24:29,830,364
6506006,207,3:24:29,2,-230,-65
6506006,207,3:24:31,2,-65,0
6506006,211,3:24:31,128,358
6506006,213,3:24:31,2,s_stairs_G8a0,true
6506006,210,3:24:34,637,443
6506006,207,3:24:37,2,0,-492
6506006,211,3:24:39,1408,230
6506006,212,3:24:39,0
6506006,210,3:24:40,1462,385
6506006,211,3:24:40,1403,202
6506006,212,3:24:41,2
6506006,210,3:24:41,1481,442
6506006,211,3:24:46,1093,360
6506006,213,3:24:46,2,c_crewKid1_M_a_G8a0,true
6506006,212,3:24:52,1
6506006,210,3:24:52,1430,493
6506006,211,3:24:53,879,646
6506006,221,3:24:54,2
6506006,220,3:24:58,2
6506006,212,3:24:59,2
6506006,210,3:24:59,1448,423
6506006,211,3:25:1,1091,332
6506006,213,3:25:1,2,c_crewKid1_M_a_G8a0,true
6506006,210,3:25:4,1089,442
6506006,211,3:25:7,908,399
6506006,212,3:25:8,1
6506006,212,3:25:9,0
6506006,210,3:25:9,1228,379
6506006,211,3:25:10,875,500
6506006,212,3:25:11,2
6506006,210,3:25:11,1351,531
6506006,211,3:25:12,872,491
6506006,212,3:25:13,1
6506006,210,3:25:13,1295,528
6506006,211,3:25:14,874,492
6506006,213,3:25:14,2,s_cellphone_G8a0,true
6506006,205,3:25:14,2,s_cellphone_G8a0,false,false
6506006,210,3:25:18,1097,409
6506006,207,3:25:21,2,-492,0
6506006,211,3:25:24,374,161
6506006,213,3:25:24,2,s_clock_G8a0,true
6506006,205,3:25:24,2,s_clock_G8a0,false,true
6506006,210,3:25:27,664,364
6506006,211,3:25:29,292,316
6506006,212,3:25:29,2
6506006,210,3:25:30,732,503
6506006,211,3:25:30,298,290
6506006,212,3:25:31,0
6506006,210,3:25:32,710,400
6506006,211,3:25:32,308,287
6506006,210,3:25:52,617,314
6506006,211,3:25:54,527,382
6506006,213,3:25:54,2,c_friend1_M_G8a0,true
6506006,210,3:25:56,544,478
6506006,207,3:25:58,2,0,-492
6506006,211,3:26:1,1373,431
6506006,213,3:26:1,2,s_cigaretteKid1_G8a0,true
6506006,210,3:26:6,1367,301
6506006,211,3:26:7,1325,146
6506006,212,3:26:7,1
6506006,210,3:26:8,1442,406
6506006,211,3:26:9,1389,216
6506006,221,3:26:10,2
6506006,220,3:26:17,2
6506006,210,3:26:17,1353,446
6506006,207,3:26:24,2,-492,-222
6506006,211,3:26:27,701,529
6506006,212,3:26:27,2
6506006,210,3:26:28,974,524
6506006,211,3:26:29,705,544
6506006,212,3:26:29,0
6506006,210,3:26:30,1280,515
6506006,207,3:26:30,2,-222,-312
6506006,211,3:26:32,708,537
6506006,212,3:26:32,1
6506006,210,3:26:33,1058,523
6506006,211,3:26:34,791,492
6506006,213,3:26:34,2,s_bottleTable_G8a0,true
6506006,210,3:26:38,790,362
6506006,211,3:26:38,560,406
6506006,210,3:26:39,659,361
6506006,211,3:26:39,529,359
6506006,213,3:26:39,2,c_friend1_M_G8a0,true
6506006,210,3:26:41,967,278
6506006,207,3:26:42,2,-312,-207
6506006,207,3:26:43,2,-207,0
6506006,211,3:26:47,334,605
6506006,207,3:26:48,2,0,-45
6506006,210,3:26:48,930,467
6506006,211,3:26:49,349,300
6506006,210,3:26:50,581,538
6506006,211,3:26:51,523,582
6506006,210,3:26:55,691,466
6506006,211,3:26:58,1330,370
6506006,207,3:26:58,2,-45,-360
6506006,210,3:27:1,1209,456
6506006,211,3:27:1,1194,297
6506006,212,3:27:2,2
6506006,210,3:27:2,1271,475
6506006,211,3:27:3,1214,291
6506006,212,3:27:3,0
6506006,210,3:27:5,1206,325
6506006,207,3:27:8,2,-360,-315
6506006,207,3:27:9,2,-315,-285
6506006,211,3:27:12,1211,262
6506006,207,3:27:12,2,-285,-285
6506006,207,3:27:13,2,-285,-330
6506006,210,3:27:13,1225,0
6506006,211,3:27:16,460,-20
6506006,204,3:27:16,2
6506006,103,3:27:18
6506006,105,3:27:20
6506006,703,3:27:22,[|| EpilogueItem ID: 0 unlocked: true ||,|| EpilogueItem ID: 1 unlocked: true ||,|| EpilogueItem ID: 2 unlocked: false ||,|| EpilogueItem ID: 3 unlocked: false ||,|| EpilogueItem ID: 4 unlocked: false ||,|| EpilogueItem ID: 5 unlocked: false ||,|| EpilogueItem ID: 6 unlocked: false ||,|| EpilogueItem ID: 7 unlocked: false ||,|| EpilogueItem ID: 8 unlocked: false ||,|| EpilogueItem ID: 9 unlocked: false ||,|| EpilogueItem ID: 10 unlocked: false ||,|| EpilogueItem ID: 11 unlocked: false ||,|| EpilogueItem ID: 12 unlocked: false ||,|| EpilogueItem ID: 13 unlocked: false ||,|| EpilogueItem ID: 14 unlocked: false ||,|| EpilogueItem ID: 15 unlocked: false ||,|| EpilogueItem ID: 16 unlocked: false ||,|| EpilogueItem ID: 17 unlocked: false ||,|| EpilogueItem ID: 18 unlocked: false ||,|| EpilogueItem ID: 19 unlocked: false ||,|| EpilogueItem ID: 20 unlocked: false ||,|| EpilogueItem ID: 21 unlocked: false ||,|| EpilogueItem ID: 22 unlocked: false ||,|| EpilogueItem ID: 23 unlocked: false ||,|| EpilogueItem ID: 24 unlocked: false ||],0.08
6506006,706,3:27:27,(x=2531, y=-100, w=1024, h=768),(x=2531, y=-100, w=1024, h=768)
6506006,708,3:27:27
6506006,1,3:27:27,11/26/2013 4:28:16pm,{"gameTime":12447755,"challengeStacks":[{"challengeScenes":[{"miniGameCards":[],"viewedAnimatic":true,"keyPoints":["c_teacherEng_G7a0","c_bestFriend_M_a_G7a0","s_flag_gen"],"unlocked":true,"touchableObjects":["c_teacherEng_G7a0","s_otherStudent1_G7a0","c_bestFriend_M_a_G7a0","c_friend1_M_a_G7a0","s_doorClassroom_G7a0","s_vocabAssignment_G7a0","c_crewKid1_M_G7a0","s_atwoodPoster_gen","s_flag_gen"]},{"miniGameCards":[],"viewedAnimatic":true,"keyPoints":["c_teacherEng_G7a1N","c_bestFriend_M_a_G7a1N","s_paperPlayers_G7a1N"],"unlocked":true,"touchableObjects":["c_teacherEng_G7a1N","c_bestFriend_M_a_G7a1N","s_otherStudent2_G7a1N","s_otherStudent1_G7a1N","s_flag_gen","s_posterPlagiarism_gen","c_crewKid1_M_G7a1N","s_atwoodPoster_gen","s_angelouPoster_gen","s_shakespearePoster_gen","s_poePoster_gen","s_paperPlayers_G7a1N"]},{"miniGameCards":[],"viewedAnimatic":true,"keyPoints":["c_teacherEng_G7a1P","c_bestFriend_M_a_G7a1P","s_flag_gen","s_paperEnglish_gen"],"unlocked":true,"touchableObjects":["c_teacherEng_G7a1P","s_paperPlayers_G7a1P","s_clock_G7a1P","c_bestFriend_M_a_G7a1P","s_flag_gen","s_poePoster_gen","s_shakespearePoster_gen","s_paperEnglish_gen"]}],"stackSize":3,"resolved":true},{"challengeScenes":[{"miniGameCards":[],"viewedAnimatic":true,"keyPoints":["c_crewKid1_M_G7b0","c_kidSister_cauc_a_G7b0","s_backpack_M_G7b0"],"unlocked":true,"touchableObjects":["c_crewKid2_M_G7b0","c_crewKid1_M_G7b0","c_cousin_M_a_G7b0","c_cousinsBrother_a_G7b0","c_kidSister_cauc_a_G7b0","c_cousinsBrothersFriendsGF_G7b0","c_cousinsBrothersFriend_a_G7b0","s_lifeguard_G7b0","s_backpack_M_G7b0"]},{"miniGameCards":[],"viewedAnimatic":true,"keyPoints":["c_kidSister_cauc_a_G7b1N","s_sprayPaintCan_G7b1N","c_crewKid1_M_G7b1N","s_brokenCarWindow_G7b1N","s_graffiti_G7b1N"],"unlocked":true,"touchableObjects":["c_cousin_M_a_G7b1N","c_kidSister_cauc_a_G7b1N","s_wreckedPlants_G7b1N","c_teacherEng_G7b1N","c_policeOfficer_G7b1N","s_sprayPaintCan_G7b1N","s_cat_G7b1N","c_crewKid2_M_a_G7b1N","s_flag_G7b1N","c_crewKid1_M_G7b1N","s_brokenCarWindow_G7b1N","s_graffiti_G7b1N"]},{"miniGameCards":[],"viewedAnimatic":true,"keyPoints":["c_cousinsBrother_a_G7b1P","c_cousin_M_a_G7b1P","c_cousinsBrothersFriend_a_G7b1P","s_poolDay_ruleSign_G7b1P"],"unlocked":true,"touchableObjects":["c_cousinsBrother_a_G7b1P","c_cousin_M_a_G7b1P","c_cousinsBrothersFriend_a_G7b1P","c_kidSister_cauc_a_G7b1P","s_poolDay_ruleSign_G7b1P"]},{"miniGameCards":[],"viewedAnimatic":true,"keyPoints":["c_crush1_M_a_G7b2N","c_kidSister_cauc_a_G7b2N","c_cousin_M_a_G7b2N","s_kid1_G7b2N"],"unlocked":true,"touchableObjects":["c_crush1_M_a_G7b2N","c_cousinsBrother_a_G7b2N","s_cousinsBFgirlfriend_G7b2N","c_kidSister_cauc_a_G7b2N","s_lifeguard_G7b2N","c_cousin_M_a_G7b2N","s_kid1_G7b2N"]},{"miniGameCards":[],"viewedAnimatic":true,"keyPoints":["c_kidSister_cauc_a_G7b2P","c_cousin_M_a_G7b2P","s_computer_M_G7b2P"],"unlocked":true,"touchableObjects":["s_closet_M_G7b2P","c_grandma_cauc_a_G7b2P","c_kidSister_cauc_a_G7b2P","c_cousin_M_a_G7b2P","s_computer_M_G7b2P"]}],"stackSize":5,"resolved":true},{"challengeScenes":[{"miniGameCards":[],"viewedAnimatic":true,"keyPoints":["c_cousin_M_a_G8a0","c_crush2_M_a_G8a0","s_clock_G8a0","s_cellphone_G8a0"],"unlocked":true,"touchableObjects":["c_cousin_M_a_G8a0","c_crush2_M_a_G8a0","s_beerCooler_G8a0","s_cigaretteKid1_G8a0","c_crewKid1_M_a_G8a0","s_bottleTable_G8a0","c_friend1_M_G8a0","s_clock_G8a0","s_stairs_G8a0","s_cellphone_G8a0"]},{"miniGameCards":[],"viewedAnimatic":true,"keyPoints":["s_crush2Lips_M_G8a1N"],"unlocked":true,"touchableObjects":["s_crush2Lips_M_G8a1N","c_crush2_M_a_G8a1N","s_waterHeater_gen","s_dryer_G8a1N","s_inhalantsShelf_gen","s_stairs_G8a1N"]},{"miniGameCards":[],"viewedAnimatic":false,"keyPoints":[],"unlocked":false,"touchableObjects":[]},{"miniGameCards":[],"viewedAnimatic":false,"keyPoints":[],"unlocked":false,"touchableObjects":[]},{"miniGameCards":[],"viewedAnimatic":false,"keyPoints":[],"unlocked":false,"touchableObjects":[]},{"miniGameCards":[],"viewedAnimatic":true,"keyPoints":["c_nurse_a_G8a3N","s_pamphlet3_G8a3N","s_mirror_cauc_M_a_G8a3N"],"unlocked":true,"touchableObjects":["c_nurse_a_G8a3N","s_phone_G8a3N","s_door_G8a3N","s_pamphlet3_G8a3N","s_mirror_cauc_M_a_G8a3N","s_poster_G8a3N"]},{"miniGameCards":[],"viewedAnimatic":false,"keyPoints":[],"unlocked":false,"touchableObjects":[]}],"stackSize":7,"resolved":false},{"challengeScenes":[{"miniGameCards":[],"viewedAnimatic":false,"keyPoints":[],"unlocked":false,"touchableObjects":[]},{"miniGameCards":[],"viewedAnimatic":false,"keyPoints":[],"unlocked":false,"touchableObjects":[]},{"miniGameCards":[],"viewedAnimatic":false,"keyPoints":[],"unlocked":false,"touchableObjects":[]},{"miniGameCards":[],"viewedAnimatic":false,"keyPoints":[],"unlocked":false,"touchableObjects":[]},{"miniGameCards":[],"viewedAnimatic":false,"keyPoints":[],"unlocked":false,"touchableObjects":[]}],"stackSize":5,"resolved":false},{"challengeScenes":[{"miniGameCards":[],"viewedAnimatic":true,"keyPoints":["s_door_M_gen","s_bathingSuit_M_G9a0","s_clock_M_G9a0","s_cellPhone_M_G9a0"],"unlocked":true,"touchableObjects":["s_door_M_gen","s_bathingSuit_M_G9a0","s_calendar_M_gen","s_window_M_G9a0","s_clock_M_G9a0","s_cellPhone_M_G9a0"]},{"miniGameCards":[],"viewedAnimatic":true,"keyPoints":["s_fence_G9a1N","s_kid3_G9a1N","c_cousin_M_a_G9a1N","c_policeOfficer_G9a1N"],"unlocked":true,"touchableObjects":["c_cousinsBrothersFriend_a_G9a1N","s_fence_G9a1N","s_bathingSuits_G9a1N","s_kid3_G9a1N","s_kid4_G9a1N","s_poolNight_ruleSign_G9a1N","s_potSmokeCloud_G9a1N","s_policeCar_G9a1N","c_cousin_M_a_G9a1N","c_policeOfficer_G9a1N"]},{"miniGameCards":[],"viewedAnimatic":false,"keyPoints":[],"unlocked":false,"touchableObjects":[]},{"miniGameCards":[],"viewedAnimatic":false,"keyPoints":[],"unlocked":false,"touchableObjects":[]},{"miniGameCards":[],"viewedAnimatic":false,"keyPoints":[],"unlocked":false,"touchableObjects":[]}],"stackSize":5,"resolved":false},{"challengeScenes":[{"miniGameCards":[],"viewedAnimatic":false,"keyPoints":[],"unlocked":false,"touchableObjects":[]},{"miniGameCards":[],"viewedAnimatic":false,"keyPoints":[],"unlocked":false,"touchableObjects":[]},{"miniGameCards":[],"viewedAnimatic":false,"keyPoints":[],"unlocked":false,"touchableObjects":[]},{"miniGameCards":[],"viewedAnimatic":false,"keyPoints":[],"unlocked":false,"touchableObjects":[]},{"miniGameCards":[],"viewedAnimatic":false,"keyPoints":[],"unlocked":false,"touchableObjects":[]}],"stackSize":5,"resolved":false},{"challengeScenes":[{"miniGameCards":[],"viewedAnimatic":false,"keyPoints":[],"unlocked":false,"touchableObjects":[]},{"miniGameCards":[],"viewedAnimatic":false,"keyPoints":[],"unlocked":false,"touchableObjects":[]},{"miniGameCards":[],"viewedAnimatic":false,"keyPoints":[],"unlocked":false,"touchableObjects":[]},{"miniGameCards":[],"viewedAnimatic":false,"keyPoints":[],"unlocked":false,"touchableObjects":[]},{"miniGameCards":[],"viewedAnimatic":false,"keyPoints":[],"unlocked":false,"touchableObjects":[]}],"stackSize":5,"resolved":false},{"challengeScenes":[{"miniGameCards":[],"viewedAnimatic":false,"keyPoints":[],"unlocked":false,"touchableObjects":[]},{"miniGameCards":[],"viewedAnimatic":false,"keyPoints":[],"unlocked":false,"touchableObjects":[]},{"miniGameCards":[],"viewedAnimatic":false,"keyPoints":[],"unlocked":false,"touchableObjects":[]},{"miniGameCards":[],"viewedAnimatic":false,"keyPoints":[],"unlocked":false,"touchableObjects":[]},{"miniGameCards":[],"viewedAnimatic":false,"keyPoints":[],"unlocked":false,"touchableObjects":[]}],"stackSize":5,"resolved":false},{"challengeScenes":[{"miniGameCards":[],"viewedAnimatic":false,"keyPoints":[],"unlocked":false,"touchableObjects":[]},{"miniGameCards":[],"viewedAnimatic":false,"keyPoints":[],"unlocked":false,"touchableObjects":[]},{"miniGameCards":[],"viewedAnimatic":false,"keyPoints":[],"unlocked":false,"touchableObjects":[]},{"miniGameCards":[],"viewedAnimatic":false,"keyPoints":[],"unlocked":false,"touchableObjects":[]},{"miniGameCards":[],"viewedAnimatic":false,"keyPoints":[],"unlocked":false,"touchableObjects":[]}],"stackSize":5,"resolved":false},{"challengeScenes":[{"miniGameCards":[],"viewedAnimatic":false,"keyPoints":[],"unlocked":false,"touchableObjects":[]},{"miniGameCards":[],"viewedAnimatic":false,"keyPoints":[],"unlocked":false,"touchableObjects":[]},{"miniGameCards":[],"viewedAnimatic":false,"keyPoints":[],"unlocked":false,"touchableObjects":[]},{"miniGameCards":[],"viewedAnimatic":false,"keyPoints":[],"unlocked":false,"touchableObjects":[]},{"miniGameCards":[],"viewedAnimatic":false,"keyPoints":[],"unlocked":false,"touchableObjects":[]}],"stackSize":5,"resolved":false},{"challengeScenes":[{"miniGameCards":[],"viewedAnimatic":false,"keyPoints":[],"unlocked":false,"touchableObjects":[]},{"miniGameCards":[],"viewedAnimatic":false,"keyPoints":[],"unlocked":false,"touchableObjects":[]},{"miniGameCards":[],"viewedAnimatic":false,"keyPoints":[],"unlocked":false,"touchableObjects":[]},{"miniGameCards":[],"viewedAnimatic":false,"keyPoints":[],"unlocked":false,"touchableObjects":[]},{"miniGameCards":[],"viewedAnimatic":false,"keyPoints":[],"unlocked":false,"touchableObjects":[]}],"stackSize":5,"resolved":false},{"challengeScenes":[{"miniGameCards":[],"viewedAnimatic":false,"keyPoints":[],"unlocked":false,"touchableObjects":[]},{"miniGameCards":[],"viewedAnimatic":false,"keyPoints":[],"unlocked":false,"touchableObjects":[]},{"miniGameCards":[],"viewedAnimatic":false,"keyPoints":[],"unlocked":false,"touchableObjects":[]},{"miniGameCards":[],"viewedAnimatic":false,"keyPoints":[],"unlocked":false,"touchableObjects":[]},{"miniGameCards":[],"viewedAnimatic":false,"keyPoints":[],"unlocked":false,"touchableObjects":[]}],"stackSize":5,"resolved":false},{"challengeScenes":[{"miniGameCards":[],"viewedAnimatic":false,"keyPoints":[],"unlocked":true,"touchableObjects":["c_player_cauc_M_a_G0a0","c_friends_G0a0"]},{"miniGameCards":[],"viewedAnimatic":false,"keyPoints":["c_family_cauc_a_G0a1N","c_home_G0a1N","c_job_G0a1N"],"unlocked":true,"touchableObjects":["c_player_cauc_M_a_G0a1N","c_family_cauc_a_G0a1N","c_home_G0a1N","c_job_G0a1N"]},{"miniGameCards":[],"viewedAnimatic":false,"keyPoints":["c_dad_cauc_a_G0a1P","c_mom_cauc_a_G0a1P","c_Nurse_G0a1P","c_grandma_cauc_a_G0a1P","c_kidsister_cauc_a_G0a1P","c_Teacher_G0a1P"],"unlocked":true,"touchableObjects":["c_friends_G0a1P","c_dad_cauc_a_G0a1P","c_cousins_M_a_G0a1P","c_mom_cauc_a_G0a1P","c_Nurse_G0a1P","c_grandma_cauc_a_G0a1P","c_kidsister_cauc_a_G0a1P","c_Teacher_G0a1P"]}],"stackSize":3,"resolved":true}],"sessionId":3,"epilogue":{"rating":0},"playerId":6506006,"session":[{"sceneId":"1P","stackId":12},{"sceneId":"1P","stackId":0},{"sceneId":"1P","stackId":1},{"sceneId":"1N","stackId":1},{"sceneId":"2P","stackId":1}],"minigames":[{"levelSaveData":[{"starRating":3,"unlocked":true},{"starRating":3,"unlocked":true},{"starRating":1,"unlocked":true},{"starRating":0,"unlocked":false},{"starRating":0,"unlocked":false},{"starRating":0,"unlocked":false},{"starRating":0,"unlocked":false},{"starRating":0,"unlocked":false},{"starRating":0,"unlocked":false},{"starRating":0,"unlocked":false}],"skillPoints":7},{"levelSaveData":[{"starRating":3,"unlocked":true},{"starRating":3,"unlocked":true},{"starRating":0,"unlocked":true},{"starRating":0,"unlocked":false},{"starRating":0,"unlocked":true},{"starRating":0,"unlocked":false},{"starRating":0,"unlocked":false},{"starRating":0,"unlocked":false},{"starRating":0,"unlocked":false},{"starRating":0,"unlocked":false}],"skillPoints":6},{"levelSaveData":[{"starRating":3,"unlocked":true},{"starRating":3,"unlocked":true},{"starRating":1,"unlocked":true},{"starRating":0,"unlocked":false},{"starRating":0,"unlocked":false},{"starRating":0,"unlocked":false},{"starRating":0,"unlocked":false},{"starRating":0,"unlocked":false},{"starRating":2,"unlocked":true},{"starRating":0,"unlocked":false}],"skillPoints":9},{"levelSaveData":[{"starRating":3,"unlocked":true},{"starRating":2,"unlocked":true},{"starRating":0,"unlocked":false},{"starRating":0,"unlocked":false},{"starRating":1,"unlocked":true},{"starRating":0,"unlocked":false},{"starRating":0,"unlocked":false},{"starRating":0,"unlocked":false},{"starRating":0,"unlocked":false},{"starRating":0,"unlocked":false}],"skillPoints":6},{"age":12,"name":"jason","gender":0,"levelSaveData":[{"starRating":3,"unlocked":true},{"starRating":3,"chunks":[["1"],["7$$freash","20$$funny"],["8","6","8$$soccer"],["1"]],"unlocked":true},{"starRating":3,"chunks":[["0"],["0$$running","9$$soccer"],["10$$soccer","4$$chef"]],"unlocked":true},{"starRating":3,"chunks":[["3$$nissan"],["0$$german shepard"],["14"],["0"],["3","0"],["6"]],"unlocked":true},{"starRating":0,"chunks":[[null],[null],[null,null],[null],[null],[null]],"unlocked":false},{"starRating":0,"chunks":[[null],[null,null,null,null],[null],[null]],"unlocked":false},{"starRating":0,"chunks":[[null],[null],[null,null],[null,null],[null]],"unlocked":false},{"starRating":0,"chunks":[[null,null,null],[null,null,null],[null],[null],[null]],"unlocked":false},{"starRating":0,"chunks":[[null,null,null],[null,null,null],[null,null]],"unlocked":false},{"starRating":0,"chunks":[[null],[null],[null],[null],[null],[null]],"unlocked":false}],"visualAvatar":0,"id":1,"skillPoints":12}],"avatar":{"age":12,"name":"jason","gender":0,"levelSaveData":[{"starRating":3,"unlocked":true},{"starRating":3,"chunks":[["1"],["7$$freash","20$$funny"],["8","6","8$$soccer"],["1"]],"unlocked":true},{"starRating":3,"chunks":[["0"],["0$$running","9$$soccer"],["10$$soccer","4$$chef"]],"unlocked":true},{"starRating":3,"chunks":[["3$$nissan"],["0$$german shepard"],["14"],["0"],["3","0"],["6"]],"unlocked":true},{"starRating":0,"chunks":[[null],[null],[null,null],[null],[null],[null]],"unlocked":false},{"starRating":0,"chunks":[[null],[null,null,null,null],[null],[null]],"unlocked":false},{"starRating":0,"chunks":[[null],[null],[null,null],[null,null],[null]],"unlocked":false},{"starRating":0,"chunks":[[null,null,null],[null,null,null],[null],[null],[null]],"unlocked":false},{"starRating":0,"chunks":[[null,null,null],[null,null,null],[null,null]],"unlocked":false},{"starRating":0,"chunks":[[null],[null],[null],[null],[null],[null]],"unlocked":false}],"visualAvatar":0,"id":1,"skillPoints":12}}
