6546002,0,0:0:0,7/3/2013 1:23:08pm
6546002,600,0:0:31,1
6546002,601,0:0:31,1
6546002,602,0:0:32,1,1
6546002,603,0:0:41,0
6546002,604,0:1:6,0,dejanay
6546002,605,0:1:8
6546002,210,0:4:4,162,348
6546002,211,0:4:10,699,294
6546002,212,0:4:11,0
6546002,210,0:4:12,575,135
6546002,211,0:4:20,630,237
6546002,213,0:4:20,12,c_education_G0a0,true
6546002,210,0:4:32,692,376
6546002,211,0:4:33,65,434
6546002,207,0:4:52,12,0,-15
6546002,210,0:4:52,849,451
6546002,211,0:5:0,585,397
6546002,210,0:5:10,737,173
6546002,211,0:5:12,551,382
6546002,210,0:5:19,587,381
6546002,211,0:5:20,587,477
6546002,210,0:5:21,625,120
6546002,211,0:5:22,618,151
6546002,213,0:5:22,12,c_job_G0a1N,true
6546002,205,0:5:22,12,c_job_G0a1N,false,false
6546002,210,0:6:22,723,475
6546002,211,0:6:23,636,182
6546002,213,0:6:23,12,c_job_G0a1N,true
6546002,205,0:6:23,12,c_job_G0a1N,false,true
6546002,210,0:6:30,867,470
6546002,207,0:6:32,12,-15,-585
6546002,211,0:6:35,1122,559
6546002,212,0:6:35,1
6546002,210,0:6:36,945,564
6546002,211,0:6:38,1164,467
6546002,213,0:6:38,12,c_home_G0a1N,true
6546002,205,0:6:38,12,c_home_G0a1N,false,false
6546002,212,0:6:45,2
6546002,210,0:6:48,900,433
6546002,211,0:6:49,1120,173
6546002,213,0:6:49,12,c_family_afri_a_G0a1N,true
6546002,205,0:6:49,12,c_family_afri_a_G0a1N,false,false
6546002,210,0:6:53,1240,632
6546002,207,0:6:55,12,-585,-813
6546002,207,0:6:58,12,-813,-288
6546002,211,0:6:58,734,392
6546002,213,0:6:58,12,c_player_afri_F_a_G0a1N,true
6546002,210,0:7:49,1132,334
6546002,211,0:7:50,1190,342
6546002,210,0:7:50,855,472
6546002,207,0:7:52,12,-288,-813
6546002,211,0:7:56,1761,496
6546002,207,0:8:19,12,0,-30
6546002,210,0:8:20,935,509
6546002,211,0:8:20,687,519
6546002,210,0:8:21,787,471
6546002,207,0:8:22,12,-30,-735
6546002,211,0:8:25,1203,210
6546002,213,0:8:25,12,c_family_afri_a_G0a0,true
6546002,212,0:8:30,1
6546002,210,0:8:32,1059,438
6546002,211,0:8:33,1215,407
6546002,213,0:8:33,12,c_friends_G0a0,true
6546002,212,0:8:39,0
6546002,210,0:8:40,1192,475
6546002,207,0:8:41,12,-735,-480
6546002,211,0:8:42,707,205
6546002,210,0:8:42,700,202
6546002,211,0:8:42,698,208
6546002,213,0:8:42,12,c_education_G0a0,true
6546002,213,0:8:52,12,c_education_G0a0,true
6546002,210,0:9:6,648,211
6546002,211,0:9:7,650,215
6546002,213,0:9:7,12,c_education_G0a0,true
6546002,210,0:9:13,633,582
6546002,207,0:9:14,12,0,-60
6546002,207,0:9:18,12,-60,-813
6546002,211,0:9:19,1732,428
6546002,210,0:9:21,1630,449
6546002,211,0:9:21,1630,449
6546002,210,0:9:26,617,462
6546002,207,0:9:36,12,0,-900
6546002,207,0:9:36,12,-900,-1035
6546002,211,0:9:55,1955,375
6546002,210,0:11:38,1290,320
6546002,211,0:11:39,1036,297
6546002,207,0:11:39,12,-1035,-1020
6546002,212,0:11:40,2
6546002,210,0:11:41,1315,224
6546002,211,0:11:41,1180,258
6546002,213,0:11:41,12,c_family_afri_a_G0a0,true
6546002,210,0:11:46,1285,385
6546002,211,0:11:48,587,361
6546002,207,0:11:48,12,-1020,-570
6546002,210,0:11:55,752,339
6546002,211,0:11:56,687,311
6546002,212,0:11:56,0
6546002,210,0:11:57,599,249
6546002,211,0:11:57,590,216
6546002,213,0:11:57,12,c_education_G0a0,true
6546002,210,0:12:2,799,460
6546002,207,0:12:4,12,0,-1035
6546002,211,0:12:5,2031,460
6546002,221,0:12:5,12
6546002,220,0:12:13,12
6546002,210,0:12:24,854,446
6546002,211,0:12:24,854,446
6546002,213,0:12:24,12,c_friends_G0a1P,true
6546002,210,0:12:27,674,416
6546002,207,0:12:32,12,0,-1790
6546002,211,0:12:33,2771,361
6546002,212,0:12:33,2
6546002,210,0:12:34,2647,492
6546002,207,0:12:40,12,-1790,-1475
6546002,211,0:12:41,1853,447
6546002,213,0:12:41,12,c_kidsister_afri_a_G0a1P,true
6546002,205,0:12:41,12,c_kidsister_afri_a_G0a1P,false,false
6546002,210,0:12:47,1942,534
6546002,211,0:12:48,1644,404
6546002,213,0:12:48,12,c_grandma_afri_a_G0a1P,true
6546002,205,0:12:48,12,c_grandma_afri_a_G0a1P,false,false
6546002,210,0:12:53,1766,527
6546002,207,0:12:54,12,-1475,-1040
6546002,211,0:12:57,1392,203
6546002,213,0:12:57,12,c_Teacher_G0a1P,true
6546002,205,0:12:57,12,c_Teacher_G0a1P,false,false
6546002,210,0:13:1,1458,476
6546002,207,0:13:3,12,-1040,-425
6546002,211,0:13:6,1431,535
6546002,207,0:13:6,12,-425,-485
6546002,212,0:13:6,1
6546002,210,0:13:7,677,516
6546002,207,0:13:10,12,-485,-785
6546002,207,0:13:13,12,-785,-950
6546002,211,0:13:14,1765,199
6546002,213,0:13:14,12,c_dad_afri_a_G0a1P,true
6546002,205,0:13:14,12,c_dad_afri_a_G0a1P,false,false
6546002,210,0:13:18,1733,475
6546002,211,0:13:19,1885,288
6546002,213,0:13:19,12,c_mom_afri_a_G0a1P,true
6546002,205,0:13:19,12,c_mom_afri_a_G0a1P,false,false
6546002,210,0:13:23,1729,460
6546002,211,0:13:27,1904,629
6546002,207,0:13:27,12,-950,-965
6546002,212,0:13:27,0
6546002,210,0:13:28,1838,484
6546002,211,0:13:30,1285,488
6546002,213,0:13:30,12,c_friends_G0a1P,true
6546002,210,0:13:32,1279,407
6546002,211,0:13:32,1292,226
6546002,213,0:13:32,12,c_Nurse_G0a1P,true
6546002,205,0:13:32,12,c_Nurse_G0a1P,false,false
6546002,221,0:13:36,12
6546002,220,0:13:43,12
6546002,210,0:13:45,1801,507
6546002,207,0:13:47,12,-965,-1715
6546002,211,0:13:48,2560,567
6546002,210,0:14:4,617,437
6546002,211,0:14:4,617,437
6546002,213,0:14:4,12,c_cousins_F_a_G0a1P,true
6546002,210,0:14:11,570,431
6546002,211,0:14:11,627,384
6546002,210,0:14:12,511,478
6546002,207,0:14:23,12,0,-765
6546002,207,0:14:26,12,-765,-960
6546002,211,0:14:28,2017,427
6546002,207,0:14:28,12,-960,-1035
6546002,212,0:14:28,1
6546002,207,0:14:29,12,-1035,-1050
6546002,210,0:14:29,1925,317
6546002,211,0:14:31,2177,326
6546002,207,0:14:31,12,-1050,-1170
6546002,210,0:14:31,2209,363
6546002,207,0:14:33,12,-1170,-1785
6546002,211,0:14:34,2507,588
6546002,212,0:15:44,2
6546002,212,0:16:52,0
6546002,221,0:16:59,12
6546002,300,0:17:0
6546002,220,0:17:0,12
6546002,305,0:17:11,0,1,0,-1,
6546002,302,0:17:15,0,1,0,5
6546002,302,0:17:16,0,1,0,0
6546002,302,0:17:20,0,1,0,14
6546002,303,0:17:26,0,1,0,14
6546002,304,0:18:22,0,1,0,-1,,14,people say I'm
6546002,302,0:18:33,0,1,1,7
6546002,302,0:18:35,0,1,1,17
6546002,302,0:18:38,0,1,1,20
6546002,303,0:18:41,0,1,1,20
6546002,304,0:18:46,0,1,1,-1,,20,nice
6546002,302,0:19:4,0,3,0,0
6546002,306,0:19:4,0,0,1
6546002,304,0:19:5,0,3,0,-1,,0,
6546002,302,0:19:40,0,0,0,1
6546002,304,0:19:41,0,0,0,-1,,1,
6546002,302,0:19:46,0,2,0,0
6546002,302,0:19:46,0,2,0,1
6546002,302,0:19:52,0,2,0,5
6546002,302,0:19:53,0,2,0,8
6546002,302,0:19:58,0,2,0,13
6546002,303,0:20:1,0,2,0,13
6546002,306,0:20:4,0,1,2
6546002,304,0:20:4,0,2,0,-1,,13,school
6546002,302,0:20:8,0,2,1,1
6546002,303,0:20:9,0,2,1,1
6546002,304,0:20:13,0,2,1,-1,,1,giving
6546002,303,0:20:16,0,2,2,
6546002,306,0:20:19,0,2,3
6546002,304,0:20:19,0,2,2,-1,,0,nice
6546002,221,0:20:32,12
6546002,220,0:20:33,12
6546002,203,0:20:33,12
6546002,100,0:20:40,0
6546002,102,0:21:6,0
6546002,200,0:21:6,0,0,0,0,0,6
6546002,219,0:21:6,0
6546002,216,0:21:7,Stack_G7a0
6546002,217,0:21:41,Stack_G7a0,30,1.4
6546002,218,0:21:47,0
6546002,210,0:21:48,871,536
6546002,211,0:21:50,996,556
6546002,213,0:21:50,0,c_bestFriend_F_a_G7a0,false
6546002,210,0:21:56,893,502
6546002,211,0:21:57,822,358
6546002,213,0:21:57,0,c_teacherEng_G7a0,false
6546002,210,0:22:3,690,523
6546002,207,0:22:3,0,-200,-50
6546002,207,0:22:4,0,-50,0
6546002,207,0:22:9,0,0,-518.45
6546002,211,0:22:10,1479,573
6546002,213,0:22:10,0,c_friend1_F_a_G7a0,true
6546002,210,0:22:18,1148,548
6546002,211,0:22:19,1097,598
6546002,213,0:22:19,0,s_vocabAssignment_G7a0,true
6546002,210,0:22:23,1178,529
6546002,211,0:22:34,1414,572
6546002,212,0:22:34,1
6546002,210,0:22:35,1360,528
6546002,207,0:22:38,0,-518.45,-473.45
6546002,207,0:22:43,0,-473.45,-233.45
6546002,207,0:22:44,0,-233.45,0
6546002,211,0:22:51,243,126
6546002,213,0:22:51,0,s_flag_gen,false
6546002,221,0:23:0,0
6546002,220,0:23:7,0
6546002,212,0:23:8,2
6546002,210,0:23:9,783,462
6546002,211,0:23:11,761,546
6546002,219,0:23:11,0
6546002,216,0:23:12,Stack_G7a1N
6546002,217,0:23:34,Stack_G7a1N,20,0.00
6546002,218,0:23:37,0
6546002,210,0:23:39,1000,472
6546002,211,0:23:40,888,470
6546002,213,0:23:40,0,c_teacherEng_G7a1N,false
6546002,210,0:23:44,1266,535
6546002,207,0:23:45,0,-400,-460
6546002,207,0:23:47,0,-460,-518.45
6546002,211,0:23:48,1051,527
6546002,213,0:23:48,0,c_bestFriend_F_a_G7a1N,false
6546002,1003,0:23:52,2
6546002,1004,0:23:54,0
6546002,900,0:23:56,0,[]
6546002,1002,0:24:29,0
6546002,1003,0:24:29,2
6546002,221,0:24:37,0
6546002,220,0:24:39,0
6546002,210,0:24:45,1034,450
6546002,207,0:24:48,0,-400,0
6546002,207,0:25:2,0,0,-375
6546002,211,0:25:3,1309,556
6546002,221,0:25:6,0
6546002,300,0:25:17
6546002,220,0:25:17,0
6546002,210,0:25:30,1160,553
6546002,211,0:25:31,1224,470
6546002,213,0:25:31,0,s_otherStudent2_G7a1N,true
6546002,210,0:25:33,1033,519
6546002,211,0:25:33,1040,508
6546002,213,0:25:33,0,c_bestFriend_F_a_G7a1N,false
6546002,210,0:25:43,1131,533
6546002,211,0:25:43,1418,540
6546002,207,0:25:43,0,-400,-460
6546002,210,0:25:44,1375,567
6546002,207,0:25:44,0,-460,-518.45
6546002,211,0:25:44,1492,557
6546002,210,0:25:45,1389,554
6546002,211,0:25:45,1438,511
6546002,210,0:25:45,1428,530
6546002,211,0:25:47,664,600
6546002,213,0:25:47,0,s_otherStudent1_G7a1N,true
6546002,210,0:25:50,736,544
6546002,211,0:25:51,856,342
6546002,213,0:25:51,0,c_teacherEng_G7a1N,false
6546002,210,0:25:57,730,535
6546002,207,0:25:59,0,-518.45,-98.45
6546002,211,0:26:0,252,481
6546002,210,0:26:1,223,526
6546002,211,0:26:2,218,466
6546002,213,0:26:2,0,c_crewKid1_F_G7a1N,true
6546002,210,0:26:5,508,519
6546002,207,0:26:5,0,-98.45,0
6546002,211,0:26:11,690,129
6546002,213,0:26:11,0,s_angelouPoster_gen,true
6546002,210,0:26:14,577,195
6546002,211,0:26:15,592,139
6546002,213,0:26:15,0,s_atwoodPoster_gen,true
6546002,210,0:26:18,537,439
6546002,211,0:26:19,788,150
6546002,213,0:26:19,0,s_shakespearePoster_gen,true
6546002,210,0:26:22,590,373
6546002,211,0:26:23,884,162
6546002,213,0:26:23,0,s_poePoster_gen,true
6546002,210,0:26:25,617,399
6546002,207,0:26:26,0,0,-210
6546002,207,0:26:28,0,-210,-405
6546002,207,0:26:28,0,-405,-518.45
6546002,211,0:26:33,1156,610
6546002,213,0:26:33,0,s_otherStudent2_G7a1N,true
6546002,210,0:26:35,843,392
6546002,211,0:26:36,600,153
6546002,213,0:26:36,0,s_atwoodPoster_gen,true
6546002,210,0:26:39,833,387
6546002,211,0:26:39,694,166
6546002,213,0:26:39,0,s_angelouPoster_gen,true
6546002,210,0:27:1,1255,298
6546002,211,0:27:1,1263,334
6546002,212,0:27:4,0
6546002,210,0:27:5,1258,317
6546002,207,0:27:9,0,-518.45,-203.45
6546002,207,0:27:9,0,-203.45,-158.45
6546002,207,0:27:10,0,-158.45,0
6546002,211,0:27:11,402,559
6546002,212,0:27:33,1
6546002,210,0:27:34,668,316
6546002,211,0:27:36,785,314
6546002,213,0:27:36,0,s_paperPlayers_G7a1N,false
6546002,1003,0:27:41,1
6546002,1004,0:27:46,0
6546002,800,0:27:54,0,[]
6546002,801,0:27:58,0,[]
6546002,814,0:28:0,0,[0]
6546002,815,0:28:0,0,0,OpportunityCardData_id:0
6546002,815,0:28:3,0,0,OpportunityCardData_id:1
6546002,815,0:28:5,0,0,OpportunityCardData_id:0
6546002,815,0:28:6,0,0,OpportunityCardData_id:6
6546002,815,0:28:7,0,0,OpportunityCardData_id:5
6546002,815,0:28:8,0,0,OpportunityCardData_id:4
6546002,815,0:28:10,0,0,OpportunityCardData_id:5
6546002,816,0:28:11,0,0,OpportunityCardData_id:5
6546002,803,0:28:12,0,[OpportunityCardData_id:5,OpportunityCardConsequencesData_logId:0]
6546002,803,0:28:15,0,[OpportunityCardData_id:5,OpportunityCardConsequencesData_logId:1]
6546002,803,0:28:17,0,[OpportunityCardData_id:5,OpportunityCardConsequencesData_logId:2]
6546002,805,0:28:20,0,[OpportunityCardData_id:5]
6546002,807,0:28:21,0,[OpportunityCardData_id:5]
6546002,808,0:28:23,0,[OpportunityCardData_id:5]
6546002,809,0:28:28,0,[OpportunityCardData_id:5,PriorityData_type:1,false]
6546002,810,0:28:31,0,[OpportunityCardData_id:5,PriorityData_type:0,15,PriorityData_type:1,15]
6546002,814,0:28:37,0,[1]
6546002,815,0:28:37,0,1,OpportunityCardData_id:7
6546002,815,0:28:38,0,1,OpportunityCardData_id:8
6546002,815,0:28:40,0,1,OpportunityCardData_id:9
6546002,815,0:28:42,0,1,OpportunityCardData_id:10
6546002,815,0:28:44,0,1,OpportunityCardData_id:11
6546002,815,0:28:46,0,1,OpportunityCardData_id:12
6546002,815,0:28:47,0,1,OpportunityCardData_id:7
6546002,815,0:28:48,0,1,OpportunityCardData_id:12
6546002,816,0:28:49,0,1,OpportunityCardData_id:12
6546002,803,0:28:51,0,[OpportunityCardData_id:12,OpportunityCardConsequencesData_logId:0]
6546002,803,0:28:51,0,[OpportunityCardData_id:12,OpportunityCardConsequencesData_logId:1]
6546002,805,0:28:55,0,[OpportunityCardData_id:12]
6546002,807,0:28:58,0,[OpportunityCardData_id:12]
6546002,808,0:29:0,0,[OpportunityCardData_id:12]
6546002,809,0:29:4,0,[OpportunityCardData_id:12,PriorityData_type:4,false]
6546002,810,0:29:7,0,[OpportunityCardData_id:12,PriorityData_type:1,15,PriorityData_type:4,10]
6546002,814,0:29:10,0,[2]
6546002,815,0:29:10,0,2,OpportunityCardData_id:13
6546002,815,0:29:12,0,2,OpportunityCardData_id:14
6546002,815,0:29:16,0,2,OpportunityCardData_id:15
6546002,815,0:29:17,0,2,OpportunityCardData_id:16
6546002,815,0:29:19,0,2,OpportunityCardData_id:15
6546002,815,0:29:20,0,2,OpportunityCardData_id:16
6546002,815,0:29:21,0,2,OpportunityCardData_id:15
6546002,815,0:29:22,0,2,OpportunityCardData_id:16
6546002,815,0:29:24,0,2,OpportunityCardData_id:15
6546002,815,0:29:25,0,2,OpportunityCardData_id:16
6546002,815,0:29:27,0,2,OpportunityCardData_id:17
6546002,815,0:29:28,0,2,OpportunityCardData_id:18
6546002,815,0:29:29,0,2,OpportunityCardData_id:13
6546002,815,0:29:30,0,2,OpportunityCardData_id:18
6546002,816,0:29:31,0,2,OpportunityCardData_id:18
6546002,803,0:29:32,0,[OpportunityCardData_id:18,OpportunityCardConsequencesData_logId:0]
6546002,803,0:29:32,0,[OpportunityCardData_id:18,OpportunityCardConsequencesData_logId:1]
6546002,805,0:29:33,0,[OpportunityCardData_id:18]
6546002,807,0:29:34,0,[OpportunityCardData_id:18]
6546002,808,0:29:36,0,[OpportunityCardData_id:18]
6546002,809,0:29:41,0,[OpportunityCardData_id:18,Safe,false]
6546002,810,0:29:43,0,[OpportunityCardData_id:18,PriorityData_type:2,15,Safe,Safe]
6546002,814,0:29:46,0,[3]
6546002,815,0:29:46,0,3,OpportunityCardData_id:19
6546002,815,0:29:47,0,3,OpportunityCardData_id:20
6546002,815,0:29:49,0,3,OpportunityCardData_id:21
6546002,815,0:29:51,0,3,OpportunityCardData_id:23
6546002,815,0:29:53,0,3,OpportunityCardData_id:24
6546002,815,0:29:55,0,3,OpportunityCardData_id:25
6546002,815,0:29:57,0,3,OpportunityCardData_id:19
6546002,815,0:29:59,0,3,OpportunityCardData_id:20
6546002,815,0:30:1,0,3,OpportunityCardData_id:21
6546002,816,0:30:3,0,3,OpportunityCardData_id:21
6546002,803,0:30:4,0,[OpportunityCardData_id:21,OpportunityCardConsequencesData_logId:0]
6546002,803,0:30:5,0,[OpportunityCardData_id:21,OpportunityCardConsequencesData_logId:1]
6546002,805,0:30:7,0,[OpportunityCardData_id:21]
6546002,807,0:30:9,0,[OpportunityCardData_id:21]
6546002,808,0:30:11,0,[OpportunityCardData_id:21]
6546002,809,0:30:20,0,[OpportunityCardData_id:21,Safe,false]
6546002,810,0:30:22,0,[OpportunityCardData_id:21,PriorityData_type:3,20,Safe,Safe]
6546002,814,0:30:26,0,[4]
6546002,815,0:30:26,0,4,OpportunityCardData_id:22
6546002,815,0:30:28,0,4,OpportunityCardData_id:26
6546002,815,0:30:29,0,4,OpportunityCardData_id:27
6546002,815,0:30:30,0,4,OpportunityCardData_id:28
6546002,815,0:30:32,0,4,OpportunityCardData_id:29
6546002,815,0:30:34,0,4,OpportunityCardData_id:30
6546002,815,0:30:37,0,4,OpportunityCardData_id:31
6546002,815,0:30:38,0,4,OpportunityCardData_id:22
6546002,815,0:30:40,0,4,OpportunityCardData_id:26
6546002,815,0:30:41,0,4,OpportunityCardData_id:22
6546002,815,0:30:42,0,4,OpportunityCardData_id:31
6546002,815,0:30:42,0,4,OpportunityCardData_id:30
6546002,816,0:30:45,0,4,OpportunityCardData_id:30
6546002,803,0:30:46,0,[OpportunityCardData_id:30,OpportunityCardConsequencesData_logId:0]
6546002,803,0:30:46,0,[OpportunityCardData_id:30,OpportunityCardConsequencesData_logId:1]
6546002,805,0:30:46,0,[OpportunityCardData_id:30]
6546002,807,0:30:48,0,[OpportunityCardData_id:30]
6546002,808,0:30:56,0,[OpportunityCardData_id:30]
6546002,809,0:31:0,0,[OpportunityCardData_id:30,PriorityData_type:5,false]
6546002,810,0:31:2,0,[OpportunityCardData_id:30,PriorityData_type:4,10,PriorityData_type:5,20]
6546002,814,0:31:7,0,[1]
6546002,815,0:31:7,0,1,OpportunityCardData_id:7
6546002,815,0:31:9,0,1,OpportunityCardData_id:11
6546002,815,0:31:10,0,1,OpportunityCardData_id:10
6546002,815,0:31:12,0,1,OpportunityCardData_id:11
6546002,816,0:31:12,0,1,OpportunityCardData_id:11
6546002,805,0:31:13,0,[OpportunityCardData_id:11]
6546002,807,0:31:14,0,[OpportunityCardData_id:11]
6546002,808,0:31:16,0,[OpportunityCardData_id:11]
6546002,809,0:31:20,0,[OpportunityCardData_id:11,PriorityData_type:5,false]
6546002,810,0:31:22,0,[OpportunityCardData_id:11,PriorityData_type:1,10,PriorityData_type:5,10]
6546002,814,0:31:23,0,[1]
6546002,815,0:31:23,0,1,OpportunityCardData_id:7
6546002,816,0:31:25,0,1,OpportunityCardData_id:7
6546002,803,0:31:27,0,[OpportunityCardData_id:7,OpportunityCardConsequencesData_logId:0]
6546002,804,0:31:29,0,[OpportunityCardData_id:7]
6546002,814,0:31:30,0,[1]
6546002,815,0:31:30,0,1,OpportunityCardData_id:8
6546002,815,0:31:31,0,1,OpportunityCardData_id:9
6546002,815,0:31:32,0,1,OpportunityCardData_id:8
6546002,816,0:31:34,0,1,OpportunityCardData_id:8
6546002,803,0:31:35,0,[OpportunityCardData_id:8,OpportunityCardConsequencesData_logId:0]
6546002,803,0:31:35,0,[OpportunityCardData_id:8,OpportunityCardConsequencesData_logId:1]
6546002,803,0:31:35,0,[OpportunityCardData_id:8,OpportunityCardConsequencesData_logId:2]
6546002,805,0:31:36,0,[OpportunityCardData_id:8]
6546002,807,0:31:36,0,[OpportunityCardData_id:8]
6546002,808,0:31:38,0,[OpportunityCardData_id:8]
6546002,809,0:31:42,0,[OpportunityCardData_id:8,PriorityData_type:2,false]
6546002,810,0:31:43,0,[OpportunityCardData_id:8,PriorityData_type:1,20,PriorityData_type:2,20]
6546002,811,0:31:46,0,[OpportunityCardData_id:8,PriorityData_type:2,80,65,PriorityData_type:4,70,45]
6546002,1005,0:31:46,0,[1,0,1]
6546002,1001,0:31:48,0,[]
6546002,1003,0:31:48,1
6546002,1004,0:31:48,0
6546002,800,0:31:49,0,[]
6546002,801,0:31:50,0,[]
6546002,814,0:31:55,0,[1]
6546002,815,0:31:55,0,1,OpportunityCardData_id:7
6546002,815,0:31:57,0,1,OpportunityCardData_id:12
6546002,815,0:31:58,0,1,OpportunityCardData_id:11
6546002,815,0:31:59,0,1,OpportunityCardData_id:10
6546002,815,0:32:0,0,1,OpportunityCardData_id:9
6546002,816,0:32:5,0,1,OpportunityCardData_id:9
6546002,803,0:32:6,0,[OpportunityCardData_id:9,OpportunityCardConsequencesData_logId:0]
6546002,803,0:32:8,0,[OpportunityCardData_id:9,OpportunityCardConsequencesData_logId:1]
6546002,805,0:32:8,0,[OpportunityCardData_id:9]
6546002,807,0:32:9,0,[OpportunityCardData_id:9]
6546002,808,0:32:11,0,[OpportunityCardData_id:9]
6546002,809,0:32:15,0,[OpportunityCardData_id:9,Safe,false]
6546002,810,0:32:15,0,[OpportunityCardData_id:9,PriorityData_type:1,5,Safe,Safe]
6546002,814,0:32:19,0,[0]
6546002,815,0:32:19,0,0,OpportunityCardData_id:0
6546002,815,0:32:22,0,0,OpportunityCardData_id:6
6546002,816,0:32:23,0,0,OpportunityCardData_id:6
6546002,803,0:32:24,0,[OpportunityCardData_id:6,OpportunityCardConsequencesData_logId:0]
6546002,803,0:32:24,0,[OpportunityCardData_id:6,OpportunityCardConsequencesData_logId:1]
6546002,805,0:32:25,0,[OpportunityCardData_id:6]
6546002,807,0:32:26,0,[OpportunityCardData_id:6]
6546002,808,0:32:28,0,[OpportunityCardData_id:6]
6546002,809,0:32:31,0,[OpportunityCardData_id:6,Safe,false]
6546002,810,0:32:37,0,[OpportunityCardData_id:6,PriorityData_type:0,10,Safe,Safe]
6546002,814,0:32:41,0,[1]
6546002,815,0:32:41,0,1,OpportunityCardData_id:7
6546002,815,0:32:42,0,1,OpportunityCardData_id:12
6546002,816,0:32:44,0,1,OpportunityCardData_id:12
6546002,803,0:32:45,0,[OpportunityCardData_id:12,OpportunityCardConsequencesData_logId:0]
6546002,803,0:32:45,0,[OpportunityCardData_id:12,OpportunityCardConsequencesData_logId:1]
6546002,805,0:32:45,0,[OpportunityCardData_id:12]
6546002,806,0:32:49,0,[OpportunityCardData_id:12,PriorityData_type:2]
6546002,807,0:32:55,0,[OpportunityCardData_id:12]
6546002,808,0:32:57,0,[OpportunityCardData_id:12]
6546002,809,0:33:6,0,[OpportunityCardData_id:12,PriorityData_type:4,false]
6546002,810,0:33:7,0,[OpportunityCardData_id:12,PriorityData_type:1,15,PriorityData_type:4,10]
6546002,814,0:33:9,0,[1]
6546002,815,0:33:9,0,1,OpportunityCardData_id:7
6546002,815,0:33:12,0,1,OpportunityCardData_id:8
6546002,815,0:33:14,0,1,OpportunityCardData_id:10
6546002,815,0:33:15,0,1,OpportunityCardData_id:11
6546002,816,0:33:16,0,1,OpportunityCardData_id:11
6546002,803,0:33:17,0,[OpportunityCardData_id:11,OpportunityCardConsequencesData_logId:0]
6546002,803,0:33:18,0,[OpportunityCardData_id:11,OpportunityCardConsequencesData_logId:1]
6546002,803,0:33:18,0,[OpportunityCardData_id:11,OpportunityCardConsequencesData_logId:2]
6546002,805,0:33:18,0,[OpportunityCardData_id:11]
6546002,806,0:33:19,0,[OpportunityCardData_id:11,PriorityData_type:0]
6546002,807,0:33:20,0,[OpportunityCardData_id:11]
6546002,808,0:33:21,0,[OpportunityCardData_id:11]
6546002,809,0:33:33,0,[OpportunityCardData_id:11,PriorityData_type:3,false]
6546002,810,0:33:34,0,[OpportunityCardData_id:11,PriorityData_type:1,10,PriorityData_type:3,10]
6546002,814,0:33:38,0,[1]
6546002,815,0:33:38,0,1,OpportunityCardData_id:7
6546002,815,0:33:40,0,1,OpportunityCardData_id:8
6546002,816,0:33:41,0,1,OpportunityCardData_id:8
6546002,803,0:33:42,0,[OpportunityCardData_id:8,OpportunityCardConsequencesData_logId:0]
6546002,803,0:33:42,0,[OpportunityCardData_id:8,OpportunityCardConsequencesData_logId:1]
6546002,803,0:33:42,0,[OpportunityCardData_id:8,OpportunityCardConsequencesData_logId:2]
6546002,805,0:33:42,0,[OpportunityCardData_id:8]
6546002,806,0:33:43,0,[OpportunityCardData_id:8,PriorityData_type:5]
6546002,807,0:33:44,0,[OpportunityCardData_id:8]
6546002,808,0:33:46,0,[OpportunityCardData_id:8]
6546002,809,0:34:6,0,[OpportunityCardData_id:8,PriorityData_type:0,false]
6546002,810,0:34:7,0,[OpportunityCardData_id:8,PriorityData_type:1,20,PriorityData_type:0,25]
6546002,814,0:34:9,0,[0]
6546002,815,0:34:9,0,0,OpportunityCardData_id:0
6546002,815,0:34:11,0,0,OpportunityCardData_id:5
6546002,816,0:34:12,0,0,OpportunityCardData_id:5
6546002,803,0:34:13,0,[OpportunityCardData_id:5,OpportunityCardConsequencesData_logId:0]
6546002,803,0:34:13,0,[OpportunityCardData_id:5,OpportunityCardConsequencesData_logId:1]
6546002,803,0:34:14,0,[OpportunityCardData_id:5,OpportunityCardConsequencesData_logId:2]
6546002,805,0:34:14,0,[OpportunityCardData_id:5]
6546002,806,0:34:16,0,[OpportunityCardData_id:5,PriorityData_type:1]
6546002,807,0:34:16,0,[OpportunityCardData_id:5]
6546002,808,0:34:19,0,[OpportunityCardData_id:5]
6546002,809,0:34:23,0,[OpportunityCardData_id:5,PriorityData_type:2,false]
6546002,810,0:34:26,0,[OpportunityCardData_id:5,PriorityData_type:0,15,PriorityData_type:2,10]
6546002,814,0:34:28,0,[1]
6546002,815,0:34:28,0,1,OpportunityCardData_id:7
6546002,815,0:34:29,0,1,OpportunityCardData_id:10
6546002,815,0:34:30,0,1,OpportunityCardData_id:7
6546002,815,0:34:31,0,1,OpportunityCardData_id:10
6546002,815,0:34:32,0,1,OpportunityCardData_id:7
6546002,815,0:34:33,0,1,OpportunityCardData_id:10
6546002,815,0:34:34,0,1,OpportunityCardData_id:7
6546002,815,0:34:34,0,1,OpportunityCardData_id:10
6546002,815,0:34:35,0,1,OpportunityCardData_id:7
6546002,815,0:34:37,0,1,OpportunityCardData_id:10
6546002,815,0:34:37,0,1,OpportunityCardData_id:7
6546002,815,0:34:39,0,1,OpportunityCardData_id:10
6546002,815,0:34:40,0,1,OpportunityCardData_id:7
6546002,815,0:34:42,0,1,OpportunityCardData_id:10
6546002,816,0:34:44,0,1,OpportunityCardData_id:10
6546002,803,0:34:45,0,[OpportunityCardData_id:10,OpportunityCardConsequencesData_logId:0]
6546002,803,0:34:48,0,[OpportunityCardData_id:10,OpportunityCardConsequencesData_logId:1]
6546002,805,0:34:50,0,[OpportunityCardData_id:10]
6546002,806,0:34:52,0,[OpportunityCardData_id:10,PriorityData_type:5]
6546002,807,0:35:3,0,[OpportunityCardData_id:10]
6546002,808,0:35:16,0,[OpportunityCardData_id:10]
6546002,809,0:35:21,0,[OpportunityCardData_id:10,Safe,false]
6546002,810,0:35:22,0,[OpportunityCardData_id:10,PriorityData_type:1,5,Safe,Safe]
6546002,814,0:35:24,0,[4]
6546002,815,0:35:24,0,4,OpportunityCardData_id:22
6546002,815,0:35:27,0,4,OpportunityCardData_id:26
6546002,815,0:35:28,0,4,OpportunityCardData_id:27
6546002,815,0:35:30,0,4,OpportunityCardData_id:28
6546002,815,0:35:32,0,4,OpportunityCardData_id:29
6546002,815,0:35:34,0,4,OpportunityCardData_id:30
6546002,815,0:35:43,0,4,OpportunityCardData_id:31
6546002,815,0:35:47,0,4,OpportunityCardData_id:22
6546002,816,0:35:48,0,4,OpportunityCardData_id:22
6546002,803,0:35:49,0,[OpportunityCardData_id:22,OpportunityCardConsequencesData_logId:0]
6546002,803,0:35:49,0,[OpportunityCardData_id:22,OpportunityCardConsequencesData_logId:1]
6546002,805,0:35:50,0,[OpportunityCardData_id:22]
6546002,806,0:35:51,0,[OpportunityCardData_id:22,PriorityData_type:2]
6546002,807,0:35:51,0,[OpportunityCardData_id:22]
6546002,808,0:35:53,0,[OpportunityCardData_id:22]
6546002,809,0:36:1,0,[OpportunityCardData_id:22,Safe,false]
6546002,810,0:36:7,0,[OpportunityCardData_id:22,PriorityData_type:4,15,Safe,Safe]
6546002,811,0:36:14,0,[OpportunityCardData_id:22,PriorityData_type:2,80,60,PriorityData_type:4,70,50]
6546002,1000,0:36:27,0,[]
6546002,800,0:36:29,0,[]
6546002,801,0:36:37,0,[]
6546002,814,0:36:39,0,[1]
6546002,815,0:36:39,0,1,OpportunityCardData_id:7
6546002,816,0:36:53,0,1,OpportunityCardData_id:7
6546002,805,0:36:53,0,[OpportunityCardData_id:7]
6546002,807,0:36:55,0,[OpportunityCardData_id:7]
6546002,808,0:36:57,0,[OpportunityCardData_id:7]
6546002,809,0:37:5,0,[OpportunityCardData_id:7,PriorityData_type:0,false]
6546002,810,0:38:0,0,[OpportunityCardData_id:7,PriorityData_type:1,20,PriorityData_type:0,25]
6546002,814,0:38:2,0,[0]
6546002,815,0:38:2,0,0,OpportunityCardData_id:0
6546002,815,0:38:4,0,0,OpportunityCardData_id:1
6546002,816,0:38:6,0,0,OpportunityCardData_id:1
6546002,803,0:38:7,0,[OpportunityCardData_id:1,OpportunityCardConsequencesData_logId:0]
6546002,803,0:38:8,0,[OpportunityCardData_id:1,OpportunityCardConsequencesData_logId:1]
6546002,803,0:38:8,0,[OpportunityCardData_id:1,OpportunityCardConsequencesData_logId:2]
6546002,805,0:38:8,0,[OpportunityCardData_id:1]
6546002,806,0:38:10,0,[OpportunityCardData_id:1,PriorityData_type:2]
6546002,807,0:38:11,0,[OpportunityCardData_id:1]
6546002,808,0:38:13,0,[OpportunityCardData_id:1]
6546002,809,0:38:44,0,[OpportunityCardData_id:1,PriorityData_type:1,false]
6546002,810,0:38:45,0,[OpportunityCardData_id:1,PriorityData_type:0,15,PriorityData_type:1,15]
6546002,814,0:38:53,0,[0]
6546002,815,0:38:53,0,0,OpportunityCardData_id:0
6546002,815,0:38:54,0,0,OpportunityCardData_id:2
6546002,816,0:38:58,0,0,OpportunityCardData_id:2
6546002,803,0:38:59,0,[OpportunityCardData_id:2,OpportunityCardConsequencesData_logId:1]
6546002,803,0:38:59,0,[OpportunityCardData_id:2,OpportunityCardConsequencesData_logId:2]
6546002,803,0:39:0,0,[OpportunityCardData_id:2,OpportunityCardConsequencesData_logId:0]
6546002,805,0:39:0,0,[OpportunityCardData_id:2]
6546002,806,0:39:2,0,[OpportunityCardData_id:2,PriorityData_type:3]
6546002,807,0:39:2,0,[OpportunityCardData_id:2]
6546002,808,0:39:4,0,[OpportunityCardData_id:2]
6546002,809,0:39:22,0,[OpportunityCardData_id:2,PriorityData_type:2,false]
6546002,810,0:54:29,0,[OpportunityCardData_id:2,PriorityData_type:0,10,PriorityData_type:2,10]
6546002,814,0:54:31,0,[2]
6546002,815,0:54:31,0,2,OpportunityCardData_id:13
6546002,816,0:54:34,0,2,OpportunityCardData_id:13
6546002,803,0:54:35,0,[OpportunityCardData_id:13,OpportunityCardConsequencesData_logId:0]
6546002,803,0:54:35,0,[OpportunityCardData_id:13,OpportunityCardConsequencesData_logId:1]
6546002,803,0:54:35,0,[OpportunityCardData_id:13,OpportunityCardConsequencesData_logId:2]
6546002,805,0:54:35,0,[OpportunityCardData_id:13]
6546002,806,0:54:37,0,[OpportunityCardData_id:13,PriorityData_type:4]
6546002,807,0:54:38,0,[OpportunityCardData_id:13]
6546002,808,0:54:41,0,[OpportunityCardData_id:13]
6546002,809,0:54:45,0,[OpportunityCardData_id:13,Safe,false]
6546002,810,0:54:45,0,[OpportunityCardData_id:13,PriorityData_type:2,15,Safe,Safe]
6546002,814,0:54:47,0,[2]
6546002,815,0:54:47,0,2,OpportunityCardData_id:14
6546002,816,0:54:50,0,2,OpportunityCardData_id:14
6546002,803,0:54:51,0,[OpportunityCardData_id:14,OpportunityCardConsequencesData_logId:0]
6546002,803,0:54:51,0,[OpportunityCardData_id:14,OpportunityCardConsequencesData_logId:1]
6546002,803,0:54:51,0,[OpportunityCardData_id:14,OpportunityCardConsequencesData_logId:2]
6546002,805,0:54:52,0,[OpportunityCardData_id:14]
6546002,806,0:54:54,0,[OpportunityCardData_id:14,PriorityData_type:1]
6546002,807,0:54:54,0,[OpportunityCardData_id:14]
6546002,808,0:54:56,0,[OpportunityCardData_id:14]
6546002,809,0:55:1,0,[OpportunityCardData_id:14,Safe,false]
6546002,810,0:55:2,0,[OpportunityCardData_id:14,PriorityData_type:2,15,Safe,Safe]
6546002,814,0:55:5,0,[5]
6546002,815,0:55:5,0,5,OpportunityCardData_id:32
6546002,817,0:55:6,0,5
6546002,814,0:55:7,0,[4]
6546002,815,0:55:7,0,4,OpportunityCardData_id:22
6546002,815,0:55:11,0,4,OpportunityCardData_id:31
6546002,815,0:55:12,0,4,OpportunityCardData_id:22
6546002,815,0:55:12,0,4,OpportunityCardData_id:31
6546002,815,0:55:14,0,4,OpportunityCardData_id:30
6546002,815,0:55:17,0,4,OpportunityCardData_id:29
6546002,815,0:55:18,0,4,OpportunityCardData_id:28
6546002,815,0:55:22,0,4,OpportunityCardData_id:27
6546002,815,0:55:24,0,4,OpportunityCardData_id:26
6546002,815,0:55:26,0,4,OpportunityCardData_id:22
6546002,815,0:55:27,0,4,OpportunityCardData_id:26
6546002,815,0:55:28,0,4,OpportunityCardData_id:27
6546002,816,0:55:28,0,4,OpportunityCardData_id:27
6546002,803,0:55:29,0,[OpportunityCardData_id:27,OpportunityCardConsequencesData_logId:0]
6546002,803,0:55:29,0,[OpportunityCardData_id:27,OpportunityCardConsequencesData_logId:1]
6546002,803,0:55:30,0,[OpportunityCardData_id:27,OpportunityCardConsequencesData_logId:2]
6546002,805,0:55:30,0,[OpportunityCardData_id:27]
6546002,806,0:55:33,0,[OpportunityCardData_id:27,PriorityData_type:5]
6546002,807,0:55:34,0,[OpportunityCardData_id:27]
6546002,808,0:55:36,0,[OpportunityCardData_id:27]
6546002,809,0:55:42,0,[OpportunityCardData_id:27,PriorityData_type:2,false]
6546002,810,0:57:1,0,[OpportunityCardData_id:27,PriorityData_type:4,15,PriorityData_type:2,10]
6546002,814,0:57:3,0,[1]
6546002,815,0:57:3,0,1,OpportunityCardData_id:8
6546002,815,0:57:5,0,1,OpportunityCardData_id:9
6546002,816,0:57:9,0,1,OpportunityCardData_id:9
6546002,803,0:57:10,0,[OpportunityCardData_id:9,OpportunityCardConsequencesData_logId:1]
6546002,805,0:57:11,0,[OpportunityCardData_id:9]
6546002,806,0:57:17,0,[OpportunityCardData_id:9,PriorityData_type:4]
6546002,807,0:57:17,0,[OpportunityCardData_id:9]
6546002,808,0:57:20,0,[OpportunityCardData_id:9]
6546002,809,0:57:26,0,[OpportunityCardData_id:9,Safe,false]
6546002,810,0:57:27,0,[OpportunityCardData_id:9,PriorityData_type:1,5,Safe,Safe]
6546002,814,0:57:32,0,[3]
6546002,815,0:57:32,0,3,OpportunityCardData_id:19
6546002,815,0:57:34,0,3,OpportunityCardData_id:20
6546002,815,0:57:36,0,3,OpportunityCardData_id:21
6546002,815,0:57:37,0,3,OpportunityCardData_id:23
6546002,816,0:57:41,0,3,OpportunityCardData_id:23
6546002,803,0:57:41,0,[OpportunityCardData_id:23,OpportunityCardConsequencesData_logId:0]
6546002,803,0:57:42,0,[OpportunityCardData_id:23,OpportunityCardConsequencesData_logId:1]
6546002,805,0:57:42,0,[OpportunityCardData_id:23]
6546002,806,0:57:43,0,[OpportunityCardData_id:23,PriorityData_type:1]
6546002,807,0:57:44,0,[OpportunityCardData_id:23]
6546002,808,0:57:46,0,[OpportunityCardData_id:23]
6546002,809,0:57:50,0,[OpportunityCardData_id:23,PriorityData_type:2,false]
6546002,810,0:58:15,0,[OpportunityCardData_id:23,PriorityData_type:3,10,PriorityData_type:2,15]
6546002,811,0:58:19,0,[OpportunityCardData_id:23,PriorityData_type:2,80,65,PriorityData_type:4,70,60]
6546002,1000,0:58:22,0,[]
6546002,800,0:58:23,0,[]
6546002,801,0:58:24,0,[]
6546002,814,0:58:30,0,[1]
6546002,815,0:58:30,0,1,OpportunityCardData_id:7
6546002,815,0:58:35,0,1,OpportunityCardData_id:8
6546002,815,0:58:38,0,1,OpportunityCardData_id:9
6546002,815,0:58:40,0,1,OpportunityCardData_id:10
6546002,815,0:58:42,0,1,OpportunityCardData_id:11
6546002,815,0:58:46,0,1,OpportunityCardData_id:12
6546002,816,0:58:48,0,1,OpportunityCardData_id:12
6546002,803,0:58:49,0,[OpportunityCardData_id:12,OpportunityCardConsequencesData_logId:0]
6546002,805,0:58:52,0,[OpportunityCardData_id:12]
6546002,806,0:59:0,0,[OpportunityCardData_id:12,PriorityData_type:5]
6546002,807,0:59:1,0,[OpportunityCardData_id:12]
6546002,808,0:59:3,0,[OpportunityCardData_id:12]
6546002,809,0:59:55,0,[OpportunityCardData_id:12,Safe,false]
6546002,810,1:2:18,0,[OpportunityCardData_id:12,PriorityData_type:1,15,Safe,Safe]
6546002,814,1:3:20,0,[4]
6546002,815,1:3:20,0,4,OpportunityCardData_id:22
6546002,815,1:3:22,0,4,OpportunityCardData_id:26
6546002,815,1:3:23,0,4,OpportunityCardData_id:22
6546002,816,1:3:23,0,4,OpportunityCardData_id:22
6546002,803,1:3:24,0,[OpportunityCardData_id:22,OpportunityCardConsequencesData_logId:0]
6546002,803,1:3:24,0,[OpportunityCardData_id:22,OpportunityCardConsequencesData_logId:1]
6546002,805,1:3:25,0,[OpportunityCardData_id:22]
6546002,806,1:3:30,0,[OpportunityCardData_id:22,PriorityData_type:5]
6546002,807,1:3:31,0,[OpportunityCardData_id:22]
6546002,808,1:3:33,0,[OpportunityCardData_id:22]
6546002,809,1:3:36,0,[OpportunityCardData_id:22,Safe,false]
6546002,810,1:3:39,0,[OpportunityCardData_id:22,PriorityData_type:4,15,Safe,Safe]
6546002,814,1:3:41,0,[4]
6546002,815,1:3:41,0,4,OpportunityCardData_id:26
6546002,815,1:3:42,0,4,OpportunityCardData_id:27
6546002,816,1:3:44,0,4,OpportunityCardData_id:27
6546002,803,1:3:45,0,[OpportunityCardData_id:27,OpportunityCardConsequencesData_logId:0]
6546002,803,1:3:45,0,[OpportunityCardData_id:27,OpportunityCardConsequencesData_logId:1]
6546002,803,1:3:45,0,[OpportunityCardData_id:27,OpportunityCardConsequencesData_logId:2]
6546002,805,1:3:46,0,[OpportunityCardData_id:27]
6546002,806,1:3:46,0,[OpportunityCardData_id:27,PriorityData_type:5]
6546002,807,1:3:47,0,[OpportunityCardData_id:27]
6546002,808,1:3:49,0,[OpportunityCardData_id:27]
6546002,809,1:3:53,0,[OpportunityCardData_id:27,Safe,false]
6546002,810,1:3:55,0,[OpportunityCardData_id:27,PriorityData_type:4,15,Safe,Safe]
6546002,814,1:4:1,0,[2]
6546002,815,1:4:1,0,2,OpportunityCardData_id:13
6546002,816,1:4:3,0,2,OpportunityCardData_id:13
6546002,803,1:4:4,0,[OpportunityCardData_id:13,OpportunityCardConsequencesData_logId:0]
6546002,803,1:4:4,0,[OpportunityCardData_id:13,OpportunityCardConsequencesData_logId:1]
6546002,803,1:4:4,0,[OpportunityCardData_id:13,OpportunityCardConsequencesData_logId:2]
6546002,805,1:4:4,0,[OpportunityCardData_id:13]
6546002,806,1:4:5,0,[OpportunityCardData_id:13,PriorityData_type:3]
6546002,807,1:4:5,0,[OpportunityCardData_id:13]
6546002,808,1:4:8,0,[OpportunityCardData_id:13]
6546002,809,1:4:12,0,[OpportunityCardData_id:13,PriorityData_type:1,false]
6546002,810,1:4:14,0,[OpportunityCardData_id:13,PriorityData_type:2,15,PriorityData_type:1,15]
6546002,818,1:4:19,0,4
6546002,811,1:4:25,0,[OpportunityCardData_id:13,PriorityData_type:2,80,85,PriorityData_type:4,70,75]
6546002,1005,1:4:25,0,[1,1,3]
6546002,1001,1:4:29,0,[]
6546002,1003,1:4:29,1
6546002,210,1:4:34,1225,400
6546002,211,1:4:36,1197,484
6546002,210,1:4:37,1196,513
6546002,207,1:4:38,0,-400,-518.45
6546002,211,1:4:41,1139,493
6546002,212,1:4:42,2
6546002,210,1:4:42,1110,513
6546002,211,1:4:49,1179,588
6546002,213,1:4:49,0,s_otherStudent2_G7a1N,true
6546002,210,1:5:3,1170,304
6546002,207,1:5:6,0,-518.45,-98.45
6546002,207,1:5:6,0,-98.45,-53.45
6546002,207,1:5:7,0,-53.45,0
6546002,211,1:5:13,458,166
6546002,213,1:5:13,0,s_posterPlagiarism_gen,true
6546002,210,1:5:36,343,533
6546002,211,1:5:38,253,137
6546002,213,1:5:38,0,s_flag_gen,true
6546002,210,1:5:42,557,553
6546002,211,1:5:43,1112,358
6546002,207,1:5:43,0,0,-105
6546002,207,1:5:44,0,-105,-165
6546002,210,1:5:44,1075,427
6546002,211,1:5:45,869,449
6546002,213,1:5:45,0,c_teacherEng_G7a1N,false
6546002,1003,1:5:52,2
6546002,1004,1:5:54,0
6546002,900,1:5:56,0,[]
6546002,901,1:7:34,0,[PeopleData_id:0]
6546002,904,1:7:34,0,[PeopleData_id:0]
6546002,901,1:7:34,0,[PeopleData_id:3]
6546002,904,1:7:34,0,[PeopleData_id:3]
6546002,901,1:7:34,0,[PeopleData_id:4]
6546002,901,1:7:35,0,[PeopleData_id:3]
6546002,904,1:7:35,0,[PeopleData_id:3]
6546002,901,1:7:43,0,[PeopleData_id:4]
6546002,902,1:7:45,0,[PeopleData_id:4,PeopleData_data0Type]
6546002,902,1:7:45,0,[PeopleData_id:4,PeopleData_data0Type]
6546002,902,1:7:45,0,[PeopleData_id:4,PeopleData_data0Type]
6546002,903,1:7:47,0,[PeopleData_id4,PeopleData_data0Type]
6546002,902,1:7:49,0,[PeopleData_id:4,PeopleData_data1Type]
6546002,903,1:7:51,0,[PeopleData_id4,PeopleData_data1Type]
6546002,902,1:7:52,0,[PeopleData_id:4,PeopleData_data2Type]
6546002,903,1:7:55,0,[PeopleData_id4,PeopleData_data2Type]
6546002,902,1:7:55,0,[PeopleData_id:4,PeopleData_data3Type]
6546002,903,1:7:58,0,[PeopleData_id4,PeopleData_data3Type]
6546002,901,1:7:59,0,[PeopleData_id:0]
6546002,902,1:8:0,0,[PeopleData_id:0,PeopleData_data0Type]
6546002,903,1:8:2,0,[PeopleData_id0,PeopleData_data0Type]
6546002,902,1:8:2,0,[PeopleData_id:0,PeopleData_data0Type]
6546002,903,1:8:3,0,[PeopleData_id0,PeopleData_data0Type]
6546002,902,1:8:4,0,[PeopleData_id:0,PeopleData_data1Type]
6546002,903,1:8:4,0,[PeopleData_id0,PeopleData_data1Type]
6546002,902,1:8:5,0,[PeopleData_id:0,PeopleData_data2Type]
6546002,903,1:8:5,0,[PeopleData_id0,PeopleData_data2Type]
6546002,902,1:8:6,0,[PeopleData_id:0,PeopleData_data3Type]
6546002,903,1:8:6,0,[PeopleData_id0,PeopleData_data3Type]
6546002,901,1:8:8,0,[PeopleData_id:3]
6546002,902,1:8:8,0,[PeopleData_id:3,PeopleData_data0Type]
6546002,903,1:8:9,0,[PeopleData_id3,PeopleData_data0Type]
6546002,902,1:8:10,0,[PeopleData_id:3,PeopleData_data1Type]
6546002,903,1:8:10,0,[PeopleData_id3,PeopleData_data1Type]
6546002,902,1:8:11,0,[PeopleData_id:3,PeopleData_data2Type]
6546002,903,1:8:12,0,[PeopleData_id3,PeopleData_data2Type]
6546002,901,1:8:12,0,[PeopleData_id:2]
6546002,902,1:8:13,0,[PeopleData_id:2,PeopleData_data0Type]
6546002,903,1:8:14,0,[PeopleData_id2,PeopleData_data0Type]
6546002,902,1:8:14,0,[PeopleData_id:2,PeopleData_data1Type]
6546002,903,1:8:15,0,[PeopleData_id2,PeopleData_data1Type]
6546002,902,1:8:15,0,[PeopleData_id:2,PeopleData_data2Type]
6546002,903,1:8:16,0,[PeopleData_id2,PeopleData_data2Type]
6546002,902,1:8:16,0,[PeopleData_id:2,PeopleData_data3Type]
6546002,903,1:8:17,0,[PeopleData_id2,PeopleData_data3Type]
6546002,901,1:8:18,0,[PeopleData_id:1]
6546002,902,1:8:19,0,[PeopleData_id:1,PeopleData_data0Type]
6546002,903,1:8:20,0,[PeopleData_id1,PeopleData_data0Type]
6546002,902,1:8:20,0,[PeopleData_id:1,PeopleData_data1Type]
6546002,903,1:8:21,0,[PeopleData_id1,PeopleData_data1Type]
6546002,902,1:8:21,0,[PeopleData_id:1,PeopleData_data2Type]
6546002,903,1:8:22,0,[PeopleData_id1,PeopleData_data2Type]
6546002,902,1:8:22,0,[PeopleData_id:1,PeopleData_data3Type]
6546002,903,1:8:23,0,[PeopleData_id1,PeopleData_data3Type]
6546002,902,1:8:31,0,[PeopleData_id:1,PeopleData_data0Type]
6546002,903,1:8:39,0,[PeopleData_id1,PeopleData_data0Type]
6546002,902,1:8:42,0,[PeopleData_id:1,PeopleData_data3Type]
6546002,903,1:8:45,0,[PeopleData_id1,PeopleData_data3Type]
6546002,901,1:8:51,0,[PeopleData_id:1]
6546002,904,1:8:51,0,[PeopleData_id:1]
6546002,901,1:8:53,0,[PeopleData_id:1]
6546002,904,1:8:53,0,[PeopleData_id:1]
6546002,905,1:8:54,0,[PeopleData_id:1,RankTypes_id:-1,RankTypes_id:0]
6546002,901,1:8:56,0,[PeopleData_id:2]
6546002,904,1:8:56,0,[PeopleData_id:2]
6546002,902,1:8:57,0,[PeopleData_id:2,PeopleData_data0Type]
6546002,903,1:9:1,0,[PeopleData_id2,PeopleData_data0Type]
6546002,901,1:9:1,0,[PeopleData_id:2]
6546002,904,1:9:1,0,[PeopleData_id:2]
6546002,905,1:9:8,0,[PeopleData_id:2,RankTypes_id:-1,RankTypes_id:1]
6546002,901,1:9:10,0,[PeopleData_id:4]
6546002,904,1:9:10,0,[PeopleData_id:4]
6546002,902,1:9:11,0,[PeopleData_id:4,PeopleData_data0Type]
6546002,903,1:9:13,0,[PeopleData_id4,PeopleData_data0Type]
6546002,902,1:9:13,0,[PeopleData_id:4,PeopleData_data1Type]
6546002,902,1:9:15,0,[PeopleData_id:4,PeopleData_data2Type]
6546002,902,1:9:17,0,[PeopleData_id:4,PeopleData_data3Type]
6546002,903,1:9:19,0,[PeopleData_id4,PeopleData_data3Type]
6546002,901,1:9:20,0,[PeopleData_id:4]
6546002,904,1:9:20,0,[PeopleData_id:4]
6546002,905,1:9:21,0,[PeopleData_id:4,RankTypes_id:-1,RankTypes_id:1]
6546002,901,1:9:21,0,[PeopleData_id:3]
6546002,902,1:9:23,0,[PeopleData_id:3,PeopleData_data0Type]
6546002,903,1:9:26,0,[PeopleData_id3,PeopleData_data0Type]
6546002,901,1:9:30,0,[PeopleData_id:3]
6546002,904,1:9:30,0,[PeopleData_id:3]
6546002,905,1:9:31,0,[PeopleData_id:3,RankTypes_id:-1,RankTypes_id:2]
6546002,901,1:9:32,0,[PeopleData_id:0]
6546002,902,1:9:33,0,[PeopleData_id:0,PeopleData_data0Type]
6546002,902,1:9:38,0,[PeopleData_id:0,PeopleData_data1Type]
6546002,903,1:9:41,0,[PeopleData_id0,PeopleData_data1Type]
6546002,901,1:9:42,0,[PeopleData_id:0]
6546002,904,1:9:42,0,[PeopleData_id:0]
6546002,905,1:9:42,0,[PeopleData_id:0,RankTypes_id:-1,RankTypes_id:4]
6546002,906,1:9:42,0,[]
6546002,901,1:9:44,0,[PeopleData_id:0]
6546002,904,1:9:44,0,[PeopleData_id:0]
6546002,905,1:9:44,0,[PeopleData_id:0,RankTypes_id:4,RankTypes_id:4]
6546002,901,1:9:46,0,[PeopleData_id:3]
6546002,904,1:9:46,0,[PeopleData_id:3]
6546002,905,1:9:47,0,[PeopleData_id:3,RankTypes_id:2,RankTypes_id:3]
6546002,901,1:9:48,0,[PeopleData_id:3]
6546002,904,1:9:48,0,[PeopleData_id:3]
6546002,905,1:9:48,0,[PeopleData_id:3,RankTypes_id:3,RankTypes_id:3]
6546002,901,1:9:49,0,[PeopleData_id:4]
6546002,904,1:9:49,0,[PeopleData_id:4]
6546002,905,1:9:50,0,[PeopleData_id:4,RankTypes_id:1,RankTypes_id:2]
6546002,901,1:9:52,0,[PeopleData_id:2]
6546002,904,1:9:52,0,[PeopleData_id:2]
6546002,905,1:9:53,0,[PeopleData_id:2,RankTypes_id:1,RankTypes_id:1]
6546002,901,1:9:53,0,[PeopleData_id:1]
6546002,904,1:9:53,0,[PeopleData_id:1]
6546002,905,1:9:54,0,[PeopleData_id:1,RankTypes_id:0,RankTypes_id:0]
6546002,907,1:10:0,0,[]
6546002,908,1:10:0,0,[InvitationData_id:0,PeopleData_id:0,RankTypes_id:4]
6546002,901,1:10:7,0,[PeopleData_id:0]
6546002,902,1:10:9,0,[PeopleData_id:0,PeopleData_data1Type]
6546002,902,1:10:11,0,[PeopleData_id:0,PeopleData_data2Type]
6546002,909,1:10:15,0,[InvitationData_id:0,PeopleData_id:0,RankTypes_id:4,1]
6546002,910,1:10:17,0,[InvitationData_id:0,9,false]
6546002,908,1:10:17,0,[InvitationData_id:9,PeopleData_id:4,RankTypes_id:2]
6546002,909,1:10:22,0,[InvitationData_id:9,PeopleData_id:4,RankTypes_id:2,0]
6546002,910,1:10:23,0,[InvitationData_id:9,-2,false]
6546002,908,1:10:23,0,[InvitationData_id:5,PeopleData_id:4,RankTypes_id:2]
6546002,909,1:10:30,0,[InvitationData_id:5,PeopleData_id:4,RankTypes_id:2,0]
6546002,910,1:10:31,0,[InvitationData_id:5,-2,false]
6546002,908,1:10:31,0,[InvitationData_id:8,PeopleData_id:0,RankTypes_id:4]
6546002,909,1:10:34,0,[InvitationData_id:8,PeopleData_id:0,RankTypes_id:4,1]
6546002,910,1:10:35,0,[InvitationData_id:8,9,false]
6546002,908,1:10:35,0,[InvitationData_id:3,PeopleData_id:3,RankTypes_id:3]
6546002,909,1:10:38,0,[InvitationData_id:3,PeopleData_id:3,RankTypes_id:3,1]
6546002,910,1:10:39,0,[InvitationData_id:3,7,false]
6546002,908,1:10:39,0,[InvitationData_id:10,PeopleData_id:2,RankTypes_id:1]
6546002,909,1:10:48,0,[InvitationData_id:10,PeopleData_id:2,RankTypes_id:1,1]
6546002,910,1:10:49,0,[InvitationData_id:10,0,true]
6546002,908,1:10:49,0,[InvitationData_id:4,PeopleData_id:4,RankTypes_id:2]
6546002,909,1:10:56,0,[InvitationData_id:4,PeopleData_id:4,RankTypes_id:2,0]
6546002,910,1:10:57,0,[InvitationData_id:4,-2,false]
6546002,908,1:10:57,0,[InvitationData_id:1,PeopleData_id:0,RankTypes_id:4]
6546002,909,1:10:59,0,[InvitationData_id:1,PeopleData_id:0,RankTypes_id:4,1]
6546002,910,1:11:0,0,[InvitationData_id:1,9,false]
6546002,908,1:11:0,0,[InvitationData_id:6,PeopleData_id:0,RankTypes_id:4]
6546002,909,1:11:3,0,[InvitationData_id:6,PeopleData_id:0,RankTypes_id:4,1]
6546002,910,1:11:3,0,[InvitationData_id:6,9,false]
6546002,908,1:11:3,0,[InvitationData_id:2,PeopleData_id:2,RankTypes_id:1]
6546002,909,1:11:5,0,[InvitationData_id:2,PeopleData_id:2,RankTypes_id:1,0]
6546002,910,1:11:6,0,[InvitationData_id:2,0,false]
6546002,911,1:11:10,0,[37,1,0,1]
6546002,1005,1:11:10,0,[2,0,2]
6546002,1000,1:11:15,0,[]
6546002,900,1:11:16,0,[]
6546002,901,1:11:19,0,[PeopleData_id:1]
6546002,904,1:11:19,0,[PeopleData_id:1]
6546002,902,1:11:21,0,[PeopleData_id:1,PeopleData_data0Type]
6546002,902,1:11:25,0,[PeopleData_id:1,PeopleData_data0Type]
6546002,902,1:11:26,0,[PeopleData_id:1,PeopleData_data1Type]
6546002,902,1:11:29,0,[PeopleData_id:1,PeopleData_data2Type]
6546002,902,1:11:32,0,[PeopleData_id:1,PeopleData_data3Type]
6546002,903,1:11:34,0,[PeopleData_id1,PeopleData_data3Type]
6546002,901,1:11:35,0,[PeopleData_id:1]
6546002,904,1:11:35,0,[PeopleData_id:1]
6546002,905,1:11:35,0,[PeopleData_id:1,RankTypes_id:-1,RankTypes_id:0]
6546002,901,1:11:37,0,[PeopleData_id:1]
6546002,904,1:11:37,0,[PeopleData_id:1]
6546002,905,1:11:37,0,[PeopleData_id:1,RankTypes_id:0,RankTypes_id:0]
6546002,901,1:11:38,0,[PeopleData_id:0]
6546002,901,1:11:39,0,[PeopleData_id:0]
6546002,902,1:11:40,0,[PeopleData_id:0,PeopleData_data0Type]
6546002,902,1:11:44,0,[PeopleData_id:0,PeopleData_data1Type]
6546002,902,1:11:46,0,[PeopleData_id:0,PeopleData_data2Type]
6546002,902,1:11:48,0,[PeopleData_id:0,PeopleData_data3Type]
6546002,903,1:11:50,0,[PeopleData_id0,PeopleData_data3Type]
6546002,901,1:11:51,0,[PeopleData_id:0]
6546002,904,1:11:51,0,[PeopleData_id:0]
6546002,905,1:11:52,0,[PeopleData_id:0,RankTypes_id:-1,RankTypes_id:3]
6546002,901,1:11:53,0,[PeopleData_id:0]
6546002,904,1:11:53,0,[PeopleData_id:0]
6546002,905,1:11:54,0,[PeopleData_id:0,RankTypes_id:3,RankTypes_id:3]
6546002,901,1:11:55,0,[PeopleData_id:0]
6546002,904,1:11:55,0,[PeopleData_id:0]
6546002,905,1:11:56,0,[PeopleData_id:0,RankTypes_id:3,RankTypes_id:3]
6546002,901,1:12:3,0,[PeopleData_id:4]
6546002,904,1:12:3,0,[PeopleData_id:4]
6546002,902,1:12:4,0,[PeopleData_id:4,PeopleData_data0Type]
6546002,902,1:12:6,0,[PeopleData_id:4,PeopleData_data1Type]
6546002,902,1:12:7,0,[PeopleData_id:4,PeopleData_data2Type]
6546002,902,1:12:9,0,[PeopleData_id:4,PeopleData_data3Type]
6546002,903,1:12:11,0,[PeopleData_id4,PeopleData_data3Type]
6546002,901,1:12:12,0,[PeopleData_id:4]
6546002,904,1:12:12,0,[PeopleData_id:4]
6546002,905,1:12:13,0,[PeopleData_id:4,RankTypes_id:-1,RankTypes_id:0]
6546002,901,1:12:13,0,[PeopleData_id:3]
6546002,902,1:12:14,0,[PeopleData_id:3,PeopleData_data0Type]
6546002,902,1:12:16,0,[PeopleData_id:3,PeopleData_data1Type]
6546002,902,1:12:18,0,[PeopleData_id:3,PeopleData_data2Type]
6546002,903,1:12:20,0,[PeopleData_id3,PeopleData_data2Type]
6546002,901,1:12:21,0,[PeopleData_id:3]
6546002,904,1:12:21,0,[PeopleData_id:3]
6546002,905,1:12:23,0,[PeopleData_id:3,RankTypes_id:-1,RankTypes_id:4]
6546002,901,1:12:23,0,[PeopleData_id:3]
6546002,904,1:12:23,0,[PeopleData_id:3]
6546002,905,1:12:24,0,[PeopleData_id:3,RankTypes_id:4,RankTypes_id:4]
6546002,901,1:12:24,0,[PeopleData_id:3]
6546002,904,1:12:24,0,[PeopleData_id:3]
6546002,905,1:12:25,0,[PeopleData_id:3,RankTypes_id:4,RankTypes_id:4]
6546002,901,1:12:59,0,[PeopleData_id:2]
6546002,904,1:12:59,0,[PeopleData_id:2]
6546002,902,1:13:0,0,[PeopleData_id:2,PeopleData_data0Type]
6546002,902,1:13:2,0,[PeopleData_id:2,PeopleData_data1Type]
6546002,902,1:13:5,0,[PeopleData_id:2,PeopleData_data2Type]
6546002,902,1:13:7,0,[PeopleData_id:2,PeopleData_data3Type]
6546002,903,1:13:10,0,[PeopleData_id2,PeopleData_data3Type]
6546002,901,1:13:11,0,[PeopleData_id:2]
6546002,904,1:13:11,0,[PeopleData_id:2]
6546002,905,1:13:11,0,[PeopleData_id:2,RankTypes_id:-1,RankTypes_id:0]
6546002,906,1:13:11,0,[]
6546002,907,1:13:14,0,[]
6546002,908,1:13:14,0,[InvitationData_id:6,PeopleData_id:3,RankTypes_id:4]
6546002,909,1:13:18,0,[InvitationData_id:6,PeopleData_id:3,RankTypes_id:4,1]
6546002,910,1:13:18,0,[InvitationData_id:6,9,false]
6546002,908,1:13:18,0,[InvitationData_id:8,PeopleData_id:3,RankTypes_id:4]
6546002,909,1:13:24,0,[InvitationData_id:8,PeopleData_id:3,RankTypes_id:4,0]
6546002,910,1:13:25,0,[InvitationData_id:8,-11,false]
6546002,908,1:13:25,0,[InvitationData_id:3,PeopleData_id:3,RankTypes_id:4]
6546002,909,1:13:28,0,[InvitationData_id:3,PeopleData_id:3,RankTypes_id:4,1]
6546002,910,1:13:28,0,[InvitationData_id:3,9,false]
6546002,908,1:13:28,0,[InvitationData_id:1,PeopleData_id:0,RankTypes_id:3]
6546002,909,1:13:35,0,[InvitationData_id:1,PeopleData_id:0,RankTypes_id:3,1]
6546002,910,1:13:36,0,[InvitationData_id:1,7,false]
6546002,908,1:13:36,0,[InvitationData_id:0,PeopleData_id:3,RankTypes_id:4]
6546002,909,1:13:39,0,[InvitationData_id:0,PeopleData_id:3,RankTypes_id:4,1]
6546002,910,1:13:41,0,[InvitationData_id:0,9,false]
6546002,911,1:13:44,0,[23,0,1,0]
6546002,1001,1:13:48,0,[]
6546002,1003,1:13:48,2
6546002,1004,1:13:49,0
6546002,900,1:13:51,0,[]
6546002,901,1:13:53,0,[PeopleData_id:0]
6546002,902,1:13:54,0,[PeopleData_id:0,PeopleData_data0Type]
6546002,902,1:13:56,0,[PeopleData_id:0,PeopleData_data1Type]
6546002,902,1:13:59,0,[PeopleData_id:0,PeopleData_data2Type]
6546002,902,1:14:2,0,[PeopleData_id:0,PeopleData_data3Type]
6546002,903,1:14:5,0,[PeopleData_id0,PeopleData_data3Type]
6546002,901,1:14:6,0,[PeopleData_id:0]
6546002,904,1:14:6,0,[PeopleData_id:0]
6546002,905,1:14:7,0,[PeopleData_id:0,RankTypes_id:-1,RankTypes_id:3]
6546002,901,1:14:8,0,[PeopleData_id:1]
6546002,902,1:14:9,0,[PeopleData_id:1,PeopleData_data0Type]
6546002,902,1:14:12,0,[PeopleData_id:1,PeopleData_data1Type]
6546002,903,1:14:13,0,[PeopleData_id1,PeopleData_data1Type]
6546002,901,1:14:13,0,[PeopleData_id:1]
6546002,904,1:14:13,0,[PeopleData_id:1]
6546002,905,1:14:14,0,[PeopleData_id:1,RankTypes_id:-1,RankTypes_id:0]
6546002,901,1:14:14,0,[PeopleData_id:2]
6546002,901,1:14:15,0,[PeopleData_id:4]
6546002,902,1:14:16,0,[PeopleData_id:4,PeopleData_data0Type]
6546002,902,1:14:18,0,[PeopleData_id:4,PeopleData_data1Type]
6546002,903,1:14:21,0,[PeopleData_id4,PeopleData_data1Type]
6546002,901,1:14:22,0,[PeopleData_id:4]
6546002,904,1:14:22,0,[PeopleData_id:4]
6546002,905,1:14:22,0,[PeopleData_id:4,RankTypes_id:-1,RankTypes_id:0]
6546002,901,1:14:23,0,[PeopleData_id:2]
6546002,904,1:14:23,0,[PeopleData_id:2]
6546002,902,1:14:25,0,[PeopleData_id:2,PeopleData_data0Type]
6546002,902,1:14:27,0,[PeopleData_id:2,PeopleData_data1Type]
6546002,903,1:14:29,0,[PeopleData_id2,PeopleData_data1Type]
6546002,901,1:14:29,0,[PeopleData_id:2]
6546002,904,1:14:29,0,[PeopleData_id:2]
6546002,905,1:14:30,0,[PeopleData_id:2,RankTypes_id:-1,RankTypes_id:1]
6546002,901,1:14:31,0,[PeopleData_id:3]
6546002,902,1:14:32,0,[PeopleData_id:3,PeopleData_data0Type]
6546002,902,1:14:34,0,[PeopleData_id:3,PeopleData_data1Type]
6546002,902,1:14:36,0,[PeopleData_id:3,PeopleData_data2Type]
6546002,903,1:14:38,0,[PeopleData_id3,PeopleData_data2Type]
6546002,901,1:14:38,0,[PeopleData_id:3]
6546002,904,1:14:39,0,[PeopleData_id:3]
6546002,905,1:14:39,0,[PeopleData_id:3,RankTypes_id:-1,RankTypes_id:4]
6546002,906,1:14:39,0,[]
6546002,907,1:14:40,0,[]
6546002,908,1:14:40,0,[InvitationData_id:2,PeopleData_id:2,RankTypes_id:1]
6546002,909,1:14:43,0,[InvitationData_id:2,PeopleData_id:2,RankTypes_id:1,0]
6546002,910,1:14:43,0,[InvitationData_id:2,0,false]
6546002,908,1:14:43,0,[InvitationData_id:1,PeopleData_id:0,RankTypes_id:3]
6546002,909,1:14:45,0,[InvitationData_id:1,PeopleData_id:0,RankTypes_id:3,1]
6546002,910,1:14:46,0,[InvitationData_id:1,7,false]
6546002,908,1:14:46,0,[InvitationData_id:6,PeopleData_id:3,RankTypes_id:4]
6546002,909,1:14:49,0,[InvitationData_id:6,PeopleData_id:3,RankTypes_id:4,1]
6546002,910,1:14:49,0,[InvitationData_id:6,9,false]
6546002,908,1:14:49,0,[InvitationData_id:4,PeopleData_id:2,RankTypes_id:1]
6546002,909,1:14:52,0,[InvitationData_id:4,PeopleData_id:2,RankTypes_id:1,0]
6546002,910,1:14:52,0,[InvitationData_id:4,0,false]
6546002,908,1:14:52,0,[InvitationData_id:10,PeopleData_id:2,RankTypes_id:1]
6546002,909,1:14:56,0,[InvitationData_id:10,PeopleData_id:2,RankTypes_id:1,1]
6546002,910,1:14:57,0,[InvitationData_id:10,0,true]
6546002,908,1:14:57,0,[InvitationData_id:3,PeopleData_id:3,RankTypes_id:4]
6546002,909,1:14:59,0,[InvitationData_id:3,PeopleData_id:3,RankTypes_id:4,1]
6546002,910,1:15:0,0,[InvitationData_id:3,9,false]
6546002,908,1:15:0,0,[InvitationData_id:8,PeopleData_id:3,RankTypes_id:4]
6546002,909,1:15:3,0,[InvitationData_id:8,PeopleData_id:3,RankTypes_id:4,1]
6546002,910,1:15:3,0,[InvitationData_id:8,9,false]
6546002,908,1:15:3,0,[InvitationData_id:0,PeopleData_id:3,RankTypes_id:4]
6546002,909,1:15:5,0,[InvitationData_id:0,PeopleData_id:3,RankTypes_id:4,1]
6546002,910,1:15:6,0,[InvitationData_id:0,9,false]
6546002,911,1:15:7,0,[43,1,0,1]
6546002,1001,1:15:11,0,[]
6546002,1003,1:15:11,2
6546002,210,1:15:14,783,428
6546002,211,1:15:14,853,416
6546002,213,1:15:14,0,c_teacherEng_G7a1N,true
6546002,205,1:15:14,0,c_teacherEng_G7a1N,false,false
6546002,210,1:15:19,1086,523
6546002,211,1:15:20,1040,530
6546002,213,1:15:20,0,c_bestFriend_F_a_G7a1N,true
6546002,205,1:15:20,0,c_bestFriend_F_a_G7a1N,false,false
6546002,210,1:15:24,1088,516
6546002,207,1:15:25,0,-400,-518.45
6546002,207,1:15:29,0,-518.45,-113.45
6546002,207,1:15:30,0,-113.45,0
6546002,211,1:15:31,601,564
6546002,213,1:15:31,0,s_otherStudent1_G7a1N,true
6546002,212,1:15:33,1
6546002,210,1:15:33,397,425
6546002,207,1:15:38,0,0,-518.45
6546002,211,1:15:42,1015,596
6546002,212,1:15:42,0
6546002,210,1:15:44,939,375
6546002,211,1:15:48,160,586
6546002,207,1:15:48,0,-518.45,-143.45
6546002,210,1:15:49,137,453
6546002,207,1:15:49,0,-143.45,-68.45
6546002,207,1:15:52,0,-68.45,-323.45
6546002,211,1:15:52,903,534
6546002,210,1:16:22,642,516
6546002,211,1:16:22,751,523
6546002,210,1:16:22,996,429
6546002,211,1:16:22,1207,385
6546002,212,1:16:23,2
6546002,210,1:16:23,1306,529
6546002,211,1:16:25,1062,552
6546002,213,1:16:25,0,c_bestFriend_F_a_G7a1N,true
6546002,205,1:16:25,0,c_bestFriend_F_a_G7a1N,false,true
6546002,212,1:16:38,1
6546002,210,1:16:39,977,493
6546002,211,1:16:40,994,453
6546002,212,1:16:41,2
6546002,210,1:16:41,1003,501
6546002,211,1:16:41,851,400
6546002,213,1:16:41,0,c_teacherEng_G7a1N,true
6546002,205,1:16:41,0,c_teacherEng_G7a1N,false,true
6546002,210,1:16:51,916,487
6546002,211,1:16:53,729,493
6546002,221,1:16:56,0
6546002,220,1:17:42,0
6546002,212,1:17:42,1
6546002,210,1:17:43,668,536
6546002,211,1:17:45,687,600
6546002,213,1:17:45,0,s_otherStudent1_G7a0,true
6546002,210,1:17:52,656,526
6546002,211,1:17:55,1092,612
6546002,213,1:17:55,0,s_vocabAssignment_G7a0,true
6546002,210,1:17:58,524,375
6546002,211,1:17:59,179,120
6546002,207,1:17:59,0,-200,-110
6546002,210,1:18:0,226,149
6546002,211,1:18:0,264,162
6546002,213,1:18:0,0,s_flag_gen,true
6546002,205,1:18:0,0,s_flag_gen,false,false
6546002,210,1:18:4,572,496
6546002,207,1:18:6,0,-110,0
6546002,211,1:18:13,594,134
6546002,213,1:18:13,0,s_atwoodPoster_gen,true
6546002,210,1:18:19,456,499
6546002,207,1:18:22,0,0,-435
6546002,207,1:18:23,0,-435,-518.45
6546002,211,1:18:25,446,603
6546002,207,1:18:25,0,-518.45,-428.45
6546002,207,1:18:26,0,-428.45,-368.45
6546002,210,1:18:26,454,600
6546002,211,1:18:26,881,554
6546002,221,1:18:29,0
6546002,220,1:18:34,0
6546002,210,1:18:36,1094,540
6546002,211,1:18:37,1079,609
6546002,213,1:18:37,0,s_vocabAssignment_G7a0,true
6546002,212,1:18:40,2
6546002,221,1:18:41,0
6546002,220,1:18:44,0
6546002,210,1:18:45,786,446
6546002,211,1:18:45,843,472
6546002,213,1:18:45,0,c_teacherEng_G7a0,true
6546002,205,1:18:45,0,c_teacherEng_G7a0,false,false
6546002,221,1:18:51,0
6546002,220,1:18:54,0
6546002,210,1:18:54,687,435
6546002,211,1:18:55,889,579
6546002,210,1:18:57,885,477
6546002,211,1:19:1,881,513
6546002,213,1:19:1,0,c_teacherEng_G7a1N,true
6546002,205,1:19:1,0,c_teacherEng_G7a1N,false,true
6546002,210,1:19:4,837,509
6546002,207,1:19:6,0,-400,-518.45
6546002,211,1:19:7,1476,115
6546002,210,1:19:9,1322,445
6546002,207,1:19:11,0,-518.45,0
6546002,207,1:19:16,0,0,-330
6546002,211,1:19:16,1223,595
6546002,221,1:19:20,0
6546002,220,1:19:21,0
6546002,210,1:19:22,604,526
6546002,211,1:19:23,764,591
6546002,212,1:19:23,0
6546002,210,1:19:24,965,462
6546002,207,1:19:25,0,-200,-518.45
6546002,211,1:19:26,1422,526
6546002,212,1:19:27,1
6546002,210,1:19:27,1198,505
6546002,211,1:19:30,1253,380
6546002,213,1:19:30,0,s_doorClassroom_G7a0,true
6546002,210,1:19:34,1176,456
6546002,207,1:19:38,0,-518.45,0
6546002,211,1:19:39,202,436
6546002,210,1:19:40,201,482
6546002,211,1:19:40,210,485
6546002,213,1:19:40,0,c_crewKid1_F_G7a0,true
6546002,210,1:19:47,399,546
6546002,211,1:19:50,667,607
6546002,213,1:19:50,0,s_otherStudent1_G7a0,true
6546002,210,1:19:51,640,571
6546002,207,1:19:52,0,0,-255
6546002,207,1:19:54,0,-255,-495
6546002,207,1:19:56,0,-495,-518.45
6546002,211,1:20:1,820,426
6546002,212,1:20:2,2
6546002,210,1:20:3,1000,487
6546002,211,1:20:4,978,537
6546002,213,1:20:4,0,c_bestFriend_F_a_G7a0,true
6546002,205,1:20:4,0,c_bestFriend_F_a_G7a0,false,false
6546002,221,1:20:10,0
6546002,220,1:20:12,0
6546002,212,1:20:14,1
6546002,210,1:20:14,1250,513
6546002,211,1:20:16,1215,481
6546002,213,1:20:16,0,s_otherStudent2_G7a1N,true
6546002,210,1:20:18,931,504
6546002,211,1:20:19,683,629
6546002,210,1:20:20,720,576
6546002,211,1:20:20,651,572
6546002,213,1:20:20,0,s_otherStudent1_G7a1N,true
6546002,210,1:20:22,915,490
6546002,211,1:20:23,72,614
6546002,207,1:20:23,0,-400,-55
6546002,207,1:20:24,0,-55,-25
6546002,210,1:20:24,128,470
6546002,207,1:20:24,0,-25,0
6546002,211,1:20:25,4,589
6546002,210,1:20:25,92,542
6546002,211,1:20:25,222,465
6546002,213,1:20:25,0,c_crewKid1_F_G7a1N,true
6546002,210,1:20:28,244,554
6546002,211,1:20:29,265,115
6546002,213,1:20:29,0,s_flag_gen,true
6546002,210,1:20:32,417,410
6546002,211,1:20:33,470,217
6546002,213,1:20:33,0,s_posterPlagiarism_gen,true
6546002,210,1:20:35,412,475
6546002,211,1:20:36,1049,576
6546002,207,1:20:36,0,0,-45
6546002,207,1:20:37,0,-45,-75
6546002,210,1:20:37,988,585
6546002,207,1:20:38,0,-75,-518.45
6546002,211,1:20:40,1167,603
6546002,213,1:20:40,0,s_otherStudent2_G7a1N,true
6546002,210,1:20:42,1139,582
6546002,211,1:20:48,538,537
6546002,207,1:20:48,0,-518.45,-503.45
6546002,207,1:20:48,0,-503.45,-488.45
6546002,210,1:20:48,640,483
6546002,207,1:20:49,0,-488.45,-203.45
6546002,211,1:20:51,658,601
6546002,213,1:20:51,0,s_otherStudent1_G7a1N,true
6546002,221,1:21:1,0
6546002,220,1:21:41,0
6546002,210,1:21:42,692,462
6546002,211,1:21:43,744,479
6546002,210,1:21:45,772,514
6546002,211,1:21:46,742,517
6546002,212,1:21:48,2
6546002,210,1:21:48,778,511
6546002,211,1:21:51,756,302
6546002,221,1:22:9,0
6546002,220,1:22:32,0
6546002,212,1:22:36,1
6546002,210,1:22:36,715,434
6546002,211,1:22:39,779,312
6546002,213,1:22:39,0,s_paperPlayers_G7a1N,true
6546002,205,1:22:39,0,s_paperPlayers_G7a1N,false,false
6546002,221,1:22:56,0
6546002,220,1:22:57,0
6546002,219,1:22:57,0
6546002,216,1:22:58,Stack_G7a1P
6546002,217,1:23:8,Stack_G7a1P,7.7,0.00
6546002,218,1:23:10,0
6546002,210,1:23:12,1317,474
6546002,207,1:23:14,0,-400,-460
6546002,211,1:23:15,1438,662
6546002,207,1:23:15,0,-460,-490
6546002,210,1:23:16,1198,279
6546002,211,1:23:18,748,450
6546002,213,1:23:18,0,c_teacherEng_G7a1P,true
6546002,205,1:23:18,0,c_teacherEng_G7a1P,false,false
6546002,210,1:23:21,924,501
6546002,207,1:23:24,0,-490,-10
6546002,211,1:23:28,582,546
6546002,212,1:23:29,2
6546002,210,1:23:29,837,490
6546002,211,1:23:33,261,130
6546002,213,1:23:33,0,s_flag_gen,false
6546002,1003,1:23:37,2
6546002,1004,1:23:39,0
6546002,900,1:23:44,0,[]
6546002,901,1:23:45,0,[PeopleData_id:0]
6546002,902,1:23:46,0,[PeopleData_id:0,PeopleData_data0Type]
6546002,902,1:23:48,0,[PeopleData_id:0,PeopleData_data1Type]
6546002,903,1:23:51,0,[PeopleData_id0,PeopleData_data1Type]
6546002,901,1:23:51,0,[PeopleData_id:4]
6546002,901,1:23:52,0,[PeopleData_id:0]
6546002,904,1:23:52,0,[PeopleData_id:0]
6546002,905,1:23:53,0,[PeopleData_id:0,RankTypes_id:-1,RankTypes_id:3]
6546002,901,1:23:53,0,[PeopleData_id:3]
6546002,904,1:23:53,0,[PeopleData_id:3]
6546002,901,1:23:54,0,[PeopleData_id:3]
6546002,902,1:23:55,0,[PeopleData_id:3,PeopleData_data0Type]
6546002,903,1:24:1,0,[PeopleData_id3,PeopleData_data0Type]
6546002,901,1:24:2,0,[PeopleData_id:3]
6546002,904,1:24:2,0,[PeopleData_id:3]
6546002,905,1:24:3,0,[PeopleData_id:3,RankTypes_id:-1,RankTypes_id:3]
6546002,901,1:24:3,0,[PeopleData_id:4]
6546002,902,1:24:5,0,[PeopleData_id:4,PeopleData_data3Type]
6546002,903,1:24:7,0,[PeopleData_id4,PeopleData_data3Type]
6546002,901,1:24:8,0,[PeopleData_id:4]
6546002,904,1:24:8,0,[PeopleData_id:4]
6546002,905,1:24:9,0,[PeopleData_id:4,RankTypes_id:-1,RankTypes_id:0]
6546002,901,1:24:9,0,[PeopleData_id:2]
6546002,902,1:24:11,0,[PeopleData_id:2,PeopleData_data0Type]
6546002,902,1:24:13,0,[PeopleData_id:2,PeopleData_data1Type]
6546002,903,1:24:15,0,[PeopleData_id2,PeopleData_data1Type]
6546002,901,1:24:15,0,[PeopleData_id:2]
6546002,904,1:24:15,0,[PeopleData_id:2]
6546002,905,1:24:17,0,[PeopleData_id:2,RankTypes_id:-1,RankTypes_id:2]
6546002,901,1:24:18,0,[PeopleData_id:2]
6546002,904,1:24:18,0,[PeopleData_id:2]
6546002,905,1:24:18,0,[PeopleData_id:2,RankTypes_id:2,RankTypes_id:1]
6546002,901,1:24:19,0,[PeopleData_id:1]
6546002,902,1:24:20,0,[PeopleData_id:1,PeopleData_data2Type]
6546002,903,1:24:22,0,[PeopleData_id1,PeopleData_data2Type]
6546002,901,1:24:23,0,[PeopleData_id:1]
6546002,904,1:24:23,0,[PeopleData_id:1]
6546002,905,1:24:23,0,[PeopleData_id:1,RankTypes_id:-1,RankTypes_id:0]
6546002,906,1:24:23,0,[]
6546002,907,1:24:34,0,[]
6546002,908,1:24:34,0,[InvitationData_id:8,PeopleData_id:0,RankTypes_id:3]
6546002,909,1:24:38,0,[InvitationData_id:8,PeopleData_id:0,RankTypes_id:3,0]
6546002,910,1:24:40,0,[InvitationData_id:8,-7,false]
6546002,908,1:24:40,0,[InvitationData_id:4,PeopleData_id:2,RankTypes_id:1]
6546002,909,1:24:42,0,[InvitationData_id:4,PeopleData_id:2,RankTypes_id:1,0]
6546002,910,1:24:43,0,[InvitationData_id:4,0,false]
6546002,908,1:24:43,0,[InvitationData_id:3,PeopleData_id:3,RankTypes_id:3]
6546002,909,1:24:46,0,[InvitationData_id:3,PeopleData_id:3,RankTypes_id:3,1]
6546002,910,1:24:47,0,[InvitationData_id:3,7,false]
6546002,908,1:24:47,0,[InvitationData_id:6,PeopleData_id:0,RankTypes_id:3]
6546002,909,1:24:50,0,[InvitationData_id:6,PeopleData_id:0,RankTypes_id:3,1]
6546002,910,1:24:50,0,[InvitationData_id:6,7,false]
6546002,908,1:24:50,0,[InvitationData_id:1,PeopleData_id:0,RankTypes_id:3]
6546002,909,1:24:53,0,[InvitationData_id:1,PeopleData_id:0,RankTypes_id:3,0]
6546002,910,1:24:54,0,[InvitationData_id:1,-7,false]
6546002,908,1:24:54,0,[InvitationData_id:2,PeopleData_id:2,RankTypes_id:1]
6546002,909,1:24:56,0,[InvitationData_id:2,PeopleData_id:2,RankTypes_id:1,0]
6546002,910,1:24:56,0,[InvitationData_id:2,0,false]
6546002,908,1:24:56,0,[InvitationData_id:10,PeopleData_id:2,RankTypes_id:1]
6546002,909,1:24:59,0,[InvitationData_id:10,PeopleData_id:2,RankTypes_id:1,0]
6546002,910,1:24:59,0,[InvitationData_id:10,0,false]
6546002,908,1:24:59,0,[InvitationData_id:0,PeopleData_id:0,RankTypes_id:3]
6546002,909,1:25:1,0,[InvitationData_id:0,PeopleData_id:0,RankTypes_id:3,1]
6546002,910,1:25:2,0,[InvitationData_id:0,7,false]
6546002,911,1:25:5,0,[7,0,2,0]
6546002,1001,1:25:6,0,[]
6546002,1003,1:25:6,2
6546002,1004,1:25:7,0
6546002,900,1:25:10,0,[]
6546002,901,1:25:29,0,[PeopleData_id:0]
6546002,904,1:25:29,0,[PeopleData_id:0]
6546002,902,1:25:30,0,[PeopleData_id:0,PeopleData_data0Type]
6546002,902,1:25:32,0,[PeopleData_id:0,PeopleData_data1Type]
6546002,902,1:25:34,0,[PeopleData_id:0,PeopleData_data2Type]
6546002,903,1:25:35,0,[PeopleData_id0,PeopleData_data2Type]
6546002,901,1:25:36,0,[PeopleData_id:0]
6546002,904,1:25:36,0,[PeopleData_id:0]
6546002,905,1:25:36,0,[PeopleData_id:0,RankTypes_id:-1,RankTypes_id:3]
6546002,901,1:25:38,0,[PeopleData_id:2]
6546002,902,1:25:42,0,[PeopleData_id:2,PeopleData_data0Type]
6546002,902,1:25:44,0,[PeopleData_id:2,PeopleData_data3Type]
6546002,903,1:25:47,0,[PeopleData_id2,PeopleData_data3Type]
6546002,902,1:25:47,0,[PeopleData_id:2,PeopleData_data1Type]
6546002,902,1:25:49,0,[PeopleData_id:2,PeopleData_data2Type]
6546002,903,1:25:51,0,[PeopleData_id2,PeopleData_data2Type]
6546002,901,1:25:51,0,[PeopleData_id:2]
6546002,904,1:25:51,0,[PeopleData_id:2]
6546002,905,1:25:53,0,[PeopleData_id:2,RankTypes_id:-1,RankTypes_id:0]
6546002,901,1:25:53,0,[PeopleData_id:3]
6546002,902,1:25:54,0,[PeopleData_id:3,PeopleData_data2Type]
6546002,902,1:25:56,0,[PeopleData_id:3,PeopleData_data1Type]
6546002,902,1:25:57,0,[PeopleData_id:3,PeopleData_data0Type]
6546002,903,1:25:59,0,[PeopleData_id3,PeopleData_data0Type]
6546002,901,1:25:59,0,[PeopleData_id:3]
6546002,904,1:25:59,0,[PeopleData_id:3]
6546002,905,1:26:0,0,[PeopleData_id:3,RankTypes_id:-1,RankTypes_id:4]
6546002,901,1:26:0,0,[PeopleData_id:1]
6546002,902,1:26:1,0,[PeopleData_id:1,PeopleData_data3Type]
6546002,902,1:26:4,0,[PeopleData_id:1,PeopleData_data2Type]
6546002,903,1:26:7,0,[PeopleData_id1,PeopleData_data2Type]
6546002,901,1:26:7,0,[PeopleData_id:1]
6546002,904,1:26:7,0,[PeopleData_id:1]
6546002,905,1:26:8,0,[PeopleData_id:1,RankTypes_id:-1,RankTypes_id:0]
6546002,901,1:26:8,0,[PeopleData_id:4]
6546002,902,1:26:9,0,[PeopleData_id:4,PeopleData_data2Type]
6546002,902,1:26:10,0,[PeopleData_id:4,PeopleData_data1Type]
6546002,902,1:26:12,0,[PeopleData_id:4,PeopleData_data0Type]
6546002,903,1:26:13,0,[PeopleData_id4,PeopleData_data0Type]
6546002,901,1:26:13,0,[PeopleData_id:4]
6546002,904,1:26:13,0,[PeopleData_id:4]
6546002,905,1:26:14,0,[PeopleData_id:4,RankTypes_id:-1,RankTypes_id:0]
6546002,906,1:26:14,0,[]
6546002,907,1:26:15,0,[]
6546002,908,1:26:15,0,[InvitationData_id:6,PeopleData_id:3,RankTypes_id:4]
6546002,909,1:26:18,0,[InvitationData_id:6,PeopleData_id:3,RankTypes_id:4,1]
6546002,910,1:26:19,0,[InvitationData_id:6,9,false]
6546002,908,1:26:19,0,[InvitationData_id:3,PeopleData_id:3,RankTypes_id:4]
6546002,909,1:26:24,0,[InvitationData_id:3,PeopleData_id:3,RankTypes_id:4,1]
6546002,910,1:26:24,0,[InvitationData_id:3,9,false]
6546002,908,1:26:24,0,[InvitationData_id:1,PeopleData_id:0,RankTypes_id:3]
6546002,909,1:26:28,0,[InvitationData_id:1,PeopleData_id:0,RankTypes_id:3,1]
6546002,910,1:26:29,0,[InvitationData_id:1,7,false]
6546002,908,1:26:29,0,[InvitationData_id:8,PeopleData_id:3,RankTypes_id:4]
6546002,909,1:26:33,0,[InvitationData_id:8,PeopleData_id:3,RankTypes_id:4,1]
6546002,910,1:26:34,0,[InvitationData_id:8,9,false]
6546002,908,1:26:34,0,[InvitationData_id:0,PeopleData_id:3,RankTypes_id:4]
6546002,909,1:26:35,0,[InvitationData_id:0,PeopleData_id:3,RankTypes_id:4,1]
6546002,910,1:26:36,0,[InvitationData_id:0,9,false]
6546002,911,1:26:39,0,[43,0,0,0]
6546002,1005,1:26:39,0,[2,2,3]
6546002,1001,1:26:41,0,[]
6546002,1003,1:26:41,2
6546002,210,1:26:59,606,400
6546002,211,1:27:1,165,358
6546002,207,1:27:1,0,-400,-145
6546002,210,1:27:2,123,579
6546002,207,1:27:2,0,-145,-70
6546002,211,1:27:3,263,120
6546002,213,1:27:3,0,s_flag_gen,true
6546002,205,1:27:3,0,s_flag_gen,false,false
6546002,212,1:27:8,1
6546002,221,1:27:9,0
6546002,220,1:27:11,0
6546002,212,1:27:12,0
6546002,210,1:27:12,635,434
6546002,207,1:27:13,0,-70,-10
6546002,207,1:27:15,0,-10,-190
6546002,211,1:27:15,953,462
6546002,213,1:27:15,0,c_bestFriend_F_a_G7a1P,true
6546002,1003,1:27:18,0
6546002,1004,1:27:19,0
6546002,400,1:27:22,0,[]
6546002,401,1:27:40,0,[StatementsData_logId:0]
6546002,402,1:27:48,0,[StatementsData_logId:0,false]
6546002,405,1:27:50,0,[StatementsData_logId:0]
6546002,406,1:27:57,0,[StatementsData_logId:0,-2]
6546002,411,1:27:58,0,[StatementsData_logId:0]
6546002,401,1:28:3,0,[StatementsData_logId:1]
6546002,402,1:28:4,0,[StatementsData_logId:1,true]
6546002,405,1:28:5,0,[StatementsData_logId:1]
6546002,406,1:28:10,0,[StatementsData_logId:1,2]
6546002,411,1:28:13,0,[StatementsData_logId:1]
6546002,401,1:28:18,0,[StatementsData_logId:2]
6546002,402,1:28:19,0,[StatementsData_logId:2,false]
6546002,405,1:28:20,0,[StatementsData_logId:2]
6546002,406,1:28:24,0,[StatementsData_logId:2,-2]
6546002,411,1:28:27,0,[StatementsData_logId:2]
6546002,401,1:28:28,0,[StatementsData_logId:3]
6546002,402,1:28:41,0,[StatementsData_logId:3,false]
6546002,405,1:28:42,0,[StatementsData_logId:3]
6546002,406,1:28:46,0,[StatementsData_logId:3,-2]
6546002,411,1:28:48,0,[StatementsData_logId:3]
6546002,401,1:28:51,0,[StatementsData_logId:4]
6546002,402,1:28:53,0,[StatementsData_logId:4,true]
6546002,405,1:28:53,0,[StatementsData_logId:4]
6546002,406,1:28:54,0,[StatementsData_logId:4,2]
6546002,411,1:28:56,0,[StatementsData_logId:4]
6546002,401,1:29:2,0,[StatementsData_logId:5]
6546002,402,1:29:5,0,[StatementsData_logId:5,false]
6546002,405,1:29:5,0,[StatementsData_logId:5]
6546002,406,1:29:6,0,[StatementsData_logId:5,-2]
6546002,411,1:29:8,0,[StatementsData_logId:5]
6546002,420,1:29:8,0,[28]
6546002,1001,1:29:10,0,[]
6546002,1003,1:29:10,0
6546002,1004,1:29:11,0
6546002,400,1:29:12,0,[]
6546002,401,1:29:18,0,[StatementsData_logId:0]
6546002,403,1:29:18,0,[StatementsData_logId:0,true]
6546002,405,1:29:19,0,[StatementsData_logId:0]
6546002,406,1:29:25,0,[StatementsData_logId:0,2]
6546002,407,1:29:25,0,[StatementsData_logId:0,FactCardData_id:0]
6546002,407,1:29:25,0,[StatementsData_logId:0,FactCardData_id:3]
6546002,407,1:29:25,0,[StatementsData_logId:0,FactCardData_id:6]
6546002,407,1:29:25,0,[StatementsData_logId:0,FactCardData_id:5]
6546002,407,1:29:25,0,[StatementsData_logId:0,FactCardData_id:7]
6546002,407,1:29:25,0,[StatementsData_logId:0,FactCardData_id:4]
6546002,407,1:29:32,0,[StatementsData_logId:0,FactCardData_id:0]
6546002,407,1:29:32,0,[StatementsData_logId:0,FactCardData_id:0]
6546002,408,1:29:33,0,[StatementsData_logId:0,FactCardData_id:0,false]
6546002,406,1:30:36,0,[StatementsData_logId:0,-2]
6546002,411,1:30:39,0,[StatementsData_logId:0]
6546002,401,1:30:41,0,[StatementsData_logId:1]
6546002,402,1:30:42,0,[StatementsData_logId:1,true]
6546002,405,1:30:42,0,[StatementsData_logId:1]
6546002,406,1:30:48,0,[StatementsData_logId:1,2]
6546002,411,1:30:50,0,[StatementsData_logId:1]
6546002,401,1:30:53,0,[StatementsData_logId:2]
6546002,403,1:30:54,0,[StatementsData_logId:2,false]
6546002,405,1:30:56,0,[StatementsData_logId:2]
6546002,406,1:31:5,0,[StatementsData_logId:2,-2]
6546002,411,1:31:6,0,[StatementsData_logId:2]
6546002,401,1:31:10,0,[StatementsData_logId:3]
6546002,402,1:31:13,0,[StatementsData_logId:3,false]
6546002,405,1:31:14,0,[StatementsData_logId:3]
6546002,406,1:31:18,0,[StatementsData_logId:3,-2]
6546002,411,1:31:26,0,[StatementsData_logId:3]
6546002,401,1:31:27,0,[StatementsData_logId:4]
6546002,402,1:31:28,0,[StatementsData_logId:4,true]
6546002,405,1:31:29,0,[StatementsData_logId:4]
6546002,406,1:31:31,0,[StatementsData_logId:4,2]
6546002,411,1:31:32,0,[StatementsData_logId:4]
6546002,401,1:31:37,0,[StatementsData_logId:5]
6546002,403,1:31:40,0,[StatementsData_logId:5,false]
6546002,405,1:31:41,0,[StatementsData_logId:5]
6546002,406,1:31:44,0,[StatementsData_logId:5,-2]
6546002,411,1:31:45,0,[StatementsData_logId:5]
6546002,420,1:31:45,0,[30]
6546002,1000,1:31:47,0,[]
6546002,400,1:31:48,0,[]
6546002,401,1:31:54,0,[StatementsData_logId:0]
6546002,403,1:31:55,0,[StatementsData_logId:0,true]
6546002,405,1:31:56,0,[StatementsData_logId:0]
6546002,406,1:31:58,0,[StatementsData_logId:0,2]
6546002,407,1:31:58,0,[StatementsData_logId:0,FactCardData_id:4]
6546002,407,1:31:58,0,[StatementsData_logId:0,FactCardData_id:3]
6546002,407,1:31:58,0,[StatementsData_logId:0,FactCardData_id:6]
6546002,407,1:31:58,0,[StatementsData_logId:0,FactCardData_id:0]
6546002,407,1:31:58,0,[StatementsData_logId:0,FactCardData_id:5]
6546002,407,1:31:58,0,[StatementsData_logId:0,FactCardData_id:7]
6546002,407,1:32:11,0,[StatementsData_logId:0,FactCardData_id:6]
6546002,407,1:32:11,0,[StatementsData_logId:0,FactCardData_id:6]
6546002,408,1:32:14,0,[StatementsData_logId:0,FactCardData_id:6,true]
6546002,409,1:32:14,0,[StatementsData_logId:0]
6546002,410,1:32:18,0,[StatementsData_logId:0,2]
6546002,412,1:32:22,0,[StatementsData_logId:0]
6546002,413,1:32:37,0,[StatementsData_logId:0,DuelResponsesData_logId:0]
6546002,414,1:32:40,0,[StatementsData_logId:0,DuelResponsesData_logId:0]
6546002,415,1:33:6,0,[StatementsData_logId:0,DuelResponsesData_logId:0,DuelResponsesData_witty_player_response]
6546002,416,1:33:7,0,[StatementsData_logId:0,DuelResponsesData_logId:0]
6546002,417,1:33:14,0,[StatementsData_logId:0,DuelResponsesData_logId:0]
6546002,413,1:33:19,0,[StatementsData_logId:0,DuelResponsesData_logId:1]
6546002,414,1:33:20,0,[StatementsData_logId:0,DuelResponsesData_logId:1]
6546002,415,1:33:24,0,[StatementsData_logId:0,DuelResponsesData_logId:1,DuelResponsesData_ok_player_response]
6546002,416,1:33:25,0,[StatementsData_logId:0,DuelResponsesData_logId:1]
6546002,417,1:33:27,0,[StatementsData_logId:0,DuelResponsesData_logId:1]
6546002,413,1:33:42,0,[StatementsData_logId:0,DuelResponsesData_logId:2]
6546002,414,1:33:45,0,[StatementsData_logId:0,DuelResponsesData_logId:2]
6546002,415,1:33:49,0,[StatementsData_logId:0,DuelResponsesData_logId:2,DuelResponsesData_ok_player_response]
6546002,416,1:33:49,0,[StatementsData_logId:0,DuelResponsesData_logId:2]
6546002,417,1:33:51,0,[StatementsData_logId:0,DuelResponsesData_logId:2]
6546002,418,1:33:51,0,[StatementsData_logId:0,true]
6546002,419,1:33:53,0,[StatementsData_logId:0,4]
6546002,411,1:33:58,0,[StatementsData_logId:0]
6546002,401,1:34:4,0,[StatementsData_logId:1]
6546002,404,1:34:4,0,[StatementsData_logId:1,false]
6546002,405,1:34:6,0,[StatementsData_logId:1]
6546002,406,1:34:7,0,[StatementsData_logId:1,-2]
6546002,411,1:34:14,0,[StatementsData_logId:1]
6546002,401,1:34:18,0,[StatementsData_logId:2]
6546002,403,1:34:19,0,[StatementsData_logId:2,false]
6546002,405,1:34:19,0,[StatementsData_logId:2]
6546002,406,1:34:21,0,[StatementsData_logId:2,-2]
6546002,411,1:34:25,0,[StatementsData_logId:2]
6546002,401,1:34:25,0,[StatementsData_logId:3]
6546002,402,1:34:27,0,[StatementsData_logId:3,false]
6546002,405,1:34:28,0,[StatementsData_logId:3]
6546002,406,1:34:30,0,[StatementsData_logId:3,-2]
6546002,411,1:34:33,0,[StatementsData_logId:3]
6546002,401,1:34:34,0,[StatementsData_logId:4]
6546002,402,1:34:35,0,[StatementsData_logId:4,true]
6546002,405,1:34:36,0,[StatementsData_logId:4]
6546002,406,1:34:38,0,[StatementsData_logId:4,2]
6546002,411,1:34:39,0,[StatementsData_logId:4]
6546002,401,1:34:45,0,[StatementsData_logId:5]
6546002,402,1:34:46,0,[StatementsData_logId:5,false]
6546002,405,1:34:47,0,[StatementsData_logId:5]
6546002,406,1:34:48,0,[StatementsData_logId:5,-2]
6546002,411,1:34:51,0,[StatementsData_logId:5]
6546002,420,1:34:51,0,[34]
6546002,1005,1:34:51,0,[0,0,1]
6546002,1000,1:34:52,0,[]
6546002,400,1:34:53,0,[]
6546002,401,1:34:56,0,[StatementsData_logId:0]
6546002,403,1:34:56,0,[StatementsData_logId:0,true]
6546002,405,1:34:57,0,[StatementsData_logId:0]
6546002,406,1:34:58,0,[StatementsData_logId:0,2]
6546002,407,1:34:58,0,[StatementsData_logId:0,FactCardData_id:6]
6546002,407,1:34:58,0,[StatementsData_logId:0,FactCardData_id:0]
6546002,407,1:34:58,0,[StatementsData_logId:0,FactCardData_id:7]
6546002,407,1:34:58,0,[StatementsData_logId:0,FactCardData_id:4]
6546002,407,1:34:58,0,[StatementsData_logId:0,FactCardData_id:3]
6546002,407,1:34:58,0,[StatementsData_logId:0,FactCardData_id:5]
6546002,407,1:34:59,0,[StatementsData_logId:0,FactCardData_id:7]
6546002,407,1:34:59,0,[StatementsData_logId:0,FactCardData_id:7]
6546002,408,1:35:0,0,[StatementsData_logId:0,FactCardData_id:7,false]
6546002,406,1:35:4,0,[StatementsData_logId:0,-2]
6546002,411,1:35:7,0,[StatementsData_logId:0]
6546002,401,1:35:8,0,[StatementsData_logId:1]
6546002,402,1:35:9,0,[StatementsData_logId:1,true]
6546002,405,1:35:10,0,[StatementsData_logId:1]
6546002,406,1:35:11,0,[StatementsData_logId:1,2]
6546002,411,1:35:12,0,[StatementsData_logId:1]
6546002,401,1:35:15,0,[StatementsData_logId:2]
6546002,403,1:35:16,0,[StatementsData_logId:2,false]
6546002,405,1:35:17,0,[StatementsData_logId:2]
6546002,406,1:35:20,0,[StatementsData_logId:2,-2]
6546002,411,1:35:21,0,[StatementsData_logId:2]
6546002,401,1:35:27,0,[StatementsData_logId:3]
6546002,403,1:35:28,0,[StatementsData_logId:3,true]
6546002,405,1:35:28,0,[StatementsData_logId:3]
6546002,406,1:35:29,0,[StatementsData_logId:3,2]
6546002,407,1:35:29,0,[StatementsData_logId:3,FactCardData_id:5]
6546002,407,1:35:29,0,[StatementsData_logId:3,FactCardData_id:4]
6546002,407,1:35:29,0,[StatementsData_logId:3,FactCardData_id:7]
6546002,407,1:35:29,0,[StatementsData_logId:3,FactCardData_id:0]
6546002,407,1:35:29,0,[StatementsData_logId:3,FactCardData_id:6]
6546002,407,1:35:29,0,[StatementsData_logId:3,FactCardData_id:3]
6546002,407,1:35:30,0,[StatementsData_logId:3,FactCardData_id:7]
6546002,407,1:35:30,0,[StatementsData_logId:3,FactCardData_id:7]
6546002,408,1:35:31,0,[StatementsData_logId:3,FactCardData_id:7,false]
6546002,406,1:35:32,0,[StatementsData_logId:3,-2]
6546002,411,1:35:33,0,[StatementsData_logId:3]
6546002,401,1:35:34,0,[StatementsData_logId:4]
6546002,402,1:35:35,0,[StatementsData_logId:4,true]
6546002,405,1:35:35,0,[StatementsData_logId:4]
6546002,406,1:35:38,0,[StatementsData_logId:4,2]
6546002,411,1:35:39,0,[StatementsData_logId:4]
6546002,401,1:35:39,0,[StatementsData_logId:5]
6546002,404,1:35:40,0,[StatementsData_logId:5,true]
6546002,406,1:35:41,0,[StatementsData_logId:5,2]
6546002,412,1:35:44,0,[StatementsData_logId:5]
6546002,413,1:35:46,0,[StatementsData_logId:5,DuelResponsesData_logId:9]
6546002,414,1:35:47,0,[StatementsData_logId:5,DuelResponsesData_logId:9]
6546002,415,1:35:48,0,[StatementsData_logId:5,DuelResponsesData_logId:9,DuelResponsesData_ok_player_response]
6546002,416,1:35:48,0,[StatementsData_logId:5,DuelResponsesData_logId:9]
6546002,417,1:35:49,0,[StatementsData_logId:5,DuelResponsesData_logId:9]
6546002,413,1:35:50,0,[StatementsData_logId:5,DuelResponsesData_logId:10]
6546002,414,1:35:51,0,[StatementsData_logId:5,DuelResponsesData_logId:10]
6546002,415,1:35:51,0,[StatementsData_logId:5,DuelResponsesData_logId:10,DuelResponsesData_witty_player_response]
6546002,416,1:35:53,0,[StatementsData_logId:5,DuelResponsesData_logId:10]
6546002,417,1:35:53,0,[StatementsData_logId:5,DuelResponsesData_logId:10]
6546002,413,1:35:54,0,[StatementsData_logId:5,DuelResponsesData_logId:11]
6546002,414,1:35:55,0,[StatementsData_logId:5,DuelResponsesData_logId:11]
6546002,415,1:35:56,0,[StatementsData_logId:5,DuelResponsesData_logId:11,DuelResponsesData_witty_player_response]
6546002,416,1:35:57,0,[StatementsData_logId:5,DuelResponsesData_logId:11]
6546002,417,1:35:58,0,[StatementsData_logId:5,DuelResponsesData_logId:11]
6546002,418,1:35:58,0,[StatementsData_logId:5,true]
6546002,419,1:35:59,0,[StatementsData_logId:5,4]
6546002,411,1:36:0,0,[StatementsData_logId:5]
6546002,420,1:36:0,0,[40]
6546002,1001,1:36:2,0,[]
6546002,1003,1:36:2,0
6546002,210,1:36:6,970,453
6546002,211,1:36:7,980,478
6546002,213,1:36:7,0,c_bestFriend_F_a_G7a1P,true
6546002,204,1:36:20,0
6546002,103,1:36:22
6546002,105,1:36:23
6546002,703,1:36:24,[|| EpilogueItem ID: 0 unlocked: false ||,|| EpilogueItem ID: 1 unlocked: false ||,|| EpilogueItem ID: 2 unlocked: false ||,|| EpilogueItem ID: 3 unlocked: false ||,|| EpilogueItem ID: 4 unlocked: false ||,|| EpilogueItem ID: 5 unlocked: false ||,|| EpilogueItem ID: 6 unlocked: false ||,|| EpilogueItem ID: 7 unlocked: false ||,|| EpilogueItem ID: 8 unlocked: false ||,|| EpilogueItem ID: 9 unlocked: false ||,|| EpilogueItem ID: 10 unlocked: false ||,|| EpilogueItem ID: 11 unlocked: false ||,|| EpilogueItem ID: 12 unlocked: false ||,|| EpilogueItem ID: 13 unlocked: false ||,|| EpilogueItem ID: 14 unlocked: false ||,|| EpilogueItem ID: 15 unlocked: false ||,|| EpilogueItem ID: 16 unlocked: false ||,|| EpilogueItem ID: 17 unlocked: false ||,|| EpilogueItem ID: 18 unlocked: false ||,|| EpilogueItem ID: 19 unlocked: false ||,|| EpilogueItem ID: 20 unlocked: false ||,|| EpilogueItem ID: 21 unlocked: false ||,|| EpilogueItem ID: 22 unlocked: false ||,|| EpilogueItem ID: 23 unlocked: false ||,|| EpilogueItem ID: 24 unlocked: false ||],0
6546002,706,1:36:27,(x=0, y=-100, w=1024, h=768),(x=0, y=-100, w=1024, h=768)
6546002,706,1:36:28,(x=1935, y=-100, w=1024, h=768),(x=2531, y=-100, w=1024, h=768)
6546002,706,1:36:30,(x=2531, y=-100, w=1024, h=768),(x=2531, y=-100, w=1024, h=768)
6546002,706,1:36:31,(x=2531, y=-100, w=1024, h=768),(x=2531, y=-100, w=1024, h=768)
6546002,708,1:36:31
6546002,1,1:36:31,7/3/2013 2:59:40pm,{"gameTime":5791384,"challengeStacks":[{"challengeScenes":[{"miniGameCards":[],"viewedAnimatic":true,"keyPoints":["s_flag_gen","c_teacherEng_G7a0","c_bestFriend_F_a_G7a0"],"unlocked":true,"touchableObjects":["c_friend1_F_a_G7a0","s_vocabAssignment_G7a0","s_otherStudent1_G7a0","s_flag_gen","s_atwoodPoster_gen","c_teacherEng_G7a0","s_doorClassroom_G7a0","c_crewKid1_F_G7a0","c_bestFriend_F_a_G7a0"]},{"miniGameCards":[],"viewedAnimatic":true,"keyPoints":["c_teacherEng_G7a1N","c_bestFriend_F_a_G7a1N","s_paperPlayers_G7a1N"],"unlocked":true,"touchableObjects":["s_otherStudent2_G7a1N","s_otherStudent1_G7a1N","c_crewKid1_F_G7a1N","s_angelouPoster_gen","s_atwoodPoster_gen","s_shakespearePoster_gen","s_poePoster_gen","s_posterPlagiarism_gen","s_flag_gen","c_teacherEng_G7a1N","c_bestFriend_F_a_G7a1N","s_paperPlayers_G7a1N"]},{"miniGameCards":[],"viewedAnimatic":true,"keyPoints":["c_teacherEng_G7a1P","s_flag_gen"],"unlocked":true,"touchableObjects":["c_teacherEng_G7a1P","s_flag_gen"]}],"stackSize":3,"resolved":false},{"challengeScenes":[{"miniGameCards":[],"viewedAnimatic":false,"keyPoints":[],"unlocked":false,"touchableObjects":[]},{"miniGameCards":[],"viewedAnimatic":false,"keyPoints":[],"unlocked":false,"touchableObjects":[]},{"miniGameCards":[],"viewedAnimatic":false,"keyPoints":[],"unlocked":false,"touchableObjects":[]},{"miniGameCards":[],"viewedAnimatic":false,"keyPoints":[],"unlocked":false,"touchableObjects":[]},{"miniGameCards":[],"viewedAnimatic":false,"keyPoints":[],"unlocked":false,"touchableObjects":[]}],"stackSize":5,"resolved":false},{"challengeScenes":[{"miniGameCards":[],"viewedAnimatic":false,"keyPoints":[],"unlocked":false,"touchableObjects":[]},{"miniGameCards":[],"viewedAnimatic":false,"keyPoints":[],"unlocked":false,"touchableObjects":[]},{"miniGameCards":[],"viewedAnimatic":false,"keyPoints":[],"unlocked":false,"touchableObjects":[]},{"miniGameCards":[],"viewedAnimatic":false,"keyPoints":[],"unlocked":false,"touchableObjects":[]},{"miniGameCards":[],"viewedAnimatic":false,"keyPoints":[],"unlocked":false,"touchableObjects":[]},{"miniGameCards":[],"viewedAnimatic":false,"keyPoints":[],"unlocked":false,"touchableObjects":[]},{"miniGameCards":[],"viewedAnimatic":false,"keyPoints":[],"unlocked":false,"touchableObjects":[]}],"stackSize":7,"resolved":false},{"challengeScenes":[{"miniGameCards":[],"viewedAnimatic":false,"keyPoints":[],"unlocked":false,"touchableObjects":[]},{"miniGameCards":[],"viewedAnimatic":false,"keyPoints":[],"unlocked":false,"touchableObjects":[]},{"miniGameCards":[],"viewedAnimatic":false,"keyPoints":[],"unlocked":false,"touchableObjects":[]},{"miniGameCards":[],"viewedAnimatic":false,"keyPoints":[],"unlocked":false,"touchableObjects":[]},{"miniGameCards":[],"viewedAnimatic":false,"keyPoints":[],"unlocked":false,"touchableObjects":[]}],"stackSize":5,"resolved":false},{"challengeScenes":[{"miniGameCards":[],"viewedAnimatic":false,"keyPoints":[],"unlocked":false,"touchableObjects":[]},{"miniGameCards":[],"viewedAnimatic":false,"keyPoints":[],"unlocked":false,"touchableObjects":[]},{"miniGameCards":[],"viewedAnimatic":false,"keyPoints":[],"unlocked":false,"touchableObjects":[]},{"miniGameCards":[],"viewedAnimatic":false,"keyPoints":[],"unlocked":false,"touchableObjects":[]},{"miniGameCards":[],"viewedAnimatic":false,"keyPoints":[],"unlocked":false,"touchableObjects":[]}],"stackSize":5,"resolved":false},{"challengeScenes":[{"miniGameCards":[],"viewedAnimatic":false,"keyPoints":[],"unlocked":false,"touchableObjects":[]},{"miniGameCards":[],"viewedAnimatic":false,"keyPoints":[],"unlocked":false,"touchableObjects":[]},{"miniGameCards":[],"viewedAnimatic":false,"keyPoints":[],"unlocked":false,"touchableObjects":[]},{"miniGameCards":[],"viewedAnimatic":false,"keyPoints":[],"unlocked":false,"touchableObjects":[]},{"miniGameCards":[],"viewedAnimatic":false,"keyPoints":[],"unlocked":false,"touchableObjects":[]}],"stackSize":5,"resolved":false},{"challengeScenes":[{"miniGameCards":[],"viewedAnimatic":false,"keyPoints":[],"unlocked":false,"touchableObjects":[]},{"miniGameCards":[],"viewedAnimatic":false,"keyPoints":[],"unlocked":false,"touchableObjects":[]},{"miniGameCards":[],"viewedAnimatic":false,"keyPoints":[],"unlocked":false,"touchableObjects":[]},{"miniGameCards":[],"viewedAnimatic":false,"keyPoints":[],"unlocked":false,"touchableObjects":[]},{"miniGameCards":[],"viewedAnimatic":false,"keyPoints":[],"unlocked":false,"touchableObjects":[]}],"stackSize":5,"resolved":false},{"challengeScenes":[{"miniGameCards":[],"viewedAnimatic":false,"keyPoints":[],"unlocked":false,"touchableObjects":[]},{"miniGameCards":[],"viewedAnimatic":false,"keyPoints":[],"unlocked":false,"touchableObjects":[]},{"miniGameCards":[],"viewedAnimatic":false,"keyPoints":[],"unlocked":false,"touchableObjects":[]},{"miniGameCards":[],"viewedAnimatic":false,"keyPoints":[],"unlocked":false,"touchableObjects":[]},{"miniGameCards":[],"viewedAnimatic":false,"keyPoints":[],"unlocked":false,"touchableObjects":[]}],"stackSize":5,"resolved":false},{"challengeScenes":[{"miniGameCards":[],"viewedAnimatic":false,"keyPoints":[],"unlocked":false,"touchableObjects":[]},{"miniGameCards":[],"viewedAnimatic":false,"keyPoints":[],"unlocked":false,"touchableObjects":[]},{"miniGameCards":[],"viewedAnimatic":false,"keyPoints":[],"unlocked":false,"touchableObjects":[]},{"miniGameCards":[],"viewedAnimatic":false,"keyPoints":[],"unlocked":false,"touchableObjects":[]},{"miniGameCards":[],"viewedAnimatic":false,"keyPoints":[],"unlocked":false,"touchableObjects":[]}],"stackSize":5,"resolved":false},{"challengeScenes":[{"miniGameCards":[],"viewedAnimatic":false,"keyPoints":[],"unlocked":false,"touchableObjects":[]},{"miniGameCards":[],"viewedAnimatic":false,"keyPoints":[],"unlocked":false,"touchableObjects":[]},{"miniGameCards":[],"viewedAnimatic":false,"keyPoints":[],"unlocked":false,"touchableObjects":[]},{"miniGameCards":[],"viewedAnimatic":false,"keyPoints":[],"unlocked":false,"touchableObjects":[]},{"miniGameCards":[],"viewedAnimatic":false,"keyPoints":[],"unlocked":false,"touchableObjects":[]}],"stackSize":5,"resolved":false},{"challengeScenes":[{"miniGameCards":[],"viewedAnimatic":false,"keyPoints":[],"unlocked":false,"touchableObjects":[]},{"miniGameCards":[],"viewedAnimatic":false,"keyPoints":[],"unlocked":false,"touchableObjects":[]},{"miniGameCards":[],"viewedAnimatic":false,"keyPoints":[],"unlocked":false,"touchableObjects":[]},{"miniGameCards":[],"viewedAnimatic":false,"keyPoints":[],"unlocked":false,"touchableObjects":[]},{"miniGameCards":[],"viewedAnimatic":false,"keyPoints":[],"unlocked":false,"touchableObjects":[]}],"stackSize":5,"resolved":false},{"challengeScenes":[{"miniGameCards":[],"viewedAnimatic":false,"keyPoints":[],"unlocked":false,"touchableObjects":[]},{"miniGameCards":[],"viewedAnimatic":false,"keyPoints":[],"unlocked":false,"touchableObjects":[]},{"miniGameCards":[],"viewedAnimatic":false,"keyPoints":[],"unlocked":false,"touchableObjects":[]},{"miniGameCards":[],"viewedAnimatic":false,"keyPoints":[],"unlocked":false,"touchableObjects":[]},{"miniGameCards":[],"viewedAnimatic":false,"keyPoints":[],"unlocked":false,"touchableObjects":[]}],"stackSize":5,"resolved":false},{"challengeScenes":[{"miniGameCards":[],"viewedAnimatic":false,"keyPoints":[],"unlocked":true,"touchableObjects":["c_education_G0a0","c_family_afri_a_G0a0","c_friends_G0a0"]},{"miniGameCards":[],"viewedAnimatic":false,"keyPoints":["c_job_G0a1N","c_home_G0a1N","c_family_afri_a_G0a1N"],"unlocked":true,"touchableObjects":["c_job_G0a1N","c_home_G0a1N","c_family_afri_a_G0a1N","c_player_afri_F_a_G0a1N"]},{"miniGameCards":[],"viewedAnimatic":false,"keyPoints":["c_kidsister_afri_a_G0a1P","c_grandma_afri_a_G0a1P","c_Teacher_G0a1P","c_dad_afri_a_G0a1P","c_mom_afri_a_G0a1P","c_Nurse_G0a1P"],"unlocked":true,"touchableObjects":["c_friends_G0a1P","c_kidsister_afri_a_G0a1P","c_grandma_afri_a_G0a1P","c_Teacher_G0a1P","c_dad_afri_a_G0a1P","c_mom_afri_a_G0a1P","c_Nurse_G0a1P","c_cousins_F_a_G0a1P"]}],"stackSize":3,"resolved":true}],"sessionId":1,"epilogue":{"rating":0},"playerId":6546002,"session":[{"sceneId":"1P","stackId":12},{"sceneId":"1P","stackId":0}],"minigames":[{"levelSaveData":[{"starRating":1,"unlocked":true},{"starRating":0,"unlocked":false},{"starRating":0,"unlocked":false},{"starRating":0,"unlocked":false},{"starRating":0,"unlocked":false},{"starRating":0,"unlocked":false},{"starRating":0,"unlocked":false},{"starRating":0,"unlocked":false},{"starRating":0,"unlocked":false},{"starRating":0,"unlocked":false}],"skillPoints":1},{"levelSaveData":[{"starRating":3,"unlocked":true},{"starRating":0,"unlocked":false},{"starRating":0,"unlocked":false},{"starRating":0,"unlocked":false},{"starRating":0,"unlocked":false},{"starRating":0,"unlocked":false},{"starRating":0,"unlocked":false},{"starRating":0,"unlocked":false},{"starRating":0,"unlocked":false},{"starRating":0,"unlocked":false}],"skillPoints":3},{"levelSaveData":[{"starRating":3,"unlocked":true},{"starRating":0,"unlocked":false},{"starRating":0,"unlocked":false},{"starRating":0,"unlocked":false},{"starRating":0,"unlocked":false},{"starRating":0,"unlocked":false},{"starRating":0,"unlocked":false},{"starRating":0,"unlocked":false},{"starRating":0,"unlocked":false},{"starRating":0,"unlocked":false}],"skillPoints":3},{"levelSaveData":[{"starRating":0,"unlocked":false},{"starRating":0,"unlocked":false},{"starRating":0,"unlocked":false},{"starRating":0,"unlocked":false},{"starRating":0,"unlocked":false},{"starRating":0,"unlocked":false},{"starRating":0,"unlocked":false},{"starRating":0,"unlocked":false},{"starRating":0,"unlocked":false},{"starRating":0,"unlocked":false}],"skillPoints":0},{"age":12,"name":"dejanay","gender":1,"id":0,"levelSaveData":[{"starRating":3,"unlocked":true},{"starRating":3,"chunks":[["1"],["14$$people say I'm","20$$nice"],["13$$school","1$$giving","0$$nice"],["0"]],"unlocked":true},{"starRating":0,"chunks":[[null],[null,null],[null,null]],"unlocked":false},{"starRating":0,"chunks":[[null],[null],[null],[null],[null,null],[null]],"unlocked":false},{"starRating":0,"chunks":[[null],[null],[null,null],[null],[null],[null]],"unlocked":false},{"starRating":0,"chunks":[[null],[null,null,null,null],[null],[null]],"unlocked":false},{"starRating":0,"chunks":[[null],[null],[null,null],[null,null],[null]],"unlocked":false},{"starRating":0,"chunks":[[null,null,null],[null,null,null],[null],[null],[null]],"unlocked":false},{"starRating":0,"chunks":[[null,null,null],[null,null,null],[null,null]],"unlocked":false},{"starRating":0,"chunks":[[null],[null],[null],[null],[null],[null]],"unlocked":false}],"visualAvatar":0,"skillPoints":6}],"avatar":{"age":12,"name":"dejanay","gender":1,"id":0,"levelSaveData":[{"starRating":3,"unlocked":true},{"starRating":3,"chunks":[["1"],["14$$people say I'm","20$$nice"],["13$$school","1$$giving","0$$nice"],["0"]],"unlocked":true},{"starRating":0,"chunks":[[null],[null,null],[null,null]],"unlocked":false},{"starRating":0,"chunks":[[null],[null],[null],[null],[null,null],[null]],"unlocked":false},{"starRating":0,"chunks":[[null],[null],[null,null],[null],[null],[null]],"unlocked":false},{"starRating":0,"chunks":[[null],[null,null,null,null],[null],[null]],"unlocked":false},{"starRating":0,"chunks":[[null],[null],[null,null],[null,null],[null]],"unlocked":false},{"starRating":0,"chunks":[[null,null,null],[null,null,null],[null],[null],[null]],"unlocked":false},{"starRating":0,"chunks":[[null,null,null],[null,null,null],[null,null]],"unlocked":false},{"starRating":0,"chunks":[[null],[null],[null],[null],[null],[null]],"unlocked":false}],"visualAvatar":0,"skillPoints":6}}
