6546002,0,9:15:43,7/23/2013 2:38:07pm
6546002,100,9:15:54,8
6546002,102,9:15:55,8
6546002,200,9:15:55,8,21,24,18,24,27
6546002,210,9:15:56,600,497
6546002,211,9:15:58,412,580
6546002,210,9:16:1,325,522
6546002,207,9:16:2,8,-200,0
6546002,211,9:16:4,602,441
6546002,204,9:16:7,8
6546002,100,9:16:9,10
6546002,102,9:16:10,10
6546002,200,9:16:10,10,21,24,18,24,27
6546002,210,9:16:11,660,427
6546002,211,9:16:13,710,330
6546002,204,9:16:15,10
6546002,100,9:16:16,8
6546002,102,9:16:17,8
6546002,200,9:16:17,8,21,24,18,24,27
6546002,210,9:16:19,497,321
6546002,211,9:16:20,433,353
6546002,213,9:16:20,8,c_friend1_F_G11a0,false
6546002,1003,9:16:22,2
6546002,1004,9:16:25,3
6546002,900,9:16:27,3,[]
6546002,901,9:16:27,3,[PeopleData_id:2]
6546002,902,9:16:28,3,[PeopleData_id:2,PeopleData_data0Type]
6546002,902,9:16:31,3,[PeopleData_id:2,PeopleData_data1Type]
6546002,903,9:16:32,3,[PeopleData_id2,PeopleData_data1Type]
6546002,901,9:16:33,3,[PeopleData_id:2]
6546002,904,9:16:33,3,[PeopleData_id:2]
6546002,905,9:16:33,3,[PeopleData_id:2,RankTypes_id:-1,RankTypes_id:1]
6546002,901,9:16:33,3,[PeopleData_id:1]
6546002,902,9:16:34,3,[PeopleData_id:1,PeopleData_data0Type]
6546002,902,9:16:35,3,[PeopleData_id:1,PeopleData_data1Type]
6546002,902,9:16:39,3,[PeopleData_id:1,PeopleData_data2Type]
6546002,903,9:16:41,3,[PeopleData_id1,PeopleData_data2Type]
6546002,901,9:16:42,3,[PeopleData_id:1]
6546002,904,9:16:42,3,[PeopleData_id:1]
6546002,905,9:16:42,3,[PeopleData_id:1,RankTypes_id:-1,RankTypes_id:3]
6546002,901,9:16:42,3,[PeopleData_id:5]
6546002,904,9:16:42,3,[PeopleData_id:5]
6546002,902,9:16:43,3,[PeopleData_id:5,PeopleData_data0Type]
6546002,902,9:16:45,3,[PeopleData_id:5,PeopleData_data1Type]
6546002,902,9:16:51,3,[PeopleData_id:5,PeopleData_data2Type]
6546002,902,9:16:53,3,[PeopleData_id:5,PeopleData_data1Type]
6546002,902,9:16:54,3,[PeopleData_id:5,PeopleData_data0Type]
6546002,903,9:16:58,3,[PeopleData_id5,PeopleData_data0Type]
6546002,901,9:16:58,3,[PeopleData_id:5]
6546002,904,9:16:58,3,[PeopleData_id:5]
6546002,905,9:16:59,3,[PeopleData_id:5,RankTypes_id:-1,RankTypes_id:1]
6546002,901,9:16:59,3,[PeopleData_id:4]
6546002,902,9:17:0,3,[PeopleData_id:4,PeopleData_data0Type]
6546002,902,9:17:3,3,[PeopleData_id:4,PeopleData_data1Type]
6546002,902,9:17:6,3,[PeopleData_id:4,PeopleData_data2Type]
6546002,903,9:17:8,3,[PeopleData_id4,PeopleData_data2Type]
6546002,901,9:17:8,3,[PeopleData_id:4]
6546002,904,9:17:9,3,[PeopleData_id:4]
6546002,905,9:17:9,3,[PeopleData_id:4,RankTypes_id:-1,RankTypes_id:1]
6546002,901,9:17:11,3,[PeopleData_id:3]
6546002,904,9:17:11,3,[PeopleData_id:3]
6546002,902,9:17:12,3,[PeopleData_id:3,PeopleData_data0Type]
6546002,902,9:17:13,3,[PeopleData_id:3,PeopleData_data1Type]
6546002,902,9:17:15,3,[PeopleData_id:3,PeopleData_data2Type]
6546002,902,9:17:16,3,[PeopleData_id:3,PeopleData_data3Type]
6546002,903,9:17:18,3,[PeopleData_id3,PeopleData_data3Type]
6546002,901,9:17:18,3,[PeopleData_id:0]
6546002,904,9:17:18,3,[PeopleData_id:0]
6546002,901,9:17:19,3,[PeopleData_id:3]
6546002,904,9:17:19,3,[PeopleData_id:3]
6546002,905,9:17:19,3,[PeopleData_id:3,RankTypes_id:-1,RankTypes_id:2]
6546002,901,9:17:19,3,[PeopleData_id:0]
6546002,902,9:17:20,3,[PeopleData_id:0,PeopleData_data0Type]
6546002,902,9:17:22,3,[PeopleData_id:0,PeopleData_data1Type]
6546002,902,9:17:25,3,[PeopleData_id:0,PeopleData_data2Type]
6546002,902,9:17:30,3,[PeopleData_id:0,PeopleData_data3Type]
6546002,903,9:17:35,3,[PeopleData_id0,PeopleData_data3Type]
6546002,901,9:17:36,3,[PeopleData_id:0]
6546002,904,9:17:36,3,[PeopleData_id:0]
6546002,905,9:17:38,3,[PeopleData_id:0,RankTypes_id:-1,RankTypes_id:2]
6546002,906,9:17:38,3,[]
6546002,907,9:17:39,3,[]
6546002,908,9:17:39,3,[InvitationData_id:1,PeopleData_id:5,RankTypes_id:1]
6546002,909,9:17:42,3,[InvitationData_id:1,PeopleData_id:5,RankTypes_id:1,1]
6546002,1002,9:17:45,3
6546002,1003,9:17:45,2
6546002,1004,9:17:46,3
6546002,900,9:17:49,3,[]
6546002,901,9:17:51,3,[PeopleData_id:3]
6546002,904,9:17:51,3,[PeopleData_id:3]
6546002,902,9:17:51,3,[PeopleData_id:3,PeopleData_data0Type]
6546002,902,9:17:53,3,[PeopleData_id:3,PeopleData_data1Type]
6546002,903,9:17:53,3,[PeopleData_id3,PeopleData_data1Type]
6546002,901,9:17:54,3,[PeopleData_id:3]
6546002,904,9:17:54,3,[PeopleData_id:3]
6546002,905,9:17:57,3,[PeopleData_id:3,RankTypes_id:-1,RankTypes_id:3]
6546002,901,9:17:58,3,[PeopleData_id:2]
6546002,902,9:17:59,3,[PeopleData_id:2,PeopleData_data0Type]
6546002,902,9:18:2,3,[PeopleData_id:2,PeopleData_data1Type]
6546002,903,9:18:3,3,[PeopleData_id2,PeopleData_data1Type]
6546002,901,9:18:3,3,[PeopleData_id:2]
6546002,904,9:18:3,3,[PeopleData_id:2]
6546002,905,9:18:4,3,[PeopleData_id:2,RankTypes_id:-1,RankTypes_id:2]
6546002,901,9:18:4,3,[PeopleData_id:5]
6546002,904,9:18:4,3,[PeopleData_id:5]
6546002,902,9:18:5,3,[PeopleData_id:5,PeopleData_data0Type]
6546002,902,9:18:5,3,[PeopleData_id:5,PeopleData_data1Type]
6546002,902,9:18:6,3,[PeopleData_id:5,PeopleData_data2Type]
6546002,902,9:18:6,3,[PeopleData_id:5,PeopleData_data3Type]
6546002,903,9:19:10,3,[PeopleData_id5,PeopleData_data3Type]
6546002,901,9:19:11,3,[PeopleData_id:5]
6546002,904,9:19:11,3,[PeopleData_id:5]
6546002,905,9:19:12,3,[PeopleData_id:5,RankTypes_id:-1,RankTypes_id:1]
6546002,901,9:19:12,3,[PeopleData_id:4]
6546002,901,9:19:13,3,[PeopleData_id:5]
6546002,904,9:19:13,3,[PeopleData_id:5]
6546002,905,9:19:15,3,[PeopleData_id:5,RankTypes_id:1,RankTypes_id:0]
6546002,901,9:19:30,3,[PeopleData_id:4]
6546002,902,9:19:31,3,[PeopleData_id:4,PeopleData_data0Type]
6546002,902,9:19:34,3,[PeopleData_id:4,PeopleData_data1Type]
6546002,902,9:19:36,3,[PeopleData_id:4,PeopleData_data2Type]
6546002,903,9:19:37,3,[PeopleData_id4,PeopleData_data2Type]
6546002,901,9:19:37,3,[PeopleData_id:4]
6546002,904,9:19:37,3,[PeopleData_id:4]
6546002,905,9:19:38,3,[PeopleData_id:4,RankTypes_id:-1,RankTypes_id:2]
6546002,901,9:19:39,3,[PeopleData_id:4]
6546002,904,9:19:39,3,[PeopleData_id:4]
6546002,905,9:19:39,3,[PeopleData_id:4,RankTypes_id:2,RankTypes_id:1]
6546002,901,9:19:39,3,[PeopleData_id:1]
6546002,902,9:19:40,3,[PeopleData_id:1,PeopleData_data0Type]
6546002,902,9:19:42,3,[PeopleData_id:1,PeopleData_data1Type]
6546002,902,9:19:43,3,[PeopleData_id:1,PeopleData_data2Type]
6546002,903,9:19:46,3,[PeopleData_id1,PeopleData_data2Type]
6546002,901,9:19:46,3,[PeopleData_id:1]
6546002,904,9:19:46,3,[PeopleData_id:1]
6546002,905,9:19:47,3,[PeopleData_id:1,RankTypes_id:-1,RankTypes_id:3]
6546002,901,9:19:48,3,[PeopleData_id:0]
6546002,904,9:19:48,3,[PeopleData_id:0]
6546002,902,9:19:48,3,[PeopleData_id:0,PeopleData_data0Type]
6546002,902,9:19:50,3,[PeopleData_id:0,PeopleData_data1Type]
6546002,902,9:20:46,3,[PeopleData_id:0,PeopleData_data2Type]
6546002,903,9:20:51,3,[PeopleData_id0,PeopleData_data2Type]
6546002,901,9:20:52,3,[PeopleData_id:0]
6546002,904,9:20:52,3,[PeopleData_id:0]
6546002,905,9:20:53,3,[PeopleData_id:0,RankTypes_id:-1,RankTypes_id:2]
6546002,906,9:20:53,3,[]
6546002,907,9:20:54,3,[]
6546002,908,9:20:54,3,[InvitationData_id:12,PeopleData_id:2,RankTypes_id:2]
6546002,909,9:20:57,3,[InvitationData_id:12,PeopleData_id:2,RankTypes_id:2,0]
6546002,910,9:20:58,3,[InvitationData_id:12,-2,false]
6546002,908,9:20:58,3,[InvitationData_id:10,PeopleData_id:1,RankTypes_id:3]
6546002,909,9:21:0,3,[InvitationData_id:10,PeopleData_id:1,RankTypes_id:3,1]
6546002,910,9:21:0,3,[InvitationData_id:10,7,false]
6546002,908,9:21:0,3,[InvitationData_id:3,PeopleData_id:1,RankTypes_id:3]
6546002,909,9:21:3,3,[InvitationData_id:3,PeopleData_id:1,RankTypes_id:3,0]
6546002,910,9:21:7,3,[InvitationData_id:3,-7,false]
6546002,908,9:21:7,3,[InvitationData_id:11,PeopleData_id:4,RankTypes_id:1]
6546002,909,9:21:46,3,[InvitationData_id:11,PeopleData_id:4,RankTypes_id:1,1]
6546002,910,9:21:49,3,[InvitationData_id:11,0,true]
6546002,908,9:21:49,3,[InvitationData_id:4,PeopleData_id:0,RankTypes_id:2]
6546002,901,9:22:0,3,[PeopleData_id:5]
6546002,901,9:22:0,3,[PeopleData_id:2]
6546002,901,9:22:1,3,[PeopleData_id:0]
6546002,1002,9:22:13,3
6546002,1003,9:22:13,2
6546002,1004,9:22:14,3
6546002,900,9:22:15,3,[]
6546002,901,9:22:17,3,[PeopleData_id:1]
6546002,902,9:22:18,3,[PeopleData_id:1,PeopleData_data0Type]
6546002,902,9:22:19,3,[PeopleData_id:1,PeopleData_data1Type]
6546002,902,9:22:21,3,[PeopleData_id:1,PeopleData_data2Type]
6546002,903,9:22:22,3,[PeopleData_id1,PeopleData_data2Type]
6546002,901,9:22:23,3,[PeopleData_id:1]
6546002,904,9:22:23,3,[PeopleData_id:1]
6546002,905,9:22:23,3,[PeopleData_id:1,RankTypes_id:-1,RankTypes_id:3]
6546002,901,9:22:24,3,[PeopleData_id:4]
6546002,904,9:22:24,3,[PeopleData_id:4]
6546002,901,9:22:25,3,[PeopleData_id:5]
6546002,902,9:22:25,3,[PeopleData_id:5,PeopleData_data0Type]
6546002,902,9:22:26,3,[PeopleData_id:5,PeopleData_data1Type]
6546002,902,9:22:29,3,[PeopleData_id:5,PeopleData_data1Type]
6546002,902,9:22:29,3,[PeopleData_id:5,PeopleData_data0Type]
6546002,903,9:22:33,3,[PeopleData_id5,PeopleData_data0Type]
6546002,901,9:22:33,3,[PeopleData_id:5]
6546002,904,9:22:33,3,[PeopleData_id:5]
6546002,905,9:22:34,3,[PeopleData_id:5,RankTypes_id:-1,RankTypes_id:1]
6546002,901,9:22:35,3,[PeopleData_id:4]
6546002,902,9:22:35,3,[PeopleData_id:4,PeopleData_data0Type]
6546002,902,9:22:40,3,[PeopleData_id:4,PeopleData_data1Type]
6546002,902,9:22:41,3,[PeopleData_id:4,PeopleData_data2Type]
6546002,903,9:22:43,3,[PeopleData_id4,PeopleData_data2Type]
6546002,901,9:22:43,3,[PeopleData_id:4]
6546002,904,9:22:43,3,[PeopleData_id:4]
6546002,905,9:22:44,3,[PeopleData_id:4,RankTypes_id:-1,RankTypes_id:1]
6546002,901,9:22:44,3,[PeopleData_id:2]
6546002,904,9:22:44,3,[PeopleData_id:2]
6546002,902,9:22:45,3,[PeopleData_id:2,PeopleData_data0Type]
6546002,903,9:22:51,3,[PeopleData_id2,PeopleData_data0Type]
6546002,901,9:22:51,3,[PeopleData_id:2]
6546002,904,9:22:51,3,[PeopleData_id:2]
6546002,905,9:22:53,3,[PeopleData_id:2,RankTypes_id:-1,RankTypes_id:2]
6546002,901,9:22:53,3,[PeopleData_id:2]
6546002,904,9:22:53,3,[PeopleData_id:2]
6546002,905,9:22:53,3,[PeopleData_id:2,RankTypes_id:2,RankTypes_id:1]
6546002,901,9:22:54,3,[PeopleData_id:3]
6546002,902,9:22:54,3,[PeopleData_id:3,PeopleData_data0Type]
6546002,902,9:22:57,3,[PeopleData_id:3,PeopleData_data1Type]
6546002,902,9:22:58,3,[PeopleData_id:3,PeopleData_data2Type]
6546002,902,9:23:0,3,[PeopleData_id:3,PeopleData_data3Type]
6546002,903,9:23:2,3,[PeopleData_id3,PeopleData_data3Type]
6546002,901,9:23:3,3,[PeopleData_id:3]
6546002,904,9:23:4,3,[PeopleData_id:3]
6546002,905,9:23:4,3,[PeopleData_id:3,RankTypes_id:-1,RankTypes_id:3]
6546002,901,9:23:4,3,[PeopleData_id:0]
6546002,901,9:23:5,3,[PeopleData_id:2]
6546002,904,9:23:5,3,[PeopleData_id:2]
6546002,905,9:23:6,3,[PeopleData_id:2,RankTypes_id:1,RankTypes_id:2]
6546002,901,9:23:6,3,[PeopleData_id:2]
6546002,904,9:23:6,3,[PeopleData_id:2]
6546002,905,9:23:6,3,[PeopleData_id:2,RankTypes_id:2,RankTypes_id:1]
6546002,901,9:23:7,3,[PeopleData_id:4]
6546002,904,9:23:7,3,[PeopleData_id:4]
6546002,901,9:23:7,3,[PeopleData_id:2]
6546002,904,9:23:7,3,[PeopleData_id:2]
6546002,901,9:23:8,3,[PeopleData_id:4]
6546002,904,9:23:8,3,[PeopleData_id:4]
6546002,901,9:23:8,3,[PeopleData_id:2]
6546002,904,9:23:8,3,[PeopleData_id:2]
6546002,901,9:23:9,3,[PeopleData_id:4]
6546002,904,9:23:9,3,[PeopleData_id:4]
6546002,905,9:23:9,3,[PeopleData_id:4,RankTypes_id:1,RankTypes_id:2]
6546002,901,9:23:10,3,[PeopleData_id:2]
6546002,904,9:23:10,3,[PeopleData_id:2]
6546002,901,9:23:11,3,[PeopleData_id:2]
6546002,904,9:23:11,3,[PeopleData_id:2]
6546002,905,9:23:11,3,[PeopleData_id:2,RankTypes_id:1,RankTypes_id:1]
6546002,901,9:23:12,3,[PeopleData_id:0]
6546002,902,9:23:12,3,[PeopleData_id:0,PeopleData_data0Type]
6546002,902,9:23:15,3,[PeopleData_id:0,PeopleData_data1Type]
6546002,902,9:23:18,3,[PeopleData_id:0,PeopleData_data2Type]
6546002,902,9:23:22,3,[PeopleData_id:0,PeopleData_data3Type]
6546002,903,9:23:25,3,[PeopleData_id0,PeopleData_data3Type]
6546002,901,9:23:25,3,[PeopleData_id:0]
6546002,904,9:23:25,3,[PeopleData_id:0]
6546002,905,9:23:26,3,[PeopleData_id:0,RankTypes_id:-1,RankTypes_id:2]
6546002,906,9:23:26,3,[]
6546002,907,9:23:27,3,[]
6546002,908,9:23:27,3,[InvitationData_id:7,PeopleData_id:4,RankTypes_id:2]
6546002,909,9:23:31,3,[InvitationData_id:7,PeopleData_id:4,RankTypes_id:2,0]
6546002,910,9:23:31,3,[InvitationData_id:7,-2,false]
6546002,908,9:23:31,3,[InvitationData_id:10,PeopleData_id:1,RankTypes_id:3]
6546002,909,9:23:35,3,[InvitationData_id:10,PeopleData_id:1,RankTypes_id:3,1]
6546002,910,9:23:35,3,[InvitationData_id:10,7,false]
6546002,908,9:23:35,3,[InvitationData_id:6,PeopleData_id:3,RankTypes_id:3]
6546002,909,9:23:39,3,[InvitationData_id:6,PeopleData_id:3,RankTypes_id:3,1]
6546002,910,9:23:40,3,[InvitationData_id:6,7,false]
6546002,908,9:23:40,3,[InvitationData_id:3,PeopleData_id:1,RankTypes_id:3]
6546002,909,9:23:51,3,[InvitationData_id:3,PeopleData_id:1,RankTypes_id:3,1]
6546002,910,9:23:52,3,[InvitationData_id:3,7,false]
6546002,908,9:23:52,3,[InvitationData_id:4,PeopleData_id:0,RankTypes_id:2]
6546002,909,9:23:55,3,[InvitationData_id:4,PeopleData_id:0,RankTypes_id:2,1]
6546002,910,9:23:56,3,[InvitationData_id:4,5,false]
6546002,908,9:23:56,3,[InvitationData_id:8,PeopleData_id:5,RankTypes_id:1]
6546002,909,9:24:1,3,[InvitationData_id:8,PeopleData_id:5,RankTypes_id:1,0]
6546002,910,9:24:2,3,[InvitationData_id:8,0,false]
6546002,908,9:24:2,3,[InvitationData_id:1,PeopleData_id:5,RankTypes_id:1]
6546002,909,9:24:5,3,[InvitationData_id:1,PeopleData_id:5,RankTypes_id:1,0]
6546002,910,9:24:5,3,[InvitationData_id:1,0,false]
6546002,908,9:24:5,3,[InvitationData_id:2,PeopleData_id:0,RankTypes_id:2]
6546002,909,9:24:9,3,[InvitationData_id:2,PeopleData_id:0,RankTypes_id:2,0]
6546002,910,9:24:9,3,[InvitationData_id:2,-2,false]
6546002,908,9:24:9,3,[InvitationData_id:12,PeopleData_id:2,RankTypes_id:1]
6546002,909,9:24:13,3,[InvitationData_id:12,PeopleData_id:2,RankTypes_id:1,0]
6546002,910,9:24:13,3,[InvitationData_id:12,0,false]
6546002,908,9:24:13,3,[InvitationData_id:11,PeopleData_id:4,RankTypes_id:2]
6546002,909,9:24:16,3,[InvitationData_id:11,PeopleData_id:4,RankTypes_id:2,1]
6546002,910,9:24:17,3,[InvitationData_id:11,0,true]
6546002,908,9:24:17,3,[InvitationData_id:5,PeopleData_id:3,RankTypes_id:3]
6546002,909,9:24:21,3,[InvitationData_id:5,PeopleData_id:3,RankTypes_id:3,1]
6546002,910,9:24:21,3,[InvitationData_id:5,7,false]
6546002,908,9:24:21,3,[InvitationData_id:9,PeopleData_id:4,RankTypes_id:2]
6546002,909,9:24:26,3,[InvitationData_id:9,PeopleData_id:4,RankTypes_id:2,0]
6546002,910,9:24:27,3,[InvitationData_id:9,-2,false]
6546002,908,9:24:27,3,[InvitationData_id:0,PeopleData_id:1,RankTypes_id:3]
6546002,909,9:24:30,3,[InvitationData_id:0,PeopleData_id:1,RankTypes_id:3,1]
6546002,910,9:24:31,3,[InvitationData_id:0,7,false]
6546002,911,9:24:32,3,[34,1,0,1]
6546002,1005,9:24:32,3,[2,0,2]
6546002,1001,9:24:33,3,[]
6546002,1003,9:24:33,2
6546002,210,9:24:35,476,478
6546002,211,9:24:36,426,346
6546002,213,9:24:36,8,c_friend1_F_G11a0,true
6546002,205,9:24:36,8,c_friend1_F_G11a0,false,false
6546002,210,9:24:46,644,541
6546002,211,9:24:47,488,501
6546002,213,9:24:47,8,c_crush1_F_G11a1N,true
6546002,205,9:24:47,8,c_crush1_F_G11a1N,false,false
6546002,210,9:25:0,835,400
6546002,207,9:25:2,8,-200,-95
6546002,207,9:25:6,8,-95,-512
6546002,211,9:25:8,1186,548
6546002,212,9:25:8,1
6546002,210,9:25:9,1298,561
6546002,211,9:25:10,996,347
6546002,221,9:25:11,8
6546002,220,9:25:13,8
6546002,210,9:25:15,1011,472
6546002,211,9:25:17,877,244
6546002,213,9:25:17,8,s_door_F_gen,true
6546002,205,9:25:17,8,s_door_F_gen,false,false
6546002,210,9:25:20,974,343
6546002,211,9:25:24,521,200
6546002,213,9:25:24,8,s_calendar_F_gen,true
6546002,210,9:25:27,498,333
6546002,207,9:25:28,8,-200,0
6546002,207,9:25:36,8,0,-480
6546002,207,9:25:39,8,-480,-512
6546002,211,9:25:40,1264,356
6546002,213,9:25:40,8,s_window_F_G11a1N,true
6546002,205,9:25:40,8,s_window_F_G11a1N,false,false
6546002,210,9:25:43,1186,277
6546002,211,9:25:50,1331,560
6546002,213,9:25:50,8,s_computer_F_gen,true
6546002,210,9:25:52,1094,332
6546002,211,9:25:57,727,265
6546002,221,9:25:58,8
6546002,220,9:26:1,8
6546002,221,9:26:2,8
6546002,220,9:26:3,8
6546002,212,9:26:5,2
6546002,212,9:26:5,0
6546002,210,9:26:6,543,455
6546002,207,9:26:9,8,-200,-500
6546002,207,9:26:14,8,-500,-512
6546002,211,9:26:17,455,302
6546002,207,9:26:17,8,-512,-437
6546002,207,9:26:17,8,-437,-377
6546002,210,9:26:17,455,339
6546002,207,9:26:19,8,-377,0
6546002,211,9:26:22,404,207
6546002,213,9:26:22,8,s_poster_F_gen,true
6546002,205,9:26:22,8,s_poster_F_gen,false,false
6546002,212,9:26:26,1
6546002,210,9:26:27,562,518
6546002,211,9:26:29,307,550
6546002,213,9:26:29,8,s_bed_F_G11a1N,true
6546002,205,9:26:29,8,s_bed_F_G11a1N,false,false
6546002,221,9:26:33,8
6546002,220,9:26:34,8
6546002,219,9:26:34,8
6546002,216,9:26:34,Stack_G11a1P
6546002,217,9:26:50,Stack_G11a1P,15,0.00
6546002,218,9:26:51,8
6546002,210,9:26:52,962,241
6546002,211,9:26:54,874,608
6546002,221,9:26:55,8
6546002,220,9:26:56,8
6546002,219,9:26:57,8
6546002,216,9:26:57,Stack_G11a2N
6546002,217,9:27:15,Stack_G11a2N,16,0.33
6546002,218,9:27:16,8
6546002,210,9:27:17,325,516
6546002,207,9:27:17,8,-200,-35
6546002,211,9:27:19,178,416
6546002,213,9:27:19,8,c_crush2_F_G11a2N,true
6546002,205,9:27:19,8,c_crush2_F_G11a2N,false,false
6546002,210,9:27:24,384,538
6546002,207,9:27:29,8,-35,-485
6546002,207,9:27:30,8,-485,-516
6546002,211,9:27:33,1206,506
6546002,212,9:27:33,2
6546002,210,9:27:34,1469,476
6546002,211,9:27:37,1192,399
6546002,213,9:27:37,8,c_crewKid1_F_G11a2N,false
6546002,1003,9:27:39,2
6546002,1004,9:27:45,8
6546002,900,9:27:46,8,[]
6546002,901,9:27:47,8,[PeopleData_id:7]
6546002,904,9:27:47,8,[PeopleData_id:7]
6546002,901,9:27:47,8,[PeopleData_id:4]
6546002,902,9:27:49,8,[PeopleData_id:4,PeopleData_data0Type]
6546002,903,9:27:52,8,[PeopleData_id4,PeopleData_data0Type]
6546002,901,9:27:52,8,[PeopleData_id:4]
6546002,904,9:27:52,8,[PeopleData_id:4]
6546002,905,9:27:53,8,[PeopleData_id:4,RankTypes_id:-1,RankTypes_id:1]
6546002,901,9:27:53,8,[PeopleData_id:9]
6546002,902,9:27:54,8,[PeopleData_id:9,PeopleData_data0Type]
6546002,902,9:27:58,8,[PeopleData_id:9,PeopleData_data1Type]
6546002,902,9:28:1,8,[PeopleData_id:9,PeopleData_data2Type]
6546002,902,9:28:2,8,[PeopleData_id:9,PeopleData_data3Type]
6546002,903,9:28:4,8,[PeopleData_id9,PeopleData_data3Type]
6546002,901,9:28:4,8,[PeopleData_id:2]
6546002,904,9:28:4,8,[PeopleData_id:2]
6546002,901,9:28:5,8,[PeopleData_id:9]
6546002,901,9:28:5,8,[PeopleData_id:9]
6546002,904,9:28:5,8,[PeopleData_id:9]
6546002,905,9:28:6,8,[PeopleData_id:9,RankTypes_id:-1,RankTypes_id:1]
6546002,901,9:28:6,8,[PeopleData_id:8]
6546002,904,9:28:6,8,[PeopleData_id:8]
6546002,902,9:28:7,8,[PeopleData_id:8,PeopleData_data0Type]
6546002,902,9:28:7,8,[PeopleData_id:8,PeopleData_data0Type]
6546002,902,9:28:10,8,[PeopleData_id:8,PeopleData_data1Type]
6546002,902,9:28:14,8,[PeopleData_id:8,PeopleData_data2Type]
6546002,902,9:28:16,8,[PeopleData_id:8,PeopleData_data3Type]
6546002,903,9:28:19,8,[PeopleData_id8,PeopleData_data3Type]
6546002,901,9:28:20,8,[PeopleData_id:8]
6546002,904,9:28:20,8,[PeopleData_id:8]
6546002,905,9:28:20,8,[PeopleData_id:8,RankTypes_id:-1,RankTypes_id:2]
6546002,901,9:28:20,8,[PeopleData_id:8]
6546002,905,9:28:20,8,[PeopleData_id:8,RankTypes_id:2,RankTypes_id:2]
6546002,901,9:28:21,8,[PeopleData_id:3]
6546002,902,9:28:21,8,[PeopleData_id:3,PeopleData_data0Type]
6546002,903,9:28:46,8,[PeopleData_id3,PeopleData_data0Type]
6546002,902,9:28:50,8,[PeopleData_id:3,PeopleData_data1Type]
6546002,902,9:28:54,8,[PeopleData_id:3,PeopleData_data1Type]
6546002,902,9:28:54,8,[PeopleData_id:3,PeopleData_data1Type]
6546002,902,9:28:54,8,[PeopleData_id:3,PeopleData_data2Type]
6546002,902,9:28:58,8,[PeopleData_id:3,PeopleData_data3Type]
6546002,903,9:29:1,8,[PeopleData_id3,PeopleData_data3Type]
6546002,901,9:29:1,8,[PeopleData_id:3]
6546002,904,9:29:2,8,[PeopleData_id:3]
6546002,905,9:29:3,8,[PeopleData_id:3,RankTypes_id:-1,RankTypes_id:1]
6546002,901,9:29:4,8,[PeopleData_id:3]
6546002,904,9:29:4,8,[PeopleData_id:3]
6546002,905,9:29:4,8,[PeopleData_id:3,RankTypes_id:1,RankTypes_id:2]
6546002,901,9:29:5,8,[PeopleData_id:2]
6546002,902,9:29:5,8,[PeopleData_id:2,PeopleData_data0Type]
6546002,902,9:29:9,8,[PeopleData_id:2,PeopleData_data1Type]
6546002,903,9:29:11,8,[PeopleData_id2,PeopleData_data1Type]
6546002,902,9:29:12,8,[PeopleData_id:2,PeopleData_data0Type]
6546002,902,9:29:14,8,[PeopleData_id:2,PeopleData_data1Type]
6546002,902,9:29:16,8,[PeopleData_id:2,PeopleData_data2Type]
6546002,903,9:29:19,8,[PeopleData_id2,PeopleData_data2Type]
6546002,901,9:29:19,8,[PeopleData_id:2]
6546002,904,9:29:19,8,[PeopleData_id:2]
6546002,905,9:29:22,8,[PeopleData_id:2,RankTypes_id:-1,RankTypes_id:0]
6546002,901,9:29:22,8,[PeopleData_id:6]
6546002,902,9:29:23,8,[PeopleData_id:6,PeopleData_data0Type]
6546002,902,9:29:26,8,[PeopleData_id:6,PeopleData_data1Type]
6546002,902,9:29:29,8,[PeopleData_id:6,PeopleData_data2Type]
6546002,902,9:29:33,8,[PeopleData_id:6,PeopleData_data2Type]
6546002,902,9:29:34,8,[PeopleData_id:6,PeopleData_data2Type]
6546002,902,9:29:35,8,[PeopleData_id:6,PeopleData_data2Type]
6546002,902,9:29:36,8,[PeopleData_id:6,PeopleData_data2Type]
6546002,902,9:29:36,8,[PeopleData_id:6,PeopleData_data3Type]
6546002,903,9:29:46,8,[PeopleData_id6,PeopleData_data3Type]
6546002,901,9:29:47,8,[PeopleData_id:6]
6546002,901,9:29:47,8,[PeopleData_id:6]
6546002,904,9:29:47,8,[PeopleData_id:6]
6546002,905,9:29:48,8,[PeopleData_id:6,RankTypes_id:-1,RankTypes_id:0]
6546002,901,9:29:48,8,[PeopleData_id:0]
6546002,904,9:29:48,8,[PeopleData_id:0]
6546002,902,9:29:49,8,[PeopleData_id:0,PeopleData_data0Type]
6546002,902,9:29:51,8,[PeopleData_id:0,PeopleData_data1Type]
6546002,902,9:29:54,8,[PeopleData_id:0,PeopleData_data2Type]
6546002,902,9:29:56,8,[PeopleData_id:0,PeopleData_data3Type]
6546002,903,9:29:59,8,[PeopleData_id0,PeopleData_data3Type]
6546002,901,9:30:1,8,[PeopleData_id:0]
6546002,904,9:30:1,8,[PeopleData_id:0]
6546002,905,9:30:2,8,[PeopleData_id:0,RankTypes_id:-1,RankTypes_id:0]
6546002,901,9:30:2,8,[PeopleData_id:7]
6546002,902,9:30:3,8,[PeopleData_id:7,PeopleData_data0Type]
6546002,902,9:30:8,8,[PeopleData_id:7,PeopleData_data1Type]
6546002,902,9:30:9,8,[PeopleData_id:7,PeopleData_data1Type]
6546002,902,9:30:11,8,[PeopleData_id:7,PeopleData_data2Type]
6546002,902,9:30:35,8,[PeopleData_id:7,PeopleData_data2Type]
6546002,902,9:30:35,8,[PeopleData_id:7,PeopleData_data2Type]
6546002,902,9:30:36,8,[PeopleData_id:7,PeopleData_data3Type]
6546002,903,9:30:38,8,[PeopleData_id7,PeopleData_data3Type]
6546002,901,9:30:38,8,[PeopleData_id:7]
6546002,904,9:30:38,8,[PeopleData_id:7]
6546002,901,9:30:40,8,[PeopleData_id:1]
6546002,904,9:30:40,8,[PeopleData_id:1]
6546002,901,9:30:41,8,[PeopleData_id:7]
6546002,904,9:30:41,8,[PeopleData_id:7]
6546002,905,9:30:42,8,[PeopleData_id:7,RankTypes_id:-1,RankTypes_id:3]
6546002,901,9:30:42,8,[PeopleData_id:1]
6546002,902,9:30:43,8,[PeopleData_id:1,PeopleData_data0Type]
6546002,902,9:30:47,8,[PeopleData_id:1,PeopleData_data1Type]
6546002,902,9:30:47,8,[PeopleData_id:1,PeopleData_data1Type]
6546002,902,9:30:50,8,[PeopleData_id:1,PeopleData_data2Type]
6546002,902,9:30:56,8,[PeopleData_id:1,PeopleData_data2Type]
6546002,902,9:30:56,8,[PeopleData_id:1,PeopleData_data3Type]
6546002,903,9:30:59,8,[PeopleData_id1,PeopleData_data3Type]
6546002,901,9:31:0,8,[PeopleData_id:1]
6546002,904,9:31:0,8,[PeopleData_id:1]
6546002,905,9:31:0,8,[PeopleData_id:1,RankTypes_id:-1,RankTypes_id:3]
6546002,901,9:31:1,8,[PeopleData_id:5]
6546002,904,9:31:1,8,[PeopleData_id:5]
6546002,902,9:31:1,8,[PeopleData_id:5,PeopleData_data0Type]
6546002,902,9:31:6,8,[PeopleData_id:5,PeopleData_data1Type]
6546002,902,9:31:11,8,[PeopleData_id:5,PeopleData_data1Type]
6546002,902,9:31:11,8,[PeopleData_id:5,PeopleData_data2Type]
6546002,902,9:31:13,8,[PeopleData_id:5,PeopleData_data3Type]
6546002,903,9:31:16,8,[PeopleData_id5,PeopleData_data3Type]
6546002,901,9:31:16,8,[PeopleData_id:5]
6546002,904,9:31:16,8,[PeopleData_id:5]
6546002,905,9:31:17,8,[PeopleData_id:5,RankTypes_id:-1,RankTypes_id:2]
6546002,906,9:31:17,8,[]
6546002,907,9:31:18,8,[]
6546002,908,9:31:18,8,[InvitationData_id:7,PeopleData_id:7,RankTypes_id:3]
6546002,909,9:31:20,8,[InvitationData_id:7,PeopleData_id:7,RankTypes_id:3,1]
6546002,910,9:31:21,8,[InvitationData_id:7,7,false]
6546002,908,9:31:21,8,[InvitationData_id:4,PeopleData_id:3,RankTypes_id:2]
6546002,909,9:31:28,8,[InvitationData_id:4,PeopleData_id:3,RankTypes_id:2,0]
6546002,910,9:31:28,8,[InvitationData_id:4,-2,false]
6546002,908,9:31:28,8,[InvitationData_id:1,PeopleData_id:3,RankTypes_id:2]
6546002,909,9:31:33,8,[InvitationData_id:1,PeopleData_id:3,RankTypes_id:2,0]
6546002,910,9:31:37,8,[InvitationData_id:1,-2,false]
6546002,908,9:31:37,8,[InvitationData_id:5,PeopleData_id:4,RankTypes_id:1]
6546002,909,9:31:45,8,[InvitationData_id:5,PeopleData_id:4,RankTypes_id:1,0]
6546002,910,9:31:45,8,[InvitationData_id:5,0,false]
6546002,908,9:31:45,8,[InvitationData_id:2,PeopleData_id:4,RankTypes_id:1]
6546002,909,9:31:49,8,[InvitationData_id:2,PeopleData_id:4,RankTypes_id:1,0]
6546002,910,9:31:50,8,[InvitationData_id:2,0,false]
6546002,908,9:31:50,8,[InvitationData_id:9,PeopleData_id:7,RankTypes_id:3]
6546002,909,9:31:59,8,[InvitationData_id:9,PeopleData_id:7,RankTypes_id:3,1]
6546002,910,9:32:0,8,[InvitationData_id:9,7,false]
6546002,908,9:32:0,8,[InvitationData_id:8,PeopleData_id:7,RankTypes_id:3]
6546002,909,9:32:3,8,[InvitationData_id:8,PeopleData_id:7,RankTypes_id:3,1]
6546002,910,9:32:4,8,[InvitationData_id:8,7,false]
6546002,908,9:32:4,8,[InvitationData_id:10,PeopleData_id:4,RankTypes_id:1]
6546002,909,9:32:9,8,[InvitationData_id:10,PeopleData_id:4,RankTypes_id:1,1]
6546002,910,9:32:10,8,[InvitationData_id:10,3,false]
6546002,908,9:32:10,8,[InvitationData_id:3,PeopleData_id:4,RankTypes_id:1]
6546002,909,9:32:15,8,[InvitationData_id:3,PeopleData_id:4,RankTypes_id:1,1]
6546002,910,9:32:17,8,[InvitationData_id:3,0,true]
6546002,908,9:32:17,8,[InvitationData_id:11,PeopleData_id:1,RankTypes_id:3]
6546002,909,9:32:21,8,[InvitationData_id:11,PeopleData_id:1,RankTypes_id:3,1]
6546002,910,9:32:22,8,[InvitationData_id:11,7,false]
6546002,908,9:32:22,8,[InvitationData_id:6,PeopleData_id:7,RankTypes_id:3]
6546002,909,9:32:37,8,[InvitationData_id:6,PeopleData_id:7,RankTypes_id:3,1]
6546002,910,9:32:38,8,[InvitationData_id:6,7,false]
6546002,911,9:32:39,8,[34,1,0,1]
6546002,1005,9:32:39,8,[2,1,2]
6546002,1001,9:32:41,8,[]
6546002,1003,9:32:41,2
6546002,210,9:32:43,795,494
6546002,207,9:32:44,8,-200,-365
6546002,211,9:32:50,1187,401
6546002,213,9:32:50,8,c_crewKid1_F_G11a2N,true
6546002,213,9:32:53,8,c_teacherEng_G11a2N,true
6546002,210,9:32:56,577,467
6546002,207,9:32:57,8,-365,-110
6546002,211,9:32:58,436,484
6546002,213,9:32:58,8,c_friend1_F_G11a2N,true
6546002,205,9:32:58,8,c_friend1_F_G11a2N,false,false
6546002,212,9:33:2,1
6546002,210,9:33:3,74,436
6546002,207,9:33:3,8,-110,-5
6546002,211,9:33:4,176,371
6546002,213,9:33:4,8,c_crush2_F_G11a2N,true
6546002,205,9:33:4,8,c_crush2_F_G11a2N,false,true
6546002,210,9:33:8,838,165
6546002,207,9:33:11,8,-5,-260
6546002,207,9:33:13,8,-260,-516
6546002,211,9:33:15,1342,427
6546002,212,9:33:15,2
6546002,210,9:33:16,1409,416
6546002,211,9:33:19,950,364
6546002,212,9:33:19,0
6546002,210,9:33:20,1434,410
6546002,211,9:33:21,1415,432
6546002,213,9:33:21,8,s_lockerKids1_G11a2N,true
6546002,205,9:33:21,8,s_lockerKids1_G11a2N,false,false
6546002,210,9:33:24,1222,486
6546002,211,9:33:25,1285,450
6546002,213,9:33:25,8,s_hivKid_F_G11a2N,true
6546002,205,9:33:25,8,s_hivKid_F_G11a2N,false,false
6546002,221,9:33:29,8
6546002,220,9:33:30,8
6546002,221,9:33:32,8
6546002,220,9:33:35,8
6546002,210,9:33:36,941,286
6546002,211,9:33:36,952,328
6546002,212,9:33:37,2
6546002,210,9:33:37,948,268
6546002,211,9:33:37,946,303
6546002,213,9:33:37,8,c_friend1_F_G11a1P,true
6546002,205,9:33:37,8,c_friend1_F_G11a1P,false,false
6546002,210,9:33:41,673,416
6546002,211,9:33:41,675,409
6546002,213,9:33:41,8,c_nurse_G11a1P,true
6546002,205,9:33:41,8,c_nurse_G11a1P,false,false
6546002,210,9:33:44,684,476
6546002,207,9:33:45,8,-200,0
6546002,207,9:33:56,8,0,-420
6546002,207,9:34:1,8,-420,-492
6546002,211,9:34:2,1514,321
6546002,210,9:34:2,1475,402
6546002,211,9:34:3,1419,533
6546002,212,9:34:3,1
6546002,210,9:34:4,1400,294
6546002,211,9:34:7,269,338
6546002,207,9:34:7,8,-492,-252
6546002,207,9:34:7,8,-252,-207
6546002,210,9:34:7,309,307
6546002,207,9:34:11,8,-207,0
6546002,211,9:34:20,684,368
6546002,212,9:34:21,2
6546002,212,9:34:21,0
6546002,210,9:34:22,529,544
6546002,211,9:34:26,455,146
6546002,213,9:34:26,8,s_pamphlet2_G11a1P,true
6546002,210,9:34:29,626,129
6546002,211,9:34:31,752,149
6546002,213,9:34:31,8,s_rubberGloves_G11a1P,true
6546002,205,9:34:31,8,s_rubberGloves_G11a1P,false,false
6546002,210,9:34:35,799,154
6546002,207,9:34:36,8,0,-225
6546002,207,9:34:38,8,-225,-465
6546002,207,9:34:39,8,-465,-492
6546002,211,9:34:39,1514,410
6546002,210,9:34:40,1490,419
6546002,211,9:34:41,1513,389
6546002,210,9:34:41,1496,411
6546002,211,9:34:42,1509,491
6546002,210,9:34:42,1493,478
6546002,211,9:35:6,689,258
6546002,210,9:35:11,777,180
6546002,211,9:35:12,741,129
6546002,213,9:35:12,8,s_rubberGloves_G11a1P,true
6546002,205,9:35:12,8,s_rubberGloves_G11a1P,false,true
6546002,210,9:35:21,780,361
6546002,207,9:35:22,8,-492,0
6546002,207,9:35:37,8,0,-360
6546002,211,9:35:38,1225,607
6546002,212,9:35:39,1
6546002,210,9:35:39,1299,379
6546002,207,9:35:39,8,-360,-390
6546002,211,9:35:42,1165,105
6546002,213,9:35:42,8,s_poster_G11a1P,true
6546002,205,9:35:42,8,s_poster_G11a1P,false,false
6546002,221,9:35:45,8
6546002,220,9:35:46,8
6546002,219,9:35:46,8
6546002,216,9:35:46,Stack_G11a2P
6546002,217,9:35:57,Stack_G11a2P,9.3,6.7
6546002,218,9:35:58,8
6546002,210,9:35:59,927,432
6546002,211,9:36:1,979,540
6546002,212,9:36:2,2
6546002,210,9:36:2,1139,539
6546002,207,9:36:3,8,-200,-492
6546002,211,9:36:9,1187,325
6546002,213,9:36:9,8,c_nurse_G11a2P,false
6546002,1003,9:36:11,2
6546002,1004,9:36:14,9
6546002,900,9:36:15,9,[]
6546002,901,9:36:16,9,[PeopleData_id:5]
6546002,904,9:36:16,9,[PeopleData_id:5]
6546002,902,9:36:17,9,[PeopleData_id:5,PeopleData_data0Type]
6546002,902,9:36:20,9,[PeopleData_id:5,PeopleData_data1Type]
6546002,902,9:36:25,9,[PeopleData_id:5,PeopleData_data1Type]
6546002,902,9:36:26,9,[PeopleData_id:5,PeopleData_data2Type]
6546002,902,9:36:32,9,[PeopleData_id:5,PeopleData_data3Type]
6546002,903,9:36:34,9,[PeopleData_id5,PeopleData_data3Type]
6546002,901,9:36:35,9,[PeopleData_id:5]
6546002,904,9:36:35,9,[PeopleData_id:5]
6546002,905,9:36:36,9,[PeopleData_id:5,RankTypes_id:-1,RankTypes_id:2]
6546002,901,9:36:36,9,[PeopleData_id:6]
6546002,901,9:36:38,9,[PeopleData_id:4]
6546002,902,9:36:39,9,[PeopleData_id:4,PeopleData_data0Type]
6546002,902,9:36:42,9,[PeopleData_id:4,PeopleData_data1Type]
6546002,902,9:36:46,9,[PeopleData_id:4,PeopleData_data2Type]
6546002,902,9:36:49,9,[PeopleData_id:4,PeopleData_data3Type]
6546002,903,9:36:53,9,[PeopleData_id4,PeopleData_data3Type]
6546002,901,9:36:54,9,[PeopleData_id:4]
6546002,904,9:36:54,9,[PeopleData_id:4]
6546002,905,9:36:55,9,[PeopleData_id:4,RankTypes_id:-1,RankTypes_id:0]
6546002,901,9:36:55,9,[PeopleData_id:5]
6546002,904,9:36:55,9,[PeopleData_id:5]
6546002,905,9:36:56,9,[PeopleData_id:5,RankTypes_id:2,RankTypes_id:0]
6546002,901,9:36:56,9,[PeopleData_id:6]
6546002,902,9:36:57,9,[PeopleData_id:6,PeopleData_data0Type]
6546002,902,9:37:0,9,[PeopleData_id:6,PeopleData_data1Type]
6546002,902,9:37:4,9,[PeopleData_id:6,PeopleData_data1Type]
6546002,902,9:37:5,9,[PeopleData_id:6,PeopleData_data2Type]
6546002,903,9:37:8,9,[PeopleData_id6,PeopleData_data2Type]
6546002,901,9:37:9,9,[PeopleData_id:6]
6546002,904,9:37:9,9,[PeopleData_id:6]
6546002,905,9:37:10,9,[PeopleData_id:6,RankTypes_id:-1,RankTypes_id:3]
6546002,901,9:37:10,9,[PeopleData_id:7]
6546002,904,9:37:10,9,[PeopleData_id:7]
6546002,902,9:37:11,9,[PeopleData_id:7,PeopleData_data0Type]
6546002,902,9:37:14,9,[PeopleData_id:7,PeopleData_data1Type]
6546002,902,9:37:16,9,[PeopleData_id:7,PeopleData_data1Type]
6546002,902,9:37:16,9,[PeopleData_id:7,PeopleData_data2Type]
6546002,902,9:37:18,9,[PeopleData_id:7,PeopleData_data3Type]
6546002,903,9:37:19,9,[PeopleData_id7,PeopleData_data3Type]
6546002,901,9:37:20,9,[PeopleData_id:7]
6546002,904,9:37:20,9,[PeopleData_id:7]
6546002,905,9:37:20,9,[PeopleData_id:7,RankTypes_id:-1,RankTypes_id:0]
6546002,901,9:37:21,9,[PeopleData_id:3]
6546002,904,9:37:21,9,[PeopleData_id:3]
6546002,902,9:37:21,9,[PeopleData_id:3,PeopleData_data0Type]
6546002,902,9:37:23,9,[PeopleData_id:3,PeopleData_data1Type]
6546002,902,9:37:23,9,[PeopleData_id:3,PeopleData_data1Type]
6546002,902,9:37:24,9,[PeopleData_id:3,PeopleData_data2Type]
6546002,902,9:37:27,9,[PeopleData_id:3,PeopleData_data3Type]
6546002,903,9:37:28,9,[PeopleData_id3,PeopleData_data3Type]
6546002,901,9:37:29,9,[PeopleData_id:3]
6546002,904,9:37:29,9,[PeopleData_id:3]
6546002,905,9:37:29,9,[PeopleData_id:3,RankTypes_id:-1,RankTypes_id:2]
6546002,901,9:37:30,9,[PeopleData_id:0]
6546002,902,9:37:31,9,[PeopleData_id:0,PeopleData_data0Type]
6546002,902,9:37:33,9,[PeopleData_id:0,PeopleData_data1Type]
6546002,902,9:37:35,9,[PeopleData_id:0,PeopleData_data2Type]
6546002,902,9:37:36,9,[PeopleData_id:0,PeopleData_data3Type]
6546002,903,9:37:38,9,[PeopleData_id0,PeopleData_data3Type]
6546002,901,9:37:39,9,[PeopleData_id:0]
6546002,904,9:37:39,9,[PeopleData_id:0]
6546002,905,9:37:39,9,[PeopleData_id:0,RankTypes_id:-1,RankTypes_id:1]
6546002,901,9:37:40,9,[PeopleData_id:1]
6546002,902,9:37:41,9,[PeopleData_id:1,PeopleData_data0Type]
6546002,902,9:37:43,9,[PeopleData_id:1,PeopleData_data1Type]
6546002,902,9:37:47,9,[PeopleData_id:1,PeopleData_data2Type]
6546002,902,9:37:53,9,[PeopleData_id:1,PeopleData_data3Type]
6546002,903,9:37:54,9,[PeopleData_id1,PeopleData_data3Type]
6546002,901,9:37:55,9,[PeopleData_id:1]
6546002,904,9:37:55,9,[PeopleData_id:1]
6546002,905,9:37:55,9,[PeopleData_id:1,RankTypes_id:-1,RankTypes_id:1]
6546002,901,9:37:56,9,[PeopleData_id:9]
6546002,904,9:37:56,9,[PeopleData_id:9]
6546002,902,9:37:56,9,[PeopleData_id:9,PeopleData_data0Type]
6546002,902,9:37:59,9,[PeopleData_id:9,PeopleData_data1Type]
6546002,902,9:38:4,9,[PeopleData_id:9,PeopleData_data1Type]
6546002,902,9:38:5,9,[PeopleData_id:9,PeopleData_data1Type]
6546002,902,9:38:8,9,[PeopleData_id:9,PeopleData_data2Type]
6546002,902,9:38:15,9,[PeopleData_id:9,PeopleData_data2Type]
6546002,903,9:38:29,9,[PeopleData_id9,PeopleData_data2Type]
6546002,901,9:38:29,9,[PeopleData_id:9]
6546002,904,9:38:29,9,[PeopleData_id:9]
6546002,905,9:38:30,9,[PeopleData_id:9,RankTypes_id:-1,RankTypes_id:2]
6546002,901,9:38:31,9,[PeopleData_id:2]
6546002,904,9:38:31,9,[PeopleData_id:2]
6546002,902,9:38:31,9,[PeopleData_id:2,PeopleData_data0Type]
6546002,903,9:38:36,9,[PeopleData_id2,PeopleData_data0Type]
6546002,901,9:38:36,9,[PeopleData_id:2]
6546002,904,9:38:36,9,[PeopleData_id:2]
6546002,905,9:38:38,9,[PeopleData_id:2,RankTypes_id:-1,RankTypes_id:0]
6546002,901,9:38:38,9,[PeopleData_id:8]
6546002,902,9:38:39,9,[PeopleData_id:8,PeopleData_data0Type]
6546002,902,9:38:43,9,[PeopleData_id:8,PeopleData_data1Type]
6546002,902,9:38:47,9,[PeopleData_id:8,PeopleData_data2Type]
6546002,902,9:38:47,9,[PeopleData_id:8,PeopleData_data2Type]
6546002,902,9:38:54,9,[PeopleData_id:8,PeopleData_data3Type]
6546002,903,9:38:59,9,[PeopleData_id8,PeopleData_data3Type]
6546002,901,9:38:59,9,[PeopleData_id:8]
6546002,904,9:38:59,9,[PeopleData_id:8]
6546002,905,9:39:0,9,[PeopleData_id:8,RankTypes_id:-1,RankTypes_id:3]
6546002,906,9:39:0,9,[]
6546002,907,9:39:1,9,[]
6546002,908,9:39:1,9,[InvitationData_id:4,PeopleData_id:1,RankTypes_id:1]
6546002,909,9:39:12,9,[InvitationData_id:4,PeopleData_id:1,RankTypes_id:1,0]
6546002,910,9:39:13,9,[InvitationData_id:4,0,false]
6546002,908,9:39:13,9,[InvitationData_id:12,PeopleData_id:3,RankTypes_id:2]
6546002,909,9:39:17,9,[InvitationData_id:12,PeopleData_id:3,RankTypes_id:2,0]
6546002,910,9:39:18,9,[InvitationData_id:12,-2,false]
6546002,908,9:39:18,9,[InvitationData_id:0,PeopleData_id:6,RankTypes_id:3]
6546002,909,9:39:20,9,[InvitationData_id:0,PeopleData_id:6,RankTypes_id:3,1]
6546002,910,9:39:21,9,[InvitationData_id:0,7,false]
6546002,908,9:39:21,9,[InvitationData_id:10,PeopleData_id:8,RankTypes_id:3]
6546002,909,9:39:23,9,[InvitationData_id:10,PeopleData_id:8,RankTypes_id:3,0]
6546002,910,9:39:26,9,[InvitationData_id:10,-7,false]
6546002,908,9:39:26,9,[InvitationData_id:11,PeopleData_id:0,RankTypes_id:1]
6546002,909,9:39:30,9,[InvitationData_id:11,PeopleData_id:0,RankTypes_id:1,1]
6546002,910,9:39:30,9,[InvitationData_id:11,3,false]
6546002,908,9:39:30,9,[InvitationData_id:9,PeopleData_id:0,RankTypes_id:1]
6546002,909,9:41:15,9,[InvitationData_id:9,PeopleData_id:0,RankTypes_id:1,1]
6546002,910,9:41:16,9,[InvitationData_id:9,3,false]
6546002,908,9:41:16,9,[InvitationData_id:2,PeopleData_id:9,RankTypes_id:2]
6546002,909,9:41:20,9,[InvitationData_id:2,PeopleData_id:9,RankTypes_id:2,1]
6546002,910,9:41:21,9,[InvitationData_id:2,5,false]
6546002,908,9:41:21,9,[InvitationData_id:8,PeopleData_id:8,RankTypes_id:3]
6546002,909,9:41:25,9,[InvitationData_id:8,PeopleData_id:8,RankTypes_id:3,0]
6546002,910,9:41:26,9,[InvitationData_id:8,-7,false]
6546002,908,9:41:26,9,[InvitationData_id:7,PeopleData_id:9,RankTypes_id:2]
6546002,909,9:41:30,9,[InvitationData_id:7,PeopleData_id:9,RankTypes_id:2,1]
6546002,910,9:41:31,9,[InvitationData_id:7,5,false]
6546002,908,9:41:31,9,[InvitationData_id:6,PeopleData_id:9,RankTypes_id:2]
6546002,909,9:41:35,9,[InvitationData_id:6,PeopleData_id:9,RankTypes_id:2,1]
6546002,910,9:41:36,9,[InvitationData_id:6,5,false]
6546002,908,9:41:36,9,[InvitationData_id:14,PeopleData_id:8,RankTypes_id:3]
6546002,909,9:41:41,9,[InvitationData_id:14,PeopleData_id:8,RankTypes_id:3,1]
6546002,910,9:41:42,9,[InvitationData_id:14,7,false]
6546002,911,9:41:43,9,[19,0,1,0]
6546002,1005,9:41:43,9,[2,1,2]
6546002,1001,9:41:45,9,[]
6546002,1003,9:41:45,2
6546002,210,9:41:47,811,518
6546002,207,9:41:48,8,-200,-365
6546002,211,9:41:50,890,514
6546002,213,9:41:50,8,c_friend1_F_G11a2P,true
6546002,205,9:41:50,8,c_friend1_F_G11a2P,false,false
6546002,210,9:41:53,976,413
6546002,211,9:41:54,1180,326
6546002,213,9:41:54,8,c_nurse_G11a2P,true
6546002,205,9:41:54,8,c_nurse_G11a2P,false,false
6546002,221,9:41:57,8
6546002,220,9:41:58,8
6546002,203,9:41:58,8
6546002,100,9:42:50,10
6546002,102,9:42:51,10
6546002,200,9:42:51,10,21,24,22,24,27
6546002,210,9:42:53,747,403
6546002,211,9:43:1,748,451
6546002,213,9:43:1,10,c_mom_afri_G12a0,false
6546002,1003,9:43:4,2
6546002,1004,9:43:14,6
6546002,900,9:43:47,6,[]
6546002,901,9:43:49,6,[PeopleData_id:0]
6546002,902,9:43:49,6,[PeopleData_id:0,PeopleData_data0Type]
6546002,902,9:43:57,6,[PeopleData_id:0,PeopleData_data1Type]
6546002,903,9:44:42,6,[PeopleData_id0,PeopleData_data1Type]
6546002,902,9:44:43,6,[PeopleData_id:0,PeopleData_data0Type]
6546002,902,9:44:46,6,[PeopleData_id:0,PeopleData_data1Type]
6546002,902,9:44:46,6,[PeopleData_id:0,PeopleData_data1Type]
6546002,903,9:44:49,6,[PeopleData_id0,PeopleData_data1Type]
6546002,901,9:44:49,6,[PeopleData_id:0]
6546002,904,9:44:49,6,[PeopleData_id:0]
6546002,905,9:44:50,6,[PeopleData_id:0,RankTypes_id:-1,RankTypes_id:1]
6546002,901,9:44:50,6,[PeopleData_id:2]
6546002,902,9:44:51,6,[PeopleData_id:2,PeopleData_data0Type]
6546002,902,9:44:53,6,[PeopleData_id:2,PeopleData_data1Type]
6546002,902,9:45:9,6,[PeopleData_id:2,PeopleData_data2Type]
6546002,903,9:45:11,6,[PeopleData_id2,PeopleData_data2Type]
6546002,901,9:45:12,6,[PeopleData_id:2]
6546002,904,9:45:12,6,[PeopleData_id:2]
6546002,905,9:45:13,6,[PeopleData_id:2,RankTypes_id:-1,RankTypes_id:3]
6546002,901,9:45:13,6,[PeopleData_id:8]
6546002,902,9:45:14,6,[PeopleData_id:8,PeopleData_data0Type]
6546002,902,9:45:16,6,[PeopleData_id:8,PeopleData_data1Type]
6546002,903,9:45:18,6,[PeopleData_id8,PeopleData_data1Type]
6546002,901,9:45:19,6,[PeopleData_id:7]
6546002,902,9:45:19,6,[PeopleData_id:7,PeopleData_data0Type]
6546002,902,9:45:22,6,[PeopleData_id:7,PeopleData_data1Type]
6546002,903,9:45:25,6,[PeopleData_id7,PeopleData_data1Type]
6546002,901,9:45:26,6,[PeopleData_id:7]
6546002,904,9:45:26,6,[PeopleData_id:7]
6546002,905,9:45:27,6,[PeopleData_id:7,RankTypes_id:-1,RankTypes_id:0]
6546002,901,9:45:27,6,[PeopleData_id:1]
6546002,902,9:45:28,6,[PeopleData_id:1,PeopleData_data0Type]
6546002,902,9:45:31,6,[PeopleData_id:1,PeopleData_data1Type]
6546002,902,9:45:32,6,[PeopleData_id:1,PeopleData_data2Type]
6546002,903,9:45:39,6,[PeopleData_id1,PeopleData_data2Type]
6546002,901,9:45:43,6,[PeopleData_id:1]
6546002,904,9:45:43,6,[PeopleData_id:1]
6546002,905,9:45:44,6,[PeopleData_id:1,RankTypes_id:-1,RankTypes_id:0]
6546002,901,9:45:45,6,[PeopleData_id:8]
6546002,902,9:46:29,6,[PeopleData_id:8,PeopleData_data0Type]
6546002,902,9:46:33,6,[PeopleData_id:8,PeopleData_data1Type]
6546002,902,9:46:35,6,[PeopleData_id:8,PeopleData_data2Type]
6546002,903,9:46:37,6,[PeopleData_id8,PeopleData_data2Type]
6546002,901,9:46:37,6,[PeopleData_id:8]
6546002,904,9:46:37,6,[PeopleData_id:8]
6546002,905,9:46:38,6,[PeopleData_id:8,RankTypes_id:-1,RankTypes_id:1]
6546002,901,9:46:39,6,[PeopleData_id:6]
6546002,902,9:46:39,6,[PeopleData_id:6,PeopleData_data0Type]
6546002,902,9:46:42,6,[PeopleData_id:6,PeopleData_data0Type]
6546002,902,9:46:43,6,[PeopleData_id:6,PeopleData_data1Type]
6546002,902,9:46:45,6,[PeopleData_id:6,PeopleData_data2Type]
6546002,903,9:46:46,6,[PeopleData_id6,PeopleData_data2Type]
6546002,901,9:46:48,6,[PeopleData_id:6]
6546002,904,9:46:48,6,[PeopleData_id:6]
6546002,905,9:46:48,6,[PeopleData_id:6,RankTypes_id:-1,RankTypes_id:3]
6546002,901,9:46:49,6,[PeopleData_id:4]
6546002,902,9:46:49,6,[PeopleData_id:4,PeopleData_data0Type]
6546002,903,9:46:54,6,[PeopleData_id4,PeopleData_data0Type]
6546002,901,9:46:54,6,[PeopleData_id:4]
6546002,904,9:46:54,6,[PeopleData_id:4]
6546002,905,9:46:55,6,[PeopleData_id:4,RankTypes_id:-1,RankTypes_id:3]
6546002,901,9:46:56,6,[PeopleData_id:3]
6546002,902,9:46:57,6,[PeopleData_id:3,PeopleData_data0Type]
6546002,902,9:46:59,6,[PeopleData_id:3,PeopleData_data1Type]
6546002,903,9:47:5,6,[PeopleData_id3,PeopleData_data1Type]
6546002,901,9:47:7,6,[PeopleData_id:3]
6546002,904,9:47:7,6,[PeopleData_id:3]
6546002,905,9:47:7,6,[PeopleData_id:3,RankTypes_id:-1,RankTypes_id:2]
6546002,901,9:47:8,6,[PeopleData_id:5]
6546002,902,9:47:9,6,[PeopleData_id:5,PeopleData_data0Type]
6546002,902,9:47:11,6,[PeopleData_id:5,PeopleData_data1Type]
6546002,903,9:47:13,6,[PeopleData_id5,PeopleData_data1Type]
6546002,901,9:47:13,6,[PeopleData_id:5]
6546002,904,9:47:14,6,[PeopleData_id:5]
6546002,905,9:47:14,6,[PeopleData_id:5,RankTypes_id:-1,RankTypes_id:0]
6546002,906,9:47:14,6,[]
6546002,907,9:47:15,6,[]
6546002,908,9:47:15,6,[InvitationData_id:7,PeopleData_id:2,RankTypes_id:3]
6546002,909,9:47:18,6,[InvitationData_id:7,PeopleData_id:2,RankTypes_id:3,1]
6546002,910,9:47:18,6,[InvitationData_id:7,7,false]
6546002,908,9:47:18,6,[InvitationData_id:6,PeopleData_id:3,RankTypes_id:2]
6546002,909,9:47:21,6,[InvitationData_id:6,PeopleData_id:3,RankTypes_id:2,0]
6546002,910,9:47:21,6,[InvitationData_id:6,-2,false]
6546002,908,9:47:21,6,[InvitationData_id:0,PeopleData_id:0,RankTypes_id:1]
6546002,909,9:47:23,6,[InvitationData_id:0,PeopleData_id:0,RankTypes_id:1,1]
6546002,910,9:47:27,6,[InvitationData_id:0,0,true]
6546002,908,9:47:27,6,[InvitationData_id:5,PeopleData_id:6,RankTypes_id:3]
6546002,909,9:47:30,6,[InvitationData_id:5,PeopleData_id:6,RankTypes_id:3,1]
6546002,910,9:47:30,6,[InvitationData_id:5,7,false]
6546002,908,9:47:30,6,[InvitationData_id:9,PeopleData_id:4,RankTypes_id:3]
6546002,909,9:47:33,6,[InvitationData_id:9,PeopleData_id:4,RankTypes_id:3,1]
6546002,910,9:47:33,6,[InvitationData_id:9,7,false]
6546002,908,9:47:33,6,[InvitationData_id:2,PeopleData_id:6,RankTypes_id:3]
6546002,909,9:47:36,6,[InvitationData_id:2,PeopleData_id:6,RankTypes_id:3,1]
6546002,910,9:47:36,6,[InvitationData_id:2,7,false]
6546002,908,9:47:36,6,[InvitationData_id:3,PeopleData_id:8,RankTypes_id:1]
6546002,909,9:47:39,6,[InvitationData_id:3,PeopleData_id:8,RankTypes_id:1,0]
6546002,910,9:47:39,6,[InvitationData_id:3,0,false]
6546002,908,9:47:39,6,[InvitationData_id:10,PeopleData_id:8,RankTypes_id:1]
6546002,909,9:47:43,6,[InvitationData_id:10,PeopleData_id:8,RankTypes_id:1,0]
6546002,910,9:47:44,6,[InvitationData_id:10,0,false]
6546002,908,9:47:44,6,[InvitationData_id:11,PeopleData_id:0,RankTypes_id:1]
6546002,909,9:47:49,6,[InvitationData_id:11,PeopleData_id:0,RankTypes_id:1,0]
6546002,910,9:47:50,6,[InvitationData_id:11,0,false]
6546002,908,9:47:50,6,[InvitationData_id:4,PeopleData_id:6,RankTypes_id:3]
6546002,909,9:47:53,6,[InvitationData_id:4,PeopleData_id:6,RankTypes_id:3,0]
6546002,910,9:47:55,6,[InvitationData_id:4,-7,false]
6546002,908,9:47:55,6,[InvitationData_id:12,PeopleData_id:3,RankTypes_id:2]
6546002,1002,9:49:30,6
6546002,1003,9:49:30,2
6546002,210,9:49:59,769,376
6546002,211,9:50:1,759,390
6546002,213,9:50:1,10,c_mom_afri_G12a0,false
6546002,1003,9:51:57,2
6546002,1004,9:54:2,9
6546002,900,9:54:23,9,[]
6546002,901,9:55:4,9,[PeopleData_id:0]
6546002,904,9:55:4,9,[PeopleData_id:0]
6546002,902,9:55:9,9,[PeopleData_id:0,PeopleData_data2Type]
6546002,903,9:55:13,9,[PeopleData_id0,PeopleData_data2Type]
6546002,901,9:55:14,9,[PeopleData_id:0]
6546002,904,9:55:14,9,[PeopleData_id:0]
6546002,905,9:55:15,9,[PeopleData_id:0,RankTypes_id:-1,RankTypes_id:1]
6546002,901,9:58:15,9,[PeopleData_id:1]
6546002,902,9:58:16,9,[PeopleData_id:1,PeopleData_data0Type]
6546002,902,9:58:17,9,[PeopleData_id:1,PeopleData_data1Type]
6546002,903,9:58:42,9,[PeopleData_id1,PeopleData_data1Type]
6546002,902,10:1:32,9,[PeopleData_id:1,PeopleData_data3Type]
6546002,902,10:1:41,9,[PeopleData_id:1,PeopleData_data2Type]
6546002,903,10:1:45,9,[PeopleData_id1,PeopleData_data2Type]
6546002,901,10:1:46,9,[PeopleData_id:1]
6546002,904,10:1:46,9,[PeopleData_id:1]
6546002,905,10:1:46,9,[PeopleData_id:1,RankTypes_id:-1,RankTypes_id:1]
6546002,901,10:1:46,9,[PeopleData_id:4]
6546002,902,10:1:47,9,[PeopleData_id:4,PeopleData_data0Type]
6546002,902,10:1:51,9,[PeopleData_id:4,PeopleData_data1Type]
6546002,902,10:1:54,9,[PeopleData_id:4,PeopleData_data2Type]
6546002,903,10:1:56,9,[PeopleData_id4,PeopleData_data2Type]
6546002,901,10:1:57,9,[PeopleData_id:4]
6546002,904,10:1:57,9,[PeopleData_id:4]
6546002,905,10:1:58,9,[PeopleData_id:4,RankTypes_id:-1,RankTypes_id:0]
6546002,901,10:1:58,9,[PeopleData_id:2]
6546002,902,10:1:59,9,[PeopleData_id:2,PeopleData_data0Type]
6546002,902,10:2:0,9,[PeopleData_id:2,PeopleData_data1Type]
6546002,902,10:2:2,9,[PeopleData_id:2,PeopleData_data0Type]
6546002,902,10:2:4,9,[PeopleData_id:2,PeopleData_data1Type]
6546002,903,10:2:6,9,[PeopleData_id2,PeopleData_data1Type]
6546002,901,10:2:6,9,[PeopleData_id:2]
6546002,904,10:2:6,9,[PeopleData_id:2]
6546002,905,10:2:7,9,[PeopleData_id:2,RankTypes_id:-1,RankTypes_id:1]
6546002,901,10:2:7,9,[PeopleData_id:7]
6546002,904,10:2:7,9,[PeopleData_id:7]
6546002,901,10:2:7,9,[PeopleData_id:7]
6546002,901,10:2:8,9,[PeopleData_id:6]
6546002,902,10:2:9,9,[PeopleData_id:6,PeopleData_data0Type]
6546002,902,10:2:12,9,[PeopleData_id:6,PeopleData_data1Type]
6546002,902,10:2:17,9,[PeopleData_id:6,PeopleData_data2Type]
6546002,903,10:2:19,9,[PeopleData_id6,PeopleData_data2Type]
6546002,901,10:2:20,9,[PeopleData_id:6]
6546002,904,10:2:20,9,[PeopleData_id:6]
6546002,905,10:2:21,9,[PeopleData_id:6,RankTypes_id:-1,RankTypes_id:3]
6546002,901,10:2:22,9,[PeopleData_id:9]
6546002,902,10:2:23,9,[PeopleData_id:9,PeopleData_data0Type]
6546002,902,10:2:27,9,[PeopleData_id:9,PeopleData_data1Type]
6546002,902,10:2:31,9,[PeopleData_id:9,PeopleData_data2Type]
6546002,903,10:2:33,9,[PeopleData_id9,PeopleData_data2Type]
6546002,901,10:2:33,9,[PeopleData_id:7]
6546002,904,10:2:34,9,[PeopleData_id:7]
6546002,901,10:2:34,9,[PeopleData_id:9]
6546002,904,10:2:34,9,[PeopleData_id:9]
6546002,905,10:2:35,9,[PeopleData_id:9,RankTypes_id:-1,RankTypes_id:3]
6546002,901,10:2:35,9,[PeopleData_id:7]
6546002,902,10:2:36,9,[PeopleData_id:7,PeopleData_data0Type]
6546002,902,10:2:40,9,[PeopleData_id:7,PeopleData_data1Type]
6546002,902,10:2:43,9,[PeopleData_id:7,PeopleData_data2Type]
6546002,903,10:2:45,9,[PeopleData_id7,PeopleData_data2Type]
6546002,901,10:2:46,9,[PeopleData_id:7]
6546002,904,10:2:46,9,[PeopleData_id:7]
6546002,905,10:2:47,9,[PeopleData_id:7,RankTypes_id:-1,RankTypes_id:0]
6546002,901,10:2:47,9,[PeopleData_id:5]
6546002,902,10:2:48,9,[PeopleData_id:5,PeopleData_data1Type]
6546002,902,10:2:48,9,[PeopleData_id:5,PeopleData_data0Type]
6546002,902,10:2:51,9,[PeopleData_id:5,PeopleData_data1Type]
6546002,902,10:2:53,9,[PeopleData_id:5,PeopleData_data1Type]
6546002,902,10:2:55,9,[PeopleData_id:5,PeopleData_data2Type]
6546002,902,10:2:59,9,[PeopleData_id:5,PeopleData_data3Type]
6546002,903,10:3:2,9,[PeopleData_id5,PeopleData_data3Type]
6546002,901,10:3:3,9,[PeopleData_id:5]
6546002,904,10:3:3,9,[PeopleData_id:5]
6546002,905,10:3:4,9,[PeopleData_id:5,RankTypes_id:-1,RankTypes_id:1]
6546002,901,10:3:4,9,[PeopleData_id:8]
6546002,901,10:3:5,9,[PeopleData_id:5]
6546002,904,10:3:5,9,[PeopleData_id:5]
6546002,905,10:3:6,9,[PeopleData_id:5,RankTypes_id:1,RankTypes_id:2]
6546002,901,10:3:7,9,[PeopleData_id:8]
6546002,902,10:3:8,9,[PeopleData_id:8,PeopleData_data0Type]
6546002,902,10:3:12,9,[PeopleData_id:8,PeopleData_data1Type]
6546002,902,10:3:13,9,[PeopleData_id:8,PeopleData_data0Type]
6546002,902,10:3:16,9,[PeopleData_id:8,PeopleData_data1Type]
6546002,902,10:3:20,9,[PeopleData_id:8,PeopleData_data2Type]
6546002,902,10:3:23,9,[PeopleData_id:8,PeopleData_data3Type]
6546002,903,10:3:25,9,[PeopleData_id8,PeopleData_data3Type]
6546002,901,10:3:25,9,[PeopleData_id:8]
6546002,904,10:3:25,9,[PeopleData_id:8]
6546002,905,10:3:26,9,[PeopleData_id:8,RankTypes_id:-1,RankTypes_id:3]
6546002,901,10:3:27,9,[PeopleData_id:3]
6546002,902,10:3:27,9,[PeopleData_id:3,PeopleData_data0Type]
6546002,902,10:3:29,9,[PeopleData_id:3,PeopleData_data1Type]
6546002,903,10:3:32,9,[PeopleData_id3,PeopleData_data1Type]
6546002,901,10:3:32,9,[PeopleData_id:3]
6546002,904,10:3:32,9,[PeopleData_id:3]
6546002,905,10:3:35,9,[PeopleData_id:3,RankTypes_id:-1,RankTypes_id:2]
6546002,906,10:3:35,9,[]
6546002,907,10:3:36,9,[]
6546002,908,10:3:36,9,[InvitationData_id:11,PeopleData_id:0,RankTypes_id:1]
6546002,909,10:3:38,9,[InvitationData_id:11,PeopleData_id:0,RankTypes_id:1,1]
6546002,910,10:3:39,9,[InvitationData_id:11,3,false]
6546002,908,10:3:39,9,[InvitationData_id:5,PeopleData_id:5,RankTypes_id:2]
6546002,909,10:3:42,9,[InvitationData_id:5,PeopleData_id:5,RankTypes_id:2,1]
6546002,910,10:3:45,9,[InvitationData_id:5,0,true]
6546002,908,10:3:45,9,[InvitationData_id:1,PeopleData_id:5,RankTypes_id:2]
6546002,909,10:3:49,9,[InvitationData_id:1,PeopleData_id:5,RankTypes_id:2,1]
6546002,910,10:3:55,9,[InvitationData_id:1,0,true]
6546002,908,10:3:55,9,[InvitationData_id:13,PeopleData_id:2,RankTypes_id:1]
6546002,1002,10:4:38,9
6546002,1003,10:4:38,2
6546002,1004,10:4:41,3
6546002,900,10:4:43,3,[]
6546002,901,10:4:44,3,[PeopleData_id:4]
6546002,902,10:4:45,3,[PeopleData_id:4,PeopleData_data0Type]
6546002,902,10:4:47,3,[PeopleData_id:4,PeopleData_data1Type]
6546002,903,10:4:48,3,[PeopleData_id4,PeopleData_data1Type]
6546002,901,10:4:49,3,[PeopleData_id:4]
6546002,904,10:4:49,3,[PeopleData_id:4]
6546002,905,10:4:49,3,[PeopleData_id:4,RankTypes_id:-1,RankTypes_id:0]
6546002,901,10:4:50,3,[PeopleData_id:0]
6546002,901,10:4:50,3,[PeopleData_id:4]
6546002,904,10:4:50,3,[PeopleData_id:4]
6546002,905,10:4:50,3,[PeopleData_id:4,RankTypes_id:0,RankTypes_id:1]
6546002,901,10:4:51,3,[PeopleData_id:4]
6546002,904,10:4:51,3,[PeopleData_id:4]
6546002,905,10:4:51,3,[PeopleData_id:4,RankTypes_id:1,RankTypes_id:0]
6546002,901,10:4:51,3,[PeopleData_id:0]
6546002,904,10:4:51,3,[PeopleData_id:0]
6546002,902,10:4:52,3,[PeopleData_id:0,PeopleData_data0Type]
6546002,902,10:4:55,3,[PeopleData_id:0,PeopleData_data1Type]
6546002,902,10:4:56,3,[PeopleData_id:0,PeopleData_data2Type]
6546002,902,10:4:58,3,[PeopleData_id:0,PeopleData_data3Type]
6546002,903,10:4:59,3,[PeopleData_id0,PeopleData_data3Type]
6546002,901,10:4:59,3,[PeopleData_id:0]
6546002,904,10:4:59,3,[PeopleData_id:0]
6546002,905,10:5:0,3,[PeopleData_id:0,RankTypes_id:-1,RankTypes_id:1]
6546002,901,10:5:0,3,[PeopleData_id:1]
6546002,901,10:5:1,3,[PeopleData_id:3]
6546002,904,10:5:1,3,[PeopleData_id:3]
6546002,901,10:5:3,3,[PeopleData_id:5]
6546002,902,10:5:3,3,[PeopleData_id:5,PeopleData_data0Type]
6546002,902,10:5:6,3,[PeopleData_id:5,PeopleData_data1Type]
6546002,903,10:5:9,3,[PeopleData_id5,PeopleData_data1Type]
6546002,901,10:5:10,3,[PeopleData_id:5]
6546002,904,10:5:10,3,[PeopleData_id:5]
6546002,905,10:5:11,3,[PeopleData_id:5,RankTypes_id:-1,RankTypes_id:1]
6546002,901,10:5:12,3,[PeopleData_id:2]
6546002,902,10:5:12,3,[PeopleData_id:2,PeopleData_data0Type]
6546002,902,10:5:18,3,[PeopleData_id:2,PeopleData_data1Type]
6546002,903,10:5:19,3,[PeopleData_id2,PeopleData_data1Type]
6546002,901,10:5:20,3,[PeopleData_id:2]
6546002,904,10:5:20,3,[PeopleData_id:2]
6546002,905,10:5:21,3,[PeopleData_id:2,RankTypes_id:-1,RankTypes_id:1]
6546002,901,10:5:21,3,[PeopleData_id:1]
6546002,902,10:5:22,3,[PeopleData_id:1,PeopleData_data0Type]
6546002,902,10:5:24,3,[PeopleData_id:1,PeopleData_data1Type]
6546002,902,10:5:25,3,[PeopleData_id:1,PeopleData_data2Type]
6546002,903,10:5:27,3,[PeopleData_id1,PeopleData_data2Type]
6546002,901,10:5:27,3,[PeopleData_id:1]
6546002,904,10:5:27,3,[PeopleData_id:1]
6546002,905,10:5:28,3,[PeopleData_id:1,RankTypes_id:-1,RankTypes_id:3]
6546002,901,10:5:28,3,[PeopleData_id:3]
6546002,902,10:5:29,3,[PeopleData_id:3,PeopleData_data0Type]
6546002,902,10:5:32,3,[PeopleData_id:3,PeopleData_data1Type]
6546002,902,10:5:33,3,[PeopleData_id:3,PeopleData_data1Type]
6546002,902,10:5:34,3,[PeopleData_id:3,PeopleData_data2Type]
6546002,902,10:5:36,3,[PeopleData_id:3,PeopleData_data2Type]
6546002,902,10:5:37,3,[PeopleData_id:3,PeopleData_data2Type]
6546002,902,10:5:37,3,[PeopleData_id:3,PeopleData_data1Type]
6546002,902,10:5:38,3,[PeopleData_id:3,PeopleData_data1Type]
6546002,902,10:5:39,3,[PeopleData_id:3,PeopleData_data2Type]
6546002,902,10:5:40,3,[PeopleData_id:3,PeopleData_data3Type]
6546002,903,10:5:44,3,[PeopleData_id3,PeopleData_data3Type]
6546002,901,10:5:45,3,[PeopleData_id:3]
6546002,904,10:5:45,3,[PeopleData_id:3]
6546002,905,10:5:46,3,[PeopleData_id:3,RankTypes_id:-1,RankTypes_id:3]
6546002,906,10:5:46,3,[]
6546002,907,10:5:46,3,[]
6546002,908,10:5:46,3,[InvitationData_id:12,PeopleData_id:2,RankTypes_id:1]
6546002,909,10:5:50,3,[InvitationData_id:12,PeopleData_id:2,RankTypes_id:1,0]
6546002,910,10:5:50,3,[InvitationData_id:12,0,false]
6546002,908,10:5:50,3,[InvitationData_id:8,PeopleData_id:5,RankTypes_id:1]
6546002,909,10:5:54,3,[InvitationData_id:8,PeopleData_id:5,RankTypes_id:1,0]
6546002,910,10:5:55,3,[InvitationData_id:8,0,false]
6546002,908,10:5:55,3,[InvitationData_id:10,PeopleData_id:1,RankTypes_id:3]
6546002,909,10:5:58,3,[InvitationData_id:10,PeopleData_id:1,RankTypes_id:3,1]
6546002,910,10:5:59,3,[InvitationData_id:10,7,false]
6546002,908,10:5:59,3,[InvitationData_id:2,PeopleData_id:0,RankTypes_id:1]
6546002,909,10:6:2,3,[InvitationData_id:2,PeopleData_id:0,RankTypes_id:1,0]
6546002,910,10:6:3,3,[InvitationData_id:2,0,false]
6546002,908,10:6:3,3,[InvitationData_id:5,PeopleData_id:3,RankTypes_id:3]
6546002,909,10:6:6,3,[InvitationData_id:5,PeopleData_id:3,RankTypes_id:3,1]
6546002,910,10:6:7,3,[InvitationData_id:5,7,false]
6546002,908,10:6:7,3,[InvitationData_id:4,PeopleData_id:0,RankTypes_id:1]
6546002,909,10:6:12,3,[InvitationData_id:4,PeopleData_id:0,RankTypes_id:1,1]
6546002,910,10:6:12,3,[InvitationData_id:4,3,false]
6546002,908,10:6:12,3,[InvitationData_id:6,PeopleData_id:3,RankTypes_id:3]
6546002,909,10:6:15,3,[InvitationData_id:6,PeopleData_id:3,RankTypes_id:3,1]
6546002,910,10:6:16,3,[InvitationData_id:6,7,false]
6546002,908,10:6:16,3,[InvitationData_id:3,PeopleData_id:1,RankTypes_id:3]
6546002,909,10:6:18,3,[InvitationData_id:3,PeopleData_id:1,RankTypes_id:3,1]
6546002,910,10:6:19,3,[InvitationData_id:3,7,false]
6546002,908,10:6:19,3,[InvitationData_id:1,PeopleData_id:5,RankTypes_id:1]
6546002,909,10:6:22,3,[InvitationData_id:1,PeopleData_id:5,RankTypes_id:1,0]
6546002,910,10:6:23,3,[InvitationData_id:1,0,false]
6546002,908,10:6:23,3,[InvitationData_id:0,PeopleData_id:1,RankTypes_id:3]
6546002,909,10:6:26,3,[InvitationData_id:0,PeopleData_id:1,RankTypes_id:3,1]
6546002,910,10:6:27,3,[InvitationData_id:0,7,false]
6546002,908,10:6:27,3,[InvitationData_id:7,PeopleData_id:2,RankTypes_id:1]
6546002,909,10:6:36,3,[InvitationData_id:7,PeopleData_id:2,RankTypes_id:1,1]
6546002,910,10:6:37,3,[InvitationData_id:7,0,true]
6546002,911,10:6:38,3,[38,1,0,1]
6546002,1001,10:6:40,3,[]
6546002,1003,10:6:40,2
6546002,210,10:6:42,700,428
6546002,211,10:6:43,756,430
6546002,213,10:6:43,10,c_mom_afri_G12a0,false
6546002,210,10:6:47,739,372
6546002,211,10:6:50,418,684
6546002,219,10:6:50,10
6546002,216,10:6:51,Stack_G12a1N
6546002,217,10:7:3,Stack_G12a1N,12,4.4
6546002,218,10:7:6,10
6546002,210,10:7:6,412,527
6546002,211,10:7:8,333,628
6546002,210,10:7:11,657,473
6546002,211,10:7:17,207,154
6546002,212,10:7:18,1
6546002,210,10:7:19,664,438
6546002,211,10:7:22,208,108
6546002,213,10:7:22,10,s_clock_G12a0,false
6546002,1003,10:7:25,1
6546002,1004,10:7:27,6
6546002,800,10:7:29,6,[]
6546002,801,10:7:29,6,[]
6546002,814,10:7:32,6,[1]
6546002,815,10:7:32,6,1,OpportunityCardData_id:6
6546002,816,10:7:34,6,1,OpportunityCardData_id:6
6546002,803,10:7:35,6,[OpportunityCardData_id:6,OpportunityCardConsequencesData_logId:0]
6546002,805,10:7:37,6,[OpportunityCardData_id:6]
6546002,806,10:7:40,6,[OpportunityCardData_id:6,PriorityData_type:3]
6546002,807,10:7:41,6,[OpportunityCardData_id:6]
6546002,808,10:7:43,6,[OpportunityCardData_id:6]
6546002,809,10:7:46,6,[OpportunityCardData_id:6,PriorityData_type:3,true]
6546002,810,10:7:47,6,[OpportunityCardData_id:6,PriorityData_type:1,20,Safe,Safe]
6546002,814,10:7:49,6,[1]
6546002,815,10:7:49,6,1,OpportunityCardData_id:7
6546002,816,10:7:52,6,1,OpportunityCardData_id:7
6546002,803,10:7:53,6,[OpportunityCardData_id:7,OpportunityCardConsequencesData_logId:1]
6546002,805,10:7:54,6,[OpportunityCardData_id:7]
6546002,806,10:7:55,6,[OpportunityCardData_id:7,PriorityData_type:2]
6546002,807,10:7:56,6,[OpportunityCardData_id:7]
6546002,808,10:7:58,6,[OpportunityCardData_id:7]
6546002,809,10:8:1,6,[OpportunityCardData_id:7,PriorityData_type:5,false]
6546002,810,10:8:2,6,[OpportunityCardData_id:7,PriorityData_type:1,20,PriorityData_type:5,25]
6546002,812,10:8:3,6,[OpportunityCardData_id:7,PriorityData_type:5]
6546002,813,10:8:4,6,[]
6546002,1001,10:8:9,6,[]
6546002,1003,10:8:9,1
6546002,1004,10:8:10,6
6546002,800,10:8:11,6,[]
6546002,801,10:8:12,6,[]
6546002,814,10:8:13,6,[3]
6546002,815,10:8:13,6,3,OpportunityCardData_id:18
6546002,815,10:8:14,6,3,OpportunityCardData_id:19
6546002,815,10:8:14,6,3,OpportunityCardData_id:20
6546002,815,10:8:16,6,3,OpportunityCardData_id:21
6546002,815,10:8:17,6,3,OpportunityCardData_id:20
6546002,816,10:8:17,6,3,OpportunityCardData_id:20
6546002,803,10:8:19,6,[OpportunityCardData_id:20,OpportunityCardConsequencesData_logId:1]
6546002,805,10:8:20,6,[OpportunityCardData_id:20]
6546002,806,10:8:21,6,[OpportunityCardData_id:20,PriorityData_type:5]
6546002,807,10:8:21,6,[OpportunityCardData_id:20]
6546002,808,10:8:23,6,[OpportunityCardData_id:20]
6546002,809,10:8:26,6,[OpportunityCardData_id:20,PriorityData_type:5,true]
6546002,810,10:8:27,6,[OpportunityCardData_id:20,PriorityData_type:3,20,Safe,Safe]
6546002,814,10:8:29,6,[1]
6546002,815,10:8:29,6,1,OpportunityCardData_id:6
6546002,816,10:8:30,6,1,OpportunityCardData_id:6
6546002,803,10:8:31,6,[OpportunityCardData_id:6,OpportunityCardConsequencesData_logId:2]
6546002,805,10:8:41,6,[OpportunityCardData_id:6]
6546002,806,10:8:43,6,[OpportunityCardData_id:6,PriorityData_type:3]
6546002,807,10:8:44,6,[OpportunityCardData_id:6]
6546002,808,10:8:45,6,[OpportunityCardData_id:6]
6546002,809,10:8:48,6,[OpportunityCardData_id:6,PriorityData_type:3,true]
6546002,810,10:8:49,6,[OpportunityCardData_id:6,PriorityData_type:1,20,Safe,Safe]
6546002,814,10:8:51,6,[3]
6546002,815,10:8:51,6,3,OpportunityCardData_id:18
6546002,815,10:8:52,6,3,OpportunityCardData_id:19
6546002,815,10:8:53,6,3,OpportunityCardData_id:21
6546002,815,10:8:53,6,3,OpportunityCardData_id:22
6546002,815,10:8:54,6,3,OpportunityCardData_id:23
6546002,815,10:8:54,6,3,OpportunityCardData_id:24
6546002,815,10:8:55,6,3,OpportunityCardData_id:18
6546002,815,10:8:56,6,3,OpportunityCardData_id:19
6546002,816,10:8:57,6,3,OpportunityCardData_id:19
6546002,803,10:8:58,6,[OpportunityCardData_id:19,OpportunityCardConsequencesData_logId:1]
6546002,805,10:8:58,6,[OpportunityCardData_id:19]
6546002,806,10:8:59,6,[OpportunityCardData_id:19,PriorityData_type:2]
6546002,807,10:9:0,6,[OpportunityCardData_id:19]
6546002,808,10:9:2,6,[OpportunityCardData_id:19]
6546002,809,10:9:5,6,[OpportunityCardData_id:19,PriorityData_type:2,true]
6546002,810,10:9:5,6,[OpportunityCardData_id:19,PriorityData_type:3,15,Safe,Safe]
6546002,814,10:9:8,6,[3]
6546002,815,10:9:8,6,3,OpportunityCardData_id:18
6546002,816,10:9:9,6,3,OpportunityCardData_id:18
6546002,803,10:9:11,6,[OpportunityCardData_id:18,OpportunityCardConsequencesData_logId:1]
6546002,805,10:9:12,6,[OpportunityCardData_id:18]
6546002,806,10:9:13,6,[OpportunityCardData_id:18,PriorityData_type:5]
6546002,807,10:9:14,6,[OpportunityCardData_id:18]
6546002,808,10:9:15,6,[OpportunityCardData_id:18]
6546002,809,10:9:19,6,[OpportunityCardData_id:18,PriorityData_type:5,true]
6546002,810,10:9:19,6,[OpportunityCardData_id:18,PriorityData_type:3,15,Safe,Safe]
6546002,814,10:9:21,6,[1]
6546002,815,10:9:22,6,1,OpportunityCardData_id:7
6546002,816,10:9:23,6,1,OpportunityCardData_id:7
6546002,803,10:9:23,6,[OpportunityCardData_id:7,OpportunityCardConsequencesData_logId:1]
6546002,805,10:9:25,6,[OpportunityCardData_id:7]
6546002,806,10:9:25,6,[OpportunityCardData_id:7,PriorityData_type:2]
6546002,807,10:9:26,6,[OpportunityCardData_id:7]
6546002,808,10:9:28,6,[OpportunityCardData_id:7]
6546002,809,10:9:31,6,[OpportunityCardData_id:7,PriorityData_type:5,false]
6546002,810,10:9:32,6,[OpportunityCardData_id:7,PriorityData_type:1,20,PriorityData_type:5,25]
6546002,812,10:9:33,6,[OpportunityCardData_id:7,PriorityData_type:5]
6546002,813,10:9:34,6,[]
6546002,1000,10:9:37,6,[]
6546002,800,10:9:38,6,[]
6546002,801,10:9:39,6,[]
6546002,814,10:9:42,6,[1]
6546002,815,10:9:42,6,1,OpportunityCardData_id:6
6546002,816,10:9:43,6,1,OpportunityCardData_id:6
6546002,803,10:9:44,6,[OpportunityCardData_id:6,OpportunityCardConsequencesData_logId:0]
6546002,805,10:9:45,6,[OpportunityCardData_id:6]
6546002,806,10:9:45,6,[OpportunityCardData_id:6,PriorityData_type:3]
6546002,807,10:9:46,6,[OpportunityCardData_id:6]
6546002,808,10:9:48,6,[OpportunityCardData_id:6]
6546002,809,10:9:51,6,[OpportunityCardData_id:6,PriorityData_type:3,true]
6546002,810,10:9:51,6,[OpportunityCardData_id:6,PriorityData_type:1,20,Safe,Safe]
6546002,814,10:9:54,6,[1]
6546002,815,10:9:54,6,1,OpportunityCardData_id:7
6546002,816,10:9:55,6,1,OpportunityCardData_id:7
6546002,803,10:9:56,6,[OpportunityCardData_id:7,OpportunityCardConsequencesData_logId:1]
6546002,805,10:9:57,6,[OpportunityCardData_id:7]
6546002,806,10:9:58,6,[OpportunityCardData_id:7,PriorityData_type:2]
6546002,807,10:9:58,6,[OpportunityCardData_id:7]
6546002,808,10:10:0,6,[OpportunityCardData_id:7]
6546002,809,10:10:3,6,[OpportunityCardData_id:7,PriorityData_type:2,true]
6546002,810,10:10:4,6,[OpportunityCardData_id:7,PriorityData_type:1,20,Safe,Safe]
6546002,814,10:10:6,6,[3]
6546002,815,10:10:6,6,3,OpportunityCardData_id:18
6546002,816,10:10:8,6,3,OpportunityCardData_id:18
6546002,803,10:10:9,6,[OpportunityCardData_id:18,OpportunityCardConsequencesData_logId:0]
6546002,805,10:10:9,6,[OpportunityCardData_id:18]
6546002,806,10:10:11,6,[OpportunityCardData_id:18,PriorityData_type:1]
6546002,807,10:10:11,6,[OpportunityCardData_id:18]
6546002,808,10:10:13,6,[OpportunityCardData_id:18]
6546002,809,10:10:15,6,[OpportunityCardData_id:18,PriorityData_type:5,false]
6546002,810,10:10:16,6,[OpportunityCardData_id:18,PriorityData_type:3,15,PriorityData_type:5,15]
6546002,814,10:10:19,6,[3]
6546002,815,10:10:19,6,3,OpportunityCardData_id:19
6546002,815,10:10:20,6,3,OpportunityCardData_id:20
6546002,816,10:10:20,6,3,OpportunityCardData_id:20
6546002,803,10:10:22,6,[OpportunityCardData_id:20,OpportunityCardConsequencesData_logId:0]
6546002,805,10:10:22,6,[OpportunityCardData_id:20]
6546002,806,10:10:23,6,[OpportunityCardData_id:20,PriorityData_type:5]
6546002,807,10:10:24,6,[OpportunityCardData_id:20]
6546002,808,10:10:25,6,[OpportunityCardData_id:20]
6546002,809,10:10:28,6,[OpportunityCardData_id:20,PriorityData_type:0,false]
6546002,810,10:10:29,6,[OpportunityCardData_id:20,PriorityData_type:3,20,PriorityData_type:0,20]
6546002,814,10:10:32,6,[3]
6546002,815,10:10:32,6,3,OpportunityCardData_id:19
6546002,815,10:10:35,6,3,OpportunityCardData_id:21
6546002,816,10:10:38,6,3,OpportunityCardData_id:21
6546002,803,10:10:39,6,[OpportunityCardData_id:21,OpportunityCardConsequencesData_logId:0]
6546002,805,10:10:45,6,[OpportunityCardData_id:21]
6546002,806,10:10:47,6,[OpportunityCardData_id:21,PriorityData_type:4]
6546002,807,10:10:47,6,[OpportunityCardData_id:21]
6546002,808,10:10:49,6,[OpportunityCardData_id:21]
6546002,809,10:10:52,6,[OpportunityCardData_id:21,Safe,false]
6546002,810,10:10:52,6,[OpportunityCardData_id:21,PriorityData_type:3,15,Safe,Safe]
6546002,818,10:10:54,6,7
6546002,811,10:10:55,6,[OpportunityCardData_id:21,PriorityData_type:1,70,75,PriorityData_type:3,70,70]
6546002,1005,10:10:55,6,[1,0,3]
6546002,1001,10:10:56,6,[]
6546002,1003,10:10:56,1
6546002,1004,10:10:58,7
6546002,800,10:10:59,7,[]
6546002,801,10:10:59,7,[]
6546002,814,10:11:1,7,[3]
6546002,815,10:11:1,7,3,OpportunityCardData_id:18
6546002,815,10:11:3,7,3,OpportunityCardData_id:19
6546002,815,10:11:3,7,3,OpportunityCardData_id:20
6546002,816,10:11:4,7,3,OpportunityCardData_id:20
6546002,803,10:11:4,7,[OpportunityCardData_id:20,OpportunityCardConsequencesData_logId:0]
6546002,805,10:11:5,7,[OpportunityCardData_id:20]
6546002,806,10:11:6,7,[OpportunityCardData_id:20,PriorityData_type:2]
6546002,806,10:11:10,7,[OpportunityCardData_id:20,PriorityData_type:4]
6546002,807,10:11:11,7,[OpportunityCardData_id:20]
6546002,808,10:11:12,7,[OpportunityCardData_id:20]
6546002,809,10:11:16,7,[OpportunityCardData_id:20,PriorityData_type:4,true]
6546002,810,10:11:17,7,[OpportunityCardData_id:20,PriorityData_type:3,20,Safe,Safe]
6546002,814,10:11:18,7,[4]
6546002,815,10:11:18,7,4,OpportunityCardData_id:25
6546002,815,10:11:19,7,4,OpportunityCardData_id:26
6546002,815,10:11:20,7,4,OpportunityCardData_id:27
6546002,815,10:11:20,7,4,OpportunityCardData_id:28
6546002,815,10:11:22,7,4,OpportunityCardData_id:29
6546002,815,10:11:22,7,4,OpportunityCardData_id:30
6546002,815,10:11:23,7,4,OpportunityCardData_id:25
6546002,815,10:11:23,7,4,OpportunityCardData_id:26
6546002,815,10:11:23,7,4,OpportunityCardData_id:27
6546002,816,10:11:24,7,4,OpportunityCardData_id:27
6546002,803,10:11:25,7,[OpportunityCardData_id:27,OpportunityCardConsequencesData_logId:0]
6546002,805,10:11:30,7,[OpportunityCardData_id:27]
6546002,806,10:11:31,7,[OpportunityCardData_id:27,PriorityData_type:3]
6546002,807,10:11:31,7,[OpportunityCardData_id:27]
6546002,808,10:11:33,7,[OpportunityCardData_id:27]
6546002,809,10:11:37,7,[OpportunityCardData_id:27,PriorityData_type:5,false]
6546002,810,10:11:37,7,[OpportunityCardData_id:27,PriorityData_type:4,15,PriorityData_type:5,10]
6546002,814,10:11:40,7,[3]
6546002,815,10:11:40,7,3,OpportunityCardData_id:18
6546002,816,10:11:41,7,3,OpportunityCardData_id:18
6546002,803,10:11:42,7,[OpportunityCardData_id:18,OpportunityCardConsequencesData_logId:1]
6546002,805,10:11:42,7,[OpportunityCardData_id:18]
6546002,806,10:11:43,7,[OpportunityCardData_id:18,PriorityData_type:5]
6546002,807,10:11:44,7,[OpportunityCardData_id:18]
6546002,808,10:11:45,7,[OpportunityCardData_id:18]
6546002,809,10:11:49,7,[OpportunityCardData_id:18,Safe,false]
6546002,810,10:11:50,7,[OpportunityCardData_id:18,PriorityData_type:3,15,Safe,Safe]
6546002,814,10:11:53,7,[4]
6546002,815,10:11:53,7,4,OpportunityCardData_id:25
6546002,816,10:11:58,7,4,OpportunityCardData_id:25
6546002,803,10:11:59,7,[OpportunityCardData_id:25,OpportunityCardConsequencesData_logId:1]
6546002,805,10:12:0,7,[OpportunityCardData_id:25]
6546002,806,10:12:0,7,[OpportunityCardData_id:25,PriorityData_type:2]
6546002,807,10:12:1,7,[OpportunityCardData_id:25]
6546002,808,10:12:2,7,[OpportunityCardData_id:25]
6546002,809,10:12:6,7,[OpportunityCardData_id:25,Safe,false]
6546002,810,10:12:7,7,[OpportunityCardData_id:25,PriorityData_type:4,15,Safe,Safe]
6546002,814,10:12:9,7,[4]
6546002,815,10:12:9,7,4,OpportunityCardData_id:26
6546002,815,10:12:10,7,4,OpportunityCardData_id:28
6546002,816,10:12:10,7,4,OpportunityCardData_id:28
6546002,803,10:12:12,7,[OpportunityCardData_id:28,OpportunityCardConsequencesData_logId:1]
6546002,805,10:12:13,7,[OpportunityCardData_id:28]
6546002,806,10:12:14,7,[OpportunityCardData_id:28,PriorityData_type:0]
6546002,807,10:12:14,7,[OpportunityCardData_id:28]
6546002,808,10:12:16,7,[OpportunityCardData_id:28]
6546002,809,10:12:19,7,[OpportunityCardData_id:28,PriorityData_type:0,true]
6546002,810,10:12:20,7,[OpportunityCardData_id:28,PriorityData_type:4,10,Safe,Safe]
6546002,814,10:12:21,7,[3]
6546002,815,10:12:21,7,3,OpportunityCardData_id:19
6546002,815,10:12:22,7,3,OpportunityCardData_id:21
6546002,815,10:12:23,7,3,OpportunityCardData_id:22
6546002,815,10:12:23,7,3,OpportunityCardData_id:23
6546002,815,10:12:23,7,3,OpportunityCardData_id:24
6546002,815,10:12:24,7,3,OpportunityCardData_id:19
6546002,815,10:12:24,7,3,OpportunityCardData_id:21
6546002,815,10:12:25,7,3,OpportunityCardData_id:22
6546002,815,10:12:25,7,3,OpportunityCardData_id:21
6546002,815,10:12:25,7,3,OpportunityCardData_id:19
6546002,816,10:12:26,7,3,OpportunityCardData_id:19
6546002,803,10:12:27,7,[OpportunityCardData_id:19,OpportunityCardConsequencesData_logId:0]
6546002,805,10:12:28,7,[OpportunityCardData_id:19]
6546002,806,10:12:30,7,[OpportunityCardData_id:19,PriorityData_type:5]
6546002,807,10:12:31,7,[OpportunityCardData_id:19]
6546002,808,10:12:32,7,[OpportunityCardData_id:19]
6546002,809,10:12:36,7,[OpportunityCardData_id:19,PriorityData_type:1,false]
6546002,810,10:12:36,7,[OpportunityCardData_id:19,PriorityData_type:3,15,PriorityData_type:1,10]
6546002,818,10:12:38,7,6
6546002,811,10:12:39,7,[OpportunityCardData_id:19,PriorityData_type:4,70,75,PriorityData_type:3,70,70]
6546002,1005,10:12:39,7,[1,0,3]
6546002,1001,10:12:40,7,[]
6546002,1003,10:12:40,1
6546002,103,10:12:44
6546002,105,10:12:45
6546002,703,10:12:46,[|| EpilogueItem ID: 0 unlocked: true ||,|| EpilogueItem ID: 1 unlocked: true ||,|| EpilogueItem ID: 2 unlocked: true ||,|| EpilogueItem ID: 3 unlocked: true ||,|| EpilogueItem ID: 4 unlocked: true ||,|| EpilogueItem ID: 5 unlocked: true ||,|| EpilogueItem ID: 6 unlocked: true ||,|| EpilogueItem ID: 7 unlocked: true ||,|| EpilogueItem ID: 8 unlocked: true ||,|| EpilogueItem ID: 9 unlocked: false ||,|| EpilogueItem ID: 10 unlocked: false ||,|| EpilogueItem ID: 11 unlocked: false ||,|| EpilogueItem ID: 12 unlocked: false ||,|| EpilogueItem ID: 13 unlocked: true ||,|| EpilogueItem ID: 14 unlocked: false ||,|| EpilogueItem ID: 15 unlocked: false ||,|| EpilogueItem ID: 16 unlocked: false ||,|| EpilogueItem ID: 17 unlocked: false ||,|| EpilogueItem ID: 18 unlocked: true ||,|| EpilogueItem ID: 19 unlocked: false ||,|| EpilogueItem ID: 20 unlocked: false ||,|| EpilogueItem ID: 21 unlocked: true ||,|| EpilogueItem ID: 22 unlocked: true ||,|| EpilogueItem ID: 23 unlocked: false ||,|| EpilogueItem ID: 24 unlocked: false ||],0.52
6546002,706,10:12:51,(x=603, y=-100, w=1024, h=768),(x=2531, y=-100, w=1024, h=768)
6546002,706,10:12:51,(x=603, y=-100, w=1024, h=768),(x=2531, y=-100, w=1024, h=768)
6546002,708,10:12:51
6546002,1,10:12:51,7/23/2013 3:35:15pm,{"gameTime":36771637,"challengeStacks":[{"challengeScenes":[{"miniGameCards":[],"viewedAnimatic":true,"keyPoints":["s_flag_gen","c_teacherEng_G7a0","c_bestFriend_F_a_G7a0"],"unlocked":true,"touchableObjects":["c_friend1_F_a_G7a0","s_vocabAssignment_G7a0","s_otherStudent1_G7a0","s_flag_gen","s_atwoodPoster_gen","c_teacherEng_G7a0","s_doorClassroom_G7a0","c_crewKid1_F_G7a0","c_bestFriend_F_a_G7a0"]},{"miniGameCards":[],"viewedAnimatic":true,"keyPoints":["c_teacherEng_G7a1N","c_bestFriend_F_a_G7a1N","s_paperPlayers_G7a1N"],"unlocked":true,"touchableObjects":["s_otherStudent2_G7a1N","s_otherStudent1_G7a1N","c_crewKid1_F_G7a1N","s_angelouPoster_gen","s_atwoodPoster_gen","s_shakespearePoster_gen","s_poePoster_gen","s_posterPlagiarism_gen","s_flag_gen","c_teacherEng_G7a1N","c_bestFriend_F_a_G7a1N","s_paperPlayers_G7a1N"]},{"miniGameCards":[],"viewedAnimatic":true,"keyPoints":["c_teacherEng_G7a1P","s_flag_gen","s_paperEnglish_gen","c_bestFriend_F_a_G7a1P"],"unlocked":true,"touchableObjects":["c_teacherEng_G7a1P","s_flag_gen","s_clock_G7a1P","s_paperEnglish_gen","c_bestFriend_F_a_G7a1P"]}],"stackSize":3,"resolved":true},{"challengeScenes":[{"miniGameCards":[],"viewedAnimatic":true,"keyPoints":["c_crewKid1_F_G7b0","c_kidSister_afri_a_G7b0","s_backpack_F_G7b0"],"unlocked":true,"touchableObjects":["c_crewKid2_F_G7b0","c_crewKid1_F_G7b0","c_cousin_F_a_G7b0","s_snackBarWorker_G7b0","c_kidSister_afri_a_G7b0","c_cousinsBrother_a_G7b0","s_backpack_F_G7b0","s_lifeguard_G7b0"]},{"miniGameCards":[],"viewedAnimatic":true,"keyPoints":["c_crewKid1_F_G7b1N","c_kidSister_afri_a_G7b1N","s_sprayPaintCan_G7b1N","s_graffiti_G7b1N","s_brokenCarWindow_G7b1N"],"unlocked":true,"touchableObjects":["s_wreckedPlants_G7b1N","c_teacherEng_G7b1N","c_crewKid1_F_G7b1N","c_kidSister_afri_a_G7b1N","s_sprayPaintCan_G7b1N","c_policeOfficer_G7b1N","c_cousin_F_a_G7b1N","c_crewKid2_F_a_G7b1N","s_cat_G7b1N","s_graffiti_G7b1N","s_brokenCarWindow_G7b1N"]},{"miniGameCards":[],"viewedAnimatic":true,"keyPoints":["c_cousinsBrothersFriend_a_G7b1P","c_cousin_F_a_G7b1P","c_cousinsBrother_a_G7b1P","s_poolDay_ruleSign_G7b1P"],"unlocked":true,"touchableObjects":["c_cousinsBrothersFriend_a_G7b1P","c_kidSister_afri_a_G7b1P","c_cousin_F_a_G7b1P","c_cousinsBrother_a_G7b1P","s_poolDay_ruleSign_G7b1P"]},{"miniGameCards":[],"viewedAnimatic":true,"keyPoints":["c_cousin_F_a_G7b2N","c_kidSister_afri_a_G7b2N","s_kid1_G7b2N","c_crush1_F_a_G7b2N"],"unlocked":true,"touchableObjects":["c_cousinsBrother_a_G7b2N","c_cousin_F_a_G7b2N","c_kidSister_afri_a_G7b2N","s_kid1_G7b2N","c_crewKid2_F_G7b2N","s_lifeguard_G7b2N","s_kidPool2_G7b2N","s_kidPool1_G7b2N","s_cousinsBFgirlfriend_G7b2N","c_crush1_F_a_G7b2N"]},{"miniGameCards":[],"viewedAnimatic":true,"keyPoints":["s_computer_F_G7b2P","c_cousin_F_a_G7b2P","c_kidSister_afri_a_G7b2P","s_pictureDad_afri_F_gen"],"unlocked":true,"touchableObjects":["s_computer_F_G7b2P","c_cousin_F_a_G7b2P","s_closet_F_G7b2P","c_kidSister_afri_a_G7b2P","c_grandma_afri_a_G7b2P","s_pictureDad_afri_F_gen"]}],"stackSize":5,"resolved":true},{"challengeScenes":[{"miniGameCards":[],"viewedAnimatic":true,"keyPoints":["s_clock_G8a0","c_cousin_F_a_G8a0","c_crush2_F_a_G8a0","s_cellphone_G8a0","s_bottleCrush2_F_G8a0"],"unlocked":true,"touchableObjects":["c_crewKid1_F_a_G8a0","s_bottleTable_G8a0","s_clock_G8a0","s_stairs_G8a0","s_cigaretteKid1_G8a0","c_cousin_F_a_G8a0","c_crush2_F_a_G8a0","c_friend1_F_G8a0","s_beerSixpack_G8a0","s_beerCooler_G8a0","s_bottleFloor_G8a0","s_cellphone_G8a0","s_bottleCrush2_F_G8a0"]},{"miniGameCards":[],"viewedAnimatic":true,"keyPoints":["s_crush2Lips_F_G8a1N","s_dirtyClothes_gen","s_basementDoor_gen","s_crush2Eyes_F_G8a1N","s_crush2Sore_F_G8a1N"],"unlocked":true,"touchableObjects":["s_crush2Lips_F_G8a1N","s_stairs_G8a1N","s_dirtyClothes_gen","s_basementDoor_gen","s_waterHeater_gen","s_crush2Eyes_F_G8a1N","s_dryer_G8a1N","c_crush2_F_a_G8a1N","s_inhalantsShelf_gen","s_crush2Sore_F_G8a1N"]},{"miniGameCards":[],"viewedAnimatic":true,"keyPoints":["c_crush2_F_a_G8a1P","s_basementDoor_gen","s_dirtyClothes_gen","s_inhalantsShelf_gen"],"unlocked":true,"touchableObjects":["s_waterHeater_gen","c_crush2_F_a_G8a1P","s_spraypaintCrush2_F_G8a1P","s_basementDoor_gen","s_dirtyClothes_gen","s_inhalantsShelf_gen"]},{"miniGameCards":[],"viewedAnimatic":true,"keyPoints":["c_crush2_F_a_G8a2N","s_spraypaintCan_G8a2N"],"unlocked":true,"touchableObjects":["c_friend1_F_a_G8a2N","s_fumes_G8a2N","c_crush2_F_a_G8a2N","s_spraypaintCan_G8a2N"]},{"miniGameCards":[],"viewedAnimatic":true,"keyPoints":["s_sistersToy_G8a2P","s_magazine_G8a2P","c_kidSister_afri_a_G8a2P","c_crush2_F_a_G8a2P","s_pictureDad_afri_gen"],"unlocked":true,"touchableObjects":["s_sistersToy_G8a2P","s_magazine_G8a2P","c_grandma_afri_a_G8a2P","s_clock_G8a2P","s_door_gen","c_kidSister_afri_a_G8a2P","s_stairs_G8a2P","c_crush2_F_a_G8a2P","s_pictureDad_afri_gen"]},{"miniGameCards":[],"viewedAnimatic":true,"keyPoints":["c_nurse_a_G8a3N","s_mirror_afri_F_a_G8a3N","s_pamphlet1_G8a3N","s_pamphlet3_G8a3N"],"unlocked":true,"touchableObjects":["c_nurse_a_G8a3N","s_phone_G8a3N","s_mirror_afri_F_a_G8a3N","s_door_G8a3N","s_poster_G8a3N","s_pamphlet1_G8a3N","s_pamphlet3_G8a3N"]},{"miniGameCards":[],"viewedAnimatic":true,"keyPoints":["c_crush2_F_a_G8a3P","s_kidsCouch_G8a3P"],"unlocked":true,"touchableObjects":["c_crush2_F_a_G8a3P","s_window_G8a3P","s_kidsCouch_G8a3P"]}],"stackSize":7,"resolved":true},{"challengeScenes":[{"miniGameCards":[],"viewedAnimatic":true,"keyPoints":["c_friend1_F_a_G8b0","c_kidSister_afri_a_G8b0","s_pillBottle_G8b0"],"unlocked":true,"touchableObjects":["c_friend1_F_a_G8b0","c_grandma_afri_a_G8b0","c_kidSister_afri_a_G8b0","s_pillBottle_G8b0"]},{"miniGameCards":[],"viewedAnimatic":true,"keyPoints":["c_kidSister_afri_a_G8b1N","c_friend1_F_a_G8b1N","c_grandma_afri_a_G8b1N"],"unlocked":true,"touchableObjects":["s_pillBottle_G8b1N","c_kidSister_afri_a_G8b1N","c_friend1_F_a_G8b1N","c_grandma_afri_a_G8b1N"]},{"miniGameCards":[],"viewedAnimatic":true,"keyPoints":["s_pillBottle_F_G8b1P","c_grandma_afri_a_G8b1P","c_friend1_F_a_G8b1P"],"unlocked":true,"touchableObjects":["s_pillBottle_F_G8b1P","s_tvGuide_G8b1P","c_grandma_afri_a_G8b1P","c_friend1_F_a_G8b1P"]},{"miniGameCards":[],"viewedAnimatic":true,"keyPoints":["c_friend1_F_a_G8b2N","c_teacherEng_G8b2N","c_crewKid2_F_a_G8b2N","s_clock_G8b2N","s_sandwichBagPills_G8b2N"],"unlocked":true,"touchableObjects":["c_friend1_F_a_G8b2N","c_teacherEng_G8b2N","c_crewKid2_F_a_G8b2N","s_clock_G8b2N","s_kid4_G8b2N","s_camera_gen","s_kid5_G8b2N","s_kid3_G8b2N","s_kid2_G8b2N","s_kid1_G8b2N","s_sandwichBagPills_G8b2N"]},{"miniGameCards":[],"viewedAnimatic":true,"keyPoints":["s_pillBottle_G8b2P","c_friend1_F_a_G8b2P","c_grandma_afri_a_G8b2P"],"unlocked":true,"touchableObjects":["s_videoGameScreen_G8b2P","c_kidSister_afri_a_G8b2P","s_pillBottle_G8b2P","c_friend1_F_a_G8b2P","c_mom_afri_a_G8b2P","c_grandma_afri_a_G8b2P"]}],"stackSize":5,"resolved":true},{"challengeScenes":[{"miniGameCards":[],"viewedAnimatic":true,"keyPoints":["s_cellPhone_F_G9a0","s_bathingSuit_F_G9a0","s_door_F_gen","s_clock_F_G9a0"],"unlocked":true,"touchableObjects":["s_cellPhone_F_G9a0","s_calendar_F_gen","s_window_F_G9a0","s_bathingSuit_F_G9a0","s_door_F_gen","s_clock_F_G9a0"]},{"miniGameCards":[],"viewedAnimatic":true,"keyPoints":["c_policeOfficer_G9a1N","s_kid3_G9a1N","s_fence_G9a1N","c_cousin_F_a_G9a1N"],"unlocked":true,"touchableObjects":["s_kid4_G9a1N","s_policeCar_G9a1N","c_cousinsBrothersFriend_a_G9a1N","s_potSmokeCloud_G9a1N","s_poolNight_ruleSign_G9a1N","c_policeOfficer_G9a1N","s_bathingSuits_G9a1N","s_kid3_G9a1N","s_fence_G9a1N","c_cousin_F_a_G9a1N"]},{"miniGameCards":[],"viewedAnimatic":true,"keyPoints":["c_cousin_F_a_G9a1P","s_calendar_F_gen","s_door_F_gen","s_joint_F_G9a1P","s_poster_F_gen"],"unlocked":true,"touchableObjects":["c_cousin_F_a_G9a1P","s_computer_F_gen","s_calendar_F_gen","s_door_F_gen","s_joint_F_G9a1P","s_poster_F_gen"]},{"miniGameCards":[],"viewedAnimatic":true,"keyPoints":["c_cousin_F_a_G9a2N","c_mom_afri_a_G9a2N","c_kidSister_afri_a_G9a2N","s_potSmokeCloud_F_G9a2N","s_pictureDad_afri_F_gen"],"unlocked":true,"touchableObjects":["c_cousin_F_a_G9a2N","c_mom_afri_a_G9a2N","c_kidSister_afri_a_G9a2N","s_potSmokeCloud_F_G9a2N","s_cookieTrayEmpty_F_G9a2N","s_pictureDad_afri_F_gen"]},{"miniGameCards":[],"viewedAnimatic":true,"keyPoints":["c_mom_afri_a_G9a2P","c_cousin_F_a_G9a2P","s_pizzaBox_G9a2P","s_door_gen"],"unlocked":true,"touchableObjects":["s_tv_G9a2P","c_mom_afri_a_G9a2P","c_cousin_F_a_G9a2P","c_grandma_afri_a_G9a2P","s_pizzaBox_G9a2P","s_door_gen"]}],"stackSize":5,"resolved":true},{"challengeScenes":[{"miniGameCards":[],"viewedAnimatic":true,"keyPoints":["s_computer_F_gen","s_mirror_F_G9b0","s_pictureDad_afri_F_gen"],"unlocked":true,"touchableObjects":["s_cellPhone_F_G9b0","c_cousin_F_a_G9b0","s_closet_F_G9b0","c_kidSister_afri_a_G9b0","s_computer_F_gen","s_mirror_F_G9b0","s_clock_F_G9b0","s_calendar_F_gen","s_pictureDad_afri_F_gen"]},{"miniGameCards":[],"viewedAnimatic":true,"keyPoints":["c_kidSister_afri_a_G9b1N","c_teacherEng_G9b1N","c_cousin_F_a_G9b1N","s_clock_G9b1N","s_beerBottle_G9b1N","s_joint_G9b1N","s_brokenLamp_G9b1N"],"unlocked":true,"touchableObjects":["c_kidSister_afri_a_G9b1N","c_teacherEng_G9b1N","c_cousin_F_a_G9b1N","s_puddleFloor_G9b1N","s_coupleOnCouch_G9b1N","s_pictureDaddark_afri_gen","s_photoCracked_G9b1N","s_clock_G9b1N","s_beerBottle_G9b1N","s_smokeDetector_G9b1N","s_joint_G9b1N","s_brokenLamp_G9b1N"]},{"miniGameCards":[],"viewedAnimatic":true,"keyPoints":["c_friend1_F_a_G9b1P","c_bestFriend_F_a_G9b1P","c_crush1_F_a_G9b1P","s_pictureMomdark_afri_G9b1P","s_pictureDaddark_afri_gen","s_kidsGroupKitchen_G9b1P","c_cousin_F_a_G9b1P"],"unlocked":true,"touchableObjects":["c_friend1_F_a_G9b1P","c_bestFriend_F_a_G9b1P","s_door_G9b1P","c_crush1_F_a_G9b1P","s_pictureMomdark_afri_G9b1P","s_pictureDaddark_afri_gen","s_kidsGroupKitchen_G9b1P","c_cousin_F_a_G9b1P"]},{"miniGameCards":[],"viewedAnimatic":true,"keyPoints":["c_crush1_F_a_G9b2N","c_cousin_F_a_G9b2N","c_mom_afri_a_G9b2N"],"unlocked":true,"touchableObjects":["s_clock_G9b2N","c_crush1_F_a_G9b2N","c_cousin_F_a_G9b2N","c_bestFriend_F_a_G9b2N","c_mom_afri_a_G9b2N"]},{"miniGameCards":[],"viewedAnimatic":true,"keyPoints":["c_mom_afri_a_G9b2P","c_crush1_F_a_G9b2P","s_clock_G9b2P","c_bestFriend_F_a_G9b2P"],"unlocked":true,"touchableObjects":["c_mom_afri_a_G9b2P","s_boardGame_G9b2P","c_crush1_F_a_G9b2P","s_sodaBottle_G9b2P","s_clock_G9b2P","c_bestFriend_F_a_G9b2P"]}],"stackSize":5,"resolved":true},{"challengeScenes":[{"miniGameCards":[],"viewedAnimatic":true,"keyPoints":["c_crush1_F_b_G10a0","s_poster_F_gen","s_cellPhone_F_G10a0","s_drawer_F_G10a0","s_window_F_G10a0"],"unlocked":true,"touchableObjects":["s_chairClothes_F_G10a0","c_crush1_F_b_G10a0","s_bed2_F_G10a0","s_bed1_F_G10a0","s_door_F_gen","s_computer_F_gen","s_calendar_F_gen","s_poster_F_gen","s_cellPhone_F_G10a0","s_clock_F_G10a0","s_drawer_F_G10a0","s_window_F_G10a0"]},{"miniGameCards":[],"viewedAnimatic":true,"keyPoints":["c_crush1_F_b_G10a1N","s_condom_F_G10a1N","s_mirror_F_G10a1N","s_picture_F_G10a1N"],"unlocked":true,"touchableObjects":["s_crushClothes_F_G10a1N","s_closet_F_G10a1N","s_computer_F_gen","s_door_F_gen","s_window_F_G10a1N","c_crush1_F_b_G10a1N","s_calendar_F_gen","s_condom_F_G10a1N","s_mirror_F_G10a1N","s_picture_F_G10a1N"]},{"miniGameCards":[],"viewedAnimatic":true,"keyPoints":["c_friend_F_b_G10a1P","c_crush1_F_b_G10a1P","s_lockerPoster_G10a1P"],"unlocked":true,"touchableObjects":["c_bestFriend_F_b_G10a1P","c_friend_F_b_G10a1P","c_crush1_F_b_G10a1P","s_lockerPoster_G10a1P"]},{"miniGameCards":[],"viewedAnimatic":true,"keyPoints":["s_phone_G10a2N","c_nurse_G10a2N","s_pamphlet5_G10a2N","s_pamphlet4_G10a2N","s_pamphlet3_G10a2N","s_pamphlet1_G10a2N"],"unlocked":true,"touchableObjects":["s_phone_G10a2N","c_nurse_G10a2N","s_firstAidKit_G10a2N","s_pamphlet5_G10a2N","s_pamphlet4_G10a2N","s_pamphlet3_G10a2N","s_curtain_G10a2N","s_pamphlet1_G10a2N"]},{"miniGameCards":[],"viewedAnimatic":true,"keyPoints":["c_crush1_F_b_G10a2P","c_friend_F_b_G10a2P","c_cousin_F_b_G10a2P","c_nurse_G10a2P","s_dancePoster_G10a2P"],"unlocked":true,"touchableObjects":["c_crush1_F_b_G10a2P","c_friend_F_b_G10a2P","c_cousin_F_b_G10a2P","c_nurse_G10a2P","s_dancePoster_G10a2P"]}],"stackSize":5,"resolved":true},{"challengeScenes":[{"miniGameCards":[],"viewedAnimatic":true,"keyPoints":["s_kidsGroup1_G10b0","s_car1_G10b0","s_kidPointing_G10b0","s_car2_G10b0","c_crush1_F_b_G10b0","c_crewKid2_F_b_G10b0","c_crush2_F_b_G10b0","s_trafficLight_G10b0"],"unlocked":true,"touchableObjects":["s_kidsGroup1_G10b0","s_car1_G10b0","s_kidPointing_G10b0","s_car2_G10b0","c_crush1_F_b_G10b0","s_bar_G10b0","c_crewKid2_F_b_G10b0","c_crush2_F_b_G10b0","s_streetCorner_G10b0","c_cousinsBrother_b_G10b0","s_trafficLight_G10b0"]},{"miniGameCards":[],"viewedAnimatic":true,"keyPoints":["s_kidsHorrified_G10b1N","c_cousinsBrothersFriend_b_G10b1N","s_carSmashed_G10b1N"],"unlocked":true,"touchableObjects":["s_ambulance_G10b1N","s_kidsHorrified_G10b1N","c_cousinsBrothersFriend_b_G10b1N","s_kid_G10b1N","s_carSmashed_G10b1N"]},{"miniGameCards":[],"viewedAnimatic":true,"keyPoints":["s_clock_G10b1P","c_crush1_F_b_G10b1P","s_pictureDad_afri_gen","s_keys_G10b1P","s_stairs_G10b1P","s_candles_G10b1P"],"unlocked":true,"touchableObjects":["s_clock_G10b1P","c_crush1_F_b_G10b1P","s_pictureDad_afri_gen","s_keys_G10b1P","s_stairs_G10b1P","s_candles_G10b1P"]},{"miniGameCards":[],"viewedAnimatic":true,"keyPoints":["s_clock_G10b2N","c_bestFriend_F_b_G10b2N","c_cousin_F_b_G10b2N","c_teacherEng_G10b2N","c_crush1_F_b_G10b2N"],"unlocked":true,"touchableObjects":["s_clock_G10b2N","c_bestFriend_F_b_G10b2N","c_cousin_F_b_G10b2N","c_teacherEng_G10b2N","c_crush1_F_b_G10b2N"]},{"miniGameCards":[],"viewedAnimatic":true,"keyPoints":["s_condom_G10b2P","s_mirror_F_G10b2P"],"unlocked":true,"touchableObjects":["s_condom_G10b2P","c_grandma_afri_a_G10b2P","s_mirror_F_G10b2P"]}],"stackSize":5,"resolved":true},{"challengeScenes":[{"miniGameCards":[],"viewedAnimatic":true,"keyPoints":["s_backpack_G11a0","s_mirror_G11a0","c_friend1_F_G11a0"],"unlocked":true,"touchableObjects":["s_backpack_G11a0","s_mirror_G11a0","c_friend1_F_G11a0"]},{"miniGameCards":[],"viewedAnimatic":true,"keyPoints":["c_crush1_F_G11a1N","s_door_F_gen","s_window_F_G11a1N","s_poster_F_gen","s_bed_F_G11a1N"],"unlocked":true,"touchableObjects":["c_crush1_F_G11a1N","s_door_F_gen","s_calendar_F_gen","s_window_F_G11a1N","s_computer_F_gen","s_poster_F_gen","s_bed_F_G11a1N"]},{"miniGameCards":[],"viewedAnimatic":true,"keyPoints":["c_friend1_F_G11a1P","c_nurse_G11a1P","s_rubberGloves_G11a1P","s_poster_G11a1P"],"unlocked":true,"touchableObjects":["c_friend1_F_G11a1P","c_nurse_G11a1P","s_pamphlet2_G11a1P","s_rubberGloves_G11a1P","s_poster_G11a1P"]},{"miniGameCards":[],"viewedAnimatic":true,"keyPoints":["c_crush2_F_G11a2N","c_friend1_F_G11a2N","s_lockerKids1_G11a2N","s_hivKid_F_G11a2N"],"unlocked":true,"touchableObjects":["c_crush2_F_G11a2N","c_crewKid1_F_G11a2N","c_teacherEng_G11a2N","c_friend1_F_G11a2N","s_lockerKids1_G11a2N","s_hivKid_F_G11a2N"]},{"miniGameCards":[],"viewedAnimatic":true,"keyPoints":["c_friend1_F_G11a2P","c_nurse_G11a2P"],"unlocked":true,"touchableObjects":["c_friend1_F_G11a2P","c_nurse_G11a2P"]}],"stackSize":5,"resolved":true},{"challengeScenes":[{"miniGameCards":[],"viewedAnimatic":false,"keyPoints":[],"unlocked":false,"touchableObjects":[]},{"miniGameCards":[],"viewedAnimatic":false,"keyPoints":[],"unlocked":false,"touchableObjects":[]},{"miniGameCards":[],"viewedAnimatic":false,"keyPoints":[],"unlocked":false,"touchableObjects":[]},{"miniGameCards":[],"viewedAnimatic":false,"keyPoints":[],"unlocked":false,"touchableObjects":[]},{"miniGameCards":[],"viewedAnimatic":false,"keyPoints":[],"unlocked":false,"touchableObjects":[]}],"stackSize":5,"resolved":false},{"challengeScenes":[{"miniGameCards":[],"viewedAnimatic":true,"keyPoints":[],"unlocked":true,"touchableObjects":[]},{"miniGameCards":[],"viewedAnimatic":true,"keyPoints":[],"unlocked":true,"touchableObjects":[]},{"miniGameCards":[],"viewedAnimatic":false,"keyPoints":[],"unlocked":false,"touchableObjects":[]},{"miniGameCards":[],"viewedAnimatic":false,"keyPoints":[],"unlocked":true,"touchableObjects":[]},{"miniGameCards":[],"viewedAnimatic":false,"keyPoints":[],"unlocked":false,"touchableObjects":[]}],"stackSize":5,"resolved":false},{"challengeScenes":[{"miniGameCards":[],"viewedAnimatic":true,"keyPoints":[],"unlocked":true,"touchableObjects":[]},{"miniGameCards":[],"viewedAnimatic":true,"keyPoints":[],"unlocked":true,"touchableObjects":[]},{"miniGameCards":[],"viewedAnimatic":false,"keyPoints":[],"unlocked":false,"touchableObjects":[]},{"miniGameCards":[],"viewedAnimatic":true,"keyPoints":[],"unlocked":true,"touchableObjects":[]},{"miniGameCards":[],"viewedAnimatic":false,"keyPoints":[],"unlocked":false,"touchableObjects":[]}],"stackSize":5,"resolved":false},{"challengeScenes":[{"miniGameCards":[],"viewedAnimatic":false,"keyPoints":[],"unlocked":true,"touchableObjects":["c_education_G0a0","c_family_afri_a_G0a0","c_friends_G0a0"]},{"miniGameCards":[],"viewedAnimatic":false,"keyPoints":["c_job_G0a1N","c_home_G0a1N","c_family_afri_a_G0a1N"],"unlocked":true,"touchableObjects":["c_job_G0a1N","c_home_G0a1N","c_family_afri_a_G0a1N","c_player_afri_F_a_G0a1N"]},{"miniGameCards":[],"viewedAnimatic":false,"keyPoints":["c_kidsister_afri_a_G0a1P","c_grandma_afri_a_G0a1P","c_Teacher_G0a1P","c_dad_afri_a_G0a1P","c_mom_afri_a_G0a1P","c_Nurse_G0a1P"],"unlocked":true,"touchableObjects":["c_friends_G0a1P","c_kidsister_afri_a_G0a1P","c_grandma_afri_a_G0a1P","c_Teacher_G0a1P","c_dad_afri_a_G0a1P","c_mom_afri_a_G0a1P","c_Nurse_G0a1P","c_cousins_F_a_G0a1P"]}],"stackSize":3,"resolved":true}],"sessionId":11,"epilogue":{"rating":3},"playerId":6546002,"session":[{"sceneId":"1P","stackId":12},{"sceneId":"1P","stackId":0},{"sceneId":"1P","stackId":1},{"sceneId":"1N","stackId":1},{"sceneId":"2P","stackId":1},{"sceneId":"3P","stackId":2},{"sceneId":"1P","stackId":2},{"sceneId":"1N","stackId":2},{"sceneId":"2P","stackId":2},{"sceneId":"1P","stackId":3},{"sceneId":"1N","stackId":3},{"sceneId":"2P","stackId":3},{"sceneId":"1P","stackId":4},{"sceneId":"1N","stackId":4},{"sceneId":"2P","stackId":4},{"sceneId":"1P","stackId":5},{"sceneId":"1N","stackId":5},{"sceneId":"2P","stackId":5},{"sceneId":"2P","stackId":6},{"sceneId":"1P","stackId":6},{"sceneId":"1P","stackId":7},{"sceneId":"1N","stackId":7},{"sceneId":"2P","stackId":7},{"sceneId":"1P","stackId":8},{"sceneId":"1N","stackId":8},{"sceneId":"2P","stackId":8}],"minigames":[{"levelSaveData":[{"starRating":3,"unlocked":true},{"starRating":2,"unlocked":true},{"starRating":2,"unlocked":true},{"starRating":2,"unlocked":true},{"starRating":2,"unlocked":true},{"starRating":2,"unlocked":true},{"starRating":3,"unlocked":true},{"starRating":0,"unlocked":true},{"starRating":2,"unlocked":true},{"starRating":3,"unlocked":true}],"skillPoints":21},{"levelSaveData":[{"starRating":3,"unlocked":true},{"starRating":3,"unlocked":true},{"starRating":3,"unlocked":true},{"starRating":3,"unlocked":true},{"starRating":3,"unlocked":true},{"starRating":3,"unlocked":true},{"starRating":3,"unlocked":true},{"starRating":3,"unlocked":true},{"starRating":3,"unlocked":true},{"starRating":3,"unlocked":true}],"skillPoints":30},{"levelSaveData":[{"starRating":3,"unlocked":true},{"starRating":3,"unlocked":true},{"starRating":3,"unlocked":true},{"starRating":2,"unlocked":true},{"starRating":0,"unlocked":false},{"starRating":3,"unlocked":true},{"starRating":2,"unlocked":true},{"starRating":2,"unlocked":true},{"starRating":2,"unlocked":true},{"starRating":2,"unlocked":true}],"skillPoints":22},{"levelSaveData":[{"starRating":3,"unlocked":true},{"starRating":3,"unlocked":true},{"starRating":3,"unlocked":true},{"starRating":3,"unlocked":true},{"starRating":3,"unlocked":true},{"starRating":3,"unlocked":true},{"starRating":3,"unlocked":true},{"starRating":3,"unlocked":true},{"starRating":0,"unlocked":false},{"starRating":0,"unlocked":true}],"skillPoints":24},{"age":12,"name":"dejanay","gender":1,"id":0,"levelSaveData":[{"starRating":3,"unlocked":true},{"starRating":3,"chunks":[["1"],["14$$people say I'm","20$$nice"],["13$$school","1$$giving","0$$nice"],["0"]],"unlocked":true},{"starRating":3,"chunks":[["1"],["11$$fun time","5$$girl time"],["0$$future car","9$$have fun"]],"unlocked":true},{"starRating":3,"chunks":[["11$$my car"],["4$$my dog"],["0"],["0"],["4","4"],["2"]],"unlocked":true},{"starRating":3,"chunks":[["0$$math"],["3"],["2$$co-workers","1"],["1"],["0"],["8$$docter"]],"unlocked":true},{"starRating":3,"chunks":[["11"],["1","0","3","5"],["8$$hawaii"],["0$$mall"]],"unlocked":true},{"starRating":3,"chunks":[["3"],["2"],["4$$son","1$$daughter"],["0","1"],["2$$2 kids"]],"unlocked":true},{"starRating":3,"chunks":[["0","1","3"],["7","6","7"],["0"],["3$$health"],["2$$smoke / drink"]],"unlocked":true},{"starRating":3,"chunks":[["7","3","4"],["0","5","6"],["0","5"]],"unlocked":true},{"starRating":0,"chunks":[[null],[null],[null],[null],[null],[null]],"unlocked":false}],"visualAvatar":0,"skillPoints":27}],"avatar":{"age":12,"name":"dejanay","gender":1,"id":0,"levelSaveData":[{"starRating":3,"unlocked":true},{"starRating":3,"chunks":[["1"],["14$$people say I'm","20$$nice"],["13$$school","1$$giving","0$$nice"],["0"]],"unlocked":true},{"starRating":3,"chunks":[["1"],["11$$fun time","5$$girl time"],["0$$future car","9$$have fun"]],"unlocked":true},{"starRating":3,"chunks":[["11$$my car"],["4$$my dog"],["0"],["0"],["4","4"],["2"]],"unlocked":true},{"starRating":3,"chunks":[["0$$math"],["3"],["2$$co-workers","1"],["1"],["0"],["8$$docter"]],"unlocked":true},{"starRating":3,"chunks":[["11"],["1","0","3","5"],["8$$hawaii"],["0$$mall"]],"unlocked":true},{"starRating":3,"chunks":[["3"],["2"],["4$$son","1$$daughter"],["0","1"],["2$$2 kids"]],"unlocked":true},{"starRating":3,"chunks":[["0","1","3"],["7","6","7"],["0"],["3$$health"],["2$$smoke / drink"]],"unlocked":true},{"starRating":3,"chunks":[["7","3","4"],["0","5","6"],["0","5"]],"unlocked":true},{"starRating":0,"chunks":[[null],[null],[null],[null],[null],[null]],"unlocked":false}],"visualAvatar":0,"skillPoints":27}}
