6546002,0,11:2:6,7/25/2013 2:38:53pm
6546002,100,11:2:24,10
6546002,102,11:2:26,10
6546002,200,11:2:26,10,21,30,24,24,27
6546002,210,11:2:28,776,413
6546002,211,11:2:28,760,422
6546002,213,11:2:28,10,c_mom_afri_G12a0,false
6546002,210,11:2:34,767,349
6546002,211,11:2:34,762,359
6546002,213,11:2:34,10,c_mom_afri_G12a0,false
6546002,1003,11:2:36,2
6546002,1004,11:2:53,7
6546002,900,11:2:55,7,[]
6546002,901,11:2:58,7,[PeopleData_id:9]
6546002,901,11:2:59,7,[PeopleData_id:8]
6546002,904,11:2:59,7,[PeopleData_id:8]
6546002,902,11:2:59,7,[PeopleData_id:8,PeopleData_data0Type]
6546002,902,11:3:0,7,[PeopleData_id:8,PeopleData_data1Type]
6546002,902,11:3:1,7,[PeopleData_id:8,PeopleData_data2Type]
6546002,903,11:3:5,7,[PeopleData_id8,PeopleData_data2Type]
6546002,901,11:3:6,7,[PeopleData_id:8]
6546002,904,11:3:6,7,[PeopleData_id:8]
6546002,905,11:3:6,7,[PeopleData_id:8,RankTypes_id:-1,RankTypes_id:3]
