6429001,0,1:4:42,3/27/2013 4:15:55pm
6429001,100,1:5:12,0
6429001,102,1:5:16,0
6429001,200,1:5:16,0,2,3,3,0,6
6429001,210,1:5:23,1064,375
6429001,211,1:5:24,965,469
6429001,212,1:5:24,0
6429001,210,1:5:25,1134,411
6429001,211,1:5:25,982,457
6429001,213,1:5:25,0,c_bestFriend_M_a_G7a1P,true
6429001,1003,1:5:39,0
6429001,1004,1:5:40,0
6429001,400,1:5:43,0,[]
6429001,401,1:5:45,0,[StatementsData_logId:0]
6429001,403,1:5:48,0,[StatementsData_logId:0,true]
6429001,405,1:5:49,0,[StatementsData_logId:0]
6429001,406,1:5:50,0,[StatementsData_logId:0,2]
6429001,407,1:5:50,0,[StatementsData_logId:0,FactCardData_id:0]
6429001,407,1:5:50,0,[StatementsData_logId:0,FactCardData_id:4]
6429001,407,1:5:50,0,[StatementsData_logId:0,FactCardData_id:5]
6429001,407,1:5:50,0,[StatementsData_logId:0,FactCardData_id:7]
6429001,407,1:5:50,0,[StatementsData_logId:0,FactCardData_id:3]
6429001,407,1:5:50,0,[StatementsData_logId:0,FactCardData_id:6]
6429001,407,1:5:52,0,[StatementsData_logId:0,FactCardData_id:6]
6429001,407,1:5:52,0,[StatementsData_logId:0,FactCardData_id:6]
6429001,408,1:5:52,0,[StatementsData_logId:0,FactCardData_id:6,true]
6429001,409,1:5:53,0,[StatementsData_logId:0]
6429001,410,1:5:54,0,[StatementsData_logId:0,2]
6429001,412,1:5:56,0,[StatementsData_logId:0]
6429001,413,1:5:57,0,[StatementsData_logId:0,DuelResponsesData_logId:0]
6429001,414,1:5:58,0,[StatementsData_logId:0,DuelResponsesData_logId:0]
6429001,415,1:6:2,0,[StatementsData_logId:0,DuelResponsesData_logId:0,DuelResponsesData_witty_player_response]
6429001,416,1:6:9,0,[StatementsData_logId:0,DuelResponsesData_logId:0]
6429001,417,1:6:11,0,[StatementsData_logId:0,DuelResponsesData_logId:0]
6429001,413,1:6:13,0,[StatementsData_logId:0,DuelResponsesData_logId:1]
6429001,414,1:6:14,0,[StatementsData_logId:0,DuelResponsesData_logId:1]
6429001,415,1:6:21,0,[StatementsData_logId:0,DuelResponsesData_logId:1,DuelResponsesData_witty_player_response]
6429001,416,1:6:22,0,[StatementsData_logId:0,DuelResponsesData_logId:1]
6429001,417,1:6:23,0,[StatementsData_logId:0,DuelResponsesData_logId:1]
6429001,413,1:6:26,0,[StatementsData_logId:0,DuelResponsesData_logId:2]
6429001,414,1:6:27,0,[StatementsData_logId:0,DuelResponsesData_logId:2]
6429001,415,1:6:30,0,[StatementsData_logId:0,DuelResponsesData_logId:2,DuelResponsesData_ok_player_response]
6429001,416,1:6:30,0,[StatementsData_logId:0,DuelResponsesData_logId:2]
6429001,417,1:6:31,0,[StatementsData_logId:0,DuelResponsesData_logId:2]
6429001,418,1:6:31,0,[StatementsData_logId:0,true]
6429001,419,1:6:34,0,[StatementsData_logId:0,4]
6429001,411,1:6:35,0,[StatementsData_logId:0]
6429001,401,1:6:36,0,[StatementsData_logId:1]
6429001,402,1:6:38,0,[StatementsData_logId:1,true]
6429001,405,1:6:38,0,[StatementsData_logId:1]
6429001,406,1:6:42,0,[StatementsData_logId:1,2]
6429001,411,1:6:43,0,[StatementsData_logId:1]
6429001,401,1:6:44,0,[StatementsData_logId:2]
6429001,404,1:6:46,0,[StatementsData_logId:2,true]
6429001,406,1:6:46,0,[StatementsData_logId:2,2]
6429001,412,1:6:49,0,[StatementsData_logId:2]
6429001,413,1:6:51,0,[StatementsData_logId:2,DuelResponsesData_logId:3]
6429001,414,1:6:52,0,[StatementsData_logId:2,DuelResponsesData_logId:3]
6429001,415,1:6:53,0,[StatementsData_logId:2,DuelResponsesData_logId:3,DuelResponsesData_ok_player_response]
6429001,416,1:6:54,0,[StatementsData_logId:2,DuelResponsesData_logId:3]
6429001,417,1:6:55,0,[StatementsData_logId:2,DuelResponsesData_logId:3]
6429001,413,1:6:56,0,[StatementsData_logId:2,DuelResponsesData_logId:4]
6429001,414,1:6:58,0,[StatementsData_logId:2,DuelResponsesData_logId:4]
6429001,415,1:7:1,0,[StatementsData_logId:2,DuelResponsesData_logId:4,DuelResponsesData_lame_player_response]
6429001,416,1:7:2,0,[StatementsData_logId:2,DuelResponsesData_logId:4]
6429001,417,1:7:3,0,[StatementsData_logId:2,DuelResponsesData_logId:4]
6429001,413,1:7:4,0,[StatementsData_logId:2,DuelResponsesData_logId:5]
6429001,414,1:7:4,0,[StatementsData_logId:2,DuelResponsesData_logId:5]
6429001,415,1:7:5,0,[StatementsData_logId:2,DuelResponsesData_logId:5,DuelResponsesData_witty_player_response]
6429001,416,1:7:6,0,[StatementsData_logId:2,DuelResponsesData_logId:5]
6429001,417,1:7:7,0,[StatementsData_logId:2,DuelResponsesData_logId:5]
6429001,418,1:7:7,0,[StatementsData_logId:2,false]
6429001,419,1:7:8,0,[StatementsData_logId:2,-4]
6429001,411,1:7:11,0,[StatementsData_logId:2]
6429001,401,1:7:12,0,[StatementsData_logId:3]
6429001,404,1:7:20,0,[StatementsData_logId:3,false]
6429001,405,1:7:21,0,[StatementsData_logId:3]
6429001,406,1:7:24,0,[StatementsData_logId:3,-2]
6429001,411,1:7:26,0,[StatementsData_logId:3]
6429001,401,1:7:28,0,[StatementsData_logId:4]
6429001,402,1:7:28,0,[StatementsData_logId:4,true]
6429001,405,1:7:29,0,[StatementsData_logId:4]
6429001,406,1:7:31,0,[StatementsData_logId:4,2]
6429001,411,1:7:32,0,[StatementsData_logId:4]
6429001,401,1:7:34,0,[StatementsData_logId:5]
6429001,404,1:7:34,0,[StatementsData_logId:5,true]
6429001,406,1:7:35,0,[StatementsData_logId:5,2]
6429001,412,1:7:37,0,[StatementsData_logId:5]
6429001,413,1:7:40,0,[StatementsData_logId:5,DuelResponsesData_logId:9]
6429001,414,1:7:41,0,[StatementsData_logId:5,DuelResponsesData_logId:9]
6429001,415,1:7:43,0,[StatementsData_logId:5,DuelResponsesData_logId:9,DuelResponsesData_witty_player_response]
6429001,416,1:7:44,0,[StatementsData_logId:5,DuelResponsesData_logId:9]
6429001,417,1:7:46,0,[StatementsData_logId:5,DuelResponsesData_logId:9]
6429001,413,1:7:48,0,[StatementsData_logId:5,DuelResponsesData_logId:10]
6429001,414,1:7:51,0,[StatementsData_logId:5,DuelResponsesData_logId:10]
6429001,415,1:7:54,0,[StatementsData_logId:5,DuelResponsesData_logId:10,DuelResponsesData_lame_player_response]
6429001,416,1:7:54,0,[StatementsData_logId:5,DuelResponsesData_logId:10]
6429001,417,1:7:54,0,[StatementsData_logId:5,DuelResponsesData_logId:10]
6429001,413,1:7:55,0,[StatementsData_logId:5,DuelResponsesData_logId:11]
6429001,414,1:7:56,0,[StatementsData_logId:5,DuelResponsesData_logId:11]
6429001,415,1:7:59,0,[StatementsData_logId:5,DuelResponsesData_logId:11,DuelResponsesData_ok_player_response]
6429001,416,1:7:59,0,[StatementsData_logId:5,DuelResponsesData_logId:11]
6429001,417,1:8:0,0,[StatementsData_logId:5,DuelResponsesData_logId:11]
6429001,418,1:8:0,0,[StatementsData_logId:5,false]
6429001,419,1:8:2,0,[StatementsData_logId:5,-4]
6429001,411,1:8:4,0,[StatementsData_logId:5]
6429001,420,1:8:4,0,[38]
6429001,1000,1:8:6,0,[]
6429001,400,1:8:8,0,[]
6429001,401,1:8:16,0,[StatementsData_logId:0]
6429001,403,1:8:17,0,[StatementsData_logId:0,true]
6429001,405,1:8:17,0,[StatementsData_logId:0]
6429001,406,1:8:18,0,[StatementsData_logId:0,2]
6429001,407,1:8:18,0,[StatementsData_logId:0,FactCardData_id:7]
6429001,407,1:8:18,0,[StatementsData_logId:0,FactCardData_id:5]
6429001,407,1:8:18,0,[StatementsData_logId:0,FactCardData_id:3]
6429001,407,1:8:18,0,[StatementsData_logId:0,FactCardData_id:4]
6429001,407,1:8:18,0,[StatementsData_logId:0,FactCardData_id:6]
6429001,407,1:8:18,0,[StatementsData_logId:0,FactCardData_id:0]
6429001,407,1:8:20,0,[StatementsData_logId:0,FactCardData_id:6]
6429001,407,1:8:20,0,[StatementsData_logId:0,FactCardData_id:6]
6429001,408,1:8:20,0,[StatementsData_logId:0,FactCardData_id:6,true]
6429001,409,1:8:20,0,[StatementsData_logId:0]
6429001,410,1:8:21,0,[StatementsData_logId:0,2]
6429001,412,1:8:22,0,[StatementsData_logId:0]
6429001,413,1:8:23,0,[StatementsData_logId:0,DuelResponsesData_logId:0]
6429001,414,1:8:24,0,[StatementsData_logId:0,DuelResponsesData_logId:0]
6429001,415,1:8:27,0,[StatementsData_logId:0,DuelResponsesData_logId:0,DuelResponsesData_witty_player_response]
6429001,416,1:8:28,0,[StatementsData_logId:0,DuelResponsesData_logId:0]
6429001,417,1:8:29,0,[StatementsData_logId:0,DuelResponsesData_logId:0]
6429001,413,1:8:30,0,[StatementsData_logId:0,DuelResponsesData_logId:1]
6429001,414,1:8:31,0,[StatementsData_logId:0,DuelResponsesData_logId:1]
6429001,415,1:8:35,0,[StatementsData_logId:0,DuelResponsesData_logId:1,DuelResponsesData_ok_player_response]
6429001,416,1:8:35,0,[StatementsData_logId:0,DuelResponsesData_logId:1]
6429001,417,1:8:36,0,[StatementsData_logId:0,DuelResponsesData_logId:1]
6429001,413,1:8:37,0,[StatementsData_logId:0,DuelResponsesData_logId:2]
6429001,414,1:8:38,0,[StatementsData_logId:0,DuelResponsesData_logId:2]
6429001,415,1:8:45,0,[StatementsData_logId:0,DuelResponsesData_logId:2,DuelResponsesData_witty_player_response]
6429001,416,1:8:46,0,[StatementsData_logId:0,DuelResponsesData_logId:2]
6429001,417,1:8:47,0,[StatementsData_logId:0,DuelResponsesData_logId:2]
6429001,418,1:8:47,0,[StatementsData_logId:0,true]
6429001,419,1:8:50,0,[StatementsData_logId:0,4]
6429001,411,1:8:50,0,[StatementsData_logId:0]
6429001,401,1:8:52,0,[StatementsData_logId:1]
6429001,402,1:8:53,0,[StatementsData_logId:1,true]
6429001,405,1:8:53,0,[StatementsData_logId:1]
6429001,406,1:8:54,0,[StatementsData_logId:1,2]
6429001,411,1:8:55,0,[StatementsData_logId:1]
6429001,401,1:8:56,0,[StatementsData_logId:2]
6429001,404,1:8:58,0,[StatementsData_logId:2,true]
6429001,406,1:8:58,0,[StatementsData_logId:2,2]
6429001,412,1:9:0,0,[StatementsData_logId:2]
6429001,413,1:9:1,0,[StatementsData_logId:2,DuelResponsesData_logId:3]
6429001,414,1:9:1,0,[StatementsData_logId:2,DuelResponsesData_logId:3]
6429001,415,1:9:2,0,[StatementsData_logId:2,DuelResponsesData_logId:3,DuelResponsesData_ok_player_response]
6429001,416,1:9:3,0,[StatementsData_logId:2,DuelResponsesData_logId:3]
6429001,417,1:9:4,0,[StatementsData_logId:2,DuelResponsesData_logId:3]
6429001,413,1:9:5,0,[StatementsData_logId:2,DuelResponsesData_logId:4]
6429001,414,1:9:6,0,[StatementsData_logId:2,DuelResponsesData_logId:4]
6429001,415,1:9:8,0,[StatementsData_logId:2,DuelResponsesData_logId:4,DuelResponsesData_witty_player_response]
6429001,416,1:9:9,0,[StatementsData_logId:2,DuelResponsesData_logId:4]
6429001,417,1:9:10,0,[StatementsData_logId:2,DuelResponsesData_logId:4]
6429001,413,1:9:11,0,[StatementsData_logId:2,DuelResponsesData_logId:5]
6429001,414,1:9:12,0,[StatementsData_logId:2,DuelResponsesData_logId:5]
6429001,415,1:9:13,0,[StatementsData_logId:2,DuelResponsesData_logId:5,DuelResponsesData_witty_player_response]
6429001,416,1:9:14,0,[StatementsData_logId:2,DuelResponsesData_logId:5]
6429001,417,1:9:15,0,[StatementsData_logId:2,DuelResponsesData_logId:5]
6429001,418,1:9:15,0,[StatementsData_logId:2,true]
6429001,419,1:9:23,0,[StatementsData_logId:2,4]
6429001,411,1:9:24,0,[StatementsData_logId:2]
6429001,401,1:9:26,0,[StatementsData_logId:3]
6429001,403,1:9:28,0,[StatementsData_logId:3,true]
6429001,405,1:9:28,0,[StatementsData_logId:3]
6429001,406,1:9:29,0,[StatementsData_logId:3,2]
6429001,407,1:9:29,0,[StatementsData_logId:3,FactCardData_id:5]
6429001,407,1:9:29,0,[StatementsData_logId:3,FactCardData_id:6]
6429001,407,1:9:29,0,[StatementsData_logId:3,FactCardData_id:7]
6429001,407,1:9:29,0,[StatementsData_logId:3,FactCardData_id:0]
6429001,407,1:9:29,0,[StatementsData_logId:3,FactCardData_id:4]
6429001,407,1:9:29,0,[StatementsData_logId:3,FactCardData_id:3]
6429001,407,1:9:37,0,[StatementsData_logId:3,FactCardData_id:3]
6429001,407,1:9:37,0,[StatementsData_logId:3,FactCardData_id:3]
6429001,407,1:9:39,0,[StatementsData_logId:3,FactCardData_id:0]
6429001,407,1:9:39,0,[StatementsData_logId:3,FactCardData_id:3]
6429001,407,1:9:39,0,[StatementsData_logId:3,FactCardData_id:0]
6429001,407,1:9:40,0,[StatementsData_logId:3,FactCardData_id:3]
6429001,407,1:9:40,0,[StatementsData_logId:3,FactCardData_id:0]
6429001,407,1:9:40,0,[StatementsData_logId:3,FactCardData_id:3]
6429001,407,1:9:41,0,[StatementsData_logId:3,FactCardData_id:0]
6429001,407,1:9:41,0,[StatementsData_logId:3,FactCardData_id:3]
6429001,407,1:9:41,0,[StatementsData_logId:3,FactCardData_id:0]
6429001,407,1:9:48,0,[StatementsData_logId:3,FactCardData_id:6]
6429001,407,1:9:48,0,[StatementsData_logId:3,FactCardData_id:0]
6429001,407,1:9:48,0,[StatementsData_logId:3,FactCardData_id:6]
6429001,407,1:9:50,0,[StatementsData_logId:3,FactCardData_id:5]
6429001,407,1:9:50,0,[StatementsData_logId:3,FactCardData_id:6]
6429001,407,1:9:50,0,[StatementsData_logId:3,FactCardData_id:5]
6429001,407,1:9:53,0,[StatementsData_logId:3,FactCardData_id:7]
6429001,407,1:9:53,0,[StatementsData_logId:3,FactCardData_id:5]
6429001,407,1:9:53,0,[StatementsData_logId:3,FactCardData_id:7]
6429001,407,1:9:55,0,[StatementsData_logId:3,FactCardData_id:4]
6429001,407,1:9:55,0,[StatementsData_logId:3,FactCardData_id:7]
6429001,407,1:9:55,0,[StatementsData_logId:3,FactCardData_id:4]
6429001,407,1:9:59,0,[StatementsData_logId:3,FactCardData_id:6]
6429001,407,1:9:59,0,[StatementsData_logId:3,FactCardData_id:4]
6429001,407,1:9:59,0,[StatementsData_logId:3,FactCardData_id:6]
6429001,407,1:10:2,0,[StatementsData_logId:3,FactCardData_id:0]
6429001,407,1:10:2,0,[StatementsData_logId:3,FactCardData_id:6]
6429001,407,1:10:2,0,[StatementsData_logId:3,FactCardData_id:0]
6429001,407,1:10:3,0,[StatementsData_logId:3,FactCardData_id:3]
6429001,407,1:10:3,0,[StatementsData_logId:3,FactCardData_id:0]
6429001,407,1:10:3,0,[StatementsData_logId:3,FactCardData_id:3]
6429001,408,1:10:8,0,[StatementsData_logId:3,FactCardData_id:3,false]
6429001,406,1:10:11,0,[StatementsData_logId:3,-2]
6429001,411,1:10:12,0,[StatementsData_logId:3]
6429001,401,1:10:13,0,[StatementsData_logId:4]
6429001,402,1:10:14,0,[StatementsData_logId:4,true]
6429001,405,1:10:14,0,[StatementsData_logId:4]
6429001,406,1:10:16,0,[StatementsData_logId:4,2]
6429001,411,1:10:16,0,[StatementsData_logId:4]
6429001,401,1:10:18,0,[StatementsData_logId:5]
6429001,404,1:10:18,0,[StatementsData_logId:5,true]
6429001,406,1:10:19,0,[StatementsData_logId:5,2]
6429001,412,1:10:23,0,[StatementsData_logId:5]
6429001,413,1:10:26,0,[StatementsData_logId:5,DuelResponsesData_logId:9]
6429001,414,1:10:27,0,[StatementsData_logId:5,DuelResponsesData_logId:9]
6429001,415,1:10:31,0,[StatementsData_logId:5,DuelResponsesData_logId:9,DuelResponsesData_witty_player_response]
6429001,416,1:10:31,0,[StatementsData_logId:5,DuelResponsesData_logId:9]
6429001,417,1:10:32,0,[StatementsData_logId:5,DuelResponsesData_logId:9]
6429001,413,1:10:37,0,[StatementsData_logId:5,DuelResponsesData_logId:10]
6429001,414,1:10:38,0,[StatementsData_logId:5,DuelResponsesData_logId:10]
6429001,415,1:10:44,0,[StatementsData_logId:5,DuelResponsesData_logId:10,DuelResponsesData_witty_player_response]
6429001,416,1:10:44,0,[StatementsData_logId:5,DuelResponsesData_logId:10]
6429001,417,1:10:45,0,[StatementsData_logId:5,DuelResponsesData_logId:10]
6429001,413,1:10:47,0,[StatementsData_logId:5,DuelResponsesData_logId:11]
6429001,414,1:10:47,0,[StatementsData_logId:5,DuelResponsesData_logId:11]
6429001,415,1:10:54,0,[StatementsData_logId:5,DuelResponsesData_logId:11,DuelResponsesData_witty_player_response]
6429001,416,1:10:54,0,[StatementsData_logId:5,DuelResponsesData_logId:11]
6429001,417,1:10:56,0,[StatementsData_logId:5,DuelResponsesData_logId:11]
6429001,418,1:10:56,0,[StatementsData_logId:5,true]
6429001,419,1:10:59,0,[StatementsData_logId:5,4]
6429001,411,1:11:0,0,[StatementsData_logId:5]
6429001,420,1:11:0,0,[56]
6429001,1000,1:11:2,0,[]
6429001,400,1:11:3,0,[]
6429001,401,1:11:4,0,[StatementsData_logId:0]
6429001,403,1:11:7,0,[StatementsData_logId:0,true]
6429001,405,1:11:7,0,[StatementsData_logId:0]
6429001,406,1:11:8,0,[StatementsData_logId:0,2]
6429001,407,1:11:8,0,[StatementsData_logId:0,FactCardData_id:6]
6429001,407,1:11:8,0,[StatementsData_logId:0,FactCardData_id:3]
6429001,407,1:11:8,0,[StatementsData_logId:0,FactCardData_id:0]
6429001,407,1:11:8,0,[StatementsData_logId:0,FactCardData_id:4]
6429001,407,1:11:8,0,[StatementsData_logId:0,FactCardData_id:5]
6429001,407,1:11:8,0,[StatementsData_logId:0,FactCardData_id:7]
6429001,407,1:11:11,0,[StatementsData_logId:0,FactCardData_id:6]
6429001,407,1:11:11,0,[StatementsData_logId:0,FactCardData_id:6]
6429001,408,1:11:12,0,[StatementsData_logId:0,FactCardData_id:6,true]
6429001,409,1:11:12,0,[StatementsData_logId:0]
6429001,410,1:11:17,0,[StatementsData_logId:0,2]
6429001,412,1:11:18,0,[StatementsData_logId:0]
6429001,413,1:11:18,0,[StatementsData_logId:0,DuelResponsesData_logId:0]
6429001,414,1:11:19,0,[StatementsData_logId:0,DuelResponsesData_logId:0]
6429001,415,1:11:24,0,[StatementsData_logId:0,DuelResponsesData_logId:0,DuelResponsesData_witty_player_response]
6429001,416,1:11:25,0,[StatementsData_logId:0,DuelResponsesData_logId:0]
6429001,417,1:11:26,0,[StatementsData_logId:0,DuelResponsesData_logId:0]
6429001,413,1:11:27,0,[StatementsData_logId:0,DuelResponsesData_logId:1]
6429001,414,1:11:28,0,[StatementsData_logId:0,DuelResponsesData_logId:1]
6429001,415,1:11:30,0,[StatementsData_logId:0,DuelResponsesData_logId:1,DuelResponsesData_ok_player_response]
6429001,416,1:11:31,0,[StatementsData_logId:0,DuelResponsesData_logId:1]
6429001,417,1:11:31,0,[StatementsData_logId:0,DuelResponsesData_logId:1]
6429001,413,1:11:32,0,[StatementsData_logId:0,DuelResponsesData_logId:2]
6429001,414,1:11:33,0,[StatementsData_logId:0,DuelResponsesData_logId:2]
6429001,415,1:11:35,0,[StatementsData_logId:0,DuelResponsesData_logId:2,DuelResponsesData_witty_player_response]
6429001,416,1:11:36,0,[StatementsData_logId:0,DuelResponsesData_logId:2]
6429001,417,1:11:36,0,[StatementsData_logId:0,DuelResponsesData_logId:2]
6429001,418,1:11:36,0,[StatementsData_logId:0,true]
6429001,419,1:11:39,0,[StatementsData_logId:0,4]
6429001,411,1:11:40,0,[StatementsData_logId:0]
6429001,401,1:11:41,0,[StatementsData_logId:1]
6429001,402,1:11:42,0,[StatementsData_logId:1,true]
6429001,405,1:11:43,0,[StatementsData_logId:1]
6429001,406,1:11:44,0,[StatementsData_logId:1,2]
6429001,411,1:11:45,0,[StatementsData_logId:1]
6429001,401,1:11:46,0,[StatementsData_logId:2]
6429001,404,1:11:47,0,[StatementsData_logId:2,true]
6429001,406,1:11:47,0,[StatementsData_logId:2,2]
6429001,412,1:11:50,0,[StatementsData_logId:2]
6429001,413,1:11:50,0,[StatementsData_logId:2,DuelResponsesData_logId:3]
6429001,414,1:11:51,0,[StatementsData_logId:2,DuelResponsesData_logId:3]
6429001,415,1:11:58,0,[StatementsData_logId:2,DuelResponsesData_logId:3,DuelResponsesData_ok_player_response]
6429001,416,1:11:58,0,[StatementsData_logId:2,DuelResponsesData_logId:3]
6429001,417,1:11:59,0,[StatementsData_logId:2,DuelResponsesData_logId:3]
6429001,413,1:12:0,0,[StatementsData_logId:2,DuelResponsesData_logId:4]
6429001,414,1:12:1,0,[StatementsData_logId:2,DuelResponsesData_logId:4]
6429001,415,1:12:2,0,[StatementsData_logId:2,DuelResponsesData_logId:4,DuelResponsesData_witty_player_response]
6429001,416,1:12:3,0,[StatementsData_logId:2,DuelResponsesData_logId:4]
6429001,417,1:12:4,0,[StatementsData_logId:2,DuelResponsesData_logId:4]
6429001,413,1:12:5,0,[StatementsData_logId:2,DuelResponsesData_logId:5]
6429001,414,1:12:6,0,[StatementsData_logId:2,DuelResponsesData_logId:5]
6429001,415,1:12:14,0,[StatementsData_logId:2,DuelResponsesData_logId:5,DuelResponsesData_lame_player_response]
6429001,416,1:12:15,0,[StatementsData_logId:2,DuelResponsesData_logId:5]
6429001,417,1:12:16,0,[StatementsData_logId:2,DuelResponsesData_logId:5]
6429001,418,1:12:16,0,[StatementsData_logId:2,false]
6429001,419,1:12:20,0,[StatementsData_logId:2,-4]
6429001,411,1:12:21,0,[StatementsData_logId:2]
6429001,401,1:12:22,0,[StatementsData_logId:3]
6429001,404,1:12:30,0,[StatementsData_logId:3,false]
6429001,405,1:12:31,0,[StatementsData_logId:3]
6429001,406,1:12:32,0,[StatementsData_logId:3,-2]
6429001,411,1:12:33,0,[StatementsData_logId:3]
6429001,401,1:12:34,0,[StatementsData_logId:4]
6429001,402,1:12:35,0,[StatementsData_logId:4,true]
6429001,405,1:12:36,0,[StatementsData_logId:4]
6429001,406,1:12:37,0,[StatementsData_logId:4,2]
6429001,411,1:12:40,0,[StatementsData_logId:4]
6429001,401,1:12:41,0,[StatementsData_logId:5]
6429001,404,1:12:42,0,[StatementsData_logId:5,true]
6429001,406,1:12:43,0,[StatementsData_logId:5,2]
6429001,412,1:12:44,0,[StatementsData_logId:5]
6429001,413,1:12:45,0,[StatementsData_logId:5,DuelResponsesData_logId:9]
6429001,414,1:12:45,0,[StatementsData_logId:5,DuelResponsesData_logId:9]
6429001,415,1:12:46,0,[StatementsData_logId:5,DuelResponsesData_logId:9,DuelResponsesData_lame_player_response]
6429001,416,1:12:47,0,[StatementsData_logId:5,DuelResponsesData_logId:9]
6429001,417,1:12:47,0,[StatementsData_logId:5,DuelResponsesData_logId:9]
6429001,413,1:12:48,0,[StatementsData_logId:5,DuelResponsesData_logId:10]
6429001,414,1:12:48,0,[StatementsData_logId:5,DuelResponsesData_logId:10]
6429001,415,1:12:48,0,[StatementsData_logId:5,DuelResponsesData_logId:10,DuelResponsesData_ok_player_response]
6429001,416,1:12:48,0,[StatementsData_logId:5,DuelResponsesData_logId:10]
6429001,417,1:12:49,0,[StatementsData_logId:5,DuelResponsesData_logId:10]
6429001,413,1:12:49,0,[StatementsData_logId:5,DuelResponsesData_logId:11]
6429001,414,1:12:49,0,[StatementsData_logId:5,DuelResponsesData_logId:11]
6429001,415,1:12:49,0,[StatementsData_logId:5,DuelResponsesData_logId:11,DuelResponsesData_lame_player_response]
6429001,416,1:12:49,0,[StatementsData_logId:5,DuelResponsesData_logId:11]
6429001,417,1:12:49,0,[StatementsData_logId:5,DuelResponsesData_logId:11]
6429001,418,1:12:49,0,[StatementsData_logId:5,false]
6429001,419,1:12:50,0,[StatementsData_logId:5,-4]
6429001,411,1:12:51,0,[StatementsData_logId:5]
6429001,420,1:12:51,0,[38]
6429001,1002,1:12:56,0
6429001,1003,1:12:56,0
6429001,210,1:13:0,1003,408
6429001,207,1:13:6,0,-400,-40
6429001,211,1:13:7,262,153
6429001,212,1:13:7,2
6429001,210,1:13:8,448,288
6429001,211,1:13:8,257,145
6429001,213,1:13:8,0,s_flag_gen,true
6429001,205,1:13:9,0,s_flag_gen,false,true
6429001,210,1:13:15,396,450
6429001,207,1:13:16,0,-40,0
6429001,211,1:13:16,71,198
6429001,210,1:13:24,783,476
6429001,211,1:13:25,840,521
6429001,213,1:13:25,0,c_teacherEng_G7a1N,true
6429001,205,1:13:25,0,c_teacherEng_G7a1N,false,true
6429001,210,1:13:30,894,501
6429001,211,1:13:32,1037,571
6429001,213,1:13:32,0,c_bestFriend_M_a_G7a1N,true
6429001,205,1:13:32,0,c_bestFriend_M_a_G7a1N,false,true
6429001,204,1:13:55,0
6429001,1003,1:14:0,2
6429001,300,1:14:22
6429001,300,1:14:41
6429001,300,1:14:45
6429001,1003,1:14:56,3
6429001,300,1:15:2
6429001,1003,1:15:5,2
6429001,1003,1:15:11,0
6429001,1003,1:15:13,1
6429001,100,1:15:19,0
6429001,102,1:15:20,0
6429001,200,1:15:20,0,2,3,3,0,6
6429001,210,1:15:24,998,495
6429001,211,1:15:25,1083,576
6429001,213,1:15:25,0,s_vocabAssignment_G7a0,true
6429001,210,1:15:28,940,461
6429001,211,1:15:28,995,506
6429001,213,1:15:28,0,c_bestFriend_M_a_G7a0,true
6429001,205,1:15:28,0,c_bestFriend_M_a_G7a0,false,true
6429001,210,1:15:31,766,366
6429001,211,1:15:32,861,341
6429001,213,1:15:32,0,c_teacherEng_G7a0,true
6429001,205,1:15:32,0,c_teacherEng_G7a0,false,true
6429001,210,1:15:36,152,50
6429001,207,1:15:37,0,-200,0
6429001,211,1:15:37,108,107
6429001,210,1:15:37,226,131
6429001,211,1:15:38,232,126
6429001,212,1:15:38,1
6429001,210,1:15:39,607,340
6429001,211,1:15:39,250,147
6429001,213,1:15:39,0,s_flag_gen,true
6429001,205,1:15:39,0,s_flag_gen,false,true
6429001,210,1:15:44,769,412
6429001,211,1:15:46,1032,549
6429001,212,1:15:49,2
6429001,210,1:15:49,764,375
6429001,211,1:15:52,839,436
6429001,213,1:15:52,0,c_teacherEng_G7a1N,true
6429001,205,1:15:52,0,c_teacherEng_G7a1N,false,true
6429001,210,1:15:58,993,512
6429001,211,1:15:58,1030,521
6429001,213,1:15:58,0,c_bestFriend_M_a_G7a1N,true
6429001,205,1:15:58,0,c_bestFriend_M_a_G7a1N,false,true
6429001,210,1:16:2,505,282
6429001,211,1:16:2,297,243
6429001,207,1:16:2,0,-400,-280
6429001,210,1:16:2,247,201
6429001,207,1:16:3,0,-280,-40
6429001,211,1:16:4,276,176
6429001,213,1:16:4,0,s_flag_gen,true
6429001,212,1:16:9,1
6429001,210,1:16:9,322,316
6429001,211,1:16:11,776,297
6429001,210,1:16:12,769,279
6429001,211,1:16:13,777,321
6429001,213,1:16:13,0,s_paperPlayers_G7a1N,true
6429001,205,1:16:13,0,s_paperPlayers_G7a1N,false,true
6429001,210,1:16:20,1081,382
6429001,211,1:16:21,1426,382
6429001,207,1:16:21,0,-40,-460
6429001,212,1:16:22,0
6429001,212,1:16:23,1
6429001,210,1:16:29,1066,282
6429001,211,1:16:30,786,408
6429001,213,1:16:30,0,c_teacherEng_G7a1P,true
6429001,205,1:16:30,0,c_teacherEng_G7a1P,false,true
6429001,210,1:16:34,868,402
6429001,211,1:16:35,664,368
6429001,213,1:16:35,0,s_paperPlayers_G7a1P,true
6429001,210,1:16:37,444,483
6429001,211,1:16:38,32,479
6429001,207,1:16:38,0,-400,-10
6429001,210,1:16:38,242,84
6429001,211,1:16:39,242,84
6429001,210,1:16:39,236,103
6429001,211,1:16:39,269,140
6429001,212,1:16:42,2
6429001,210,1:16:42,242,240
6429001,211,1:16:43,260,146
6429001,213,1:16:43,0,s_flag_gen,true
6429001,205,1:16:43,0,s_flag_gen,false,true
6429001,210,1:16:47,826,405
6429001,211,1:16:48,1352,314
6429001,207,1:16:48,0,-10,-355
6429001,212,1:16:48,1
6429001,210,1:16:49,966,423
6429001,211,1:16:49,980,424
6429001,212,1:16:50,0
6429001,210,1:16:50,1106,416
6429001,211,1:16:50,972,483
6429001,213,1:16:50,0,c_bestFriend_M_a_G7a1P,true
6429001,1003,1:16:54,0
6429001,1004,1:16:55,0
6429001,400,1:16:57,0,[]
6429001,401,1:16:59,0,[StatementsData_logId:0]
6429001,403,1:17:2,0,[StatementsData_logId:0,true]
6429001,405,1:17:2,0,[StatementsData_logId:0]
6429001,406,1:17:3,0,[StatementsData_logId:0,2]
6429001,407,1:17:3,0,[StatementsData_logId:0,FactCardData_id:3]
6429001,407,1:17:3,0,[StatementsData_logId:0,FactCardData_id:0]
6429001,407,1:17:3,0,[StatementsData_logId:0,FactCardData_id:5]
6429001,407,1:17:3,0,[StatementsData_logId:0,FactCardData_id:7]
6429001,407,1:17:3,0,[StatementsData_logId:0,FactCardData_id:4]
6429001,407,1:17:3,0,[StatementsData_logId:0,FactCardData_id:6]
6429001,407,1:17:7,0,[StatementsData_logId:0,FactCardData_id:6]
6429001,407,1:17:7,0,[StatementsData_logId:0,FactCardData_id:6]
6429001,408,1:17:10,0,[StatementsData_logId:0,FactCardData_id:6,true]
6429001,409,1:17:10,0,[StatementsData_logId:0]
6429001,410,1:17:11,0,[StatementsData_logId:0,2]
6429001,412,1:17:12,0,[StatementsData_logId:0]
6429001,413,1:17:13,0,[StatementsData_logId:0,DuelResponsesData_logId:0]
6429001,414,1:17:15,0,[StatementsData_logId:0,DuelResponsesData_logId:0]
6429001,415,1:17:17,0,[StatementsData_logId:0,DuelResponsesData_logId:0,DuelResponsesData_witty_player_response]
6429001,416,1:17:17,0,[StatementsData_logId:0,DuelResponsesData_logId:0]
6429001,417,1:17:18,0,[StatementsData_logId:0,DuelResponsesData_logId:0]
6429001,413,1:17:22,0,[StatementsData_logId:0,DuelResponsesData_logId:1]
6429001,414,1:17:26,0,[StatementsData_logId:0,DuelResponsesData_logId:1]
6429001,415,1:17:32,0,[StatementsData_logId:0,DuelResponsesData_logId:1,DuelResponsesData_ok_player_response]
6429001,416,1:17:32,0,[StatementsData_logId:0,DuelResponsesData_logId:1]
6429001,417,1:17:33,0,[StatementsData_logId:0,DuelResponsesData_logId:1]
6429001,413,1:17:36,0,[StatementsData_logId:0,DuelResponsesData_logId:2]
6429001,414,1:17:43,0,[StatementsData_logId:0,DuelResponsesData_logId:2]
6429001,415,1:17:44,0,[StatementsData_logId:0,DuelResponsesData_logId:2,DuelResponsesData_witty_player_response]
6429001,416,1:17:45,0,[StatementsData_logId:0,DuelResponsesData_logId:2]
6429001,417,1:17:46,0,[StatementsData_logId:0,DuelResponsesData_logId:2]
6429001,418,1:17:46,0,[StatementsData_logId:0,true]
6429001,419,1:17:47,0,[StatementsData_logId:0,4]
6429001,411,1:17:48,0,[StatementsData_logId:0]
6429001,401,1:17:50,0,[StatementsData_logId:1]
6429001,402,1:17:50,0,[StatementsData_logId:1,true]
6429001,405,1:17:51,0,[StatementsData_logId:1]
6429001,406,1:17:53,0,[StatementsData_logId:1,2]
6429001,411,1:17:54,0,[StatementsData_logId:1]
6429001,401,1:17:57,0,[StatementsData_logId:2]
6429001,404,1:17:57,0,[StatementsData_logId:2,true]
6429001,406,1:17:58,0,[StatementsData_logId:2,2]
6429001,412,1:18:0,0,[StatementsData_logId:2]
6429001,413,1:18:6,0,[StatementsData_logId:2,DuelResponsesData_logId:3]
6429001,414,1:18:6,0,[StatementsData_logId:2,DuelResponsesData_logId:3]
6429001,415,1:18:11,0,[StatementsData_logId:2,DuelResponsesData_logId:3,DuelResponsesData_ok_player_response]
6429001,416,1:18:12,0,[StatementsData_logId:2,DuelResponsesData_logId:3]
6429001,417,1:18:13,0,[StatementsData_logId:2,DuelResponsesData_logId:3]
6429001,413,1:18:23,0,[StatementsData_logId:2,DuelResponsesData_logId:4]
6429001,414,1:18:24,0,[StatementsData_logId:2,DuelResponsesData_logId:4]
6429001,415,1:18:33,0,[StatementsData_logId:2,DuelResponsesData_logId:4,DuelResponsesData_lame_player_response]
6429001,416,1:18:34,0,[StatementsData_logId:2,DuelResponsesData_logId:4]
6429001,417,1:18:35,0,[StatementsData_logId:2,DuelResponsesData_logId:4]
6429001,413,1:18:36,0,[StatementsData_logId:2,DuelResponsesData_logId:5]
6429001,414,1:18:37,0,[StatementsData_logId:2,DuelResponsesData_logId:5]
6429001,415,1:18:38,0,[StatementsData_logId:2,DuelResponsesData_logId:5,DuelResponsesData_lame_player_response]
6429001,416,1:18:39,0,[StatementsData_logId:2,DuelResponsesData_logId:5]
6429001,417,1:18:39,0,[StatementsData_logId:2,DuelResponsesData_logId:5]
6429001,418,1:18:39,0,[StatementsData_logId:2,false]
6429001,1002,1:18:44,0
6429001,1003,1:18:44,0
6429001,204,1:18:49,0
6429001,1003,1:19:31,3
6429001,1003,1:19:35,0
6429001,1003,1:19:40,1
6429001,1003,1:20:27,2
6429001,103,1:20:37
6429001,104,1:20:39
6429001,300,1:21:3
6429001,1003,1:22:47,0
6429001,100,1:23:24,0
6429001,102,1:23:32,0
6429001,200,1:23:32,0,2,3,3,0,6
6429001,210,1:23:35,1093,236
6429001,211,1:23:35,795,540
6429001,210,1:23:36,981,266
6429001,211,1:23:38,1013,564
6429001,213,1:23:38,0,s_vocabAssignment_G7a0,true
6429001,210,1:23:41,642,88
6429001,211,1:23:44,716,132
6429001,213,1:23:44,0,s_angelouPoster_gen,true
6429001,210,1:23:47,765,85
6429001,211,1:23:48,788,133
6429001,213,1:23:48,0,s_shakespearePoster_gen,true
6429001,210,1:23:52,863,102
6429001,211,1:23:53,887,121
6429001,213,1:23:53,0,s_poePoster_gen,true
6429001,210,1:23:55,878,273
6429001,211,1:23:55,815,421
6429001,212,1:23:56,2
6429001,210,1:23:56,809,266
6429001,207,1:23:59,0,-200,-95
6429001,211,1:24:0,555,352
6429001,210,1:24:0,900,411
6429001,211,1:24:0,870,373
6429001,213,1:24:1,0,c_teacherEng_G7a0,true
6429001,205,1:24:1,0,c_teacherEng_G7a0,false,true
6429001,212,1:24:25,1
6429001,210,1:24:27,1223,193
6429001,211,1:24:29,903,335
6429001,221,1:24:31,0
6429001,300,1:25:5
6429001,220,1:25:5,0
6429001,302,1:25:31,0,2,0,12
6429001,303,1:25:34,0,2,0,12
6429001,304,1:25:57,0,2,0,15,Video Games,12,Party Animal
6429001,302,1:26:3,0,2,2,15
6429001,303,1:26:5,0,2,2,15
6429001,304,1:26:41,0,2,2,12,Party animal,15,Play VideoGame
6429001,207,1:28:29,0,-400,-445
6429001,210,1:28:35,391,485
6429001,207,1:28:36,0,-400,-190
6429001,211,1:28:36,252,484
6429001,210,1:28:36,694,554
6429001,211,1:28:37,680,568
6429001,213,1:28:37,0,s_otherStudent1_G7a1N,true
6429001,210,1:28:41,348,425
6429001,211,1:28:41,132,481
6429001,207,1:28:41,0,-190,-55
6429001,210,1:28:42,309,495
6429001,211,1:28:42,231,471
6429001,213,1:28:42,0,c_crewKid1_M_G7a1N,true
6429001,210,1:28:47,462,552
6429001,207,1:28:49,0,-55,0
6429001,207,1:28:53,0,0,-270
6429001,211,1:28:54,1442,483
6429001,207,1:28:54,0,-270,-435
6429001,207,1:28:54,0,-435,-495
6429001,210,1:28:54,1430,539
6429001,207,1:28:55,0,-495,-518.45
6429001,211,1:28:57,1230,484
6429001,213,1:28:57,0,s_otherStudent2_G7a1N,true
6429001,210,1:28:59,1341,432
6429001,211,1:29:0,1469,564
6429001,212,1:29:0,2
6429001,210,1:29:1,1420,593
6429001,207,1:29:8,0,-518.45,-8.45
6429001,211,1:29:14,664,554
6429001,213,1:29:14,0,s_otherStudent1_G7a1N,true
6429001,210,1:29:19,405,401
6429001,207,1:29:20,0,-200,0
6429001,211,1:29:21,208,504
6429001,213,1:29:21,0,c_crewKid1_M_G7a0,true
6429001,219,1:29:34,0
6429001,216,1:29:38,Stack_G7a0
6429001,217,1:30:12,Stack_G7a0,32,0.00
6429001,218,1:30:15,0
6429001,219,1:30:18,0
6429001,216,1:30:19,Stack_G7a1P
6429001,217,1:30:22,Stack_G7a1P,2.4,5.2
6429001,218,1:30:23,0
6429001,219,1:30:28,0
6429001,216,1:30:29,Stack_G7a1N
6429001,217,1:30:52,Stack_G7a1N,20,0.00
6429001,218,1:30:54,0
6429001,207,1:31:41,0,-400,-385
6429001,219,1:31:55,0
6429001,216,1:31:57,Stack_G7a1N
6429001,217,1:32:19,Stack_G7a1N,20,0.00
6429001,218,1:32:21,0
6429001,210,1:32:23,1218,416
6429001,211,1:32:25,1058,543
6429001,213,1:32:25,0,c_bestFriend_M_a_G7a1N,true
6429001,205,1:32:25,0,c_bestFriend_M_a_G7a1N,false,true
6429001,204,1:32:30,0
6429001,103,2:2:51
6429001,105,2:2:52
6429001,703,2:2:54,[|| EpilogueItem ID: 0 unlocked: false ||,|| EpilogueItem ID: 1 unlocked: false ||,|| EpilogueItem ID: 2 unlocked: false ||,|| EpilogueItem ID: 3 unlocked: false ||,|| EpilogueItem ID: 4 unlocked: false ||,|| EpilogueItem ID: 5 unlocked: false ||,|| EpilogueItem ID: 6 unlocked: false ||,|| EpilogueItem ID: 7 unlocked: false ||,|| EpilogueItem ID: 8 unlocked: false ||,|| EpilogueItem ID: 9 unlocked: false ||,|| EpilogueItem ID: 10 unlocked: false ||,|| EpilogueItem ID: 11 unlocked: false ||,|| EpilogueItem ID: 12 unlocked: false ||,|| EpilogueItem ID: 13 unlocked: false ||,|| EpilogueItem ID: 14 unlocked: false ||,|| EpilogueItem ID: 15 unlocked: false ||,|| EpilogueItem ID: 16 unlocked: false ||,|| EpilogueItem ID: 17 unlocked: false ||,|| EpilogueItem ID: 18 unlocked: false ||,|| EpilogueItem ID: 19 unlocked: false ||,|| EpilogueItem ID: 20 unlocked: false ||,|| EpilogueItem ID: 21 unlocked: false ||,|| EpilogueItem ID: 22 unlocked: false ||,|| EpilogueItem ID: 23 unlocked: false ||,|| EpilogueItem ID: 24 unlocked: false ||],0
6429001,706,2:2:55,(x=729, y=-100, w=1024, h=768),(x=1007, y=-100, w=1024, h=768)
6429001,706,2:2:55,(x=1781, y=-100, w=1024, h=768),(x=1863, y=-100, w=1024, h=768)
6429001,706,2:2:57,(x=2497, y=-100, w=1024, h=768),(x=2531, y=-100, w=1024, h=768)
6429001,708,2:2:57
6429001,1,2:2:57,3/27/2013 5:14:10pm,{"gameTime":7377133,"session":[{"stackId":12,"sceneId":"1P"},{"stackId":0,"sceneId":"1P"}],"challengeStacks":[{"resolved":false,"challengeScenes":[{"keyPoints":["s_flag_gen","c_teacherEng_G7a0","c_bestFriend_M_a_G7a0"],"viewedAnimatic":true,"touchableObjects":["s_otherStudent1_G7a0","s_angelouPoster_gen","s_poePoster_gen","s_shakespearePoster_gen","s_doorClassroom_G7a0","c_friend1_M_a_G7a0","c_crewKid1_M_G7a0","s_vocabAssignment_G7a0","s_flag_gen","c_teacherEng_G7a0","c_bestFriend_M_a_G7a0"],"unlocked":true,"miniGameCards":[]},{"keyPoints":["c_teacherEng_G7a1N","c_bestFriend_M_a_G7a1N","s_paperPlayers_G7a1N"],"viewedAnimatic":true,"touchableObjects":["s_flag_gen","c_teacherEng_G7a1N","c_bestFriend_M_a_G7a1N","s_otherStudent2_G7a1N","s_posterPlagiarism_gen","s_paperPlayers_G7a1N","s_otherStudent1_G7a1N","c_crewKid1_M_G7a1N"],"unlocked":true,"miniGameCards":[]},{"keyPoints":["s_flag_gen","c_teacherEng_G7a1P","s_paperEnglish_gen"],"viewedAnimatic":true,"touchableObjects":["s_flag_gen","s_paperPlayers_G7a1P","c_teacherEng_G7a1P","s_paperEnglish_gen","s_clock_G7a1P"],"unlocked":true,"miniGameCards":[]}],"stackSize":3},{"resolved":false,"challengeScenes":[{"keyPoints":[],"viewedAnimatic":false,"touchableObjects":[],"unlocked":false,"miniGameCards":[]},{"keyPoints":[],"viewedAnimatic":false,"touchableObjects":[],"unlocked":false,"miniGameCards":[]},{"keyPoints":[],"viewedAnimatic":false,"touchableObjects":[],"unlocked":false,"miniGameCards":[]},{"keyPoints":[],"viewedAnimatic":false,"touchableObjects":[],"unlocked":false,"miniGameCards":[]},{"keyPoints":[],"viewedAnimatic":false,"touchableObjects":[],"unlocked":false,"miniGameCards":[]}],"stackSize":5},{"resolved":false,"challengeScenes":[{"keyPoints":[],"viewedAnimatic":false,"touchableObjects":[],"unlocked":false,"miniGameCards":[]},{"keyPoints":[],"viewedAnimatic":false,"touchableObjects":[],"unlocked":false,"miniGameCards":[]},{"keyPoints":[],"viewedAnimatic":false,"touchableObjects":[],"unlocked":false,"miniGameCards":[]},{"keyPoints":[],"viewedAnimatic":false,"touchableObjects":[],"unlocked":false,"miniGameCards":[]},{"keyPoints":[],"viewedAnimatic":false,"touchableObjects":[],"unlocked":false,"miniGameCards":[]},{"keyPoints":[],"viewedAnimatic":false,"touchableObjects":[],"unlocked":false,"miniGameCards":[]},{"keyPoints":[],"viewedAnimatic":false,"touchableObjects":[],"unlocked":false,"miniGameCards":[]}],"stackSize":7},{"resolved":false,"challengeScenes":[{"keyPoints":[],"viewedAnimatic":false,"touchableObjects":[],"unlocked":false,"miniGameCards":[]},{"keyPoints":[],"viewedAnimatic":false,"touchableObjects":[],"unlocked":false,"miniGameCards":[]},{"keyPoints":[],"viewedAnimatic":false,"touchableObjects":[],"unlocked":false,"miniGameCards":[]},{"keyPoints":[],"viewedAnimatic":false,"touchableObjects":[],"unlocked":false,"miniGameCards":[]},{"keyPoints":[],"viewedAnimatic":false,"touchableObjects":[],"unlocked":false,"miniGameCards":[]}],"stackSize":5},{"resolved":false,"challengeScenes":[{"keyPoints":[],"viewedAnimatic":false,"touchableObjects":[],"unlocked":false,"miniGameCards":[]},{"keyPoints":[],"viewedAnimatic":false,"touchableObjects":[],"unlocked":false,"miniGameCards":[]},{"keyPoints":[],"viewedAnimatic":false,"touchableObjects":[],"unlocked":false,"miniGameCards":[]},{"keyPoints":[],"viewedAnimatic":false,"touchableObjects":[],"unlocked":false,"miniGameCards":[]},{"keyPoints":[],"viewedAnimatic":false,"touchableObjects":[],"unlocked":false,"miniGameCards":[]}],"stackSize":5},{"resolved":false,"challengeScenes":[{"keyPoints":[],"viewedAnimatic":false,"touchableObjects":[],"unlocked":false,"miniGameCards":[]},{"keyPoints":[],"viewedAnimatic":false,"touchableObjects":[],"unlocked":false,"miniGameCards":[]},{"keyPoints":[],"viewedAnimatic":false,"touchableObjects":[],"unlocked":false,"miniGameCards":[]},{"keyPoints":[],"viewedAnimatic":false,"touchableObjects":[],"unlocked":false,"miniGameCards":[]},{"keyPoints":[],"viewedAnimatic":false,"touchableObjects":[],"unlocked":false,"miniGameCards":[]}],"stackSize":5},{"resolved":false,"challengeScenes":[{"keyPoints":[],"viewedAnimatic":false,"touchableObjects":[],"unlocked":false,"miniGameCards":[]},{"keyPoints":[],"viewedAnimatic":false,"touchableObjects":[],"unlocked":false,"miniGameCards":[]},{"keyPoints":[],"viewedAnimatic":false,"touchableObjects":[],"unlocked":false,"miniGameCards":[]},{"keyPoints":[],"viewedAnimatic":false,"touchableObjects":[],"unlocked":false,"miniGameCards":[]},{"keyPoints":[],"viewedAnimatic":false,"touchableObjects":[],"unlocked":false,"miniGameCards":[]}],"stackSize":5},{"resolved":false,"challengeScenes":[{"keyPoints":[],"viewedAnimatic":false,"touchableObjects":[],"unlocked":false,"miniGameCards":[]},{"keyPoints":[],"viewedAnimatic":false,"touchableObjects":[],"unlocked":false,"miniGameCards":[]},{"keyPoints":[],"viewedAnimatic":false,"touchableObjects":[],"unlocked":false,"miniGameCards":[]},{"keyPoints":[],"viewedAnimatic":false,"touchableObjects":[],"unlocked":false,"miniGameCards":[]},{"keyPoints":[],"viewedAnimatic":false,"touchableObjects":[],"unlocked":false,"miniGameCards":[]}],"stackSize":5},{"resolved":false,"challengeScenes":[{"keyPoints":[],"viewedAnimatic":false,"touchableObjects":[],"unlocked":false,"miniGameCards":[]},{"keyPoints":[],"viewedAnimatic":false,"touchableObjects":[],"unlocked":false,"miniGameCards":[]},{"keyPoints":[],"viewedAnimatic":false,"touchableObjects":[],"unlocked":false,"miniGameCards":[]},{"keyPoints":[],"viewedAnimatic":false,"touchableObjects":[],"unlocked":false,"miniGameCards":[]},{"keyPoints":[],"viewedAnimatic":false,"touchableObjects":[],"unlocked":false,"miniGameCards":[]}],"stackSize":5},{"resolved":false,"challengeScenes":[{"keyPoints":[],"viewedAnimatic":false,"touchableObjects":[],"unlocked":false,"miniGameCards":[]},{"keyPoints":[],"viewedAnimatic":false,"touchableObjects":[],"unlocked":false,"miniGameCards":[]},{"keyPoints":[],"viewedAnimatic":false,"touchableObjects":[],"unlocked":false,"miniGameCards":[]},{"keyPoints":[],"viewedAnimatic":false,"touchableObjects":[],"unlocked":false,"miniGameCards":[]},{"keyPoints":[],"viewedAnimatic":false,"touchableObjects":[],"unlocked":false,"miniGameCards":[]}],"stackSize":5},{"resolved":false,"challengeScenes":[{"keyPoints":[],"viewedAnimatic":false,"touchableObjects":[],"unlocked":false,"miniGameCards":[]},{"keyPoints":[],"viewedAnimatic":false,"touchableObjects":[],"unlocked":false,"miniGameCards":[]},{"keyPoints":[],"viewedAnimatic":false,"touchableObjects":[],"unlocked":false,"miniGameCards":[]},{"keyPoints":[],"viewedAnimatic":false,"touchableObjects":[],"unlocked":false,"miniGameCards":[]},{"keyPoints":[],"viewedAnimatic":false,"touchableObjects":[],"unlocked":false,"miniGameCards":[]}],"stackSize":5},{"resolved":false,"challengeScenes":[{"keyPoints":[],"viewedAnimatic":false,"touchableObjects":[],"unlocked":false,"miniGameCards":[]},{"keyPoints":[],"viewedAnimatic":false,"touchableObjects":[],"unlocked":false,"miniGameCards":[]},{"keyPoints":[],"viewedAnimatic":false,"touchableObjects":[],"unlocked":false,"miniGameCards":[]},{"keyPoints":[],"viewedAnimatic":false,"touchableObjects":[],"unlocked":false,"miniGameCards":[]},{"keyPoints":[],"viewedAnimatic":false,"touchableObjects":[],"unlocked":false,"miniGameCards":[]}],"stackSize":5},{"resolved":true,"challengeScenes":[{"keyPoints":[],"viewedAnimatic":false,"touchableObjects":["c_education_G0a0","c_family_cauc_a_G0a0"],"unlocked":true,"miniGameCards":[]},{"keyPoints":["c_family_cauc_a_G0a1N","c_home_G0a1N","c_job_G0a1N"],"viewedAnimatic":false,"touchableObjects":["c_player_cauc_M_a_G0a1N","c_family_cauc_a_G0a1N","c_home_G0a1N","c_job_G0a1N"],"unlocked":true,"miniGameCards":[]},{"keyPoints":["c_Teacher_G0a1P","c_grandma_cauc_a_G0a1P","c_kidsister_cauc_a_G0a1P","c_dad_cauc_a_G0a1P","c_mom_cauc_a_G0a1P","c_Nurse_G0a1P"],"viewedAnimatic":false,"touchableObjects":["c_cousins_M_a_G0a1P","c_friends_G0a1P","c_Teacher_G0a1P","c_grandma_cauc_a_G0a1P","c_kidsister_cauc_a_G0a1P","c_dad_cauc_a_G0a1P","c_mom_cauc_a_G0a1P","c_Nurse_G0a1P"],"unlocked":true,"miniGameCards":[]}],"stackSize":3}],"minigames":[{"levelSaveData":[{"starRating":2,"unlocked":true},{"starRating":0,"unlocked":false},{"starRating":0,"unlocked":false},{"starRating":0,"unlocked":false},{"starRating":0,"unlocked":false},{"starRating":0,"unlocked":false},{"starRating":0,"unlocked":false},{"starRating":0,"unlocked":false},{"starRating":0,"unlocked":false},{"starRating":0,"unlocked":false}],"skillPoints":2},{"levelSaveData":[{"starRating":3,"unlocked":true},{"starRating":0,"unlocked":false},{"starRating":0,"unlocked":false},{"starRating":0,"unlocked":false},{"starRating":0,"unlocked":false},{"starRating":0,"unlocked":false},{"starRating":0,"unlocked":false},{"starRating":0,"unlocked":false},{"starRating":0,"unlocked":false},{"starRating":0,"unlocked":false}],"skillPoints":3},{"levelSaveData":[{"starRating":3,"unlocked":true},{"starRating":0,"unlocked":false},{"starRating":0,"unlocked":false},{"starRating":0,"unlocked":false},{"starRating":0,"unlocked":false},{"starRating":0,"unlocked":false},{"starRating":0,"unlocked":false},{"starRating":0,"unlocked":false},{"starRating":0,"unlocked":false},{"starRating":0,"unlocked":false}],"skillPoints":3},{"levelSaveData":[{"starRating":0,"unlocked":false},{"starRating":0,"unlocked":false},{"starRating":0,"unlocked":false},{"starRating":0,"unlocked":false},{"starRating":0,"unlocked":false},{"starRating":0,"unlocked":false},{"starRating":0,"unlocked":false},{"starRating":0,"unlocked":false},{"starRating":0,"unlocked":false},{"starRating":0,"unlocked":false}],"skillPoints":0},{"name":"Luis","gender":0,"visualAvatar":0,"age":12,"levelSaveData":[{"starRating":3,"unlocked":true},{"chunks":[["2"],["7$$cool","13$$in love"],["12$$Party Animal","6$$Music","15$$Play VideoGame"],["1"]],"unlocked":true,"starRating":3},{"chunks":[[null],[null,null],[null,null]],"unlocked":false,"starRating":0},{"chunks":[[null],[null],[null],[null],[null,null],[null]],"unlocked":false,"starRating":0},{"chunks":[[null],[null],[null,null],[null],[null],[null]],"unlocked":false,"starRating":0},{"chunks":[[null],[null,null,null,null],[null],[null]],"unlocked":false,"starRating":0},{"chunks":[[null],[null],[null,null],[null,null],[null]],"unlocked":false,"starRating":0},{"chunks":[[null,null,null],[null,null,null],[null],[null],[null]],"unlocked":false,"starRating":0},{"chunks":[[null,null,null],[null,null,null],[null,null]],"unlocked":false,"starRating":0},{"chunks":[[null],[null],[null],[null],[null],[null]],"unlocked":false,"starRating":0}],"id":1,"skillPoints":6}],"playerId":6429001,"epilogue":{"rating":0},"sessionId":2,"avatar":{"name":"Luis","gender":0,"visualAvatar":0,"age":12,"levelSaveData":[{"starRating":3,"unlocked":true},{"chunks":[["2"],["7$$cool","13$$in love"],["12$$Party Animal","6$$Music","15$$Play VideoGame"],["1"]],"unlocked":true,"starRating":3},{"chunks":[[null],[null,null],[null,null]],"unlocked":false,"starRating":0},{"chunks":[[null],[null],[null],[null],[null,null],[null]],"unlocked":false,"starRating":0},{"chunks":[[null],[null],[null,null],[null],[null],[null]],"unlocked":false,"starRating":0},{"chunks":[[null],[null,null,null,null],[null],[null]],"unlocked":false,"starRating":0},{"chunks":[[null],[null],[null,null],[null,null],[null]],"unlocked":false,"starRating":0},{"chunks":[[null,null,null],[null,null,null],[null],[null],[null]],"unlocked":false,"starRating":0},{"chunks":[[null,null,null],[null,null,null],[null,null]],"unlocked":false,"starRating":0},{"chunks":[[null],[null],[null],[null],[null],[null]],"unlocked":false,"starRating":0}],"id":1,"skillPoints":6}}
