6429001,0,2:2:57,3/28/2013 4:36:51pm
6429001,1003,2:5:29,0
6429001,1004,2:5:30,0
6429001,400,2:5:33,0,[]
6429001,401,2:5:34,0,[StatementsData_logId:0]
6429001,403,2:5:35,0,[StatementsData_logId:0,true]
6429001,405,2:5:35,0,[StatementsData_logId:0]
6429001,406,2:5:36,0,[StatementsData_logId:0,2]
6429001,407,2:5:36,0,[StatementsData_logId:0,FactCardData_id:3]
6429001,407,2:5:36,0,[StatementsData_logId:0,FactCardData_id:5]
6429001,407,2:5:36,0,[StatementsData_logId:0,FactCardData_id:6]
6429001,407,2:5:36,0,[StatementsData_logId:0,FactCardData_id:7]
6429001,407,2:5:36,0,[StatementsData_logId:0,FactCardData_id:4]
6429001,407,2:5:36,0,[StatementsData_logId:0,FactCardData_id:0]
6429001,407,2:5:38,0,[StatementsData_logId:0,FactCardData_id:6]
6429001,407,2:5:38,0,[StatementsData_logId:0,FactCardData_id:6]
6429001,408,2:5:38,0,[StatementsData_logId:0,FactCardData_id:6,true]
6429001,409,2:5:38,0,[StatementsData_logId:0]
6429001,410,2:5:39,0,[StatementsData_logId:0,2]
6429001,412,2:5:41,0,[StatementsData_logId:0]
6429001,413,2:5:41,0,[StatementsData_logId:0,DuelResponsesData_logId:0]
6429001,414,2:5:42,0,[StatementsData_logId:0,DuelResponsesData_logId:0]
6429001,415,2:5:46,0,[StatementsData_logId:0,DuelResponsesData_logId:0,DuelResponsesData_witty_player_response]
6429001,416,2:5:47,0,[StatementsData_logId:0,DuelResponsesData_logId:0]
6429001,417,2:5:48,0,[StatementsData_logId:0,DuelResponsesData_logId:0]
6429001,413,2:5:48,0,[StatementsData_logId:0,DuelResponsesData_logId:1]
6429001,414,2:5:49,0,[StatementsData_logId:0,DuelResponsesData_logId:1]
6429001,415,2:5:52,0,[StatementsData_logId:0,DuelResponsesData_logId:1,DuelResponsesData_ok_player_response]
6429001,416,2:5:53,0,[StatementsData_logId:0,DuelResponsesData_logId:1]
6429001,417,2:5:54,0,[StatementsData_logId:0,DuelResponsesData_logId:1]
6429001,413,2:5:54,0,[StatementsData_logId:0,DuelResponsesData_logId:2]
6429001,414,2:5:55,0,[StatementsData_logId:0,DuelResponsesData_logId:2]
6429001,415,2:5:57,0,[StatementsData_logId:0,DuelResponsesData_logId:2,DuelResponsesData_witty_player_response]
6429001,416,2:5:57,0,[StatementsData_logId:0,DuelResponsesData_logId:2]
6429001,417,2:5:58,0,[StatementsData_logId:0,DuelResponsesData_logId:2]
6429001,418,2:5:58,0,[StatementsData_logId:0,true]
6429001,419,2:6:1,0,[StatementsData_logId:0,4]
6429001,411,2:6:3,0,[StatementsData_logId:0]
6429001,401,2:6:4,0,[StatementsData_logId:1]
6429001,402,2:6:5,0,[StatementsData_logId:1,true]
6429001,405,2:6:5,0,[StatementsData_logId:1]
6429001,406,2:6:8,0,[StatementsData_logId:1,2]
6429001,411,2:6:10,0,[StatementsData_logId:1]
6429001,401,2:6:12,0,[StatementsData_logId:2]
6429001,404,2:6:12,0,[StatementsData_logId:2,true]
6429001,406,2:6:13,0,[StatementsData_logId:2,2]
6429001,412,2:6:17,0,[StatementsData_logId:2]
6429001,413,2:6:20,0,[StatementsData_logId:2,DuelResponsesData_logId:3]
6429001,414,2:6:21,0,[StatementsData_logId:2,DuelResponsesData_logId:3]
6429001,415,2:6:23,0,[StatementsData_logId:2,DuelResponsesData_logId:3,DuelResponsesData_ok_player_response]
6429001,416,2:6:24,0,[StatementsData_logId:2,DuelResponsesData_logId:3]
6429001,417,2:6:24,0,[StatementsData_logId:2,DuelResponsesData_logId:3]
6429001,413,2:6:25,0,[StatementsData_logId:2,DuelResponsesData_logId:4]
6429001,414,2:6:26,0,[StatementsData_logId:2,DuelResponsesData_logId:4]
6429001,415,2:6:28,0,[StatementsData_logId:2,DuelResponsesData_logId:4,DuelResponsesData_lame_player_response]
6429001,416,2:6:29,0,[StatementsData_logId:2,DuelResponsesData_logId:4]
6429001,417,2:6:30,0,[StatementsData_logId:2,DuelResponsesData_logId:4]
6429001,413,2:6:36,0,[StatementsData_logId:2,DuelResponsesData_logId:5]
6429001,414,2:6:36,0,[StatementsData_logId:2,DuelResponsesData_logId:5]
6429001,415,2:6:38,0,[StatementsData_logId:2,DuelResponsesData_logId:5,DuelResponsesData_witty_player_response]
6429001,416,2:6:38,0,[StatementsData_logId:2,DuelResponsesData_logId:5]
6429001,417,2:6:39,0,[StatementsData_logId:2,DuelResponsesData_logId:5]
6429001,418,2:6:39,0,[StatementsData_logId:2,false]
6429001,419,2:6:41,0,[StatementsData_logId:2,-4]
6429001,411,2:6:42,0,[StatementsData_logId:2]
6429001,401,2:6:43,0,[StatementsData_logId:3]
6429001,404,2:6:46,0,[StatementsData_logId:3,false]
6429001,405,2:6:47,0,[StatementsData_logId:3]
6429001,1003,2:7:44,0
6429001,1004,2:7:45,0
6429001,400,2:7:48,0,[]
6429001,401,2:7:49,0,[StatementsData_logId:0]
6429001,403,2:7:50,0,[StatementsData_logId:0,true]
6429001,405,2:7:52,0,[StatementsData_logId:0]
6429001,406,2:7:52,0,[StatementsData_logId:0,2]
6429001,407,2:7:52,0,[StatementsData_logId:0,FactCardData_id:0]
6429001,407,2:7:52,0,[StatementsData_logId:0,FactCardData_id:3]
6429001,407,2:7:52,0,[StatementsData_logId:0,FactCardData_id:5]
6429001,407,2:7:52,0,[StatementsData_logId:0,FactCardData_id:4]
6429001,407,2:7:52,0,[StatementsData_logId:0,FactCardData_id:7]
6429001,407,2:7:52,0,[StatementsData_logId:0,FactCardData_id:6]
6429001,407,2:7:55,0,[StatementsData_logId:0,FactCardData_id:6]
6429001,407,2:7:55,0,[StatementsData_logId:0,FactCardData_id:6]
6429001,408,2:7:55,0,[StatementsData_logId:0,FactCardData_id:6,true]
6429001,409,2:7:55,0,[StatementsData_logId:0]
6429001,410,2:7:56,0,[StatementsData_logId:0,2]
6429001,412,2:7:59,0,[StatementsData_logId:0]
6429001,413,2:8:0,0,[StatementsData_logId:0,DuelResponsesData_logId:0]
6429001,414,2:8:1,0,[StatementsData_logId:0,DuelResponsesData_logId:0]
6429001,415,2:8:2,0,[StatementsData_logId:0,DuelResponsesData_logId:0,DuelResponsesData_witty_player_response]
6429001,416,2:8:3,0,[StatementsData_logId:0,DuelResponsesData_logId:0]
6429001,417,2:8:3,0,[StatementsData_logId:0,DuelResponsesData_logId:0]
6429001,413,2:8:4,0,[StatementsData_logId:0,DuelResponsesData_logId:1]
6429001,414,2:8:5,0,[StatementsData_logId:0,DuelResponsesData_logId:1]
6429001,415,2:8:6,0,[StatementsData_logId:0,DuelResponsesData_logId:1,DuelResponsesData_ok_player_response]
6429001,416,2:8:7,0,[StatementsData_logId:0,DuelResponsesData_logId:1]
6429001,417,2:8:8,0,[StatementsData_logId:0,DuelResponsesData_logId:1]
6429001,413,2:8:8,0,[StatementsData_logId:0,DuelResponsesData_logId:2]
6429001,414,2:8:9,0,[StatementsData_logId:0,DuelResponsesData_logId:2]
6429001,415,2:8:11,0,[StatementsData_logId:0,DuelResponsesData_logId:2,DuelResponsesData_witty_player_response]
6429001,416,2:8:12,0,[StatementsData_logId:0,DuelResponsesData_logId:2]
6429001,417,2:8:13,0,[StatementsData_logId:0,DuelResponsesData_logId:2]
6429001,418,2:8:13,0,[StatementsData_logId:0,true]
6429001,419,2:8:16,0,[StatementsData_logId:0,4]
6429001,411,2:8:18,0,[StatementsData_logId:0]
6429001,401,2:8:20,0,[StatementsData_logId:1]
6429001,402,2:8:23,0,[StatementsData_logId:1,true]
6429001,405,2:8:23,0,[StatementsData_logId:1]
6429001,406,2:8:24,0,[StatementsData_logId:1,2]
6429001,411,2:8:26,0,[StatementsData_logId:1]
6429001,401,2:8:26,0,[StatementsData_logId:2]
6429001,404,2:8:27,0,[StatementsData_logId:2,true]
6429001,406,2:8:28,0,[StatementsData_logId:2,2]
6429001,412,2:8:29,0,[StatementsData_logId:2]
6429001,413,2:8:31,0,[StatementsData_logId:2,DuelResponsesData_logId:3]
6429001,414,2:8:31,0,[StatementsData_logId:2,DuelResponsesData_logId:3]
6429001,415,2:8:34,0,[StatementsData_logId:2,DuelResponsesData_logId:3,DuelResponsesData_ok_player_response]
6429001,416,2:8:35,0,[StatementsData_logId:2,DuelResponsesData_logId:3]
6429001,417,2:8:36,0,[StatementsData_logId:2,DuelResponsesData_logId:3]
6429001,413,2:8:37,0,[StatementsData_logId:2,DuelResponsesData_logId:4]
6429001,414,2:8:38,0,[StatementsData_logId:2,DuelResponsesData_logId:4]
6429001,415,2:8:41,0,[StatementsData_logId:2,DuelResponsesData_logId:4,DuelResponsesData_witty_player_response]
6429001,416,2:8:42,0,[StatementsData_logId:2,DuelResponsesData_logId:4]
6429001,417,2:8:42,0,[StatementsData_logId:2,DuelResponsesData_logId:4]
6429001,413,2:8:43,0,[StatementsData_logId:2,DuelResponsesData_logId:5]
6429001,414,2:8:44,0,[StatementsData_logId:2,DuelResponsesData_logId:5]
6429001,415,2:8:45,0,[StatementsData_logId:2,DuelResponsesData_logId:5,DuelResponsesData_witty_player_response]
6429001,416,2:8:46,0,[StatementsData_logId:2,DuelResponsesData_logId:5]
6429001,417,2:8:46,0,[StatementsData_logId:2,DuelResponsesData_logId:5]
6429001,418,2:8:46,0,[StatementsData_logId:2,true]
6429001,419,2:8:48,0,[StatementsData_logId:2,4]
6429001,411,2:8:49,0,[StatementsData_logId:2]
6429001,401,2:8:50,0,[StatementsData_logId:3]
6429001,404,2:8:57,0,[StatementsData_logId:3,false]
6429001,405,2:8:57,0,[StatementsData_logId:3]
6429001,406,2:8:59,0,[StatementsData_logId:3,-2]
6429001,411,2:9:1,0,[StatementsData_logId:3]
6429001,401,2:9:2,0,[StatementsData_logId:4]
6429001,402,2:9:3,0,[StatementsData_logId:4,true]
6429001,405,2:9:3,0,[StatementsData_logId:4]
6429001,406,2:9:4,0,[StatementsData_logId:4,2]
6429001,411,2:9:5,0,[StatementsData_logId:4]
6429001,401,2:9:6,0,[StatementsData_logId:5]
6429001,404,2:9:8,0,[StatementsData_logId:5,true]
6429001,406,2:9:9,0,[StatementsData_logId:5,2]
6429001,412,2:9:11,0,[StatementsData_logId:5]
6429001,413,2:9:13,0,[StatementsData_logId:5,DuelResponsesData_logId:9]
6429001,414,2:9:14,0,[StatementsData_logId:5,DuelResponsesData_logId:9]
6429001,415,2:9:16,0,[StatementsData_logId:5,DuelResponsesData_logId:9,DuelResponsesData_witty_player_response]
6429001,416,2:9:17,0,[StatementsData_logId:5,DuelResponsesData_logId:9]
6429001,417,2:9:17,0,[StatementsData_logId:5,DuelResponsesData_logId:9]
6429001,413,2:9:19,0,[StatementsData_logId:5,DuelResponsesData_logId:10]
6429001,414,2:9:20,0,[StatementsData_logId:5,DuelResponsesData_logId:10]
6429001,415,2:9:35,0,[StatementsData_logId:5,DuelResponsesData_logId:10,DuelResponsesData_witty_player_response]
6429001,416,2:9:35,0,[StatementsData_logId:5,DuelResponsesData_logId:10]
6429001,417,2:9:36,0,[StatementsData_logId:5,DuelResponsesData_logId:10]
6429001,413,2:9:38,0,[StatementsData_logId:5,DuelResponsesData_logId:11]
6429001,414,2:9:39,0,[StatementsData_logId:5,DuelResponsesData_logId:11]
6429001,415,2:9:43,0,[StatementsData_logId:5,DuelResponsesData_logId:11,DuelResponsesData_witty_player_response]
6429001,416,2:9:43,0,[StatementsData_logId:5,DuelResponsesData_logId:11]
6429001,417,2:9:44,0,[StatementsData_logId:5,DuelResponsesData_logId:11]
6429001,418,2:9:44,0,[StatementsData_logId:5,true]
6429001,419,2:9:46,0,[StatementsData_logId:5,4]
6429001,411,2:9:47,0,[StatementsData_logId:5]
6429001,420,2:9:47,0,[54]
6429001,1000,2:9:51,0,[]
6429001,400,2:9:52,0,[]
6429001,401,2:9:52,0,[StatementsData_logId:0]
6429001,403,2:9:53,0,[StatementsData_logId:0,true]
6429001,405,2:9:54,0,[StatementsData_logId:0]
6429001,406,2:9:55,0,[StatementsData_logId:0,2]
6429001,407,2:9:55,0,[StatementsData_logId:0,FactCardData_id:4]
6429001,407,2:9:55,0,[StatementsData_logId:0,FactCardData_id:7]
6429001,407,2:9:55,0,[StatementsData_logId:0,FactCardData_id:6]
6429001,407,2:9:55,0,[StatementsData_logId:0,FactCardData_id:5]
6429001,407,2:9:55,0,[StatementsData_logId:0,FactCardData_id:0]
6429001,407,2:9:55,0,[StatementsData_logId:0,FactCardData_id:3]
6429001,407,2:9:57,0,[StatementsData_logId:0,FactCardData_id:6]
6429001,407,2:9:57,0,[StatementsData_logId:0,FactCardData_id:6]
6429001,408,2:9:57,0,[StatementsData_logId:0,FactCardData_id:6,true]
6429001,409,2:9:57,0,[StatementsData_logId:0]
6429001,410,2:9:58,0,[StatementsData_logId:0,2]
6429001,412,2:9:59,0,[StatementsData_logId:0]
6429001,413,2:10:0,0,[StatementsData_logId:0,DuelResponsesData_logId:0]
6429001,414,2:10:0,0,[StatementsData_logId:0,DuelResponsesData_logId:0]
6429001,415,2:10:1,0,[StatementsData_logId:0,DuelResponsesData_logId:0,DuelResponsesData_witty_player_response]
6429001,416,2:10:2,0,[StatementsData_logId:0,DuelResponsesData_logId:0]
6429001,417,2:10:2,0,[StatementsData_logId:0,DuelResponsesData_logId:0]
6429001,413,2:10:3,0,[StatementsData_logId:0,DuelResponsesData_logId:1]
6429001,414,2:10:4,0,[StatementsData_logId:0,DuelResponsesData_logId:1]
6429001,415,2:10:6,0,[StatementsData_logId:0,DuelResponsesData_logId:1,DuelResponsesData_ok_player_response]
6429001,416,2:10:6,0,[StatementsData_logId:0,DuelResponsesData_logId:1]
6429001,417,2:10:7,0,[StatementsData_logId:0,DuelResponsesData_logId:1]
6429001,413,2:10:7,0,[StatementsData_logId:0,DuelResponsesData_logId:2]
6429001,414,2:10:8,0,[StatementsData_logId:0,DuelResponsesData_logId:2]
6429001,415,2:10:10,0,[StatementsData_logId:0,DuelResponsesData_logId:2,DuelResponsesData_witty_player_response]
6429001,416,2:10:11,0,[StatementsData_logId:0,DuelResponsesData_logId:2]
6429001,417,2:10:11,0,[StatementsData_logId:0,DuelResponsesData_logId:2]
6429001,418,2:10:11,0,[StatementsData_logId:0,true]
6429001,419,2:10:14,0,[StatementsData_logId:0,4]
6429001,411,2:10:15,0,[StatementsData_logId:0]
6429001,401,2:10:17,0,[StatementsData_logId:1]
6429001,402,2:10:18,0,[StatementsData_logId:1,true]
6429001,405,2:10:18,0,[StatementsData_logId:1]
6429001,406,2:10:19,0,[StatementsData_logId:1,2]
6429001,411,2:10:20,0,[StatementsData_logId:1]
6429001,401,2:10:21,0,[StatementsData_logId:2]
6429001,404,2:10:22,0,[StatementsData_logId:2,true]
6429001,406,2:10:22,0,[StatementsData_logId:2,2]
6429001,412,2:10:23,0,[StatementsData_logId:2]
6429001,413,2:10:24,0,[StatementsData_logId:2,DuelResponsesData_logId:3]
6429001,414,2:10:25,0,[StatementsData_logId:2,DuelResponsesData_logId:3]
6429001,415,2:10:34,0,[StatementsData_logId:2,DuelResponsesData_logId:3,DuelResponsesData_witty_player_response]
6429001,416,2:10:35,0,[StatementsData_logId:2,DuelResponsesData_logId:3]
6429001,417,2:10:42,0,[StatementsData_logId:2,DuelResponsesData_logId:3]
6429001,413,2:10:44,0,[StatementsData_logId:2,DuelResponsesData_logId:4]
6429001,414,2:10:45,0,[StatementsData_logId:2,DuelResponsesData_logId:4]
6429001,415,2:10:47,0,[StatementsData_logId:2,DuelResponsesData_logId:4,DuelResponsesData_witty_player_response]
6429001,416,2:10:47,0,[StatementsData_logId:2,DuelResponsesData_logId:4]
6429001,417,2:10:48,0,[StatementsData_logId:2,DuelResponsesData_logId:4]
6429001,413,2:10:49,0,[StatementsData_logId:2,DuelResponsesData_logId:5]
6429001,414,2:10:49,0,[StatementsData_logId:2,DuelResponsesData_logId:5]
6429001,415,2:11:5,0,[StatementsData_logId:2,DuelResponsesData_logId:5,DuelResponsesData_witty_player_response]
6429001,416,2:11:6,0,[StatementsData_logId:2,DuelResponsesData_logId:5]
6429001,417,2:11:7,0,[StatementsData_logId:2,DuelResponsesData_logId:5]
6429001,418,2:11:7,0,[StatementsData_logId:2,true]
6429001,419,2:11:8,0,[StatementsData_logId:2,4]
6429001,411,2:11:9,0,[StatementsData_logId:2]
6429001,401,2:11:10,0,[StatementsData_logId:3]
6429001,403,2:11:11,0,[StatementsData_logId:3,true]
6429001,405,2:11:11,0,[StatementsData_logId:3]
6429001,406,2:11:12,0,[StatementsData_logId:3,2]
6429001,407,2:11:12,0,[StatementsData_logId:3,FactCardData_id:3]
6429001,407,2:11:12,0,[StatementsData_logId:3,FactCardData_id:6]
6429001,407,2:11:12,0,[StatementsData_logId:3,FactCardData_id:7]
6429001,407,2:11:12,0,[StatementsData_logId:3,FactCardData_id:5]
6429001,407,2:11:12,0,[StatementsData_logId:3,FactCardData_id:4]
6429001,407,2:11:12,0,[StatementsData_logId:3,FactCardData_id:0]
6429001,407,2:11:21,0,[StatementsData_logId:3,FactCardData_id:3]
6429001,407,2:11:21,0,[StatementsData_logId:3,FactCardData_id:3]
6429001,407,2:11:23,0,[StatementsData_logId:3,FactCardData_id:7]
6429001,407,2:11:23,0,[StatementsData_logId:3,FactCardData_id:3]
6429001,407,2:11:23,0,[StatementsData_logId:3,FactCardData_id:7]
6429001,407,2:11:27,0,[StatementsData_logId:3,FactCardData_id:3]
6429001,407,2:11:27,0,[StatementsData_logId:3,FactCardData_id:7]
6429001,407,2:11:27,0,[StatementsData_logId:3,FactCardData_id:3]
6429001,408,2:11:34,0,[StatementsData_logId:3,FactCardData_id:3,false]
6429001,406,2:11:37,0,[StatementsData_logId:3,-2]
6429001,411,2:11:39,0,[StatementsData_logId:3]
6429001,401,2:11:40,0,[StatementsData_logId:4]
6429001,402,2:11:41,0,[StatementsData_logId:4,true]
6429001,405,2:11:41,0,[StatementsData_logId:4]
6429001,406,2:11:42,0,[StatementsData_logId:4,2]
6429001,411,2:11:43,0,[StatementsData_logId:4]
6429001,401,2:11:44,0,[StatementsData_logId:5]
6429001,404,2:11:45,0,[StatementsData_logId:5,true]
6429001,406,2:11:45,0,[StatementsData_logId:5,2]
6429001,412,2:11:46,0,[StatementsData_logId:5]
6429001,413,2:11:47,0,[StatementsData_logId:5,DuelResponsesData_logId:9]
6429001,414,2:11:47,0,[StatementsData_logId:5,DuelResponsesData_logId:9]
6429001,415,2:11:51,0,[StatementsData_logId:5,DuelResponsesData_logId:9,DuelResponsesData_witty_player_response]
6429001,416,2:11:51,0,[StatementsData_logId:5,DuelResponsesData_logId:9]
6429001,417,2:11:52,0,[StatementsData_logId:5,DuelResponsesData_logId:9]
6429001,413,2:11:52,0,[StatementsData_logId:5,DuelResponsesData_logId:10]
6429001,414,2:11:53,0,[StatementsData_logId:5,DuelResponsesData_logId:10]
6429001,415,2:12:2,0,[StatementsData_logId:5,DuelResponsesData_logId:10,DuelResponsesData_lame_player_response]
6429001,416,2:12:3,0,[StatementsData_logId:5,DuelResponsesData_logId:10]
6429001,417,2:12:3,0,[StatementsData_logId:5,DuelResponsesData_logId:10]
6429001,413,2:12:4,0,[StatementsData_logId:5,DuelResponsesData_logId:11]
6429001,414,2:12:4,0,[StatementsData_logId:5,DuelResponsesData_logId:11]
6429001,415,2:12:5,0,[StatementsData_logId:5,DuelResponsesData_logId:11,DuelResponsesData_lame_player_response]
6429001,416,2:12:6,0,[StatementsData_logId:5,DuelResponsesData_logId:11]
6429001,417,2:12:6,0,[StatementsData_logId:5,DuelResponsesData_logId:11]
6429001,418,2:12:6,0,[StatementsData_logId:5,false]
6429001,419,2:12:6,0,[StatementsData_logId:5,-4]
6429001,411,2:12:7,0,[StatementsData_logId:5]
6429001,420,2:12:7,0,[48]
6429001,1000,2:12:8,0,[]
6429001,400,2:12:9,0,[]
6429001,401,2:12:11,0,[StatementsData_logId:0]
6429001,403,2:12:14,0,[StatementsData_logId:0,true]
6429001,405,2:12:14,0,[StatementsData_logId:0]
6429001,406,2:12:15,0,[StatementsData_logId:0,2]
6429001,407,2:12:15,0,[StatementsData_logId:0,FactCardData_id:3]
6429001,407,2:12:15,0,[StatementsData_logId:0,FactCardData_id:6]
6429001,407,2:12:15,0,[StatementsData_logId:0,FactCardData_id:0]
6429001,407,2:12:15,0,[StatementsData_logId:0,FactCardData_id:7]
6429001,407,2:12:15,0,[StatementsData_logId:0,FactCardData_id:4]
6429001,407,2:12:15,0,[StatementsData_logId:0,FactCardData_id:5]
6429001,407,2:12:21,0,[StatementsData_logId:0,FactCardData_id:6]
6429001,407,2:12:21,0,[StatementsData_logId:0,FactCardData_id:6]
6429001,408,2:12:22,0,[StatementsData_logId:0,FactCardData_id:6,true]
6429001,409,2:12:22,0,[StatementsData_logId:0]
6429001,410,2:12:24,0,[StatementsData_logId:0,2]
6429001,412,2:12:26,0,[StatementsData_logId:0]
6429001,413,2:12:27,0,[StatementsData_logId:0,DuelResponsesData_logId:0]
6429001,414,2:12:28,0,[StatementsData_logId:0,DuelResponsesData_logId:0]
6429001,415,2:12:29,0,[StatementsData_logId:0,DuelResponsesData_logId:0,DuelResponsesData_witty_player_response]
6429001,416,2:12:30,0,[StatementsData_logId:0,DuelResponsesData_logId:0]
6429001,417,2:12:30,0,[StatementsData_logId:0,DuelResponsesData_logId:0]
6429001,413,2:12:31,0,[StatementsData_logId:0,DuelResponsesData_logId:1]
6429001,414,2:12:32,0,[StatementsData_logId:0,DuelResponsesData_logId:1]
6429001,415,2:12:33,0,[StatementsData_logId:0,DuelResponsesData_logId:1,DuelResponsesData_ok_player_response]
6429001,416,2:12:34,0,[StatementsData_logId:0,DuelResponsesData_logId:1]
6429001,417,2:12:34,0,[StatementsData_logId:0,DuelResponsesData_logId:1]
6429001,413,2:12:35,0,[StatementsData_logId:0,DuelResponsesData_logId:2]
6429001,414,2:12:35,0,[StatementsData_logId:0,DuelResponsesData_logId:2]
6429001,415,2:12:36,0,[StatementsData_logId:0,DuelResponsesData_logId:2,DuelResponsesData_witty_player_response]
6429001,416,2:12:37,0,[StatementsData_logId:0,DuelResponsesData_logId:2]
6429001,417,2:12:37,0,[StatementsData_logId:0,DuelResponsesData_logId:2]
6429001,418,2:12:37,0,[StatementsData_logId:0,true]
6429001,419,2:12:41,0,[StatementsData_logId:0,4]
6429001,411,2:12:43,0,[StatementsData_logId:0]
6429001,401,2:12:44,0,[StatementsData_logId:1]
6429001,402,2:12:45,0,[StatementsData_logId:1,true]
6429001,405,2:12:46,0,[StatementsData_logId:1]
6429001,406,2:12:46,0,[StatementsData_logId:1,2]
6429001,411,2:12:47,0,[StatementsData_logId:1]
6429001,401,2:12:49,0,[StatementsData_logId:2]
6429001,404,2:12:49,0,[StatementsData_logId:2,true]
6429001,406,2:12:49,0,[StatementsData_logId:2,2]
6429001,412,2:12:51,0,[StatementsData_logId:2]
6429001,413,2:12:57,0,[StatementsData_logId:2,DuelResponsesData_logId:3]
6429001,414,2:12:57,0,[StatementsData_logId:2,DuelResponsesData_logId:3]
6429001,415,2:12:59,0,[StatementsData_logId:2,DuelResponsesData_logId:3,DuelResponsesData_ok_player_response]
6429001,416,2:13:0,0,[StatementsData_logId:2,DuelResponsesData_logId:3]
6429001,417,2:13:0,0,[StatementsData_logId:2,DuelResponsesData_logId:3]
6429001,413,2:13:1,0,[StatementsData_logId:2,DuelResponsesData_logId:4]
6429001,414,2:13:2,0,[StatementsData_logId:2,DuelResponsesData_logId:4]
6429001,415,2:13:3,0,[StatementsData_logId:2,DuelResponsesData_logId:4,DuelResponsesData_witty_player_response]
6429001,416,2:13:4,0,[StatementsData_logId:2,DuelResponsesData_logId:4]
6429001,417,2:13:4,0,[StatementsData_logId:2,DuelResponsesData_logId:4]
6429001,413,2:13:5,0,[StatementsData_logId:2,DuelResponsesData_logId:5]
6429001,414,2:13:5,0,[StatementsData_logId:2,DuelResponsesData_logId:5]
6429001,415,2:13:9,0,[StatementsData_logId:2,DuelResponsesData_logId:5,DuelResponsesData_witty_player_response]
6429001,416,2:13:10,0,[StatementsData_logId:2,DuelResponsesData_logId:5]
6429001,417,2:13:10,0,[StatementsData_logId:2,DuelResponsesData_logId:5]
6429001,418,2:13:10,0,[StatementsData_logId:2,true]
6429001,419,2:13:15,0,[StatementsData_logId:2,4]
6429001,411,2:13:20,0,[StatementsData_logId:2]
6429001,401,2:13:21,0,[StatementsData_logId:3]
6429001,403,2:13:21,0,[StatementsData_logId:3,true]
6429001,405,2:13:22,0,[StatementsData_logId:3]
6429001,406,2:13:23,0,[StatementsData_logId:3,2]
6429001,407,2:13:23,0,[StatementsData_logId:3,FactCardData_id:6]
6429001,407,2:13:23,0,[StatementsData_logId:3,FactCardData_id:0]
6429001,407,2:13:23,0,[StatementsData_logId:3,FactCardData_id:4]
6429001,407,2:13:23,0,[StatementsData_logId:3,FactCardData_id:3]
6429001,407,2:13:23,0,[StatementsData_logId:3,FactCardData_id:7]
6429001,407,2:13:23,0,[StatementsData_logId:3,FactCardData_id:5]
6429001,407,2:13:25,0,[StatementsData_logId:3,FactCardData_id:0]
6429001,407,2:13:25,0,[StatementsData_logId:3,FactCardData_id:0]
6429001,407,2:13:29,0,[StatementsData_logId:3,FactCardData_id:5]
6429001,407,2:13:29,0,[StatementsData_logId:3,FactCardData_id:0]
6429001,407,2:13:29,0,[StatementsData_logId:3,FactCardData_id:5]
6429001,407,2:13:30,0,[StatementsData_logId:3,FactCardData_id:0]
6429001,407,2:13:30,0,[StatementsData_logId:3,FactCardData_id:5]
6429001,407,2:13:30,0,[StatementsData_logId:3,FactCardData_id:0]
6429001,408,2:13:31,0,[StatementsData_logId:3,FactCardData_id:0,true]
6429001,409,2:13:31,0,[StatementsData_logId:3]
6429001,410,2:13:33,0,[StatementsData_logId:3,2]
6429001,412,2:13:36,0,[StatementsData_logId:3]
6429001,413,2:13:41,0,[StatementsData_logId:3,DuelResponsesData_logId:6]
6429001,414,2:13:42,0,[StatementsData_logId:3,DuelResponsesData_logId:6]
6429001,415,2:13:46,0,[StatementsData_logId:3,DuelResponsesData_logId:6,DuelResponsesData_witty_player_response]
6429001,416,2:13:46,0,[StatementsData_logId:3,DuelResponsesData_logId:6]
6429001,417,2:13:47,0,[StatementsData_logId:3,DuelResponsesData_logId:6]
6429001,413,2:13:47,0,[StatementsData_logId:3,DuelResponsesData_logId:7]
6429001,414,2:13:51,0,[StatementsData_logId:3,DuelResponsesData_logId:7]
6429001,415,2:13:58,0,[StatementsData_logId:3,DuelResponsesData_logId:7,DuelResponsesData_witty_player_response]
6429001,416,2:13:59,0,[StatementsData_logId:3,DuelResponsesData_logId:7]
6429001,417,2:13:59,0,[StatementsData_logId:3,DuelResponsesData_logId:7]
6429001,413,2:14:0,0,[StatementsData_logId:3,DuelResponsesData_logId:8]
6429001,414,2:14:1,0,[StatementsData_logId:3,DuelResponsesData_logId:8]
6429001,415,2:14:6,0,[StatementsData_logId:3,DuelResponsesData_logId:8,DuelResponsesData_ok_player_response]
6429001,416,2:14:7,0,[StatementsData_logId:3,DuelResponsesData_logId:8]
6429001,417,2:14:8,0,[StatementsData_logId:3,DuelResponsesData_logId:8]
6429001,418,2:14:8,0,[StatementsData_logId:3,true]
6429001,419,2:14:10,0,[StatementsData_logId:3,4]
6429001,411,2:14:11,0,[StatementsData_logId:3]
6429001,401,2:14:12,0,[StatementsData_logId:4]
6429001,402,2:14:12,0,[StatementsData_logId:4,true]
6429001,405,2:14:13,0,[StatementsData_logId:4]
6429001,406,2:14:15,0,[StatementsData_logId:4,2]
6429001,411,2:14:15,0,[StatementsData_logId:4]
6429001,401,2:14:17,0,[StatementsData_logId:5]
6429001,404,2:14:18,0,[StatementsData_logId:5,true]
6429001,406,2:14:20,0,[StatementsData_logId:5,2]
6429001,412,2:14:20,0,[StatementsData_logId:5]
6429001,413,2:14:21,0,[StatementsData_logId:5,DuelResponsesData_logId:9]
6429001,414,2:14:22,0,[StatementsData_logId:5,DuelResponsesData_logId:9]
6429001,415,2:14:24,0,[StatementsData_logId:5,DuelResponsesData_logId:9,DuelResponsesData_witty_player_response]
6429001,416,2:14:24,0,[StatementsData_logId:5,DuelResponsesData_logId:9]
6429001,417,2:14:25,0,[StatementsData_logId:5,DuelResponsesData_logId:9]
6429001,413,2:14:26,0,[StatementsData_logId:5,DuelResponsesData_logId:10]
6429001,414,2:14:26,0,[StatementsData_logId:5,DuelResponsesData_logId:10]
6429001,415,2:14:36,0,[StatementsData_logId:5,DuelResponsesData_logId:10,DuelResponsesData_witty_player_response]
6429001,416,2:14:36,0,[StatementsData_logId:5,DuelResponsesData_logId:10]
6429001,417,2:14:37,0,[StatementsData_logId:5,DuelResponsesData_logId:10]
6429001,413,2:14:38,0,[StatementsData_logId:5,DuelResponsesData_logId:11]
6429001,414,2:14:39,0,[StatementsData_logId:5,DuelResponsesData_logId:11]
6429001,415,2:14:43,0,[StatementsData_logId:5,DuelResponsesData_logId:11,DuelResponsesData_witty_player_response]
6429001,416,2:14:44,0,[StatementsData_logId:5,DuelResponsesData_logId:11]
6429001,417,2:14:44,0,[StatementsData_logId:5,DuelResponsesData_logId:11]
6429001,418,2:14:44,0,[StatementsData_logId:5,true]
6429001,419,2:14:47,0,[StatementsData_logId:5,4]
6429001,411,2:14:48,0,[StatementsData_logId:5]
6429001,420,2:14:48,0,[64]
6429001,1005,2:14:48,0,[0,2,3]
6429001,1001,2:14:59,0,[]
6429001,1003,2:14:59,0
6429001,100,2:15:3,0
6429001,102,2:15:4,0
6429001,200,2:15:4,0,3,3,3,0,6
6429001,212,2:15:8,0
6429001,210,2:15:9,1108,428
6429001,211,2:15:11,987,469
6429001,213,2:15:11,0,c_bestFriend_M_a_G7a1P,true
6429001,205,2:15:11,0,c_bestFriend_M_a_G7a1P,false,false
6429001,221,2:15:23,0
6429001,220,2:15:23,0
6429001,203,2:15:23,0
6429001,100,2:15:31,1
6429001,102,2:15:33,1
6429001,200,2:15:33,1,3,3,3,0,6
6429001,219,2:15:33,1
6429001,216,2:15:34,Stack_G7b0
6429001,217,2:15:58,Stack_G7b0,21,0.00
6429001,218,2:16:5,1
6429001,210,2:16:9,1210,446
6429001,211,2:16:12,1300,496
6429001,212,2:16:13,2
6429001,210,2:16:13,1363,500
6429001,207,2:16:17,1,-500,0
6429001,211,2:16:18,255,444
6429001,212,2:16:19,1
6429001,210,2:16:20,430,453
6429001,211,2:16:21,202,501
6429001,213,2:16:21,1,c_kidSister_cauc_a_G7b0,true
6429001,205,2:16:21,1,c_kidSister_cauc_a_G7b0,false,false
6429001,210,2:16:25,526,354
6429001,211,2:16:26,436,310
6429001,213,2:16:26,1,c_cousinsBrother_a_G7b0,true
6429001,210,2:16:31,560,154
6429001,211,2:16:33,544,147
6429001,213,2:16:33,1,s_lifeguard_G7b0,true
6429001,210,2:16:36,469,384
6429001,211,2:16:38,308,463
6429001,212,2:16:39,2
6429001,210,2:16:40,496,404
6429001,211,2:16:43,312,448
6429001,213,2:16:43,1,c_cousinsBrothersFriend_a_G7b0,true
6429001,210,2:16:46,576,133
6429001,207,2:16:49,1,0,-720
6429001,211,2:16:49,1035,467
6429001,213,2:16:49,1,c_crewKid1_M_G7b0,false
6429001,1003,2:16:53,2
6429001,1004,2:16:54,1
6429001,900,2:16:56,1,[]
6429001,901,2:17:6,1,[PeopleData_id:4]
6429001,904,2:17:6,1,[PeopleData_id:4]
6429001,901,2:17:7,1,[PeopleData_id:4]
6429001,904,2:17:7,1,[PeopleData_id:4]
6429001,902,2:17:8,1,[PeopleData_id:4,PeopleData_data0Type]
6429001,902,2:17:14,1,[PeopleData_id:4,PeopleData_data1Type]
6429001,902,2:17:16,1,[PeopleData_id:4,PeopleData_data2Type]
6429001,902,2:17:20,1,[PeopleData_id:4,PeopleData_data3Type]
6429001,903,2:17:22,1,[PeopleData_id4,PeopleData_data3Type]
6429001,901,2:17:23,1,[PeopleData_id:4]
6429001,904,2:17:23,1,[PeopleData_id:4]
6429001,905,2:17:24,1,[PeopleData_id:4,RankTypes_id:-1,RankTypes_id:3]
6429001,901,2:17:25,1,[PeopleData_id:5]
6429001,901,2:17:26,1,[PeopleData_id:0]
6429001,902,2:17:27,1,[PeopleData_id:0,PeopleData_data0Type]
6429001,902,2:17:30,1,[PeopleData_id:0,PeopleData_data1Type]
6429001,902,2:17:32,1,[PeopleData_id:0,PeopleData_data2Type]
6429001,903,2:17:36,1,[PeopleData_id0,PeopleData_data2Type]
6429001,901,2:17:37,1,[PeopleData_id:0]
6429001,904,2:17:37,1,[PeopleData_id:0]
6429001,905,2:17:38,1,[PeopleData_id:0,RankTypes_id:-1,RankTypes_id:1]
6429001,901,2:17:39,1,[PeopleData_id:1]
6429001,902,2:17:40,1,[PeopleData_id:1,PeopleData_data0Type]
6429001,902,2:17:43,1,[PeopleData_id:1,PeopleData_data1Type]
6429001,902,2:17:46,1,[PeopleData_id:1,PeopleData_data2Type]
6429001,902,2:17:47,1,[PeopleData_id:1,PeopleData_data3Type]
6429001,903,2:17:50,1,[PeopleData_id1,PeopleData_data3Type]
6429001,901,2:17:50,1,[PeopleData_id:1]
6429001,904,2:17:51,1,[PeopleData_id:1]
6429001,905,2:17:53,1,[PeopleData_id:1,RankTypes_id:-1,RankTypes_id:3]
6429001,901,2:17:53,1,[PeopleData_id:5]
6429001,902,2:17:54,1,[PeopleData_id:5,PeopleData_data0Type]
6429001,902,2:17:57,1,[PeopleData_id:5,PeopleData_data1Type]
6429001,902,2:18:1,1,[PeopleData_id:5,PeopleData_data2Type]
6429001,903,2:18:3,1,[PeopleData_id5,PeopleData_data2Type]
6429001,901,2:18:4,1,[PeopleData_id:5]
6429001,904,2:18:4,1,[PeopleData_id:5]
6429001,905,2:18:4,1,[PeopleData_id:5,RankTypes_id:-1,RankTypes_id:3]
6429001,901,2:18:5,1,[PeopleData_id:2]
6429001,902,2:18:6,1,[PeopleData_id:2,PeopleData_data0Type]
6429001,902,2:18:10,1,[PeopleData_id:2,PeopleData_data1Type]
6429001,902,2:18:14,1,[PeopleData_id:2,PeopleData_data3Type]
6429001,902,2:18:15,1,[PeopleData_id:2,PeopleData_data2Type]
6429001,902,2:18:18,1,[PeopleData_id:2,PeopleData_data3Type]
6429001,903,2:18:21,1,[PeopleData_id2,PeopleData_data3Type]
6429001,901,2:18:22,1,[PeopleData_id:2]
6429001,904,2:18:22,1,[PeopleData_id:2]
6429001,905,2:18:23,1,[PeopleData_id:2,RankTypes_id:-1,RankTypes_id:1]
6429001,901,2:18:24,1,[PeopleData_id:6]
6429001,902,2:18:25,1,[PeopleData_id:6,PeopleData_data0Type]
6429001,902,2:18:28,1,[PeopleData_id:6,PeopleData_data1Type]
6429001,902,2:18:31,1,[PeopleData_id:6,PeopleData_data2Type]
6429001,902,2:18:33,1,[PeopleData_id:6,PeopleData_data3Type]
6429001,903,2:18:36,1,[PeopleData_id6,PeopleData_data3Type]
6429001,901,2:18:36,1,[PeopleData_id:6]
6429001,904,2:18:36,1,[PeopleData_id:6]
6429001,905,2:18:37,1,[PeopleData_id:6,RankTypes_id:-1,RankTypes_id:1]
6429001,901,2:18:37,1,[PeopleData_id:3]
6429001,904,2:18:37,1,[PeopleData_id:3]
6429001,902,2:18:41,1,[PeopleData_id:3,PeopleData_data0Type]
6429001,902,2:18:48,1,[PeopleData_id:3,PeopleData_data1Type]
6429001,902,2:18:53,1,[PeopleData_id:3,PeopleData_data2Type]
6429001,902,2:18:55,1,[PeopleData_id:3,PeopleData_data3Type]
6429001,903,2:19:0,1,[PeopleData_id3,PeopleData_data3Type]
6429001,901,2:19:1,1,[PeopleData_id:3]
6429001,904,2:19:1,1,[PeopleData_id:3]
6429001,905,2:19:2,1,[PeopleData_id:3,RankTypes_id:-1,RankTypes_id:1]
6429001,906,2:19:2,1,[]
6429001,907,2:19:3,1,[]
6429001,908,2:19:3,1,[InvitationData_id:3,PeopleData_id:4,RankTypes_id:3]
6429001,909,2:19:6,1,[InvitationData_id:3,PeopleData_id:4,RankTypes_id:3,1]
6429001,910,2:19:7,1,[InvitationData_id:3,7,false]
6429001,908,2:19:7,1,[InvitationData_id:8,PeopleData_id:5,RankTypes_id:3]
6429001,909,2:19:12,1,[InvitationData_id:8,PeopleData_id:5,RankTypes_id:3,0]
6429001,910,2:19:14,1,[InvitationData_id:8,-7,false]
6429001,908,2:19:14,1,[InvitationData_id:1,PeopleData_id:4,RankTypes_id:3]
6429001,909,2:19:17,1,[InvitationData_id:1,PeopleData_id:4,RankTypes_id:3,1]
6429001,910,2:19:18,1,[InvitationData_id:1,7,false]
6429001,908,2:19:18,1,[InvitationData_id:2,PeopleData_id:4,RankTypes_id:3]
6429001,909,2:19:20,1,[InvitationData_id:2,PeopleData_id:4,RankTypes_id:3,1]
6429001,910,2:19:21,1,[InvitationData_id:2,0,true]
6429001,908,2:19:21,1,[InvitationData_id:10,PeopleData_id:1,RankTypes_id:3]
6429001,909,2:19:24,1,[InvitationData_id:10,PeopleData_id:1,RankTypes_id:3,1]
6429001,910,2:19:25,1,[InvitationData_id:10,7,false]
6429001,908,2:19:25,1,[InvitationData_id:4,PeopleData_id:0,RankTypes_id:1]
6429001,909,2:19:37,1,[InvitationData_id:4,PeopleData_id:0,RankTypes_id:1,1]
6429001,910,2:19:39,1,[InvitationData_id:4,0,true]
6429001,908,2:19:39,1,[InvitationData_id:7,PeopleData_id:2,RankTypes_id:1]
6429001,909,2:19:41,1,[InvitationData_id:7,PeopleData_id:2,RankTypes_id:1,0]
6429001,910,2:19:42,1,[InvitationData_id:7,0,false]
6429001,908,2:19:42,1,[InvitationData_id:6,PeopleData_id:4,RankTypes_id:3]
6429001,909,2:19:46,1,[InvitationData_id:6,PeopleData_id:4,RankTypes_id:3,1]
6429001,910,2:19:47,1,[InvitationData_id:6,7,false]
6429001,908,2:19:47,1,[InvitationData_id:0,PeopleData_id:1,RankTypes_id:3]
6429001,909,2:19:50,1,[InvitationData_id:0,PeopleData_id:1,RankTypes_id:3,1]
6429001,910,2:19:50,1,[InvitationData_id:0,7,false]
6429001,908,2:19:50,1,[InvitationData_id:5,PeopleData_id:6,RankTypes_id:1]
6429001,909,2:19:54,1,[InvitationData_id:5,PeopleData_id:6,RankTypes_id:1,0]
6429001,910,2:19:55,1,[InvitationData_id:5,0,false]
6429001,908,2:19:55,1,[InvitationData_id:9,PeopleData_id:4,RankTypes_id:3]
6429001,909,2:19:57,1,[InvitationData_id:9,PeopleData_id:4,RankTypes_id:3,1]
6429001,910,2:20:2,1,[InvitationData_id:9,0,true]
6429001,912,2:20:4,1,[]
6429001,1000,2:20:5,1,[]
6429001,900,2:20:7,1,[]
6429001,901,2:20:9,1,[PeopleData_id:6]
6429001,902,2:20:10,1,[PeopleData_id:6,PeopleData_data0Type]
6429001,902,2:20:12,1,[PeopleData_id:6,PeopleData_data1Type]
6429001,902,2:20:14,1,[PeopleData_id:6,PeopleData_data2Type]
6429001,902,2:20:19,1,[PeopleData_id:6,PeopleData_data3Type]
6429001,903,2:20:20,1,[PeopleData_id6,PeopleData_data3Type]
6429001,901,2:20:21,1,[PeopleData_id:6]
6429001,904,2:20:21,1,[PeopleData_id:6]
6429001,905,2:20:21,1,[PeopleData_id:6,RankTypes_id:-1,RankTypes_id:1]
6429001,901,2:20:22,1,[PeopleData_id:6]
6429001,904,2:20:22,1,[PeopleData_id:6]
6429001,905,2:20:22,1,[PeopleData_id:6,RankTypes_id:1,RankTypes_id:2]
6429001,901,2:20:24,1,[PeopleData_id:1]
6429001,902,2:20:24,1,[PeopleData_id:1,PeopleData_data0Type]
6429001,902,2:20:26,1,[PeopleData_id:1,PeopleData_data1Type]
6429001,902,2:20:28,1,[PeopleData_id:1,PeopleData_data2Type]
6429001,902,2:20:29,1,[PeopleData_id:1,PeopleData_data3Type]
6429001,903,2:20:29,1,[PeopleData_id1,PeopleData_data3Type]
6429001,901,2:20:30,1,[PeopleData_id:1]
6429001,904,2:20:30,1,[PeopleData_id:1]
6429001,905,2:20:30,1,[PeopleData_id:1,RankTypes_id:-1,RankTypes_id:2]
6429001,901,2:20:31,1,[PeopleData_id:3]
6429001,901,2:20:31,1,[PeopleData_id:2]
6429001,901,2:20:33,1,[PeopleData_id:1]
6429001,904,2:20:33,1,[PeopleData_id:1]
6429001,905,2:20:33,1,[PeopleData_id:1,RankTypes_id:2,RankTypes_id:3]
6429001,901,2:20:34,1,[PeopleData_id:2]
6429001,902,2:20:35,1,[PeopleData_id:2,PeopleData_data0Type]
6429001,902,2:20:38,1,[PeopleData_id:2,PeopleData_data1Type]
6429001,902,2:20:39,1,[PeopleData_id:2,PeopleData_data1Type]
6429001,902,2:20:40,1,[PeopleData_id:2,PeopleData_data1Type]
6429001,902,2:20:43,1,[PeopleData_id:2,PeopleData_data2Type]
6429001,902,2:20:45,1,[PeopleData_id:2,PeopleData_data3Type]
6429001,903,2:20:47,1,[PeopleData_id2,PeopleData_data3Type]
6429001,901,2:20:47,1,[PeopleData_id:2]
6429001,904,2:20:47,1,[PeopleData_id:2]
6429001,905,2:20:52,1,[PeopleData_id:2,RankTypes_id:-1,RankTypes_id:0]
6429001,901,2:20:52,1,[PeopleData_id:5]
6429001,902,2:20:54,1,[PeopleData_id:5,PeopleData_data0Type]
6429001,902,2:20:58,1,[PeopleData_id:5,PeopleData_data1Type]
6429001,902,2:20:58,1,[PeopleData_id:5,PeopleData_data2Type]
6429001,902,2:20:59,1,[PeopleData_id:5,PeopleData_data2Type]
6429001,903,2:21:0,1,[PeopleData_id5,PeopleData_data2Type]
6429001,901,2:21:0,1,[PeopleData_id:5]
6429001,904,2:21:0,1,[PeopleData_id:5]
6429001,905,2:21:1,1,[PeopleData_id:5,RankTypes_id:-1,RankTypes_id:4]
6429001,901,2:21:2,1,[PeopleData_id:3]
6429001,902,2:21:2,1,[PeopleData_id:3,PeopleData_data0Type]
6429001,902,2:21:4,1,[PeopleData_id:3,PeopleData_data1Type]
6429001,902,2:21:6,1,[PeopleData_id:3,PeopleData_data2Type]
6429001,902,2:21:7,1,[PeopleData_id:3,PeopleData_data3Type]
6429001,903,2:21:8,1,[PeopleData_id3,PeopleData_data3Type]
6429001,901,2:21:8,1,[PeopleData_id:4]
6429001,904,2:21:8,1,[PeopleData_id:4]
6429001,905,2:21:9,1,[PeopleData_id:4,RankTypes_id:-1,RankTypes_id:0]
6429001,901,2:21:9,1,[PeopleData_id:3]
6429001,902,2:21:10,1,[PeopleData_id:3,PeopleData_data0Type]
6429001,902,2:21:13,1,[PeopleData_id:3,PeopleData_data1Type]
6429001,902,2:21:14,1,[PeopleData_id:3,PeopleData_data2Type]
6429001,902,2:21:15,1,[PeopleData_id:3,PeopleData_data3Type]
6429001,903,2:21:16,1,[PeopleData_id3,PeopleData_data3Type]
6429001,901,2:21:19,1,[PeopleData_id:4]
6429001,905,2:21:19,1,[PeopleData_id:4,RankTypes_id:0,RankTypes_id:0]
6429001,902,2:21:20,1,[PeopleData_id:4,PeopleData_data0Type]
6429001,902,2:21:20,1,[PeopleData_id:4,PeopleData_data1Type]
6429001,902,2:21:22,1,[PeopleData_id:4,PeopleData_data0Type]
6429001,902,2:21:23,1,[PeopleData_id:4,PeopleData_data1Type]
6429001,902,2:21:24,1,[PeopleData_id:4,PeopleData_data2Type]
6429001,902,2:21:26,1,[PeopleData_id:4,PeopleData_data3Type]
6429001,903,2:21:27,1,[PeopleData_id4,PeopleData_data3Type]
6429001,901,2:21:29,1,[PeopleData_id:4]
6429001,904,2:21:29,1,[PeopleData_id:4]
6429001,905,2:21:30,1,[PeopleData_id:4,RankTypes_id:0,RankTypes_id:2]
6429001,901,2:21:30,1,[PeopleData_id:3]
6429001,902,2:21:31,1,[PeopleData_id:3,PeopleData_data0Type]
6429001,902,2:21:32,1,[PeopleData_id:3,PeopleData_data1Type]
6429001,902,2:21:33,1,[PeopleData_id:3,PeopleData_data2Type]
6429001,902,2:21:35,1,[PeopleData_id:3,PeopleData_data3Type]
6429001,903,2:21:36,1,[PeopleData_id3,PeopleData_data3Type]
6429001,901,2:21:36,1,[PeopleData_id:3]
6429001,904,2:21:36,1,[PeopleData_id:3]
6429001,905,2:21:37,1,[PeopleData_id:3,RankTypes_id:-1,RankTypes_id:0]
6429001,901,2:21:37,1,[PeopleData_id:0]
6429001,902,2:21:38,1,[PeopleData_id:0,PeopleData_data0Type]
6429001,902,2:21:42,1,[PeopleData_id:0,PeopleData_data1Type]
6429001,902,2:21:43,1,[PeopleData_id:0,PeopleData_data2Type]
6429001,903,2:21:46,1,[PeopleData_id0,PeopleData_data2Type]
6429001,901,2:21:47,1,[PeopleData_id:0]
6429001,904,2:21:47,1,[PeopleData_id:0]
6429001,905,2:21:47,1,[PeopleData_id:0,RankTypes_id:-1,RankTypes_id:1]
6429001,906,2:21:47,1,[]
6429001,907,2:21:48,1,[]
6429001,908,2:21:48,1,[InvitationData_id:1,PeopleData_id:4,RankTypes_id:2]
6429001,909,2:21:51,1,[InvitationData_id:1,PeopleData_id:4,RankTypes_id:2,1]
6429001,910,2:21:52,1,[InvitationData_id:1,5,false]
6429001,908,2:21:52,1,[InvitationData_id:8,PeopleData_id:5,RankTypes_id:4]
6429001,909,2:22:7,1,[InvitationData_id:8,PeopleData_id:5,RankTypes_id:4,1]
6429001,910,2:22:8,1,[InvitationData_id:8,9,false]
6429001,908,2:22:8,1,[InvitationData_id:9,PeopleData_id:4,RankTypes_id:2]
6429001,909,2:22:10,1,[InvitationData_id:9,PeopleData_id:4,RankTypes_id:2,0]
6429001,910,2:22:17,1,[InvitationData_id:9,-2,false]
6429001,908,2:22:17,1,[InvitationData_id:6,PeopleData_id:4,RankTypes_id:2]
6429001,909,2:22:20,1,[InvitationData_id:6,PeopleData_id:4,RankTypes_id:2,1]
6429001,910,2:22:20,1,[InvitationData_id:6,5,false]
6429001,908,2:22:20,1,[InvitationData_id:0,PeopleData_id:1,RankTypes_id:3]
6429001,909,2:22:22,1,[InvitationData_id:0,PeopleData_id:1,RankTypes_id:3,1]
6429001,910,2:22:23,1,[InvitationData_id:0,7,false]
6429001,908,2:22:23,1,[InvitationData_id:2,PeopleData_id:4,RankTypes_id:2]
6429001,909,2:22:30,1,[InvitationData_id:2,PeopleData_id:4,RankTypes_id:2,0]
6429001,910,2:22:32,1,[InvitationData_id:2,-2,false]
6429001,908,2:22:32,1,[InvitationData_id:4,PeopleData_id:0,RankTypes_id:1]
6429001,909,2:22:36,1,[InvitationData_id:4,PeopleData_id:0,RankTypes_id:1,0]
6429001,910,2:22:37,1,[InvitationData_id:4,0,false]
6429001,908,2:22:37,1,[InvitationData_id:10,PeopleData_id:1,RankTypes_id:3]
6429001,909,2:22:39,1,[InvitationData_id:10,PeopleData_id:1,RankTypes_id:3,1]
6429001,910,2:22:40,1,[InvitationData_id:10,7,false]
6429001,908,2:22:40,1,[InvitationData_id:5,PeopleData_id:6,RankTypes_id:2]
6429001,909,2:22:42,1,[InvitationData_id:5,PeopleData_id:6,RankTypes_id:2,1]
6429001,910,2:22:43,1,[InvitationData_id:5,5,false]
6429001,908,2:22:43,1,[InvitationData_id:3,PeopleData_id:5,RankTypes_id:4]
6429001,909,2:22:46,1,[InvitationData_id:3,PeopleData_id:5,RankTypes_id:4,1]
6429001,910,2:22:47,1,[InvitationData_id:3,9,false]
6429001,911,2:22:49,1,[43,0,0,0]
6429001,1005,2:22:49,1,[2,0,3]
6429001,1001,2:22:50,1,[]
6429001,1003,2:22:50,2
6429001,210,2:22:55,1094,482
6429001,211,2:22:56,1042,494
6429001,213,2:22:56,1,c_crewKid1_M_G7b0,true
6429001,205,2:22:56,1,c_crewKid1_M_G7b0,false,false
6429001,210,2:22:59,1291,428
6429001,207,2:23:2,1,-500,-725
6429001,207,2:23:4,1,-725,-1031
6429001,211,2:23:7,1889,419
6429001,210,2:23:7,1000,365
6429001,207,2:23:9,1,-1031,0
6429001,211,2:23:10,36,359
6429001,210,2:23:10,192,423
6429001,211,2:23:12,36,359
6429001,221,2:23:13,1
6429001,220,2:23:16,1
6429001,1003,2:23:16,3
6429001,1004,2:23:17,0
6429001,500,2:23:28,0,[]
6429001,501,2:23:33,0,[]
6429001,502,2:23:39,0,[IntentionData_logId:1,false]
6429001,503,2:23:44,0,[]
6429001,504,2:23:56,0,[InfluenceData_logId:7]
6429001,504,2:23:58,0,[InfluenceData_logId:0]
6429001,504,2:24:2,0,[InfluenceData_logId:1]
6429001,504,2:24:5,0,[InfluenceData_logId:2]
6429001,504,2:24:9,0,[InfluenceData_logId:3]
6429001,504,2:24:12,0,[InfluenceData_logId:5]
6429001,504,2:24:15,0,[InfluenceData_logId:4]
6429001,504,2:24:21,0,[InfluenceData_logId:0]
6429001,504,2:24:22,0,[InfluenceData_logId:1]
6429001,504,2:24:25,0,[InfluenceData_logId:7]
6429001,504,2:24:26,0,[InfluenceData_logId:8]
6429001,504,2:24:30,0,[InfluenceData_logId:6]
6429001,505,2:24:34,0,[InfluenceData_logId:1,true,InfluenceData_logId:4,true,InfluenceData_logId:6,true]
6429001,506,2:24:36,0,[]
6429001,507,2:25:3,0,[OpponentAttackData_logId:3,OpponentAttackTypeData_logId:2,true,0]
6429001,508,2:25:7,0,[]
6429001,509,2:25:26,0,[RefusalData_logId:2,2]
6429001,510,2:25:31,0,[AvailableRefusalData_logId:2,0A]
6429001,510,2:25:37,0,[AvailableRefusalData_logId:2,1A]
6429001,510,2:25:38,0,[AvailableRefusalData_logId:2,2A]
6429001,511,2:25:39,0,[AvailableRefusalData_logId:2,0A,1A,2A,true,50]
6429001,512,2:25:42,0,[]
6429001,513,2:25:42,0,[0]
6429001,514,2:25:45,0,[]
6429001,507,2:26:36,0,[OpponentAttackData_logId:1,OpponentAttackTypeData_logId:3,true,0]
6429001,508,2:26:39,0,[]
6429001,509,2:26:49,0,[RefusalData_logId:7,0]
6429001,510,2:26:54,0,[AvailableRefusalData_logId:7,0B]
6429001,510,2:27:9,0,[AvailableRefusalData_logId:7,0C]
6429001,510,2:27:10,0,[AvailableRefusalData_logId:7,0A]
6429001,510,2:27:11,0,[AvailableRefusalData_logId:7,1A]
6429001,510,2:27:16,0,[AvailableRefusalData_logId:7,2A]
6429001,510,2:27:19,0,[AvailableRefusalData_logId:7,2B]
6429001,510,2:27:25,0,[AvailableRefusalData_logId:7,2C]
6429001,510,2:27:26,0,[AvailableRefusalData_logId:7,2A]
6429001,511,2:27:26,0,[AvailableRefusalData_logId:7,0A,1A,2A,true,20]
6429001,512,2:27:29,0,[]
6429001,513,2:27:29,0,[30]
6429001,514,2:27:34,0,[]
6429001,507,2:27:58,0,[OpponentAttackData_logId:2,OpponentAttackTypeData_logId:0,false,30]
6429001,508,2:28:1,0,[]
6429001,509,2:28:7,0,[RefusalData_logId:8,2]
6429001,510,2:28:13,0,[AvailableRefusalData_logId:8,0B]
6429001,510,2:28:14,0,[AvailableRefusalData_logId:8,1C]
6429001,510,2:28:19,0,[AvailableRefusalData_logId:8,2A]
6429001,510,2:28:20,0,[AvailableRefusalData_logId:8,0A]
6429001,510,2:28:21,0,[AvailableRefusalData_logId:8,1A]
6429001,511,2:28:24,0,[AvailableRefusalData_logId:8,0A,1A,2A,true,50]
6429001,512,2:28:27,0,[]
6429001,515,2:28:27,0,[70,0]
6429001,516,2:28:31,0,[]
6429001,517,2:28:32,0,[]
6429001,1005,2:28:32,0,[3,0,2]
6429001,1001,2:28:34,0,[]
6429001,1003,2:28:34,3
6429001,210,2:28:38,1373,506
6429001,207,2:28:38,1,-500,-590
6429001,211,2:28:39,1696,225
6429001,207,2:28:39,1,-590,-695
6429001,210,2:28:39,1769,267
6429001,207,2:28:39,1,-695,-800
6429001,211,2:28:41,1306,271
6429001,212,2:28:41,1
6429001,210,2:28:42,1420,407
6429001,207,2:28:44,1,-800,-515
6429001,207,2:28:45,1,-515,-140
6429001,211,2:28:46,98,481
6429001,207,2:28:46,1,-140,-80
6429001,207,2:28:46,1,-80,-35
6429001,210,2:28:46,118,455
6429001,207,2:28:50,1,-35,-785
6429001,207,2:28:51,1,-785,-1031
6429001,211,2:28:53,1555,231
6429001,210,2:28:54,1557,211
6429001,211,2:28:54,1560,204
6429001,213,2:28:54,1,s_snackBarWorker_G7b0,true
6429001,210,2:28:58,1257,176
6429001,211,2:28:59,1388,439
6429001,212,2:29:0,0
6429001,210,2:29:1,1583,477
6429001,207,2:29:3,1,-1031,-461
6429001,211,2:29:4,420,167
6429001,207,2:29:4,1,-461,-401
6429001,210,2:29:4,390,245
6429001,207,2:29:5,1,-401,0
6429001,211,2:29:6,7,457
6429001,210,2:29:7,83,367
6429001,211,2:29:9,1181,298
6429001,207,2:29:9,1,0,-180
6429001,212,2:29:9,1
6429001,210,2:29:9,971,427
6429001,211,2:29:10,972,429
6429001,210,2:29:10,743,491
6429001,211,2:29:11,746,492
6429001,213,2:29:11,1,c_crewKid2_M_G7b0,true
6429001,212,2:29:14,2
6429001,210,2:29:14,702,453
6429001,207,2:29:17,1,-180,-630
6429001,211,2:29:18,1379,533
6429001,213,2:29:18,1,c_cousin_M_a_G7b0,true
6429001,210,2:29:22,1464,364
6429001,207,2:29:23,1,-630,-930
6429001,207,2:29:27,1,-930,-1031
6429001,211,2:29:32,381,474
6429001,207,2:29:32,1,-1031,-326
6429001,221,2:29:33,1
6429001,220,2:29:35,1
6429001,210,2:29:37,1058,452
6429001,207,2:29:38,1,-326,-416
6429001,207,2:29:40,1,-416,0
6429001,211,2:29:43,364,398
6429001,213,2:29:43,1,c_cousinsBrothersFriendsGF_G7b0,true
6429001,221,2:29:49,1
6429001,220,2:29:59,1
6429001,219,2:30:0,1
6429001,216,2:30:2,Stack_G7b1N
6429001,217,2:30:20,Stack_G7b1N,16,1.0
6429001,218,2:30:22,1
6429001,210,2:30:23,825,417
6429001,207,2:30:25,1,-200,-50
6429001,211,2:30:26,335,335
6429001,213,2:30:26,1,c_policeOfficer_G7b1N,true
6429001,210,2:30:29,904,468
6429001,207,2:30:29,1,-50,-230
6429001,211,2:30:30,1019,598
6429001,212,2:30:30,1
6429001,210,2:30:31,1052,567
6429001,211,2:30:31,1026,578
6429001,213,2:30:31,1,c_kidSister_cauc_a_G7b1N,true
6429001,205,2:30:31,1,c_kidSister_cauc_a_G7b1N,false,false
6429001,210,2:30:35,1117,572
6429001,211,2:30:35,1117,572
6429001,212,2:30:36,0
6429001,210,2:30:36,883,408
6429001,207,2:30:40,1,-230,-800
6429001,211,2:30:40,1685,420
6429001,213,2:30:40,1,s_brokenCarWindow_G7b1N,true
6429001,205,2:30:40,1,s_brokenCarWindow_G7b1N,false,false
6429001,210,2:30:45,758,411
6429001,207,2:30:46,1,-800,-230
6429001,211,2:30:46,288,396
6429001,213,2:30:46,1,c_policeOfficer_G7b1N,true
6429001,210,2:30:49,913,94
6429001,207,2:30:51,1,-230,0
6429001,211,2:30:54,736,634
6429001,212,2:30:55,1
6429001,210,2:30:55,848,463
6429001,207,2:31:0,1,0,-450
6429001,211,2:31:0,1294,180
6429001,212,2:31:1,2
6429001,210,2:31:1,1325,262
6429001,207,2:31:6,1,-450,0
6429001,211,2:31:10,688,478
6429001,212,2:31:11,1
6429001,210,2:31:11,294,157
6429001,211,2:31:12,250,116
6429001,213,2:31:12,1,s_flag_G7b1N,true
6429001,210,2:31:16,56,97
6429001,211,2:31:17,4,416
6429001,210,2:31:18,1036,277
6429001,211,2:31:19,1347,271
6429001,207,2:31:19,1,0,-390
6429001,210,2:31:19,1077,363
6429001,211,2:31:21,1036,416
6429001,213,2:31:21,1,s_wreckedPlants_G7b1N,true
6429001,210,2:31:25,1283,150
6429001,211,2:31:26,1485,178
6429001,207,2:31:26,1,-390,-480
6429001,207,2:31:27,1,-480,-510
6429001,210,2:31:27,1076,249
6429001,211,2:31:27,596,265
6429001,212,2:31:28,2
6429001,210,2:31:29,622,327
6429001,211,2:31:29,607,291
6429001,213,2:31:29,1,c_teacherEng_G7b1N,true
6429001,210,2:31:33,1419,427
6429001,211,2:31:33,1539,386
6429001,207,2:31:33,1,-510,-540
6429001,210,2:31:34,1580,434
6429001,207,2:31:34,1,-540,-645
6429001,207,2:31:35,1,-645,-1027
6429001,211,2:31:35,2043,459
6429001,210,2:31:36,1892,248
6429001,211,2:31:38,1891,158
6429001,213,2:31:38,1,c_crewKid1_M_G7b1N,true
6429001,205,2:31:38,1,c_crewKid1_M_G7b1N,false,false
6429001,210,2:31:42,1988,103
6429001,211,2:31:43,1978,186
6429001,212,2:31:44,1
6429001,210,2:31:44,1962,151
6429001,211,2:31:47,1715,95
6429001,213,2:31:47,1,s_cat_G7b1N,true
6429001,210,2:31:48,1870,169
6429001,207,2:31:53,1,-1027,-622
6429001,211,2:31:55,1036,597
6429001,213,2:31:55,1,c_kidSister_cauc_a_G7b1N,true
6429001,205,2:31:55,1,c_kidSister_cauc_a_G7b1N,false,true
6429001,210,2:32:16,676,319
6429001,207,2:32:16,1,-622,-502
6429001,207,2:32:17,1,-502,-187
6429001,211,2:32:17,269,331
6429001,213,2:32:17,1,c_policeOfficer_G7b1N,true
6429001,210,2:32:24,649,188
6429001,211,2:32:25,601,296
6429001,210,2:32:26,891,125
6429001,211,2:32:30,753,393
6429001,210,2:32:33,969,437
6429001,207,2:32:36,1,-500,-215
6429001,211,2:32:36,822,436
6429001,212,2:32:37,2
6429001,210,2:32:37,1055,452
6429001,211,2:32:37,998,422
6429001,213,2:32:37,1,c_crewKid1_M_G7b0,true
6429001,205,2:32:37,1,c_crewKid1_M_G7b0,false,true
6429001,210,2:32:42,366,279
6429001,207,2:32:45,1,-215,-710
6429001,211,2:32:46,1375,516
6429001,213,2:32:46,1,c_cousin_M_a_G7b0,true
6429001,210,2:33:11,1628,440
6429001,207,2:33:12,1,-710,-950
6429001,207,2:33:18,1,-950,-1031
6429001,211,2:33:20,1820,230
6429001,212,2:33:22,1
6429001,210,2:33:22,1403,422
6429001,211,2:33:24,1875,289
6429001,212,2:33:25,0
6429001,210,2:33:25,1760,228
6429001,207,2:33:28,1,-1031,-191
6429001,207,2:33:29,1,-191,0
6429001,207,2:33:32,1,0,-180
6429001,207,2:33:34,1,-180,-780
6429001,211,2:33:36,1361,590
6429001,210,2:33:40,1142,264
6429001,211,2:33:41,542,133
6429001,212,2:33:41,1
6429001,212,2:33:42,2
6429001,210,2:33:42,857,445
6429001,211,2:33:43,800,359
6429001,213,2:33:43,1,c_cousin_M_a_G7b1N,true
6429001,212,2:33:52,1
6429001,210,2:33:52,744,361
6429001,211,2:33:54,157,369
6429001,207,2:33:54,1,-200,-140
6429001,210,2:33:55,107,515
6429001,207,2:33:55,1,-140,0
6429001,207,2:34:1,1,0,-480
6429001,207,2:34:2,1,-480,-1005
6429001,207,2:34:4,1,-1005,-1027
6429001,211,2:34:5,1948,267
6429001,212,2:34:5,2
6429001,210,2:34:6,1991,261
6429001,211,2:34:6,2047,248
6429001,210,2:34:7,2048,533
6429001,211,2:34:7,2048,533
6429001,210,2:34:7,2036,545
6429001,211,2:34:10,1895,168
6429001,213,2:34:10,1,c_crewKid1_M_G7b1N,true
6429001,205,2:34:10,1,c_crewKid1_M_G7b1N,false,true
6429001,210,2:34:14,1930,164
6429001,211,2:34:16,2046,589
6429001,210,2:34:16,1908,505
6429001,211,2:34:17,1714,404
6429001,212,2:34:17,1
6429001,210,2:34:18,1699,443
6429001,211,2:34:26,1445,311
6429001,212,2:34:26,0
6429001,210,2:34:27,1350,204
6429001,211,2:34:27,1339,189
6429001,213,2:34:27,1,s_graffiti_G7b1N,true
6429001,205,2:34:27,1,s_graffiti_G7b1N,false,false
6429001,210,2:34:36,1691,55
6429001,207,2:34:36,1,-1027,-1019
6429001,211,2:34:37,1486,223
6429001,210,2:34:39,985,291
6429001,211,2:34:40,360,310
6429001,207,2:34:40,1,-1019,-329
6429001,210,2:34:41,885,568
6429001,211,2:34:42,900,606
6429001,213,2:34:42,1,s_sprayPaintCan_G7b1N,true
6429001,205,2:34:42,1,s_sprayPaintCan_G7b1N,false,false
6429001,210,2:34:49,1360,416
6429001,207,2:34:54,1,-500,0
6429001,211,2:34:58,548,471
6429001,221,2:34:58,1
6429001,220,2:35:2,1
6429001,210,2:35:2,869,359
6429001,207,2:35:3,1,0,-285
6429001,207,2:35:6,1,-285,-705
6429001,207,2:35:7,1,-705,-1031
6429001,211,2:35:14,208,345
6429001,207,2:35:14,1,-1031,-191
6429001,210,2:35:15,129,511
6429001,207,2:35:15,1,-191,-41
6429001,207,2:35:17,1,-41,0
6429001,211,2:35:26,571,502
6429001,213,2:35:26,1,s_backpack_M_G7b0,true
6429001,205,2:35:26,1,s_backpack_M_G7b0,false,false
6429001,221,2:35:30,1
6429001,220,2:35:31,1
6429001,219,2:35:31,1
6429001,216,2:35:31,Stack_G7b1P
6429001,217,2:35:53,Stack_G7b1P,19,0.00
6429001,218,2:35:56,1
6429001,210,2:35:59,279,388
6429001,207,2:35:59,1,-200,-20
6429001,211,2:36:0,261,461
6429001,213,2:36:0,1,c_cousinsBrothersFriend_a_G7b1P,true
6429001,205,2:36:0,1,c_cousinsBrothersFriend_a_G7b1P,false,false
6429001,210,2:36:4,966,485
6429001,207,2:36:5,1,-20,-395
6429001,211,2:36:5,1229,491
6429001,212,2:36:6,2
6429001,210,2:36:6,1430,220
6429001,207,2:36:7,1,-395,-590
6429001,211,2:36:8,1316,562
6429001,212,2:36:8,1
6429001,210,2:36:9,1395,208
6429001,211,2:36:10,1362,204
6429001,213,2:36:10,1,c_cousinsBrother_a_G7b1P,true
6429001,205,2:36:10,1,c_cousinsBrother_a_G7b1P,false,false
6429001,210,2:36:13,1196,445
6429001,211,2:36:14,1244,487
6429001,213,2:36:14,1,c_cousin_M_a_G7b1P,true
6429001,205,2:36:14,1,c_cousin_M_a_G7b1P,false,false
6429001,219,2:36:20,1
6429001,216,2:36:22,Stack_G7b1P
6429001,217,2:36:45,Stack_G7b1P,19,0.00
6429001,218,2:36:47,1
6429001,212,2:37:4,2
6429001,210,2:37:5,1353,127
6429001,207,2:37:6,1,-590,-725
6429001,207,2:37:9,1,-725,0
6429001,211,2:37:11,89,432
6429001,213,2:37:11,1,c_kidSister_cauc_a_G7b1P,true
6429001,212,2:37:13,1
6429001,210,2:37:14,102,370
6429001,211,2:37:17,646,179
6429001,210,2:37:17,521,125
6429001,211,2:37:18,533,143
6429001,212,2:37:19,2
6429001,210,2:37:20,523,99
6429001,207,2:37:22,1,0,-660
6429001,211,2:37:25,1741,398
6429001,207,2:37:25,1,-660,-735
6429001,207,2:37:25,1,-735,-750
6429001,210,2:37:26,1243,437
6429001,211,2:37:26,1243,436
6429001,210,2:37:29,1659,319
6429001,207,2:37:30,1,-750,-990
6429001,211,2:37:31,1802,262
6429001,213,2:37:31,1,c_crush1_M_a_G7b1P,true
6429001,210,2:37:37,1585,190
6429001,207,2:37:39,1,-990,-1031
6429001,211,2:37:39,2046,272
6429001,212,2:37:40,1
6429001,210,2:37:40,1795,306
6429001,211,2:37:41,1798,287
6429001,219,2:37:42,1
6429001,216,2:37:43,Stack_G7b2N
6429001,217,2:37:52,Stack_G7b2N,6.8,1.0
6429001,218,2:37:57,1
6429001,210,2:37:57,727,254
6429001,211,2:38:1,850,299
6429001,212,2:38:2,2
6429001,210,2:38:2,935,382
6429001,211,2:38:5,557,150
6429001,213,2:38:5,1,s_lifeguard_G7b2N,true
6429001,210,2:38:7,207,366
6429001,211,2:38:8,197,394
6429001,212,2:38:9,1
6429001,210,2:38:10,194,326
6429001,211,2:38:12,1127,393
6429001,210,2:38:13,1071,321
6429001,211,2:38:15,1080,464
6429001,212,2:38:15,2
6429001,210,2:38:16,920,172
6429001,211,2:38:19,1062,475
6429001,212,2:38:19,0
6429001,212,2:38:19,1
6429001,210,2:38:20,1054,242
6429001,211,2:38:20,1077,342
6429001,212,2:38:21,0
6429001,210,2:38:21,1035,349
6429001,211,2:38:23,838,281
6429001,213,2:38:23,1,s_kid1_G7b2N,true
6429001,205,2:38:23,1,s_kid1_G7b2N,false,false
6429001,210,2:38:31,548,393
6429001,211,2:38:31,552,428
6429001,213,2:38:31,1,c_cousin_M_a_G7b2N,true
6429001,205,2:38:31,1,c_cousin_M_a_G7b2N,false,false
6429001,210,2:38:34,391,366
6429001,211,2:38:35,414,298
6429001,212,2:38:36,1
6429001,212,2:38:36,2
6429001,210,2:38:36,380,290
6429001,211,2:38:37,397,328
6429001,213,2:38:37,1,c_cousinsBrothersFriend_a_G7b2N,true
6429001,210,2:38:40,770,307
6429001,211,2:38:45,938,209
6429001,213,2:38:45,1,c_crewKid2_M_G7b2N,true
6429001,210,2:38:49,554,102
6429001,211,2:38:52,1127,247
6429001,210,2:38:52,1072,376
6429001,211,2:38:53,1081,275
6429001,212,2:38:53,1
6429001,210,2:38:53,1042,352
6429001,211,2:38:55,1103,492
6429001,212,2:38:56,0
6429001,210,2:38:56,1048,301
6429001,211,2:38:57,828,288
6429001,213,2:38:57,1,s_kid1_G7b2N,true
6429001,205,2:38:58,1,s_kid1_G7b2N,false,true
6429001,210,2:39:2,200,361
6429001,211,2:39:2,215,418
6429001,210,2:39:2,237,391
6429001,211,2:39:3,205,393
6429001,213,2:39:3,1,c_kidSister_cauc_a_G7b2N,true
6429001,205,2:39:3,1,c_kidSister_cauc_a_G7b2N,false,false
6429001,210,2:39:7,327,298
6429001,207,2:39:9,1,-106,0
6429001,211,2:39:11,1096,298
6429001,207,2:39:11,1,0,-90
6429001,207,2:39:12,1,-90,-106
6429001,210,2:39:12,1128,318
6429001,211,2:39:14,1128,360
6429001,210,2:39:15,1095,372
6429001,211,2:39:16,1127,447
6429001,210,2:39:17,1110,350
6429001,211,2:39:17,1126,345
6429001,210,2:39:18,1129,375
6429001,211,2:39:18,1124,383
6429001,210,2:39:18,1115,403
6429001,211,2:39:19,1124,399
6429001,210,2:39:19,1119,238
6429001,211,2:39:20,1125,246
6429001,210,2:39:20,1065,352
6429001,211,2:39:20,874,377
6429001,213,2:39:20,1,s_kid1_G7b2N,true
6429001,205,2:39:20,1,s_kid1_G7b2N,false,true
6429001,210,2:39:24,1125,357
6429001,211,2:39:24,1119,358
6429001,210,2:39:24,1123,437
6429001,211,2:39:25,1124,501
6429001,210,2:39:28,960,423
6429001,207,2:39:29,1,-200,-815
6429001,207,2:39:31,1,-815,-995
6429001,211,2:39:34,1538,325
6429001,212,2:39:35,2
6429001,210,2:39:36,1334,237
6429001,211,2:39:37,1500,564
6429001,221,2:39:39,1
6429001,300,2:39:42
6429001,220,2:39:42,1
6429001,301,2:39:44,1
6429001,302,2:39:48,1,1,0,4
6429001,302,2:39:49,1,1,0,1
6429001,302,2:39:54,1,1,0,5
6429001,302,2:39:55,1,1,0,7
6429001,302,2:39:58,1,1,0,1
6429001,303,2:40:2,1,1,0,1
6429001,304,2:40:22,1,1,0,-1,,1,Playing b ball
6429001,302,2:40:24,1,1,1,0
6429001,303,2:40:30,1,1,1,0
6429001,306,2:40:36,1,0,1
6429001,304,2:40:36,1,1,1,-1,,0,Running
6429001,302,2:40:40,1,0,0,0
6429001,304,2:40:41,1,0,0,-1,,0,
6429001,302,2:40:44,1,2,1,0
6429001,303,2:40:47,1,2,1,0
6429001,306,2:40:54,1,1,2
6429001,304,2:40:54,1,2,1,-1,,0,Own a Car
6429001,302,2:41:1,1,2,0,13
6429001,302,2:41:1,1,2,0,12
6429001,303,2:41:6,1,2,0,12
6429001,306,2:41:33,1,2,3
6429001,304,2:41:33,1,2,0,-1,,12,
6429001,210,2:41:40,1009,363
6429001,207,2:41:42,1,-200,-800
6429001,211,2:41:43,1286,280
6429001,210,2:41:44,1539,242
6429001,211,2:41:45,1454,256
6429001,221,2:41:46,1
6429001,220,2:41:51,1
6429001,212,2:41:52,1
6429001,210,2:41:55,421,367
6429001,211,2:41:59,706,300
6429001,213,2:41:59,1,c_cousinsBrother_a_G7b2N,true
6429001,210,2:42:3,921,107
6429001,211,2:42:5,929,406
6429001,213,2:42:5,1,c_crush1_M_a_G7b2N,true
6429001,205,2:42:5,1,c_crush1_M_a_G7b2N,false,false
6429001,221,2:42:12,1
6429001,220,2:42:14,1
6429001,212,2:42:15,0
6429001,210,2:42:16,594,198
6429001,207,2:42:19,1,-200,-1010
6429001,207,2:42:25,1,-1010,0
6429001,211,2:42:27,278,464
6429001,213,2:42:27,1,c_cousinsBrothersFriend_a_G7b1P,true
6429001,205,2:42:27,1,c_cousinsBrothersFriend_a_G7b1P,false,true
6429001,210,2:42:31,106,288
6429001,211,2:42:34,101,354
6429001,210,2:42:34,41,340
6429001,207,2:42:39,1,0,-780
6429001,207,2:42:42,1,-780,-1031
6429001,211,2:42:43,2015,300
6429001,213,2:42:43,1,s_poolDay_ruleSign_G7b1P,true
6429001,205,2:42:43,1,s_poolDay_ruleSign_G7b1P,false,false
6429001,221,2:42:48,1
6429001,220,2:42:49,1
6429001,219,2:42:49,1
6429001,216,2:42:50,Stack_G7b2P
6429001,217,2:43:3,Stack_G7b2P,12,0.00
6429001,218,2:43:5,1
6429001,210,2:43:7,850,357
6429001,211,2:43:8,818,254
6429001,212,2:43:9,2
6429001,210,2:43:10,810,207
6429001,211,2:43:11,884,323
6429001,213,2:43:11,1,c_grandma_cauc_a_G7b2P,true
6429001,210,2:43:14,635,516
6429001,211,2:43:15,528,471
6429001,213,2:43:15,1,c_kidSister_cauc_a_G7b2P,true
6429001,205,2:43:15,1,c_kidSister_cauc_a_G7b2P,false,false
6429001,210,2:43:19,362,388
6429001,207,2:43:21,1,-200,-470
6429001,211,2:43:23,1256,561
6429001,212,2:43:23,1
6429001,210,2:43:24,1120,526
6429001,211,2:43:24,1077,538
6429001,221,2:43:25,1
6429001,220,2:43:32,1
6429001,212,2:43:33,0
6429001,210,2:43:34,1297,572
6429001,211,2:43:34,1336,575
6429001,213,2:43:34,1,s_computer_M_G7b2P,true
6429001,205,2:43:34,1,s_computer_M_G7b2P,false,false
6429001,210,2:43:39,589,316
6429001,207,2:43:44,1,-470,-320
6429001,207,2:43:45,1,-320,-110
6429001,207,2:43:46,1,-110,0
6429001,211,2:43:50,1126,578
6429001,207,2:43:50,1,0,-120
6429001,210,2:43:51,1202,569
6429001,207,2:43:52,1,-120,-512
6429001,211,2:43:53,1535,414
6429001,210,2:43:53,1422,320
6429001,207,2:43:59,1,-512,0
6429001,211,2:44:1,518,171
6429001,213,2:44:1,1,s_calendar_M_gen,true
6429001,210,2:44:5,586,229
6429001,207,2:44:6,1,0,-165
6429001,207,2:44:9,1,-165,-420
6429001,211,2:44:10,1031,544
6429001,213,2:44:10,1,c_cousin_M_a_G7b2P,true
6429001,205,2:44:10,1,c_cousin_M_a_G7b2P,false,false
6429001,221,2:44:15,1
6429001,220,2:44:15,1
6429001,203,2:44:15,1
6429001,100,2:44:22,2
6429001,102,2:44:24,2
6429001,200,2:44:24,2,3,3,6,2,9
6429001,219,2:44:24,2
6429001,216,2:44:25,Stack_G8a0
6429001,217,2:44:46,Stack_G8a0,17,0.00
6429001,218,2:44:53,2
6429001,210,2:44:55,512,427
6429001,211,2:44:56,503,549
6429001,213,2:44:56,2,c_crush2_M_a_G8a0,true
6429001,205,2:44:56,2,c_crush2_M_a_G8a0,false,false
6429001,210,2:44:59,1107,305
6429001,211,2:45:1,943,322
6429001,213,2:45:1,2,c_cousin_M_a_G8a0,true
6429001,205,2:45:1,2,c_cousin_M_a_G8a0,false,false
6429001,210,2:45:5,797,317
6429001,211,2:45:6,529,360
6429001,213,2:45:6,2,c_friend1_M_G8a0,true
6429001,210,2:45:8,644,360
6429001,211,2:45:9,642,350
6429001,213,2:45:9,2,s_beerSixpack_G8a0,true
6429001,210,2:45:11,365,554
6429001,211,2:45:14,314,607
6429001,213,2:45:14,2,s_beerCooler_G8a0,true
6429001,221,2:45:18,2
6429001,220,2:45:22,2
6429001,1003,2:45:22,3
6429001,1004,2:45:25,0
6429001,500,2:45:29,0,[]
6429001,501,2:45:31,0,[]
6429001,502,2:45:35,0,[IntentionData_logId:4,false]
6429001,503,2:45:36,0,[]
6429001,504,2:45:39,0,[InfluenceData_logId:2]
6429001,504,2:45:39,0,[InfluenceData_logId:5]
6429001,504,2:45:40,0,[InfluenceData_logId:7]
6429001,505,2:45:40,0,[InfluenceData_logId:2,true,InfluenceData_logId:5,false,InfluenceData_logId:7,true]
6429001,506,2:45:41,0,[]
6429001,507,2:45:49,0,[OpponentAttackData_logId:0,OpponentAttackTypeData_logId:4,false,30]
6429001,508,2:45:53,0,[]
6429001,509,2:45:58,0,[RefusalData_logId:4,1]
6429001,510,2:46:0,0,[AvailableRefusalData_logId:4,0B]
6429001,510,2:46:2,0,[AvailableRefusalData_logId:4,1B]
6429001,510,2:46:6,0,[AvailableRefusalData_logId:4,0A]
6429001,510,2:46:10,0,[AvailableRefusalData_logId:4,1A]
6429001,510,2:46:13,0,[AvailableRefusalData_logId:4,2A]
6429001,511,2:46:14,0,[AvailableRefusalData_logId:4,0A,1A,2A,true,30]
6429001,512,2:46:17,0,[]
6429001,513,2:46:17,0,[0]
6429001,514,2:46:19,0,[]
6429001,507,2:46:26,0,[OpponentAttackData_logId:2,OpponentAttackTypeData_logId:3,false,30]
6429001,508,2:46:29,0,[]
6429001,509,2:46:32,0,[RefusalData_logId:7,0]
6429001,510,2:46:34,0,[AvailableRefusalData_logId:7,0A]
6429001,510,2:46:35,0,[AvailableRefusalData_logId:7,1A]
6429001,510,2:46:37,0,[AvailableRefusalData_logId:7,2B]
6429001,511,2:46:38,0,[AvailableRefusalData_logId:7,0A,1A,2B,false,0]
6429001,512,2:46:41,0,[]
6429001,513,2:46:41,0,[30]
6429001,514,2:46:43,0,[]
6429001,507,2:46:49,0,[OpponentAttackData_logId:1,OpponentAttackTypeData_logId:1,false,30]
6429001,508,2:46:52,0,[]
6429001,515,2:46:52,0,[0,70]
6429001,516,2:46:54,0,[]
6429001,517,2:46:58,0,[]
6429001,1000,2:46:59,0,[]
6429001,500,2:47:0,0,[]
6429001,501,2:47:1,0,[]
6429001,502,2:47:4,0,[IntentionData_logId:0,false]
6429001,503,2:47:6,0,[]
6429001,504,2:47:8,0,[InfluenceData_logId:1]
6429001,504,2:47:9,0,[InfluenceData_logId:3]
6429001,504,2:47:10,0,[InfluenceData_logId:7]
6429001,505,2:47:11,0,[InfluenceData_logId:1,true,InfluenceData_logId:3,true,InfluenceData_logId:7,true]
6429001,506,2:47:13,0,[]
6429001,507,2:47:21,0,[OpponentAttackData_logId:1,OpponentAttackTypeData_logId:4,false,30]
6429001,508,2:47:23,0,[]
6429001,509,2:47:28,0,[RefusalData_logId:8,2]
6429001,510,2:47:31,0,[AvailableRefusalData_logId:8,0C]
6429001,510,2:47:34,0,[AvailableRefusalData_logId:8,0A]
6429001,510,2:47:35,0,[AvailableRefusalData_logId:8,1A]
6429001,510,2:47:36,0,[AvailableRefusalData_logId:8,2A]
6429001,511,2:47:37,0,[AvailableRefusalData_logId:8,0A,1A,2A,true,50]
6429001,512,2:47:40,0,[]
6429001,513,2:47:40,0,[0]
6429001,514,2:47:42,0,[]
6429001,507,2:47:55,0,[OpponentAttackData_logId:0,OpponentAttackTypeData_logId:3,false,30]
6429001,508,2:47:57,0,[]
6429001,509,2:48:1,0,[RefusalData_logId:7,0]
6429001,510,2:48:3,0,[AvailableRefusalData_logId:7,0A]
6429001,510,2:48:4,0,[AvailableRefusalData_logId:7,1A]
6429001,510,2:48:6,0,[AvailableRefusalData_logId:7,0B]
6429001,510,2:48:8,0,[AvailableRefusalData_logId:7,1B]
6429001,510,2:48:10,0,[AvailableRefusalData_logId:7,2B]
6429001,511,2:48:11,0,[AvailableRefusalData_logId:7,0B,1B,2B,false,0]
6429001,512,2:48:13,0,[]
6429001,513,2:48:13,0,[30]
6429001,514,2:48:16,0,[]
6429001,507,2:48:20,0,[OpponentAttackData_logId:2,OpponentAttackTypeData_logId:4,true,0]
6429001,508,2:48:24,0,[]
6429001,509,2:48:26,0,[RefusalData_logId:4,1]
6429001,510,2:48:29,0,[AvailableRefusalData_logId:4,0A]
6429001,510,2:48:31,0,[AvailableRefusalData_logId:4,1A]
6429001,510,2:48:32,0,[AvailableRefusalData_logId:4,2A]
6429001,511,2:48:33,0,[AvailableRefusalData_logId:4,0A,1A,2A,true,30]
6429001,512,2:48:37,0,[]
6429001,513,2:48:37,0,[0]
6429001,514,2:48:38,0,[]
6429001,507,2:48:43,0,[OpponentAttackData_logId:3,OpponentAttackTypeData_logId:3,false,30]
6429001,508,2:48:45,0,[]
6429001,509,2:48:48,0,[RefusalData_logId:2,2]
6429001,510,2:48:50,0,[AvailableRefusalData_logId:2,0A]
6429001,510,2:48:51,0,[AvailableRefusalData_logId:2,0C]
6429001,510,2:48:54,0,[AvailableRefusalData_logId:2,1A]
6429001,510,2:48:56,0,[AvailableRefusalData_logId:2,2B]
6429001,511,2:48:57,0,[AvailableRefusalData_logId:2,0C,1A,2B,false,0]
6429001,512,2:48:59,0,[]
6429001,513,2:48:59,0,[30]
6429001,515,2:49:1,0,[0,20]
6429001,516,2:49:1,0,[]
6429001,517,2:49:2,0,[]
6429001,1000,2:49:6,0,[]
6429001,500,2:49:7,0,[]
6429001,501,2:49:8,0,[]
6429001,502,2:49:16,0,[IntentionData_logId:4,false]
6429001,503,2:49:17,0,[]
6429001,504,2:49:19,0,[InfluenceData_logId:1]
6429001,504,2:49:19,0,[InfluenceData_logId:3]
6429001,504,2:49:20,0,[InfluenceData_logId:7]
6429001,505,2:49:21,0,[InfluenceData_logId:1,true,InfluenceData_logId:3,true,InfluenceData_logId:7,true]
6429001,506,2:49:22,0,[]
6429001,507,2:49:41,0,[OpponentAttackData_logId:1,OpponentAttackTypeData_logId:3,true,0]
6429001,508,2:49:44,0,[]
6429001,509,2:49:46,0,[RefusalData_logId:8,2]
6429001,510,2:49:48,0,[AvailableRefusalData_logId:8,0A]
6429001,510,2:49:52,0,[AvailableRefusalData_logId:8,1A]
6429001,510,2:49:52,0,[AvailableRefusalData_logId:8,2A]
6429001,511,2:49:54,0,[AvailableRefusalData_logId:8,0A,1A,2A,true,50]
6429001,512,2:49:57,0,[]
6429001,513,2:49:57,0,[0]
6429001,514,2:49:57,0,[]
6429001,507,2:50:6,0,[OpponentAttackData_logId:3,OpponentAttackTypeData_logId:4,false,30]
6429001,508,2:50:8,0,[]
6429001,509,2:50:11,0,[RefusalData_logId:6,2]
6429001,510,2:50:15,0,[AvailableRefusalData_logId:6,0C]
6429001,510,2:50:19,0,[AvailableRefusalData_logId:6,1A]
6429001,510,2:50:24,0,[AvailableRefusalData_logId:6,2A]
6429001,511,2:50:25,0,[AvailableRefusalData_logId:6,0C,1A,2A,false,0]
6429001,512,2:50:27,0,[]
6429001,513,2:50:27,0,[30]
6429001,514,2:50:30,0,[]
6429001,507,2:50:35,0,[OpponentAttackData_logId:0,OpponentAttackTypeData_logId:2,false,30]
6429001,508,2:50:37,0,[]
6429001,509,2:50:40,0,[RefusalData_logId:2,2]
6429001,510,2:50:41,0,[AvailableRefusalData_logId:2,0C]
6429001,510,2:50:43,0,[AvailableRefusalData_logId:2,1C]
6429001,510,2:50:45,0,[AvailableRefusalData_logId:2,2C]
6429001,511,2:50:45,0,[AvailableRefusalData_logId:2,0C,1C,2C,false,0]
6429001,512,2:50:48,0,[]
6429001,513,2:50:48,0,[30]
6429001,514,2:50:51,0,[]
6429001,507,2:51:0,0,[OpponentAttackData_logId:2,OpponentAttackTypeData_logId:4,true,0]
6429001,508,2:51:2,0,[]
6429001,509,2:51:5,0,[RefusalData_logId:4,1]
6429001,510,2:51:8,0,[AvailableRefusalData_logId:4,0C]
6429001,510,2:51:13,0,[AvailableRefusalData_logId:4,1B]
6429001,510,2:51:13,0,[AvailableRefusalData_logId:4,2B]
6429001,511,2:51:13,0,[AvailableRefusalData_logId:4,0C,1B,2B,false,0]
6429001,512,2:51:15,0,[]
6429001,513,2:51:15,0,[30]
6429001,515,2:51:17,0,[0,50]
6429001,1002,2:51:20,0
6429001,1003,2:51:20,3
6429001,1004,2:51:24,1
6429001,500,2:51:26,1,[]
6429001,501,2:51:36,1,[]
6429001,502,2:51:49,1,[IntentionData_logId:0,false]
6429001,503,2:51:51,1,[]
6429001,504,2:51:55,1,[InfluenceData_logId:0]
6429001,504,2:51:58,1,[InfluenceData_logId:3]
6429001,504,2:51:59,1,[InfluenceData_logId:5]
6429001,504,2:52:1,1,[InfluenceData_logId:8]
6429001,505,2:52:4,1,[InfluenceData_logId:0,true,InfluenceData_logId:5,true,InfluenceData_logId:8,true]
6429001,506,2:52:5,1,[]
6429001,507,2:52:18,1,[OpponentAttackData_logId:3,OpponentAttackTypeData_logId:4,true,0]
6429001,508,2:52:20,1,[]
6429001,509,2:52:24,1,[RefusalData_logId:2,1]
6429001,510,2:52:25,1,[AvailableRefusalData_logId:2,0B]
6429001,510,2:52:28,1,[AvailableRefusalData_logId:2,1B]
6429001,510,2:52:30,1,[AvailableRefusalData_logId:2,2A]
6429001,511,2:52:30,1,[AvailableRefusalData_logId:2,0B,1B,2A,false,0]
6429001,512,2:52:33,1,[]
6429001,513,2:52:33,1,[30]
6429001,514,2:52:35,1,[]
6429001,1002,2:52:40,1
6429001,1003,2:52:40,3
6429001,204,2:52:45,2
6429001,103,2:52:47
6429001,105,2:52:48
6429001,703,2:52:50,[|| EpilogueItem ID: 0 unlocked: true ||,|| EpilogueItem ID: 1 unlocked: true ||,|| EpilogueItem ID: 2 unlocked: false ||,|| EpilogueItem ID: 3 unlocked: false ||,|| EpilogueItem ID: 4 unlocked: false ||,|| EpilogueItem ID: 5 unlocked: false ||,|| EpilogueItem ID: 6 unlocked: false ||,|| EpilogueItem ID: 7 unlocked: false ||,|| EpilogueItem ID: 8 unlocked: false ||,|| EpilogueItem ID: 9 unlocked: false ||,|| EpilogueItem ID: 10 unlocked: false ||,|| EpilogueItem ID: 11 unlocked: false ||,|| EpilogueItem ID: 12 unlocked: false ||,|| EpilogueItem ID: 13 unlocked: false ||,|| EpilogueItem ID: 14 unlocked: false ||,|| EpilogueItem ID: 15 unlocked: false ||,|| EpilogueItem ID: 16 unlocked: false ||,|| EpilogueItem ID: 17 unlocked: false ||,|| EpilogueItem ID: 18 unlocked: false ||,|| EpilogueItem ID: 19 unlocked: false ||,|| EpilogueItem ID: 20 unlocked: false ||,|| EpilogueItem ID: 21 unlocked: false ||,|| EpilogueItem ID: 22 unlocked: false ||,|| EpilogueItem ID: 23 unlocked: false ||,|| EpilogueItem ID: 24 unlocked: false ||],0.08
6429001,706,2:52:53,(x=2531, y=-100, w=1024, h=768),(x=2531, y=-100, w=1024, h=768)
6429001,708,2:52:53
6429001,1,2:52:53,3/28/2013 5:26:47pm,{"gameTime":10373423,"session":[{"stackId":12,"sceneId":"1P"},{"stackId":0,"sceneId":"1P"},{"stackId":1,"sceneId":"1P"},{"stackId":1,"sceneId":"1N"},{"stackId":1,"sceneId":"2P"}],"challengeStacks":[{"resolved":true,"challengeScenes":[{"keyPoints":["s_flag_gen","c_teacherEng_G7a0","c_bestFriend_M_a_G7a0"],"viewedAnimatic":true,"touchableObjects":["s_otherStudent1_G7a0","s_angelouPoster_gen","s_poePoster_gen","s_shakespearePoster_gen","s_doorClassroom_G7a0","c_friend1_M_a_G7a0","c_crewKid1_M_G7a0","s_vocabAssignment_G7a0","s_flag_gen","c_teacherEng_G7a0","c_bestFriend_M_a_G7a0"],"unlocked":true,"miniGameCards":[]},{"keyPoints":["c_teacherEng_G7a1N","c_bestFriend_M_a_G7a1N","s_paperPlayers_G7a1N"],"viewedAnimatic":true,"touchableObjects":["s_flag_gen","c_teacherEng_G7a1N","c_bestFriend_M_a_G7a1N","s_otherStudent2_G7a1N","s_posterPlagiarism_gen","s_paperPlayers_G7a1N","s_otherStudent1_G7a1N","c_crewKid1_M_G7a1N"],"unlocked":true,"miniGameCards":[]},{"keyPoints":["s_flag_gen","c_teacherEng_G7a1P","s_paperEnglish_gen","c_bestFriend_M_a_G7a1P"],"viewedAnimatic":true,"touchableObjects":["s_flag_gen","s_paperPlayers_G7a1P","c_teacherEng_G7a1P","s_paperEnglish_gen","s_clock_G7a1P","c_bestFriend_M_a_G7a1P"],"unlocked":true,"miniGameCards":[]}],"stackSize":3},{"resolved":true,"challengeScenes":[{"keyPoints":["c_kidSister_cauc_a_G7b0","c_crewKid1_M_G7b0","s_backpack_M_G7b0"],"viewedAnimatic":true,"touchableObjects":["c_kidSister_cauc_a_G7b0","c_cousinsBrother_a_G7b0","s_lifeguard_G7b0","c_cousinsBrothersFriend_a_G7b0","c_crewKid1_M_G7b0","s_snackBarWorker_G7b0","c_crewKid2_M_G7b0","c_cousin_M_a_G7b0","c_cousinsBrothersFriendsGF_G7b0","s_backpack_M_G7b0"],"unlocked":true,"miniGameCards":[]},{"keyPoints":["c_kidSister_cauc_a_G7b1N","s_brokenCarWindow_G7b1N","c_crewKid1_M_G7b1N","s_graffiti_G7b1N","s_sprayPaintCan_G7b1N"],"viewedAnimatic":true,"touchableObjects":["c_policeOfficer_G7b1N","c_kidSister_cauc_a_G7b1N","s_brokenCarWindow_G7b1N","s_flag_G7b1N","s_wreckedPlants_G7b1N","c_teacherEng_G7b1N","c_crewKid1_M_G7b1N","s_cat_G7b1N","c_cousin_M_a_G7b1N","s_graffiti_G7b1N","s_sprayPaintCan_G7b1N"],"unlocked":true,"miniGameCards":[]},{"keyPoints":["c_cousinsBrothersFriend_a_G7b1P","c_cousinsBrother_a_G7b1P","c_cousin_M_a_G7b1P","s_poolDay_ruleSign_G7b1P"],"viewedAnimatic":true,"touchableObjects":["c_cousinsBrothersFriend_a_G7b1P","c_cousinsBrother_a_G7b1P","c_cousin_M_a_G7b1P","c_kidSister_cauc_a_G7b1P","c_crush1_M_a_G7b1P","s_poolDay_ruleSign_G7b1P"],"unlocked":true,"miniGameCards":[]},{"keyPoints":["s_kid1_G7b2N","c_cousin_M_a_G7b2N","c_kidSister_cauc_a_G7b2N","c_crush1_M_a_G7b2N"],"viewedAnimatic":true,"touchableObjects":["s_lifeguard_G7b2N","s_kid1_G7b2N","c_cousin_M_a_G7b2N","c_cousinsBrothersFriend_a_G7b2N","c_crewKid2_M_G7b2N","c_kidSister_cauc_a_G7b2N","c_cousinsBrother_a_G7b2N","c_crush1_M_a_G7b2N"],"unlocked":true,"miniGameCards":[]},{"keyPoints":["c_kidSister_cauc_a_G7b2P","s_computer_M_G7b2P","c_cousin_M_a_G7b2P"],"viewedAnimatic":true,"touchableObjects":["c_grandma_cauc_a_G7b2P","c_kidSister_cauc_a_G7b2P","s_computer_M_G7b2P","s_calendar_M_gen","c_cousin_M_a_G7b2P"],"unlocked":true,"miniGameCards":[]}],"stackSize":5},{"resolved":false,"challengeScenes":[{"keyPoints":["c_crush2_M_a_G8a0","c_cousin_M_a_G8a0"],"viewedAnimatic":true,"touchableObjects":["c_crush2_M_a_G8a0","c_cousin_M_a_G8a0","c_friend1_M_G8a0","s_beerSixpack_G8a0","s_beerCooler_G8a0"],"unlocked":true,"miniGameCards":[]},{"keyPoints":[],"viewedAnimatic":false,"touchableObjects":[],"unlocked":true,"miniGameCards":[]},{"keyPoints":[],"viewedAnimatic":false,"touchableObjects":[],"unlocked":false,"miniGameCards":[]},{"keyPoints":[],"viewedAnimatic":false,"touchableObjects":[],"unlocked":false,"miniGameCards":[]},{"keyPoints":[],"viewedAnimatic":false,"touchableObjects":[],"unlocked":false,"miniGameCards":[]},{"keyPoints":[],"viewedAnimatic":false,"touchableObjects":[],"unlocked":true,"miniGameCards":[]},{"keyPoints":[],"viewedAnimatic":false,"touchableObjects":[],"unlocked":false,"miniGameCards":[]}],"stackSize":7},{"resolved":false,"challengeScenes":[{"keyPoints":[],"viewedAnimatic":false,"touchableObjects":[],"unlocked":false,"miniGameCards":[]},{"keyPoints":[],"viewedAnimatic":false,"touchableObjects":[],"unlocked":false,"miniGameCards":[]},{"keyPoints":[],"viewedAnimatic":false,"touchableObjects":[],"unlocked":false,"miniGameCards":[]},{"keyPoints":[],"viewedAnimatic":false,"touchableObjects":[],"unlocked":false,"miniGameCards":[]},{"keyPoints":[],"viewedAnimatic":false,"touchableObjects":[],"unlocked":false,"miniGameCards":[]}],"stackSize":5},{"resolved":false,"challengeScenes":[{"keyPoints":[],"viewedAnimatic":false,"touchableObjects":[],"unlocked":true,"miniGameCards":[]},{"keyPoints":[],"viewedAnimatic":false,"touchableObjects":[],"unlocked":true,"miniGameCards":[]},{"keyPoints":[],"viewedAnimatic":false,"touchableObjects":[],"unlocked":false,"miniGameCards":[]},{"keyPoints":[],"viewedAnimatic":false,"touchableObjects":[],"unlocked":false,"miniGameCards":[]},{"keyPoints":[],"viewedAnimatic":false,"touchableObjects":[],"unlocked":false,"miniGameCards":[]}],"stackSize":5},{"resolved":false,"challengeScenes":[{"keyPoints":[],"viewedAnimatic":false,"touchableObjects":[],"unlocked":false,"miniGameCards":[]},{"keyPoints":[],"viewedAnimatic":false,"touchableObjects":[],"unlocked":false,"miniGameCards":[]},{"keyPoints":[],"viewedAnimatic":false,"touchableObjects":[],"unlocked":false,"miniGameCards":[]},{"keyPoints":[],"viewedAnimatic":false,"touchableObjects":[],"unlocked":false,"miniGameCards":[]},{"keyPoints":[],"viewedAnimatic":false,"touchableObjects":[],"unlocked":false,"miniGameCards":[]}],"stackSize":5},{"resolved":false,"challengeScenes":[{"keyPoints":[],"viewedAnimatic":false,"touchableObjects":[],"unlocked":false,"miniGameCards":[]},{"keyPoints":[],"viewedAnimatic":false,"touchableObjects":[],"unlocked":false,"miniGameCards":[]},{"keyPoints":[],"viewedAnimatic":false,"touchableObjects":[],"unlocked":false,"miniGameCards":[]},{"keyPoints":[],"viewedAnimatic":false,"touchableObjects":[],"unlocked":false,"miniGameCards":[]},{"keyPoints":[],"viewedAnimatic":false,"touchableObjects":[],"unlocked":false,"miniGameCards":[]}],"stackSize":5},{"resolved":false,"challengeScenes":[{"keyPoints":[],"viewedAnimatic":false,"touchableObjects":[],"unlocked":false,"miniGameCards":[]},{"keyPoints":[],"viewedAnimatic":false,"touchableObjects":[],"unlocked":false,"miniGameCards":[]},{"keyPoints":[],"viewedAnimatic":false,"touchableObjects":[],"unlocked":false,"miniGameCards":[]},{"keyPoints":[],"viewedAnimatic":false,"touchableObjects":[],"unlocked":false,"miniGameCards":[]},{"keyPoints":[],"viewedAnimatic":false,"touchableObjects":[],"unlocked":false,"miniGameCards":[]}],"stackSize":5},{"resolved":false,"challengeScenes":[{"keyPoints":[],"viewedAnimatic":false,"touchableObjects":[],"unlocked":false,"miniGameCards":[]},{"keyPoints":[],"viewedAnimatic":false,"touchableObjects":[],"unlocked":false,"miniGameCards":[]},{"keyPoints":[],"viewedAnimatic":false,"touchableObjects":[],"unlocked":false,"miniGameCards":[]},{"keyPoints":[],"viewedAnimatic":false,"touchableObjects":[],"unlocked":false,"miniGameCards":[]},{"keyPoints":[],"viewedAnimatic":false,"touchableObjects":[],"unlocked":false,"miniGameCards":[]}],"stackSize":5},{"resolved":false,"challengeScenes":[{"keyPoints":[],"viewedAnimatic":false,"touchableObjects":[],"unlocked":false,"miniGameCards":[]},{"keyPoints":[],"viewedAnimatic":false,"touchableObjects":[],"unlocked":false,"miniGameCards":[]},{"keyPoints":[],"viewedAnimatic":false,"touchableObjects":[],"unlocked":false,"miniGameCards":[]},{"keyPoints":[],"viewedAnimatic":false,"touchableObjects":[],"unlocked":false,"miniGameCards":[]},{"keyPoints":[],"viewedAnimatic":false,"touchableObjects":[],"unlocked":false,"miniGameCards":[]}],"stackSize":5},{"resolved":false,"challengeScenes":[{"keyPoints":[],"viewedAnimatic":false,"touchableObjects":[],"unlocked":false,"miniGameCards":[]},{"keyPoints":[],"viewedAnimatic":false,"touchableObjects":[],"unlocked":false,"miniGameCards":[]},{"keyPoints":[],"viewedAnimatic":false,"touchableObjects":[],"unlocked":false,"miniGameCards":[]},{"keyPoints":[],"viewedAnimatic":false,"touchableObjects":[],"unlocked":false,"miniGameCards":[]},{"keyPoints":[],"viewedAnimatic":false,"touchableObjects":[],"unlocked":false,"miniGameCards":[]}],"stackSize":5},{"resolved":false,"challengeScenes":[{"keyPoints":[],"viewedAnimatic":false,"touchableObjects":[],"unlocked":false,"miniGameCards":[]},{"keyPoints":[],"viewedAnimatic":false,"touchableObjects":[],"unlocked":false,"miniGameCards":[]},{"keyPoints":[],"viewedAnimatic":false,"touchableObjects":[],"unlocked":false,"miniGameCards":[]},{"keyPoints":[],"viewedAnimatic":false,"touchableObjects":[],"unlocked":false,"miniGameCards":[]},{"keyPoints":[],"viewedAnimatic":false,"touchableObjects":[],"unlocked":false,"miniGameCards":[]}],"stackSize":5},{"resolved":true,"challengeScenes":[{"keyPoints":[],"viewedAnimatic":false,"touchableObjects":["c_education_G0a0","c_family_cauc_a_G0a0"],"unlocked":true,"miniGameCards":[]},{"keyPoints":["c_family_cauc_a_G0a1N","c_home_G0a1N","c_job_G0a1N"],"viewedAnimatic":false,"touchableObjects":["c_player_cauc_M_a_G0a1N","c_family_cauc_a_G0a1N","c_home_G0a1N","c_job_G0a1N"],"unlocked":true,"miniGameCards":[]},{"keyPoints":["c_Teacher_G0a1P","c_grandma_cauc_a_G0a1P","c_kidsister_cauc_a_G0a1P","c_dad_cauc_a_G0a1P","c_mom_cauc_a_G0a1P","c_Nurse_G0a1P"],"viewedAnimatic":false,"touchableObjects":["c_cousins_M_a_G0a1P","c_friends_G0a1P","c_Teacher_G0a1P","c_grandma_cauc_a_G0a1P","c_kidsister_cauc_a_G0a1P","c_dad_cauc_a_G0a1P","c_mom_cauc_a_G0a1P","c_Nurse_G0a1P"],"unlocked":true,"miniGameCards":[]}],"stackSize":3}],"minigames":[{"levelSaveData":[{"starRating":3,"unlocked":true},{"starRating":0,"unlocked":true},{"starRating":0,"unlocked":true},{"starRating":0,"unlocked":false},{"starRating":0,"unlocked":false},{"starRating":0,"unlocked":false},{"starRating":0,"unlocked":false},{"starRating":0,"unlocked":false},{"starRating":0,"unlocked":false},{"starRating":0,"unlocked":false}],"skillPoints":3},{"levelSaveData":[{"starRating":3,"unlocked":true},{"starRating":0,"unlocked":true},{"starRating":0,"unlocked":true},{"starRating":0,"unlocked":false},{"starRating":0,"unlocked":true},{"starRating":0,"unlocked":false},{"starRating":0,"unlocked":false},{"starRating":0,"unlocked":false},{"starRating":0,"unlocked":false},{"starRating":0,"unlocked":false}],"skillPoints":3},{"levelSaveData":[{"starRating":3,"unlocked":true},{"starRating":3,"unlocked":true},{"starRating":0,"unlocked":true},{"starRating":0,"unlocked":false},{"starRating":0,"unlocked":false},{"starRating":0,"unlocked":false},{"starRating":0,"unlocked":false},{"starRating":0,"unlocked":false},{"starRating":0,"unlocked":true},{"starRating":0,"unlocked":false}],"skillPoints":6},{"levelSaveData":[{"starRating":2,"unlocked":true},{"starRating":0,"unlocked":true},{"starRating":0,"unlocked":false},{"starRating":0,"unlocked":false},{"starRating":0,"unlocked":true},{"starRating":0,"unlocked":false},{"starRating":0,"unlocked":false},{"starRating":0,"unlocked":false},{"starRating":0,"unlocked":false},{"starRating":0,"unlocked":false}],"skillPoints":2},{"name":"Luis","gender":0,"visualAvatar":0,"age":12,"levelSaveData":[{"starRating":3,"unlocked":true},{"chunks":[["2"],["7$$cool","13$$in love"],["12$$Party Animal","6$$Music","15$$Play VideoGame"],["1"]],"unlocked":true,"starRating":3},{"chunks":[["0"],["1$$Playing b ball","0$$Running"],["12","0$$Own a Car"]],"unlocked":true,"starRating":3},{"chunks":[[null],[null],[null],[null],[null,null],[null]],"unlocked":true,"starRating":0},{"chunks":[[null],[null],[null,null],[null],[null],[null]],"unlocked":false,"starRating":0},{"chunks":[[null],[null,null,null,null],[null],[null]],"unlocked":false,"starRating":0},{"chunks":[[null],[null],[null,null],[null,null],[null]],"unlocked":false,"starRating":0},{"chunks":[[null,null,null],[null,null,null],[null],[null],[null]],"unlocked":false,"starRating":0},{"chunks":[[null,null,null],[null,null,null],[null,null]],"unlocked":false,"starRating":0},{"chunks":[[null],[null],[null],[null],[null],[null]],"unlocked":false,"starRating":0}],"id":1,"skillPoints":9}],"playerId":6429001,"epilogue":{"rating":0},"sessionId":3,"avatar":{"name":"Luis","gender":0,"visualAvatar":0,"age":12,"levelSaveData":[{"starRating":3,"unlocked":true},{"chunks":[["2"],["7$$cool","13$$in love"],["12$$Party Animal","6$$Music","15$$Play VideoGame"],["1"]],"unlocked":true,"starRating":3},{"chunks":[["0"],["1$$Playing b ball","0$$Running"],["12","0$$Own a Car"]],"unlocked":true,"starRating":3},{"chunks":[[null],[null],[null],[null],[null,null],[null]],"unlocked":true,"starRating":0},{"chunks":[[null],[null],[null,null],[null],[null],[null]],"unlocked":false,"starRating":0},{"chunks":[[null],[null,null,null,null],[null],[null]],"unlocked":false,"starRating":0},{"chunks":[[null],[null],[null,null],[null,null],[null]],"unlocked":false,"starRating":0},{"chunks":[[null,null,null],[null,null,null],[null],[null],[null]],"unlocked":false,"starRating":0},{"chunks":[[null,null,null],[null,null,null],[null,null]],"unlocked":false,"starRating":0},{"chunks":[[null],[null],[null],[null],[null],[null]],"unlocked":false,"starRating":0}],"id":1,"skillPoints":9}}
