6429001,0,2:52:53,4/3/2013 4:12:35pm
6429001,100,2:53:30,2
6429001,102,2:53:32,2
6429001,200,2:53:32,2,3,3,6,2,9
6429001,210,2:53:35,531,504
6429001,211,2:53:36,587,474
6429001,213,2:53:36,2,c_friend1_M_G8a0,true
6429001,210,2:53:40,562,308
6429001,207,2:53:42,2,-200,-365
6429001,211,2:53:45,1103,316
6429001,213,2:53:45,2,c_crewKid1_M_a_G8a0,true
6429001,210,2:53:48,542,304
6429001,211,2:53:49,519,369
6429001,213,2:53:49,2,c_friend1_M_G8a0,true
6429001,210,2:53:51,1220,318
6429001,207,2:53:51,2,-365,-492
6429001,211,2:53:52,1374,305
6429001,212,2:53:53,1
6429001,210,2:53:53,1365,351
6429001,211,2:53:56,1214,432
6429001,212,2:53:56,0
6429001,210,2:53:57,996,293
6429001,211,2:53:58,931,353
6429001,213,2:53:58,2,c_cousin_M_a_G8a0,true
6429001,205,2:53:58,2,c_cousin_M_a_G8a0,false,true
6429001,210,2:54:2,917,277
6429001,211,2:54:3,932,318
6429001,213,2:54:3,2,c_cousin_M_a_G8a0,true
6429001,205,2:54:3,2,c_cousin_M_a_G8a0,false,true
6429001,210,2:54:6,805,321
6429001,207,2:54:7,2,-492,-342
6429001,207,2:54:9,2,-342,-87
6429001,211,2:54:10,502,560
6429001,213,2:54:10,2,c_crush2_M_a_G8a0,true
6429001,205,2:54:10,2,c_crush2_M_a_G8a0,false,true
6429001,210,2:54:13,328,561
6429001,211,2:54:13,327,572
6429001,213,2:54:13,2,s_beerCooler_G8a0,true
6429001,210,2:54:17,113,369
6429001,207,2:54:17,2,-87,0
6429001,211,2:54:18,158,335
6429001,213,2:54:18,2,s_stairs_G8a0,true
6429001,210,2:54:20,590,430
6429001,211,2:54:22,1323,534
6429001,207,2:54:22,2,0,-345
6429001,212,2:54:22,1
6429001,210,2:54:23,1276,351
6429001,207,2:54:23,2,-345,-480
6429001,207,2:54:24,2,-480,-492
6429001,211,2:54:24,1514,201
6429001,210,2:54:43,1350,118
6429001,211,2:54:44,1321,166
6429001,210,2:54:44,1334,107
6429001,211,2:54:44,1342,129
6429001,212,2:54:45,2
6429001,210,2:54:45,1336,166
6429001,211,2:54:47,1514,157
6429001,210,2:54:47,1464,236
6429001,211,2:54:50,1218,518
6429001,210,2:54:51,863,442
6429001,211,2:54:54,696,527
6429001,212,2:54:55,1
6429001,210,2:54:55,873,468
6429001,211,2:54:58,796,500
6429001,213,2:54:58,2,s_bottleTable_G8a0,false
6429001,1003,2:55:3,1
6429001,1004,2:55:4,1
6429001,800,2:55:6,1,[]
6429001,801,2:55:7,1,[]
6429001,814,2:55:10,1,[2]
6429001,815,2:55:10,1,2,OpportunityCardData_id:13
6429001,817,2:55:13,1,2
6429001,814,2:55:14,1,[0]
6429001,815,2:55:14,1,0,OpportunityCardData_id:0
6429001,816,2:55:16,1,0,OpportunityCardData_id:0
6429001,803,2:55:17,1,[OpportunityCardData_id:0,OpportunityCardConsequencesData_logId:0]
6429001,803,2:55:18,1,[OpportunityCardData_id:0,OpportunityCardConsequencesData_logId:1]
6429001,803,2:55:18,1,[OpportunityCardData_id:0,OpportunityCardConsequencesData_logId:2]
6429001,805,2:55:24,1,[OpportunityCardData_id:0]
6429001,806,2:55:31,1,[OpportunityCardData_id:0,PriorityData_type:2]
6429001,807,2:55:32,1,[OpportunityCardData_id:0]
6429001,808,2:55:35,1,[OpportunityCardData_id:0]
6429001,809,2:55:40,1,[OpportunityCardData_id:0,PriorityData_type:1,false]
6429001,810,2:55:41,1,[OpportunityCardData_id:0,PriorityData_type:0,15,PriorityData_type:1,20]
6429001,814,2:55:47,1,[2]
6429001,815,2:55:47,1,2,OpportunityCardData_id:13
6429001,817,2:55:50,1,2
6429001,814,2:55:51,1,[3]
6429001,815,2:55:51,1,3,OpportunityCardData_id:19
6429001,815,2:55:53,1,3,OpportunityCardData_id:20
6429001,815,2:55:54,1,3,OpportunityCardData_id:19
6429001,815,2:55:55,1,3,OpportunityCardData_id:25
6429001,815,2:55:55,1,3,OpportunityCardData_id:19
6429001,815,2:55:56,1,3,OpportunityCardData_id:20
6429001,815,2:55:57,1,3,OpportunityCardData_id:21
6429001,815,2:55:57,1,3,OpportunityCardData_id:23
6429001,815,2:55:57,1,3,OpportunityCardData_id:24
6429001,815,2:55:58,1,3,OpportunityCardData_id:25
6429001,815,2:55:58,1,3,OpportunityCardData_id:19
6429001,815,2:55:59,1,3,OpportunityCardData_id:20
6429001,815,2:56:0,1,3,OpportunityCardData_id:19
6429001,816,2:56:1,1,3,OpportunityCardData_id:19
6429001,803,2:56:2,1,[OpportunityCardData_id:19,OpportunityCardConsequencesData_logId:0]
6429001,803,2:56:2,1,[OpportunityCardData_id:19,OpportunityCardConsequencesData_logId:1]
6429001,803,2:56:3,1,[OpportunityCardData_id:19,OpportunityCardConsequencesData_logId:2]
6429001,805,2:56:4,1,[OpportunityCardData_id:19]
6429001,806,2:56:6,1,[OpportunityCardData_id:19,PriorityData_type:4]
6429001,807,2:56:7,1,[OpportunityCardData_id:19]
6429001,808,2:56:9,1,[OpportunityCardData_id:19]
6429001,809,2:56:14,1,[OpportunityCardData_id:19,Safe,false]
6429001,810,2:56:16,1,[OpportunityCardData_id:19,PriorityData_type:3,25,Safe,Safe]
6429001,814,2:56:20,1,[3]
6429001,815,2:56:20,1,3,OpportunityCardData_id:20
6429001,815,2:56:21,1,3,OpportunityCardData_id:21
6429001,815,2:56:22,1,3,OpportunityCardData_id:20
6429001,816,2:56:22,1,3,OpportunityCardData_id:20
6429001,805,2:56:23,1,[OpportunityCardData_id:20]
6429001,806,2:56:26,1,[OpportunityCardData_id:20,PriorityData_type:4]
6429001,807,2:56:27,1,[OpportunityCardData_id:20]
6429001,808,2:56:29,1,[OpportunityCardData_id:20]
6429001,809,2:56:33,1,[OpportunityCardData_id:20,PriorityData_type:2,false]
6429001,810,2:56:34,1,[OpportunityCardData_id:20,PriorityData_type:3,15,PriorityData_type:2,10]
6429001,818,2:56:36,1,9
6429001,811,2:56:37,1,[OpportunityCardData_id:20,PriorityData_type:0,70,75,PriorityData_type:3,80,90]
6429001,1005,2:56:37,1,[1,0,3]
6429001,1001,2:56:39,1,[]
6429001,1003,2:56:39,1
6429001,1004,2:56:40,2
6429001,800,2:56:42,2,[]
6429001,801,2:56:43,2,[]
6429001,814,2:56:46,2,[3]
6429001,815,2:56:46,2,3,OpportunityCardData_id:19
6429001,815,2:56:48,2,3,OpportunityCardData_id:20
6429001,815,2:56:48,2,3,OpportunityCardData_id:19
6429001,815,2:56:49,2,3,OpportunityCardData_id:25
6429001,815,2:56:49,2,3,OpportunityCardData_id:19
6429001,816,2:56:51,2,3,OpportunityCardData_id:19
6429001,803,2:56:52,2,[OpportunityCardData_id:19,OpportunityCardConsequencesData_logId:0]
6429001,803,2:56:52,2,[OpportunityCardData_id:19,OpportunityCardConsequencesData_logId:1]
6429001,803,2:56:52,2,[OpportunityCardData_id:19,OpportunityCardConsequencesData_logId:2]
6429001,805,2:56:55,2,[OpportunityCardData_id:19]
6429001,806,2:56:59,2,[OpportunityCardData_id:19,PriorityData_type:4]
6429001,807,2:57:0,2,[OpportunityCardData_id:19]
6429001,808,2:57:2,2,[OpportunityCardData_id:19]
6429001,809,2:57:7,2,[OpportunityCardData_id:19,PriorityData_type:5,false]
6429001,810,2:57:8,2,[OpportunityCardData_id:19,PriorityData_type:3,15,PriorityData_type:5,20]
6429001,814,2:57:10,2,[5]
6429001,815,2:57:10,2,5,OpportunityCardData_id:32
6429001,816,2:57:12,2,5,OpportunityCardData_id:32
6429001,803,2:57:13,2,[OpportunityCardData_id:32,OpportunityCardConsequencesData_logId:1]
6429001,803,2:57:14,2,[OpportunityCardData_id:32,OpportunityCardConsequencesData_logId:2]
6429001,803,2:57:14,2,[OpportunityCardData_id:32,OpportunityCardConsequencesData_logId:0]
6429001,805,2:57:15,2,[OpportunityCardData_id:32]
6429001,806,2:57:18,2,[OpportunityCardData_id:32,PriorityData_type:0]
6429001,806,2:57:19,2,[OpportunityCardData_id:32,PriorityData_type:2]
6429001,807,2:57:21,2,[OpportunityCardData_id:32]
6429001,808,2:57:23,2,[OpportunityCardData_id:32]
6429001,809,2:57:28,2,[OpportunityCardData_id:32,PriorityData_type:4,false]
6429001,810,2:57:29,2,[OpportunityCardData_id:32,PriorityData_type:5,20,PriorityData_type:4,10]
6429001,814,2:57:31,2,[1]
6429001,815,2:57:31,2,1,OpportunityCardData_id:7
6429001,817,2:57:34,2,1
6429001,814,2:57:36,2,[5]
6429001,815,2:57:36,2,5,OpportunityCardData_id:33
6429001,816,2:57:39,2,5,OpportunityCardData_id:33
6429001,803,2:57:40,2,[OpportunityCardData_id:33,OpportunityCardConsequencesData_logId:0]
6429001,803,2:57:40,2,[OpportunityCardData_id:33,OpportunityCardConsequencesData_logId:1]
6429001,803,2:57:41,2,[OpportunityCardData_id:33,OpportunityCardConsequencesData_logId:2]
6429001,805,2:57:42,2,[OpportunityCardData_id:33]
6429001,806,2:57:43,2,[OpportunityCardData_id:33,PriorityData_type:1]
6429001,807,2:57:44,2,[OpportunityCardData_id:33]
6429001,808,2:57:46,2,[OpportunityCardData_id:33]
6429001,809,2:57:57,2,[OpportunityCardData_id:33,PriorityData_type:4,false]
6429001,810,2:57:58,2,[OpportunityCardData_id:33,PriorityData_type:5,15,PriorityData_type:4,15]
6429001,814,2:58:0,2,[4]
6429001,815,2:58:0,2,4,OpportunityCardData_id:22
6429001,817,2:58:2,2,4
6429001,814,2:58:5,2,[2]
6429001,815,2:58:5,2,2,OpportunityCardData_id:13
6429001,817,2:58:7,2,2
6429001,814,2:58:7,2,[3]
6429001,815,2:58:7,2,3,OpportunityCardData_id:20
6429001,816,2:58:9,2,3,OpportunityCardData_id:20
6429001,803,2:58:10,2,[OpportunityCardData_id:20,OpportunityCardConsequencesData_logId:0]
6429001,803,2:58:10,2,[OpportunityCardData_id:20,OpportunityCardConsequencesData_logId:1]
6429001,803,2:58:10,2,[OpportunityCardData_id:20,OpportunityCardConsequencesData_logId:2]
6429001,805,2:58:11,2,[OpportunityCardData_id:20]
6429001,806,2:58:13,2,[OpportunityCardData_id:20,PriorityData_type:2]
6429001,807,2:58:14,2,[OpportunityCardData_id:20]
6429001,808,2:58:15,2,[OpportunityCardData_id:20]
6429001,809,2:58:20,2,[OpportunityCardData_id:20,PriorityData_type:2,true]
6429001,810,2:58:21,2,[OpportunityCardData_id:20,PriorityData_type:3,15,Safe,Safe]
6429001,814,2:58:25,2,[5]
6429001,815,2:58:25,2,5,OpportunityCardData_id:34
6429001,816,2:58:26,2,5,OpportunityCardData_id:34
6429001,803,2:58:27,2,[OpportunityCardData_id:34,OpportunityCardConsequencesData_logId:0]
6429001,803,2:58:27,2,[OpportunityCardData_id:34,OpportunityCardConsequencesData_logId:1]
6429001,803,2:58:27,2,[OpportunityCardData_id:34,OpportunityCardConsequencesData_logId:2]
6429001,804,2:58:28,2,[OpportunityCardData_id:34]
6429001,814,2:58:29,2,[5]
6429001,815,2:58:29,2,5,OpportunityCardData_id:35
6429001,816,2:58:30,2,5,OpportunityCardData_id:35
6429001,803,2:58:32,2,[OpportunityCardData_id:35,OpportunityCardConsequencesData_logId:0]
6429001,803,2:58:32,2,[OpportunityCardData_id:35,OpportunityCardConsequencesData_logId:1]
6429001,803,2:58:33,2,[OpportunityCardData_id:35,OpportunityCardConsequencesData_logId:2]
6429001,805,2:58:33,2,[OpportunityCardData_id:35]
6429001,806,2:58:35,2,[OpportunityCardData_id:35,PriorityData_type:2]
6429001,807,2:58:36,2,[OpportunityCardData_id:35]
6429001,808,2:58:41,2,[OpportunityCardData_id:35]
6429001,809,2:58:47,2,[OpportunityCardData_id:35,Safe,false]
6429001,810,2:58:48,2,[OpportunityCardData_id:35,PriorityData_type:5,20,Safe,Safe]
6429001,814,2:58:50,2,[5]
6429001,815,2:58:50,2,5,OpportunityCardData_id:36
6429001,815,2:58:51,2,5,OpportunityCardData_id:37
6429001,816,2:58:52,2,5,OpportunityCardData_id:37
6429001,803,2:58:54,2,[OpportunityCardData_id:37,OpportunityCardConsequencesData_logId:0]
6429001,803,2:58:55,2,[OpportunityCardData_id:37,OpportunityCardConsequencesData_logId:2]
6429001,803,2:58:55,2,[OpportunityCardData_id:37,OpportunityCardConsequencesData_logId:1]
6429001,805,2:58:56,2,[OpportunityCardData_id:37]
6429001,806,2:58:59,2,[OpportunityCardData_id:37,PriorityData_type:3]
6429001,807,2:58:59,2,[OpportunityCardData_id:37]
6429001,808,2:59:3,2,[OpportunityCardData_id:37]
6429001,809,2:59:10,2,[OpportunityCardData_id:37,PriorityData_type:3,true]
6429001,810,2:59:10,2,[OpportunityCardData_id:37,PriorityData_type:5,10,Safe,Safe]
6429001,814,2:59:13,2,[3]
6429001,815,2:59:13,2,3,OpportunityCardData_id:21
6429001,815,2:59:15,2,3,OpportunityCardData_id:25
6429001,817,2:59:16,2,3
6429001,814,2:59:17,2,[4]
6429001,815,2:59:17,2,4,OpportunityCardData_id:22
6429001,815,2:59:19,2,4,OpportunityCardData_id:31
6429001,816,2:59:19,2,4,OpportunityCardData_id:31
6429001,803,2:59:20,2,[OpportunityCardData_id:31,OpportunityCardConsequencesData_logId:0]
6429001,803,2:59:21,2,[OpportunityCardData_id:31,OpportunityCardConsequencesData_logId:1]
6429001,803,2:59:21,2,[OpportunityCardData_id:31,OpportunityCardConsequencesData_logId:2]
6429001,805,2:59:22,2,[OpportunityCardData_id:31]
6429001,806,2:59:23,2,[OpportunityCardData_id:31,PriorityData_type:2]
6429001,807,2:59:24,2,[OpportunityCardData_id:31]
6429001,808,2:59:27,2,[OpportunityCardData_id:31]
6429001,809,2:59:34,2,[OpportunityCardData_id:31,Safe,false]
6429001,810,2:59:35,2,[OpportunityCardData_id:31,PriorityData_type:4,10,Safe,Safe]
6429001,814,2:59:37,2,[4]
6429001,815,2:59:37,2,4,OpportunityCardData_id:22
6429001,815,2:59:39,2,4,OpportunityCardData_id:30
6429001,816,2:59:40,2,4,OpportunityCardData_id:30
6429001,803,2:59:41,2,[OpportunityCardData_id:30,OpportunityCardConsequencesData_logId:0]
6429001,803,2:59:41,2,[OpportunityCardData_id:30,OpportunityCardConsequencesData_logId:1]
6429001,803,2:59:41,2,[OpportunityCardData_id:30,OpportunityCardConsequencesData_logId:2]
6429001,805,2:59:42,2,[OpportunityCardData_id:30]
6429001,806,2:59:44,2,[OpportunityCardData_id:30,PriorityData_type:1]
6429001,807,2:59:44,2,[OpportunityCardData_id:30]
6429001,808,2:59:47,2,[OpportunityCardData_id:30]
6429001,809,2:59:55,2,[OpportunityCardData_id:30,PriorityData_type:5,false]
6429001,810,2:59:56,2,[OpportunityCardData_id:30,PriorityData_type:4,10,PriorityData_type:5,10]
6429001,814,2:59:58,2,[5]
6429001,815,2:59:58,2,5,OpportunityCardData_id:36
6429001,816,3:0:1,2,5,OpportunityCardData_id:36
6429001,805,3:0:2,2,[OpportunityCardData_id:36]
6429001,806,3:0:4,2,[OpportunityCardData_id:36,PriorityData_type:1]
6429001,807,3:0:5,2,[OpportunityCardData_id:36]
6429001,808,3:0:7,2,[OpportunityCardData_id:36]
6429001,809,3:0:14,2,[OpportunityCardData_id:36,PriorityData_type:3,false]
6429001,810,3:0:15,2,[OpportunityCardData_id:36,PriorityData_type:5,5,PriorityData_type:3,10]
6429001,814,3:0:19,2,[3]
6429001,815,3:0:19,2,3,OpportunityCardData_id:21
6429001,815,3:0:20,2,3,OpportunityCardData_id:23
6429001,815,3:0:21,2,3,OpportunityCardData_id:21
6429001,816,3:0:22,2,3,OpportunityCardData_id:21
6429001,803,3:0:23,2,[OpportunityCardData_id:21,OpportunityCardConsequencesData_logId:0]
6429001,803,3:0:23,2,[OpportunityCardData_id:21,OpportunityCardConsequencesData_logId:2]
6429001,803,3:0:24,2,[OpportunityCardData_id:21,OpportunityCardConsequencesData_logId:1]
6429001,804,3:0:25,2,[OpportunityCardData_id:21]
6429001,814,3:0:26,2,[4]
6429001,815,3:0:26,2,4,OpportunityCardData_id:22
6429001,816,3:0:27,2,4,OpportunityCardData_id:22
6429001,803,3:0:29,2,[OpportunityCardData_id:22,OpportunityCardConsequencesData_logId:0]
6429001,803,3:0:29,2,[OpportunityCardData_id:22,OpportunityCardConsequencesData_logId:1]
6429001,805,3:0:30,2,[OpportunityCardData_id:22]
6429001,806,3:0:31,2,[OpportunityCardData_id:22,PriorityData_type:2]
6429001,807,3:0:32,2,[OpportunityCardData_id:22]
6429001,808,3:0:35,2,[OpportunityCardData_id:22]
6429001,809,3:0:40,2,[OpportunityCardData_id:22,PriorityData_type:2,true]
6429001,810,3:0:41,2,[OpportunityCardData_id:22,PriorityData_type:4,15,Safe,Safe]
6429001,811,3:0:43,2,[OpportunityCardData_id:22,PriorityData_type:3,80,50,PriorityData_type:5,80,70]
6429001,1005,3:0:43,2,[1,0,1]
6429001,1001,3:0:45,2,[]
6429001,1003,3:0:45,1
6429001,1004,3:0:46,4
6429001,1002,3:0:49,4
6429001,1003,3:0:49,1
6429001,210,3:0:53,796,478
6429001,211,3:0:55,799,499
6429001,213,3:0:55,2,s_bottleTable_G8a0,true
6429001,212,3:0:59,0
6429001,210,3:1:0,800,466
6429001,211,3:1:2,796,627
6429001,213,3:1:2,2,s_bottleFloor_G8a0,true
6429001,210,3:1:5,843,520
6429001,211,3:1:8,531,549
6429001,213,3:1:8,2,c_crush2_M_a_G8a0,true
6429001,205,3:1:8,2,c_crush2_M_a_G8a0,false,true
6429001,210,3:1:12,1089,430
6429001,207,3:1:12,2,-200,-410
6429001,211,3:1:15,1254,478
6429001,212,3:1:15,2
6429001,210,3:1:16,1277,276
6429001,207,3:1:22,2,-410,0
6429001,211,3:1:24,2,374
6429001,210,3:1:24,280,233
6429001,207,3:1:26,2,0,-492
6429001,211,3:1:28,1452,92
6429001,219,3:1:29,2
6429001,216,3:1:34,Stack_G8a0
6429001,217,3:1:52,Stack_G8a0,17,0.00
6429001,218,3:1:53,2
6429001,210,3:1:54,1168,492
6429001,211,3:1:56,1226,472
6429001,212,3:1:56,1
6429001,210,3:1:57,1327,350
6429001,211,3:2:1,1247,505
6429001,212,3:2:1,0
6429001,210,3:2:2,1063,221
6429001,211,3:2:6,1171,150
6429001,212,3:2:7,1
6429001,210,3:2:7,1476,126
6429001,211,3:2:8,1512,223
6429001,210,3:2:8,1499,511
6429001,211,3:2:8,1499,511
6429001,210,3:2:9,563,514
6429001,207,3:2:10,2,-492,-42
6429001,207,3:2:11,2,-42,0
6429001,211,3:2:13,399,147
6429001,213,3:2:13,2,s_clock_G8a0,true
6429001,205,3:2:13,2,s_clock_G8a0,false,false
6429001,212,3:2:18,2
6429001,210,3:2:18,806,575
6429001,211,3:2:22,782,233
6429001,212,3:2:23,0
6429001,210,3:2:23,615,224
6429001,211,3:2:25,698,542
6429001,212,3:2:26,1
6429001,210,3:2:26,694,491
6429001,211,3:2:28,890,496
6429001,213,3:2:28,2,s_cellphone_G8a0,true
6429001,205,3:2:28,2,s_cellphone_G8a0,false,false
6429001,212,3:2:34,2
6429001,210,3:2:35,812,542
6429001,211,3:2:38,1384,322
6429001,207,3:2:38,2,0,-390
6429001,212,3:2:38,1
6429001,212,3:2:39,0
6429001,212,3:2:40,2
6429001,210,3:2:41,748,379
6429001,211,3:2:45,1253,511
6429001,212,3:2:46,1
6429001,210,3:2:46,1005,371
6429001,207,3:2:50,2,-390,-492
6429001,211,3:2:53,1224,358
6429001,212,3:2:53,0
6429001,210,3:2:54,1170,268
6429001,211,3:2:54,1228,369
6429001,212,3:2:55,2
6429001,210,3:2:55,1178,340
6429001,211,3:2:59,695,545
6429001,212,3:3:0,1
6429001,210,3:3:0,732,524
6429001,211,3:3:2,694,530
6429001,212,3:3:2,0
6429001,210,3:3:3,732,468
6429001,207,3:3:4,2,-492,-237
6429001,211,3:3:5,1051,510
6429001,212,3:3:6,2
6429001,210,3:3:6,507,568
6429001,211,3:3:8,501,576
6429001,213,3:3:8,2,s_bottleCrush2_M_G8a0,true
6429001,205,3:3:8,2,s_bottleCrush2_M_G8a0,false,false
6429001,221,3:3:12,2
6429001,220,3:3:14,2
6429001,219,3:3:15,2
6429001,216,3:3:15,Stack_G8a1N
6429001,217,3:3:23,Stack_G8a1N,4.7,0.00
6429001,218,3:3:25,2
6429001,210,3:3:25,730,478
6429001,211,3:3:27,798,434
6429001,213,3:3:27,2,c_crush2_M_a_G8a1N,true
6429001,210,3:3:30,1185,452
6429001,207,3:3:30,2,-200,-492
6429001,211,3:3:36,1400,512
6429001,212,3:3:37,1
6429001,210,3:3:37,1351,459
6429001,207,3:3:41,2,-492,0
6429001,211,3:3:47,577,324
6429001,213,3:3:47,2,c_crush2_M_a_G8a1N,true
6429001,210,3:3:54,477,117
6429001,211,3:3:54,464,145
6429001,213,3:3:54,2,s_basementDoor_gen,true
6429001,205,3:3:54,2,s_basementDoor_gen,false,false
6429001,210,3:3:58,228,442
6429001,207,3:4:1,2,0,-492
6429001,211,3:4:2,1504,514
6429001,210,3:4:2,1378,472
6429001,211,3:4:3,1300,247
6429001,212,3:4:4,2
6429001,210,3:4:4,1119,502
6429001,211,3:4:8,1468,485
6429001,212,3:4:8,0
6429001,210,3:4:9,1471,572
6429001,211,3:4:10,1208,658
6429001,221,3:4:11,2
6429001,220,3:4:15,2
6429001,1003,3:4:15,3
6429001,1004,3:4:17,1
6429001,500,3:4:20,1,[]
6429001,501,3:4:22,1,[]
6429001,502,3:4:32,1,[IntentionData_logId:1,false]
6429001,503,3:4:34,1,[]
6429001,504,3:4:37,1,[InfluenceData_logId:1]
6429001,504,3:4:41,1,[InfluenceData_logId:3]
6429001,504,3:4:42,1,[InfluenceData_logId:4]
6429001,504,3:4:45,1,[InfluenceData_logId:8]
6429001,505,3:4:48,1,[InfluenceData_logId:1,true,InfluenceData_logId:4,true,InfluenceData_logId:8,true]
6429001,506,3:4:49,1,[]
6429001,507,3:5:0,1,[OpponentAttackData_logId:1,OpponentAttackTypeData_logId:3,false,30]
6429001,508,3:5:2,1,[]
6429001,509,3:5:4,1,[RefusalData_logId:0,0]
6429001,510,3:5:5,1,[AvailableRefusalData_logId:0,0B]
6429001,510,3:5:6,1,[AvailableRefusalData_logId:0,0C]
6429001,510,3:5:8,1,[AvailableRefusalData_logId:0,0A]
6429001,510,3:5:11,1,[AvailableRefusalData_logId:0,1A]
6429001,510,3:5:13,1,[AvailableRefusalData_logId:0,2A]
6429001,511,3:5:14,1,[AvailableRefusalData_logId:0,0A,1A,2A,true,20]
6429001,512,3:5:17,1,[]
6429001,513,3:5:17,1,[30]
6429001,514,3:5:20,1,[]
6429001,507,3:5:27,1,[OpponentAttackData_logId:0,OpponentAttackTypeData_logId:4,false,30]
6429001,508,3:5:30,1,[]
6429001,509,3:5:35,1,[RefusalData_logId:7,2]
6429001,510,3:5:38,1,[AvailableRefusalData_logId:7,0A]
6429001,510,3:5:39,1,[AvailableRefusalData_logId:7,1A]
6429001,510,3:5:41,1,[AvailableRefusalData_logId:7,2A]
6429001,511,3:5:42,1,[AvailableRefusalData_logId:7,0A,1A,2A,true,50]
6429001,512,3:5:45,1,[]
6429001,513,3:5:45,1,[0]
6429001,514,3:5:47,1,[]
6429001,507,3:5:53,1,[OpponentAttackData_logId:3,OpponentAttackTypeData_logId:3,false,30]
6429001,508,3:5:54,1,[]
6429001,509,3:5:58,1,[RefusalData_logId:2,1]
6429001,510,3:5:59,1,[AvailableRefusalData_logId:2,0A]
6429001,510,3:6:1,1,[AvailableRefusalData_logId:2,1A]
6429001,510,3:6:2,1,[AvailableRefusalData_logId:2,2A]
6429001,511,3:6:4,1,[AvailableRefusalData_logId:2,0A,1A,2A,true,30]
6429001,512,3:6:7,1,[]
6429001,515,3:6:7,1,[10,0]
6429001,516,3:6:7,1,[]
6429001,517,3:6:9,1,[]
6429001,1005,3:6:9,1,[3,0,1]
6429001,1000,3:6:11,1,[]
6429001,500,3:6:12,1,[]
6429001,501,3:6:13,1,[]
6429001,502,3:6:16,1,[IntentionData_logId:4,false]
6429001,503,3:6:22,1,[]
6429001,504,3:6:24,1,[InfluenceData_logId:0]
6429001,504,3:6:25,1,[InfluenceData_logId:3]
6429001,504,3:6:26,1,[InfluenceData_logId:7]
6429001,504,3:6:30,1,[InfluenceData_logId:1]
6429001,504,3:6:31,1,[InfluenceData_logId:7]
6429001,504,3:6:41,1,[InfluenceData_logId:6]
6429001,504,3:6:42,1,[InfluenceData_logId:8]
6429001,505,3:6:43,1,[InfluenceData_logId:1,true,InfluenceData_logId:3,false,InfluenceData_logId:8,true]
6429001,506,3:6:44,1,[]
6429001,507,3:6:53,1,[OpponentAttackData_logId:2,OpponentAttackTypeData_logId:2,false,30]
6429001,508,3:6:56,1,[]
6429001,509,3:6:58,1,[RefusalData_logId:7,2]
6429001,510,3:7:0,1,[AvailableRefusalData_logId:7,0A]
6429001,510,3:7:2,1,[AvailableRefusalData_logId:7,1A]
6429001,510,3:7:3,1,[AvailableRefusalData_logId:7,2A]
6429001,511,3:7:4,1,[AvailableRefusalData_logId:7,0A,1A,2A,true,50]
6429001,512,3:7:6,1,[]
6429001,513,3:7:6,1,[0]
6429001,514,3:7:9,1,[]
6429001,507,3:7:15,1,[OpponentAttackData_logId:0,OpponentAttackTypeData_logId:2,true,0]
6429001,508,3:7:18,1,[]
6429001,509,3:7:22,1,[RefusalData_logId:0,0]
6429001,510,3:7:25,1,[AvailableRefusalData_logId:0,0A]
6429001,510,3:7:26,1,[AvailableRefusalData_logId:0,1A]
6429001,510,3:7:27,1,[AvailableRefusalData_logId:0,2A]
6429001,510,3:7:31,1,[AvailableRefusalData_logId:0,0B]
6429001,510,3:7:32,1,[AvailableRefusalData_logId:0,1B]
6429001,510,3:7:45,1,[AvailableRefusalData_logId:0,0A]
6429001,510,3:7:47,1,[AvailableRefusalData_logId:0,1C]
6429001,510,3:7:50,1,[AvailableRefusalData_logId:0,1A]
6429001,511,3:7:52,1,[AvailableRefusalData_logId:0,0A,1A,2A,true,20]
6429001,512,3:7:54,1,[]
6429001,513,3:7:54,1,[30]
6429001,514,3:7:57,1,[]
6429001,507,3:8:5,1,[OpponentAttackData_logId:1,OpponentAttackTypeData_logId:4,false,30]
6429001,508,3:8:7,1,[]
6429001,509,3:8:9,1,[RefusalData_logId:2,1]
6429001,510,3:8:11,1,[AvailableRefusalData_logId:2,0A]
6429001,510,3:8:13,1,[AvailableRefusalData_logId:2,1A]
6429001,510,3:8:14,1,[AvailableRefusalData_logId:2,2A]
6429001,511,3:8:15,1,[AvailableRefusalData_logId:2,0A,1A,2A,true,30]
6429001,512,3:8:18,1,[]
6429001,515,3:8:18,1,[30,0]
6429001,516,3:8:20,1,[]
6429001,517,3:8:22,1,[]
6429001,1000,3:8:24,1,[]
6429001,500,3:8:24,1,[]
6429001,501,3:8:25,1,[]
6429001,502,3:8:35,1,[IntentionData_logId:3,true]
6429001,503,3:8:38,1,[]
6429001,504,3:8:40,1,[InfluenceData_logId:1]
6429001,504,3:8:44,1,[InfluenceData_logId:5]
6429001,504,3:8:45,1,[InfluenceData_logId:4]
6429001,504,3:8:48,1,[InfluenceData_logId:7]
6429001,504,3:8:53,1,[InfluenceData_logId:8]
6429001,505,3:8:54,1,[InfluenceData_logId:1,true,InfluenceData_logId:4,true,InfluenceData_logId:8,true]
6429001,506,3:8:55,1,[]
6429001,507,3:9:4,1,[OpponentAttackData_logId:2,OpponentAttackTypeData_logId:3,true,0]
6429001,508,3:9:6,1,[]
6429001,509,3:9:9,1,[RefusalData_logId:0,0]
6429001,510,3:9:11,1,[AvailableRefusalData_logId:0,0A]
6429001,510,3:9:14,1,[AvailableRefusalData_logId:0,0B]
6429001,510,3:9:15,1,[AvailableRefusalData_logId:0,1B]
6429001,510,3:9:17,1,[AvailableRefusalData_logId:0,0C]
6429001,510,3:9:18,1,[AvailableRefusalData_logId:0,1C]
6429001,510,3:9:19,1,[AvailableRefusalData_logId:0,2C]
6429001,510,3:9:20,1,[AvailableRefusalData_logId:0,0A]
6429001,510,3:9:22,1,[AvailableRefusalData_logId:0,2A]
6429001,510,3:9:23,1,[AvailableRefusalData_logId:0,1A]
6429001,511,3:9:24,1,[AvailableRefusalData_logId:0,0A,1A,2A,true,20]
6429001,512,3:9:26,1,[]
6429001,513,3:9:26,1,[30]
6429001,514,3:9:29,1,[]
6429001,507,3:9:34,1,[OpponentAttackData_logId:0,OpponentAttackTypeData_logId:4,false,30]
6429001,508,3:9:36,1,[]
6429001,509,3:9:40,1,[RefusalData_logId:4,2]
6429001,510,3:9:44,1,[AvailableRefusalData_logId:4,0B]
6429001,510,3:9:47,1,[AvailableRefusalData_logId:4,1B]
6429001,510,3:9:50,1,[AvailableRefusalData_logId:4,0C]
6429001,510,3:9:53,1,[AvailableRefusalData_logId:4,1C]
6429001,510,3:9:55,1,[AvailableRefusalData_logId:4,0A]
6429001,510,3:9:59,1,[AvailableRefusalData_logId:4,1A]
6429001,510,3:10:1,1,[AvailableRefusalData_logId:4,2A]
6429001,511,3:10:2,1,[AvailableRefusalData_logId:4,0A,1A,2A,true,50]
6429001,512,3:10:4,1,[]
6429001,513,3:10:4,1,[0]
6429001,514,3:10:5,1,[]
6429001,507,3:10:9,1,[OpponentAttackData_logId:3,OpponentAttackTypeData_logId:4,true,0]
6429001,508,3:10:11,1,[]
6429001,509,3:10:13,1,[RefusalData_logId:2,1]
6429001,510,3:10:15,1,[AvailableRefusalData_logId:2,0A]
6429001,510,3:10:18,1,[AvailableRefusalData_logId:2,1A]
6429001,510,3:10:20,1,[AvailableRefusalData_logId:2,2A]
6429001,511,3:10:21,1,[AvailableRefusalData_logId:2,0A,1A,2A,true,30]
6429001,512,3:10:24,1,[]
6429001,515,3:10:24,1,[90,0]
6429001,516,3:10:24,1,[]
6429001,517,3:10:25,1,[]
6429001,1005,3:10:25,1,[3,1,2]
6429001,1001,3:10:27,1,[]
6429001,1003,3:10:27,3
6429001,1004,3:10:28,4
6429001,500,3:10:38,4,[]
6429001,501,3:10:41,4,[]
6429001,502,3:10:51,4,[IntentionData_logId:1,true]
6429001,503,3:10:52,4,[]
6429001,504,3:10:54,4,[InfluenceData_logId:0]
6429001,504,3:10:56,4,[InfluenceData_logId:3]
6429001,504,3:10:59,4,[InfluenceData_logId:5]
6429001,504,3:11:2,4,[InfluenceData_logId:6]
6429001,505,3:11:2,4,[InfluenceData_logId:0,true,InfluenceData_logId:5,true,InfluenceData_logId:6,true]
6429001,506,3:11:3,4,[]
6429001,507,3:11:17,4,[OpponentAttackData_logId:2,OpponentAttackTypeData_logId:0,false,30]
6429001,508,3:11:19,4,[]
6429001,509,3:11:23,4,[RefusalData_logId:3,2]
6429001,510,3:11:27,4,[AvailableRefusalData_logId:3,0C]
6429001,510,3:11:31,4,[AvailableRefusalData_logId:3,0A]
6429001,510,3:11:36,4,[AvailableRefusalData_logId:3,1A]
6429001,510,3:11:39,4,[AvailableRefusalData_logId:3,0B]
6429001,510,3:11:41,4,[AvailableRefusalData_logId:3,1B]
6429001,510,3:11:42,4,[AvailableRefusalData_logId:3,0C]
6429001,510,3:11:44,4,[AvailableRefusalData_logId:3,1A]
6429001,510,3:11:46,4,[AvailableRefusalData_logId:3,0A]
6429001,510,3:11:48,4,[AvailableRefusalData_logId:3,0B]
6429001,510,3:11:49,4,[AvailableRefusalData_logId:3,1C]
6429001,510,3:11:53,4,[AvailableRefusalData_logId:3,0C]
6429001,510,3:11:53,4,[AvailableRefusalData_logId:3,1B]
6429001,510,3:11:54,4,[AvailableRefusalData_logId:3,0B]
6429001,510,3:11:55,4,[AvailableRefusalData_logId:3,2B]
6429001,511,3:11:56,4,[AvailableRefusalData_logId:3,0B,1B,2B,false,0]
6429001,512,3:11:58,4,[]
6429001,513,3:11:58,4,[30]
6429001,514,3:12:1,4,[]
6429001,507,3:12:5,4,[OpponentAttackData_logId:0,OpponentAttackTypeData_logId:3,false,30]
6429001,508,3:12:7,4,[]
6429001,1002,3:12:10,4
6429001,1003,3:12:10,3
6429001,210,3:12:13,1258,379
6429001,207,3:12:13,2,-200,-492
6429001,211,3:12:20,1435,566
6429001,212,3:12:20,2
6429001,210,3:12:21,1211,313
6429001,211,3:12:21,1199,155
6429001,221,3:12:22,2
6429001,220,3:12:27,2
6429001,212,3:12:28,0
6429001,210,3:12:29,1126,491
6429001,211,3:12:31,391,590
6429001,207,3:12:31,2,-492,-372
6429001,207,3:12:31,2,-372,-327
6429001,210,3:12:31,422,598
6429001,211,3:12:33,269,592
6429001,207,3:12:33,2,-327,-252
6429001,207,3:12:33,2,-252,-207
6429001,210,3:12:33,288,570
6429001,207,3:12:34,2,-207,0
6429001,211,3:12:36,476,603
6429001,213,3:12:36,2,s_dryer_G8a1N,true
6429001,212,3:12:37,2
6429001,221,3:12:40,2
6429001,220,3:12:43,2
6429001,212,3:12:43,1
6429001,210,3:12:44,705,412
6429001,211,3:12:45,565,621
6429001,213,3:12:45,2,s_dirtyClothes_gen,true
6429001,205,3:12:45,2,s_dirtyClothes_gen,false,false
6429001,210,3:12:51,727,542
6429001,211,3:12:52,1049,596
6429001,207,3:12:52,2,0,-45
6429001,212,3:12:52,2
6429001,210,3:12:53,692,541
6429001,211,3:12:54,1032,495
6429001,207,3:12:54,2,-45,-75
6429001,212,3:12:54,0
6429001,210,3:12:55,772,541
6429001,211,3:12:55,748,554
6429001,213,3:12:55,2,s_crush2Lips_M_G8a1N,true
6429001,205,3:12:55,2,s_crush2Lips_M_G8a1N,false,false
6429001,210,3:12:59,1021,490
6429001,207,3:13:0,2,-75,-492
6429001,207,3:13:6,2,-492,-252
6429001,207,3:13:8,2,-252,0
6429001,211,3:13:8,105,490
6429001,221,3:13:9,2
6429001,220,3:13:12,2
6429001,210,3:13:14,77,490
6429001,207,3:13:18,2,0,-492
6429001,211,3:13:27,225,223
6429001,207,3:13:27,2,-492,-207
6429001,210,3:13:27,165,495
6429001,207,3:13:28,2,-207,0
6429001,211,3:13:32,527,590
6429001,210,3:13:34,547,545
6429001,211,3:13:38,795,391
6429001,213,3:13:38,2,s_crush2Eyes_M_G8a1N,true
6429001,205,3:13:38,2,s_crush2Eyes_M_G8a1N,false,false
6429001,213,3:13:43,2,s_dryer_G8a1N,true
6429001,221,3:13:43,2
6429001,220,3:13:47,2
6429001,210,3:13:47,693,522
6429001,211,3:13:49,703,521
6429001,213,3:13:49,2,s_crush2Sore_M_G8a1N,true
6429001,205,3:13:49,2,s_crush2Sore_M_G8a1N,false,false
6429001,221,3:13:53,2
6429001,220,3:13:54,2
6429001,219,3:13:56,2
6429001,216,3:13:57,Stack_G8a3N
6429001,217,3:14:4,Stack_G8a3N,5.0,0.83
6429001,218,3:14:6,2
6429001,210,3:14:7,455,501
6429001,211,3:14:8,850,447
6429001,213,3:14:8,2,c_nurse_a_G8a3N,true
6429001,1003,3:14:13,0
6429001,1004,3:14:14,1
6429001,400,3:14:24,1,[]
6429001,401,3:14:34,1,[StatementsData_logId:0]
6429001,403,3:14:36,1,[StatementsData_logId:0,false]
6429001,405,3:14:36,1,[StatementsData_logId:0]
6429001,406,3:14:38,1,[StatementsData_logId:0,-2]
6429001,411,3:14:39,1,[StatementsData_logId:0]
6429001,401,3:14:40,1,[StatementsData_logId:1]
6429001,404,3:14:41,1,[StatementsData_logId:1,false]
6429001,405,3:14:42,1,[StatementsData_logId:1]
6429001,406,3:14:43,1,[StatementsData_logId:1,-2]
6429001,411,3:14:44,1,[StatementsData_logId:1]
6429001,401,3:14:45,1,[StatementsData_logId:2]
6429001,403,3:14:46,1,[StatementsData_logId:2,true]
6429001,405,3:14:46,1,[StatementsData_logId:2]
6429001,406,3:14:47,1,[StatementsData_logId:2,2]
6429001,407,3:14:47,1,[StatementsData_logId:2,FactCardData_id:24]
6429001,407,3:14:47,1,[StatementsData_logId:2,FactCardData_id:26]
6429001,407,3:14:47,1,[StatementsData_logId:2,FactCardData_id:25]
6429001,407,3:14:47,1,[StatementsData_logId:2,FactCardData_id:20]
6429001,407,3:14:47,1,[StatementsData_logId:2,FactCardData_id:23]
6429001,407,3:14:47,1,[StatementsData_logId:2,FactCardData_id:22]
6429001,407,3:14:49,1,[StatementsData_logId:2,FactCardData_id:24]
6429001,407,3:14:49,1,[StatementsData_logId:2,FactCardData_id:24]
6429001,408,3:14:50,1,[StatementsData_logId:2,FactCardData_id:24,true]
6429001,409,3:14:50,1,[StatementsData_logId:2]
6429001,410,3:14:51,1,[StatementsData_logId:2,2]
6429001,412,3:14:52,1,[StatementsData_logId:2]
6429001,413,3:14:54,1,[StatementsData_logId:2,DuelResponsesData_logId:0]
6429001,414,3:14:55,1,[StatementsData_logId:2,DuelResponsesData_logId:0]
6429001,415,3:14:58,1,[StatementsData_logId:2,DuelResponsesData_logId:0,DuelResponsesData_ok_player_response]
6429001,416,3:14:59,1,[StatementsData_logId:2,DuelResponsesData_logId:0]
6429001,417,3:14:59,1,[StatementsData_logId:2,DuelResponsesData_logId:0]
6429001,413,3:15:0,1,[StatementsData_logId:2,DuelResponsesData_logId:1]
6429001,414,3:15:1,1,[StatementsData_logId:2,DuelResponsesData_logId:1]
6429001,415,3:15:3,1,[StatementsData_logId:2,DuelResponsesData_logId:1,DuelResponsesData_lame_player_response]
6429001,416,3:15:4,1,[StatementsData_logId:2,DuelResponsesData_logId:1]
6429001,417,3:15:4,1,[StatementsData_logId:2,DuelResponsesData_logId:1]
6429001,1002,3:15:7,1
6429001,1003,3:15:7,0
6429001,210,3:15:15,426,246
6429001,211,3:15:16,97,156
6429001,207,3:15:16,2,-200,-80
6429001,207,3:15:16,2,-80,-20
6429001,210,3:15:16,99,191
6429001,211,3:15:18,1042,281
6429001,207,3:15:18,2,-20,-65
6429001,210,3:15:19,1144,471
6429001,207,3:15:19,2,-65,-260
6429001,207,3:15:20,2,-260,-492
6429001,207,3:15:22,2,-492,-207
6429001,211,3:15:24,892,428
6429001,213,3:15:24,2,c_nurse_a_G8a3N,true
6429001,1003,3:15:27,0
6429001,1004,3:15:28,1
6429001,400,3:15:40,1,[]
6429001,401,3:15:45,1,[StatementsData_logId:0]
6429001,402,3:15:47,1,[StatementsData_logId:0,true]
6429001,405,3:15:48,1,[StatementsData_logId:0]
6429001,406,3:15:49,1,[StatementsData_logId:0,2]
6429001,411,3:15:50,1,[StatementsData_logId:0]
6429001,401,3:15:55,1,[StatementsData_logId:1]
6429001,402,3:15:58,1,[StatementsData_logId:1,true]
6429001,405,3:15:59,1,[StatementsData_logId:1]
6429001,406,3:16:2,1,[StatementsData_logId:1,2]
6429001,411,3:16:4,1,[StatementsData_logId:1]
6429001,401,3:16:6,1,[StatementsData_logId:2]
6429001,402,3:16:7,1,[StatementsData_logId:2,false]
6429001,405,3:16:9,1,[StatementsData_logId:2]
6429001,406,3:16:10,1,[StatementsData_logId:2,-2]
6429001,411,3:16:12,1,[StatementsData_logId:2]
6429001,401,3:16:14,1,[StatementsData_logId:3]
6429001,402,3:16:16,1,[StatementsData_logId:3,true]
6429001,405,3:16:17,1,[StatementsData_logId:3]
6429001,406,3:16:18,1,[StatementsData_logId:3,2]
6429001,411,3:16:19,1,[StatementsData_logId:3]
6429001,401,3:16:32,1,[StatementsData_logId:4]
6429001,404,3:16:45,1,[StatementsData_logId:4,false]
6429001,405,3:16:46,1,[StatementsData_logId:4]
6429001,406,3:16:48,1,[StatementsData_logId:4,-2]
6429001,411,3:17:2,1,[StatementsData_logId:4]
6429001,1002,3:18:5,1
6429001,1003,3:18:5,0
6429001,210,3:18:14,606,335
6429001,211,3:18:16,527,194
6429001,213,3:18:16,2,s_pamphlet3_G8a3N,true
6429001,205,3:18:16,2,s_pamphlet3_G8a3N,false,false
6429001,210,3:18:21,162,561
6429001,207,3:18:21,2,-200,0
6429001,211,3:18:24,129,585
6429001,212,3:18:25,1
6429001,212,3:18:25,2
6429001,221,3:18:35,2
6429001,220,3:18:53,2
6429001,212,3:18:55,0
6429001,210,3:19:0,234,190
6429001,207,3:19:0,2,-200,-65
6429001,207,3:19:1,2,-65,0
6429001,211,3:19:1,2,105
6429001,210,3:19:1,39,52
6429001,211,3:19:3,2,218
6429001,210,3:19:4,64,213
6429001,211,3:19:6,317,36
6429001,210,3:19:19,997,542
6429001,207,3:19:19,2,0,-255
6429001,211,3:19:20,1080,513
6429001,210,3:19:20,960,495
6429001,207,3:19:24,2,-255,-300
6429001,207,3:19:25,2,-300,-492
6429001,211,3:19:33,1292,564
6429001,212,3:19:34,1
6429001,210,3:19:34,1198,471
6429001,211,3:19:37,592,622
6429001,213,3:19:37,2,s_dirtyClothes_gen,true
6429001,205,3:19:37,2,s_dirtyClothes_gen,false,true
6429001,221,3:19:42,2
6429001,220,3:19:44,2
6429001,213,3:19:44,2,c_crush2_M_a_G8a1N,true
6429001,221,3:19:48,2
6429001,220,3:19:50,2
6429001,210,3:19:50,562,491
6429001,211,3:19:51,552,553
6429001,213,3:19:51,2,c_friend1_M_G8a0,true
6429001,210,3:19:53,718,408
6429001,211,3:19:58,413,145
6429001,213,3:19:58,2,s_clock_G8a0,true
6429001,205,3:19:58,2,s_clock_G8a0,false,true
6429001,221,3:20:1,2
6429001,220,3:20:2,2
6429001,1003,3:20:2,3
6429001,1004,3:20:3,4
6429001,500,3:20:7,4,[]
6429001,501,3:20:9,4,[]
6429001,502,3:20:13,4,[IntentionData_logId:1,true]
6429001,503,3:20:14,4,[]
6429001,504,3:20:16,4,[InfluenceData_logId:0]
6429001,504,3:20:18,4,[InfluenceData_logId:5]
6429001,504,3:20:19,4,[InfluenceData_logId:8]
6429001,504,3:20:20,4,[InfluenceData_logId:6]
6429001,505,3:20:21,4,[InfluenceData_logId:0,true,InfluenceData_logId:5,true,InfluenceData_logId:6,true]
6429001,506,3:20:22,4,[]
6429001,507,3:20:28,4,[OpponentAttackData_logId:3,OpponentAttackTypeData_logId:3,true,0]
6429001,508,3:20:30,4,[]
6429001,509,3:20:33,4,[RefusalData_logId:3,2]
6429001,510,3:20:35,4,[AvailableRefusalData_logId:3,0C]
6429001,510,3:20:38,4,[AvailableRefusalData_logId:3,1A]
6429001,510,3:20:39,4,[AvailableRefusalData_logId:3,0A]
6429001,510,3:20:43,4,[AvailableRefusalData_logId:3,0C]
6429001,510,3:20:46,4,[AvailableRefusalData_logId:3,0B]
6429001,510,3:20:51,4,[AvailableRefusalData_logId:3,1C]
6429001,510,3:20:54,4,[AvailableRefusalData_logId:3,2A]
6429001,510,3:20:55,4,[AvailableRefusalData_logId:3,0C]
6429001,510,3:20:57,4,[AvailableRefusalData_logId:3,0A]
6429001,510,3:20:59,4,[AvailableRefusalData_logId:3,1A]
6429001,510,3:21:0,4,[AvailableRefusalData_logId:3,1B]
6429001,510,3:21:0,4,[AvailableRefusalData_logId:3,2B]
6429001,510,3:21:2,4,[AvailableRefusalData_logId:3,0C]
6429001,510,3:21:4,4,[AvailableRefusalData_logId:3,0B]
6429001,510,3:21:6,4,[AvailableRefusalData_logId:3,2C]
6429001,510,3:21:8,4,[AvailableRefusalData_logId:3,1C]
6429001,510,3:21:15,4,[AvailableRefusalData_logId:3,2A]
6429001,510,3:21:15,4,[AvailableRefusalData_logId:3,2C]
6429001,510,3:21:16,4,[AvailableRefusalData_logId:3,2A]
6429001,510,3:21:19,4,[AvailableRefusalData_logId:3,0A]
6429001,510,3:21:22,4,[AvailableRefusalData_logId:3,0B]
6429001,510,3:21:24,4,[AvailableRefusalData_logId:3,2C]
6429001,511,3:21:30,4,[AvailableRefusalData_logId:3,0B,1C,2C,false,0]
6429001,512,3:21:33,4,[]
6429001,513,3:21:33,4,[30]
6429001,514,3:21:35,4,[]
6429001,507,3:21:40,4,[OpponentAttackData_logId:2,OpponentAttackTypeData_logId:4,true,0]
6429001,508,3:21:42,4,[]
6429001,509,3:21:44,4,[RefusalData_logId:7,0]
6429001,510,3:21:47,4,[AvailableRefusalData_logId:7,0B]
6429001,510,3:21:49,4,[AvailableRefusalData_logId:7,1B]
6429001,510,3:21:50,4,[AvailableRefusalData_logId:7,2B]
6429001,511,3:21:51,4,[AvailableRefusalData_logId:7,0B,1B,2B,false,0]
6429001,512,3:21:53,4,[]
6429001,513,3:21:53,4,[30]
6429001,514,3:21:56,4,[]
6429001,507,3:22:0,4,[OpponentAttackData_logId:1,OpponentAttackTypeData_logId:0,false,30]
6429001,508,3:22:2,4,[]
6429001,509,3:22:5,4,[RefusalData_logId:6,2]
6429001,510,3:22:7,4,[AvailableRefusalData_logId:6,0C]
6429001,510,3:22:10,4,[AvailableRefusalData_logId:6,0B]
6429001,510,3:22:12,4,[AvailableRefusalData_logId:6,1B]
6429001,510,3:22:15,4,[AvailableRefusalData_logId:6,2B]
6429001,510,3:22:16,4,[AvailableRefusalData_logId:6,0C]
6429001,510,3:22:18,4,[AvailableRefusalData_logId:6,2A]
6429001,510,3:22:18,4,[AvailableRefusalData_logId:6,1A]
6429001,510,3:22:21,4,[AvailableRefusalData_logId:6,1C]
6429001,510,3:22:35,4,[AvailableRefusalData_logId:6,2B]
6429001,510,3:22:36,4,[AvailableRefusalData_logId:6,2C]
6429001,510,3:22:37,4,[AvailableRefusalData_logId:6,0A]
6429001,511,3:22:38,4,[AvailableRefusalData_logId:6,0A,1C,2C,false,0]
6429001,512,3:22:40,4,[]
6429001,513,3:22:40,4,[30]
6429001,514,3:22:43,4,[]
6429001,1002,3:22:46,4
6429001,1003,3:22:46,3
6429001,210,3:22:53,907,517
6429001,211,3:22:53,803,517
6429001,210,3:22:53,801,521
6429001,211,3:22:54,718,505
6429001,221,3:23:0,2
6429001,220,3:23:4,2
6429001,210,3:23:9,455,494
6429001,211,3:23:10,470,491
6429001,213,3:23:10,2,s_mirror_cauc_M_a_G8a3N,true
6429001,205,3:23:10,2,s_mirror_cauc_M_a_G8a3N,false,false
6429001,212,3:23:15,0
6429001,210,3:23:15,858,394
6429001,211,3:23:16,860,414
6429001,213,3:23:16,2,c_nurse_a_G8a3N,true
6429001,210,3:23:21,1141,323
6429001,207,3:23:21,2,-200,-305
6429001,211,3:23:23,1138,504
6429001,213,3:23:23,2,s_phone_G8a3N,true
6429001,210,3:23:25,1145,362
6429001,207,3:23:26,2,-305,-492
6429001,207,3:23:33,2,-492,0
6429001,211,3:23:37,183,565
6429001,213,3:23:37,2,s_pamphlet1_G8a3N,true
6429001,205,3:23:37,2,s_pamphlet1_G8a3N,false,false
6429001,210,3:23:40,590,452
6429001,211,3:23:49,254,645
6429001,212,3:23:56,1
6429001,210,3:23:56,484,539
6429001,211,3:23:58,679,401
6429001,210,3:24:30,559,324
6429001,211,3:24:44,679,424
6429001,210,3:24:45,540,289
6429001,211,3:25:2,599,573
6429001,212,3:25:3,2
6429001,210,3:25:4,541,433
6429001,211,3:25:12,432,689
6429001,210,3:25:13,861,358
6429001,211,3:25:21,506,691
6429001,210,3:25:22,764,536
6429001,207,3:25:26,2,0,-150
6429001,207,3:25:28,2,-150,0
6429001,211,3:25:29,89,656
6429001,210,3:25:30,653,289
6429001,211,3:25:30,462,574
6429001,210,3:25:31,265,595
6429001,211,3:25:36,194,197
6429001,213,3:25:36,2,s_door_G8a3N,true
6429001,207,3:25:45,2,0,0
6429001,210,3:25:45,555,347
6429001,207,3:25:45,2,0,0
6429001,211,3:25:48,765,430
6429001,210,3:25:49,422,443
6429001,211,3:25:56,522,418
6429001,210,3:25:56,464,332
6429001,211,3:25:58,574,280
6429001,210,3:25:59,560,259
6429001,211,3:26:1,558,260
6429001,210,3:26:2,480,331
6429001,207,3:26:7,2,0,0
6429001,211,3:26:9,363,583
6429001,210,3:26:10,459,494
6429001,211,3:26:14,488,398
6429001,210,3:26:14,1091,277
6429001,211,3:26:15,1447,282
6429001,207,3:26:15,2,0,-450
6429001,210,3:26:16,380,543
6429001,207,3:26:17,2,-450,0
6429001,211,3:26:17,11,549
6429001,210,3:26:17,1076,511
6429001,211,3:26:18,1241,511
6429001,207,3:26:18,2,0,-240
6429001,210,3:26:18,192,568
6429001,211,3:26:18,87,568
6429001,207,3:26:18,2,-240,-60
6429001,210,3:26:18,1127,518
6429001,211,3:26:18,1157,518
6429001,207,3:26:18,2,-60,-150
6429001,210,3:26:19,102,573
6429001,211,3:26:19,57,573
6429001,207,3:26:19,2,-150,-30
6429001,207,3:26:19,2,-30,-90
6429001,207,3:26:19,2,-90,-150
6429001,210,3:26:20,102,566
6429001,207,3:26:20,2,-150,0
6429001,211,3:26:20,27,566
6429001,210,3:26:20,1085,519
6429001,211,3:26:20,1115,519
6429001,207,3:26:20,2,0,-105
6429001,210,3:26:20,52,563
6429001,207,3:26:20,2,-105,0
6429001,211,3:26:21,20,563
6429001,210,3:26:21,9,556
6429001,211,3:26:22,9,556
6429001,210,3:26:22,1081,527
6429001,211,3:26:22,1267,532
6429001,207,3:26:22,2,0,-255
6429001,210,3:26:23,231,564
6429001,207,3:26:23,2,-255,0
6429001,211,3:26:24,67,562
6429001,210,3:26:24,1079,534
6429001,211,3:26:25,1359,536
6429001,207,3:26:25,2,0,-360
6429001,210,3:26:25,435,562
6429001,211,3:26:26,425,561
6429001,207,3:26:26,2,-360,-345
6429001,210,3:26:26,330,563
6429001,207,3:26:27,2,-345,0
6429001,211,3:26:27,60,563
6429001,210,3:26:28,1047,528
6429001,211,3:26:29,1422,528
6429001,207,3:26:29,2,0,-450
6429001,210,3:26:29,424,568
6429001,207,3:26:30,2,-450,0
6429001,211,3:26:30,49,568
6429001,210,3:26:30,1058,526
6429001,207,3:26:31,2,0,-492
6429001,211,3:26:32,1506,554
6429001,210,3:26:32,444,564
6429001,207,3:26:33,2,-492,0
6429001,211,3:26:34,56,559
6429001,210,3:26:34,1086,544
6429001,207,3:26:35,2,0,-492
6429001,211,3:26:37,1446,537
6429001,210,3:26:37,488,490
6429001,207,3:26:38,2,-492,-72
6429001,207,3:26:38,2,-72,0
6429001,211,3:26:39,16,563
6429001,210,3:26:39,17,552
6429001,211,3:26:40,17,552
6429001,210,3:26:40,1057,490
6429001,211,3:26:40,1215,500
6429001,207,3:26:40,2,0,-240
6429001,210,3:26:40,190,559
6429001,211,3:26:41,130,559
6429001,207,3:26:41,2,-240,-105
6429001,207,3:26:41,2,-105,-165
6429001,210,3:26:41,1205,520
6429001,211,3:26:41,1309,520
6429001,207,3:26:41,2,-165,-330
6429001,210,3:26:42,314,568
6429001,211,3:26:42,179,568
6429001,207,3:26:42,2,-330,-135
6429001,210,3:26:42,1191,505
6429001,211,3:26:42,1281,505
6429001,207,3:26:42,2,-135,-300
6429001,210,3:26:43,276,565
6429001,211,3:26:43,156,565
6429001,207,3:26:43,2,-300,-105
6429001,210,3:26:43,85,565
6429001,211,3:26:43,85,565
6429001,207,3:26:43,2,-105,-30
6429001,207,3:26:43,2,-30,0
6429001,210,3:26:43,56,564
6429001,211,3:26:43,56,564
6429001,210,3:26:44,1062,524
6429001,211,3:26:44,1297,530
6429001,207,3:26:44,2,0,-315
6429001,207,3:26:45,2,-315,-255
6429001,207,3:26:45,2,-255,-300
6429001,210,3:26:45,272,575
6429001,211,3:26:45,257,575
6429001,207,3:26:45,2,-300,-210
6429001,207,3:26:45,2,-210,-255
6429001,207,3:26:46,2,-255,-195
6429001,210,3:26:46,1102,474
6429001,211,3:26:46,1102,495
6429001,212,3:26:47,0
6429001,210,3:26:48,1065,476
6429001,211,3:26:49,874,525
6429001,213,3:26:49,2,c_nurse_a_G8a3N,true
6429001,210,3:26:54,893,487
6429001,207,3:26:56,2,-195,-315
6429001,207,3:26:57,2,-315,-492
6429001,211,3:27:2,689,546
6429001,213,3:27:2,2,c_nurse_a_G8a3N,true
6429001,1003,3:27:5,0
6429001,210,3:27:10,1059,415
6429001,211,3:27:11,1057,414
6429001,210,3:27:11,667,391
6429001,211,3:27:12,672,400
6429001,210,3:27:12,1102,403
6429001,211,3:27:12,1102,403
6429001,210,3:27:13,606,374
6429001,211,3:27:13,606,374
6429001,207,3:27:13,2,-200,-245
6429001,210,3:27:14,641,379
6429001,211,3:27:14,670,391
6429001,210,3:27:15,1054,437
6429001,211,3:27:18,1079,469
6429001,210,3:27:19,669,459
6429001,211,3:27:20,629,501
6429001,210,3:27:20,936,525
6429001,211,3:27:22,928,525
6429001,210,3:27:22,651,452
6429001,211,3:27:23,635,497
6429001,210,3:27:23,946,516
6429001,211,3:27:24,946,516
6429001,210,3:27:24,642,480
6429001,211,3:27:24,642,480
6429001,210,3:27:25,933,489
6429001,211,3:27:25,933,489
6429001,210,3:27:25,618,506
6429001,211,3:27:25,618,506
6429001,210,3:27:25,957,479
6429001,211,3:27:25,957,479
6429001,210,3:27:26,970,496
6429001,211,3:27:26,970,496
6429001,210,3:27:27,664,476
6429001,211,3:27:27,664,476
6429001,210,3:27:27,670,467
6429001,211,3:27:30,625,486
6429001,210,3:28:15,844,189
6429001,211,3:28:15,927,316
6429001,213,3:28:15,2,c_nurse_a_G8a3N,true
6429001,210,3:28:19,631,89
6429001,211,3:28:24,533,190
6429001,213,3:28:24,2,s_pamphlet3_G8a3N,true
6429001,205,3:28:24,2,s_pamphlet3_G8a3N,false,true
6429001,210,3:28:28,596,238
6429001,211,3:28:40,472,364
6429001,204,3:28:40,2
6429001,100,3:28:42,4
6429001,102,3:28:44,4
6429001,200,3:28:44,4,3,7,6,4,9
6429001,219,3:28:44,4
6429001,216,3:28:45,Stack_G9a0
6429001,217,3:28:49,Stack_G9a0,2.6,14
6429001,218,3:28:50,4
6429001,210,3:28:51,650,435
6429001,211,3:28:52,484,485
6429001,210,3:28:53,917,551
6429001,207,3:28:54,4,-200,-410
6429001,211,3:28:55,1283,575
6429001,212,3:28:55,1
6429001,210,3:28:55,1351,588
6429001,211,3:28:56,1273,528
6429001,221,3:28:56,4
6429001,220,3:29:1,4
6429001,212,3:29:1,2
6429001,210,3:29:2,989,525
6429001,207,3:29:5,4,-410,0
6429001,211,3:29:6,200,215
6429001,219,3:29:6,4
6429001,216,3:29:7,Stack_G9a1N
6429001,217,3:29:18,Stack_G9a1N,8.7,0.00
6429001,218,3:29:20,4
6429001,210,3:29:24,1113,250
6429001,211,3:29:24,1110,340
6429001,213,3:29:24,4,c_cousinsBrothersFriend_a_G9a1N,true
6429001,210,3:29:26,771,345
6429001,211,3:29:27,952,185
6429001,212,3:29:28,1
6429001,210,3:29:29,895,223
6429001,211,3:29:30,945,194
6429001,213,3:29:30,4,c_policeOfficer_G9a1N,true
6429001,205,3:29:30,4,c_policeOfficer_G9a1N,false,false
6429001,210,3:29:33,457,402
6429001,207,3:29:34,4,-200,0
6429001,211,3:29:37,352,445
6429001,212,3:29:37,2
6429001,210,3:29:38,141,540
6429001,211,3:29:41,542,313
6429001,213,3:29:41,4,s_bathingSuits_G9a1N,true
6429001,210,3:29:44,566,400
6429001,211,3:29:45,569,424
6429001,213,3:29:45,4,s_bathingSuits_G9a1N,true
6429001,210,3:29:48,546,102
6429001,207,3:29:49,4,0,-150
6429001,211,3:29:50,819,214
6429001,213,3:29:50,4,s_policeCar_G9a1N,true
6429001,210,3:29:53,1061,301
6429001,207,3:29:55,4,-150,-1031.4
6429001,211,3:29:57,1894,379
6429001,212,3:29:58,1
6429001,210,3:29:59,1903,364
6429001,211,3:30:3,1666,187
6429001,213,3:30:3,4,s_potSmokeCloud_G9a1N,true
6429001,210,3:30:5,1617,370
6429001,207,3:30:6,4,-1031.4,-1031.4
6429001,211,3:30:7,2044,211
6429001,213,3:30:7,4,s_poolNight_ruleSign_G9a1N,true
6429001,210,3:30:10,1299,208
6429001,211,3:30:13,1213,567
6429001,212,3:30:13,2
6429001,210,3:30:14,1553,487
6429001,211,3:30:15,973,436
6429001,207,3:30:15,4,-1031.4,-956.4
6429001,210,3:30:15,900,475
6429001,207,3:30:17,4,-956.4,-251.4
6429001,211,3:30:17,373,481
6429001,210,3:30:18,636,295
6429001,211,3:30:19,621,482
6429001,221,3:30:21,4
6429001,220,3:30:26,4
6429001,212,3:30:27,1
6429001,221,3:30:31,4
6429001,220,3:30:33,4
6429001,212,3:30:34,0
6429001,210,3:30:34,1092,376
6429001,211,3:30:38,361,445
6429001,213,3:30:38,4,s_clock_M_G9a0,true
6429001,210,3:30:44,773,433
6429001,207,3:30:47,4,-200,-65
6429001,207,3:30:49,4,-65,-230
6429001,211,3:30:50,1029,627
6429001,212,3:30:50,1
6429001,210,3:30:51,1018,598
6429001,211,3:30:51,1020,612
6429001,210,3:30:52,1011,590
6429001,211,3:30:52,999,555
6429001,213,3:30:52,4,s_bathingSuit_M_G9a0,true
6429001,205,3:30:52,4,s_bathingSuit_M_G9a0,false,false
6429001,210,3:30:56,900,563
6429001,211,3:31:0,900,312
6429001,213,3:31:0,4,s_door_M_gen,true
6429001,205,3:31:0,4,s_door_M_gen,false,false
6429001,210,3:31:5,336,412
6429001,207,3:31:8,4,-230,-512
6429001,211,3:31:9,1394,544
6429001,212,3:31:10,2
6429001,212,3:31:10,0
6429001,210,3:31:10,1332,559
6429001,211,3:31:13,609,277
6429001,221,3:31:14,4
6429001,220,3:31:16,4
6429001,210,3:31:16,910,512
6429001,211,3:31:17,999,572
6429001,210,3:31:19,750,362
6429001,207,3:31:21,4,-200,-275
6429001,207,3:31:24,4,-275,-200
6429001,211,3:31:26,440,207
6429001,213,3:31:26,4,s_fence_G9a1N,true
6429001,210,3:31:30,135,404
6429001,207,3:31:30,4,-200,0
6429001,211,3:31:33,683,552
6429001,221,3:31:36,4
6429001,220,3:31:39,4
6429001,212,3:31:40,1
6429001,210,3:31:41,1070,480
6429001,207,3:31:42,4,-200,-320
6429001,211,3:31:43,1251,364
6429001,213,3:31:43,4,s_window_M_G9a0,true
6429001,210,3:31:50,795,477
6429001,211,3:31:54,187,221
6429001,207,3:31:54,4,-200,-170
6429001,210,3:31:54,97,416
6429001,207,3:31:54,4,-170,0
6429001,211,3:31:55,257,369
6429001,213,3:31:55,4,s_kid3_G9a1N,true
6429001,205,3:31:55,4,s_kid3_G9a1N,false,false
6429001,210,3:32:0,290,465
6429001,211,3:32:1,391,406
6429001,212,3:32:1,2
6429001,210,3:32:2,609,382
6429001,211,3:32:4,643,363
6429001,213,3:32:4,4,s_kid4_G9a1N,true
6429001,210,3:32:5,767,340
6429001,207,3:32:8,4,0,-315
6429001,211,3:32:9,1486,212
6429001,207,3:32:9,4,-315,-480
6429001,207,3:32:9,4,-480,-540
6429001,210,3:32:9,1466,194
6429001,207,3:32:10,4,-540,-645
6429001,211,3:32:12,1784,275
6429001,207,3:32:12,4,-645,-780
6429001,210,3:32:13,1844,273
6429001,207,3:32:13,4,-780,-990
6429001,207,3:32:15,4,-990,-1031.4
6429001,207,3:32:18,4,-1031.4,-641.4
6429001,211,3:32:21,671,593
6429001,207,3:32:21,4,-641.4,-611.4
6429001,210,3:32:21,550,578
6429001,207,3:32:21,4,-611.4,-461.4
6429001,207,3:32:23,4,-461.4,0
6429001,211,3:32:28,1009,233
6429001,207,3:32:28,4,0,-30
6429001,210,3:32:29,1102,379
6429001,207,3:32:31,4,-30,-1031.4
6429001,211,3:32:31,2003,402
6429001,210,3:32:33,1890,543
6429001,211,3:32:33,1889,589
6429001,212,3:32:33,1
6429001,210,3:32:34,1875,311
6429001,211,3:32:36,992,464
6429001,207,3:32:36,4,-1031.4,-971.4
6429001,210,3:32:37,918,491
6429001,207,3:32:37,4,-971.4,-581.4
6429001,207,3:32:40,4,-581.4,-71.4
6429001,207,3:32:41,4,-71.4,0
6429001,207,3:32:48,4,0,-120
6429001,207,3:32:54,4,-120,-795
6429001,207,3:32:55,4,-795,-1020
6429001,207,3:32:58,4,-1020,-1031.4
6429001,211,3:32:59,1531,689
6429001,212,3:33:2,0
6429001,210,3:33:3,1918,278
6429001,207,3:33:3,4,-1031.4,-1031.4
6429001,207,3:33:3,4,-1031.4,-1031.4
6429001,211,3:33:5,610,483
6429001,207,3:33:5,4,-1031.4,-593.4
6429001,207,3:33:5,4,-593.4,-563.4
6429001,210,3:33:5,721,231
6429001,211,3:33:9,1007,171
6429001,213,3:33:9,4,s_fence_G9a1N,true
6429001,210,3:33:13,535,497
6429001,207,3:33:14,4,-563.4,-143.4
6429001,207,3:33:15,4,-143.4,0
6429001,211,3:33:16,29,685
6429001,210,3:33:18,355,389
6429001,207,3:33:19,4,-200,0
6429001,211,3:33:21,67,325
6429001,210,3:33:22,270,539
6429001,211,3:33:22,284,604
6429001,212,3:33:23,1
6429001,210,3:33:24,300,568
6429001,211,3:33:24,279,617
6429001,212,3:33:25,2
6429001,210,3:33:25,306,579
6429001,211,3:33:27,271,603
6429001,213,3:33:27,4,s_cellPhone_M_G9a0,false
6429001,221,3:33:34,4
6429001,300,3:33:35
6429001,220,3:33:35,4
6429001,301,3:33:38,2
6429001,302,3:33:43,2,2,0,2
6429001,302,3:33:45,2,2,0,1
6429001,304,3:33:46,2,2,0,-1,,1,
6429001,302,3:33:50,2,3,0,2
6429001,304,3:33:50,2,3,0,-1,,2,
6429001,302,3:33:54,2,4,0,1
6429001,306,3:33:55,2,0,1
6429001,304,3:33:55,2,4,0,-1,,1,
6429001,302,3:34:0,2,4,1,0
6429001,304,3:34:1,2,4,1,-1,,0,
6429001,302,3:34:9,2,5,0,8
6429001,306,3:34:10,2,1,2
6429001,304,3:34:10,2,5,0,-1,,8,
6429001,302,3:34:15,2,1,0,10
6429001,303,3:34:18,2,1,0,10
6429001,304,3:34:24,2,1,0,-1,,10,Pigey
6429001,304,3:34:26,2,4,1,0,,0,
6429001,304,3:34:28,2,2,0,1,,1,
6429001,304,3:34:29,2,5,0,8,,8,
6429001,302,3:34:33,2,0,0,5
6429001,302,3:34:33,2,0,0,2
6429001,302,3:34:38,2,0,0,3
6429001,303,3:34:40,2,0,0,3
6429001,306,3:34:44,2,2,3
6429001,304,3:34:44,2,0,0,-1,,3,cool 
6429001,303,3:34:49,2,0,0,3
6429001,304,3:34:51,2,0,0,3,cool ,3,cool car
6429001,221,3:34:56,4
6429001,220,3:34:57,4
6429001,1003,3:34:57,3
6429001,210,3:35:3,454,393
6429001,211,3:35:5,640,465
6429001,221,3:35:6,4
6429001,220,3:35:13,4
6429001,210,3:35:14,805,459
6429001,211,3:35:16,991,330
6429001,212,3:35:17,1
6429001,210,3:35:17,1061,328
6429001,211,3:35:18,1001,319
6429001,212,3:35:18,0
6429001,210,3:35:19,1029,332
6429001,211,3:35:20,994,349
6429001,210,3:35:21,1234,165
6429001,207,3:35:21,4,-200,-275
6429001,207,3:35:22,4,-275,-455
6429001,207,3:35:23,4,-455,-512
6429001,207,3:35:26,4,-512,-212
6429001,211,3:35:27,556,214
6429001,213,3:35:27,4,s_calendar_M_gen,true
6429001,204,3:35:40,4
6429001,300,3:35:52
6429001,301,3:35:56,2
6429001,301,3:36:3,0
6429001,301,3:36:4,1
6429001,301,3:36:4,2
6429001,100,3:36:7,0
6429001,101,3:36:9,0
6429001,100,3:36:19,1
6429001,101,3:36:21,1
6429001,1003,3:36:32,3
6429001,103,3:50:46
6429001,105,3:50:47
6429001,703,3:50:49,[|| EpilogueItem ID: 0 unlocked: true ||,|| EpilogueItem ID: 1 unlocked: true ||,|| EpilogueItem ID: 2 unlocked: false ||,|| EpilogueItem ID: 3 unlocked: false ||,|| EpilogueItem ID: 4 unlocked: false ||,|| EpilogueItem ID: 5 unlocked: false ||,|| EpilogueItem ID: 6 unlocked: false ||,|| EpilogueItem ID: 7 unlocked: false ||,|| EpilogueItem ID: 8 unlocked: false ||,|| EpilogueItem ID: 9 unlocked: false ||,|| EpilogueItem ID: 10 unlocked: false ||,|| EpilogueItem ID: 11 unlocked: false ||,|| EpilogueItem ID: 12 unlocked: false ||,|| EpilogueItem ID: 13 unlocked: false ||,|| EpilogueItem ID: 14 unlocked: false ||,|| EpilogueItem ID: 15 unlocked: false ||,|| EpilogueItem ID: 16 unlocked: false ||,|| EpilogueItem ID: 17 unlocked: false ||,|| EpilogueItem ID: 18 unlocked: false ||,|| EpilogueItem ID: 19 unlocked: false ||,|| EpilogueItem ID: 20 unlocked: false ||,|| EpilogueItem ID: 21 unlocked: false ||,|| EpilogueItem ID: 22 unlocked: false ||,|| EpilogueItem ID: 23 unlocked: false ||,|| EpilogueItem ID: 24 unlocked: false ||],0.08
6429001,706,3:50:52,(x=441, y=-100, w=1024, h=768),(x=2531, y=-100, w=1024, h=768)
6429001,708,3:50:52
6429001,1,3:50:52,4/3/2013 5:10:34pm,{"gameTime":13852155,"session":[{"stackId":12,"sceneId":"1P"},{"stackId":0,"sceneId":"1P"},{"stackId":1,"sceneId":"1P"},{"stackId":1,"sceneId":"1N"},{"stackId":1,"sceneId":"2P"}],"challengeStacks":[{"resolved":true,"challengeScenes":[{"keyPoints":["s_flag_gen","c_teacherEng_G7a0","c_bestFriend_M_a_G7a0"],"viewedAnimatic":true,"touchableObjects":["s_otherStudent1_G7a0","s_angelouPoster_gen","s_poePoster_gen","s_shakespearePoster_gen","s_doorClassroom_G7a0","c_friend1_M_a_G7a0","c_crewKid1_M_G7a0","s_vocabAssignment_G7a0","s_flag_gen","c_teacherEng_G7a0","c_bestFriend_M_a_G7a0"],"unlocked":true,"miniGameCards":[]},{"keyPoints":["c_teacherEng_G7a1N","c_bestFriend_M_a_G7a1N","s_paperPlayers_G7a1N"],"viewedAnimatic":true,"touchableObjects":["s_flag_gen","c_teacherEng_G7a1N","c_bestFriend_M_a_G7a1N","s_otherStudent2_G7a1N","s_posterPlagiarism_gen","s_paperPlayers_G7a1N","s_otherStudent1_G7a1N","c_crewKid1_M_G7a1N"],"unlocked":true,"miniGameCards":[]},{"keyPoints":["s_flag_gen","c_teacherEng_G7a1P","s_paperEnglish_gen","c_bestFriend_M_a_G7a1P"],"viewedAnimatic":true,"touchableObjects":["s_flag_gen","s_paperPlayers_G7a1P","c_teacherEng_G7a1P","s_paperEnglish_gen","s_clock_G7a1P","c_bestFriend_M_a_G7a1P"],"unlocked":true,"miniGameCards":[]}],"stackSize":3},{"resolved":true,"challengeScenes":[{"keyPoints":["c_kidSister_cauc_a_G7b0","c_crewKid1_M_G7b0","s_backpack_M_G7b0"],"viewedAnimatic":true,"touchableObjects":["c_kidSister_cauc_a_G7b0","c_cousinsBrother_a_G7b0","s_lifeguard_G7b0","c_cousinsBrothersFriend_a_G7b0","c_crewKid1_M_G7b0","s_snackBarWorker_G7b0","c_crewKid2_M_G7b0","c_cousin_M_a_G7b0","c_cousinsBrothersFriendsGF_G7b0","s_backpack_M_G7b0"],"unlocked":true,"miniGameCards":[]},{"keyPoints":["c_kidSister_cauc_a_G7b1N","s_brokenCarWindow_G7b1N","c_crewKid1_M_G7b1N","s_graffiti_G7b1N","s_sprayPaintCan_G7b1N"],"viewedAnimatic":true,"touchableObjects":["c_policeOfficer_G7b1N","c_kidSister_cauc_a_G7b1N","s_brokenCarWindow_G7b1N","s_flag_G7b1N","s_wreckedPlants_G7b1N","c_teacherEng_G7b1N","c_crewKid1_M_G7b1N","s_cat_G7b1N","c_cousin_M_a_G7b1N","s_graffiti_G7b1N","s_sprayPaintCan_G7b1N"],"unlocked":true,"miniGameCards":[]},{"keyPoints":["c_cousinsBrothersFriend_a_G7b1P","c_cousinsBrother_a_G7b1P","c_cousin_M_a_G7b1P","s_poolDay_ruleSign_G7b1P"],"viewedAnimatic":true,"touchableObjects":["c_cousinsBrothersFriend_a_G7b1P","c_cousinsBrother_a_G7b1P","c_cousin_M_a_G7b1P","c_kidSister_cauc_a_G7b1P","c_crush1_M_a_G7b1P","s_poolDay_ruleSign_G7b1P"],"unlocked":true,"miniGameCards":[]},{"keyPoints":["s_kid1_G7b2N","c_cousin_M_a_G7b2N","c_kidSister_cauc_a_G7b2N","c_crush1_M_a_G7b2N"],"viewedAnimatic":true,"touchableObjects":["s_lifeguard_G7b2N","s_kid1_G7b2N","c_cousin_M_a_G7b2N","c_cousinsBrothersFriend_a_G7b2N","c_crewKid2_M_G7b2N","c_kidSister_cauc_a_G7b2N","c_cousinsBrother_a_G7b2N","c_crush1_M_a_G7b2N"],"unlocked":true,"miniGameCards":[]},{"keyPoints":["c_kidSister_cauc_a_G7b2P","s_computer_M_G7b2P","c_cousin_M_a_G7b2P"],"viewedAnimatic":true,"touchableObjects":["c_grandma_cauc_a_G7b2P","c_kidSister_cauc_a_G7b2P","s_computer_M_G7b2P","s_calendar_M_gen","c_cousin_M_a_G7b2P"],"unlocked":true,"miniGameCards":[]}],"stackSize":5},{"resolved":false,"challengeScenes":[{"keyPoints":["c_crush2_M_a_G8a0","c_cousin_M_a_G8a0","s_clock_G8a0","s_cellphone_G8a0","s_bottleCrush2_M_G8a0"],"viewedAnimatic":true,"touchableObjects":["c_crush2_M_a_G8a0","c_cousin_M_a_G8a0","c_friend1_M_G8a0","s_beerSixpack_G8a0","s_beerCooler_G8a0","c_crewKid1_M_a_G8a0","s_stairs_G8a0","s_bottleTable_G8a0","s_bottleFloor_G8a0","s_clock_G8a0","s_cellphone_G8a0","s_bottleCrush2_M_G8a0"],"unlocked":true,"miniGameCards":[]},{"keyPoints":["s_basementDoor_gen","s_dirtyClothes_gen","s_crush2Lips_M_G8a1N","s_crush2Eyes_M_G8a1N","s_crush2Sore_M_G8a1N"],"viewedAnimatic":true,"touchableObjects":["c_crush2_M_a_G8a1N","s_basementDoor_gen","s_dryer_G8a1N","s_dirtyClothes_gen","s_crush2Lips_M_G8a1N","s_crush2Eyes_M_G8a1N","s_crush2Sore_M_G8a1N"],"unlocked":true,"miniGameCards":[]},{"keyPoints":[],"viewedAnimatic":false,"touchableObjects":[],"unlocked":false,"miniGameCards":[]},{"keyPoints":[],"viewedAnimatic":false,"touchableObjects":[],"unlocked":false,"miniGameCards":[]},{"keyPoints":[],"viewedAnimatic":false,"touchableObjects":[],"unlocked":false,"miniGameCards":[]},{"keyPoints":["s_pamphlet3_G8a3N","s_mirror_cauc_M_a_G8a3N","s_pamphlet1_G8a3N"],"viewedAnimatic":true,"touchableObjects":["s_pamphlet3_G8a3N","s_mirror_cauc_M_a_G8a3N","s_phone_G8a3N","s_pamphlet1_G8a3N","s_door_G8a3N"],"unlocked":true,"miniGameCards":[]},{"keyPoints":[],"viewedAnimatic":false,"touchableObjects":[],"unlocked":false,"miniGameCards":[]}],"stackSize":7},{"resolved":false,"challengeScenes":[{"keyPoints":[],"viewedAnimatic":false,"touchableObjects":[],"unlocked":false,"miniGameCards":[]},{"keyPoints":[],"viewedAnimatic":false,"touchableObjects":[],"unlocked":false,"miniGameCards":[]},{"keyPoints":[],"viewedAnimatic":false,"touchableObjects":[],"unlocked":false,"miniGameCards":[]},{"keyPoints":[],"viewedAnimatic":false,"touchableObjects":[],"unlocked":false,"miniGameCards":[]},{"keyPoints":[],"viewedAnimatic":false,"touchableObjects":[],"unlocked":false,"miniGameCards":[]}],"stackSize":5},{"resolved":false,"challengeScenes":[{"keyPoints":["s_bathingSuit_M_G9a0","s_door_M_gen"],"viewedAnimatic":true,"touchableObjects":["s_bathingSuit_M_G9a0","s_door_M_gen","s_window_M_G9a0","s_calendar_M_gen"],"unlocked":true,"miniGameCards":[]},{"keyPoints":["c_policeOfficer_G9a1N","s_kid3_G9a1N"],"viewedAnimatic":true,"touchableObjects":["c_cousinsBrothersFriend_a_G9a1N","c_policeOfficer_G9a1N","s_bathingSuits_G9a1N","s_policeCar_G9a1N","s_potSmokeCloud_G9a1N","s_poolNight_ruleSign_G9a1N","s_kid3_G9a1N","s_kid4_G9a1N"],"unlocked":true,"miniGameCards":[]},{"keyPoints":[],"viewedAnimatic":false,"touchableObjects":[],"unlocked":false,"miniGameCards":[]},{"keyPoints":[],"viewedAnimatic":false,"touchableObjects":[],"unlocked":false,"miniGameCards":[]},{"keyPoints":[],"viewedAnimatic":false,"touchableObjects":[],"unlocked":false,"miniGameCards":[]}],"stackSize":5},{"resolved":false,"challengeScenes":[{"keyPoints":[],"viewedAnimatic":false,"touchableObjects":[],"unlocked":false,"miniGameCards":[]},{"keyPoints":[],"viewedAnimatic":false,"touchableObjects":[],"unlocked":false,"miniGameCards":[]},{"keyPoints":[],"viewedAnimatic":false,"touchableObjects":[],"unlocked":false,"miniGameCards":[]},{"keyPoints":[],"viewedAnimatic":false,"touchableObjects":[],"unlocked":false,"miniGameCards":[]},{"keyPoints":[],"viewedAnimatic":false,"touchableObjects":[],"unlocked":false,"miniGameCards":[]}],"stackSize":5},{"resolved":false,"challengeScenes":[{"keyPoints":[],"viewedAnimatic":false,"touchableObjects":[],"unlocked":false,"miniGameCards":[]},{"keyPoints":[],"viewedAnimatic":false,"touchableObjects":[],"unlocked":false,"miniGameCards":[]},{"keyPoints":[],"viewedAnimatic":false,"touchableObjects":[],"unlocked":false,"miniGameCards":[]},{"keyPoints":[],"viewedAnimatic":false,"touchableObjects":[],"unlocked":false,"miniGameCards":[]},{"keyPoints":[],"viewedAnimatic":false,"touchableObjects":[],"unlocked":false,"miniGameCards":[]}],"stackSize":5},{"resolved":false,"challengeScenes":[{"keyPoints":[],"viewedAnimatic":false,"touchableObjects":[],"unlocked":false,"miniGameCards":[]},{"keyPoints":[],"viewedAnimatic":false,"touchableObjects":[],"unlocked":false,"miniGameCards":[]},{"keyPoints":[],"viewedAnimatic":false,"touchableObjects":[],"unlocked":false,"miniGameCards":[]},{"keyPoints":[],"viewedAnimatic":false,"touchableObjects":[],"unlocked":false,"miniGameCards":[]},{"keyPoints":[],"viewedAnimatic":false,"touchableObjects":[],"unlocked":false,"miniGameCards":[]}],"stackSize":5},{"resolved":false,"challengeScenes":[{"keyPoints":[],"viewedAnimatic":false,"touchableObjects":[],"unlocked":false,"miniGameCards":[]},{"keyPoints":[],"viewedAnimatic":false,"touchableObjects":[],"unlocked":false,"miniGameCards":[]},{"keyPoints":[],"viewedAnimatic":false,"touchableObjects":[],"unlocked":false,"miniGameCards":[]},{"keyPoints":[],"viewedAnimatic":false,"touchableObjects":[],"unlocked":false,"miniGameCards":[]},{"keyPoints":[],"viewedAnimatic":false,"touchableObjects":[],"unlocked":false,"miniGameCards":[]}],"stackSize":5},{"resolved":false,"challengeScenes":[{"keyPoints":[],"viewedAnimatic":false,"touchableObjects":[],"unlocked":false,"miniGameCards":[]},{"keyPoints":[],"viewedAnimatic":false,"touchableObjects":[],"unlocked":false,"miniGameCards":[]},{"keyPoints":[],"viewedAnimatic":false,"touchableObjects":[],"unlocked":false,"miniGameCards":[]},{"keyPoints":[],"viewedAnimatic":false,"touchableObjects":[],"unlocked":false,"miniGameCards":[]},{"keyPoints":[],"viewedAnimatic":false,"touchableObjects":[],"unlocked":false,"miniGameCards":[]}],"stackSize":5},{"resolved":false,"challengeScenes":[{"keyPoints":[],"viewedAnimatic":false,"touchableObjects":[],"unlocked":false,"miniGameCards":[]},{"keyPoints":[],"viewedAnimatic":false,"touchableObjects":[],"unlocked":false,"miniGameCards":[]},{"keyPoints":[],"viewedAnimatic":false,"touchableObjects":[],"unlocked":false,"miniGameCards":[]},{"keyPoints":[],"viewedAnimatic":false,"touchableObjects":[],"unlocked":false,"miniGameCards":[]},{"keyPoints":[],"viewedAnimatic":false,"touchableObjects":[],"unlocked":false,"miniGameCards":[]}],"stackSize":5},{"resolved":false,"challengeScenes":[{"keyPoints":[],"viewedAnimatic":false,"touchableObjects":[],"unlocked":false,"miniGameCards":[]},{"keyPoints":[],"viewedAnimatic":false,"touchableObjects":[],"unlocked":false,"miniGameCards":[]},{"keyPoints":[],"viewedAnimatic":false,"touchableObjects":[],"unlocked":false,"miniGameCards":[]},{"keyPoints":[],"viewedAnimatic":false,"touchableObjects":[],"unlocked":false,"miniGameCards":[]},{"keyPoints":[],"viewedAnimatic":false,"touchableObjects":[],"unlocked":false,"miniGameCards":[]}],"stackSize":5},{"resolved":true,"challengeScenes":[{"keyPoints":[],"viewedAnimatic":false,"touchableObjects":["c_education_G0a0","c_family_cauc_a_G0a0"],"unlocked":true,"miniGameCards":[]},{"keyPoints":["c_family_cauc_a_G0a1N","c_home_G0a1N","c_job_G0a1N"],"viewedAnimatic":false,"touchableObjects":["c_player_cauc_M_a_G0a1N","c_family_cauc_a_G0a1N","c_home_G0a1N","c_job_G0a1N"],"unlocked":true,"miniGameCards":[]},{"keyPoints":["c_Teacher_G0a1P","c_grandma_cauc_a_G0a1P","c_kidsister_cauc_a_G0a1P","c_dad_cauc_a_G0a1P","c_mom_cauc_a_G0a1P","c_Nurse_G0a1P"],"viewedAnimatic":false,"touchableObjects":["c_cousins_M_a_G0a1P","c_friends_G0a1P","c_Teacher_G0a1P","c_grandma_cauc_a_G0a1P","c_kidsister_cauc_a_G0a1P","c_dad_cauc_a_G0a1P","c_mom_cauc_a_G0a1P","c_Nurse_G0a1P"],"unlocked":true,"miniGameCards":[]}],"stackSize":3}],"minigames":[{"levelSaveData":[{"starRating":3,"unlocked":true},{"starRating":0,"unlocked":true},{"starRating":0,"unlocked":true},{"starRating":0,"unlocked":false},{"starRating":0,"unlocked":false},{"starRating":0,"unlocked":false},{"starRating":0,"unlocked":false},{"starRating":0,"unlocked":false},{"starRating":0,"unlocked":false},{"starRating":0,"unlocked":false}],"skillPoints":3},{"levelSaveData":[{"starRating":3,"unlocked":true},{"starRating":3,"unlocked":true},{"starRating":1,"unlocked":true},{"starRating":0,"unlocked":false},{"starRating":0,"unlocked":true},{"starRating":0,"unlocked":false},{"starRating":0,"unlocked":false},{"starRating":0,"unlocked":false},{"starRating":0,"unlocked":false},{"starRating":0,"unlocked":false}],"skillPoints":7},{"levelSaveData":[{"starRating":3,"unlocked":true},{"starRating":3,"unlocked":true},{"starRating":0,"unlocked":true},{"starRating":0,"unlocked":false},{"starRating":0,"unlocked":false},{"starRating":0,"unlocked":false},{"starRating":0,"unlocked":false},{"starRating":0,"unlocked":false},{"starRating":0,"unlocked":true},{"starRating":0,"unlocked":false}],"skillPoints":6},{"levelSaveData":[{"starRating":2,"unlocked":true},{"starRating":2,"unlocked":true},{"starRating":0,"unlocked":false},{"starRating":0,"unlocked":false},{"starRating":0,"unlocked":true},{"starRating":0,"unlocked":false},{"starRating":0,"unlocked":false},{"starRating":0,"unlocked":false},{"starRating":0,"unlocked":false},{"starRating":0,"unlocked":false}],"skillPoints":4},{"name":"Luis","gender":0,"visualAvatar":0,"age":12,"levelSaveData":[{"starRating":3,"unlocked":true},{"chunks":[["2"],["7$$cool","13$$in love"],["12$$Party Animal","6$$Music","15$$Play VideoGame"],["1"]],"unlocked":true,"starRating":3},{"chunks":[["0"],["1$$Playing b ball","0$$Running"],["12","0$$Own a Car"]],"unlocked":true,"starRating":3},{"chunks":[["3$$cool car"],["10$$Pigey"],["1"],["2"],["1","0"],["8"]],"unlocked":true,"starRating":3},{"chunks":[[null],[null],[null,null],[null],[null],[null]],"unlocked":false,"starRating":0},{"chunks":[[null],[null,null,null,null],[null],[null]],"unlocked":false,"starRating":0},{"chunks":[[null],[null],[null,null],[null,null],[null]],"unlocked":false,"starRating":0},{"chunks":[[null,null,null],[null,null,null],[null],[null],[null]],"unlocked":false,"starRating":0},{"chunks":[[null,null,null],[null,null,null],[null,null]],"unlocked":false,"starRating":0},{"chunks":[[null],[null],[null],[null],[null],[null]],"unlocked":false,"starRating":0}],"id":1,"skillPoints":12}],"playerId":6429001,"epilogue":{"rating":0},"sessionId":4,"avatar":{"name":"Luis","gender":0,"visualAvatar":0,"age":12,"levelSaveData":[{"starRating":3,"unlocked":true},{"chunks":[["2"],["7$$cool","13$$in love"],["12$$Party Animal","6$$Music","15$$Play VideoGame"],["1"]],"unlocked":true,"starRating":3},{"chunks":[["0"],["1$$Playing b ball","0$$Running"],["12","0$$Own a Car"]],"unlocked":true,"starRating":3},{"chunks":[["3$$cool car"],["10$$Pigey"],["1"],["2"],["1","0"],["8"]],"unlocked":true,"starRating":3},{"chunks":[[null],[null],[null,null],[null],[null],[null]],"unlocked":false,"starRating":0},{"chunks":[[null],[null,null,null,null],[null],[null]],"unlocked":false,"starRating":0},{"chunks":[[null],[null],[null,null],[null,null],[null]],"unlocked":false,"starRating":0},{"chunks":[[null,null,null],[null,null,null],[null],[null],[null]],"unlocked":false,"starRating":0},{"chunks":[[null,null,null],[null,null,null],[null,null]],"unlocked":false,"starRating":0},{"chunks":[[null],[null],[null],[null],[null],[null]],"unlocked":false,"starRating":0}],"id":1,"skillPoints":12}}
