6486017,0,2:20:11,11/22/2013 1:38:03pm
6486017,100,2:20:34,2
6486017,102,2:20:35,2
6486017,200,2:20:35,2,3,3,5,2,9
6486017,210,2:20:38,588,407
6486017,211,2:20:42,1406,400
6486017,207,2:20:42,2,-200,-425
6486017,204,2:20:43,2
6486017,100,2:20:44,4
6486017,102,2:20:46,4
6486017,200,2:20:46,4,3,3,5,2,9
6486017,219,2:20:46,4
6486017,216,2:20:47,Stack_G9a0
6486017,217,2:21:11,Stack_G9a0,17,0.50
6486017,218,2:21:13,4
6486017,210,2:21:15,598,364
6486017,211,2:21:19,907,299
6486017,213,2:21:19,4,s_door_F_gen,false
6486017,1003,2:21:22,1
6486017,1004,2:21:25,2
6486017,800,2:21:26,2,[]
6486017,801,2:21:27,2,[]
6486017,814,2:21:28,2,[4]
6486017,815,2:21:28,2,4,OpportunityCardData_id:22
6486017,815,2:21:30,2,4,OpportunityCardData_id:26
6486017,815,2:21:31,2,4,OpportunityCardData_id:27
6486017,817,2:21:31,2,4
6486017,814,2:21:32,2,[4]
6486017,815,2:21:32,2,4,OpportunityCardData_id:22
6486017,815,2:21:33,2,4,OpportunityCardData_id:26
6486017,815,2:21:33,2,4,OpportunityCardData_id:27
6486017,815,2:21:34,2,4,OpportunityCardData_id:28
6486017,816,2:21:34,2,4,OpportunityCardData_id:28
6486017,803,2:21:37,2,[OpportunityCardData_id:28,OpportunityCardConsequencesData_logId:0]
6486017,803,2:21:37,2,[OpportunityCardData_id:28,OpportunityCardConsequencesData_logId:1]
6486017,803,2:21:37,2,[OpportunityCardData_id:28,OpportunityCardConsequencesData_logId:2]
6486017,804,2:21:44,2,[OpportunityCardData_id:28]
6486017,1002,2:21:47,2
6486017,1003,2:21:47,1
6486017,1004,2:21:48,4
6486017,800,2:21:49,4,[]
6486017,801,2:21:50,4,[]
6486017,814,2:21:51,4,[3]
6486017,815,2:21:51,4,3,OpportunityCardData_id:18
6486017,816,2:21:52,4,3,OpportunityCardData_id:18
6486017,803,2:21:53,4,[OpportunityCardData_id:18,OpportunityCardConsequencesData_logId:0]
6486017,803,2:21:54,4,[OpportunityCardData_id:18,OpportunityCardConsequencesData_logId:1]
6486017,803,2:21:55,4,[OpportunityCardData_id:18,OpportunityCardConsequencesData_logId:2]
6486017,804,2:21:57,4,[OpportunityCardData_id:18]
6486017,814,2:21:58,4,[5]
6486017,815,2:21:58,4,5,OpportunityCardData_id:30
6486017,816,2:21:59,4,5,OpportunityCardData_id:30
6486017,805,2:22:0,4,[OpportunityCardData_id:30]
6486017,806,2:22:2,4,[OpportunityCardData_id:30,PriorityData_type:0]
6486017,806,2:22:3,4,[OpportunityCardData_id:30,PriorityData_type:2]
6486017,806,2:22:3,4,[OpportunityCardData_id:30,PriorityData_type:1]
6486017,807,2:22:4,4,[OpportunityCardData_id:30]
6486017,808,2:22:6,4,[OpportunityCardData_id:30]
6486017,809,2:22:10,4,[OpportunityCardData_id:30,PriorityData_type:2,false]
6486017,810,2:22:11,4,[OpportunityCardData_id:30,PriorityData_type:5,20,PriorityData_type:2,10]
6486017,814,2:22:13,4,[5]
6486017,815,2:22:13,4,5,OpportunityCardData_id:31
6486017,816,2:22:14,4,5,OpportunityCardData_id:31
6486017,803,2:22:15,4,[OpportunityCardData_id:31,OpportunityCardConsequencesData_logId:2]
6486017,803,2:22:15,4,[OpportunityCardData_id:31,OpportunityCardConsequencesData_logId:1]
6486017,803,2:22:16,4,[OpportunityCardData_id:31,OpportunityCardConsequencesData_logId:0]
6486017,805,2:22:17,4,[OpportunityCardData_id:31]
6486017,807,2:22:17,4,[OpportunityCardData_id:31]
6486017,808,2:22:19,4,[OpportunityCardData_id:31]
6486017,809,2:22:25,4,[OpportunityCardData_id:31,PriorityData_type:1,false]
6486017,810,2:22:26,4,[OpportunityCardData_id:31,PriorityData_type:5,15,PriorityData_type:1,10]
6486017,814,2:22:28,4,[2]
6486017,815,2:22:28,4,2,OpportunityCardData_id:12
6486017,816,2:22:29,4,2,OpportunityCardData_id:12
6486017,805,2:22:30,4,[OpportunityCardData_id:12]
6486017,807,2:22:31,4,[OpportunityCardData_id:12]
6486017,808,2:22:33,4,[OpportunityCardData_id:12]
6486017,809,2:22:36,4,[OpportunityCardData_id:12,Safe,false]
6486017,810,2:22:37,4,[OpportunityCardData_id:12,PriorityData_type:2,10,Safe,Safe]
6486017,814,2:22:46,4,[4]
6486017,815,2:22:46,4,4,OpportunityCardData_id:24
6486017,815,2:22:48,4,4,OpportunityCardData_id:25
6486017,816,2:22:48,4,4,OpportunityCardData_id:25
6486017,803,2:22:49,4,[OpportunityCardData_id:25,OpportunityCardConsequencesData_logId:2]
6486017,805,2:22:50,4,[OpportunityCardData_id:25]
6486017,807,2:22:50,4,[OpportunityCardData_id:25]
6486017,808,2:22:52,4,[OpportunityCardData_id:25]
6486017,809,2:22:58,4,[OpportunityCardData_id:25,PriorityData_type:1,false]
6486017,810,2:22:59,4,[OpportunityCardData_id:25,PriorityData_type:4,15,PriorityData_type:1,10]
6486017,814,2:23:2,4,[4]
6486017,815,2:23:2,4,4,OpportunityCardData_id:24
6486017,815,2:23:3,4,4,OpportunityCardData_id:26
6486017,816,2:23:4,4,4,OpportunityCardData_id:26
6486017,805,2:23:5,4,[OpportunityCardData_id:26]
6486017,807,2:23:5,4,[OpportunityCardData_id:26]
6486017,808,2:23:7,4,[OpportunityCardData_id:26]
6486017,809,2:23:21,4,[OpportunityCardData_id:26,PriorityData_type:5,false]
6486017,810,2:23:21,4,[OpportunityCardData_id:26,PriorityData_type:4,15,PriorityData_type:5,10]
6486017,814,2:24:6,4,[5]
6486017,815,2:24:6,4,5,OpportunityCardData_id:32
6486017,816,2:24:7,4,5,OpportunityCardData_id:32
6486017,805,2:24:8,4,[OpportunityCardData_id:32]
6486017,807,2:24:9,4,[OpportunityCardData_id:32]
6486017,808,2:24:11,4,[OpportunityCardData_id:32]
6486017,809,2:24:15,4,[OpportunityCardData_id:32,Safe,false]
6486017,810,2:24:16,4,[OpportunityCardData_id:32,PriorityData_type:5,15,Safe,Safe]
6486017,814,2:24:19,4,[5]
6486017,815,2:24:19,4,5,OpportunityCardData_id:33
6486017,816,2:24:20,4,5,OpportunityCardData_id:33
6486017,805,2:24:20,4,[OpportunityCardData_id:33]
6486017,807,2:24:21,4,[OpportunityCardData_id:33]
6486017,808,2:24:22,4,[OpportunityCardData_id:33]
6486017,809,2:24:27,4,[OpportunityCardData_id:33,Safe,false]
6486017,810,2:24:27,4,[OpportunityCardData_id:33,PriorityData_type:5,20,Safe,Safe]
6486017,814,2:24:30,4,[4]
6486017,815,2:24:30,4,4,OpportunityCardData_id:24
6486017,815,2:24:31,4,4,OpportunityCardData_id:27
6486017,816,2:24:32,4,4,OpportunityCardData_id:27
6486017,805,2:24:33,4,[OpportunityCardData_id:27]
6486017,807,2:24:33,4,[OpportunityCardData_id:27]
6486017,808,2:24:35,4,[OpportunityCardData_id:27]
6486017,809,2:24:39,4,[OpportunityCardData_id:27,PriorityData_type:5,false]
6486017,810,2:24:40,4,[OpportunityCardData_id:27,PriorityData_type:4,15,PriorityData_type:5,15]
6486017,818,2:24:41,4,3
6486017,811,2:24:43,4,[OpportunityCardData_id:27,PriorityData_type:5,70,70,PriorityData_type:4,70,80]
6486017,1005,2:24:43,4,[1,0,3]
6486017,1001,2:24:45,4,[]
6486017,1003,2:24:45,1
6486017,210,2:24:48,771,374
6486017,211,2:24:49,898,380
6486017,213,2:24:49,4,s_door_F_gen,true
6486017,205,2:24:49,4,s_door_F_gen,false,false
6486017,212,2:24:52,2
6486017,210,2:24:53,961,465
6486017,207,2:24:54,4,-200,-20
6486017,211,2:24:55,261,609
6486017,213,2:24:55,4,s_cellPhone_F_G9a0,false
6486017,1003,2:24:58,2
6486017,1004,2:24:59,8
6486017,900,2:25:1,8,[]
6486017,901,2:25:1,8,[PeopleData_id:6]
6486017,902,2:25:3,8,[PeopleData_id:6,PeopleData_data0Type]
6486017,903,2:25:12,8,[PeopleData_id6,PeopleData_data0Type]
6486017,902,2:25:13,8,[PeopleData_id:6,PeopleData_data1Type]
6486017,902,2:25:15,8,[PeopleData_id:6,PeopleData_data2Type]
6486017,902,2:25:17,8,[PeopleData_id:6,PeopleData_data3Type]
6486017,903,2:25:19,8,[PeopleData_id6,PeopleData_data3Type]
6486017,901,2:25:20,8,[PeopleData_id:0]
6486017,902,2:25:20,8,[PeopleData_id:0,PeopleData_data0Type]
6486017,903,2:25:22,8,[PeopleData_id0,PeopleData_data0Type]
6486017,902,2:25:22,8,[PeopleData_id:0,PeopleData_data1Type]
6486017,903,2:25:25,8,[PeopleData_id0,PeopleData_data1Type]
6486017,901,2:25:25,8,[PeopleData_id:0]
6486017,904,2:25:26,8,[PeopleData_id:0]
6486017,901,2:25:26,8,[PeopleData_id:0]
6486017,904,2:25:26,8,[PeopleData_id:0]
6486017,905,2:25:28,8,[PeopleData_id:0,RankTypes_id:-1,RankTypes_id:3]
6486017,901,2:25:28,8,[PeopleData_id:8]
6486017,904,2:25:28,8,[PeopleData_id:8]
6486017,901,2:25:28,8,[PeopleData_id:8]
6486017,904,2:25:28,8,[PeopleData_id:8]
6486017,905,2:25:29,8,[PeopleData_id:8,RankTypes_id:-1,RankTypes_id:1]
6486017,901,2:25:29,8,[PeopleData_id:9]
6486017,904,2:25:29,8,[PeopleData_id:9]
6486017,905,2:25:30,8,[PeopleData_id:9,RankTypes_id:-1,RankTypes_id:2]
6486017,901,2:25:30,8,[PeopleData_id:2]
6486017,904,2:25:30,8,[PeopleData_id:2]
6486017,905,2:25:31,8,[PeopleData_id:2,RankTypes_id:-1,RankTypes_id:4]
6486017,901,2:25:32,8,[PeopleData_id:6]
6486017,904,2:25:32,8,[PeopleData_id:6]
6486017,905,2:25:32,8,[PeopleData_id:6,RankTypes_id:-1,RankTypes_id:1]
6486017,901,2:25:33,8,[PeopleData_id:7]
6486017,904,2:25:33,8,[PeopleData_id:7]
6486017,905,2:25:33,8,[PeopleData_id:7,RankTypes_id:-1,RankTypes_id:0]
6486017,901,2:25:34,8,[PeopleData_id:3]
6486017,904,2:25:34,8,[PeopleData_id:3]
6486017,905,2:25:34,8,[PeopleData_id:3,RankTypes_id:-1,RankTypes_id:3]
6486017,901,2:25:35,8,[PeopleData_id:4]
6486017,904,2:25:35,8,[PeopleData_id:4]
6486017,901,2:25:36,8,[PeopleData_id:1]
6486017,904,2:25:36,8,[PeopleData_id:1]
6486017,905,2:25:37,8,[PeopleData_id:1,RankTypes_id:-1,RankTypes_id:0]
6486017,901,2:25:37,8,[PeopleData_id:5]
6486017,904,2:25:37,8,[PeopleData_id:5]
6486017,901,2:25:38,8,[PeopleData_id:5]
6486017,904,2:25:38,8,[PeopleData_id:5]
6486017,905,2:25:39,8,[PeopleData_id:5,RankTypes_id:-1,RankTypes_id:2]
6486017,901,2:25:39,8,[PeopleData_id:4]
6486017,904,2:25:39,8,[PeopleData_id:4]
6486017,902,2:25:41,8,[PeopleData_id:4,PeopleData_data0Type]
6486017,902,2:25:42,8,[PeopleData_id:4,PeopleData_data1Type]
6486017,902,2:25:43,8,[PeopleData_id:4,PeopleData_data2Type]
6486017,902,2:25:45,8,[PeopleData_id:4,PeopleData_data3Type]
6486017,903,2:25:46,8,[PeopleData_id4,PeopleData_data3Type]
6486017,901,2:25:47,8,[PeopleData_id:4]
6486017,904,2:25:47,8,[PeopleData_id:4]
6486017,905,2:25:49,8,[PeopleData_id:4,RankTypes_id:-1,RankTypes_id:1]
6486017,906,2:25:49,8,[]
6486017,901,2:25:51,8,[PeopleData_id:6]
6486017,905,2:25:51,8,[PeopleData_id:6,RankTypes_id:1,RankTypes_id:1]
6486017,902,2:25:51,8,[PeopleData_id:6,PeopleData_data1Type]
6486017,902,2:25:52,8,[PeopleData_id:6,PeopleData_data0Type]
6486017,902,2:25:53,8,[PeopleData_id:6,PeopleData_data2Type]
6486017,902,2:25:54,8,[PeopleData_id:6,PeopleData_data3Type]
6486017,903,2:25:56,8,[PeopleData_id6,PeopleData_data3Type]
6486017,907,2:25:56,8,[]
6486017,908,2:25:56,8,[InvitationData_id:5,PeopleData_id:2,RankTypes_id:4]
6486017,909,2:26:30,8,[InvitationData_id:5,PeopleData_id:2,RankTypes_id:4,1]
6486017,910,2:26:31,8,[InvitationData_id:5,0,true]
6486017,908,2:26:31,8,[InvitationData_id:1,PeopleData_id:3,RankTypes_id:3]
6486017,909,2:26:33,8,[InvitationData_id:1,PeopleData_id:3,RankTypes_id:3,1]
6486017,910,2:26:34,8,[InvitationData_id:1,0,true]
6486017,908,2:26:34,8,[InvitationData_id:2,PeopleData_id:4,RankTypes_id:1]
6486017,909,2:26:35,8,[InvitationData_id:2,PeopleData_id:4,RankTypes_id:1,0]
6486017,910,2:26:36,8,[InvitationData_id:2,0,false]
6486017,908,2:26:36,8,[InvitationData_id:6,PeopleData_id:8,RankTypes_id:1]
6486017,909,2:26:38,8,[InvitationData_id:6,PeopleData_id:8,RankTypes_id:1,0]
6486017,910,2:26:39,8,[InvitationData_id:6,0,false]
6486017,908,2:26:39,8,[InvitationData_id:4,PeopleData_id:3,RankTypes_id:3]
6486017,909,2:26:40,8,[InvitationData_id:4,PeopleData_id:3,RankTypes_id:3,1]
6486017,910,2:26:41,8,[InvitationData_id:4,0,true]
6486017,912,2:26:42,8,[]
6486017,1000,2:26:44,8,[]
6486017,900,2:26:45,8,[]
6486017,901,2:26:46,8,[PeopleData_id:5]
6486017,902,2:26:47,8,[PeopleData_id:5,PeopleData_data3Type]
6486017,902,2:26:48,8,[PeopleData_id:5,PeopleData_data2Type]
6486017,902,2:26:49,8,[PeopleData_id:5,PeopleData_data1Type]
6486017,902,2:26:51,8,[PeopleData_id:5,PeopleData_data0Type]
6486017,903,2:26:54,8,[PeopleData_id5,PeopleData_data0Type]
6486017,901,2:26:54,8,[PeopleData_id:5]
6486017,904,2:26:54,8,[PeopleData_id:5]
6486017,905,2:26:55,8,[PeopleData_id:5,RankTypes_id:-1,RankTypes_id:3]
6486017,901,2:26:55,8,[PeopleData_id:6]
6486017,901,2:26:57,8,[PeopleData_id:6]
6486017,904,2:26:57,8,[PeopleData_id:6]
6486017,905,2:26:57,8,[PeopleData_id:6,RankTypes_id:-1,RankTypes_id:3]
6486017,901,2:26:58,8,[PeopleData_id:4]
6486017,902,2:26:59,8,[PeopleData_id:4,PeopleData_data0Type]
6486017,902,2:27:0,8,[PeopleData_id:4,PeopleData_data1Type]
6486017,903,2:27:1,8,[PeopleData_id4,PeopleData_data1Type]
6486017,901,2:27:1,8,[PeopleData_id:4]
6486017,904,2:27:1,8,[PeopleData_id:4]
6486017,905,2:27:2,8,[PeopleData_id:4,RankTypes_id:-1,RankTypes_id:1]
6486017,901,2:27:3,8,[PeopleData_id:7]
6486017,902,2:27:4,8,[PeopleData_id:7,PeopleData_data0Type]
6486017,902,2:27:6,8,[PeopleData_id:7,PeopleData_data1Type]
6486017,902,2:27:8,8,[PeopleData_id:7,PeopleData_data2Type]
6486017,902,2:27:9,8,[PeopleData_id:7,PeopleData_data3Type]
6486017,903,2:27:10,8,[PeopleData_id7,PeopleData_data3Type]
6486017,901,2:27:11,8,[PeopleData_id:7]
6486017,904,2:27:11,8,[PeopleData_id:7]
6486017,905,2:27:11,8,[PeopleData_id:7,RankTypes_id:-1,RankTypes_id:3]
6486017,901,2:27:12,8,[PeopleData_id:2]
6486017,904,2:27:12,8,[PeopleData_id:2]
6486017,902,2:27:13,8,[PeopleData_id:2,PeopleData_data0Type]
6486017,902,2:27:18,8,[PeopleData_id:2,PeopleData_data1Type]
6486017,902,2:27:20,8,[PeopleData_id:2,PeopleData_data2Type]
6486017,903,2:27:21,8,[PeopleData_id2,PeopleData_data2Type]
6486017,901,2:27:21,8,[PeopleData_id:2]
6486017,904,2:27:21,8,[PeopleData_id:2]
6486017,905,2:27:22,8,[PeopleData_id:2,RankTypes_id:-1,RankTypes_id:1]
6486017,901,2:27:23,8,[PeopleData_id:9]
6486017,902,2:27:24,8,[PeopleData_id:9,PeopleData_data0Type]
6486017,902,2:27:26,8,[PeopleData_id:9,PeopleData_data1Type]
6486017,902,2:27:29,8,[PeopleData_id:9,PeopleData_data2Type]
6486017,902,2:27:31,8,[PeopleData_id:9,PeopleData_data3Type]
6486017,902,2:27:31,8,[PeopleData_id:9,PeopleData_data3Type]
6486017,903,2:27:33,8,[PeopleData_id9,PeopleData_data3Type]
6486017,901,2:27:34,8,[PeopleData_id:9]
6486017,904,2:27:34,8,[PeopleData_id:9]
6486017,905,2:27:34,8,[PeopleData_id:9,RankTypes_id:-1,RankTypes_id:2]
6486017,901,2:27:35,8,[PeopleData_id:3]
6486017,902,2:27:35,8,[PeopleData_id:3,PeopleData_data0Type]
6486017,903,2:27:39,8,[PeopleData_id3,PeopleData_data0Type]
6486017,902,2:27:39,8,[PeopleData_id:3,PeopleData_data1Type]
6486017,902,2:27:43,8,[PeopleData_id:3,PeopleData_data2Type]
6486017,902,2:27:44,8,[PeopleData_id:3,PeopleData_data3Type]
6486017,903,2:27:45,8,[PeopleData_id3,PeopleData_data3Type]
6486017,901,2:27:47,8,[PeopleData_id:3]
6486017,904,2:27:47,8,[PeopleData_id:3]
6486017,905,2:27:48,8,[PeopleData_id:3,RankTypes_id:-1,RankTypes_id:2]
6486017,901,2:27:48,8,[PeopleData_id:1]
6486017,904,2:27:48,8,[PeopleData_id:1]
6486017,902,2:27:49,8,[PeopleData_id:1,PeopleData_data0Type]
6486017,902,2:27:51,8,[PeopleData_id:1,PeopleData_data1Type]
6486017,902,2:27:53,8,[PeopleData_id:1,PeopleData_data2Type]
6486017,902,2:27:55,8,[PeopleData_id:1,PeopleData_data3Type]
6486017,902,2:28:0,8,[PeopleData_id:1,PeopleData_data2Type]
6486017,902,2:28:1,8,[PeopleData_id:1,PeopleData_data1Type]
6486017,902,2:28:3,8,[PeopleData_id:1,PeopleData_data0Type]
6486017,903,2:28:6,8,[PeopleData_id1,PeopleData_data0Type]
6486017,901,2:28:7,8,[PeopleData_id:1]
6486017,904,2:28:7,8,[PeopleData_id:1]
6486017,905,2:28:8,8,[PeopleData_id:1,RankTypes_id:-1,RankTypes_id:3]
6486017,901,2:28:8,8,[PeopleData_id:8]
6486017,902,2:28:9,8,[PeopleData_id:8,PeopleData_data0Type]
6486017,902,2:28:10,8,[PeopleData_id:8,PeopleData_data1Type]
6486017,902,2:28:11,8,[PeopleData_id:8,PeopleData_data0Type]
6486017,902,2:28:22,8,[PeopleData_id:8,PeopleData_data1Type]
6486017,902,2:28:26,8,[PeopleData_id:8,PeopleData_data2Type]
6486017,902,2:28:31,8,[PeopleData_id:8,PeopleData_data3Type]
6486017,903,2:28:34,8,[PeopleData_id8,PeopleData_data3Type]
6486017,901,2:28:35,8,[PeopleData_id:8]
6486017,904,2:28:35,8,[PeopleData_id:8]
6486017,905,2:28:36,8,[PeopleData_id:8,RankTypes_id:-1,RankTypes_id:3]
6486017,901,2:28:36,8,[PeopleData_id:0]
6486017,902,2:28:37,8,[PeopleData_id:0,PeopleData_data1Type]
6486017,902,2:28:37,8,[PeopleData_id:0,PeopleData_data1Type]
6486017,903,2:28:40,8,[PeopleData_id0,PeopleData_data1Type]
6486017,901,2:28:40,8,[PeopleData_id:0]
6486017,904,2:28:40,8,[PeopleData_id:0]
6486017,905,2:28:41,8,[PeopleData_id:0,RankTypes_id:-1,RankTypes_id:2]
6486017,906,2:28:41,8,[]
6486017,907,2:28:41,8,[]
6486017,908,2:28:41,8,[InvitationData_id:7,PeopleData_id:1,RankTypes_id:3]
6486017,909,2:28:43,8,[InvitationData_id:7,PeopleData_id:1,RankTypes_id:3,1]
6486017,910,2:28:44,8,[InvitationData_id:7,7,false]
6486017,908,2:28:44,8,[InvitationData_id:11,PeopleData_id:1,RankTypes_id:3]
6486017,909,2:28:46,8,[InvitationData_id:11,PeopleData_id:1,RankTypes_id:3,1]
6486017,910,2:28:46,8,[InvitationData_id:11,7,false]
6486017,908,2:28:46,8,[InvitationData_id:4,PeopleData_id:6,RankTypes_id:3]
6486017,909,2:28:48,8,[InvitationData_id:4,PeopleData_id:6,RankTypes_id:3,1]
6486017,910,2:28:49,8,[InvitationData_id:4,0,true]
6486017,908,2:28:49,8,[InvitationData_id:9,PeopleData_id:8,RankTypes_id:3]
6486017,909,2:28:51,8,[InvitationData_id:9,PeopleData_id:8,RankTypes_id:3,1]
6486017,910,2:28:51,8,[InvitationData_id:9,7,false]
6486017,908,2:28:51,8,[InvitationData_id:1,PeopleData_id:3,RankTypes_id:2]
6486017,909,2:28:54,8,[InvitationData_id:1,PeopleData_id:3,RankTypes_id:2,0]
6486017,910,2:28:55,8,[InvitationData_id:1,-2,false]
6486017,908,2:28:55,8,[InvitationData_id:6,PeopleData_id:8,RankTypes_id:3]
6486017,909,2:28:57,8,[InvitationData_id:6,PeopleData_id:8,RankTypes_id:3,1]
6486017,910,2:28:58,8,[InvitationData_id:6,7,false]
6486017,908,2:28:58,8,[InvitationData_id:2,PeopleData_id:4,RankTypes_id:1]
6486017,909,2:29:0,8,[InvitationData_id:2,PeopleData_id:4,RankTypes_id:1,0]
6486017,910,2:29:1,8,[InvitationData_id:2,0,false]
6486017,908,2:29:1,8,[InvitationData_id:5,PeopleData_id:6,RankTypes_id:3]
6486017,909,2:29:6,8,[InvitationData_id:5,PeopleData_id:6,RankTypes_id:3,0]
6486017,910,2:29:7,8,[InvitationData_id:5,-7,false]
6486017,908,2:29:7,8,[InvitationData_id:10,PeopleData_id:0,RankTypes_id:2]
6486017,909,2:29:9,8,[InvitationData_id:10,PeopleData_id:0,RankTypes_id:2,0]
6486017,910,2:29:10,8,[InvitationData_id:10,-2,false]
6486017,908,2:29:10,8,[InvitationData_id:8,PeopleData_id:5,RankTypes_id:3]
6486017,909,2:29:13,8,[InvitationData_id:8,PeopleData_id:5,RankTypes_id:3,1]
6486017,910,2:29:14,8,[InvitationData_id:8,7,false]
6486017,908,2:29:14,8,[InvitationData_id:0,PeopleData_id:6,RankTypes_id:3]
6486017,909,2:29:15,8,[InvitationData_id:0,PeopleData_id:6,RankTypes_id:3,1]
6486017,910,2:29:16,8,[InvitationData_id:0,0,true]
6486017,908,2:29:16,8,[InvitationData_id:12,PeopleData_id:0,RankTypes_id:2]
