6546012,0,0:0:0,7/3/2013 1:25:18pm
6546012,600,0:0:6,0
6546012,601,0:0:8,1
6546012,602,0:0:9,0,1
6546012,603,0:0:13,0
6546012,604,0:0:24,0,liddo lanee
6546012,605,0:0:30
6546012,210,0:2:13,561,372
6546012,211,0:2:14,561,372
6546012,210,0:2:14,458,341
6546012,207,0:2:17,12,0,-510
6546012,207,0:2:25,12,-510,-255
6546012,207,0:2:27,12,-255,0
6546012,211,0:2:28,599,495
6546012,210,0:2:36,871,443
6546012,207,0:2:38,12,0,-330
6546012,211,0:2:42,567,447
6546012,210,0:2:42,1095,546
6546012,207,0:2:43,12,-330,-450
6546012,207,0:2:45,12,-450,-195
6546012,207,0:2:46,12,-195,0
6546012,211,0:2:47,560,431
6546012,210,0:3:13,597,559
6546012,207,0:3:25,12,0,-210
6546012,207,0:3:27,12,-210,-570
6546012,207,0:3:31,12,-570,0
6546012,211,0:3:32,142,223
6546012,210,0:4:54,1070,228
6546012,211,0:4:55,1432,214
6546012,207,0:4:55,12,0,-420
6546012,210,0:5:15,660,398
6546012,211,0:5:23,1102,220
6546012,213,0:5:23,12,c_family_afri_a_G0a1N,true
6546012,205,0:5:23,12,c_family_afri_a_G0a1N,false,false
6546012,213,0:5:39,12,c_player_afri_F_a_G0a1N,true
6546012,210,0:5:43,618,409
6546012,211,0:5:48,1109,493
6546012,212,0:5:49,1
6546012,210,0:5:49,560,409
6546012,211,0:5:53,1106,468
6546012,213,0:5:53,12,c_home_G0a1N,true
6546012,205,0:5:53,12,c_home_G0a1N,false,false
6546012,210,0:6:2,946,529
6546012,211,0:6:6,659,185
6546012,212,0:6:7,0
6546012,210,0:6:8,810,359
6546012,211,0:6:10,713,144
6546012,213,0:6:10,12,c_job_G0a1N,true
6546012,205,0:6:10,12,c_job_G0a1N,false,false
6546012,221,0:6:22,12
6546012,220,0:6:28,12
6546012,210,0:6:30,919,373
6546012,211,0:6:31,947,367
6546012,213,0:6:31,12,c_player_afri_F_a_G0a0,true
6546012,210,0:6:37,671,460
6546012,211,0:6:41,823,191
6546012,213,0:6:41,12,c_education_G0a0,true
6546012,210,0:6:56,877,272
6546012,211,0:6:57,833,313
6546012,213,0:6:57,12,c_player_afri_F_a_G0a1N,true
6546012,210,0:7:4,836,320
6546012,207,0:7:5,12,0,-315
6546012,211,0:7:6,1102,211
6546012,210,0:7:7,1134,230
6546012,211,0:7:8,1132,238
6546012,212,0:7:9,2
6546012,210,0:7:10,1157,194
6546012,211,0:7:10,1180,159
6546012,213,0:7:10,12,c_family_afri_a_G0a1N,true
6546012,205,0:7:10,12,c_family_afri_a_G0a1N,false,true
6546012,221,0:7:20,12
6546012,220,0:7:23,12
6546012,210,0:7:29,1037,392
6546012,207,0:7:29,12,0,-75
6546012,211,0:7:31,719,100
6546012,210,0:7:35,601,460
6546012,211,0:7:36,637,436
6546012,213,0:7:36,12,c_cousins_F_a_G0a1P,true
6546012,210,0:7:42,623,496
6546012,211,0:7:47,926,410
6546012,213,0:7:47,12,c_friends_G0a1P,true
6546012,210,0:8:4,654,460
6546012,207,0:8:9,12,-75,-525
6546012,211,0:8:13,1409,195
6546012,213,0:8:13,12,c_Teacher_G0a1P,true
6546012,205,0:8:13,12,c_Teacher_G0a1P,false,false
6546012,210,0:8:18,1089,421
6546012,207,0:8:21,12,-525,-1200
6546012,211,0:8:23,1643,348
6546012,213,0:8:23,12,c_grandma_afri_a_G0a1P,true
6546012,205,0:8:23,12,c_grandma_afri_a_G0a1P,false,false
6546012,210,0:8:28,1739,481
6546012,211,0:8:29,1854,445
6546012,213,0:8:29,12,c_kidsister_afri_a_G0a1P,true
6546012,205,0:8:29,12,c_kidsister_afri_a_G0a1P,false,false
6546012,210,0:8:34,1862,364
6546012,211,0:8:37,1824,432
6546012,213,0:8:37,12,c_kidsister_afri_a_G0a1P,true
6546012,205,0:8:37,12,c_kidsister_afri_a_G0a1P,false,true
6546012,212,0:8:41,1
6546012,210,0:8:42,1594,471
6546012,211,0:8:44,1774,437
6546012,213,0:8:44,12,c_dad_afri_a_G0a1P,true
6546012,205,0:8:44,12,c_dad_afri_a_G0a1P,false,false
6546012,210,0:8:49,1378,230
6546012,211,0:8:49,1487,180
6546012,212,0:8:51,2
6546012,210,0:8:51,1401,178
6546012,211,0:8:55,1687,119
6546012,212,0:8:57,1
6546012,210,0:8:58,1875,286
6546012,211,0:8:58,1907,228
6546012,213,0:8:58,12,c_mom_afri_a_G0a1P,true
6546012,205,0:8:58,12,c_mom_afri_a_G0a1P,false,false
6546012,212,0:9:5,0
6546012,210,0:9:5,1750,503
6546012,207,0:9:11,12,-1200,-1050
6546012,211,0:9:12,1315,278
6546012,213,0:9:12,12,c_Nurse_G0a1P,true
6546012,205,0:9:12,12,c_Nurse_G0a1P,false,false
6546012,221,0:9:17,12
6546012,300,0:9:54
6546012,220,0:9:54,12
6546012,221,0:10:2,12
6546012,208,0:10:10,12,c_kidsister_afri_a_G0a1P
6546012,208,0:10:11,12,c_kidsister_afri_a_G0a1P
6546012,208,0:10:17,12,c_kidsister_afri_a_G0a1P
6546012,208,0:10:19,12,c_grandma_afri_a_G0a1P
6546012,208,0:10:23,12,c_dad_afri_a_G0a1P
6546012,208,0:10:31,12,c_mom_afri_a_G0a1P
6546012,208,0:10:35,12,c_Teacher_G0a1P
6546012,208,0:10:40,12,c_Nurse_G0a1P
6546012,300,0:11:35
6546012,220,0:11:35,12
6546012,302,0:11:52,0,1,0,1
6546012,303,0:12:1,0,1,0,1
6546012,304,0:12:4,0,1,0,-1,,1,crazz
6546012,302,0:12:13,0,1,1,0
6546012,303,0:12:19,0,1,1,0
6546012,304,0:12:22,0,1,1,-1,,0,pretty
6546012,302,0:12:30,0,3,0,0
6546012,306,0:12:33,0,0,1
6546012,304,0:12:33,0,3,0,-1,,0,
6546012,302,0:12:40,0,0,0,1
6546012,304,0:12:41,0,0,0,-1,,1,
6546012,302,0:12:47,0,2,0,0
6546012,303,0:12:49,0,2,0,0
6546012,306,0:12:54,0,1,2
6546012,304,0:12:54,0,2,0,-1,,0,family time
6546012,302,0:13:2,0,2,1,8
6546012,302,0:13:2,0,2,1,6
6546012,303,0:13:5,0,2,1,6
6546012,304,0:13:11,0,2,1,-1,,6,music life
6546012,302,0:13:18,0,2,2,5
6546012,302,0:13:20,0,2,2,14
6546012,302,0:13:23,0,2,2,12
6546012,303,0:13:25,0,2,2,12
6546012,306,0:13:29,0,2,3
6546012,304,0:13:29,0,2,2,-1,,12,party life
6546012,221,0:13:43,12
6546012,220,0:13:45,12
6546012,203,0:13:45,12
6546012,1003,0:14:5,3
6546012,100,0:18:48,0
6546012,102,0:18:56,0
6546012,200,0:18:56,0,0,0,0,0,6
6546012,219,0:18:56,0
6546012,216,0:18:57,Stack_G7a0
6546012,217,0:19:34,Stack_G7a0,30,1.4
6546012,218,0:19:46,0
6546012,210,0:19:49,1061,531
6546012,211,0:19:51,988,523
6546012,213,0:19:51,0,c_bestFriend_F_a_G7a0,false
6546012,1003,0:19:58,2
6546012,210,0:20:14,948,469
6546012,211,0:20:14,1034,566
6546012,213,0:20:14,0,c_bestFriend_F_a_G7a0,false
6546012,210,0:20:18,711,561
6546012,211,0:20:20,674,562
6546012,213,0:20:20,0,s_otherStudent1_G7a0,true
6546012,210,0:20:30,628,555
6546012,207,0:20:34,0,-200,0
6546012,211,0:20:36,216,477
6546012,213,0:20:36,0,c_crewKid1_F_G7a0,true
6546012,210,0:20:45,494,521
6546012,207,0:20:49,0,0,-210
6546012,207,0:20:52,0,-210,-518.45
6546012,211,0:20:52,1463,524
6546012,213,0:20:52,0,c_friend1_F_a_G7a0,true
6546012,210,0:21:2,1272,442
6546012,211,0:21:4,1240,480
6546012,213,0:21:4,0,s_doorClassroom_G7a0,true
6546012,221,0:21:9,0
6546012,300,0:21:15
6546012,220,0:21:15,0
6546012,219,0:21:23,0
6546012,216,0:21:24,Stack_G7a1N
6546012,217,0:21:50,Stack_G7a1N,20,0.00
6546012,218,0:21:52,0
6546012,221,0:22:10,0
6546012,220,0:22:23,0
6546012,212,0:22:24,1
6546012,210,0:22:25,762,491
6546012,207,0:22:29,0,-200,-518.45
6546012,207,0:22:34,0,-518.45,-293.45
6546012,207,0:22:35,0,-293.45,-23.45
6546012,207,0:22:37,0,-23.45,0
6546012,211,0:22:40,244,102
6546012,213,0:22:40,0,s_flag_gen,false
6546012,210,0:22:45,346,227
6546012,211,0:22:47,620,112
6546012,213,0:22:47,0,s_atwoodPoster_gen,true
6546012,212,0:22:53,0
6546012,210,0:22:54,290,503
6546012,211,0:22:58,1119,511
6546012,207,0:22:58,0,0,-120
6546012,210,0:22:58,1156,511
6546012,207,0:22:58,0,-120,-195
6546012,211,0:22:59,1426,558
6546012,207,0:22:59,0,-195,-420
6546012,210,0:22:59,1517,516
6546012,211,0:22:59,1517,516
6546012,207,0:22:59,0,-420,-495
6546012,207,0:23:0,0,-495,-518.45
6546012,210,0:23:0,1476,485
6546012,211,0:23:6,893,121
6546012,213,0:23:6,0,s_poePoster_gen,true
6546012,210,0:23:9,859,65
6546012,211,0:23:10,792,147
6546012,213,0:23:10,0,s_shakespearePoster_gen,true
6546012,210,0:23:13,784,131
6546012,211,0:23:14,719,156
6546012,213,0:23:14,0,s_angelouPoster_gen,true
6546012,212,0:23:24,1
6546012,210,0:23:25,1231,510
6546012,207,0:23:26,0,-400,-518.45
6546012,211,0:23:27,1219,479
6546012,213,0:23:27,0,s_otherStudent2_G7a1N,true
6546012,210,0:23:30,1425,529
6546012,211,0:23:34,662,606
6546012,213,0:23:34,0,s_otherStudent1_G7a1N,true
6546012,210,0:23:37,703,521
6546012,207,0:23:39,0,-518.45,-308.45
6546012,207,0:23:41,0,-308.45,-83.45
6546012,211,0:23:42,223,492
6546012,213,0:23:42,0,c_crewKid1_F_G7a1N,true
6546012,210,0:23:46,254,394
6546012,207,0:23:47,0,-83.45,0
6546012,211,0:23:49,1021,505
6546012,207,0:23:49,0,0,-30
6546012,212,0:23:50,2
6546012,210,0:23:51,1109,542
6546012,207,0:23:52,0,-30,-518.45
6546012,211,0:23:55,872,452
6546012,213,0:23:55,0,c_teacherEng_G7a1N,false
6546012,210,0:24:1,956,423
6546012,207,0:24:4,0,-518.45,-23.45
6546012,207,0:24:6,0,-23.45,0
6546012,211,0:24:8,741,403
6546012,213,0:24:8,0,c_teacherEng_G7a1N,false
6546012,210,0:24:12,773,483
6546012,207,0:24:13,0,0,-210
6546012,211,0:24:14,1044,534
6546012,213,0:24:14,0,c_bestFriend_F_a_G7a1N,false
6546012,212,0:24:23,1
6546012,210,0:24:24,1121,557
6546012,207,0:24:25,0,-210,-518.45
6546012,211,0:24:35,678,556
6546012,213,0:24:35,0,s_otherStudent1_G7a1N,true
6546012,210,0:24:54,916,426
6546012,211,0:24:54,916,426
6546012,210,0:24:55,813,390
6546012,211,0:24:57,127,114
6546012,207,0:24:57,0,-200,-50
6546012,210,0:24:57,241,73
6546012,211,0:24:58,251,116
6546012,213,0:24:58,0,s_flag_gen,false
6546012,1003,0:25:14,1
6546012,1004,0:25:16,0
6546012,800,0:25:22,0,[]
6546012,801,0:25:31,0,[]
6546012,814,0:25:35,0,[0]
6546012,815,0:25:35,0,0,OpportunityCardData_id:0
6546012,815,0:25:41,0,0,OpportunityCardData_id:1
6546012,815,0:25:44,0,0,OpportunityCardData_id:2
6546012,815,0:25:45,0,0,OpportunityCardData_id:3
6546012,815,0:25:47,0,0,OpportunityCardData_id:4
6546012,815,0:25:49,0,0,OpportunityCardData_id:5
6546012,815,0:25:49,0,0,OpportunityCardData_id:4
6546012,815,0:25:51,0,0,OpportunityCardData_id:5
6546012,815,0:25:52,0,0,OpportunityCardData_id:6
6546012,815,0:25:53,0,0,OpportunityCardData_id:0
6546012,815,0:25:56,0,0,OpportunityCardData_id:1
6546012,815,0:25:57,0,0,OpportunityCardData_id:2
6546012,815,0:25:57,0,0,OpportunityCardData_id:3
6546012,815,0:25:58,0,0,OpportunityCardData_id:4
6546012,816,0:26:1,0,0,OpportunityCardData_id:4
6546012,803,0:26:4,0,[OpportunityCardData_id:4,OpportunityCardConsequencesData_logId:0]
6546012,803,0:26:7,0,[OpportunityCardData_id:4,OpportunityCardConsequencesData_logId:1]
6546012,805,0:26:13,0,[OpportunityCardData_id:4]
6546012,806,0:26:19,0,[OpportunityCardData_id:4,PriorityData_type:2]
6546012,806,0:26:20,0,[OpportunityCardData_id:4,PriorityData_type:1]
6546012,806,0:26:21,0,[OpportunityCardData_id:4,PriorityData_type:4]
6546012,807,0:26:22,0,[OpportunityCardData_id:4]
6546012,808,0:26:36,0,[OpportunityCardData_id:4]
6546012,809,0:26:42,0,[OpportunityCardData_id:4,PriorityData_type:3,false]
6546012,810,0:26:49,0,[OpportunityCardData_id:4,PriorityData_type:0,25,PriorityData_type:3,15]
6546012,814,0:26:55,0,[1]
6546012,815,0:26:55,0,1,OpportunityCardData_id:7
6546012,815,0:26:59,0,1,OpportunityCardData_id:8
6546012,815,0:27:1,0,1,OpportunityCardData_id:9
6546012,815,0:27:3,0,1,OpportunityCardData_id:10
6546012,815,0:27:5,0,1,OpportunityCardData_id:11
6546012,815,0:27:7,0,1,OpportunityCardData_id:12
6546012,815,0:27:8,0,1,OpportunityCardData_id:7
6546012,815,0:27:10,0,1,OpportunityCardData_id:8
6546012,815,0:27:10,0,1,OpportunityCardData_id:9
6546012,815,0:27:11,0,1,OpportunityCardData_id:10
6546012,815,0:27:11,0,1,OpportunityCardData_id:11
6546012,815,0:27:13,0,1,OpportunityCardData_id:12
6546012,816,0:27:15,0,1,OpportunityCardData_id:12
6546012,803,0:27:16,0,[OpportunityCardData_id:12,OpportunityCardConsequencesData_logId:0]
6546012,803,0:27:18,0,[OpportunityCardData_id:12,OpportunityCardConsequencesData_logId:1]
6546012,805,0:27:21,0,[OpportunityCardData_id:12]
6546012,806,0:27:28,0,[OpportunityCardData_id:12,PriorityData_type:5]
6546012,807,0:27:29,0,[OpportunityCardData_id:12]
6546012,808,0:27:31,0,[OpportunityCardData_id:12]
6546012,809,0:27:39,0,[OpportunityCardData_id:12,Safe,false]
6546012,810,0:27:41,0,[OpportunityCardData_id:12,PriorityData_type:1,15,Safe,Safe]
6546012,814,0:27:48,0,[2]
6546012,815,0:27:48,0,2,OpportunityCardData_id:13
6546012,817,0:27:55,0,2
6546012,814,0:27:56,0,[2]
6546012,815,0:27:56,0,2,OpportunityCardData_id:13
6546012,815,0:27:58,0,2,OpportunityCardData_id:14
6546012,815,0:28:0,0,2,OpportunityCardData_id:15
6546012,815,0:28:2,0,2,OpportunityCardData_id:16
6546012,815,0:28:5,0,2,OpportunityCardData_id:17
6546012,815,0:28:7,0,2,OpportunityCardData_id:18
6546012,816,0:28:9,0,2,OpportunityCardData_id:18
6546012,803,0:28:10,0,[OpportunityCardData_id:18,OpportunityCardConsequencesData_logId:0]
6546012,803,0:28:12,0,[OpportunityCardData_id:18,OpportunityCardConsequencesData_logId:1]
6546012,805,0:28:14,0,[OpportunityCardData_id:18]
6546012,807,0:28:16,0,[OpportunityCardData_id:18]
6546012,808,0:28:17,0,[OpportunityCardData_id:18]
6546012,809,0:28:22,0,[OpportunityCardData_id:18,Safe,false]
6546012,810,0:28:24,0,[OpportunityCardData_id:18,PriorityData_type:2,15,Safe,Safe]
6546012,814,0:29:32,0,[3]
6546012,815,0:29:32,0,3,OpportunityCardData_id:19
6546012,817,0:29:38,0,3
6546012,814,0:29:38,0,[3]
6546012,815,0:29:38,0,3,OpportunityCardData_id:19
6546012,815,0:29:39,0,3,OpportunityCardData_id:20
6546012,815,0:29:41,0,3,OpportunityCardData_id:21
6546012,815,0:29:43,0,3,OpportunityCardData_id:23
6546012,815,0:29:44,0,3,OpportunityCardData_id:24
6546012,815,0:29:46,0,3,OpportunityCardData_id:25
6546012,815,0:29:49,0,3,OpportunityCardData_id:19
6546012,816,0:29:51,0,3,OpportunityCardData_id:19
6546012,803,0:29:52,0,[OpportunityCardData_id:19,OpportunityCardConsequencesData_logId:0]
6546012,803,0:29:54,0,[OpportunityCardData_id:19,OpportunityCardConsequencesData_logId:1]
6546012,803,0:29:56,0,[OpportunityCardData_id:19,OpportunityCardConsequencesData_logId:2]
6546012,804,0:29:59,0,[OpportunityCardData_id:19]
6546012,814,0:30:1,0,[3]
6546012,815,0:30:1,0,3,OpportunityCardData_id:20
6546012,815,0:30:2,0,3,OpportunityCardData_id:21
6546012,816,0:30:6,0,3,OpportunityCardData_id:21
6546012,803,0:30:7,0,[OpportunityCardData_id:21,OpportunityCardConsequencesData_logId:0]
6546012,803,0:30:8,0,[OpportunityCardData_id:21,OpportunityCardConsequencesData_logId:1]
6546012,804,0:30:12,0,[OpportunityCardData_id:21]
6546012,814,0:30:13,0,[3]
6546012,815,0:30:13,0,3,OpportunityCardData_id:20
6546012,815,0:30:15,0,3,OpportunityCardData_id:23
6546012,815,0:30:17,0,3,OpportunityCardData_id:24
6546012,816,0:30:18,0,3,OpportunityCardData_id:24
6546012,803,0:30:19,0,[OpportunityCardData_id:24,OpportunityCardConsequencesData_logId:0]
6546012,803,0:30:20,0,[OpportunityCardData_id:24,OpportunityCardConsequencesData_logId:1]
6546012,803,0:30:21,0,[OpportunityCardData_id:24,OpportunityCardConsequencesData_logId:2]
6546012,805,0:30:23,0,[OpportunityCardData_id:24]
6546012,807,0:30:24,0,[OpportunityCardData_id:24]
6546012,808,0:30:26,0,[OpportunityCardData_id:24]
6546012,809,0:30:32,0,[OpportunityCardData_id:24,PriorityData_type:2,false]
6546012,810,0:30:35,0,[OpportunityCardData_id:24,PriorityData_type:3,10,PriorityData_type:2,10]
6546012,814,0:30:44,0,[4]
6546012,815,0:30:44,0,4,OpportunityCardData_id:22
6546012,815,0:30:46,0,4,OpportunityCardData_id:26
6546012,815,0:30:48,0,4,OpportunityCardData_id:27
6546012,815,0:30:50,0,4,OpportunityCardData_id:28
6546012,815,0:30:54,0,4,OpportunityCardData_id:29
6546012,815,0:30:56,0,4,OpportunityCardData_id:30
6546012,816,0:30:59,0,4,OpportunityCardData_id:30
6546012,803,0:31:0,0,[OpportunityCardData_id:30,OpportunityCardConsequencesData_logId:0]
6546012,803,0:31:1,0,[OpportunityCardData_id:30,OpportunityCardConsequencesData_logId:1]
6546012,804,0:31:7,0,[OpportunityCardData_id:30]
6546012,814,0:31:7,0,[4]
6546012,815,0:31:7,0,4,OpportunityCardData_id:22
6546012,815,0:31:8,0,4,OpportunityCardData_id:26
6546012,815,0:31:9,0,4,OpportunityCardData_id:27
6546012,816,0:31:11,0,4,OpportunityCardData_id:27
6546012,803,0:31:12,0,[OpportunityCardData_id:27,OpportunityCardConsequencesData_logId:0]
6546012,803,0:31:12,0,[OpportunityCardData_id:27,OpportunityCardConsequencesData_logId:1]
6546012,803,0:31:13,0,[OpportunityCardData_id:27,OpportunityCardConsequencesData_logId:2]
6546012,805,0:31:14,0,[OpportunityCardData_id:27]
6546012,807,0:31:15,0,[OpportunityCardData_id:27]
6546012,808,0:31:17,0,[OpportunityCardData_id:27]
6546012,809,0:31:36,0,[OpportunityCardData_id:27,PriorityData_type:2,false]
6546012,810,0:31:39,0,[OpportunityCardData_id:27,PriorityData_type:4,15,PriorityData_type:2,10]
6546012,811,0:31:47,0,[OpportunityCardData_id:27,PriorityData_type:2,80,65,PriorityData_type:4,70,60]
6546012,1005,0:31:47,0,[1,0,1]
6546012,1001,0:31:50,0,[]
6546012,1003,0:31:50,1
6546012,221,0:31:56,0
6546012,300,0:31:58
6546012,220,0:31:58,0
6546012,304,0:32:11,0,0,0,1,,1,
6546012,221,0:32:15,0
6546012,220,0:32:25,0
6546012,221,0:32:33,0
6546012,220,0:32:35,0
6546012,212,0:32:39,2
6546012,210,0:32:40,1289,559
6546012,207,0:32:40,0,-400,-518.45
6546012,211,0:32:42,1061,505
6546012,213,0:32:42,0,c_bestFriend_F_a_G7a1N,false
6546012,1003,0:32:46,2
6546012,1004,0:32:48,0
6546012,900,0:33:5,0,[]
6546012,901,0:33:17,0,[PeopleData_id:0]
6546012,904,0:33:17,0,[PeopleData_id:0]
6546012,902,0:33:20,0,[PeopleData_id:0,PeopleData_data3Type]
6546012,903,0:33:27,0,[PeopleData_id0,PeopleData_data3Type]
6546012,902,0:33:37,0,[PeopleData_id:0,PeopleData_data2Type]
6546012,903,0:33:40,0,[PeopleData_id0,PeopleData_data2Type]
6546012,1002,0:33:49,0
6546012,1003,0:33:49,2
6546012,1004,0:33:50,0
6546012,900,0:33:57,0,[]
6546012,901,0:34:1,0,[PeopleData_id:0]
6546012,902,0:34:4,0,[PeopleData_id:0,PeopleData_data3Type]
6546012,903,0:34:7,0,[PeopleData_id0,PeopleData_data3Type]
6546012,902,0:34:8,0,[PeopleData_id:0,PeopleData_data2Type]
6546012,903,0:34:9,0,[PeopleData_id0,PeopleData_data2Type]
6546012,902,0:34:16,0,[PeopleData_id:0,PeopleData_data1Type]
6546012,903,0:34:21,0,[PeopleData_id0,PeopleData_data1Type]
6546012,902,0:34:21,0,[PeopleData_id:0,PeopleData_data0Type]
6546012,903,0:34:26,0,[PeopleData_id0,PeopleData_data0Type]
6546012,902,0:34:27,0,[PeopleData_id:0,PeopleData_data0Type]
6546012,903,0:34:30,0,[PeopleData_id0,PeopleData_data0Type]
6546012,902,0:34:50,0,[PeopleData_id:0,PeopleData_data2Type]
6546012,902,0:34:51,0,[PeopleData_id:0,PeopleData_data3Type]
6546012,903,0:34:52,0,[PeopleData_id0,PeopleData_data3Type]
6546012,901,0:34:56,0,[PeopleData_id:0]
6546012,904,0:34:57,0,[PeopleData_id:0]
6546012,901,0:34:57,0,[PeopleData_id:0]
6546012,904,0:34:57,0,[PeopleData_id:0]
6546012,905,0:35:2,0,[PeopleData_id:0,RankTypes_id:-1,RankTypes_id:2]
6546012,901,0:35:9,0,[PeopleData_id:3]
6546012,902,0:35:11,0,[PeopleData_id:3,PeopleData_data2Type]
6546012,903,0:35:13,0,[PeopleData_id3,PeopleData_data2Type]
6546012,902,0:35:14,0,[PeopleData_id:3,PeopleData_data1Type]
6546012,903,0:35:16,0,[PeopleData_id3,PeopleData_data1Type]
6546012,902,0:35:16,0,[PeopleData_id:3,PeopleData_data0Type]
6546012,903,0:35:19,0,[PeopleData_id3,PeopleData_data0Type]
6546012,901,0:35:20,0,[PeopleData_id:3]
6546012,904,0:35:20,0,[PeopleData_id:3]
6546012,905,0:35:26,0,[PeopleData_id:3,RankTypes_id:-1,RankTypes_id:3]
6546012,901,0:35:28,0,[PeopleData_id:4]
6546012,902,0:35:29,0,[PeopleData_id:4,PeopleData_data3Type]
6546012,903,0:35:32,0,[PeopleData_id4,PeopleData_data3Type]
6546012,902,0:35:32,0,[PeopleData_id:4,PeopleData_data2Type]
6546012,902,0:35:35,0,[PeopleData_id:4,PeopleData_data1Type]
6546012,903,0:35:38,0,[PeopleData_id4,PeopleData_data1Type]
6546012,902,0:35:38,0,[PeopleData_id:4,PeopleData_data0Type]
6546012,903,0:35:41,0,[PeopleData_id4,PeopleData_data0Type]
6546012,901,0:35:43,0,[PeopleData_id:4]
6546012,904,0:35:43,0,[PeopleData_id:4]
6546012,905,0:35:45,0,[PeopleData_id:4,RankTypes_id:-1,RankTypes_id:0]
6546012,901,0:35:48,0,[PeopleData_id:1]
6546012,902,0:35:49,0,[PeopleData_id:1,PeopleData_data3Type]
6546012,903,0:35:53,0,[PeopleData_id1,PeopleData_data3Type]
6546012,902,0:35:54,0,[PeopleData_id:1,PeopleData_data2Type]
6546012,903,0:35:56,0,[PeopleData_id1,PeopleData_data2Type]
6546012,902,0:35:57,0,[PeopleData_id:1,PeopleData_data1Type]
6546012,902,0:36:1,0,[PeopleData_id:1,PeopleData_data0Type]
6546012,903,0:36:4,0,[PeopleData_id1,PeopleData_data0Type]
6546012,901,0:36:5,0,[PeopleData_id:1]
6546012,904,0:36:5,0,[PeopleData_id:1]
6546012,905,0:36:6,0,[PeopleData_id:1,RankTypes_id:-1,RankTypes_id:0]
6546012,901,0:36:8,0,[PeopleData_id:2]
6546012,904,0:36:8,0,[PeopleData_id:2]
6546012,902,0:36:9,0,[PeopleData_id:2,PeopleData_data3Type]
6546012,903,0:36:12,0,[PeopleData_id2,PeopleData_data3Type]
6546012,902,0:36:12,0,[PeopleData_id:2,PeopleData_data2Type]
6546012,903,0:36:14,0,[PeopleData_id2,PeopleData_data2Type]
6546012,902,0:36:15,0,[PeopleData_id:2,PeopleData_data1Type]
6546012,903,0:36:17,0,[PeopleData_id2,PeopleData_data1Type]
6546012,902,0:36:19,0,[PeopleData_id:2,PeopleData_data1Type]
6546012,903,0:36:21,0,[PeopleData_id2,PeopleData_data1Type]
6546012,902,0:36:21,0,[PeopleData_id:2,PeopleData_data0Type]
6546012,903,0:36:23,0,[PeopleData_id2,PeopleData_data0Type]
6546012,901,0:36:23,0,[PeopleData_id:2]
6546012,904,0:36:23,0,[PeopleData_id:2]
6546012,905,0:36:24,0,[PeopleData_id:2,RankTypes_id:-1,RankTypes_id:0]
6546012,906,0:36:24,0,[]
6546012,907,0:36:32,0,[]
6546012,908,0:36:32,0,[InvitationData_id:6,PeopleData_id:3,RankTypes_id:3]
6546012,909,0:36:52,0,[InvitationData_id:6,PeopleData_id:3,RankTypes_id:3,0]
6546012,910,0:36:57,0,[InvitationData_id:6,-7,false]
6546012,908,0:36:57,0,[InvitationData_id:1,PeopleData_id:0,RankTypes_id:2]
6546012,909,0:37:4,0,[InvitationData_id:1,PeopleData_id:0,RankTypes_id:2,1]
6546012,910,0:37:5,0,[InvitationData_id:1,5,false]
6546012,908,0:37:5,0,[InvitationData_id:0,PeopleData_id:3,RankTypes_id:3]
6546012,909,0:37:35,0,[InvitationData_id:0,PeopleData_id:3,RankTypes_id:3,1]
6546012,910,0:44:45,0,[InvitationData_id:0,7,false]
6546012,908,0:44:45,0,[InvitationData_id:3,PeopleData_id:3,RankTypes_id:3]
6546012,909,0:44:50,0,[InvitationData_id:3,PeopleData_id:3,RankTypes_id:3,1]
6546012,910,0:44:57,0,[InvitationData_id:3,7,false]
6546012,908,0:44:57,0,[InvitationData_id:8,PeopleData_id:3,RankTypes_id:3]
6546012,909,0:45:1,0,[InvitationData_id:8,PeopleData_id:3,RankTypes_id:3,1]
6546012,910,0:45:15,0,[InvitationData_id:8,7,false]
6546012,911,0:45:27,0,[19,0,1,0]
6546012,1005,0:45:27,0,[2,0,2]
6546012,1001,0:45:29,0,[]
6546012,1003,0:45:29,2
6546012,210,0:45:37,1167,452
6546012,211,0:45:40,1039,525
6546012,213,0:45:40,0,c_bestFriend_F_a_G7a1N,true
6546012,205,0:45:40,0,c_bestFriend_F_a_G7a1N,false,false
6546012,210,0:45:45,1133,482
6546012,211,0:45:47,850,503
6546012,213,0:45:47,0,c_teacherEng_G7a1N,true
6546012,205,0:45:47,0,c_teacherEng_G7a1N,false,false
6546012,210,0:45:52,965,363
6546012,207,0:45:59,0,-400,-175
6546012,207,0:46:1,0,-175,0
6546012,211,0:46:2,138,543
6546012,212,0:46:3,1
6546012,210,0:46:4,128,510
6546012,207,0:46:10,0,0,-210
6546012,207,0:46:12,0,-210,-518.45
6546012,211,0:46:17,910,155
6546012,213,0:46:17,0,s_poePoster_gen,true
6546012,210,0:46:21,1429,524
6546012,207,0:46:27,0,-518.45,-218.45
6546012,207,0:46:28,0,-218.45,-8.45
6546012,211,0:46:28,266,410
6546012,210,0:46:29,142,479
6546012,211,0:46:29,239,461
6546012,212,0:46:30,0
6546012,207,0:46:31,0,-8.45,0
6546012,210,0:46:31,100,499
6546012,207,0:46:38,0,0,-180
6546012,211,0:46:41,1257,584
6546012,207,0:46:41,0,-180,-255
6546012,210,0:46:42,1339,553
6546012,207,0:46:42,0,-255,-495
6546012,207,0:46:43,0,-495,-518.45
6546012,211,0:46:45,1092,564
6546012,210,0:46:50,1404,424
6546012,211,0:46:50,1396,527
6546012,210,0:46:50,1431,514
6546012,207,0:46:58,0,-518.45,-188.45
6546012,207,0:46:59,0,-188.45,0
6546012,211,0:47:0,202,448
6546012,210,0:52:11,66,554
6546012,207,0:52:18,0,0,-518.45
6546012,207,0:52:22,0,-518.45,-398.45
6546012,211,0:52:22,1141,486
6546012,212,0:52:23,1
6546012,210,0:52:24,666,477
6546012,207,0:52:29,0,-398.45,-518.45
6546012,207,0:52:34,0,-518.45,-248.45
6546012,211,0:52:35,175,612
6546012,207,0:52:35,0,-248.45,-158.45
6546012,210,0:52:35,142,532
6546012,207,0:52:35,0,-158.45,-83.45
6546012,207,0:52:36,0,-83.45,0
6546012,211,0:52:37,892,542
6546012,212,0:52:38,2
6546012,210,0:52:39,691,99
6546012,211,0:52:46,844,429
6546012,213,0:52:46,0,c_teacherEng_G7a1N,true
6546012,205,0:52:46,0,c_teacherEng_G7a1N,false,true
6546012,210,0:52:50,711,530
6546012,207,0:52:51,0,0,-518.45
6546012,211,0:52:54,1050,546
6546012,213,0:52:54,0,c_bestFriend_F_a_G7a1N,true
6546012,205,0:52:54,0,c_bestFriend_F_a_G7a1N,false,true
6546012,219,0:53:14,0
6546012,218,0:53:25,0
6546012,210,0:53:26,1057,510
6546012,211,0:53:27,1061,532
6546012,213,0:53:27,0,c_bestFriend_F_a_G7a1N,true
6546012,205,0:53:27,0,c_bestFriend_F_a_G7a1N,false,true
6546012,210,0:53:31,1361,486
6546012,211,0:53:38,786,160
6546012,213,0:53:38,0,s_shakespearePoster_gen,true
6546012,210,0:53:41,783,200
6546012,211,0:53:43,710,162
6546012,213,0:53:43,0,s_angelouPoster_gen,true
6546012,212,0:54:31,1
6546012,210,0:54:32,1415,573
6546012,207,0:54:38,0,-518.45,-68.45
6546012,207,0:54:38,0,-68.45,0
6546012,211,0:54:42,629,155
6546012,213,0:54:42,0,s_atwoodPoster_gen,true
6546012,210,0:54:46,616,108
6546012,207,0:54:49,0,0,-255
6546012,207,0:54:50,0,-255,0
6546012,211,0:54:51,255,165
6546012,213,0:54:51,0,s_flag_gen,true
6546012,210,0:55:11,756,296
6546012,207,0:55:13,0,0,-180
6546012,207,0:55:15,0,-180,-270
6546012,211,0:55:15,1349,447
6546012,207,0:55:15,0,-270,-345
6546012,212,0:56:32,0
6546012,210,0:56:33,1282,476
6546012,207,0:56:36,0,-345,0
6546012,211,0:56:39,218,490
6546012,213,0:56:39,0,c_crewKid1_F_G7a1N,true
6546012,210,0:56:42,287,425
6546012,211,0:56:44,686,558
6546012,213,0:56:44,0,s_otherStudent1_G7a1N,true
6546012,210,0:56:47,501,388
6546012,211,0:56:47,501,388
6546012,210,0:56:49,433,464
6546012,207,0:56:56,0,0,-210
6546012,207,0:56:57,0,-210,-480
6546012,207,0:56:58,0,-480,-518.45
6546012,211,0:57:0,1541,598
6546012,210,0:57:0,1508,573
6546012,211,0:57:1,1217,421
6546012,207,0:57:11,0,-200,-245
6546012,210,0:57:11,1164,498
6546012,207,0:57:12,0,-245,-518.45
6546012,207,0:57:20,0,-518.45,-278.45
6546012,207,0:57:21,0,-278.45,0
6546012,211,0:57:23,322,505
6546012,210,0:57:42,472,460
6546012,211,0:57:42,367,442
6546012,212,0:57:47,1
6546012,207,0:57:47,0,-400,-430
6546012,210,0:57:47,1342,464
6546012,211,0:57:50,1235,539
6546012,213,0:57:50,0,s_otherStudent2_G7a1N,true
6546012,210,0:57:52,989,450
6546012,211,0:57:55,1055,578
6546012,212,0:57:56,2
6546012,210,0:57:57,1346,491
6546012,211,0:57:58,1231,486
6546012,213,0:57:58,0,s_otherStudent2_G7a1N,true
6546012,210,1:0:11,1163,369
6546012,211,1:0:11,882,330
6546012,213,1:0:11,0,c_teacherEng_G7a1N,true
6546012,205,1:0:11,0,c_teacherEng_G7a1N,false,true
6546012,212,1:0:18,1
6546012,210,1:0:19,878,400
6546012,211,1:0:21,778,316
6546012,213,1:0:21,0,s_paperPlayers_G7a1N,false
6546012,1003,1:0:25,1
6546012,1004,1:0:26,0
6546012,800,1:0:30,0,[]
6546012,801,1:0:32,0,[]
6546012,814,1:0:34,0,[5]
6546012,815,1:0:34,0,5,OpportunityCardData_id:32
6546012,815,1:0:37,0,5,OpportunityCardData_id:33
6546012,815,1:0:39,0,5,OpportunityCardData_id:34
6546012,815,1:0:40,0,5,OpportunityCardData_id:35
6546012,815,1:0:42,0,5,OpportunityCardData_id:36
6546012,815,1:0:43,0,5,OpportunityCardData_id:37
6546012,815,1:0:45,0,5,OpportunityCardData_id:32
6546012,815,1:0:45,0,5,OpportunityCardData_id:33
6546012,816,1:0:48,0,5,OpportunityCardData_id:33
6546012,805,1:1:17,0,[OpportunityCardData_id:33]
6546012,807,1:1:51,0,[OpportunityCardData_id:33]
6546012,808,1:1:52,0,[OpportunityCardData_id:33]
6546012,809,1:1:58,0,[OpportunityCardData_id:33,PriorityData_type:3,false]
6546012,810,1:2:1,0,[OpportunityCardData_id:33,PriorityData_type:5,15,PriorityData_type:3,10]
6546012,1002,1:2:6,0
6546012,1003,1:2:6,1
6546012,1004,1:2:7,0
6546012,1002,1:2:17,0
6546012,1003,1:2:17,1
6546012,210,1:2:26,1222,462
6546012,211,1:2:29,797,316
6546012,210,1:2:30,787,302
6546012,211,1:2:31,787,320
6546012,213,1:2:31,0,s_paperPlayers_G7a1N,false
6546012,1003,1:2:37,1
6546012,1004,1:2:39,0
6546012,800,1:2:41,0,[]
6546012,801,1:2:43,0,[]
6546012,814,1:2:52,0,[0]
6546012,815,1:2:52,0,0,OpportunityCardData_id:0
6546012,815,1:2:56,0,0,OpportunityCardData_id:1
6546012,816,1:2:58,0,0,OpportunityCardData_id:1
6546012,803,1:2:59,0,[OpportunityCardData_id:1,OpportunityCardConsequencesData_logId:0]
6546012,803,1:3:0,0,[OpportunityCardData_id:1,OpportunityCardConsequencesData_logId:1]
6546012,803,1:3:1,0,[OpportunityCardData_id:1,OpportunityCardConsequencesData_logId:2]
6546012,805,1:3:13,0,[OpportunityCardData_id:1]
6546012,807,1:3:17,0,[OpportunityCardData_id:1]
6546012,808,1:3:21,0,[OpportunityCardData_id:1]
6546012,809,1:3:29,0,[OpportunityCardData_id:1,PriorityData_type:2,false]
6546012,810,1:3:47,0,[OpportunityCardData_id:1,PriorityData_type:0,15,PriorityData_type:2,10]
6546012,814,1:4:9,0,[1]
6546012,815,1:4:9,0,1,OpportunityCardData_id:7
6546012,816,1:4:11,0,1,OpportunityCardData_id:7
6546012,803,1:4:11,0,[OpportunityCardData_id:7,OpportunityCardConsequencesData_logId:0]
6546012,803,1:4:12,0,[OpportunityCardData_id:7,OpportunityCardConsequencesData_logId:1]
6546012,803,1:4:14,0,[OpportunityCardData_id:7,OpportunityCardConsequencesData_logId:2]
6546012,805,1:4:20,0,[OpportunityCardData_id:7]
6546012,807,1:4:22,0,[OpportunityCardData_id:7]
6546012,808,1:5:21,0,[OpportunityCardData_id:7]
6546012,809,1:5:25,0,[OpportunityCardData_id:7,PriorityData_type:4,false]
6546012,810,1:5:29,0,[OpportunityCardData_id:7,PriorityData_type:1,20,PriorityData_type:4,15]
6546012,814,1:6:3,0,[4]
6546012,815,1:6:3,0,4,OpportunityCardData_id:22
6546012,815,1:6:5,0,4,OpportunityCardData_id:26
6546012,815,1:6:7,0,4,OpportunityCardData_id:27
6546012,815,1:6:8,0,4,OpportunityCardData_id:28
6546012,815,1:6:10,0,4,OpportunityCardData_id:29
6546012,815,1:6:10,0,4,OpportunityCardData_id:30
6546012,816,1:6:13,0,4,OpportunityCardData_id:30
6546012,803,1:6:14,0,[OpportunityCardData_id:30,OpportunityCardConsequencesData_logId:0]
6546012,803,1:6:16,0,[OpportunityCardData_id:30,OpportunityCardConsequencesData_logId:1]
6546012,805,1:6:17,0,[OpportunityCardData_id:30]
6546012,807,1:6:18,0,[OpportunityCardData_id:30]
6546012,808,1:6:28,0,[OpportunityCardData_id:30]
6546012,809,1:6:36,0,[OpportunityCardData_id:30,PriorityData_type:5,false]
6546012,810,1:6:43,0,[OpportunityCardData_id:30,PriorityData_type:4,10,PriorityData_type:5,20]
6546012,814,1:6:51,0,[2]
6546012,815,1:6:51,0,2,OpportunityCardData_id:13
6546012,817,1:7:23,0,2
6546012,814,1:11:47,0,[2]
6546012,815,1:11:47,0,2,OpportunityCardData_id:13
6546012,815,1:11:49,0,2,OpportunityCardData_id:14
6546012,815,1:11:52,0,2,OpportunityCardData_id:15
6546012,815,1:11:53,0,2,OpportunityCardData_id:14
6546012,816,1:11:54,0,2,OpportunityCardData_id:14
6546012,803,1:11:55,0,[OpportunityCardData_id:14,OpportunityCardConsequencesData_logId:0]
6546012,803,1:11:55,0,[OpportunityCardData_id:14,OpportunityCardConsequencesData_logId:1]
6546012,803,1:11:56,0,[OpportunityCardData_id:14,OpportunityCardConsequencesData_logId:2]
6546012,805,1:12:2,0,[OpportunityCardData_id:14]
6546012,807,1:12:4,0,[OpportunityCardData_id:14]
6546012,808,1:12:5,0,[OpportunityCardData_id:14]
6546012,809,1:12:18,0,[OpportunityCardData_id:14,PriorityData_type:3,false]
6546012,810,1:12:23,0,[OpportunityCardData_id:14,PriorityData_type:2,15,PriorityData_type:3,10]
6546012,814,1:12:35,0,[2]
6546012,815,1:12:35,0,2,OpportunityCardData_id:13
6546012,816,1:12:38,0,2,OpportunityCardData_id:13
6546012,803,1:12:39,0,[OpportunityCardData_id:13,OpportunityCardConsequencesData_logId:0]
6546012,803,1:12:39,0,[OpportunityCardData_id:13,OpportunityCardConsequencesData_logId:1]
6546012,803,1:12:41,0,[OpportunityCardData_id:13,OpportunityCardConsequencesData_logId:2]
6546012,805,1:12:42,0,[OpportunityCardData_id:13]
6546012,807,1:12:44,0,[OpportunityCardData_id:13]
6546012,808,1:12:46,0,[OpportunityCardData_id:13]
6546012,809,1:12:53,0,[OpportunityCardData_id:13,PriorityData_type:3,false]
6546012,810,1:12:58,0,[OpportunityCardData_id:13,PriorityData_type:2,15,PriorityData_type:3,10]
6546012,814,1:13:3,0,[4]
6546012,815,1:13:3,0,4,OpportunityCardData_id:22
6546012,815,1:13:4,0,4,OpportunityCardData_id:26
6546012,815,1:13:5,0,4,OpportunityCardData_id:27
6546012,816,1:13:10,0,4,OpportunityCardData_id:27
6546012,803,1:13:11,0,[OpportunityCardData_id:27,OpportunityCardConsequencesData_logId:0]
6546012,803,1:13:12,0,[OpportunityCardData_id:27,OpportunityCardConsequencesData_logId:1]
6546012,803,1:13:12,0,[OpportunityCardData_id:27,OpportunityCardConsequencesData_logId:2]
6546012,805,1:13:13,0,[OpportunityCardData_id:27]
6546012,807,1:13:14,0,[OpportunityCardData_id:27]
6546012,808,1:13:15,0,[OpportunityCardData_id:27]
6546012,809,1:13:25,0,[OpportunityCardData_id:27,Safe,false]
6546012,810,1:13:44,0,[OpportunityCardData_id:27,PriorityData_type:4,15,Safe,Safe]
6546012,814,1:13:47,0,[4]
6546012,815,1:13:47,0,4,OpportunityCardData_id:22
6546012,815,1:13:47,0,4,OpportunityCardData_id:26
6546012,815,1:13:48,0,4,OpportunityCardData_id:28
6546012,815,1:13:48,0,4,OpportunityCardData_id:29
6546012,816,1:13:50,0,4,OpportunityCardData_id:29
6546012,803,1:13:51,0,[OpportunityCardData_id:29,OpportunityCardConsequencesData_logId:0]
6546012,803,1:13:51,0,[OpportunityCardData_id:29,OpportunityCardConsequencesData_logId:1]
6546012,803,1:13:51,0,[OpportunityCardData_id:29,OpportunityCardConsequencesData_logId:2]
6546012,805,1:13:52,0,[OpportunityCardData_id:29]
6546012,807,1:13:53,0,[OpportunityCardData_id:29]
6546012,808,1:13:55,0,[OpportunityCardData_id:29]
6546012,809,1:14:6,0,[OpportunityCardData_id:29,PriorityData_type:5,false]
6546012,810,1:14:10,0,[OpportunityCardData_id:29,PriorityData_type:4,15,PriorityData_type:5,15]
6546012,818,1:14:29,0,1
6546012,811,1:14:34,0,[OpportunityCardData_id:29,PriorityData_type:2,80,90,PriorityData_type:4,70,70]
6546012,1005,1:14:34,0,[1,1,3]
6546012,1001,1:14:36,0,[]
6546012,1003,1:14:36,1
6546012,210,1:14:43,1097,456
6546012,207,1:14:46,0,-400,-460
6546012,211,1:14:52,776,308
6546012,213,1:14:52,0,s_paperPlayers_G7a1N,true
6546012,205,1:14:53,0,s_paperPlayers_G7a1N,false,false
6546012,212,1:15:31,2
6546012,210,1:15:32,1204,535
6546012,207,1:15:33,0,-200,-518.45
6546012,211,1:15:34,1464,568
6546012,213,1:15:34,0,c_friend1_F_a_G7a0,true
6546012,210,1:15:39,1462,571
6546012,211,1:15:42,977,481
6546012,213,1:15:42,0,c_bestFriend_F_a_G7a0,true
6546012,205,1:15:42,0,c_bestFriend_F_a_G7a0,false,false
6546012,210,1:15:48,1001,548
6546012,211,1:15:50,817,460
6546012,213,1:15:50,0,c_teacherEng_G7a0,true
6546012,205,1:15:50,0,c_teacherEng_G7a0,false,false
6546012,210,1:15:54,1007,349
6546012,207,1:15:56,0,-518.45,-53.45
6546012,207,1:15:57,0,-53.45,0
6546012,211,1:16:0,1030,588
6546012,207,1:16:0,0,0,-45
6546012,212,1:16:1,1
6546012,207,1:16:2,0,-45,-30
6546012,210,1:16:2,145,510
6546012,207,1:16:5,0,-30,-210
6546012,207,1:16:7,0,-210,-270
6546012,211,1:16:7,1397,568
6546012,207,1:16:7,0,-270,-390
6546012,210,1:16:7,1455,555
6546012,207,1:16:7,0,-390,-518.45
6546012,211,1:16:11,1121,582
6546012,212,1:16:12,0
6546012,210,1:16:12,1434,517
6546012,207,1:16:19,0,-518.45,-308.45
6546012,207,1:16:21,0,-308.45,-38.45
6546012,207,1:16:28,0,-38.45,-188.45
6546012,211,1:16:29,1315,596
6546012,207,1:16:29,0,-188.45,-308.45
6546012,207,1:16:29,0,-308.45,-368.45
6546012,210,1:16:29,1287,480
6546012,207,1:16:30,0,-368.45,-518.45
6546012,211,1:16:35,1022,464
6546012,212,1:16:37,2
6546012,210,1:16:37,1474,534
6546012,207,1:16:42,0,-518.45,-203.45
6546012,207,1:16:44,0,-203.45,-8.45
6546012,211,1:16:44,128,564
6546012,212,1:16:45,0
6546012,207,1:16:46,0,-8.45,0
6546012,210,1:16:46,69,495
6546012,207,1:16:48,0,0,-165
6546012,211,1:16:55,1278,465
6546012,207,1:16:55,0,-165,-270
6546012,210,1:16:55,1368,477
6546012,207,1:16:56,0,-270,-518.45
6546012,207,1:17:4,0,-518.45,-38.45
6546012,211,1:17:5,459,587
6546012,219,1:17:19,0
6546012,218,1:17:24,0
6546012,210,1:17:37,916,523
6546012,211,1:17:37,930,637
6546012,212,1:17:38,1
6546012,210,1:17:39,965,575
6546012,207,1:17:40,0,-38.45,-338.45
6546012,211,1:17:42,1074,594
6546012,213,1:17:42,0,s_vocabAssignment_G7a0,true
6546012,210,1:17:47,1064,567
6546012,211,1:17:56,616,163
6546012,213,1:17:56,0,s_atwoodPoster_gen,true
6546012,210,1:17:59,1398,587
6546012,207,1:18:0,0,-338.45,-458.45
6546012,207,1:18:0,0,-458.45,-518.45
6546012,207,1:18:11,0,-518.45,-158.45
6546012,207,1:18:18,0,-158.45,0
6546012,207,1:18:19,0,0,-195
6546012,211,1:18:19,946,470
6546012,212,1:18:20,0
6546012,210,1:18:21,1290,566
6546012,207,1:18:22,0,-195,-360
6546012,211,1:18:22,1434,613
6546012,207,1:18:22,0,-360,-435
6546012,207,1:18:24,0,-435,-495
6546012,210,1:18:24,1431,496
6546012,207,1:18:24,0,-495,-518.45
6546012,211,1:18:30,647,602
6546012,213,1:18:30,0,s_otherStudent1_G7a0,true
6546012,210,1:19:8,913,421
6546012,207,1:19:13,0,-518.45,-248.45
6546012,211,1:19:14,478,517
6546012,221,1:19:29,0
6546012,208,1:19:52,0,s_paperPlayers_G7a1N
6546012,208,1:19:52,0,s_paperPlayers_G7a1N
6546012,208,1:19:52,0,s_paperPlayers_G7a1N
6546012,208,1:19:56,0,s_paperPlayers_G7a1N
6546012,220,1:20:6,0
6546012,212,1:20:11,2
6546012,210,1:20:12,486,340
6546012,207,1:20:13,0,-248.45,-38.45
6546012,211,1:20:13,379,285
6546012,212,1:20:14,1
6546012,210,1:20:15,591,377
6546012,211,1:20:16,249,135
6546012,213,1:20:16,0,s_flag_gen,true
6546012,205,1:20:16,0,s_flag_gen,false,false
6546012,221,1:20:34,0
6546012,220,1:20:37,0
6546012,219,1:20:37,0
6546012,216,1:20:38,Stack_G7a1P
6546012,217,1:20:49,Stack_G7a1P,7.7,0.00
6546012,218,1:20:51,0
6546012,221,1:20:54,0
6546012,220,1:21:1,0
6546012,212,1:21:2,2
6546012,210,1:21:4,1248,543
6546012,207,1:21:7,0,-400,-518
6546012,211,1:21:11,880,147
6546012,213,1:21:11,0,s_poePoster_gen,true
6546012,210,1:21:13,871,123
6546012,207,1:21:15,0,-518,-188
6546012,207,1:21:16,0,-188,-53
6546012,207,1:21:17,0,-53,0
6546012,211,1:21:22,177,554
6546012,221,1:21:23,0
6546012,300,1:21:26
6546012,220,1:21:26,0
6546012,210,1:22:0,1036,475
6546012,211,1:22:0,980,512
6546012,212,1:22:1,1
6546012,210,1:22:2,1141,518
6546012,211,1:22:3,736,434
6546012,213,1:22:3,0,c_teacherEng_G7a1P,true
6546012,205,1:22:3,0,c_teacherEng_G7a1P,false,false
6546012,210,1:22:7,767,493
6546012,211,1:22:8,664,369
6546012,213,1:22:8,0,s_paperPlayers_G7a1P,true
6546012,210,1:22:11,911,560
6546012,211,1:22:19,700,140
6546012,213,1:22:19,0,s_angelouPoster_gen,true
6546012,210,1:22:23,703,97
6546012,211,1:22:24,594,141
6546012,213,1:22:24,0,s_atwoodPoster_gen,true
6546012,210,1:22:26,966,180
6546012,211,1:22:27,776,171
6546012,213,1:22:27,0,s_shakespearePoster_gen,true
6546012,210,1:22:29,1059,488
6546012,211,1:22:30,1340,571
6546012,212,1:22:30,0
6546012,210,1:22:31,913,548
6546012,211,1:22:32,989,501
6546012,213,1:22:32,0,c_bestFriend_F_a_G7a1P,true
6546012,1003,1:22:36,0
6546012,1004,1:22:38,0
6546012,400,1:22:46,0,[]
6546012,401,1:22:57,0,[StatementsData_logId:0]
6546012,404,1:23:3,0,[StatementsData_logId:0,false]
6546012,405,1:23:5,0,[StatementsData_logId:0]
6546012,406,1:23:13,0,[StatementsData_logId:0,-2]
6546012,411,1:23:21,0,[StatementsData_logId:0]
6546012,401,1:23:27,0,[StatementsData_logId:1]
6546012,402,1:23:29,0,[StatementsData_logId:1,true]
6546012,405,1:23:31,0,[StatementsData_logId:1]
6546012,406,1:23:37,0,[StatementsData_logId:1,2]
6546012,411,1:23:41,0,[StatementsData_logId:1]
6546012,401,1:23:47,0,[StatementsData_logId:2]
6546012,403,1:23:50,0,[StatementsData_logId:2,false]
6546012,405,1:23:54,0,[StatementsData_logId:2]
6546012,406,1:24:1,0,[StatementsData_logId:2,-2]
6546012,411,1:24:4,0,[StatementsData_logId:2]
6546012,401,1:24:11,0,[StatementsData_logId:3]
6546012,403,1:24:13,0,[StatementsData_logId:3,true]
6546012,405,1:24:15,0,[StatementsData_logId:3]
6546012,406,1:24:24,0,[StatementsData_logId:3,2]
6546012,407,1:24:24,0,[StatementsData_logId:3,FactCardData_id:4]
6546012,407,1:24:24,0,[StatementsData_logId:3,FactCardData_id:6]
6546012,407,1:24:24,0,[StatementsData_logId:3,FactCardData_id:7]
6546012,407,1:24:24,0,[StatementsData_logId:3,FactCardData_id:0]
6546012,407,1:24:24,0,[StatementsData_logId:3,FactCardData_id:3]
6546012,407,1:24:24,0,[StatementsData_logId:3,FactCardData_id:5]
6546012,1002,1:24:56,0
6546012,1003,1:24:56,0
6546012,1004,1:24:58,0
6546012,400,1:25:1,0,[]
6546012,401,1:25:4,0,[StatementsData_logId:0]
6546012,402,1:25:5,0,[StatementsData_logId:0,false]
6546012,405,1:25:6,0,[StatementsData_logId:0]
6546012,406,1:25:13,0,[StatementsData_logId:0,-2]
6546012,411,1:25:14,0,[StatementsData_logId:0]
6546012,401,1:25:16,0,[StatementsData_logId:1]
6546012,402,1:25:17,0,[StatementsData_logId:1,true]
6546012,405,1:25:18,0,[StatementsData_logId:1]
6546012,406,1:25:21,0,[StatementsData_logId:1,2]
6546012,411,1:25:22,0,[StatementsData_logId:1]
6546012,401,1:25:24,0,[StatementsData_logId:2]
6546012,404,1:25:25,0,[StatementsData_logId:2,true]
6546012,406,1:25:26,0,[StatementsData_logId:2,2]
6546012,412,1:25:31,0,[StatementsData_logId:2]
6546012,413,1:25:35,0,[StatementsData_logId:2,DuelResponsesData_logId:3]
6546012,414,1:25:38,0,[StatementsData_logId:2,DuelResponsesData_logId:3]
6546012,415,1:25:47,0,[StatementsData_logId:2,DuelResponsesData_logId:3,DuelResponsesData_witty_player_response]
6546012,416,1:25:52,0,[StatementsData_logId:2,DuelResponsesData_logId:3]
6546012,417,1:25:55,0,[StatementsData_logId:2,DuelResponsesData_logId:3]
6546012,413,1:26:2,0,[StatementsData_logId:2,DuelResponsesData_logId:4]
6546012,414,1:26:8,0,[StatementsData_logId:2,DuelResponsesData_logId:4]
6546012,415,1:26:18,0,[StatementsData_logId:2,DuelResponsesData_logId:4,DuelResponsesData_ok_player_response]
6546012,416,1:26:21,0,[StatementsData_logId:2,DuelResponsesData_logId:4]
6546012,417,1:26:23,0,[StatementsData_logId:2,DuelResponsesData_logId:4]
6546012,413,1:26:29,0,[StatementsData_logId:2,DuelResponsesData_logId:5]
6546012,414,1:26:31,0,[StatementsData_logId:2,DuelResponsesData_logId:5]
6546012,415,1:26:40,0,[StatementsData_logId:2,DuelResponsesData_logId:5,DuelResponsesData_witty_player_response]
6546012,416,1:26:41,0,[StatementsData_logId:2,DuelResponsesData_logId:5]
6546012,417,1:26:45,0,[StatementsData_logId:2,DuelResponsesData_logId:5]
6546012,418,1:26:45,0,[StatementsData_logId:2,true]
6546012,419,1:26:54,0,[StatementsData_logId:2,4]
6546012,411,1:26:57,0,[StatementsData_logId:2]
6546012,401,1:27:0,0,[StatementsData_logId:3]
6546012,403,1:27:1,0,[StatementsData_logId:3,true]
6546012,405,1:27:2,0,[StatementsData_logId:3]
6546012,406,1:27:5,0,[StatementsData_logId:3,2]
6546012,407,1:27:5,0,[StatementsData_logId:3,FactCardData_id:0]
6546012,407,1:27:5,0,[StatementsData_logId:3,FactCardData_id:4]
6546012,407,1:27:5,0,[StatementsData_logId:3,FactCardData_id:5]
6546012,407,1:27:5,0,[StatementsData_logId:3,FactCardData_id:7]
6546012,407,1:27:5,0,[StatementsData_logId:3,FactCardData_id:3]
6546012,407,1:27:5,0,[StatementsData_logId:3,FactCardData_id:6]
6546012,407,1:27:13,0,[StatementsData_logId:3,FactCardData_id:0]
6546012,407,1:27:13,0,[StatementsData_logId:3,FactCardData_id:0]
6546012,408,1:27:15,0,[StatementsData_logId:3,FactCardData_id:0,true]
6546012,409,1:27:15,0,[StatementsData_logId:3]
6546012,410,1:27:18,0,[StatementsData_logId:3,2]
6546012,412,1:27:22,0,[StatementsData_logId:3]
6546012,413,1:27:25,0,[StatementsData_logId:3,DuelResponsesData_logId:6]
6546012,414,1:27:27,0,[StatementsData_logId:3,DuelResponsesData_logId:6]
6546012,415,1:27:32,0,[StatementsData_logId:3,DuelResponsesData_logId:6,DuelResponsesData_ok_player_response]
6546012,416,1:27:33,0,[StatementsData_logId:3,DuelResponsesData_logId:6]
6546012,417,1:27:35,0,[StatementsData_logId:3,DuelResponsesData_logId:6]
6546012,413,1:27:38,0,[StatementsData_logId:3,DuelResponsesData_logId:7]
6546012,414,1:27:40,0,[StatementsData_logId:3,DuelResponsesData_logId:7]
6546012,415,1:27:47,0,[StatementsData_logId:3,DuelResponsesData_logId:7,DuelResponsesData_ok_player_response]
6546012,416,1:27:48,0,[StatementsData_logId:3,DuelResponsesData_logId:7]
6546012,417,1:27:50,0,[StatementsData_logId:3,DuelResponsesData_logId:7]
6546012,413,1:28:13,0,[StatementsData_logId:3,DuelResponsesData_logId:8]
6546012,414,1:28:17,0,[StatementsData_logId:3,DuelResponsesData_logId:8]
6546012,415,1:28:27,0,[StatementsData_logId:3,DuelResponsesData_logId:8,DuelResponsesData_ok_player_response]
6546012,416,1:28:28,0,[StatementsData_logId:3,DuelResponsesData_logId:8]
6546012,417,1:28:29,0,[StatementsData_logId:3,DuelResponsesData_logId:8]
6546012,418,1:28:29,0,[StatementsData_logId:3,true]
6546012,419,1:28:35,0,[StatementsData_logId:3,4]
6546012,411,1:28:37,0,[StatementsData_logId:3]
6546012,401,1:28:40,0,[StatementsData_logId:4]
6546012,402,1:28:41,0,[StatementsData_logId:4,true]
6546012,405,1:28:42,0,[StatementsData_logId:4]
6546012,406,1:28:49,0,[StatementsData_logId:4,2]
6546012,411,1:28:50,0,[StatementsData_logId:4]
6546012,401,1:28:56,0,[StatementsData_logId:5]
6546012,404,1:28:57,0,[StatementsData_logId:5,true]
6546012,406,1:28:58,0,[StatementsData_logId:5,2]
6546012,412,1:29:1,0,[StatementsData_logId:5]
6546012,413,1:29:7,0,[StatementsData_logId:5,DuelResponsesData_logId:9]
6546012,414,1:29:9,0,[StatementsData_logId:5,DuelResponsesData_logId:9]
6546012,415,1:29:14,0,[StatementsData_logId:5,DuelResponsesData_logId:9,DuelResponsesData_ok_player_response]
6546012,416,1:29:15,0,[StatementsData_logId:5,DuelResponsesData_logId:9]
6546012,417,1:29:18,0,[StatementsData_logId:5,DuelResponsesData_logId:9]
6546012,413,1:29:19,0,[StatementsData_logId:5,DuelResponsesData_logId:10]
6546012,414,1:29:21,0,[StatementsData_logId:5,DuelResponsesData_logId:10]
6546012,415,1:29:34,0,[StatementsData_logId:5,DuelResponsesData_logId:10,DuelResponsesData_witty_player_response]
6546012,416,1:29:34,0,[StatementsData_logId:5,DuelResponsesData_logId:10]
6546012,417,1:29:39,0,[StatementsData_logId:5,DuelResponsesData_logId:10]
6546012,413,1:29:42,0,[StatementsData_logId:5,DuelResponsesData_logId:11]
6546012,414,1:29:46,0,[StatementsData_logId:5,DuelResponsesData_logId:11]
6546012,415,1:29:51,0,[StatementsData_logId:5,DuelResponsesData_logId:11,DuelResponsesData_ok_player_response]
6546012,416,1:29:51,0,[StatementsData_logId:5,DuelResponsesData_logId:11]
6546012,417,1:29:54,0,[StatementsData_logId:5,DuelResponsesData_logId:11]
6546012,418,1:29:54,0,[StatementsData_logId:5,true]
6546012,419,1:30:2,0,[StatementsData_logId:5,4]
6546012,411,1:30:4,0,[StatementsData_logId:5]
6546012,420,1:30:4,0,[54]
6546012,1005,1:30:4,0,[0,0,2]
6546012,1001,1:30:9,0,[]
6546012,1003,1:30:9,0
6546012,210,1:30:18,1225,516
6546012,211,1:30:19,968,515
6546012,213,1:30:19,0,c_bestFriend_F_a_G7a1P,true
6546012,1003,1:30:22,0
6546012,1004,1:30:23,0
6546012,400,1:30:26,0,[]
6546012,401,1:30:29,0,[StatementsData_logId:0]
6546012,403,1:30:29,0,[StatementsData_logId:0,true]
6546012,405,1:30:30,0,[StatementsData_logId:0]
6546012,406,1:30:33,0,[StatementsData_logId:0,2]
6546012,407,1:30:33,0,[StatementsData_logId:0,FactCardData_id:4]
6546012,407,1:30:33,0,[StatementsData_logId:0,FactCardData_id:3]
6546012,407,1:30:33,0,[StatementsData_logId:0,FactCardData_id:7]
6546012,407,1:30:33,0,[StatementsData_logId:0,FactCardData_id:5]
6546012,407,1:30:33,0,[StatementsData_logId:0,FactCardData_id:0]
6546012,407,1:30:33,0,[StatementsData_logId:0,FactCardData_id:6]
6546012,1002,1:30:37,0
6546012,1003,1:30:37,0
6546012,1004,1:30:38,0
6546012,400,1:30:41,0,[]
6546012,401,1:30:55,0,[StatementsData_logId:0]
6546012,403,1:30:55,0,[StatementsData_logId:0,true]
6546012,405,1:30:56,0,[StatementsData_logId:0]
6546012,406,1:30:59,0,[StatementsData_logId:0,2]
6546012,407,1:30:59,0,[StatementsData_logId:0,FactCardData_id:4]
6546012,407,1:30:59,0,[StatementsData_logId:0,FactCardData_id:0]
6546012,407,1:30:59,0,[StatementsData_logId:0,FactCardData_id:7]
6546012,407,1:30:59,0,[StatementsData_logId:0,FactCardData_id:6]
6546012,407,1:30:59,0,[StatementsData_logId:0,FactCardData_id:5]
6546012,407,1:30:59,0,[StatementsData_logId:0,FactCardData_id:3]
6546012,407,1:31:5,0,[StatementsData_logId:0,FactCardData_id:7]
6546012,407,1:31:5,0,[StatementsData_logId:0,FactCardData_id:7]
6546012,408,1:31:8,0,[StatementsData_logId:0,FactCardData_id:7,false]
6546012,1002,1:31:42,0
6546012,1003,1:31:42,0
6546012,1004,1:31:48,0
6546012,400,1:31:50,0,[]
6546012,401,1:31:53,0,[StatementsData_logId:0]
6546012,403,1:31:53,0,[StatementsData_logId:0,true]
6546012,405,1:31:54,0,[StatementsData_logId:0]
6546012,406,1:31:57,0,[StatementsData_logId:0,2]
6546012,407,1:31:57,0,[StatementsData_logId:0,FactCardData_id:4]
6546012,407,1:31:57,0,[StatementsData_logId:0,FactCardData_id:5]
6546012,407,1:31:57,0,[StatementsData_logId:0,FactCardData_id:0]
6546012,407,1:31:57,0,[StatementsData_logId:0,FactCardData_id:6]
6546012,407,1:31:57,0,[StatementsData_logId:0,FactCardData_id:3]
6546012,407,1:31:57,0,[StatementsData_logId:0,FactCardData_id:7]
6546012,407,1:32:5,0,[StatementsData_logId:0,FactCardData_id:7]
6546012,407,1:32:5,0,[StatementsData_logId:0,FactCardData_id:7]
6546012,407,1:32:10,0,[StatementsData_logId:0,FactCardData_id:6]
6546012,407,1:32:10,0,[StatementsData_logId:0,FactCardData_id:7]
6546012,407,1:32:10,0,[StatementsData_logId:0,FactCardData_id:6]
6546012,408,1:32:13,0,[StatementsData_logId:0,FactCardData_id:6,true]
6546012,409,1:32:13,0,[StatementsData_logId:0]
6546012,410,1:32:15,0,[StatementsData_logId:0,2]
6546012,412,1:32:18,0,[StatementsData_logId:0]
6546012,413,1:32:32,0,[StatementsData_logId:0,DuelResponsesData_logId:0]
6546012,414,1:32:34,0,[StatementsData_logId:0,DuelResponsesData_logId:0]
6546012,415,1:32:45,0,[StatementsData_logId:0,DuelResponsesData_logId:0,DuelResponsesData_ok_player_response]
6546012,416,1:32:46,0,[StatementsData_logId:0,DuelResponsesData_logId:0]
6546012,417,1:32:47,0,[StatementsData_logId:0,DuelResponsesData_logId:0]
6546012,413,1:32:50,0,[StatementsData_logId:0,DuelResponsesData_logId:1]
6546012,414,1:32:52,0,[StatementsData_logId:0,DuelResponsesData_logId:1]
6546012,415,1:32:54,0,[StatementsData_logId:0,DuelResponsesData_logId:1,DuelResponsesData_ok_player_response]
6546012,416,1:32:55,0,[StatementsData_logId:0,DuelResponsesData_logId:1]
6546012,417,1:32:57,0,[StatementsData_logId:0,DuelResponsesData_logId:1]
6546012,413,1:33:8,0,[StatementsData_logId:0,DuelResponsesData_logId:2]
6546012,414,1:33:18,0,[StatementsData_logId:0,DuelResponsesData_logId:2]
6546012,415,1:33:29,0,[StatementsData_logId:0,DuelResponsesData_logId:2,DuelResponsesData_ok_player_response]
6546012,416,1:33:29,0,[StatementsData_logId:0,DuelResponsesData_logId:2]
6546012,417,1:33:31,0,[StatementsData_logId:0,DuelResponsesData_logId:2]
6546012,418,1:33:31,0,[StatementsData_logId:0,false]
6546012,1002,1:33:39,0
6546012,1003,1:33:39,0
6546012,204,1:33:44,0
6546012,103,1:33:59
6546012,105,1:34:4
6546012,703,1:34:7,[|| EpilogueItem ID: 0 unlocked: false ||,|| EpilogueItem ID: 1 unlocked: false ||,|| EpilogueItem ID: 2 unlocked: false ||,|| EpilogueItem ID: 3 unlocked: false ||,|| EpilogueItem ID: 4 unlocked: false ||,|| EpilogueItem ID: 5 unlocked: false ||,|| EpilogueItem ID: 6 unlocked: false ||,|| EpilogueItem ID: 7 unlocked: false ||,|| EpilogueItem ID: 8 unlocked: false ||,|| EpilogueItem ID: 9 unlocked: false ||,|| EpilogueItem ID: 10 unlocked: false ||,|| EpilogueItem ID: 11 unlocked: false ||,|| EpilogueItem ID: 12 unlocked: false ||,|| EpilogueItem ID: 13 unlocked: false ||,|| EpilogueItem ID: 14 unlocked: false ||,|| EpilogueItem ID: 15 unlocked: false ||,|| EpilogueItem ID: 16 unlocked: false ||,|| EpilogueItem ID: 17 unlocked: false ||,|| EpilogueItem ID: 18 unlocked: false ||,|| EpilogueItem ID: 19 unlocked: false ||,|| EpilogueItem ID: 20 unlocked: false ||,|| EpilogueItem ID: 21 unlocked: false ||,|| EpilogueItem ID: 22 unlocked: false ||,|| EpilogueItem ID: 23 unlocked: false ||,|| EpilogueItem ID: 24 unlocked: false ||],0
6546012,706,1:34:27,(x=343, y=-100, w=1024, h=768),(x=352, y=-100, w=1024, h=768)
6546012,706,1:34:29,(x=303, y=-100, w=1024, h=768),(x=30, y=-100, w=1024, h=768)
6546012,706,1:34:33,(x=0, y=-100, w=1024, h=768),(x=0, y=-100, w=1024, h=768)
6546012,706,1:34:34,(x=289, y=-100, w=1024, h=768),(x=410, y=-100, w=1024, h=768)
6546012,706,1:34:41,(x=668, y=-100, w=1024, h=768),(x=668, y=-100, w=1024, h=768)
6546012,706,1:34:46,(x=860, y=-100, w=1024, h=768),(x=864, y=-100, w=1024, h=768)
6546012,706,1:34:49,(x=1031, y=-100, w=1024, h=768),(x=1240, y=-100, w=1024, h=768)
6546012,706,1:34:51,(x=1491, y=-100, w=1024, h=768),(x=1716, y=-100, w=1024, h=768)
6546012,706,1:34:55,(x=1936, y=-100, w=1024, h=768),(x=2016, y=-100, w=1024, h=768)
6546012,706,1:35:5,(x=2222, y=-100, w=1024, h=768),(x=2531, y=-100, w=1024, h=768)
6546012,706,1:35:6,(x=2520, y=-100, w=1024, h=768),(x=2464, y=-100, w=1024, h=768)
6546012,706,1:35:7,(x=2457, y=-100, w=1024, h=768),(x=2408, y=-100, w=1024, h=768)
6546012,708,48:2:15
6546012,1,48:2:15,7/5/2013 1:27:34pm,{"gameTime":172935524,"challengeStacks":[{"challengeScenes":[{"miniGameCards":[],"viewedAnimatic":true,"keyPoints":["c_bestFriend_F_a_G7a0","c_teacherEng_G7a0","s_flag_gen"],"unlocked":true,"touchableObjects":["s_otherStudent1_G7a0","c_crewKid1_F_G7a0","c_friend1_F_a_G7a0","s_doorClassroom_G7a0","s_atwoodPoster_gen","s_poePoster_gen","s_shakespearePoster_gen","s_angelouPoster_gen","c_bestFriend_F_a_G7a0","c_teacherEng_G7a0","s_vocabAssignment_G7a0","s_flag_gen"]},{"miniGameCards":[],"viewedAnimatic":true,"keyPoints":["c_bestFriend_F_a_G7a1N","c_teacherEng_G7a1N","s_paperPlayers_G7a1N"],"unlocked":true,"touchableObjects":["s_otherStudent2_G7a1N","s_otherStudent1_G7a1N","c_crewKid1_F_G7a1N","c_bestFriend_F_a_G7a1N","c_teacherEng_G7a1N","s_poePoster_gen","s_shakespearePoster_gen","s_angelouPoster_gen","s_atwoodPoster_gen","s_flag_gen","s_paperPlayers_G7a1N"]},{"miniGameCards":[],"viewedAnimatic":true,"keyPoints":["c_teacherEng_G7a1P"],"unlocked":true,"touchableObjects":["s_poePoster_gen","c_teacherEng_G7a1P","s_paperPlayers_G7a1P","s_angelouPoster_gen","s_atwoodPoster_gen","s_shakespearePoster_gen"]}],"stackSize":3,"resolved":false},{"challengeScenes":[{"miniGameCards":[],"viewedAnimatic":false,"keyPoints":[],"unlocked":false,"touchableObjects":[]},{"miniGameCards":[],"viewedAnimatic":false,"keyPoints":[],"unlocked":false,"touchableObjects":[]},{"miniGameCards":[],"viewedAnimatic":false,"keyPoints":[],"unlocked":false,"touchableObjects":[]},{"miniGameCards":[],"viewedAnimatic":false,"keyPoints":[],"unlocked":false,"touchableObjects":[]},{"miniGameCards":[],"viewedAnimatic":false,"keyPoints":[],"unlocked":false,"touchableObjects":[]}],"stackSize":5,"resolved":false},{"challengeScenes":[{"miniGameCards":[],"viewedAnimatic":false,"keyPoints":[],"unlocked":false,"touchableObjects":[]},{"miniGameCards":[],"viewedAnimatic":false,"keyPoints":[],"unlocked":false,"touchableObjects":[]},{"miniGameCards":[],"viewedAnimatic":false,"keyPoints":[],"unlocked":false,"touchableObjects":[]},{"miniGameCards":[],"viewedAnimatic":false,"keyPoints":[],"unlocked":false,"touchableObjects":[]},{"miniGameCards":[],"viewedAnimatic":false,"keyPoints":[],"unlocked":false,"touchableObjects":[]},{"miniGameCards":[],"viewedAnimatic":false,"keyPoints":[],"unlocked":false,"touchableObjects":[]},{"miniGameCards":[],"viewedAnimatic":false,"keyPoints":[],"unlocked":false,"touchableObjects":[]}],"stackSize":7,"resolved":false},{"challengeScenes":[{"miniGameCards":[],"viewedAnimatic":false,"keyPoints":[],"unlocked":false,"touchableObjects":[]},{"miniGameCards":[],"viewedAnimatic":false,"keyPoints":[],"unlocked":false,"touchableObjects":[]},{"miniGameCards":[],"viewedAnimatic":false,"keyPoints":[],"unlocked":false,"touchableObjects":[]},{"miniGameCards":[],"viewedAnimatic":false,"keyPoints":[],"unlocked":false,"touchableObjects":[]},{"miniGameCards":[],"viewedAnimatic":false,"keyPoints":[],"unlocked":false,"touchableObjects":[]}],"stackSize":5,"resolved":false},{"challengeScenes":[{"miniGameCards":[],"viewedAnimatic":false,"keyPoints":[],"unlocked":false,"touchableObjects":[]},{"miniGameCards":[],"viewedAnimatic":false,"keyPoints":[],"unlocked":false,"touchableObjects":[]},{"miniGameCards":[],"viewedAnimatic":false,"keyPoints":[],"unlocked":false,"touchableObjects":[]},{"miniGameCards":[],"viewedAnimatic":false,"keyPoints":[],"unlocked":false,"touchableObjects":[]},{"miniGameCards":[],"viewedAnimatic":false,"keyPoints":[],"unlocked":false,"touchableObjects":[]}],"stackSize":5,"resolved":false},{"challengeScenes":[{"miniGameCards":[],"viewedAnimatic":false,"keyPoints":[],"unlocked":false,"touchableObjects":[]},{"miniGameCards":[],"viewedAnimatic":false,"keyPoints":[],"unlocked":false,"touchableObjects":[]},{"miniGameCards":[],"viewedAnimatic":false,"keyPoints":[],"unlocked":false,"touchableObjects":[]},{"miniGameCards":[],"viewedAnimatic":false,"keyPoints":[],"unlocked":false,"touchableObjects":[]},{"miniGameCards":[],"viewedAnimatic":false,"keyPoints":[],"unlocked":false,"touchableObjects":[]}],"stackSize":5,"resolved":false},{"challengeScenes":[{"miniGameCards":[],"viewedAnimatic":false,"keyPoints":[],"unlocked":false,"touchableObjects":[]},{"miniGameCards":[],"viewedAnimatic":false,"keyPoints":[],"unlocked":false,"touchableObjects":[]},{"miniGameCards":[],"viewedAnimatic":false,"keyPoints":[],"unlocked":false,"touchableObjects":[]},{"miniGameCards":[],"viewedAnimatic":false,"keyPoints":[],"unlocked":false,"touchableObjects":[]},{"miniGameCards":[],"viewedAnimatic":false,"keyPoints":[],"unlocked":false,"touchableObjects":[]}],"stackSize":5,"resolved":false},{"challengeScenes":[{"miniGameCards":[],"viewedAnimatic":false,"keyPoints":[],"unlocked":false,"touchableObjects":[]},{"miniGameCards":[],"viewedAnimatic":false,"keyPoints":[],"unlocked":false,"touchableObjects":[]},{"miniGameCards":[],"viewedAnimatic":false,"keyPoints":[],"unlocked":false,"touchableObjects":[]},{"miniGameCards":[],"viewedAnimatic":false,"keyPoints":[],"unlocked":false,"touchableObjects":[]},{"miniGameCards":[],"viewedAnimatic":false,"keyPoints":[],"unlocked":false,"touchableObjects":[]}],"stackSize":5,"resolved":false},{"challengeScenes":[{"miniGameCards":[],"viewedAnimatic":false,"keyPoints":[],"unlocked":false,"touchableObjects":[]},{"miniGameCards":[],"viewedAnimatic":false,"keyPoints":[],"unlocked":false,"touchableObjects":[]},{"miniGameCards":[],"viewedAnimatic":false,"keyPoints":[],"unlocked":false,"touchableObjects":[]},{"miniGameCards":[],"viewedAnimatic":false,"keyPoints":[],"unlocked":false,"touchableObjects":[]},{"miniGameCards":[],"viewedAnimatic":false,"keyPoints":[],"unlocked":false,"touchableObjects":[]}],"stackSize":5,"resolved":false},{"challengeScenes":[{"miniGameCards":[],"viewedAnimatic":false,"keyPoints":[],"unlocked":false,"touchableObjects":[]},{"miniGameCards":[],"viewedAnimatic":false,"keyPoints":[],"unlocked":false,"touchableObjects":[]},{"miniGameCards":[],"viewedAnimatic":false,"keyPoints":[],"unlocked":false,"touchableObjects":[]},{"miniGameCards":[],"viewedAnimatic":false,"keyPoints":[],"unlocked":false,"touchableObjects":[]},{"miniGameCards":[],"viewedAnimatic":false,"keyPoints":[],"unlocked":false,"touchableObjects":[]}],"stackSize":5,"resolved":false},{"challengeScenes":[{"miniGameCards":[],"viewedAnimatic":false,"keyPoints":[],"unlocked":false,"touchableObjects":[]},{"miniGameCards":[],"viewedAnimatic":false,"keyPoints":[],"unlocked":false,"touchableObjects":[]},{"miniGameCards":[],"viewedAnimatic":false,"keyPoints":[],"unlocked":false,"touchableObjects":[]},{"miniGameCards":[],"viewedAnimatic":false,"keyPoints":[],"unlocked":false,"touchableObjects":[]},{"miniGameCards":[],"viewedAnimatic":false,"keyPoints":[],"unlocked":false,"touchableObjects":[]}],"stackSize":5,"resolved":false},{"challengeScenes":[{"miniGameCards":[],"viewedAnimatic":false,"keyPoints":[],"unlocked":false,"touchableObjects":[]},{"miniGameCards":[],"viewedAnimatic":false,"keyPoints":[],"unlocked":false,"touchableObjects":[]},{"miniGameCards":[],"viewedAnimatic":false,"keyPoints":[],"unlocked":false,"touchableObjects":[]},{"miniGameCards":[],"viewedAnimatic":false,"keyPoints":[],"unlocked":false,"touchableObjects":[]},{"miniGameCards":[],"viewedAnimatic":false,"keyPoints":[],"unlocked":false,"touchableObjects":[]}],"stackSize":5,"resolved":false},{"challengeScenes":[{"miniGameCards":[],"viewedAnimatic":false,"keyPoints":[],"unlocked":true,"touchableObjects":["c_player_afri_F_a_G0a0","c_education_G0a0"]},{"miniGameCards":[],"viewedAnimatic":false,"keyPoints":["c_family_afri_a_G0a1N","c_home_G0a1N","c_job_G0a1N"],"unlocked":true,"touchableObjects":["c_family_afri_a_G0a1N","c_player_afri_F_a_G0a1N","c_home_G0a1N","c_job_G0a1N"]},{"miniGameCards":[],"viewedAnimatic":false,"keyPoints":["c_Teacher_G0a1P","c_grandma_afri_a_G0a1P","c_kidsister_afri_a_G0a1P","c_dad_afri_a_G0a1P","c_mom_afri_a_G0a1P","c_Nurse_G0a1P"],"unlocked":true,"touchableObjects":["c_cousins_F_a_G0a1P","c_friends_G0a1P","c_Teacher_G0a1P","c_grandma_afri_a_G0a1P","c_kidsister_afri_a_G0a1P","c_dad_afri_a_G0a1P","c_mom_afri_a_G0a1P","c_Nurse_G0a1P"]}],"stackSize":3,"resolved":true}],"sessionId":1,"epilogue":{"rating":0},"playerId":6546012,"session":[{"sceneId":"1P","stackId":12},{"sceneId":"1P","stackId":0}],"minigames":[{"levelSaveData":[{"starRating":2,"unlocked":true},{"starRating":0,"unlocked":false},{"starRating":0,"unlocked":false},{"starRating":0,"unlocked":false},{"starRating":0,"unlocked":false},{"starRating":0,"unlocked":false},{"starRating":0,"unlocked":false},{"starRating":0,"unlocked":false},{"starRating":0,"unlocked":false},{"starRating":0,"unlocked":false}],"skillPoints":2},{"levelSaveData":[{"starRating":3,"unlocked":true},{"starRating":0,"unlocked":false},{"starRating":0,"unlocked":false},{"starRating":0,"unlocked":false},{"starRating":0,"unlocked":false},{"starRating":0,"unlocked":false},{"starRating":0,"unlocked":false},{"starRating":0,"unlocked":false},{"starRating":0,"unlocked":false},{"starRating":0,"unlocked":false}],"skillPoints":3},{"levelSaveData":[{"starRating":2,"unlocked":true},{"starRating":0,"unlocked":false},{"starRating":0,"unlocked":false},{"starRating":0,"unlocked":false},{"starRating":0,"unlocked":false},{"starRating":0,"unlocked":false},{"starRating":0,"unlocked":false},{"starRating":0,"unlocked":false},{"starRating":0,"unlocked":false},{"starRating":0,"unlocked":false}],"skillPoints":2},{"levelSaveData":[{"starRating":0,"unlocked":false},{"starRating":0,"unlocked":false},{"starRating":0,"unlocked":false},{"starRating":0,"unlocked":false},{"starRating":0,"unlocked":false},{"starRating":0,"unlocked":false},{"starRating":0,"unlocked":false},{"starRating":0,"unlocked":false},{"starRating":0,"unlocked":false},{"starRating":0,"unlocked":false}],"skillPoints":0},{"age":11,"name":"liddo lanee","gender":1,"levelSaveData":[{"starRating":3,"unlocked":true},{"starRating":3,"chunks":[["1"],["1$$crazz","0$$pretty"],["0$$family time","6$$music life","12$$party life"],["0"]],"unlocked":true},{"starRating":0,"chunks":[[null],[null,null],[null,null]],"unlocked":false},{"starRating":0,"chunks":[[null],[null],[null],[null],[null,null],[null]],"unlocked":false},{"starRating":0,"chunks":[[null],[null],[null,null],[null],[null],[null]],"unlocked":false},{"starRating":0,"chunks":[[null],[null,null,null,null],[null],[null]],"unlocked":false},{"starRating":0,"chunks":[[null],[null],[null,null],[null,null],[null]],"unlocked":false},{"starRating":0,"chunks":[[null,null,null],[null,null,null],[null],[null],[null]],"unlocked":false},{"starRating":0,"chunks":[[null,null,null],[null,null,null],[null,null]],"unlocked":false},{"starRating":0,"chunks":[[null],[null],[null],[null],[null],[null]],"unlocked":false}],"visualAvatar":0,"id":0,"skillPoints":6}],"avatar":{"age":11,"name":"liddo lanee","gender":1,"levelSaveData":[{"starRating":3,"unlocked":true},{"starRating":3,"chunks":[["1"],["1$$crazz","0$$pretty"],["0$$family time","6$$music life","12$$party life"],["0"]],"unlocked":true},{"starRating":0,"chunks":[[null],[null,null],[null,null]],"unlocked":false},{"starRating":0,"chunks":[[null],[null],[null],[null],[null,null],[null]],"unlocked":false},{"starRating":0,"chunks":[[null],[null],[null,null],[null],[null],[null]],"unlocked":false},{"starRating":0,"chunks":[[null],[null,null,null,null],[null],[null]],"unlocked":false},{"starRating":0,"chunks":[[null],[null],[null,null],[null,null],[null]],"unlocked":false},{"starRating":0,"chunks":[[null,null,null],[null,null,null],[null],[null],[null]],"unlocked":false},{"starRating":0,"chunks":[[null,null,null],[null,null,null],[null,null]],"unlocked":false},{"starRating":0,"chunks":[[null],[null],[null],[null],[null],[null]],"unlocked":false}],"visualAvatar":0,"id":0,"skillPoints":6}}
