6546012,0,54:10:40,7/29/2013 9:16:38am
6546012,100,54:10:48,10
6546012,102,54:10:50,10
6546012,200,54:10:50,10,16,21,18,9,12
6546012,210,54:10:55,961,525
6546012,211,54:10:56,721,573
6546012,213,54:10:56,10,c_mom_afri_G12a0,false
6546012,1003,54:11:1,2
6546012,210,54:11:9,539,460
6546012,211,54:11:22,468,491
6546012,213,54:11:22,10,s_drawer_F_G12a1N,true
6546012,210,54:11:30,582,175
6546012,211,54:11:31,516,229
6546012,212,54:11:31,1
6546012,210,54:11:32,799,248
6546012,211,54:11:33,538,260
6546012,213,54:11:33,10,s_calendar_F_gen,false
6546012,1003,54:11:38,1
6546012,210,54:11:43,493,412
6546012,211,54:11:44,365,564
6546012,212,54:11:45,2
6546012,210,54:11:46,571,399
6546012,211,54:11:49,633,501
6546012,219,54:11:50,10
6546012,216,54:11:51,Stack_G12a2N
6546012,217,54:12:7,Stack_G12a2N,13,0.00
6546012,218,54:12:10,10
6546012,210,54:12:12,1028,272
6546012,211,54:12:13,1126,340
6546012,213,54:12:13,10,c_grandma_afri_G12a2N,false
6546012,1003,54:12:17,2
6546012,210,54:12:21,726,279
6546012,207,54:12:23,10,-200,-125
6546012,207,54:12:24,10,-125,-20
6546012,211,54:12:30,1564,390
6546012,207,54:12:30,10,-20,-560
6546012,210,54:12:30,1621,236
6546012,207,54:12:30,10,-560,-650
6546012,207,54:12:31,10,-650,-845
6546012,207,54:12:32,10,-845,-995
6546012,211,54:12:36,1652,464
6546012,213,54:12:36,10,c_crush1_F_b_G12a2N,false
6546012,1003,54:12:41,2
6546012,210,54:12:45,1059,341
6546012,211,54:12:47,1838,331
6546012,207,54:12:47,10,-200,-830
6546012,210,54:12:47,1918,382
6546012,207,54:12:47,10,-830,-995
6546012,211,54:12:48,1798,458
6546012,213,54:12:48,10,c_mom_afri_G12a2N,false
6546012,1003,54:12:53,2
6546012,210,54:13:19,844,175
6546012,207,54:13:23,10,-200,-545
6546012,207,54:13:25,10,-545,-785
6546012,211,54:13:25,1686,516
6546012,213,54:13:25,10,c_crush1_F_b_G12a2N,false
6546012,221,54:13:34,10
6546012,220,54:13:36,10
6546012,210,54:13:37,469,452
6546012,211,54:13:38,334,566
6546012,213,54:13:38,10,c_crush1_F_G12a1N,false
6546012,1003,54:13:41,2
6546012,210,54:13:50,1045,243
6546012,211,54:13:51,329,486
6546012,213,54:13:51,10,c_crush1_F_G12a1N,false
6546012,210,54:13:59,966,238
6546012,211,54:14:2,1146,350
6546012,213,54:14:2,10,c_grandma_afri_G12a2N,false
6546012,1003,54:14:6,2
6546012,210,54:14:14,484,268
6546012,211,54:14:15,986,467
6546012,207,54:14:16,10,-200,-260
6546012,210,54:14:16,1125,322
6546012,207,54:14:17,10,-260,-290
6546012,207,54:14:18,10,-290,-350
6546012,207,54:14:18,10,-350,-395
6546012,207,54:14:19,10,-395,-605
6546012,207,54:14:20,10,-605,-665
6546012,207,54:14:20,10,-665,-800
6546012,207,54:14:22,10,-800,-995
6546012,211,54:14:24,1924,358
6546012,212,54:14:25,1
6546012,210,54:14:26,1955,150
6546012,211,54:14:27,1931,329
6546012,212,54:14:28,0
6546012,210,54:14:29,1944,111
6546012,211,54:14:30,1972,140
6546012,213,54:14:30,10,s_pictureDad_afri_gen,true
6546012,1003,54:14:34,0
6546012,1004,54:14:39,9
6546012,400,54:14:56,9,[]
6546012,401,54:15:1,9,[StatementsData_logId:0]
6546012,404,54:15:5,9,[StatementsData_logId:0,true]
6546012,406,54:15:8,9,[StatementsData_logId:0,2]
6546012,412,54:15:10,9,[StatementsData_logId:0]
6546012,413,54:15:13,9,[StatementsData_logId:0,DuelResponsesData_logId:0]
6546012,414,54:15:15,9,[StatementsData_logId:0,DuelResponsesData_logId:0]
6546012,415,54:15:21,9,[StatementsData_logId:0,DuelResponsesData_logId:0,DuelResponsesData_witty_player_response]
6546012,416,54:15:21,9,[StatementsData_logId:0,DuelResponsesData_logId:0]
6546012,417,54:15:25,9,[StatementsData_logId:0,DuelResponsesData_logId:0]
6546012,413,54:15:28,9,[StatementsData_logId:0,DuelResponsesData_logId:1]
6546012,414,54:15:30,9,[StatementsData_logId:0,DuelResponsesData_logId:1]
6546012,415,54:15:35,9,[StatementsData_logId:0,DuelResponsesData_logId:1,DuelResponsesData_ok_player_response]
6546012,416,54:15:36,9,[StatementsData_logId:0,DuelResponsesData_logId:1]
6546012,417,54:15:39,9,[StatementsData_logId:0,DuelResponsesData_logId:1]
6546012,413,54:15:42,9,[StatementsData_logId:0,DuelResponsesData_logId:2]
6546012,414,54:15:44,9,[StatementsData_logId:0,DuelResponsesData_logId:2]
6546012,415,54:15:47,9,[StatementsData_logId:0,DuelResponsesData_logId:2,DuelResponsesData_witty_player_response]
6546012,416,54:15:48,9,[StatementsData_logId:0,DuelResponsesData_logId:2]
6546012,417,54:15:49,9,[StatementsData_logId:0,DuelResponsesData_logId:2]
6546012,418,54:15:49,9,[StatementsData_logId:0,true]
6546012,419,54:15:55,9,[StatementsData_logId:0,4]
6546012,411,54:16:0,9,[StatementsData_logId:0]
6546012,401,54:16:4,9,[StatementsData_logId:1]
6546012,403,54:16:4,9,[StatementsData_logId:1,true]
6546012,405,54:16:5,9,[StatementsData_logId:1]
6546012,406,54:16:7,9,[StatementsData_logId:1,2]
6546012,407,54:16:7,9,[StatementsData_logId:1,FactCardData_id:4]
6546012,407,54:16:7,9,[StatementsData_logId:1,FactCardData_id:17]
6546012,407,54:16:7,9,[StatementsData_logId:1,FactCardData_id:11]
6546012,407,54:16:7,9,[StatementsData_logId:1,FactCardData_id:1]
6546012,407,54:16:7,9,[StatementsData_logId:1,FactCardData_id:13]
6546012,407,54:16:7,9,[StatementsData_logId:1,FactCardData_id:9]
6546012,407,54:16:11,9,[StatementsData_logId:1,FactCardData_id:13]
6546012,407,54:16:11,9,[StatementsData_logId:1,FactCardData_id:13]
6546012,408,54:16:13,9,[StatementsData_logId:1,FactCardData_id:13,true]
6546012,409,54:16:13,9,[StatementsData_logId:1]
6546012,410,54:16:14,9,[StatementsData_logId:1,2]
6546012,412,54:16:15,9,[StatementsData_logId:1]
6546012,413,54:16:16,9,[StatementsData_logId:1,DuelResponsesData_logId:3]
6546012,414,54:16:21,9,[StatementsData_logId:1,DuelResponsesData_logId:3]
6546012,415,54:16:25,9,[StatementsData_logId:1,DuelResponsesData_logId:3,DuelResponsesData_witty_player_response]
6546012,416,54:16:26,9,[StatementsData_logId:1,DuelResponsesData_logId:3]
6546012,417,54:16:29,9,[StatementsData_logId:1,DuelResponsesData_logId:3]
6546012,413,54:16:43,9,[StatementsData_logId:1,DuelResponsesData_logId:4]
6546012,414,54:16:44,9,[StatementsData_logId:1,DuelResponsesData_logId:4]
6546012,415,54:16:47,9,[StatementsData_logId:1,DuelResponsesData_logId:4,DuelResponsesData_ok_player_response]
6546012,416,54:16:48,9,[StatementsData_logId:1,DuelResponsesData_logId:4]
6546012,417,54:16:49,9,[StatementsData_logId:1,DuelResponsesData_logId:4]
6546012,413,54:16:53,9,[StatementsData_logId:1,DuelResponsesData_logId:5]
6546012,414,54:16:54,9,[StatementsData_logId:1,DuelResponsesData_logId:5]
6546012,415,54:17:15,9,[StatementsData_logId:1,DuelResponsesData_logId:5,DuelResponsesData_witty_player_response]
6546012,416,54:17:16,9,[StatementsData_logId:1,DuelResponsesData_logId:5]
6546012,417,54:17:17,9,[StatementsData_logId:1,DuelResponsesData_logId:5]
6546012,418,54:17:17,9,[StatementsData_logId:1,true]
6546012,419,54:17:24,9,[StatementsData_logId:1,4]
6546012,411,54:17:25,9,[StatementsData_logId:1]
6546012,401,54:17:29,9,[StatementsData_logId:2]
6546012,402,54:17:30,9,[StatementsData_logId:2,true]
6546012,405,54:17:31,9,[StatementsData_logId:2]
6546012,406,54:17:34,9,[StatementsData_logId:2,2]
6546012,411,54:17:40,9,[StatementsData_logId:2]
6546012,401,54:17:46,9,[StatementsData_logId:3]
6546012,403,54:17:47,9,[StatementsData_logId:3,true]
6546012,405,54:17:48,9,[StatementsData_logId:3]
6546012,406,54:17:49,9,[StatementsData_logId:3,2]
6546012,407,54:17:49,9,[StatementsData_logId:3,FactCardData_id:1]
6546012,407,54:17:49,9,[StatementsData_logId:3,FactCardData_id:17]
6546012,407,54:17:49,9,[StatementsData_logId:3,FactCardData_id:4]
6546012,407,54:17:49,9,[StatementsData_logId:3,FactCardData_id:11]
6546012,407,54:17:49,9,[StatementsData_logId:3,FactCardData_id:9]
6546012,407,54:17:49,9,[StatementsData_logId:3,FactCardData_id:13]
6546012,407,54:17:53,9,[StatementsData_logId:3,FactCardData_id:9]
6546012,407,54:17:53,9,[StatementsData_logId:3,FactCardData_id:9]
6546012,408,54:17:55,9,[StatementsData_logId:3,FactCardData_id:9,true]
6546012,409,54:17:55,9,[StatementsData_logId:3]
6546012,410,54:17:56,9,[StatementsData_logId:3,2]
6546012,412,54:17:59,9,[StatementsData_logId:3]
6546012,413,54:18:2,9,[StatementsData_logId:3,DuelResponsesData_logId:6]
6546012,414,54:18:3,9,[StatementsData_logId:3,DuelResponsesData_logId:6]
6546012,415,54:18:11,9,[StatementsData_logId:3,DuelResponsesData_logId:6,DuelResponsesData_witty_player_response]
6546012,416,54:18:11,9,[StatementsData_logId:3,DuelResponsesData_logId:6]
6546012,417,54:18:14,9,[StatementsData_logId:3,DuelResponsesData_logId:6]
6546012,413,54:18:18,9,[StatementsData_logId:3,DuelResponsesData_logId:7]
6546012,414,54:18:19,9,[StatementsData_logId:3,DuelResponsesData_logId:7]
6546012,415,54:18:29,9,[StatementsData_logId:3,DuelResponsesData_logId:7,DuelResponsesData_witty_player_response]
6546012,416,54:18:30,9,[StatementsData_logId:3,DuelResponsesData_logId:7]
6546012,417,54:18:33,9,[StatementsData_logId:3,DuelResponsesData_logId:7]
6546012,413,54:18:37,9,[StatementsData_logId:3,DuelResponsesData_logId:8]
6546012,414,54:18:38,9,[StatementsData_logId:3,DuelResponsesData_logId:8]
6546012,415,54:18:45,9,[StatementsData_logId:3,DuelResponsesData_logId:8,DuelResponsesData_witty_player_response]
6546012,416,54:18:46,9,[StatementsData_logId:3,DuelResponsesData_logId:8]
6546012,417,54:18:47,9,[StatementsData_logId:3,DuelResponsesData_logId:8]
6546012,418,54:18:47,9,[StatementsData_logId:3,true]
6546012,419,54:18:55,9,[StatementsData_logId:3,4]
6546012,411,54:18:57,9,[StatementsData_logId:3]
6546012,401,54:19:0,9,[StatementsData_logId:4]
6546012,402,54:19:0,9,[StatementsData_logId:4,true]
6546012,405,54:19:1,9,[StatementsData_logId:4]
6546012,406,54:19:4,9,[StatementsData_logId:4,2]
6546012,411,54:19:6,9,[StatementsData_logId:4]
6546012,401,54:19:11,9,[StatementsData_logId:5]
6546012,402,54:19:12,9,[StatementsData_logId:5,true]
6546012,405,54:19:13,9,[StatementsData_logId:5]
6546012,406,54:19:21,9,[StatementsData_logId:5,2]
6546012,411,54:19:22,9,[StatementsData_logId:5]
6546012,401,54:19:27,9,[StatementsData_logId:6]
6546012,403,54:19:30,9,[StatementsData_logId:6,false]
6546012,405,54:19:30,9,[StatementsData_logId:6]
6546012,406,54:19:40,9,[StatementsData_logId:6,-2]
6546012,411,54:19:43,9,[StatementsData_logId:6]
6546012,401,54:19:57,9,[StatementsData_logId:7]
6546012,404,54:20:0,9,[StatementsData_logId:7,false]
6546012,405,54:20:1,9,[StatementsData_logId:7]
6546012,406,54:20:13,9,[StatementsData_logId:7,-2]
6546012,411,54:20:14,9,[StatementsData_logId:7]
6546012,420,54:20:14,9,[62]
6546012,1005,54:20:14,9,[0,0,2]
6546012,1000,54:20:18,9,[]
6546012,400,54:20:23,9,[]
6546012,401,54:20:25,9,[StatementsData_logId:0]
6546012,404,54:20:25,9,[StatementsData_logId:0,true]
6546012,406,54:20:26,9,[StatementsData_logId:0,2]
6546012,412,54:20:27,9,[StatementsData_logId:0]
6546012,413,54:20:28,9,[StatementsData_logId:0,DuelResponsesData_logId:0]
6546012,414,54:20:29,9,[StatementsData_logId:0,DuelResponsesData_logId:0]
6546012,415,54:20:30,9,[StatementsData_logId:0,DuelResponsesData_logId:0,DuelResponsesData_witty_player_response]
6546012,416,54:20:31,9,[StatementsData_logId:0,DuelResponsesData_logId:0]
6546012,417,54:20:33,9,[StatementsData_logId:0,DuelResponsesData_logId:0]
6546012,413,54:20:34,9,[StatementsData_logId:0,DuelResponsesData_logId:1]
6546012,414,54:20:35,9,[StatementsData_logId:0,DuelResponsesData_logId:1]
6546012,415,54:20:39,9,[StatementsData_logId:0,DuelResponsesData_logId:1,DuelResponsesData_witty_player_response]
6546012,416,54:20:40,9,[StatementsData_logId:0,DuelResponsesData_logId:1]
6546012,417,54:20:41,9,[StatementsData_logId:0,DuelResponsesData_logId:1]
6546012,413,54:20:43,9,[StatementsData_logId:0,DuelResponsesData_logId:2]
6546012,414,54:20:44,9,[StatementsData_logId:0,DuelResponsesData_logId:2]
6546012,415,54:20:47,9,[StatementsData_logId:0,DuelResponsesData_logId:2,DuelResponsesData_witty_player_response]
6546012,416,54:20:48,9,[StatementsData_logId:0,DuelResponsesData_logId:2]
6546012,417,54:20:50,9,[StatementsData_logId:0,DuelResponsesData_logId:2]
6546012,418,54:20:50,9,[StatementsData_logId:0,true]
6546012,419,54:21:16,9,[StatementsData_logId:0,4]
6546012,411,54:21:18,9,[StatementsData_logId:0]
6546012,401,54:21:21,9,[StatementsData_logId:1]
6546012,403,54:21:22,9,[StatementsData_logId:1,true]
6546012,405,54:21:22,9,[StatementsData_logId:1]
6546012,406,54:21:23,9,[StatementsData_logId:1,2]
6546012,407,54:21:23,9,[StatementsData_logId:1,FactCardData_id:9]
6546012,407,54:21:23,9,[StatementsData_logId:1,FactCardData_id:13]
6546012,407,54:21:23,9,[StatementsData_logId:1,FactCardData_id:17]
6546012,407,54:21:23,9,[StatementsData_logId:1,FactCardData_id:4]
6546012,407,54:21:23,9,[StatementsData_logId:1,FactCardData_id:11]
6546012,407,54:21:23,9,[StatementsData_logId:1,FactCardData_id:1]
6546012,407,54:21:30,9,[StatementsData_logId:1,FactCardData_id:13]
6546012,407,54:21:30,9,[StatementsData_logId:1,FactCardData_id:13]
6546012,408,54:21:31,9,[StatementsData_logId:1,FactCardData_id:13,true]
6546012,409,54:21:31,9,[StatementsData_logId:1]
6546012,410,54:21:32,9,[StatementsData_logId:1,2]
6546012,412,54:21:34,9,[StatementsData_logId:1]
6546012,413,54:21:38,9,[StatementsData_logId:1,DuelResponsesData_logId:3]
6546012,414,54:21:39,9,[StatementsData_logId:1,DuelResponsesData_logId:3]
6546012,415,54:21:42,9,[StatementsData_logId:1,DuelResponsesData_logId:3,DuelResponsesData_witty_player_response]
6546012,416,54:21:43,9,[StatementsData_logId:1,DuelResponsesData_logId:3]
6546012,417,54:21:44,9,[StatementsData_logId:1,DuelResponsesData_logId:3]
6546012,413,54:21:46,9,[StatementsData_logId:1,DuelResponsesData_logId:4]
6546012,414,54:21:48,9,[StatementsData_logId:1,DuelResponsesData_logId:4]
6546012,415,54:21:48,9,[StatementsData_logId:1,DuelResponsesData_logId:4,DuelResponsesData_witty_player_response]
6546012,416,54:21:52,9,[StatementsData_logId:1,DuelResponsesData_logId:4]
6546012,417,54:21:55,9,[StatementsData_logId:1,DuelResponsesData_logId:4]
6546012,413,54:21:58,9,[StatementsData_logId:1,DuelResponsesData_logId:5]
6546012,414,54:21:58,9,[StatementsData_logId:1,DuelResponsesData_logId:5]
6546012,415,54:22:4,9,[StatementsData_logId:1,DuelResponsesData_logId:5,DuelResponsesData_witty_player_response]
6546012,416,54:22:5,9,[StatementsData_logId:1,DuelResponsesData_logId:5]
6546012,417,54:22:6,9,[StatementsData_logId:1,DuelResponsesData_logId:5]
6546012,418,54:22:6,9,[StatementsData_logId:1,true]
6546012,419,54:22:24,9,[StatementsData_logId:1,4]
6546012,411,54:22:26,9,[StatementsData_logId:1]
6546012,401,54:22:35,9,[StatementsData_logId:2]
6546012,402,54:22:36,9,[StatementsData_logId:2,true]
6546012,405,54:22:36,9,[StatementsData_logId:2]
6546012,406,54:22:39,9,[StatementsData_logId:2,2]
6546012,411,54:22:40,9,[StatementsData_logId:2]
6546012,401,54:22:42,9,[StatementsData_logId:3]
6546012,403,54:22:43,9,[StatementsData_logId:3,true]
6546012,405,54:22:44,9,[StatementsData_logId:3]
6546012,406,54:22:45,9,[StatementsData_logId:3,2]
6546012,407,54:22:45,9,[StatementsData_logId:3,FactCardData_id:4]
6546012,407,54:22:45,9,[StatementsData_logId:3,FactCardData_id:1]
6546012,407,54:22:45,9,[StatementsData_logId:3,FactCardData_id:13]
6546012,407,54:22:45,9,[StatementsData_logId:3,FactCardData_id:17]
6546012,407,54:22:45,9,[StatementsData_logId:3,FactCardData_id:9]
6546012,407,54:22:45,9,[StatementsData_logId:3,FactCardData_id:11]
6546012,407,54:22:47,9,[StatementsData_logId:3,FactCardData_id:9]
6546012,407,54:22:47,9,[StatementsData_logId:3,FactCardData_id:9]
6546012,408,54:22:47,9,[StatementsData_logId:3,FactCardData_id:9,true]
6546012,409,54:22:47,9,[StatementsData_logId:3]
6546012,410,54:22:48,9,[StatementsData_logId:3,2]
6546012,412,54:22:49,9,[StatementsData_logId:3]
6546012,413,54:22:51,9,[StatementsData_logId:3,DuelResponsesData_logId:6]
6546012,414,54:23:9,9,[StatementsData_logId:3,DuelResponsesData_logId:6]
6546012,415,54:23:15,9,[StatementsData_logId:3,DuelResponsesData_logId:6,DuelResponsesData_witty_player_response]
6546012,416,54:23:16,9,[StatementsData_logId:3,DuelResponsesData_logId:6]
6546012,417,54:23:17,9,[StatementsData_logId:3,DuelResponsesData_logId:6]
6546012,413,54:23:22,9,[StatementsData_logId:3,DuelResponsesData_logId:7]
6546012,414,54:23:23,9,[StatementsData_logId:3,DuelResponsesData_logId:7]
6546012,415,54:23:25,9,[StatementsData_logId:3,DuelResponsesData_logId:7,DuelResponsesData_witty_player_response]
6546012,416,54:23:26,9,[StatementsData_logId:3,DuelResponsesData_logId:7]
6546012,417,54:23:27,9,[StatementsData_logId:3,DuelResponsesData_logId:7]
6546012,413,54:23:30,9,[StatementsData_logId:3,DuelResponsesData_logId:8]
6546012,414,54:23:31,9,[StatementsData_logId:3,DuelResponsesData_logId:8]
6546012,415,54:23:35,9,[StatementsData_logId:3,DuelResponsesData_logId:8,DuelResponsesData_lame_player_response]
6546012,416,54:23:36,9,[StatementsData_logId:3,DuelResponsesData_logId:8]
6546012,417,54:23:38,9,[StatementsData_logId:3,DuelResponsesData_logId:8]
6546012,418,54:23:38,9,[StatementsData_logId:3,true]
6546012,419,54:23:53,9,[StatementsData_logId:3,4]
6546012,411,54:23:55,9,[StatementsData_logId:3]
6546012,401,54:23:58,9,[StatementsData_logId:4]
6546012,402,54:23:59,9,[StatementsData_logId:4,true]
6546012,405,54:24:0,9,[StatementsData_logId:4]
6546012,406,54:24:1,9,[StatementsData_logId:4,2]
6546012,411,54:24:3,9,[StatementsData_logId:4]
6546012,401,54:24:8,9,[StatementsData_logId:5]
6546012,402,54:24:9,9,[StatementsData_logId:5,true]
6546012,405,54:24:10,9,[StatementsData_logId:5]
6546012,406,54:24:14,9,[StatementsData_logId:5,2]
6546012,411,54:24:15,9,[StatementsData_logId:5]
6546012,401,54:24:18,9,[StatementsData_logId:6]
6546012,402,54:24:18,9,[StatementsData_logId:6,true]
6546012,405,54:24:19,9,[StatementsData_logId:6]
6546012,406,54:24:24,9,[StatementsData_logId:6,2]
6546012,411,54:24:25,9,[StatementsData_logId:6]
6546012,401,54:24:31,9,[StatementsData_logId:7]
6546012,402,54:24:31,9,[StatementsData_logId:7,false]
6546012,405,54:24:35,9,[StatementsData_logId:7]
6546012,406,54:24:38,9,[StatementsData_logId:7,-2]
6546012,411,54:24:42,9,[StatementsData_logId:7]
6546012,420,54:24:42,9,[66]
6546012,1001,54:24:48,9,[]
6546012,1003,54:24:48,0
6546012,1004,54:24:52,3
6546012,400,54:24:59,3,[]
6546012,401,54:25:9,3,[StatementsData_logId:0]
6546012,403,54:25:13,3,[StatementsData_logId:0,true]
6546012,405,54:25:14,3,[StatementsData_logId:0]
6546012,406,54:25:16,3,[StatementsData_logId:0,2]
6546012,407,54:25:16,3,[StatementsData_logId:0,FactCardData_id:19]
6546012,407,54:25:16,3,[StatementsData_logId:0,FactCardData_id:20]
6546012,407,54:25:16,3,[StatementsData_logId:0,FactCardData_id:23]
6546012,407,54:25:16,3,[StatementsData_logId:0,FactCardData_id:21]
6546012,407,54:25:16,3,[StatementsData_logId:0,FactCardData_id:18]
6546012,407,54:25:16,3,[StatementsData_logId:0,FactCardData_id:22]
6546012,407,54:25:21,3,[StatementsData_logId:0,FactCardData_id:18]
6546012,407,54:25:21,3,[StatementsData_logId:0,FactCardData_id:18]
6546012,407,54:25:24,3,[StatementsData_logId:0,FactCardData_id:22]
6546012,407,54:25:24,3,[StatementsData_logId:0,FactCardData_id:18]
6546012,407,54:25:24,3,[StatementsData_logId:0,FactCardData_id:22]
6546012,408,54:25:27,3,[StatementsData_logId:0,FactCardData_id:22,false]
6546012,406,54:25:37,3,[StatementsData_logId:0,-2]
6546012,411,54:25:40,3,[StatementsData_logId:0]
6546012,401,54:25:46,3,[StatementsData_logId:1]
6546012,402,54:25:47,3,[StatementsData_logId:1,true]
6546012,405,54:25:47,3,[StatementsData_logId:1]
6546012,406,54:25:53,3,[StatementsData_logId:1,2]
6546012,411,54:26:1,3,[StatementsData_logId:1]
6546012,401,54:26:4,3,[StatementsData_logId:2]
6546012,404,54:26:4,3,[StatementsData_logId:2,true]
6546012,406,54:26:5,3,[StatementsData_logId:2,2]
6546012,412,54:26:8,3,[StatementsData_logId:2]
6546012,413,54:26:12,3,[StatementsData_logId:2,DuelResponsesData_logId:3]
6546012,414,54:26:13,3,[StatementsData_logId:2,DuelResponsesData_logId:3]
6546012,415,54:26:18,3,[StatementsData_logId:2,DuelResponsesData_logId:3,DuelResponsesData_witty_player_response]
6546012,416,54:26:18,3,[StatementsData_logId:2,DuelResponsesData_logId:3]
6546012,417,54:26:19,3,[StatementsData_logId:2,DuelResponsesData_logId:3]
6546012,413,54:26:24,3,[StatementsData_logId:2,DuelResponsesData_logId:4]
6546012,414,54:26:25,3,[StatementsData_logId:2,DuelResponsesData_logId:4]
6546012,415,54:26:32,3,[StatementsData_logId:2,DuelResponsesData_logId:4,DuelResponsesData_witty_player_response]
6546012,416,54:26:33,3,[StatementsData_logId:2,DuelResponsesData_logId:4]
6546012,417,54:26:34,3,[StatementsData_logId:2,DuelResponsesData_logId:4]
6546012,413,54:26:37,3,[StatementsData_logId:2,DuelResponsesData_logId:5]
6546012,414,54:26:38,3,[StatementsData_logId:2,DuelResponsesData_logId:5]
6546012,415,54:26:40,3,[StatementsData_logId:2,DuelResponsesData_logId:5,DuelResponsesData_witty_player_response]
6546012,416,54:26:40,3,[StatementsData_logId:2,DuelResponsesData_logId:5]
6546012,417,54:26:42,3,[StatementsData_logId:2,DuelResponsesData_logId:5]
6546012,418,54:26:42,3,[StatementsData_logId:2,true]
6546012,419,54:26:48,3,[StatementsData_logId:2,4]
6546012,411,54:26:51,3,[StatementsData_logId:2]
6546012,401,54:26:55,3,[StatementsData_logId:3]
6546012,403,54:26:56,3,[StatementsData_logId:3,true]
6546012,405,54:26:56,3,[StatementsData_logId:3]
6546012,406,54:26:57,3,[StatementsData_logId:3,2]
6546012,407,54:26:57,3,[StatementsData_logId:3,FactCardData_id:20]
6546012,407,54:26:57,3,[StatementsData_logId:3,FactCardData_id:23]
6546012,407,54:26:57,3,[StatementsData_logId:3,FactCardData_id:21]
6546012,407,54:26:57,3,[StatementsData_logId:3,FactCardData_id:19]
6546012,407,54:26:57,3,[StatementsData_logId:3,FactCardData_id:22]
6546012,407,54:26:57,3,[StatementsData_logId:3,FactCardData_id:18]
6546012,407,54:26:59,3,[StatementsData_logId:3,FactCardData_id:22]
6546012,407,54:26:59,3,[StatementsData_logId:3,FactCardData_id:22]
6546012,408,54:27:4,3,[StatementsData_logId:3,FactCardData_id:22,true]
6546012,409,54:27:4,3,[StatementsData_logId:3]
6546012,410,54:27:6,3,[StatementsData_logId:3,2]
6546012,412,54:27:7,3,[StatementsData_logId:3]
6546012,413,54:27:11,3,[StatementsData_logId:3,DuelResponsesData_logId:6]
6546012,414,54:27:11,3,[StatementsData_logId:3,DuelResponsesData_logId:6]
6546012,415,54:27:13,3,[StatementsData_logId:3,DuelResponsesData_logId:6,DuelResponsesData_ok_player_response]
6546012,416,54:27:14,3,[StatementsData_logId:3,DuelResponsesData_logId:6]
6546012,417,54:27:15,3,[StatementsData_logId:3,DuelResponsesData_logId:6]
6546012,413,54:27:19,3,[StatementsData_logId:3,DuelResponsesData_logId:7]
6546012,414,54:27:19,3,[StatementsData_logId:3,DuelResponsesData_logId:7]
6546012,415,54:27:28,3,[StatementsData_logId:3,DuelResponsesData_logId:7,DuelResponsesData_witty_player_response]
6546012,416,54:27:28,3,[StatementsData_logId:3,DuelResponsesData_logId:7]
6546012,417,54:27:30,3,[StatementsData_logId:3,DuelResponsesData_logId:7]
6546012,413,54:27:33,3,[StatementsData_logId:3,DuelResponsesData_logId:8]
6546012,414,54:27:34,3,[StatementsData_logId:3,DuelResponsesData_logId:8]
6546012,415,54:27:41,3,[StatementsData_logId:3,DuelResponsesData_logId:8,DuelResponsesData_witty_player_response]
6546012,416,54:27:42,3,[StatementsData_logId:3,DuelResponsesData_logId:8]
6546012,417,54:27:44,3,[StatementsData_logId:3,DuelResponsesData_logId:8]
6546012,418,54:27:44,3,[StatementsData_logId:3,true]
6546012,419,54:27:47,3,[StatementsData_logId:3,4]
6546012,411,54:27:49,3,[StatementsData_logId:3]
6546012,401,54:28:14,3,[StatementsData_logId:4]
6546012,403,54:28:15,3,[StatementsData_logId:4,true]
6546012,405,54:28:15,3,[StatementsData_logId:4]
6546012,406,54:28:16,3,[StatementsData_logId:4,2]
6546012,407,54:28:16,3,[StatementsData_logId:4,FactCardData_id:21]
6546012,407,54:28:16,3,[StatementsData_logId:4,FactCardData_id:18]
6546012,407,54:28:16,3,[StatementsData_logId:4,FactCardData_id:20]
6546012,407,54:28:16,3,[StatementsData_logId:4,FactCardData_id:19]
6546012,407,54:28:16,3,[StatementsData_logId:4,FactCardData_id:23]
6546012,407,54:28:16,3,[StatementsData_logId:4,FactCardData_id:22]
6546012,407,54:28:20,3,[StatementsData_logId:4,FactCardData_id:20]
6546012,407,54:28:20,3,[StatementsData_logId:4,FactCardData_id:20]
6546012,407,54:28:23,3,[StatementsData_logId:4,FactCardData_id:21]
6546012,407,54:28:23,3,[StatementsData_logId:4,FactCardData_id:20]
6546012,407,54:28:23,3,[StatementsData_logId:4,FactCardData_id:21]
6546012,407,54:28:27,3,[StatementsData_logId:4,FactCardData_id:18]
6546012,407,54:28:27,3,[StatementsData_logId:4,FactCardData_id:21]
6546012,407,54:28:27,3,[StatementsData_logId:4,FactCardData_id:18]
6546012,408,54:28:29,3,[StatementsData_logId:4,FactCardData_id:18,true]
6546012,409,54:28:29,3,[StatementsData_logId:4]
6546012,410,54:28:30,3,[StatementsData_logId:4,2]
6546012,412,54:28:31,3,[StatementsData_logId:4]
6546012,413,54:28:35,3,[StatementsData_logId:4,DuelResponsesData_logId:9]
6546012,414,54:28:36,3,[StatementsData_logId:4,DuelResponsesData_logId:9]
6546012,415,54:28:38,3,[StatementsData_logId:4,DuelResponsesData_logId:9,DuelResponsesData_ok_player_response]
6546012,416,54:28:39,3,[StatementsData_logId:4,DuelResponsesData_logId:9]
6546012,417,54:28:40,3,[StatementsData_logId:4,DuelResponsesData_logId:9]
6546012,413,54:28:42,3,[StatementsData_logId:4,DuelResponsesData_logId:10]
6546012,414,54:28:43,3,[StatementsData_logId:4,DuelResponsesData_logId:10]
6546012,415,54:28:46,3,[StatementsData_logId:4,DuelResponsesData_logId:10,DuelResponsesData_witty_player_response]
6546012,416,54:28:46,3,[StatementsData_logId:4,DuelResponsesData_logId:10]
6546012,417,54:28:47,3,[StatementsData_logId:4,DuelResponsesData_logId:10]
6546012,413,54:28:51,3,[StatementsData_logId:4,DuelResponsesData_logId:11]
6546012,414,54:28:51,3,[StatementsData_logId:4,DuelResponsesData_logId:11]
6546012,415,54:29:3,3,[StatementsData_logId:4,DuelResponsesData_logId:11,DuelResponsesData_witty_player_response]
6546012,416,54:29:4,3,[StatementsData_logId:4,DuelResponsesData_logId:11]
6546012,417,54:29:5,3,[StatementsData_logId:4,DuelResponsesData_logId:11]
6546012,418,54:29:5,3,[StatementsData_logId:4,true]
6546012,419,54:29:11,3,[StatementsData_logId:4,4]
6546012,411,54:29:12,3,[StatementsData_logId:4]
6546012,401,54:29:16,3,[StatementsData_logId:5]
6546012,402,54:29:18,3,[StatementsData_logId:5,true]
6546012,405,54:29:18,3,[StatementsData_logId:5]
6546012,406,54:29:19,3,[StatementsData_logId:5,2]
6546012,411,54:29:20,3,[StatementsData_logId:5]
6546012,420,54:29:20,3,[60]
6546012,1005,54:29:20,3,[0,0,2]
6546012,1001,54:29:26,3,[]
6546012,1003,54:29:26,0
6546012,1004,54:29:35,1
6546012,400,54:29:41,1,[]
6546012,401,54:29:58,1,[StatementsData_logId:0]
6546012,402,54:30:0,1,[StatementsData_logId:0,true]
6546012,405,54:30:1,1,[StatementsData_logId:0]
6546012,406,54:30:19,1,[StatementsData_logId:0,2]
6546012,411,54:30:29,1,[StatementsData_logId:0]
6546012,401,54:30:33,1,[StatementsData_logId:1]
6546012,402,54:30:37,1,[StatementsData_logId:1,true]
6546012,405,54:30:39,1,[StatementsData_logId:1]
6546012,406,54:30:43,1,[StatementsData_logId:1,2]
6546012,411,54:30:44,1,[StatementsData_logId:1]
6546012,401,54:30:49,1,[StatementsData_logId:2]
6546012,403,54:30:51,1,[StatementsData_logId:2,true]
6546012,405,54:30:52,1,[StatementsData_logId:2]
6546012,406,54:30:53,1,[StatementsData_logId:2,2]
6546012,407,54:30:53,1,[StatementsData_logId:2,FactCardData_id:26]
6546012,407,54:30:53,1,[StatementsData_logId:2,FactCardData_id:20]
6546012,407,54:30:53,1,[StatementsData_logId:2,FactCardData_id:23]
6546012,407,54:30:53,1,[StatementsData_logId:2,FactCardData_id:24]
6546012,407,54:30:53,1,[StatementsData_logId:2,FactCardData_id:22]
6546012,407,54:30:53,1,[StatementsData_logId:2,FactCardData_id:25]
6546012,407,54:30:54,1,[StatementsData_logId:2,FactCardData_id:24]
6546012,407,54:30:54,1,[StatementsData_logId:2,FactCardData_id:24]
6546012,408,54:30:56,1,[StatementsData_logId:2,FactCardData_id:24,true]
6546012,409,54:30:56,1,[StatementsData_logId:2]
6546012,410,54:30:58,1,[StatementsData_logId:2,2]
6546012,412,54:31:2,1,[StatementsData_logId:2]
6546012,413,54:31:5,1,[StatementsData_logId:2,DuelResponsesData_logId:0]
6546012,414,54:31:6,1,[StatementsData_logId:2,DuelResponsesData_logId:0]
6546012,415,54:31:12,1,[StatementsData_logId:2,DuelResponsesData_logId:0,DuelResponsesData_witty_player_response]
6546012,416,54:31:13,1,[StatementsData_logId:2,DuelResponsesData_logId:0]
6546012,417,54:31:14,1,[StatementsData_logId:2,DuelResponsesData_logId:0]
6546012,413,54:31:18,1,[StatementsData_logId:2,DuelResponsesData_logId:1]
6546012,414,54:31:19,1,[StatementsData_logId:2,DuelResponsesData_logId:1]
6546012,415,54:31:29,1,[StatementsData_logId:2,DuelResponsesData_logId:1,DuelResponsesData_witty_player_response]
6546012,416,54:31:29,1,[StatementsData_logId:2,DuelResponsesData_logId:1]
6546012,417,54:31:30,1,[StatementsData_logId:2,DuelResponsesData_logId:1]
6546012,413,54:31:33,1,[StatementsData_logId:2,DuelResponsesData_logId:2]
6546012,414,54:31:33,1,[StatementsData_logId:2,DuelResponsesData_logId:2]
6546012,415,54:31:43,1,[StatementsData_logId:2,DuelResponsesData_logId:2,DuelResponsesData_witty_player_response]
6546012,416,54:31:43,1,[StatementsData_logId:2,DuelResponsesData_logId:2]
6546012,417,54:31:44,1,[StatementsData_logId:2,DuelResponsesData_logId:2]
6546012,418,54:31:44,1,[StatementsData_logId:2,true]
6546012,419,54:31:49,1,[StatementsData_logId:2,4]
6546012,411,54:31:52,1,[StatementsData_logId:2]
6546012,401,54:32:31,1,[StatementsData_logId:3]
6546012,402,54:32:33,1,[StatementsData_logId:3,true]
6546012,405,54:32:33,1,[StatementsData_logId:3]
6546012,406,54:32:39,1,[StatementsData_logId:3,2]
6546012,411,54:33:47,1,[StatementsData_logId:3]
6546012,401,54:33:51,1,[StatementsData_logId:4]
6546012,403,54:33:56,1,[StatementsData_logId:4,true]
6546012,405,54:33:57,1,[StatementsData_logId:4]
6546012,406,54:33:58,1,[StatementsData_logId:4,2]
6546012,407,54:33:59,1,[StatementsData_logId:4,FactCardData_id:26]
6546012,407,54:33:59,1,[StatementsData_logId:4,FactCardData_id:22]
6546012,407,54:33:59,1,[StatementsData_logId:4,FactCardData_id:23]
6546012,407,54:33:59,1,[StatementsData_logId:4,FactCardData_id:24]
6546012,407,54:33:59,1,[StatementsData_logId:4,FactCardData_id:20]
6546012,407,54:33:59,1,[StatementsData_logId:4,FactCardData_id:25]
6546012,407,54:34:1,1,[StatementsData_logId:4,FactCardData_id:22]
6546012,407,54:34:1,1,[StatementsData_logId:4,FactCardData_id:22]
6546012,407,54:34:4,1,[StatementsData_logId:4,FactCardData_id:25]
6546012,407,54:34:4,1,[StatementsData_logId:4,FactCardData_id:22]
6546012,407,54:34:4,1,[StatementsData_logId:4,FactCardData_id:25]
6546012,407,54:34:6,1,[StatementsData_logId:4,FactCardData_id:23]
6546012,407,54:34:6,1,[StatementsData_logId:4,FactCardData_id:25]
6546012,407,54:34:6,1,[StatementsData_logId:4,FactCardData_id:23]
6546012,408,54:34:8,1,[StatementsData_logId:4,FactCardData_id:23,true]
6546012,409,54:34:8,1,[StatementsData_logId:4]
6546012,410,54:34:9,1,[StatementsData_logId:4,2]
6546012,412,54:34:18,1,[StatementsData_logId:4]
6546012,413,54:34:20,1,[StatementsData_logId:4,DuelResponsesData_logId:3]
6546012,414,54:34:22,1,[StatementsData_logId:4,DuelResponsesData_logId:3]
6546012,415,54:34:27,1,[StatementsData_logId:4,DuelResponsesData_logId:3,DuelResponsesData_witty_player_response]
6546012,416,54:34:28,1,[StatementsData_logId:4,DuelResponsesData_logId:3]
6546012,417,54:34:29,1,[StatementsData_logId:4,DuelResponsesData_logId:3]
6546012,413,54:34:45,1,[StatementsData_logId:4,DuelResponsesData_logId:4]
6546012,414,54:34:46,1,[StatementsData_logId:4,DuelResponsesData_logId:4]
6546012,415,54:34:52,1,[StatementsData_logId:4,DuelResponsesData_logId:4,DuelResponsesData_witty_player_response]
6546012,416,54:34:54,1,[StatementsData_logId:4,DuelResponsesData_logId:4]
6546012,417,54:34:56,1,[StatementsData_logId:4,DuelResponsesData_logId:4]
6546012,413,54:34:57,1,[StatementsData_logId:4,DuelResponsesData_logId:5]
6546012,414,54:35:0,1,[StatementsData_logId:4,DuelResponsesData_logId:5]
6546012,415,54:35:6,1,[StatementsData_logId:4,DuelResponsesData_logId:5,DuelResponsesData_witty_player_response]
6546012,416,54:35:7,1,[StatementsData_logId:4,DuelResponsesData_logId:5]
6546012,417,54:35:8,1,[StatementsData_logId:4,DuelResponsesData_logId:5]
6546012,418,54:35:8,1,[StatementsData_logId:4,true]
6546012,419,54:35:13,1,[StatementsData_logId:4,4]
6546012,411,54:35:15,1,[StatementsData_logId:4]
6546012,401,54:35:24,1,[StatementsData_logId:5]
6546012,404,54:35:25,1,[StatementsData_logId:5,true]
6546012,406,54:35:26,1,[StatementsData_logId:5,2]
6546012,412,54:35:29,1,[StatementsData_logId:5]
6546012,413,54:35:31,1,[StatementsData_logId:5,DuelResponsesData_logId:6]
6546012,414,54:35:32,1,[StatementsData_logId:5,DuelResponsesData_logId:6]
6546012,415,54:35:36,1,[StatementsData_logId:5,DuelResponsesData_logId:6,DuelResponsesData_ok_player_response]
6546012,416,54:35:36,1,[StatementsData_logId:5,DuelResponsesData_logId:6]
6546012,417,54:35:37,1,[StatementsData_logId:5,DuelResponsesData_logId:6]
6546012,413,54:35:40,1,[StatementsData_logId:5,DuelResponsesData_logId:7]
6546012,414,54:35:41,1,[StatementsData_logId:5,DuelResponsesData_logId:7]
6546012,415,54:35:44,1,[StatementsData_logId:5,DuelResponsesData_logId:7,DuelResponsesData_witty_player_response]
6546012,416,54:35:45,1,[StatementsData_logId:5,DuelResponsesData_logId:7]
6546012,417,54:35:47,1,[StatementsData_logId:5,DuelResponsesData_logId:7]
6546012,413,54:35:53,1,[StatementsData_logId:5,DuelResponsesData_logId:8]
6546012,414,54:35:54,1,[StatementsData_logId:5,DuelResponsesData_logId:8]
6546012,415,54:36:5,1,[StatementsData_logId:5,DuelResponsesData_logId:8,DuelResponsesData_witty_player_response]
6546012,416,54:36:5,1,[StatementsData_logId:5,DuelResponsesData_logId:8]
6546012,417,54:36:7,1,[StatementsData_logId:5,DuelResponsesData_logId:8]
6546012,418,54:36:7,1,[StatementsData_logId:5,true]
6546012,419,54:36:7,1,[StatementsData_logId:5,4]
6546012,411,54:36:11,1,[StatementsData_logId:5]
6546012,420,54:36:11,1,[56]
6546012,1005,54:36:11,1,[0,2,3]
6546012,1001,54:36:13,1,[]
6546012,1003,54:36:13,0
6546012,1004,54:36:15,2
6546012,400,54:37:40,2,[]
6546012,401,54:37:49,2,[StatementsData_logId:0]
6546012,403,54:37:50,2,[StatementsData_logId:0,true]
6546012,405,54:37:52,2,[StatementsData_logId:0]
6546012,406,54:38:24,2,[StatementsData_logId:0,2]
6546012,407,54:38:24,2,[StatementsData_logId:0,FactCardData_id:18]
6546012,407,54:38:24,2,[StatementsData_logId:0,FactCardData_id:20]
6546012,407,54:38:24,2,[StatementsData_logId:0,FactCardData_id:24]
6546012,407,54:38:24,2,[StatementsData_logId:0,FactCardData_id:21]
6546012,407,54:38:24,2,[StatementsData_logId:0,FactCardData_id:19]
6546012,407,54:38:24,2,[StatementsData_logId:0,FactCardData_id:22]
6546012,407,54:38:31,2,[StatementsData_logId:0,FactCardData_id:20]
6546012,407,54:38:31,2,[StatementsData_logId:0,FactCardData_id:20]
6546012,407,54:38:36,2,[StatementsData_logId:0,FactCardData_id:18]
6546012,407,54:38:36,2,[StatementsData_logId:0,FactCardData_id:20]
6546012,407,54:38:36,2,[StatementsData_logId:0,FactCardData_id:18]
6546012,407,54:38:38,2,[StatementsData_logId:0,FactCardData_id:24]
6546012,407,54:38:38,2,[StatementsData_logId:0,FactCardData_id:18]
6546012,407,54:38:38,2,[StatementsData_logId:0,FactCardData_id:24]
6546012,407,54:38:41,2,[StatementsData_logId:0,FactCardData_id:19]
6546012,407,54:38:41,2,[StatementsData_logId:0,FactCardData_id:24]
6546012,407,54:38:41,2,[StatementsData_logId:0,FactCardData_id:19]
6546012,407,54:38:54,2,[StatementsData_logId:0,FactCardData_id:21]
6546012,407,54:38:54,2,[StatementsData_logId:0,FactCardData_id:19]
6546012,407,54:38:54,2,[StatementsData_logId:0,FactCardData_id:21]
6546012,408,54:38:56,2,[StatementsData_logId:0,FactCardData_id:21,true]
6546012,409,54:38:56,2,[StatementsData_logId:0]
6546012,410,54:38:57,2,[StatementsData_logId:0,2]
6546012,412,54:38:59,2,[StatementsData_logId:0]
6546012,413,54:39:10,2,[StatementsData_logId:0,DuelResponsesData_logId:0]
6546012,414,54:39:32,2,[StatementsData_logId:0,DuelResponsesData_logId:0]
6546012,415,54:39:32,2,[StatementsData_logId:0,DuelResponsesData_logId:0,DuelResponsesData_witty_player_response]
6546012,416,54:39:36,2,[StatementsData_logId:0,DuelResponsesData_logId:0]
6546012,417,54:39:39,2,[StatementsData_logId:0,DuelResponsesData_logId:0]
6546012,413,54:39:45,2,[StatementsData_logId:0,DuelResponsesData_logId:1]
6546012,414,54:39:45,2,[StatementsData_logId:0,DuelResponsesData_logId:1]
6546012,415,54:39:48,2,[StatementsData_logId:0,DuelResponsesData_logId:1,DuelResponsesData_witty_player_response]
6546012,416,54:39:48,2,[StatementsData_logId:0,DuelResponsesData_logId:1]
6546012,417,54:39:49,2,[StatementsData_logId:0,DuelResponsesData_logId:1]
6546012,413,54:39:51,2,[StatementsData_logId:0,DuelResponsesData_logId:2]
6546012,414,54:39:52,2,[StatementsData_logId:0,DuelResponsesData_logId:2]
6546012,415,54:39:59,2,[StatementsData_logId:0,DuelResponsesData_logId:2,DuelResponsesData_witty_player_response]
6546012,416,54:40:0,2,[StatementsData_logId:0,DuelResponsesData_logId:2]
6546012,417,54:52:35,2,[StatementsData_logId:0,DuelResponsesData_logId:2]
6546012,418,54:52:35,2,[StatementsData_logId:0,true]
6546012,419,54:52:45,2,[StatementsData_logId:0,4]
6546012,411,54:52:47,2,[StatementsData_logId:0]
6546012,401,54:52:53,2,[StatementsData_logId:1]
6546012,402,54:52:54,2,[StatementsData_logId:1,true]
6546012,405,54:52:54,2,[StatementsData_logId:1]
6546012,406,54:52:56,2,[StatementsData_logId:1,2]
6546012,411,54:52:57,2,[StatementsData_logId:1]
6546012,401,54:53:1,2,[StatementsData_logId:2]
6546012,404,54:53:4,2,[StatementsData_logId:2,true]
6546012,406,54:53:4,2,[StatementsData_logId:2,2]
6546012,412,54:56:29,2,[StatementsData_logId:2]
6546012,413,54:56:33,2,[StatementsData_logId:2,DuelResponsesData_logId:3]
6546012,414,54:56:34,2,[StatementsData_logId:2,DuelResponsesData_logId:3]
6546012,415,54:56:38,2,[StatementsData_logId:2,DuelResponsesData_logId:3,DuelResponsesData_ok_player_response]
6546012,416,54:56:39,2,[StatementsData_logId:2,DuelResponsesData_logId:3]
6546012,417,54:57:1,2,[StatementsData_logId:2,DuelResponsesData_logId:3]
6546012,413,54:57:6,2,[StatementsData_logId:2,DuelResponsesData_logId:4]
6546012,414,54:57:7,2,[StatementsData_logId:2,DuelResponsesData_logId:4]
6546012,415,54:57:17,2,[StatementsData_logId:2,DuelResponsesData_logId:4,DuelResponsesData_witty_player_response]
6546012,416,54:57:17,2,[StatementsData_logId:2,DuelResponsesData_logId:4]
6546012,417,54:57:19,2,[StatementsData_logId:2,DuelResponsesData_logId:4]
6546012,413,54:57:22,2,[StatementsData_logId:2,DuelResponsesData_logId:5]
6546012,414,54:57:23,2,[StatementsData_logId:2,DuelResponsesData_logId:5]
6546012,415,54:57:26,2,[StatementsData_logId:2,DuelResponsesData_logId:5,DuelResponsesData_witty_player_response]
6546012,416,54:57:26,2,[StatementsData_logId:2,DuelResponsesData_logId:5]
6546012,417,54:57:28,2,[StatementsData_logId:2,DuelResponsesData_logId:5]
6546012,418,54:57:28,2,[StatementsData_logId:2,true]
6546012,419,54:58:13,2,[StatementsData_logId:2,4]
6546012,411,54:58:14,2,[StatementsData_logId:2]
6546012,401,54:58:17,2,[StatementsData_logId:3]
6546012,402,54:58:17,2,[StatementsData_logId:3,true]
6546012,405,54:58:18,2,[StatementsData_logId:3]
6546012,406,54:58:26,2,[StatementsData_logId:3,2]
6546012,411,54:58:29,2,[StatementsData_logId:3]
6546012,401,54:58:36,2,[StatementsData_logId:4]
6546012,404,54:58:37,2,[StatementsData_logId:4,false]
6546012,405,54:58:37,2,[StatementsData_logId:4]
6546012,406,54:58:45,2,[StatementsData_logId:4,-2]
6546012,411,54:58:47,2,[StatementsData_logId:4]
6546012,401,54:58:55,2,[StatementsData_logId:5]
6546012,403,54:58:56,2,[StatementsData_logId:5,true]
6546012,405,54:58:56,2,[StatementsData_logId:5]
6546012,406,54:58:57,2,[StatementsData_logId:5,2]
6546012,407,54:58:57,2,[StatementsData_logId:5,FactCardData_id:20]
6546012,407,54:58:57,2,[StatementsData_logId:5,FactCardData_id:22]
6546012,407,54:58:57,2,[StatementsData_logId:5,FactCardData_id:19]
6546012,407,54:58:57,2,[StatementsData_logId:5,FactCardData_id:18]
6546012,407,54:58:57,2,[StatementsData_logId:5,FactCardData_id:21]
6546012,407,54:58:57,2,[StatementsData_logId:5,FactCardData_id:24]
6546012,407,54:59:1,2,[StatementsData_logId:5,FactCardData_id:22]
6546012,407,54:59:1,2,[StatementsData_logId:5,FactCardData_id:22]
6546012,407,54:59:6,2,[StatementsData_logId:5,FactCardData_id:21]
6546012,407,54:59:6,2,[StatementsData_logId:5,FactCardData_id:22]
6546012,407,54:59:6,2,[StatementsData_logId:5,FactCardData_id:21]
6546012,408,54:59:7,2,[StatementsData_logId:5,FactCardData_id:21,false]
6546012,406,54:59:9,2,[StatementsData_logId:5,-2]
6546012,411,54:59:10,2,[StatementsData_logId:5]
6546012,401,54:59:11,2,[StatementsData_logId:6]
6546012,402,55:1:8,2,[StatementsData_logId:6,true]
6546012,405,55:1:8,2,[StatementsData_logId:6]
6546012,406,55:1:11,2,[StatementsData_logId:6,2]
6546012,411,55:1:13,2,[StatementsData_logId:6]
6546012,420,55:1:13,2,[54]
6546012,1001,55:1:18,2,[]
6546012,1003,55:1:18,0
6546012,210,55:1:22,721,282
6546012,207,55:1:24,10,-200,-290
6546012,207,55:1:25,10,-290,-320
6546012,207,55:1:26,10,-320,-530
6546012,207,55:1:26,10,-530,-605
6546012,211,55:1:28,1499,646
6546012,213,55:1:28,10,s_pregnancyTest_G12a2N,true
6546012,1003,55:1:31,0
6546012,1004,55:1:35,3
6546012,400,55:1:38,3,[]
6546012,401,55:1:39,3,[StatementsData_logId:0]
6546012,403,55:1:42,3,[StatementsData_logId:0,true]
6546012,405,55:1:43,3,[StatementsData_logId:0]
6546012,406,55:1:44,3,[StatementsData_logId:0,2]
6546012,407,55:1:44,3,[StatementsData_logId:0,FactCardData_id:19]
6546012,407,55:1:44,3,[StatementsData_logId:0,FactCardData_id:21]
6546012,407,55:1:44,3,[StatementsData_logId:0,FactCardData_id:23]
6546012,407,55:1:44,3,[StatementsData_logId:0,FactCardData_id:20]
6546012,407,55:1:44,3,[StatementsData_logId:0,FactCardData_id:22]
6546012,407,55:1:44,3,[StatementsData_logId:0,FactCardData_id:18]
6546012,407,55:1:45,3,[StatementsData_logId:0,FactCardData_id:22]
6546012,407,55:1:45,3,[StatementsData_logId:0,FactCardData_id:22]
6546012,408,55:1:46,3,[StatementsData_logId:0,FactCardData_id:22,false]
6546012,1002,55:1:50,3
6546012,1003,55:1:50,0
6546012,1004,55:1:54,8
6546012,400,55:1:57,8,[]
6546012,1002,55:2:1,8
6546012,1003,55:2:1,0
6546012,210,55:2:15,955,302
6546012,207,55:2:17,10,-200,-125
6546012,207,55:2:18,10,-125,-65
6546012,207,55:2:19,10,-65,-20
6546012,207,55:2:19,10,-20,0
6546012,207,55:2:21,10,0,-45
6546012,207,55:2:22,10,-45,-105
6546012,207,55:2:22,10,-105,-165
6546012,207,55:2:24,10,-165,-225
6546012,211,55:2:24,1190,170
6546012,207,55:2:24,10,-225,-240
6546012,207,55:2:24,10,-240,-255
6546012,210,55:2:24,867,418
6546012,207,55:2:25,10,-255,-300
6546012,207,55:2:25,10,-300,-360
6546012,207,55:2:26,10,-360,-435
6546012,211,55:2:26,1395,282
6546012,207,55:2:26,10,-435,-450
6546012,207,55:2:26,10,-450,-465
6546012,210,55:2:26,1155,520
6546012,207,55:2:27,10,-465,-495
6546012,207,55:2:27,10,-495,-525
6546012,207,55:2:28,10,-525,-795
6546012,207,55:2:29,10,-795,-995
6546012,211,55:2:32,1981,153
6546012,213,55:2:32,10,s_pictureDad_afri_gen,true
6546012,1003,55:2:35,0
6546012,210,55:2:39,998,230
6546012,207,55:2:40,10,-200,-215
6546012,211,55:2:40,730,452
6546012,210,55:2:40,1005,230
6546012,211,55:2:40,1089,175
6546012,221,55:2:44,10
6546012,220,55:2:47,10
6546012,221,55:2:51,10
6546012,220,55:2:55,10
6546012,204,55:3:46,10
6546012,100,55:3:52,8
6546012,102,55:4:2,8
6546012,200,55:4:2,8,21,21,18,9,12
6546012,210,55:4:10,655,537
6546012,211,55:4:10,650,558
6546012,213,55:4:10,8,s_backpack_G11a0,true
6546012,205,55:4:11,8,s_backpack_G11a0,false,false
6546012,210,55:4:15,576,333
6546012,211,55:4:17,1021,199
6546012,210,55:4:17,941,215
6546012,211,55:4:18,1014,202
6546012,210,55:4:18,1007,158
6546012,211,55:4:18,1007,158
6546012,210,55:4:18,845,189
6546012,211,55:4:20,442,413
6546012,212,55:4:20,2
6546012,210,55:4:21,565,364
6546012,211,55:4:21,440,416
6546012,213,55:4:21,8,c_friend1_F_G11a0,false
6546012,1003,55:4:24,2
6546012,210,55:4:28,805,449
6546012,211,55:4:29,690,571
6546012,219,55:4:31,8
6546012,216,55:4:32,Stack_G11a1N
6546012,217,55:4:50,Stack_G11a1N,15,0.00
6546012,218,55:4:52,8
6546012,210,55:4:53,1022,467
6546012,211,55:4:54,548,482
6546012,213,55:4:54,8,c_crush1_F_G11a1N,false
6546012,1003,55:5:5,2
6546012,210,55:5:9,1068,495
6546012,207,55:5:10,8,-200,-512
6546012,211,55:5:12,1321,575
6546012,213,55:5:12,8,s_computer_F_gen,true
6546012,210,55:5:16,1097,168
6546012,207,55:5:18,8,-512,-422
6546012,207,55:5:19,8,-422,0
6546012,211,55:5:21,596,603
6546012,212,55:5:21,1
6546012,207,55:5:22,8,0,-15
6546012,210,55:5:22,759,580
6546012,211,55:5:24,256,578
6546012,213,55:5:24,8,s_bed_F_G11a1N,true
6546012,205,55:5:24,8,s_bed_F_G11a1N,false,false
6546012,210,55:5:29,309,497
6546012,211,55:5:36,630,127
6546012,210,55:5:36,602,70
6546012,211,55:5:37,543,242
6546012,213,55:5:37,8,s_calendar_F_gen,true
6546012,210,55:5:41,477,177
6546012,211,55:5:45,903,271
6546012,213,55:5:45,8,s_door_F_gen,true
6546012,205,55:5:45,8,s_door_F_gen,false,false
6546012,210,55:5:48,1055,247
6546012,207,55:5:49,8,-15,-195
6546012,211,55:5:51,1273,405
6546012,207,55:5:51,8,-195,-270
6546012,210,55:5:51,1309,363
6546012,207,55:5:51,8,-270,-345
6546012,211,55:5:52,1271,375
6546012,213,55:5:52,8,s_window_F_G11a1N,true
6546012,205,55:5:52,8,s_window_F_G11a1N,false,false
6546012,210,55:5:58,1106,158
6546012,207,55:5:59,8,-345,-450
6546012,207,55:6:0,8,-450,-512
6546012,211,55:6:3,1284,680
6546012,212,55:6:4,0
6546012,210,55:6:5,1310,565
6546012,211,55:6:10,611,264
6546012,207,55:6:10,8,-512,-512
6546012,207,55:6:10,8,-512,-497
6546012,210,55:6:10,742,94
6546012,211,55:6:10,577,274
6546012,207,55:6:10,8,-497,-497
6546012,207,55:6:10,8,-497,-497
6546012,210,55:6:10,625,101
6546012,211,55:6:10,548,203
6546012,207,55:6:10,8,-497,-482
6546012,207,55:6:11,8,-482,-437
6546012,207,55:6:11,8,-437,-437
6546012,210,55:6:11,571,80
6546012,211,55:6:11,462,223
6546012,207,55:6:11,8,-437,-422
6546012,207,55:6:11,8,-422,-407
6546012,210,55:6:11,599,111
6546012,207,55:6:12,8,-407,-362
6546012,207,55:6:12,8,-362,-317
6546012,211,55:6:12,304,460
6546012,207,55:6:12,8,-317,-287
6546012,207,55:6:12,8,-287,-257
6546012,210,55:6:12,449,170
6546012,207,55:6:12,8,-257,-197
6546012,211,55:6:13,421,188
6546012,213,55:6:13,8,s_poster_F_gen,true
6546012,205,55:6:13,8,s_poster_F_gen,false,false
6546012,210,55:6:22,620,216
6546012,207,55:6:22,8,-197,-137
6546012,207,55:6:23,8,-137,-2
6546012,207,55:6:25,8,-2,0
6546012,211,55:6:26,386,677
6546012,210,55:6:28,620,343
6546012,207,55:6:30,8,0,-60
6546012,207,55:6:30,8,-60,-120
6546012,207,55:6:30,8,-120,-180
6546012,211,55:6:32,887,465
6546012,221,55:6:36,8
6546012,220,55:6:44,8
6546012,212,55:6:46,2
6546012,210,55:6:47,777,418
6546012,211,55:6:50,877,75
6546012,210,55:6:52,727,224
6546012,211,55:6:53,422,429
6546012,213,55:6:53,8,c_friend1_F_G11a0,false
6546012,1003,55:6:56,2
6546012,210,55:6:59,548,316
6546012,211,55:7:1,1016,605
6546012,210,55:7:3,578,274
6546012,211,55:7:5,413,573
6546012,210,55:7:8,742,353
6546012,211,55:7:10,523,541
6546012,213,55:7:10,8,c_crush1_F_G11a1N,false
6546012,1003,55:7:13,2
6546012,210,55:7:29,862,166
6546012,211,55:7:30,798,359
6546012,210,55:7:30,873,177
6546012,207,55:7:32,8,-200,-410
6546012,207,55:7:35,8,-410,-512
6546012,211,55:7:35,1525,395
6546012,210,55:7:36,1535,266
6546012,207,55:7:38,8,-512,-407
6546012,207,55:7:38,8,-407,-347
6546012,211,55:7:41,295,597
6546012,207,55:7:41,8,-347,-227
6546012,212,55:7:42,1
6546012,210,55:7:43,825,461
6546012,211,55:7:44,366,607
6546012,213,55:7:44,8,s_bed_F_G11a1N,true
6546012,205,55:7:44,8,s_bed_F_G11a1N,false,true
6546012,210,55:7:53,575,301
6546012,211,55:7:57,793,531
6546012,210,55:7:57,639,418
6546012,211,55:7:58,546,548
6546012,212,55:8:0,2
6546012,210,55:8:0,742,409
6546012,211,55:8:1,521,521
6546012,213,55:8:1,8,c_crush1_F_G11a1N,false
6546012,1003,55:8:4,2
6546012,1004,55:8:6,7
6546012,1002,55:8:9,7
6546012,1003,55:8:9,2
6546012,103,55:8:24
6546012,105,55:8:26
6546012,703,55:8:28,[|| EpilogueItem ID: 0 unlocked: true ||,|| EpilogueItem ID: 1 unlocked: true ||,|| EpilogueItem ID: 2 unlocked: true ||,|| EpilogueItem ID: 3 unlocked: false ||,|| EpilogueItem ID: 4 unlocked: true ||,|| EpilogueItem ID: 5 unlocked: false ||,|| EpilogueItem ID: 6 unlocked: false ||,|| EpilogueItem ID: 7 unlocked: false ||,|| EpilogueItem ID: 8 unlocked: false ||,|| EpilogueItem ID: 9 unlocked: false ||,|| EpilogueItem ID: 10 unlocked: false ||,|| EpilogueItem ID: 11 unlocked: false ||,|| EpilogueItem ID: 12 unlocked: false ||,|| EpilogueItem ID: 13 unlocked: false ||,|| EpilogueItem ID: 14 unlocked: false ||,|| EpilogueItem ID: 15 unlocked: false ||,|| EpilogueItem ID: 16 unlocked: false ||,|| EpilogueItem ID: 17 unlocked: false ||,|| EpilogueItem ID: 18 unlocked: false ||,|| EpilogueItem ID: 19 unlocked: false ||,|| EpilogueItem ID: 20 unlocked: false ||,|| EpilogueItem ID: 21 unlocked: false ||,|| EpilogueItem ID: 22 unlocked: false ||,|| EpilogueItem ID: 23 unlocked: false ||,|| EpilogueItem ID: 24 unlocked: false ||],0.16
6546012,706,55:8:31,(x=181, y=-100, w=1024, h=768),(x=511, y=-100, w=1024, h=768)
6546012,706,55:8:33,(x=2531, y=-100, w=1024, h=768),(x=2531, y=-100, w=1024, h=768)
6546012,708,55:8:33
6546012,1,55:8:33,7/29/2013 10:14:32am,{"gameTime":198513844,"challengeStacks":[{"challengeScenes":[{"miniGameCards":[],"viewedAnimatic":true,"keyPoints":["c_bestFriend_F_a_G7a0","c_teacherEng_G7a0","s_flag_gen"],"unlocked":true,"touchableObjects":["s_otherStudent1_G7a0","c_crewKid1_F_G7a0","c_friend1_F_a_G7a0","s_doorClassroom_G7a0","s_atwoodPoster_gen","s_poePoster_gen","s_shakespearePoster_gen","s_angelouPoster_gen","c_bestFriend_F_a_G7a0","c_teacherEng_G7a0","s_vocabAssignment_G7a0","s_flag_gen"]},{"miniGameCards":[],"viewedAnimatic":true,"keyPoints":["c_bestFriend_F_a_G7a1N","c_teacherEng_G7a1N","s_paperPlayers_G7a1N"],"unlocked":true,"touchableObjects":["s_otherStudent2_G7a1N","s_otherStudent1_G7a1N","c_crewKid1_F_G7a1N","c_bestFriend_F_a_G7a1N","c_teacherEng_G7a1N","s_poePoster_gen","s_shakespearePoster_gen","s_angelouPoster_gen","s_atwoodPoster_gen","s_flag_gen","s_paperPlayers_G7a1N"]},{"miniGameCards":[],"viewedAnimatic":true,"keyPoints":["c_teacherEng_G7a1P","s_flag_gen","c_bestFriend_F_a_G7a1P","s_paperEnglish_gen"],"unlocked":true,"touchableObjects":["s_poePoster_gen","c_teacherEng_G7a1P","s_paperPlayers_G7a1P","s_angelouPoster_gen","s_atwoodPoster_gen","s_shakespearePoster_gen","s_clock_G7a1P","s_flag_gen","c_bestFriend_F_a_G7a1P","s_papersDetention_gen","s_paperEnglish_gen"]}],"stackSize":3,"resolved":true},{"challengeScenes":[{"miniGameCards":[],"viewedAnimatic":true,"keyPoints":["c_crewKid1_F_G7b0","s_backpack_F_G7b0","c_kidSister_afri_a_G7b0"],"unlocked":true,"touchableObjects":["c_cousin_F_a_G7b0","c_crewKid1_F_G7b0","c_crewKid2_F_G7b0","s_lifeguard_G7b0","c_cousinsBrother_a_G7b0","c_cousinsBrothersFriend_a_G7b0","c_cousinsBrothersFriendsGF_G7b0","s_backpack_F_G7b0","s_snackBarWorker_G7b0","c_kidSister_afri_a_G7b0"]},{"miniGameCards":[],"viewedAnimatic":true,"keyPoints":["s_graffiti_G7b1N","c_crewKid1_F_G7b1N","c_kidSister_afri_a_G7b1N","s_brokenCarWindow_G7b1N","s_sprayPaintCan_G7b1N"],"unlocked":true,"touchableObjects":["c_policeOfficer_G7b1N","s_flag_G7b1N","c_cousin_F_a_G7b1N","c_crewKid2_F_a_G7b1N","s_graffiti_G7b1N","s_cat_G7b1N","c_teacherEng_G7b1N","c_crewKid1_F_G7b1N","c_kidSister_afri_a_G7b1N","s_brokenCarWindow_G7b1N","s_wreckedPlants_G7b1N","s_sprayPaintCan_G7b1N"]},{"miniGameCards":[],"viewedAnimatic":true,"keyPoints":["c_cousin_F_a_G7b1P","c_cousinsBrother_a_G7b1P","c_cousinsBrothersFriend_a_G7b1P","s_poolDay_ruleSign_G7b1P"],"unlocked":true,"touchableObjects":["c_kidSister_afri_a_G7b1P","c_crush1_F_a_G7b1P","c_cousin_F_a_G7b1P","c_cousinsBrother_a_G7b1P","c_cousinsBrothersFriend_a_G7b1P","s_poolDay_ruleSign_G7b1P"]},{"miniGameCards":[],"viewedAnimatic":true,"keyPoints":["s_kid1_G7b2N","c_kidSister_afri_a_G7b2N","c_crush1_F_a_G7b2N","c_cousin_F_a_G7b2N"],"unlocked":true,"touchableObjects":["s_kid1_G7b2N","c_cousinsBrother_a_G7b2N","c_cousinsBrothersFriend_a_G7b2N","c_kidSister_afri_a_G7b2N","s_kidPool2_G7b2N","c_crush1_F_a_G7b2N","s_cousinsBFgirlfriend_G7b2N","c_cousin_F_a_G7b2N"]},{"miniGameCards":[],"viewedAnimatic":true,"keyPoints":["s_pictureDad_afri_F_gen","c_kidSister_afri_a_G7b2P","c_cousin_F_a_G7b2P","s_computer_F_G7b2P"],"unlocked":true,"touchableObjects":["s_pictureDad_afri_F_gen","c_grandma_afri_a_G7b2P","c_kidSister_afri_a_G7b2P","s_calendar_F_gen","s_closet_F_G7b2P","c_cousin_F_a_G7b2P","s_computer_F_G7b2P"]}],"stackSize":5,"resolved":true},{"challengeScenes":[{"miniGameCards":[],"viewedAnimatic":true,"keyPoints":["c_crush2_F_a_G8a0","s_clock_G8a0","c_cousin_F_a_G8a0","s_bottleCrush2_F_G8a0","s_cellphone_G8a0"],"unlocked":true,"touchableObjects":["c_friend1_F_G8a0","s_beerSixpack_G8a0","s_stairs_G8a0","c_crush2_F_a_G8a0","s_clock_G8a0","c_cousin_F_a_G8a0","s_cigaretteKid1_G8a0","s_bottleCrush2_F_G8a0","s_cellphone_G8a0"]},{"miniGameCards":[],"viewedAnimatic":true,"keyPoints":["s_crush2Lips_F_G8a1N","s_basementDoor_gen","s_dirtyClothes_gen","s_crush2Eyes_F_G8a1N","s_crush2Sore_F_G8a1N"],"unlocked":true,"touchableObjects":["c_crush2_F_a_G8a1N","s_dryer_G8a1N","s_waterHeater_gen","s_stairs_G8a1N","s_inhalantsShelf_gen","s_crush2Lips_F_G8a1N","s_basementDoor_gen","s_dirtyClothes_gen","s_crush2Eyes_F_G8a1N","s_crush2Sore_F_G8a1N"]},{"miniGameCards":[],"viewedAnimatic":true,"keyPoints":["c_crush2_F_a_G8a1P","s_basementDoor_gen","s_inhalantsShelf_gen","s_dirtyClothes_gen"],"unlocked":true,"touchableObjects":["s_spraypaintCrush2_F_G8a1P","s_waterHeater_gen","c_crush2_F_a_G8a1P","s_basementDoor_gen","s_inhalantsShelf_gen","s_dirtyClothes_gen"]},{"miniGameCards":[],"viewedAnimatic":true,"keyPoints":["c_crush2_F_a_G8a2N","s_spraypaintCan_G8a2N"],"unlocked":true,"touchableObjects":["c_crush2_F_a_G8a2N","c_friend1_F_a_G8a2N","s_fumes_G8a2N","s_spraypaintCan_G8a2N"]},{"miniGameCards":[],"viewedAnimatic":true,"keyPoints":["s_sistersToy_G8a2P","c_crush2_F_a_G8a2P","s_pictureDad_afri_gen","c_kidSister_afri_a_G8a2P","s_magazine_G8a2P"],"unlocked":true,"touchableObjects":["c_grandma_afri_a_G8a2P","s_door_gen","s_sistersToy_G8a2P","s_videoGame_G8a2P","s_cigarette_G8a2P","c_crush2_F_a_G8a2P","s_pictureDad_afri_gen","c_kidSister_afri_a_G8a2P","s_teaCup_G8a2P","s_ashtray_G8a2P","s_magazine_G8a2P"]},{"miniGameCards":[],"viewedAnimatic":true,"keyPoints":["s_mirror_afri_F_a_G8a3N","c_nurse_a_G8a3N","s_pamphlet3_G8a3N","s_pamphlet1_G8a3N"],"unlocked":true,"touchableObjects":["s_door_G8a3N","s_poster_G8a3N","s_mirror_afri_F_a_G8a3N","c_nurse_a_G8a3N","s_phone_G8a3N","s_pamphlet2_G8a3N","s_pamphlet3_G8a3N","s_pamphlet1_G8a3N"]},{"miniGameCards":[],"viewedAnimatic":true,"keyPoints":["c_crush2_F_a_G8a3P","s_kidsCouch_G8a3P"],"unlocked":true,"touchableObjects":["c_crush2_F_a_G8a3P","s_kidStanding_G8a3P","c_friend1_F_a_G8a3P","c_crewKid1_F_a_G8a3P","s_kidsCouch_G8a3P","s_window_G8a3P"]}],"stackSize":7,"resolved":true},{"challengeScenes":[{"miniGameCards":[],"viewedAnimatic":false,"keyPoints":[],"unlocked":true,"touchableObjects":[]},{"miniGameCards":[],"viewedAnimatic":false,"keyPoints":[],"unlocked":true,"touchableObjects":[]},{"miniGameCards":[],"viewedAnimatic":false,"keyPoints":[],"unlocked":false,"touchableObjects":[]},{"miniGameCards":[],"viewedAnimatic":false,"keyPoints":[],"unlocked":false,"touchableObjects":[]},{"miniGameCards":[],"viewedAnimatic":false,"keyPoints":[],"unlocked":false,"touchableObjects":[]}],"stackSize":5,"resolved":false},{"challengeScenes":[{"miniGameCards":[],"viewedAnimatic":true,"keyPoints":["s_cellPhone_F_G9a0","s_bathingSuit_F_G9a0","s_door_F_gen","s_clock_F_G9a0"],"unlocked":true,"touchableObjects":["s_calendar_F_gen","s_window_F_G9a0","s_cellPhone_F_G9a0","s_bathingSuit_F_G9a0","s_door_F_gen","s_clock_F_G9a0"]},{"miniGameCards":[],"viewedAnimatic":true,"keyPoints":["c_cousin_F_a_G9a1N","s_fence_G9a1N","c_policeOfficer_G9a1N","s_kid3_G9a1N"],"unlocked":true,"touchableObjects":["c_cousinsBrothersFriend_a_G9a1N","s_potSmokeCloud_G9a1N","s_poolNight_ruleSign_G9a1N","c_cousin_F_a_G9a1N","s_policeCar_G9a1N","s_kid4_G9a1N","s_fence_G9a1N","c_policeOfficer_G9a1N","s_kid3_G9a1N"]},{"miniGameCards":[],"viewedAnimatic":true,"keyPoints":["s_door_F_gen","s_poster_F_gen","s_joint_F_G9a1P","c_cousin_F_a_G9a1P","s_calendar_F_gen"],"unlocked":true,"touchableObjects":["s_computer_F_gen","s_door_F_gen","s_poster_F_gen","s_joint_F_G9a1P","c_cousin_F_a_G9a1P","s_calendar_F_gen"]},{"miniGameCards":[],"viewedAnimatic":true,"keyPoints":["c_cousin_F_a_G9a2N","c_kidSister_afri_a_G9a2N","c_mom_afri_a_G9a2N","s_potSmokeCloud_F_G9a2N","s_pictureDad_afri_F_gen"],"unlocked":true,"touchableObjects":["c_cousin_F_a_G9a2N","c_kidSister_afri_a_G9a2N","c_mom_afri_a_G9a2N","s_potSmokeCloud_F_G9a2N","s_cookieTrayEmpty_F_G9a2N","s_pictureDad_afri_F_gen"]},{"miniGameCards":[],"viewedAnimatic":true,"keyPoints":["c_mom_afri_a_G9a2P","c_cousin_F_a_G9a2P","s_pizzaBox_G9a2P","s_door_gen"],"unlocked":true,"touchableObjects":["c_kidSister_afri_a_G9a2P","c_mom_afri_a_G9a2P","c_grandma_afri_a_G9a2P","c_cousin_F_a_G9a2P","s_pizzaBox_G9a2P","s_pictureDad_afri_gen","s_tv_G9a2P","s_door_gen"]}],"stackSize":5,"resolved":true},{"challengeScenes":[{"miniGameCards":[],"viewedAnimatic":false,"keyPoints":[],"unlocked":false,"touchableObjects":[]},{"miniGameCards":[],"viewedAnimatic":false,"keyPoints":[],"unlocked":false,"touchableObjects":[]},{"miniGameCards":[],"viewedAnimatic":false,"keyPoints":[],"unlocked":false,"touchableObjects":[]},{"miniGameCards":[],"viewedAnimatic":false,"keyPoints":[],"unlocked":false,"touchableObjects":[]},{"miniGameCards":[],"viewedAnimatic":false,"keyPoints":[],"unlocked":false,"touchableObjects":[]}],"stackSize":5,"resolved":false},{"challengeScenes":[{"miniGameCards":[],"viewedAnimatic":false,"keyPoints":[],"unlocked":true,"touchableObjects":[]},{"miniGameCards":[],"viewedAnimatic":false,"keyPoints":[],"unlocked":true,"touchableObjects":[]},{"miniGameCards":[],"viewedAnimatic":false,"keyPoints":[],"unlocked":false,"touchableObjects":[]},{"miniGameCards":[],"viewedAnimatic":false,"keyPoints":[],"unlocked":true,"touchableObjects":[]},{"miniGameCards":[],"viewedAnimatic":false,"keyPoints":[],"unlocked":false,"touchableObjects":[]}],"stackSize":5,"resolved":false},{"challengeScenes":[{"miniGameCards":[],"viewedAnimatic":false,"keyPoints":[],"unlocked":false,"touchableObjects":[]},{"miniGameCards":[],"viewedAnimatic":false,"keyPoints":[],"unlocked":false,"touchableObjects":[]},{"miniGameCards":[],"viewedAnimatic":false,"keyPoints":[],"unlocked":false,"touchableObjects":[]},{"miniGameCards":[],"viewedAnimatic":false,"keyPoints":[],"unlocked":false,"touchableObjects":[]},{"miniGameCards":[],"viewedAnimatic":false,"keyPoints":[],"unlocked":false,"touchableObjects":[]}],"stackSize":5,"resolved":false},{"challengeScenes":[{"miniGameCards":[],"viewedAnimatic":true,"keyPoints":["s_mirror_G11a0","s_backpack_G11a0"],"unlocked":true,"touchableObjects":["s_mirror_G11a0","s_backpack_G11a0"]},{"miniGameCards":[],"viewedAnimatic":true,"keyPoints":["s_bed_F_G11a1N","s_door_F_gen","s_window_F_G11a1N","s_poster_F_gen"],"unlocked":true,"touchableObjects":["s_computer_F_gen","s_bed_F_G11a1N","s_calendar_F_gen","s_door_F_gen","s_window_F_G11a1N","s_poster_F_gen"]},{"miniGameCards":[],"viewedAnimatic":false,"keyPoints":[],"unlocked":false,"touchableObjects":[]},{"miniGameCards":[],"viewedAnimatic":false,"keyPoints":[],"unlocked":false,"touchableObjects":[]},{"miniGameCards":[],"viewedAnimatic":false,"keyPoints":[],"unlocked":false,"touchableObjects":[]}],"stackSize":5,"resolved":false},{"challengeScenes":[{"miniGameCards":[],"viewedAnimatic":false,"keyPoints":[],"unlocked":false,"touchableObjects":[]},{"miniGameCards":[],"viewedAnimatic":false,"keyPoints":[],"unlocked":false,"touchableObjects":[]},{"miniGameCards":[],"viewedAnimatic":false,"keyPoints":[],"unlocked":false,"touchableObjects":[]},{"miniGameCards":[],"viewedAnimatic":false,"keyPoints":[],"unlocked":false,"touchableObjects":[]},{"miniGameCards":[],"viewedAnimatic":false,"keyPoints":[],"unlocked":false,"touchableObjects":[]}],"stackSize":5,"resolved":false},{"challengeScenes":[{"miniGameCards":[],"viewedAnimatic":true,"keyPoints":[],"unlocked":true,"touchableObjects":[]},{"miniGameCards":[],"viewedAnimatic":true,"keyPoints":[],"unlocked":true,"touchableObjects":["s_drawer_F_G12a1N"]},{"miniGameCards":[],"viewedAnimatic":false,"keyPoints":[],"unlocked":false,"touchableObjects":[]},{"miniGameCards":[],"viewedAnimatic":true,"keyPoints":[],"unlocked":true,"touchableObjects":[]},{"miniGameCards":[],"viewedAnimatic":false,"keyPoints":[],"unlocked":false,"touchableObjects":[]}],"stackSize":5,"resolved":false},{"challengeScenes":[{"miniGameCards":[],"viewedAnimatic":false,"keyPoints":[],"unlocked":false,"touchableObjects":[]},{"miniGameCards":[],"viewedAnimatic":false,"keyPoints":[],"unlocked":false,"touchableObjects":[]},{"miniGameCards":[],"viewedAnimatic":false,"keyPoints":[],"unlocked":false,"touchableObjects":[]},{"miniGameCards":[],"viewedAnimatic":false,"keyPoints":[],"unlocked":false,"touchableObjects":[]},{"miniGameCards":[],"viewedAnimatic":false,"keyPoints":[],"unlocked":false,"touchableObjects":[]}],"stackSize":5,"resolved":false},{"challengeScenes":[{"miniGameCards":[],"viewedAnimatic":false,"keyPoints":[],"unlocked":true,"touchableObjects":["c_player_afri_F_a_G0a0","c_education_G0a0"]},{"miniGameCards":[],"viewedAnimatic":false,"keyPoints":["c_family_afri_a_G0a1N","c_home_G0a1N","c_job_G0a1N"],"unlocked":true,"touchableObjects":["c_family_afri_a_G0a1N","c_player_afri_F_a_G0a1N","c_home_G0a1N","c_job_G0a1N"]},{"miniGameCards":[],"viewedAnimatic":false,"keyPoints":["c_Teacher_G0a1P","c_grandma_afri_a_G0a1P","c_kidsister_afri_a_G0a1P","c_dad_afri_a_G0a1P","c_mom_afri_a_G0a1P","c_Nurse_G0a1P"],"unlocked":true,"touchableObjects":["c_cousins_F_a_G0a1P","c_friends_G0a1P","c_Teacher_G0a1P","c_grandma_afri_a_G0a1P","c_kidsister_afri_a_G0a1P","c_dad_afri_a_G0a1P","c_mom_afri_a_G0a1P","c_Nurse_G0a1P"]}],"stackSize":3,"resolved":true}],"sessionId":9,"epilogue":{"rating":0},"playerId":6546012,"session":[{"sceneId":"1P","stackId":12},{"sceneId":"1P","stackId":0},{"sceneId":"1P","stackId":1},{"sceneId":"1N","stackId":1},{"sceneId":"2P","stackId":1},{"sceneId":"1P","stackId":4},{"sceneId":"1N","stackId":4},{"sceneId":"2P","stackId":4},{"sceneId":"3P","stackId":2},{"sceneId":"1P","stackId":2},{"sceneId":"1N","stackId":2},{"sceneId":"2P","stackId":2}],"minigames":[{"levelSaveData":[{"starRating":3,"unlocked":true},{"starRating":3,"unlocked":true},{"starRating":2,"unlocked":true},{"starRating":2,"unlocked":true},{"starRating":0,"unlocked":false},{"starRating":0,"unlocked":false},{"starRating":3,"unlocked":true},{"starRating":3,"unlocked":true},{"starRating":3,"unlocked":true},{"starRating":2,"unlocked":true}],"skillPoints":21},{"levelSaveData":[{"starRating":3,"unlocked":true},{"starRating":3,"unlocked":true},{"starRating":3,"unlocked":true},{"starRating":3,"unlocked":true},{"starRating":3,"unlocked":true},{"starRating":0,"unlocked":false},{"starRating":0,"unlocked":false},{"starRating":0,"unlocked":false},{"starRating":3,"unlocked":true},{"starRating":3,"unlocked":true}],"skillPoints":21},{"levelSaveData":[{"starRating":3,"unlocked":true},{"starRating":3,"unlocked":true},{"starRating":3,"unlocked":true},{"starRating":3,"unlocked":true},{"starRating":0,"unlocked":false},{"starRating":0,"unlocked":false},{"starRating":0,"unlocked":false},{"starRating":3,"unlocked":true},{"starRating":3,"unlocked":true},{"starRating":0,"unlocked":false}],"skillPoints":18},{"levelSaveData":[{"starRating":3,"unlocked":true},{"starRating":3,"unlocked":true},{"starRating":0,"unlocked":false},{"starRating":0,"unlocked":true},{"starRating":3,"unlocked":true},{"starRating":0,"unlocked":true},{"starRating":0,"unlocked":true},{"starRating":0,"unlocked":false},{"starRating":0,"unlocked":false},{"starRating":0,"unlocked":false}],"skillPoints":9},{"age":11,"name":"liddo lanee","gender":1,"levelSaveData":[{"starRating":3,"unlocked":true},{"starRating":3,"chunks":[["1"],["1$$crazz","0$$pretty"],["0$$family time","6$$music life","12$$party life"],["0"]],"unlocked":true},{"starRating":3,"chunks":[["1"],["1$$#ball_is_life#","5$$#beauty=me#"],["0$$bugtti_life","12$$internet_life"]],"unlocked":true},{"starRating":3,"chunks":[["3$$liddo l's ride"],["0$$my best friend"],["7"],["2"],["3","4"],["2"]],"unlocked":true},{"starRating":0,"chunks":[[null],[null],[null,null],[null],[null],[null]],"unlocked":true},{"starRating":0,"chunks":[[null],[null,null,null,null],[null],[null]],"unlocked":false},{"starRating":0,"chunks":[[null],[null],[null,null],[null,null],[null]],"unlocked":true},{"starRating":0,"chunks":[[null,null,null],[null,null,null],[null],[null],[null]],"unlocked":true},{"starRating":0,"chunks":[[null,null,null],[null,null,null],[null,null]],"unlocked":true},{"starRating":0,"chunks":[[null],[null],[null],[null],[null],[null]],"unlocked":false}],"visualAvatar":0,"id":0,"skillPoints":12}],"avatar":{"age":11,"name":"liddo lanee","gender":1,"levelSaveData":[{"starRating":3,"unlocked":true},{"starRating":3,"chunks":[["1"],["1$$crazz","0$$pretty"],["0$$family time","6$$music life","12$$party life"],["0"]],"unlocked":true},{"starRating":3,"chunks":[["1"],["1$$#ball_is_life#","5$$#beauty=me#"],["0$$bugtti_life","12$$internet_life"]],"unlocked":true},{"starRating":3,"chunks":[["3$$liddo l's ride"],["0$$my best friend"],["7"],["2"],["3","4"],["2"]],"unlocked":true},{"starRating":0,"chunks":[[null],[null],[null,null],[null],[null],[null]],"unlocked":true},{"starRating":0,"chunks":[[null],[null,null,null,null],[null],[null]],"unlocked":false},{"starRating":0,"chunks":[[null],[null],[null,null],[null,null],[null]],"unlocked":true},{"starRating":0,"chunks":[[null,null,null],[null,null,null],[null],[null],[null]],"unlocked":true},{"starRating":0,"chunks":[[null,null,null],[null,null,null],[null,null]],"unlocked":true},{"starRating":0,"chunks":[[null],[null],[null],[null],[null],[null]],"unlocked":false}],"visualAvatar":0,"id":0,"skillPoints":12}}
