6567001,0,0:49:49,11/1/2013 4:00:04pm
6567001,103,0:49:54
6567001,104,0:49:59
6567001,103,0:50:28
6567001,105,0:50:30
6567001,703,0:50:32,[|| EpilogueItem ID: 0 unlocked: false ||,|| EpilogueItem ID: 1 unlocked: false ||,|| EpilogueItem ID: 2 unlocked: false ||,|| EpilogueItem ID: 3 unlocked: false ||,|| EpilogueItem ID: 4 unlocked: false ||,|| EpilogueItem ID: 5 unlocked: false ||,|| EpilogueItem ID: 6 unlocked: false ||,|| EpilogueItem ID: 7 unlocked: false ||,|| EpilogueItem ID: 8 unlocked: false ||,|| EpilogueItem ID: 9 unlocked: false ||,|| EpilogueItem ID: 10 unlocked: false ||,|| EpilogueItem ID: 11 unlocked: false ||,|| EpilogueItem ID: 12 unlocked: false ||,|| EpilogueItem ID: 13 unlocked: false ||,|| EpilogueItem ID: 14 unlocked: false ||,|| EpilogueItem ID: 15 unlocked: false ||,|| EpilogueItem ID: 16 unlocked: false ||,|| EpilogueItem ID: 17 unlocked: false ||,|| EpilogueItem ID: 18 unlocked: false ||,|| EpilogueItem ID: 19 unlocked: false ||,|| EpilogueItem ID: 20 unlocked: false ||,|| EpilogueItem ID: 21 unlocked: false ||,|| EpilogueItem ID: 22 unlocked: false ||,|| EpilogueItem ID: 23 unlocked: false ||,|| EpilogueItem ID: 24 unlocked: false ||],0
6567001,706,0:50:37,(x=353, y=-100, w=1024, h=768),(x=353, y=-100, w=1024, h=768)
6567001,706,0:51:4,(x=989, y=-100, w=1024, h=768),(x=658, y=-100, w=1024, h=768)
6567001,706,0:51:8,(x=11, y=-100, w=1024, h=768),(x=10, y=-100, w=1024, h=768)
6567001,706,0:51:14,(x=0, y=-100, w=1024, h=768),(x=0, y=-100, w=1024, h=768)
6567001,706,0:51:14,(x=4, y=-100, w=1024, h=768),(x=4, y=-100, w=1024, h=768)
6567001,706,0:51:15,(x=4, y=-100, w=1024, h=768),(x=4, y=-100, w=1024, h=768)
6567001,706,0:51:15,(x=4, y=-100, w=1024, h=768),(x=4, y=-100, w=1024, h=768)
6567001,704,0:52:13,0
6567001,706,0:52:13,(x=4, y=-100, w=1024, h=768),(x=4, y=-100, w=1024, h=768)
6567001,706,0:52:56,(x=2531, y=-100, w=1024, h=768),(x=2531, y=-100, w=1024, h=768)
6567001,708,0:52:56
6567001,1,0:52:56,11/1/2013 4:03:11pm,{"gameTime":3176390,"challengeStacks":[{"challengeScenes":[{"miniGameCards":[],"viewedAnimatic":true,"keyPoints":["c_teacherEng_G7a0","c_bestFriend_F_a_G7a0","s_flag_gen"],"unlocked":true,"touchableObjects":["s_otherStudent1_G7a0","c_friend1_F_a_G7a0","s_doorClassroom_G7a0","c_crewKid1_F_G7a0","s_angelouPoster_gen","s_vocabAssignment_G7a0","c_teacherEng_G7a0","c_bestFriend_F_a_G7a0","s_atwoodPoster_gen","s_poePoster_gen","s_flag_gen"]},{"miniGameCards":[],"viewedAnimatic":true,"keyPoints":["c_bestFriend_F_a_G7a1N","c_teacherEng_G7a1N"],"unlocked":true,"touchableObjects":["c_bestFriend_F_a_G7a1N","s_otherStudent2_G7a1N","c_teacherEng_G7a1N","s_otherStudent1_G7a1N","c_crewKid1_F_G7a1N","s_shakespearePoster_gen","s_angelouPoster_gen","s_atwoodPoster_gen","s_poePoster_gen","s_flag_gen","s_posterPlagiarism_gen"]},{"miniGameCards":[],"viewedAnimatic":false,"keyPoints":[],"unlocked":false,"touchableObjects":[]}],"stackSize":3,"resolved":false},{"challengeScenes":[{"miniGameCards":[],"viewedAnimatic":false,"keyPoints":[],"unlocked":false,"touchableObjects":[]},{"miniGameCards":[],"viewedAnimatic":false,"keyPoints":[],"unlocked":false,"touchableObjects":[]},{"miniGameCards":[],"viewedAnimatic":false,"keyPoints":[],"unlocked":false,"touchableObjects":[]},{"miniGameCards":[],"viewedAnimatic":false,"keyPoints":[],"unlocked":false,"touchableObjects":[]},{"miniGameCards":[],"viewedAnimatic":false,"keyPoints":[],"unlocked":false,"touchableObjects":[]}],"stackSize":5,"resolved":false},{"challengeScenes":[{"miniGameCards":[],"viewedAnimatic":false,"keyPoints":[],"unlocked":false,"touchableObjects":[]},{"miniGameCards":[],"viewedAnimatic":false,"keyPoints":[],"unlocked":false,"touchableObjects":[]},{"miniGameCards":[],"viewedAnimatic":false,"keyPoints":[],"unlocked":false,"touchableObjects":[]},{"miniGameCards":[],"viewedAnimatic":false,"keyPoints":[],"unlocked":false,"touchableObjects":[]},{"miniGameCards":[],"viewedAnimatic":false,"keyPoints":[],"unlocked":false,"touchableObjects":[]},{"miniGameCards":[],"viewedAnimatic":false,"keyPoints":[],"unlocked":false,"touchableObjects":[]},{"miniGameCards":[],"viewedAnimatic":false,"keyPoints":[],"unlocked":false,"touchableObjects":[]}],"stackSize":7,"resolved":false},{"challengeScenes":[{"miniGameCards":[],"viewedAnimatic":false,"keyPoints":[],"unlocked":false,"touchableObjects":[]},{"miniGameCards":[],"viewedAnimatic":false,"keyPoints":[],"unlocked":false,"touchableObjects":[]},{"miniGameCards":[],"viewedAnimatic":false,"keyPoints":[],"unlocked":false,"touchableObjects":[]},{"miniGameCards":[],"viewedAnimatic":false,"keyPoints":[],"unlocked":false,"touchableObjects":[]},{"miniGameCards":[],"viewedAnimatic":false,"keyPoints":[],"unlocked":false,"touchableObjects":[]}],"stackSize":5,"resolved":false},{"challengeScenes":[{"miniGameCards":[],"viewedAnimatic":false,"keyPoints":[],"unlocked":false,"touchableObjects":[]},{"miniGameCards":[],"viewedAnimatic":false,"keyPoints":[],"unlocked":false,"touchableObjects":[]},{"miniGameCards":[],"viewedAnimatic":false,"keyPoints":[],"unlocked":false,"touchableObjects":[]},{"miniGameCards":[],"viewedAnimatic":false,"keyPoints":[],"unlocked":false,"touchableObjects":[]},{"miniGameCards":[],"viewedAnimatic":false,"keyPoints":[],"unlocked":false,"touchableObjects":[]}],"stackSize":5,"resolved":false},{"challengeScenes":[{"miniGameCards":[],"viewedAnimatic":false,"keyPoints":[],"unlocked":false,"touchableObjects":[]},{"miniGameCards":[],"viewedAnimatic":false,"keyPoints":[],"unlocked":false,"touchableObjects":[]},{"miniGameCards":[],"viewedAnimatic":false,"keyPoints":[],"unlocked":false,"touchableObjects":[]},{"miniGameCards":[],"viewedAnimatic":false,"keyPoints":[],"unlocked":false,"touchableObjects":[]},{"miniGameCards":[],"viewedAnimatic":false,"keyPoints":[],"unlocked":false,"touchableObjects":[]}],"stackSize":5,"resolved":false},{"challengeScenes":[{"miniGameCards":[],"viewedAnimatic":false,"keyPoints":[],"unlocked":false,"touchableObjects":[]},{"miniGameCards":[],"viewedAnimatic":false,"keyPoints":[],"unlocked":false,"touchableObjects":[]},{"miniGameCards":[],"viewedAnimatic":false,"keyPoints":[],"unlocked":false,"touchableObjects":[]},{"miniGameCards":[],"viewedAnimatic":false,"keyPoints":[],"unlocked":false,"touchableObjects":[]},{"miniGameCards":[],"viewedAnimatic":false,"keyPoints":[],"unlocked":false,"touchableObjects":[]}],"stackSize":5,"resolved":false},{"challengeScenes":[{"miniGameCards":[],"viewedAnimatic":false,"keyPoints":[],"unlocked":false,"touchableObjects":[]},{"miniGameCards":[],"viewedAnimatic":false,"keyPoints":[],"unlocked":false,"touchableObjects":[]},{"miniGameCards":[],"viewedAnimatic":false,"keyPoints":[],"unlocked":false,"touchableObjects":[]},{"miniGameCards":[],"viewedAnimatic":false,"keyPoints":[],"unlocked":false,"touchableObjects":[]},{"miniGameCards":[],"viewedAnimatic":false,"keyPoints":[],"unlocked":false,"touchableObjects":[]}],"stackSize":5,"resolved":false},{"challengeScenes":[{"miniGameCards":[],"viewedAnimatic":false,"keyPoints":[],"unlocked":false,"touchableObjects":[]},{"miniGameCards":[],"viewedAnimatic":false,"keyPoints":[],"unlocked":false,"touchableObjects":[]},{"miniGameCards":[],"viewedAnimatic":false,"keyPoints":[],"unlocked":false,"touchableObjects":[]},{"miniGameCards":[],"viewedAnimatic":false,"keyPoints":[],"unlocked":false,"touchableObjects":[]},{"miniGameCards":[],"viewedAnimatic":false,"keyPoints":[],"unlocked":false,"touchableObjects":[]}],"stackSize":5,"resolved":false},{"challengeScenes":[{"miniGameCards":[],"viewedAnimatic":false,"keyPoints":[],"unlocked":false,"touchableObjects":[]},{"miniGameCards":[],"viewedAnimatic":false,"keyPoints":[],"unlocked":false,"touchableObjects":[]},{"miniGameCards":[],"viewedAnimatic":false,"keyPoints":[],"unlocked":false,"touchableObjects":[]},{"miniGameCards":[],"viewedAnimatic":false,"keyPoints":[],"unlocked":false,"touchableObjects":[]},{"miniGameCards":[],"viewedAnimatic":false,"keyPoints":[],"unlocked":false,"touchableObjects":[]}],"stackSize":5,"resolved":false},{"challengeScenes":[{"miniGameCards":[],"viewedAnimatic":false,"keyPoints":[],"unlocked":false,"touchableObjects":[]},{"miniGameCards":[],"viewedAnimatic":false,"keyPoints":[],"unlocked":false,"touchableObjects":[]},{"miniGameCards":[],"viewedAnimatic":false,"keyPoints":[],"unlocked":false,"touchableObjects":[]},{"miniGameCards":[],"viewedAnimatic":false,"keyPoints":[],"unlocked":false,"touchableObjects":[]},{"miniGameCards":[],"viewedAnimatic":false,"keyPoints":[],"unlocked":false,"touchableObjects":[]}],"stackSize":5,"resolved":false},{"challengeScenes":[{"miniGameCards":[],"viewedAnimatic":false,"keyPoints":[],"unlocked":false,"touchableObjects":[]},{"miniGameCards":[],"viewedAnimatic":false,"keyPoints":[],"unlocked":false,"touchableObjects":[]},{"miniGameCards":[],"viewedAnimatic":false,"keyPoints":[],"unlocked":false,"touchableObjects":[]},{"miniGameCards":[],"viewedAnimatic":false,"keyPoints":[],"unlocked":false,"touchableObjects":[]},{"miniGameCards":[],"viewedAnimatic":false,"keyPoints":[],"unlocked":false,"touchableObjects":[]}],"stackSize":5,"resolved":false},{"challengeScenes":[{"miniGameCards":[],"viewedAnimatic":false,"keyPoints":[],"unlocked":true,"touchableObjects":["c_friends_G0a0"]},{"miniGameCards":[],"viewedAnimatic":false,"keyPoints":["c_home_G0a1N","c_family_lati_a_G0a1N","c_job_G0a1N"],"unlocked":true,"touchableObjects":["c_home_G0a1N","c_family_lati_a_G0a1N","c_job_G0a1N"]},{"miniGameCards":[],"viewedAnimatic":false,"keyPoints":["c_Nurse_G0a1P","c_mom_lati_a_G0a1P","c_dad_lati_a_G0a1P","c_kidsister_lati_a_G0a1P","c_Teacher_G0a1P","c_grandma_lati_a_G0a1P"],"unlocked":true,"touchableObjects":["c_friends_G0a1P","c_Nurse_G0a1P","c_cousins_F_a_G0a1P","c_mom_lati_a_G0a1P","c_dad_lati_a_G0a1P","c_kidsister_lati_a_G0a1P","c_Teacher_G0a1P","c_grandma_lati_a_G0a1P"]}],"stackSize":3,"resolved":true}],"sessionId":2,"epilogue":{"rating":0},"playerId":6567001,"session":[{"sceneId":"1P","stackId":12}],"minigames":[{"levelSaveData":[{"starRating":0,"unlocked":true},{"starRating":0,"unlocked":false},{"starRating":0,"unlocked":false},{"starRating":0,"unlocked":false},{"starRating":0,"unlocked":false},{"starRating":0,"unlocked":false},{"starRating":0,"unlocked":false},{"starRating":0,"unlocked":false},{"starRating":0,"unlocked":false},{"starRating":0,"unlocked":false}],"skillPoints":0},{"levelSaveData":[{"starRating":3,"unlocked":true},{"starRating":0,"unlocked":false},{"starRating":0,"unlocked":false},{"starRating":0,"unlocked":false},{"starRating":0,"unlocked":false},{"starRating":0,"unlocked":false},{"starRating":0,"unlocked":false},{"starRating":0,"unlocked":false},{"starRating":0,"unlocked":false},{"starRating":0,"unlocked":false}],"skillPoints":3},{"levelSaveData":[{"starRating":3,"unlocked":true},{"starRating":0,"unlocked":false},{"starRating":0,"unlocked":false},{"starRating":0,"unlocked":false},{"starRating":0,"unlocked":false},{"starRating":0,"unlocked":false},{"starRating":0,"unlocked":false},{"starRating":0,"unlocked":false},{"starRating":0,"unlocked":false},{"starRating":0,"unlocked":false}],"skillPoints":3},{"levelSaveData":[{"starRating":0,"unlocked":false},{"starRating":0,"unlocked":false},{"starRating":0,"unlocked":false},{"starRating":0,"unlocked":false},{"starRating":0,"unlocked":false},{"starRating":0,"unlocked":false},{"starRating":0,"unlocked":false},{"starRating":0,"unlocked":false},{"starRating":0,"unlocked":false},{"starRating":0,"unlocked":false}],"skillPoints":0},{"age":12,"name":"Zooey","gender":1,"levelSaveData":[{"starRating":3,"unlocked":true},{"starRating":3,"chunks":[["3"],["14$$happy","10$$funny"],["9$$fashion","0$$family","2$$eating"],["0"]],"unlocked":true},{"starRating":0,"chunks":[[null],[null,null],[null,null]],"unlocked":false},{"starRating":0,"chunks":[[null],[null],[null],[null],[null,null],[null]],"unlocked":false},{"starRating":0,"chunks":[[null],[null],[null,null],[null],[null],[null]],"unlocked":false},{"starRating":0,"chunks":[[null],[null,null,null,null],[null],[null]],"unlocked":false},{"starRating":0,"chunks":[[null],[null],[null,null],[null,null],[null]],"unlocked":false},{"starRating":0,"chunks":[[null,null,null],[null,null,null],[null],[null],[null]],"unlocked":false},{"starRating":0,"chunks":[[null,null,null],[null,null,null],[null,null]],"unlocked":false},{"starRating":0,"chunks":[[null],[null],[null],[null],[null],[null]],"unlocked":false}],"visualAvatar":0,"id":2,"skillPoints":6}],"avatar":{"age":12,"name":"Zooey","gender":1,"levelSaveData":[{"starRating":3,"unlocked":true},{"starRating":3,"chunks":[["3"],["14$$happy","10$$funny"],["9$$fashion","0$$family","2$$eating"],["0"]],"unlocked":true},{"starRating":0,"chunks":[[null],[null,null],[null,null]],"unlocked":false},{"starRating":0,"chunks":[[null],[null],[null],[null],[null,null],[null]],"unlocked":false},{"starRating":0,"chunks":[[null],[null],[null,null],[null],[null],[null]],"unlocked":false},{"starRating":0,"chunks":[[null],[null,null,null,null],[null],[null]],"unlocked":false},{"starRating":0,"chunks":[[null],[null],[null,null],[null,null],[null]],"unlocked":false},{"starRating":0,"chunks":[[null,null,null],[null,null,null],[null],[null],[null]],"unlocked":false},{"starRating":0,"chunks":[[null,null,null],[null,null,null],[null,null]],"unlocked":false},{"starRating":0,"chunks":[[null],[null],[null],[null],[null],[null]],"unlocked":false}],"visualAvatar":0,"id":2,"skillPoints":6}}
6567001,0,0:52:56,11/1/2013 4:03:16pm
6567001,100,0:53:2,0
6567001,102,0:53:9,0
6567001,200,0:53:9,0,0,3,3,0,6
6567001,210,0:53:14,670,226
6567001,211,0:53:15,697,163
6567001,213,0:53:15,0,s_angelouPoster_gen,true
6567001,210,0:53:20,636,564
6567001,211,0:53:21,673,593
6567001,213,0:53:21,0,s_otherStudent1_G7a0,true
6567001,210,0:53:24,655,544
6567001,207,0:53:29,0,-200,0
6567001,211,0:53:35,259,127
6567001,213,0:53:35,0,s_flag_gen,true
6567001,205,0:53:35,0,s_flag_gen,false,true
6567001,212,0:53:49,2
6567001,210,0:53:50,39,515
6567001,207,0:54:2,0,0,-518.45
6567001,211,0:54:5,845,359
6567001,213,0:54:5,0,c_teacherEng_G7a0,true
6567001,205,0:54:5,0,c_teacherEng_G7a0,false,true
6567001,210,0:54:10,1421,248
6567001,211,0:54:12,1449,534
6567001,213,0:54:12,0,c_friend1_F_a_G7a0,true
6567001,210,0:54:18,1368,521
6567001,211,0:54:21,1220,399
6567001,213,0:54:21,0,s_doorClassroom_G7a0,true
6567001,210,0:54:23,1201,423
6567001,211,0:54:24,1006,513
6567001,213,0:54:24,0,c_bestFriend_F_a_G7a0,true
6567001,205,0:54:24,0,c_bestFriend_F_a_G7a0,false,true
6567001,212,0:54:30,0
6567001,210,0:54:32,1448,533
6567001,211,0:54:36,1203,156
6567001,213,0:54:36,0,s_clock_G7a0,true
6567001,210,0:54:41,1046,373
6567001,207,0:54:45,0,-518.45,0
6567001,211,0:54:48,212,472
6567001,213,0:54:48,0,c_crewKid1_F_G7a0,true
6567001,210,0:54:52,277,471
6567001,207,0:55:8,0,0,-240
6567001,211,0:55:10,808,151
6567001,213,0:55:10,0,s_shakespearePoster_gen,true
6567001,221,0:55:18,0
6567001,300,0:55:29
6567001,220,0:55:29,0
6567001,304,0:55:49,0,3,0,0,,0,
6567001,212,0:55:59,2
6567001,210,0:56:1,1171,92
6567001,211,0:56:1,1275,99
6567001,207,0:56:1,0,-200,-260
6567001,210,0:56:3,1320,126
6567001,211,0:56:3,1477,98
6567001,207,0:56:3,0,-260,-455
6567001,207,0:56:4,0,-455,-518.45
6567001,210,0:56:4,1514,213
6567001,211,0:56:5,1540,268
6567001,210,0:56:6,1527,243
6567001,211,0:56:8,1540,229
6567001,210,0:56:10,1486,257
6567001,211,0:56:11,1541,435
6567001,210,0:56:11,1538,311
6567001,211,0:56:17,702,68
6567001,210,0:56:44,1026,328
6567001,211,0:56:47,831,457
6567001,213,0:56:47,0,c_teacherEng_G7a0,true
6567001,205,0:56:47,0,c_teacherEng_G7a0,false,true
6567001,221,0:56:51,0
6567001,220,0:57:0,0
6567001,212,0:57:1,1
6567001,212,0:57:4,2
6567001,212,0:57:6,1
6567001,210,0:57:9,1071,279
6567001,207,0:57:17,0,-518.45,0
6567001,211,0:57:29,270,103
6567001,213,0:57:29,0,s_flag_gen,true
6567001,205,0:57:29,0,s_flag_gen,false,true
6567001,210,0:57:33,216,55
6567001,207,0:57:52,0,0,-518.45
6567001,211,0:58:0,1228,441
6567001,213,0:58:0,0,s_doorClassroom_G7a0,true
6567001,210,0:58:6,1417,310
6567001,207,0:58:10,0,-518.45,-428.45
6567001,211,0:58:12,576,150
6567001,213,0:58:12,0,s_atwoodPoster_gen,true
6567001,221,0:58:19,0
6567001,300,0:58:29
6567001,220,0:58:29,0
6567001,302,0:58:42,0,2,2,3
6567001,303,0:58:47,0,2,2,3
6567001,304,0:59:0,0,2,2,2,eating,3,travel
6567001,221,0:59:14,0
6567001,220,0:59:21,0
6567001,210,0:59:26,1005,536
6567001,211,0:59:27,1008,693
6567001,210,0:59:32,949,544
6567001,207,0:59:35,0,-200,-518.45
6567001,211,0:59:38,1235,165
6567001,213,0:59:38,0,s_clock_G7a0,true
6567001,210,0:59:43,1162,100
6567001,211,0:59:44,894,156
6567001,213,0:59:44,0,s_poePoster_gen,true
6567001,210,0:59:48,821,112
6567001,211,0:59:49,765,150
6567001,213,0:59:49,0,s_shakespearePoster_gen,true
6567001,210,0:59:55,829,95
6567001,211,0:59:56,698,152
6567001,213,0:59:56,0,s_angelouPoster_gen,true
6567001,210,1:0:1,618,123
6567001,211,1:0:1,489,137
6567001,207,1:0:1,0,-518.45,-413.45
6567001,207,1:0:2,0,-413.45,-368.45
6567001,210,1:0:2,472,144
6567001,207,1:0:5,0,-368.45,0
6567001,211,1:0:7,473,192
6567001,210,1:0:9,447,516
6567001,211,1:0:12,622,131
6567001,213,1:0:12,0,s_atwoodPoster_gen,true
6567001,210,1:0:23,372,305
6567001,211,1:0:24,221,537
6567001,213,1:0:24,0,c_crewKid1_F_G7a0,true
6567001,210,1:0:33,251,476
6567001,207,1:0:42,0,0,-518.45
6567001,211,1:0:50,1116,693
6567001,221,1:0:50,0
6567001,220,1:1:0,0
6567001,210,1:1:0,981,496
6567001,211,1:1:1,1238,399
6567001,213,1:1:1,0,s_doorClassroom_G7a0,true
6567001,213,1:1:3,0,s_doorClassroom_G7a0,true
6567001,210,1:1:8,1291,597
6567001,211,1:1:9,1250,693
6567001,221,1:1:9,0
6567001,220,1:1:16,0
6567001,210,1:1:26,1050,565
6567001,211,1:1:31,1398,598
6567001,212,1:1:32,2
6567001,210,1:1:33,1244,511
6567001,207,1:1:42,0,-518.45,0
6567001,207,1:1:52,0,0,-285
6567001,211,1:1:54,650,583
6567001,213,1:1:54,0,s_otherStudent1_G7a0,true
6567001,210,1:1:57,653,519
6567001,211,1:1:59,827,364
6567001,213,1:1:59,0,c_teacherEng_G7a0,true
6567001,205,1:1:59,0,c_teacherEng_G7a0,false,true
6567001,210,1:2:4,688,474
6567001,211,1:2:13,902,137
6567001,213,1:2:13,0,s_poePoster_gen,true
6567001,210,1:2:15,938,137
6567001,211,1:2:21,1041,150
6567001,210,1:2:24,1098,266
6567001,211,1:2:29,1210,451
6567001,213,1:2:29,0,s_doorClassroom_G7a0,true
6567001,210,1:2:32,890,423
6567001,211,1:2:32,1333,189
6567001,207,1:2:32,0,-285,-330
6567001,210,1:2:33,1194,319
6567001,207,1:2:34,0,-330,-518.45
6567001,211,1:2:43,1428,508
6567001,213,1:2:43,0,c_friend1_F_a_G7a0,true
6567001,210,1:2:50,1398,364
6567001,211,1:2:53,1456,570
6567001,213,1:2:53,0,c_friend1_F_a_G7a0,true
6567001,210,1:3:0,1386,297
6567001,211,1:3:3,914,693
6567001,210,1:3:5,496,515
6567001,207,1:3:5,0,-518.45,-443.45
6567001,207,1:3:6,0,-443.45,0
6567001,211,1:3:7,36,505
6567001,212,1:3:50,1
6567001,210,1:3:52,664,248
6567001,207,1:3:55,0,-200,0
6567001,211,1:3:55,2,25
6567001,210,1:3:56,6,155
6567001,211,1:4:26,271,165
6567001,213,1:4:26,0,s_flag_gen,true
6567001,205,1:4:26,0,s_flag_gen,false,true
6567001,210,1:4:33,257,395
6567001,211,1:4:38,1247,41
6567001,207,1:4:38,0,0,-240
6567001,210,1:4:40,1102,359
6567001,207,1:4:41,0,-240,-465
6567001,207,1:4:42,0,-465,-518.45
6567001,211,1:4:44,1444,545
6567001,210,1:4:45,1484,477
6567001,211,1:4:45,1484,477
6567001,210,1:4:46,1459,476
6567001,211,1:4:46,1443,491
6567001,210,1:4:47,1434,488
6567001,211,1:4:47,1434,491
6567001,210,1:4:48,1430,481
6567001,211,1:4:48,1430,481
6567001,210,1:4:48,1449,500
6567001,211,1:4:48,1449,500
6567001,210,1:4:49,1482,533
6567001,211,1:4:49,1482,533
6567001,210,1:4:51,1423,498
6567001,211,1:4:51,1423,498
6567001,210,1:5:9,1436,437
6567001,211,1:5:9,1384,545
6567001,210,1:5:10,1388,505
6567001,211,1:5:10,1388,505
6567001,210,1:5:11,1451,479
6567001,211,1:5:11,1451,479
6567001,210,1:5:12,1435,511
6567001,211,1:5:12,1440,485
6567001,210,1:5:12,1429,492
6567001,211,1:5:13,1502,414
6567001,210,1:5:13,1427,484
6567001,211,1:5:15,1541,359
6567001,210,1:5:16,1541,325
6567001,211,1:5:22,1439,554
6567001,221,1:5:22,0
6567001,300,1:5:38
6567001,220,1:5:38,0
6567001,304,1:6:5,0,0,0,3,,3,
6567001,304,1:6:19,0,3,0,0,,0,
6567001,302,1:6:32,0,1,1,11
6567001,302,1:6:35,0,1,1,14
6567001,302,1:6:36,0,1,1,17
6567001,302,1:6:54,0,1,1,14
6567001,302,1:6:56,0,1,1,11
6567001,302,1:7:2,0,1,1,1
6567001,303,1:7:4,0,1,1,1
6567001,304,1:7:9,0,1,1,10,funny,1,silly
6567001,219,1:8:3,0
6567001,218,1:8:18,0
6567001,210,1:8:24,693,529
6567001,211,1:8:31,620,162
6567001,213,1:8:31,0,s_atwoodPoster_gen,true
6567001,210,1:8:39,611,102
6567001,211,1:8:40,705,122
6567001,213,1:8:40,0,s_angelouPoster_gen,true
6567001,210,1:8:43,728,136
6567001,211,1:8:44,795,122
6567001,213,1:8:44,0,s_shakespearePoster_gen,true
6567001,213,1:8:49,0,s_shakespearePoster_gen,true
6567001,210,1:8:53,868,124
6567001,211,1:8:54,875,124
6567001,213,1:8:54,0,s_poePoster_gen,true
6567001,210,1:8:56,712,307
6567001,211,1:8:58,691,583
6567001,213,1:8:58,0,s_otherStudent1_G7a0,true
6567001,210,1:9:2,775,440
6567001,211,1:9:5,1092,605
6567001,213,1:9:5,0,s_vocabAssignment_G7a0,true
6567001,210,1:9:9,1061,560
6567001,211,1:9:9,1358,581
6567001,207,1:9:9,0,-200,-350
6567001,210,1:9:10,1438,568
6567001,207,1:9:10,0,-350,-518.45
6567001,211,1:9:11,1538,481
6567001,210,1:9:11,1522,521
6567001,211,1:9:16,1263,327
6567001,213,1:9:16,0,s_doorClassroom_G7a0,true
6567001,221,1:10:22,0
6567001,220,1:10:29,0
6567001,210,1:10:31,671,516
6567001,211,1:10:32,619,614
6567001,213,1:10:32,0,s_otherStudent1_G7a0,true
6567001,210,1:10:36,1440,524
6567001,207,1:10:37,0,-518.45,-503.45
6567001,207,1:10:39,0,-503.45,-293.45
6567001,211,1:10:40,589,157
6567001,213,1:10:40,0,s_atwoodPoster_gen,true
6567001,210,1:10:45,709,512
6567001,211,1:10:56,674,583
6567001,213,1:10:56,0,s_otherStudent1_G7a0,true
6567001,210,1:10:58,992,449
6567001,207,1:10:59,0,-293.45,-518.45
6567001,211,1:11:0,1459,513
6567001,210,1:11:1,1458,469
6567001,211,1:11:3,420,615
6567001,207,1:11:3,0,-518.45,-398.45
6567001,210,1:11:4,442,558
6567001,207,1:11:5,0,-398.45,0
6567001,211,1:11:7,242,454
6567001,213,1:11:7,0,c_crewKid1_F_G7a0,true
6567001,210,1:11:11,367,339
6567001,211,1:11:12,632,120
6567001,213,1:11:12,0,s_atwoodPoster_gen,true
6567001,210,1:11:16,637,345
6567001,211,1:11:16,702,160
6567001,213,1:11:16,0,s_angelouPoster_gen,true
6567001,210,1:11:21,574,391
6567001,211,1:11:22,800,145
6567001,213,1:11:22,0,s_shakespearePoster_gen,true
6567001,210,1:11:25,544,311
6567001,211,1:11:28,512,402
6567001,210,1:11:28,503,403
6567001,211,1:11:28,532,490
6567001,210,1:11:28,555,212
6567001,211,1:11:29,1064,144
6567001,207,1:11:29,0,0,-60
6567001,210,1:11:30,1143,177
6567001,207,1:11:30,0,-60,-195
6567001,207,1:11:32,0,-195,-518.45
6567001,211,1:11:32,1541,242
6567001,207,1:13:12,0,-518.45,-503.45
6567001,210,1:13:12,740,351
6567001,211,1:13:13,937,320
6567001,210,1:13:17,809,332
6567001,211,1:13:17,801,351
6567001,212,1:14:24,2
6567001,210,1:14:25,630,530
6567001,211,1:14:26,196,515
6567001,207,1:14:26,0,-200,-170
6567001,207,1:14:26,0,-170,-125
6567001,210,1:14:26,261,52
6567001,211,1:14:28,810,336
6567001,213,1:14:28,0,c_teacherEng_G7a0,true
6567001,205,1:14:28,0,c_teacherEng_G7a0,false,true
6567001,221,1:14:34,0
6567001,208,1:14:36,0,c_teacherEng_G7a0
6567001,208,1:14:37,0,c_teacherEng_G7a0
6567001,208,1:14:40,0,c_bestFriend_F_a_G7a1N
6567001,208,1:14:42,0,s_flag_gen
6567001,220,1:14:48,0
6567001,212,1:14:50,0
6567001,210,1:14:51,899,549
6567001,211,1:14:52,696,693
6567001,213,1:14:52,0,s_otherStudent1_G7a0,true
6567001,210,1:14:55,679,569
6567001,207,1:14:57,0,-125,0
6567001,211,1:15:2,245,469
6567001,213,1:15:2,0,c_crewKid1_F_G7a0,true
6567001,210,1:15:4,56,469
6567001,211,1:15:7,241,457
6567001,213,1:15:7,0,c_crewKid1_F_G7a0,true
6567001,210,1:15:11,262,428
6567001,211,1:15:18,1207,491
6567001,207,1:15:18,0,0,-240
6567001,207,1:15:19,0,-240,-270
6567001,210,1:15:20,1361,301
6567001,211,1:15:20,1376,301
6567001,207,1:15:20,0,-270,-360
6567001,210,1:15:21,1263,258
6567001,207,1:15:21,0,-360,-518.45
6567001,211,1:15:23,1541,272
6567001,210,1:15:23,1541,272
6567001,211,1:15:33,1193,396
6567001,213,1:15:33,0,s_doorClassroom_G7a0,true
6567001,210,1:16:3,1026,480
6567001,211,1:16:6,1083,414
6567001,207,1:16:6,0,-518.45,-468.45
6567001,210,1:16:7,1059,437
6567001,211,1:16:10,866,693
6567001,210,1:16:12,952,499
6567001,211,1:16:33,957,457
6567001,210,1:18:32,1383,416
6567001,207,1:18:32,0,-468.45,-518.45
6567001,211,1:18:33,1431,542
6567001,212,1:18:34,1
6567001,210,1:18:34,1446,451
6567001,211,1:18:35,1439,465
6567001,212,1:18:36,0
6567001,212,1:18:37,1
6567001,210,1:18:41,1433,515
6567001,211,1:18:42,1528,453
6567001,210,1:18:42,1462,547
6567001,211,1:18:42,1465,570
6567001,213,1:18:43,0,s_doorClassroom_G7a0,true
6567001,210,1:18:45,1105,181
6567001,211,1:18:45,870,116
6567001,213,1:18:45,0,s_poePoster_gen,true
6567001,210,1:18:52,671,460
6567001,211,1:18:54,809,361
6567001,210,1:18:55,793,319
6567001,211,1:18:55,720,296
6567001,210,1:18:56,778,279
6567001,211,1:18:56,772,155
6567001,213,1:18:56,0,s_shakespearePoster_gen,true
6567001,210,1:19:1,708,362
6567001,211,1:19:3,701,187
6567001,210,1:19:4,714,262
6567001,211,1:19:4,683,159
6567001,213,1:19:4,0,s_angelouPoster_gen,true
6567001,210,1:19:10,665,212
6567001,211,1:19:10,597,167
6567001,213,1:19:10,0,s_atwoodPoster_gen,true
6567001,210,1:19:15,705,343
6567001,207,1:19:16,0,-518.45,0
6567001,211,1:19:21,678,312
6567001,210,1:19:21,729,243
6567001,211,1:19:21,711,254
6567001,210,1:19:22,393,254
6567001,211,1:19:22,228,324
6567001,210,1:19:22,431,241
6567001,207,1:19:27,0,0,-518.45
6567001,211,1:19:29,1094,613
6567001,213,1:19:29,0,s_vocabAssignment_G7a0,true
6567001,210,1:19:33,964,471
6567001,211,1:19:35,1253,428
6567001,213,1:19:35,0,s_doorClassroom_G7a0,true
6567001,210,1:19:39,867,509
6567001,207,1:19:46,0,-518.45,0
6567001,211,1:19:48,1278,159
6567001,207,1:19:48,0,0,-270
6567001,210,1:19:49,1325,267
6567001,207,1:19:49,0,-270,-465
6567001,211,1:19:56,1240,369
6567001,213,1:19:56,0,s_doorClassroom_G7a0,true
6567001,210,1:20:50,956,541
6567001,211,1:20:53,986,538
6567001,210,1:21:5,490,581
6567001,211,1:21:6,129,632
6567001,207,1:21:6,0,-200,-110
6567001,210,1:21:7,190,500
6567001,207,1:21:8,0,-110,0
6567001,211,1:21:9,205,485
6567001,213,1:21:9,0,c_crewKid1_F_G7a0,true
6567001,210,1:21:11,108,448
6567001,211,1:21:16,877,149
6567001,213,1:21:16,0,s_poePoster_gen,true
6567001,210,1:21:19,902,95
6567001,211,1:21:20,592,180
6567001,213,1:21:20,0,s_atwoodPoster_gen,true
6567001,210,1:21:23,545,294
6567001,211,1:21:24,775,186
6567001,210,1:21:25,775,131
6567001,211,1:21:25,775,121
6567001,213,1:21:25,0,s_shakespearePoster_gen,true
6567001,210,1:21:28,360,474
6567001,211,1:21:29,1216,379
6567001,207,1:21:29,0,0,-210
6567001,210,1:21:30,1053,351
6567001,207,1:21:30,0,-210,-518.45
6567001,211,1:21:31,1541,355
6567001,210,1:21:32,1195,381
6567001,211,1:21:34,1541,371
6567001,210,1:21:35,1541,372
6567001,211,1:21:36,1541,459
6567001,210,1:21:37,1539,563
6567001,211,1:22:34,1120,494
6567001,210,1:22:35,1091,382
6567001,211,1:23:16,1392,509
6567001,210,1:23:18,1045,353
6567001,211,1:23:19,1053,388
6567001,210,1:23:20,1061,385
6567001,211,1:23:23,1058,396
6567001,210,1:23:24,1082,432
6567001,211,1:23:37,1073,382
6567001,210,1:23:40,1031,400
6567001,211,1:23:44,1194,432
6567001,213,1:23:44,0,s_doorClassroom_G7a0,true
6567001,210,1:23:47,1070,391
6567001,207,1:23:50,0,-518.45,-428.45
6567001,211,1:23:53,567,102
6567001,210,1:24:11,841,347
6567001,211,1:24:12,455,649
6567001,207,1:24:12,0,-428.45,-413.45
6567001,210,1:24:12,420,583
6567001,207,1:24:13,0,-413.45,0
6567001,211,1:24:53,113,464
6567001,210,1:25:2,242,456
6567001,211,1:25:3,223,365
6567001,210,1:25:48,683,379
6567001,211,1:25:49,683,379
6567001,210,1:25:49,494,431
6567001,211,1:25:49,552,407
6567001,210,1:26:57,298,349
6567001,211,1:28:19,177,379
6567001,210,1:28:20,99,483
6567001,211,1:28:20,90,500
6567001,210,1:28:21,193,389
6567001,207,1:28:40,0,0,-75
6567001,211,1:28:40,1007,330
6567001,210,1:28:41,646,369
6567001,211,1:28:41,486,598
6567001,210,1:28:42,791,349
6567001,211,1:28:43,768,378
6567001,210,1:28:44,718,342
6567001,211,1:28:45,887,346
6567001,210,1:28:45,815,461
6567001,211,1:28:46,1198,471
6567001,207,1:28:46,0,-75,-195
6567001,210,1:28:47,1030,462
6567001,211,1:28:47,1237,465
6567001,207,1:28:47,0,-195,-240
6567001,210,1:28:48,1014,495
6567001,211,1:28:49,1321,497
6567001,207,1:28:49,0,-240,-315
6567001,210,1:28:49,1168,500
6567001,211,1:28:50,1411,518
6567001,207,1:28:50,0,-315,-405
6567001,210,1:28:51,1210,549
6567001,211,1:28:51,1466,515
6567001,207,1:28:51,0,-405,-465
6567001,210,1:28:52,1300,515
6567001,207,1:28:53,0,-465,-518.45
6567001,211,1:28:53,1537,510
6567001,210,1:28:54,1343,510
6567001,211,1:28:54,1540,504
6567001,210,1:28:55,1336,507
6567001,211,1:28:56,1522,506
6567001,210,1:28:57,1464,471
6567001,211,1:28:57,1222,564
6567001,210,1:28:58,1365,473
6567001,211,1:28:59,1016,613
6567001,210,1:29:0,603,427
6567001,207,1:29:2,0,-518.45,0
6567001,207,1:29:4,0,0,-390
6567001,207,1:29:5,0,-390,0
6567001,211,1:29:6,575,324
6567001,210,1:29:7,1050,390
6567001,207,1:29:8,0,0,-518.45
6567001,211,1:29:8,1470,382
6567001,210,1:29:9,445,491
6567001,207,1:29:10,0,-518.45,0
6567001,211,1:29:10,2,491
6567001,210,1:29:10,1094,427
6567001,207,1:29:11,0,0,-518.45
6567001,211,1:29:12,1529,428
6567001,210,1:29:13,620,388
6567001,211,1:29:13,614,386
6567001,210,1:29:14,445,510
6567001,211,1:29:14,280,510
6567001,207,1:29:14,0,-518.45,-278.45
6567001,210,1:29:15,1358,408
6567001,211,1:29:15,1433,408
6567001,207,1:29:15,0,-278.45,-413.45
6567001,207,1:29:16,0,-413.45,-413.45
6567001,207,1:29:16,0,-413.45,-353.45
6567001,207,1:29:17,0,-353.45,-293.45
6567001,210,1:29:18,221,537
6567001,211,1:29:19,206,537
6567001,207,1:29:19,0,-293.45,-203.45
6567001,207,1:29:19,0,-203.45,-173.45
6567001,207,1:29:19,0,-173.45,-143.45
6567001,207,1:29:19,0,-143.45,-98.45
6567001,207,1:29:19,0,-98.45,-53.45
6567001,207,1:29:20,0,-53.45,0
6567001,210,1:29:23,1081,443
6567001,211,1:29:23,1081,443
6567001,207,1:29:23,0,0,-75
6567001,210,1:29:23,1127,437
6567001,211,1:29:23,1142,437
6567001,207,1:29:23,0,-75,-150
6567001,210,1:29:23,1213,438
6567001,211,1:29:23,1213,438
6567001,207,1:29:23,0,-150,-225
6567001,210,1:29:23,1269,440
6567001,211,1:29:23,1269,440
6567001,207,1:29:23,0,-225,-285
6567001,210,1:31:3,294,394
6567001,207,1:31:3,0,-285,-240
6567001,207,1:31:6,0,-240,-518.45
6567001,211,1:31:9,1248,366
6567001,213,1:31:9,0,s_doorClassroom_G7a0,true
6567001,212,1:31:12,2
6567001,210,1:31:14,1532,612
6567001,211,1:31:14,1531,635
6567001,213,1:31:14,0,c_friend1_F_a_G7a0,true
6567001,210,1:31:20,1376,545
6567001,211,1:31:21,1014,598
6567001,213,1:31:21,0,c_bestFriend_F_a_G7a0,true
6567001,205,1:31:21,0,c_bestFriend_F_a_G7a0,false,true
6567001,210,1:31:28,950,556
6567001,211,1:31:29,793,314
6567001,213,1:31:30,0,c_teacherEng_G7a0,true
6567001,205,1:31:30,0,c_teacherEng_G7a0,false,true
6567001,210,1:31:34,700,484
6567001,211,1:31:35,653,588
6567001,213,1:31:35,0,s_otherStudent1_G7a0,true
6567001,210,1:31:37,939,384
6567001,207,1:31:39,0,-518.45,0
6567001,211,1:31:43,255,494
6567001,213,1:31:43,0,c_crewKid1_F_G7a0,true
6567001,210,1:31:46,6,441
6567001,207,1:31:54,0,0,-518.45
6567001,211,1:31:56,972,505
6567001,213,1:31:56,0,c_bestFriend_F_a_G7a0,true
6567001,205,1:31:56,0,c_bestFriend_F_a_G7a0,false,true
6567001,210,1:32:1,929,398
6567001,211,1:32:2,1446,553
6567001,213,1:32:2,0,c_friend1_F_a_G7a0,true
6567001,210,1:34:17,672,331
6567001,207,1:34:19,0,-518.45,0
6567001,211,1:34:23,251,499
6567001,210,1:34:24,635,120
6567001,211,1:34:24,618,124
6567001,210,1:34:25,581,145
6567001,211,1:34:26,702,149
6567001,213,1:34:26,0,s_angelouPoster_gen,true
6567001,210,1:34:32,231,379
6567001,211,1:34:40,281,487
6567001,210,1:34:41,318,381
6567001,207,1:34:45,0,0,-518.45
6567001,211,1:34:51,1537,169
6567001,210,1:34:52,1536,133
6567001,211,1:34:56,1230,185
6567001,213,1:34:56,0,s_clock_G7a0,true
6567001,212,1:35:1,1
6567001,210,1:35:2,1519,374
6567001,211,1:35:4,1388,680
6567001,212,1:35:4,2
6567001,212,1:35:5,1
6567001,210,1:35:19,1157,291
6567001,211,1:35:20,1079,579
6567001,213,1:35:20,0,s_vocabAssignment_G7a0,true
6567001,210,1:35:26,659,371
6567001,211,1:35:29,793,179
6567001,213,1:35:29,0,s_shakespearePoster_gen,true
6567001,210,1:35:32,842,79
6567001,211,1:35:33,878,136
6567001,213,1:35:33,0,s_poePoster_gen,true
6567001,210,1:35:40,655,547
6567001,211,1:35:41,652,549
6567001,213,1:35:41,0,s_otherStudent1_G7a0,true
6567001,210,1:35:44,676,555
6567001,211,1:35:44,676,560
6567001,213,1:35:44,0,s_otherStudent1_G7a0,true
6567001,210,1:35:47,731,481
6567001,211,1:35:47,739,473
6567001,210,1:35:49,761,494
6567001,211,1:35:59,995,622
6567001,210,1:35:59,723,503
6567001,211,1:36:1,703,592
6567001,213,1:36:1,0,s_otherStudent1_G7a0,true
6567001,210,1:36:5,700,557
6567001,211,1:36:5,701,559
6567001,213,1:36:5,0,s_otherStudent1_G7a0,true
6567001,210,1:36:9,868,583
6567001,211,1:36:10,850,539
6567001,210,1:36:11,780,559
6567001,211,1:36:21,1536,250
6567001,210,1:36:22,1519,311
6567001,211,1:36:24,1534,326
6567001,210,1:36:25,1483,316
6567001,211,1:36:26,1540,301
6567001,210,1:36:27,1517,320
6567001,211,1:36:28,1446,472
6567001,210,1:36:28,1399,508
6567001,211,1:36:28,1399,508
6567001,210,1:36:30,1298,544
6567001,211,1:36:36,1313,490
6567001,213,1:40:51,0,s_vocabAssignment_G7a0,true
6567001,213,1:40:55,0,s_vocabAssignment_G7a0,true
6567001,210,1:41:0,895,115
6567001,211,1:41:0,854,111
6567001,213,1:41:0,0,s_poePoster_gen,true
6567001,210,1:41:13,1026,361
6567001,211,1:41:13,1027,360
6567001,207,1:41:13,0,-518.45,-458.45
6567001,210,1:41:13,390,131
6567001,207,1:41:14,0,-458.45,-293.45
6567001,211,1:41:15,623,160
6567001,213,1:41:15,0,s_atwoodPoster_gen,true
6567001,210,1:41:20,685,127
6567001,211,1:41:20,685,127
6567001,213,1:41:20,0,s_angelouPoster_gen,true
6567001,210,1:41:27,573,104
6567001,211,1:41:28,606,131
6567001,213,1:41:28,0,s_atwoodPoster_gen,true
6567001,210,1:41:33,669,118
6567001,211,1:41:33,669,122
6567001,213,1:41:33,0,s_angelouPoster_gen,true
6567001,210,1:41:40,674,142
6567001,211,1:41:40,782,156
6567001,213,1:41:40,0,s_shakespearePoster_gen,true
6567001,210,1:41:47,736,62
6567001,211,1:41:48,806,136
6567001,213,1:41:48,0,s_shakespearePoster_gen,true
6567001,210,1:41:51,916,136
6567001,211,1:41:52,903,131
6567001,213,1:41:52,0,s_poePoster_gen,true
6567001,210,1:41:58,835,364
6567001,211,1:41:58,835,364
6567001,210,1:41:58,843,378
6567001,207,1:42:1,0,-293.45,-518.45
6567001,211,1:42:2,1538,285
6567001,210,1:42:3,1539,279
6567001,211,1:42:5,1540,277
6567001,210,1:42:6,1444,447
6567001,211,1:42:11,1391,567
6567001,210,1:42:11,1436,542
6567001,211,1:42:12,1457,532
6567001,210,1:42:12,1453,521
6567001,211,1:42:13,1464,552
6567001,212,1:42:14,2
6567001,210,1:42:14,1477,533
6567001,211,1:42:15,1463,543
6567001,213,1:42:15,0,c_friend1_F_a_G7a0,true
6567001,210,1:42:33,1085,296
6567001,207,1:42:35,0,-518.45,0
6567001,211,1:42:37,1009,526
6567001,207,1:42:37,0,0,-15
6567001,212,1:42:39,1
6567001,210,1:42:40,538,466
6567001,211,1:42:41,130,525
6567001,210,1:44:28,623,355
6567001,207,1:44:29,0,-15,0
6567001,211,1:44:29,2,479
6567001,210,1:44:29,162,182
6567001,207,1:44:31,0,0,-90
6567001,211,1:44:31,108,392
6567001,207,1:44:31,0,-90,-75
6567001,207,1:44:32,0,-75,-45
6567001,210,1:44:32,247,149
6567001,211,1:44:32,1074,273
6567001,207,1:44:32,0,-45,-75
6567001,210,1:44:33,1149,69
6567001,207,1:44:33,0,-75,-195
6567001,211,1:44:34,122,270
6567001,207,1:44:34,0,-195,-105
6567001,210,1:44:34,52,263
6567001,207,1:44:35,0,-105,-15
6567001,211,1:44:37,265,108
6567001,213,1:44:37,0,s_flag_gen,true
6567001,205,1:44:37,0,s_flag_gen,false,true
6567001,212,1:44:43,2
6567001,210,1:44:45,817,492
6567001,211,1:44:51,720,151
6567001,213,1:44:51,0,s_angelouPoster_gen,true
6567001,210,1:44:57,643,332
6567001,211,1:44:59,617,-21
6567001,210,1:45:12,241,318
6567001,207,1:45:17,0,-15,-518.45
6567001,211,1:45:18,1221,175
6567001,213,1:45:18,0,s_clock_G7a0,true
6567001,210,1:45:21,1168,434
6567001,211,1:45:22,1250,309
6567001,213,1:45:22,0,s_doorClassroom_G7a0,true
6567001,210,1:45:25,918,193
6567001,211,1:45:25,803,365
6567001,213,1:45:25,0,c_teacherEng_G7a0,true
6567001,205,1:45:25,0,c_teacherEng_G7a0,false,true
6567001,207,1:45:30,0,-518.45,-488.45
6567001,210,1:45:32,584,111
6567001,211,1:45:33,603,123
6567001,212,1:45:34,1
6567001,210,1:45:36,590,111
6567001,211,1:45:37,592,117
6567001,213,1:45:37,0,s_atwoodPoster_gen,true
6567001,210,1:46:38,734,70
6567001,211,1:46:38,734,70
6567001,210,1:46:39,699,107
6567001,211,1:46:39,685,149
6567001,213,1:46:39,0,s_angelouPoster_gen,true
6567001,210,1:46:48,814,364
6567001,211,1:46:49,754,126
6567001,213,1:46:49,0,s_shakespearePoster_gen,true
6567001,210,1:46:52,882,118
6567001,211,1:46:53,907,92
6567001,210,1:46:54,888,116
6567001,211,1:46:54,886,125
6567001,213,1:46:54,0,s_poePoster_gen,true
6567001,210,1:47:2,781,112
6567001,211,1:47:2,781,112
6567001,210,1:47:2,778,97
6567001,211,1:47:3,782,119
6567001,213,1:47:3,0,s_shakespearePoster_gen,true
6567001,210,1:47:7,870,84
6567001,211,1:47:7,867,89
6567001,210,1:47:8,870,89
6567001,211,1:47:9,872,107
6567001,213,1:47:9,0,s_poePoster_gen,true
6567001,210,1:47:37,833,497
6567001,211,1:47:38,450,581
6567001,207,1:47:38,0,-488.45,-428.45
6567001,207,1:47:39,0,-428.45,-368.45
6567001,210,1:47:39,442,335
6567001,211,1:47:39,736,491
6567001,210,1:47:40,353,413
6567001,207,1:47:40,0,-368.45,-278.45
6567001,211,1:47:40,460,277
6567001,210,1:47:43,557,373
6567001,211,1:47:43,544,320
6567001,210,1:50:8,754,243
6567001,211,1:50:13,797,155
6567001,213,1:50:13,0,s_shakespearePoster_gen,true
6567001,210,1:50:17,777,280
6567001,211,1:50:18,814,111
6567001,213,1:50:18,0,s_shakespearePoster_gen,true
6567001,210,1:50:20,737,152
6567001,211,1:50:21,825,133
6567001,213,1:50:21,0,s_shakespearePoster_gen,true
6567001,210,1:50:22,765,160
6567001,211,1:50:23,786,116
6567001,213,1:50:23,0,s_shakespearePoster_gen,true
6567001,210,1:50:25,731,164
6567001,211,1:50:25,693,107
6567001,213,1:50:25,0,s_angelouPoster_gen,true
6567001,210,1:50:27,753,199
6567001,211,1:50:28,625,122
6567001,213,1:50:28,0,s_atwoodPoster_gen,true
6567001,210,1:50:33,776,53
6567001,211,1:50:34,805,163
6567001,213,1:50:34,0,s_shakespearePoster_gen,true
6567001,210,1:50:36,796,85
6567001,211,1:50:36,799,114
6567001,213,1:50:36,0,s_shakespearePoster_gen,true
6567001,210,1:50:38,795,93
6567001,211,1:50:39,792,90
6567001,210,1:50:39,786,103
6567001,211,1:50:39,786,111
6567001,213,1:50:39,0,s_shakespearePoster_gen,true
6567001,210,1:50:42,790,115
6567001,211,1:50:42,782,110
6567001,213,1:50:42,0,s_shakespearePoster_gen,true
6567001,210,1:50:44,801,136
6567001,211,1:50:44,790,118
6567001,213,1:50:44,0,s_shakespearePoster_gen,true
6567001,210,1:50:46,777,157
6567001,211,1:50:47,806,115
6567001,213,1:50:47,0,s_shakespearePoster_gen,true
6567001,210,1:50:49,752,246
6567001,211,1:50:49,793,151
6567001,213,1:50:49,0,s_shakespearePoster_gen,true
6567001,210,1:54:27,367,158
6567001,211,1:54:27,367,158
6567001,207,1:54:27,0,-278.45,-278.45
6567001,210,1:54:27,282,84
6567001,207,1:54:27,0,-278.45,-218.45
6567001,211,1:54:29,435,195
6567001,212,1:54:30,2
6567001,210,1:54:31,424,142
6567001,211,1:54:32,480,166
6567001,212,1:54:34,0
6567001,210,1:54:35,454,162
6567001,211,1:54:36,459,72
6567001,204,1:56:16,0
6567001,103,1:56:19
6567001,105,1:56:22
6567001,703,1:56:24,[|| EpilogueItem ID: 0 unlocked: false ||,|| EpilogueItem ID: 1 unlocked: false ||,|| EpilogueItem ID: 2 unlocked: false ||,|| EpilogueItem ID: 3 unlocked: false ||,|| EpilogueItem ID: 4 unlocked: false ||,|| EpilogueItem ID: 5 unlocked: false ||,|| EpilogueItem ID: 6 unlocked: false ||,|| EpilogueItem ID: 7 unlocked: false ||,|| EpilogueItem ID: 8 unlocked: false ||,|| EpilogueItem ID: 9 unlocked: false ||,|| EpilogueItem ID: 10 unlocked: false ||,|| EpilogueItem ID: 11 unlocked: false ||,|| EpilogueItem ID: 12 unlocked: false ||,|| EpilogueItem ID: 13 unlocked: false ||,|| EpilogueItem ID: 14 unlocked: false ||,|| EpilogueItem ID: 15 unlocked: false ||,|| EpilogueItem ID: 16 unlocked: false ||,|| EpilogueItem ID: 17 unlocked: false ||,|| EpilogueItem ID: 18 unlocked: false ||,|| EpilogueItem ID: 19 unlocked: false ||,|| EpilogueItem ID: 20 unlocked: false ||,|| EpilogueItem ID: 21 unlocked: false ||,|| EpilogueItem ID: 22 unlocked: false ||,|| EpilogueItem ID: 23 unlocked: false ||,|| EpilogueItem ID: 24 unlocked: false ||],0
6567001,706,1:56:27,(x=598, y=-100, w=1024, h=768),(x=742, y=-100, w=1024, h=768)
6567001,706,1:56:29,(x=1355, y=-100, w=1024, h=768),(x=1358, y=-100, w=1024, h=768)
6567001,706,1:56:33,(x=1907, y=-100, w=1024, h=768),(x=1940, y=-100, w=1024, h=768)
6567001,706,1:56:36,(x=2531, y=-100, w=1024, h=768),(x=2531, y=-100, w=1024, h=768)
6567001,708,1:56:36
6567001,1,1:56:36,11/1/2013 5:06:56pm,{"gameTime":6996143,"challengeStacks":[{"challengeScenes":[{"miniGameCards":[],"viewedAnimatic":true,"keyPoints":["c_teacherEng_G7a0","c_bestFriend_F_a_G7a0","s_flag_gen"],"unlocked":true,"touchableObjects":["s_otherStudent1_G7a0","c_friend1_F_a_G7a0","s_doorClassroom_G7a0","c_crewKid1_F_G7a0","s_angelouPoster_gen","s_vocabAssignment_G7a0","c_teacherEng_G7a0","c_bestFriend_F_a_G7a0","s_atwoodPoster_gen","s_poePoster_gen","s_flag_gen","s_clock_G7a0","s_shakespearePoster_gen"]},{"miniGameCards":[],"viewedAnimatic":true,"keyPoints":["c_bestFriend_F_a_G7a1N","c_teacherEng_G7a1N"],"unlocked":true,"touchableObjects":["c_bestFriend_F_a_G7a1N","s_otherStudent2_G7a1N","c_teacherEng_G7a1N","s_otherStudent1_G7a1N","c_crewKid1_F_G7a1N","s_shakespearePoster_gen","s_angelouPoster_gen","s_atwoodPoster_gen","s_poePoster_gen","s_flag_gen","s_posterPlagiarism_gen"]},{"miniGameCards":[],"viewedAnimatic":false,"keyPoints":[],"unlocked":false,"touchableObjects":[]}],"stackSize":3,"resolved":false},{"challengeScenes":[{"miniGameCards":[],"viewedAnimatic":false,"keyPoints":[],"unlocked":false,"touchableObjects":[]},{"miniGameCards":[],"viewedAnimatic":false,"keyPoints":[],"unlocked":false,"touchableObjects":[]},{"miniGameCards":[],"viewedAnimatic":false,"keyPoints":[],"unlocked":false,"touchableObjects":[]},{"miniGameCards":[],"viewedAnimatic":false,"keyPoints":[],"unlocked":false,"touchableObjects":[]},{"miniGameCards":[],"viewedAnimatic":false,"keyPoints":[],"unlocked":false,"touchableObjects":[]}],"stackSize":5,"resolved":false},{"challengeScenes":[{"miniGameCards":[],"viewedAnimatic":false,"keyPoints":[],"unlocked":false,"touchableObjects":[]},{"miniGameCards":[],"viewedAnimatic":false,"keyPoints":[],"unlocked":false,"touchableObjects":[]},{"miniGameCards":[],"viewedAnimatic":false,"keyPoints":[],"unlocked":false,"touchableObjects":[]},{"miniGameCards":[],"viewedAnimatic":false,"keyPoints":[],"unlocked":false,"touchableObjects":[]},{"miniGameCards":[],"viewedAnimatic":false,"keyPoints":[],"unlocked":false,"touchableObjects":[]},{"miniGameCards":[],"viewedAnimatic":false,"keyPoints":[],"unlocked":false,"touchableObjects":[]},{"miniGameCards":[],"viewedAnimatic":false,"keyPoints":[],"unlocked":false,"touchableObjects":[]}],"stackSize":7,"resolved":false},{"challengeScenes":[{"miniGameCards":[],"viewedAnimatic":false,"keyPoints":[],"unlocked":false,"touchableObjects":[]},{"miniGameCards":[],"viewedAnimatic":false,"keyPoints":[],"unlocked":false,"touchableObjects":[]},{"miniGameCards":[],"viewedAnimatic":false,"keyPoints":[],"unlocked":false,"touchableObjects":[]},{"miniGameCards":[],"viewedAnimatic":false,"keyPoints":[],"unlocked":false,"touchableObjects":[]},{"miniGameCards":[],"viewedAnimatic":false,"keyPoints":[],"unlocked":false,"touchableObjects":[]}],"stackSize":5,"resolved":false},{"challengeScenes":[{"miniGameCards":[],"viewedAnimatic":false,"keyPoints":[],"unlocked":false,"touchableObjects":[]},{"miniGameCards":[],"viewedAnimatic":false,"keyPoints":[],"unlocked":false,"touchableObjects":[]},{"miniGameCards":[],"viewedAnimatic":false,"keyPoints":[],"unlocked":false,"touchableObjects":[]},{"miniGameCards":[],"viewedAnimatic":false,"keyPoints":[],"unlocked":false,"touchableObjects":[]},{"miniGameCards":[],"viewedAnimatic":false,"keyPoints":[],"unlocked":false,"touchableObjects":[]}],"stackSize":5,"resolved":false},{"challengeScenes":[{"miniGameCards":[],"viewedAnimatic":false,"keyPoints":[],"unlocked":false,"touchableObjects":[]},{"miniGameCards":[],"viewedAnimatic":false,"keyPoints":[],"unlocked":false,"touchableObjects":[]},{"miniGameCards":[],"viewedAnimatic":false,"keyPoints":[],"unlocked":false,"touchableObjects":[]},{"miniGameCards":[],"viewedAnimatic":false,"keyPoints":[],"unlocked":false,"touchableObjects":[]},{"miniGameCards":[],"viewedAnimatic":false,"keyPoints":[],"unlocked":false,"touchableObjects":[]}],"stackSize":5,"resolved":false},{"challengeScenes":[{"miniGameCards":[],"viewedAnimatic":false,"keyPoints":[],"unlocked":false,"touchableObjects":[]},{"miniGameCards":[],"viewedAnimatic":false,"keyPoints":[],"unlocked":false,"touchableObjects":[]},{"miniGameCards":[],"viewedAnimatic":false,"keyPoints":[],"unlocked":false,"touchableObjects":[]},{"miniGameCards":[],"viewedAnimatic":false,"keyPoints":[],"unlocked":false,"touchableObjects":[]},{"miniGameCards":[],"viewedAnimatic":false,"keyPoints":[],"unlocked":false,"touchableObjects":[]}],"stackSize":5,"resolved":false},{"challengeScenes":[{"miniGameCards":[],"viewedAnimatic":false,"keyPoints":[],"unlocked":false,"touchableObjects":[]},{"miniGameCards":[],"viewedAnimatic":false,"keyPoints":[],"unlocked":false,"touchableObjects":[]},{"miniGameCards":[],"viewedAnimatic":false,"keyPoints":[],"unlocked":false,"touchableObjects":[]},{"miniGameCards":[],"viewedAnimatic":false,"keyPoints":[],"unlocked":false,"touchableObjects":[]},{"miniGameCards":[],"viewedAnimatic":false,"keyPoints":[],"unlocked":false,"touchableObjects":[]}],"stackSize":5,"resolved":false},{"challengeScenes":[{"miniGameCards":[],"viewedAnimatic":false,"keyPoints":[],"unlocked":false,"touchableObjects":[]},{"miniGameCards":[],"viewedAnimatic":false,"keyPoints":[],"unlocked":false,"touchableObjects":[]},{"miniGameCards":[],"viewedAnimatic":false,"keyPoints":[],"unlocked":false,"touchableObjects":[]},{"miniGameCards":[],"viewedAnimatic":false,"keyPoints":[],"unlocked":false,"touchableObjects":[]},{"miniGameCards":[],"viewedAnimatic":false,"keyPoints":[],"unlocked":false,"touchableObjects":[]}],"stackSize":5,"resolved":false},{"challengeScenes":[{"miniGameCards":[],"viewedAnimatic":false,"keyPoints":[],"unlocked":false,"touchableObjects":[]},{"miniGameCards":[],"viewedAnimatic":false,"keyPoints":[],"unlocked":false,"touchableObjects":[]},{"miniGameCards":[],"viewedAnimatic":false,"keyPoints":[],"unlocked":false,"touchableObjects":[]},{"miniGameCards":[],"viewedAnimatic":false,"keyPoints":[],"unlocked":false,"touchableObjects":[]},{"miniGameCards":[],"viewedAnimatic":false,"keyPoints":[],"unlocked":false,"touchableObjects":[]}],"stackSize":5,"resolved":false},{"challengeScenes":[{"miniGameCards":[],"viewedAnimatic":false,"keyPoints":[],"unlocked":false,"touchableObjects":[]},{"miniGameCards":[],"viewedAnimatic":false,"keyPoints":[],"unlocked":false,"touchableObjects":[]},{"miniGameCards":[],"viewedAnimatic":false,"keyPoints":[],"unlocked":false,"touchableObjects":[]},{"miniGameCards":[],"viewedAnimatic":false,"keyPoints":[],"unlocked":false,"touchableObjects":[]},{"miniGameCards":[],"viewedAnimatic":false,"keyPoints":[],"unlocked":false,"touchableObjects":[]}],"stackSize":5,"resolved":false},{"challengeScenes":[{"miniGameCards":[],"viewedAnimatic":false,"keyPoints":[],"unlocked":false,"touchableObjects":[]},{"miniGameCards":[],"viewedAnimatic":false,"keyPoints":[],"unlocked":false,"touchableObjects":[]},{"miniGameCards":[],"viewedAnimatic":false,"keyPoints":[],"unlocked":false,"touchableObjects":[]},{"miniGameCards":[],"viewedAnimatic":false,"keyPoints":[],"unlocked":false,"touchableObjects":[]},{"miniGameCards":[],"viewedAnimatic":false,"keyPoints":[],"unlocked":false,"touchableObjects":[]}],"stackSize":5,"resolved":false},{"challengeScenes":[{"miniGameCards":[],"viewedAnimatic":false,"keyPoints":[],"unlocked":true,"touchableObjects":["c_friends_G0a0"]},{"miniGameCards":[],"viewedAnimatic":false,"keyPoints":["c_home_G0a1N","c_family_lati_a_G0a1N","c_job_G0a1N"],"unlocked":true,"touchableObjects":["c_home_G0a1N","c_family_lati_a_G0a1N","c_job_G0a1N"]},{"miniGameCards":[],"viewedAnimatic":false,"keyPoints":["c_Nurse_G0a1P","c_mom_lati_a_G0a1P","c_dad_lati_a_G0a1P","c_kidsister_lati_a_G0a1P","c_Teacher_G0a1P","c_grandma_lati_a_G0a1P"],"unlocked":true,"touchableObjects":["c_friends_G0a1P","c_Nurse_G0a1P","c_cousins_F_a_G0a1P","c_mom_lati_a_G0a1P","c_dad_lati_a_G0a1P","c_kidsister_lati_a_G0a1P","c_Teacher_G0a1P","c_grandma_lati_a_G0a1P"]}],"stackSize":3,"resolved":true}],"sessionId":3,"epilogue":{"rating":0},"playerId":6567001,"session":[{"sceneId":"1P","stackId":12}],"minigames":[{"levelSaveData":[{"starRating":0,"unlocked":true},{"starRating":0,"unlocked":false},{"starRating":0,"unlocked":false},{"starRating":0,"unlocked":false},{"starRating":0,"unlocked":false},{"starRating":0,"unlocked":false},{"starRating":0,"unlocked":false},{"starRating":0,"unlocked":false},{"starRating":0,"unlocked":false},{"starRating":0,"unlocked":false}],"skillPoints":0},{"levelSaveData":[{"starRating":3,"unlocked":true},{"starRating":0,"unlocked":false},{"starRating":0,"unlocked":false},{"starRating":0,"unlocked":false},{"starRating":0,"unlocked":false},{"starRating":0,"unlocked":false},{"starRating":0,"unlocked":false},{"starRating":0,"unlocked":false},{"starRating":0,"unlocked":false},{"starRating":0,"unlocked":false}],"skillPoints":3},{"levelSaveData":[{"starRating":3,"unlocked":true},{"starRating":0,"unlocked":false},{"starRating":0,"unlocked":false},{"starRating":0,"unlocked":false},{"starRating":0,"unlocked":false},{"starRating":0,"unlocked":false},{"starRating":0,"unlocked":false},{"starRating":0,"unlocked":false},{"starRating":0,"unlocked":false},{"starRating":0,"unlocked":false}],"skillPoints":3},{"levelSaveData":[{"starRating":0,"unlocked":false},{"starRating":0,"unlocked":false},{"starRating":0,"unlocked":false},{"starRating":0,"unlocked":false},{"starRating":0,"unlocked":false},{"starRating":0,"unlocked":false},{"starRating":0,"unlocked":false},{"starRating":0,"unlocked":false},{"starRating":0,"unlocked":false},{"starRating":0,"unlocked":false}],"skillPoints":0},{"age":12,"name":"Zooey","gender":1,"levelSaveData":[{"starRating":3,"unlocked":true},{"starRating":3,"chunks":[["3"],["14$$happy","1$$silly"],["9$$fashion","0$$family","3$$travel"],["0"]],"unlocked":true},{"starRating":0,"chunks":[[null],[null,null],[null,null]],"unlocked":false},{"starRating":0,"chunks":[[null],[null],[null],[null],[null,null],[null]],"unlocked":false},{"starRating":0,"chunks":[[null],[null],[null,null],[null],[null],[null]],"unlocked":false},{"starRating":0,"chunks":[[null],[null,null,null,null],[null],[null]],"unlocked":false},{"starRating":0,"chunks":[[null],[null],[null,null],[null,null],[null]],"unlocked":false},{"starRating":0,"chunks":[[null,null,null],[null,null,null],[null],[null],[null]],"unlocked":false},{"starRating":0,"chunks":[[null,null,null],[null,null,null],[null,null]],"unlocked":false},{"starRating":0,"chunks":[[null],[null],[null],[null],[null],[null]],"unlocked":false}],"visualAvatar":0,"id":2,"skillPoints":6}],"avatar":{"age":12,"name":"Zooey","gender":1,"levelSaveData":[{"starRating":3,"unlocked":true},{"starRating":3,"chunks":[["3"],["14$$happy","1$$silly"],["9$$fashion","0$$family","3$$travel"],["0"]],"unlocked":true},{"starRating":0,"chunks":[[null],[null,null],[null,null]],"unlocked":false},{"starRating":0,"chunks":[[null],[null],[null],[null],[null,null],[null]],"unlocked":false},{"starRating":0,"chunks":[[null],[null],[null,null],[null],[null],[null]],"unlocked":false},{"starRating":0,"chunks":[[null],[null,null,null,null],[null],[null]],"unlocked":false},{"starRating":0,"chunks":[[null],[null],[null,null],[null,null],[null]],"unlocked":false},{"starRating":0,"chunks":[[null,null,null],[null,null,null],[null],[null],[null]],"unlocked":false},{"starRating":0,"chunks":[[null,null,null],[null,null,null],[null,null]],"unlocked":false},{"starRating":0,"chunks":[[null],[null],[null],[null],[null],[null]],"unlocked":false}],"visualAvatar":0,"id":2,"skillPoints":6}}
