6567001,0,337:58:12,11/18/2013 4:09:20pm
6567001,1003,337:58:14,3
6567001,103,337:58:26
6567001,105,337:58:29
6567001,703,337:58:31,[|| EpilogueItem ID: 0 unlocked: false ||,|| EpilogueItem ID: 1 unlocked: false ||,|| EpilogueItem ID: 2 unlocked: false ||,|| EpilogueItem ID: 3 unlocked: false ||,|| EpilogueItem ID: 4 unlocked: false ||,|| EpilogueItem ID: 5 unlocked: false ||,|| EpilogueItem ID: 6 unlocked: false ||,|| EpilogueItem ID: 7 unlocked: false ||,|| EpilogueItem ID: 8 unlocked: false ||,|| EpilogueItem ID: 9 unlocked: false ||,|| EpilogueItem ID: 10 unlocked: false ||,|| EpilogueItem ID: 11 unlocked: false ||,|| EpilogueItem ID: 12 unlocked: false ||,|| EpilogueItem ID: 13 unlocked: false ||,|| EpilogueItem ID: 14 unlocked: false ||,|| EpilogueItem ID: 15 unlocked: false ||,|| EpilogueItem ID: 16 unlocked: false ||,|| EpilogueItem ID: 17 unlocked: false ||,|| EpilogueItem ID: 18 unlocked: false ||,|| EpilogueItem ID: 19 unlocked: false ||,|| EpilogueItem ID: 20 unlocked: false ||,|| EpilogueItem ID: 21 unlocked: false ||,|| EpilogueItem ID: 22 unlocked: false ||,|| EpilogueItem ID: 23 unlocked: false ||,|| EpilogueItem ID: 24 unlocked: false ||],0
6567001,706,337:58:35,(x=446, y=-100, w=1024, h=768),(x=510, y=-100, w=1024, h=768)
6567001,706,337:58:38,(x=1110, y=-100, w=1024, h=768),(x=1118, y=-100, w=1024, h=768)
6567001,706,337:58:45,(x=2531, y=-100, w=1024, h=768),(x=2531, y=-100, w=1024, h=768)
6567001,706,337:59:0,(x=2531, y=-100, w=1024, h=768),(x=2531, y=-100, w=1024, h=768)
6567001,706,337:59:1,(x=2531, y=-100, w=1024, h=768),(x=2531, y=-100, w=1024, h=768)
6567001,708,337:59:1
6567001,1,337:59:2,11/18/2013 4:10:09pm,{"gameTime":1216741986,"challengeStacks":[{"challengeScenes":[{"miniGameCards":[],"viewedAnimatic":true,"keyPoints":["c_teacherEng_G7a0","c_bestFriend_F_a_G7a0","s_flag_gen"],"unlocked":true,"touchableObjects":["s_otherStudent1_G7a0","c_friend1_F_a_G7a0","s_doorClassroom_G7a0","c_crewKid1_F_G7a0","s_angelouPoster_gen","s_vocabAssignment_G7a0","c_teacherEng_G7a0","c_bestFriend_F_a_G7a0","s_atwoodPoster_gen","s_poePoster_gen","s_flag_gen","s_clock_G7a0","s_shakespearePoster_gen"]},{"miniGameCards":[],"viewedAnimatic":true,"keyPoints":["c_bestFriend_F_a_G7a1N","c_teacherEng_G7a1N","s_paperPlayers_G7a1N"],"unlocked":true,"touchableObjects":["c_bestFriend_F_a_G7a1N","s_otherStudent2_G7a1N","c_teacherEng_G7a1N","s_otherStudent1_G7a1N","c_crewKid1_F_G7a1N","s_shakespearePoster_gen","s_angelouPoster_gen","s_atwoodPoster_gen","s_poePoster_gen","s_flag_gen","s_posterPlagiarism_gen","s_paperPlayers_G7a1N"]},{"miniGameCards":[],"viewedAnimatic":true,"keyPoints":["s_flag_gen","c_teacherEng_G7a1P"],"unlocked":true,"touchableObjects":["s_clock_G7a1P","s_flag_gen","c_teacherEng_G7a1P","s_atwoodPoster_gen","s_angelouPoster_gen","s_paperPlayers_G7a1P","s_poePoster_gen","s_shakespearePoster_gen","s_papersDetention_gen"]}],"stackSize":3,"resolved":false},{"challengeScenes":[{"miniGameCards":[],"viewedAnimatic":false,"keyPoints":[],"unlocked":false,"touchableObjects":[]},{"miniGameCards":[],"viewedAnimatic":false,"keyPoints":[],"unlocked":false,"touchableObjects":[]},{"miniGameCards":[],"viewedAnimatic":false,"keyPoints":[],"unlocked":false,"touchableObjects":[]},{"miniGameCards":[],"viewedAnimatic":false,"keyPoints":[],"unlocked":false,"touchableObjects":[]},{"miniGameCards":[],"viewedAnimatic":false,"keyPoints":[],"unlocked":false,"touchableObjects":[]}],"stackSize":5,"resolved":false},{"challengeScenes":[{"miniGameCards":[],"viewedAnimatic":false,"keyPoints":[],"unlocked":false,"touchableObjects":[]},{"miniGameCards":[],"viewedAnimatic":false,"keyPoints":[],"unlocked":false,"touchableObjects":[]},{"miniGameCards":[],"viewedAnimatic":false,"keyPoints":[],"unlocked":false,"touchableObjects":[]},{"miniGameCards":[],"viewedAnimatic":false,"keyPoints":[],"unlocked":false,"touchableObjects":[]},{"miniGameCards":[],"viewedAnimatic":false,"keyPoints":[],"unlocked":false,"touchableObjects":[]},{"miniGameCards":[],"viewedAnimatic":false,"keyPoints":[],"unlocked":false,"touchableObjects":[]},{"miniGameCards":[],"viewedAnimatic":false,"keyPoints":[],"unlocked":false,"touchableObjects":[]}],"stackSize":7,"resolved":false},{"challengeScenes":[{"miniGameCards":[],"viewedAnimatic":false,"keyPoints":[],"unlocked":false,"touchableObjects":[]},{"miniGameCards":[],"viewedAnimatic":false,"keyPoints":[],"unlocked":false,"touchableObjects":[]},{"miniGameCards":[],"viewedAnimatic":false,"keyPoints":[],"unlocked":false,"touchableObjects":[]},{"miniGameCards":[],"viewedAnimatic":false,"keyPoints":[],"unlocked":false,"touchableObjects":[]},{"miniGameCards":[],"viewedAnimatic":false,"keyPoints":[],"unlocked":false,"touchableObjects":[]}],"stackSize":5,"resolved":false},{"challengeScenes":[{"miniGameCards":[],"viewedAnimatic":false,"keyPoints":[],"unlocked":false,"touchableObjects":[]},{"miniGameCards":[],"viewedAnimatic":false,"keyPoints":[],"unlocked":false,"touchableObjects":[]},{"miniGameCards":[],"viewedAnimatic":false,"keyPoints":[],"unlocked":false,"touchableObjects":[]},{"miniGameCards":[],"viewedAnimatic":false,"keyPoints":[],"unlocked":false,"touchableObjects":[]},{"miniGameCards":[],"viewedAnimatic":false,"keyPoints":[],"unlocked":false,"touchableObjects":[]}],"stackSize":5,"resolved":false},{"challengeScenes":[{"miniGameCards":[],"viewedAnimatic":false,"keyPoints":[],"unlocked":false,"touchableObjects":[]},{"miniGameCards":[],"viewedAnimatic":false,"keyPoints":[],"unlocked":false,"touchableObjects":[]},{"miniGameCards":[],"viewedAnimatic":false,"keyPoints":[],"unlocked":false,"touchableObjects":[]},{"miniGameCards":[],"viewedAnimatic":false,"keyPoints":[],"unlocked":false,"touchableObjects":[]},{"miniGameCards":[],"viewedAnimatic":false,"keyPoints":[],"unlocked":false,"touchableObjects":[]}],"stackSize":5,"resolved":false},{"challengeScenes":[{"miniGameCards":[],"viewedAnimatic":false,"keyPoints":[],"unlocked":false,"touchableObjects":[]},{"miniGameCards":[],"viewedAnimatic":false,"keyPoints":[],"unlocked":false,"touchableObjects":[]},{"miniGameCards":[],"viewedAnimatic":false,"keyPoints":[],"unlocked":false,"touchableObjects":[]},{"miniGameCards":[],"viewedAnimatic":false,"keyPoints":[],"unlocked":false,"touchableObjects":[]},{"miniGameCards":[],"viewedAnimatic":false,"keyPoints":[],"unlocked":false,"touchableObjects":[]}],"stackSize":5,"resolved":false},{"challengeScenes":[{"miniGameCards":[],"viewedAnimatic":false,"keyPoints":[],"unlocked":false,"touchableObjects":[]},{"miniGameCards":[],"viewedAnimatic":false,"keyPoints":[],"unlocked":false,"touchableObjects":[]},{"miniGameCards":[],"viewedAnimatic":false,"keyPoints":[],"unlocked":false,"touchableObjects":[]},{"miniGameCards":[],"viewedAnimatic":false,"keyPoints":[],"unlocked":false,"touchableObjects":[]},{"miniGameCards":[],"viewedAnimatic":false,"keyPoints":[],"unlocked":false,"touchableObjects":[]}],"stackSize":5,"resolved":false},{"challengeScenes":[{"miniGameCards":[],"viewedAnimatic":false,"keyPoints":[],"unlocked":false,"touchableObjects":[]},{"miniGameCards":[],"viewedAnimatic":false,"keyPoints":[],"unlocked":false,"touchableObjects":[]},{"miniGameCards":[],"viewedAnimatic":false,"keyPoints":[],"unlocked":false,"touchableObjects":[]},{"miniGameCards":[],"viewedAnimatic":false,"keyPoints":[],"unlocked":false,"touchableObjects":[]},{"miniGameCards":[],"viewedAnimatic":false,"keyPoints":[],"unlocked":false,"touchableObjects":[]}],"stackSize":5,"resolved":false},{"challengeScenes":[{"miniGameCards":[],"viewedAnimatic":false,"keyPoints":[],"unlocked":false,"touchableObjects":[]},{"miniGameCards":[],"viewedAnimatic":false,"keyPoints":[],"unlocked":false,"touchableObjects":[]},{"miniGameCards":[],"viewedAnimatic":false,"keyPoints":[],"unlocked":false,"touchableObjects":[]},{"miniGameCards":[],"viewedAnimatic":false,"keyPoints":[],"unlocked":false,"touchableObjects":[]},{"miniGameCards":[],"viewedAnimatic":false,"keyPoints":[],"unlocked":false,"touchableObjects":[]}],"stackSize":5,"resolved":false},{"challengeScenes":[{"miniGameCards":[],"viewedAnimatic":false,"keyPoints":[],"unlocked":false,"touchableObjects":[]},{"miniGameCards":[],"viewedAnimatic":false,"keyPoints":[],"unlocked":false,"touchableObjects":[]},{"miniGameCards":[],"viewedAnimatic":false,"keyPoints":[],"unlocked":false,"touchableObjects":[]},{"miniGameCards":[],"viewedAnimatic":false,"keyPoints":[],"unlocked":false,"touchableObjects":[]},{"miniGameCards":[],"viewedAnimatic":false,"keyPoints":[],"unlocked":false,"touchableObjects":[]}],"stackSize":5,"resolved":false},{"challengeScenes":[{"miniGameCards":[],"viewedAnimatic":false,"keyPoints":[],"unlocked":false,"touchableObjects":[]},{"miniGameCards":[],"viewedAnimatic":false,"keyPoints":[],"unlocked":false,"touchableObjects":[]},{"miniGameCards":[],"viewedAnimatic":false,"keyPoints":[],"unlocked":false,"touchableObjects":[]},{"miniGameCards":[],"viewedAnimatic":false,"keyPoints":[],"unlocked":false,"touchableObjects":[]},{"miniGameCards":[],"viewedAnimatic":false,"keyPoints":[],"unlocked":false,"touchableObjects":[]}],"stackSize":5,"resolved":false},{"challengeScenes":[{"miniGameCards":[],"viewedAnimatic":false,"keyPoints":[],"unlocked":true,"touchableObjects":["c_friends_G0a0"]},{"miniGameCards":[],"viewedAnimatic":false,"keyPoints":["c_home_G0a1N","c_family_lati_a_G0a1N","c_job_G0a1N"],"unlocked":true,"touchableObjects":["c_home_G0a1N","c_family_lati_a_G0a1N","c_job_G0a1N"]},{"miniGameCards":[],"viewedAnimatic":false,"keyPoints":["c_Nurse_G0a1P","c_mom_lati_a_G0a1P","c_dad_lati_a_G0a1P","c_kidsister_lati_a_G0a1P","c_Teacher_G0a1P","c_grandma_lati_a_G0a1P"],"unlocked":true,"touchableObjects":["c_friends_G0a1P","c_Nurse_G0a1P","c_cousins_F_a_G0a1P","c_mom_lati_a_G0a1P","c_dad_lati_a_G0a1P","c_kidsister_lati_a_G0a1P","c_Teacher_G0a1P","c_grandma_lati_a_G0a1P"]}],"stackSize":3,"resolved":true}],"sessionId":6,"epilogue":{"rating":0},"playerId":6567001,"session":[{"sceneId":"1P","stackId":12},{"sceneId":"1P","stackId":0}],"minigames":[{"levelSaveData":[{"starRating":2,"unlocked":true},{"starRating":0,"unlocked":false},{"starRating":0,"unlocked":false},{"starRating":0,"unlocked":false},{"starRating":0,"unlocked":false},{"starRating":0,"unlocked":false},{"starRating":0,"unlocked":false},{"starRating":0,"unlocked":false},{"starRating":0,"unlocked":false},{"starRating":0,"unlocked":false}],"skillPoints":2},{"levelSaveData":[{"starRating":3,"unlocked":true},{"starRating":0,"unlocked":false},{"starRating":0,"unlocked":false},{"starRating":0,"unlocked":false},{"starRating":0,"unlocked":false},{"starRating":0,"unlocked":false},{"starRating":0,"unlocked":false},{"starRating":0,"unlocked":false},{"starRating":0,"unlocked":false},{"starRating":0,"unlocked":false}],"skillPoints":3},{"levelSaveData":[{"starRating":3,"unlocked":true},{"starRating":0,"unlocked":false},{"starRating":0,"unlocked":false},{"starRating":0,"unlocked":false},{"starRating":0,"unlocked":false},{"starRating":0,"unlocked":false},{"starRating":0,"unlocked":false},{"starRating":0,"unlocked":false},{"starRating":0,"unlocked":false},{"starRating":0,"unlocked":false}],"skillPoints":3},{"levelSaveData":[{"starRating":0,"unlocked":false},{"starRating":0,"unlocked":false},{"starRating":0,"unlocked":false},{"starRating":0,"unlocked":false},{"starRating":0,"unlocked":false},{"starRating":0,"unlocked":false},{"starRating":0,"unlocked":false},{"starRating":0,"unlocked":false},{"starRating":0,"unlocked":false},{"starRating":0,"unlocked":false}],"skillPoints":0},{"age":12,"name":"Zooey","gender":1,"levelSaveData":[{"starRating":3,"unlocked":true},{"starRating":3,"chunks":[["3"],["14$$happy","1$$silly"],["9$$fashion","0$$family","3$$travel"],["0"]],"unlocked":true},{"starRating":0,"chunks":[[null],[null,null],[null,null]],"unlocked":false},{"starRating":0,"chunks":[[null],[null],[null],[null],[null,null],[null]],"unlocked":false},{"starRating":0,"chunks":[[null],[null],[null,null],[null],[null],[null]],"unlocked":false},{"starRating":0,"chunks":[[null],[null,null,null,null],[null],[null]],"unlocked":false},{"starRating":0,"chunks":[[null],[null],[null,null],[null,null],[null]],"unlocked":false},{"starRating":0,"chunks":[[null,null,null],[null,null,null],[null],[null],[null]],"unlocked":false},{"starRating":0,"chunks":[[null,null,null],[null,null,null],[null,null]],"unlocked":false},{"starRating":0,"chunks":[[null],[null],[null],[null],[null],[null]],"unlocked":false}],"visualAvatar":0,"id":2,"skillPoints":6}],"avatar":{"age":12,"name":"Zooey","gender":1,"levelSaveData":[{"starRating":3,"unlocked":true},{"starRating":3,"chunks":[["3"],["14$$happy","1$$silly"],["9$$fashion","0$$family","3$$travel"],["0"]],"unlocked":true},{"starRating":0,"chunks":[[null],[null,null],[null,null]],"unlocked":false},{"starRating":0,"chunks":[[null],[null],[null],[null],[null,null],[null]],"unlocked":false},{"starRating":0,"chunks":[[null],[null],[null,null],[null],[null],[null]],"unlocked":false},{"starRating":0,"chunks":[[null],[null,null,null,null],[null],[null]],"unlocked":false},{"starRating":0,"chunks":[[null],[null],[null,null],[null,null],[null]],"unlocked":false},{"starRating":0,"chunks":[[null,null,null],[null,null,null],[null],[null],[null]],"unlocked":false},{"starRating":0,"chunks":[[null,null,null],[null,null,null],[null,null]],"unlocked":false},{"starRating":0,"chunks":[[null],[null],[null],[null],[null],[null]],"unlocked":false}],"visualAvatar":0,"id":2,"skillPoints":6}}
6567001,0,337:59:2,11/18/2013 4:10:15pm
6567001,300,337:59:7
6567001,1003,337:59:15,2
6567001,1004,337:59:16,0
6567001,1002,337:59:21,0
6567001,1003,337:59:21,2
6567001,100,337:59:27,0
6567001,102,337:59:30,0
6567001,200,337:59:30,0,2,3,3,0,6
6567001,212,337:59:41,2
6567001,210,337:59:43,942,564
6567001,207,337:59:47,0,-200,-518.45
6567001,211,337:59:50,1483,530
6567001,213,337:59:50,0,c_friend1_F_a_G7a0,true
6567001,212,338:0:28,1
6567001,207,338:0:30,0,-400,-415
6567001,210,338:0:30,1359,555
6567001,207,338:0:31,0,-415,-518
6567001,211,338:0:38,1221,148
6567001,213,338:0:38,0,s_clock_G7a1P,true
6567001,210,338:0:40,1259,339
6567001,207,338:0:45,0,-518,0
6567001,211,338:0:51,250,408
6567001,213,338:0:51,0,s_papersDetention_gen,true
6567001,210,338:0:55,303,287
6567001,211,338:1:0,398,115
6567001,221,338:1:2,0
6567001,220,338:1:6,0
6567001,212,338:1:7,0
6567001,210,338:1:8,868,489
6567001,211,338:1:10,664,376
6567001,213,338:1:10,0,s_paperPlayers_G7a1P,true
6567001,210,338:1:13,542,395
6567001,211,338:1:14,1048,470
6567001,207,338:1:14,0,0,-45
6567001,210,338:1:15,1092,449
6567001,207,338:1:16,0,-45,-518
6567001,211,338:1:20,974,492
6567001,213,338:1:20,0,c_bestFriend_F_a_G7a1P,true
6567001,1003,338:1:24,0
6567001,1004,338:1:26,0
6567001,400,338:1:29,0,[]
6567001,401,338:1:33,0,[StatementsData_logId:0]
6567001,403,338:1:36,0,[StatementsData_logId:0,true]
6567001,405,338:1:38,0,[StatementsData_logId:0]
6567001,406,338:1:40,0,[StatementsData_logId:0,2]
6567001,407,338:1:40,0,[StatementsData_logId:0,FactCardData_id:7]
6567001,407,338:1:40,0,[StatementsData_logId:0,FactCardData_id:5]
6567001,407,338:1:40,0,[StatementsData_logId:0,FactCardData_id:4]
6567001,407,338:1:40,0,[StatementsData_logId:0,FactCardData_id:0]
6567001,407,338:1:40,0,[StatementsData_logId:0,FactCardData_id:6]
6567001,407,338:1:40,0,[StatementsData_logId:0,FactCardData_id:3]
6567001,407,338:1:45,0,[StatementsData_logId:0,FactCardData_id:7]
6567001,407,338:1:45,0,[StatementsData_logId:0,FactCardData_id:7]
6567001,407,338:1:47,0,[StatementsData_logId:0,FactCardData_id:4]
6567001,407,338:1:47,0,[StatementsData_logId:0,FactCardData_id:7]
6567001,407,338:1:47,0,[StatementsData_logId:0,FactCardData_id:4]
6567001,407,338:1:49,0,[StatementsData_logId:0,FactCardData_id:6]
6567001,407,338:1:49,0,[StatementsData_logId:0,FactCardData_id:4]
6567001,407,338:1:49,0,[StatementsData_logId:0,FactCardData_id:6]
6567001,407,338:1:52,0,[StatementsData_logId:0,FactCardData_id:5]
6567001,407,338:1:52,0,[StatementsData_logId:0,FactCardData_id:6]
6567001,407,338:1:52,0,[StatementsData_logId:0,FactCardData_id:5]
6567001,407,338:1:54,0,[StatementsData_logId:0,FactCardData_id:0]
6567001,407,338:1:54,0,[StatementsData_logId:0,FactCardData_id:5]
6567001,407,338:1:54,0,[StatementsData_logId:0,FactCardData_id:0]
6567001,407,338:1:56,0,[StatementsData_logId:0,FactCardData_id:3]
6567001,407,338:1:56,0,[StatementsData_logId:0,FactCardData_id:0]
6567001,407,338:1:56,0,[StatementsData_logId:0,FactCardData_id:3]
6567001,407,338:2:0,0,[StatementsData_logId:0,FactCardData_id:7]
6567001,407,338:2:0,0,[StatementsData_logId:0,FactCardData_id:3]
6567001,407,338:2:0,0,[StatementsData_logId:0,FactCardData_id:7]
6567001,407,338:2:3,0,[StatementsData_logId:0,FactCardData_id:4]
6567001,407,338:2:3,0,[StatementsData_logId:0,FactCardData_id:7]
6567001,407,338:2:3,0,[StatementsData_logId:0,FactCardData_id:4]
6567001,407,338:2:4,0,[StatementsData_logId:0,FactCardData_id:6]
6567001,407,338:2:4,0,[StatementsData_logId:0,FactCardData_id:4]
6567001,407,338:2:4,0,[StatementsData_logId:0,FactCardData_id:6]
6567001,407,338:2:5,0,[StatementsData_logId:0,FactCardData_id:4]
6567001,407,338:2:5,0,[StatementsData_logId:0,FactCardData_id:6]
6567001,407,338:2:5,0,[StatementsData_logId:0,FactCardData_id:4]
6567001,408,338:2:7,0,[StatementsData_logId:0,FactCardData_id:4,false]
6567001,406,338:2:16,0,[StatementsData_logId:0,-2]
6567001,411,338:2:21,0,[StatementsData_logId:0]
6567001,401,338:2:25,0,[StatementsData_logId:1]
6567001,402,338:2:26,0,[StatementsData_logId:1,true]
6567001,405,338:2:28,0,[StatementsData_logId:1]
6567001,406,338:2:31,0,[StatementsData_logId:1,2]
6567001,411,338:2:34,0,[StatementsData_logId:1]
6567001,401,338:2:39,0,[StatementsData_logId:2]
6567001,404,338:2:42,0,[StatementsData_logId:2,true]
6567001,406,338:2:44,0,[StatementsData_logId:2,2]
6567001,412,338:2:46,0,[StatementsData_logId:2]
6567001,413,338:2:49,0,[StatementsData_logId:2,DuelResponsesData_logId:3]
6567001,414,338:2:51,0,[StatementsData_logId:2,DuelResponsesData_logId:3]
6567001,415,338:3:1,0,[StatementsData_logId:2,DuelResponsesData_logId:3,DuelResponsesData_ok_player_response]
6567001,416,338:3:3,0,[StatementsData_logId:2,DuelResponsesData_logId:3]
6567001,417,338:3:7,0,[StatementsData_logId:2,DuelResponsesData_logId:3]
6567001,413,338:3:13,0,[StatementsData_logId:2,DuelResponsesData_logId:4]
6567001,414,338:3:20,0,[StatementsData_logId:2,DuelResponsesData_logId:4]
6567001,415,338:3:30,0,[StatementsData_logId:2,DuelResponsesData_logId:4,DuelResponsesData_ok_player_response]
6567001,416,338:3:31,0,[StatementsData_logId:2,DuelResponsesData_logId:4]
6567001,417,338:3:34,0,[StatementsData_logId:2,DuelResponsesData_logId:4]
6567001,413,338:3:38,0,[StatementsData_logId:2,DuelResponsesData_logId:5]
6567001,414,338:3:42,0,[StatementsData_logId:2,DuelResponsesData_logId:5]
6567001,415,338:4:6,0,[StatementsData_logId:2,DuelResponsesData_logId:5,DuelResponsesData_ok_player_response]
6567001,416,338:4:7,0,[StatementsData_logId:2,DuelResponsesData_logId:5]
6567001,417,338:4:10,0,[StatementsData_logId:2,DuelResponsesData_logId:5]
6567001,418,338:4:10,0,[StatementsData_logId:2,false]
6567001,419,338:4:18,0,[StatementsData_logId:2,-4]
6567001,411,338:4:21,0,[StatementsData_logId:2]
6567001,401,338:4:23,0,[StatementsData_logId:3]
6567001,403,338:4:26,0,[StatementsData_logId:3,true]
6567001,405,338:4:27,0,[StatementsData_logId:3]
6567001,406,338:4:29,0,[StatementsData_logId:3,2]
6567001,407,338:4:29,0,[StatementsData_logId:3,FactCardData_id:7]
6567001,407,338:4:29,0,[StatementsData_logId:3,FactCardData_id:0]
6567001,407,338:4:29,0,[StatementsData_logId:3,FactCardData_id:3]
6567001,407,338:4:29,0,[StatementsData_logId:3,FactCardData_id:6]
6567001,407,338:4:29,0,[StatementsData_logId:3,FactCardData_id:5]
6567001,407,338:4:29,0,[StatementsData_logId:3,FactCardData_id:4]
6567001,407,338:4:30,0,[StatementsData_logId:3,FactCardData_id:4]
6567001,407,338:4:30,0,[StatementsData_logId:3,FactCardData_id:4]
6567001,407,338:4:31,0,[StatementsData_logId:3,FactCardData_id:6]
6567001,407,338:4:31,0,[StatementsData_logId:3,FactCardData_id:4]
6567001,407,338:4:31,0,[StatementsData_logId:3,FactCardData_id:6]
6567001,407,338:4:33,0,[StatementsData_logId:3,FactCardData_id:3]
6567001,407,338:4:33,0,[StatementsData_logId:3,FactCardData_id:6]
6567001,407,338:4:33,0,[StatementsData_logId:3,FactCardData_id:3]
6567001,407,338:4:34,0,[StatementsData_logId:3,FactCardData_id:0]
6567001,407,338:4:34,0,[StatementsData_logId:3,FactCardData_id:3]
6567001,407,338:4:34,0,[StatementsData_logId:3,FactCardData_id:0]
6567001,408,338:4:35,0,[StatementsData_logId:3,FactCardData_id:0,true]
6567001,409,338:4:35,0,[StatementsData_logId:3]
6567001,410,338:4:38,0,[StatementsData_logId:3,2]
6567001,412,338:4:41,0,[StatementsData_logId:3]
6567001,413,338:4:43,0,[StatementsData_logId:3,DuelResponsesData_logId:6]
6567001,414,338:4:43,0,[StatementsData_logId:3,DuelResponsesData_logId:6]
6567001,415,338:4:50,0,[StatementsData_logId:3,DuelResponsesData_logId:6,DuelResponsesData_ok_player_response]
6567001,416,338:4:51,0,[StatementsData_logId:3,DuelResponsesData_logId:6]
6567001,417,338:4:55,0,[StatementsData_logId:3,DuelResponsesData_logId:6]
6567001,413,338:4:58,0,[StatementsData_logId:3,DuelResponsesData_logId:7]
6567001,414,338:5:1,0,[StatementsData_logId:3,DuelResponsesData_logId:7]
6567001,415,338:5:8,0,[StatementsData_logId:3,DuelResponsesData_logId:7,DuelResponsesData_ok_player_response]
6567001,416,338:5:9,0,[StatementsData_logId:3,DuelResponsesData_logId:7]
6567001,417,338:5:14,0,[StatementsData_logId:3,DuelResponsesData_logId:7]
6567001,413,338:5:18,0,[StatementsData_logId:3,DuelResponsesData_logId:8]
6567001,414,338:5:28,0,[StatementsData_logId:3,DuelResponsesData_logId:8]
6567001,415,338:5:35,0,[StatementsData_logId:3,DuelResponsesData_logId:8,DuelResponsesData_ok_player_response]
6567001,416,338:5:36,0,[StatementsData_logId:3,DuelResponsesData_logId:8]
6567001,417,338:5:39,0,[StatementsData_logId:3,DuelResponsesData_logId:8]
6567001,418,338:5:39,0,[StatementsData_logId:3,true]
6567001,419,338:5:42,0,[StatementsData_logId:3,4]
6567001,411,338:5:49,0,[StatementsData_logId:3]
6567001,401,338:5:54,0,[StatementsData_logId:4]
6567001,402,338:5:55,0,[StatementsData_logId:4,true]
6567001,405,338:5:56,0,[StatementsData_logId:4]
6567001,406,338:6:1,0,[StatementsData_logId:4,2]
6567001,411,338:6:4,0,[StatementsData_logId:4]
6567001,401,338:6:9,0,[StatementsData_logId:5]
6567001,404,338:6:10,0,[StatementsData_logId:5,true]
6567001,406,338:6:14,0,[StatementsData_logId:5,2]
6567001,412,338:6:17,0,[StatementsData_logId:5]
6567001,413,338:6:20,0,[StatementsData_logId:5,DuelResponsesData_logId:9]
6567001,414,338:6:23,0,[StatementsData_logId:5,DuelResponsesData_logId:9]
6567001,415,338:6:31,0,[StatementsData_logId:5,DuelResponsesData_logId:9,DuelResponsesData_witty_player_response]
6567001,416,338:6:32,0,[StatementsData_logId:5,DuelResponsesData_logId:9]
6567001,417,338:6:35,0,[StatementsData_logId:5,DuelResponsesData_logId:9]
6567001,413,338:6:38,0,[StatementsData_logId:5,DuelResponsesData_logId:10]
6567001,414,338:6:41,0,[StatementsData_logId:5,DuelResponsesData_logId:10]
6567001,415,338:6:52,0,[StatementsData_logId:5,DuelResponsesData_logId:10,DuelResponsesData_ok_player_response]
6567001,416,338:6:52,0,[StatementsData_logId:5,DuelResponsesData_logId:10]
6567001,417,338:6:55,0,[StatementsData_logId:5,DuelResponsesData_logId:10]
6567001,413,338:6:58,0,[StatementsData_logId:5,DuelResponsesData_logId:11]
6567001,414,338:7:7,0,[StatementsData_logId:5,DuelResponsesData_logId:11]
6567001,415,338:7:14,0,[StatementsData_logId:5,DuelResponsesData_logId:11,DuelResponsesData_witty_player_response]
6567001,416,338:7:15,0,[StatementsData_logId:5,DuelResponsesData_logId:11]
6567001,417,338:7:22,0,[StatementsData_logId:5,DuelResponsesData_logId:11]
6567001,418,338:7:22,0,[StatementsData_logId:5,true]
6567001,419,338:7:30,0,[StatementsData_logId:5,4]
6567001,411,338:7:34,0,[StatementsData_logId:5]
6567001,420,338:7:34,0,[48]
6567001,1000,338:7:37,0,[]
6567001,400,338:7:39,0,[]
6567001,401,338:7:43,0,[StatementsData_logId:0]
6567001,403,338:7:46,0,[StatementsData_logId:0,true]
6567001,405,338:7:47,0,[StatementsData_logId:0]
6567001,406,338:7:51,0,[StatementsData_logId:0,2]
6567001,407,338:7:51,0,[StatementsData_logId:0,FactCardData_id:0]
6567001,407,338:7:51,0,[StatementsData_logId:0,FactCardData_id:4]
6567001,407,338:7:51,0,[StatementsData_logId:0,FactCardData_id:3]
6567001,407,338:7:51,0,[StatementsData_logId:0,FactCardData_id:6]
6567001,407,338:7:51,0,[StatementsData_logId:0,FactCardData_id:7]
6567001,407,338:7:51,0,[StatementsData_logId:0,FactCardData_id:5]
6567001,407,338:8:18,0,[StatementsData_logId:0,FactCardData_id:4]
6567001,407,338:8:18,0,[StatementsData_logId:0,FactCardData_id:4]
6567001,407,338:8:19,0,[StatementsData_logId:0,FactCardData_id:0]
6567001,407,338:8:19,0,[StatementsData_logId:0,FactCardData_id:4]
6567001,407,338:8:19,0,[StatementsData_logId:0,FactCardData_id:0]
6567001,407,338:8:20,0,[StatementsData_logId:0,FactCardData_id:3]
6567001,407,338:8:20,0,[StatementsData_logId:0,FactCardData_id:0]
6567001,407,338:8:20,0,[StatementsData_logId:0,FactCardData_id:3]
6567001,408,338:8:22,0,[StatementsData_logId:0,FactCardData_id:3,false]
6567001,406,338:8:29,0,[StatementsData_logId:0,-2]
6567001,411,338:8:32,0,[StatementsData_logId:0]
6567001,401,338:8:35,0,[StatementsData_logId:1]
6567001,402,338:8:36,0,[StatementsData_logId:1,true]
6567001,405,338:8:37,0,[StatementsData_logId:1]
6567001,406,338:8:40,0,[StatementsData_logId:1,2]
6567001,411,338:8:50,0,[StatementsData_logId:1]
6567001,401,338:8:57,0,[StatementsData_logId:2]
6567001,404,338:8:59,0,[StatementsData_logId:2,true]
6567001,406,338:9:0,0,[StatementsData_logId:2,2]
6567001,412,338:9:4,0,[StatementsData_logId:2]
6567001,413,338:9:10,0,[StatementsData_logId:2,DuelResponsesData_logId:3]
6567001,414,338:9:17,0,[StatementsData_logId:2,DuelResponsesData_logId:3]
6567001,415,338:9:47,0,[StatementsData_logId:2,DuelResponsesData_logId:3,DuelResponsesData_ok_player_response]
6567001,416,338:9:48,0,[StatementsData_logId:2,DuelResponsesData_logId:3]
6567001,417,338:9:53,0,[StatementsData_logId:2,DuelResponsesData_logId:3]
6567001,413,338:9:56,0,[StatementsData_logId:2,DuelResponsesData_logId:4]
6567001,414,338:10:0,0,[StatementsData_logId:2,DuelResponsesData_logId:4]
6567001,415,338:10:2,0,[StatementsData_logId:2,DuelResponsesData_logId:4,DuelResponsesData_witty_player_response]
6567001,416,338:10:6,0,[StatementsData_logId:2,DuelResponsesData_logId:4]
6567001,417,338:10:9,0,[StatementsData_logId:2,DuelResponsesData_logId:4]
6567001,413,338:10:13,0,[StatementsData_logId:2,DuelResponsesData_logId:5]
6567001,414,338:10:16,0,[StatementsData_logId:2,DuelResponsesData_logId:5]
6567001,415,338:10:28,0,[StatementsData_logId:2,DuelResponsesData_logId:5,DuelResponsesData_ok_player_response]
6567001,416,338:10:28,0,[StatementsData_logId:2,DuelResponsesData_logId:5]
6567001,417,338:10:31,0,[StatementsData_logId:2,DuelResponsesData_logId:5]
6567001,418,338:10:31,0,[StatementsData_logId:2,true]
6567001,419,338:10:45,0,[StatementsData_logId:2,4]
6567001,411,338:10:52,0,[StatementsData_logId:2]
6567001,401,338:10:55,0,[StatementsData_logId:3]
6567001,403,338:10:57,0,[StatementsData_logId:3,true]
6567001,405,338:10:58,0,[StatementsData_logId:3]
6567001,406,338:11:0,0,[StatementsData_logId:3,2]
6567001,407,338:11:0,0,[StatementsData_logId:3,FactCardData_id:0]
6567001,407,338:11:0,0,[StatementsData_logId:3,FactCardData_id:6]
6567001,407,338:11:0,0,[StatementsData_logId:3,FactCardData_id:5]
6567001,407,338:11:0,0,[StatementsData_logId:3,FactCardData_id:7]
6567001,407,338:11:0,0,[StatementsData_logId:3,FactCardData_id:4]
6567001,407,338:11:0,0,[StatementsData_logId:3,FactCardData_id:3]
6567001,407,338:11:2,0,[StatementsData_logId:3,FactCardData_id:0]
6567001,407,338:11:2,0,[StatementsData_logId:3,FactCardData_id:0]
6567001,408,338:11:3,0,[StatementsData_logId:3,FactCardData_id:0,true]
6567001,409,338:11:3,0,[StatementsData_logId:3]
6567001,410,338:11:7,0,[StatementsData_logId:3,2]
6567001,412,338:11:10,0,[StatementsData_logId:3]
6567001,413,338:11:14,0,[StatementsData_logId:3,DuelResponsesData_logId:6]
6567001,414,338:11:42,0,[StatementsData_logId:3,DuelResponsesData_logId:6]
6567001,415,338:11:51,0,[StatementsData_logId:3,DuelResponsesData_logId:6,DuelResponsesData_ok_player_response]
6567001,416,338:11:51,0,[StatementsData_logId:3,DuelResponsesData_logId:6]
6567001,417,338:11:58,0,[StatementsData_logId:3,DuelResponsesData_logId:6]
6567001,413,338:12:16,0,[StatementsData_logId:3,DuelResponsesData_logId:7]
6567001,414,338:12:19,0,[StatementsData_logId:3,DuelResponsesData_logId:7]
6567001,415,338:12:35,0,[StatementsData_logId:3,DuelResponsesData_logId:7,DuelResponsesData_ok_player_response]
6567001,416,338:12:37,0,[StatementsData_logId:3,DuelResponsesData_logId:7]
6567001,417,338:12:37,0,[StatementsData_logId:3,DuelResponsesData_logId:7]
6567001,413,338:12:57,0,[StatementsData_logId:3,DuelResponsesData_logId:8]
6567001,414,338:12:58,0,[StatementsData_logId:3,DuelResponsesData_logId:8]
6567001,415,338:13:8,0,[StatementsData_logId:3,DuelResponsesData_logId:8,DuelResponsesData_witty_player_response]
6567001,416,338:13:9,0,[StatementsData_logId:3,DuelResponsesData_logId:8]
6567001,417,338:13:13,0,[StatementsData_logId:3,DuelResponsesData_logId:8]
6567001,418,338:13:13,0,[StatementsData_logId:3,true]
6567001,419,338:13:22,0,[StatementsData_logId:3,4]
6567001,411,338:13:29,0,[StatementsData_logId:3]
6567001,401,338:13:31,0,[StatementsData_logId:4]
6567001,402,338:13:34,0,[StatementsData_logId:4,true]
6567001,405,338:13:36,0,[StatementsData_logId:4]
6567001,406,338:13:41,0,[StatementsData_logId:4,2]
6567001,411,338:13:48,0,[StatementsData_logId:4]
6567001,401,338:13:51,0,[StatementsData_logId:5]
6567001,404,338:13:52,0,[StatementsData_logId:5,true]
6567001,406,338:13:55,0,[StatementsData_logId:5,2]
6567001,412,338:13:59,0,[StatementsData_logId:5]
6567001,413,338:14:1,0,[StatementsData_logId:5,DuelResponsesData_logId:9]
6567001,414,338:14:5,0,[StatementsData_logId:5,DuelResponsesData_logId:9]
6567001,415,338:14:19,0,[StatementsData_logId:5,DuelResponsesData_logId:9,DuelResponsesData_witty_player_response]
6567001,416,338:14:21,0,[StatementsData_logId:5,DuelResponsesData_logId:9]
6567001,417,338:14:24,0,[StatementsData_logId:5,DuelResponsesData_logId:9]
6567001,413,338:14:43,0,[StatementsData_logId:5,DuelResponsesData_logId:10]
6567001,414,338:14:58,0,[StatementsData_logId:5,DuelResponsesData_logId:10]
6567001,415,338:15:11,0,[StatementsData_logId:5,DuelResponsesData_logId:10,DuelResponsesData_witty_player_response]
6567001,416,338:15:13,0,[StatementsData_logId:5,DuelResponsesData_logId:10]
6567001,417,338:15:17,0,[StatementsData_logId:5,DuelResponsesData_logId:10]
6567001,413,338:15:20,0,[StatementsData_logId:5,DuelResponsesData_logId:11]
6567001,414,338:15:25,0,[StatementsData_logId:5,DuelResponsesData_logId:11]
6567001,415,338:15:33,0,[StatementsData_logId:5,DuelResponsesData_logId:11,DuelResponsesData_ok_player_response]
6567001,416,338:15:34,0,[StatementsData_logId:5,DuelResponsesData_logId:11]
6567001,417,338:15:40,0,[StatementsData_logId:5,DuelResponsesData_logId:11]
6567001,418,338:15:40,0,[StatementsData_logId:5,true]
6567001,419,338:15:49,0,[StatementsData_logId:5,4]
6567001,411,338:16:13,0,[StatementsData_logId:5]
6567001,420,338:16:13,0,[56]
6567001,1000,338:16:17,0,[]
6567001,400,338:16:19,0,[]
6567001,401,338:16:23,0,[StatementsData_logId:0]
6567001,403,338:16:24,0,[StatementsData_logId:0,true]
6567001,405,338:16:25,0,[StatementsData_logId:0]
6567001,406,338:16:27,0,[StatementsData_logId:0,2]
6567001,407,338:16:27,0,[StatementsData_logId:0,FactCardData_id:6]
6567001,407,338:16:27,0,[StatementsData_logId:0,FactCardData_id:0]
6567001,407,338:16:27,0,[StatementsData_logId:0,FactCardData_id:7]
6567001,407,338:16:27,0,[StatementsData_logId:0,FactCardData_id:4]
6567001,407,338:16:27,0,[StatementsData_logId:0,FactCardData_id:5]
6567001,407,338:16:27,0,[StatementsData_logId:0,FactCardData_id:3]
6567001,407,338:16:30,0,[StatementsData_logId:0,FactCardData_id:6]
6567001,407,338:16:30,0,[StatementsData_logId:0,FactCardData_id:6]
6567001,408,338:16:33,0,[StatementsData_logId:0,FactCardData_id:6,true]
6567001,409,338:16:33,0,[StatementsData_logId:0]
6567001,410,338:16:37,0,[StatementsData_logId:0,2]
6567001,412,338:16:41,0,[StatementsData_logId:0]
6567001,413,338:16:51,0,[StatementsData_logId:0,DuelResponsesData_logId:0]
6567001,414,338:16:54,0,[StatementsData_logId:0,DuelResponsesData_logId:0]
6567001,415,338:17:18,0,[StatementsData_logId:0,DuelResponsesData_logId:0,DuelResponsesData_ok_player_response]
6567001,416,338:17:19,0,[StatementsData_logId:0,DuelResponsesData_logId:0]
6567001,417,338:17:23,0,[StatementsData_logId:0,DuelResponsesData_logId:0]
6567001,413,338:17:27,0,[StatementsData_logId:0,DuelResponsesData_logId:1]
6567001,414,338:17:30,0,[StatementsData_logId:0,DuelResponsesData_logId:1]
6567001,415,338:17:42,0,[StatementsData_logId:0,DuelResponsesData_logId:1,DuelResponsesData_witty_player_response]
6567001,416,338:17:42,0,[StatementsData_logId:0,DuelResponsesData_logId:1]
6567001,417,338:17:46,0,[StatementsData_logId:0,DuelResponsesData_logId:1]
6567001,413,338:17:51,0,[StatementsData_logId:0,DuelResponsesData_logId:2]
6567001,414,338:17:57,0,[StatementsData_logId:0,DuelResponsesData_logId:2]
6567001,415,338:18:6,0,[StatementsData_logId:0,DuelResponsesData_logId:2,DuelResponsesData_ok_player_response]
6567001,416,338:18:7,0,[StatementsData_logId:0,DuelResponsesData_logId:2]
6567001,417,338:18:14,0,[StatementsData_logId:0,DuelResponsesData_logId:2]
6567001,418,338:18:14,0,[StatementsData_logId:0,true]
6567001,419,338:18:17,0,[StatementsData_logId:0,4]
6567001,411,338:18:22,0,[StatementsData_logId:0]
6567001,401,338:18:24,0,[StatementsData_logId:1]
6567001,402,338:20:11,0,[StatementsData_logId:1,true]
6567001,405,338:20:13,0,[StatementsData_logId:1]
6567001,406,338:20:21,0,[StatementsData_logId:1,2]
6567001,411,338:20:25,0,[StatementsData_logId:1]
6567001,401,338:20:26,0,[StatementsData_logId:2]
6567001,404,338:20:28,0,[StatementsData_logId:2,true]
6567001,406,338:20:30,0,[StatementsData_logId:2,2]
6567001,412,338:20:31,0,[StatementsData_logId:2]
6567001,413,338:20:34,0,[StatementsData_logId:2,DuelResponsesData_logId:3]
6567001,414,338:20:44,0,[StatementsData_logId:2,DuelResponsesData_logId:3]
6567001,415,338:21:17,0,[StatementsData_logId:2,DuelResponsesData_logId:3,DuelResponsesData_ok_player_response]
6567001,416,338:21:18,0,[StatementsData_logId:2,DuelResponsesData_logId:3]
6567001,417,338:21:21,0,[StatementsData_logId:2,DuelResponsesData_logId:3]
6567001,413,338:21:26,0,[StatementsData_logId:2,DuelResponsesData_logId:4]
6567001,414,338:21:33,0,[StatementsData_logId:2,DuelResponsesData_logId:4]
6567001,415,338:21:40,0,[StatementsData_logId:2,DuelResponsesData_logId:4,DuelResponsesData_witty_player_response]
6567001,416,338:21:41,0,[StatementsData_logId:2,DuelResponsesData_logId:4]
6567001,417,338:21:44,0,[StatementsData_logId:2,DuelResponsesData_logId:4]
6567001,413,338:21:47,0,[StatementsData_logId:2,DuelResponsesData_logId:5]
6567001,414,338:21:49,0,[StatementsData_logId:2,DuelResponsesData_logId:5]
6567001,415,338:21:56,0,[StatementsData_logId:2,DuelResponsesData_logId:5,DuelResponsesData_ok_player_response]
6567001,416,338:21:57,0,[StatementsData_logId:2,DuelResponsesData_logId:5]
6567001,417,338:22:3,0,[StatementsData_logId:2,DuelResponsesData_logId:5]
6567001,418,338:22:3,0,[StatementsData_logId:2,true]
6567001,419,338:22:7,0,[StatementsData_logId:2,4]
6567001,411,338:22:13,0,[StatementsData_logId:2]
6567001,401,338:22:16,0,[StatementsData_logId:3]
6567001,403,338:22:18,0,[StatementsData_logId:3,true]
6567001,405,338:22:22,0,[StatementsData_logId:3]
6567001,406,338:22:27,0,[StatementsData_logId:3,2]
6567001,407,338:22:27,0,[StatementsData_logId:3,FactCardData_id:0]
6567001,407,338:22:27,0,[StatementsData_logId:3,FactCardData_id:4]
6567001,407,338:22:27,0,[StatementsData_logId:3,FactCardData_id:5]
6567001,407,338:22:27,0,[StatementsData_logId:3,FactCardData_id:3]
6567001,407,338:22:27,0,[StatementsData_logId:3,FactCardData_id:6]
6567001,407,338:22:27,0,[StatementsData_logId:3,FactCardData_id:7]
6567001,407,338:22:50,0,[StatementsData_logId:3,FactCardData_id:0]
6567001,407,338:22:50,0,[StatementsData_logId:3,FactCardData_id:0]
6567001,407,338:22:53,0,[StatementsData_logId:3,FactCardData_id:7]
6567001,407,338:22:53,0,[StatementsData_logId:3,FactCardData_id:0]
6567001,407,338:22:53,0,[StatementsData_logId:3,FactCardData_id:7]
6567001,407,338:22:54,0,[StatementsData_logId:3,FactCardData_id:3]
6567001,407,338:22:54,0,[StatementsData_logId:3,FactCardData_id:7]
6567001,407,338:22:54,0,[StatementsData_logId:3,FactCardData_id:3]
6567001,407,338:22:54,0,[StatementsData_logId:3,FactCardData_id:4]
6567001,407,338:22:54,0,[StatementsData_logId:3,FactCardData_id:3]
6567001,407,338:22:54,0,[StatementsData_logId:3,FactCardData_id:4]
6567001,407,338:22:55,0,[StatementsData_logId:3,FactCardData_id:6]
6567001,407,338:22:55,0,[StatementsData_logId:3,FactCardData_id:4]
6567001,407,338:22:55,0,[StatementsData_logId:3,FactCardData_id:6]
6567001,407,338:22:55,0,[StatementsData_logId:3,FactCardData_id:5]
6567001,407,338:22:55,0,[StatementsData_logId:3,FactCardData_id:6]
6567001,407,338:22:55,0,[StatementsData_logId:3,FactCardData_id:5]
6567001,407,338:22:56,0,[StatementsData_logId:3,FactCardData_id:6]
6567001,407,338:22:56,0,[StatementsData_logId:3,FactCardData_id:5]
6567001,407,338:22:56,0,[StatementsData_logId:3,FactCardData_id:6]
6567001,407,338:22:56,0,[StatementsData_logId:3,FactCardData_id:5]
6567001,407,338:22:56,0,[StatementsData_logId:3,FactCardData_id:6]
6567001,407,338:22:56,0,[StatementsData_logId:3,FactCardData_id:5]
6567001,407,338:22:56,0,[StatementsData_logId:3,FactCardData_id:0]
6567001,407,338:22:56,0,[StatementsData_logId:3,FactCardData_id:5]
6567001,407,338:22:56,0,[StatementsData_logId:3,FactCardData_id:0]
6567001,407,338:22:56,0,[StatementsData_logId:3,FactCardData_id:6]
6567001,407,338:22:56,0,[StatementsData_logId:3,FactCardData_id:0]
6567001,407,338:22:56,0,[StatementsData_logId:3,FactCardData_id:6]
6567001,407,338:22:57,0,[StatementsData_logId:3,FactCardData_id:0]
6567001,407,338:22:57,0,[StatementsData_logId:3,FactCardData_id:6]
6567001,407,338:22:57,0,[StatementsData_logId:3,FactCardData_id:0]
6567001,407,338:22:57,0,[StatementsData_logId:3,FactCardData_id:6]
6567001,407,338:22:57,0,[StatementsData_logId:3,FactCardData_id:0]
6567001,407,338:22:57,0,[StatementsData_logId:3,FactCardData_id:6]
6567001,407,338:22:57,0,[StatementsData_logId:3,FactCardData_id:0]
6567001,407,338:22:57,0,[StatementsData_logId:3,FactCardData_id:6]
6567001,407,338:22:57,0,[StatementsData_logId:3,FactCardData_id:0]
6567001,408,338:22:58,0,[StatementsData_logId:3,FactCardData_id:0,true]
6567001,409,338:22:58,0,[StatementsData_logId:3]
6567001,410,338:23:1,0,[StatementsData_logId:3,2]
6567001,412,338:23:3,0,[StatementsData_logId:3]
6567001,413,338:23:6,0,[StatementsData_logId:3,DuelResponsesData_logId:6]
6567001,414,338:23:7,0,[StatementsData_logId:3,DuelResponsesData_logId:6]
6567001,415,338:23:13,0,[StatementsData_logId:3,DuelResponsesData_logId:6,DuelResponsesData_witty_player_response]
6567001,416,338:23:14,0,[StatementsData_logId:3,DuelResponsesData_logId:6]
6567001,417,338:23:16,0,[StatementsData_logId:3,DuelResponsesData_logId:6]
6567001,413,338:23:27,0,[StatementsData_logId:3,DuelResponsesData_logId:7]
6567001,414,338:23:28,0,[StatementsData_logId:3,DuelResponsesData_logId:7]
6567001,415,338:23:32,0,[StatementsData_logId:3,DuelResponsesData_logId:7,DuelResponsesData_witty_player_response]
6567001,416,338:23:33,0,[StatementsData_logId:3,DuelResponsesData_logId:7]
6567001,417,338:23:35,0,[StatementsData_logId:3,DuelResponsesData_logId:7]
6567001,413,338:23:48,0,[StatementsData_logId:3,DuelResponsesData_logId:8]
6567001,414,338:23:50,0,[StatementsData_logId:3,DuelResponsesData_logId:8]
6567001,415,338:23:58,0,[StatementsData_logId:3,DuelResponsesData_logId:8,DuelResponsesData_witty_player_response]
6567001,416,338:23:59,0,[StatementsData_logId:3,DuelResponsesData_logId:8]
6567001,417,338:24:1,0,[StatementsData_logId:3,DuelResponsesData_logId:8]
6567001,418,338:24:1,0,[StatementsData_logId:3,true]
6567001,419,338:24:15,0,[StatementsData_logId:3,4]
6567001,411,338:24:18,0,[StatementsData_logId:3]
6567001,401,338:24:52,0,[StatementsData_logId:4]
6567001,402,338:24:55,0,[StatementsData_logId:4,true]
6567001,405,338:24:56,0,[StatementsData_logId:4]
6567001,406,338:24:58,0,[StatementsData_logId:4,2]
6567001,411,338:25:4,0,[StatementsData_logId:4]
6567001,401,338:25:7,0,[StatementsData_logId:5]
6567001,404,338:25:8,0,[StatementsData_logId:5,true]
6567001,406,338:25:10,0,[StatementsData_logId:5,2]
6567001,412,338:25:13,0,[StatementsData_logId:5]
6567001,413,338:25:15,0,[StatementsData_logId:5,DuelResponsesData_logId:9]
6567001,414,338:25:16,0,[StatementsData_logId:5,DuelResponsesData_logId:9]
6567001,415,338:25:20,0,[StatementsData_logId:5,DuelResponsesData_logId:9,DuelResponsesData_witty_player_response]
6567001,416,338:25:21,0,[StatementsData_logId:5,DuelResponsesData_logId:9]
6567001,417,338:25:24,0,[StatementsData_logId:5,DuelResponsesData_logId:9]
6567001,413,338:25:26,0,[StatementsData_logId:5,DuelResponsesData_logId:10]
6567001,414,338:25:28,0,[StatementsData_logId:5,DuelResponsesData_logId:10]
6567001,415,338:26:11,0,[StatementsData_logId:5,DuelResponsesData_logId:10,DuelResponsesData_witty_player_response]
6567001,416,338:26:12,0,[StatementsData_logId:5,DuelResponsesData_logId:10]
6567001,417,338:26:15,0,[StatementsData_logId:5,DuelResponsesData_logId:10]
6567001,413,338:26:18,0,[StatementsData_logId:5,DuelResponsesData_logId:11]
6567001,414,338:26:36,0,[StatementsData_logId:5,DuelResponsesData_logId:11]
6567001,415,338:27:0,0,[StatementsData_logId:5,DuelResponsesData_logId:11,DuelResponsesData_witty_player_response]
6567001,416,338:27:1,0,[StatementsData_logId:5,DuelResponsesData_logId:11]
6567001,417,338:27:8,0,[StatementsData_logId:5,DuelResponsesData_logId:11]
6567001,418,338:27:8,0,[StatementsData_logId:5,true]
6567001,419,338:27:12,0,[StatementsData_logId:5,4]
6567001,411,338:27:24,0,[StatementsData_logId:5]
6567001,420,338:27:24,0,[64]
6567001,1005,338:27:24,0,[0,2,3]
6567001,1001,338:27:27,0,[]
6567001,1003,338:27:27,0
6567001,1004,338:27:28,0
6567001,400,338:27:32,0,[]
6567001,1002,338:27:35,0
6567001,1003,338:27:35,0
6567001,212,338:27:41,2
6567001,210,338:27:44,1329,554
6567001,211,338:27:48,598,135
6567001,213,338:27:48,0,s_atwoodPoster_gen,true
6567001,213,338:27:51,0,s_atwoodPoster_gen,true
6567001,210,338:27:53,703,272
6567001,211,338:27:54,772,175
6567001,213,338:27:54,0,s_shakespearePoster_gen,true
6567001,210,338:27:56,717,315
6567001,211,338:27:56,895,165
6567001,213,338:27:56,0,s_poePoster_gen,true
6567001,212,338:28:0,0
6567001,210,338:28:1,1405,479
6567001,207,338:28:1,0,-400,-518
6567001,211,338:28:5,1247,164
6567001,213,338:28:5,0,s_clock_G7a1P,true
6567001,210,338:28:8,1182,194
6567001,211,338:28:18,975,456
6567001,213,338:28:18,0,c_bestFriend_F_a_G7a1P,true
6567001,205,338:28:18,0,c_bestFriend_F_a_G7a1P,false,false
6567001,210,338:28:25,1050,283
6567001,207,338:28:29,0,-518,0
6567001,211,338:28:34,940,384
6567001,213,338:28:34,0,c_bestFriend_F_a_G7a1P,true
6567001,205,338:28:34,0,c_bestFriend_F_a_G7a1P,false,true
6567001,212,338:28:51,1
6567001,210,338:28:53,22,58
6567001,211,338:29:32,611,138
6567001,213,338:29:32,0,s_atwoodPoster_gen,true
6567001,210,338:29:34,630,160
6567001,211,338:29:38,652,366
6567001,213,338:29:38,0,s_paperPlayers_G7a1P,true
6567001,210,338:29:48,739,349
6567001,211,338:29:49,717,486
6567001,213,338:29:49,0,c_teacherEng_G7a1P,true
6567001,205,338:29:49,0,c_teacherEng_G7a1P,false,true
6567001,210,338:29:56,749,335
6567001,207,338:29:59,0,0,-518
6567001,211,338:30:3,828,121
6567001,210,338:30:4,952,135
6567001,211,338:30:6,1236,190
6567001,213,338:30:6,0,s_clock_G7a1P,true
6567001,210,338:30:8,1050,330
6567001,211,338:30:10,697,170
6567001,213,338:30:10,0,s_angelouPoster_gen,true
6567001,210,338:30:16,1002,359
6567001,211,338:30:18,750,360
6567001,213,338:30:18,0,c_teacherEng_G7a1P,true
6567001,205,338:30:18,0,c_teacherEng_G7a1P,false,true
6567001,210,338:30:22,883,488
6567001,211,338:30:23,664,364
6567001,213,338:30:23,0,s_paperPlayers_G7a1P,true
6567001,210,338:30:26,781,466
6567001,211,338:30:27,776,473
6567001,213,338:30:27,0,c_teacherEng_G7a1P,true
6567001,205,338:30:27,0,c_teacherEng_G7a1P,false,true
6567001,210,338:30:31,990,495
6567001,211,338:30:31,977,503
6567001,210,338:30:32,1045,457
6567001,211,338:30:33,1526,600
6567001,212,338:30:33,0
6567001,210,338:30:56,1046,293
6567001,207,338:31:17,0,-518,-203
6567001,207,338:31:18,0,-203,0
6567001,207,338:31:21,0,0,-180
6567001,207,338:31:23,0,-180,-15
6567001,207,338:31:25,0,-15,-518
6567001,211,338:31:25,1495,323
6567001,210,338:31:26,640,491
6567001,207,338:31:28,0,-518,0
6567001,211,338:31:28,66,497
6567001,210,338:31:29,919,335
6567001,207,338:31:30,0,0,-518
6567001,211,338:31:31,1527,347
6567001,210,338:31:31,460,485
6567001,207,338:31:32,0,-518,0
6567001,211,338:31:33,28,477
6567001,210,338:31:33,1070,417
6567001,207,338:31:34,0,0,-518
6567001,211,338:31:34,1516,418
6567001,210,338:31:35,470,430
6567001,211,338:31:36,290,432
6567001,207,338:31:36,0,-518,-263
6567001,210,338:31:36,1314,451
6567001,207,338:31:37,0,-263,-518
6567001,211,338:31:37,1495,454
6567001,210,338:31:38,614,458
6567001,207,338:31:41,0,-518,0
6567001,211,338:31:52,391,614
6567001,210,338:31:54,516,400
6567001,211,338:31:56,760,120
6567001,213,338:31:56,0,s_shakespearePoster_gen,true
6567001,210,338:32:1,504,196
6567001,211,338:32:2,609,142
6567001,213,338:32:2,0,s_atwoodPoster_gen,true
6567001,210,338:32:5,568,235
6567001,211,338:32:6,696,111
6567001,213,338:32:6,0,s_angelouPoster_gen,true
6567001,210,338:32:8,668,298
6567001,211,338:32:9,887,136
6567001,213,338:32:9,0,s_poePoster_gen,true
6567001,210,338:32:11,771,131
6567001,211,338:32:11,789,121
6567001,213,338:32:11,0,s_shakespearePoster_gen,true
6567001,210,338:32:16,587,359
6567001,207,338:32:17,0,0,-150
6567001,207,338:32:19,0,-150,-165
6567001,207,338:32:20,0,-165,-285
6567001,211,338:32:21,1225,387
6567001,210,338:32:22,1097,533
6567001,211,338:32:24,964,593
6567001,213,338:32:24,0,c_bestFriend_F_a_G7a1P,true
6567001,205,338:32:24,0,c_bestFriend_F_a_G7a1P,false,true
6567001,221,338:32:52,0
6567001,220,338:33:10,0
6567001,212,338:33:12,1
6567001,210,338:33:14,1211,505
6567001,207,338:33:15,0,-285,-518
6567001,211,338:33:17,1521,316
6567001,213,338:33:17,0,s_paperEnglish_gen,true
6567001,205,338:33:17,0,s_paperEnglish_gen,false,false
6567001,221,338:33:23,0
6567001,220,338:33:25,0
6567001,203,338:33:25,0
6567001,100,338:33:35,1
6567001,102,338:33:40,1
6567001,200,338:33:40,1,3,3,3,0,6
6567001,219,338:33:40,1
6567001,216,338:33:41,Stack_G7b0
6567001,217,338:34:4,Stack_G7b0,20,1.0
6567001,218,338:34:12,1
6567001,210,338:34:15,987,425
6567001,211,338:34:17,1512,431
6567001,207,338:34:17,1,-500,-530
6567001,212,338:34:17,2
6567001,210,338:34:18,1408,576
6567001,211,338:34:19,1369,571
6567001,213,338:34:19,1,c_cousin_F_a_G7b0,true
6567001,210,338:34:26,925,413
6567001,207,338:34:27,1,-530,-395
6567001,211,338:34:28,694,516
6567001,213,338:34:28,1,c_crewKid2_F_G7b0,true
6567001,210,338:34:31,883,402
6567001,207,338:34:32,1,-395,0
6567001,211,338:34:36,193,477
6567001,210,338:34:36,190,495
6567001,211,338:34:37,304,495
6567001,213,338:34:37,1,c_cousinsBrothersFriend_a_G7b0,true
6567001,210,338:34:42,348,521
6567001,211,338:34:43,356,449
6567001,213,338:34:43,1,c_cousinsBrothersFriendsGF_G7b0,true
6567001,210,338:34:47,334,447
6567001,211,338:34:48,412,375
6567001,213,338:34:48,1,c_cousinsBrother_a_G7b0,true
