6566002,0,0:41:54,10/8/2013 4:03:54pm
6566002,100,0:41:58,0
6566002,102,0:42:13,0
6566002,200,0:42:13,0,0,0,2,0,6
6566002,210,0:42:17,800,283
6566002,211,0:42:18,792,316
6566002,213,0:42:18,0,c_teacherEng_G7a0,true
6566002,205,0:42:18,0,c_teacherEng_G7a0,false,true
6566002,213,0:42:24,0,c_bestFriend_F_a_G7a0,true
6566002,205,0:42:24,0,c_bestFriend_F_a_G7a0,false,true
6566002,210,0:42:31,620,531
6566002,207,0:42:34,0,-200,-518.45
6566002,211,0:42:35,1425,510
6566002,213,0:42:35,0,c_friend1_F_a_G7a0,true
6566002,210,0:42:43,1059,543
6566002,207,0:42:47,0,-518.45,0
6566002,211,0:42:51,1112,209
6566002,207,0:42:51,0,0,-150
6566002,212,0:42:53,1
6566002,210,0:42:54,994,404
6566002,207,0:42:57,0,-150,0
6566002,211,0:42:57,64,648
6566002,210,0:43:3,1317,203
6566002,211,0:43:5,734,520
6566002,210,0:43:29,826,364
6566002,211,0:43:31,310,554
6566002,207,0:43:38,0,-200,-215
6566002,210,0:43:38,1138,245
6566002,207,0:43:40,0,-215,-425
6566002,211,0:43:42,1224,589
6566002,212,0:43:43,0
6566002,210,0:43:44,1301,457
6566002,211,0:43:47,644,602
6566002,213,0:43:47,0,s_otherStudent1_G7a0,true
6566002,221,0:44:4,0
6566002,300,0:44:8
6566002,220,0:44:8,0
6566002,302,0:44:19,0,1,0,7
6566002,303,0:44:26,0,1,0,7
6566002,304,0:45:3,0,1,0,0,ange,7,cool & funny
6566002,302,0:45:8,0,1,1,8
6566002,302,0:45:10,0,1,1,14
6566002,303,0:45:14,0,1,1,14
6566002,304,0:45:21,0,1,1,5,tired,14,happy
6566002,302,0:45:30,0,3,0,0
6566002,304,0:45:32,0,3,0,1,,0,
6566002,304,0:45:51,0,0,0,3,,3,
6566002,302,0:45:59,0,2,0,11
6566002,302,0:46:1,0,2,0,3
6566002,304,0:46:1,0,2,0,0,family,3,family
6566002,304,0:46:8,0,2,2,6,talented,6,talented
6566002,302,0:46:10,0,2,1,5
6566002,302,0:46:18,0,2,1,15
6566002,302,0:46:19,0,2,1,12
6566002,304,0:46:20,0,2,1,3,peace,12,peace
6566002,302,0:46:25,0,2,2,14
6566002,304,0:46:26,0,2,2,6,talented,14,talented
6566002,303,0:46:29,0,2,2,14
6566002,304,0:46:39,0,2,2,14,talented,14,awsome
6566002,303,0:46:45,0,2,1,12
6566002,302,0:46:51,0,2,1,5
6566002,304,0:46:51,0,2,1,12,peace,5,fun
6566002,302,0:46:54,0,2,1,12
6566002,304,0:46:56,0,2,1,5,fun,12,fun
6566002,100,0:47:4,0
6566002,102,0:47:6,0
6566002,200,0:47:6,0,0,0,2,0,6
6566002,210,0:47:9,393,355
6566002,211,0:47:13,368,345
6566002,212,0:47:38,1
6566002,210,0:47:38,586,343
6566002,211,0:47:38,1160,320
6566002,207,0:47:38,0,-200,-215
6566002,207,0:47:39,0,-215,-170
6566002,210,0:47:39,279,382
6566002,211,0:47:40,939,360
6566002,221,0:47:42,0
6566002,220,0:47:54,0
6566002,221,0:47:55,0
6566002,220,0:48:11,0
6566002,212,0:48:13,0
6566002,210,0:48:14,1085,564
6566002,211,0:48:15,1063,625
6566002,213,0:48:15,0,s_vocabAssignment_G7a0,true
6566002,212,0:48:19,1
6566002,210,0:48:20,1072,545
6566002,211,0:48:20,1072,545
6566002,210,0:48:20,1073,577
6566002,211,0:48:21,1076,597
6566002,213,0:48:21,0,s_vocabAssignment_G7a0,true
6566002,210,0:48:23,1091,479
6566002,211,0:48:24,667,599
6566002,213,0:48:24,0,s_otherStudent1_G7a0,true
6566002,212,0:48:36,2
6566002,210,0:48:37,705,515
6566002,211,0:48:37,634,569
6566002,213,0:48:37,0,s_otherStudent1_G7a0,true
6566002,212,0:48:40,0
6566002,210,0:48:41,905,526
6566002,207,0:48:44,0,-170,0
6566002,211,0:48:46,338,480
6566002,204,0:48:47,0
6566002,1003,0:48:50,3
6566002,1003,0:48:56,2
6566002,1004,0:48:57,0
6566002,900,0:48:59,0,[]
6566002,901,0:49:2,0,[PeopleData_id:3]
6566002,904,0:49:2,0,[PeopleData_id:3]
6566002,902,0:49:3,0,[PeopleData_id:3,PeopleData_data0Type]
6566002,902,0:49:4,0,[PeopleData_id:3,PeopleData_data0Type]
6566002,902,0:49:7,0,[PeopleData_id:3,PeopleData_data1Type]
6566002,902,0:49:9,0,[PeopleData_id:3,PeopleData_data2Type]
6566002,903,0:49:13,0,[PeopleData_id3,PeopleData_data2Type]
6566002,901,0:49:14,0,[PeopleData_id:3]
6566002,904,0:49:14,0,[PeopleData_id:3]
6566002,905,0:49:17,0,[PeopleData_id:3,RankTypes_id:-1,RankTypes_id:4]
6566002,901,0:49:18,0,[PeopleData_id:4]
6566002,902,0:49:19,0,[PeopleData_id:4,PeopleData_data0Type]
6566002,902,0:49:24,0,[PeopleData_id:4,PeopleData_data1Type]
6566002,902,0:49:26,0,[PeopleData_id:4,PeopleData_data2Type]
6566002,902,0:49:31,0,[PeopleData_id:4,PeopleData_data3Type]
6566002,903,0:49:34,0,[PeopleData_id4,PeopleData_data3Type]
6566002,901,0:49:37,0,[PeopleData_id:4]
6566002,904,0:49:37,0,[PeopleData_id:4]
6566002,905,0:49:38,0,[PeopleData_id:4,RankTypes_id:-1,RankTypes_id:3]
6566002,901,0:49:41,0,[PeopleData_id:1]
6566002,902,0:49:42,0,[PeopleData_id:1,PeopleData_data0Type]
6566002,902,0:49:48,0,[PeopleData_id:1,PeopleData_data1Type]
6566002,902,0:49:54,0,[PeopleData_id:1,PeopleData_data2Type]
6566002,902,0:49:58,0,[PeopleData_id:1,PeopleData_data3Type]
6566002,903,0:50:4,0,[PeopleData_id1,PeopleData_data3Type]
6566002,901,0:50:4,0,[PeopleData_id:1]
6566002,904,0:50:5,0,[PeopleData_id:1]
6566002,905,0:50:5,0,[PeopleData_id:1,RankTypes_id:-1,RankTypes_id:3]
6566002,901,0:50:6,0,[PeopleData_id:2]
6566002,902,0:50:9,0,[PeopleData_id:2,PeopleData_data0Type]
6566002,902,0:50:13,0,[PeopleData_id:2,PeopleData_data1Type]
6566002,902,0:50:18,0,[PeopleData_id:2,PeopleData_data2Type]
6566002,902,0:50:23,0,[PeopleData_id:2,PeopleData_data3Type]
6566002,903,0:50:28,0,[PeopleData_id2,PeopleData_data3Type]
6566002,901,0:50:28,0,[PeopleData_id:2]
6566002,904,0:50:28,0,[PeopleData_id:2]
6566002,901,0:50:31,0,[PeopleData_id:2]
6566002,904,0:50:31,0,[PeopleData_id:2]
6566002,905,0:50:32,0,[PeopleData_id:2,RankTypes_id:-1,RankTypes_id:3]
6566002,901,0:50:34,0,[PeopleData_id:0]
6566002,902,0:50:37,0,[PeopleData_id:0,PeopleData_data0Type]
6566002,902,0:50:41,0,[PeopleData_id:0,PeopleData_data1Type]
6566002,902,0:50:42,0,[PeopleData_id:0,PeopleData_data2Type]
6566002,902,0:50:43,0,[PeopleData_id:0,PeopleData_data3Type]
6566002,903,0:50:43,0,[PeopleData_id0,PeopleData_data3Type]
6566002,901,0:50:44,0,[PeopleData_id:0]
6566002,904,0:50:44,0,[PeopleData_id:0]
6566002,905,0:50:44,0,[PeopleData_id:0,RankTypes_id:-1,RankTypes_id:4]
6566002,906,0:50:44,0,[]
6566002,907,0:50:46,0,[]
6566002,908,0:50:46,0,[InvitationData_id:8,PeopleData_id:0,RankTypes_id:4]
6566002,909,0:50:52,0,[InvitationData_id:8,PeopleData_id:0,RankTypes_id:4,1]
6566002,910,0:50:54,0,[InvitationData_id:8,9,false]
6566002,908,0:50:54,0,[InvitationData_id:0,PeopleData_id:0,RankTypes_id:4]
6566002,909,0:50:57,0,[InvitationData_id:0,PeopleData_id:0,RankTypes_id:4,1]
6566002,910,0:50:59,0,[InvitationData_id:0,9,false]
6566002,908,0:50:59,0,[InvitationData_id:2,PeopleData_id:2,RankTypes_id:3]
6566002,909,0:51:6,0,[InvitationData_id:2,PeopleData_id:2,RankTypes_id:3,0]
6566002,910,0:51:7,0,[InvitationData_id:2,-7,false]
6566002,908,0:51:7,0,[InvitationData_id:1,PeopleData_id:0,RankTypes_id:4]
6566002,909,0:51:15,0,[InvitationData_id:1,PeopleData_id:0,RankTypes_id:4,1]
6566002,910,0:51:16,0,[InvitationData_id:1,9,false]
6566002,908,0:51:16,0,[InvitationData_id:10,PeopleData_id:2,RankTypes_id:3]
6566002,909,0:51:21,0,[InvitationData_id:10,PeopleData_id:2,RankTypes_id:3,1]
6566002,910,0:51:24,0,[InvitationData_id:10,0,true]
6566002,908,0:51:24,0,[InvitationData_id:7,PeopleData_id:1,RankTypes_id:3]
6566002,909,0:51:34,0,[InvitationData_id:7,PeopleData_id:1,RankTypes_id:3,1]
6566002,910,0:51:37,0,[InvitationData_id:7,0,true]
6566002,908,0:51:37,0,[InvitationData_id:9,PeopleData_id:1,RankTypes_id:3]
6566002,909,0:51:47,0,[InvitationData_id:9,PeopleData_id:1,RankTypes_id:3,0]
6566002,910,0:51:48,0,[InvitationData_id:9,-7,false]
6566002,908,0:51:48,0,[InvitationData_id:6,PeopleData_id:0,RankTypes_id:4]
6566002,909,0:51:54,0,[InvitationData_id:6,PeopleData_id:0,RankTypes_id:4,1]
6566002,910,0:51:54,0,[InvitationData_id:6,9,false]
6566002,908,0:51:54,0,[InvitationData_id:3,PeopleData_id:3,RankTypes_id:4]
6566002,909,0:51:59,0,[InvitationData_id:3,PeopleData_id:3,RankTypes_id:4,1]
6566002,910,0:52:0,0,[InvitationData_id:3,9,false]
6566002,908,0:52:0,0,[InvitationData_id:5,PeopleData_id:1,RankTypes_id:3]
6566002,909,0:52:6,0,[InvitationData_id:5,PeopleData_id:1,RankTypes_id:3,1]
6566002,910,0:52:7,0,[InvitationData_id:5,0,true]
6566002,912,0:52:9,0,[]
6566002,1000,0:52:10,0,[]
6566002,900,0:52:11,0,[]
6566002,901,0:52:14,0,[PeopleData_id:4]
6566002,902,0:52:15,0,[PeopleData_id:4,PeopleData_data0Type]
6566002,902,0:52:17,0,[PeopleData_id:4,PeopleData_data1Type]
6566002,902,0:52:19,0,[PeopleData_id:4,PeopleData_data2Type]
6566002,902,0:52:22,0,[PeopleData_id:4,PeopleData_data3Type]
6566002,903,0:52:24,0,[PeopleData_id4,PeopleData_data3Type]
6566002,901,0:52:25,0,[PeopleData_id:4]
6566002,904,0:52:25,0,[PeopleData_id:4]
6566002,905,0:52:26,0,[PeopleData_id:4,RankTypes_id:-1,RankTypes_id:3]
6566002,901,0:52:27,0,[PeopleData_id:3]
6566002,902,0:52:28,0,[PeopleData_id:3,PeopleData_data0Type]
6566002,902,0:52:28,0,[PeopleData_id:3,PeopleData_data0Type]
6566002,902,0:52:32,0,[PeopleData_id:3,PeopleData_data1Type]
6566002,902,0:52:33,0,[PeopleData_id:3,PeopleData_data2Type]
6566002,903,0:52:34,0,[PeopleData_id3,PeopleData_data2Type]
6566002,901,0:52:36,0,[PeopleData_id:3]
6566002,904,0:52:36,0,[PeopleData_id:3]
6566002,905,0:52:37,0,[PeopleData_id:3,RankTypes_id:-1,RankTypes_id:4]
6566002,901,0:52:37,0,[PeopleData_id:1]
6566002,902,0:52:40,0,[PeopleData_id:1,PeopleData_data0Type]
6566002,902,0:52:43,0,[PeopleData_id:1,PeopleData_data1Type]
6566002,902,0:52:45,0,[PeopleData_id:1,PeopleData_data2Type]
6566002,902,0:52:47,0,[PeopleData_id:1,PeopleData_data3Type]
6566002,903,0:52:48,0,[PeopleData_id1,PeopleData_data3Type]
6566002,901,0:52:49,0,[PeopleData_id:1]
6566002,904,0:52:49,0,[PeopleData_id:1]
6566002,905,0:52:49,0,[PeopleData_id:1,RankTypes_id:-1,RankTypes_id:3]
6566002,901,0:52:50,0,[PeopleData_id:2]
6566002,902,0:52:51,0,[PeopleData_id:2,PeopleData_data0Type]
6566002,902,0:52:54,0,[PeopleData_id:2,PeopleData_data1Type]
6566002,902,0:52:56,0,[PeopleData_id:2,PeopleData_data2Type]
6566002,902,0:52:58,0,[PeopleData_id:2,PeopleData_data3Type]
6566002,903,0:52:59,0,[PeopleData_id2,PeopleData_data3Type]
6566002,901,0:52:59,0,[PeopleData_id:2]
6566002,904,0:52:59,0,[PeopleData_id:2]
6566002,905,0:53:0,0,[PeopleData_id:2,RankTypes_id:-1,RankTypes_id:3]
6566002,901,0:53:1,0,[PeopleData_id:0]
6566002,902,0:53:2,0,[PeopleData_id:0,PeopleData_data0Type]
6566002,902,0:53:3,0,[PeopleData_id:0,PeopleData_data1Type]
6566002,902,0:53:4,0,[PeopleData_id:0,PeopleData_data2Type]
6566002,902,0:53:5,0,[PeopleData_id:0,PeopleData_data3Type]
6566002,903,0:53:6,0,[PeopleData_id0,PeopleData_data3Type]
6566002,901,0:53:6,0,[PeopleData_id:0]
6566002,904,0:53:6,0,[PeopleData_id:0]
6566002,905,0:53:7,0,[PeopleData_id:0,RankTypes_id:-1,RankTypes_id:4]
6566002,906,0:53:7,0,[]
6566002,907,0:53:8,0,[]
6566002,908,0:53:8,0,[InvitationData_id:7,PeopleData_id:1,RankTypes_id:3]
6566002,909,0:53:12,0,[InvitationData_id:7,PeopleData_id:1,RankTypes_id:3,1]
6566002,910,0:53:14,0,[InvitationData_id:7,0,true]
6566002,908,0:53:14,0,[InvitationData_id:2,PeopleData_id:2,RankTypes_id:3]
6566002,909,0:53:22,0,[InvitationData_id:2,PeopleData_id:2,RankTypes_id:3,0]
6566002,910,0:53:24,0,[InvitationData_id:2,-7,false]
6566002,908,0:53:24,0,[InvitationData_id:0,PeopleData_id:0,RankTypes_id:4]
6566002,909,0:53:32,0,[InvitationData_id:0,PeopleData_id:0,RankTypes_id:4,1]
6566002,910,0:53:33,0,[InvitationData_id:0,9,false]
6566002,908,0:53:33,0,[InvitationData_id:6,PeopleData_id:0,RankTypes_id:4]
6566002,909,0:53:37,0,[InvitationData_id:6,PeopleData_id:0,RankTypes_id:4,1]
6566002,910,0:53:37,0,[InvitationData_id:6,9,false]
6566002,908,0:53:37,0,[InvitationData_id:10,PeopleData_id:2,RankTypes_id:3]
6566002,909,0:53:40,0,[InvitationData_id:10,PeopleData_id:2,RankTypes_id:3,0]
6566002,910,0:53:40,0,[InvitationData_id:10,-7,false]
6566002,908,0:53:40,0,[InvitationData_id:9,PeopleData_id:1,RankTypes_id:3]
6566002,909,0:53:43,0,[InvitationData_id:9,PeopleData_id:1,RankTypes_id:3,0]
6566002,910,0:53:44,0,[InvitationData_id:9,-7,false]
6566002,908,0:53:44,0,[InvitationData_id:1,PeopleData_id:0,RankTypes_id:4]
6566002,909,0:53:47,0,[InvitationData_id:1,PeopleData_id:0,RankTypes_id:4,1]
6566002,910,0:53:48,0,[InvitationData_id:1,9,false]
6566002,908,0:53:48,0,[InvitationData_id:4,PeopleData_id:1,RankTypes_id:3]
6566002,909,0:53:50,0,[InvitationData_id:4,PeopleData_id:1,RankTypes_id:3,0]
6566002,910,0:53:51,0,[InvitationData_id:4,-7,false]
6566002,908,0:53:51,0,[InvitationData_id:5,PeopleData_id:1,RankTypes_id:3]
6566002,909,0:53:54,0,[InvitationData_id:5,PeopleData_id:1,RankTypes_id:3,0]
6566002,910,0:53:55,0,[InvitationData_id:5,-7,false]
6566002,908,0:53:55,0,[InvitationData_id:8,PeopleData_id:0,RankTypes_id:4]
6566002,909,0:54:5,0,[InvitationData_id:8,PeopleData_id:0,RankTypes_id:4,1]
6566002,910,0:54:6,0,[InvitationData_id:8,9,false]
6566002,908,0:54:6,0,[InvitationData_id:3,PeopleData_id:3,RankTypes_id:4]
6566002,909,0:54:10,0,[InvitationData_id:3,PeopleData_id:3,RankTypes_id:4,0]
6566002,910,0:54:20,0,[InvitationData_id:3,-11,false]
6566002,911,0:54:23,0,[-10,1,1,1]
6566002,1001,0:54:25,0,[]
6566002,1003,0:54:25,2
6566002,1004,0:54:27,0
6566002,1002,0:54:33,0
6566002,1003,0:54:33,2
6566002,1003,0:54:36,0
6566002,1004,0:54:37,0
6566002,400,0:54:40,0,[]
6566002,401,0:54:57,0,[StatementsData_logId:0]
6566002,402,0:55:0,0,[StatementsData_logId:0,false]
6566002,405,0:55:1,0,[StatementsData_logId:0]
6566002,406,0:55:7,0,[StatementsData_logId:0,-2]
6566002,411,0:55:10,0,[StatementsData_logId:0]
6566002,401,0:55:16,0,[StatementsData_logId:1]
6566002,404,0:55:18,0,[StatementsData_logId:1,false]
6566002,405,0:55:19,0,[StatementsData_logId:1]
6566002,406,0:55:21,0,[StatementsData_logId:1,-2]
6566002,411,0:55:22,0,[StatementsData_logId:1]
6566002,401,0:55:30,0,[StatementsData_logId:2]
6566002,403,0:55:32,0,[StatementsData_logId:2,false]
6566002,405,0:55:33,0,[StatementsData_logId:2]
6566002,406,0:55:34,0,[StatementsData_logId:2,-2]
6566002,411,0:55:35,0,[StatementsData_logId:2]
6566002,401,0:55:36,0,[StatementsData_logId:3]
6566002,403,0:55:47,0,[StatementsData_logId:3,true]
6566002,405,0:55:48,0,[StatementsData_logId:3]
6566002,406,0:55:52,0,[StatementsData_logId:3,2]
6566002,407,0:55:52,0,[StatementsData_logId:3,FactCardData_id:6]
6566002,407,0:55:52,0,[StatementsData_logId:3,FactCardData_id:4]
6566002,407,0:55:52,0,[StatementsData_logId:3,FactCardData_id:5]
6566002,407,0:55:52,0,[StatementsData_logId:3,FactCardData_id:0]
6566002,407,0:55:52,0,[StatementsData_logId:3,FactCardData_id:3]
6566002,407,0:55:52,0,[StatementsData_logId:3,FactCardData_id:7]
6566002,407,0:55:56,0,[StatementsData_logId:3,FactCardData_id:6]
6566002,407,0:55:56,0,[StatementsData_logId:3,FactCardData_id:6]
6566002,407,0:56:4,0,[StatementsData_logId:3,FactCardData_id:5]
6566002,407,0:56:4,0,[StatementsData_logId:3,FactCardData_id:6]
6566002,407,0:56:4,0,[StatementsData_logId:3,FactCardData_id:5]
6566002,407,0:56:5,0,[StatementsData_logId:3,FactCardData_id:3]
6566002,407,0:56:5,0,[StatementsData_logId:3,FactCardData_id:5]
6566002,407,0:56:5,0,[StatementsData_logId:3,FactCardData_id:3]
6566002,407,0:56:7,0,[StatementsData_logId:3,FactCardData_id:4]
6566002,407,0:56:7,0,[StatementsData_logId:3,FactCardData_id:3]
6566002,407,0:56:7,0,[StatementsData_logId:3,FactCardData_id:4]
6566002,407,0:56:7,0,[StatementsData_logId:3,FactCardData_id:0]
6566002,407,0:56:7,0,[StatementsData_logId:3,FactCardData_id:4]
6566002,407,0:56:7,0,[StatementsData_logId:3,FactCardData_id:0]
6566002,407,0:56:8,0,[StatementsData_logId:3,FactCardData_id:7]
6566002,407,0:56:8,0,[StatementsData_logId:3,FactCardData_id:0]
6566002,407,0:56:8,0,[StatementsData_logId:3,FactCardData_id:7]
6566002,408,0:56:10,0,[StatementsData_logId:3,FactCardData_id:7,false]
6566002,406,0:56:15,0,[StatementsData_logId:3,-2]
6566002,411,0:56:16,0,[StatementsData_logId:3]
6566002,401,0:56:21,0,[StatementsData_logId:4]
6566002,402,0:56:22,0,[StatementsData_logId:4,true]
6566002,405,0:56:22,0,[StatementsData_logId:4]
6566002,406,0:56:31,0,[StatementsData_logId:4,2]
6566002,411,0:56:33,0,[StatementsData_logId:4]
6566002,401,0:56:41,0,[StatementsData_logId:5]
6566002,404,0:56:42,0,[StatementsData_logId:5,true]
6566002,406,0:56:43,0,[StatementsData_logId:5,2]
6566002,412,0:56:47,0,[StatementsData_logId:5]
6566002,413,0:56:50,0,[StatementsData_logId:5,DuelResponsesData_logId:9]
6566002,414,0:56:52,0,[StatementsData_logId:5,DuelResponsesData_logId:9]
6566002,415,0:57:2,0,[StatementsData_logId:5,DuelResponsesData_logId:9,DuelResponsesData_ok_player_response]
6566002,416,0:57:3,0,[StatementsData_logId:5,DuelResponsesData_logId:9]
6566002,417,0:57:6,0,[StatementsData_logId:5,DuelResponsesData_logId:9]
6566002,413,0:57:9,0,[StatementsData_logId:5,DuelResponsesData_logId:10]
6566002,414,0:57:12,0,[StatementsData_logId:5,DuelResponsesData_logId:10]
6566002,415,0:57:23,0,[StatementsData_logId:5,DuelResponsesData_logId:10,DuelResponsesData_ok_player_response]
6566002,416,0:57:23,0,[StatementsData_logId:5,DuelResponsesData_logId:10]
6566002,417,0:57:25,0,[StatementsData_logId:5,DuelResponsesData_logId:10]
6566002,413,0:57:30,0,[StatementsData_logId:5,DuelResponsesData_logId:11]
6566002,414,0:57:32,0,[StatementsData_logId:5,DuelResponsesData_logId:11]
6566002,415,0:57:40,0,[StatementsData_logId:5,DuelResponsesData_logId:11,DuelResponsesData_ok_player_response]
6566002,416,0:57:40,0,[StatementsData_logId:5,DuelResponsesData_logId:11]
6566002,417,0:57:42,0,[StatementsData_logId:5,DuelResponsesData_logId:11]
6566002,418,0:57:42,0,[StatementsData_logId:5,false]
6566002,419,0:58:2,0,[StatementsData_logId:5,-4]
6566002,411,0:58:3,0,[StatementsData_logId:5]
6566002,420,0:58:3,0,[26]
6566002,1000,0:58:4,0,[]
6566002,400,0:58:6,0,[]
6566002,401,0:58:9,0,[StatementsData_logId:0]
6566002,403,0:58:11,0,[StatementsData_logId:0,true]
6566002,405,0:58:12,0,[StatementsData_logId:0]
6566002,406,0:58:15,0,[StatementsData_logId:0,2]
6566002,407,0:58:15,0,[StatementsData_logId:0,FactCardData_id:5]
6566002,407,0:58:15,0,[StatementsData_logId:0,FactCardData_id:3]
6566002,407,0:58:15,0,[StatementsData_logId:0,FactCardData_id:6]
6566002,407,0:58:15,0,[StatementsData_logId:0,FactCardData_id:0]
6566002,407,0:58:15,0,[StatementsData_logId:0,FactCardData_id:4]
6566002,407,0:58:15,0,[StatementsData_logId:0,FactCardData_id:7]
6566002,407,0:58:18,0,[StatementsData_logId:0,FactCardData_id:3]
6566002,407,0:58:18,0,[StatementsData_logId:0,FactCardData_id:3]
6566002,407,0:58:21,0,[StatementsData_logId:0,FactCardData_id:0]
6566002,407,0:58:21,0,[StatementsData_logId:0,FactCardData_id:3]
6566002,407,0:58:21,0,[StatementsData_logId:0,FactCardData_id:0]
6566002,407,0:58:22,0,[StatementsData_logId:0,FactCardData_id:6]
6566002,407,0:58:22,0,[StatementsData_logId:0,FactCardData_id:0]
6566002,407,0:58:22,0,[StatementsData_logId:0,FactCardData_id:6]
6566002,407,0:58:23,0,[StatementsData_logId:0,FactCardData_id:4]
6566002,407,0:58:23,0,[StatementsData_logId:0,FactCardData_id:6]
6566002,407,0:58:23,0,[StatementsData_logId:0,FactCardData_id:4]
6566002,407,0:58:27,0,[StatementsData_logId:0,FactCardData_id:6]
6566002,407,0:58:27,0,[StatementsData_logId:0,FactCardData_id:4]
6566002,407,0:58:27,0,[StatementsData_logId:0,FactCardData_id:6]
6566002,408,0:58:29,0,[StatementsData_logId:0,FactCardData_id:6,true]
6566002,409,0:58:29,0,[StatementsData_logId:0]
6566002,410,0:58:32,0,[StatementsData_logId:0,2]
6566002,412,0:58:34,0,[StatementsData_logId:0]
6566002,413,0:58:42,0,[StatementsData_logId:0,DuelResponsesData_logId:0]
6566002,414,0:58:43,0,[StatementsData_logId:0,DuelResponsesData_logId:0]
6566002,415,0:58:48,0,[StatementsData_logId:0,DuelResponsesData_logId:0,DuelResponsesData_lame_player_response]
6566002,416,0:58:49,0,[StatementsData_logId:0,DuelResponsesData_logId:0]
6566002,417,0:58:50,0,[StatementsData_logId:0,DuelResponsesData_logId:0]
6566002,413,0:58:56,0,[StatementsData_logId:0,DuelResponsesData_logId:1]
6566002,414,0:58:57,0,[StatementsData_logId:0,DuelResponsesData_logId:1]
6566002,415,0:59:7,0,[StatementsData_logId:0,DuelResponsesData_logId:1,DuelResponsesData_ok_player_response]
6566002,416,0:59:8,0,[StatementsData_logId:0,DuelResponsesData_logId:1]
6566002,417,0:59:9,0,[StatementsData_logId:0,DuelResponsesData_logId:1]
6566002,413,0:59:20,0,[StatementsData_logId:0,DuelResponsesData_logId:2]
6566002,414,0:59:22,0,[StatementsData_logId:0,DuelResponsesData_logId:2]
6566002,415,0:59:32,0,[StatementsData_logId:0,DuelResponsesData_logId:2,DuelResponsesData_witty_player_response]
6566002,416,0:59:32,0,[StatementsData_logId:0,DuelResponsesData_logId:2]
6566002,417,0:59:35,0,[StatementsData_logId:0,DuelResponsesData_logId:2]
6566002,418,0:59:35,0,[StatementsData_logId:0,false]
6566002,419,0:59:46,0,[StatementsData_logId:0,-4]
6566002,411,0:59:48,0,[StatementsData_logId:0]
6566002,401,0:59:52,0,[StatementsData_logId:1]
6566002,404,0:59:54,0,[StatementsData_logId:1,false]
6566002,405,0:59:56,0,[StatementsData_logId:1]
6566002,406,1:0:6,0,[StatementsData_logId:1,-2]
6566002,411,1:0:7,0,[StatementsData_logId:1]
6566002,401,1:0:10,0,[StatementsData_logId:2]
6566002,404,1:0:11,0,[StatementsData_logId:2,true]
6566002,406,1:0:11,0,[StatementsData_logId:2,2]
6566002,412,1:0:14,0,[StatementsData_logId:2]
6566002,413,1:0:18,0,[StatementsData_logId:2,DuelResponsesData_logId:3]
6566002,414,1:0:19,0,[StatementsData_logId:2,DuelResponsesData_logId:3]
6566002,415,1:0:28,0,[StatementsData_logId:2,DuelResponsesData_logId:3,DuelResponsesData_witty_player_response]
6566002,416,1:0:28,0,[StatementsData_logId:2,DuelResponsesData_logId:3]
6566002,417,1:0:31,0,[StatementsData_logId:2,DuelResponsesData_logId:3]
6566002,413,1:0:44,0,[StatementsData_logId:2,DuelResponsesData_logId:4]
6566002,414,1:0:45,0,[StatementsData_logId:2,DuelResponsesData_logId:4]
6566002,415,1:1:4,0,[StatementsData_logId:2,DuelResponsesData_logId:4,DuelResponsesData_witty_player_response]
6566002,416,1:1:4,0,[StatementsData_logId:2,DuelResponsesData_logId:4]
6566002,417,1:1:7,0,[StatementsData_logId:2,DuelResponsesData_logId:4]
6566002,413,1:1:13,0,[StatementsData_logId:2,DuelResponsesData_logId:5]
6566002,414,1:1:14,0,[StatementsData_logId:2,DuelResponsesData_logId:5]
6566002,415,1:1:22,0,[StatementsData_logId:2,DuelResponsesData_logId:5,DuelResponsesData_witty_player_response]
6566002,416,1:1:22,0,[StatementsData_logId:2,DuelResponsesData_logId:5]
6566002,417,1:1:23,0,[StatementsData_logId:2,DuelResponsesData_logId:5]
6566002,418,1:1:23,0,[StatementsData_logId:2,true]
6566002,419,1:1:37,0,[StatementsData_logId:2,4]
6566002,411,1:1:38,0,[StatementsData_logId:2]
6566002,401,1:1:43,0,[StatementsData_logId:3]
6566002,403,1:1:45,0,[StatementsData_logId:3,true]
6566002,405,1:1:46,0,[StatementsData_logId:3]
6566002,406,1:1:49,0,[StatementsData_logId:3,2]
6566002,407,1:1:49,0,[StatementsData_logId:3,FactCardData_id:0]
6566002,407,1:1:49,0,[StatementsData_logId:3,FactCardData_id:7]
6566002,407,1:1:49,0,[StatementsData_logId:3,FactCardData_id:4]
6566002,407,1:1:49,0,[StatementsData_logId:3,FactCardData_id:3]
6566002,407,1:1:49,0,[StatementsData_logId:3,FactCardData_id:6]
6566002,407,1:1:49,0,[StatementsData_logId:3,FactCardData_id:5]
6566002,407,1:1:51,0,[StatementsData_logId:3,FactCardData_id:6]
6566002,407,1:1:51,0,[StatementsData_logId:3,FactCardData_id:6]
6566002,407,1:1:58,0,[StatementsData_logId:3,FactCardData_id:4]
6566002,407,1:1:58,0,[StatementsData_logId:3,FactCardData_id:6]
6566002,407,1:1:58,0,[StatementsData_logId:3,FactCardData_id:4]
6566002,407,1:2:2,0,[StatementsData_logId:3,FactCardData_id:7]
6566002,407,1:2:2,0,[StatementsData_logId:3,FactCardData_id:4]
6566002,407,1:2:2,0,[StatementsData_logId:3,FactCardData_id:7]
6566002,407,1:2:5,0,[StatementsData_logId:3,FactCardData_id:3]
6566002,407,1:2:5,0,[StatementsData_logId:3,FactCardData_id:7]
6566002,407,1:2:5,0,[StatementsData_logId:3,FactCardData_id:3]
6566002,407,1:2:7,0,[StatementsData_logId:3,FactCardData_id:5]
6566002,407,1:2:7,0,[StatementsData_logId:3,FactCardData_id:3]
6566002,407,1:2:7,0,[StatementsData_logId:3,FactCardData_id:5]
6566002,407,1:2:9,0,[StatementsData_logId:3,FactCardData_id:0]
6566002,407,1:2:9,0,[StatementsData_logId:3,FactCardData_id:5]
6566002,407,1:2:9,0,[StatementsData_logId:3,FactCardData_id:0]
6566002,408,1:2:14,0,[StatementsData_logId:3,FactCardData_id:0,true]
6566002,409,1:2:14,0,[StatementsData_logId:3]
6566002,410,1:2:16,0,[StatementsData_logId:3,2]
6566002,412,1:2:20,0,[StatementsData_logId:3]
6566002,413,1:2:26,0,[StatementsData_logId:3,DuelResponsesData_logId:6]
6566002,414,1:2:27,0,[StatementsData_logId:3,DuelResponsesData_logId:6]
6566002,415,1:2:35,0,[StatementsData_logId:3,DuelResponsesData_logId:6,DuelResponsesData_ok_player_response]
6566002,416,1:2:36,0,[StatementsData_logId:3,DuelResponsesData_logId:6]
6566002,417,1:2:37,0,[StatementsData_logId:3,DuelResponsesData_logId:6]
6566002,413,1:2:45,0,[StatementsData_logId:3,DuelResponsesData_logId:7]
6566002,414,1:2:45,0,[StatementsData_logId:3,DuelResponsesData_logId:7]
6566002,415,1:2:55,0,[StatementsData_logId:3,DuelResponsesData_logId:7,DuelResponsesData_witty_player_response]
6566002,416,1:2:56,0,[StatementsData_logId:3,DuelResponsesData_logId:7]
6566002,417,1:2:57,0,[StatementsData_logId:3,DuelResponsesData_logId:7]
6566002,413,1:3:6,0,[StatementsData_logId:3,DuelResponsesData_logId:8]
6566002,414,1:3:7,0,[StatementsData_logId:3,DuelResponsesData_logId:8]
6566002,415,1:3:11,0,[StatementsData_logId:3,DuelResponsesData_logId:8,DuelResponsesData_witty_player_response]
6566002,416,1:3:12,0,[StatementsData_logId:3,DuelResponsesData_logId:8]
6566002,417,1:3:13,0,[StatementsData_logId:3,DuelResponsesData_logId:8]
6566002,418,1:3:13,0,[StatementsData_logId:3,true]
6566002,419,1:3:18,0,[StatementsData_logId:3,4]
6566002,411,1:3:20,0,[StatementsData_logId:3]
6566002,401,1:3:23,0,[StatementsData_logId:4]
6566002,402,1:3:24,0,[StatementsData_logId:4,true]
6566002,405,1:3:25,0,[StatementsData_logId:4]
6566002,406,1:3:31,0,[StatementsData_logId:4,2]
6566002,411,1:3:32,0,[StatementsData_logId:4]
6566002,401,1:3:37,0,[StatementsData_logId:5]
6566002,404,1:3:38,0,[StatementsData_logId:5,true]
6566002,406,1:3:39,0,[StatementsData_logId:5,2]
6566002,412,1:3:43,0,[StatementsData_logId:5]
6566002,413,1:3:46,0,[StatementsData_logId:5,DuelResponsesData_logId:9]
6566002,414,1:3:47,0,[StatementsData_logId:5,DuelResponsesData_logId:9]
6566002,415,1:3:56,0,[StatementsData_logId:5,DuelResponsesData_logId:9,DuelResponsesData_ok_player_response]
6566002,416,1:3:57,0,[StatementsData_logId:5,DuelResponsesData_logId:9]
6566002,417,1:3:58,0,[StatementsData_logId:5,DuelResponsesData_logId:9]
6566002,413,1:4:2,0,[StatementsData_logId:5,DuelResponsesData_logId:10]
6566002,414,1:4:3,0,[StatementsData_logId:5,DuelResponsesData_logId:10]
6566002,415,1:4:10,0,[StatementsData_logId:5,DuelResponsesData_logId:10,DuelResponsesData_witty_player_response]
6566002,416,1:4:12,0,[StatementsData_logId:5,DuelResponsesData_logId:10]
6566002,417,1:4:13,0,[StatementsData_logId:5,DuelResponsesData_logId:10]
6566002,413,1:4:22,0,[StatementsData_logId:5,DuelResponsesData_logId:11]
6566002,414,1:4:23,0,[StatementsData_logId:5,DuelResponsesData_logId:11]
6566002,415,1:4:28,0,[StatementsData_logId:5,DuelResponsesData_logId:11,DuelResponsesData_witty_player_response]
6566002,416,1:4:29,0,[StatementsData_logId:5,DuelResponsesData_logId:11]
6566002,417,1:4:31,0,[StatementsData_logId:5,DuelResponsesData_logId:11]
6566002,418,1:4:31,0,[StatementsData_logId:5,true]
6566002,419,1:4:41,0,[StatementsData_logId:5,4]
6566002,411,1:4:43,0,[StatementsData_logId:5]
6566002,420,1:4:43,0,[52]
6566002,1005,1:4:43,0,[0,0,2]
6566002,1001,1:4:45,0,[]
6566002,1003,1:4:45,0
6566002,1003,1:5:1,1
6566002,1004,1:5:3,0
6566002,800,1:5:5,0,[]
6566002,801,1:5:6,0,[]
6566002,814,1:5:8,0,[5]
6566002,815,1:5:8,0,5,OpportunityCardData_id:32
6566002,816,1:5:17,0,5,OpportunityCardData_id:32
6566002,803,1:5:24,0,[OpportunityCardData_id:32,OpportunityCardConsequencesData_logId:1]
6566002,803,1:5:32,0,[OpportunityCardData_id:32,OpportunityCardConsequencesData_logId:0]
6566002,805,1:5:37,0,[OpportunityCardData_id:32]
6566002,807,1:5:40,0,[OpportunityCardData_id:32]
6566002,808,1:5:42,0,[OpportunityCardData_id:32]
6566002,809,1:5:48,0,[OpportunityCardData_id:32,Safe,false]
6566002,810,1:5:49,0,[OpportunityCardData_id:32,PriorityData_type:5,20,Safe,Safe]
6566002,814,1:5:53,0,[5]
6566002,815,1:5:53,0,5,OpportunityCardData_id:33
6566002,816,1:5:59,0,5,OpportunityCardData_id:33
6566002,803,1:6:0,0,[OpportunityCardData_id:33,OpportunityCardConsequencesData_logId:0]
6566002,803,1:6:2,0,[OpportunityCardData_id:33,OpportunityCardConsequencesData_logId:1]
6566002,803,1:6:4,0,[OpportunityCardData_id:33,OpportunityCardConsequencesData_logId:2]
6566002,805,1:6:7,0,[OpportunityCardData_id:33]
6566002,807,1:6:8,0,[OpportunityCardData_id:33]
6566002,808,1:6:10,0,[OpportunityCardData_id:33]
6566002,809,1:6:15,0,[OpportunityCardData_id:33,Safe,false]
6566002,810,1:6:15,0,[OpportunityCardData_id:33,PriorityData_type:5,15,Safe,Safe]
6566002,814,1:6:21,0,[4]
6566002,815,1:6:21,0,4,OpportunityCardData_id:22
6566002,816,1:6:27,0,4,OpportunityCardData_id:22
6566002,803,1:6:28,0,[OpportunityCardData_id:22,OpportunityCardConsequencesData_logId:0]
6566002,803,1:6:31,0,[OpportunityCardData_id:22,OpportunityCardConsequencesData_logId:1]
6566002,805,1:6:36,0,[OpportunityCardData_id:22]
6566002,807,1:6:39,0,[OpportunityCardData_id:22]
6566002,808,1:6:56,0,[OpportunityCardData_id:22]
6566002,809,1:7:0,0,[OpportunityCardData_id:22,PriorityData_type:5,false]
6566002,810,1:7:2,0,[OpportunityCardData_id:22,PriorityData_type:4,15,PriorityData_type:5,15]
6566002,814,1:7:7,0,[4]
6566002,815,1:7:7,0,4,OpportunityCardData_id:26
6566002,815,1:7:11,0,4,OpportunityCardData_id:27
6566002,815,1:7:12,0,4,OpportunityCardData_id:26
6566002,815,1:7:16,0,4,OpportunityCardData_id:27
6566002,816,1:7:21,0,4,OpportunityCardData_id:27
6566002,803,1:7:22,0,[OpportunityCardData_id:27,OpportunityCardConsequencesData_logId:0]
6566002,803,1:7:24,0,[OpportunityCardData_id:27,OpportunityCardConsequencesData_logId:1]
6566002,803,1:7:25,0,[OpportunityCardData_id:27,OpportunityCardConsequencesData_logId:2]
6566002,805,1:7:27,0,[OpportunityCardData_id:27]
6566002,807,1:7:28,0,[OpportunityCardData_id:27]
6566002,808,1:7:30,0,[OpportunityCardData_id:27]
6566002,809,1:7:35,0,[OpportunityCardData_id:27,PriorityData_type:2,false]
6566002,810,1:7:37,0,[OpportunityCardData_id:27,PriorityData_type:4,15,PriorityData_type:2,10]
6566002,814,1:7:41,0,[2]
6566002,815,1:7:41,0,2,OpportunityCardData_id:13
6566002,816,1:7:42,0,2,OpportunityCardData_id:13
6566002,803,1:7:43,0,[OpportunityCardData_id:13,OpportunityCardConsequencesData_logId:0]
6566002,803,1:7:43,0,[OpportunityCardData_id:13,OpportunityCardConsequencesData_logId:1]
6566002,803,1:7:44,0,[OpportunityCardData_id:13,OpportunityCardConsequencesData_logId:2]
6566002,805,1:7:46,0,[OpportunityCardData_id:13]
6566002,807,1:7:47,0,[OpportunityCardData_id:13]
6566002,808,1:7:49,0,[OpportunityCardData_id:13]
6566002,809,1:7:53,0,[OpportunityCardData_id:13,PriorityData_type:1,false]
6566002,810,1:7:54,0,[OpportunityCardData_id:13,PriorityData_type:2,15,PriorityData_type:1,15]
6566002,814,1:7:57,0,[1]
6566002,815,1:7:57,0,1,OpportunityCardData_id:7
6566002,816,1:8:4,0,1,OpportunityCardData_id:7
6566002,803,1:8:6,0,[OpportunityCardData_id:7,OpportunityCardConsequencesData_logId:0]
6566002,803,1:8:9,0,[OpportunityCardData_id:7,OpportunityCardConsequencesData_logId:1]
6566002,803,1:8:13,0,[OpportunityCardData_id:7,OpportunityCardConsequencesData_logId:2]
6566002,805,1:8:15,0,[OpportunityCardData_id:7]
6566002,806,1:8:19,0,[OpportunityCardData_id:7,PriorityData_type:2]
6566002,806,1:8:21,0,[OpportunityCardData_id:7,PriorityData_type:4]
6566002,806,1:8:30,0,[OpportunityCardData_id:7,PriorityData_type:3]
6566002,807,1:8:31,0,[OpportunityCardData_id:7]
6566002,808,1:8:34,0,[OpportunityCardData_id:7]
6566002,809,1:8:37,0,[OpportunityCardData_id:7,PriorityData_type:2,false]
6566002,810,1:8:38,0,[OpportunityCardData_id:7,PriorityData_type:1,20,PriorityData_type:2,25]
6566002,814,1:8:41,0,[0]
6566002,815,1:8:41,0,0,OpportunityCardData_id:0
6566002,816,1:8:46,0,0,OpportunityCardData_id:0
6566002,803,1:8:47,0,[OpportunityCardData_id:0,OpportunityCardConsequencesData_logId:0]
6566002,803,1:8:48,0,[OpportunityCardData_id:0,OpportunityCardConsequencesData_logId:1]
6566002,803,1:8:49,0,[OpportunityCardData_id:0,OpportunityCardConsequencesData_logId:2]
6566002,805,1:8:53,0,[OpportunityCardData_id:0]
6566002,806,1:8:57,0,[OpportunityCardData_id:0,PriorityData_type:4]
6566002,807,1:8:58,0,[OpportunityCardData_id:0]
6566002,808,1:9:0,0,[OpportunityCardData_id:0]
6566002,809,1:9:5,0,[OpportunityCardData_id:0,Safe,false]
6566002,810,1:9:6,0,[OpportunityCardData_id:0,PriorityData_type:0,15,Safe,Safe]
6566002,814,1:9:10,0,[1]
6566002,815,1:9:10,0,1,OpportunityCardData_id:8
6566002,816,1:9:12,0,1,OpportunityCardData_id:8
6566002,803,1:9:14,0,[OpportunityCardData_id:8,OpportunityCardConsequencesData_logId:0]
6566002,803,1:9:14,0,[OpportunityCardData_id:8,OpportunityCardConsequencesData_logId:1]
6566002,803,1:9:15,0,[OpportunityCardData_id:8,OpportunityCardConsequencesData_logId:2]
6566002,805,1:9:17,0,[OpportunityCardData_id:8]
6566002,806,1:9:21,0,[OpportunityCardData_id:8,PriorityData_type:5]
6566002,806,1:9:23,0,[OpportunityCardData_id:8,PriorityData_type:4]
6566002,806,1:9:25,0,[OpportunityCardData_id:8,PriorityData_type:2]
6566002,806,1:9:26,0,[OpportunityCardData_id:8,PriorityData_type:3]
6566002,807,1:9:26,0,[OpportunityCardData_id:8]
6566002,808,1:9:29,0,[OpportunityCardData_id:8]
6566002,809,1:9:33,0,[OpportunityCardData_id:8,PriorityData_type:2,false]
6566002,810,1:9:35,0,[OpportunityCardData_id:8,PriorityData_type:1,20,PriorityData_type:2,20]
6566002,811,1:9:41,0,[OpportunityCardData_id:8,PriorityData_type:2,80,30,PriorityData_type:4,70,75]
6566002,1005,1:9:41,0,[1,0,2]
6566002,1000,1:9:42,0,[]
6566002,800,1:9:43,0,[]
6566002,801,1:9:45,0,[]
6566002,814,1:9:52,0,[3]
6566002,815,1:9:52,0,3,OpportunityCardData_id:19
6566002,815,1:9:53,0,3,OpportunityCardData_id:20
6566002,815,1:9:54,0,3,OpportunityCardData_id:21
6566002,815,1:9:58,0,3,OpportunityCardData_id:23
6566002,815,1:9:59,0,3,OpportunityCardData_id:21
6566002,816,1:9:59,0,3,OpportunityCardData_id:21
6566002,805,1:10:0,0,[OpportunityCardData_id:21]
6566002,806,1:10:1,0,[OpportunityCardData_id:21,PriorityData_type:4]
6566002,807,1:10:2,0,[OpportunityCardData_id:21]
6566002,808,1:10:4,0,[OpportunityCardData_id:21]
6566002,809,1:10:8,0,[OpportunityCardData_id:21,PriorityData_type:2,false]
6566002,810,1:10:9,0,[OpportunityCardData_id:21,PriorityData_type:3,20,PriorityData_type:2,20]
6566002,814,1:10:20,0,[3]
6566002,815,1:10:20,0,3,OpportunityCardData_id:19
6566002,816,1:10:27,0,3,OpportunityCardData_id:19
6566002,803,1:10:28,0,[OpportunityCardData_id:19,OpportunityCardConsequencesData_logId:0]
6566002,803,1:10:29,0,[OpportunityCardData_id:19,OpportunityCardConsequencesData_logId:1]
6566002,803,1:10:30,0,[OpportunityCardData_id:19,OpportunityCardConsequencesData_logId:2]
6566002,805,1:10:31,0,[OpportunityCardData_id:19]
6566002,806,1:10:32,0,[OpportunityCardData_id:19,PriorityData_type:1]
6566002,807,1:10:33,0,[OpportunityCardData_id:19]
6566002,1002,1:10:38,0
6566002,1003,1:10:38,1
6566002,100,1:10:47,0
6566002,102,1:10:48,0
6566002,200,1:10:48,0,2,2,2,0,6
6566002,210,1:10:53,277,530
6566002,211,1:10:53,276,531
6566002,210,1:10:54,318,552
6566002,207,1:10:55,0,-200,0
6566002,211,1:10:57,189,525
6566002,213,1:10:57,0,c_crewKid1_F_G7a0,true
6566002,210,1:11:0,162,481
6566002,211,1:11:1,2,667
6566002,210,1:11:2,1,598
6566002,211,1:11:3,2,680
6566002,210,1:11:40,758,375
6566002,211,1:11:40,675,525
6566002,210,1:11:40,792,384
6566002,211,1:11:42,247,135
6566002,210,1:11:51,623,518
6566002,207,1:11:55,0,0,-518.45
6566002,211,1:11:58,605,591
6566002,213,1:11:58,0,s_otherStudent1_G7a0,true
6566002,212,1:12:8,1
6566002,210,1:12:9,1404,576
6566002,207,1:12:14,0,-518.45,-98.45
6566002,211,1:12:15,218,502
6566002,213,1:12:15,0,c_crewKid1_F_G7a0,true
6566002,212,1:12:17,2
6566002,210,1:12:18,183,527
6566002,211,1:12:18,226,481
6566002,213,1:12:18,0,c_crewKid1_F_G7a0,true
6566002,210,1:12:34,307,416
6566002,207,1:12:37,0,-98.45,-518.45
6566002,211,1:12:41,661,152
6566002,212,1:12:42,1
6566002,210,1:12:43,982,68
6566002,211,1:12:44,759,141
6566002,213,1:12:44,0,s_shakespearePoster_gen,true
6566002,212,1:12:47,0
6566002,212,1:12:57,1
6566002,210,1:12:59,1408,498
6566002,211,1:13:1,1026,694
6566002,207,1:13:4,0,-518.45,-488.45
6566002,210,1:13:4,585,515
6566002,211,1:13:5,660,609
6566002,213,1:13:5,0,s_otherStudent1_G7a0,true
6566002,212,1:13:8,2
6566002,212,1:13:16,1
6566002,210,1:13:17,1330,537
6566002,211,1:13:19,711,429
6566002,212,1:13:23,2
6566002,210,1:13:24,1331,512
6566002,207,1:13:24,0,-400,-518.45
6566002,211,1:13:29,1213,481
6566002,213,1:13:29,0,s_otherStudent2_G7a1N,true
6566002,212,1:13:32,1
6566002,210,1:13:32,1171,495
6566002,211,1:13:36,811,379
6566002,213,1:13:36,0,s_paperPlayers_G7a1N,true
6566002,205,1:13:36,0,s_paperPlayers_G7a1N,false,false
6566002,210,1:13:43,1283,515
6566002,211,1:13:44,1131,677
6566002,212,1:13:45,0
6566002,210,1:13:45,1352,578
6566002,207,1:13:51,0,-518.45,0
6566002,211,1:13:54,634,582
6566002,213,1:13:54,0,s_otherStudent1_G7a1N,true
6566002,210,1:13:58,495,491
6566002,211,1:13:59,84,560
6566002,221,1:14:2,0
6566002,220,1:14:6,0
6566002,212,1:14:8,1
6566002,210,1:14:10,818,559
6566002,207,1:14:11,0,-200,-395
6566002,211,1:14:12,1219,354
6566002,213,1:14:12,0,s_doorClassroom_G7a0,true
6566002,210,1:14:16,1321,540
6566002,207,1:14:19,0,-400,-265
6566002,207,1:14:20,0,-265,-40
6566002,211,1:14:22,224,499
6566002,213,1:14:22,0,c_crewKid1_F_G7a1N,true
6566002,210,1:14:25,275,548
6566002,207,1:14:25,0,-40,0
6566002,211,1:14:31,691,487
6566002,212,1:14:32,0
6566002,207,1:14:33,0,0,-30
6566002,210,1:14:33,909,505
6566002,207,1:14:35,0,-30,-285
6566002,207,1:14:37,0,-285,-518.45
6566002,211,1:14:40,1218,506
6566002,213,1:14:40,0,s_otherStudent2_G7a1N,true
6566002,210,1:14:47,1163,325
6566002,211,1:14:49,340,372
6566002,207,1:14:49,0,-518.45,-323.45
6566002,210,1:14:49,270,379
6566002,207,1:14:50,0,-323.45,-218.45
6566002,207,1:14:51,0,-218.45,0
6566002,211,1:14:55,251,141
6566002,213,1:14:55,0,s_flag_gen,true
6566002,212,1:15:4,2
6566002,210,1:15:5,812,516
6566002,207,1:15:8,0,0,-225
6566002,207,1:15:14,0,-225,-435
6566002,207,1:15:15,0,-435,-518.45
6566002,211,1:15:17,1060,568
6566002,213,1:15:17,0,c_bestFriend_F_a_G7a1N,true
6566002,205,1:15:17,0,c_bestFriend_F_a_G7a1N,false,false
6566002,221,1:15:23,0
6566002,220,1:15:27,0
6566002,212,1:15:28,1
6566002,210,1:15:29,1051,478
6566002,211,1:15:34,1088,611
6566002,213,1:15:34,0,s_vocabAssignment_G7a0,true
6566002,221,1:15:55,0
6566002,220,1:16:0,0
6566002,212,1:16:4,2
6566002,212,1:16:12,1
6566002,210,1:16:13,863,480
6566002,211,1:16:14,1077,605
6566002,213,1:16:14,0,s_vocabAssignment_G7a0,true
6566002,210,1:16:18,1058,545
6566002,211,1:16:18,1058,545
6566002,210,1:16:18,1071,555
6566002,211,1:16:19,1079,604
6566002,213,1:16:19,0,s_vocabAssignment_G7a0,true
6566002,210,1:16:23,1032,593
6566002,207,1:16:25,0,-200,-50
6566002,211,1:16:26,263,128
6566002,213,1:16:26,0,s_flag_gen,true
6566002,205,1:16:26,0,s_flag_gen,false,false
6566002,221,1:16:35,0
6566002,220,1:16:37,0
6566002,219,1:16:37,0
6566002,216,1:16:38,Stack_G7a1P
6566002,217,1:16:49,Stack_G7a1P,7.7,0.00
6566002,218,1:16:56,0
6566002,210,1:16:59,1219,310
6566002,211,1:17:1,734,411
6566002,213,1:17:1,0,c_teacherEng_G7a1P,false
6566002,1003,1:17:5,1
6566002,1004,1:17:6,0
6566002,800,1:17:7,0,[]
6566002,801,1:17:9,0,[]
6566002,1002,1:17:11,0
6566002,1003,1:17:11,1
6566002,210,1:17:21,709,335
6566002,211,1:17:24,988,513
6566002,212,1:17:24,0
6566002,210,1:17:25,1007,464
6566002,211,1:17:25,941,473
6566002,210,1:17:26,982,470
6566002,211,1:17:27,982,487
6566002,213,1:17:27,0,c_bestFriend_F_a_G7a1P,true
6566002,212,1:17:31,1
6566002,210,1:17:33,1217,475
6566002,211,1:17:35,1199,448
6566002,212,1:17:35,2
6566002,210,1:17:36,999,414
6566002,211,1:17:38,1081,443
6566002,212,1:17:42,0
6566002,210,1:17:43,802,206
6566002,207,1:17:45,0,-400,-25
6566002,211,1:17:45,128,554
6566002,210,1:17:47,1246,447
6566002,207,1:17:47,0,-200,-320
6566002,211,1:17:48,914,609
6566002,212,1:17:54,2
6566002,221,1:17:55,0
6566002,220,1:17:58,0
6566002,212,1:17:59,0
6566002,207,1:18:0,0,-400,-415
6566002,210,1:18:0,1264,565
6566002,211,1:18:1,978,553
6566002,213,1:18:1,0,c_bestFriend_F_a_G7a1P,true
6566002,210,1:18:8,1151,451
6566002,207,1:18:11,0,-415,0
6566002,211,1:18:13,610,151
6566002,213,1:18:13,0,s_atwoodPoster_gen,true
6566002,212,1:18:16,1
6566002,210,1:18:17,506,208
6566002,207,1:18:21,0,0,-330
6566002,207,1:18:22,0,-330,-465
6566002,207,1:18:23,0,-465,-518
6566002,211,1:18:23,1540,327
6566002,210,1:18:24,1520,354
6566002,211,1:18:25,1506,333
6566002,213,1:18:25,0,s_paperEnglish_gen,true
6566002,205,1:18:25,0,s_paperEnglish_gen,false,false
6566002,221,1:18:30,0
6566002,220,1:18:31,0
6566002,210,1:18:32,1478,383
6566002,211,1:18:35,655,368
6566002,213,1:18:35,0,s_paperPlayers_G7a1P,true
6566002,210,1:18:37,1089,344
6566002,207,1:18:38,0,-518,-203
6566002,207,1:18:39,0,-203,0
6566002,211,1:18:44,236,404
6566002,213,1:18:44,0,s_papersDetention_gen,true
6566002,210,1:18:48,658,378
6566002,207,1:18:55,0,0,-120
6566002,211,1:18:57,311,205
6566002,212,1:18:57,0
6566002,210,1:18:58,353,180
6566002,211,1:18:59,286,176
6566002,212,1:18:59,2
6566002,210,1:19:0,317,135
6566002,211,1:19:1,265,138
6566002,213,1:19:1,0,s_flag_gen,false
6566002,1003,1:19:4,2
6566002,1004,1:19:4,0
6566002,900,1:19:6,0,[]
6566002,901,1:19:8,0,[PeopleData_id:3]
6566002,904,1:19:8,0,[PeopleData_id:3]
6566002,902,1:19:27,0,[PeopleData_id:3,PeopleData_data0Type]
6566002,903,1:19:29,0,[PeopleData_id3,PeopleData_data0Type]
6566002,901,1:19:30,0,[PeopleData_id:3]
6566002,904,1:19:30,0,[PeopleData_id:3]
6566002,905,1:19:31,0,[PeopleData_id:3,RankTypes_id:-1,RankTypes_id:4]
6566002,901,1:19:32,0,[PeopleData_id:4]
6566002,902,1:19:33,0,[PeopleData_id:4,PeopleData_data0Type]
6566002,903,1:19:35,0,[PeopleData_id4,PeopleData_data0Type]
6566002,901,1:19:35,0,[PeopleData_id:4]
6566002,904,1:19:35,0,[PeopleData_id:4]
6566002,905,1:19:36,0,[PeopleData_id:4,RankTypes_id:-1,RankTypes_id:4]
6566002,901,1:19:37,0,[PeopleData_id:2]
6566002,901,1:19:39,0,[PeopleData_id:2]
6566002,904,1:19:39,0,[PeopleData_id:2]
6566002,905,1:19:41,0,[PeopleData_id:2,RankTypes_id:-1,RankTypes_id:3]
6566002,901,1:19:43,0,[PeopleData_id:1]
6566002,904,1:19:43,0,[PeopleData_id:1]
6566002,905,1:19:44,0,[PeopleData_id:1,RankTypes_id:-1,RankTypes_id:3]
6566002,901,1:19:45,0,[PeopleData_id:0]
6566002,904,1:19:45,0,[PeopleData_id:0]
6566002,905,1:19:46,0,[PeopleData_id:0,RankTypes_id:-1,RankTypes_id:3]
6566002,906,1:19:46,0,[]
6566002,907,1:19:47,0,[]
6566002,908,1:19:47,0,[InvitationData_id:0,PeopleData_id:3,RankTypes_id:4]
6566002,909,1:19:50,0,[InvitationData_id:0,PeopleData_id:3,RankTypes_id:4,1]
6566002,910,1:19:50,0,[InvitationData_id:0,9,false]
6566002,908,1:19:50,0,[InvitationData_id:6,PeopleData_id:3,RankTypes_id:4]
6566002,909,1:19:53,0,[InvitationData_id:6,PeopleData_id:3,RankTypes_id:4,1]
6566002,910,1:19:54,0,[InvitationData_id:6,9,false]
6566002,908,1:19:54,0,[InvitationData_id:10,PeopleData_id:2,RankTypes_id:3]
6566002,909,1:19:57,0,[InvitationData_id:10,PeopleData_id:2,RankTypes_id:3,0]
6566002,910,1:19:57,0,[InvitationData_id:10,-7,false]
6566002,908,1:19:57,0,[InvitationData_id:3,PeopleData_id:3,RankTypes_id:4]
6566002,909,1:20:1,0,[InvitationData_id:3,PeopleData_id:3,RankTypes_id:4,0]
6566002,910,1:20:2,0,[InvitationData_id:3,-11,false]
6566002,908,1:20:2,0,[InvitationData_id:5,PeopleData_id:4,RankTypes_id:4]
6566002,909,1:20:6,0,[InvitationData_id:5,PeopleData_id:4,RankTypes_id:4,0]
6566002,910,1:20:7,0,[InvitationData_id:5,-11,false]
6566002,908,1:20:7,0,[InvitationData_id:2,PeopleData_id:2,RankTypes_id:3]
6566002,909,1:20:11,0,[InvitationData_id:2,PeopleData_id:2,RankTypes_id:3,0]
6566002,910,1:20:12,0,[InvitationData_id:2,-7,false]
6566002,908,1:20:12,0,[InvitationData_id:7,PeopleData_id:1,RankTypes_id:3]
6566002,909,1:20:17,0,[InvitationData_id:7,PeopleData_id:1,RankTypes_id:3,0]
6566002,910,1:20:18,0,[InvitationData_id:7,-7,false]
6566002,908,1:20:18,0,[InvitationData_id:1,PeopleData_id:0,RankTypes_id:3]
6566002,909,1:20:20,0,[InvitationData_id:1,PeopleData_id:0,RankTypes_id:3,1]
6566002,910,1:20:21,0,[InvitationData_id:1,7,false]
6566002,908,1:20:21,0,[InvitationData_id:8,PeopleData_id:3,RankTypes_id:4]
6566002,909,1:20:25,0,[InvitationData_id:8,PeopleData_id:3,RankTypes_id:4,1]
6566002,910,1:20:25,0,[InvitationData_id:8,9,false]
6566002,908,1:20:26,0,[InvitationData_id:9,PeopleData_id:4,RankTypes_id:4]
6566002,909,1:20:32,0,[InvitationData_id:9,PeopleData_id:4,RankTypes_id:4,0]
6566002,910,1:20:33,0,[InvitationData_id:9,-11,false]
6566002,908,1:20:33,0,[InvitationData_id:4,PeopleData_id:4,RankTypes_id:4]
6566002,909,1:20:38,0,[InvitationData_id:4,PeopleData_id:4,RankTypes_id:4,0]
6566002,910,1:20:38,0,[InvitationData_id:4,-11,false]
6566002,911,1:20:40,0,[-31,0,1,0]
6566002,1000,1:20:43,0,[]
6566002,900,1:20:44,0,[]
6566002,901,1:20:46,0,[PeopleData_id:4]
6566002,904,1:20:46,0,[PeopleData_id:4]
6566002,905,1:20:47,0,[PeopleData_id:4,RankTypes_id:-1,RankTypes_id:4]
6566002,901,1:20:49,0,[PeopleData_id:1]
6566002,904,1:20:49,0,[PeopleData_id:1]
6566002,905,1:20:50,0,[PeopleData_id:1,RankTypes_id:-1,RankTypes_id:4]
6566002,901,1:20:52,0,[PeopleData_id:3]
6566002,904,1:20:52,0,[PeopleData_id:3]
6566002,905,1:20:52,0,[PeopleData_id:3,RankTypes_id:-1,RankTypes_id:3]
6566002,901,1:20:54,0,[PeopleData_id:2]
6566002,904,1:20:54,0,[PeopleData_id:2]
6566002,905,1:20:54,0,[PeopleData_id:2,RankTypes_id:-1,RankTypes_id:3]
6566002,901,1:20:56,0,[PeopleData_id:0]
6566002,904,1:20:56,0,[PeopleData_id:0]
6566002,905,1:20:57,0,[PeopleData_id:0,RankTypes_id:-1,RankTypes_id:3]
6566002,906,1:20:57,0,[]
6566002,907,1:20:58,0,[]
6566002,908,1:20:58,0,[InvitationData_id:5,PeopleData_id:4,RankTypes_id:4]
6566002,909,1:21:5,0,[InvitationData_id:5,PeopleData_id:4,RankTypes_id:4,0]
6566002,910,1:21:6,0,[InvitationData_id:5,-11,false]
6566002,908,1:21:6,0,[InvitationData_id:3,PeopleData_id:3,RankTypes_id:3]
6566002,909,1:21:14,0,[InvitationData_id:3,PeopleData_id:3,RankTypes_id:3,1]
6566002,910,1:21:15,0,[InvitationData_id:3,7,false]
6566002,908,1:21:15,0,[InvitationData_id:1,PeopleData_id:0,RankTypes_id:3]
6566002,909,1:21:20,0,[InvitationData_id:1,PeopleData_id:0,RankTypes_id:3,1]
6566002,910,1:21:20,0,[InvitationData_id:1,7,false]
6566002,908,1:21:20,0,[InvitationData_id:10,PeopleData_id:2,RankTypes_id:3]
6566002,909,1:21:23,0,[InvitationData_id:10,PeopleData_id:2,RankTypes_id:3,0]
6566002,910,1:21:23,0,[InvitationData_id:10,-7,false]
6566002,908,1:21:23,0,[InvitationData_id:9,PeopleData_id:4,RankTypes_id:4]
6566002,909,1:21:26,0,[InvitationData_id:9,PeopleData_id:4,RankTypes_id:4,0]
6566002,910,1:21:27,0,[InvitationData_id:9,-11,false]
6566002,908,1:21:27,0,[InvitationData_id:0,PeopleData_id:3,RankTypes_id:3]
6566002,909,1:21:33,0,[InvitationData_id:0,PeopleData_id:3,RankTypes_id:3,1]
6566002,910,1:21:33,0,[InvitationData_id:0,7,false]
6566002,908,1:21:33,0,[InvitationData_id:6,PeopleData_id:3,RankTypes_id:3]
6566002,909,1:21:35,0,[InvitationData_id:6,PeopleData_id:3,RankTypes_id:3,1]
6566002,910,1:21:37,0,[InvitationData_id:6,7,false]
6566002,908,1:21:37,0,[InvitationData_id:4,PeopleData_id:4,RankTypes_id:4]
6566002,909,1:21:39,0,[InvitationData_id:4,PeopleData_id:4,RankTypes_id:4,0]
6566002,910,1:21:39,0,[InvitationData_id:4,-11,false]
6566002,908,1:21:39,0,[InvitationData_id:2,PeopleData_id:2,RankTypes_id:3]
6566002,909,1:21:42,0,[InvitationData_id:2,PeopleData_id:2,RankTypes_id:3,0]
6566002,910,1:21:42,0,[InvitationData_id:2,-7,false]
6566002,908,1:21:42,0,[InvitationData_id:8,PeopleData_id:3,RankTypes_id:3]
6566002,909,1:21:46,0,[InvitationData_id:8,PeopleData_id:3,RankTypes_id:3,1]
6566002,910,1:21:46,0,[InvitationData_id:8,7,false]
6566002,908,1:21:46,0,[InvitationData_id:7,PeopleData_id:1,RankTypes_id:4]
6566002,909,1:21:51,0,[InvitationData_id:7,PeopleData_id:1,RankTypes_id:4,1]
6566002,910,1:21:53,0,[InvitationData_id:7,0,true]
6566002,911,1:21:54,0,[-12,1,0,1]
6566002,1000,1:21:55,0,[]
6566002,900,1:21:58,0,[]
6566002,901,1:22:0,0,[PeopleData_id:4]
6566002,904,1:22:0,0,[PeopleData_id:4]
6566002,905,1:22:1,0,[PeopleData_id:4,RankTypes_id:-1,RankTypes_id:4]
6566002,901,1:22:1,0,[PeopleData_id:0]
6566002,904,1:22:1,0,[PeopleData_id:0]
6566002,905,1:22:2,0,[PeopleData_id:0,RankTypes_id:-1,RankTypes_id:4]
6566002,901,1:22:3,0,[PeopleData_id:1]
6566002,904,1:22:3,0,[PeopleData_id:1]
6566002,905,1:22:3,0,[PeopleData_id:1,RankTypes_id:-1,RankTypes_id:3]
6566002,901,1:22:3,0,[PeopleData_id:2]
6566002,904,1:22:3,0,[PeopleData_id:2]
6566002,905,1:22:4,0,[PeopleData_id:2,RankTypes_id:-1,RankTypes_id:3]
6566002,901,1:22:4,0,[PeopleData_id:3]
6566002,904,1:22:5,0,[PeopleData_id:3]
6566002,905,1:22:5,0,[PeopleData_id:3,RankTypes_id:-1,RankTypes_id:3]
6566002,906,1:22:5,0,[]
6566002,907,1:22:7,0,[]
6566002,908,1:22:7,0,[InvitationData_id:5,PeopleData_id:4,RankTypes_id:4]
6566002,909,1:22:35,0,[InvitationData_id:5,PeopleData_id:4,RankTypes_id:4,1]
6566002,910,1:22:35,0,[InvitationData_id:5,0,true]
6566002,908,1:22:35,0,[InvitationData_id:4,PeopleData_id:4,RankTypes_id:4]
6566002,909,1:22:40,0,[InvitationData_id:4,PeopleData_id:4,RankTypes_id:4,0]
6566002,910,1:22:41,0,[InvitationData_id:4,-11,false]
6566002,908,1:22:41,0,[InvitationData_id:7,PeopleData_id:1,RankTypes_id:3]
6566002,909,1:22:44,0,[InvitationData_id:7,PeopleData_id:1,RankTypes_id:3,1]
6566002,910,1:22:45,0,[InvitationData_id:7,0,true]
6566002,908,1:22:45,0,[InvitationData_id:2,PeopleData_id:2,RankTypes_id:3]
6566002,909,1:22:48,0,[InvitationData_id:2,PeopleData_id:2,RankTypes_id:3,0]
6566002,910,1:22:49,0,[InvitationData_id:2,-7,false]
6566002,908,1:22:49,0,[InvitationData_id:9,PeopleData_id:4,RankTypes_id:4]
6566002,909,1:22:51,0,[InvitationData_id:9,PeopleData_id:4,RankTypes_id:4,0]
6566002,910,1:22:52,0,[InvitationData_id:9,-11,false]
6566002,908,1:22:52,0,[InvitationData_id:1,PeopleData_id:0,RankTypes_id:4]
6566002,909,1:22:54,0,[InvitationData_id:1,PeopleData_id:0,RankTypes_id:4,1]
6566002,910,1:22:55,0,[InvitationData_id:1,9,false]
6566002,908,1:22:55,0,[InvitationData_id:8,PeopleData_id:0,RankTypes_id:4]
6566002,909,1:22:56,0,[InvitationData_id:8,PeopleData_id:0,RankTypes_id:4,1]
6566002,910,1:22:57,0,[InvitationData_id:8,9,false]
6566002,908,1:22:57,0,[InvitationData_id:3,PeopleData_id:3,RankTypes_id:3]
6566002,909,1:22:59,0,[InvitationData_id:3,PeopleData_id:3,RankTypes_id:3,0]
6566002,910,1:23:3,0,[InvitationData_id:3,-7,false]
6566002,908,1:23:3,0,[InvitationData_id:6,PeopleData_id:0,RankTypes_id:4]
6566002,909,1:23:6,0,[InvitationData_id:6,PeopleData_id:0,RankTypes_id:4,1]
6566002,910,1:23:7,0,[InvitationData_id:6,9,false]
6566002,908,1:23:7,0,[InvitationData_id:0,PeopleData_id:0,RankTypes_id:4]
6566002,909,1:23:10,0,[InvitationData_id:0,PeopleData_id:0,RankTypes_id:4,1]
6566002,910,1:23:11,0,[InvitationData_id:0,9,false]
6566002,908,1:23:11,0,[InvitationData_id:10,PeopleData_id:2,RankTypes_id:3]
6566002,909,1:23:13,0,[InvitationData_id:10,PeopleData_id:2,RankTypes_id:3,0]
6566002,910,1:23:14,0,[InvitationData_id:10,-7,false]
6566002,911,1:23:16,0,[-7,2,1,2]
6566002,1001,1:23:17,0,[]
6566002,1003,1:23:17,2
6566002,221,1:23:22,0
6566002,220,1:23:25,0
6566002,210,1:23:47,1253,384
6566002,211,1:23:47,1458,311
6566002,207,1:23:47,0,-400,-460
6566002,210,1:23:48,1357,299
6566002,207,1:23:49,0,-460,-518
6566002,211,1:23:51,1418,694
6566002,212,1:23:51,1
6566002,210,1:23:52,1420,387
6566002,211,1:23:59,751,379
6566002,213,1:23:59,0,c_teacherEng_G7a1P,false
6566002,1003,1:24:3,1
6566002,1004,1:24:4,0
6566002,800,1:24:6,0,[]
6566002,801,1:24:9,0,[]
6566002,814,1:24:18,0,[2]
6566002,815,1:24:18,0,2,OpportunityCardData_id:13
6566002,816,1:24:21,0,2,OpportunityCardData_id:13
6566002,803,1:24:22,0,[OpportunityCardData_id:13,OpportunityCardConsequencesData_logId:2]
6566002,803,1:24:23,0,[OpportunityCardData_id:13,OpportunityCardConsequencesData_logId:1]
6566002,803,1:24:23,0,[OpportunityCardData_id:13,OpportunityCardConsequencesData_logId:0]
6566002,805,1:24:24,0,[OpportunityCardData_id:13]
6566002,806,1:24:25,0,[OpportunityCardData_id:13,PriorityData_type:0]
6566002,807,1:24:27,0,[OpportunityCardData_id:13]
6566002,808,1:24:30,0,[OpportunityCardData_id:13]
6566002,809,1:24:34,0,[OpportunityCardData_id:13,PriorityData_type:1,false]
6566002,810,1:24:35,0,[OpportunityCardData_id:13,PriorityData_type:2,15,PriorityData_type:1,15]
6566002,814,1:24:37,0,[1]
6566002,815,1:24:37,0,1,OpportunityCardData_id:7
6566002,815,1:24:40,0,1,OpportunityCardData_id:8
6566002,815,1:24:41,0,1,OpportunityCardData_id:9
6566002,816,1:24:43,0,1,OpportunityCardData_id:9
6566002,803,1:24:44,0,[OpportunityCardData_id:9,OpportunityCardConsequencesData_logId:1]
6566002,803,1:24:44,0,[OpportunityCardData_id:9,OpportunityCardConsequencesData_logId:0]
6566002,805,1:24:45,0,[OpportunityCardData_id:9]
6566002,806,1:24:47,0,[OpportunityCardData_id:9,PriorityData_type:5]
6566002,806,1:24:49,0,[OpportunityCardData_id:9,PriorityData_type:3]
6566002,806,1:24:49,0,[OpportunityCardData_id:9,PriorityData_type:2]
6566002,807,1:24:51,0,[OpportunityCardData_id:9]
6566002,808,1:24:53,0,[OpportunityCardData_id:9]
6566002,809,1:24:56,0,[OpportunityCardData_id:9,PriorityData_type:3,false]
6566002,810,1:24:57,0,[OpportunityCardData_id:9,PriorityData_type:1,5,PriorityData_type:3,10]
6566002,814,1:25:7,0,[4]
6566002,815,1:25:7,0,4,OpportunityCardData_id:22
6566002,816,1:25:10,0,4,OpportunityCardData_id:22
6566002,803,1:25:11,0,[OpportunityCardData_id:22,OpportunityCardConsequencesData_logId:0]
6566002,803,1:25:11,0,[OpportunityCardData_id:22,OpportunityCardConsequencesData_logId:1]
6566002,805,1:25:12,0,[OpportunityCardData_id:22]
6566002,807,1:25:13,0,[OpportunityCardData_id:22]
6566002,808,1:25:15,0,[OpportunityCardData_id:22]
6566002,809,1:25:19,0,[OpportunityCardData_id:22,Safe,false]
6566002,810,1:25:20,0,[OpportunityCardData_id:22,PriorityData_type:4,15,Safe,Safe]
6566002,814,1:25:24,0,[3]
6566002,815,1:25:24,0,3,OpportunityCardData_id:19
6566002,816,1:25:25,0,3,OpportunityCardData_id:19
6566002,803,1:25:26,0,[OpportunityCardData_id:19,OpportunityCardConsequencesData_logId:0]
6566002,803,1:25:27,0,[OpportunityCardData_id:19,OpportunityCardConsequencesData_logId:1]
6566002,803,1:25:28,0,[OpportunityCardData_id:19,OpportunityCardConsequencesData_logId:2]
6566002,103,1:25:41
6566002,105,1:25:47
6566002,703,1:25:49,[|| EpilogueItem ID: 0 unlocked: false ||,|| EpilogueItem ID: 1 unlocked: false ||,|| EpilogueItem ID: 2 unlocked: false ||,|| EpilogueItem ID: 3 unlocked: false ||,|| EpilogueItem ID: 4 unlocked: false ||,|| EpilogueItem ID: 5 unlocked: false ||,|| EpilogueItem ID: 6 unlocked: false ||,|| EpilogueItem ID: 7 unlocked: false ||,|| EpilogueItem ID: 8 unlocked: false ||,|| EpilogueItem ID: 9 unlocked: false ||,|| EpilogueItem ID: 10 unlocked: false ||,|| EpilogueItem ID: 11 unlocked: false ||,|| EpilogueItem ID: 12 unlocked: false ||,|| EpilogueItem ID: 13 unlocked: false ||,|| EpilogueItem ID: 14 unlocked: false ||,|| EpilogueItem ID: 15 unlocked: false ||,|| EpilogueItem ID: 16 unlocked: false ||,|| EpilogueItem ID: 17 unlocked: false ||,|| EpilogueItem ID: 18 unlocked: false ||,|| EpilogueItem ID: 19 unlocked: false ||,|| EpilogueItem ID: 20 unlocked: false ||,|| EpilogueItem ID: 21 unlocked: false ||,|| EpilogueItem ID: 22 unlocked: false ||,|| EpilogueItem ID: 23 unlocked: false ||,|| EpilogueItem ID: 24 unlocked: false ||],0
6566002,704,1:25:57,13
6566002,705,1:26:5,13,true
6566002,706,1:26:8,(x=441, y=-100, w=1024, h=768),(x=392, y=-100, w=1024, h=768)
6566002,704,1:26:8,15
6566002,706,1:26:9,(x=396, y=-100, w=1024, h=768),(x=412, y=-100, w=1024, h=768)
6566002,705,1:26:12,15,true
6566002,704,1:26:12,15
6566002,706,1:26:14,(x=410, y=-100, w=1024, h=768),(x=386, y=-100, w=1024, h=768)
6566002,705,1:26:16,15,true
6566002,706,1:26:20,(x=1330, y=-100, w=1024, h=768),(x=2070, y=-100, w=1024, h=768)
6566002,706,1:26:21,(x=2044, y=-100, w=1024, h=768),(x=2044, y=-100, w=1024, h=768)
6566002,706,1:26:21,(x=2052, y=-100, w=1024, h=768),(x=2056, y=-100, w=1024, h=768)
6566002,706,1:26:25,(x=2383, y=-100, w=1024, h=768),(x=2380, y=-100, w=1024, h=768)
6566002,708,1:26:25
6566002,1,1:26:26,10/8/2013 4:48:26pm,{"gameTime":5185996,"challengeStacks":[{"challengeScenes":[{"miniGameCards":[],"viewedAnimatic":true,"keyPoints":["c_teacherEng_G7a0","c_bestFriend_F_a_G7a0","s_flag_gen"],"unlocked":true,"touchableObjects":["c_teacherEng_G7a0","s_vocabAssignment_G7a0","c_crewKid1_F_G7a0","s_clock_G7a0","s_doorClassroom_G7a0","s_otherStudent1_G7a0","c_bestFriend_F_a_G7a0","c_friend1_F_a_G7a0","s_poePoster_gen","s_shakespearePoster_gen","s_angelouPoster_gen","s_atwoodPoster_gen","s_flag_gen"]},{"miniGameCards":[],"viewedAnimatic":true,"keyPoints":["c_teacherEng_G7a1N","s_paperPlayers_G7a1N","c_bestFriend_F_a_G7a1N"],"unlocked":true,"touchableObjects":["c_teacherEng_G7a1N","s_otherStudent2_G7a1N","c_crewKid1_F_G7a1N","s_otherStudent1_G7a1N","s_paperPlayers_G7a1N","s_flag_gen","c_bestFriend_F_a_G7a1N"]},{"miniGameCards":[],"viewedAnimatic":true,"keyPoints":["s_paperEnglish_gen"],"unlocked":true,"touchableObjects":["s_atwoodPoster_gen","s_paperEnglish_gen","s_paperPlayers_G7a1P","s_papersDetention_gen"]}],"stackSize":3,"resolved":false},{"challengeScenes":[{"miniGameCards":[],"viewedAnimatic":false,"keyPoints":[],"unlocked":false,"touchableObjects":[]},{"miniGameCards":[],"viewedAnimatic":false,"keyPoints":[],"unlocked":false,"touchableObjects":[]},{"miniGameCards":[],"viewedAnimatic":false,"keyPoints":[],"unlocked":false,"touchableObjects":[]},{"miniGameCards":[],"viewedAnimatic":false,"keyPoints":[],"unlocked":false,"touchableObjects":[]},{"miniGameCards":[],"viewedAnimatic":false,"keyPoints":[],"unlocked":false,"touchableObjects":[]}],"stackSize":5,"resolved":false},{"challengeScenes":[{"miniGameCards":[],"viewedAnimatic":false,"keyPoints":[],"unlocked":false,"touchableObjects":[]},{"miniGameCards":[],"viewedAnimatic":false,"keyPoints":[],"unlocked":false,"touchableObjects":[]},{"miniGameCards":[],"viewedAnimatic":false,"keyPoints":[],"unlocked":false,"touchableObjects":[]},{"miniGameCards":[],"viewedAnimatic":false,"keyPoints":[],"unlocked":false,"touchableObjects":[]},{"miniGameCards":[],"viewedAnimatic":false,"keyPoints":[],"unlocked":false,"touchableObjects":[]},{"miniGameCards":[],"viewedAnimatic":false,"keyPoints":[],"unlocked":false,"touchableObjects":[]},{"miniGameCards":[],"viewedAnimatic":false,"keyPoints":[],"unlocked":false,"touchableObjects":[]}],"stackSize":7,"resolved":false},{"challengeScenes":[{"miniGameCards":[],"viewedAnimatic":false,"keyPoints":[],"unlocked":false,"touchableObjects":[]},{"miniGameCards":[],"viewedAnimatic":false,"keyPoints":[],"unlocked":false,"touchableObjects":[]},{"miniGameCards":[],"viewedAnimatic":false,"keyPoints":[],"unlocked":false,"touchableObjects":[]},{"miniGameCards":[],"viewedAnimatic":false,"keyPoints":[],"unlocked":false,"touchableObjects":[]},{"miniGameCards":[],"viewedAnimatic":false,"keyPoints":[],"unlocked":false,"touchableObjects":[]}],"stackSize":5,"resolved":false},{"challengeScenes":[{"miniGameCards":[],"viewedAnimatic":false,"keyPoints":[],"unlocked":false,"touchableObjects":[]},{"miniGameCards":[],"viewedAnimatic":false,"keyPoints":[],"unlocked":false,"touchableObjects":[]},{"miniGameCards":[],"viewedAnimatic":false,"keyPoints":[],"unlocked":false,"touchableObjects":[]},{"miniGameCards":[],"viewedAnimatic":false,"keyPoints":[],"unlocked":false,"touchableObjects":[]},{"miniGameCards":[],"viewedAnimatic":false,"keyPoints":[],"unlocked":false,"touchableObjects":[]}],"stackSize":5,"resolved":false},{"challengeScenes":[{"miniGameCards":[],"viewedAnimatic":false,"keyPoints":[],"unlocked":false,"touchableObjects":[]},{"miniGameCards":[],"viewedAnimatic":false,"keyPoints":[],"unlocked":false,"touchableObjects":[]},{"miniGameCards":[],"viewedAnimatic":false,"keyPoints":[],"unlocked":false,"touchableObjects":[]},{"miniGameCards":[],"viewedAnimatic":false,"keyPoints":[],"unlocked":false,"touchableObjects":[]},{"miniGameCards":[],"viewedAnimatic":false,"keyPoints":[],"unlocked":false,"touchableObjects":[]}],"stackSize":5,"resolved":false},{"challengeScenes":[{"miniGameCards":[],"viewedAnimatic":false,"keyPoints":[],"unlocked":false,"touchableObjects":[]},{"miniGameCards":[],"viewedAnimatic":false,"keyPoints":[],"unlocked":false,"touchableObjects":[]},{"miniGameCards":[],"viewedAnimatic":false,"keyPoints":[],"unlocked":false,"touchableObjects":[]},{"miniGameCards":[],"viewedAnimatic":false,"keyPoints":[],"unlocked":false,"touchableObjects":[]},{"miniGameCards":[],"viewedAnimatic":false,"keyPoints":[],"unlocked":false,"touchableObjects":[]}],"stackSize":5,"resolved":false},{"challengeScenes":[{"miniGameCards":[],"viewedAnimatic":false,"keyPoints":[],"unlocked":false,"touchableObjects":[]},{"miniGameCards":[],"viewedAnimatic":false,"keyPoints":[],"unlocked":false,"touchableObjects":[]},{"miniGameCards":[],"viewedAnimatic":false,"keyPoints":[],"unlocked":false,"touchableObjects":[]},{"miniGameCards":[],"viewedAnimatic":false,"keyPoints":[],"unlocked":false,"touchableObjects":[]},{"miniGameCards":[],"viewedAnimatic":false,"keyPoints":[],"unlocked":false,"touchableObjects":[]}],"stackSize":5,"resolved":false},{"challengeScenes":[{"miniGameCards":[],"viewedAnimatic":false,"keyPoints":[],"unlocked":false,"touchableObjects":[]},{"miniGameCards":[],"viewedAnimatic":false,"keyPoints":[],"unlocked":false,"touchableObjects":[]},{"miniGameCards":[],"viewedAnimatic":false,"keyPoints":[],"unlocked":false,"touchableObjects":[]},{"miniGameCards":[],"viewedAnimatic":false,"keyPoints":[],"unlocked":false,"touchableObjects":[]},{"miniGameCards":[],"viewedAnimatic":false,"keyPoints":[],"unlocked":false,"touchableObjects":[]}],"stackSize":5,"resolved":false},{"challengeScenes":[{"miniGameCards":[],"viewedAnimatic":false,"keyPoints":[],"unlocked":false,"touchableObjects":[]},{"miniGameCards":[],"viewedAnimatic":false,"keyPoints":[],"unlocked":false,"touchableObjects":[]},{"miniGameCards":[],"viewedAnimatic":false,"keyPoints":[],"unlocked":false,"touchableObjects":[]},{"miniGameCards":[],"viewedAnimatic":false,"keyPoints":[],"unlocked":false,"touchableObjects":[]},{"miniGameCards":[],"viewedAnimatic":false,"keyPoints":[],"unlocked":false,"touchableObjects":[]}],"stackSize":5,"resolved":false},{"challengeScenes":[{"miniGameCards":[],"viewedAnimatic":false,"keyPoints":[],"unlocked":false,"touchableObjects":[]},{"miniGameCards":[],"viewedAnimatic":false,"keyPoints":[],"unlocked":false,"touchableObjects":[]},{"miniGameCards":[],"viewedAnimatic":false,"keyPoints":[],"unlocked":false,"touchableObjects":[]},{"miniGameCards":[],"viewedAnimatic":false,"keyPoints":[],"unlocked":false,"touchableObjects":[]},{"miniGameCards":[],"viewedAnimatic":false,"keyPoints":[],"unlocked":false,"touchableObjects":[]}],"stackSize":5,"resolved":false},{"challengeScenes":[{"miniGameCards":[],"viewedAnimatic":false,"keyPoints":[],"unlocked":false,"touchableObjects":[]},{"miniGameCards":[],"viewedAnimatic":false,"keyPoints":[],"unlocked":false,"touchableObjects":[]},{"miniGameCards":[],"viewedAnimatic":false,"keyPoints":[],"unlocked":false,"touchableObjects":[]},{"miniGameCards":[],"viewedAnimatic":false,"keyPoints":[],"unlocked":false,"touchableObjects":[]},{"miniGameCards":[],"viewedAnimatic":false,"keyPoints":[],"unlocked":false,"touchableObjects":[]}],"stackSize":5,"resolved":false},{"challengeScenes":[{"miniGameCards":[],"viewedAnimatic":false,"keyPoints":[],"unlocked":true,"touchableObjects":["c_player_afri_F_a_G0a0","c_family_afri_a_G0a0","c_education_G0a0","c_friends_G0a0"]},{"miniGameCards":[],"viewedAnimatic":false,"keyPoints":["c_family_afri_a_G0a1N","c_job_G0a1N","c_home_G0a1N"],"unlocked":true,"touchableObjects":["c_player_afri_F_a_G0a1N","c_family_afri_a_G0a1N","c_job_G0a1N","c_home_G0a1N"]},{"miniGameCards":[],"viewedAnimatic":false,"keyPoints":["c_mom_afri_a_G0a1P","c_grandma_afri_a_G0a1P","c_dad_afri_a_G0a1P","c_Nurse_G0a1P","c_Teacher_G0a1P","c_kidsister_afri_a_G0a1P"],"unlocked":true,"touchableObjects":["c_cousins_F_a_G0a1P","c_mom_afri_a_G0a1P","c_grandma_afri_a_G0a1P","c_dad_afri_a_G0a1P","c_Nurse_G0a1P","c_Teacher_G0a1P","c_friends_G0a1P","c_kidsister_afri_a_G0a1P"]}],"stackSize":3,"resolved":true}],"sessionId":2,"epilogue":{"rating":0},"playerId":6566002,"session":[{"sceneId":"1P","stackId":12},{"sceneId":"1P","stackId":0}],"minigames":[{"levelSaveData":[{"starRating":2,"unlocked":true},{"starRating":0,"unlocked":false},{"starRating":0,"unlocked":false},{"starRating":0,"unlocked":false},{"starRating":0,"unlocked":false},{"starRating":0,"unlocked":false},{"starRating":0,"unlocked":false},{"starRating":0,"unlocked":false},{"starRating":0,"unlocked":false},{"starRating":0,"unlocked":false}],"skillPoints":2},{"levelSaveData":[{"starRating":2,"unlocked":true},{"starRating":0,"unlocked":false},{"starRating":0,"unlocked":false},{"starRating":0,"unlocked":false},{"starRating":0,"unlocked":false},{"starRating":0,"unlocked":false},{"starRating":0,"unlocked":false},{"starRating":0,"unlocked":false},{"starRating":0,"unlocked":false},{"starRating":0,"unlocked":false}],"skillPoints":2},{"levelSaveData":[{"starRating":2,"unlocked":true},{"starRating":0,"unlocked":false},{"starRating":0,"unlocked":false},{"starRating":0,"unlocked":false},{"starRating":0,"unlocked":false},{"starRating":0,"unlocked":false},{"starRating":0,"unlocked":false},{"starRating":0,"unlocked":false},{"starRating":0,"unlocked":false},{"starRating":0,"unlocked":false}],"skillPoints":2},{"levelSaveData":[{"starRating":0,"unlocked":false},{"starRating":0,"unlocked":false},{"starRating":0,"unlocked":false},{"starRating":0,"unlocked":false},{"starRating":0,"unlocked":false},{"starRating":0,"unlocked":false},{"starRating":0,"unlocked":false},{"starRating":0,"unlocked":false},{"starRating":0,"unlocked":false},{"starRating":0,"unlocked":false}],"skillPoints":0},{"age":13,"name":"Lil lanesja","gender":1,"levelSaveData":[{"starRating":3,"unlocked":true},{"starRating":3,"chunks":[["3"],["7$$cool & funny","14$$happy"],["3$$family","12$$fun","14$$awsome"],["0"]],"unlocked":true},{"starRating":0,"chunks":[[null],[null,null],[null,null]],"unlocked":false},{"starRating":0,"chunks":[[null],[null],[null],[null],[null,null],[null]],"unlocked":false},{"starRating":0,"chunks":[[null],[null],[null,null],[null],[null],[null]],"unlocked":false},{"starRating":0,"chunks":[[null],[null,null,null,null],[null],[null]],"unlocked":false},{"starRating":0,"chunks":[[null],[null],[null,null],[null,null],[null]],"unlocked":false},{"starRating":0,"chunks":[[null,null,null],[null,null,null],[null],[null],[null]],"unlocked":false},{"starRating":0,"chunks":[[null,null,null],[null,null,null],[null,null]],"unlocked":false},{"starRating":0,"chunks":[[null],[null],[null],[null],[null],[null]],"unlocked":false}],"visualAvatar":0,"id":0,"skillPoints":6}],"avatar":{"age":13,"name":"Lil lanesja","gender":1,"levelSaveData":[{"starRating":3,"unlocked":true},{"starRating":3,"chunks":[["3"],["7$$cool & funny","14$$happy"],["3$$family","12$$fun","14$$awsome"],["0"]],"unlocked":true},{"starRating":0,"chunks":[[null],[null,null],[null,null]],"unlocked":false},{"starRating":0,"chunks":[[null],[null],[null],[null],[null,null],[null]],"unlocked":false},{"starRating":0,"chunks":[[null],[null],[null,null],[null],[null],[null]],"unlocked":false},{"starRating":0,"chunks":[[null],[null,null,null,null],[null],[null]],"unlocked":false},{"starRating":0,"chunks":[[null],[null],[null,null],[null,null],[null]],"unlocked":false},{"starRating":0,"chunks":[[null,null,null],[null,null,null],[null],[null],[null]],"unlocked":false},{"starRating":0,"chunks":[[null,null,null],[null,null,null],[null,null]],"unlocked":false},{"starRating":0,"chunks":[[null],[null],[null],[null],[null],[null]],"unlocked":false}],"visualAvatar":0,"id":0,"skillPoints":6}}
6566002,0,1:26:26,10/8/2013 4:48:33pm
6566002,100,1:26:34,0
6566002,102,1:26:40,0
6566002,200,1:26:40,0,2,2,2,0,6
6566002,212,1:26:50,0
6566002,210,1:26:51,1327,517
6566002,211,1:26:53,1081,416
6566002,212,1:26:54,2
6566002,210,1:26:55,1156,433
6566002,207,1:26:57,0,-400,-370
6566002,211,1:26:58,669,365
6566002,213,1:26:58,0,s_paperPlayers_G7a1P,true
6566002,212,1:27:2,1
6566002,210,1:27:2,725,308
6566002,211,1:27:3,671,374
6566002,213,1:27:3,0,s_paperPlayers_G7a1P,true
6566002,210,1:27:5,988,429
6566002,207,1:27:7,0,-370,-10
6566002,211,1:27:8,241,405
6566002,213,1:27:8,0,s_papersDetention_gen,true
6566002,210,1:27:11,522,483
6566002,207,1:27:12,0,-10,0
6566002,207,1:27:15,0,0,-518
6566002,211,1:27:19,875,181
6566002,212,1:27:20,0
6566002,210,1:27:20,1315,212
6566002,207,1:27:21,0,-518,-368
6566002,211,1:27:22,1330,523
6566002,207,1:27:22,0,-368,-383
6566002,204,1:27:23,0
6566002,103,1:27:25
6566002,105,1:27:26
6566002,703,1:27:28,[|| EpilogueItem ID: 0 unlocked: false ||,|| EpilogueItem ID: 1 unlocked: false ||,|| EpilogueItem ID: 2 unlocked: false ||,|| EpilogueItem ID: 3 unlocked: false ||,|| EpilogueItem ID: 4 unlocked: false ||,|| EpilogueItem ID: 5 unlocked: false ||,|| EpilogueItem ID: 6 unlocked: false ||,|| EpilogueItem ID: 7 unlocked: false ||,|| EpilogueItem ID: 8 unlocked: false ||,|| EpilogueItem ID: 9 unlocked: false ||,|| EpilogueItem ID: 10 unlocked: false ||,|| EpilogueItem ID: 11 unlocked: false ||,|| EpilogueItem ID: 12 unlocked: false ||,|| EpilogueItem ID: 13 unlocked: false ||,|| EpilogueItem ID: 14 unlocked: false ||,|| EpilogueItem ID: 15 unlocked: false ||,|| EpilogueItem ID: 16 unlocked: false ||,|| EpilogueItem ID: 17 unlocked: false ||,|| EpilogueItem ID: 18 unlocked: false ||,|| EpilogueItem ID: 19 unlocked: false ||,|| EpilogueItem ID: 20 unlocked: false ||,|| EpilogueItem ID: 21 unlocked: false ||,|| EpilogueItem ID: 22 unlocked: false ||,|| EpilogueItem ID: 23 unlocked: false ||,|| EpilogueItem ID: 24 unlocked: false ||],0
6566002,706,1:27:32,(x=1791, y=-100, w=1024, h=768),(x=2531, y=-100, w=1024, h=768)
6566002,706,1:27:33,(x=2528, y=-100, w=1024, h=768),(x=2520, y=-100, w=1024, h=768)
6566002,708,1:27:34
6566002,1,1:27:34,10/8/2013 4:49:42pm,{"gameTime":5254708,"challengeStacks":[{"challengeScenes":[{"miniGameCards":[],"viewedAnimatic":true,"keyPoints":["c_teacherEng_G7a0","c_bestFriend_F_a_G7a0","s_flag_gen"],"unlocked":true,"touchableObjects":["c_teacherEng_G7a0","s_vocabAssignment_G7a0","c_crewKid1_F_G7a0","s_clock_G7a0","s_doorClassroom_G7a0","s_otherStudent1_G7a0","c_bestFriend_F_a_G7a0","c_friend1_F_a_G7a0","s_poePoster_gen","s_shakespearePoster_gen","s_angelouPoster_gen","s_atwoodPoster_gen","s_flag_gen"]},{"miniGameCards":[],"viewedAnimatic":true,"keyPoints":["c_teacherEng_G7a1N","s_paperPlayers_G7a1N","c_bestFriend_F_a_G7a1N"],"unlocked":true,"touchableObjects":["c_teacherEng_G7a1N","s_otherStudent2_G7a1N","c_crewKid1_F_G7a1N","s_otherStudent1_G7a1N","s_paperPlayers_G7a1N","s_flag_gen","c_bestFriend_F_a_G7a1N"]},{"miniGameCards":[],"viewedAnimatic":true,"keyPoints":["s_paperEnglish_gen"],"unlocked":true,"touchableObjects":["s_atwoodPoster_gen","s_paperEnglish_gen","s_paperPlayers_G7a1P","s_papersDetention_gen"]}],"stackSize":3,"resolved":false},{"challengeScenes":[{"miniGameCards":[],"viewedAnimatic":false,"keyPoints":[],"unlocked":false,"touchableObjects":[]},{"miniGameCards":[],"viewedAnimatic":false,"keyPoints":[],"unlocked":false,"touchableObjects":[]},{"miniGameCards":[],"viewedAnimatic":false,"keyPoints":[],"unlocked":false,"touchableObjects":[]},{"miniGameCards":[],"viewedAnimatic":false,"keyPoints":[],"unlocked":false,"touchableObjects":[]},{"miniGameCards":[],"viewedAnimatic":false,"keyPoints":[],"unlocked":false,"touchableObjects":[]}],"stackSize":5,"resolved":false},{"challengeScenes":[{"miniGameCards":[],"viewedAnimatic":false,"keyPoints":[],"unlocked":false,"touchableObjects":[]},{"miniGameCards":[],"viewedAnimatic":false,"keyPoints":[],"unlocked":false,"touchableObjects":[]},{"miniGameCards":[],"viewedAnimatic":false,"keyPoints":[],"unlocked":false,"touchableObjects":[]},{"miniGameCards":[],"viewedAnimatic":false,"keyPoints":[],"unlocked":false,"touchableObjects":[]},{"miniGameCards":[],"viewedAnimatic":false,"keyPoints":[],"unlocked":false,"touchableObjects":[]},{"miniGameCards":[],"viewedAnimatic":false,"keyPoints":[],"unlocked":false,"touchableObjects":[]},{"miniGameCards":[],"viewedAnimatic":false,"keyPoints":[],"unlocked":false,"touchableObjects":[]}],"stackSize":7,"resolved":false},{"challengeScenes":[{"miniGameCards":[],"viewedAnimatic":false,"keyPoints":[],"unlocked":false,"touchableObjects":[]},{"miniGameCards":[],"viewedAnimatic":false,"keyPoints":[],"unlocked":false,"touchableObjects":[]},{"miniGameCards":[],"viewedAnimatic":false,"keyPoints":[],"unlocked":false,"touchableObjects":[]},{"miniGameCards":[],"viewedAnimatic":false,"keyPoints":[],"unlocked":false,"touchableObjects":[]},{"miniGameCards":[],"viewedAnimatic":false,"keyPoints":[],"unlocked":false,"touchableObjects":[]}],"stackSize":5,"resolved":false},{"challengeScenes":[{"miniGameCards":[],"viewedAnimatic":false,"keyPoints":[],"unlocked":false,"touchableObjects":[]},{"miniGameCards":[],"viewedAnimatic":false,"keyPoints":[],"unlocked":false,"touchableObjects":[]},{"miniGameCards":[],"viewedAnimatic":false,"keyPoints":[],"unlocked":false,"touchableObjects":[]},{"miniGameCards":[],"viewedAnimatic":false,"keyPoints":[],"unlocked":false,"touchableObjects":[]},{"miniGameCards":[],"viewedAnimatic":false,"keyPoints":[],"unlocked":false,"touchableObjects":[]}],"stackSize":5,"resolved":false},{"challengeScenes":[{"miniGameCards":[],"viewedAnimatic":false,"keyPoints":[],"unlocked":false,"touchableObjects":[]},{"miniGameCards":[],"viewedAnimatic":false,"keyPoints":[],"unlocked":false,"touchableObjects":[]},{"miniGameCards":[],"viewedAnimatic":false,"keyPoints":[],"unlocked":false,"touchableObjects":[]},{"miniGameCards":[],"viewedAnimatic":false,"keyPoints":[],"unlocked":false,"touchableObjects":[]},{"miniGameCards":[],"viewedAnimatic":false,"keyPoints":[],"unlocked":false,"touchableObjects":[]}],"stackSize":5,"resolved":false},{"challengeScenes":[{"miniGameCards":[],"viewedAnimatic":false,"keyPoints":[],"unlocked":false,"touchableObjects":[]},{"miniGameCards":[],"viewedAnimatic":false,"keyPoints":[],"unlocked":false,"touchableObjects":[]},{"miniGameCards":[],"viewedAnimatic":false,"keyPoints":[],"unlocked":false,"touchableObjects":[]},{"miniGameCards":[],"viewedAnimatic":false,"keyPoints":[],"unlocked":false,"touchableObjects":[]},{"miniGameCards":[],"viewedAnimatic":false,"keyPoints":[],"unlocked":false,"touchableObjects":[]}],"stackSize":5,"resolved":false},{"challengeScenes":[{"miniGameCards":[],"viewedAnimatic":false,"keyPoints":[],"unlocked":false,"touchableObjects":[]},{"miniGameCards":[],"viewedAnimatic":false,"keyPoints":[],"unlocked":false,"touchableObjects":[]},{"miniGameCards":[],"viewedAnimatic":false,"keyPoints":[],"unlocked":false,"touchableObjects":[]},{"miniGameCards":[],"viewedAnimatic":false,"keyPoints":[],"unlocked":false,"touchableObjects":[]},{"miniGameCards":[],"viewedAnimatic":false,"keyPoints":[],"unlocked":false,"touchableObjects":[]}],"stackSize":5,"resolved":false},{"challengeScenes":[{"miniGameCards":[],"viewedAnimatic":false,"keyPoints":[],"unlocked":false,"touchableObjects":[]},{"miniGameCards":[],"viewedAnimatic":false,"keyPoints":[],"unlocked":false,"touchableObjects":[]},{"miniGameCards":[],"viewedAnimatic":false,"keyPoints":[],"unlocked":false,"touchableObjects":[]},{"miniGameCards":[],"viewedAnimatic":false,"keyPoints":[],"unlocked":false,"touchableObjects":[]},{"miniGameCards":[],"viewedAnimatic":false,"keyPoints":[],"unlocked":false,"touchableObjects":[]}],"stackSize":5,"resolved":false},{"challengeScenes":[{"miniGameCards":[],"viewedAnimatic":false,"keyPoints":[],"unlocked":false,"touchableObjects":[]},{"miniGameCards":[],"viewedAnimatic":false,"keyPoints":[],"unlocked":false,"touchableObjects":[]},{"miniGameCards":[],"viewedAnimatic":false,"keyPoints":[],"unlocked":false,"touchableObjects":[]},{"miniGameCards":[],"viewedAnimatic":false,"keyPoints":[],"unlocked":false,"touchableObjects":[]},{"miniGameCards":[],"viewedAnimatic":false,"keyPoints":[],"unlocked":false,"touchableObjects":[]}],"stackSize":5,"resolved":false},{"challengeScenes":[{"miniGameCards":[],"viewedAnimatic":false,"keyPoints":[],"unlocked":false,"touchableObjects":[]},{"miniGameCards":[],"viewedAnimatic":false,"keyPoints":[],"unlocked":false,"touchableObjects":[]},{"miniGameCards":[],"viewedAnimatic":false,"keyPoints":[],"unlocked":false,"touchableObjects":[]},{"miniGameCards":[],"viewedAnimatic":false,"keyPoints":[],"unlocked":false,"touchableObjects":[]},{"miniGameCards":[],"viewedAnimatic":false,"keyPoints":[],"unlocked":false,"touchableObjects":[]}],"stackSize":5,"resolved":false},{"challengeScenes":[{"miniGameCards":[],"viewedAnimatic":false,"keyPoints":[],"unlocked":false,"touchableObjects":[]},{"miniGameCards":[],"viewedAnimatic":false,"keyPoints":[],"unlocked":false,"touchableObjects":[]},{"miniGameCards":[],"viewedAnimatic":false,"keyPoints":[],"unlocked":false,"touchableObjects":[]},{"miniGameCards":[],"viewedAnimatic":false,"keyPoints":[],"unlocked":false,"touchableObjects":[]},{"miniGameCards":[],"viewedAnimatic":false,"keyPoints":[],"unlocked":false,"touchableObjects":[]}],"stackSize":5,"resolved":false},{"challengeScenes":[{"miniGameCards":[],"viewedAnimatic":false,"keyPoints":[],"unlocked":true,"touchableObjects":["c_player_afri_F_a_G0a0","c_family_afri_a_G0a0","c_education_G0a0","c_friends_G0a0"]},{"miniGameCards":[],"viewedAnimatic":false,"keyPoints":["c_family_afri_a_G0a1N","c_job_G0a1N","c_home_G0a1N"],"unlocked":true,"touchableObjects":["c_player_afri_F_a_G0a1N","c_family_afri_a_G0a1N","c_job_G0a1N","c_home_G0a1N"]},{"miniGameCards":[],"viewedAnimatic":false,"keyPoints":["c_mom_afri_a_G0a1P","c_grandma_afri_a_G0a1P","c_dad_afri_a_G0a1P","c_Nurse_G0a1P","c_Teacher_G0a1P","c_kidsister_afri_a_G0a1P"],"unlocked":true,"touchableObjects":["c_cousins_F_a_G0a1P","c_mom_afri_a_G0a1P","c_grandma_afri_a_G0a1P","c_dad_afri_a_G0a1P","c_Nurse_G0a1P","c_Teacher_G0a1P","c_friends_G0a1P","c_kidsister_afri_a_G0a1P"]}],"stackSize":3,"resolved":true}],"sessionId":3,"epilogue":{"rating":0},"playerId":6566002,"session":[{"sceneId":"1P","stackId":12},{"sceneId":"1P","stackId":0}],"minigames":[{"levelSaveData":[{"starRating":2,"unlocked":true},{"starRating":0,"unlocked":false},{"starRating":0,"unlocked":false},{"starRating":0,"unlocked":false},{"starRating":0,"unlocked":false},{"starRating":0,"unlocked":false},{"starRating":0,"unlocked":false},{"starRating":0,"unlocked":false},{"starRating":0,"unlocked":false},{"starRating":0,"unlocked":false}],"skillPoints":2},{"levelSaveData":[{"starRating":2,"unlocked":true},{"starRating":0,"unlocked":false},{"starRating":0,"unlocked":false},{"starRating":0,"unlocked":false},{"starRating":0,"unlocked":false},{"starRating":0,"unlocked":false},{"starRating":0,"unlocked":false},{"starRating":0,"unlocked":false},{"starRating":0,"unlocked":false},{"starRating":0,"unlocked":false}],"skillPoints":2},{"levelSaveData":[{"starRating":2,"unlocked":true},{"starRating":0,"unlocked":false},{"starRating":0,"unlocked":false},{"starRating":0,"unlocked":false},{"starRating":0,"unlocked":false},{"starRating":0,"unlocked":false},{"starRating":0,"unlocked":false},{"starRating":0,"unlocked":false},{"starRating":0,"unlocked":false},{"starRating":0,"unlocked":false}],"skillPoints":2},{"levelSaveData":[{"starRating":0,"unlocked":false},{"starRating":0,"unlocked":false},{"starRating":0,"unlocked":false},{"starRating":0,"unlocked":false},{"starRating":0,"unlocked":false},{"starRating":0,"unlocked":false},{"starRating":0,"unlocked":false},{"starRating":0,"unlocked":false},{"starRating":0,"unlocked":false},{"starRating":0,"unlocked":false}],"skillPoints":0},{"age":13,"name":"Lil lanesja","gender":1,"levelSaveData":[{"starRating":3,"unlocked":true},{"starRating":3,"chunks":[["3"],["7$$cool & funny","14$$happy"],["3$$family","12$$fun","14$$awsome"],["0"]],"unlocked":true},{"starRating":0,"chunks":[[null],[null,null],[null,null]],"unlocked":false},{"starRating":0,"chunks":[[null],[null],[null],[null],[null,null],[null]],"unlocked":false},{"starRating":0,"chunks":[[null],[null],[null,null],[null],[null],[null]],"unlocked":false},{"starRating":0,"chunks":[[null],[null,null,null,null],[null],[null]],"unlocked":false},{"starRating":0,"chunks":[[null],[null],[null,null],[null,null],[null]],"unlocked":false},{"starRating":0,"chunks":[[null,null,null],[null,null,null],[null],[null],[null]],"unlocked":false},{"starRating":0,"chunks":[[null,null,null],[null,null,null],[null,null]],"unlocked":false},{"starRating":0,"chunks":[[null],[null],[null],[null],[null],[null]],"unlocked":false}],"visualAvatar":0,"id":0,"skillPoints":6}],"avatar":{"age":13,"name":"Lil lanesja","gender":1,"levelSaveData":[{"starRating":3,"unlocked":true},{"starRating":3,"chunks":[["3"],["7$$cool & funny","14$$happy"],["3$$family","12$$fun","14$$awsome"],["0"]],"unlocked":true},{"starRating":0,"chunks":[[null],[null,null],[null,null]],"unlocked":false},{"starRating":0,"chunks":[[null],[null],[null],[null],[null,null],[null]],"unlocked":false},{"starRating":0,"chunks":[[null],[null],[null,null],[null],[null],[null]],"unlocked":false},{"starRating":0,"chunks":[[null],[null,null,null,null],[null],[null]],"unlocked":false},{"starRating":0,"chunks":[[null],[null],[null,null],[null,null],[null]],"unlocked":false},{"starRating":0,"chunks":[[null,null,null],[null,null,null],[null],[null],[null]],"unlocked":false},{"starRating":0,"chunks":[[null,null,null],[null,null,null],[null,null]],"unlocked":false},{"starRating":0,"chunks":[[null],[null],[null],[null],[null],[null]],"unlocked":false}],"visualAvatar":0,"id":0,"skillPoints":6}}
