6566002,0,12:20:25,1/9/2014 3:58:21pm
6566002,100,12:20:28,10
6566002,101,12:20:30,10
6566002,100,12:20:31,6
6566002,102,12:20:32,6
6566002,200,12:20:32,6,20,20,17,16,27
6566002,210,12:20:45,1024,452
6566002,211,12:20:45,1130,364
6566002,210,12:20:46,1023,344
6566002,211,12:20:48,1113,616
6566002,212,12:20:49,0
6566002,210,12:20:49,1033,519
6566002,207,12:20:51,6,-200,-245
6566002,207,12:20:52,6,-245,-470
6566002,211,12:20:53,1250,363
6566002,213,12:20:53,6,s_window_F_G10a0,true
6566002,205,12:20:53,6,s_window_F_G10a0,false,true
6566002,210,12:20:56,1017,289
6566002,207,12:21:2,6,-470,-50
6566002,207,12:21:6,6,-50,0
6566002,211,12:21:7,207,476
6566002,212,12:21:8,1
6566002,210,12:21:9,202,443
6566002,211,12:21:11,272,604
6566002,213,12:21:11,6,s_cellPhone_F_G10a0,true
6566002,205,12:21:11,6,s_cellPhone_F_G10a0,false,true
6566002,210,12:21:15,373,214
6566002,211,12:21:18,414,212
6566002,213,12:21:18,6,s_poster_F_gen,true
6566002,205,12:21:18,6,s_poster_F_gen,false,true
6566002,210,12:21:21,387,340
6566002,207,12:21:25,6,0,-195
6566002,207,12:21:27,6,-195,-285
6566002,207,12:21:31,6,-285,-512
6566002,211,12:21:36,1214,572
6566002,210,12:21:38,899,272
6566002,211,12:21:42,654,442
6566002,213,12:21:42,6,s_closet_F_G10a1N,true
6566002,210,12:21:43,653,328
6566002,207,12:21:45,6,-200,0
6566002,211,12:21:48,646,285
6566002,213,12:21:48,6,s_closet_F_G10a1N,true
6566002,210,12:22:11,770,474
6566002,207,12:22:13,6,0,-210
6566002,207,12:22:15,6,-210,-465
6566002,211,12:22:16,1258,313
6566002,207,12:22:38,6,-465,-480
6566002,210,12:22:38,1325,338
6566002,207,12:22:39,6,-480,-512
6566002,211,12:22:41,1109,381
6566002,210,12:22:43,1028,301
6566002,211,12:22:45,860,512
6566002,210,12:22:48,943,231
6566002,211,12:22:49,1053,360
6566002,210,12:23:2,869,124
6566002,211,12:23:3,931,133
6566002,210,12:23:9,901,138
6566002,211,12:23:10,1077,74
6566002,210,12:23:35,785,523
6566002,211,12:23:36,951,349
6566002,210,12:24:19,402,324
6566002,211,12:24:21,507,510
6566002,210,12:24:22,877,516
6566002,211,12:24:23,1071,325
6566002,212,12:24:23,0
6566002,210,12:24:24,1044,271
6566002,211,12:24:24,1067,319
6566002,212,12:24:25,2
6566002,210,12:24:25,1056,249
6566002,211,12:24:26,1069,305
6566002,213,12:24:26,6,s_mirror_F_G10a1N,true
6566002,205,12:24:26,6,s_mirror_F_G10a1N,false,false
6566002,210,12:24:31,890,640
6566002,211,12:24:31,890,640
6566002,221,12:24:31,6
6566002,220,12:24:34,6
6566002,221,12:24:37,6
6566002,220,12:24:40,6
6566002,1003,12:24:40,3
6566002,1004,12:25:48,1
6566002,500,12:25:54,1,[]
6566002,501,12:25:56,1,[]
6566002,502,12:26:0,1,[IntentionData_logId:3,true]
6566002,503,12:26:1,1,[]
6566002,504,12:37:26,1,[InfluenceData_logId:0]
6566002,504,12:37:29,1,[InfluenceData_logId:6]
6566002,504,12:37:32,1,[InfluenceData_logId:8]
6566002,504,12:37:35,1,[InfluenceData_logId:7]
6566002,504,12:37:40,1,[InfluenceData_logId:8]
6566002,504,12:37:41,1,[InfluenceData_logId:5]
6566002,505,12:37:42,1,[InfluenceData_logId:0,true,InfluenceData_logId:5,true,InfluenceData_logId:8,true]
6566002,506,12:37:43,1,[]
6566002,507,12:38:28,1,[OpponentAttackData_logId:2,OpponentAttackTypeData_logId:3,true,0]
6566002,508,12:38:30,1,[]
6566002,509,12:40:43,1,[RefusalData_logId:2,1]
6566002,510,12:40:45,1,[AvailableRefusalData_logId:2,0A]
6566002,510,12:40:46,1,[AvailableRefusalData_logId:2,1A]
6566002,510,12:40:53,1,[AvailableRefusalData_logId:2,2A]
6566002,511,12:40:54,1,[AvailableRefusalData_logId:2,0A,1A,2A,true,30]
6566002,512,12:41:10,1,[]
6566002,513,12:41:10,1,[0]
6566002,514,12:41:11,1,[]
6566002,507,12:41:17,1,[OpponentAttackData_logId:3,OpponentAttackTypeData_logId:4,true,0]
6566002,508,12:41:20,1,[]
6566002,509,12:42:1,1,[RefusalData_logId:0,0]
6566002,510,12:42:2,1,[AvailableRefusalData_logId:0,0A]
6566002,510,12:42:5,1,[AvailableRefusalData_logId:0,0B]
6566002,510,12:42:7,1,[AvailableRefusalData_logId:0,1B]
6566002,510,12:42:12,1,[AvailableRefusalData_logId:0,0C]
6566002,510,12:42:13,1,[AvailableRefusalData_logId:0,1A]
6566002,510,12:42:15,1,[AvailableRefusalData_logId:0,0A]
6566002,510,12:42:16,1,[AvailableRefusalData_logId:0,2A]
6566002,511,12:42:17,1,[AvailableRefusalData_logId:0,0A,1A,2A,true,20]
6566002,512,12:42:20,1,[]
6566002,513,12:42:20,1,[30]
6566002,514,12:42:27,1,[]
6566002,507,12:42:31,1,[OpponentAttackData_logId:0,OpponentAttackTypeData_logId:1,false,30]
6566002,508,12:42:33,1,[]
6566002,509,12:42:35,1,[RefusalData_logId:5,0]
6566002,510,12:42:37,1,[AvailableRefusalData_logId:5,0B]
6566002,510,12:42:39,1,[AvailableRefusalData_logId:5,1B]
6566002,510,12:42:41,1,[AvailableRefusalData_logId:5,2B]
6566002,510,12:42:43,1,[AvailableRefusalData_logId:5,0A]
6566002,510,12:42:44,1,[AvailableRefusalData_logId:5,1A]
6566002,510,12:42:45,1,[AvailableRefusalData_logId:5,2A]
6566002,511,12:42:45,1,[AvailableRefusalData_logId:5,0A,1A,2A,true,20]
6566002,512,12:42:48,1,[]
6566002,513,12:42:48,1,[30]
6566002,514,12:42:51,1,[]
6566002,507,12:42:55,1,[OpponentAttackData_logId:1,OpponentAttackTypeData_logId:4,false,30]
6566002,508,12:42:56,1,[]
6566002,509,12:42:58,1,[RefusalData_logId:4,2]
6566002,510,12:43:0,1,[AvailableRefusalData_logId:4,0C]
6566002,510,12:43:1,1,[AvailableRefusalData_logId:4,0A]
6566002,510,12:43:3,1,[AvailableRefusalData_logId:4,1A]
6566002,510,12:43:9,1,[AvailableRefusalData_logId:4,2A]
6566002,511,12:43:10,1,[AvailableRefusalData_logId:4,0A,1A,2A,true,50]
6566002,512,12:43:13,1,[]
6566002,515,12:43:13,1,[30,0]
6566002,516,12:43:14,1,[]
6566002,517,12:43:16,1,[]
6566002,1001,12:43:16,1,[]
6566002,1003,12:43:16,3
6566002,1004,12:44:50,5
6566002,500,12:44:52,5,[]
6566002,501,12:44:54,5,[]
6566002,502,12:44:59,5,[IntentionData_logId:2,true]
6566002,503,12:45:0,5,[]
6566002,504,12:45:4,5,[InfluenceData_logId:2]
6566002,504,12:45:7,5,[InfluenceData_logId:8]
6566002,504,12:45:12,5,[InfluenceData_logId:6]
6566002,504,12:45:20,5,[InfluenceData_logId:1]
6566002,504,12:45:22,5,[InfluenceData_logId:3]
6566002,504,12:45:26,5,[InfluenceData_logId:2]
6566002,505,12:45:28,5,[InfluenceData_logId:2,true,InfluenceData_logId:3,false,InfluenceData_logId:6,true]
6566002,506,12:45:29,5,[]
6566002,507,12:45:35,5,[OpponentAttackData_logId:0,OpponentAttackTypeData_logId:3,false,30]
6566002,1002,12:45:39,5
6566002,1003,12:45:39,3
6566002,210,12:45:42,904,296
6566002,211,12:45:44,680,524
6566002,213,12:45:44,6,c_crush1_F_b_G10a0,true
6566002,205,12:45:44,6,c_crush1_F_b_G10a0,false,true
6566002,212,12:45:49,0
6566002,210,12:45:50,1019,450
6566002,207,12:45:53,6,-200,-485
6566002,207,12:45:55,6,-485,-512
6566002,211,12:45:56,1253,351
6566002,213,12:45:56,6,s_window_F_G10a1N,true
6566002,210,12:46:4,945,203
6566002,211,12:46:5,618,359
6566002,210,12:46:6,604,376
6566002,211,12:46:7,517,277
6566002,212,12:46:8,1
6566002,210,12:46:8,731,355
6566002,211,12:46:9,601,413
6566002,213,12:46:9,6,c_nurse_G10a2N,true
6566002,205,12:46:9,6,c_nurse_G10a2N,false,true
6566002,210,12:46:36,536,348
6566002,211,12:46:37,430,317
6566002,212,12:46:38,2
6566002,210,12:46:39,459,251
6566002,211,12:46:40,483,241
6566002,213,12:46:40,6,s_pamphlet5_G10a2N,true
6566002,205,12:46:40,6,s_pamphlet5_G10a2N,false,true
6566002,210,12:47:1,287,577
6566002,207,12:47:2,6,-200,-20
6566002,211,12:47:4,499,143
6566002,212,12:47:4,0
6566002,210,12:47:6,355,298
6566002,211,12:47:9,185,559
6566002,213,12:47:9,6,s_pamphlet1_G10a2N,true
6566002,205,12:47:9,6,s_pamphlet1_G10a2N,false,true
6566002,212,12:47:53,1
6566002,210,12:47:54,250,578
6566002,211,12:47:55,360,560
6566002,212,12:47:57,2
6566002,210,12:47:57,451,231
6566002,211,12:47:59,473,200
6566002,212,12:48:0,0
6566002,210,12:48:0,473,147
6566002,211,12:48:2,487,197
6566002,210,12:48:2,506,119
6566002,211,12:48:3,528,194
6566002,213,12:48:3,6,s_pamphlet4_G10a2N,true
6566002,205,12:48:3,6,s_pamphlet4_G10a2N,false,true
6566002,210,12:48:25,519,343
6566002,211,12:48:26,518,448
6566002,212,12:48:27,2
6566002,210,12:48:27,505,364
6566002,211,12:48:28,534,413
6566002,213,12:48:28,6,s_cot_G10a2N,true
6566002,210,12:48:43,927,444
6566002,207,12:48:44,6,-20,-305
6566002,211,12:48:44,1124,493
6566002,212,12:48:45,1
6566002,210,12:48:45,1129,464
6566002,211,12:48:46,1140,485
6566002,213,12:48:46,6,s_phone_G10a2N,true
6566002,205,12:48:46,6,s_phone_G10a2N,false,true
6566002,207,12:48:59,6,-305,-335
6566002,210,12:49:0,1272,331
6566002,207,12:49:0,6,-335,-395
6566002,207,12:49:1,6,-395,-485
6566002,211,12:49:2,1318,426
6566002,212,12:49:3,0
6566002,210,12:49:3,1310,287
6566002,207,12:49:4,6,-485,-492
6566002,211,12:49:7,1380,382
6566002,212,12:49:7,2
6566002,210,12:49:8,1308,313
6566002,211,12:49:10,1345,449
6566002,221,12:49:16,6
6566002,220,12:49:23,6
6566002,212,12:49:26,0
6566002,210,12:49:26,1019,316
6566002,207,12:49:30,6,-200,0
6566002,211,12:49:35,455,460
6566002,210,12:49:41,1073,282
6566002,207,12:49:46,6,-200,-20
6566002,211,12:49:51,346,435
6566002,213,12:49:51,6,s_clock_F_G10a0,true
6566002,221,12:50:13,6
6566002,220,12:50:16,6
6566002,1003,12:50:16,3
6566002,1004,12:50:17,6
6566002,500,12:50:20,6,[]
6566002,501,12:50:27,6,[]
6566002,502,12:50:37,6,[IntentionData_logId:2,false]
6566002,503,12:50:40,6,[]
6566002,1002,12:50:41,6
6566002,1003,12:50:41,3
6566002,1004,12:50:42,6
6566002,500,12:50:44,6,[]
6566002,501,12:50:45,6,[]
6566002,502,12:50:49,6,[IntentionData_logId:4,true]
6566002,503,12:50:51,6,[]
6566002,504,12:50:56,6,[InfluenceData_logId:4]
6566002,504,12:51:1,6,[InfluenceData_logId:3]
6566002,504,12:51:4,6,[InfluenceData_logId:8]
6566002,504,12:51:12,6,[InfluenceData_logId:6]
6566002,504,12:51:15,6,[InfluenceData_logId:7]
6566002,504,12:51:17,6,[InfluenceData_logId:3]
6566002,504,12:51:17,6,[InfluenceData_logId:6]
6566002,504,12:51:19,6,[InfluenceData_logId:0]
6566002,504,12:51:24,6,[InfluenceData_logId:1]
6566002,504,12:51:28,6,[InfluenceData_logId:6]
6566002,504,12:51:28,6,[InfluenceData_logId:6]
6566002,505,12:51:32,6,[InfluenceData_logId:1,true,InfluenceData_logId:3,true,InfluenceData_logId:6,true]
6566002,506,12:51:34,6,[]
6566002,507,12:51:43,6,[OpponentAttackData_logId:3,OpponentAttackTypeData_logId:4,false,30]
6566002,1002,12:51:47,6
6566002,1003,12:51:47,3
6566002,1004,12:51:47,6
6566002,500,12:51:50,6,[]
6566002,501,12:51:53,6,[]
6566002,502,12:51:57,6,[IntentionData_logId:4,true]
6566002,503,12:51:58,6,[]
6566002,504,12:52:2,6,[InfluenceData_logId:1]
6566002,504,12:52:4,6,[InfluenceData_logId:3]
6566002,504,12:52:5,6,[InfluenceData_logId:8]
6566002,505,12:52:6,6,[InfluenceData_logId:1,true,InfluenceData_logId:3,true,InfluenceData_logId:8,true]
6566002,506,12:52:7,6,[]
6566002,507,12:52:12,6,[OpponentAttackData_logId:0,OpponentAttackTypeData_logId:3,false,30]
6566002,508,12:52:16,6,[]
6566002,509,12:52:19,6,[RefusalData_logId:7,0]
6566002,510,12:52:21,6,[AvailableRefusalData_logId:7,0B]
6566002,510,12:52:23,6,[AvailableRefusalData_logId:7,1B]
6566002,510,12:52:28,6,[AvailableRefusalData_logId:7,0C]
6566002,510,12:52:30,6,[AvailableRefusalData_logId:7,1C]
6566002,510,12:52:32,6,[AvailableRefusalData_logId:7,0A]
6566002,510,12:52:35,6,[AvailableRefusalData_logId:7,0B]
6566002,510,12:52:43,6,[AvailableRefusalData_logId:7,0A]
6566002,510,12:52:44,6,[AvailableRefusalData_logId:7,1A]
6566002,510,12:52:47,6,[AvailableRefusalData_logId:7,2A]
6566002,511,12:52:48,6,[AvailableRefusalData_logId:7,0A,1A,2A,true,20]
6566002,512,12:52:51,6,[]
6566002,513,12:52:51,6,[30]
6566002,514,12:52:53,6,[]
6566002,507,12:52:58,6,[OpponentAttackData_logId:2,OpponentAttackTypeData_logId:4,true,0]
6566002,508,12:53:0,6,[]
6566002,509,12:53:2,6,[RefusalData_logId:5,2]
6566002,510,12:53:4,6,[AvailableRefusalData_logId:5,0C]
6566002,510,12:53:6,6,[AvailableRefusalData_logId:5,1C]
6566002,510,12:53:12,6,[AvailableRefusalData_logId:5,0B]
6566002,510,12:53:14,6,[AvailableRefusalData_logId:5,1A]
6566002,510,12:53:17,6,[AvailableRefusalData_logId:5,0A]
6566002,510,12:53:19,6,[AvailableRefusalData_logId:5,2A]
6566002,510,12:53:20,6,[AvailableRefusalData_logId:5,0B]
6566002,510,12:53:22,6,[AvailableRefusalData_logId:5,1B]
6566002,510,12:53:23,6,[AvailableRefusalData_logId:5,2B]
6566002,511,12:53:24,6,[AvailableRefusalData_logId:5,0B,1B,2B,false,0]
6566002,512,12:53:26,6,[]
6566002,513,12:53:26,6,[30]
6566002,514,12:53:28,6,[]
6566002,507,12:53:33,6,[OpponentAttackData_logId:3,OpponentAttackTypeData_logId:3,true,0]
6566002,508,12:53:35,6,[]
6566002,509,12:53:45,6,[RefusalData_logId:9,2]
6566002,510,12:53:47,6,[AvailableRefusalData_logId:9,0C]
6566002,510,12:53:50,6,[AvailableRefusalData_logId:9,1A]
6566002,510,12:53:52,6,[AvailableRefusalData_logId:9,0A]
6566002,510,12:53:55,6,[AvailableRefusalData_logId:9,2A]
6566002,511,12:53:55,6,[AvailableRefusalData_logId:9,0A,1A,2A,true,50]
6566002,512,12:54:0,6,[]
6566002,513,12:54:0,6,[0]
6566002,514,12:54:3,6,[]
6566002,507,12:54:8,6,[OpponentAttackData_logId:1,OpponentAttackTypeData_logId:0,false,30]
6566002,508,12:54:10,6,[]
6566002,509,12:54:12,6,[RefusalData_logId:0,2]
6566002,510,12:54:14,6,[AvailableRefusalData_logId:0,0A]
6566002,510,12:54:17,6,[AvailableRefusalData_logId:0,1A]
6566002,510,12:54:18,6,[AvailableRefusalData_logId:0,2A]
6566002,511,12:54:26,6,[AvailableRefusalData_logId:0,0A,1A,2A,true,50]
6566002,512,12:54:28,6,[]
6566002,515,12:54:28,6,[30,0]
6566002,516,12:54:31,6,[]
6566002,517,12:54:32,6,[]
6566002,1001,12:54:33,6,[]
6566002,1003,12:54:33,3
6566002,1004,12:54:34,6
6566002,500,12:54:36,6,[]
6566002,501,12:54:41,6,[]
6566002,502,12:54:48,6,[IntentionData_logId:4,true]
6566002,503,12:54:49,6,[]
6566002,504,12:54:52,6,[InfluenceData_logId:1]
6566002,504,12:54:55,6,[InfluenceData_logId:3]
6566002,504,12:54:58,6,[InfluenceData_logId:8]
6566002,505,12:54:59,6,[InfluenceData_logId:1,true,InfluenceData_logId:3,true,InfluenceData_logId:8,true]
6566002,506,12:55:0,6,[]
6566002,507,12:55:8,6,[OpponentAttackData_logId:1,OpponentAttackTypeData_logId:4,false,30]
6566002,508,12:55:11,6,[]
6566002,509,12:55:17,6,[RefusalData_logId:5,2]
6566002,510,12:55:18,6,[AvailableRefusalData_logId:5,0A]
6566002,510,12:55:20,6,[AvailableRefusalData_logId:5,1A]
6566002,510,12:55:21,6,[AvailableRefusalData_logId:5,2A]
6566002,511,12:55:22,6,[AvailableRefusalData_logId:5,0A,1A,2A,true,50]
6566002,512,12:55:24,6,[]
6566002,513,12:55:24,6,[0]
6566002,514,12:55:27,6,[]
6566002,507,12:55:32,6,[OpponentAttackData_logId:0,OpponentAttackTypeData_logId:4,false,30]
6566002,508,12:55:34,6,[]
6566002,509,12:55:38,6,[RefusalData_logId:2,1]
6566002,510,12:55:40,6,[AvailableRefusalData_logId:2,0A]
6566002,510,12:55:41,6,[AvailableRefusalData_logId:2,1A]
6566002,510,12:55:44,6,[AvailableRefusalData_logId:2,2A]
6566002,511,12:55:44,6,[AvailableRefusalData_logId:2,0A,1A,2A,true,30]
6566002,512,12:55:47,6,[]
6566002,513,12:55:47,6,[0]
6566002,514,12:55:51,6,[]
6566002,507,12:55:55,6,[OpponentAttackData_logId:2,OpponentAttackTypeData_logId:3,false,30]
6566002,508,12:55:57,6,[]
6566002,509,12:56:2,6,[RefusalData_logId:9,2]
6566002,510,12:56:7,6,[AvailableRefusalData_logId:9,0A]
6566002,510,12:56:8,6,[AvailableRefusalData_logId:9,1A]
6566002,510,12:56:10,6,[AvailableRefusalData_logId:9,2A]
6566002,511,12:56:24,6,[AvailableRefusalData_logId:9,0A,1A,2A,true,50]
6566002,512,12:56:28,6,[]
6566002,515,12:56:28,6,[60,0]
6566002,516,12:56:30,6,[]
6566002,517,12:56:31,6,[]
6566002,1001,12:56:32,6,[]
6566002,1003,12:56:32,3
6566002,1004,12:56:34,6
6566002,500,12:56:36,6,[]
6566002,1002,12:56:42,6
6566002,1003,12:56:42,3
6566002,204,12:56:44,6
6566002,1003,12:56:46,0
6566002,1004,12:56:51,9
6566002,400,12:56:53,9,[]
6566002,401,12:56:59,9,[StatementsData_logId:0]
6566002,404,12:57:1,9,[StatementsData_logId:0,true]
6566002,406,12:57:2,9,[StatementsData_logId:0,2]
6566002,412,12:57:4,9,[StatementsData_logId:0]
6566002,413,12:57:11,9,[StatementsData_logId:0,DuelResponsesData_logId:0]
6566002,414,12:57:12,9,[StatementsData_logId:0,DuelResponsesData_logId:0]
6566002,415,12:57:20,9,[StatementsData_logId:0,DuelResponsesData_logId:0,DuelResponsesData_witty_player_response]
6566002,416,12:57:21,9,[StatementsData_logId:0,DuelResponsesData_logId:0]
6566002,417,12:57:23,9,[StatementsData_logId:0,DuelResponsesData_logId:0]
6566002,413,12:57:25,9,[StatementsData_logId:0,DuelResponsesData_logId:1]
6566002,414,12:57:30,9,[StatementsData_logId:0,DuelResponsesData_logId:1]
6566002,415,12:57:39,9,[StatementsData_logId:0,DuelResponsesData_logId:1,DuelResponsesData_witty_player_response]
6566002,416,12:57:39,9,[StatementsData_logId:0,DuelResponsesData_logId:1]
6566002,417,12:57:40,9,[StatementsData_logId:0,DuelResponsesData_logId:1]
6566002,413,12:57:45,9,[StatementsData_logId:0,DuelResponsesData_logId:2]
6566002,414,12:57:46,9,[StatementsData_logId:0,DuelResponsesData_logId:2]
6566002,415,12:57:50,9,[StatementsData_logId:0,DuelResponsesData_logId:2,DuelResponsesData_witty_player_response]
6566002,416,12:57:51,9,[StatementsData_logId:0,DuelResponsesData_logId:2]
6566002,417,12:57:54,9,[StatementsData_logId:0,DuelResponsesData_logId:2]
6566002,418,12:57:54,9,[StatementsData_logId:0,true]
6566002,419,12:58:4,9,[StatementsData_logId:0,4]
6566002,411,12:58:5,9,[StatementsData_logId:0]
6566002,401,12:58:10,9,[StatementsData_logId:1]
6566002,403,12:58:11,9,[StatementsData_logId:1,true]
6566002,405,12:58:12,9,[StatementsData_logId:1]
6566002,406,12:58:13,9,[StatementsData_logId:1,2]
6566002,407,12:58:13,9,[StatementsData_logId:1,FactCardData_id:4]
6566002,407,12:58:13,9,[StatementsData_logId:1,FactCardData_id:13]
6566002,407,12:58:13,9,[StatementsData_logId:1,FactCardData_id:9]
6566002,407,12:58:13,9,[StatementsData_logId:1,FactCardData_id:1]
6566002,407,12:58:13,9,[StatementsData_logId:1,FactCardData_id:11]
6566002,407,12:58:13,9,[StatementsData_logId:1,FactCardData_id:17]
6566002,407,12:58:18,9,[StatementsData_logId:1,FactCardData_id:13]
6566002,407,12:58:18,9,[StatementsData_logId:1,FactCardData_id:13]
6566002,408,12:58:25,9,[StatementsData_logId:1,FactCardData_id:13,true]
6566002,409,12:58:25,9,[StatementsData_logId:1]
6566002,410,12:58:26,9,[StatementsData_logId:1,2]
6566002,412,12:58:27,9,[StatementsData_logId:1]
6566002,413,12:58:35,9,[StatementsData_logId:1,DuelResponsesData_logId:3]
6566002,414,12:58:36,9,[StatementsData_logId:1,DuelResponsesData_logId:3]
6566002,415,12:58:42,9,[StatementsData_logId:1,DuelResponsesData_logId:3,DuelResponsesData_ok_player_response]
6566002,416,12:58:42,9,[StatementsData_logId:1,DuelResponsesData_logId:3]
6566002,417,12:58:43,9,[StatementsData_logId:1,DuelResponsesData_logId:3]
6566002,413,12:58:44,9,[StatementsData_logId:1,DuelResponsesData_logId:4]
6566002,414,12:58:47,9,[StatementsData_logId:1,DuelResponsesData_logId:4]
6566002,415,12:59:9,9,[StatementsData_logId:1,DuelResponsesData_logId:4,DuelResponsesData_witty_player_response]
6566002,416,12:59:9,9,[StatementsData_logId:1,DuelResponsesData_logId:4]
6566002,417,12:59:10,9,[StatementsData_logId:1,DuelResponsesData_logId:4]
6566002,413,12:59:11,9,[StatementsData_logId:1,DuelResponsesData_logId:5]
6566002,414,12:59:12,9,[StatementsData_logId:1,DuelResponsesData_logId:5]
6566002,415,12:59:34,9,[StatementsData_logId:1,DuelResponsesData_logId:5,DuelResponsesData_witty_player_response]
6566002,416,12:59:35,9,[StatementsData_logId:1,DuelResponsesData_logId:5]
6566002,417,12:59:36,9,[StatementsData_logId:1,DuelResponsesData_logId:5]
6566002,418,12:59:36,9,[StatementsData_logId:1,true]
6566002,419,12:59:37,9,[StatementsData_logId:1,4]
6566002,411,12:59:38,9,[StatementsData_logId:1]
6566002,401,12:59:42,9,[StatementsData_logId:2]
6566002,402,12:59:43,9,[StatementsData_logId:2,true]
6566002,405,12:59:44,9,[StatementsData_logId:2]
6566002,406,12:59:45,9,[StatementsData_logId:2,2]
6566002,411,12:59:46,9,[StatementsData_logId:2]
6566002,401,13:0:4,9,[StatementsData_logId:3]
6566002,404,13:0:5,9,[StatementsData_logId:3,false]
6566002,405,13:0:6,9,[StatementsData_logId:3]
6566002,406,13:0:7,9,[StatementsData_logId:3,-2]
6566002,411,13:0:8,9,[StatementsData_logId:3]
6566002,401,13:0:12,9,[StatementsData_logId:4]
6566002,402,13:0:13,9,[StatementsData_logId:4,true]
6566002,405,13:0:14,9,[StatementsData_logId:4]
6566002,406,13:0:14,9,[StatementsData_logId:4,2]
6566002,411,13:0:15,9,[StatementsData_logId:4]
6566002,401,13:0:22,9,[StatementsData_logId:5]
6566002,402,13:0:23,9,[StatementsData_logId:5,true]
6566002,405,13:0:24,9,[StatementsData_logId:5]
6566002,406,13:0:25,9,[StatementsData_logId:5,2]
6566002,411,13:0:26,9,[StatementsData_logId:5]
6566002,401,13:0:33,9,[StatementsData_logId:6]
6566002,402,13:0:34,9,[StatementsData_logId:6,true]
6566002,405,13:0:34,9,[StatementsData_logId:6]
6566002,406,13:0:35,9,[StatementsData_logId:6,2]
6566002,411,13:0:36,9,[StatementsData_logId:6]
6566002,401,13:0:45,9,[StatementsData_logId:7]
6566002,403,13:0:46,9,[StatementsData_logId:7,true]
6566002,405,13:0:47,9,[StatementsData_logId:7]
6566002,406,13:0:48,9,[StatementsData_logId:7,2]
6566002,407,13:0:48,9,[StatementsData_logId:7,FactCardData_id:11]
6566002,407,13:0:48,9,[StatementsData_logId:7,FactCardData_id:9]
6566002,407,13:0:48,9,[StatementsData_logId:7,FactCardData_id:4]
6566002,407,13:0:48,9,[StatementsData_logId:7,FactCardData_id:17]
6566002,407,13:0:48,9,[StatementsData_logId:7,FactCardData_id:13]
6566002,407,13:0:48,9,[StatementsData_logId:7,FactCardData_id:1]
6566002,407,13:0:50,9,[StatementsData_logId:7,FactCardData_id:17]
6566002,407,13:0:50,9,[StatementsData_logId:7,FactCardData_id:17]
6566002,407,13:0:54,9,[StatementsData_logId:7,FactCardData_id:1]
6566002,407,13:0:54,9,[StatementsData_logId:7,FactCardData_id:17]
6566002,407,13:0:54,9,[StatementsData_logId:7,FactCardData_id:1]
6566002,408,13:0:59,9,[StatementsData_logId:7,FactCardData_id:1,true]
6566002,409,13:0:59,9,[StatementsData_logId:7]
6566002,410,13:1:0,9,[StatementsData_logId:7,2]
6566002,412,13:1:0,9,[StatementsData_logId:7]
6566002,413,13:1:6,9,[StatementsData_logId:7,DuelResponsesData_logId:9]
6566002,414,13:1:7,9,[StatementsData_logId:7,DuelResponsesData_logId:9]
6566002,415,13:1:25,9,[StatementsData_logId:7,DuelResponsesData_logId:9,DuelResponsesData_ok_player_response]
6566002,416,13:1:25,9,[StatementsData_logId:7,DuelResponsesData_logId:9]
6566002,417,13:1:26,9,[StatementsData_logId:7,DuelResponsesData_logId:9]
6566002,413,13:1:27,9,[StatementsData_logId:7,DuelResponsesData_logId:10]
6566002,414,13:1:30,9,[StatementsData_logId:7,DuelResponsesData_logId:10]
6566002,415,13:1:38,9,[StatementsData_logId:7,DuelResponsesData_logId:10,DuelResponsesData_ok_player_response]
6566002,416,13:1:39,9,[StatementsData_logId:7,DuelResponsesData_logId:10]
6566002,417,13:1:40,9,[StatementsData_logId:7,DuelResponsesData_logId:10]
6566002,413,13:1:47,9,[StatementsData_logId:7,DuelResponsesData_logId:11]
6566002,414,13:1:48,9,[StatementsData_logId:7,DuelResponsesData_logId:11]
6566002,415,13:1:53,9,[StatementsData_logId:7,DuelResponsesData_logId:11,DuelResponsesData_witty_player_response]
6566002,416,13:1:54,9,[StatementsData_logId:7,DuelResponsesData_logId:11]
6566002,417,13:1:54,9,[StatementsData_logId:7,DuelResponsesData_logId:11]
6566002,418,13:1:54,9,[StatementsData_logId:7,true]
6566002,419,13:1:56,9,[StatementsData_logId:7,4]
6566002,411,13:1:57,9,[StatementsData_logId:7]
6566002,420,13:1:58,9,[66]
6566002,1005,13:1:58,9,[0,1,2]
6566002,1001,13:1:59,9,[]
6566002,1003,13:1:59,0
6566002,1004,13:2:11,1
6566002,400,13:2:13,1,[]
6566002,401,13:2:14,1,[StatementsData_logId:0]
6566002,402,13:2:25,1,[StatementsData_logId:0,true]
6566002,405,13:2:26,1,[StatementsData_logId:0]
6566002,406,13:2:26,1,[StatementsData_logId:0,2]
6566002,411,13:2:27,1,[StatementsData_logId:0]
6566002,401,13:2:37,1,[StatementsData_logId:1]
6566002,402,13:2:38,1,[StatementsData_logId:1,true]
6566002,405,13:2:38,1,[StatementsData_logId:1]
6566002,406,13:2:40,1,[StatementsData_logId:1,2]
6566002,411,13:2:56,1,[StatementsData_logId:1]
6566002,401,13:3:7,1,[StatementsData_logId:2]
6566002,403,13:3:8,1,[StatementsData_logId:2,true]
6566002,405,13:3:9,1,[StatementsData_logId:2]
6566002,406,13:3:10,1,[StatementsData_logId:2,2]
6566002,407,13:3:10,1,[StatementsData_logId:2,FactCardData_id:26]
6566002,407,13:3:10,1,[StatementsData_logId:2,FactCardData_id:25]
6566002,407,13:3:10,1,[StatementsData_logId:2,FactCardData_id:22]
6566002,407,13:3:10,1,[StatementsData_logId:2,FactCardData_id:20]
6566002,407,13:3:10,1,[StatementsData_logId:2,FactCardData_id:23]
6566002,407,13:3:10,1,[StatementsData_logId:2,FactCardData_id:24]
6566002,407,13:3:12,1,[StatementsData_logId:2,FactCardData_id:25]
6566002,407,13:3:12,1,[StatementsData_logId:2,FactCardData_id:25]
6566002,407,13:3:16,1,[StatementsData_logId:2,FactCardData_id:24]
6566002,407,13:3:16,1,[StatementsData_logId:2,FactCardData_id:25]
6566002,407,13:3:16,1,[StatementsData_logId:2,FactCardData_id:24]
6566002,408,13:3:18,1,[StatementsData_logId:2,FactCardData_id:24,true]
6566002,409,13:3:18,1,[StatementsData_logId:2]
6566002,410,13:3:19,1,[StatementsData_logId:2,2]
6566002,412,13:3:20,1,[StatementsData_logId:2]
6566002,413,13:3:25,1,[StatementsData_logId:2,DuelResponsesData_logId:0]
6566002,414,13:3:26,1,[StatementsData_logId:2,DuelResponsesData_logId:0]
6566002,415,13:3:35,1,[StatementsData_logId:2,DuelResponsesData_logId:0,DuelResponsesData_witty_player_response]
6566002,416,13:3:36,1,[StatementsData_logId:2,DuelResponsesData_logId:0]
6566002,417,13:3:37,1,[StatementsData_logId:2,DuelResponsesData_logId:0]
6566002,413,13:3:42,1,[StatementsData_logId:2,DuelResponsesData_logId:1]
6566002,414,13:3:43,1,[StatementsData_logId:2,DuelResponsesData_logId:1]
6566002,415,13:3:51,1,[StatementsData_logId:2,DuelResponsesData_logId:1,DuelResponsesData_witty_player_response]
6566002,416,13:3:51,1,[StatementsData_logId:2,DuelResponsesData_logId:1]
6566002,417,13:3:52,1,[StatementsData_logId:2,DuelResponsesData_logId:1]
6566002,413,13:3:55,1,[StatementsData_logId:2,DuelResponsesData_logId:2]
6566002,414,13:3:55,1,[StatementsData_logId:2,DuelResponsesData_logId:2]
6566002,415,13:4:14,1,[StatementsData_logId:2,DuelResponsesData_logId:2,DuelResponsesData_witty_player_response]
6566002,416,13:4:15,1,[StatementsData_logId:2,DuelResponsesData_logId:2]
6566002,417,13:4:16,1,[StatementsData_logId:2,DuelResponsesData_logId:2]
6566002,418,13:4:16,1,[StatementsData_logId:2,true]
6566002,419,13:4:31,1,[StatementsData_logId:2,4]
6566002,411,13:4:33,1,[StatementsData_logId:2]
6566002,401,13:4:38,1,[StatementsData_logId:3]
6566002,402,13:4:39,1,[StatementsData_logId:3,true]
6566002,405,13:4:40,1,[StatementsData_logId:3]
6566002,406,13:4:41,1,[StatementsData_logId:3,2]
6566002,411,13:4:48,1,[StatementsData_logId:3]
6566002,401,13:5:0,1,[StatementsData_logId:4]
6566002,403,13:5:1,1,[StatementsData_logId:4,true]
6566002,405,13:5:1,1,[StatementsData_logId:4]
6566002,406,13:5:2,1,[StatementsData_logId:4,2]
6566002,407,13:5:2,1,[StatementsData_logId:4,FactCardData_id:24]
6566002,407,13:5:2,1,[StatementsData_logId:4,FactCardData_id:26]
6566002,407,13:5:2,1,[StatementsData_logId:4,FactCardData_id:25]
6566002,407,13:5:2,1,[StatementsData_logId:4,FactCardData_id:22]
6566002,407,13:5:2,1,[StatementsData_logId:4,FactCardData_id:23]
6566002,407,13:5:2,1,[StatementsData_logId:4,FactCardData_id:20]
6566002,407,13:5:7,1,[StatementsData_logId:4,FactCardData_id:23]
6566002,407,13:5:7,1,[StatementsData_logId:4,FactCardData_id:23]
6566002,407,13:5:10,1,[StatementsData_logId:4,FactCardData_id:26]
6566002,407,13:5:10,1,[StatementsData_logId:4,FactCardData_id:23]
6566002,407,13:5:10,1,[StatementsData_logId:4,FactCardData_id:26]
6566002,408,13:5:19,1,[StatementsData_logId:4,FactCardData_id:26,false]
6566002,406,13:5:21,1,[StatementsData_logId:4,-2]
6566002,411,13:5:22,1,[StatementsData_logId:4]
6566002,401,13:5:23,1,[StatementsData_logId:5]
6566002,404,13:5:33,1,[StatementsData_logId:5,true]
6566002,406,13:5:34,1,[StatementsData_logId:5,2]
6566002,412,13:5:35,1,[StatementsData_logId:5]
6566002,413,13:5:38,1,[StatementsData_logId:5,DuelResponsesData_logId:6]
6566002,414,13:5:38,1,[StatementsData_logId:5,DuelResponsesData_logId:6]
6566002,415,13:5:54,1,[StatementsData_logId:5,DuelResponsesData_logId:6,DuelResponsesData_witty_player_response]
6566002,416,13:5:55,1,[StatementsData_logId:5,DuelResponsesData_logId:6]
6566002,417,13:5:55,1,[StatementsData_logId:5,DuelResponsesData_logId:6]
6566002,413,13:5:56,1,[StatementsData_logId:5,DuelResponsesData_logId:7]
6566002,414,13:5:59,1,[StatementsData_logId:5,DuelResponsesData_logId:7]
6566002,415,13:6:5,1,[StatementsData_logId:5,DuelResponsesData_logId:7,DuelResponsesData_witty_player_response]
6566002,416,13:6:5,1,[StatementsData_logId:5,DuelResponsesData_logId:7]
6566002,417,13:6:6,1,[StatementsData_logId:5,DuelResponsesData_logId:7]
6566002,413,13:6:12,1,[StatementsData_logId:5,DuelResponsesData_logId:8]
6566002,414,13:6:13,1,[StatementsData_logId:5,DuelResponsesData_logId:8]
6566002,415,13:6:27,1,[StatementsData_logId:5,DuelResponsesData_logId:8,DuelResponsesData_lame_player_response]
6566002,416,13:6:28,1,[StatementsData_logId:5,DuelResponsesData_logId:8]
6566002,417,13:6:28,1,[StatementsData_logId:5,DuelResponsesData_logId:8]
6566002,418,13:6:28,1,[StatementsData_logId:5,true]
6566002,419,13:6:31,1,[StatementsData_logId:5,4]
6566002,411,13:6:33,1,[StatementsData_logId:5]
6566002,420,13:6:33,1,[48]
6566002,1001,13:6:34,1,[]
6566002,1003,13:6:34,0
6566002,1004,13:6:40,8
6566002,400,13:6:43,8,[]
6566002,1002,13:6:47,8
6566002,1003,13:6:47,0
6566002,1004,13:6:53,2
6566002,400,13:7:20,2,[]
6566002,401,13:7:38,2,[StatementsData_logId:0]
6566002,404,13:7:39,2,[StatementsData_logId:0,false]
6566002,405,13:7:40,2,[StatementsData_logId:0]
6566002,406,13:7:40,2,[StatementsData_logId:0,-2]
6566002,411,13:7:41,2,[StatementsData_logId:0]
6566002,1002,13:7:43,2
6566002,1003,13:7:43,0
6566002,1004,13:7:47,2
6566002,400,13:7:49,2,[]
6566002,401,13:7:53,2,[StatementsData_logId:0]
6566002,403,13:7:54,2,[StatementsData_logId:0,true]
6566002,405,13:7:54,2,[StatementsData_logId:0]
6566002,406,13:7:55,2,[StatementsData_logId:0,2]
6566002,407,13:7:55,2,[StatementsData_logId:0,FactCardData_id:21]
6566002,407,13:7:55,2,[StatementsData_logId:0,FactCardData_id:24]
6566002,407,13:7:55,2,[StatementsData_logId:0,FactCardData_id:22]
6566002,407,13:7:55,2,[StatementsData_logId:0,FactCardData_id:19]
6566002,407,13:7:55,2,[StatementsData_logId:0,FactCardData_id:18]
6566002,407,13:7:55,2,[StatementsData_logId:0,FactCardData_id:20]
6566002,407,13:8:2,2,[StatementsData_logId:0,FactCardData_id:19]
6566002,407,13:8:2,2,[StatementsData_logId:0,FactCardData_id:19]
6566002,408,13:8:2,2,[StatementsData_logId:0,FactCardData_id:19,false]
6566002,406,13:8:4,2,[StatementsData_logId:0,-2]
6566002,411,13:8:5,2,[StatementsData_logId:0]
6566002,1003,13:8:11,3
6566002,1004,13:8:16,6
6566002,500,13:8:19,6,[]
6566002,501,13:8:21,6,[]
6566002,300,13:8:25
6566002,1003,13:8:30,2
6566002,1004,13:8:32,3
6566002,900,13:8:34,3,[]
6566002,1003,13:9:10,1
6566002,1004,13:9:13,9
6566002,800,13:9:14,9,[]
6566002,801,13:9:15,9,[]
6566002,814,13:9:17,9,[4]
6566002,815,13:9:17,9,4,OpportunityCardData_id:24
6566002,815,13:9:18,9,4,OpportunityCardData_id:25
6566002,816,13:9:19,9,4,OpportunityCardData_id:25
6566002,803,13:9:20,9,[OpportunityCardData_id:25,OpportunityCardConsequencesData_logId:0]
6566002,803,13:9:20,9,[OpportunityCardData_id:25,OpportunityCardConsequencesData_logId:1]
6566002,803,13:9:20,9,[OpportunityCardData_id:25,OpportunityCardConsequencesData_logId:2]
6566002,805,13:9:21,9,[OpportunityCardData_id:25]
6566002,807,13:9:22,9,[OpportunityCardData_id:25]
6566002,808,13:9:24,9,[OpportunityCardData_id:25]
6566002,809,13:9:28,9,[OpportunityCardData_id:25,PriorityData_type:3,false]
6566002,810,13:9:28,9,[OpportunityCardData_id:25,PriorityData_type:4,10,PriorityData_type:3,20]
6566002,812,13:9:29,9,[OpportunityCardData_id:25,PriorityData_type:3]
6566002,813,13:9:30,9,[]
6566002,1000,13:9:30,9,[]
6566002,800,13:9:49,9,[]
6566002,801,13:9:51,9,[]
6566002,814,13:9:53,9,[3]
6566002,815,13:9:53,9,3,OpportunityCardData_id:17
6566002,815,13:9:53,9,3,OpportunityCardData_id:18
6566002,816,13:9:54,9,3,OpportunityCardData_id:18
6566002,803,13:9:54,9,[OpportunityCardData_id:18,OpportunityCardConsequencesData_logId:0]
6566002,803,13:9:55,9,[OpportunityCardData_id:18,OpportunityCardConsequencesData_logId:1]
6566002,805,13:9:55,9,[OpportunityCardData_id:18]
6566002,807,13:9:56,9,[OpportunityCardData_id:18]
6566002,808,13:9:58,9,[OpportunityCardData_id:18]
6566002,809,13:10:1,9,[OpportunityCardData_id:18,Safe,false]
6566002,810,13:10:1,9,[OpportunityCardData_id:18,PriorityData_type:3,10,Safe,Safe]
6566002,814,13:10:3,9,[4]
6566002,815,13:10:3,9,4,OpportunityCardData_id:24
6566002,815,13:10:4,9,4,OpportunityCardData_id:25
6566002,815,13:10:4,9,4,OpportunityCardData_id:26
6566002,816,13:10:5,9,4,OpportunityCardData_id:26
6566002,803,13:10:6,9,[OpportunityCardData_id:26,OpportunityCardConsequencesData_logId:0]
6566002,803,13:10:6,9,[OpportunityCardData_id:26,OpportunityCardConsequencesData_logId:1]
6566002,805,13:10:7,9,[OpportunityCardData_id:26]
6566002,807,13:10:7,9,[OpportunityCardData_id:26]
6566002,808,13:10:9,9,[OpportunityCardData_id:26]
6566002,809,13:10:13,9,[OpportunityCardData_id:26,PriorityData_type:0,false]
6566002,810,13:10:14,9,[OpportunityCardData_id:26,PriorityData_type:4,20,PriorityData_type:0,25]
6566002,814,13:10:15,9,[0]
6566002,815,13:10:15,9,0,OpportunityCardData_id:0
6566002,815,13:10:18,9,0,OpportunityCardData_id:1
6566002,815,13:10:19,9,0,OpportunityCardData_id:2
6566002,815,13:10:20,9,0,OpportunityCardData_id:3
6566002,816,13:10:21,9,0,OpportunityCardData_id:3
6566002,803,13:10:22,9,[OpportunityCardData_id:3,OpportunityCardConsequencesData_logId:0]
6566002,803,13:10:22,9,[OpportunityCardData_id:3,OpportunityCardConsequencesData_logId:1]
6566002,805,13:10:23,9,[OpportunityCardData_id:3]
6566002,806,13:10:28,9,[OpportunityCardData_id:3,PriorityData_type:4]
6566002,807,13:10:29,9,[OpportunityCardData_id:3]
6566002,808,13:10:31,9,[OpportunityCardData_id:3]
6566002,809,13:10:34,9,[OpportunityCardData_id:3,PriorityData_type:3,false]
6566002,810,13:10:35,9,[OpportunityCardData_id:3,PriorityData_type:0,25,PriorityData_type:3,10]
6566002,814,13:10:37,9,[0]
6566002,815,13:10:37,9,0,OpportunityCardData_id:0
6566002,816,13:10:38,9,0,OpportunityCardData_id:0
6566002,803,13:10:39,9,[OpportunityCardData_id:0,OpportunityCardConsequencesData_logId:0]
6566002,803,13:10:39,9,[OpportunityCardData_id:0,OpportunityCardConsequencesData_logId:1]
6566002,803,13:10:40,9,[OpportunityCardData_id:0,OpportunityCardConsequencesData_logId:2]
6566002,805,13:10:40,9,[OpportunityCardData_id:0]
6566002,807,13:10:41,9,[OpportunityCardData_id:0]
6566002,808,13:10:43,9,[OpportunityCardData_id:0]
6566002,809,13:10:47,9,[OpportunityCardData_id:0,Safe,false]
6566002,810,13:10:47,9,[OpportunityCardData_id:0,PriorityData_type:0,15,Safe,Safe]
6566002,814,13:10:49,9,[0]
6566002,815,13:10:49,9,0,OpportunityCardData_id:1
6566002,815,13:10:49,9,0,OpportunityCardData_id:2
6566002,816,13:10:50,9,0,OpportunityCardData_id:2
6566002,803,13:10:51,9,[OpportunityCardData_id:2,OpportunityCardConsequencesData_logId:0]
6566002,803,13:10:51,9,[OpportunityCardData_id:2,OpportunityCardConsequencesData_logId:1]
6566002,803,13:10:51,9,[OpportunityCardData_id:2,OpportunityCardConsequencesData_logId:2]
6566002,805,13:10:52,9,[OpportunityCardData_id:2]
6566002,807,13:10:53,9,[OpportunityCardData_id:2]
6566002,808,13:10:55,9,[OpportunityCardData_id:2]
6566002,809,13:10:59,9,[OpportunityCardData_id:2,PriorityData_type:4,false]
6566002,810,13:11:0,9,[OpportunityCardData_id:2,PriorityData_type:0,10,PriorityData_type:4,15]
6566002,814,13:11:1,9,[4]
6566002,815,13:11:1,9,4,OpportunityCardData_id:24
6566002,815,13:11:2,9,4,OpportunityCardData_id:25
6566002,816,13:11:2,9,4,OpportunityCardData_id:25
6566002,803,13:11:3,9,[OpportunityCardData_id:25,OpportunityCardConsequencesData_logId:0]
6566002,803,13:11:3,9,[OpportunityCardData_id:25,OpportunityCardConsequencesData_logId:1]
6566002,803,13:11:4,9,[OpportunityCardData_id:25,OpportunityCardConsequencesData_logId:2]
6566002,805,13:11:4,9,[OpportunityCardData_id:25]
6566002,807,13:11:5,9,[OpportunityCardData_id:25]
6566002,808,13:11:7,9,[OpportunityCardData_id:25]
6566002,809,13:11:11,9,[OpportunityCardData_id:25,PriorityData_type:3,false]
6566002,810,13:11:11,9,[OpportunityCardData_id:25,PriorityData_type:4,10,PriorityData_type:3,20]
6566002,812,13:11:18,9,[OpportunityCardData_id:25,PriorityData_type:3]
6566002,813,13:11:19,9,[]
6566002,1000,13:11:20,9,[]
6566002,800,13:11:21,9,[]
6566002,801,13:11:22,9,[]
6566002,814,13:11:23,9,[3]
6566002,815,13:11:23,9,3,OpportunityCardData_id:17
6566002,815,13:11:24,9,3,OpportunityCardData_id:18
6566002,815,13:11:25,9,3,OpportunityCardData_id:19
6566002,815,13:11:26,9,3,OpportunityCardData_id:20
6566002,815,13:11:27,9,3,OpportunityCardData_id:21
6566002,816,13:11:28,9,3,OpportunityCardData_id:21
6566002,803,13:11:29,9,[OpportunityCardData_id:21,OpportunityCardConsequencesData_logId:0]
6566002,803,13:11:29,9,[OpportunityCardData_id:21,OpportunityCardConsequencesData_logId:1]
6566002,805,13:11:29,9,[OpportunityCardData_id:21]
6566002,807,13:11:30,9,[OpportunityCardData_id:21]
6566002,808,13:11:32,9,[OpportunityCardData_id:21]
6566002,809,13:11:36,9,[OpportunityCardData_id:21,Safe,false]
6566002,810,13:11:36,9,[OpportunityCardData_id:21,PriorityData_type:3,10,Safe,Safe]
6566002,814,13:11:38,9,[3]
6566002,815,13:11:38,9,3,OpportunityCardData_id:17
6566002,815,13:11:39,9,3,OpportunityCardData_id:18
6566002,816,13:11:40,9,3,OpportunityCardData_id:18
6566002,803,13:11:41,9,[OpportunityCardData_id:18,OpportunityCardConsequencesData_logId:0]
6566002,803,13:11:42,9,[OpportunityCardData_id:18,OpportunityCardConsequencesData_logId:1]
6566002,805,13:11:47,9,[OpportunityCardData_id:18]
6566002,807,13:11:49,9,[OpportunityCardData_id:18]
6566002,808,13:11:51,9,[OpportunityCardData_id:18]
6566002,809,13:11:55,9,[OpportunityCardData_id:18,Safe,false]
6566002,810,13:11:55,9,[OpportunityCardData_id:18,PriorityData_type:3,10,Safe,Safe]
6566002,814,13:11:57,9,[4]
6566002,815,13:11:57,9,4,OpportunityCardData_id:24
6566002,816,13:11:58,9,4,OpportunityCardData_id:24
6566002,803,13:11:59,9,[OpportunityCardData_id:24,OpportunityCardConsequencesData_logId:1]
6566002,803,13:12:0,9,[OpportunityCardData_id:24,OpportunityCardConsequencesData_logId:0]
6566002,803,13:12:0,9,[OpportunityCardData_id:24,OpportunityCardConsequencesData_logId:2]
6566002,805,13:12:1,9,[OpportunityCardData_id:24]
6566002,806,13:12:2,9,[OpportunityCardData_id:24,PriorityData_type:3]
6566002,807,13:12:3,9,[OpportunityCardData_id:24]
6566002,808,13:12:5,9,[OpportunityCardData_id:24]
6566002,809,13:12:9,9,[OpportunityCardData_id:24,PriorityData_type:0,false]
6566002,810,13:12:9,9,[OpportunityCardData_id:24,PriorityData_type:4,15,PriorityData_type:0,5]
6566002,814,13:12:11,9,[0]
6566002,815,13:12:11,9,0,OpportunityCardData_id:0
6566002,816,13:12:12,9,0,OpportunityCardData_id:0
6566002,803,13:12:12,9,[OpportunityCardData_id:0,OpportunityCardConsequencesData_logId:0]
6566002,803,13:12:13,9,[OpportunityCardData_id:0,OpportunityCardConsequencesData_logId:1]
6566002,803,13:12:13,9,[OpportunityCardData_id:0,OpportunityCardConsequencesData_logId:2]
6566002,805,13:12:14,9,[OpportunityCardData_id:0]
6566002,806,13:12:17,9,[OpportunityCardData_id:0,PriorityData_type:4]
6566002,807,13:12:18,9,[OpportunityCardData_id:0]
6566002,808,13:12:20,9,[OpportunityCardData_id:0]
6566002,809,13:12:24,9,[OpportunityCardData_id:0,Safe,false]
6566002,810,13:12:24,9,[OpportunityCardData_id:0,PriorityData_type:0,15,Safe,Safe]
6566002,814,13:12:25,9,[0]
6566002,815,13:12:25,9,0,OpportunityCardData_id:1
6566002,815,13:12:26,9,0,OpportunityCardData_id:2
6566002,816,13:12:27,9,0,OpportunityCardData_id:2
6566002,803,13:12:28,9,[OpportunityCardData_id:2,OpportunityCardConsequencesData_logId:0]
6566002,803,13:12:28,9,[OpportunityCardData_id:2,OpportunityCardConsequencesData_logId:1]
6566002,803,13:12:28,9,[OpportunityCardData_id:2,OpportunityCardConsequencesData_logId:2]
6566002,805,13:12:30,9,[OpportunityCardData_id:2]
6566002,807,13:12:31,9,[OpportunityCardData_id:2]
6566002,808,13:12:33,9,[OpportunityCardData_id:2]
6566002,809,13:12:36,9,[OpportunityCardData_id:2,PriorityData_type:3,false]
6566002,810,13:12:37,9,[OpportunityCardData_id:2,PriorityData_type:0,10,PriorityData_type:3,5]
6566002,814,13:12:39,9,[4]
6566002,815,13:12:39,9,4,OpportunityCardData_id:25
6566002,815,13:12:40,9,4,OpportunityCardData_id:26
6566002,816,13:12:40,9,4,OpportunityCardData_id:26
6566002,803,13:12:41,9,[OpportunityCardData_id:26,OpportunityCardConsequencesData_logId:0]
6566002,803,13:12:41,9,[OpportunityCardData_id:26,OpportunityCardConsequencesData_logId:1]
6566002,805,13:12:42,9,[OpportunityCardData_id:26]
6566002,806,13:12:44,9,[OpportunityCardData_id:26,PriorityData_type:0]
6566002,807,13:12:44,9,[OpportunityCardData_id:26]
6566002,808,13:12:46,9,[OpportunityCardData_id:26]
6566002,809,13:12:50,9,[OpportunityCardData_id:26,PriorityData_type:0,true]
6566002,810,13:12:50,9,[OpportunityCardData_id:26,PriorityData_type:4,20,Safe,Safe]
6566002,818,13:12:53,9,10
6566002,811,13:12:59,9,[OpportunityCardData_id:26,PriorityData_type:0,70,70,PriorityData_type:4,70,70]
6566002,1005,13:12:59,9,[1,0,3]
6566002,1001,13:13:0,9,[]
6566002,1003,13:13:0,1
6566002,100,13:13:50,6
6566002,102,13:13:51,6
6566002,200,13:13:51,6,21,23,17,16,27
6566002,212,13:13:55,1
6566002,210,13:13:55,1009,524
6566002,207,13:13:57,6,-200,0
6566002,211,13:13:59,461,421
6566002,210,13:14:0,838,251
6566002,207,13:14:2,6,0,-225
6566002,211,13:14:2,935,369
6566002,213,13:14:2,6,s_door_F_gen,true
6566002,210,13:14:21,796,434
6566002,207,13:14:22,6,-200,0
6566002,211,13:14:22,85,475
6566002,210,13:14:27,457,396
6566002,207,13:14:31,6,0,-180
6566002,211,13:14:31,947,420
6566002,221,13:14:33,6
6566002,220,13:14:34,6
6566002,1003,13:14:34,3
6566002,1004,13:14:40,0
6566002,500,13:14:43,0,[]
6566002,501,13:14:44,0,[]
6566002,502,13:14:47,0,[IntentionData_logId:2,true]
6566002,503,13:14:48,0,[]
6566002,504,13:14:57,0,[InfluenceData_logId:2]
6566002,504,13:14:59,0,[InfluenceData_logId:3]
6566002,504,13:15:0,0,[InfluenceData_logId:6]
6566002,505,13:15:1,0,[InfluenceData_logId:2,true,InfluenceData_logId:3,true,InfluenceData_logId:6,true]
6566002,506,13:15:2,0,[]
6566002,507,13:15:21,0,[OpponentAttackData_logId:3,OpponentAttackTypeData_logId:2,true,0]
6566002,508,13:15:23,0,[]
6566002,509,13:15:26,0,[RefusalData_logId:6,2]
6566002,510,13:15:27,0,[AvailableRefusalData_logId:6,0C]
6566002,510,13:15:33,0,[AvailableRefusalData_logId:6,0A]
6566002,510,13:15:34,0,[AvailableRefusalData_logId:6,1A]
6566002,510,13:15:35,0,[AvailableRefusalData_logId:6,2A]
6566002,511,13:15:40,0,[AvailableRefusalData_logId:6,0A,1A,2A,true,50]
6566002,512,13:15:43,0,[]
6566002,513,13:15:43,0,[0]
6566002,514,13:15:45,0,[]
6566002,507,13:15:56,0,[OpponentAttackData_logId:1,OpponentAttackTypeData_logId:1,false,30]
6566002,508,13:15:58,0,[]
6566002,509,13:16:6,0,[RefusalData_logId:2,2]
6566002,510,13:16:8,0,[AvailableRefusalData_logId:2,0A]
6566002,510,13:16:9,0,[AvailableRefusalData_logId:2,1A]
6566002,510,13:16:11,0,[AvailableRefusalData_logId:2,2A]
6566002,511,13:16:12,0,[AvailableRefusalData_logId:2,0A,1A,2A,true,50]
6566002,512,13:16:14,0,[]
6566002,515,13:16:14,0,[120,0]
6566002,516,13:16:15,0,[]
6566002,517,13:16:16,0,[]
6566002,1005,13:16:16,0,[3,2,3]
6566002,1001,13:16:17,0,[]
6566002,1003,13:16:17,3
6566002,103,13:16:27
6566002,105,13:16:27
6566002,703,13:16:30,[|| EpilogueItem ID: 0 unlocked: true ||,|| EpilogueItem ID: 1 unlocked: true ||,|| EpilogueItem ID: 2 unlocked: true ||,|| EpilogueItem ID: 3 unlocked: true ||,|| EpilogueItem ID: 4 unlocked: true ||,|| EpilogueItem ID: 5 unlocked: true ||,|| EpilogueItem ID: 6 unlocked: false ||,|| EpilogueItem ID: 7 unlocked: false ||,|| EpilogueItem ID: 8 unlocked: false ||,|| EpilogueItem ID: 9 unlocked: false ||,|| EpilogueItem ID: 10 unlocked: false ||,|| EpilogueItem ID: 11 unlocked: false ||,|| EpilogueItem ID: 12 unlocked: false ||,|| EpilogueItem ID: 13 unlocked: true ||,|| EpilogueItem ID: 14 unlocked: false ||,|| EpilogueItem ID: 15 unlocked: false ||,|| EpilogueItem ID: 16 unlocked: false ||,|| EpilogueItem ID: 17 unlocked: false ||,|| EpilogueItem ID: 18 unlocked: false ||,|| EpilogueItem ID: 19 unlocked: false ||,|| EpilogueItem ID: 20 unlocked: false ||,|| EpilogueItem ID: 21 unlocked: true ||,|| EpilogueItem ID: 22 unlocked: false ||,|| EpilogueItem ID: 23 unlocked: false ||,|| EpilogueItem ID: 24 unlocked: false ||],0.32
6566002,708,13:16:33
6566002,1,13:16:33,1/9/2014 4:54:29pm,{"gameTime":47793174,"challengeStacks":[{"challengeScenes":[{"miniGameCards":[],"viewedAnimatic":true,"keyPoints":["c_teacherEng_G7a0","c_bestFriend_F_a_G7a0","s_flag_gen"],"unlocked":true,"touchableObjects":["c_teacherEng_G7a0","s_vocabAssignment_G7a0","c_crewKid1_F_G7a0","s_clock_G7a0","s_doorClassroom_G7a0","s_otherStudent1_G7a0","c_bestFriend_F_a_G7a0","c_friend1_F_a_G7a0","s_poePoster_gen","s_shakespearePoster_gen","s_angelouPoster_gen","s_atwoodPoster_gen","s_flag_gen"]},{"miniGameCards":[],"viewedAnimatic":true,"keyPoints":["c_teacherEng_G7a1N","s_paperPlayers_G7a1N","c_bestFriend_F_a_G7a1N"],"unlocked":true,"touchableObjects":["c_teacherEng_G7a1N","s_otherStudent2_G7a1N","c_crewKid1_F_G7a1N","s_otherStudent1_G7a1N","s_paperPlayers_G7a1N","s_flag_gen","c_bestFriend_F_a_G7a1N"]},{"miniGameCards":[],"viewedAnimatic":true,"keyPoints":["s_paperEnglish_gen","c_bestFriend_F_a_G7a1P","c_teacherEng_G7a1P","s_flag_gen"],"unlocked":true,"touchableObjects":["s_atwoodPoster_gen","s_paperEnglish_gen","s_paperPlayers_G7a1P","s_papersDetention_gen","s_shakespearePoster_gen","c_bestFriend_F_a_G7a1P","c_teacherEng_G7a1P","s_flag_gen"]}],"stackSize":3,"resolved":true},{"challengeScenes":[{"miniGameCards":[],"viewedAnimatic":true,"keyPoints":["c_kidSister_afri_a_G7b0","s_backpack_F_G7b0","c_crewKid1_F_G7b0"],"unlocked":true,"touchableObjects":["c_cousin_F_a_G7b0","c_kidSister_afri_a_G7b0","c_crewKid2_F_G7b0","s_backpack_F_G7b0","s_snackBarWorker_G7b0","s_lifeguard_G7b0","c_crewKid1_F_G7b0","c_cousinsBrothersFriend_a_G7b0"]},{"miniGameCards":[],"viewedAnimatic":true,"keyPoints":["c_kidSister_afri_a_G7b1N","s_graffiti_G7b1N","c_crewKid1_F_G7b1N","s_sprayPaintCan_G7b1N","s_brokenCarWindow_G7b1N"],"unlocked":true,"touchableObjects":["c_kidSister_afri_a_G7b1N","c_crewKid2_F_a_G7b1N","s_graffiti_G7b1N","c_crewKid1_F_G7b1N","c_teacherEng_G7b1N","s_sprayPaintCan_G7b1N","s_brokenCarWindow_G7b1N"]},{"miniGameCards":[],"viewedAnimatic":true,"keyPoints":["c_cousinsBrothersFriend_a_G7b1P","c_cousin_F_a_G7b1P","c_cousinsBrother_a_G7b1P","s_poolDay_ruleSign_G7b1P"],"unlocked":true,"touchableObjects":["c_cousinsBrothersFriend_a_G7b1P","c_cousin_F_a_G7b1P","c_cousinsBrother_a_G7b1P","s_poolDay_ruleSign_G7b1P"]},{"miniGameCards":[],"viewedAnimatic":true,"keyPoints":["c_crush1_F_a_G7b2N","c_kidSister_afri_a_G7b2N","c_cousin_F_a_G7b2N","s_kid1_G7b2N"],"unlocked":true,"touchableObjects":["c_crush1_F_a_G7b2N","c_cousinsBrothersFriend_a_G7b2N","c_kidSister_afri_a_G7b2N","s_lifeguard_G7b2N","c_cousin_F_a_G7b2N","s_kid1_G7b2N","c_crewKid2_F_G7b2N"]},{"miniGameCards":[],"viewedAnimatic":true,"keyPoints":["c_kidSister_afri_a_G7b2P","s_computer_F_G7b2P","c_cousin_F_a_G7b2P","s_pictureDad_afri_F_gen"],"unlocked":true,"touchableObjects":["c_kidSister_afri_a_G7b2P","s_calendar_F_gen","s_computer_F_G7b2P","c_cousin_F_a_G7b2P","s_pictureDad_afri_F_gen"]}],"stackSize":5,"resolved":true},{"challengeScenes":[{"miniGameCards":[],"viewedAnimatic":true,"keyPoints":["c_crush2_F_a_G8a0","c_cousin_F_a_G8a0","s_clock_G8a0","s_cellphone_G8a0","s_bottleCrush2_F_G8a0"],"unlocked":true,"touchableObjects":["s_beerSixpack_G8a0","c_crush2_F_a_G8a0","c_cousin_F_a_G8a0","c_crewKid1_F_a_G8a0","s_cigaretteKid1_G8a0","s_clock_G8a0","s_stairs_G8a0","s_bottleTable_G8a0","s_cellphone_G8a0","s_bottleCrush2_F_G8a0"]},{"miniGameCards":[],"viewedAnimatic":true,"keyPoints":["s_crush2Lips_F_G8a1N","s_dirtyClothes_gen","s_crush2Sore_F_G8a1N","s_crush2Eyes_F_G8a1N","s_basementDoor_gen"],"unlocked":true,"touchableObjects":["s_crush2Lips_F_G8a1N","s_waterHeater_gen","s_stairs_G8a1N","c_crush2_F_a_G8a1N","s_dryer_G8a1N","s_inhalantsShelf_gen","s_dirtyClothes_gen","s_crush2Sore_F_G8a1N","s_crush2Eyes_F_G8a1N","s_basementDoor_gen"]},{"miniGameCards":[],"viewedAnimatic":true,"keyPoints":["s_inhalantsShelf_gen","s_basementDoor_gen","s_dirtyClothes_gen","c_crush2_F_a_G8a1P"],"unlocked":true,"touchableObjects":["s_inhalantsShelf_gen","s_basementDoor_gen","s_dirtyClothes_gen","c_crush2_F_a_G8a1P"]},{"miniGameCards":[],"viewedAnimatic":true,"keyPoints":["c_crush2_F_a_G8a2N","s_spraypaintCan_G8a2N"],"unlocked":true,"touchableObjects":["c_crush2_F_a_G8a2N","s_fumes_G8a2N","c_friend1_F_a_G8a2N","s_spraypaintCan_G8a2N"]},{"miniGameCards":[],"viewedAnimatic":true,"keyPoints":["c_crush2_F_a_G8a2P","s_pictureDad_afri_gen","s_magazine_G8a2P","s_sistersToy_G8a2P","c_kidSister_afri_a_G8a2P"],"unlocked":true,"touchableObjects":["c_crush2_F_a_G8a2P","s_pictureDad_afri_gen","s_magazine_G8a2P","s_sistersToy_G8a2P","c_grandma_afri_a_G8a2P","c_kidSister_afri_a_G8a2P"]},{"miniGameCards":[],"viewedAnimatic":true,"keyPoints":["c_nurse_a_G8a3N","s_pamphlet3_G8a3N","s_pamphlet1_G8a3N","s_mirror_afri_F_a_G8a3N"],"unlocked":true,"touchableObjects":["c_nurse_a_G8a3N","s_door_G8a3N","s_pamphlet3_G8a3N","s_pamphlet1_G8a3N","s_phone_G8a3N","s_mirror_afri_F_a_G8a3N"]},{"miniGameCards":[],"viewedAnimatic":true,"keyPoints":["s_kidsCouch_G8a3P","c_crush2_F_a_G8a3P"],"unlocked":true,"touchableObjects":["s_window_G8a3P","s_kidsCouch_G8a3P","c_cousin_F_a_G8a3P","c_crush2_F_a_G8a3P","s_kidStanding_G8a3P","c_friend1_F_a_G8a3P"]}],"stackSize":7,"resolved":true},{"challengeScenes":[{"miniGameCards":[],"viewedAnimatic":true,"keyPoints":["c_kidSister_afri_a_G8b0","s_pillBottle_G8b0","c_friend1_F_a_G8b0"],"unlocked":true,"touchableObjects":["c_kidSister_afri_a_G8b0","s_pillBottle_G8b0","c_friend1_F_a_G8b0"]},{"miniGameCards":[],"viewedAnimatic":true,"keyPoints":["c_friend1_F_a_G8b1N","c_kidSister_afri_a_G8b1N","c_grandma_afri_a_G8b1N"],"unlocked":true,"touchableObjects":["c_friend1_F_a_G8b1N","c_kidSister_afri_a_G8b1N","c_grandma_afri_a_G8b1N","s_pillBottle_G8b1N","s_computer_F_G8b1N"]},{"miniGameCards":[],"viewedAnimatic":true,"keyPoints":["c_friend1_F_a_G8b1P","c_grandma_afri_a_G8b1P","s_pillBottle_F_G8b1P"],"unlocked":true,"touchableObjects":["c_friend1_F_a_G8b1P","c_grandma_afri_a_G8b1P","s_pillBottle_F_G8b1P","c_kidSister_afri_a_G8b1P"]},{"miniGameCards":[],"viewedAnimatic":true,"keyPoints":["c_teacherEng_G8b2N","c_crewKid2_F_a_G8b2N","c_friend1_F_a_G8b2N","s_sandwichBagPills_G8b2N","s_clock_G8b2N"],"unlocked":true,"touchableObjects":["c_teacherEng_G8b2N","c_crewKid2_F_a_G8b2N","c_friend1_F_a_G8b2N","s_kid3_G8b2N","s_sandwichBagPills_G8b2N","s_kid4_G8b2N","s_clock_G8b2N"]},{"miniGameCards":[],"viewedAnimatic":true,"keyPoints":["c_grandma_afri_a_G8b2P","c_friend1_F_a_G8b2P","s_pillBottle_G8b2P"],"unlocked":true,"touchableObjects":["c_mom_afri_a_G8b2P","c_grandma_afri_a_G8b2P","c_friend1_F_a_G8b2P","s_pictureDad_afri_gen","s_pillBottle_G8b2P"]}],"stackSize":5,"resolved":true},{"challengeScenes":[{"miniGameCards":[],"viewedAnimatic":true,"keyPoints":["s_cellPhone_F_G9a0","s_door_F_gen","s_bathingSuit_F_G9a0","s_clock_F_G9a0"],"unlocked":true,"touchableObjects":["s_cellPhone_F_G9a0","s_door_F_gen","s_bathingSuit_F_G9a0","s_window_F_G9a0","s_calendar_F_gen","s_clock_F_G9a0"]},{"miniGameCards":[],"viewedAnimatic":true,"keyPoints":["c_cousin_F_a_G9a1N","s_kid3_G9a1N","s_fence_G9a1N","c_policeOfficer_G9a1N"],"unlocked":true,"touchableObjects":["c_cousin_F_a_G9a1N","s_kid3_G9a1N","s_fence_G9a1N","c_policeOfficer_G9a1N","c_cousinsBrothersFriend_a_G9a1N","s_bathingSuits_G9a1N","s_potSmokeCloud_G9a1N"]},{"miniGameCards":[],"viewedAnimatic":true,"keyPoints":["s_joint_F_G9a1P","s_calendar_F_gen","s_door_F_gen","c_cousin_F_a_G9a1P","s_poster_F_gen"],"unlocked":true,"touchableObjects":["s_computer_F_gen","s_joint_F_G9a1P","s_calendar_F_gen","s_door_F_gen","c_cousin_F_a_G9a1P","s_poster_F_gen"]},{"miniGameCards":[],"viewedAnimatic":true,"keyPoints":["c_kidSister_afri_a_G9a2N","c_mom_afri_a_G9a2N","s_pictureDad_afri_F_gen","c_cousin_F_a_G9a2N","s_potSmokeCloud_F_G9a2N"],"unlocked":true,"touchableObjects":["c_kidSister_afri_a_G9a2N","c_mom_afri_a_G9a2N","s_pictureDad_afri_F_gen","c_cousin_F_a_G9a2N","s_cookieTrayEmpty_F_G9a2N","s_potSmokeCloud_F_G9a2N"]},{"miniGameCards":[],"viewedAnimatic":true,"keyPoints":["c_cousin_F_a_G9a2P","c_mom_afri_a_G9a2P","s_door_gen","s_pizzaBox_G9a2P"],"unlocked":true,"touchableObjects":["c_cousin_F_a_G9a2P","c_mom_afri_a_G9a2P","c_kidSister_afri_a_G9a2P","s_door_gen","s_pizzaBox_G9a2P"]}],"stackSize":5,"resolved":true},{"challengeScenes":[{"miniGameCards":[],"viewedAnimatic":true,"keyPoints":["s_mirror_F_G9b0","s_pictureDad_afri_F_gen","s_computer_F_gen"],"unlocked":true,"touchableObjects":["c_cousin_F_a_G9b0","s_closet_F_G9b0","s_clock_F_G9b0","s_cellPhone_F_G9b0","s_mirror_F_G9b0","s_pictureDad_afri_F_gen","s_calendar_F_gen","c_kidSister_afri_a_G9b0","s_computer_F_gen"]},{"miniGameCards":[],"viewedAnimatic":true,"keyPoints":["c_teacherEng_G9b1N","c_cousin_F_a_G9b1N","s_joint_G9b1N","s_beerBottle_G9b1N","c_kidSister_afri_a_G9b1N","s_brokenLamp_G9b1N","s_clock_G9b1N"],"unlocked":true,"touchableObjects":["c_teacherEng_G9b1N","c_cousin_F_a_G9b1N","s_photoCracked_G9b1N","s_joint_G9b1N","s_beerBottle_G9b1N","s_pictureDaddark_afri_gen","s_coupleOnCouch_G9b1N","c_kidSister_afri_a_G9b1N","s_brokenLamp_G9b1N","s_clock_G9b1N","s_puddleFloor_G9b1N"]},{"miniGameCards":[],"viewedAnimatic":true,"keyPoints":["c_bestFriend_F_a_G9b1P","c_friend1_F_a_G9b1P","c_cousin_F_a_G9b1P","c_crush1_F_a_G9b1P","s_pictureMomdark_afri_G9b1P","s_kidsGroupKitchen_G9b1P","s_pictureDaddark_afri_gen"],"unlocked":true,"touchableObjects":["c_bestFriend_F_a_G9b1P","c_kidSister_afri_a_G9b1P","c_friend1_F_a_G9b1P","c_cousin_F_a_G9b1P","c_crush1_F_a_G9b1P","s_pictureMomdark_afri_G9b1P","s_door_G9b1P","s_kidsGroupKitchen_G9b1P","s_pictureDaddark_afri_gen"]},{"miniGameCards":[],"viewedAnimatic":true,"keyPoints":["c_mom_afri_a_G9b2N","c_cousin_F_a_G9b2N","c_crush1_F_a_G9b2N"],"unlocked":true,"touchableObjects":["c_mom_afri_a_G9b2N","c_cousin_F_a_G9b2N","s_clock_G9b2N","s_kidCouch_G9b2N","c_crush1_F_a_G9b2N"]},{"miniGameCards":[],"viewedAnimatic":true,"keyPoints":["c_mom_afri_a_G9b2P","c_crush1_F_a_G9b2P","s_clock_G9b2P","c_bestFriend_F_a_G9b2P"],"unlocked":true,"touchableObjects":["c_mom_afri_a_G9b2P","c_kidSister_afri_a_G9b2P","c_crush1_F_a_G9b2P","s_clock_G9b2P","c_bestFriend_F_a_G9b2P"]}],"stackSize":5,"resolved":true},{"challengeScenes":[{"miniGameCards":[],"viewedAnimatic":true,"keyPoints":["s_window_F_G10a0","s_cellPhone_F_G10a0","s_poster_F_gen","c_crush1_F_b_G10a0"],"unlocked":true,"touchableObjects":["s_window_F_G10a0","s_cellPhone_F_G10a0","s_poster_F_gen","s_calendar_F_gen","s_bed1_F_G10a0","s_bed2_F_G10a0","s_clock_F_G10a0","c_crush1_F_b_G10a0","s_computer_F_gen","s_door_F_gen","s_chairClothes_F_G10a0"]},{"miniGameCards":[],"viewedAnimatic":true,"keyPoints":["c_crush1_F_b_G10a1N","s_condom_F_G10a1N","s_picture_F_G10a1N","s_mirror_F_G10a1N"],"unlocked":true,"touchableObjects":["c_crush1_F_b_G10a1N","s_condom_F_G10a1N","s_crushClothes_F_G10a1N","s_closet_F_G10a1N","s_picture_F_G10a1N","s_door_F_gen","s_mirror_F_G10a1N","s_window_F_G10a1N"]},{"miniGameCards":[],"viewedAnimatic":false,"keyPoints":[],"unlocked":false,"touchableObjects":[]},{"miniGameCards":[],"viewedAnimatic":true,"keyPoints":["s_pamphlet5_G10a2N","c_nurse_G10a2N","s_phone_G10a2N","s_pamphlet3_G10a2N","s_pamphlet4_G10a2N","s_pamphlet1_G10a2N"],"unlocked":true,"touchableObjects":["s_cot_G10a2N","s_pamphlet5_G10a2N","c_nurse_G10a2N","s_curtain_G10a2N","s_phone_G10a2N","s_pamphlet3_G10a2N","s_pamphlet4_G10a2N","s_pamphlet1_G10a2N"]},{"miniGameCards":[],"viewedAnimatic":false,"keyPoints":[],"unlocked":false,"touchableObjects":[]}],"stackSize":5,"resolved":false},{"challengeScenes":[{"miniGameCards":[],"viewedAnimatic":false,"keyPoints":[],"unlocked":false,"touchableObjects":[]},{"miniGameCards":[],"viewedAnimatic":false,"keyPoints":[],"unlocked":false,"touchableObjects":[]},{"miniGameCards":[],"viewedAnimatic":false,"keyPoints":[],"unlocked":false,"touchableObjects":[]},{"miniGameCards":[],"viewedAnimatic":false,"keyPoints":[],"unlocked":false,"touchableObjects":[]},{"miniGameCards":[],"viewedAnimatic":false,"keyPoints":[],"unlocked":false,"touchableObjects":[]}],"stackSize":5,"resolved":false},{"challengeScenes":[{"miniGameCards":[],"viewedAnimatic":true,"keyPoints":["s_backpack_G11a0","s_mirror_G11a0"],"unlocked":true,"touchableObjects":["s_backpack_G11a0","s_lockChain_G11a0","s_mirror_G11a0"]},{"miniGameCards":[],"viewedAnimatic":true,"keyPoints":["s_bed_F_G11a1N","s_poster_F_gen","s_door_F_gen","s_window_F_G11a1N"],"unlocked":true,"touchableObjects":["s_computer_F_gen","s_bed_F_G11a1N","s_poster_F_gen","s_door_F_gen","s_window_F_G11a1N"]},{"miniGameCards":[],"viewedAnimatic":false,"keyPoints":[],"unlocked":false,"touchableObjects":[]},{"miniGameCards":[],"viewedAnimatic":false,"keyPoints":[],"unlocked":false,"touchableObjects":[]},{"miniGameCards":[],"viewedAnimatic":false,"keyPoints":[],"unlocked":false,"touchableObjects":[]}],"stackSize":5,"resolved":false},{"challengeScenes":[{"miniGameCards":[],"viewedAnimatic":false,"keyPoints":[],"unlocked":false,"touchableObjects":[]},{"miniGameCards":[],"viewedAnimatic":false,"keyPoints":[],"unlocked":false,"touchableObjects":[]},{"miniGameCards":[],"viewedAnimatic":false,"keyPoints":[],"unlocked":false,"touchableObjects":[]},{"miniGameCards":[],"viewedAnimatic":false,"keyPoints":[],"unlocked":false,"touchableObjects":[]},{"miniGameCards":[],"viewedAnimatic":false,"keyPoints":[],"unlocked":false,"touchableObjects":[]}],"stackSize":5,"resolved":false},{"challengeScenes":[{"miniGameCards":[],"viewedAnimatic":true,"keyPoints":[],"unlocked":true,"touchableObjects":[]},{"miniGameCards":[],"viewedAnimatic":true,"keyPoints":[],"unlocked":true,"touchableObjects":[]},{"miniGameCards":[],"viewedAnimatic":false,"keyPoints":[],"unlocked":false,"touchableObjects":[]},{"miniGameCards":[],"viewedAnimatic":true,"keyPoints":[],"unlocked":true,"touchableObjects":[]},{"miniGameCards":[],"viewedAnimatic":false,"keyPoints":[],"unlocked":false,"touchableObjects":[]}],"stackSize":5,"resolved":false},{"challengeScenes":[{"miniGameCards":[],"viewedAnimatic":false,"keyPoints":[],"unlocked":false,"touchableObjects":[]},{"miniGameCards":[],"viewedAnimatic":false,"keyPoints":[],"unlocked":false,"touchableObjects":[]},{"miniGameCards":[],"viewedAnimatic":false,"keyPoints":[],"unlocked":false,"touchableObjects":[]},{"miniGameCards":[],"viewedAnimatic":false,"keyPoints":[],"unlocked":false,"touchableObjects":[]},{"miniGameCards":[],"viewedAnimatic":false,"keyPoints":[],"unlocked":false,"touchableObjects":[]}],"stackSize":5,"resolved":false},{"challengeScenes":[{"miniGameCards":[],"viewedAnimatic":false,"keyPoints":[],"unlocked":true,"touchableObjects":["c_player_afri_F_a_G0a0","c_family_afri_a_G0a0","c_education_G0a0","c_friends_G0a0"]},{"miniGameCards":[],"viewedAnimatic":false,"keyPoints":["c_family_afri_a_G0a1N","c_job_G0a1N","c_home_G0a1N"],"unlocked":true,"touchableObjects":["c_player_afri_F_a_G0a1N","c_family_afri_a_G0a1N","c_job_G0a1N","c_home_G0a1N"]},{"miniGameCards":[],"viewedAnimatic":false,"keyPoints":["c_mom_afri_a_G0a1P","c_grandma_afri_a_G0a1P","c_dad_afri_a_G0a1P","c_Nurse_G0a1P","c_Teacher_G0a1P","c_kidsister_afri_a_G0a1P"],"unlocked":true,"touchableObjects":["c_cousins_F_a_G0a1P","c_mom_afri_a_G0a1P","c_grandma_afri_a_G0a1P","c_dad_afri_a_G0a1P","c_Nurse_G0a1P","c_Teacher_G0a1P","c_friends_G0a1P","c_kidsister_afri_a_G0a1P"]}],"stackSize":3,"resolved":true}],"sessionId":24,"epilogue":{"rating":3},"playerId":6566002,"session":[{"sceneId":"1P","stackId":12},{"sceneId":"1P","stackId":0},{"sceneId":"1P","stackId":1},{"sceneId":"1N","stackId":1},{"sceneId":"2P","stackId":1},{"sceneId":"1P","stackId":4},{"sceneId":"1N","stackId":4},{"sceneId":"3P","stackId":2},{"sceneId":"1P","stackId":2},{"sceneId":"1N","stackId":2},{"sceneId":"2P","stackId":2},{"sceneId":"2P","stackId":4},{"sceneId":"1P","stackId":3},{"sceneId":"1N","stackId":3},{"sceneId":"2P","stackId":3},{"sceneId":"1P","stackId":5},{"sceneId":"1N","stackId":5},{"sceneId":"2P","stackId":5}],"minigames":[{"levelSaveData":[{"starRating":3,"unlocked":true},{"starRating":2,"unlocked":true},{"starRating":2,"unlocked":true},{"starRating":3,"unlocked":true},{"starRating":0,"unlocked":false},{"starRating":2,"unlocked":true},{"starRating":2,"unlocked":true},{"starRating":3,"unlocked":true},{"starRating":2,"unlocked":true},{"starRating":2,"unlocked":true}],"skillPoints":21},{"levelSaveData":[{"starRating":3,"unlocked":true},{"starRating":3,"unlocked":true},{"starRating":2,"unlocked":true},{"starRating":3,"unlocked":true},{"starRating":3,"unlocked":true},{"starRating":3,"unlocked":true},{"starRating":0,"unlocked":false},{"starRating":0,"unlocked":false},{"starRating":3,"unlocked":true},{"starRating":3,"unlocked":true}],"skillPoints":23},{"levelSaveData":[{"starRating":3,"unlocked":true},{"starRating":2,"unlocked":true},{"starRating":2,"unlocked":true},{"starRating":2,"unlocked":true},{"starRating":0,"unlocked":false},{"starRating":3,"unlocked":true},{"starRating":0,"unlocked":false},{"starRating":2,"unlocked":true},{"starRating":3,"unlocked":true},{"starRating":0,"unlocked":false}],"skillPoints":17},{"levelSaveData":[{"starRating":3,"unlocked":true},{"starRating":2,"unlocked":true},{"starRating":3,"unlocked":true},{"starRating":3,"unlocked":true},{"starRating":3,"unlocked":true},{"starRating":1,"unlocked":true},{"starRating":2,"unlocked":true},{"starRating":0,"unlocked":false},{"starRating":0,"unlocked":false},{"starRating":0,"unlocked":false}],"skillPoints":17},{"age":13,"name":"Lil lanesja","gender":1,"levelSaveData":[{"starRating":3,"unlocked":true},{"starRating":3,"chunks":[["3"],["7$$cool & funny","14$$happy"],["3$$family","12$$fun","14$$awsome"],["0"]],"unlocked":true},{"starRating":3,"chunks":[["0"],["8$$i love to swim","4$$like football"],["0$$driving","13$$working out"]],"unlocked":true},{"starRating":3,"chunks":[["2$$they are cool"],["8$$they are cute"],["2"],["0"],["4","4"],["5"]],"unlocked":true},{"starRating":3,"chunks":[["6$$i don't play"],["3"],["8$$they save life","17"],["1"],["3"],["13$$my dad"]],"unlocked":true},{"starRating":3,"chunks":[["1"],["0","4","4","3"],["5$$its quiet"],["0$$peaceful"]],"unlocked":true},{"starRating":3,"chunks":[["3"],["3"],["10$$mom","22$$my step grandm"],["1","2"],["1$$to be happy"]],"unlocked":true},{"starRating":3,"chunks":[["6","7","4"],["2","1","3"],["0"],["2$$stay fit"],["2$$no thanx"]],"unlocked":true},{"starRating":3,"chunks":[["3","6","2"],["1","4","5"],["0","5"]],"unlocked":true},{"starRating":0,"chunks":[[null],[null],[null],[null],[null],[null]],"unlocked":false}],"visualAvatar":0,"id":0,"skillPoints":27}],"avatar":{"age":13,"name":"Lil lanesja","gender":1,"levelSaveData":[{"starRating":3,"unlocked":true},{"starRating":3,"chunks":[["3"],["7$$cool & funny","14$$happy"],["3$$family","12$$fun","14$$awsome"],["0"]],"unlocked":true},{"starRating":3,"chunks":[["0"],["8$$i love to swim","4$$like football"],["0$$driving","13$$working out"]],"unlocked":true},{"starRating":3,"chunks":[["2$$they are cool"],["8$$they are cute"],["2"],["0"],["4","4"],["5"]],"unlocked":true},{"starRating":3,"chunks":[["6$$i don't play"],["3"],["8$$they save life","17"],["1"],["3"],["13$$my dad"]],"unlocked":true},{"starRating":3,"chunks":[["1"],["0","4","4","3"],["5$$its quiet"],["0$$peaceful"]],"unlocked":true},{"starRating":3,"chunks":[["3"],["3"],["10$$mom","22$$my step grandm"],["1","2"],["1$$to be happy"]],"unlocked":true},{"starRating":3,"chunks":[["6","7","4"],["2","1","3"],["0"],["2$$stay fit"],["2$$no thanx"]],"unlocked":true},{"starRating":3,"chunks":[["3","6","2"],["1","4","5"],["0","5"]],"unlocked":true},{"starRating":0,"chunks":[[null],[null],[null],[null],[null],[null]],"unlocked":false}],"visualAvatar":0,"id":0,"skillPoints":27}}
