6546013,0,0:0:0,7/3/2013 2:49:13pm
6546013,600,0:0:6,0
6546013,601,0:0:10,0
6546013,602,0:0:11,0,0
6546013,603,0:0:49,1
6546013,604,0:1:9,1,Isaac
6546013,605,0:1:12
6546013,221,0:1:47,12
6546013,220,0:1:50,12
6546013,210,0:1:52,1034,66
6546013,211,0:1:52,1034,66
6546013,207,0:1:52,12,0,-75
6546013,207,0:1:52,12,-75,-120
6546013,210,0:1:52,914,301
6546013,211,0:1:52,843,286
6546013,213,0:1:52,12,c_player_cauc_M_a_G0a0,true
6546013,210,0:1:55,957,469
6546013,211,0:1:57,955,400
6546013,213,0:1:57,12,c_player_cauc_M_a_G0a0,true
6546013,210,0:1:59,621,371
6546013,211,0:2:0,613,257
6546013,210,0:2:2,969,396
6546013,211,0:2:2,954,393
6546013,213,0:2:2,12,c_player_cauc_M_a_G0a0,true
6546013,210,0:2:5,654,342
6546013,211,0:2:7,427,336
6546013,210,0:2:8,607,355
6546013,207,0:2:12,12,-120,-570
6546013,211,0:2:14,1209,222
6546013,213,0:2:14,12,c_family_cauc_a_G0a0,true
6546013,210,0:2:18,1419,348
6546013,211,0:2:19,1260,486
6546013,210,0:2:20,1373,383
6546013,211,0:2:21,1176,500
6546013,210,0:2:21,1425,335
6546013,211,0:2:22,1269,252
6546013,210,0:2:24,1460,366
6546013,207,0:2:25,12,-570,-870
6546013,207,0:2:26,12,-870,-1035
6546013,211,0:2:28,1695,383
6546013,210,0:2:45,713,271
6546013,211,0:2:45,713,271
6546013,210,0:2:45,727,443
6546013,211,0:2:46,653,225
6546013,210,0:2:47,705,426
6546013,211,0:2:48,814,414
6546013,213,0:2:48,12,c_player_cauc_M_a_G0a1N,true
6546013,221,0:2:56,12
6546013,300,0:3:1
6546013,220,0:3:1,12
6546013,302,0:3:16,0,1,0,0
6546013,304,0:3:18,0,1,0,-1,,0,
6546013,210,0:3:30,735,353
6546013,211,0:3:32,274,559
6546013,210,0:3:33,799,346
6546013,207,0:3:35,12,0,-360
6546013,211,0:3:36,1182,484
6546013,210,0:3:37,1275,443
6546013,211,0:3:38,1203,585
6546013,207,0:3:38,12,-360,-390
6546013,210,0:3:38,1295,418
6546013,211,0:3:39,1027,408
6546013,207,0:3:39,12,-390,-435
6546013,210,0:3:39,1358,371
6546013,207,0:3:41,12,-435,-1035
6546013,211,0:3:44,1821,389
6546013,210,0:3:45,1820,429
6546013,211,0:3:46,1493,269
6546013,213,0:3:46,12,c_family_cauc_a_G0a0,true
6546013,210,0:4:19,1758,388
6546013,211,0:4:22,1347,583
6546013,210,0:4:22,1706,457
6546013,211,0:4:23,1933,422
6546013,210,0:4:24,1998,510
6546013,211,0:4:25,1944,496
6546013,212,0:4:25,1
6546013,210,0:4:29,1137,316
6546013,207,0:4:31,12,-1035,-735
6546013,211,0:4:33,945,464
6546013,213,0:4:33,12,c_player_cauc_M_a_G0a0,true
6546013,210,0:4:35,755,524
6546013,207,0:4:35,12,-735,-660
6546013,207,0:4:36,12,-660,-390
6546013,211,0:4:38,633,234
6546013,212,0:4:39,0
6546013,210,0:4:41,618,408
6546013,207,0:4:44,12,-390,-600
6546013,207,0:4:45,12,-600,-780
6546013,207,0:4:45,12,-780,-1035
6546013,207,0:4:48,12,-1035,-765
6546013,211,0:4:53,450,403
6546013,207,0:4:53,12,-765,-405
6546013,221,0:4:54,12
6546013,300,0:5:4
6546013,220,0:5:4,12
6546013,221,0:5:24,12
6546013,300,0:5:26
6546013,220,0:5:26,12
6546013,302,0:5:32,0,1,1,5
6546013,302,0:5:36,0,1,1,22
6546013,304,0:5:37,0,1,1,-1,,22,
6546013,302,0:5:44,0,3,0,0
6546013,306,0:5:45,0,0,1
6546013,304,0:5:45,0,3,0,-1,,0,
6546013,302,0:5:46,0,0,0,3
6546013,304,0:5:50,0,0,0,-1,,3,
6546013,302,0:5:56,0,2,0,5
6546013,305,0:5:57,0,2,0,-1,
6546013,302,0:6:7,0,2,1,5
6546013,302,0:6:8,0,2,1,8
6546013,302,0:6:10,0,2,1,14
6546013,302,0:6:10,0,2,1,13
6546013,306,0:6:12,0,1,2
6546013,304,0:6:12,0,2,1,-1,,13,
6546013,302,0:6:16,0,2,2,5
6546013,302,0:6:19,0,2,2,16
6546013,304,0:6:21,0,2,2,-1,,16,
6546013,302,0:6:24,0,2,0,5
6546013,302,0:6:25,0,2,0,11
6546013,306,0:6:32,0,2,3
6546013,304,0:6:32,0,2,0,-1,,11,
6546013,221,0:6:43,12
6546013,220,0:6:46,12
6546013,210,0:6:53,662,362
6546013,211,0:6:53,813,398
6546013,213,0:6:53,12,c_player_cauc_M_a_G0a1N,true
6546013,210,0:6:55,867,419
6546013,207,0:6:56,12,0,-315
6546013,211,0:6:58,1129,222
6546013,210,0:6:59,1198,522
6546013,211,0:7:1,1334,324
6546013,207,0:7:1,12,-315,-345
6546013,210,0:7:1,1426,333
6546013,207,0:7:2,12,-345,-705
6546013,211,0:7:4,1812,519
6546013,207,0:7:4,12,-705,-810
6546013,210,0:7:5,1636,293
6546013,211,0:7:5,1636,293
6546013,207,0:7:7,12,-810,-813
6546013,210,0:7:7,1791,405
6546013,211,0:7:9,956,577
6546013,213,0:7:9,12,c_player_cauc_M_a_G0a1N,true
6546013,210,0:7:12,1242,524
6546013,207,0:7:13,12,-813,-573
6546013,211,0:7:15,1032,454
6546013,212,0:7:16,2
6546013,210,0:7:17,1080,522
6546013,211,0:7:17,1144,461
6546013,212,0:7:18,1
6546013,210,0:7:18,1179,535
6546013,211,0:7:19,1180,492
6546013,213,0:7:19,12,c_home_G0a1N,true
6546013,205,0:7:19,12,c_home_G0a1N,false,false
6546013,210,0:7:27,1337,471
6546013,211,0:7:27,1133,181
6546013,212,0:7:28,2
6546013,210,0:7:29,1286,240
6546013,211,0:7:29,1146,187
6546013,213,0:7:29,12,c_family_cauc_a_G0a1N,true
6546013,205,0:7:30,12,c_family_cauc_a_G0a1N,false,false
6546013,210,0:7:38,1191,437
6546013,207,0:7:40,12,-573,-513
6546013,211,0:7:40,595,500
6546013,212,0:7:41,0
6546013,210,0:7:41,1029,345
6546013,211,0:7:42,624,177
6546013,213,0:7:42,12,c_job_G0a1N,true
6546013,205,0:7:42,12,c_job_G0a1N,false,false
6546013,210,0:7:48,626,473
6546013,207,0:7:49,12,-513,0
6546013,211,0:7:51,559,424
6546013,210,0:7:59,927,423
6546013,211,0:7:59,1098,428
6546013,207,0:7:59,12,0,-120
6546013,221,0:8:0,12
6546013,220,0:8:2,12
6546013,210,0:8:17,834,522
6546013,211,0:8:18,834,522
6546013,213,0:8:18,12,c_friends_G0a1P,true
6546013,210,0:8:21,802,160
6546013,207,0:8:22,12,0,-570
6546013,211,0:8:24,1371,492
6546013,213,0:8:24,12,c_friends_G0a1P,true
6546013,212,0:8:27,1
6546013,210,0:8:27,1434,410
6546013,211,0:8:28,1156,491
6546013,213,0:8:28,12,c_friends_G0a1P,true
6546013,210,0:8:31,759,423
6546013,211,0:8:31,736,494
6546013,213,0:8:31,12,c_cousins_M_a_G0a1P,true
6546013,210,0:8:34,1382,471
6546013,211,0:8:35,2057,487
6546013,207,0:8:35,12,-570,-1050
6546013,210,0:8:36,2148,488
6546013,207,0:8:37,12,-1050,-1790
6546013,211,0:8:38,2574,520
6546013,212,0:8:39,2
6546013,210,0:8:40,2616,548
6546013,211,0:8:40,2515,563
6546013,210,0:8:41,1913,505
6546013,211,0:8:42,1775,504
6546013,207,0:8:42,12,-1790,-1700
6546013,210,0:8:43,1848,497
6546013,211,0:8:44,1855,512
6546013,213,0:8:44,12,c_kidsister_cauc_a_G0a1P,true
6546013,205,0:8:44,12,c_kidsister_cauc_a_G0a1P,false,false
6546013,210,0:8:49,1701,447
6546013,207,0:8:50,12,-1700,-1490
6546013,211,0:8:51,1772,241
6546013,212,0:8:52,1
6546013,210,0:8:52,1850,286
6546013,211,0:8:53,1772,218
6546013,213,0:8:53,12,c_dad_cauc_a_G0a1P,true
6546013,205,0:8:53,12,c_dad_cauc_a_G0a1P,false,false
6546013,212,0:9:0,0
6546013,210,0:9:0,1924,510
6546013,211,0:9:2,1773,491
6546013,212,0:9:3,1
6546013,210,0:9:4,1651,334
6546013,211,0:9:6,1904,315
6546013,213,0:9:6,12,c_mom_cauc_a_G0a1P,true
6546013,205,0:9:6,12,c_mom_cauc_a_G0a1P,false,false
6546013,210,0:9:12,1717,530
6546013,211,0:9:12,1447,553
6546013,207,0:9:12,12,-1490,-1430
6546013,210,0:9:12,1390,554
6546013,207,0:9:12,12,-1430,-1355
6546013,211,0:9:14,1433,509
6546013,213,0:9:14,12,c_friends_G0a1P,true
6546013,210,0:9:16,1474,549
6546013,207,0:9:17,12,-1355,-995
6546013,211,0:9:18,1319,346
6546013,212,0:9:19,2
6546013,210,0:9:19,1492,253
6546013,211,0:9:20,1354,229
6546013,213,0:9:20,12,c_Teacher_G0a1P,true
6546013,205,0:9:20,12,c_Teacher_G0a1P,false,false
6546013,210,0:9:24,1613,238
6546013,211,0:9:25,1300,244
6546013,213,0:9:25,12,c_Teacher_G0a1P,true
6546013,205,0:9:25,12,c_Teacher_G0a1P,false,true
6546013,210,0:9:28,1251,414
6546013,207,0:9:30,12,-995,-560
6546013,211,0:9:31,678,477
6546013,213,0:9:31,12,c_cousins_M_a_G0a1P,true
6546013,210,0:9:33,769,484
6546013,207,0:9:33,12,-560,-275
6546013,211,0:9:37,1732,484
6546013,207,0:9:37,12,-275,-725
6546013,210,0:9:38,1816,501
6546013,207,0:9:38,12,-725,-950
6546013,211,0:9:42,1650,384
6546013,213,0:9:42,12,c_grandma_cauc_a_G0a1P,true
6546013,205,0:9:42,12,c_grandma_cauc_a_G0a1P,false,false
6546013,212,0:9:46,1
6546013,210,0:9:47,1734,447
6546013,207,0:9:51,12,-950,-620
6546013,207,0:9:53,12,-620,-170
6546013,211,0:9:54,454,442
6546013,212,0:9:54,0
6546013,210,0:9:55,522,511
6546013,207,0:9:59,12,-170,-1130
6546013,211,0:10:4,1296,234
6546013,213,0:10:4,12,c_Nurse_G0a1P,true
6546013,205,0:10:4,12,c_Nurse_G0a1P,false,false
6546013,221,0:10:8,12
6546013,220,0:10:9,12
6546013,203,0:10:9,12
6546013,103,0:10:58
6546013,104,0:11:4
6546013,103,0:11:6
6546013,105,0:11:8
6546013,703,0:11:10,[|| EpilogueItem ID: 0 unlocked: false ||,|| EpilogueItem ID: 1 unlocked: false ||,|| EpilogueItem ID: 2 unlocked: false ||,|| EpilogueItem ID: 3 unlocked: false ||,|| EpilogueItem ID: 4 unlocked: false ||,|| EpilogueItem ID: 5 unlocked: false ||,|| EpilogueItem ID: 6 unlocked: false ||,|| EpilogueItem ID: 7 unlocked: false ||,|| EpilogueItem ID: 8 unlocked: false ||,|| EpilogueItem ID: 9 unlocked: false ||,|| EpilogueItem ID: 10 unlocked: false ||,|| EpilogueItem ID: 11 unlocked: false ||,|| EpilogueItem ID: 12 unlocked: false ||,|| EpilogueItem ID: 13 unlocked: false ||,|| EpilogueItem ID: 14 unlocked: false ||,|| EpilogueItem ID: 15 unlocked: false ||,|| EpilogueItem ID: 16 unlocked: false ||,|| EpilogueItem ID: 17 unlocked: false ||,|| EpilogueItem ID: 18 unlocked: false ||,|| EpilogueItem ID: 19 unlocked: false ||,|| EpilogueItem ID: 20 unlocked: false ||,|| EpilogueItem ID: 21 unlocked: false ||,|| EpilogueItem ID: 22 unlocked: false ||,|| EpilogueItem ID: 23 unlocked: false ||,|| EpilogueItem ID: 24 unlocked: false ||],0
6546013,706,0:11:19,(x=311, y=-100, w=1024, h=768),(x=2531, y=-100, w=1024, h=768)
6546013,708,0:11:19
6546013,1,0:11:19,7/3/2013 3:00:33pm,{"gameTime":679949,"challengeStacks":[{"challengeScenes":[{"miniGameCards":[],"viewedAnimatic":false,"keyPoints":[],"unlocked":true,"touchableObjects":[]},{"miniGameCards":[],"viewedAnimatic":false,"keyPoints":[],"unlocked":true,"touchableObjects":[]},{"miniGameCards":[],"viewedAnimatic":false,"keyPoints":[],"unlocked":false,"touchableObjects":[]}],"stackSize":3,"resolved":false},{"challengeScenes":[{"miniGameCards":[],"viewedAnimatic":false,"keyPoints":[],"unlocked":false,"touchableObjects":[]},{"miniGameCards":[],"viewedAnimatic":false,"keyPoints":[],"unlocked":false,"touchableObjects":[]},{"miniGameCards":[],"viewedAnimatic":false,"keyPoints":[],"unlocked":false,"touchableObjects":[]},{"miniGameCards":[],"viewedAnimatic":false,"keyPoints":[],"unlocked":false,"touchableObjects":[]},{"miniGameCards":[],"viewedAnimatic":false,"keyPoints":[],"unlocked":false,"touchableObjects":[]}],"stackSize":5,"resolved":false},{"challengeScenes":[{"miniGameCards":[],"viewedAnimatic":false,"keyPoints":[],"unlocked":false,"touchableObjects":[]},{"miniGameCards":[],"viewedAnimatic":false,"keyPoints":[],"unlocked":false,"touchableObjects":[]},{"miniGameCards":[],"viewedAnimatic":false,"keyPoints":[],"unlocked":false,"touchableObjects":[]},{"miniGameCards":[],"viewedAnimatic":false,"keyPoints":[],"unlocked":false,"touchableObjects":[]},{"miniGameCards":[],"viewedAnimatic":false,"keyPoints":[],"unlocked":false,"touchableObjects":[]},{"miniGameCards":[],"viewedAnimatic":false,"keyPoints":[],"unlocked":false,"touchableObjects":[]},{"miniGameCards":[],"viewedAnimatic":false,"keyPoints":[],"unlocked":false,"touchableObjects":[]}],"stackSize":7,"resolved":false},{"challengeScenes":[{"miniGameCards":[],"viewedAnimatic":false,"keyPoints":[],"unlocked":false,"touchableObjects":[]},{"miniGameCards":[],"viewedAnimatic":false,"keyPoints":[],"unlocked":false,"touchableObjects":[]},{"miniGameCards":[],"viewedAnimatic":false,"keyPoints":[],"unlocked":false,"touchableObjects":[]},{"miniGameCards":[],"viewedAnimatic":false,"keyPoints":[],"unlocked":false,"touchableObjects":[]},{"miniGameCards":[],"viewedAnimatic":false,"keyPoints":[],"unlocked":false,"touchableObjects":[]}],"stackSize":5,"resolved":false},{"challengeScenes":[{"miniGameCards":[],"viewedAnimatic":false,"keyPoints":[],"unlocked":false,"touchableObjects":[]},{"miniGameCards":[],"viewedAnimatic":false,"keyPoints":[],"unlocked":false,"touchableObjects":[]},{"miniGameCards":[],"viewedAnimatic":false,"keyPoints":[],"unlocked":false,"touchableObjects":[]},{"miniGameCards":[],"viewedAnimatic":false,"keyPoints":[],"unlocked":false,"touchableObjects":[]},{"miniGameCards":[],"viewedAnimatic":false,"keyPoints":[],"unlocked":false,"touchableObjects":[]}],"stackSize":5,"resolved":false},{"challengeScenes":[{"miniGameCards":[],"viewedAnimatic":false,"keyPoints":[],"unlocked":false,"touchableObjects":[]},{"miniGameCards":[],"viewedAnimatic":false,"keyPoints":[],"unlocked":false,"touchableObjects":[]},{"miniGameCards":[],"viewedAnimatic":false,"keyPoints":[],"unlocked":false,"touchableObjects":[]},{"miniGameCards":[],"viewedAnimatic":false,"keyPoints":[],"unlocked":false,"touchableObjects":[]},{"miniGameCards":[],"viewedAnimatic":false,"keyPoints":[],"unlocked":false,"touchableObjects":[]}],"stackSize":5,"resolved":false},{"challengeScenes":[{"miniGameCards":[],"viewedAnimatic":false,"keyPoints":[],"unlocked":false,"touchableObjects":[]},{"miniGameCards":[],"viewedAnimatic":false,"keyPoints":[],"unlocked":false,"touchableObjects":[]},{"miniGameCards":[],"viewedAnimatic":false,"keyPoints":[],"unlocked":false,"touchableObjects":[]},{"miniGameCards":[],"viewedAnimatic":false,"keyPoints":[],"unlocked":false,"touchableObjects":[]},{"miniGameCards":[],"viewedAnimatic":false,"keyPoints":[],"unlocked":false,"touchableObjects":[]}],"stackSize":5,"resolved":false},{"challengeScenes":[{"miniGameCards":[],"viewedAnimatic":false,"keyPoints":[],"unlocked":false,"touchableObjects":[]},{"miniGameCards":[],"viewedAnimatic":false,"keyPoints":[],"unlocked":false,"touchableObjects":[]},{"miniGameCards":[],"viewedAnimatic":false,"keyPoints":[],"unlocked":false,"touchableObjects":[]},{"miniGameCards":[],"viewedAnimatic":false,"keyPoints":[],"unlocked":false,"touchableObjects":[]},{"miniGameCards":[],"viewedAnimatic":false,"keyPoints":[],"unlocked":false,"touchableObjects":[]}],"stackSize":5,"resolved":false},{"challengeScenes":[{"miniGameCards":[],"viewedAnimatic":false,"keyPoints":[],"unlocked":false,"touchableObjects":[]},{"miniGameCards":[],"viewedAnimatic":false,"keyPoints":[],"unlocked":false,"touchableObjects":[]},{"miniGameCards":[],"viewedAnimatic":false,"keyPoints":[],"unlocked":false,"touchableObjects":[]},{"miniGameCards":[],"viewedAnimatic":false,"keyPoints":[],"unlocked":false,"touchableObjects":[]},{"miniGameCards":[],"viewedAnimatic":false,"keyPoints":[],"unlocked":false,"touchableObjects":[]}],"stackSize":5,"resolved":false},{"challengeScenes":[{"miniGameCards":[],"viewedAnimatic":false,"keyPoints":[],"unlocked":false,"touchableObjects":[]},{"miniGameCards":[],"viewedAnimatic":false,"keyPoints":[],"unlocked":false,"touchableObjects":[]},{"miniGameCards":[],"viewedAnimatic":false,"keyPoints":[],"unlocked":false,"touchableObjects":[]},{"miniGameCards":[],"viewedAnimatic":false,"keyPoints":[],"unlocked":false,"touchableObjects":[]},{"miniGameCards":[],"viewedAnimatic":false,"keyPoints":[],"unlocked":false,"touchableObjects":[]}],"stackSize":5,"resolved":false},{"challengeScenes":[{"miniGameCards":[],"viewedAnimatic":false,"keyPoints":[],"unlocked":false,"touchableObjects":[]},{"miniGameCards":[],"viewedAnimatic":false,"keyPoints":[],"unlocked":false,"touchableObjects":[]},{"miniGameCards":[],"viewedAnimatic":false,"keyPoints":[],"unlocked":false,"touchableObjects":[]},{"miniGameCards":[],"viewedAnimatic":false,"keyPoints":[],"unlocked":false,"touchableObjects":[]},{"miniGameCards":[],"viewedAnimatic":false,"keyPoints":[],"unlocked":false,"touchableObjects":[]}],"stackSize":5,"resolved":false},{"challengeScenes":[{"miniGameCards":[],"viewedAnimatic":false,"keyPoints":[],"unlocked":false,"touchableObjects":[]},{"miniGameCards":[],"viewedAnimatic":false,"keyPoints":[],"unlocked":false,"touchableObjects":[]},{"miniGameCards":[],"viewedAnimatic":false,"keyPoints":[],"unlocked":false,"touchableObjects":[]},{"miniGameCards":[],"viewedAnimatic":false,"keyPoints":[],"unlocked":false,"touchableObjects":[]},{"miniGameCards":[],"viewedAnimatic":false,"keyPoints":[],"unlocked":false,"touchableObjects":[]}],"stackSize":5,"resolved":false},{"challengeScenes":[{"miniGameCards":[],"viewedAnimatic":false,"keyPoints":[],"unlocked":true,"touchableObjects":["c_player_cauc_M_a_G0a0","c_family_cauc_a_G0a0"]},{"miniGameCards":[],"viewedAnimatic":false,"keyPoints":["c_home_G0a1N","c_family_cauc_a_G0a1N","c_job_G0a1N"],"unlocked":true,"touchableObjects":["c_player_cauc_M_a_G0a1N","c_home_G0a1N","c_family_cauc_a_G0a1N","c_job_G0a1N"]},{"miniGameCards":[],"viewedAnimatic":false,"keyPoints":["c_kidsister_cauc_a_G0a1P","c_dad_cauc_a_G0a1P","c_mom_cauc_a_G0a1P","c_Teacher_G0a1P","c_grandma_cauc_a_G0a1P","c_Nurse_G0a1P"],"unlocked":true,"touchableObjects":["c_friends_G0a1P","c_cousins_M_a_G0a1P","c_kidsister_cauc_a_G0a1P","c_dad_cauc_a_G0a1P","c_mom_cauc_a_G0a1P","c_Teacher_G0a1P","c_grandma_cauc_a_G0a1P","c_Nurse_G0a1P"]}],"stackSize":3,"resolved":true}],"sessionId":1,"epilogue":{"rating":0},"playerId":6546013,"session":[{"sceneId":"1P","stackId":12}],"minigames":[{"levelSaveData":[{"starRating":0,"unlocked":true},{"starRating":0,"unlocked":false},{"starRating":0,"unlocked":false},{"starRating":0,"unlocked":false},{"starRating":0,"unlocked":false},{"starRating":0,"unlocked":false},{"starRating":0,"unlocked":false},{"starRating":0,"unlocked":false},{"starRating":0,"unlocked":false},{"starRating":0,"unlocked":false}],"skillPoints":0},{"levelSaveData":[{"starRating":0,"unlocked":true},{"starRating":0,"unlocked":false},{"starRating":0,"unlocked":false},{"starRating":0,"unlocked":false},{"starRating":0,"unlocked":false},{"starRating":0,"unlocked":false},{"starRating":0,"unlocked":false},{"starRating":0,"unlocked":false},{"starRating":0,"unlocked":false},{"starRating":0,"unlocked":false}],"skillPoints":0},{"levelSaveData":[{"starRating":0,"unlocked":true},{"starRating":0,"unlocked":false},{"starRating":0,"unlocked":false},{"starRating":0,"unlocked":false},{"starRating":0,"unlocked":false},{"starRating":0,"unlocked":false},{"starRating":0,"unlocked":false},{"starRating":0,"unlocked":false},{"starRating":0,"unlocked":false},{"starRating":0,"unlocked":false}],"skillPoints":0},{"levelSaveData":[{"starRating":0,"unlocked":false},{"starRating":0,"unlocked":false},{"starRating":0,"unlocked":false},{"starRating":0,"unlocked":false},{"starRating":0,"unlocked":false},{"starRating":0,"unlocked":false},{"starRating":0,"unlocked":false},{"starRating":0,"unlocked":false},{"starRating":0,"unlocked":false},{"starRating":0,"unlocked":false}],"skillPoints":0},{"age":11,"name":"Isaac","gender":0,"levelSaveData":[{"starRating":3,"unlocked":true},{"starRating":3,"chunks":[["3"],["0","22"],["11","13","16"],["0"]],"unlocked":true},{"starRating":0,"chunks":[[null],[null,null],[null,null]],"unlocked":false},{"starRating":0,"chunks":[[null],[null],[null],[null],[null,null],[null]],"unlocked":false},{"starRating":0,"chunks":[[null],[null],[null,null],[null],[null],[null]],"unlocked":false},{"starRating":0,"chunks":[[null],[null,null,null,null],[null],[null]],"unlocked":false},{"starRating":0,"chunks":[[null],[null],[null,null],[null,null],[null]],"unlocked":false},{"starRating":0,"chunks":[[null,null,null],[null,null,null],[null],[null],[null]],"unlocked":false},{"starRating":0,"chunks":[[null,null,null],[null,null,null],[null,null]],"unlocked":false},{"starRating":0,"chunks":[[null],[null],[null],[null],[null],[null]],"unlocked":false}],"visualAvatar":0,"id":1,"skillPoints":6}],"avatar":{"age":11,"name":"Isaac","gender":0,"levelSaveData":[{"starRating":3,"unlocked":true},{"starRating":3,"chunks":[["3"],["0","22"],["11","13","16"],["0"]],"unlocked":true},{"starRating":0,"chunks":[[null],[null,null],[null,null]],"unlocked":false},{"starRating":0,"chunks":[[null],[null],[null],[null],[null,null],[null]],"unlocked":false},{"starRating":0,"chunks":[[null],[null],[null,null],[null],[null],[null]],"unlocked":false},{"starRating":0,"chunks":[[null],[null,null,null,null],[null],[null]],"unlocked":false},{"starRating":0,"chunks":[[null],[null],[null,null],[null,null],[null]],"unlocked":false},{"starRating":0,"chunks":[[null,null,null],[null,null,null],[null],[null],[null]],"unlocked":false},{"starRating":0,"chunks":[[null,null,null],[null,null,null],[null,null]],"unlocked":false},{"starRating":0,"chunks":[[null],[null],[null],[null],[null],[null]],"unlocked":false}],"visualAvatar":0,"id":1,"skillPoints":6}}
