6546011,0,0:0:0,7/3/2013 2:04:08pm
6546011,600,0:2:30,0
6546011,601,0:2:32,1
6546011,602,0:2:33,0,1
6546011,603,0:2:39,0
6546011,604,0:2:54,0,nakia
6546011,605,0:2:59
6546011,212,0:3:43,0
6546011,221,0:3:47,12
6546011,220,0:3:49,12
6546011,207,0:3:56,12,0,-45
6546011,207,0:3:57,12,-45,-90
6546011,210,0:3:57,959,213
6546011,211,0:3:57,621,417
6546011,210,0:3:58,724,378
6546011,211,0:4:3,963,418
6546011,213,0:4:3,12,c_player_afri_F_a_G0a0,true
6546011,207,0:4:13,12,-90,-120
6546011,210,0:4:15,958,403
6546011,207,0:4:17,12,-120,-210
6546011,211,0:4:19,1243,634
6546011,207,0:4:19,12,-210,-255
6546011,210,0:4:20,1102,425
6546011,211,0:4:21,1060,539
6546011,210,0:4:22,1050,585
6546011,211,0:4:22,950,588
6546011,213,0:4:22,12,c_player_afri_F_a_G0a0,true
6546011,210,0:4:25,1120,341
6546011,211,0:4:25,938,358
6546011,213,0:4:25,12,c_player_afri_F_a_G0a0,true
6546011,210,0:4:27,959,484
6546011,211,0:4:29,1288,612
6546011,207,0:4:29,12,-255,-315
6546011,207,0:4:30,12,-315,-345
6546011,210,0:4:30,1253,402
6546011,211,0:4:31,1334,566
6546011,207,0:4:31,12,-345,-390
6546011,210,0:4:33,1466,358
6546011,211,0:4:33,1691,358
6546011,207,0:4:33,12,-390,-690
6546011,210,0:4:40,1556,255
6546011,211,0:4:40,1293,467
6546011,210,0:4:41,1774,269
6546011,211,0:4:41,1879,269
6546011,207,0:4:41,12,-690,-870
6546011,207,0:4:42,12,-870,-900
6546011,212,0:6:23,2
6546011,210,0:6:28,1297,196
6546011,211,0:6:28,1364,282
6546011,213,0:6:28,12,c_family_afri_a_G0a0,true
6546011,212,0:6:41,1
6546011,210,0:6:46,1277,374
6546011,211,0:6:47,1275,454
6546011,213,0:6:47,12,c_friends_G0a0,true
6546011,210,0:6:57,1525,286
6546011,211,0:6:57,1381,278
6546011,210,0:6:58,1994,311
6546011,207,0:6:58,12,-900,-1035
6546011,211,0:6:59,2057,314
6546011,210,0:6:59,2058,381
6546011,211,0:6:59,2058,381
6546011,210,0:7:5,2044,326
6546011,211,0:7:7,2058,311
6546011,210,0:7:8,1007,360
6546011,207,0:7:11,12,-1035,0
6546011,211,0:7:11,70,400
6546011,207,0:7:30,12,0,-15
6546011,213,0:7:30,12,c_player_afri_F_a_G0a0,true
6546011,210,0:7:33,615,172
6546011,211,0:7:33,761,286
6546011,213,0:7:33,12,c_player_afri_F_a_G0a0,true
6546011,210,0:7:36,929,175
6546011,207,0:7:39,12,-15,-510
6546011,207,0:7:39,12,-510,-660
6546011,207,0:7:41,12,-660,-900
6546011,211,0:7:42,1786,306
6546011,210,0:7:42,1806,306
6546011,211,0:7:43,1895,296
6546011,207,0:7:43,12,-900,-930
6546011,210,0:7:43,1796,287
6546011,207,0:7:46,12,-930,-60
6546011,211,0:7:49,607,383
6546011,212,0:7:50,0
6546011,207,0:7:53,12,-60,-75
6546011,210,0:7:53,655,506
6546011,211,0:7:54,782,504
6546011,207,0:8:22,12,-75,-69
6546011,207,0:10:34,12,-69,-84
6546011,210,0:10:43,847,402
6546011,211,0:10:43,600,499
6546011,221,0:10:46,12
6546011,220,0:11:0,12
6546011,210,0:11:4,140,395
6546011,211,0:11:5,1187,474
6546011,207,0:11:5,12,0,-180
6546011,213,0:11:48,12,c_player_afri_F_a_G0a1N,true
6546011,210,0:11:50,315,437
6546011,211,0:11:53,540,445
6546011,210,0:11:56,486,398
6546011,211,0:11:56,482,387
6546011,210,0:11:58,497,277
6546011,211,0:11:59,624,214
6546011,213,0:11:59,12,c_job_G0a1N,true
6546011,205,0:11:59,12,c_job_G0a1N,false,false
6546011,212,0:12:10,1
6546011,210,0:12:12,564,337
6546011,211,0:12:14,1105,444
6546011,213,0:12:14,12,c_home_G0a1N,true
6546011,205,0:12:14,12,c_home_G0a1N,false,false
6546011,212,0:12:32,2
6546011,210,0:12:36,983,249
6546011,207,0:12:36,12,-180,-270
6546011,211,0:12:37,1104,201
6546011,213,0:12:37,12,c_family_afri_a_G0a1N,true
6546011,205,0:12:37,12,c_family_afri_a_G0a1N,false,false
6546011,210,0:12:54,1038,488
6546011,207,0:12:56,12,-270,-813
6546011,211,0:12:57,1419,549
6546011,212,0:12:58,1
6546011,210,0:13:0,1295,416
6546011,211,0:13:1,1365,331
6546011,210,0:13:2,1282,334
6546011,211,0:13:3,1449,403
6546011,210,0:13:4,1246,359
6546011,211,0:13:5,321,433
6546011,207,0:13:5,12,-813,-303
6546011,207,0:13:6,12,-303,-258
6546011,210,0:13:6,377,413
6546011,211,0:13:7,211,424
6546011,207,0:13:7,12,-258,-183
6546011,221,0:13:23,12
6546011,220,0:13:30,12
6546011,207,0:13:44,12,0,-15
6546011,210,0:13:44,1089,246
6546011,211,0:13:45,1353,313
6546011,207,0:13:45,12,-15,-330
6546011,212,0:13:47,2
6546011,210,0:13:48,1198,155
6546011,207,0:13:49,12,-330,-645
6546011,211,0:13:50,1400,471
6546011,213,0:13:50,12,c_friends_G0a1P,true
6546011,207,0:13:55,12,-645,-690
6546011,210,0:13:55,1578,406
6546011,207,0:13:56,12,-690,-855
6546011,211,0:13:57,1616,379
6546011,213,0:13:57,12,c_grandma_afri_a_G0a1P,true
6546011,205,0:13:57,12,c_grandma_afri_a_G0a1P,false,false
6546011,210,0:14:9,1890,284
6546011,207,0:14:9,12,-855,-915
6546011,207,0:14:11,12,-915,-1035
6546011,211,0:14:11,1837,496
6546011,213,0:14:11,12,c_kidsister_afri_a_G0a1P,true
6546011,205,0:14:11,12,c_kidsister_afri_a_G0a1P,false,false
6546011,210,0:14:21,2083,424
6546011,211,0:14:21,2192,376
6546011,207,0:14:21,12,-1035,-1170
6546011,210,0:14:21,2252,292
6546011,207,0:14:23,12,-1170,-1790
6546011,211,0:14:24,1775,378
6546011,207,0:14:24,12,-1790,-1730
6546011,210,0:14:34,1828,285
6546011,207,0:14:34,12,-1730,-1490
6546011,207,0:14:37,12,-1490,-995
6546011,211,0:14:37,1389,201
6546011,213,0:14:37,12,c_Teacher_G0a1P,true
6546011,205,0:14:37,12,c_Teacher_G0a1P,false,false
6546011,210,0:14:48,1261,210
6546011,211,0:14:52,997,368
6546011,207,0:14:52,12,-995,-980
6546011,210,0:14:53,934,403
6546011,207,0:14:53,12,-980,-890
6546011,207,0:14:55,12,-890,-335
6546011,211,0:14:57,766,519
6546011,213,0:14:57,12,c_cousins_F_a_G0a1P,true
6546011,210,0:15:4,278,336
6546011,207,0:15:4,12,-335,-215
6546011,207,0:15:5,12,-215,-80
6546011,211,0:15:5,36,377
6546011,207,0:15:5,12,-80,-20
6546011,207,0:15:6,12,-20,0
6546011,210,0:15:6,2,383
6546011,207,0:15:9,12,0,-195
6546011,207,0:15:10,12,-195,-345
6546011,207,0:15:11,12,-345,-630
6546011,211,0:15:12,1301,530
6546011,213,0:15:12,12,c_friends_G0a1P,true
6546011,210,0:15:14,1481,452
6546011,207,0:15:17,12,-630,-1095
6546011,211,0:15:18,2148,422
6546011,207,0:15:18,12,-1095,-1140
6546011,207,0:15:18,12,-1140,-1200
6546011,221,0:15:20,12
6546011,220,0:15:22,12
6546011,212,0:15:23,1
6546011,210,0:15:24,1720,393
6546011,211,0:15:27,1890,252
6546011,213,0:15:27,12,c_mom_afri_a_G0a1P,true
6546011,205,0:15:27,12,c_mom_afri_a_G0a1P,false,false
6546011,210,0:15:40,1764,221
6546011,211,0:15:41,1784,236
6546011,213,0:15:41,12,c_dad_afri_a_G0a1P,true
6546011,205,0:15:41,12,c_dad_afri_a_G0a1P,false,false
6546011,210,0:15:49,1422,438
6546011,207,0:15:51,12,-1200,-1140
6546011,211,0:15:53,1567,400
6546011,212,0:15:54,0
6546011,210,0:15:55,1286,235
6546011,211,0:15:55,1277,218
6546011,213,0:15:55,12,c_Nurse_G0a1P,true
6546011,205,0:15:55,12,c_Nurse_G0a1P,false,false
6546011,221,0:16:9,12
6546011,300,0:16:15
6546011,220,0:16:15,12
6546011,207,0:16:36,12,0,-60
6546011,210,0:16:37,537,512
6546011,207,0:16:38,12,-60,-300
6546011,211,0:16:38,1056,515
6546011,213,0:16:38,12,c_friends_G0a1P,true
6546011,221,0:16:40,12
6546011,220,0:16:43,12
6546011,210,0:16:44,656,532
6546011,211,0:16:44,1008,454
6546011,213,0:16:44,12,c_friends_G0a1P,true
6546011,212,0:16:47,1
6546011,207,0:16:48,12,-300,-345
6546011,210,0:16:48,923,433
6546011,211,0:16:48,958,483
6546011,213,0:16:48,12,c_friends_G0a1P,true
6546011,207,0:16:51,12,-345,-405
6546011,210,0:16:51,1339,481
6546011,211,0:16:52,978,693
6546011,213,0:16:52,12,c_friends_G0a1P,true
6546011,221,0:16:55,12
6546011,220,0:16:57,12
6546011,207,0:16:59,12,-405,-465
6546011,210,0:16:59,1397,248
6546011,211,0:17:1,1367,235
6546011,210,0:17:1,1409,199
6546011,211,0:17:2,1409,199
6546011,212,0:17:2,0
6546011,210,0:17:3,1391,157
6546011,211,0:17:3,1404,130
6546011,212,0:17:4,2
6546011,210,0:17:5,1394,204
6546011,211,0:17:5,1399,238
6546011,213,0:17:5,12,c_Teacher_G0a1P,true
6546011,205,0:17:5,12,c_Teacher_G0a1P,false,true
6546011,207,0:17:9,12,-465,-525
6546011,210,0:17:9,1467,409
6546011,211,0:17:9,1183,520
6546011,213,0:17:9,12,c_friends_G0a1P,true
6546011,210,0:17:11,1323,324
6546011,211,0:17:12,1023,462
6546011,213,0:17:12,12,c_friends_G0a1P,true
6546011,210,0:17:13,1234,502
6546011,207,0:17:17,12,-525,-1790
6546011,211,0:17:22,2382,692
6546011,210,0:17:24,1737,387
6546011,207,0:17:28,12,-1790,0
6546011,211,0:17:28,10,418
6546011,221,0:17:30,12
6546011,208,0:17:45,12,c_grandma_afri_a_G0a1P
6546011,208,0:17:46,12,c_dad_afri_a_G0a1P
6546011,300,0:17:46
6546011,220,0:17:46,12
6546011,302,0:17:46,0,3,0,1
6546011,304,0:17:58,0,3,0,-1,,1,
6546011,305,0:18:4,0,3,0,1,
6546011,302,0:18:12,0,0,0,1
6546011,305,0:18:13,0,0,0,-1,
6546011,302,0:18:17,0,0,0,1
6546011,304,0:18:18,0,0,0,-1,,1,
6546011,305,0:18:28,0,2,0,-1,
6546011,221,0:18:39,12
6546011,220,0:18:41,12
6546011,221,0:18:43,12
6546011,220,0:18:45,12
6546011,210,0:18:46,503,543
6546011,211,0:18:46,696,560
6546011,210,0:18:47,715,335
6546011,211,0:18:48,943,170
6546011,219,0:18:51,12
6546011,218,0:18:55,12
6546011,221,0:18:56,12
6546011,220,0:19:0,12
6546011,210,0:19:6,173,474
6546011,211,0:19:7,382,569
6546011,210,0:19:8,395,571
6546011,207,0:19:13,12,0,-1790
6546011,211,0:19:13,2812,346
6546011,210,0:19:16,2539,509
6546011,211,0:19:20,2169,692
6546011,221,0:19:33,12
6546011,300,0:19:35
6546011,220,0:19:35,12
6546011,210,0:19:48,1048,299
6546011,207,0:19:51,12,0,-1320
6546011,211,0:19:52,1374,437
6546011,207,0:19:52,12,-1320,-1305
6546011,213,0:19:53,12,c_Teacher_G0a1P,true
6546011,205,0:19:53,12,c_Teacher_G0a1P,false,true
6546011,210,0:19:57,1275,306
6546011,207,0:20:0,12,-1305,0
6546011,211,0:20:2,531,690
6546011,221,0:20:2,12
6546011,220,0:20:13,12
6546011,212,0:20:14,1
6546011,210,0:20:15,232,408
6546011,211,0:20:15,678,325
6546011,213,0:20:15,12,c_cousins_F_a_G0a1P,true
6546011,212,0:20:18,2
6546011,212,0:20:22,0
6546011,221,0:20:34,12
6546011,300,0:20:59
6546011,220,0:20:59,12
6546011,302,0:21:12,0,2,0,14
6546011,302,0:21:19,0,2,0,17
6546011,303,0:21:23,0,2,0,17
6546011,306,0:21:40,0,0,1
6546011,304,0:21:40,0,2,0,-1,,17,singing
6546011,302,0:21:46,0,2,1,5
6546011,302,0:21:47,0,2,1,6
6546011,303,0:21:51,0,2,1,6
6546011,304,0:21:55,0,2,1,-1,,6,music
6546011,302,0:22:0,0,2,2,12
6546011,303,0:22:5,0,2,2,12
6546011,306,0:22:10,0,1,2
6546011,304,0:22:10,0,2,2,-1,,12,dancing
6546011,302,0:22:20,0,1,0,5
6546011,302,0:22:24,0,1,0,11
6546011,302,0:22:28,0,1,0,14
6546011,302,0:22:32,0,1,0,20
6546011,302,0:22:34,0,1,0,8
6546011,302,0:22:34,0,1,0,5
6546011,302,0:22:43,0,1,0,8
6546011,302,0:22:44,0,1,0,6
6546011,303,0:22:48,0,1,0,6
6546011,304,0:22:52,0,1,0,-1,,6,crazy
6546011,302,0:22:58,0,1,1,5
6546011,302,0:23:6,0,1,1,13
6546011,303,0:23:12,0,1,1,13
6546011,306,0:23:22,0,2,3
6546011,304,0:23:22,0,1,1,-1,,13,lovable
6546011,305,0:23:29,0,1,1,13,lovable
6546011,221,0:23:36,12
6546011,220,0:23:37,12
6546011,203,0:23:37,12
6546011,1003,0:23:46,1
6546011,1004,0:23:48,0
6546011,800,0:23:50,0,[]
6546011,801,0:23:52,0,[]
6546011,814,0:24:5,0,[1]
6546011,815,0:24:5,0,1,OpportunityCardData_id:7
6546011,816,0:24:11,0,1,OpportunityCardData_id:7
6546011,805,0:24:14,0,[OpportunityCardData_id:7]
6546011,806,0:24:18,0,[OpportunityCardData_id:7,PriorityData_type:0]
6546011,807,0:24:20,0,[OpportunityCardData_id:7]
6546011,808,0:24:24,0,[OpportunityCardData_id:7]
6546011,809,0:24:29,0,[OpportunityCardData_id:7,PriorityData_type:2,false]
6546011,810,0:24:30,0,[OpportunityCardData_id:7,PriorityData_type:1,20,PriorityData_type:2,25]
6546011,814,0:24:34,0,[5]
6546011,815,0:24:34,0,5,OpportunityCardData_id:32
6546011,815,0:24:39,0,5,OpportunityCardData_id:33
6546011,816,0:24:40,0,5,OpportunityCardData_id:33
6546011,803,0:24:44,0,[OpportunityCardData_id:33,OpportunityCardConsequencesData_logId:1]
6546011,803,0:24:46,0,[OpportunityCardData_id:33,OpportunityCardConsequencesData_logId:0]
6546011,803,0:24:48,0,[OpportunityCardData_id:33,OpportunityCardConsequencesData_logId:2]
6546011,805,0:25:2,0,[OpportunityCardData_id:33]
6546011,806,0:25:3,0,[OpportunityCardData_id:33,PriorityData_type:1]
6546011,807,0:25:5,0,[OpportunityCardData_id:33]
6546011,808,0:25:7,0,[OpportunityCardData_id:33]
6546011,809,0:25:10,0,[OpportunityCardData_id:33,Safe,false]
6546011,810,0:25:14,0,[OpportunityCardData_id:33,PriorityData_type:5,15,Safe,Safe]
6546011,814,0:25:20,0,[3]
6546011,815,0:25:20,0,3,OpportunityCardData_id:19
6546011,816,0:25:22,0,3,OpportunityCardData_id:19
6546011,803,0:25:24,0,[OpportunityCardData_id:19,OpportunityCardConsequencesData_logId:1]
6546011,803,0:25:24,0,[OpportunityCardData_id:19,OpportunityCardConsequencesData_logId:0]
6546011,803,0:25:25,0,[OpportunityCardData_id:19,OpportunityCardConsequencesData_logId:2]
6546011,805,0:25:31,0,[OpportunityCardData_id:19]
6546011,806,0:25:37,0,[OpportunityCardData_id:19,PriorityData_type:2]
6546011,807,0:25:39,0,[OpportunityCardData_id:19]
6546011,808,0:25:42,0,[OpportunityCardData_id:19]
6546011,809,0:25:46,0,[OpportunityCardData_id:19,PriorityData_type:0,false]
6546011,810,0:25:55,0,[OpportunityCardData_id:19,PriorityData_type:3,15,PriorityData_type:0,35]
6546011,814,0:26:10,0,[2]
6546011,815,0:26:10,0,2,OpportunityCardData_id:13
6546011,816,0:26:12,0,2,OpportunityCardData_id:13
6546011,803,0:26:13,0,[OpportunityCardData_id:13,OpportunityCardConsequencesData_logId:0]
6546011,803,0:26:14,0,[OpportunityCardData_id:13,OpportunityCardConsequencesData_logId:2]
6546011,803,0:26:15,0,[OpportunityCardData_id:13,OpportunityCardConsequencesData_logId:1]
6546011,805,0:26:26,0,[OpportunityCardData_id:13]
6546011,806,0:26:29,0,[OpportunityCardData_id:13,PriorityData_type:4]
6546011,807,0:26:31,0,[OpportunityCardData_id:13]
6546011,808,0:26:32,0,[OpportunityCardData_id:13]
6546011,809,0:26:37,0,[OpportunityCardData_id:13,PriorityData_type:3,false]
6546011,810,0:26:40,0,[OpportunityCardData_id:13,PriorityData_type:2,15,PriorityData_type:3,10]
6546011,814,0:26:46,0,[0]
6546011,815,0:26:46,0,0,OpportunityCardData_id:0
6546011,816,0:26:47,0,0,OpportunityCardData_id:0
6546011,803,0:26:48,0,[OpportunityCardData_id:0,OpportunityCardConsequencesData_logId:0]
6546011,803,0:26:49,0,[OpportunityCardData_id:0,OpportunityCardConsequencesData_logId:2]
6546011,803,0:26:49,0,[OpportunityCardData_id:0,OpportunityCardConsequencesData_logId:1]
6546011,805,0:26:54,0,[OpportunityCardData_id:0]
6546011,806,0:26:56,0,[OpportunityCardData_id:0,PriorityData_type:1]
6546011,807,0:26:57,0,[OpportunityCardData_id:0]
6546011,808,0:26:58,0,[OpportunityCardData_id:0]
6546011,809,0:27:11,0,[OpportunityCardData_id:0,Safe,false]
6546011,810,0:27:13,0,[OpportunityCardData_id:0,PriorityData_type:0,15,Safe,Safe]
6546011,814,0:27:16,0,[2]
6546011,815,0:27:16,0,2,OpportunityCardData_id:14
6546011,816,0:27:18,0,2,OpportunityCardData_id:14
6546011,803,0:27:19,0,[OpportunityCardData_id:14,OpportunityCardConsequencesData_logId:0]
6546011,803,0:27:20,0,[OpportunityCardData_id:14,OpportunityCardConsequencesData_logId:1]
6546011,803,0:27:20,0,[OpportunityCardData_id:14,OpportunityCardConsequencesData_logId:2]
6546011,805,0:27:21,0,[OpportunityCardData_id:14]
6546011,807,0:27:22,0,[OpportunityCardData_id:14]
6546011,808,0:27:24,0,[OpportunityCardData_id:14]
6546011,809,0:27:28,0,[OpportunityCardData_id:14,PriorityData_type:4,false]
6546011,810,0:27:30,0,[OpportunityCardData_id:14,PriorityData_type:2,15,PriorityData_type:4,10]
6546011,814,0:27:39,0,[0]
6546011,815,0:27:39,0,0,OpportunityCardData_id:1
6546011,816,0:27:41,0,0,OpportunityCardData_id:1
6546011,803,0:27:42,0,[OpportunityCardData_id:1,OpportunityCardConsequencesData_logId:0]
6546011,803,0:27:43,0,[OpportunityCardData_id:1,OpportunityCardConsequencesData_logId:1]
6546011,803,0:27:43,0,[OpportunityCardData_id:1,OpportunityCardConsequencesData_logId:2]
6546011,805,0:27:45,0,[OpportunityCardData_id:1]
6546011,806,0:27:46,0,[OpportunityCardData_id:1,PriorityData_type:3]
6546011,807,0:27:46,0,[OpportunityCardData_id:1]
6546011,808,0:27:48,0,[OpportunityCardData_id:1]
6546011,809,0:27:52,0,[OpportunityCardData_id:1,PriorityData_type:2,false]
6546011,810,0:27:53,0,[OpportunityCardData_id:1,PriorityData_type:0,15,PriorityData_type:2,10]
6546011,814,0:27:58,0,[2]
6546011,815,0:27:58,0,2,OpportunityCardData_id:15
6546011,815,0:28:2,0,2,OpportunityCardData_id:18
6546011,815,0:28:3,0,2,OpportunityCardData_id:15
6546011,815,0:28:6,0,2,OpportunityCardData_id:16
6546011,816,0:28:6,0,2,OpportunityCardData_id:16
6546011,803,0:28:8,0,[OpportunityCardData_id:16,OpportunityCardConsequencesData_logId:0]
6546011,803,0:28:8,0,[OpportunityCardData_id:16,OpportunityCardConsequencesData_logId:1]
6546011,805,0:28:11,0,[OpportunityCardData_id:16]
6546011,806,0:28:12,0,[OpportunityCardData_id:16,PriorityData_type:3]
6546011,807,0:28:13,0,[OpportunityCardData_id:16]
6546011,808,0:28:18,0,[OpportunityCardData_id:16]
6546011,809,0:28:22,0,[OpportunityCardData_id:16,PriorityData_type:1,false]
6546011,810,0:28:23,0,[OpportunityCardData_id:16,PriorityData_type:2,5,PriorityData_type:1,10]
6546011,811,0:28:39,0,[OpportunityCardData_id:16,PriorityData_type:2,80,70,PriorityData_type:4,70,35]
6546011,1005,0:28:40,0,[1,0,1]
6546011,1001,0:28:43,0,[]
6546011,1003,0:28:43,1
6546011,1004,0:28:45,0
6546011,800,0:28:49,0,[]
6546011,801,0:28:52,0,[]
6546011,814,0:28:54,0,[3]
6546011,815,0:28:54,0,3,OpportunityCardData_id:19
6546011,816,0:28:55,0,3,OpportunityCardData_id:19
6546011,803,0:28:57,0,[OpportunityCardData_id:19,OpportunityCardConsequencesData_logId:2]
6546011,803,0:28:57,0,[OpportunityCardData_id:19,OpportunityCardConsequencesData_logId:1]
6546011,803,0:28:58,0,[OpportunityCardData_id:19,OpportunityCardConsequencesData_logId:0]
6546011,805,0:28:58,0,[OpportunityCardData_id:19]
6546011,806,0:28:59,0,[OpportunityCardData_id:19,PriorityData_type:2]
6546011,807,0:29:0,0,[OpportunityCardData_id:19]
6546011,808,0:29:1,0,[OpportunityCardData_id:19]
6546011,809,0:29:5,0,[OpportunityCardData_id:19,PriorityData_type:0,false]
6546011,810,0:29:7,0,[OpportunityCardData_id:19,PriorityData_type:3,15,PriorityData_type:0,35]
6546011,814,0:29:12,0,[0]
6546011,815,0:29:12,0,0,OpportunityCardData_id:0
6546011,815,0:29:13,0,0,OpportunityCardData_id:1
6546011,815,0:29:14,0,0,OpportunityCardData_id:0
6546011,815,0:29:17,0,0,OpportunityCardData_id:1
6546011,816,0:29:19,0,0,OpportunityCardData_id:1
6546011,803,0:29:20,0,[OpportunityCardData_id:1,OpportunityCardConsequencesData_logId:0]
6546011,803,0:29:21,0,[OpportunityCardData_id:1,OpportunityCardConsequencesData_logId:2]
6546011,803,0:29:21,0,[OpportunityCardData_id:1,OpportunityCardConsequencesData_logId:1]
6546011,805,0:29:23,0,[OpportunityCardData_id:1]
6546011,806,0:29:26,0,[OpportunityCardData_id:1,PriorityData_type:1]
6546011,807,0:29:27,0,[OpportunityCardData_id:1]
6546011,808,0:29:29,0,[OpportunityCardData_id:1]
6546011,809,0:29:34,0,[OpportunityCardData_id:1,PriorityData_type:2,false]
6546011,810,0:29:36,0,[OpportunityCardData_id:1,PriorityData_type:0,15,PriorityData_type:2,10]
6546011,814,0:29:43,0,[2]
6546011,815,0:29:43,0,2,OpportunityCardData_id:13
6546011,815,0:29:45,0,2,OpportunityCardData_id:14
6546011,816,0:29:45,0,2,OpportunityCardData_id:14
6546011,803,0:29:46,0,[OpportunityCardData_id:14,OpportunityCardConsequencesData_logId:0]
6546011,803,0:29:46,0,[OpportunityCardData_id:14,OpportunityCardConsequencesData_logId:1]
6546011,803,0:29:47,0,[OpportunityCardData_id:14,OpportunityCardConsequencesData_logId:2]
6546011,805,0:29:47,0,[OpportunityCardData_id:14]
6546011,806,0:29:52,0,[OpportunityCardData_id:14,PriorityData_type:3]
6546011,807,0:29:53,0,[OpportunityCardData_id:14]
6546011,808,0:29:55,0,[OpportunityCardData_id:14]
6546011,809,0:29:59,0,[OpportunityCardData_id:14,PriorityData_type:4,false]
6546011,810,0:30:1,0,[OpportunityCardData_id:14,PriorityData_type:2,15,PriorityData_type:4,10]
6546011,814,0:30:21,0,[2]
6546011,815,0:30:21,0,2,OpportunityCardData_id:13
6546011,815,0:30:22,0,2,OpportunityCardData_id:15
6546011,815,0:30:24,0,2,OpportunityCardData_id:16
6546011,816,0:30:25,0,2,OpportunityCardData_id:16
6546011,803,0:30:26,0,[OpportunityCardData_id:16,OpportunityCardConsequencesData_logId:0]
6546011,803,0:30:26,0,[OpportunityCardData_id:16,OpportunityCardConsequencesData_logId:1]
6546011,805,0:30:27,0,[OpportunityCardData_id:16]
6546011,806,0:30:28,0,[OpportunityCardData_id:16,PriorityData_type:5]
6546011,807,0:30:29,0,[OpportunityCardData_id:16]
6546011,808,0:30:31,0,[OpportunityCardData_id:16]
6546011,809,0:30:37,0,[OpportunityCardData_id:16,Safe,false]
6546011,810,0:30:38,0,[OpportunityCardData_id:16,PriorityData_type:2,5,Safe,Safe]
6546011,814,0:30:43,0,[4]
6546011,815,0:30:43,0,4,OpportunityCardData_id:22
6546011,816,0:30:44,0,4,OpportunityCardData_id:22
6546011,803,0:30:45,0,[OpportunityCardData_id:22,OpportunityCardConsequencesData_logId:0]
6546011,803,0:30:45,0,[OpportunityCardData_id:22,OpportunityCardConsequencesData_logId:1]
6546011,805,0:30:45,0,[OpportunityCardData_id:22]
6546011,806,0:30:47,0,[OpportunityCardData_id:22,PriorityData_type:3]
6546011,807,0:30:48,0,[OpportunityCardData_id:22]
6546011,808,0:30:51,0,[OpportunityCardData_id:22]
6546011,809,0:30:54,0,[OpportunityCardData_id:22,PriorityData_type:2,false]
6546011,810,0:30:55,0,[OpportunityCardData_id:22,PriorityData_type:4,15,PriorityData_type:2,15]
6546011,814,0:31:2,0,[4]
6546011,815,0:31:2,0,4,OpportunityCardData_id:26
6546011,815,0:31:3,0,4,OpportunityCardData_id:27
6546011,816,0:31:4,0,4,OpportunityCardData_id:27
6546011,803,0:31:5,0,[OpportunityCardData_id:27,OpportunityCardConsequencesData_logId:2]
6546011,803,0:31:6,0,[OpportunityCardData_id:27,OpportunityCardConsequencesData_logId:1]
6546011,803,0:31:6,0,[OpportunityCardData_id:27,OpportunityCardConsequencesData_logId:0]
6546011,805,0:31:6,0,[OpportunityCardData_id:27]
6546011,806,0:31:7,0,[OpportunityCardData_id:27,PriorityData_type:2]
6546011,807,0:31:9,0,[OpportunityCardData_id:27]
6546011,808,0:31:10,0,[OpportunityCardData_id:27]
6546011,809,0:31:14,0,[OpportunityCardData_id:27,Safe,false]
6546011,810,0:31:17,0,[OpportunityCardData_id:27,PriorityData_type:4,15,Safe,Safe]
6546011,814,0:31:23,0,[2]
6546011,815,0:31:23,0,2,OpportunityCardData_id:13
6546011,815,0:31:24,0,2,OpportunityCardData_id:15
6546011,816,0:31:25,0,2,OpportunityCardData_id:15
6546011,803,0:31:26,0,[OpportunityCardData_id:15,OpportunityCardConsequencesData_logId:0]
6546011,803,0:31:26,0,[OpportunityCardData_id:15,OpportunityCardConsequencesData_logId:1]
6546011,805,0:31:27,0,[OpportunityCardData_id:15]
6546011,807,0:31:36,0,[OpportunityCardData_id:15]
6546011,808,0:31:39,0,[OpportunityCardData_id:15]
6546011,809,0:31:43,0,[OpportunityCardData_id:15,Safe,false]
6546011,810,0:31:44,0,[OpportunityCardData_id:15,PriorityData_type:2,15,Safe,Safe]
6546011,814,0:32:1,0,[4]
6546011,815,0:32:1,0,4,OpportunityCardData_id:26
6546011,816,0:32:2,0,4,OpportunityCardData_id:26
6546011,803,0:32:4,0,[OpportunityCardData_id:26,OpportunityCardConsequencesData_logId:1]
6546011,803,0:32:5,0,[OpportunityCardData_id:26,OpportunityCardConsequencesData_logId:2]
6546011,803,0:32:5,0,[OpportunityCardData_id:26,OpportunityCardConsequencesData_logId:0]
6546011,805,0:32:6,0,[OpportunityCardData_id:26]
6546011,806,0:32:9,0,[OpportunityCardData_id:26,PriorityData_type:0]
6546011,807,0:32:11,0,[OpportunityCardData_id:26]
6546011,808,0:32:13,0,[OpportunityCardData_id:26]
6546011,809,0:32:17,0,[OpportunityCardData_id:26,PriorityData_type:2,false]
6546011,810,0:32:18,0,[OpportunityCardData_id:26,PriorityData_type:4,15,PriorityData_type:2,10]
6546011,811,0:32:29,0,[OpportunityCardData_id:26,PriorityData_type:2,80,70,PriorityData_type:4,70,80]
6546011,1005,0:32:29,0,[1,1,2]
6546011,1001,0:32:32,0,[]
6546011,1003,0:32:32,1
6546011,1004,0:32:34,0
6546011,1002,0:32:41,0
6546011,1003,0:32:41,1
6546011,1004,0:32:43,0
6546011,1002,0:32:49,0
6546011,1003,0:32:49,1
6546011,100,0:32:57,0
6546011,102,0:33:5,0
6546011,200,0:33:5,0,0,2,0,0,6
6546011,219,0:33:5,0
6546011,216,0:33:7,Stack_G7a0
6546011,217,0:33:15,Stack_G7a0,8.3,24
6546011,218,0:33:17,0
6546011,207,0:33:22,0,-200,-260
6546011,210,0:33:22,1153,348
6546011,211,0:33:23,819,359
6546011,213,0:33:23,0,c_teacherEng_G7a0,false
6546011,207,0:33:30,0,-260,-290
6546011,210,0:33:30,1181,432
6546011,211,0:33:31,1001,549
6546011,213,0:33:31,0,c_bestFriend_F_a_G7a0,false
6546011,210,0:33:35,966,296
6546011,211,0:33:38,1228,298
6546011,213,0:33:38,0,s_doorClassroom_G7a0,true
6546011,210,0:33:43,1210,417
6546011,207,0:33:44,0,-290,-518.45
6546011,211,0:33:45,1480,530
6546011,213,0:33:45,0,c_friend1_F_a_G7a0,true
6546011,210,0:33:53,916,471
6546011,211,0:33:53,819,425
6546011,213,0:33:53,0,c_teacherEng_G7a0,false
6546011,210,0:33:57,853,476
6546011,207,0:33:58,0,-518.45,-233.45
6546011,207,0:34:0,0,-233.45,0
6546011,211,0:34:1,234,487
6546011,210,0:34:2,216,434
6546011,211,0:34:3,222,459
6546011,213,0:34:3,0,c_crewKid1_F_G7a0,true
6546011,212,0:34:6,1
6546011,210,0:34:7,842,414
6546011,207,0:34:8,0,0,-180
6546011,207,0:34:9,0,-180,-450
6546011,207,0:34:10,0,-450,-518.45
6546011,211,0:34:13,684,582
6546011,213,0:34:13,0,s_otherStudent1_G7a0,true
6546011,210,0:34:17,762,547
6546011,207,0:34:20,0,-518.45,-158.45
6546011,207,0:34:21,0,-158.45,0
6546011,211,0:34:22,213,465
6546011,213,0:34:22,0,c_crewKid1_F_G7a0,true
6546011,212,0:34:25,2
6546011,210,0:34:25,831,392
6546011,211,0:34:26,815,372
6546011,213,0:34:26,0,c_teacherEng_G7a0,false
6546011,1003,0:34:33,2
6546011,1004,0:34:35,0
6546011,900,0:34:36,0,[]
6546011,901,0:34:39,0,[PeopleData_id:1]
6546011,901,0:34:39,0,[PeopleData_id:3]
6546011,902,0:34:41,0,[PeopleData_id:3,PeopleData_data2Type]
6546011,903,0:34:54,0,[PeopleData_id3,PeopleData_data2Type]
6546011,902,0:34:56,0,[PeopleData_id:3,PeopleData_data0Type]
6546011,903,0:35:1,0,[PeopleData_id3,PeopleData_data0Type]
6546011,902,0:35:2,0,[PeopleData_id:3,PeopleData_data1Type]
6546011,903,0:35:6,0,[PeopleData_id3,PeopleData_data1Type]
6546011,901,0:35:10,0,[PeopleData_id:1]
6546011,902,0:35:12,0,[PeopleData_id:1,PeopleData_data0Type]
6546011,902,0:35:19,0,[PeopleData_id:1,PeopleData_data1Type]
6546011,902,0:35:23,0,[PeopleData_id:1,PeopleData_data2Type]
6546011,903,0:35:30,0,[PeopleData_id1,PeopleData_data2Type]
6546011,901,0:35:31,0,[PeopleData_id:0]
6546011,902,0:35:34,0,[PeopleData_id:0,PeopleData_data3Type]
6546011,902,0:35:39,0,[PeopleData_id:0,PeopleData_data2Type]
6546011,902,0:35:42,0,[PeopleData_id:0,PeopleData_data1Type]
6546011,902,0:35:46,0,[PeopleData_id:0,PeopleData_data1Type]
6546011,902,0:35:46,0,[PeopleData_id:0,PeopleData_data0Type]
6546011,903,0:35:51,0,[PeopleData_id0,PeopleData_data0Type]
6546011,901,0:35:53,0,[PeopleData_id:4]
6546011,902,0:35:54,0,[PeopleData_id:4,PeopleData_data0Type]
6546011,902,0:35:57,0,[PeopleData_id:4,PeopleData_data1Type]
6546011,902,0:36:1,0,[PeopleData_id:4,PeopleData_data1Type]
6546011,902,0:36:1,0,[PeopleData_id:4,PeopleData_data2Type]
6546011,902,0:36:3,0,[PeopleData_id:4,PeopleData_data2Type]
6546011,902,0:36:7,0,[PeopleData_id:4,PeopleData_data3Type]
6546011,903,0:36:23,0,[PeopleData_id4,PeopleData_data3Type]
6546011,901,0:36:24,0,[PeopleData_id:2]
6546011,902,0:36:26,0,[PeopleData_id:2,PeopleData_data3Type]
6546011,902,0:36:29,0,[PeopleData_id:2,PeopleData_data2Type]
6546011,902,0:36:32,0,[PeopleData_id:2,PeopleData_data1Type]
6546011,902,0:36:36,0,[PeopleData_id:2,PeopleData_data1Type]
6546011,902,0:36:37,0,[PeopleData_id:2,PeopleData_data0Type]
6546011,902,0:36:38,0,[PeopleData_id:2,PeopleData_data0Type]
6546011,902,0:36:39,0,[PeopleData_id:2,PeopleData_data1Type]
6546011,903,0:36:42,0,[PeopleData_id2,PeopleData_data1Type]
6546011,902,0:36:48,0,[PeopleData_id:2,PeopleData_data3Type]
6546011,903,0:36:50,0,[PeopleData_id2,PeopleData_data3Type]
6546011,901,0:36:52,0,[PeopleData_id:1]
6546011,902,0:36:54,0,[PeopleData_id:1,PeopleData_data3Type]
6546011,903,0:36:58,0,[PeopleData_id1,PeopleData_data3Type]
6546011,901,0:36:59,0,[PeopleData_id:3]
6546011,901,0:37:0,0,[PeopleData_id:1]
6546011,901,0:37:3,0,[PeopleData_id:3]
6546011,901,0:37:4,0,[PeopleData_id:0]
6546011,901,0:37:6,0,[PeopleData_id:4]
6546011,901,0:37:7,0,[PeopleData_id:2]
6546011,1002,0:37:13,0
6546011,1003,0:37:13,2
6546011,207,0:37:20,0,-200,-260
6546011,210,0:37:20,1180,238
6546011,207,0:37:21,0,-260,-365
6546011,211,0:37:21,1431,541
6546011,207,0:37:21,0,-365,-425
6546011,210,0:37:22,1495,447
6546011,207,0:37:22,0,-425,-518.45
6546011,211,0:37:23,1522,387
6546011,210,0:37:24,1465,228
6546011,211,0:37:25,1452,539
6546011,213,0:37:25,0,c_friend1_F_a_G7a0,true
6546011,210,0:37:30,1139,386
6546011,211,0:37:31,889,155
6546011,213,0:37:31,0,s_poePoster_gen,true
6546011,210,0:37:34,927,97
6546011,211,0:37:37,704,137
6546011,213,0:37:37,0,s_angelouPoster_gen,true
6546011,210,0:37:41,902,203
6546011,207,0:37:43,0,-518.45,-293.45
6546011,211,0:37:45,267,447
6546011,207,0:37:45,0,-293.45,-248.45
6546011,207,0:37:46,0,-248.45,-188.45
6546011,210,0:37:46,315,390
6546011,207,0:37:47,0,-188.45,0
6546011,207,0:37:50,0,0,-150
6546011,207,0:37:51,0,-150,-360
6546011,211,0:37:51,1303,553
6546011,212,0:37:52,0
6546011,210,0:37:53,1276,317
6546011,207,0:37:54,0,-360,-518.45
6546011,211,0:38:0,1219,171
6546011,213,0:38:0,0,s_clock_G7a0,true
6546011,219,0:38:14,0
6546011,216,0:38:15,Stack_G7a1N
6546011,217,0:38:19,Stack_G7a1N,2.2,17
6546011,218,0:38:20,0
6546011,210,0:38:22,1094,528
6546011,207,0:38:24,0,-400,-460
6546011,211,0:38:24,1218,472
6546011,213,0:38:24,0,s_otherStudent2_G7a1N,true
6546011,207,0:38:27,0,-460,-518.45
6546011,210,0:38:27,1474,520
6546011,211,0:38:32,656,578
6546011,213,0:38:32,0,s_otherStudent1_G7a1N,true
6546011,210,0:38:36,901,513
6546011,211,0:38:37,514,585
6546011,207,0:38:37,0,-518.45,-473.45
6546011,207,0:38:38,0,-473.45,-413.45
6546011,210,0:38:38,496,515
6546011,207,0:38:39,0,-413.45,-173.45
6546011,207,0:38:41,0,-173.45,0
6546011,211,0:38:43,3,552
6546011,210,0:38:43,91,442
6546011,211,0:38:44,220,463
6546011,213,0:38:44,0,c_crewKid1_F_G7a1N,true
6546011,210,0:38:48,656,157
6546011,211,0:38:51,873,621
6546011,212,0:38:53,1
6546011,212,0:38:53,2
6546011,212,0:38:54,1
6546011,210,0:38:54,877,385
6546011,211,0:38:55,667,550
6546011,213,0:38:55,0,s_otherStudent1_G7a1N,true
6546011,210,0:38:58,594,407
6546011,211,0:38:58,952,515
6546011,212,0:38:59,2
6546011,210,0:39:0,543,481
6546011,211,0:39:1,793,567
6546011,213,0:39:1,0,c_teacherEng_G7a1N,false
6546011,210,0:39:7,1067,532
6546011,211,0:39:7,1113,526
6546011,207,0:39:7,0,0,-90
6546011,207,0:39:7,0,-90,-150
6546011,210,0:39:7,1103,438
6546011,207,0:39:8,0,-150,-270
6546011,207,0:39:8,0,-270,-435
6546011,207,0:39:12,0,-435,-518.45
6546011,211,0:39:12,1540,553
6546011,210,0:39:12,1423,558
6546011,211,0:39:14,1199,496
6546011,213,0:39:14,0,s_otherStudent2_G7a1N,true
6546011,210,0:39:17,1143,285
6546011,211,0:39:21,1540,379
6546011,210,0:39:21,1484,267
6546011,211,0:39:23,1507,-22
6546011,210,0:39:24,1476,141
6546011,211,0:39:29,864,454
6546011,213,0:39:29,0,c_teacherEng_G7a1N,false
6546011,210,0:40:8,961,362
6546011,211,0:40:10,797,683
6546011,213,0:40:10,0,c_teacherEng_G7a1N,false
6546011,221,0:40:17,0
6546011,300,0:40:21
6546011,220,0:40:21,0
6546011,103,0:42:37
6546011,105,0:42:42
6546011,703,0:42:44,[|| EpilogueItem ID: 0 unlocked: false ||,|| EpilogueItem ID: 1 unlocked: false ||,|| EpilogueItem ID: 2 unlocked: false ||,|| EpilogueItem ID: 3 unlocked: false ||,|| EpilogueItem ID: 4 unlocked: false ||,|| EpilogueItem ID: 5 unlocked: false ||,|| EpilogueItem ID: 6 unlocked: false ||,|| EpilogueItem ID: 7 unlocked: false ||,|| EpilogueItem ID: 8 unlocked: false ||,|| EpilogueItem ID: 9 unlocked: false ||,|| EpilogueItem ID: 10 unlocked: false ||,|| EpilogueItem ID: 11 unlocked: false ||,|| EpilogueItem ID: 12 unlocked: false ||,|| EpilogueItem ID: 13 unlocked: false ||,|| EpilogueItem ID: 14 unlocked: false ||,|| EpilogueItem ID: 15 unlocked: false ||,|| EpilogueItem ID: 16 unlocked: false ||,|| EpilogueItem ID: 17 unlocked: false ||,|| EpilogueItem ID: 18 unlocked: false ||,|| EpilogueItem ID: 19 unlocked: false ||,|| EpilogueItem ID: 20 unlocked: false ||,|| EpilogueItem ID: 21 unlocked: false ||,|| EpilogueItem ID: 22 unlocked: false ||,|| EpilogueItem ID: 23 unlocked: false ||,|| EpilogueItem ID: 24 unlocked: false ||],0
6546011,706,0:42:52,(x=1299, y=-100, w=1024, h=768),(x=1298, y=-100, w=1024, h=768)
6546011,706,0:42:54,(x=1503, y=-100, w=1024, h=768),(x=1522, y=-100, w=1024, h=768)
6546011,704,0:42:54,19
6546011,706,0:42:54,(x=1503, y=-100, w=1024, h=768),(x=1522, y=-100, w=1024, h=768)
6546011,705,0:42:57,19,true
6546011,706,0:43:2,(x=1725, y=-100, w=1024, h=768),(x=2531, y=-100, w=1024, h=768)
6546011,706,0:43:2,(x=1725, y=-100, w=1024, h=768),(x=2531, y=-100, w=1024, h=768)
6546011,706,0:43:2,(x=1725, y=-100, w=1024, h=768),(x=2531, y=-100, w=1024, h=768)
6546011,706,0:43:2,(x=1725, y=-100, w=1024, h=768),(x=2531, y=-100, w=1024, h=768)
6546011,706,0:43:3,(x=2531, y=-100, w=1024, h=768),(x=2531, y=-100, w=1024, h=768)
6546011,708,0:43:3
6546011,1,0:43:3,7/3/2013 2:47:11pm,{"gameTime":2583333,"challengeStacks":[{"challengeScenes":[{"miniGameCards":[],"viewedAnimatic":true,"keyPoints":[],"unlocked":true,"touchableObjects":["s_doorClassroom_G7a0","c_friend1_F_a_G7a0","c_crewKid1_F_G7a0","s_otherStudent1_G7a0","s_poePoster_gen","s_angelouPoster_gen","s_clock_G7a0"]},{"miniGameCards":[],"viewedAnimatic":true,"keyPoints":[],"unlocked":true,"touchableObjects":["s_otherStudent2_G7a1N","s_otherStudent1_G7a1N","c_crewKid1_F_G7a1N"]},{"miniGameCards":[],"viewedAnimatic":false,"keyPoints":[],"unlocked":false,"touchableObjects":[]}],"stackSize":3,"resolved":false},{"challengeScenes":[{"miniGameCards":[],"viewedAnimatic":false,"keyPoints":[],"unlocked":false,"touchableObjects":[]},{"miniGameCards":[],"viewedAnimatic":false,"keyPoints":[],"unlocked":false,"touchableObjects":[]},{"miniGameCards":[],"viewedAnimatic":false,"keyPoints":[],"unlocked":false,"touchableObjects":[]},{"miniGameCards":[],"viewedAnimatic":false,"keyPoints":[],"unlocked":false,"touchableObjects":[]},{"miniGameCards":[],"viewedAnimatic":false,"keyPoints":[],"unlocked":false,"touchableObjects":[]}],"stackSize":5,"resolved":false},{"challengeScenes":[{"miniGameCards":[],"viewedAnimatic":false,"keyPoints":[],"unlocked":false,"touchableObjects":[]},{"miniGameCards":[],"viewedAnimatic":false,"keyPoints":[],"unlocked":false,"touchableObjects":[]},{"miniGameCards":[],"viewedAnimatic":false,"keyPoints":[],"unlocked":false,"touchableObjects":[]},{"miniGameCards":[],"viewedAnimatic":false,"keyPoints":[],"unlocked":false,"touchableObjects":[]},{"miniGameCards":[],"viewedAnimatic":false,"keyPoints":[],"unlocked":false,"touchableObjects":[]},{"miniGameCards":[],"viewedAnimatic":false,"keyPoints":[],"unlocked":false,"touchableObjects":[]},{"miniGameCards":[],"viewedAnimatic":false,"keyPoints":[],"unlocked":false,"touchableObjects":[]}],"stackSize":7,"resolved":false},{"challengeScenes":[{"miniGameCards":[],"viewedAnimatic":false,"keyPoints":[],"unlocked":false,"touchableObjects":[]},{"miniGameCards":[],"viewedAnimatic":false,"keyPoints":[],"unlocked":false,"touchableObjects":[]},{"miniGameCards":[],"viewedAnimatic":false,"keyPoints":[],"unlocked":false,"touchableObjects":[]},{"miniGameCards":[],"viewedAnimatic":false,"keyPoints":[],"unlocked":false,"touchableObjects":[]},{"miniGameCards":[],"viewedAnimatic":false,"keyPoints":[],"unlocked":false,"touchableObjects":[]}],"stackSize":5,"resolved":false},{"challengeScenes":[{"miniGameCards":[],"viewedAnimatic":false,"keyPoints":[],"unlocked":false,"touchableObjects":[]},{"miniGameCards":[],"viewedAnimatic":false,"keyPoints":[],"unlocked":false,"touchableObjects":[]},{"miniGameCards":[],"viewedAnimatic":false,"keyPoints":[],"unlocked":false,"touchableObjects":[]},{"miniGameCards":[],"viewedAnimatic":false,"keyPoints":[],"unlocked":false,"touchableObjects":[]},{"miniGameCards":[],"viewedAnimatic":false,"keyPoints":[],"unlocked":false,"touchableObjects":[]}],"stackSize":5,"resolved":false},{"challengeScenes":[{"miniGameCards":[],"viewedAnimatic":false,"keyPoints":[],"unlocked":false,"touchableObjects":[]},{"miniGameCards":[],"viewedAnimatic":false,"keyPoints":[],"unlocked":false,"touchableObjects":[]},{"miniGameCards":[],"viewedAnimatic":false,"keyPoints":[],"unlocked":false,"touchableObjects":[]},{"miniGameCards":[],"viewedAnimatic":false,"keyPoints":[],"unlocked":false,"touchableObjects":[]},{"miniGameCards":[],"viewedAnimatic":false,"keyPoints":[],"unlocked":false,"touchableObjects":[]}],"stackSize":5,"resolved":false},{"challengeScenes":[{"miniGameCards":[],"viewedAnimatic":false,"keyPoints":[],"unlocked":false,"touchableObjects":[]},{"miniGameCards":[],"viewedAnimatic":false,"keyPoints":[],"unlocked":false,"touchableObjects":[]},{"miniGameCards":[],"viewedAnimatic":false,"keyPoints":[],"unlocked":false,"touchableObjects":[]},{"miniGameCards":[],"viewedAnimatic":false,"keyPoints":[],"unlocked":false,"touchableObjects":[]},{"miniGameCards":[],"viewedAnimatic":false,"keyPoints":[],"unlocked":false,"touchableObjects":[]}],"stackSize":5,"resolved":false},{"challengeScenes":[{"miniGameCards":[],"viewedAnimatic":false,"keyPoints":[],"unlocked":false,"touchableObjects":[]},{"miniGameCards":[],"viewedAnimatic":false,"keyPoints":[],"unlocked":false,"touchableObjects":[]},{"miniGameCards":[],"viewedAnimatic":false,"keyPoints":[],"unlocked":false,"touchableObjects":[]},{"miniGameCards":[],"viewedAnimatic":false,"keyPoints":[],"unlocked":false,"touchableObjects":[]},{"miniGameCards":[],"viewedAnimatic":false,"keyPoints":[],"unlocked":false,"touchableObjects":[]}],"stackSize":5,"resolved":false},{"challengeScenes":[{"miniGameCards":[],"viewedAnimatic":false,"keyPoints":[],"unlocked":false,"touchableObjects":[]},{"miniGameCards":[],"viewedAnimatic":false,"keyPoints":[],"unlocked":false,"touchableObjects":[]},{"miniGameCards":[],"viewedAnimatic":false,"keyPoints":[],"unlocked":false,"touchableObjects":[]},{"miniGameCards":[],"viewedAnimatic":false,"keyPoints":[],"unlocked":false,"touchableObjects":[]},{"miniGameCards":[],"viewedAnimatic":false,"keyPoints":[],"unlocked":false,"touchableObjects":[]}],"stackSize":5,"resolved":false},{"challengeScenes":[{"miniGameCards":[],"viewedAnimatic":false,"keyPoints":[],"unlocked":false,"touchableObjects":[]},{"miniGameCards":[],"viewedAnimatic":false,"keyPoints":[],"unlocked":false,"touchableObjects":[]},{"miniGameCards":[],"viewedAnimatic":false,"keyPoints":[],"unlocked":false,"touchableObjects":[]},{"miniGameCards":[],"viewedAnimatic":false,"keyPoints":[],"unlocked":false,"touchableObjects":[]},{"miniGameCards":[],"viewedAnimatic":false,"keyPoints":[],"unlocked":false,"touchableObjects":[]}],"stackSize":5,"resolved":false},{"challengeScenes":[{"miniGameCards":[],"viewedAnimatic":false,"keyPoints":[],"unlocked":false,"touchableObjects":[]},{"miniGameCards":[],"viewedAnimatic":false,"keyPoints":[],"unlocked":false,"touchableObjects":[]},{"miniGameCards":[],"viewedAnimatic":false,"keyPoints":[],"unlocked":false,"touchableObjects":[]},{"miniGameCards":[],"viewedAnimatic":false,"keyPoints":[],"unlocked":false,"touchableObjects":[]},{"miniGameCards":[],"viewedAnimatic":false,"keyPoints":[],"unlocked":false,"touchableObjects":[]}],"stackSize":5,"resolved":false},{"challengeScenes":[{"miniGameCards":[],"viewedAnimatic":false,"keyPoints":[],"unlocked":false,"touchableObjects":[]},{"miniGameCards":[],"viewedAnimatic":false,"keyPoints":[],"unlocked":false,"touchableObjects":[]},{"miniGameCards":[],"viewedAnimatic":false,"keyPoints":[],"unlocked":false,"touchableObjects":[]},{"miniGameCards":[],"viewedAnimatic":false,"keyPoints":[],"unlocked":false,"touchableObjects":[]},{"miniGameCards":[],"viewedAnimatic":false,"keyPoints":[],"unlocked":false,"touchableObjects":[]}],"stackSize":5,"resolved":false},{"challengeScenes":[{"miniGameCards":[],"viewedAnimatic":false,"keyPoints":[],"unlocked":true,"touchableObjects":["c_player_afri_F_a_G0a0","c_family_afri_a_G0a0","c_friends_G0a0"]},{"miniGameCards":[],"viewedAnimatic":false,"keyPoints":["c_job_G0a1N","c_home_G0a1N","c_family_afri_a_G0a1N"],"unlocked":true,"touchableObjects":["c_player_afri_F_a_G0a1N","c_job_G0a1N","c_home_G0a1N","c_family_afri_a_G0a1N"]},{"miniGameCards":[],"viewedAnimatic":false,"keyPoints":["c_grandma_afri_a_G0a1P","c_kidsister_afri_a_G0a1P","c_Teacher_G0a1P","c_mom_afri_a_G0a1P","c_dad_afri_a_G0a1P","c_Nurse_G0a1P"],"unlocked":true,"touchableObjects":["c_friends_G0a1P","c_grandma_afri_a_G0a1P","c_kidsister_afri_a_G0a1P","c_Teacher_G0a1P","c_cousins_F_a_G0a1P","c_mom_afri_a_G0a1P","c_dad_afri_a_G0a1P","c_Nurse_G0a1P"]}],"stackSize":3,"resolved":true}],"sessionId":1,"epilogue":{"rating":0},"playerId":6546011,"session":[{"sceneId":"1P","stackId":12}],"minigames":[{"levelSaveData":[{"starRating":0,"unlocked":true},{"starRating":0,"unlocked":false},{"starRating":0,"unlocked":false},{"starRating":0,"unlocked":false},{"starRating":0,"unlocked":false},{"starRating":0,"unlocked":false},{"starRating":0,"unlocked":false},{"starRating":0,"unlocked":false},{"starRating":0,"unlocked":false},{"starRating":0,"unlocked":false}],"skillPoints":0},{"levelSaveData":[{"starRating":2,"unlocked":true},{"starRating":0,"unlocked":false},{"starRating":0,"unlocked":false},{"starRating":0,"unlocked":false},{"starRating":0,"unlocked":false},{"starRating":0,"unlocked":false},{"starRating":0,"unlocked":false},{"starRating":0,"unlocked":false},{"starRating":0,"unlocked":false},{"starRating":0,"unlocked":false}],"skillPoints":2},{"levelSaveData":[{"starRating":0,"unlocked":true},{"starRating":0,"unlocked":false},{"starRating":0,"unlocked":false},{"starRating":0,"unlocked":false},{"starRating":0,"unlocked":false},{"starRating":0,"unlocked":false},{"starRating":0,"unlocked":false},{"starRating":0,"unlocked":false},{"starRating":0,"unlocked":false},{"starRating":0,"unlocked":false}],"skillPoints":0},{"levelSaveData":[{"starRating":0,"unlocked":false},{"starRating":0,"unlocked":false},{"starRating":0,"unlocked":false},{"starRating":0,"unlocked":false},{"starRating":0,"unlocked":false},{"starRating":0,"unlocked":false},{"starRating":0,"unlocked":false},{"starRating":0,"unlocked":false},{"starRating":0,"unlocked":false},{"starRating":0,"unlocked":false}],"skillPoints":0},{"age":11,"name":"nakia","gender":1,"levelSaveData":[{"starRating":3,"unlocked":true},{"starRating":3,"chunks":[["1"],["6$$crazy","13$$lovable"],["17$$singing","6$$music","12$$dancing"],["1"]],"unlocked":true},{"starRating":0,"chunks":[[null],[null,null],[null,null]],"unlocked":false},{"starRating":0,"chunks":[[null],[null],[null],[null],[null,null],[null]],"unlocked":false},{"starRating":0,"chunks":[[null],[null],[null,null],[null],[null],[null]],"unlocked":false},{"starRating":0,"chunks":[[null],[null,null,null,null],[null],[null]],"unlocked":false},{"starRating":0,"chunks":[[null],[null],[null,null],[null,null],[null]],"unlocked":false},{"starRating":0,"chunks":[[null,null,null],[null,null,null],[null],[null],[null]],"unlocked":false},{"starRating":0,"chunks":[[null,null,null],[null,null,null],[null,null]],"unlocked":false},{"starRating":0,"chunks":[[null],[null],[null],[null],[null],[null]],"unlocked":false}],"visualAvatar":0,"id":0,"skillPoints":6}],"avatar":{"age":11,"name":"nakia","gender":1,"levelSaveData":[{"starRating":3,"unlocked":true},{"starRating":3,"chunks":[["1"],["6$$crazy","13$$lovable"],["17$$singing","6$$music","12$$dancing"],["1"]],"unlocked":true},{"starRating":0,"chunks":[[null],[null,null],[null,null]],"unlocked":false},{"starRating":0,"chunks":[[null],[null],[null],[null],[null,null],[null]],"unlocked":false},{"starRating":0,"chunks":[[null],[null],[null,null],[null],[null],[null]],"unlocked":false},{"starRating":0,"chunks":[[null],[null,null,null,null],[null],[null]],"unlocked":false},{"starRating":0,"chunks":[[null],[null],[null,null],[null,null],[null]],"unlocked":false},{"starRating":0,"chunks":[[null,null,null],[null,null,null],[null],[null],[null]],"unlocked":false},{"starRating":0,"chunks":[[null,null,null],[null,null,null],[null,null]],"unlocked":false},{"starRating":0,"chunks":[[null],[null],[null],[null],[null],[null]],"unlocked":false}],"visualAvatar":0,"id":0,"skillPoints":6}}
