6506002,0,0:0:0,7/1/2013 2:11:30pm
6506002,600,0:0:18,0
6506002,601,0:0:19,1
6506002,602,0:0:22,0,1
6506002,603,0:0:59,2
6506002,604,0:1:2,2,valentina
6506002,605,0:1:16
6506002,212,0:1:34,1
6506002,212,0:1:34,0
6506002,212,0:1:44,2
6506002,210,0:1:45,763,372
6506002,211,0:1:51,857,615
6506002,213,0:1:51,12,c_player_lati_F_a_G0a0,true
6506002,210,0:1:57,971,218
6506002,207,0:1:58,12,0,-555
6506002,211,0:1:59,1194,200
6506002,213,0:1:59,12,c_family_lati_a_G0a0,true
6506002,212,0:2:4,1
6506002,210,0:2:4,1309,364
6506002,211,0:2:5,1233,471
6506002,213,0:2:5,12,c_friends_G0a0,true
6506002,210,0:2:26,897,272
6506002,207,0:2:29,12,0,-300
6506002,211,0:2:30,1128,452
6506002,213,0:2:30,12,c_home_G0a1N,true
6506002,205,0:2:30,12,c_home_G0a1N,false,false
6506002,212,0:2:35,0
6506002,210,0:2:36,821,369
6506002,211,0:2:37,646,186
6506002,213,0:2:37,12,c_job_G0a1N,true
6506002,205,0:2:37,12,c_job_G0a1N,false,false
6506002,212,0:2:42,2
6506002,210,0:2:43,1026,431
6506002,211,0:2:45,1135,189
6506002,213,0:2:45,12,c_family_lati_a_G0a1N,true
6506002,205,0:2:45,12,c_family_lati_a_G0a1N,false,false
6506002,210,0:2:49,261,300
6506002,207,0:2:50,12,-300,-30
6506002,211,0:2:50,105,307
6506002,210,0:2:54,937,348
6506002,211,0:2:55,773,382
6506002,213,0:2:55,12,c_player_lati_F_a_G0a1N,true
6506002,210,0:2:58,944,294
6506002,207,0:2:59,12,-30,-300
6506002,211,0:3:0,1202,304
6506002,213,0:3:0,12,c_family_lati_a_G0a1N,true
6506002,205,0:3:0,12,c_family_lati_a_G0a1N,false,true
6506002,221,0:3:17,12
6506002,220,0:3:20,12
6506002,210,0:3:29,856,405
6506002,207,0:3:31,12,0,-495
6506002,211,0:3:42,1358,692
6506002,213,0:3:42,12,c_friends_G0a1P,true
6506002,212,0:3:47,1
6506002,210,0:3:54,1060,383
6506002,211,0:3:56,1047,418
6506002,213,0:3:56,12,c_friends_G0a1P,true
6506002,210,0:4:2,1219,378
6506002,211,0:4:3,1222,411
6506002,213,0:4:3,12,c_friends_G0a1P,true
6506002,212,0:4:7,0
6506002,210,0:4:10,1273,340
6506002,211,0:4:12,768,357
6506002,213,0:4:12,12,c_cousins_F_a_G0a1P,true
6506002,210,0:4:16,1438,493
6506002,207,0:4:20,12,-495,-1790
6506002,211,0:4:23,2677,185
6506002,210,0:4:24,2679,176
6506002,211,0:4:24,2679,176
6506002,210,0:4:25,2684,173
6506002,211,0:4:30,1754,485
6506002,207,0:4:30,12,-1790,-1730
6506002,207,0:4:30,12,-1730,-1685
6506002,210,0:4:30,1819,470
6506002,207,0:4:32,12,-1685,-1415
6506002,211,0:4:32,1794,486
6506002,210,0:4:36,1508,257
6506002,207,0:4:37,12,-1415,-950
6506002,211,0:4:38,1307,230
6506002,213,0:4:38,12,c_Nurse_G0a1P,true
6506002,205,0:4:39,12,c_Nurse_G0a1P,false,false
6506002,212,0:4:46,1
6506002,210,0:4:48,1228,432
6506002,211,0:4:51,1769,249
6506002,213,0:4:51,12,c_dad_lati_a_G0a1P,true
6506002,205,0:4:51,12,c_dad_lati_a_G0a1P,false,false
6506002,212,0:4:55,2
6506002,210,0:4:57,1838,452
6506002,211,0:4:59,1844,466
6506002,213,0:4:59,12,c_kidsister_lati_a_G0a1P,true
6506002,205,0:4:59,12,c_kidsister_lati_a_G0a1P,false,false
6506002,212,0:5:6,0
6506002,210,0:5:7,1451,472
6506002,211,0:5:13,1295,258
6506002,213,0:5:13,12,c_Nurse_G0a1P,true
6506002,205,0:5:13,12,c_Nurse_G0a1P,false,true
6506002,210,0:5:23,1350,364
6506002,207,0:5:26,12,-950,-290
6506002,207,0:5:34,12,-290,-500
6506002,207,0:5:39,12,-500,-725
6506002,207,0:5:49,12,-725,-950
6506002,207,0:5:51,12,-950,-980
6506002,211,0:5:52,1861,591
6506002,212,0:5:53,2
6506002,210,0:5:55,1828,505
6506002,211,0:5:59,1619,389
6506002,213,0:5:59,12,c_grandma_lati_a_G0a1P,true
6506002,205,0:5:59,12,c_grandma_lati_a_G0a1P,false,false
6506002,212,0:6:5,1
6506002,212,0:6:6,2
6506002,210,0:6:8,1363,251
6506002,211,0:6:9,1397,233
6506002,213,0:6:9,12,c_Teacher_G0a1P,true
6506002,205,0:6:9,12,c_Teacher_G0a1P,false,false
6506002,212,0:6:15,0
6506002,210,0:6:16,1682,517
6506002,211,0:6:19,847,413
6506002,207,0:6:19,12,-980,-830
6506002,207,0:6:20,12,-830,-785
6506002,210,0:6:20,870,418
6506002,211,0:6:21,711,413
6506002,207,0:6:21,12,-785,-695
6506002,207,0:6:22,12,-695,-665
6506002,210,0:6:22,803,408
6506002,207,0:6:23,12,-665,-320
6506002,211,0:6:26,1197,643
6506002,213,0:6:26,12,c_friends_G0a1P,true
6506002,212,0:6:31,1
6506002,210,0:6:32,1270,233
6506002,207,0:6:34,12,-320,-1010
6506002,211,0:6:37,1863,221
6506002,213,0:6:37,12,c_mom_lati_a_G0a1P,true
6506002,205,0:6:37,12,c_mom_lati_a_G0a1P,false,false
6506002,221,0:6:42,12
6506002,300,0:6:49
6506002,220,0:6:49,12
6506002,302,0:7:28,0,1,0,9
6506002,302,0:7:28,0,1,0,7
6506002,302,0:7:30,0,1,0,9
6506002,302,0:7:32,0,1,0,15
6506002,305,0:7:33,0,1,0,-1,
6506002,302,0:8:4,0,1,0,0
6506002,303,0:8:16,0,1,0,0
6506002,304,0:8:21,0,1,0,-1,,0,very nice 
6506002,302,0:8:28,0,1,1,14
6506002,303,0:8:29,0,1,1,14
6506002,304,0:8:33,0,1,1,-1,,14,happy
6506002,302,0:8:52,0,3,0,0
6506002,306,0:8:53,0,0,1
6506002,304,0:8:53,0,3,0,-1,,0,
6506002,302,0:9:11,0,0,0,1
6506002,304,0:9:11,0,0,0,-1,,1,
6506002,302,0:9:24,0,2,0,12
6506002,303,0:9:30,0,2,0,12
6506002,302,0:9:49,0,2,0,14
6506002,302,0:9:50,0,2,0,11
6506002,302,0:9:51,0,2,0,13
6506002,306,0:9:58,0,1,2
6506002,304,0:9:58,0,2,0,-1,,13,working
6506002,302,0:10:2,0,2,1,3
6506002,303,0:10:7,0,2,1,3
6506002,304,0:10:20,0,2,1,-1,,3,vacation
6506002,302,0:10:23,0,2,2,5
6506002,302,0:10:24,0,2,2,8
6506002,302,0:10:24,0,2,2,5
6506002,303,0:10:28,0,2,2,5
6506002,306,0:10:34,0,2,3
6506002,304,0:10:34,0,2,2,-1,,5,love dogs
6506002,221,0:10:43,12
6506002,220,0:10:46,12
6506002,203,0:10:46,12
6506002,100,0:10:55,0
6506002,102,0:10:56,0
6506002,200,0:10:56,0,0,0,0,0,6
6506002,219,0:10:56,0
6506002,216,0:10:58,Stack_G7a0
6506002,217,0:11:31,Stack_G7a0,30,1.4
6506002,218,0:11:35,0
6506002,210,0:11:39,956,477
6506002,211,0:11:40,980,503
6506002,213,0:11:40,0,c_bestFriend_F_a_G7a0,false
6506002,212,0:11:45,1
6506002,210,0:11:47,659,562
6506002,207,0:11:53,0,-200,0
6506002,211,0:11:56,234,477
6506002,213,0:11:56,0,c_crewKid1_F_G7a0,true
6506002,210,0:12:2,413,520
6506002,211,0:12:4,1263,486
6506002,207,0:12:4,0,0,-255
6506002,210,0:12:5,1306,493
6506002,207,0:12:5,0,-255,-345
6506002,207,0:12:8,0,-345,-518.45
6506002,207,0:12:20,0,-518.45,-293.45
6506002,207,0:12:22,0,-293.45,-98.45
6506002,207,0:12:24,0,-98.45,0
6506002,207,0:12:31,0,0,-165
6506002,211,0:12:32,1237,504
6506002,207,0:12:32,0,-165,-240
6506002,210,0:12:32,1309,559
6506002,211,0:12:32,1427,525
6506002,207,0:12:32,0,-240,-405
6506002,207,0:12:33,0,-405,-450
6506002,210,0:12:33,1382,544
6506002,207,0:12:33,0,-450,-518.45
6506002,211,0:12:33,1536,583
6506002,210,0:12:34,1480,557
6506002,211,0:12:35,1403,424
6506002,212,0:12:36,0
6506002,210,0:12:36,1464,530
6506002,211,0:12:41,1241,493
6506002,213,0:12:41,0,s_doorClassroom_G7a0,true
6506002,210,0:12:44,827,330
6506002,211,0:12:49,1097,591
6506002,213,0:12:49,0,s_vocabAssignment_G7a0,true
6506002,210,0:12:58,1537,360
6506002,211,0:12:58,1540,398
6506002,210,0:13:5,988,479
6506002,211,0:13:6,984,510
6506002,212,0:13:7,2
6506002,210,0:13:8,932,516
6506002,211,0:13:9,969,511
6506002,213,0:13:9,0,c_bestFriend_F_a_G7a0,false
6506002,212,0:13:14,0
6506002,210,0:13:15,946,530
6506002,211,0:13:16,992,549
6506002,212,0:13:17,1
6506002,210,0:13:18,963,509
6506002,211,0:13:19,880,442
6506002,210,0:13:19,759,394
6506002,211,0:13:21,821,390
6506002,212,0:13:22,2
6506002,210,0:13:22,825,380
6506002,211,0:13:25,733,520
6506002,210,0:13:25,730,523
6506002,211,0:13:27,866,404
6506002,212,0:13:28,1
6506002,210,0:13:29,822,393
6506002,211,0:13:36,595,149
6506002,213,0:13:36,0,s_atwoodPoster_gen,true
6506002,212,0:13:41,0
6506002,210,0:13:42,1485,286
6506002,211,0:13:53,430,549
6506002,207,0:13:53,0,-518.45,-413.45
6506002,207,0:13:54,0,-413.45,-368.45
6506002,210,0:13:54,458,505
6506002,211,0:13:54,265,415
6506002,207,0:13:54,0,-368.45,-248.45
6506002,207,0:13:55,0,-248.45,-203.45
6506002,210,0:13:55,301,320
6506002,211,0:13:58,163,461
6506002,207,0:13:58,0,-203.45,-143.45
6506002,207,0:13:59,0,-143.45,-98.45
6506002,210,0:13:59,191,471
6506002,207,0:14:0,0,-98.45,0
6506002,211,0:14:0,4,599
6506002,210,0:14:1,65,622
6506002,211,0:14:2,3,579
6506002,210,0:14:3,152,440
6506002,207,0:14:20,0,0,-450
6506002,211,0:14:25,985,546
6506002,210,0:14:26,981,512
6506002,207,0:14:28,0,-450,-518.45
6506002,211,0:14:33,1097,575
6506002,213,0:14:33,0,s_vocabAssignment_G7a0,true
6506002,212,0:14:35,2
6506002,210,0:14:36,924,466
6506002,207,0:14:47,0,-518.45,-38.45
6506002,207,0:14:51,0,-38.45,0
6506002,211,0:14:52,2,629
6506002,210,0:14:52,77,578
6506002,207,0:14:58,0,0,-180
6506002,211,0:15:2,1086,626
6506002,213,0:15:2,0,s_vocabAssignment_G7a0,true
6506002,212,0:15:5,1
6506002,210,0:15:7,695,230
6506002,211,0:15:9,609,139
6506002,213,0:15:9,0,s_atwoodPoster_gen,true
6506002,221,0:15:18,0
6506002,220,0:15:23,0
6506002,212,0:15:25,0
6506002,210,0:15:27,803,288
6506002,211,0:15:31,1238,414
6506002,207,0:15:31,0,-180,-240
6506002,207,0:15:31,0,-240,-300
6506002,210,0:15:31,1251,346
6506002,211,0:15:32,1188,481
6506002,212,0:15:33,2
6506002,210,0:15:34,799,329
6506002,211,0:15:36,831,368
6506002,213,0:15:36,0,c_teacherEng_G7a0,false
6506002,212,0:15:40,0
6506002,210,0:15:41,797,378
6506002,207,0:15:46,0,-300,-345
6506002,207,0:15:47,0,-345,-518.45
6506002,211,0:15:57,431,525
6506002,207,0:15:57,0,-518.45,-413.45
6506002,207,0:15:58,0,-413.45,-383.45
6506002,210,0:15:58,594,495
6506002,207,0:15:59,0,-383.45,-98.45
6506002,207,0:16:0,0,-98.45,0
6506002,211,0:16:3,294,617
6506002,210,0:16:20,834,358
6506002,211,0:16:22,958,443
6506002,207,0:16:22,0,0,-15
6506002,212,0:16:23,2
6506002,212,0:16:24,1
6506002,210,0:16:25,659,541
6506002,211,0:16:27,674,568
6506002,213,0:16:27,0,s_otherStudent1_G7a0,true
6506002,210,0:16:32,622,494
6506002,211,0:16:36,261,131
6506002,213,0:16:36,0,s_flag_gen,false
6506002,1003,0:16:42,1
6506002,1004,0:16:44,0
6506002,800,0:16:47,0,[]
6506002,801,0:16:49,0,[]
6506002,814,0:16:52,0,[0]
6506002,815,0:16:52,0,0,OpportunityCardData_id:0
6506002,815,0:17:1,0,0,OpportunityCardData_id:1
6506002,815,0:17:5,0,0,OpportunityCardData_id:2
6506002,815,0:17:8,0,0,OpportunityCardData_id:3
6506002,815,0:17:9,0,0,OpportunityCardData_id:4
6506002,815,0:17:12,0,0,OpportunityCardData_id:5
6506002,815,0:17:13,0,0,OpportunityCardData_id:6
6506002,815,0:17:14,0,0,OpportunityCardData_id:0
6506002,815,0:17:16,0,0,OpportunityCardData_id:1
6506002,816,0:17:20,0,0,OpportunityCardData_id:1
6506002,805,0:17:23,0,[OpportunityCardData_id:1]
6506002,807,0:17:26,0,[OpportunityCardData_id:1]
6506002,808,0:17:30,0,[OpportunityCardData_id:1]
6506002,809,0:17:43,0,[OpportunityCardData_id:1,PriorityData_type:3,false]
6506002,810,0:17:50,0,[OpportunityCardData_id:1,PriorityData_type:0,15,PriorityData_type:3,5]
6506002,814,0:17:57,0,[4]
6506002,815,0:17:57,0,4,OpportunityCardData_id:22
6506002,815,0:18:0,0,4,OpportunityCardData_id:26
6506002,815,0:18:2,0,4,OpportunityCardData_id:27
6506002,815,0:18:3,0,4,OpportunityCardData_id:28
6506002,815,0:18:5,0,4,OpportunityCardData_id:29
6506002,815,0:18:6,0,4,OpportunityCardData_id:30
6506002,815,0:18:10,0,4,OpportunityCardData_id:31
6506002,815,0:18:11,0,4,OpportunityCardData_id:22
6506002,817,0:18:12,0,4
6506002,814,0:18:13,0,[5]
6506002,815,0:18:13,0,5,OpportunityCardData_id:32
6506002,816,0:18:17,0,5,OpportunityCardData_id:32
6506002,805,0:18:18,0,[OpportunityCardData_id:32]
6506002,807,0:18:20,0,[OpportunityCardData_id:32]
6506002,808,0:18:23,0,[OpportunityCardData_id:32]
6506002,809,0:18:29,0,[OpportunityCardData_id:32,PriorityData_type:4,false]
6506002,810,0:18:31,0,[OpportunityCardData_id:32,PriorityData_type:5,20,PriorityData_type:4,5]
6506002,814,0:18:39,0,[1]
6506002,815,0:18:39,0,1,OpportunityCardData_id:7
6506002,815,0:18:42,0,1,OpportunityCardData_id:8
6506002,815,0:18:44,0,1,OpportunityCardData_id:9
6506002,815,0:18:46,0,1,OpportunityCardData_id:10
6506002,815,0:18:48,0,1,OpportunityCardData_id:11
6506002,815,0:18:49,0,1,OpportunityCardData_id:12
6506002,815,0:18:50,0,1,OpportunityCardData_id:7
6506002,815,0:18:52,0,1,OpportunityCardData_id:8
6506002,816,0:18:55,0,1,OpportunityCardData_id:8
6506002,805,0:18:56,0,[OpportunityCardData_id:8]
6506002,807,0:18:57,0,[OpportunityCardData_id:8]
6506002,808,0:19:0,0,[OpportunityCardData_id:8]
6506002,809,0:19:5,0,[OpportunityCardData_id:8,PriorityData_type:0,false]
6506002,810,0:19:7,0,[OpportunityCardData_id:8,PriorityData_type:1,20,PriorityData_type:0,25]
6506002,814,0:19:13,0,[0]
6506002,815,0:19:13,0,0,OpportunityCardData_id:0
6506002,817,0:19:14,0,0
6506002,1002,0:19:15,0
6506002,1003,0:19:15,1
6506002,1004,0:19:18,0
6506002,800,0:19:19,0,[]
6506002,801,0:19:20,0,[]
6506002,814,0:19:28,0,[3]
6506002,815,0:19:28,0,3,OpportunityCardData_id:19
6506002,815,0:19:31,0,3,OpportunityCardData_id:20
6506002,815,0:19:33,0,3,OpportunityCardData_id:21
6506002,815,0:19:35,0,3,OpportunityCardData_id:23
6506002,816,0:19:39,0,3,OpportunityCardData_id:23
6506002,804,0:19:41,0,[OpportunityCardData_id:23]
6506002,814,0:19:43,0,[3]
6506002,815,0:19:43,0,3,OpportunityCardData_id:19
6506002,815,0:19:44,0,3,OpportunityCardData_id:20
6506002,815,0:19:45,0,3,OpportunityCardData_id:21
6506002,815,0:19:46,0,3,OpportunityCardData_id:24
6506002,815,0:19:47,0,3,OpportunityCardData_id:25
6506002,815,0:19:47,0,3,OpportunityCardData_id:19
6506002,815,0:19:51,0,3,OpportunityCardData_id:20
6506002,815,0:19:52,0,3,OpportunityCardData_id:21
6506002,815,0:19:53,0,3,OpportunityCardData_id:24
6506002,815,0:19:55,0,3,OpportunityCardData_id:25
6506002,815,0:19:59,0,3,OpportunityCardData_id:19
6506002,815,0:20:2,0,3,OpportunityCardData_id:20
6506002,815,0:20:7,0,3,OpportunityCardData_id:21
6506002,815,0:20:11,0,3,OpportunityCardData_id:24
6506002,815,0:20:16,0,3,OpportunityCardData_id:25
6506002,815,0:20:17,0,3,OpportunityCardData_id:19
6506002,815,0:20:18,0,3,OpportunityCardData_id:20
6506002,815,0:20:19,0,3,OpportunityCardData_id:21
6506002,815,0:20:21,0,3,OpportunityCardData_id:24
6506002,815,0:20:22,0,3,OpportunityCardData_id:25
6506002,815,0:20:23,0,3,OpportunityCardData_id:19
6506002,815,0:20:24,0,3,OpportunityCardData_id:20
6506002,815,0:20:28,0,3,OpportunityCardData_id:21
6506002,815,0:20:29,0,3,OpportunityCardData_id:24
6506002,815,0:20:31,0,3,OpportunityCardData_id:25
6506002,815,0:20:32,0,3,OpportunityCardData_id:19
6506002,815,0:20:33,0,3,OpportunityCardData_id:20
6506002,815,0:20:33,0,3,OpportunityCardData_id:21
6506002,815,0:20:36,0,3,OpportunityCardData_id:20
6506002,817,0:20:37,0,3
6506002,814,0:20:38,0,[2]
6506002,815,0:20:38,0,2,OpportunityCardData_id:13
6506002,816,0:20:42,0,2,OpportunityCardData_id:13
6506002,805,0:20:43,0,[OpportunityCardData_id:13]
6506002,807,0:20:44,0,[OpportunityCardData_id:13]
6506002,808,0:20:46,0,[OpportunityCardData_id:13]
6506002,809,0:20:52,0,[OpportunityCardData_id:13,PriorityData_type:3,false]
6506002,810,0:20:53,0,[OpportunityCardData_id:13,PriorityData_type:2,15,PriorityData_type:3,10]
6506002,814,0:21:24,0,[4]
6506002,815,0:21:24,0,4,OpportunityCardData_id:22
6506002,815,0:21:27,0,4,OpportunityCardData_id:26
6506002,815,0:21:28,0,4,OpportunityCardData_id:27
6506002,815,0:21:30,0,4,OpportunityCardData_id:26
6506002,815,0:21:37,0,4,OpportunityCardData_id:27
6506002,815,0:21:41,0,4,OpportunityCardData_id:28
6506002,815,0:21:44,0,4,OpportunityCardData_id:29
6506002,815,0:21:46,0,4,OpportunityCardData_id:30
6506002,815,0:21:51,0,4,OpportunityCardData_id:31
6506002,815,0:21:51,0,4,OpportunityCardData_id:22
6506002,815,0:21:53,0,4,OpportunityCardData_id:26
6506002,815,0:21:53,0,4,OpportunityCardData_id:27
6506002,815,0:21:57,0,4,OpportunityCardData_id:28
6506002,815,0:21:58,0,4,OpportunityCardData_id:29
6506002,815,0:22:0,0,4,OpportunityCardData_id:30
6506002,815,0:22:1,0,4,OpportunityCardData_id:31
6506002,815,0:22:3,0,4,OpportunityCardData_id:22
6506002,815,0:22:3,0,4,OpportunityCardData_id:26
6506002,815,0:22:6,0,4,OpportunityCardData_id:22
6506002,815,0:22:9,0,4,OpportunityCardData_id:26
6506002,815,0:22:10,0,4,OpportunityCardData_id:27
6506002,816,0:22:17,0,4,OpportunityCardData_id:27
6506002,803,0:22:21,0,[OpportunityCardData_id:27,OpportunityCardConsequencesData_logId:0]
6506002,803,0:22:26,0,[OpportunityCardData_id:27,OpportunityCardConsequencesData_logId:1]
6506002,803,0:22:28,0,[OpportunityCardData_id:27,OpportunityCardConsequencesData_logId:2]
6506002,805,0:22:52,0,[OpportunityCardData_id:27]
6506002,806,0:23:16,0,[OpportunityCardData_id:27,PriorityData_type:2]
6506002,807,0:23:20,0,[OpportunityCardData_id:27]
6506002,808,0:23:24,0,[OpportunityCardData_id:27]
6506002,809,0:23:31,0,[OpportunityCardData_id:27,PriorityData_type:5,false]
6506002,810,0:23:36,0,[OpportunityCardData_id:27,PriorityData_type:4,15,PriorityData_type:5,15]
6506002,814,0:23:55,0,[4]
6506002,815,0:23:55,0,4,OpportunityCardData_id:22
6506002,816,0:23:59,0,4,OpportunityCardData_id:22
6506002,803,0:24:0,0,[OpportunityCardData_id:22,OpportunityCardConsequencesData_logId:0]
6506002,803,0:24:1,0,[OpportunityCardData_id:22,OpportunityCardConsequencesData_logId:1]
6506002,805,0:24:4,0,[OpportunityCardData_id:22]
6506002,806,0:24:7,0,[OpportunityCardData_id:22,PriorityData_type:2]
6506002,807,0:24:8,0,[OpportunityCardData_id:22]
6506002,808,0:24:9,0,[OpportunityCardData_id:22]
6506002,809,0:24:16,0,[OpportunityCardData_id:22,Safe,false]
6506002,810,0:24:22,0,[OpportunityCardData_id:22,PriorityData_type:4,15,Safe,Safe]
6506002,818,0:24:24,0,4
6506002,811,0:24:25,0,[OpportunityCardData_id:22,PriorityData_type:2,80,85,PriorityData_type:4,70,75]
6506002,1005,0:24:25,0,[1,0,3]
6506002,1000,0:24:28,0,[]
6506002,800,0:24:29,0,[]
6506002,801,0:24:30,0,[]
6506002,814,0:24:31,0,[4]
6506002,815,0:24:31,0,4,OpportunityCardData_id:22
6506002,816,0:24:32,0,4,OpportunityCardData_id:22
6506002,804,0:24:35,0,[OpportunityCardData_id:22]
6506002,814,0:24:36,0,[4]
6506002,815,0:24:36,0,4,OpportunityCardData_id:26
6506002,815,0:24:37,0,4,OpportunityCardData_id:27
6506002,816,0:24:39,0,4,OpportunityCardData_id:27
6506002,803,0:24:40,0,[OpportunityCardData_id:27,OpportunityCardConsequencesData_logId:0]
6506002,803,0:24:40,0,[OpportunityCardData_id:27,OpportunityCardConsequencesData_logId:1]
6506002,803,0:24:41,0,[OpportunityCardData_id:27,OpportunityCardConsequencesData_logId:2]
6506002,805,0:24:44,0,[OpportunityCardData_id:27]
6506002,806,0:24:45,0,[OpportunityCardData_id:27,PriorityData_type:2]
6506002,807,0:24:46,0,[OpportunityCardData_id:27]
6506002,808,0:24:48,0,[OpportunityCardData_id:27]
6506002,809,0:24:53,0,[OpportunityCardData_id:27,PriorityData_type:5,false]
6506002,810,0:25:6,0,[OpportunityCardData_id:27,PriorityData_type:4,15,PriorityData_type:5,15]
6506002,814,0:25:8,0,[4]
6506002,815,0:25:8,0,4,OpportunityCardData_id:26
6506002,817,0:25:9,0,4
6506002,814,0:25:11,0,[2]
6506002,815,0:25:11,0,2,OpportunityCardData_id:13
6506002,816,0:25:13,0,2,OpportunityCardData_id:13
6506002,803,0:25:14,0,[OpportunityCardData_id:13,OpportunityCardConsequencesData_logId:0]
6506002,803,0:25:18,0,[OpportunityCardData_id:13,OpportunityCardConsequencesData_logId:1]
6506002,803,0:25:21,0,[OpportunityCardData_id:13,OpportunityCardConsequencesData_logId:2]
6506002,805,0:25:22,0,[OpportunityCardData_id:13]
6506002,806,0:25:29,0,[OpportunityCardData_id:13,PriorityData_type:4]
6506002,807,0:25:30,0,[OpportunityCardData_id:13]
6506002,808,0:25:32,0,[OpportunityCardData_id:13]
6506002,809,0:25:39,0,[OpportunityCardData_id:13,Safe,false]
6506002,810,0:25:42,0,[OpportunityCardData_id:13,PriorityData_type:2,15,Safe,Safe]
6506002,814,0:25:46,0,[4]
6506002,815,0:25:46,0,4,OpportunityCardData_id:26
6506002,815,0:25:48,0,4,OpportunityCardData_id:28
6506002,815,0:25:49,0,4,OpportunityCardData_id:29
6506002,815,0:25:51,0,4,OpportunityCardData_id:30
6506002,815,0:25:52,0,4,OpportunityCardData_id:31
6506002,815,0:25:53,0,4,OpportunityCardData_id:26
6506002,815,0:25:55,0,4,OpportunityCardData_id:28
6506002,815,0:25:57,0,4,OpportunityCardData_id:29
6506002,815,0:25:58,0,4,OpportunityCardData_id:30
6506002,815,0:25:59,0,4,OpportunityCardData_id:31
6506002,815,0:26:1,0,4,OpportunityCardData_id:26
6506002,815,0:26:2,0,4,OpportunityCardData_id:28
6506002,815,0:26:2,0,4,OpportunityCardData_id:29
6506002,815,0:26:3,0,4,OpportunityCardData_id:30
6506002,815,0:26:3,0,4,OpportunityCardData_id:31
6506002,815,0:26:4,0,4,OpportunityCardData_id:26
6506002,815,0:26:4,0,4,OpportunityCardData_id:28
6506002,815,0:26:4,0,4,OpportunityCardData_id:29
6506002,815,0:26:4,0,4,OpportunityCardData_id:30
6506002,815,0:26:4,0,4,OpportunityCardData_id:31
6506002,817,0:26:5,0,4
6506002,814,0:26:9,0,[4]
6506002,815,0:26:9,0,4,OpportunityCardData_id:26
6506002,815,0:26:11,0,4,OpportunityCardData_id:31
6506002,815,0:26:13,0,4,OpportunityCardData_id:26
6506002,815,0:26:13,0,4,OpportunityCardData_id:28
6506002,815,0:26:14,0,4,OpportunityCardData_id:29
6506002,815,0:26:15,0,4,OpportunityCardData_id:30
6506002,815,0:26:16,0,4,OpportunityCardData_id:31
6506002,815,0:26:16,0,4,OpportunityCardData_id:26
6506002,815,0:26:18,0,4,OpportunityCardData_id:28
6506002,815,0:26:19,0,4,OpportunityCardData_id:29
6506002,815,0:26:23,0,4,OpportunityCardData_id:30
6506002,815,0:26:26,0,4,OpportunityCardData_id:31
6506002,815,0:26:29,0,4,OpportunityCardData_id:26
6506002,815,0:26:32,0,4,OpportunityCardData_id:31
6506002,816,0:26:35,0,4,OpportunityCardData_id:31
6506002,803,0:26:37,0,[OpportunityCardData_id:31,OpportunityCardConsequencesData_logId:0]
6506002,803,0:26:38,0,[OpportunityCardData_id:31,OpportunityCardConsequencesData_logId:1]
6506002,803,0:26:39,0,[OpportunityCardData_id:31,OpportunityCardConsequencesData_logId:2]
6506002,805,0:26:42,0,[OpportunityCardData_id:31]
6506002,806,0:26:46,0,[OpportunityCardData_id:31,PriorityData_type:2]
6506002,807,0:26:47,0,[OpportunityCardData_id:31]
6506002,808,0:26:49,0,[OpportunityCardData_id:31]
6506002,809,0:26:54,0,[OpportunityCardData_id:31,Safe,false]
6506002,810,0:26:57,0,[OpportunityCardData_id:31,PriorityData_type:4,10,Safe,Safe]
6506002,818,0:27:1,0,4
6506002,811,0:27:3,0,[OpportunityCardData_id:31,PriorityData_type:2,80,85,PriorityData_type:4,70,70]
6506002,1000,0:27:4,0,[]
6506002,800,0:27:5,0,[]
6506002,801,0:27:6,0,[]
6506002,814,0:27:8,0,[4]
6506002,815,0:27:8,0,4,OpportunityCardData_id:22
6506002,817,0:27:10,0,4
6506002,814,0:27:11,0,[2]
6506002,815,0:27:11,0,2,OpportunityCardData_id:13
6506002,815,0:27:13,0,2,OpportunityCardData_id:14
6506002,815,0:27:14,0,2,OpportunityCardData_id:15
6506002,815,0:27:16,0,2,OpportunityCardData_id:16
6506002,816,0:27:20,0,2,OpportunityCardData_id:16
6506002,803,0:27:21,0,[OpportunityCardData_id:16,OpportunityCardConsequencesData_logId:0]
6506002,803,0:27:22,0,[OpportunityCardData_id:16,OpportunityCardConsequencesData_logId:1]
6506002,805,0:27:24,0,[OpportunityCardData_id:16]
6506002,806,0:27:28,0,[OpportunityCardData_id:16,PriorityData_type:4]
6506002,807,0:27:35,0,[OpportunityCardData_id:16]
6506002,808,0:27:37,0,[OpportunityCardData_id:16]
6506002,809,0:27:43,0,[OpportunityCardData_id:16,PriorityData_type:1,false]
6506002,810,0:27:45,0,[OpportunityCardData_id:16,PriorityData_type:2,5,PriorityData_type:1,10]
6506002,814,0:27:50,0,[1]
6506002,815,0:27:50,0,1,OpportunityCardData_id:7
6506002,815,0:27:53,0,1,OpportunityCardData_id:8
6506002,816,0:27:54,0,1,OpportunityCardData_id:8
6506002,803,0:27:55,0,[OpportunityCardData_id:8,OpportunityCardConsequencesData_logId:0]
6506002,803,0:27:56,0,[OpportunityCardData_id:8,OpportunityCardConsequencesData_logId:1]
6506002,803,0:27:57,0,[OpportunityCardData_id:8,OpportunityCardConsequencesData_logId:2]
6506002,805,0:27:59,0,[OpportunityCardData_id:8]
6506002,806,0:28:1,0,[OpportunityCardData_id:8,PriorityData_type:2]
6506002,807,0:28:2,0,[OpportunityCardData_id:8]
6506002,808,0:28:4,0,[OpportunityCardData_id:8]
6506002,809,0:28:10,0,[OpportunityCardData_id:8,PriorityData_type:0,false]
6506002,810,0:28:12,0,[OpportunityCardData_id:8,PriorityData_type:1,20,PriorityData_type:0,25]
6506002,814,0:28:16,0,[5]
6506002,815,0:28:16,0,5,OpportunityCardData_id:32
6506002,816,0:28:17,0,5,OpportunityCardData_id:32
6506002,804,0:28:20,0,[OpportunityCardData_id:32]
6506002,814,0:28:20,0,[5]
6506002,815,0:28:20,0,5,OpportunityCardData_id:33
6506002,815,0:28:23,0,5,OpportunityCardData_id:34
6506002,816,0:28:26,0,5,OpportunityCardData_id:34
6506002,803,0:28:27,0,[OpportunityCardData_id:34,OpportunityCardConsequencesData_logId:0]
6506002,803,0:28:27,0,[OpportunityCardData_id:34,OpportunityCardConsequencesData_logId:1]
6506002,803,0:28:28,0,[OpportunityCardData_id:34,OpportunityCardConsequencesData_logId:2]
6506002,804,0:28:32,0,[OpportunityCardData_id:34]
6506002,814,0:28:33,0,[5]
6506002,815,0:28:33,0,5,OpportunityCardData_id:33
6506002,815,0:28:34,0,5,OpportunityCardData_id:35
6506002,815,0:28:36,0,5,OpportunityCardData_id:36
6506002,815,0:28:37,0,5,OpportunityCardData_id:37
6506002,815,0:28:40,0,5,OpportunityCardData_id:33
6506002,815,0:28:42,0,5,OpportunityCardData_id:35
6506002,815,0:28:45,0,5,OpportunityCardData_id:36
6506002,815,0:28:48,0,5,OpportunityCardData_id:37
6506002,815,0:28:48,0,5,OpportunityCardData_id:33
6506002,815,0:28:49,0,5,OpportunityCardData_id:35
6506002,815,0:28:50,0,5,OpportunityCardData_id:36
6506002,816,0:28:51,0,5,OpportunityCardData_id:36
6506002,803,0:28:52,0,[OpportunityCardData_id:36,OpportunityCardConsequencesData_logId:0]
6506002,803,0:28:52,0,[OpportunityCardData_id:36,OpportunityCardConsequencesData_logId:1]
6506002,805,0:28:57,0,[OpportunityCardData_id:36]
6506002,806,0:29:0,0,[OpportunityCardData_id:36,PriorityData_type:2]
6506002,807,0:29:1,0,[OpportunityCardData_id:36]
6506002,808,0:29:2,0,[OpportunityCardData_id:36]
6506002,809,0:29:9,0,[OpportunityCardData_id:36,Safe,false]
6506002,810,0:29:10,0,[OpportunityCardData_id:36,PriorityData_type:5,5,Safe,Safe]
6506002,814,0:29:15,0,[2]
6506002,815,0:29:15,0,2,OpportunityCardData_id:13
6506002,815,0:29:16,0,2,OpportunityCardData_id:14
6506002,816,0:29:21,0,2,OpportunityCardData_id:14
6506002,803,0:29:22,0,[OpportunityCardData_id:14,OpportunityCardConsequencesData_logId:0]
6506002,803,0:29:23,0,[OpportunityCardData_id:14,OpportunityCardConsequencesData_logId:1]
6506002,803,0:29:24,0,[OpportunityCardData_id:14,OpportunityCardConsequencesData_logId:2]
6506002,805,0:29:25,0,[OpportunityCardData_id:14]
6506002,806,0:29:31,0,[OpportunityCardData_id:14,PriorityData_type:4]
6506002,807,0:29:32,0,[OpportunityCardData_id:14]
6506002,808,0:29:34,0,[OpportunityCardData_id:14]
6506002,809,0:29:40,0,[OpportunityCardData_id:14,PriorityData_type:1,false]
6506002,810,0:29:41,0,[OpportunityCardData_id:14,PriorityData_type:2,15,PriorityData_type:1,10]
6506002,814,0:29:51,0,[4]
6506002,815,0:29:51,0,4,OpportunityCardData_id:22
6506002,815,0:29:52,0,4,OpportunityCardData_id:26
6506002,815,0:29:54,0,4,OpportunityCardData_id:27
6506002,816,0:29:56,0,4,OpportunityCardData_id:27
6506002,803,0:29:57,0,[OpportunityCardData_id:27,OpportunityCardConsequencesData_logId:0]
6506002,803,0:29:58,0,[OpportunityCardData_id:27,OpportunityCardConsequencesData_logId:1]
6506002,803,0:29:58,0,[OpportunityCardData_id:27,OpportunityCardConsequencesData_logId:2]
6506002,805,0:29:59,0,[OpportunityCardData_id:27]
6506002,807,0:30:0,0,[OpportunityCardData_id:27]
6506002,808,0:30:5,0,[OpportunityCardData_id:27]
6506002,809,0:30:11,0,[OpportunityCardData_id:27,PriorityData_type:2,false]
6506002,810,0:30:13,0,[OpportunityCardData_id:27,PriorityData_type:4,15,PriorityData_type:2,10]
6506002,814,0:30:16,0,[4]
6506002,815,0:30:16,0,4,OpportunityCardData_id:22
6506002,815,0:30:19,0,4,OpportunityCardData_id:26
6506002,815,0:30:20,0,4,OpportunityCardData_id:28
6506002,815,0:30:21,0,4,OpportunityCardData_id:29
6506002,815,0:30:22,0,4,OpportunityCardData_id:30
6506002,815,0:30:23,0,4,OpportunityCardData_id:31
6506002,815,0:30:25,0,4,OpportunityCardData_id:22
6506002,815,0:30:28,0,4,OpportunityCardData_id:26
6506002,815,0:30:29,0,4,OpportunityCardData_id:28
6506002,815,0:30:30,0,4,OpportunityCardData_id:29
6506002,815,0:30:32,0,4,OpportunityCardData_id:30
6506002,815,0:30:33,0,4,OpportunityCardData_id:31
6506002,816,0:30:35,0,4,OpportunityCardData_id:31
6506002,803,0:30:36,0,[OpportunityCardData_id:31,OpportunityCardConsequencesData_logId:0]
6506002,803,0:30:36,0,[OpportunityCardData_id:31,OpportunityCardConsequencesData_logId:1]
6506002,803,0:30:36,0,[OpportunityCardData_id:31,OpportunityCardConsequencesData_logId:2]
6506002,805,0:30:38,0,[OpportunityCardData_id:31]
6506002,806,0:30:40,0,[OpportunityCardData_id:31,PriorityData_type:2]
6506002,807,0:30:40,0,[OpportunityCardData_id:31]
6506002,808,0:30:42,0,[OpportunityCardData_id:31]
6506002,809,0:30:48,0,[OpportunityCardData_id:31,PriorityData_type:0,false]
6506002,810,0:30:51,0,[OpportunityCardData_id:31,PriorityData_type:4,10,PriorityData_type:0,20]
6506002,818,0:30:54,0,0
6506002,811,0:30:55,0,[OpportunityCardData_id:31,PriorityData_type:2,80,80,PriorityData_type:4,70,70]
6506002,1001,0:30:58,0,[]
6506002,1003,0:30:58,1
6506002,1004,0:30:59,0
6506002,800,0:31:1,0,[]
6506002,1002,0:31:4,0
6506002,1003,0:31:4,1
6506002,212,0:31:12,2
6506002,210,0:31:13,299,220
6506002,207,0:31:14,0,-200,-5
6506002,211,0:31:22,1102,147
6506002,207,0:31:22,0,-5,-95
6506002,207,0:31:22,0,-95,-110
6506002,210,0:31:23,769,99
6506002,207,0:31:26,0,-110,-518.45
6506002,211,0:31:33,1468,615
6506002,213,0:31:33,0,c_friend1_F_a_G7a0,true
6506002,212,0:31:42,1
6506002,210,0:31:43,851,327
6506002,211,0:31:45,604,131
6506002,213,0:31:45,0,s_atwoodPoster_gen,true
6506002,212,0:31:50,0
6506002,210,0:31:51,686,287
6506002,211,0:31:51,358,254
6506002,207,0:31:51,0,-518.45,-338.45
6506002,207,0:31:52,0,-338.45,-308.45
6506002,210,0:31:52,567,217
6506002,207,0:31:53,0,-308.45,0
6506002,211,0:31:54,532,298
6506002,212,0:31:55,1
6506002,210,0:31:56,245,149
6506002,211,0:31:57,260,121
6506002,213,0:31:57,0,s_flag_gen,true
6506002,205,0:31:57,0,s_flag_gen,false,false
6506002,221,0:32:6,0
6506002,220,0:32:8,0
6506002,210,0:32:10,1037,437
6506002,211,0:32:10,1052,437
6506002,207,0:32:10,0,0,-90
6506002,210,0:32:11,972,441
6506002,211,0:32:12,989,500
6506002,212,0:32:13,0
6506002,210,0:32:15,1003,558
6506002,211,0:32:16,974,537
6506002,212,0:32:17,2
6506002,210,0:32:17,975,497
6506002,211,0:32:20,966,545
6506002,213,0:32:20,0,c_bestFriend_F_a_G7a0,false
6506002,210,0:32:41,659,495
6506002,211,0:32:43,985,527
6506002,213,0:32:43,0,c_bestFriend_F_a_G7a0,false
6506002,1003,0:32:47,2
6506002,1004,0:32:49,0
6506002,900,0:32:57,0,[]
6506002,901,0:33:7,0,[PeopleData_id:0]
6506002,902,0:33:10,0,[PeopleData_id:0,PeopleData_data1Type]
6506002,903,0:33:14,0,[PeopleData_id0,PeopleData_data1Type]
6506002,902,0:33:15,0,[PeopleData_id:0,PeopleData_data0Type]
6506002,903,0:33:18,0,[PeopleData_id0,PeopleData_data0Type]
6506002,902,0:33:19,0,[PeopleData_id:0,PeopleData_data3Type]
6506002,903,0:33:25,0,[PeopleData_id0,PeopleData_data3Type]
6506002,902,0:33:27,0,[PeopleData_id:0,PeopleData_data0Type]
6506002,903,0:33:28,0,[PeopleData_id0,PeopleData_data0Type]
6506002,902,0:33:29,0,[PeopleData_id:0,PeopleData_data1Type]
6506002,903,0:33:30,0,[PeopleData_id0,PeopleData_data1Type]
6506002,902,0:33:32,0,[PeopleData_id:0,PeopleData_data2Type]
6506002,903,0:33:33,0,[PeopleData_id0,PeopleData_data2Type]
6506002,902,0:33:34,0,[PeopleData_id:0,PeopleData_data3Type]
6506002,903,0:33:35,0,[PeopleData_id0,PeopleData_data3Type]
6506002,901,0:33:36,0,[PeopleData_id:2]
6506002,902,0:33:37,0,[PeopleData_id:2,PeopleData_data0Type]
6506002,903,0:33:39,0,[PeopleData_id2,PeopleData_data0Type]
6506002,902,0:33:41,0,[PeopleData_id:2,PeopleData_data0Type]
6506002,903,0:33:45,0,[PeopleData_id2,PeopleData_data0Type]
6506002,902,0:33:46,0,[PeopleData_id:2,PeopleData_data1Type]
6506002,903,0:33:49,0,[PeopleData_id2,PeopleData_data1Type]
6506002,902,0:33:49,0,[PeopleData_id:2,PeopleData_data2Type]
6506002,903,0:33:51,0,[PeopleData_id2,PeopleData_data2Type]
6506002,902,0:33:53,0,[PeopleData_id:2,PeopleData_data3Type]
6506002,902,0:33:53,0,[PeopleData_id:2,PeopleData_data3Type]
6506002,903,0:33:55,0,[PeopleData_id2,PeopleData_data3Type]
6506002,901,0:33:56,0,[PeopleData_id:1]
6506002,902,0:33:57,0,[PeopleData_id:1,PeopleData_data0Type]
6506002,903,0:33:59,0,[PeopleData_id1,PeopleData_data0Type]
6506002,901,0:34:2,0,[PeopleData_id:0]
6506002,902,0:34:25,0,[PeopleData_id:0,PeopleData_data3Type]
6506002,902,0:34:26,0,[PeopleData_id:0,PeopleData_data3Type]
6506002,903,0:34:29,0,[PeopleData_id0,PeopleData_data3Type]
6506002,902,0:34:30,0,[PeopleData_id:0,PeopleData_data0Type]
6506002,903,0:34:33,0,[PeopleData_id0,PeopleData_data0Type]
6506002,902,0:34:34,0,[PeopleData_id:0,PeopleData_data1Type]
6506002,903,0:34:39,0,[PeopleData_id0,PeopleData_data1Type]
6506002,901,0:34:40,0,[PeopleData_id:4]
6506002,902,0:34:42,0,[PeopleData_id:4,PeopleData_data0Type]
6506002,902,0:34:45,0,[PeopleData_id:4,PeopleData_data1Type]
6506002,902,0:34:47,0,[PeopleData_id:4,PeopleData_data2Type]
6506002,902,0:34:52,0,[PeopleData_id:4,PeopleData_data3Type]
6506002,903,0:34:57,0,[PeopleData_id4,PeopleData_data3Type]
6506002,901,0:34:58,0,[PeopleData_id:3]
6506002,902,0:34:59,0,[PeopleData_id:3,PeopleData_data0Type]
6506002,903,0:35:5,0,[PeopleData_id3,PeopleData_data0Type]
6506002,902,0:35:6,0,[PeopleData_id:3,PeopleData_data1Type]
6506002,903,0:35:11,0,[PeopleData_id3,PeopleData_data1Type]
6506002,902,0:35:12,0,[PeopleData_id:3,PeopleData_data2Type]
6506002,903,0:35:15,0,[PeopleData_id3,PeopleData_data2Type]
6506002,901,0:35:32,0,[PeopleData_id:3]
6506002,904,0:35:32,0,[PeopleData_id:3]
6506002,902,0:35:33,0,[PeopleData_id:3,PeopleData_data2Type]
6506002,903,0:35:37,0,[PeopleData_id3,PeopleData_data2Type]
6506002,902,0:35:37,0,[PeopleData_id:3,PeopleData_data1Type]
6506002,903,0:35:47,0,[PeopleData_id3,PeopleData_data1Type]
6506002,902,0:35:48,0,[PeopleData_id:3,PeopleData_data0Type]
6506002,903,0:35:51,0,[PeopleData_id3,PeopleData_data0Type]
6506002,901,0:35:53,0,[PeopleData_id:1]
6506002,902,0:35:54,0,[PeopleData_id:1,PeopleData_data3Type]
6506002,903,0:36:4,0,[PeopleData_id1,PeopleData_data3Type]
6506002,902,0:36:6,0,[PeopleData_id:1,PeopleData_data1Type]
6506002,903,0:36:8,0,[PeopleData_id1,PeopleData_data1Type]
6506002,902,0:36:10,0,[PeopleData_id:1,PeopleData_data2Type]
6506002,903,0:36:16,0,[PeopleData_id1,PeopleData_data2Type]
6506002,901,0:36:20,0,[PeopleData_id:2]
6506002,904,0:36:20,0,[PeopleData_id:2]
6506002,905,0:36:22,0,[PeopleData_id:2,RankTypes_id:-1,RankTypes_id:2]
6506002,901,0:36:24,0,[PeopleData_id:2]
6506002,904,0:36:24,0,[PeopleData_id:2]
6506002,901,0:36:26,0,[PeopleData_id:2]
6506002,904,0:36:26,0,[PeopleData_id:2]
6506002,901,0:36:31,0,[PeopleData_id:1]
6506002,902,0:36:32,0,[PeopleData_id:1,PeopleData_data0Type]
6506002,903,0:36:34,0,[PeopleData_id1,PeopleData_data0Type]
6506002,902,0:36:35,0,[PeopleData_id:1,PeopleData_data1Type]
6506002,903,0:36:37,0,[PeopleData_id1,PeopleData_data1Type]
6506002,902,0:36:37,0,[PeopleData_id:1,PeopleData_data2Type]
6506002,903,0:36:39,0,[PeopleData_id1,PeopleData_data2Type]
6506002,902,0:36:39,0,[PeopleData_id:1,PeopleData_data3Type]
6506002,903,0:36:41,0,[PeopleData_id1,PeopleData_data3Type]
6506002,901,0:36:45,0,[PeopleData_id:1]
6506002,904,0:36:45,0,[PeopleData_id:1]
6506002,905,0:36:47,0,[PeopleData_id:1,RankTypes_id:-1,RankTypes_id:1]
6506002,901,0:36:48,0,[PeopleData_id:4]
6506002,902,0:36:49,0,[PeopleData_id:4,PeopleData_data0Type]
6506002,902,0:36:51,0,[PeopleData_id:4,PeopleData_data1Type]
6506002,902,0:36:53,0,[PeopleData_id:4,PeopleData_data2Type]
6506002,902,0:36:54,0,[PeopleData_id:4,PeopleData_data2Type]
6506002,902,0:36:55,0,[PeopleData_id:4,PeopleData_data3Type]
6506002,903,0:36:57,0,[PeopleData_id4,PeopleData_data3Type]
6506002,901,0:36:58,0,[PeopleData_id:4]
6506002,904,0:36:58,0,[PeopleData_id:4]
6506002,905,0:36:59,0,[PeopleData_id:4,RankTypes_id:-1,RankTypes_id:0]
6506002,901,0:37:0,0,[PeopleData_id:3]
6506002,901,0:37:2,0,[PeopleData_id:4]
6506002,904,0:37:3,0,[PeopleData_id:4]
6506002,905,0:37:4,0,[PeopleData_id:4,RankTypes_id:0,RankTypes_id:3]
6506002,901,0:37:6,0,[PeopleData_id:4]
6506002,904,0:37:6,0,[PeopleData_id:4]
6506002,905,0:37:8,0,[PeopleData_id:4,RankTypes_id:3,RankTypes_id:2]
6506002,901,0:37:9,0,[PeopleData_id:2]
6506002,904,0:37:9,0,[PeopleData_id:2]
6506002,902,0:37:11,0,[PeopleData_id:2,PeopleData_data0Type]
6506002,903,0:37:14,0,[PeopleData_id2,PeopleData_data0Type]
6506002,902,0:37:15,0,[PeopleData_id:2,PeopleData_data1Type]
6506002,903,0:37:16,0,[PeopleData_id2,PeopleData_data1Type]
6506002,902,0:37:17,0,[PeopleData_id:2,PeopleData_data2Type]
6506002,903,0:37:18,0,[PeopleData_id2,PeopleData_data2Type]
6506002,902,0:37:19,0,[PeopleData_id:2,PeopleData_data3Type]
6506002,903,0:37:20,0,[PeopleData_id2,PeopleData_data3Type]
6506002,901,0:37:21,0,[PeopleData_id:2]
6506002,904,0:37:22,0,[PeopleData_id:2]
6506002,905,0:37:23,0,[PeopleData_id:2,RankTypes_id:2,RankTypes_id:3]
6506002,901,0:37:30,0,[PeopleData_id:1]
6506002,905,0:37:30,0,[PeopleData_id:1,RankTypes_id:1,RankTypes_id:1]
6506002,902,0:37:32,0,[PeopleData_id:1,PeopleData_data3Type]
6506002,903,0:37:33,0,[PeopleData_id1,PeopleData_data3Type]
6506002,902,0:37:34,0,[PeopleData_id:1,PeopleData_data2Type]
6506002,903,0:37:35,0,[PeopleData_id1,PeopleData_data2Type]
6506002,901,0:37:36,0,[PeopleData_id:1]
6506002,904,0:37:36,0,[PeopleData_id:1]
6506002,905,0:37:36,0,[PeopleData_id:1,RankTypes_id:1,RankTypes_id:2]
6506002,901,0:37:38,0,[PeopleData_id:3]
6506002,902,0:37:44,0,[PeopleData_id:3,PeopleData_data2Type]
6506002,903,0:37:47,0,[PeopleData_id3,PeopleData_data2Type]
6506002,902,0:37:47,0,[PeopleData_id:3,PeopleData_data1Type]
6506002,903,0:37:49,0,[PeopleData_id3,PeopleData_data1Type]
6506002,902,0:37:49,0,[PeopleData_id:3,PeopleData_data0Type]
6506002,903,0:37:51,0,[PeopleData_id3,PeopleData_data0Type]
6506002,901,0:37:53,0,[PeopleData_id:3]
6506002,904,0:37:54,0,[PeopleData_id:3]
6506002,905,0:37:54,0,[PeopleData_id:3,RankTypes_id:-1,RankTypes_id:4]
6506002,901,0:37:56,0,[PeopleData_id:0]
6506002,902,0:37:57,0,[PeopleData_id:0,PeopleData_data0Type]
6506002,903,0:37:59,0,[PeopleData_id0,PeopleData_data0Type]
6506002,902,0:37:59,0,[PeopleData_id:0,PeopleData_data1Type]
6506002,903,0:38:0,0,[PeopleData_id0,PeopleData_data1Type]
6506002,902,0:38:1,0,[PeopleData_id:0,PeopleData_data3Type]
6506002,902,0:38:1,0,[PeopleData_id:0,PeopleData_data2Type]
6506002,903,0:38:3,0,[PeopleData_id0,PeopleData_data2Type]
6506002,902,0:38:4,0,[PeopleData_id:0,PeopleData_data2Type]
6506002,903,0:38:5,0,[PeopleData_id0,PeopleData_data2Type]
6506002,901,0:38:7,0,[PeopleData_id:0]
6506002,904,0:38:7,0,[PeopleData_id:0]
6506002,905,0:38:8,0,[PeopleData_id:0,RankTypes_id:-1,RankTypes_id:4]
6506002,906,0:38:8,0,[]
6506002,907,0:38:11,0,[]
6506002,908,0:38:11,0,[InvitationData_id:10,PeopleData_id:2,RankTypes_id:3]
6506002,901,0:38:14,0,[PeopleData_id:2]
6506002,901,0:38:15,0,[PeopleData_id:2]
6506002,909,0:38:25,0,[InvitationData_id:10,PeopleData_id:2,RankTypes_id:3,1]
6506002,910,0:38:31,0,[InvitationData_id:10,0,true]
6506002,908,0:38:31,0,[InvitationData_id:2,PeopleData_id:2,RankTypes_id:3]
6506002,909,0:38:37,0,[InvitationData_id:2,PeopleData_id:2,RankTypes_id:3,0]
6506002,910,0:38:41,0,[InvitationData_id:2,-7,false]
6506002,908,0:38:41,0,[InvitationData_id:8,PeopleData_id:0,RankTypes_id:4]
6506002,909,0:38:45,0,[InvitationData_id:8,PeopleData_id:0,RankTypes_id:4,1]
6506002,910,0:38:47,0,[InvitationData_id:8,9,false]
6506002,908,0:38:47,0,[InvitationData_id:3,PeopleData_id:3,RankTypes_id:4]
6506002,909,0:38:51,0,[InvitationData_id:3,PeopleData_id:3,RankTypes_id:4,0]
6506002,910,0:38:53,0,[InvitationData_id:3,-11,false]
6506002,908,0:38:53,0,[InvitationData_id:6,PeopleData_id:0,RankTypes_id:4]
6506002,909,0:38:57,0,[InvitationData_id:6,PeopleData_id:0,RankTypes_id:4,1]
6506002,910,0:38:58,0,[InvitationData_id:6,9,false]
6506002,908,0:38:58,0,[InvitationData_id:5,PeopleData_id:1,RankTypes_id:2]
6506002,909,0:39:2,0,[InvitationData_id:5,PeopleData_id:1,RankTypes_id:2,0]
6506002,910,0:39:5,0,[InvitationData_id:5,-2,false]
6506002,908,0:39:5,0,[InvitationData_id:4,PeopleData_id:2,RankTypes_id:3]
6506002,909,0:39:10,0,[InvitationData_id:4,PeopleData_id:2,RankTypes_id:3,0]
6506002,910,0:39:11,0,[InvitationData_id:4,-7,false]
6506002,908,0:39:11,0,[InvitationData_id:0,PeopleData_id:0,RankTypes_id:4]
6506002,909,0:39:13,0,[InvitationData_id:0,PeopleData_id:0,RankTypes_id:4,1]
6506002,910,0:39:14,0,[InvitationData_id:0,9,false]
6506002,908,0:39:14,0,[InvitationData_id:1,PeopleData_id:0,RankTypes_id:4]
6506002,909,0:39:16,0,[InvitationData_id:1,PeopleData_id:0,RankTypes_id:4,1]
6506002,910,0:39:18,0,[InvitationData_id:1,9,false]
6506002,908,0:39:18,0,[InvitationData_id:9,PeopleData_id:1,RankTypes_id:2]
6506002,909,0:39:21,0,[InvitationData_id:9,PeopleData_id:1,RankTypes_id:2,1]
6506002,910,0:39:22,0,[InvitationData_id:9,0,true]
6506002,908,0:39:22,0,[InvitationData_id:7,PeopleData_id:1,RankTypes_id:2]
6506002,909,0:39:27,0,[InvitationData_id:7,PeopleData_id:1,RankTypes_id:2,1]
6506002,910,0:39:28,0,[InvitationData_id:7,0,true]
6506002,912,0:39:32,0,[]
6506002,1000,0:39:35,0,[]
6506002,900,0:39:36,0,[]
6506002,901,0:39:39,0,[PeopleData_id:4]
6506002,902,0:39:40,0,[PeopleData_id:4,PeopleData_data0Type]
6506002,903,0:39:45,0,[PeopleData_id4,PeopleData_data0Type]
6506002,902,0:39:45,0,[PeopleData_id:4,PeopleData_data1Type]
6506002,903,0:39:48,0,[PeopleData_id4,PeopleData_data1Type]
6506002,902,0:39:49,0,[PeopleData_id:4,PeopleData_data2Type]
6506002,903,0:39:51,0,[PeopleData_id4,PeopleData_data2Type]
6506002,902,0:39:52,0,[PeopleData_id:4,PeopleData_data3Type]
6506002,903,0:39:53,0,[PeopleData_id4,PeopleData_data3Type]
6506002,901,0:39:54,0,[PeopleData_id:4]
6506002,901,0:39:54,0,[PeopleData_id:4]
6506002,904,0:39:54,0,[PeopleData_id:4]
6506002,905,0:39:56,0,[PeopleData_id:4,RankTypes_id:-1,RankTypes_id:1]
6506002,901,0:39:57,0,[PeopleData_id:3]
6506002,902,0:39:59,0,[PeopleData_id:3,PeopleData_data0Type]
6506002,903,0:40:0,0,[PeopleData_id3,PeopleData_data0Type]
6506002,902,0:40:1,0,[PeopleData_id:3,PeopleData_data1Type]
6506002,903,0:40:3,0,[PeopleData_id3,PeopleData_data1Type]
6506002,902,0:40:5,0,[PeopleData_id:3,PeopleData_data2Type]
6506002,903,0:40:6,0,[PeopleData_id3,PeopleData_data2Type]
6506002,901,0:40:8,0,[PeopleData_id:3]
6506002,904,0:40:8,0,[PeopleData_id:3]
6506002,905,0:40:9,0,[PeopleData_id:3,RankTypes_id:-1,RankTypes_id:2]
6506002,901,0:40:10,0,[PeopleData_id:1]
6506002,902,0:40:11,0,[PeopleData_id:1,PeopleData_data0Type]
6506002,903,0:40:12,0,[PeopleData_id1,PeopleData_data0Type]
6506002,902,0:40:13,0,[PeopleData_id:1,PeopleData_data1Type]
6506002,903,0:40:15,0,[PeopleData_id1,PeopleData_data1Type]
6506002,902,0:40:16,0,[PeopleData_id:1,PeopleData_data2Type]
6506002,903,0:40:17,0,[PeopleData_id1,PeopleData_data2Type]
6506002,902,0:40:18,0,[PeopleData_id:1,PeopleData_data3Type]
6506002,903,0:40:22,0,[PeopleData_id1,PeopleData_data3Type]
6506002,901,0:40:22,0,[PeopleData_id:1]
6506002,904,0:40:22,0,[PeopleData_id:1]
6506002,905,0:40:23,0,[PeopleData_id:1,RankTypes_id:-1,RankTypes_id:0]
6506002,901,0:40:24,0,[PeopleData_id:0]
6506002,901,0:40:26,0,[PeopleData_id:1]
6506002,904,0:40:26,0,[PeopleData_id:1]
6506002,905,0:40:27,0,[PeopleData_id:1,RankTypes_id:0,RankTypes_id:1]
6506002,901,0:40:27,0,[PeopleData_id:0]
6506002,902,0:40:28,0,[PeopleData_id:0,PeopleData_data0Type]
6506002,903,0:40:30,0,[PeopleData_id0,PeopleData_data0Type]
6506002,902,0:40:30,0,[PeopleData_id:0,PeopleData_data1Type]
6506002,903,0:40:32,0,[PeopleData_id0,PeopleData_data1Type]
6506002,902,0:40:33,0,[PeopleData_id:0,PeopleData_data2Type]
6506002,903,0:40:34,0,[PeopleData_id0,PeopleData_data2Type]
6506002,902,0:40:35,0,[PeopleData_id:0,PeopleData_data3Type]
6506002,903,0:40:36,0,[PeopleData_id0,PeopleData_data3Type]
6506002,901,0:40:37,0,[PeopleData_id:0]
6506002,904,0:40:37,0,[PeopleData_id:0]
6506002,905,0:40:38,0,[PeopleData_id:0,RankTypes_id:-1,RankTypes_id:4]
6506002,901,0:40:39,0,[PeopleData_id:2]
6506002,902,0:40:40,0,[PeopleData_id:2,PeopleData_data0Type]
6506002,903,0:40:41,0,[PeopleData_id2,PeopleData_data0Type]
6506002,902,0:40:43,0,[PeopleData_id:2,PeopleData_data1Type]
6506002,903,0:40:44,0,[PeopleData_id2,PeopleData_data1Type]
6506002,902,0:40:44,0,[PeopleData_id:2,PeopleData_data2Type]
6506002,903,0:40:45,0,[PeopleData_id2,PeopleData_data2Type]
6506002,902,0:40:46,0,[PeopleData_id:2,PeopleData_data3Type]
6506002,903,0:40:47,0,[PeopleData_id2,PeopleData_data3Type]
6506002,901,0:40:48,0,[PeopleData_id:2]
6506002,904,0:40:48,0,[PeopleData_id:2]
6506002,905,0:40:48,0,[PeopleData_id:2,RankTypes_id:-1,RankTypes_id:4]
6506002,906,0:40:48,0,[]
6506002,907,0:40:49,0,[]
6506002,908,0:40:49,0,[InvitationData_id:2,PeopleData_id:2,RankTypes_id:4]
6506002,909,0:40:54,0,[InvitationData_id:2,PeopleData_id:2,RankTypes_id:4,0]
6506002,910,0:40:58,0,[InvitationData_id:2,-11,false]
6506002,908,0:40:58,0,[InvitationData_id:1,PeopleData_id:0,RankTypes_id:4]
6506002,909,0:41:1,0,[InvitationData_id:1,PeopleData_id:0,RankTypes_id:4,1]
6506002,910,0:41:2,0,[InvitationData_id:1,9,false]
6506002,908,0:41:2,0,[InvitationData_id:4,PeopleData_id:2,RankTypes_id:4]
6506002,909,0:41:9,0,[InvitationData_id:4,PeopleData_id:2,RankTypes_id:4,0]
6506002,910,0:41:10,0,[InvitationData_id:4,-11,false]
6506002,908,0:41:10,0,[InvitationData_id:6,PeopleData_id:0,RankTypes_id:4]
6506002,909,0:41:14,0,[InvitationData_id:6,PeopleData_id:0,RankTypes_id:4,1]
6506002,910,0:41:15,0,[InvitationData_id:6,9,false]
6506002,908,0:41:15,0,[InvitationData_id:3,PeopleData_id:3,RankTypes_id:2]
6506002,909,0:41:19,0,[InvitationData_id:3,PeopleData_id:3,RankTypes_id:2,1]
6506002,910,0:41:20,0,[InvitationData_id:3,5,false]
6506002,908,0:41:20,0,[InvitationData_id:0,PeopleData_id:0,RankTypes_id:4]
6506002,909,0:41:22,0,[InvitationData_id:0,PeopleData_id:0,RankTypes_id:4,1]
6506002,910,0:41:24,0,[InvitationData_id:0,9,false]
6506002,908,0:41:24,0,[InvitationData_id:8,PeopleData_id:0,RankTypes_id:4]
6506002,909,0:41:26,0,[InvitationData_id:8,PeopleData_id:0,RankTypes_id:4,1]
6506002,910,0:41:27,0,[InvitationData_id:8,9,false]
6506002,908,0:41:27,0,[InvitationData_id:7,PeopleData_id:1,RankTypes_id:1]
6506002,909,0:41:30,0,[InvitationData_id:7,PeopleData_id:1,RankTypes_id:1,0]
6506002,910,0:41:31,0,[InvitationData_id:7,0,false]
6506002,908,0:41:31,0,[InvitationData_id:9,PeopleData_id:1,RankTypes_id:1]
6506002,909,0:41:34,0,[InvitationData_id:9,PeopleData_id:1,RankTypes_id:1,0]
6506002,910,0:41:36,0,[InvitationData_id:9,0,false]
6506002,908,0:41:36,0,[InvitationData_id:10,PeopleData_id:2,RankTypes_id:4]
6506002,909,0:41:40,0,[InvitationData_id:10,PeopleData_id:2,RankTypes_id:4,0]
6506002,910,0:41:41,0,[InvitationData_id:10,-11,false]
6506002,908,0:41:41,0,[InvitationData_id:5,PeopleData_id:1,RankTypes_id:1]
6506002,909,0:41:46,0,[InvitationData_id:5,PeopleData_id:1,RankTypes_id:1,0]
6506002,910,0:41:48,0,[InvitationData_id:5,0,false]
6506002,911,0:41:57,0,[8,0,0,0]
6506002,1005,0:41:57,0,[2,0,1]
6506002,1001,0:41:58,0,[]
6506002,1003,0:41:58,2
6506002,210,0:42:5,233,135
6506002,207,0:42:6,0,-200,0
6506002,207,0:42:10,0,0,-45
6506002,211,0:42:10,1045,99
6506002,207,0:42:10,0,-45,-75
6506002,207,0:42:11,0,-75,-135
6506002,210,0:42:11,1081,301
6506002,211,0:42:11,1163,485
6506002,207,0:42:11,0,-135,-165
6506002,210,0:42:12,1206,589
6506002,211,0:42:12,1221,589
6506002,207,0:42:12,0,-165,-240
6506002,207,0:42:12,0,-240,-270
6506002,210,0:42:12,1128,588
6506002,211,0:42:13,1002,531
6506002,213,0:42:13,0,c_bestFriend_F_a_G7a0,false
6506002,210,0:42:36,1080,525
6506002,207,0:42:37,0,-270,-518.45
6506002,211,0:42:41,854,485
6506002,210,0:42:43,789,368
6506002,211,0:42:44,812,353
6506002,213,0:42:44,0,c_teacherEng_G7a0,true
6506002,205,0:42:44,0,c_teacherEng_G7a0,false,false
6506002,212,0:42:49,1
6506002,210,0:42:50,940,165
6506002,207,0:42:51,0,-518.45,-473.45
6506002,207,0:42:53,0,-473.45,-158.45
6506002,211,0:42:55,1088,589
6506002,213,0:42:55,0,s_vocabAssignment_G7a0,true
6506002,207,0:42:59,0,-158.45,-98.45
6506002,210,0:42:59,170,128
6506002,211,0:43:0,268,142
6506002,213,0:43:0,0,s_flag_gen,true
6506002,205,0:43:0,0,s_flag_gen,false,true
6506002,212,0:43:6,0
6506002,221,0:43:8,0
6506002,220,0:43:9,0
6506002,210,0:43:12,858,243
6506002,211,0:43:16,786,123
6506002,213,0:43:16,0,s_shakespearePoster_gen,true
6506002,210,0:43:20,1155,208
6506002,207,0:43:20,0,-98.45,-353.45
6506002,211,0:43:22,1216,153
6506002,213,0:43:22,0,s_clock_G7a0,true
6506002,210,0:43:26,1244,110
6506002,211,0:43:27,1237,306
6506002,213,0:43:27,0,s_doorClassroom_G7a0,true
6506002,210,0:43:29,1296,217
6506002,211,0:43:29,1399,194
6506002,207,0:43:29,0,-353.45,-398.45
6506002,210,0:43:30,1470,257
6506002,207,0:43:30,0,-398.45,-518.45
6506002,211,0:43:33,1534,439
6506002,210,0:43:34,1279,529
6506002,211,0:43:42,657,601
6506002,213,0:43:42,0,s_otherStudent1_G7a0,true
6506002,210,0:43:45,794,403
6506002,211,0:43:47,990,510
6506002,210,0:43:47,986,517
6506002,211,0:43:48,979,541
6506002,210,0:43:49,978,519
6506002,211,0:43:50,450,506
6506002,207,0:43:50,0,-518.45,-428.45
6506002,210,0:43:51,380,498
6506002,207,0:43:51,0,-428.45,-323.45
6506002,207,0:43:52,0,-323.45,0
6506002,211,0:43:54,222,481
6506002,213,0:43:54,0,c_crewKid1_F_G7a0,true
6506002,210,0:44:1,73,474
6506002,211,0:44:4,92,498
6506002,210,0:44:5,87,490
6506002,211,0:44:9,656,582
6506002,213,0:44:9,0,s_otherStudent1_G7a0,true
6506002,210,0:44:13,948,489
6506002,207,0:44:15,0,0,-465
6506002,207,0:44:16,0,-465,-518.45
6506002,211,0:44:21,1218,378
6506002,213,0:44:21,0,s_doorClassroom_G7a0,true
6506002,212,0:44:30,1
6506002,210,0:44:31,1270,288
6506002,211,0:44:34,1208,305
6506002,213,0:44:34,0,s_doorClassroom_G7a0,true
6506002,210,0:44:36,940,504
6506002,207,0:44:37,0,-518.45,-443.45
6506002,211,0:44:37,415,99
6506002,207,0:44:37,0,-443.45,-398.45
6506002,207,0:44:37,0,-398.45,-368.45
6506002,210,0:44:38,502,160
6506002,211,0:44:38,608,138
6506002,213,0:44:38,0,s_atwoodPoster_gen,true
6506002,210,0:44:44,544,316
6506002,211,0:44:45,311,149
6506002,207,0:44:45,0,-368.45,-293.45
6506002,210,0:44:45,245,171
6506002,207,0:44:45,0,-293.45,-218.45
6506002,207,0:44:46,0,-218.45,-23.45
6506002,211,0:44:47,269,143
6506002,213,0:44:47,0,s_flag_gen,true
6506002,205,0:44:47,0,s_flag_gen,false,true
6506002,212,0:44:54,2
6506002,210,0:44:54,278,307
6506002,207,0:44:55,0,-23.45,0
6506002,211,0:44:57,421,216
6506002,219,0:45:7,0
6506002,216,0:45:8,Stack_G7a1N
6506002,217,0:45:13,Stack_G7a1N,3.4,16
6506002,218,0:45:17,0
6506002,221,0:45:37,0
6506002,220,0:45:43,0
6506002,210,0:45:45,307,382
6506002,207,0:45:48,0,-200,0
6506002,211,0:45:54,824,442
6506002,213,0:45:54,0,c_teacherEng_G7a0,true
6506002,205,0:45:54,0,c_teacherEng_G7a0,false,true
6506002,210,0:45:59,722,480
6506002,207,0:46:0,0,0,-210
6506002,211,0:46:1,956,527
6506002,213,0:46:1,0,c_bestFriend_F_a_G7a0,false
6506002,1003,0:46:7,2
6506002,1004,0:46:13,0
6506002,900,0:46:15,0,[]
6506002,901,0:46:30,0,[PeopleData_id:3]
6506002,902,0:46:32,0,[PeopleData_id:3,PeopleData_data0Type]
6506002,903,0:46:56,0,[PeopleData_id3,PeopleData_data0Type]
6506002,902,0:46:59,0,[PeopleData_id:3,PeopleData_data0Type]
6506002,903,0:47:1,0,[PeopleData_id3,PeopleData_data0Type]
6506002,902,0:47:2,0,[PeopleData_id:3,PeopleData_data1Type]
6506002,903,0:47:6,0,[PeopleData_id3,PeopleData_data1Type]
6506002,902,0:47:6,0,[PeopleData_id:3,PeopleData_data2Type]
6506002,902,0:47:7,0,[PeopleData_id:3,PeopleData_data2Type]
6506002,903,0:47:8,0,[PeopleData_id3,PeopleData_data2Type]
6506002,901,0:47:9,0,[PeopleData_id:3]
6506002,904,0:47:9,0,[PeopleData_id:3]
6506002,905,0:47:11,0,[PeopleData_id:3,RankTypes_id:-1,RankTypes_id:4]
6506002,901,0:47:12,0,[PeopleData_id:3]
6506002,904,0:47:13,0,[PeopleData_id:3]
6506002,905,0:47:13,0,[PeopleData_id:3,RankTypes_id:4,RankTypes_id:3]
6506002,901,0:47:15,0,[PeopleData_id:4]
6506002,902,0:47:18,0,[PeopleData_id:4,PeopleData_data0Type]
6506002,903,0:47:19,0,[PeopleData_id4,PeopleData_data0Type]
6506002,902,0:47:20,0,[PeopleData_id:4,PeopleData_data1Type]
6506002,903,0:47:22,0,[PeopleData_id4,PeopleData_data1Type]
6506002,902,0:47:23,0,[PeopleData_id:4,PeopleData_data2Type]
6506002,903,0:47:24,0,[PeopleData_id4,PeopleData_data2Type]
6506002,902,0:47:25,0,[PeopleData_id:4,PeopleData_data3Type]
6506002,903,0:47:27,0,[PeopleData_id4,PeopleData_data3Type]
6506002,901,0:47:28,0,[PeopleData_id:4]
6506002,904,0:47:28,0,[PeopleData_id:4]
6506002,905,0:47:29,0,[PeopleData_id:4,RankTypes_id:-1,RankTypes_id:2]
6506002,901,0:47:30,0,[PeopleData_id:4]
6506002,904,0:47:30,0,[PeopleData_id:4]
6506002,905,0:47:31,0,[PeopleData_id:4,RankTypes_id:2,RankTypes_id:0]
6506002,901,0:47:32,0,[PeopleData_id:0]
6506002,902,0:47:33,0,[PeopleData_id:0,PeopleData_data0Type]
6506002,903,0:47:35,0,[PeopleData_id0,PeopleData_data0Type]
6506002,902,0:47:36,0,[PeopleData_id:0,PeopleData_data1Type]
6506002,903,0:47:37,0,[PeopleData_id0,PeopleData_data1Type]
6506002,902,0:47:38,0,[PeopleData_id:0,PeopleData_data2Type]
6506002,903,0:47:39,0,[PeopleData_id0,PeopleData_data2Type]
6506002,902,0:47:40,0,[PeopleData_id:0,PeopleData_data3Type]
6506002,903,0:47:42,0,[PeopleData_id0,PeopleData_data3Type]
6506002,901,0:47:43,0,[PeopleData_id:0]
6506002,904,0:47:43,0,[PeopleData_id:0]
6506002,905,0:47:44,0,[PeopleData_id:0,RankTypes_id:-1,RankTypes_id:2]
6506002,901,0:47:45,0,[PeopleData_id:1]
6506002,902,0:47:46,0,[PeopleData_id:1,PeopleData_data0Type]
6506002,903,0:47:48,0,[PeopleData_id1,PeopleData_data0Type]
6506002,902,0:47:49,0,[PeopleData_id:1,PeopleData_data1Type]
6506002,903,0:47:50,0,[PeopleData_id1,PeopleData_data1Type]
6506002,902,0:47:51,0,[PeopleData_id:1,PeopleData_data2Type]
6506002,903,0:47:53,0,[PeopleData_id1,PeopleData_data2Type]
6506002,902,0:47:53,0,[PeopleData_id:1,PeopleData_data3Type]
6506002,903,0:47:55,0,[PeopleData_id1,PeopleData_data3Type]
6506002,901,0:47:56,0,[PeopleData_id:1]
6506002,904,0:47:56,0,[PeopleData_id:1]
6506002,905,0:47:59,0,[PeopleData_id:1,RankTypes_id:-1,RankTypes_id:1]
6506002,901,0:48:0,0,[PeopleData_id:2]
6506002,902,0:48:2,0,[PeopleData_id:2,PeopleData_data0Type]
6506002,903,0:48:3,0,[PeopleData_id2,PeopleData_data0Type]
6506002,902,0:48:4,0,[PeopleData_id:2,PeopleData_data2Type]
6506002,903,0:48:5,0,[PeopleData_id2,PeopleData_data2Type]
6506002,902,0:48:6,0,[PeopleData_id:2,PeopleData_data3Type]
6506002,903,0:48:7,0,[PeopleData_id2,PeopleData_data3Type]
6506002,901,0:48:7,0,[PeopleData_id:2]
6506002,904,0:48:7,0,[PeopleData_id:2]
6506002,905,0:48:8,0,[PeopleData_id:2,RankTypes_id:-1,RankTypes_id:4]
6506002,906,0:48:8,0,[]
6506002,907,0:48:9,0,[]
6506002,908,0:48:9,0,[InvitationData_id:2,PeopleData_id:2,RankTypes_id:4]
6506002,909,0:48:18,0,[InvitationData_id:2,PeopleData_id:2,RankTypes_id:4,0]
6506002,910,0:48:20,0,[InvitationData_id:2,-11,false]
6506002,908,0:48:20,0,[InvitationData_id:9,PeopleData_id:1,RankTypes_id:1]
6506002,909,0:48:25,0,[InvitationData_id:9,PeopleData_id:1,RankTypes_id:1,0]
6506002,910,0:48:26,0,[InvitationData_id:9,0,false]
6506002,908,0:48:26,0,[InvitationData_id:4,PeopleData_id:2,RankTypes_id:4]
6506002,909,0:48:30,0,[InvitationData_id:4,PeopleData_id:2,RankTypes_id:4,0]
6506002,910,0:48:32,0,[InvitationData_id:4,-11,false]
6506002,908,0:48:32,0,[InvitationData_id:6,PeopleData_id:2,RankTypes_id:4]
6506002,909,0:48:36,0,[InvitationData_id:6,PeopleData_id:2,RankTypes_id:4,1]
6506002,910,0:48:38,0,[InvitationData_id:6,9,false]
6506002,908,0:48:38,0,[InvitationData_id:1,PeopleData_id:0,RankTypes_id:2]
6506002,909,0:48:41,0,[InvitationData_id:1,PeopleData_id:0,RankTypes_id:2,1]
6506002,910,0:48:42,0,[InvitationData_id:1,5,false]
6506002,908,0:48:42,0,[InvitationData_id:7,PeopleData_id:1,RankTypes_id:1]
6506002,909,0:48:45,0,[InvitationData_id:7,PeopleData_id:1,RankTypes_id:1,1]
6506002,910,0:48:46,0,[InvitationData_id:7,0,true]
6506002,908,0:48:46,0,[InvitationData_id:10,PeopleData_id:2,RankTypes_id:4]
6506002,909,0:48:58,0,[InvitationData_id:10,PeopleData_id:2,RankTypes_id:4,0]
6506002,910,0:48:58,0,[InvitationData_id:10,-11,false]
6506002,908,0:48:58,0,[InvitationData_id:8,PeopleData_id:3,RankTypes_id:3]
6506002,909,0:49:2,0,[InvitationData_id:8,PeopleData_id:3,RankTypes_id:3,1]
6506002,910,0:49:4,0,[InvitationData_id:8,7,false]
6506002,908,0:49:4,0,[InvitationData_id:0,PeopleData_id:3,RankTypes_id:3]
6506002,909,0:49:6,0,[InvitationData_id:0,PeopleData_id:3,RankTypes_id:3,1]
6506002,910,0:49:8,0,[InvitationData_id:0,7,false]
6506002,908,0:49:8,0,[InvitationData_id:5,PeopleData_id:1,RankTypes_id:1]
6506002,909,0:49:15,0,[InvitationData_id:5,PeopleData_id:1,RankTypes_id:1,0]
6506002,910,0:49:17,0,[InvitationData_id:5,0,false]
6506002,908,0:49:17,0,[InvitationData_id:3,PeopleData_id:3,RankTypes_id:3]
6506002,909,0:49:23,0,[InvitationData_id:3,PeopleData_id:3,RankTypes_id:3,1]
6506002,910,0:49:23,0,[InvitationData_id:3,7,false]
6506002,911,0:49:27,0,[2,1,0,1]
6506002,1000,0:49:28,0,[]
6506002,900,0:49:29,0,[]
6506002,901,0:49:33,0,[PeopleData_id:2]
6506002,904,0:49:33,0,[PeopleData_id:2]
6506002,902,0:49:35,0,[PeopleData_id:2,PeopleData_data1Type]
6506002,903,0:49:36,0,[PeopleData_id2,PeopleData_data1Type]
6506002,901,0:49:37,0,[PeopleData_id:2]
6506002,904,0:49:37,0,[PeopleData_id:2]
6506002,905,0:49:43,0,[PeopleData_id:2,RankTypes_id:-1,RankTypes_id:3]
6506002,901,0:49:44,0,[PeopleData_id:2]
6506002,904,0:49:44,0,[PeopleData_id:2]
6506002,905,0:49:45,0,[PeopleData_id:2,RankTypes_id:3,RankTypes_id:2]
6506002,901,0:49:46,0,[PeopleData_id:2]
6506002,904,0:49:46,0,[PeopleData_id:2]
6506002,905,0:49:47,0,[PeopleData_id:2,RankTypes_id:2,RankTypes_id:1]
6506002,901,0:49:49,0,[PeopleData_id:1]
6506002,904,0:49:49,0,[PeopleData_id:1]
6506002,905,0:49:52,0,[PeopleData_id:1,RankTypes_id:-1,RankTypes_id:4]
6506002,901,0:49:54,0,[PeopleData_id:0]
6506002,904,0:49:54,0,[PeopleData_id:0]
6506002,905,0:49:55,0,[PeopleData_id:0,RankTypes_id:-1,RankTypes_id:4]
6506002,901,0:49:56,0,[PeopleData_id:4]
6506002,904,0:49:56,0,[PeopleData_id:4]
6506002,905,0:49:57,0,[PeopleData_id:4,RankTypes_id:-1,RankTypes_id:1]
6506002,901,0:49:59,0,[PeopleData_id:3]
6506002,904,0:49:59,0,[PeopleData_id:3]
6506002,905,0:50:0,0,[PeopleData_id:3,RankTypes_id:-1,RankTypes_id:0]
6506002,906,0:50:0,0,[]
6506002,907,0:50:1,0,[]
6506002,908,0:50:1,0,[InvitationData_id:10,PeopleData_id:2,RankTypes_id:1]
6506002,909,0:50:4,0,[InvitationData_id:10,PeopleData_id:2,RankTypes_id:1,1]
6506002,910,0:50:5,0,[InvitationData_id:10,0,true]
6506002,908,0:50:5,0,[InvitationData_id:5,PeopleData_id:1,RankTypes_id:4]
6506002,909,0:50:8,0,[InvitationData_id:5,PeopleData_id:1,RankTypes_id:4,0]
6506002,910,0:50:9,0,[InvitationData_id:5,-11,false]
6506002,908,0:50:9,0,[InvitationData_id:7,PeopleData_id:1,RankTypes_id:4]
6506002,909,0:50:12,0,[InvitationData_id:7,PeopleData_id:1,RankTypes_id:4,0]
6506002,910,0:50:13,0,[InvitationData_id:7,-11,false]
6506002,908,0:50:13,0,[InvitationData_id:0,PeopleData_id:0,RankTypes_id:4]
6506002,909,0:50:15,0,[InvitationData_id:0,PeopleData_id:0,RankTypes_id:4,1]
6506002,910,0:50:15,0,[InvitationData_id:0,9,false]
6506002,908,0:50:15,0,[InvitationData_id:2,PeopleData_id:2,RankTypes_id:1]
6506002,909,0:50:18,0,[InvitationData_id:2,PeopleData_id:2,RankTypes_id:1,0]
6506002,910,0:50:19,0,[InvitationData_id:2,0,false]
6506002,908,0:50:19,0,[InvitationData_id:4,PeopleData_id:1,RankTypes_id:4]
6506002,909,0:50:21,0,[InvitationData_id:4,PeopleData_id:1,RankTypes_id:4,0]
6506002,910,0:50:22,0,[InvitationData_id:4,-11,false]
6506002,908,0:50:22,0,[InvitationData_id:6,PeopleData_id:0,RankTypes_id:4]
6506002,909,0:50:24,0,[InvitationData_id:6,PeopleData_id:0,RankTypes_id:4,1]
6506002,910,0:50:26,0,[InvitationData_id:6,9,false]
6506002,908,0:50:26,0,[InvitationData_id:9,PeopleData_id:1,RankTypes_id:4]
6506002,909,0:50:34,0,[InvitationData_id:9,PeopleData_id:1,RankTypes_id:4,0]
6506002,910,0:50:35,0,[InvitationData_id:9,-11,false]
6506002,908,0:50:35,0,[InvitationData_id:8,PeopleData_id:0,RankTypes_id:4]
6506002,909,0:50:48,0,[InvitationData_id:8,PeopleData_id:0,RankTypes_id:4,1]
6506002,910,0:50:49,0,[InvitationData_id:8,9,false]
6506002,908,0:50:49,0,[InvitationData_id:1,PeopleData_id:0,RankTypes_id:4]
6506002,909,0:50:52,0,[InvitationData_id:1,PeopleData_id:0,RankTypes_id:4,1]
6506002,910,0:50:52,0,[InvitationData_id:1,9,false]
6506002,911,0:50:55,0,[-8,1,0,1]
6506002,1001,0:50:55,0,[]
6506002,1003,0:50:55,2
6506002,1004,0:51:7,0
6506002,900,0:51:10,0,[]
6506002,901,0:51:29,0,[PeopleData_id:0]
6506002,902,0:51:30,0,[PeopleData_id:0,PeopleData_data0Type]
6506002,902,0:51:32,0,[PeopleData_id:0,PeopleData_data1Type]
6506002,902,0:51:34,0,[PeopleData_id:0,PeopleData_data2Type]
6506002,902,0:51:36,0,[PeopleData_id:0,PeopleData_data3Type]
6506002,903,0:51:42,0,[PeopleData_id0,PeopleData_data3Type]
6506002,901,0:51:43,0,[PeopleData_id:0]
6506002,904,0:51:43,0,[PeopleData_id:0]
6506002,905,0:51:43,0,[PeopleData_id:0,RankTypes_id:-1,RankTypes_id:3]
6506002,901,0:51:44,0,[PeopleData_id:2]
6506002,902,0:51:46,0,[PeopleData_id:2,PeopleData_data0Type]
6506002,902,0:51:48,0,[PeopleData_id:2,PeopleData_data1Type]
6506002,902,0:51:50,0,[PeopleData_id:2,PeopleData_data2Type]
6506002,902,0:51:53,0,[PeopleData_id:2,PeopleData_data3Type]
6506002,903,0:51:55,0,[PeopleData_id2,PeopleData_data3Type]
6506002,901,0:51:56,0,[PeopleData_id:2]
6506002,904,0:51:56,0,[PeopleData_id:2]
6506002,905,0:51:56,0,[PeopleData_id:2,RankTypes_id:-1,RankTypes_id:0]
6506002,901,0:51:59,0,[PeopleData_id:4]
6506002,902,0:52:0,0,[PeopleData_id:4,PeopleData_data0Type]
6506002,902,0:52:2,0,[PeopleData_id:4,PeopleData_data1Type]
6506002,902,0:52:5,0,[PeopleData_id:4,PeopleData_data2Type]
6506002,902,0:52:7,0,[PeopleData_id:4,PeopleData_data3Type]
6506002,903,0:52:9,0,[PeopleData_id4,PeopleData_data3Type]
6506002,901,0:52:9,0,[PeopleData_id:4]
6506002,904,0:52:9,0,[PeopleData_id:4]
6506002,905,0:52:10,0,[PeopleData_id:4,RankTypes_id:-1,RankTypes_id:0]
6506002,901,0:52:10,0,[PeopleData_id:1]
6506002,902,0:52:12,0,[PeopleData_id:1,PeopleData_data0Type]
6506002,902,0:52:14,0,[PeopleData_id:1,PeopleData_data1Type]
6506002,902,0:52:16,0,[PeopleData_id:1,PeopleData_data2Type]
6506002,902,0:52:18,0,[PeopleData_id:1,PeopleData_data3Type]
6506002,903,0:52:20,0,[PeopleData_id1,PeopleData_data3Type]
6506002,901,0:52:20,0,[PeopleData_id:1]
6506002,904,0:52:20,0,[PeopleData_id:1]
6506002,905,0:52:21,0,[PeopleData_id:1,RankTypes_id:-1,RankTypes_id:0]
6506002,901,0:52:21,0,[PeopleData_id:3]
6506002,902,0:52:23,0,[PeopleData_id:3,PeopleData_data0Type]
6506002,902,0:52:25,0,[PeopleData_id:3,PeopleData_data1Type]
6506002,902,0:52:28,0,[PeopleData_id:3,PeopleData_data2Type]
6506002,903,0:52:30,0,[PeopleData_id3,PeopleData_data2Type]
6506002,901,0:52:30,0,[PeopleData_id:3]
6506002,904,0:52:30,0,[PeopleData_id:3]
6506002,905,0:52:31,0,[PeopleData_id:3,RankTypes_id:-1,RankTypes_id:3]
6506002,906,0:52:31,0,[]
6506002,907,0:52:34,0,[]
6506002,908,0:52:34,0,[InvitationData_id:8,PeopleData_id:0,RankTypes_id:3]
6506002,909,0:52:42,0,[InvitationData_id:8,PeopleData_id:0,RankTypes_id:3,1]
6506002,910,0:52:43,0,[InvitationData_id:8,7,false]
6506002,908,0:52:43,0,[InvitationData_id:0,PeopleData_id:0,RankTypes_id:3]
6506002,909,0:52:47,0,[InvitationData_id:0,PeopleData_id:0,RankTypes_id:3,1]
6506002,910,0:52:48,0,[InvitationData_id:0,7,false]
6506002,908,0:52:48,0,[InvitationData_id:6,PeopleData_id:0,RankTypes_id:3]
6506002,909,0:52:49,0,[InvitationData_id:6,PeopleData_id:0,RankTypes_id:3,1]
6506002,910,0:52:50,0,[InvitationData_id:6,7,false]
6506002,908,0:52:50,0,[InvitationData_id:1,PeopleData_id:0,RankTypes_id:3]
6506002,909,0:52:52,0,[InvitationData_id:1,PeopleData_id:0,RankTypes_id:3,1]
6506002,910,0:52:53,0,[InvitationData_id:1,7,false]
6506002,908,0:52:53,0,[InvitationData_id:3,PeopleData_id:3,RankTypes_id:3]
6506002,909,0:52:57,0,[InvitationData_id:3,PeopleData_id:3,RankTypes_id:3,1]
6506002,910,0:52:58,0,[InvitationData_id:3,7,false]
6506002,911,0:53:0,0,[35,0,0,0]
6506002,1005,0:53:0,0,[2,1,2]
6506002,1001,0:53:6,0,[]
6506002,1003,0:53:6,2
6506002,210,0:53:16,791,265
6506002,211,0:53:18,817,310
6506002,213,0:53:18,0,c_teacherEng_G7a0,true
6506002,205,0:53:18,0,c_teacherEng_G7a0,false,true
6506002,210,0:53:22,1121,537
6506002,207,0:53:22,0,-200,-518.45
6506002,211,0:53:34,973,481
6506002,213,0:53:34,0,c_bestFriend_F_a_G7a0,true
6506002,205,0:53:34,0,c_bestFriend_F_a_G7a0,false,false
6506002,210,0:53:38,647,506
6506002,211,0:53:40,431,500
6506002,207,0:53:40,0,-518.45,-413.45
6506002,207,0:53:40,0,-413.45,-353.45
6506002,210,0:53:40,444,439
6506002,207,0:53:41,0,-353.45,0
6506002,211,0:53:45,2,593
6506002,210,0:53:45,234,495
6506002,207,0:54:0,0,0,-285
6506002,211,0:54:4,1378,478
6506002,207,0:54:4,0,-285,-375
6506002,210,0:54:4,1432,329
6506002,207,0:54:4,0,-375,-518.45
6506002,211,0:54:5,1536,316
6506002,210,0:54:5,1401,538
6506002,211,0:54:8,1456,521
6506002,213,0:54:8,0,c_friend1_F_a_G7a0,true
6506002,210,0:54:13,1144,456
6506002,207,0:54:17,0,-518.45,0
6506002,207,0:54:32,0,0,-360
6506002,207,0:54:35,0,-360,-518.45
6506002,211,0:55:0,1314,537
6506002,210,0:55:14,1479,510
6506002,207,0:55:14,0,-400,-518.45
6506002,211,0:55:17,815,412
6506002,213,0:55:17,0,c_teacherEng_G7a1N,true
6506002,205,0:55:17,0,c_teacherEng_G7a1N,false,false
6506002,212,0:55:21,1
6506002,210,0:55:22,1462,507
6506002,207,0:55:30,0,-518.45,0
6506002,207,0:55:37,0,0,-240
6506002,211,0:55:42,182,444
6506002,207,0:55:42,0,-240,-165
6506002,210,0:55:43,151,420
6506002,207,0:55:43,0,-165,-90
6506002,211,0:55:43,50,443
6506002,207,0:55:43,0,-90,-30
6506002,207,0:55:43,0,-30,0
6506002,210,0:55:44,72,428
6506002,211,0:55:46,2,510
6506002,210,0:55:47,54,352
6506002,207,0:55:56,0,0,-240
6506002,207,0:55:57,0,-240,-450
6506002,207,0:56:2,0,-450,-518.45
6506002,211,0:56:4,1210,468
6506002,213,0:56:4,0,s_otherStudent2_G7a1N,true
6506002,212,0:56:7,0
6506002,210,0:56:8,1381,494
6506002,211,0:56:20,1082,539
6506002,212,0:56:21,2
6506002,210,0:56:23,1029,477
6506002,211,0:56:25,842,514
6506002,213,0:56:25,0,c_teacherEng_G7a1N,true
6506002,205,0:56:25,0,c_teacherEng_G7a1N,false,true
6506002,210,0:56:29,1054,481
6506002,211,0:56:30,1055,525
6506002,213,0:56:30,0,c_bestFriend_F_a_G7a1N,true
6506002,205,0:56:30,0,c_bestFriend_F_a_G7a1N,false,false
6506002,213,0:56:34,0,s_otherStudent2_G7a1N,true
6506002,210,0:56:35,1449,534
6506002,207,0:56:39,0,-518.45,0
6506002,211,0:56:47,866,373
6506002,213,0:56:47,0,c_teacherEng_G7a1N,true
6506002,205,0:56:47,0,c_teacherEng_G7a1N,false,true
6506002,210,0:56:51,466,398
6506002,207,0:57:0,0,0,-60
6506002,207,0:57:5,0,-60,-390
6506002,207,0:57:9,0,-390,-518.45
6506002,211,0:57:15,1041,522
6506002,213,0:57:15,0,c_bestFriend_F_a_G7a1N,true
6506002,205,0:57:15,0,c_bestFriend_F_a_G7a1N,false,true
6506002,212,0:57:19,1
6506002,210,0:57:20,1454,518
6506002,207,0:57:24,0,-518.45,-473.45
6506002,211,0:57:32,430,555
6506002,207,0:57:32,0,-473.45,-413.45
6506002,207,0:57:33,0,-413.45,-383.45
6506002,210,0:57:33,579,490
6506002,211,0:57:35,342,481
6506002,207,0:57:35,0,-383.45,-323.45
6506002,207,0:57:36,0,-323.45,-263.45
6506002,207,0:57:37,0,-263.45,-203.45
6506002,207,0:57:37,0,-203.45,-143.45
6506002,207,0:57:37,0,-143.45,-98.45
6506002,210,0:57:37,266,520
6506002,207,0:57:38,0,-98.45,-53.45
6506002,207,0:57:38,0,-53.45,0
6506002,211,0:57:42,418,517
6506002,212,0:57:43,0
6506002,210,0:57:44,77,486
6506002,211,0:57:47,364,486
6506002,210,0:57:47,231,482
6506002,211,0:57:48,212,469
6506002,213,0:57:48,0,c_crewKid1_F_G7a1N,true
6506002,210,0:57:53,415,481
6506002,211,0:57:56,663,575
6506002,213,0:57:56,0,s_otherStudent1_G7a1N,true
6506002,210,0:57:59,654,424
6506002,207,0:58:2,0,0,-75
6506002,207,0:58:4,0,-75,-240
6506002,207,0:58:5,0,-240,-420
6506002,211,0:58:6,1230,488
6506002,213,0:58:6,0,s_otherStudent2_G7a1N,true
6506002,210,0:58:8,1310,441
6506002,207,0:58:9,0,-420,-518.45
6506002,211,0:58:11,1090,466
6506002,212,0:58:12,1
6506002,210,0:58:12,1453,524
6506002,211,0:58:14,1230,484
6506002,213,0:58:14,0,s_otherStudent2_G7a1N,true
6506002,210,0:58:16,982,433
6506002,211,0:58:17,1045,536
6506002,210,0:58:18,977,500
6506002,207,0:58:22,0,-518.45,-23.45
6506002,211,0:58:25,226,473
6506002,213,0:58:25,0,c_crewKid1_F_G7a1N,true
6506002,210,0:58:28,101,494
6506002,207,0:58:28,0,-23.45,0
6506002,211,0:58:31,256,124
6506002,213,0:58:31,0,s_flag_gen,true
6506002,210,0:58:36,422,133
6506002,211,0:58:36,437,150
6506002,213,0:58:36,0,s_posterPlagiarism_gen,true
6506002,210,0:58:40,424,37
6506002,211,0:58:44,598,157
6506002,213,0:58:44,0,s_atwoodPoster_gen,true
6506002,219,0:59:19,0
6506002,218,0:59:23,0
6506002,210,0:59:24,660,539
6506002,211,0:59:25,667,538
6506002,213,0:59:25,0,s_otherStudent1_G7a1N,true
6506002,210,0:59:29,302,519
6506002,207,0:59:36,0,0,-345
6506002,207,0:59:37,0,-345,-518.45
6506002,211,0:59:49,876,136
6506002,213,0:59:49,0,s_poePoster_gen,true
6506002,210,0:59:53,859,86
6506002,211,0:59:55,783,145
6506002,213,0:59:55,0,s_shakespearePoster_gen,true
6506002,210,0:59:57,705,136
6506002,211,0:59:58,696,129
6506002,213,0:59:58,0,s_angelouPoster_gen,true
6506002,210,1:0:2,501,113
6506002,207,1:0:2,0,-518.45,-293.45
6506002,211,1:0:3,616,131
6506002,213,1:0:3,0,s_atwoodPoster_gen,true
6506002,210,1:0:12,446,20
6506002,211,1:0:14,445,229
6506002,213,1:0:14,0,s_posterPlagiarism_gen,true
6506002,210,1:0:24,1159,294
6506002,207,1:0:25,0,-293.45,-83.45
6506002,211,1:0:29,475,180
6506002,213,1:0:29,0,s_posterPlagiarism_gen,true
6506002,210,1:0:31,15,504
6506002,207,1:0:31,0,-83.45,0
6506002,211,1:0:32,244,461
6506002,213,1:0:32,0,c_crewKid1_F_G7a1N,true
6506002,210,1:0:36,327,528
6506002,211,1:0:38,659,601
6506002,213,1:0:38,0,s_otherStudent1_G7a1N,true
6506002,210,1:0:41,281,222
6506002,211,1:0:44,1066,548
6506002,207,1:0:44,0,0,-60
6506002,207,1:0:45,0,-60,-105
6506002,210,1:0:45,1017,496
6506002,207,1:0:47,0,-105,-210
6506002,211,1:0:50,671,568
6506002,213,1:0:50,0,s_otherStudent1_G7a1N,true
6506002,212,1:0:56,2
6506002,212,1:1:0,1
6506002,204,1:1:11,0
6506002,103,1:1:14
6506002,105,1:1:18
6506002,703,1:1:20,[|| EpilogueItem ID: 0 unlocked: false ||,|| EpilogueItem ID: 1 unlocked: false ||,|| EpilogueItem ID: 2 unlocked: false ||,|| EpilogueItem ID: 3 unlocked: false ||,|| EpilogueItem ID: 4 unlocked: false ||,|| EpilogueItem ID: 5 unlocked: false ||,|| EpilogueItem ID: 6 unlocked: false ||,|| EpilogueItem ID: 7 unlocked: false ||,|| EpilogueItem ID: 8 unlocked: false ||,|| EpilogueItem ID: 9 unlocked: false ||,|| EpilogueItem ID: 10 unlocked: false ||,|| EpilogueItem ID: 11 unlocked: false ||,|| EpilogueItem ID: 12 unlocked: false ||,|| EpilogueItem ID: 13 unlocked: false ||,|| EpilogueItem ID: 14 unlocked: false ||,|| EpilogueItem ID: 15 unlocked: false ||,|| EpilogueItem ID: 16 unlocked: false ||,|| EpilogueItem ID: 17 unlocked: false ||,|| EpilogueItem ID: 18 unlocked: false ||,|| EpilogueItem ID: 19 unlocked: false ||,|| EpilogueItem ID: 20 unlocked: false ||,|| EpilogueItem ID: 21 unlocked: false ||,|| EpilogueItem ID: 22 unlocked: false ||,|| EpilogueItem ID: 23 unlocked: false ||,|| EpilogueItem ID: 24 unlocked: false ||],0
6506002,706,1:1:22,(x=366, y=-100, w=1024, h=768),(x=370, y=-100, w=1024, h=768)
6506002,706,1:1:23,(x=799, y=-100, w=1024, h=768),(x=796, y=-100, w=1024, h=768)
6506002,706,1:1:24,(x=1184, y=-100, w=1024, h=768),(x=1156, y=-100, w=1024, h=768)
6506002,706,1:1:25,(x=1602, y=-100, w=1024, h=768),(x=1690, y=-100, w=1024, h=768)
6506002,704,1:1:26,10
6506002,706,1:1:30,(x=2531, y=-100, w=1024, h=768),(x=2531, y=-100, w=1024, h=768)
6506002,706,1:1:30,(x=2531, y=-100, w=1024, h=768),(x=2531, y=-100, w=1024, h=768)
6506002,707,1:1:39,0,3
6506002,706,1:1:39,(x=2531, y=-100, w=1024, h=768),(x=2531, y=-100, w=1024, h=768)
6506002,708,1:1:41
6506002,1,1:1:41,7/1/2013 3:13:12pm,{"gameTime":3701649,"challengeStacks":[{"challengeScenes":[{"miniGameCards":[],"viewedAnimatic":true,"keyPoints":["s_flag_gen","c_teacherEng_G7a0","c_bestFriend_F_a_G7a0"],"unlocked":true,"touchableObjects":["c_crewKid1_F_G7a0","s_doorClassroom_G7a0","s_vocabAssignment_G7a0","s_atwoodPoster_gen","s_otherStudent1_G7a0","c_friend1_F_a_G7a0","s_flag_gen","c_teacherEng_G7a0","s_shakespearePoster_gen","s_clock_G7a0","c_bestFriend_F_a_G7a0"]},{"miniGameCards":[],"viewedAnimatic":true,"keyPoints":["c_teacherEng_G7a1N","c_bestFriend_F_a_G7a1N"],"unlocked":true,"touchableObjects":["c_teacherEng_G7a1N","s_otherStudent2_G7a1N","c_bestFriend_F_a_G7a1N","c_crewKid1_F_G7a1N","s_otherStudent1_G7a1N","s_flag_gen","s_posterPlagiarism_gen","s_atwoodPoster_gen","s_poePoster_gen","s_shakespearePoster_gen","s_angelouPoster_gen"]},{"miniGameCards":[],"viewedAnimatic":false,"keyPoints":[],"unlocked":false,"touchableObjects":[]}],"stackSize":3,"resolved":false},{"challengeScenes":[{"miniGameCards":[],"viewedAnimatic":false,"keyPoints":[],"unlocked":false,"touchableObjects":[]},{"miniGameCards":[],"viewedAnimatic":false,"keyPoints":[],"unlocked":false,"touchableObjects":[]},{"miniGameCards":[],"viewedAnimatic":false,"keyPoints":[],"unlocked":false,"touchableObjects":[]},{"miniGameCards":[],"viewedAnimatic":false,"keyPoints":[],"unlocked":false,"touchableObjects":[]},{"miniGameCards":[],"viewedAnimatic":false,"keyPoints":[],"unlocked":false,"touchableObjects":[]}],"stackSize":5,"resolved":false},{"challengeScenes":[{"miniGameCards":[],"viewedAnimatic":false,"keyPoints":[],"unlocked":false,"touchableObjects":[]},{"miniGameCards":[],"viewedAnimatic":false,"keyPoints":[],"unlocked":false,"touchableObjects":[]},{"miniGameCards":[],"viewedAnimatic":false,"keyPoints":[],"unlocked":false,"touchableObjects":[]},{"miniGameCards":[],"viewedAnimatic":false,"keyPoints":[],"unlocked":false,"touchableObjects":[]},{"miniGameCards":[],"viewedAnimatic":false,"keyPoints":[],"unlocked":false,"touchableObjects":[]},{"miniGameCards":[],"viewedAnimatic":false,"keyPoints":[],"unlocked":false,"touchableObjects":[]},{"miniGameCards":[],"viewedAnimatic":false,"keyPoints":[],"unlocked":false,"touchableObjects":[]}],"stackSize":7,"resolved":false},{"challengeScenes":[{"miniGameCards":[],"viewedAnimatic":false,"keyPoints":[],"unlocked":false,"touchableObjects":[]},{"miniGameCards":[],"viewedAnimatic":false,"keyPoints":[],"unlocked":false,"touchableObjects":[]},{"miniGameCards":[],"viewedAnimatic":false,"keyPoints":[],"unlocked":false,"touchableObjects":[]},{"miniGameCards":[],"viewedAnimatic":false,"keyPoints":[],"unlocked":false,"touchableObjects":[]},{"miniGameCards":[],"viewedAnimatic":false,"keyPoints":[],"unlocked":false,"touchableObjects":[]}],"stackSize":5,"resolved":false},{"challengeScenes":[{"miniGameCards":[],"viewedAnimatic":false,"keyPoints":[],"unlocked":false,"touchableObjects":[]},{"miniGameCards":[],"viewedAnimatic":false,"keyPoints":[],"unlocked":false,"touchableObjects":[]},{"miniGameCards":[],"viewedAnimatic":false,"keyPoints":[],"unlocked":false,"touchableObjects":[]},{"miniGameCards":[],"viewedAnimatic":false,"keyPoints":[],"unlocked":false,"touchableObjects":[]},{"miniGameCards":[],"viewedAnimatic":false,"keyPoints":[],"unlocked":false,"touchableObjects":[]}],"stackSize":5,"resolved":false},{"challengeScenes":[{"miniGameCards":[],"viewedAnimatic":false,"keyPoints":[],"unlocked":false,"touchableObjects":[]},{"miniGameCards":[],"viewedAnimatic":false,"keyPoints":[],"unlocked":false,"touchableObjects":[]},{"miniGameCards":[],"viewedAnimatic":false,"keyPoints":[],"unlocked":false,"touchableObjects":[]},{"miniGameCards":[],"viewedAnimatic":false,"keyPoints":[],"unlocked":false,"touchableObjects":[]},{"miniGameCards":[],"viewedAnimatic":false,"keyPoints":[],"unlocked":false,"touchableObjects":[]}],"stackSize":5,"resolved":false},{"challengeScenes":[{"miniGameCards":[],"viewedAnimatic":false,"keyPoints":[],"unlocked":false,"touchableObjects":[]},{"miniGameCards":[],"viewedAnimatic":false,"keyPoints":[],"unlocked":false,"touchableObjects":[]},{"miniGameCards":[],"viewedAnimatic":false,"keyPoints":[],"unlocked":false,"touchableObjects":[]},{"miniGameCards":[],"viewedAnimatic":false,"keyPoints":[],"unlocked":false,"touchableObjects":[]},{"miniGameCards":[],"viewedAnimatic":false,"keyPoints":[],"unlocked":false,"touchableObjects":[]}],"stackSize":5,"resolved":false},{"challengeScenes":[{"miniGameCards":[],"viewedAnimatic":false,"keyPoints":[],"unlocked":false,"touchableObjects":[]},{"miniGameCards":[],"viewedAnimatic":false,"keyPoints":[],"unlocked":false,"touchableObjects":[]},{"miniGameCards":[],"viewedAnimatic":false,"keyPoints":[],"unlocked":false,"touchableObjects":[]},{"miniGameCards":[],"viewedAnimatic":false,"keyPoints":[],"unlocked":false,"touchableObjects":[]},{"miniGameCards":[],"viewedAnimatic":false,"keyPoints":[],"unlocked":false,"touchableObjects":[]}],"stackSize":5,"resolved":false},{"challengeScenes":[{"miniGameCards":[],"viewedAnimatic":false,"keyPoints":[],"unlocked":false,"touchableObjects":[]},{"miniGameCards":[],"viewedAnimatic":false,"keyPoints":[],"unlocked":false,"touchableObjects":[]},{"miniGameCards":[],"viewedAnimatic":false,"keyPoints":[],"unlocked":false,"touchableObjects":[]},{"miniGameCards":[],"viewedAnimatic":false,"keyPoints":[],"unlocked":false,"touchableObjects":[]},{"miniGameCards":[],"viewedAnimatic":false,"keyPoints":[],"unlocked":false,"touchableObjects":[]}],"stackSize":5,"resolved":false},{"challengeScenes":[{"miniGameCards":[],"viewedAnimatic":false,"keyPoints":[],"unlocked":false,"touchableObjects":[]},{"miniGameCards":[],"viewedAnimatic":false,"keyPoints":[],"unlocked":false,"touchableObjects":[]},{"miniGameCards":[],"viewedAnimatic":false,"keyPoints":[],"unlocked":false,"touchableObjects":[]},{"miniGameCards":[],"viewedAnimatic":false,"keyPoints":[],"unlocked":false,"touchableObjects":[]},{"miniGameCards":[],"viewedAnimatic":false,"keyPoints":[],"unlocked":false,"touchableObjects":[]}],"stackSize":5,"resolved":false},{"challengeScenes":[{"miniGameCards":[],"viewedAnimatic":false,"keyPoints":[],"unlocked":false,"touchableObjects":[]},{"miniGameCards":[],"viewedAnimatic":false,"keyPoints":[],"unlocked":false,"touchableObjects":[]},{"miniGameCards":[],"viewedAnimatic":false,"keyPoints":[],"unlocked":false,"touchableObjects":[]},{"miniGameCards":[],"viewedAnimatic":false,"keyPoints":[],"unlocked":false,"touchableObjects":[]},{"miniGameCards":[],"viewedAnimatic":false,"keyPoints":[],"unlocked":false,"touchableObjects":[]}],"stackSize":5,"resolved":false},{"challengeScenes":[{"miniGameCards":[],"viewedAnimatic":false,"keyPoints":[],"unlocked":false,"touchableObjects":[]},{"miniGameCards":[],"viewedAnimatic":false,"keyPoints":[],"unlocked":false,"touchableObjects":[]},{"miniGameCards":[],"viewedAnimatic":false,"keyPoints":[],"unlocked":false,"touchableObjects":[]},{"miniGameCards":[],"viewedAnimatic":false,"keyPoints":[],"unlocked":false,"touchableObjects":[]},{"miniGameCards":[],"viewedAnimatic":false,"keyPoints":[],"unlocked":false,"touchableObjects":[]}],"stackSize":5,"resolved":false},{"challengeScenes":[{"miniGameCards":[],"viewedAnimatic":false,"keyPoints":[],"unlocked":true,"touchableObjects":["c_player_lati_F_a_G0a0","c_family_lati_a_G0a0","c_friends_G0a0"]},{"miniGameCards":[],"viewedAnimatic":false,"keyPoints":["c_home_G0a1N","c_job_G0a1N","c_family_lati_a_G0a1N"],"unlocked":true,"touchableObjects":["c_home_G0a1N","c_job_G0a1N","c_family_lati_a_G0a1N","c_player_lati_F_a_G0a1N"]},{"miniGameCards":[],"viewedAnimatic":false,"keyPoints":["c_Nurse_G0a1P","c_dad_lati_a_G0a1P","c_kidsister_lati_a_G0a1P","c_grandma_lati_a_G0a1P","c_Teacher_G0a1P","c_mom_lati_a_G0a1P"],"unlocked":true,"touchableObjects":["c_friends_G0a1P","c_cousins_F_a_G0a1P","c_Nurse_G0a1P","c_dad_lati_a_G0a1P","c_kidsister_lati_a_G0a1P","c_grandma_lati_a_G0a1P","c_Teacher_G0a1P","c_mom_lati_a_G0a1P"]}],"stackSize":3,"resolved":true}],"sessionId":1,"epilogue":{"rating":3},"playerId":6506002,"session":[{"sceneId":"1P","stackId":12}],"minigames":[{"levelSaveData":[{"starRating":0,"unlocked":true},{"starRating":0,"unlocked":false},{"starRating":0,"unlocked":false},{"starRating":0,"unlocked":false},{"starRating":0,"unlocked":false},{"starRating":0,"unlocked":false},{"starRating":0,"unlocked":false},{"starRating":0,"unlocked":false},{"starRating":0,"unlocked":false},{"starRating":0,"unlocked":false}],"skillPoints":0},{"levelSaveData":[{"starRating":3,"unlocked":true},{"starRating":0,"unlocked":false},{"starRating":0,"unlocked":false},{"starRating":0,"unlocked":false},{"starRating":0,"unlocked":false},{"starRating":0,"unlocked":false},{"starRating":0,"unlocked":false},{"starRating":0,"unlocked":false},{"starRating":0,"unlocked":false},{"starRating":0,"unlocked":false}],"skillPoints":3},{"levelSaveData":[{"starRating":2,"unlocked":true},{"starRating":0,"unlocked":false},{"starRating":0,"unlocked":false},{"starRating":0,"unlocked":false},{"starRating":0,"unlocked":false},{"starRating":0,"unlocked":false},{"starRating":0,"unlocked":false},{"starRating":0,"unlocked":false},{"starRating":0,"unlocked":false},{"starRating":0,"unlocked":false}],"skillPoints":2},{"levelSaveData":[{"starRating":0,"unlocked":false},{"starRating":0,"unlocked":false},{"starRating":0,"unlocked":false},{"starRating":0,"unlocked":false},{"starRating":0,"unlocked":false},{"starRating":0,"unlocked":false},{"starRating":0,"unlocked":false},{"starRating":0,"unlocked":false},{"starRating":0,"unlocked":false},{"starRating":0,"unlocked":false}],"skillPoints":0},{"age":11,"name":"valentina","gender":1,"levelSaveData":[{"starRating":3,"unlocked":true},{"starRating":3,"chunks":[["1"],["0$$very nice ","14$$happy"],["13$$working","3$$vacation","5$$love dogs"],["0"]],"unlocked":true},{"starRating":0,"chunks":[[null],[null,null],[null,null]],"unlocked":false},{"starRating":0,"chunks":[[null],[null],[null],[null],[null,null],[null]],"unlocked":false},{"starRating":0,"chunks":[[null],[null],[null,null],[null],[null],[null]],"unlocked":false},{"starRating":0,"chunks":[[null],[null,null,null,null],[null],[null]],"unlocked":false},{"starRating":0,"chunks":[[null],[null],[null,null],[null,null],[null]],"unlocked":false},{"starRating":0,"chunks":[[null,null,null],[null,null,null],[null],[null],[null]],"unlocked":false},{"starRating":0,"chunks":[[null,null,null],[null,null,null],[null,null]],"unlocked":false},{"starRating":0,"chunks":[[null],[null],[null],[null],[null],[null]],"unlocked":false}],"visualAvatar":0,"id":2,"skillPoints":6}],"avatar":{"age":11,"name":"valentina","gender":1,"levelSaveData":[{"starRating":3,"unlocked":true},{"starRating":3,"chunks":[["1"],["0$$very nice ","14$$happy"],["13$$working","3$$vacation","5$$love dogs"],["0"]],"unlocked":true},{"starRating":0,"chunks":[[null],[null,null],[null,null]],"unlocked":false},{"starRating":0,"chunks":[[null],[null],[null],[null],[null,null],[null]],"unlocked":false},{"starRating":0,"chunks":[[null],[null],[null,null],[null],[null],[null]],"unlocked":false},{"starRating":0,"chunks":[[null],[null,null,null,null],[null],[null]],"unlocked":false},{"starRating":0,"chunks":[[null],[null],[null,null],[null,null],[null]],"unlocked":false},{"starRating":0,"chunks":[[null,null,null],[null,null,null],[null],[null],[null]],"unlocked":false},{"starRating":0,"chunks":[[null,null,null],[null,null,null],[null,null]],"unlocked":false},{"starRating":0,"chunks":[[null],[null],[null],[null],[null],[null]],"unlocked":false}],"visualAvatar":0,"id":2,"skillPoints":6}}
