6506002,0,1:1:41,7/2/2013 2:10:14pm
6506002,100,1:1:48,0
6506002,102,1:1:50,0
6506002,200,1:1:50,0,0,3,2,0,6
6506002,212,1:1:56,1
6506002,210,1:1:57,1111,165
6506002,207,1:1:58,0,-200,-395
6506002,211,1:1:59,607,141
6506002,213,1:1:59,0,s_atwoodPoster_gen,true
6506002,207,1:2:4,0,-395,-350
6506002,210,1:2:4,446,263
6506002,211,1:2:4,504,255
6506002,207,1:2:4,0,-350,-350
6506002,207,1:2:5,0,-350,-320
6506002,210,1:2:5,469,251
6506002,211,1:2:5,483,256
6506002,207,1:2:5,0,-320,-290
6506002,210,1:2:6,409,274
6506002,211,1:2:7,22,447
6506002,207,1:2:7,0,-290,-5
6506002,207,1:2:7,0,-5,0
6506002,210,1:2:7,41,447
6506002,211,1:2:9,225,456
6506002,213,1:2:9,0,c_crewKid1_F_G7a0,true
6506002,221,1:2:13,0
6506002,220,1:2:16,0
6506002,221,1:2:19,0
6506002,220,1:2:22,0
6506002,210,1:2:23,50,534
6506002,211,1:2:29,264,177
6506002,213,1:2:29,0,s_flag_gen,true
6506002,205,1:2:29,0,s_flag_gen,false,true
6506002,210,1:2:38,611,363
6506002,211,1:2:39,1323,301
6506002,207,1:2:39,0,0,-315
6506002,210,1:2:39,1355,301
6506002,207,1:2:39,0,-315,-390
6506002,211,1:2:40,1449,319
6506002,207,1:2:40,0,-390,-450
6506002,207,1:2:41,0,-450,-510
6506002,210,1:2:41,1451,313
6506002,207,1:2:41,0,-510,-518.45
6506002,211,1:2:43,1279,306
6506002,212,1:3:2,0
6506002,210,1:3:3,1465,291
6506002,207,1:3:3,0,-400,-518.45
6506002,211,1:3:12,1199,461
6506002,213,1:3:12,0,s_otherStudent2_G7a1N,true
6506002,210,1:3:15,960,460
6506002,211,1:3:16,1053,529
6506002,210,1:3:17,1043,513
6506002,211,1:3:23,645,602
6506002,213,1:3:23,0,s_otherStudent1_G7a1N,true
6506002,213,1:3:29,0,s_otherStudent1_G7a1N,true
6506002,210,1:3:32,806,554
6506002,207,1:3:35,0,-518.45,-293.45
6506002,211,1:3:38,149,521
6506002,207,1:3:38,0,-293.45,-128.45
6506002,207,1:3:39,0,-128.45,-83.45
6506002,210,1:3:39,202,568
6506002,207,1:3:40,0,-83.45,0
6506002,207,1:3:49,0,0,-225
6506002,207,1:3:55,0,-225,-405
6506002,207,1:3:56,0,-405,-518.45
6506002,211,1:4:0,1537,555
6506002,210,1:4:1,1524,551
6506002,207,1:4:18,0,-518.45,0
6506002,207,1:4:29,0,0,-518.45
6506002,211,1:4:44,345,249
6506002,207,1:4:44,0,-518.45,-323.45
6506002,207,1:4:45,0,-323.45,-278.45
6506002,210,1:4:45,383,188
6506002,211,1:4:46,995,436
6506002,210,1:4:51,1161,365
6506002,211,1:4:52,1307,452
6506002,207,1:4:52,0,-278.45,-338.45
6506002,219,1:4:58,0
6506002,218,1:5:3,0
6506002,210,1:5:9,1378,474
6506002,207,1:5:10,0,-338.45,-518.45
6506002,207,1:5:19,0,-518.45,0
6506002,211,1:5:23,745,500
6506002,212,1:5:25,1
6506002,210,1:5:25,414,286
6506002,211,1:5:33,230,408
6506002,212,1:5:34,0
6506002,210,1:5:35,375,388
6506002,211,1:5:36,232,412
6506002,212,1:5:36,2
6506002,210,1:5:37,250,376
6506002,211,1:5:39,854,425
6506002,213,1:5:39,0,c_teacherEng_G7a1N,true
6506002,205,1:5:39,0,c_teacherEng_G7a1N,false,true
6506002,210,1:5:46,821,299
6506002,207,1:5:49,0,0,-240
6506002,211,1:5:49,878,176
6506002,213,1:5:49,0,s_poePoster_gen,true
6506002,212,1:5:52,1
6506002,210,1:5:52,991,111
6506002,211,1:5:54,733,390
6506002,212,1:5:55,0
6506002,210,1:5:56,885,159
6506002,207,1:6:1,0,-240,-518.45
6506002,211,1:6:7,1135,641
6506002,212,1:6:9,2
6506002,210,1:6:10,1473,520
6506002,211,1:6:14,1041,553
6506002,213,1:6:14,0,c_bestFriend_F_a_G7a1N,true
6506002,205,1:6:14,0,c_bestFriend_F_a_G7a1N,false,true
6506002,210,1:6:21,1140,494
6506002,207,1:6:25,0,-518.45,0
6506002,207,1:6:32,0,0,-255
6506002,211,1:6:34,522,437
6506002,212,1:6:38,0
6506002,210,1:6:40,1307,50
6506002,207,1:6:40,0,-255,-518.45
6506002,211,1:6:49,886,442
6506002,212,1:6:49,1
6506002,210,1:6:50,855,359
6506002,211,1:6:52,783,318
6506002,213,1:6:52,0,s_paperPlayers_G7a1N,true
6506002,205,1:6:52,0,s_paperPlayers_G7a1N,false,false
6506002,221,1:7:3,0
6506002,220,1:7:5,0
6506002,219,1:7:5,0
6506002,216,1:7:6,Stack_G7a1P
6506002,217,1:7:16,Stack_G7a1P,7.7,0.00
6506002,218,1:7:17,0
6506002,210,1:7:20,1184,345
6506002,211,1:7:24,1224,151
6506002,213,1:7:24,0,s_clock_G7a1P,true
6506002,210,1:7:27,1190,160
6506002,211,1:7:27,1508,256
6506002,207,1:7:27,0,-400,-505
6506002,207,1:7:28,0,-505,-518
6506002,210,1:7:28,1499,336
6506002,211,1:7:29,1500,333
6506002,213,1:7:29,0,s_paperEnglish_gen,true
6506002,205,1:7:29,0,s_paperEnglish_gen,false,false
6506002,210,1:7:32,992,226
6506002,207,1:7:34,0,-518,-488
6506002,211,1:7:36,768,388
6506002,213,1:7:36,0,c_teacherEng_G7a1P,true
6506002,205,1:7:36,0,c_teacherEng_G7a1P,false,false
6506002,210,1:7:39,864,471
6506002,211,1:7:41,786,486
6506002,213,1:7:41,0,c_teacherEng_G7a1P,true
6506002,205,1:7:41,0,c_teacherEng_G7a1P,false,true
6506002,210,1:7:44,773,435
6506002,207,1:7:45,0,-488,0
6506002,211,1:7:48,235,401
6506002,213,1:7:48,0,s_papersDetention_gen,true
6506002,210,1:7:51,291,175
6506002,207,1:8:2,0,0,-150
6506002,211,1:8:6,866,148
6506002,213,1:8:6,0,s_poePoster_gen,true
6506002,210,1:8:8,668,120
6506002,211,1:8:10,692,150
6506002,213,1:8:10,0,s_angelouPoster_gen,true
6506002,210,1:8:12,589,112
6506002,211,1:8:13,617,121
6506002,213,1:8:13,0,s_atwoodPoster_gen,true
6506002,210,1:8:15,793,371
6506002,207,1:8:15,0,-150,-240
6506002,211,1:8:17,767,432
6506002,213,1:8:17,0,c_teacherEng_G7a1P,true
6506002,205,1:8:17,0,c_teacherEng_G7a1P,false,true
6506002,212,1:8:22,0
6506002,210,1:8:23,1162,396
6506002,207,1:8:23,0,-240,-420
6506002,211,1:8:25,1223,160
6506002,213,1:8:25,0,s_clock_G7a1P,true
6506002,210,1:8:28,1239,316
6506002,207,1:8:28,0,-420,-518
6506002,211,1:8:30,976,510
6506002,213,1:8:30,0,c_bestFriend_F_a_G7a1P,true
6506002,1003,1:8:33,0
6506002,1004,1:8:34,0
6506002,400,1:8:42,0,[]
6506002,401,1:8:51,0,[StatementsData_logId:0]
6506002,402,1:8:58,0,[StatementsData_logId:0,false]
6506002,405,1:9:0,0,[StatementsData_logId:0]
6506002,406,1:9:6,0,[StatementsData_logId:0,-2]
6506002,411,1:9:14,0,[StatementsData_logId:0]
6506002,401,1:9:19,0,[StatementsData_logId:1]
6506002,402,1:9:22,0,[StatementsData_logId:1,true]
6506002,405,1:9:23,0,[StatementsData_logId:1]
6506002,406,1:9:25,0,[StatementsData_logId:1,2]
6506002,411,1:9:33,0,[StatementsData_logId:1]
6506002,401,1:9:41,0,[StatementsData_logId:2]
6506002,402,1:9:56,0,[StatementsData_logId:2,false]
6506002,405,1:9:57,0,[StatementsData_logId:2]
6506002,406,1:10:1,0,[StatementsData_logId:2,-2]
6506002,411,1:10:4,0,[StatementsData_logId:2]
6506002,401,1:10:5,0,[StatementsData_logId:3]
6506002,403,1:10:13,0,[StatementsData_logId:3,true]
6506002,405,1:10:14,0,[StatementsData_logId:3]
6506002,406,1:10:15,0,[StatementsData_logId:3,2]
6506002,407,1:10:15,0,[StatementsData_logId:3,FactCardData_id:7]
6506002,407,1:10:15,0,[StatementsData_logId:3,FactCardData_id:4]
6506002,407,1:10:16,0,[StatementsData_logId:3,FactCardData_id:0]
6506002,407,1:10:16,0,[StatementsData_logId:3,FactCardData_id:5]
6506002,407,1:10:16,0,[StatementsData_logId:3,FactCardData_id:3]
6506002,407,1:10:16,0,[StatementsData_logId:3,FactCardData_id:6]
6506002,407,1:10:31,0,[StatementsData_logId:3,FactCardData_id:7]
6506002,407,1:10:31,0,[StatementsData_logId:3,FactCardData_id:7]
6506002,407,1:10:35,0,[StatementsData_logId:3,FactCardData_id:0]
6506002,407,1:10:35,0,[StatementsData_logId:3,FactCardData_id:7]
6506002,407,1:10:35,0,[StatementsData_logId:3,FactCardData_id:0]
6506002,407,1:10:40,0,[StatementsData_logId:3,FactCardData_id:3]
6506002,407,1:10:40,0,[StatementsData_logId:3,FactCardData_id:0]
6506002,407,1:10:40,0,[StatementsData_logId:3,FactCardData_id:3]
6506002,407,1:10:46,0,[StatementsData_logId:3,FactCardData_id:4]
6506002,407,1:10:46,0,[StatementsData_logId:3,FactCardData_id:3]
6506002,407,1:10:46,0,[StatementsData_logId:3,FactCardData_id:4]
6506002,407,1:10:49,0,[StatementsData_logId:3,FactCardData_id:5]
6506002,407,1:10:49,0,[StatementsData_logId:3,FactCardData_id:4]
6506002,407,1:10:49,0,[StatementsData_logId:3,FactCardData_id:5]
6506002,407,1:10:53,0,[StatementsData_logId:3,FactCardData_id:6]
6506002,407,1:10:53,0,[StatementsData_logId:3,FactCardData_id:5]
6506002,407,1:10:53,0,[StatementsData_logId:3,FactCardData_id:6]
6506002,407,1:10:57,0,[StatementsData_logId:3,FactCardData_id:4]
6506002,407,1:10:57,0,[StatementsData_logId:3,FactCardData_id:6]
6506002,407,1:10:57,0,[StatementsData_logId:3,FactCardData_id:4]
6506002,408,1:11:1,0,[StatementsData_logId:3,FactCardData_id:4,false]
6506002,406,1:11:12,0,[StatementsData_logId:3,-2]
6506002,411,1:11:15,0,[StatementsData_logId:3]
6506002,401,1:11:18,0,[StatementsData_logId:4]
6506002,402,1:11:21,0,[StatementsData_logId:4,true]
6506002,405,1:11:22,0,[StatementsData_logId:4]
6506002,406,1:11:30,0,[StatementsData_logId:4,2]
6506002,411,1:11:32,0,[StatementsData_logId:4]
6506002,401,1:11:40,0,[StatementsData_logId:5]
6506002,402,1:11:41,0,[StatementsData_logId:5,false]
6506002,405,1:11:43,0,[StatementsData_logId:5]
6506002,406,1:11:45,0,[StatementsData_logId:5,-2]
6506002,411,1:11:47,0,[StatementsData_logId:5]
6506002,420,1:11:47,0,[30]
6506002,1000,1:11:51,0,[]
6506002,400,1:11:52,0,[]
6506002,401,1:11:54,0,[StatementsData_logId:0]
6506002,403,1:11:56,0,[StatementsData_logId:0,true]
6506002,405,1:11:57,0,[StatementsData_logId:0]
6506002,406,1:11:58,0,[StatementsData_logId:0,2]
6506002,407,1:11:58,0,[StatementsData_logId:0,FactCardData_id:6]
6506002,407,1:11:58,0,[StatementsData_logId:0,FactCardData_id:4]
6506002,407,1:11:58,0,[StatementsData_logId:0,FactCardData_id:5]
6506002,407,1:11:58,0,[StatementsData_logId:0,FactCardData_id:7]
6506002,407,1:11:58,0,[StatementsData_logId:0,FactCardData_id:0]
6506002,407,1:11:58,0,[StatementsData_logId:0,FactCardData_id:3]
6506002,407,1:12:1,0,[StatementsData_logId:0,FactCardData_id:6]
6506002,407,1:12:1,0,[StatementsData_logId:0,FactCardData_id:6]
6506002,407,1:12:9,0,[StatementsData_logId:0,FactCardData_id:5]
6506002,407,1:12:9,0,[StatementsData_logId:0,FactCardData_id:6]
6506002,407,1:12:9,0,[StatementsData_logId:0,FactCardData_id:5]
6506002,407,1:12:12,0,[StatementsData_logId:0,FactCardData_id:0]
6506002,407,1:12:12,0,[StatementsData_logId:0,FactCardData_id:5]
6506002,407,1:12:12,0,[StatementsData_logId:0,FactCardData_id:0]
6506002,407,1:12:14,0,[StatementsData_logId:0,FactCardData_id:5]
6506002,407,1:12:14,0,[StatementsData_logId:0,FactCardData_id:0]
6506002,407,1:12:14,0,[StatementsData_logId:0,FactCardData_id:5]
6506002,407,1:12:15,0,[StatementsData_logId:0,FactCardData_id:0]
6506002,407,1:12:15,0,[StatementsData_logId:0,FactCardData_id:5]
6506002,407,1:12:15,0,[StatementsData_logId:0,FactCardData_id:0]
6506002,407,1:12:19,0,[StatementsData_logId:0,FactCardData_id:4]
6506002,407,1:12:19,0,[StatementsData_logId:0,FactCardData_id:0]
6506002,407,1:12:19,0,[StatementsData_logId:0,FactCardData_id:4]
6506002,407,1:12:21,0,[StatementsData_logId:0,FactCardData_id:7]
6506002,407,1:12:21,0,[StatementsData_logId:0,FactCardData_id:4]
6506002,407,1:12:21,0,[StatementsData_logId:0,FactCardData_id:7]
6506002,407,1:12:24,0,[StatementsData_logId:0,FactCardData_id:3]
6506002,407,1:12:24,0,[StatementsData_logId:0,FactCardData_id:7]
6506002,407,1:12:24,0,[StatementsData_logId:0,FactCardData_id:3]
6506002,408,1:12:30,0,[StatementsData_logId:0,FactCardData_id:3,false]
6506002,406,1:12:34,0,[StatementsData_logId:0,-2]
6506002,411,1:12:36,0,[StatementsData_logId:0]
6506002,401,1:12:38,0,[StatementsData_logId:1]
6506002,404,1:12:45,0,[StatementsData_logId:1,false]
6506002,405,1:12:47,0,[StatementsData_logId:1]
6506002,406,1:12:49,0,[StatementsData_logId:1,-2]
6506002,411,1:12:50,0,[StatementsData_logId:1]
6506002,401,1:12:52,0,[StatementsData_logId:2]
6506002,403,1:12:55,0,[StatementsData_logId:2,false]
6506002,405,1:12:56,0,[StatementsData_logId:2]
6506002,406,1:12:57,0,[StatementsData_logId:2,-2]
6506002,411,1:12:59,0,[StatementsData_logId:2]
6506002,401,1:12:59,0,[StatementsData_logId:3]
6506002,403,1:13:1,0,[StatementsData_logId:3,true]
6506002,405,1:13:2,0,[StatementsData_logId:3]
6506002,406,1:13:3,0,[StatementsData_logId:3,2]
6506002,407,1:13:3,0,[StatementsData_logId:3,FactCardData_id:4]
6506002,407,1:13:3,0,[StatementsData_logId:3,FactCardData_id:6]
6506002,407,1:13:3,0,[StatementsData_logId:3,FactCardData_id:7]
6506002,407,1:13:3,0,[StatementsData_logId:3,FactCardData_id:0]
6506002,407,1:13:3,0,[StatementsData_logId:3,FactCardData_id:3]
6506002,407,1:13:3,0,[StatementsData_logId:3,FactCardData_id:5]
6506002,407,1:13:5,0,[StatementsData_logId:3,FactCardData_id:4]
6506002,407,1:13:5,0,[StatementsData_logId:3,FactCardData_id:4]
6506002,407,1:13:8,0,[StatementsData_logId:3,FactCardData_id:7]
6506002,407,1:13:8,0,[StatementsData_logId:3,FactCardData_id:4]
6506002,407,1:13:8,0,[StatementsData_logId:3,FactCardData_id:7]
6506002,407,1:13:9,0,[StatementsData_logId:3,FactCardData_id:3]
6506002,407,1:13:9,0,[StatementsData_logId:3,FactCardData_id:7]
6506002,407,1:13:9,0,[StatementsData_logId:3,FactCardData_id:3]
6506002,407,1:13:11,0,[StatementsData_logId:3,FactCardData_id:7]
6506002,407,1:13:11,0,[StatementsData_logId:3,FactCardData_id:3]
6506002,407,1:13:11,0,[StatementsData_logId:3,FactCardData_id:7]
6506002,407,1:13:13,0,[StatementsData_logId:3,FactCardData_id:3]
6506002,407,1:13:13,0,[StatementsData_logId:3,FactCardData_id:7]
6506002,407,1:13:13,0,[StatementsData_logId:3,FactCardData_id:3]
6506002,408,1:13:14,0,[StatementsData_logId:3,FactCardData_id:3,false]
6506002,406,1:13:18,0,[StatementsData_logId:3,-2]
6506002,411,1:13:19,0,[StatementsData_logId:3]
6506002,401,1:13:20,0,[StatementsData_logId:4]
6506002,402,1:13:21,0,[StatementsData_logId:4,true]
6506002,405,1:13:22,0,[StatementsData_logId:4]
6506002,406,1:13:23,0,[StatementsData_logId:4,2]
6506002,411,1:13:26,0,[StatementsData_logId:4]
6506002,401,1:13:27,0,[StatementsData_logId:5]
6506002,404,1:13:28,0,[StatementsData_logId:5,true]
6506002,406,1:13:29,0,[StatementsData_logId:5,2]
6506002,412,1:13:32,0,[StatementsData_logId:5]
6506002,413,1:13:37,0,[StatementsData_logId:5,DuelResponsesData_logId:9]
6506002,414,1:13:40,0,[StatementsData_logId:5,DuelResponsesData_logId:9]
6506002,415,1:13:56,0,[StatementsData_logId:5,DuelResponsesData_logId:9,DuelResponsesData_lame_player_response]
6506002,416,1:14:0,0,[StatementsData_logId:5,DuelResponsesData_logId:9]
6506002,417,1:14:2,0,[StatementsData_logId:5,DuelResponsesData_logId:9]
6506002,413,1:14:5,0,[StatementsData_logId:5,DuelResponsesData_logId:10]
6506002,414,1:14:7,0,[StatementsData_logId:5,DuelResponsesData_logId:10]
6506002,415,1:14:34,0,[StatementsData_logId:5,DuelResponsesData_logId:10,DuelResponsesData_witty_player_response]
6506002,416,1:14:35,0,[StatementsData_logId:5,DuelResponsesData_logId:10]
6506002,417,1:14:37,0,[StatementsData_logId:5,DuelResponsesData_logId:10]
6506002,413,1:14:40,0,[StatementsData_logId:5,DuelResponsesData_logId:11]
6506002,414,1:14:43,0,[StatementsData_logId:5,DuelResponsesData_logId:11]
6506002,415,1:15:10,0,[StatementsData_logId:5,DuelResponsesData_logId:11,DuelResponsesData_ok_player_response]
6506002,416,1:15:11,0,[StatementsData_logId:5,DuelResponsesData_logId:11]
6506002,417,1:15:13,0,[StatementsData_logId:5,DuelResponsesData_logId:11]
6506002,418,1:15:13,0,[StatementsData_logId:5,false]
6506002,419,1:15:19,0,[StatementsData_logId:5,-4]
6506002,411,1:15:21,0,[StatementsData_logId:5]
6506002,420,1:15:21,0,[28]
6506002,1001,1:15:25,0,[]
6506002,1003,1:15:25,0
6506002,1004,1:15:26,0
6506002,400,1:15:28,0,[]
6506002,401,1:15:29,0,[StatementsData_logId:0]
6506002,403,1:16:34,0,[StatementsData_logId:0,true]
6506002,405,1:16:35,0,[StatementsData_logId:0]
6506002,406,1:16:36,0,[StatementsData_logId:0,2]
6506002,407,1:16:36,0,[StatementsData_logId:0,FactCardData_id:3]
6506002,407,1:16:36,0,[StatementsData_logId:0,FactCardData_id:5]
6506002,407,1:16:36,0,[StatementsData_logId:0,FactCardData_id:6]
6506002,407,1:16:36,0,[StatementsData_logId:0,FactCardData_id:4]
6506002,407,1:16:36,0,[StatementsData_logId:0,FactCardData_id:7]
6506002,407,1:16:36,0,[StatementsData_logId:0,FactCardData_id:0]
6506002,407,1:16:39,0,[StatementsData_logId:0,FactCardData_id:6]
6506002,407,1:16:39,0,[StatementsData_logId:0,FactCardData_id:6]
6506002,408,1:16:40,0,[StatementsData_logId:0,FactCardData_id:6,true]
6506002,409,1:16:40,0,[StatementsData_logId:0]
6506002,410,1:16:41,0,[StatementsData_logId:0,2]
6506002,412,1:16:43,0,[StatementsData_logId:0]
6506002,413,1:16:50,0,[StatementsData_logId:0,DuelResponsesData_logId:0]
6506002,414,1:16:54,0,[StatementsData_logId:0,DuelResponsesData_logId:0]
6506002,415,1:17:15,0,[StatementsData_logId:0,DuelResponsesData_logId:0,DuelResponsesData_lame_player_response]
6506002,416,1:17:16,0,[StatementsData_logId:0,DuelResponsesData_logId:0]
6506002,417,1:17:18,0,[StatementsData_logId:0,DuelResponsesData_logId:0]
6506002,413,1:17:23,0,[StatementsData_logId:0,DuelResponsesData_logId:1]
6506002,414,1:17:24,0,[StatementsData_logId:0,DuelResponsesData_logId:1]
6506002,415,1:17:39,0,[StatementsData_logId:0,DuelResponsesData_logId:1,DuelResponsesData_witty_player_response]
6506002,416,1:17:40,0,[StatementsData_logId:0,DuelResponsesData_logId:1]
6506002,417,1:17:41,0,[StatementsData_logId:0,DuelResponsesData_logId:1]
6506002,413,1:17:51,0,[StatementsData_logId:0,DuelResponsesData_logId:2]
6506002,414,1:17:53,0,[StatementsData_logId:0,DuelResponsesData_logId:2]
6506002,415,1:18:9,0,[StatementsData_logId:0,DuelResponsesData_logId:2,DuelResponsesData_witty_player_response]
6506002,416,1:18:10,0,[StatementsData_logId:0,DuelResponsesData_logId:2]
6506002,417,1:18:13,0,[StatementsData_logId:0,DuelResponsesData_logId:2]
6506002,418,1:18:13,0,[StatementsData_logId:0,true]
6506002,419,1:18:17,0,[StatementsData_logId:0,4]
6506002,411,1:18:21,0,[StatementsData_logId:0]
6506002,401,1:18:24,0,[StatementsData_logId:1]
6506002,404,1:18:29,0,[StatementsData_logId:1,false]
6506002,405,1:18:31,0,[StatementsData_logId:1]
6506002,406,1:18:33,0,[StatementsData_logId:1,-2]
6506002,411,1:18:35,0,[StatementsData_logId:1]
6506002,401,1:18:36,0,[StatementsData_logId:2]
6506002,402,1:18:37,0,[StatementsData_logId:2,false]
6506002,405,1:18:38,0,[StatementsData_logId:2]
6506002,406,1:18:39,0,[StatementsData_logId:2,-2]
6506002,411,1:18:40,0,[StatementsData_logId:2]
6506002,401,1:18:41,0,[StatementsData_logId:3]
6506002,403,1:18:46,0,[StatementsData_logId:3,true]
6506002,405,1:18:47,0,[StatementsData_logId:3]
6506002,406,1:18:48,0,[StatementsData_logId:3,2]
6506002,407,1:18:48,0,[StatementsData_logId:3,FactCardData_id:6]
6506002,407,1:18:48,0,[StatementsData_logId:3,FactCardData_id:0]
6506002,407,1:18:48,0,[StatementsData_logId:3,FactCardData_id:4]
6506002,407,1:18:48,0,[StatementsData_logId:3,FactCardData_id:3]
6506002,407,1:18:48,0,[StatementsData_logId:3,FactCardData_id:7]
6506002,407,1:18:48,0,[StatementsData_logId:3,FactCardData_id:5]
6506002,407,1:18:51,0,[StatementsData_logId:3,FactCardData_id:7]
6506002,407,1:18:51,0,[StatementsData_logId:3,FactCardData_id:7]
6506002,408,1:18:52,0,[StatementsData_logId:3,FactCardData_id:7,false]
6506002,406,1:18:55,0,[StatementsData_logId:3,-2]
6506002,411,1:18:56,0,[StatementsData_logId:3]
6506002,401,1:18:57,0,[StatementsData_logId:4]
6506002,402,1:19:0,0,[StatementsData_logId:4,true]
6506002,405,1:19:1,0,[StatementsData_logId:4]
6506002,406,1:19:3,0,[StatementsData_logId:4,2]
6506002,411,1:19:4,0,[StatementsData_logId:4]
6506002,401,1:19:9,0,[StatementsData_logId:5]
6506002,404,1:19:10,0,[StatementsData_logId:5,true]
6506002,406,1:19:11,0,[StatementsData_logId:5,2]
6506002,412,1:19:14,0,[StatementsData_logId:5]
6506002,413,1:19:17,0,[StatementsData_logId:5,DuelResponsesData_logId:9]
6506002,414,1:19:18,0,[StatementsData_logId:5,DuelResponsesData_logId:9]
6506002,415,1:19:58,0,[StatementsData_logId:5,DuelResponsesData_logId:9,DuelResponsesData_lame_player_response]
6506002,416,1:19:59,0,[StatementsData_logId:5,DuelResponsesData_logId:9]
6506002,417,1:20:0,0,[StatementsData_logId:5,DuelResponsesData_logId:9]
6506002,413,1:20:2,0,[StatementsData_logId:5,DuelResponsesData_logId:10]
6506002,414,1:20:6,0,[StatementsData_logId:5,DuelResponsesData_logId:10]
6506002,415,1:20:11,0,[StatementsData_logId:5,DuelResponsesData_logId:10,DuelResponsesData_witty_player_response]
6506002,416,1:20:12,0,[StatementsData_logId:5,DuelResponsesData_logId:10]
6506002,417,1:20:13,0,[StatementsData_logId:5,DuelResponsesData_logId:10]
6506002,413,1:20:15,0,[StatementsData_logId:5,DuelResponsesData_logId:11]
6506002,414,1:20:19,0,[StatementsData_logId:5,DuelResponsesData_logId:11]
6506002,415,1:20:20,0,[StatementsData_logId:5,DuelResponsesData_logId:11,DuelResponsesData_witty_player_response]
6506002,416,1:20:21,0,[StatementsData_logId:5,DuelResponsesData_logId:11]
6506002,417,1:20:24,0,[StatementsData_logId:5,DuelResponsesData_logId:11]
6506002,418,1:20:24,0,[StatementsData_logId:5,true]
6506002,419,1:20:25,0,[StatementsData_logId:5,4]
6506002,411,1:20:26,0,[StatementsData_logId:5]
6506002,420,1:20:26,0,[44]
6506002,1005,1:20:26,0,[0,0,1]
6506002,1001,1:20:30,0,[]
6506002,1003,1:20:30,0
6506002,210,1:20:37,942,409
6506002,211,1:20:38,976,432
6506002,213,1:20:38,0,c_bestFriend_F_a_G7a1P,true
6506002,1003,1:20:43,0
6506002,1004,1:20:45,0
6506002,400,1:20:47,0,[]
6506002,401,1:20:53,0,[StatementsData_logId:0]
6506002,403,1:20:56,0,[StatementsData_logId:0,true]
6506002,405,1:20:57,0,[StatementsData_logId:0]
6506002,406,1:20:59,0,[StatementsData_logId:0,2]
6506002,407,1:20:59,0,[StatementsData_logId:0,FactCardData_id:7]
6506002,407,1:20:59,0,[StatementsData_logId:0,FactCardData_id:5]
6506002,407,1:20:59,0,[StatementsData_logId:0,FactCardData_id:0]
6506002,407,1:20:59,0,[StatementsData_logId:0,FactCardData_id:3]
6506002,407,1:20:59,0,[StatementsData_logId:0,FactCardData_id:4]
6506002,407,1:20:59,0,[StatementsData_logId:0,FactCardData_id:6]
6506002,407,1:21:33,0,[StatementsData_logId:0,FactCardData_id:7]
6506002,407,1:21:33,0,[StatementsData_logId:0,FactCardData_id:7]
6506002,407,1:21:49,0,[StatementsData_logId:0,FactCardData_id:0]
6506002,407,1:21:49,0,[StatementsData_logId:0,FactCardData_id:7]
6506002,407,1:21:49,0,[StatementsData_logId:0,FactCardData_id:0]
6506002,407,1:22:0,0,[StatementsData_logId:0,FactCardData_id:4]
6506002,407,1:22:0,0,[StatementsData_logId:0,FactCardData_id:0]
6506002,407,1:22:0,0,[StatementsData_logId:0,FactCardData_id:4]
6506002,407,1:22:18,0,[StatementsData_logId:0,FactCardData_id:5]
6506002,407,1:22:18,0,[StatementsData_logId:0,FactCardData_id:4]
6506002,407,1:22:18,0,[StatementsData_logId:0,FactCardData_id:5]
6506002,407,1:22:24,0,[StatementsData_logId:0,FactCardData_id:3]
6506002,407,1:22:24,0,[StatementsData_logId:0,FactCardData_id:5]
6506002,407,1:22:24,0,[StatementsData_logId:0,FactCardData_id:3]
6506002,407,1:22:33,0,[StatementsData_logId:0,FactCardData_id:6]
6506002,407,1:22:33,0,[StatementsData_logId:0,FactCardData_id:3]
6506002,407,1:22:33,0,[StatementsData_logId:0,FactCardData_id:6]
6506002,408,1:22:38,0,[StatementsData_logId:0,FactCardData_id:6,true]
6506002,409,1:22:38,0,[StatementsData_logId:0]
6506002,410,1:22:40,0,[StatementsData_logId:0,2]
6506002,412,1:22:43,0,[StatementsData_logId:0]
6506002,413,1:22:47,0,[StatementsData_logId:0,DuelResponsesData_logId:0]
6506002,414,1:22:48,0,[StatementsData_logId:0,DuelResponsesData_logId:0]
6506002,415,1:22:56,0,[StatementsData_logId:0,DuelResponsesData_logId:0,DuelResponsesData_ok_player_response]
6506002,416,1:22:57,0,[StatementsData_logId:0,DuelResponsesData_logId:0]
6506002,417,1:22:58,0,[StatementsData_logId:0,DuelResponsesData_logId:0]
6506002,413,1:23:2,0,[StatementsData_logId:0,DuelResponsesData_logId:1]
6506002,414,1:23:4,0,[StatementsData_logId:0,DuelResponsesData_logId:1]
6506002,415,1:23:39,0,[StatementsData_logId:0,DuelResponsesData_logId:1,DuelResponsesData_ok_player_response]
6506002,416,1:23:41,0,[StatementsData_logId:0,DuelResponsesData_logId:1]
6506002,417,1:23:42,0,[StatementsData_logId:0,DuelResponsesData_logId:1]
6506002,413,1:23:46,0,[StatementsData_logId:0,DuelResponsesData_logId:2]
6506002,414,1:23:47,0,[StatementsData_logId:0,DuelResponsesData_logId:2]
6506002,415,1:23:51,0,[StatementsData_logId:0,DuelResponsesData_logId:2,DuelResponsesData_witty_player_response]
6506002,416,1:23:52,0,[StatementsData_logId:0,DuelResponsesData_logId:2]
6506002,417,1:23:54,0,[StatementsData_logId:0,DuelResponsesData_logId:2]
6506002,418,1:23:54,0,[StatementsData_logId:0,true]
6506002,419,1:23:58,0,[StatementsData_logId:0,4]
6506002,411,1:24:2,0,[StatementsData_logId:0]
6506002,401,1:24:5,0,[StatementsData_logId:1]
6506002,402,1:24:23,0,[StatementsData_logId:1,true]
6506002,405,1:24:25,0,[StatementsData_logId:1]
6506002,406,1:24:29,0,[StatementsData_logId:1,2]
6506002,411,1:24:30,0,[StatementsData_logId:1]
6506002,401,1:24:33,0,[StatementsData_logId:2]
6506002,402,1:24:34,0,[StatementsData_logId:2,false]
6506002,405,1:24:35,0,[StatementsData_logId:2]
6506002,406,1:24:37,0,[StatementsData_logId:2,-2]
6506002,411,1:24:39,0,[StatementsData_logId:2]
6506002,401,1:24:47,0,[StatementsData_logId:3]
6506002,402,1:24:53,0,[StatementsData_logId:3,false]
6506002,405,1:24:54,0,[StatementsData_logId:3]
6506002,406,1:24:56,0,[StatementsData_logId:3,-2]
6506002,411,1:24:58,0,[StatementsData_logId:3]
6506002,401,1:25:0,0,[StatementsData_logId:4]
6506002,402,1:25:1,0,[StatementsData_logId:4,true]
6506002,405,1:25:1,0,[StatementsData_logId:4]
6506002,406,1:25:2,0,[StatementsData_logId:4,2]
6506002,411,1:25:4,0,[StatementsData_logId:4]
6506002,401,1:25:6,0,[StatementsData_logId:5]
6506002,404,1:25:7,0,[StatementsData_logId:5,true]
6506002,406,1:25:9,0,[StatementsData_logId:5,2]
6506002,412,1:25:11,0,[StatementsData_logId:5]
6506002,413,1:25:12,0,[StatementsData_logId:5,DuelResponsesData_logId:9]
6506002,414,1:25:14,0,[StatementsData_logId:5,DuelResponsesData_logId:9]
6506002,415,1:25:23,0,[StatementsData_logId:5,DuelResponsesData_logId:9,DuelResponsesData_lame_player_response]
6506002,416,1:25:23,0,[StatementsData_logId:5,DuelResponsesData_logId:9]
6506002,417,1:25:25,0,[StatementsData_logId:5,DuelResponsesData_logId:9]
6506002,413,1:25:28,0,[StatementsData_logId:5,DuelResponsesData_logId:10]
6506002,414,1:25:29,0,[StatementsData_logId:5,DuelResponsesData_logId:10]
6506002,415,1:25:37,0,[StatementsData_logId:5,DuelResponsesData_logId:10,DuelResponsesData_ok_player_response]
6506002,416,1:25:38,0,[StatementsData_logId:5,DuelResponsesData_logId:10]
6506002,417,1:25:40,0,[StatementsData_logId:5,DuelResponsesData_logId:10]
6506002,413,1:25:41,0,[StatementsData_logId:5,DuelResponsesData_logId:11]
6506002,414,1:25:42,0,[StatementsData_logId:5,DuelResponsesData_logId:11]
6506002,415,1:25:52,0,[StatementsData_logId:5,DuelResponsesData_logId:11,DuelResponsesData_witty_player_response]
6506002,416,1:25:53,0,[StatementsData_logId:5,DuelResponsesData_logId:11]
6506002,417,1:25:56,0,[StatementsData_logId:5,DuelResponsesData_logId:11]
6506002,418,1:25:56,0,[StatementsData_logId:5,false]
6506002,419,1:25:58,0,[StatementsData_logId:5,-4]
6506002,411,1:26:0,0,[StatementsData_logId:5]
6506002,420,1:26:0,0,[38]
6506002,1000,1:26:3,0,[]
6506002,400,1:26:4,0,[]
6506002,401,1:26:8,0,[StatementsData_logId:0]
6506002,402,1:26:12,0,[StatementsData_logId:0,false]
6506002,405,1:26:13,0,[StatementsData_logId:0]
6506002,406,1:26:14,0,[StatementsData_logId:0,-2]
6506002,411,1:26:15,0,[StatementsData_logId:0]
6506002,401,1:26:16,0,[StatementsData_logId:1]
6506002,402,1:26:20,0,[StatementsData_logId:1,true]
6506002,405,1:26:21,0,[StatementsData_logId:1]
6506002,406,1:26:23,0,[StatementsData_logId:1,2]
6506002,411,1:26:24,0,[StatementsData_logId:1]
6506002,401,1:26:26,0,[StatementsData_logId:2]
6506002,403,1:26:30,0,[StatementsData_logId:2,false]
6506002,405,1:26:31,0,[StatementsData_logId:2]
6506002,406,1:26:32,0,[StatementsData_logId:2,-2]
6506002,411,1:26:33,0,[StatementsData_logId:2]
6506002,401,1:26:34,0,[StatementsData_logId:3]
6506002,403,1:26:40,0,[StatementsData_logId:3,true]
6506002,405,1:26:41,0,[StatementsData_logId:3]
6506002,406,1:26:42,0,[StatementsData_logId:3,2]
6506002,407,1:26:42,0,[StatementsData_logId:3,FactCardData_id:4]
6506002,407,1:26:42,0,[StatementsData_logId:3,FactCardData_id:0]
6506002,407,1:26:42,0,[StatementsData_logId:3,FactCardData_id:6]
6506002,407,1:26:42,0,[StatementsData_logId:3,FactCardData_id:7]
6506002,407,1:26:42,0,[StatementsData_logId:3,FactCardData_id:3]
6506002,407,1:26:42,0,[StatementsData_logId:3,FactCardData_id:5]
6506002,407,1:26:44,0,[StatementsData_logId:3,FactCardData_id:7]
6506002,407,1:26:44,0,[StatementsData_logId:3,FactCardData_id:7]
6506002,407,1:26:46,0,[StatementsData_logId:3,FactCardData_id:5]
6506002,407,1:26:46,0,[StatementsData_logId:3,FactCardData_id:7]
6506002,407,1:26:46,0,[StatementsData_logId:3,FactCardData_id:5]
6506002,407,1:26:48,0,[StatementsData_logId:3,FactCardData_id:7]
6506002,407,1:26:48,0,[StatementsData_logId:3,FactCardData_id:5]
6506002,407,1:26:48,0,[StatementsData_logId:3,FactCardData_id:7]
6506002,407,1:26:52,0,[StatementsData_logId:3,FactCardData_id:0]
6506002,407,1:26:52,0,[StatementsData_logId:3,FactCardData_id:7]
6506002,407,1:26:52,0,[StatementsData_logId:3,FactCardData_id:0]
6506002,407,1:26:54,0,[StatementsData_logId:3,FactCardData_id:3]
6506002,407,1:26:54,0,[StatementsData_logId:3,FactCardData_id:0]
6506002,407,1:26:54,0,[StatementsData_logId:3,FactCardData_id:3]
6506002,407,1:27:3,0,[StatementsData_logId:3,FactCardData_id:4]
6506002,407,1:27:3,0,[StatementsData_logId:3,FactCardData_id:3]
6506002,407,1:27:3,0,[StatementsData_logId:3,FactCardData_id:4]
6506002,407,1:31:53,0,[StatementsData_logId:3,FactCardData_id:6]
6506002,407,1:31:53,0,[StatementsData_logId:3,FactCardData_id:4]
6506002,407,1:31:53,0,[StatementsData_logId:3,FactCardData_id:6]
6506002,407,1:31:57,0,[StatementsData_logId:3,FactCardData_id:3]
6506002,407,1:31:57,0,[StatementsData_logId:3,FactCardData_id:6]
6506002,407,1:31:57,0,[StatementsData_logId:3,FactCardData_id:3]
6506002,407,1:32:1,0,[StatementsData_logId:3,FactCardData_id:0]
6506002,407,1:32:1,0,[StatementsData_logId:3,FactCardData_id:3]
6506002,407,1:32:1,0,[StatementsData_logId:3,FactCardData_id:0]
6506002,408,1:32:2,0,[StatementsData_logId:3,FactCardData_id:0,true]
6506002,409,1:32:2,0,[StatementsData_logId:3]
6506002,410,1:32:4,0,[StatementsData_logId:3,2]
6506002,412,1:32:10,0,[StatementsData_logId:3]
6506002,413,1:32:13,0,[StatementsData_logId:3,DuelResponsesData_logId:6]
6506002,414,1:32:15,0,[StatementsData_logId:3,DuelResponsesData_logId:6]
6506002,415,1:32:55,0,[StatementsData_logId:3,DuelResponsesData_logId:6,DuelResponsesData_ok_player_response]
6506002,416,1:32:55,0,[StatementsData_logId:3,DuelResponsesData_logId:6]
6506002,417,1:32:57,0,[StatementsData_logId:3,DuelResponsesData_logId:6]
6506002,413,1:33:25,0,[StatementsData_logId:3,DuelResponsesData_logId:7]
6506002,414,1:33:27,0,[StatementsData_logId:3,DuelResponsesData_logId:7]
6506002,415,1:33:37,0,[StatementsData_logId:3,DuelResponsesData_logId:7,DuelResponsesData_ok_player_response]
6506002,416,1:33:37,0,[StatementsData_logId:3,DuelResponsesData_logId:7]
6506002,417,1:33:38,0,[StatementsData_logId:3,DuelResponsesData_logId:7]
6506002,413,1:34:30,0,[StatementsData_logId:3,DuelResponsesData_logId:8]
6506002,414,1:34:33,0,[StatementsData_logId:3,DuelResponsesData_logId:8]
6506002,415,1:35:1,0,[StatementsData_logId:3,DuelResponsesData_logId:8,DuelResponsesData_ok_player_response]
6506002,416,1:35:2,0,[StatementsData_logId:3,DuelResponsesData_logId:8]
6506002,417,1:35:4,0,[StatementsData_logId:3,DuelResponsesData_logId:8]
6506002,418,1:35:4,0,[StatementsData_logId:3,true]
6506002,419,1:35:9,0,[StatementsData_logId:3,4]
6506002,411,1:35:12,0,[StatementsData_logId:3]
6506002,401,1:37:9,0,[StatementsData_logId:4]
6506002,402,1:37:10,0,[StatementsData_logId:4,true]
6506002,405,1:37:11,0,[StatementsData_logId:4]
6506002,406,1:37:14,0,[StatementsData_logId:4,2]
6506002,411,1:37:15,0,[StatementsData_logId:4]
6506002,401,1:37:37,0,[StatementsData_logId:5]
6506002,404,1:38:16,0,[StatementsData_logId:5,true]
6506002,406,1:38:18,0,[StatementsData_logId:5,2]
6506002,412,1:38:21,0,[StatementsData_logId:5]
6506002,413,1:38:23,0,[StatementsData_logId:5,DuelResponsesData_logId:9]
6506002,414,1:38:39,0,[StatementsData_logId:5,DuelResponsesData_logId:9]
6506002,415,1:40:21,0,[StatementsData_logId:5,DuelResponsesData_logId:9,DuelResponsesData_witty_player_response]
6506002,416,1:40:22,0,[StatementsData_logId:5,DuelResponsesData_logId:9]
6506002,417,1:40:24,0,[StatementsData_logId:5,DuelResponsesData_logId:9]
6506002,413,1:40:27,0,[StatementsData_logId:5,DuelResponsesData_logId:10]
6506002,414,1:40:28,0,[StatementsData_logId:5,DuelResponsesData_logId:10]
6506002,415,1:40:35,0,[StatementsData_logId:5,DuelResponsesData_logId:10,DuelResponsesData_ok_player_response]
6506002,416,1:40:37,0,[StatementsData_logId:5,DuelResponsesData_logId:10]
6506002,417,1:40:38,0,[StatementsData_logId:5,DuelResponsesData_logId:10]
6506002,413,1:40:43,0,[StatementsData_logId:5,DuelResponsesData_logId:11]
6506002,414,1:40:45,0,[StatementsData_logId:5,DuelResponsesData_logId:11]
6506002,415,1:40:55,0,[StatementsData_logId:5,DuelResponsesData_logId:11,DuelResponsesData_witty_player_response]
6506002,416,1:40:56,0,[StatementsData_logId:5,DuelResponsesData_logId:11]
6506002,417,1:40:59,0,[StatementsData_logId:5,DuelResponsesData_logId:11]
6506002,418,1:40:59,0,[StatementsData_logId:5,true]
6506002,419,1:41:8,0,[StatementsData_logId:5,4]
6506002,411,1:41:15,0,[StatementsData_logId:5]
6506002,420,1:41:15,0,[46]
6506002,1005,1:41:15,0,[0,1,2]
6506002,1001,1:41:17,0,[]
6506002,1003,1:41:17,0
6506002,210,1:41:21,942,455
6506002,211,1:41:21,956,459
6506002,213,1:41:21,0,c_bestFriend_F_a_G7a1P,true
6506002,1003,1:41:26,0
6506002,1004,1:41:28,0
6506002,1002,1:41:34,0
6506002,1003,1:41:34,0
6506002,221,1:41:45,0
6506002,300,1:41:50
6506002,220,1:41:50,0
6506002,212,1:42:7,2
6506002,210,1:42:8,681,316
6506002,211,1:42:10,1227,358
6506002,210,1:42:11,1167,345
6506002,211,1:42:14,1497,286
6506002,207,1:42:14,0,-400,-490
6506002,207,1:42:14,0,-490,-518
6506002,210,1:42:14,1539,308
6506002,210,1:42:18,1194,249
6506002,207,1:42:20,0,-518,-113
6506002,211,1:42:22,257,132
6506002,213,1:42:22,0,s_flag_gen,false
6506002,1003,1:42:25,2
6506002,1004,1:42:27,0
6506002,900,1:42:30,0,[]
6506002,901,1:42:33,0,[PeopleData_id:1]
6506002,902,1:42:35,0,[PeopleData_id:1,PeopleData_data0Type]
6506002,903,1:42:38,0,[PeopleData_id1,PeopleData_data0Type]
6506002,902,1:42:39,0,[PeopleData_id:1,PeopleData_data1Type]
6506002,903,1:42:41,0,[PeopleData_id1,PeopleData_data1Type]
6506002,902,1:42:42,0,[PeopleData_id:1,PeopleData_data2Type]
6506002,903,1:42:44,0,[PeopleData_id1,PeopleData_data2Type]
6506002,902,1:42:44,0,[PeopleData_id:1,PeopleData_data3Type]
6506002,903,1:42:46,0,[PeopleData_id1,PeopleData_data3Type]
6506002,901,1:42:46,0,[PeopleData_id:1]
6506002,904,1:42:47,0,[PeopleData_id:1]
6506002,905,1:42:47,0,[PeopleData_id:1,RankTypes_id:-1,RankTypes_id:0]
6506002,901,1:42:48,0,[PeopleData_id:2]
6506002,902,1:42:50,0,[PeopleData_id:2,PeopleData_data0Type]
6506002,902,1:42:52,0,[PeopleData_id:2,PeopleData_data1Type]
6506002,902,1:42:55,0,[PeopleData_id:2,PeopleData_data2Type]
6506002,902,1:42:58,0,[PeopleData_id:2,PeopleData_data3Type]
6506002,903,1:42:58,0,[PeopleData_id2,PeopleData_data3Type]
6506002,901,1:42:59,0,[PeopleData_id:2]
6506002,904,1:42:59,0,[PeopleData_id:2]
6506002,905,1:43:0,0,[PeopleData_id:2,RankTypes_id:-1,RankTypes_id:0]
6506002,901,1:43:1,0,[PeopleData_id:3]
6506002,902,1:43:2,0,[PeopleData_id:3,PeopleData_data0Type]
6506002,902,1:43:5,0,[PeopleData_id:3,PeopleData_data1Type]
6506002,902,1:43:7,0,[PeopleData_id:3,PeopleData_data2Type]
6506002,903,1:43:9,0,[PeopleData_id3,PeopleData_data2Type]
6506002,901,1:43:10,0,[PeopleData_id:3]
6506002,904,1:43:10,0,[PeopleData_id:3]
6506002,905,1:43:11,0,[PeopleData_id:3,RankTypes_id:-1,RankTypes_id:2]
6506002,901,1:43:12,0,[PeopleData_id:4]
6506002,902,1:43:13,0,[PeopleData_id:4,PeopleData_data0Type]
6506002,902,1:43:15,0,[PeopleData_id:4,PeopleData_data1Type]
6506002,902,1:43:20,0,[PeopleData_id:4,PeopleData_data2Type]
6506002,902,1:43:22,0,[PeopleData_id:4,PeopleData_data3Type]
6506002,903,1:43:23,0,[PeopleData_id4,PeopleData_data3Type]
6506002,901,1:43:24,0,[PeopleData_id:4]
6506002,904,1:43:24,0,[PeopleData_id:4]
6506002,905,1:43:25,0,[PeopleData_id:4,RankTypes_id:-1,RankTypes_id:0]
6506002,901,1:43:25,0,[PeopleData_id:0]
6506002,902,1:43:27,0,[PeopleData_id:0,PeopleData_data0Type]
6506002,902,1:43:29,0,[PeopleData_id:0,PeopleData_data1Type]
6506002,902,1:43:32,0,[PeopleData_id:0,PeopleData_data2Type]
6506002,902,1:43:33,0,[PeopleData_id:0,PeopleData_data3Type]
6506002,903,1:43:35,0,[PeopleData_id0,PeopleData_data3Type]
6506002,901,1:43:36,0,[PeopleData_id:0]
6506002,904,1:43:36,0,[PeopleData_id:0]
6506002,905,1:43:36,0,[PeopleData_id:0,RankTypes_id:-1,RankTypes_id:4]
6506002,906,1:43:36,0,[]
6506002,907,1:43:37,0,[]
6506002,908,1:43:37,0,[InvitationData_id:0,PeopleData_id:0,RankTypes_id:4]
6506002,909,1:43:41,0,[InvitationData_id:0,PeopleData_id:0,RankTypes_id:4,1]
6506002,910,1:43:42,0,[InvitationData_id:0,9,false]
6506002,908,1:43:42,0,[InvitationData_id:3,PeopleData_id:3,RankTypes_id:2]
6506002,909,1:43:44,0,[InvitationData_id:3,PeopleData_id:3,RankTypes_id:2,1]
6506002,910,1:43:46,0,[InvitationData_id:3,5,false]
6506002,908,1:43:46,0,[InvitationData_id:8,PeopleData_id:0,RankTypes_id:4]
6506002,909,1:43:50,0,[InvitationData_id:8,PeopleData_id:0,RankTypes_id:4,1]
6506002,910,1:43:51,0,[InvitationData_id:8,9,false]
6506002,908,1:43:51,0,[InvitationData_id:6,PeopleData_id:0,RankTypes_id:4]
6506002,909,1:43:53,0,[InvitationData_id:6,PeopleData_id:0,RankTypes_id:4,1]
6506002,910,1:43:53,0,[InvitationData_id:6,9,false]
6506002,908,1:43:53,0,[InvitationData_id:1,PeopleData_id:0,RankTypes_id:4]
6506002,909,1:43:55,0,[InvitationData_id:1,PeopleData_id:0,RankTypes_id:4,1]
6506002,910,1:43:56,0,[InvitationData_id:1,9,false]
6506002,911,1:43:57,0,[41,0,0,0]
6506002,1005,1:43:57,0,[2,2,3]
6506002,1001,1:43:59,0,[]
6506002,1003,1:43:59,2
6506002,207,1:44:3,0,-400,-340
6506002,210,1:44:3,416,173
6506002,207,1:44:4,0,-340,-10
6506002,211,1:44:5,273,134
6506002,213,1:44:5,0,s_flag_gen,true
6506002,205,1:44:5,0,s_flag_gen,false,false
6506002,212,1:44:10,1
6506002,210,1:44:10,981,451
6506002,207,1:44:11,0,-10,-100
6506002,211,1:44:11,962,477
6506002,212,1:44:12,0
6506002,210,1:44:12,958,517
6506002,211,1:44:13,958,508
6506002,213,1:44:13,0,c_bestFriend_F_a_G7a1P,true
6506002,1003,1:44:16,0
6506002,1004,1:44:17,0
6506002,400,1:44:19,0,[]
6506002,401,1:44:23,0,[StatementsData_logId:0]
6506002,402,1:44:24,0,[StatementsData_logId:0,false]
6506002,405,1:44:24,0,[StatementsData_logId:0]
6506002,406,1:44:25,0,[StatementsData_logId:0,-2]
6506002,1002,1:44:29,0
6506002,1003,1:44:29,0
6506002,1004,1:44:30,0
6506002,400,1:44:32,0,[]
6506002,401,1:44:33,0,[StatementsData_logId:0]
6506002,402,1:44:34,0,[StatementsData_logId:0,false]
6506002,405,1:44:34,0,[StatementsData_logId:0]
6506002,406,1:44:36,0,[StatementsData_logId:0,-2]
6506002,1002,1:44:37,0
6506002,1003,1:44:37,0
6506002,1004,1:44:38,0
6506002,400,1:44:40,0,[]
6506002,401,1:44:41,0,[StatementsData_logId:0]
6506002,403,1:44:44,0,[StatementsData_logId:0,true]
6506002,405,1:44:45,0,[StatementsData_logId:0]
6506002,406,1:44:46,0,[StatementsData_logId:0,2]
6506002,407,1:44:46,0,[StatementsData_logId:0,FactCardData_id:5]
6506002,407,1:44:46,0,[StatementsData_logId:0,FactCardData_id:7]
6506002,407,1:44:46,0,[StatementsData_logId:0,FactCardData_id:4]
6506002,407,1:44:46,0,[StatementsData_logId:0,FactCardData_id:3]
6506002,407,1:44:46,0,[StatementsData_logId:0,FactCardData_id:0]
6506002,407,1:44:46,0,[StatementsData_logId:0,FactCardData_id:6]
6506002,407,1:44:51,0,[StatementsData_logId:0,FactCardData_id:5]
6506002,407,1:44:51,0,[StatementsData_logId:0,FactCardData_id:5]
6506002,407,1:44:52,0,[StatementsData_logId:0,FactCardData_id:4]
6506002,407,1:44:52,0,[StatementsData_logId:0,FactCardData_id:5]
6506002,407,1:44:52,0,[StatementsData_logId:0,FactCardData_id:4]
6506002,407,1:44:54,0,[StatementsData_logId:0,FactCardData_id:0]
6506002,407,1:44:54,0,[StatementsData_logId:0,FactCardData_id:4]
6506002,407,1:44:54,0,[StatementsData_logId:0,FactCardData_id:0]
6506002,407,1:45:33,0,[StatementsData_logId:0,FactCardData_id:5]
6506002,407,1:45:33,0,[StatementsData_logId:0,FactCardData_id:0]
6506002,407,1:45:33,0,[StatementsData_logId:0,FactCardData_id:5]
6506002,407,1:45:36,0,[StatementsData_logId:0,FactCardData_id:4]
6506002,407,1:45:36,0,[StatementsData_logId:0,FactCardData_id:5]
6506002,407,1:45:36,0,[StatementsData_logId:0,FactCardData_id:4]
6506002,407,1:45:41,0,[StatementsData_logId:0,FactCardData_id:0]
6506002,407,1:45:41,0,[StatementsData_logId:0,FactCardData_id:4]
6506002,407,1:45:41,0,[StatementsData_logId:0,FactCardData_id:0]
6506002,407,1:45:46,0,[StatementsData_logId:0,FactCardData_id:7]
6506002,407,1:45:46,0,[StatementsData_logId:0,FactCardData_id:0]
6506002,407,1:45:46,0,[StatementsData_logId:0,FactCardData_id:7]
6506002,407,1:45:51,0,[StatementsData_logId:0,FactCardData_id:3]
6506002,407,1:45:51,0,[StatementsData_logId:0,FactCardData_id:7]
6506002,407,1:45:51,0,[StatementsData_logId:0,FactCardData_id:3]
6506002,407,1:45:57,0,[StatementsData_logId:0,FactCardData_id:6]
6506002,407,1:45:57,0,[StatementsData_logId:0,FactCardData_id:3]
6506002,407,1:45:57,0,[StatementsData_logId:0,FactCardData_id:6]
6506002,407,1:46:10,0,[StatementsData_logId:0,FactCardData_id:0]
6506002,407,1:46:10,0,[StatementsData_logId:0,FactCardData_id:6]
6506002,407,1:46:10,0,[StatementsData_logId:0,FactCardData_id:0]
6506002,407,1:46:27,0,[StatementsData_logId:0,FactCardData_id:4]
6506002,407,1:46:27,0,[StatementsData_logId:0,FactCardData_id:0]
6506002,407,1:46:27,0,[StatementsData_logId:0,FactCardData_id:4]
6506002,407,1:46:37,0,[StatementsData_logId:0,FactCardData_id:5]
6506002,407,1:46:37,0,[StatementsData_logId:0,FactCardData_id:4]
6506002,407,1:46:37,0,[StatementsData_logId:0,FactCardData_id:5]
6506002,407,1:46:39,0,[StatementsData_logId:0,FactCardData_id:0]
6506002,407,1:46:39,0,[StatementsData_logId:0,FactCardData_id:5]
6506002,407,1:46:39,0,[StatementsData_logId:0,FactCardData_id:0]
6506002,407,1:46:41,0,[StatementsData_logId:0,FactCardData_id:7]
6506002,407,1:46:41,0,[StatementsData_logId:0,FactCardData_id:0]
6506002,407,1:46:41,0,[StatementsData_logId:0,FactCardData_id:7]
6506002,407,1:46:43,0,[StatementsData_logId:0,FactCardData_id:3]
6506002,407,1:46:43,0,[StatementsData_logId:0,FactCardData_id:7]
6506002,407,1:46:43,0,[StatementsData_logId:0,FactCardData_id:3]
6506002,407,1:46:46,0,[StatementsData_logId:0,FactCardData_id:6]
6506002,407,1:46:46,0,[StatementsData_logId:0,FactCardData_id:3]
6506002,407,1:46:46,0,[StatementsData_logId:0,FactCardData_id:6]
6506002,407,1:46:48,0,[StatementsData_logId:0,FactCardData_id:3]
6506002,407,1:46:48,0,[StatementsData_logId:0,FactCardData_id:6]
6506002,407,1:46:48,0,[StatementsData_logId:0,FactCardData_id:3]
6506002,407,1:46:49,0,[StatementsData_logId:0,FactCardData_id:6]
6506002,407,1:46:49,0,[StatementsData_logId:0,FactCardData_id:3]
6506002,407,1:46:49,0,[StatementsData_logId:0,FactCardData_id:6]
6506002,408,1:46:50,0,[StatementsData_logId:0,FactCardData_id:6,true]
6506002,409,1:46:50,0,[StatementsData_logId:0]
6506002,410,1:46:53,0,[StatementsData_logId:0,2]
6506002,412,1:46:59,0,[StatementsData_logId:0]
6506002,413,1:47:4,0,[StatementsData_logId:0,DuelResponsesData_logId:0]
6506002,414,1:47:5,0,[StatementsData_logId:0,DuelResponsesData_logId:0]
6506002,415,1:47:21,0,[StatementsData_logId:0,DuelResponsesData_logId:0,DuelResponsesData_ok_player_response]
6506002,416,1:47:22,0,[StatementsData_logId:0,DuelResponsesData_logId:0]
6506002,417,1:47:24,0,[StatementsData_logId:0,DuelResponsesData_logId:0]
6506002,413,1:47:28,0,[StatementsData_logId:0,DuelResponsesData_logId:1]
6506002,414,1:47:30,0,[StatementsData_logId:0,DuelResponsesData_logId:1]
6506002,415,1:47:49,0,[StatementsData_logId:0,DuelResponsesData_logId:1,DuelResponsesData_lame_player_response]
6506002,416,1:47:50,0,[StatementsData_logId:0,DuelResponsesData_logId:1]
6506002,417,1:47:52,0,[StatementsData_logId:0,DuelResponsesData_logId:1]
6506002,413,1:47:57,0,[StatementsData_logId:0,DuelResponsesData_logId:2]
6506002,414,1:47:58,0,[StatementsData_logId:0,DuelResponsesData_logId:2]
6506002,415,1:47:59,0,[StatementsData_logId:0,DuelResponsesData_logId:2,DuelResponsesData_witty_player_response]
6506002,416,1:48:0,0,[StatementsData_logId:0,DuelResponsesData_logId:2]
6506002,417,1:48:2,0,[StatementsData_logId:0,DuelResponsesData_logId:2]
6506002,418,1:48:2,0,[StatementsData_logId:0,false]
6506002,419,1:48:7,0,[StatementsData_logId:0,-4]
6506002,411,1:48:12,0,[StatementsData_logId:0]
6506002,401,1:48:15,0,[StatementsData_logId:1]
6506002,402,1:48:20,0,[StatementsData_logId:1,true]
6506002,405,1:48:21,0,[StatementsData_logId:1]
6506002,406,1:48:24,0,[StatementsData_logId:1,2]
6506002,411,1:48:25,0,[StatementsData_logId:1]
6506002,401,1:48:27,0,[StatementsData_logId:2]
6506002,402,1:48:30,0,[StatementsData_logId:2,false]
6506002,405,1:48:31,0,[StatementsData_logId:2]
6506002,406,1:48:32,0,[StatementsData_logId:2,-2]
6506002,411,1:48:33,0,[StatementsData_logId:2]
6506002,401,1:48:36,0,[StatementsData_logId:3]
6506002,403,1:48:40,0,[StatementsData_logId:3,true]
6506002,405,1:48:42,0,[StatementsData_logId:3]
6506002,406,1:48:42,0,[StatementsData_logId:3,2]
6506002,407,1:48:42,0,[StatementsData_logId:3,FactCardData_id:0]
6506002,407,1:48:42,0,[StatementsData_logId:3,FactCardData_id:4]
6506002,407,1:48:42,0,[StatementsData_logId:3,FactCardData_id:5]
6506002,407,1:48:42,0,[StatementsData_logId:3,FactCardData_id:3]
6506002,407,1:48:42,0,[StatementsData_logId:3,FactCardData_id:6]
6506002,407,1:48:42,0,[StatementsData_logId:3,FactCardData_id:7]
6506002,407,1:48:44,0,[StatementsData_logId:3,FactCardData_id:4]
6506002,407,1:48:44,0,[StatementsData_logId:3,FactCardData_id:4]
6506002,407,1:48:46,0,[StatementsData_logId:3,FactCardData_id:3]
6506002,407,1:48:46,0,[StatementsData_logId:3,FactCardData_id:4]
6506002,407,1:48:46,0,[StatementsData_logId:3,FactCardData_id:3]
6506002,407,1:48:47,0,[StatementsData_logId:3,FactCardData_id:7]
6506002,407,1:48:47,0,[StatementsData_logId:3,FactCardData_id:3]
6506002,407,1:48:47,0,[StatementsData_logId:3,FactCardData_id:7]
6506002,407,1:48:48,0,[StatementsData_logId:3,FactCardData_id:6]
6506002,407,1:48:48,0,[StatementsData_logId:3,FactCardData_id:7]
6506002,407,1:48:48,0,[StatementsData_logId:3,FactCardData_id:6]
6506002,408,1:48:51,0,[StatementsData_logId:3,FactCardData_id:6,false]
6506002,406,1:48:54,0,[StatementsData_logId:3,-2]
6506002,411,1:48:55,0,[StatementsData_logId:3]
6506002,401,1:48:56,0,[StatementsData_logId:4]
6506002,402,1:48:58,0,[StatementsData_logId:4,true]
6506002,405,1:48:58,0,[StatementsData_logId:4]
6506002,406,1:49:0,0,[StatementsData_logId:4,2]
6506002,411,1:49:2,0,[StatementsData_logId:4]
6506002,401,1:49:10,0,[StatementsData_logId:5]
6506002,402,1:49:11,0,[StatementsData_logId:5,false]
6506002,405,1:49:11,0,[StatementsData_logId:5]
6506002,406,1:49:12,0,[StatementsData_logId:5,-2]
6506002,411,1:49:14,0,[StatementsData_logId:5]
6506002,420,1:49:14,0,[32]
6506002,1000,1:49:21,0,[]
6506002,400,1:49:22,0,[]
6506002,401,1:49:23,0,[StatementsData_logId:0]
6506002,403,1:49:29,0,[StatementsData_logId:0,true]
6506002,405,1:49:30,0,[StatementsData_logId:0]
6506002,406,1:49:31,0,[StatementsData_logId:0,2]
6506002,407,1:49:31,0,[StatementsData_logId:0,FactCardData_id:3]
6506002,407,1:49:31,0,[StatementsData_logId:0,FactCardData_id:5]
6506002,407,1:49:31,0,[StatementsData_logId:0,FactCardData_id:6]
6506002,407,1:49:31,0,[StatementsData_logId:0,FactCardData_id:7]
6506002,407,1:49:31,0,[StatementsData_logId:0,FactCardData_id:4]
6506002,407,1:49:31,0,[StatementsData_logId:0,FactCardData_id:0]
6506002,407,1:49:33,0,[StatementsData_logId:0,FactCardData_id:3]
6506002,407,1:49:33,0,[StatementsData_logId:0,FactCardData_id:3]
6506002,407,1:49:33,0,[StatementsData_logId:0,FactCardData_id:6]
6506002,407,1:49:33,0,[StatementsData_logId:0,FactCardData_id:3]
6506002,407,1:49:33,0,[StatementsData_logId:0,FactCardData_id:6]
6506002,407,1:49:34,0,[StatementsData_logId:0,FactCardData_id:3]
6506002,407,1:49:34,0,[StatementsData_logId:0,FactCardData_id:6]
6506002,407,1:49:34,0,[StatementsData_logId:0,FactCardData_id:3]
6506002,407,1:49:35,0,[StatementsData_logId:0,FactCardData_id:4]
6506002,407,1:49:35,0,[StatementsData_logId:0,FactCardData_id:3]
6506002,407,1:49:35,0,[StatementsData_logId:0,FactCardData_id:4]
6506002,407,1:49:36,0,[StatementsData_logId:0,FactCardData_id:5]
6506002,407,1:49:36,0,[StatementsData_logId:0,FactCardData_id:4]
6506002,407,1:49:36,0,[StatementsData_logId:0,FactCardData_id:5]
6506002,407,1:49:37,0,[StatementsData_logId:0,FactCardData_id:7]
6506002,407,1:49:37,0,[StatementsData_logId:0,FactCardData_id:5]
6506002,407,1:49:37,0,[StatementsData_logId:0,FactCardData_id:7]
6506002,407,1:49:38,0,[StatementsData_logId:0,FactCardData_id:0]
6506002,407,1:49:38,0,[StatementsData_logId:0,FactCardData_id:7]
6506002,407,1:49:38,0,[StatementsData_logId:0,FactCardData_id:0]
6506002,408,1:49:38,0,[StatementsData_logId:0,FactCardData_id:0,false]
6506002,406,1:49:41,0,[StatementsData_logId:0,-2]
6506002,1002,1:49:45,0
6506002,1003,1:49:45,0
6506002,1004,1:49:46,0
6506002,400,1:49:47,0,[]
6506002,401,1:49:49,0,[StatementsData_logId:0]
6506002,403,1:49:50,0,[StatementsData_logId:0,true]
6506002,405,1:49:50,0,[StatementsData_logId:0]
6506002,406,1:49:52,0,[StatementsData_logId:0,2]
6506002,407,1:49:52,0,[StatementsData_logId:0,FactCardData_id:3]
6506002,407,1:49:52,0,[StatementsData_logId:0,FactCardData_id:5]
6506002,407,1:49:52,0,[StatementsData_logId:0,FactCardData_id:6]
6506002,407,1:49:52,0,[StatementsData_logId:0,FactCardData_id:4]
6506002,407,1:49:52,0,[StatementsData_logId:0,FactCardData_id:0]
6506002,407,1:49:52,0,[StatementsData_logId:0,FactCardData_id:7]
6506002,407,1:49:53,0,[StatementsData_logId:0,FactCardData_id:3]
6506002,407,1:49:53,0,[StatementsData_logId:0,FactCardData_id:3]
6506002,407,1:49:54,0,[StatementsData_logId:0,FactCardData_id:6]
6506002,407,1:49:54,0,[StatementsData_logId:0,FactCardData_id:3]
6506002,407,1:49:54,0,[StatementsData_logId:0,FactCardData_id:6]
6506002,407,1:49:55,0,[StatementsData_logId:0,FactCardData_id:0]
6506002,407,1:49:55,0,[StatementsData_logId:0,FactCardData_id:6]
6506002,407,1:49:55,0,[StatementsData_logId:0,FactCardData_id:0]
6506002,407,1:49:56,0,[StatementsData_logId:0,FactCardData_id:6]
6506002,407,1:49:56,0,[StatementsData_logId:0,FactCardData_id:0]
6506002,407,1:49:56,0,[StatementsData_logId:0,FactCardData_id:6]
6506002,408,1:49:57,0,[StatementsData_logId:0,FactCardData_id:6,true]
6506002,409,1:49:57,0,[StatementsData_logId:0]
6506002,410,1:49:58,0,[StatementsData_logId:0,2]
6506002,412,1:50:3,0,[StatementsData_logId:0]
6506002,413,1:50:5,0,[StatementsData_logId:0,DuelResponsesData_logId:0]
6506002,414,1:50:10,0,[StatementsData_logId:0,DuelResponsesData_logId:0]
6506002,415,1:50:20,0,[StatementsData_logId:0,DuelResponsesData_logId:0,DuelResponsesData_lame_player_response]
6506002,416,1:50:21,0,[StatementsData_logId:0,DuelResponsesData_logId:0]
6506002,417,1:50:22,0,[StatementsData_logId:0,DuelResponsesData_logId:0]
6506002,413,1:50:24,0,[StatementsData_logId:0,DuelResponsesData_logId:1]
6506002,414,1:50:26,0,[StatementsData_logId:0,DuelResponsesData_logId:1]
6506002,415,1:50:33,0,[StatementsData_logId:0,DuelResponsesData_logId:1,DuelResponsesData_ok_player_response]
6506002,416,1:50:34,0,[StatementsData_logId:0,DuelResponsesData_logId:1]
6506002,417,1:50:35,0,[StatementsData_logId:0,DuelResponsesData_logId:1]
6506002,413,1:50:38,0,[StatementsData_logId:0,DuelResponsesData_logId:2]
6506002,414,1:50:39,0,[StatementsData_logId:0,DuelResponsesData_logId:2]
6506002,415,1:50:57,0,[StatementsData_logId:0,DuelResponsesData_logId:2,DuelResponsesData_ok_player_response]
6506002,416,1:50:58,0,[StatementsData_logId:0,DuelResponsesData_logId:2]
6506002,417,1:51:0,0,[StatementsData_logId:0,DuelResponsesData_logId:2]
6506002,418,1:51:0,0,[StatementsData_logId:0,false]
6506002,419,1:51:1,0,[StatementsData_logId:0,-4]
6506002,411,1:51:2,0,[StatementsData_logId:0]
6506002,401,1:51:3,0,[StatementsData_logId:1]
6506002,402,1:51:7,0,[StatementsData_logId:1,true]
6506002,405,1:51:8,0,[StatementsData_logId:1]
6506002,406,1:51:9,0,[StatementsData_logId:1,2]
6506002,411,1:51:10,0,[StatementsData_logId:1]
6506002,401,1:51:11,0,[StatementsData_logId:2]
6506002,403,1:51:17,0,[StatementsData_logId:2,false]
6506002,405,1:51:17,0,[StatementsData_logId:2]
6506002,406,1:51:18,0,[StatementsData_logId:2,-2]
6506002,411,1:51:19,0,[StatementsData_logId:2]
6506002,401,1:51:22,0,[StatementsData_logId:3]
6506002,402,1:51:23,0,[StatementsData_logId:3,false]
6506002,405,1:51:24,0,[StatementsData_logId:3]
6506002,406,1:51:26,0,[StatementsData_logId:3,-2]
6506002,411,1:51:27,0,[StatementsData_logId:3]
6506002,401,1:51:28,0,[StatementsData_logId:4]
6506002,402,1:51:29,0,[StatementsData_logId:4,true]
6506002,405,1:51:30,0,[StatementsData_logId:4]
6506002,406,1:51:31,0,[StatementsData_logId:4,2]
6506002,411,1:51:32,0,[StatementsData_logId:4]
6506002,401,1:51:34,0,[StatementsData_logId:5]
6506002,404,1:51:34,0,[StatementsData_logId:5,true]
6506002,406,1:51:34,0,[StatementsData_logId:5,2]
6506002,412,1:51:38,0,[StatementsData_logId:5]
6506002,413,1:51:40,0,[StatementsData_logId:5,DuelResponsesData_logId:9]
6506002,414,1:51:42,0,[StatementsData_logId:5,DuelResponsesData_logId:9]
6506002,415,1:52:1,0,[StatementsData_logId:5,DuelResponsesData_logId:9,DuelResponsesData_ok_player_response]
6506002,416,1:52:2,0,[StatementsData_logId:5,DuelResponsesData_logId:9]
6506002,417,1:52:3,0,[StatementsData_logId:5,DuelResponsesData_logId:9]
6506002,413,1:52:5,0,[StatementsData_logId:5,DuelResponsesData_logId:10]
6506002,414,1:52:6,0,[StatementsData_logId:5,DuelResponsesData_logId:10]
6506002,415,1:52:17,0,[StatementsData_logId:5,DuelResponsesData_logId:10,DuelResponsesData_ok_player_response]
6506002,416,1:52:18,0,[StatementsData_logId:5,DuelResponsesData_logId:10]
6506002,417,1:52:20,0,[StatementsData_logId:5,DuelResponsesData_logId:10]
6506002,413,1:52:23,0,[StatementsData_logId:5,DuelResponsesData_logId:11]
6506002,414,1:52:24,0,[StatementsData_logId:5,DuelResponsesData_logId:11]
6506002,415,1:52:33,0,[StatementsData_logId:5,DuelResponsesData_logId:11,DuelResponsesData_witty_player_response]
6506002,416,1:52:33,0,[StatementsData_logId:5,DuelResponsesData_logId:11]
6506002,417,1:52:37,0,[StatementsData_logId:5,DuelResponsesData_logId:11]
6506002,418,1:52:37,0,[StatementsData_logId:5,true]
6506002,419,1:52:39,0,[StatementsData_logId:5,4]
6506002,411,1:52:41,0,[StatementsData_logId:5]
6506002,420,1:52:41,0,[38]
6506002,1001,1:52:46,0,[]
6506002,1003,1:52:46,0
6506002,1004,1:52:48,0
6506002,400,1:52:49,0,[]
6506002,401,1:52:57,0,[StatementsData_logId:0]
6506002,1002,1:53:3,0
6506002,1003,1:53:3,0
6506002,210,1:53:7,345,292
6506002,211,1:53:8,137,293
6506002,207,1:53:8,0,-400,-100
6506002,204,1:53:31,0
6506002,100,1:53:35,0
6506002,101,1:53:36,0
6506002,300,1:53:39
6506002,1003,1:53:43,3
6506002,1003,1:53:47,2
6506002,1003,1:53:50,1
6506002,1003,1:53:53,0
6506002,1004,1:53:55,0
6506002,400,1:53:57,0,[]
6506002,401,1:53:59,0,[StatementsData_logId:0]
6506002,403,1:54:2,0,[StatementsData_logId:0,true]
6506002,405,1:54:3,0,[StatementsData_logId:0]
6506002,406,1:54:4,0,[StatementsData_logId:0,2]
6506002,407,1:54:4,0,[StatementsData_logId:0,FactCardData_id:7]
6506002,407,1:54:4,0,[StatementsData_logId:0,FactCardData_id:0]
6506002,407,1:54:4,0,[StatementsData_logId:0,FactCardData_id:3]
6506002,407,1:54:4,0,[StatementsData_logId:0,FactCardData_id:6]
6506002,407,1:54:4,0,[StatementsData_logId:0,FactCardData_id:5]
6506002,407,1:54:4,0,[StatementsData_logId:0,FactCardData_id:4]
6506002,407,1:54:6,0,[StatementsData_logId:0,FactCardData_id:7]
6506002,407,1:54:6,0,[StatementsData_logId:0,FactCardData_id:7]
6506002,407,1:54:7,0,[StatementsData_logId:0,FactCardData_id:3]
6506002,407,1:54:7,0,[StatementsData_logId:0,FactCardData_id:7]
6506002,407,1:54:7,0,[StatementsData_logId:0,FactCardData_id:3]
6506002,407,1:54:7,0,[StatementsData_logId:0,FactCardData_id:5]
6506002,407,1:54:7,0,[StatementsData_logId:0,FactCardData_id:3]
6506002,407,1:54:7,0,[StatementsData_logId:0,FactCardData_id:5]
6506002,407,1:54:8,0,[StatementsData_logId:0,FactCardData_id:0]
6506002,407,1:54:8,0,[StatementsData_logId:0,FactCardData_id:5]
6506002,407,1:54:8,0,[StatementsData_logId:0,FactCardData_id:0]
6506002,407,1:54:9,0,[StatementsData_logId:0,FactCardData_id:6]
6506002,407,1:54:9,0,[StatementsData_logId:0,FactCardData_id:0]
6506002,407,1:54:9,0,[StatementsData_logId:0,FactCardData_id:6]
6506002,408,1:54:11,0,[StatementsData_logId:0,FactCardData_id:6,true]
6506002,409,1:54:11,0,[StatementsData_logId:0]
6506002,410,1:54:12,0,[StatementsData_logId:0,2]
6506002,412,1:54:16,0,[StatementsData_logId:0]
6506002,413,1:54:47,0,[StatementsData_logId:0,DuelResponsesData_logId:0]
6506002,414,1:54:48,0,[StatementsData_logId:0,DuelResponsesData_logId:0]
6506002,415,1:55:2,0,[StatementsData_logId:0,DuelResponsesData_logId:0,DuelResponsesData_ok_player_response]
6506002,416,1:55:4,0,[StatementsData_logId:0,DuelResponsesData_logId:0]
6506002,417,1:55:5,0,[StatementsData_logId:0,DuelResponsesData_logId:0]
6506002,413,1:55:8,0,[StatementsData_logId:0,DuelResponsesData_logId:1]
6506002,414,1:55:9,0,[StatementsData_logId:0,DuelResponsesData_logId:1]
6506002,415,1:56:3,0,[StatementsData_logId:0,DuelResponsesData_logId:1,DuelResponsesData_witty_player_response]
6506002,416,1:56:12,0,[StatementsData_logId:0,DuelResponsesData_logId:1]
6506002,417,1:56:13,0,[StatementsData_logId:0,DuelResponsesData_logId:1]
6506002,413,1:56:16,0,[StatementsData_logId:0,DuelResponsesData_logId:2]
6506002,414,1:56:20,0,[StatementsData_logId:0,DuelResponsesData_logId:2]
6506002,415,1:57:2,0,[StatementsData_logId:0,DuelResponsesData_logId:2,DuelResponsesData_lame_player_response]
6506002,416,1:57:11,0,[StatementsData_logId:0,DuelResponsesData_logId:2]
6506002,417,1:57:12,0,[StatementsData_logId:0,DuelResponsesData_logId:2]
6506002,418,1:57:12,0,[StatementsData_logId:0,false]
6506002,419,1:57:13,0,[StatementsData_logId:0,-4]
6506002,411,1:57:14,0,[StatementsData_logId:0]
6506002,401,1:57:15,0,[StatementsData_logId:1]
6506002,404,1:57:26,0,[StatementsData_logId:1,false]
6506002,405,1:57:27,0,[StatementsData_logId:1]
6506002,406,1:57:28,0,[StatementsData_logId:1,-2]
6506002,411,1:57:30,0,[StatementsData_logId:1]
6506002,401,1:57:37,0,[StatementsData_logId:2]
6506002,1002,1:57:54,0
6506002,1003,1:57:54,0
6506002,1004,1:57:55,0
6506002,400,1:57:58,0,[]
6506002,401,1:58:1,0,[StatementsData_logId:0]
6506002,403,1:58:2,0,[StatementsData_logId:0,true]
6506002,405,1:58:3,0,[StatementsData_logId:0]
6506002,406,1:58:4,0,[StatementsData_logId:0,2]
6506002,407,1:58:4,0,[StatementsData_logId:0,FactCardData_id:3]
6506002,407,1:58:4,0,[StatementsData_logId:0,FactCardData_id:6]
6506002,407,1:58:4,0,[StatementsData_logId:0,FactCardData_id:0]
6506002,407,1:58:4,0,[StatementsData_logId:0,FactCardData_id:5]
6506002,407,1:58:4,0,[StatementsData_logId:0,FactCardData_id:7]
6506002,407,1:58:4,0,[StatementsData_logId:0,FactCardData_id:4]
6506002,407,1:58:6,0,[StatementsData_logId:0,FactCardData_id:6]
6506002,407,1:58:6,0,[StatementsData_logId:0,FactCardData_id:6]
6506002,407,1:58:6,0,[StatementsData_logId:0,FactCardData_id:5]
6506002,407,1:58:6,0,[StatementsData_logId:0,FactCardData_id:6]
6506002,407,1:58:6,0,[StatementsData_logId:0,FactCardData_id:5]
6506002,407,1:58:7,0,[StatementsData_logId:0,FactCardData_id:6]
6506002,407,1:58:7,0,[StatementsData_logId:0,FactCardData_id:5]
6506002,407,1:58:7,0,[StatementsData_logId:0,FactCardData_id:6]
6506002,408,1:58:8,0,[StatementsData_logId:0,FactCardData_id:6,true]
6506002,409,1:58:8,0,[StatementsData_logId:0]
6506002,410,1:58:9,0,[StatementsData_logId:0,2]
6506002,412,1:58:14,0,[StatementsData_logId:0]
6506002,413,1:58:16,0,[StatementsData_logId:0,DuelResponsesData_logId:0]
6506002,414,1:58:17,0,[StatementsData_logId:0,DuelResponsesData_logId:0]
6506002,415,1:58:53,0,[StatementsData_logId:0,DuelResponsesData_logId:0,DuelResponsesData_witty_player_response]
6506002,416,1:58:54,0,[StatementsData_logId:0,DuelResponsesData_logId:0]
6506002,417,1:58:55,0,[StatementsData_logId:0,DuelResponsesData_logId:0]
6506002,413,1:58:58,0,[StatementsData_logId:0,DuelResponsesData_logId:1]
6506002,414,1:58:59,0,[StatementsData_logId:0,DuelResponsesData_logId:1]
6506002,415,1:59:29,0,[StatementsData_logId:0,DuelResponsesData_logId:1,DuelResponsesData_witty_player_response]
6506002,416,1:59:30,0,[StatementsData_logId:0,DuelResponsesData_logId:1]
6506002,417,1:59:32,0,[StatementsData_logId:0,DuelResponsesData_logId:1]
6506002,413,1:59:35,0,[StatementsData_logId:0,DuelResponsesData_logId:2]
6506002,414,1:59:36,0,[StatementsData_logId:0,DuelResponsesData_logId:2]
6506002,415,2:0:0,0,[StatementsData_logId:0,DuelResponsesData_logId:2,DuelResponsesData_ok_player_response]
6506002,416,2:0:1,0,[StatementsData_logId:0,DuelResponsesData_logId:2]
6506002,417,2:0:3,0,[StatementsData_logId:0,DuelResponsesData_logId:2]
6506002,418,2:0:3,0,[StatementsData_logId:0,true]
6506002,419,2:0:4,0,[StatementsData_logId:0,4]
6506002,411,2:0:5,0,[StatementsData_logId:0]
6506002,401,2:0:13,0,[StatementsData_logId:1]
6506002,402,2:0:20,0,[StatementsData_logId:1,true]
6506002,405,2:0:20,0,[StatementsData_logId:1]
6506002,406,2:0:22,0,[StatementsData_logId:1,2]
6506002,411,2:0:24,0,[StatementsData_logId:1]
6506002,401,2:0:25,0,[StatementsData_logId:2]
6506002,404,2:0:45,0,[StatementsData_logId:2,true]
6506002,406,2:0:46,0,[StatementsData_logId:2,2]
6506002,412,2:0:48,0,[StatementsData_logId:2]
6506002,413,2:0:49,0,[StatementsData_logId:2,DuelResponsesData_logId:3]
6506002,414,2:0:50,0,[StatementsData_logId:2,DuelResponsesData_logId:3]
6506002,415,2:1:16,0,[StatementsData_logId:2,DuelResponsesData_logId:3,DuelResponsesData_ok_player_response]
6506002,416,2:1:17,0,[StatementsData_logId:2,DuelResponsesData_logId:3]
6506002,417,2:1:18,0,[StatementsData_logId:2,DuelResponsesData_logId:3]
6506002,413,2:1:31,0,[StatementsData_logId:2,DuelResponsesData_logId:4]
6506002,414,2:1:32,0,[StatementsData_logId:2,DuelResponsesData_logId:4]
6506002,415,2:1:46,0,[StatementsData_logId:2,DuelResponsesData_logId:4,DuelResponsesData_witty_player_response]
6506002,416,2:1:47,0,[StatementsData_logId:2,DuelResponsesData_logId:4]
6506002,417,2:1:48,0,[StatementsData_logId:2,DuelResponsesData_logId:4]
6506002,413,2:1:53,0,[StatementsData_logId:2,DuelResponsesData_logId:5]
6506002,414,2:1:54,0,[StatementsData_logId:2,DuelResponsesData_logId:5]
6506002,415,2:2:23,0,[StatementsData_logId:2,DuelResponsesData_logId:5,DuelResponsesData_witty_player_response]
6506002,416,2:2:24,0,[StatementsData_logId:2,DuelResponsesData_logId:5]
6506002,417,2:2:27,0,[StatementsData_logId:2,DuelResponsesData_logId:5]
6506002,418,2:2:27,0,[StatementsData_logId:2,true]
6506002,419,2:2:31,0,[StatementsData_logId:2,4]
6506002,411,2:2:33,0,[StatementsData_logId:2]
6506002,401,2:2:48,0,[StatementsData_logId:3]
6506002,403,2:3:36,0,[StatementsData_logId:3,true]
6506002,405,2:3:37,0,[StatementsData_logId:3]
6506002,406,2:3:38,0,[StatementsData_logId:3,2]
6506002,407,2:3:38,0,[StatementsData_logId:3,FactCardData_id:6]
6506002,407,2:3:38,0,[StatementsData_logId:3,FactCardData_id:7]
6506002,407,2:3:38,0,[StatementsData_logId:3,FactCardData_id:4]
6506002,407,2:3:38,0,[StatementsData_logId:3,FactCardData_id:3]
6506002,407,2:3:38,0,[StatementsData_logId:3,FactCardData_id:5]
6506002,407,2:3:38,0,[StatementsData_logId:3,FactCardData_id:0]
6506002,407,2:3:39,0,[StatementsData_logId:3,FactCardData_id:7]
6506002,407,2:3:39,0,[StatementsData_logId:3,FactCardData_id:7]
6506002,407,2:3:40,0,[StatementsData_logId:3,FactCardData_id:3]
6506002,407,2:3:40,0,[StatementsData_logId:3,FactCardData_id:7]
6506002,407,2:3:40,0,[StatementsData_logId:3,FactCardData_id:3]
6506002,407,2:3:40,0,[StatementsData_logId:3,FactCardData_id:0]
6506002,407,2:3:40,0,[StatementsData_logId:3,FactCardData_id:3]
6506002,407,2:3:40,0,[StatementsData_logId:3,FactCardData_id:0]
6506002,407,2:3:41,0,[StatementsData_logId:3,FactCardData_id:5]
6506002,407,2:3:41,0,[StatementsData_logId:3,FactCardData_id:0]
6506002,407,2:3:41,0,[StatementsData_logId:3,FactCardData_id:5]
6506002,407,2:3:42,0,[StatementsData_logId:3,FactCardData_id:4]
6506002,407,2:3:42,0,[StatementsData_logId:3,FactCardData_id:5]
6506002,407,2:3:42,0,[StatementsData_logId:3,FactCardData_id:4]
6506002,407,2:3:43,0,[StatementsData_logId:3,FactCardData_id:6]
6506002,407,2:3:43,0,[StatementsData_logId:3,FactCardData_id:4]
6506002,407,2:3:43,0,[StatementsData_logId:3,FactCardData_id:6]
6506002,408,2:3:44,0,[StatementsData_logId:3,FactCardData_id:6,false]
6506002,406,2:3:50,0,[StatementsData_logId:3,-2]
6506002,411,2:3:52,0,[StatementsData_logId:3]
6506002,401,2:3:53,0,[StatementsData_logId:4]
6506002,402,2:3:56,0,[StatementsData_logId:4,true]
6506002,405,2:3:57,0,[StatementsData_logId:4]
6506002,406,2:3:58,0,[StatementsData_logId:4,2]
6506002,411,2:4:0,0,[StatementsData_logId:4]
6506002,401,2:4:5,0,[StatementsData_logId:5]
6506002,404,2:4:6,0,[StatementsData_logId:5,true]
6506002,406,2:4:10,0,[StatementsData_logId:5,2]
6506002,412,2:4:12,0,[StatementsData_logId:5]
6506002,413,2:4:17,0,[StatementsData_logId:5,DuelResponsesData_logId:9]
6506002,414,2:4:18,0,[StatementsData_logId:5,DuelResponsesData_logId:9]
6506002,415,2:4:28,0,[StatementsData_logId:5,DuelResponsesData_logId:9,DuelResponsesData_witty_player_response]
6506002,416,2:4:29,0,[StatementsData_logId:5,DuelResponsesData_logId:9]
6506002,417,2:4:30,0,[StatementsData_logId:5,DuelResponsesData_logId:9]
6506002,413,2:4:31,0,[StatementsData_logId:5,DuelResponsesData_logId:10]
6506002,414,2:4:32,0,[StatementsData_logId:5,DuelResponsesData_logId:10]
6506002,415,2:4:49,0,[StatementsData_logId:5,DuelResponsesData_logId:10,DuelResponsesData_witty_player_response]
6506002,416,2:4:50,0,[StatementsData_logId:5,DuelResponsesData_logId:10]
6506002,417,2:4:51,0,[StatementsData_logId:5,DuelResponsesData_logId:10]
6506002,413,2:4:53,0,[StatementsData_logId:5,DuelResponsesData_logId:11]
6506002,414,2:4:55,0,[StatementsData_logId:5,DuelResponsesData_logId:11]
6506002,415,2:5:5,0,[StatementsData_logId:5,DuelResponsesData_logId:11,DuelResponsesData_witty_player_response]
6506002,416,2:5:5,0,[StatementsData_logId:5,DuelResponsesData_logId:11]
6506002,417,2:5:6,0,[StatementsData_logId:5,DuelResponsesData_logId:11]
6506002,418,2:5:6,0,[StatementsData_logId:5,true]
6506002,419,2:5:7,0,[StatementsData_logId:5,4]
6506002,411,2:5:8,0,[StatementsData_logId:5]
6506002,420,2:5:8,0,[56]
6506002,1001,2:5:12,0,[]
6506002,1003,2:5:12,0
6506002,103,2:5:15
6506002,105,2:5:16
6506002,703,2:5:18,[|| EpilogueItem ID: 0 unlocked: false ||,|| EpilogueItem ID: 1 unlocked: false ||,|| EpilogueItem ID: 2 unlocked: false ||,|| EpilogueItem ID: 3 unlocked: false ||,|| EpilogueItem ID: 4 unlocked: false ||,|| EpilogueItem ID: 5 unlocked: false ||,|| EpilogueItem ID: 6 unlocked: false ||,|| EpilogueItem ID: 7 unlocked: false ||,|| EpilogueItem ID: 8 unlocked: false ||,|| EpilogueItem ID: 9 unlocked: false ||,|| EpilogueItem ID: 10 unlocked: false ||,|| EpilogueItem ID: 11 unlocked: false ||,|| EpilogueItem ID: 12 unlocked: false ||,|| EpilogueItem ID: 13 unlocked: false ||,|| EpilogueItem ID: 14 unlocked: false ||,|| EpilogueItem ID: 15 unlocked: false ||,|| EpilogueItem ID: 16 unlocked: false ||,|| EpilogueItem ID: 17 unlocked: false ||,|| EpilogueItem ID: 18 unlocked: false ||,|| EpilogueItem ID: 19 unlocked: false ||,|| EpilogueItem ID: 20 unlocked: false ||,|| EpilogueItem ID: 21 unlocked: false ||,|| EpilogueItem ID: 22 unlocked: false ||,|| EpilogueItem ID: 23 unlocked: false ||,|| EpilogueItem ID: 24 unlocked: false ||],0
6506002,706,2:5:43,(x=2531, y=-100, w=1024, h=768),(x=2531, y=-100, w=1024, h=768)
6506002,707,2:5:43,3,2
6506002,706,2:5:43,(x=2531, y=-100, w=1024, h=768),(x=2531, y=-100, w=1024, h=768)
6506002,708,2:5:44
6506002,1,2:5:44,7/2/2013 3:14:17pm,{"gameTime":7544124,"challengeStacks":[{"challengeScenes":[{"miniGameCards":[],"viewedAnimatic":true,"keyPoints":["s_flag_gen","c_teacherEng_G7a0","c_bestFriend_F_a_G7a0"],"unlocked":true,"touchableObjects":["c_crewKid1_F_G7a0","s_doorClassroom_G7a0","s_vocabAssignment_G7a0","s_atwoodPoster_gen","s_otherStudent1_G7a0","c_friend1_F_a_G7a0","s_flag_gen","c_teacherEng_G7a0","s_shakespearePoster_gen","s_clock_G7a0","c_bestFriend_F_a_G7a0"]},{"miniGameCards":[],"viewedAnimatic":true,"keyPoints":["c_teacherEng_G7a1N","c_bestFriend_F_a_G7a1N","s_paperPlayers_G7a1N"],"unlocked":true,"touchableObjects":["c_teacherEng_G7a1N","s_otherStudent2_G7a1N","c_bestFriend_F_a_G7a1N","c_crewKid1_F_G7a1N","s_otherStudent1_G7a1N","s_flag_gen","s_posterPlagiarism_gen","s_atwoodPoster_gen","s_poePoster_gen","s_shakespearePoster_gen","s_angelouPoster_gen","s_paperPlayers_G7a1N"]},{"miniGameCards":[],"viewedAnimatic":true,"keyPoints":["s_paperEnglish_gen","c_teacherEng_G7a1P","s_flag_gen"],"unlocked":true,"touchableObjects":["s_clock_G7a1P","s_paperEnglish_gen","c_teacherEng_G7a1P","s_papersDetention_gen","s_poePoster_gen","s_angelouPoster_gen","s_atwoodPoster_gen","s_flag_gen"]}],"stackSize":3,"resolved":false},{"challengeScenes":[{"miniGameCards":[],"viewedAnimatic":false,"keyPoints":[],"unlocked":false,"touchableObjects":[]},{"miniGameCards":[],"viewedAnimatic":false,"keyPoints":[],"unlocked":false,"touchableObjects":[]},{"miniGameCards":[],"viewedAnimatic":false,"keyPoints":[],"unlocked":false,"touchableObjects":[]},{"miniGameCards":[],"viewedAnimatic":false,"keyPoints":[],"unlocked":false,"touchableObjects":[]},{"miniGameCards":[],"viewedAnimatic":false,"keyPoints":[],"unlocked":false,"touchableObjects":[]}],"stackSize":5,"resolved":false},{"challengeScenes":[{"miniGameCards":[],"viewedAnimatic":false,"keyPoints":[],"unlocked":false,"touchableObjects":[]},{"miniGameCards":[],"viewedAnimatic":false,"keyPoints":[],"unlocked":false,"touchableObjects":[]},{"miniGameCards":[],"viewedAnimatic":false,"keyPoints":[],"unlocked":false,"touchableObjects":[]},{"miniGameCards":[],"viewedAnimatic":false,"keyPoints":[],"unlocked":false,"touchableObjects":[]},{"miniGameCards":[],"viewedAnimatic":false,"keyPoints":[],"unlocked":false,"touchableObjects":[]},{"miniGameCards":[],"viewedAnimatic":false,"keyPoints":[],"unlocked":false,"touchableObjects":[]},{"miniGameCards":[],"viewedAnimatic":false,"keyPoints":[],"unlocked":false,"touchableObjects":[]}],"stackSize":7,"resolved":false},{"challengeScenes":[{"miniGameCards":[],"viewedAnimatic":false,"keyPoints":[],"unlocked":false,"touchableObjects":[]},{"miniGameCards":[],"viewedAnimatic":false,"keyPoints":[],"unlocked":false,"touchableObjects":[]},{"miniGameCards":[],"viewedAnimatic":false,"keyPoints":[],"unlocked":false,"touchableObjects":[]},{"miniGameCards":[],"viewedAnimatic":false,"keyPoints":[],"unlocked":false,"touchableObjects":[]},{"miniGameCards":[],"viewedAnimatic":false,"keyPoints":[],"unlocked":false,"touchableObjects":[]}],"stackSize":5,"resolved":false},{"challengeScenes":[{"miniGameCards":[],"viewedAnimatic":false,"keyPoints":[],"unlocked":false,"touchableObjects":[]},{"miniGameCards":[],"viewedAnimatic":false,"keyPoints":[],"unlocked":false,"touchableObjects":[]},{"miniGameCards":[],"viewedAnimatic":false,"keyPoints":[],"unlocked":false,"touchableObjects":[]},{"miniGameCards":[],"viewedAnimatic":false,"keyPoints":[],"unlocked":false,"touchableObjects":[]},{"miniGameCards":[],"viewedAnimatic":false,"keyPoints":[],"unlocked":false,"touchableObjects":[]}],"stackSize":5,"resolved":false},{"challengeScenes":[{"miniGameCards":[],"viewedAnimatic":false,"keyPoints":[],"unlocked":false,"touchableObjects":[]},{"miniGameCards":[],"viewedAnimatic":false,"keyPoints":[],"unlocked":false,"touchableObjects":[]},{"miniGameCards":[],"viewedAnimatic":false,"keyPoints":[],"unlocked":false,"touchableObjects":[]},{"miniGameCards":[],"viewedAnimatic":false,"keyPoints":[],"unlocked":false,"touchableObjects":[]},{"miniGameCards":[],"viewedAnimatic":false,"keyPoints":[],"unlocked":false,"touchableObjects":[]}],"stackSize":5,"resolved":false},{"challengeScenes":[{"miniGameCards":[],"viewedAnimatic":false,"keyPoints":[],"unlocked":false,"touchableObjects":[]},{"miniGameCards":[],"viewedAnimatic":false,"keyPoints":[],"unlocked":false,"touchableObjects":[]},{"miniGameCards":[],"viewedAnimatic":false,"keyPoints":[],"unlocked":false,"touchableObjects":[]},{"miniGameCards":[],"viewedAnimatic":false,"keyPoints":[],"unlocked":false,"touchableObjects":[]},{"miniGameCards":[],"viewedAnimatic":false,"keyPoints":[],"unlocked":false,"touchableObjects":[]}],"stackSize":5,"resolved":false},{"challengeScenes":[{"miniGameCards":[],"viewedAnimatic":false,"keyPoints":[],"unlocked":false,"touchableObjects":[]},{"miniGameCards":[],"viewedAnimatic":false,"keyPoints":[],"unlocked":false,"touchableObjects":[]},{"miniGameCards":[],"viewedAnimatic":false,"keyPoints":[],"unlocked":false,"touchableObjects":[]},{"miniGameCards":[],"viewedAnimatic":false,"keyPoints":[],"unlocked":false,"touchableObjects":[]},{"miniGameCards":[],"viewedAnimatic":false,"keyPoints":[],"unlocked":false,"touchableObjects":[]}],"stackSize":5,"resolved":false},{"challengeScenes":[{"miniGameCards":[],"viewedAnimatic":false,"keyPoints":[],"unlocked":false,"touchableObjects":[]},{"miniGameCards":[],"viewedAnimatic":false,"keyPoints":[],"unlocked":false,"touchableObjects":[]},{"miniGameCards":[],"viewedAnimatic":false,"keyPoints":[],"unlocked":false,"touchableObjects":[]},{"miniGameCards":[],"viewedAnimatic":false,"keyPoints":[],"unlocked":false,"touchableObjects":[]},{"miniGameCards":[],"viewedAnimatic":false,"keyPoints":[],"unlocked":false,"touchableObjects":[]}],"stackSize":5,"resolved":false},{"challengeScenes":[{"miniGameCards":[],"viewedAnimatic":false,"keyPoints":[],"unlocked":false,"touchableObjects":[]},{"miniGameCards":[],"viewedAnimatic":false,"keyPoints":[],"unlocked":false,"touchableObjects":[]},{"miniGameCards":[],"viewedAnimatic":false,"keyPoints":[],"unlocked":false,"touchableObjects":[]},{"miniGameCards":[],"viewedAnimatic":false,"keyPoints":[],"unlocked":false,"touchableObjects":[]},{"miniGameCards":[],"viewedAnimatic":false,"keyPoints":[],"unlocked":false,"touchableObjects":[]}],"stackSize":5,"resolved":false},{"challengeScenes":[{"miniGameCards":[],"viewedAnimatic":false,"keyPoints":[],"unlocked":false,"touchableObjects":[]},{"miniGameCards":[],"viewedAnimatic":false,"keyPoints":[],"unlocked":false,"touchableObjects":[]},{"miniGameCards":[],"viewedAnimatic":false,"keyPoints":[],"unlocked":false,"touchableObjects":[]},{"miniGameCards":[],"viewedAnimatic":false,"keyPoints":[],"unlocked":false,"touchableObjects":[]},{"miniGameCards":[],"viewedAnimatic":false,"keyPoints":[],"unlocked":false,"touchableObjects":[]}],"stackSize":5,"resolved":false},{"challengeScenes":[{"miniGameCards":[],"viewedAnimatic":false,"keyPoints":[],"unlocked":false,"touchableObjects":[]},{"miniGameCards":[],"viewedAnimatic":false,"keyPoints":[],"unlocked":false,"touchableObjects":[]},{"miniGameCards":[],"viewedAnimatic":false,"keyPoints":[],"unlocked":false,"touchableObjects":[]},{"miniGameCards":[],"viewedAnimatic":false,"keyPoints":[],"unlocked":false,"touchableObjects":[]},{"miniGameCards":[],"viewedAnimatic":false,"keyPoints":[],"unlocked":false,"touchableObjects":[]}],"stackSize":5,"resolved":false},{"challengeScenes":[{"miniGameCards":[],"viewedAnimatic":false,"keyPoints":[],"unlocked":true,"touchableObjects":["c_player_lati_F_a_G0a0","c_family_lati_a_G0a0","c_friends_G0a0"]},{"miniGameCards":[],"viewedAnimatic":false,"keyPoints":["c_home_G0a1N","c_job_G0a1N","c_family_lati_a_G0a1N"],"unlocked":true,"touchableObjects":["c_home_G0a1N","c_job_G0a1N","c_family_lati_a_G0a1N","c_player_lati_F_a_G0a1N"]},{"miniGameCards":[],"viewedAnimatic":false,"keyPoints":["c_Nurse_G0a1P","c_dad_lati_a_G0a1P","c_kidsister_lati_a_G0a1P","c_grandma_lati_a_G0a1P","c_Teacher_G0a1P","c_mom_lati_a_G0a1P"],"unlocked":true,"touchableObjects":["c_friends_G0a1P","c_cousins_F_a_G0a1P","c_Nurse_G0a1P","c_dad_lati_a_G0a1P","c_kidsister_lati_a_G0a1P","c_grandma_lati_a_G0a1P","c_Teacher_G0a1P","c_mom_lati_a_G0a1P"]}],"stackSize":3,"resolved":true}],"sessionId":2,"epilogue":{"rating":2},"playerId":6506002,"session":[{"sceneId":"1P","stackId":12},{"sceneId":"1P","stackId":0}],"minigames":[{"levelSaveData":[{"starRating":2,"unlocked":true},{"starRating":0,"unlocked":false},{"starRating":0,"unlocked":false},{"starRating":0,"unlocked":false},{"starRating":0,"unlocked":false},{"starRating":0,"unlocked":false},{"starRating":0,"unlocked":false},{"starRating":0,"unlocked":false},{"starRating":0,"unlocked":false},{"starRating":0,"unlocked":false}],"skillPoints":2},{"levelSaveData":[{"starRating":3,"unlocked":true},{"starRating":0,"unlocked":false},{"starRating":0,"unlocked":false},{"starRating":0,"unlocked":false},{"starRating":0,"unlocked":false},{"starRating":0,"unlocked":false},{"starRating":0,"unlocked":false},{"starRating":0,"unlocked":false},{"starRating":0,"unlocked":false},{"starRating":0,"unlocked":false}],"skillPoints":3},{"levelSaveData":[{"starRating":3,"unlocked":true},{"starRating":0,"unlocked":false},{"starRating":0,"unlocked":false},{"starRating":0,"unlocked":false},{"starRating":0,"unlocked":false},{"starRating":0,"unlocked":false},{"starRating":0,"unlocked":false},{"starRating":0,"unlocked":false},{"starRating":0,"unlocked":false},{"starRating":0,"unlocked":false}],"skillPoints":3},{"levelSaveData":[{"starRating":0,"unlocked":false},{"starRating":0,"unlocked":false},{"starRating":0,"unlocked":false},{"starRating":0,"unlocked":false},{"starRating":0,"unlocked":false},{"starRating":0,"unlocked":false},{"starRating":0,"unlocked":false},{"starRating":0,"unlocked":false},{"starRating":0,"unlocked":false},{"starRating":0,"unlocked":false}],"skillPoints":0},{"age":11,"name":"valentina","gender":1,"levelSaveData":[{"starRating":3,"unlocked":true},{"starRating":3,"chunks":[["1"],["0$$very nice ","14$$happy"],["13$$working","3$$vacation","5$$love dogs"],["0"]],"unlocked":true},{"starRating":0,"chunks":[[null],[null,null],[null,null]],"unlocked":false},{"starRating":0,"chunks":[[null],[null],[null],[null],[null,null],[null]],"unlocked":false},{"starRating":0,"chunks":[[null],[null],[null,null],[null],[null],[null]],"unlocked":false},{"starRating":0,"chunks":[[null],[null,null,null,null],[null],[null]],"unlocked":false},{"starRating":0,"chunks":[[null],[null],[null,null],[null,null],[null]],"unlocked":false},{"starRating":0,"chunks":[[null,null,null],[null,null,null],[null],[null],[null]],"unlocked":false},{"starRating":0,"chunks":[[null,null,null],[null,null,null],[null,null]],"unlocked":false},{"starRating":0,"chunks":[[null],[null],[null],[null],[null],[null]],"unlocked":false}],"visualAvatar":0,"id":2,"skillPoints":6}],"avatar":{"age":11,"name":"valentina","gender":1,"levelSaveData":[{"starRating":3,"unlocked":true},{"starRating":3,"chunks":[["1"],["0$$very nice ","14$$happy"],["13$$working","3$$vacation","5$$love dogs"],["0"]],"unlocked":true},{"starRating":0,"chunks":[[null],[null,null],[null,null]],"unlocked":false},{"starRating":0,"chunks":[[null],[null],[null],[null],[null,null],[null]],"unlocked":false},{"starRating":0,"chunks":[[null],[null],[null,null],[null],[null],[null]],"unlocked":false},{"starRating":0,"chunks":[[null],[null,null,null,null],[null],[null]],"unlocked":false},{"starRating":0,"chunks":[[null],[null],[null,null],[null,null],[null]],"unlocked":false},{"starRating":0,"chunks":[[null,null,null],[null,null,null],[null],[null],[null]],"unlocked":false},{"starRating":0,"chunks":[[null,null,null],[null,null,null],[null,null]],"unlocked":false},{"starRating":0,"chunks":[[null],[null],[null],[null],[null],[null]],"unlocked":false}],"visualAvatar":0,"id":2,"skillPoints":6}}
