6506002,0,4:8:24,7/10/2013 2:09:01pm
6506002,100,4:8:27,0
6506002,101,4:8:28,0
6506002,100,4:8:35,0
6506002,102,4:8:36,0
6506002,200,4:8:36,0,2,3,3,0,6
6506002,221,4:8:41,0
6506002,300,4:8:43
6506002,220,4:8:43,0
6506002,212,4:8:48,0
6506002,210,4:8:49,988,380
6506002,211,4:8:49,969,411
6506002,213,4:8:49,0,c_bestFriend_F_a_G7a1P,true
6506002,1003,4:8:53,0
6506002,1004,4:8:54,0
6506002,400,4:8:57,0,[]
6506002,401,4:8:58,0,[StatementsData_logId:0]
6506002,403,4:8:59,0,[StatementsData_logId:0,true]
6506002,405,4:9:0,0,[StatementsData_logId:0]
6506002,406,4:9:2,0,[StatementsData_logId:0,2]
6506002,407,4:9:2,0,[StatementsData_logId:0,FactCardData_id:4]
6506002,407,4:9:2,0,[StatementsData_logId:0,FactCardData_id:5]
6506002,407,4:9:2,0,[StatementsData_logId:0,FactCardData_id:6]
6506002,407,4:9:2,0,[StatementsData_logId:0,FactCardData_id:7]
6506002,407,4:9:2,0,[StatementsData_logId:0,FactCardData_id:3]
6506002,407,4:9:2,0,[StatementsData_logId:0,FactCardData_id:0]
6506002,407,4:9:5,0,[StatementsData_logId:0,FactCardData_id:4]
6506002,407,4:9:5,0,[StatementsData_logId:0,FactCardData_id:4]
6506002,407,4:9:6,0,[StatementsData_logId:0,FactCardData_id:6]
6506002,407,4:9:6,0,[StatementsData_logId:0,FactCardData_id:4]
6506002,407,4:9:6,0,[StatementsData_logId:0,FactCardData_id:6]
6506002,408,4:9:9,0,[StatementsData_logId:0,FactCardData_id:6,true]
6506002,409,4:9:9,0,[StatementsData_logId:0]
6506002,410,4:9:10,0,[StatementsData_logId:0,2]
6506002,412,4:9:15,0,[StatementsData_logId:0]
6506002,413,4:9:20,0,[StatementsData_logId:0,DuelResponsesData_logId:0]
6506002,414,4:9:21,0,[StatementsData_logId:0,DuelResponsesData_logId:0]
6506002,415,4:9:23,0,[StatementsData_logId:0,DuelResponsesData_logId:0,DuelResponsesData_witty_player_response]
6506002,416,4:9:24,0,[StatementsData_logId:0,DuelResponsesData_logId:0]
6506002,417,4:9:24,0,[StatementsData_logId:0,DuelResponsesData_logId:0]
6506002,413,4:9:45,0,[StatementsData_logId:0,DuelResponsesData_logId:1]
6506002,414,4:9:46,0,[StatementsData_logId:0,DuelResponsesData_logId:1]
6506002,415,4:9:47,0,[StatementsData_logId:0,DuelResponsesData_logId:1,DuelResponsesData_witty_player_response]
6506002,416,4:9:48,0,[StatementsData_logId:0,DuelResponsesData_logId:1]
6506002,417,4:9:49,0,[StatementsData_logId:0,DuelResponsesData_logId:1]
6506002,413,4:9:55,0,[StatementsData_logId:0,DuelResponsesData_logId:2]
6506002,414,4:9:56,0,[StatementsData_logId:0,DuelResponsesData_logId:2]
6506002,415,4:9:57,0,[StatementsData_logId:0,DuelResponsesData_logId:2,DuelResponsesData_ok_player_response]
6506002,416,4:9:58,0,[StatementsData_logId:0,DuelResponsesData_logId:2]
6506002,417,4:10:0,0,[StatementsData_logId:0,DuelResponsesData_logId:2]
6506002,418,4:10:0,0,[StatementsData_logId:0,true]
6506002,419,4:10:5,0,[StatementsData_logId:0,4]
6506002,411,4:10:7,0,[StatementsData_logId:0]
6506002,401,4:10:14,0,[StatementsData_logId:1]
6506002,402,4:10:15,0,[StatementsData_logId:1,true]
6506002,405,4:10:15,0,[StatementsData_logId:1]
6506002,406,4:10:16,0,[StatementsData_logId:1,2]
6506002,411,4:10:18,0,[StatementsData_logId:1]
6506002,401,4:11:37,0,[StatementsData_logId:2]
6506002,404,4:11:40,0,[StatementsData_logId:2,true]
6506002,406,4:11:51,0,[StatementsData_logId:2,2]
6506002,412,4:11:53,0,[StatementsData_logId:2]
6506002,413,4:12:30,0,[StatementsData_logId:2,DuelResponsesData_logId:3]
6506002,414,4:12:31,0,[StatementsData_logId:2,DuelResponsesData_logId:3]
6506002,415,4:12:40,0,[StatementsData_logId:2,DuelResponsesData_logId:3,DuelResponsesData_witty_player_response]
6506002,416,4:12:47,0,[StatementsData_logId:2,DuelResponsesData_logId:3]
6506002,417,4:13:38,0,[StatementsData_logId:2,DuelResponsesData_logId:3]
6506002,413,4:14:20,0,[StatementsData_logId:2,DuelResponsesData_logId:4]
6506002,414,4:14:21,0,[StatementsData_logId:2,DuelResponsesData_logId:4]
6506002,415,4:14:39,0,[StatementsData_logId:2,DuelResponsesData_logId:4,DuelResponsesData_ok_player_response]
6506002,416,4:14:41,0,[StatementsData_logId:2,DuelResponsesData_logId:4]
6506002,417,4:15:29,0,[StatementsData_logId:2,DuelResponsesData_logId:4]
6506002,413,4:16:12,0,[StatementsData_logId:2,DuelResponsesData_logId:5]
6506002,414,4:16:13,0,[StatementsData_logId:2,DuelResponsesData_logId:5]
6506002,415,4:16:58,0,[StatementsData_logId:2,DuelResponsesData_logId:5,DuelResponsesData_ok_player_response]
6506002,416,4:16:59,0,[StatementsData_logId:2,DuelResponsesData_logId:5]
6506002,417,4:18:11,0,[StatementsData_logId:2,DuelResponsesData_logId:5]
6506002,418,4:18:11,0,[StatementsData_logId:2,true]
6506002,419,4:18:15,0,[StatementsData_logId:2,4]
6506002,411,4:18:17,0,[StatementsData_logId:2]
6506002,401,4:18:19,0,[StatementsData_logId:3]
6506002,403,4:20:58,0,[StatementsData_logId:3,true]
6506002,405,4:20:59,0,[StatementsData_logId:3]
6506002,406,4:21:0,0,[StatementsData_logId:3,2]
6506002,407,4:21:0,0,[StatementsData_logId:3,FactCardData_id:7]
6506002,407,4:21:0,0,[StatementsData_logId:3,FactCardData_id:3]
6506002,407,4:21:0,0,[StatementsData_logId:3,FactCardData_id:6]
6506002,407,4:21:0,0,[StatementsData_logId:3,FactCardData_id:0]
6506002,407,4:21:0,0,[StatementsData_logId:3,FactCardData_id:4]
6506002,407,4:21:0,0,[StatementsData_logId:3,FactCardData_id:5]
6506002,407,4:21:15,0,[StatementsData_logId:3,FactCardData_id:7]
6506002,407,4:21:15,0,[StatementsData_logId:3,FactCardData_id:7]
6506002,407,4:21:16,0,[StatementsData_logId:3,FactCardData_id:6]
6506002,407,4:21:16,0,[StatementsData_logId:3,FactCardData_id:7]
6506002,407,4:21:16,0,[StatementsData_logId:3,FactCardData_id:6]
6506002,407,4:21:18,0,[StatementsData_logId:3,FactCardData_id:4]
6506002,407,4:21:18,0,[StatementsData_logId:3,FactCardData_id:6]
6506002,407,4:21:18,0,[StatementsData_logId:3,FactCardData_id:4]
6506002,407,4:21:21,0,[StatementsData_logId:3,FactCardData_id:3]
6506002,407,4:21:21,0,[StatementsData_logId:3,FactCardData_id:4]
6506002,407,4:21:21,0,[StatementsData_logId:3,FactCardData_id:3]
6506002,407,4:21:22,0,[StatementsData_logId:3,FactCardData_id:0]
6506002,407,4:21:22,0,[StatementsData_logId:3,FactCardData_id:3]
6506002,407,4:21:22,0,[StatementsData_logId:3,FactCardData_id:0]
6506002,407,4:21:23,0,[StatementsData_logId:3,FactCardData_id:5]
6506002,407,4:21:23,0,[StatementsData_logId:3,FactCardData_id:0]
6506002,407,4:21:23,0,[StatementsData_logId:3,FactCardData_id:5]
6506002,407,4:21:26,0,[StatementsData_logId:3,FactCardData_id:0]
6506002,407,4:21:26,0,[StatementsData_logId:3,FactCardData_id:5]
6506002,407,4:21:26,0,[StatementsData_logId:3,FactCardData_id:0]
6506002,408,4:21:30,0,[StatementsData_logId:3,FactCardData_id:0,true]
6506002,409,4:21:30,0,[StatementsData_logId:3]
6506002,410,4:21:58,0,[StatementsData_logId:3,2]
6506002,412,4:22:0,0,[StatementsData_logId:3]
6506002,413,4:22:35,0,[StatementsData_logId:3,DuelResponsesData_logId:6]
6506002,414,4:22:37,0,[StatementsData_logId:3,DuelResponsesData_logId:6]
6506002,415,4:23:8,0,[StatementsData_logId:3,DuelResponsesData_logId:6,DuelResponsesData_witty_player_response]
6506002,416,4:23:10,0,[StatementsData_logId:3,DuelResponsesData_logId:6]
6506002,417,4:25:33,0,[StatementsData_logId:3,DuelResponsesData_logId:6]
6506002,413,4:25:37,0,[StatementsData_logId:3,DuelResponsesData_logId:7]
6506002,414,4:25:39,0,[StatementsData_logId:3,DuelResponsesData_logId:7]
6506002,415,4:26:6,0,[StatementsData_logId:3,DuelResponsesData_logId:7,DuelResponsesData_lame_player_response]
6506002,416,4:26:7,0,[StatementsData_logId:3,DuelResponsesData_logId:7]
6506002,417,4:26:15,0,[StatementsData_logId:3,DuelResponsesData_logId:7]
6506002,413,4:26:50,0,[StatementsData_logId:3,DuelResponsesData_logId:8]
6506002,414,4:26:53,0,[StatementsData_logId:3,DuelResponsesData_logId:8]
6506002,415,4:27:15,0,[StatementsData_logId:3,DuelResponsesData_logId:8,DuelResponsesData_witty_player_response]
6506002,416,4:27:16,0,[StatementsData_logId:3,DuelResponsesData_logId:8]
6506002,417,4:28:0,0,[StatementsData_logId:3,DuelResponsesData_logId:8]
6506002,418,4:28:0,0,[StatementsData_logId:3,true]
6506002,419,4:28:3,0,[StatementsData_logId:3,4]
6506002,411,4:28:4,0,[StatementsData_logId:3]
6506002,401,4:28:37,0,[StatementsData_logId:4]
6506002,402,4:28:58,0,[StatementsData_logId:4,true]
6506002,405,4:28:59,0,[StatementsData_logId:4]
6506002,406,4:29:10,0,[StatementsData_logId:4,2]
6506002,411,4:29:12,0,[StatementsData_logId:4]
6506002,401,4:29:18,0,[StatementsData_logId:5]
6506002,404,4:30:11,0,[StatementsData_logId:5,true]
6506002,406,4:30:23,0,[StatementsData_logId:5,2]
6506002,412,4:30:26,0,[StatementsData_logId:5]
6506002,413,4:30:53,0,[StatementsData_logId:5,DuelResponsesData_logId:9]
6506002,414,4:30:55,0,[StatementsData_logId:5,DuelResponsesData_logId:9]
6506002,415,4:31:19,0,[StatementsData_logId:5,DuelResponsesData_logId:9,DuelResponsesData_ok_player_response]
6506002,416,4:31:19,0,[StatementsData_logId:5,DuelResponsesData_logId:9]
6506002,417,4:32:18,0,[StatementsData_logId:5,DuelResponsesData_logId:9]
6506002,413,4:33:3,0,[StatementsData_logId:5,DuelResponsesData_logId:10]
6506002,414,4:33:4,0,[StatementsData_logId:5,DuelResponsesData_logId:10]
6506002,415,4:33:14,0,[StatementsData_logId:5,DuelResponsesData_logId:10,DuelResponsesData_ok_player_response]
6506002,416,4:33:15,0,[StatementsData_logId:5,DuelResponsesData_logId:10]
6506002,417,4:34:50,0,[StatementsData_logId:5,DuelResponsesData_logId:10]
6506002,413,4:35:42,0,[StatementsData_logId:5,DuelResponsesData_logId:11]
6506002,414,4:35:43,0,[StatementsData_logId:5,DuelResponsesData_logId:11]
6506002,415,4:35:55,0,[StatementsData_logId:5,DuelResponsesData_logId:11,DuelResponsesData_witty_player_response]
6506002,416,4:35:56,0,[StatementsData_logId:5,DuelResponsesData_logId:11]
6506002,417,4:36:48,0,[StatementsData_logId:5,DuelResponsesData_logId:11]
6506002,418,4:36:48,0,[StatementsData_logId:5,true]
6506002,419,4:37:8,0,[StatementsData_logId:5,4]
6506002,411,4:37:9,0,[StatementsData_logId:5]
6506002,420,4:37:9,0,[64]
6506002,1005,4:37:9,0,[0,2,3]
6506002,1001,4:37:21,0,[]
6506002,1003,4:37:21,0
6506002,210,4:37:24,932,488
6506002,211,4:37:25,958,491
6506002,213,4:37:25,0,c_bestFriend_F_a_G7a1P,true
6506002,205,4:37:25,0,c_bestFriend_F_a_G7a1P,false,false
6506002,207,4:37:33,0,-400,-355
6506002,221,4:37:34,0
6506002,220,4:37:36,0
6506002,203,4:37:36,0
6506002,1003,4:37:38,3
6506002,100,4:37:41,1
6506002,102,4:37:44,1
6506002,200,4:37:44,1,3,3,3,0,6
6506002,219,4:37:44,1
6506002,216,4:37:46,Stack_G7b0
6506002,217,4:38:10,Stack_G7b0,20,1.0
6506002,218,4:38:13,1
6506002,210,4:38:19,991,406
6506002,207,4:38:23,1,-500,0
6506002,211,4:38:25,697,457
6506002,213,4:38:25,1,c_crewKid2_F_G7b0,true
6506002,212,4:38:29,1
6506002,210,4:38:29,1055,490
6506002,207,4:38:30,1,0,-150
6506002,211,4:38:31,1773,387
6506002,207,4:38:31,1,-150,-765
6506002,207,4:38:32,1,-765,-825
6506002,210,4:38:32,1755,452
6506002,211,4:38:34,1561,217
6506002,213,4:38:34,1,s_snackBarWorker_G7b0,true
6506002,210,4:38:38,1546,248
6506002,207,4:38:40,1,-825,-1031
6506002,211,4:38:46,1561,233
6506002,213,4:38:46,1,s_snackBarWorker_G7b0,true
6506002,210,4:38:49,1461,384
6506002,207,4:38:50,1,-1031,-821
6506002,207,4:38:55,1,-821,-116
6506002,211,4:38:56,673,456
6506002,213,4:38:56,1,c_crewKid2_F_G7b0,true
6506002,210,4:38:58,432,417
6506002,211,4:38:58,427,399
6506002,213,4:38:58,1,c_cousinsBrother_a_G7b0,true
6506002,210,4:39:1,374,475
6506002,211,4:39:3,202,456
6506002,213,4:39:3,1,c_kidSister_lati_a_G7b0,true
6506002,205,4:39:3,1,c_kidSister_lati_a_G7b0,false,false
6506002,212,4:39:7,0
6506002,210,4:39:7,1003,436
6506002,207,4:39:14,1,-116,0
6506002,207,4:39:21,1,0,-750
6506002,211,4:39:27,969,570
6506002,212,4:39:28,2
6506002,210,4:39:28,1596,353
6506002,211,4:39:30,1392,458
6506002,213,4:39:30,1,c_cousin_F_a_G7b0,true
6506002,210,4:39:34,1386,448
6506002,211,4:39:38,1005,497
6506002,213,4:39:38,1,c_crewKid1_F_G7b0,false
6506002,1003,4:39:42,2
6506002,1004,4:39:45,1
6506002,900,4:39:48,1,[]
6506002,901,4:39:57,1,[PeopleData_id:0]
6506002,902,4:39:59,1,[PeopleData_id:0,PeopleData_data0Type]
6506002,902,4:40:6,1,[PeopleData_id:0,PeopleData_data1Type]
6506002,902,4:40:8,1,[PeopleData_id:0,PeopleData_data2Type]
6506002,903,4:40:12,1,[PeopleData_id0,PeopleData_data2Type]
6506002,901,4:40:13,1,[PeopleData_id:0]
6506002,904,4:40:13,1,[PeopleData_id:0]
6506002,905,4:40:15,1,[PeopleData_id:0,RankTypes_id:-1,RankTypes_id:0]
6506002,901,4:40:18,1,[PeopleData_id:5]
6506002,902,4:40:19,1,[PeopleData_id:5,PeopleData_data0Type]
6506002,902,4:40:23,1,[PeopleData_id:5,PeopleData_data1Type]
6506002,902,4:40:25,1,[PeopleData_id:5,PeopleData_data2Type]
6506002,903,4:40:26,1,[PeopleData_id5,PeopleData_data2Type]
6506002,901,4:40:28,1,[PeopleData_id:5]
6506002,904,4:40:28,1,[PeopleData_id:5]
6506002,905,4:40:31,1,[PeopleData_id:5,RankTypes_id:-1,RankTypes_id:4]
6506002,901,4:40:41,1,[PeopleData_id:6]
6506002,902,4:40:42,1,[PeopleData_id:6,PeopleData_data0Type]
6506002,902,4:40:45,1,[PeopleData_id:6,PeopleData_data1Type]
6506002,902,4:40:47,1,[PeopleData_id:6,PeopleData_data2Type]
6506002,902,4:40:49,1,[PeopleData_id:6,PeopleData_data3Type]
6506002,903,4:40:52,1,[PeopleData_id6,PeopleData_data3Type]
6506002,901,4:40:53,1,[PeopleData_id:6]
6506002,904,4:40:53,1,[PeopleData_id:6]
6506002,905,4:40:55,1,[PeopleData_id:6,RankTypes_id:-1,RankTypes_id:3]
6506002,901,4:40:56,1,[PeopleData_id:4]
6506002,902,4:40:57,1,[PeopleData_id:4,PeopleData_data0Type]
6506002,902,4:41:1,1,[PeopleData_id:4,PeopleData_data1Type]
6506002,902,4:41:2,1,[PeopleData_id:4,PeopleData_data2Type]
6506002,902,4:41:5,1,[PeopleData_id:4,PeopleData_data3Type]
6506002,903,4:41:10,1,[PeopleData_id4,PeopleData_data3Type]
6506002,901,4:41:13,1,[PeopleData_id:3]
6506002,902,4:41:14,1,[PeopleData_id:3,PeopleData_data0Type]
6506002,902,4:41:20,1,[PeopleData_id:3,PeopleData_data1Type]
6506002,902,4:41:24,1,[PeopleData_id:3,PeopleData_data2Type]
6506002,903,4:41:25,1,[PeopleData_id3,PeopleData_data2Type]
6506002,902,4:41:28,1,[PeopleData_id:3,PeopleData_data0Type]
6506002,902,4:41:30,1,[PeopleData_id:3,PeopleData_data1Type]
6506002,902,4:41:33,1,[PeopleData_id:3,PeopleData_data2Type]
6506002,902,4:41:37,1,[PeopleData_id:3,PeopleData_data3Type]
6506002,903,4:41:42,1,[PeopleData_id3,PeopleData_data3Type]
6506002,901,4:41:43,1,[PeopleData_id:3]
6506002,904,4:41:43,1,[PeopleData_id:3]
6506002,905,4:41:44,1,[PeopleData_id:3,RankTypes_id:-1,RankTypes_id:0]
6506002,901,4:41:45,1,[PeopleData_id:4]
6506002,901,4:41:47,1,[PeopleData_id:4]
6506002,904,4:41:47,1,[PeopleData_id:4]
6506002,905,4:41:48,1,[PeopleData_id:4,RankTypes_id:-1,RankTypes_id:2]
6506002,901,4:41:49,1,[PeopleData_id:2]
6506002,902,4:41:50,1,[PeopleData_id:2,PeopleData_data0Type]
6506002,902,4:41:53,1,[PeopleData_id:2,PeopleData_data1Type]
6506002,902,4:41:55,1,[PeopleData_id:2,PeopleData_data2Type]
6506002,902,4:41:58,1,[PeopleData_id:2,PeopleData_data3Type]
6506002,903,4:42:2,1,[PeopleData_id2,PeopleData_data3Type]
6506002,901,4:42:3,1,[PeopleData_id:2]
6506002,904,4:42:3,1,[PeopleData_id:2]
6506002,905,4:42:4,1,[PeopleData_id:2,RankTypes_id:-1,RankTypes_id:0]
6506002,901,4:42:5,1,[PeopleData_id:1]
6506002,902,4:42:6,1,[PeopleData_id:1,PeopleData_data0Type]
6506002,902,4:42:9,1,[PeopleData_id:1,PeopleData_data1Type]
6506002,902,4:42:12,1,[PeopleData_id:1,PeopleData_data2Type]
6506002,902,4:42:15,1,[PeopleData_id:1,PeopleData_data3Type]
6506002,903,4:42:18,1,[PeopleData_id1,PeopleData_data3Type]
6506002,901,4:42:19,1,[PeopleData_id:1]
6506002,904,4:42:19,1,[PeopleData_id:1]
6506002,905,4:42:21,1,[PeopleData_id:1,RankTypes_id:-1,RankTypes_id:4]
6506002,906,4:42:21,1,[]
6506002,907,4:42:22,1,[]
6506002,908,4:42:22,1,[InvitationData_id:3,PeopleData_id:5,RankTypes_id:4]
6506002,909,4:42:25,1,[InvitationData_id:3,PeopleData_id:5,RankTypes_id:4,1]
6506002,910,4:42:27,1,[InvitationData_id:3,9,false]
6506002,908,4:42:27,1,[InvitationData_id:6,PeopleData_id:6,RankTypes_id:3]
6506002,909,4:42:30,1,[InvitationData_id:6,PeopleData_id:6,RankTypes_id:3,1]
6506002,910,4:42:31,1,[InvitationData_id:6,7,false]
6506002,908,4:42:31,1,[InvitationData_id:1,PeopleData_id:4,RankTypes_id:2]
6506002,909,4:42:34,1,[InvitationData_id:1,PeopleData_id:4,RankTypes_id:2,1]
6506002,910,4:42:35,1,[InvitationData_id:1,5,false]
6506002,908,4:42:35,1,[InvitationData_id:2,PeopleData_id:4,RankTypes_id:2]
6506002,909,4:42:38,1,[InvitationData_id:2,PeopleData_id:4,RankTypes_id:2,0]
6506002,910,4:42:41,1,[InvitationData_id:2,-2,false]
6506002,908,4:42:41,1,[InvitationData_id:5,PeopleData_id:6,RankTypes_id:3]
6506002,909,4:42:46,1,[InvitationData_id:5,PeopleData_id:6,RankTypes_id:3,1]
6506002,910,4:42:48,1,[InvitationData_id:5,7,false]
6506002,908,4:42:48,1,[InvitationData_id:10,PeopleData_id:1,RankTypes_id:4]
6506002,909,4:42:53,1,[InvitationData_id:10,PeopleData_id:1,RankTypes_id:4,1]
6506002,910,4:42:53,1,[InvitationData_id:10,9,false]
6506002,908,4:42:53,1,[InvitationData_id:8,PeopleData_id:5,RankTypes_id:4]
6506002,909,4:42:57,1,[InvitationData_id:8,PeopleData_id:5,RankTypes_id:4,0]
6506002,910,4:43:0,1,[InvitationData_id:8,-11,false]
6506002,908,4:43:0,1,[InvitationData_id:0,PeopleData_id:1,RankTypes_id:4]
6506002,909,4:43:1,1,[InvitationData_id:0,PeopleData_id:1,RankTypes_id:4,1]
6506002,910,4:43:2,1,[InvitationData_id:0,9,false]
6506002,908,4:43:2,1,[InvitationData_id:9,PeopleData_id:4,RankTypes_id:2]
6506002,909,4:43:5,1,[InvitationData_id:9,PeopleData_id:4,RankTypes_id:2,1]
6506002,910,4:43:9,1,[InvitationData_id:9,0,true]
6506002,911,4:43:11,1,[33,1,1,1]
6506002,1005,4:43:11,1,[2,0,2]
6506002,1001,4:43:13,1,[]
6506002,1003,4:43:13,2
6506002,1004,4:43:14,1
6506002,900,4:43:16,1,[]
6506002,901,4:43:25,1,[PeopleData_id:3]
6506002,902,4:43:26,1,[PeopleData_id:3,PeopleData_data0Type]
6506002,903,4:43:31,1,[PeopleData_id3,PeopleData_data0Type]
6506002,901,4:43:32,1,[PeopleData_id:3]
6506002,904,4:43:32,1,[PeopleData_id:3]
6506002,905,4:43:33,1,[PeopleData_id:3,RankTypes_id:-1,RankTypes_id:0]
6506002,901,4:43:33,1,[PeopleData_id:4]
6506002,902,4:43:35,1,[PeopleData_id:4,PeopleData_data0Type]
6506002,903,4:43:36,1,[PeopleData_id4,PeopleData_data0Type]
6506002,902,4:43:37,1,[PeopleData_id:4,PeopleData_data1Type]
6506002,903,4:43:38,1,[PeopleData_id4,PeopleData_data1Type]
6506002,902,4:43:38,1,[PeopleData_id:4,PeopleData_data2Type]
6506002,903,4:43:40,1,[PeopleData_id4,PeopleData_data2Type]
6506002,902,4:43:40,1,[PeopleData_id:4,PeopleData_data3Type]
6506002,903,4:43:42,1,[PeopleData_id4,PeopleData_data3Type]
6506002,901,4:43:43,1,[PeopleData_id:4]
6506002,904,4:43:43,1,[PeopleData_id:4]
6506002,905,4:43:46,1,[PeopleData_id:4,RankTypes_id:-1,RankTypes_id:4]
6506002,901,4:43:53,1,[PeopleData_id:6]
6506002,902,4:43:54,1,[PeopleData_id:6,PeopleData_data0Type]
6506002,902,4:43:56,1,[PeopleData_id:6,PeopleData_data1Type]
6506002,902,4:44:1,1,[PeopleData_id:6,PeopleData_data2Type]
6506002,902,4:44:5,1,[PeopleData_id:6,PeopleData_data3Type]
6506002,903,4:44:7,1,[PeopleData_id6,PeopleData_data3Type]
6506002,901,4:44:7,1,[PeopleData_id:6]
6506002,904,4:44:8,1,[PeopleData_id:6]
6506002,905,4:44:8,1,[PeopleData_id:6,RankTypes_id:-1,RankTypes_id:4]
6506002,901,4:44:9,1,[PeopleData_id:5]
6506002,902,4:44:10,1,[PeopleData_id:5,PeopleData_data0Type]
6506002,902,4:44:12,1,[PeopleData_id:5,PeopleData_data1Type]
6506002,902,4:44:13,1,[PeopleData_id:5,PeopleData_data2Type]
6506002,903,4:44:15,1,[PeopleData_id5,PeopleData_data2Type]
6506002,901,4:44:17,1,[PeopleData_id:6]
6506002,904,4:44:17,1,[PeopleData_id:6]
6506002,905,4:44:17,1,[PeopleData_id:6,RankTypes_id:4,RankTypes_id:3]
6506002,901,4:44:18,1,[PeopleData_id:5]
6506002,904,4:44:18,1,[PeopleData_id:5]
6506002,905,4:44:19,1,[PeopleData_id:5,RankTypes_id:-1,RankTypes_id:4]
6506002,901,4:44:20,1,[PeopleData_id:2]
6506002,902,4:44:21,1,[PeopleData_id:2,PeopleData_data0Type]
6506002,903,4:44:22,1,[PeopleData_id2,PeopleData_data0Type]
6506002,902,4:44:23,1,[PeopleData_id:2,PeopleData_data3Type]
6506002,903,4:44:24,1,[PeopleData_id2,PeopleData_data3Type]
6506002,901,4:44:26,1,[PeopleData_id:2]
6506002,904,4:44:26,1,[PeopleData_id:2]
6506002,905,4:44:27,1,[PeopleData_id:2,RankTypes_id:-1,RankTypes_id:0]
6506002,901,4:44:27,1,[PeopleData_id:0]
6506002,902,4:44:28,1,[PeopleData_id:0,PeopleData_data0Type]
6506002,902,4:44:31,1,[PeopleData_id:0,PeopleData_data1Type]
6506002,902,4:44:33,1,[PeopleData_id:0,PeopleData_data2Type]
6506002,903,4:44:35,1,[PeopleData_id0,PeopleData_data2Type]
6506002,901,4:44:36,1,[PeopleData_id:0]
6506002,904,4:44:36,1,[PeopleData_id:0]
6506002,905,4:44:37,1,[PeopleData_id:0,RankTypes_id:-1,RankTypes_id:0]
6506002,901,4:44:37,1,[PeopleData_id:1]
6506002,902,4:44:38,1,[PeopleData_id:1,PeopleData_data0Type]
6506002,903,4:44:39,1,[PeopleData_id1,PeopleData_data0Type]
6506002,902,4:44:41,1,[PeopleData_id:1,PeopleData_data2Type]
6506002,902,4:44:42,1,[PeopleData_id:1,PeopleData_data3Type]
6506002,902,4:44:44,1,[PeopleData_id:1,PeopleData_data2Type]
6506002,902,4:44:45,1,[PeopleData_id:1,PeopleData_data1Type]
6506002,902,4:44:45,1,[PeopleData_id:1,PeopleData_data0Type]
6506002,903,4:44:47,1,[PeopleData_id1,PeopleData_data0Type]
6506002,901,4:44:48,1,[PeopleData_id:1]
6506002,904,4:44:48,1,[PeopleData_id:1]
6506002,905,4:44:49,1,[PeopleData_id:1,RankTypes_id:-1,RankTypes_id:3]
6506002,906,4:44:49,1,[]
6506002,907,4:44:50,1,[]
6506002,908,4:44:50,1,[InvitationData_id:2,PeopleData_id:4,RankTypes_id:4]
6506002,909,4:44:55,1,[InvitationData_id:2,PeopleData_id:4,RankTypes_id:4,1]
6506002,910,4:44:57,1,[InvitationData_id:2,0,true]
6506002,908,4:44:57,1,[InvitationData_id:3,PeopleData_id:4,RankTypes_id:4]
6506002,909,4:45:1,1,[InvitationData_id:3,PeopleData_id:4,RankTypes_id:4,1]
6506002,910,4:45:2,1,[InvitationData_id:3,9,false]
6506002,908,4:45:2,1,[InvitationData_id:5,PeopleData_id:6,RankTypes_id:3]
6506002,909,4:45:5,1,[InvitationData_id:5,PeopleData_id:6,RankTypes_id:3,1]
6506002,910,4:45:7,1,[InvitationData_id:5,7,false]
6506002,908,4:45:7,1,[InvitationData_id:0,PeopleData_id:4,RankTypes_id:4]
6506002,909,4:45:8,1,[InvitationData_id:0,PeopleData_id:4,RankTypes_id:4,1]
6506002,910,4:45:9,1,[InvitationData_id:0,9,false]
6506002,908,4:45:9,1,[InvitationData_id:8,PeopleData_id:5,RankTypes_id:4]
6506002,909,4:45:11,1,[InvitationData_id:8,PeopleData_id:5,RankTypes_id:4,1]
6506002,910,4:45:12,1,[InvitationData_id:8,9,false]
6506002,908,4:45:12,1,[InvitationData_id:1,PeopleData_id:4,RankTypes_id:4]
6506002,909,4:45:14,1,[InvitationData_id:1,PeopleData_id:4,RankTypes_id:4,1]
6506002,910,4:45:14,1,[InvitationData_id:1,9,false]
6506002,908,4:45:14,1,[InvitationData_id:9,PeopleData_id:4,RankTypes_id:4]
6506002,909,4:45:16,1,[InvitationData_id:9,PeopleData_id:4,RankTypes_id:4,1]
6506002,910,4:45:18,1,[InvitationData_id:9,0,true]
6506002,908,4:45:18,1,[InvitationData_id:6,PeopleData_id:4,RankTypes_id:4]
6506002,909,4:45:20,1,[InvitationData_id:6,PeopleData_id:4,RankTypes_id:4,1]
6506002,910,4:45:20,1,[InvitationData_id:6,9,false]
6506002,908,4:45:20,1,[InvitationData_id:10,PeopleData_id:4,RankTypes_id:4]
6506002,909,4:45:22,1,[InvitationData_id:10,PeopleData_id:4,RankTypes_id:4,1]
6506002,910,4:45:22,1,[InvitationData_id:10,9,false]
6506002,911,4:45:25,1,[61,2,0,2]
6506002,1001,4:45:28,1,[]
6506002,1003,4:45:28,2
6506002,1004,4:45:29,1
6506002,900,4:45:31,1,[]
6506002,901,4:45:36,1,[PeopleData_id:1]
6506002,902,4:45:37,1,[PeopleData_id:1,PeopleData_data3Type]
6506002,903,4:45:38,1,[PeopleData_id1,PeopleData_data3Type]
6506002,901,4:45:39,1,[PeopleData_id:1]
6506002,904,4:45:39,1,[PeopleData_id:1]
6506002,905,4:45:40,1,[PeopleData_id:1,RankTypes_id:-1,RankTypes_id:3]
6506002,901,4:45:40,1,[PeopleData_id:3]
6506002,902,4:45:41,1,[PeopleData_id:3,PeopleData_data3Type]
6506002,903,4:45:43,1,[PeopleData_id3,PeopleData_data3Type]
6506002,901,4:45:44,1,[PeopleData_id:3]
6506002,904,4:45:44,1,[PeopleData_id:3]
6506002,905,4:45:45,1,[PeopleData_id:3,RankTypes_id:-1,RankTypes_id:0]
6506002,901,4:45:45,1,[PeopleData_id:0]
6506002,904,4:45:45,1,[PeopleData_id:0]
6506002,902,4:45:47,1,[PeopleData_id:0,PeopleData_data2Type]
6506002,903,4:45:48,1,[PeopleData_id0,PeopleData_data2Type]
6506002,901,4:45:49,1,[PeopleData_id:0]
6506002,904,4:45:49,1,[PeopleData_id:0]
6506002,905,4:45:50,1,[PeopleData_id:0,RankTypes_id:-1,RankTypes_id:0]
6506002,901,4:45:50,1,[PeopleData_id:5]
6506002,904,4:45:50,1,[PeopleData_id:5]
6506002,902,4:45:51,1,[PeopleData_id:5,PeopleData_data0Type]
6506002,902,4:45:52,1,[PeopleData_id:5,PeopleData_data1Type]
6506002,902,4:45:53,1,[PeopleData_id:5,PeopleData_data2Type]
6506002,903,4:45:54,1,[PeopleData_id5,PeopleData_data2Type]
6506002,901,4:45:55,1,[PeopleData_id:5]
6506002,904,4:45:55,1,[PeopleData_id:5]
6506002,905,4:45:55,1,[PeopleData_id:5,RankTypes_id:-1,RankTypes_id:4]
6506002,901,4:45:56,1,[PeopleData_id:2]
6506002,902,4:45:57,1,[PeopleData_id:2,PeopleData_data0Type]
6506002,902,4:45:58,1,[PeopleData_id:2,PeopleData_data3Type]
6506002,903,4:46:0,1,[PeopleData_id2,PeopleData_data3Type]
6506002,901,4:46:0,1,[PeopleData_id:2]
6506002,904,4:46:0,1,[PeopleData_id:2]
6506002,905,4:46:1,1,[PeopleData_id:2,RankTypes_id:-1,RankTypes_id:0]
6506002,901,4:46:1,1,[PeopleData_id:4]
6506002,902,4:46:3,1,[PeopleData_id:4,PeopleData_data3Type]
6506002,902,4:46:4,1,[PeopleData_id:4,PeopleData_data2Type]
6506002,903,4:46:6,1,[PeopleData_id4,PeopleData_data2Type]
6506002,901,4:46:7,1,[PeopleData_id:4]
6506002,904,4:46:7,1,[PeopleData_id:4]
6506002,905,4:46:7,1,[PeopleData_id:4,RankTypes_id:-1,RankTypes_id:0]
6506002,901,4:46:8,1,[PeopleData_id:6]
6506002,902,4:46:10,1,[PeopleData_id:6,PeopleData_data0Type]
6506002,902,4:46:10,1,[PeopleData_id:6,PeopleData_data1Type]
6506002,902,4:46:12,1,[PeopleData_id:6,PeopleData_data2Type]
6506002,902,4:46:14,1,[PeopleData_id:6,PeopleData_data3Type]
6506002,903,4:46:16,1,[PeopleData_id6,PeopleData_data3Type]
6506002,901,4:46:17,1,[PeopleData_id:6]
6506002,904,4:46:17,1,[PeopleData_id:6]
6506002,905,4:46:18,1,[PeopleData_id:6,RankTypes_id:-1,RankTypes_id:0]
6506002,906,4:46:18,1,[]
6506002,901,4:46:20,1,[PeopleData_id:1]
6506002,904,4:46:20,1,[PeopleData_id:1]
6506002,905,4:46:21,1,[PeopleData_id:1,RankTypes_id:3,RankTypes_id:4]
6506002,907,4:46:22,1,[]
6506002,908,4:46:22,1,[InvitationData_id:10,PeopleData_id:1,RankTypes_id:4]
6506002,909,4:46:27,1,[InvitationData_id:10,PeopleData_id:1,RankTypes_id:4,1]
6506002,910,4:46:28,1,[InvitationData_id:10,9,false]
6506002,908,4:46:28,1,[InvitationData_id:3,PeopleData_id:5,RankTypes_id:4]
6506002,909,4:46:29,1,[InvitationData_id:3,PeopleData_id:5,RankTypes_id:4,1]
6506002,910,4:46:30,1,[InvitationData_id:3,9,false]
6506002,908,4:46:30,1,[InvitationData_id:8,PeopleData_id:5,RankTypes_id:4]
6506002,909,4:46:32,1,[InvitationData_id:8,PeopleData_id:5,RankTypes_id:4,1]
6506002,910,4:46:34,1,[InvitationData_id:8,9,false]
6506002,908,4:46:34,1,[InvitationData_id:0,PeopleData_id:1,RankTypes_id:4]
6506002,909,4:46:37,1,[InvitationData_id:0,PeopleData_id:1,RankTypes_id:4,1]
6506002,910,4:46:37,1,[InvitationData_id:0,9,false]
6506002,911,4:46:43,1,[36,0,0,0]
6506002,1005,4:46:43,1,[2,2,3]
6506002,1001,4:46:45,1,[]
6506002,1003,4:46:45,2
6506002,210,4:46:50,1011,450
6506002,211,4:46:51,998,450
6506002,213,4:46:51,1,c_crewKid1_F_G7b0,true
6506002,205,4:46:51,1,c_crewKid1_F_G7b0,false,false
6506002,210,4:46:55,720,417
6506002,211,4:46:56,1274,487
6506002,212,4:46:57,1
6506002,210,4:46:58,1389,442
6506002,211,4:46:59,428,449
6506002,207,4:46:59,1,-500,-410
6506002,207,4:47:0,1,-410,-365
6506002,210,4:47:0,529,400
6506002,207,4:47:1,1,-365,0
6506002,211,4:47:2,200,428
6506002,213,4:47:2,1,c_kidSister_lati_a_G7b0,true
6506002,205,4:47:2,1,c_kidSister_lati_a_G7b0,false,true
6506002,212,4:47:6,2
6506002,210,4:47:7,697,486
6506002,211,4:47:8,946,467
6506002,213,4:47:8,1,c_crewKid1_F_G7b0,true
6506002,205,4:47:8,1,c_crewKid1_F_G7b0,false,true
6506002,212,4:47:12,0
6506002,210,4:47:12,678,259
6506002,211,4:47:18,664,446
6506002,213,4:47:18,1,s_backpack_F_G7b0,true
6506002,205,4:47:18,1,s_backpack_F_G7b0,false,false
6506002,221,4:47:23,1
6506002,220,4:47:32,1
6506002,1003,4:47:32,3
6506002,1004,4:47:34,0
6506002,500,4:47:38,0,[]
6506002,501,4:47:42,0,[]
6506002,502,4:48:1,0,[IntentionData_logId:2,true]
6506002,503,4:48:3,0,[]
6506002,504,4:48:9,0,[InfluenceData_logId:4]
6506002,504,4:48:13,0,[InfluenceData_logId:3]
6506002,504,4:48:15,0,[InfluenceData_logId:7]
6506002,504,4:48:17,0,[InfluenceData_logId:6]
6506002,504,4:48:22,0,[InfluenceData_logId:8]
6506002,504,4:48:24,0,[InfluenceData_logId:0]
6506002,504,4:48:27,0,[InfluenceData_logId:2]
6506002,504,4:48:31,0,[InfluenceData_logId:1]
6506002,504,4:48:33,0,[InfluenceData_logId:8]
6506002,504,4:48:36,0,[InfluenceData_logId:6]
6506002,505,4:48:40,0,[InfluenceData_logId:1,true,InfluenceData_logId:3,true,InfluenceData_logId:6,true]
6506002,506,4:48:42,0,[]
6506002,507,4:49:22,0,[OpponentAttackData_logId:2,OpponentAttackTypeData_logId:0,false,30]
6506002,508,4:49:25,0,[]
6506002,509,4:49:41,0,[RefusalData_logId:2,2]
6506002,510,4:49:49,0,[AvailableRefusalData_logId:2,2B]
6506002,510,4:50:2,0,[AvailableRefusalData_logId:2,1C]
6506002,510,4:50:18,0,[AvailableRefusalData_logId:2,0C]
6506002,510,4:50:21,0,[AvailableRefusalData_logId:2,1B]
6506002,511,4:50:24,0,[AvailableRefusalData_logId:2,0C,1B,2B,false,0]
6506002,512,4:50:27,0,[]
6506002,513,4:50:27,0,[30]
6506002,514,4:53:28,0,[]
6506002,1002,4:53:56,0
6506002,1003,4:53:56,3
6506002,207,4:54:18,1,-500,-485
6506002,207,4:54:19,1,-485,-470
6506002,210,4:54:19,576,233
6506002,211,4:54:19,640,276
6506002,210,4:54:19,465,251
6506002,207,4:54:19,1,-470,-395
6506002,211,4:54:20,564,272
6506002,207,4:54:20,1,-395,-365
6506002,207,4:54:20,1,-365,-335
6506002,210,4:54:21,533,311
6506002,211,4:54:21,533,311
6506002,207,4:54:21,1,-335,-320
6506002,210,4:54:21,508,305
6506002,211,4:54:21,508,305
6506002,207,4:54:21,1,-320,-320
6506002,210,4:54:22,444,301
6506002,211,4:54:28,618,461
6506002,213,4:54:28,1,s_backpack_F_G7b0,true
6506002,205,4:54:28,1,s_backpack_F_G7b0,false,true
6506002,219,4:54:35,1
6506002,216,4:54:37,Stack_G7b1N
6506002,217,4:54:59,Stack_G7b1N,17,0.00
6506002,218,4:55:1,1
6506002,210,4:55:4,801,334
6506002,207,4:55:6,1,-200,-110
6506002,207,4:55:12,1,-110,-515
6506002,211,4:55:12,1344,180
6506002,213,4:55:12,1,s_graffiti_G7b1N,true
6506002,205,4:55:12,1,s_graffiti_G7b1N,false,false
6506002,212,4:55:18,1
6506002,210,4:55:19,1188,184
6506002,211,4:55:20,1040,549
6506002,213,4:55:20,1,c_kidSister_lati_a_G7b1N,true
6506002,205,4:55:20,1,c_kidSister_lati_a_G7b1N,false,false
6506002,210,4:55:24,1247,240
6506002,207,4:55:25,1,-515,-710
6506002,207,4:55:26,1,-710,-1027
6506002,207,4:55:34,1,-1027,-37
6506002,207,4:55:37,1,-37,0
6506002,211,4:55:39,255,126
6506002,213,4:55:39,1,s_flag_G7b1N,true
6506002,210,4:55:44,332,95
6506002,211,4:55:46,874,160
6506002,212,4:55:47,0
6506002,210,4:55:47,743,238
6506002,207,4:55:51,1,0,-180
6506002,207,4:55:54,1,-180,-570
6506002,207,4:55:55,1,-570,-573
6506002,211,4:55:56,1392,170
6506002,213,4:55:56,1,s_graffiti_G7b1N,true
6506002,205,4:55:56,1,s_graffiti_G7b1N,false,true
6506002,221,4:56:3,1
6506002,220,4:56:16,1
6506002,221,4:56:18,1
6506002,220,4:56:19,1
6506002,210,4:56:23,749,353
6506002,211,4:56:28,884,604
6506002,213,4:56:28,1,s_sprayPaintCan_G7b1N,true
6506002,205,4:56:28,1,s_sprayPaintCan_G7b1N,false,false
6506002,210,4:56:32,963,450
6506002,207,4:56:33,1,-200,-350
6506002,211,4:56:35,1230,204
6506002,213,4:56:35,1,s_graffiti_G7b1N,true
6506002,205,4:56:35,1,s_graffiti_G7b1N,false,true
6506002,210,4:56:38,954,229
6506002,207,4:56:42,1,-350,-1027
6506002,211,4:56:45,1968,175
6506002,213,4:56:45,1,c_crewKid2_F_a_G7b1N,true
6506002,210,4:56:49,1901,139
6506002,211,4:56:52,1652,431
6506002,213,4:56:52,1,s_brokenCarWindow_G7b1N,true
6506002,205,4:56:52,1,s_brokenCarWindow_G7b1N,false,false
6506002,221,4:57:3,1
6506002,220,4:57:5,1
6506002,212,4:57:8,2
6506002,210,4:57:9,1044,332
6506002,211,4:57:13,616,233
6506002,213,4:57:13,1,c_teacherEng_G7b1N,true
6506002,210,4:57:17,861,526
6506002,207,4:57:18,1,-200,-410
6506002,207,4:57:19,1,-410,-200
6506002,211,4:57:21,607,218
6506002,213,4:57:21,1,c_teacherEng_G7b1N,true
6506002,210,4:57:24,584,412
6506002,207,4:57:25,1,-200,0
6506002,207,4:57:27,1,0,-255
6506002,211,4:57:28,1291,206
6506002,207,4:57:28,1,-255,-285
6506002,207,4:57:28,1,-285,-315
6506002,210,4:57:28,1217,204
6506002,207,4:57:30,1,-315,-1027
6506002,211,4:57:32,1895,167
6506002,213,4:57:32,1,c_crewKid1_F_G7b1N,true
6506002,205,4:57:32,1,c_crewKid1_F_G7b1N,false,false
6506002,221,4:57:42,1
6506002,220,4:57:46,1
6506002,1003,4:57:46,3
6506002,1004,4:57:48,0
6506002,500,4:57:50,0,[]
6506002,501,4:58:2,0,[]
6506002,502,4:58:7,0,[IntentionData_logId:3,false]
6506002,503,4:58:11,0,[]
6506002,504,4:58:22,0,[InfluenceData_logId:6]
6506002,504,4:58:26,0,[InfluenceData_logId:8]
6506002,504,4:58:30,0,[InfluenceData_logId:1]
6506002,504,4:58:33,0,[InfluenceData_logId:0]
6506002,504,4:58:37,0,[InfluenceData_logId:2]
6506002,504,4:58:38,0,[InfluenceData_logId:0]
6506002,504,4:58:41,0,[InfluenceData_logId:4]
6506002,504,4:58:42,0,[InfluenceData_logId:5]
6506002,504,4:58:45,0,[InfluenceData_logId:3]
6506002,504,4:58:48,0,[InfluenceData_logId:8]
6506002,504,4:58:49,0,[InfluenceData_logId:8]
6506002,504,4:58:52,0,[InfluenceData_logId:6]
6506002,504,4:58:56,0,[InfluenceData_logId:7]
6506002,504,4:59:0,0,[InfluenceData_logId:8]
6506002,504,4:59:5,0,[InfluenceData_logId:6]
6506002,505,4:59:8,0,[InfluenceData_logId:0,false,InfluenceData_logId:3,true,InfluenceData_logId:6,true]
6506002,506,4:59:12,0,[]
6506002,507,4:59:34,0,[OpponentAttackData_logId:3,OpponentAttackTypeData_logId:2,true,0]
6506002,508,4:59:39,0,[]
6506002,509,4:59:55,0,[RefusalData_logId:8,2]
6506002,510,5:0:3,0,[AvailableRefusalData_logId:8,0A]
6506002,510,5:0:4,0,[AvailableRefusalData_logId:8,1A]
6506002,510,5:0:5,0,[AvailableRefusalData_logId:8,2A]
6506002,511,5:0:6,0,[AvailableRefusalData_logId:8,0A,1A,2A,true,50]
6506002,512,5:0:12,0,[]
6506002,513,5:0:12,0,[0]
6506002,514,5:0:15,0,[]
6506002,507,5:0:34,0,[OpponentAttackData_logId:0,OpponentAttackTypeData_logId:0,false,30]
6506002,508,5:0:38,0,[]
6506002,509,5:0:48,0,[RefusalData_logId:2,2]
6506002,510,5:1:2,0,[AvailableRefusalData_logId:2,0A]
6506002,510,5:1:3,0,[AvailableRefusalData_logId:2,1A]
6506002,510,5:1:4,0,[AvailableRefusalData_logId:2,2A]
6506002,511,5:1:8,0,[AvailableRefusalData_logId:2,0A,1A,2A,true,50]
6506002,512,5:1:11,0,[]
6506002,515,5:1:11,0,[90,0]
6506002,516,5:1:15,0,[]
6506002,517,5:1:19,0,[]
6506002,1005,5:1:19,0,[3,0,2]
6506002,1000,5:1:22,0,[]
6506002,500,5:1:23,0,[]
6506002,501,5:1:25,0,[]
6506002,1002,5:5:53,0
6506002,1003,5:5:53,3
6506002,1004,5:5:55,0
6506002,500,5:5:57,0,[]
6506002,1002,5:5:59,0
6506002,1003,5:5:59,3
6506002,1004,5:6:7,0
6506002,500,5:6:9,0,[]
6506002,501,5:6:15,0,[]
6506002,502,5:6:25,0,[IntentionData_logId:2,true]
6506002,503,5:6:26,0,[]
6506002,504,5:6:30,0,[InfluenceData_logId:1]
6506002,504,5:6:31,0,[InfluenceData_logId:3]
6506002,504,5:6:35,0,[InfluenceData_logId:6]
6506002,505,5:6:36,0,[InfluenceData_logId:1,true,InfluenceData_logId:3,true,InfluenceData_logId:6,true]
6506002,506,5:6:38,0,[]
6506002,1002,5:7:12,0
6506002,1003,5:7:12,3
6506002,204,5:7:16,1
6506002,103,5:7:18
6506002,105,5:7:19
6506002,703,5:7:21,[|| EpilogueItem ID: 0 unlocked: true ||,|| EpilogueItem ID: 1 unlocked: false ||,|| EpilogueItem ID: 2 unlocked: false ||,|| EpilogueItem ID: 3 unlocked: false ||,|| EpilogueItem ID: 4 unlocked: false ||,|| EpilogueItem ID: 5 unlocked: false ||,|| EpilogueItem ID: 6 unlocked: false ||,|| EpilogueItem ID: 7 unlocked: false ||,|| EpilogueItem ID: 8 unlocked: false ||,|| EpilogueItem ID: 9 unlocked: false ||,|| EpilogueItem ID: 10 unlocked: false ||,|| EpilogueItem ID: 11 unlocked: false ||,|| EpilogueItem ID: 12 unlocked: false ||,|| EpilogueItem ID: 13 unlocked: false ||,|| EpilogueItem ID: 14 unlocked: false ||,|| EpilogueItem ID: 15 unlocked: false ||,|| EpilogueItem ID: 16 unlocked: false ||,|| EpilogueItem ID: 17 unlocked: false ||,|| EpilogueItem ID: 18 unlocked: false ||,|| EpilogueItem ID: 19 unlocked: false ||,|| EpilogueItem ID: 20 unlocked: false ||,|| EpilogueItem ID: 21 unlocked: false ||,|| EpilogueItem ID: 22 unlocked: false ||,|| EpilogueItem ID: 23 unlocked: false ||,|| EpilogueItem ID: 24 unlocked: false ||],0.04
6506002,706,5:7:24,(x=2531, y=-100, w=1024, h=768),(x=2531, y=-100, w=1024, h=768)
6506002,708,5:7:24
6506002,1,5:7:24,7/10/2013 3:08:01pm,{"gameTime":18444108,"challengeStacks":[{"challengeScenes":[{"miniGameCards":[],"viewedAnimatic":true,"keyPoints":["s_flag_gen","c_teacherEng_G7a0","c_bestFriend_F_a_G7a0"],"unlocked":true,"touchableObjects":["c_crewKid1_F_G7a0","s_doorClassroom_G7a0","s_vocabAssignment_G7a0","s_atwoodPoster_gen","s_otherStudent1_G7a0","c_friend1_F_a_G7a0","s_flag_gen","c_teacherEng_G7a0","s_shakespearePoster_gen","s_clock_G7a0","c_bestFriend_F_a_G7a0"]},{"miniGameCards":[],"viewedAnimatic":true,"keyPoints":["c_teacherEng_G7a1N","c_bestFriend_F_a_G7a1N","s_paperPlayers_G7a1N"],"unlocked":true,"touchableObjects":["c_teacherEng_G7a1N","s_otherStudent2_G7a1N","c_bestFriend_F_a_G7a1N","c_crewKid1_F_G7a1N","s_otherStudent1_G7a1N","s_flag_gen","s_posterPlagiarism_gen","s_atwoodPoster_gen","s_poePoster_gen","s_shakespearePoster_gen","s_angelouPoster_gen","s_paperPlayers_G7a1N"]},{"miniGameCards":[],"viewedAnimatic":true,"keyPoints":["s_paperEnglish_gen","c_teacherEng_G7a1P","s_flag_gen","c_bestFriend_F_a_G7a1P"],"unlocked":true,"touchableObjects":["s_clock_G7a1P","s_paperEnglish_gen","c_teacherEng_G7a1P","s_papersDetention_gen","s_poePoster_gen","s_angelouPoster_gen","s_atwoodPoster_gen","s_flag_gen","s_paperPlayers_G7a1P","c_bestFriend_F_a_G7a1P"]}],"stackSize":3,"resolved":true},{"challengeScenes":[{"miniGameCards":[],"viewedAnimatic":true,"keyPoints":["c_kidSister_lati_a_G7b0","c_crewKid1_F_G7b0","s_backpack_F_G7b0"],"unlocked":true,"touchableObjects":["c_crewKid2_F_G7b0","s_snackBarWorker_G7b0","c_cousinsBrother_a_G7b0","c_kidSister_lati_a_G7b0","c_cousin_F_a_G7b0","c_crewKid1_F_G7b0","s_backpack_F_G7b0"]},{"miniGameCards":[],"viewedAnimatic":true,"keyPoints":["s_graffiti_G7b1N","c_kidSister_lati_a_G7b1N","s_sprayPaintCan_G7b1N","s_brokenCarWindow_G7b1N","c_crewKid1_F_G7b1N"],"unlocked":true,"touchableObjects":["s_graffiti_G7b1N","c_kidSister_lati_a_G7b1N","s_flag_G7b1N","s_sprayPaintCan_G7b1N","c_crewKid2_F_a_G7b1N","s_brokenCarWindow_G7b1N","c_teacherEng_G7b1N","c_crewKid1_F_G7b1N"]},{"miniGameCards":[],"viewedAnimatic":false,"keyPoints":[],"unlocked":false,"touchableObjects":[]},{"miniGameCards":[],"viewedAnimatic":false,"keyPoints":[],"unlocked":false,"touchableObjects":[]},{"miniGameCards":[],"viewedAnimatic":false,"keyPoints":[],"unlocked":false,"touchableObjects":[]}],"stackSize":5,"resolved":false},{"challengeScenes":[{"miniGameCards":[],"viewedAnimatic":false,"keyPoints":[],"unlocked":false,"touchableObjects":[]},{"miniGameCards":[],"viewedAnimatic":false,"keyPoints":[],"unlocked":false,"touchableObjects":[]},{"miniGameCards":[],"viewedAnimatic":false,"keyPoints":[],"unlocked":false,"touchableObjects":[]},{"miniGameCards":[],"viewedAnimatic":false,"keyPoints":[],"unlocked":false,"touchableObjects":[]},{"miniGameCards":[],"viewedAnimatic":false,"keyPoints":[],"unlocked":false,"touchableObjects":[]},{"miniGameCards":[],"viewedAnimatic":false,"keyPoints":[],"unlocked":false,"touchableObjects":[]},{"miniGameCards":[],"viewedAnimatic":false,"keyPoints":[],"unlocked":false,"touchableObjects":[]}],"stackSize":7,"resolved":false},{"challengeScenes":[{"miniGameCards":[],"viewedAnimatic":false,"keyPoints":[],"unlocked":false,"touchableObjects":[]},{"miniGameCards":[],"viewedAnimatic":false,"keyPoints":[],"unlocked":false,"touchableObjects":[]},{"miniGameCards":[],"viewedAnimatic":false,"keyPoints":[],"unlocked":false,"touchableObjects":[]},{"miniGameCards":[],"viewedAnimatic":false,"keyPoints":[],"unlocked":false,"touchableObjects":[]},{"miniGameCards":[],"viewedAnimatic":false,"keyPoints":[],"unlocked":false,"touchableObjects":[]}],"stackSize":5,"resolved":false},{"challengeScenes":[{"miniGameCards":[],"viewedAnimatic":false,"keyPoints":[],"unlocked":false,"touchableObjects":[]},{"miniGameCards":[],"viewedAnimatic":false,"keyPoints":[],"unlocked":false,"touchableObjects":[]},{"miniGameCards":[],"viewedAnimatic":false,"keyPoints":[],"unlocked":false,"touchableObjects":[]},{"miniGameCards":[],"viewedAnimatic":false,"keyPoints":[],"unlocked":false,"touchableObjects":[]},{"miniGameCards":[],"viewedAnimatic":false,"keyPoints":[],"unlocked":false,"touchableObjects":[]}],"stackSize":5,"resolved":false},{"challengeScenes":[{"miniGameCards":[],"viewedAnimatic":false,"keyPoints":[],"unlocked":false,"touchableObjects":[]},{"miniGameCards":[],"viewedAnimatic":false,"keyPoints":[],"unlocked":false,"touchableObjects":[]},{"miniGameCards":[],"viewedAnimatic":false,"keyPoints":[],"unlocked":false,"touchableObjects":[]},{"miniGameCards":[],"viewedAnimatic":false,"keyPoints":[],"unlocked":false,"touchableObjects":[]},{"miniGameCards":[],"viewedAnimatic":false,"keyPoints":[],"unlocked":false,"touchableObjects":[]}],"stackSize":5,"resolved":false},{"challengeScenes":[{"miniGameCards":[],"viewedAnimatic":false,"keyPoints":[],"unlocked":false,"touchableObjects":[]},{"miniGameCards":[],"viewedAnimatic":false,"keyPoints":[],"unlocked":false,"touchableObjects":[]},{"miniGameCards":[],"viewedAnimatic":false,"keyPoints":[],"unlocked":false,"touchableObjects":[]},{"miniGameCards":[],"viewedAnimatic":false,"keyPoints":[],"unlocked":false,"touchableObjects":[]},{"miniGameCards":[],"viewedAnimatic":false,"keyPoints":[],"unlocked":false,"touchableObjects":[]}],"stackSize":5,"resolved":false},{"challengeScenes":[{"miniGameCards":[],"viewedAnimatic":false,"keyPoints":[],"unlocked":false,"touchableObjects":[]},{"miniGameCards":[],"viewedAnimatic":false,"keyPoints":[],"unlocked":false,"touchableObjects":[]},{"miniGameCards":[],"viewedAnimatic":false,"keyPoints":[],"unlocked":false,"touchableObjects":[]},{"miniGameCards":[],"viewedAnimatic":false,"keyPoints":[],"unlocked":false,"touchableObjects":[]},{"miniGameCards":[],"viewedAnimatic":false,"keyPoints":[],"unlocked":false,"touchableObjects":[]}],"stackSize":5,"resolved":false},{"challengeScenes":[{"miniGameCards":[],"viewedAnimatic":false,"keyPoints":[],"unlocked":false,"touchableObjects":[]},{"miniGameCards":[],"viewedAnimatic":false,"keyPoints":[],"unlocked":false,"touchableObjects":[]},{"miniGameCards":[],"viewedAnimatic":false,"keyPoints":[],"unlocked":false,"touchableObjects":[]},{"miniGameCards":[],"viewedAnimatic":false,"keyPoints":[],"unlocked":false,"touchableObjects":[]},{"miniGameCards":[],"viewedAnimatic":false,"keyPoints":[],"unlocked":false,"touchableObjects":[]}],"stackSize":5,"resolved":false},{"challengeScenes":[{"miniGameCards":[],"viewedAnimatic":false,"keyPoints":[],"unlocked":false,"touchableObjects":[]},{"miniGameCards":[],"viewedAnimatic":false,"keyPoints":[],"unlocked":false,"touchableObjects":[]},{"miniGameCards":[],"viewedAnimatic":false,"keyPoints":[],"unlocked":false,"touchableObjects":[]},{"miniGameCards":[],"viewedAnimatic":false,"keyPoints":[],"unlocked":false,"touchableObjects":[]},{"miniGameCards":[],"viewedAnimatic":false,"keyPoints":[],"unlocked":false,"touchableObjects":[]}],"stackSize":5,"resolved":false},{"challengeScenes":[{"miniGameCards":[],"viewedAnimatic":false,"keyPoints":[],"unlocked":false,"touchableObjects":[]},{"miniGameCards":[],"viewedAnimatic":false,"keyPoints":[],"unlocked":false,"touchableObjects":[]},{"miniGameCards":[],"viewedAnimatic":false,"keyPoints":[],"unlocked":false,"touchableObjects":[]},{"miniGameCards":[],"viewedAnimatic":false,"keyPoints":[],"unlocked":false,"touchableObjects":[]},{"miniGameCards":[],"viewedAnimatic":false,"keyPoints":[],"unlocked":false,"touchableObjects":[]}],"stackSize":5,"resolved":false},{"challengeScenes":[{"miniGameCards":[],"viewedAnimatic":false,"keyPoints":[],"unlocked":false,"touchableObjects":[]},{"miniGameCards":[],"viewedAnimatic":false,"keyPoints":[],"unlocked":false,"touchableObjects":[]},{"miniGameCards":[],"viewedAnimatic":false,"keyPoints":[],"unlocked":false,"touchableObjects":[]},{"miniGameCards":[],"viewedAnimatic":false,"keyPoints":[],"unlocked":false,"touchableObjects":[]},{"miniGameCards":[],"viewedAnimatic":false,"keyPoints":[],"unlocked":false,"touchableObjects":[]}],"stackSize":5,"resolved":false},{"challengeScenes":[{"miniGameCards":[],"viewedAnimatic":false,"keyPoints":[],"unlocked":true,"touchableObjects":["c_player_lati_F_a_G0a0","c_family_lati_a_G0a0","c_friends_G0a0"]},{"miniGameCards":[],"viewedAnimatic":false,"keyPoints":["c_home_G0a1N","c_job_G0a1N","c_family_lati_a_G0a1N"],"unlocked":true,"touchableObjects":["c_home_G0a1N","c_job_G0a1N","c_family_lati_a_G0a1N","c_player_lati_F_a_G0a1N"]},{"miniGameCards":[],"viewedAnimatic":false,"keyPoints":["c_Nurse_G0a1P","c_dad_lati_a_G0a1P","c_kidsister_lati_a_G0a1P","c_grandma_lati_a_G0a1P","c_Teacher_G0a1P","c_mom_lati_a_G0a1P"],"unlocked":true,"touchableObjects":["c_friends_G0a1P","c_cousins_F_a_G0a1P","c_Nurse_G0a1P","c_dad_lati_a_G0a1P","c_kidsister_lati_a_G0a1P","c_grandma_lati_a_G0a1P","c_Teacher_G0a1P","c_mom_lati_a_G0a1P"]}],"stackSize":3,"resolved":true}],"sessionId":6,"epilogue":{"rating":2},"playerId":6506002,"session":[{"sceneId":"1P","stackId":12},{"sceneId":"1P","stackId":0}],"minigames":[{"levelSaveData":[{"starRating":3,"unlocked":true},{"starRating":0,"unlocked":false},{"starRating":0,"unlocked":false},{"starRating":0,"unlocked":false},{"starRating":0,"unlocked":false},{"starRating":0,"unlocked":false},{"starRating":0,"unlocked":false},{"starRating":0,"unlocked":false},{"starRating":0,"unlocked":false},{"starRating":0,"unlocked":false}],"skillPoints":3},{"levelSaveData":[{"starRating":3,"unlocked":true},{"starRating":0,"unlocked":false},{"starRating":0,"unlocked":false},{"starRating":0,"unlocked":false},{"starRating":0,"unlocked":true},{"starRating":0,"unlocked":false},{"starRating":0,"unlocked":false},{"starRating":0,"unlocked":false},{"starRating":0,"unlocked":false},{"starRating":0,"unlocked":false}],"skillPoints":3},{"levelSaveData":[{"starRating":3,"unlocked":true},{"starRating":3,"unlocked":true},{"starRating":0,"unlocked":false},{"starRating":0,"unlocked":false},{"starRating":0,"unlocked":false},{"starRating":0,"unlocked":false},{"starRating":0,"unlocked":false},{"starRating":0,"unlocked":false},{"starRating":0,"unlocked":false},{"starRating":0,"unlocked":false}],"skillPoints":6},{"levelSaveData":[{"starRating":2,"unlocked":true},{"starRating":0,"unlocked":false},{"starRating":0,"unlocked":false},{"starRating":0,"unlocked":false},{"starRating":0,"unlocked":false},{"starRating":0,"unlocked":false},{"starRating":0,"unlocked":false},{"starRating":0,"unlocked":false},{"starRating":0,"unlocked":false},{"starRating":0,"unlocked":false}],"skillPoints":2},{"age":11,"name":"valentina","gender":1,"levelSaveData":[{"starRating":3,"unlocked":true},{"starRating":3,"chunks":[["1"],["0$$very nice ","14$$happy"],["13$$working","3$$vacation","5$$love dogs"],["0"]],"unlocked":true},{"starRating":0,"chunks":[[null],[null,null],[null,null]],"unlocked":true},{"starRating":0,"chunks":[[null],[null],[null],[null],[null,null],[null]],"unlocked":false},{"starRating":0,"chunks":[[null],[null],[null,null],[null],[null],[null]],"unlocked":false},{"starRating":0,"chunks":[[null],[null,null,null,null],[null],[null]],"unlocked":false},{"starRating":0,"chunks":[[null],[null],[null,null],[null,null],[null]],"unlocked":false},{"starRating":0,"chunks":[[null,null,null],[null,null,null],[null],[null],[null]],"unlocked":false},{"starRating":0,"chunks":[[null,null,null],[null,null,null],[null,null]],"unlocked":false},{"starRating":0,"chunks":[[null],[null],[null],[null],[null],[null]],"unlocked":false}],"visualAvatar":0,"id":2,"skillPoints":6}],"avatar":{"age":11,"name":"valentina","gender":1,"levelSaveData":[{"starRating":3,"unlocked":true},{"starRating":3,"chunks":[["1"],["0$$very nice ","14$$happy"],["13$$working","3$$vacation","5$$love dogs"],["0"]],"unlocked":true},{"starRating":0,"chunks":[[null],[null,null],[null,null]],"unlocked":true},{"starRating":0,"chunks":[[null],[null],[null],[null],[null,null],[null]],"unlocked":false},{"starRating":0,"chunks":[[null],[null],[null,null],[null],[null],[null]],"unlocked":false},{"starRating":0,"chunks":[[null],[null,null,null,null],[null],[null]],"unlocked":false},{"starRating":0,"chunks":[[null],[null],[null,null],[null,null],[null]],"unlocked":false},{"starRating":0,"chunks":[[null,null,null],[null,null,null],[null],[null],[null]],"unlocked":false},{"starRating":0,"chunks":[[null,null,null],[null,null,null],[null,null]],"unlocked":false},{"starRating":0,"chunks":[[null],[null],[null],[null],[null],[null]],"unlocked":false}],"visualAvatar":0,"id":2,"skillPoints":6}}
