6506002,0,8:29:14,7/19/2013 2:13:20pm
6506002,100,8:29:17,6
6506002,102,8:29:19,6
6506002,200,8:29:19,6,13,9,9,9,18
6506002,210,8:29:23,1085,452
6506002,211,8:29:24,1097,513
6506002,221,8:29:25,6
6506002,300,8:29:28
6506002,220,8:29:28,6
6506002,221,8:29:38,6
6506002,220,8:29:40,6
6506002,210,8:29:41,1053,453
6506002,207,8:29:42,6,-200,-290
6506002,207,8:29:42,6,-290,-512
6506002,211,8:29:57,678,299
6506002,213,8:29:57,6,c_crush1_F_b_G10a0,false
6506002,1003,8:30:0,2
6506002,1004,8:30:3,8
6506002,900,8:30:5,8,[]
6506002,901,8:30:9,8,[PeopleData_id:9]
6506002,902,8:30:10,8,[PeopleData_id:9,PeopleData_data0Type]
6506002,902,8:30:10,8,[PeopleData_id:9,PeopleData_data0Type]
6506002,902,8:30:10,8,[PeopleData_id:9,PeopleData_data0Type]
6506002,902,8:30:10,8,[PeopleData_id:9,PeopleData_data0Type]
6506002,902,8:30:11,8,[PeopleData_id:9,PeopleData_data0Type]
6506002,902,8:30:11,8,[PeopleData_id:9,PeopleData_data0Type]
6506002,902,8:30:11,8,[PeopleData_id:9,PeopleData_data0Type]
6506002,902,8:30:11,8,[PeopleData_id:9,PeopleData_data0Type]
6506002,902,8:30:11,8,[PeopleData_id:9,PeopleData_data0Type]
6506002,902,8:30:12,8,[PeopleData_id:9,PeopleData_data0Type]
6506002,902,8:30:20,8,[PeopleData_id:9,PeopleData_data1Type]
6506002,902,8:30:22,8,[PeopleData_id:9,PeopleData_data2Type]
6506002,902,8:30:24,8,[PeopleData_id:9,PeopleData_data3Type]
6506002,903,8:30:26,8,[PeopleData_id9,PeopleData_data3Type]
6506002,901,8:30:27,8,[PeopleData_id:9]
6506002,904,8:30:27,8,[PeopleData_id:9]
6506002,905,8:30:29,8,[PeopleData_id:9,RankTypes_id:-1,RankTypes_id:1]
6506002,901,8:30:30,8,[PeopleData_id:6]
6506002,902,8:30:31,8,[PeopleData_id:6,PeopleData_data0Type]
6506002,902,8:30:34,8,[PeopleData_id:6,PeopleData_data1Type]
6506002,902,8:30:37,8,[PeopleData_id:6,PeopleData_data2Type]
6506002,902,8:30:41,8,[PeopleData_id:6,PeopleData_data3Type]
6506002,903,8:31:7,8,[PeopleData_id6,PeopleData_data3Type]
6506002,901,8:31:9,8,[PeopleData_id:6]
6506002,904,8:31:9,8,[PeopleData_id:6]
6506002,905,8:31:9,8,[PeopleData_id:6,RankTypes_id:-1,RankTypes_id:0]
6506002,901,8:31:11,8,[PeopleData_id:8]
6506002,902,8:31:24,8,[PeopleData_id:8,PeopleData_data0Type]
6506002,902,8:31:26,8,[PeopleData_id:8,PeopleData_data1Type]
6506002,902,8:31:33,8,[PeopleData_id:8,PeopleData_data2Type]
6506002,902,8:31:36,8,[PeopleData_id:8,PeopleData_data3Type]
6506002,903,8:31:41,8,[PeopleData_id8,PeopleData_data3Type]
6506002,901,8:31:42,8,[PeopleData_id:8]
6506002,904,8:31:42,8,[PeopleData_id:8]
6506002,905,8:31:42,8,[PeopleData_id:8,RankTypes_id:-1,RankTypes_id:2]
6506002,901,8:31:43,8,[PeopleData_id:7]
6506002,902,8:31:44,8,[PeopleData_id:7,PeopleData_data0Type]
6506002,902,8:31:48,8,[PeopleData_id:7,PeopleData_data1Type]
6506002,902,8:31:54,8,[PeopleData_id:7,PeopleData_data2Type]
6506002,902,8:32:6,8,[PeopleData_id:7,PeopleData_data3Type]
6506002,903,8:32:9,8,[PeopleData_id7,PeopleData_data3Type]
6506002,901,8:32:10,8,[PeopleData_id:7]
6506002,904,8:32:10,8,[PeopleData_id:7]
6506002,905,8:32:11,8,[PeopleData_id:7,RankTypes_id:-1,RankTypes_id:4]
6506002,901,8:32:12,8,[PeopleData_id:4]
6506002,902,8:32:13,8,[PeopleData_id:4,PeopleData_data0Type]
6506002,902,8:32:21,8,[PeopleData_id:4,PeopleData_data1Type]
6506002,902,8:32:24,8,[PeopleData_id:4,PeopleData_data2Type]
6506002,902,8:32:29,8,[PeopleData_id:4,PeopleData_data3Type]
6506002,903,8:32:37,8,[PeopleData_id4,PeopleData_data3Type]
6506002,901,8:32:38,8,[PeopleData_id:4]
6506002,904,8:32:38,8,[PeopleData_id:4]
6506002,905,8:32:38,8,[PeopleData_id:4,RankTypes_id:-1,RankTypes_id:0]
6506002,901,8:32:39,8,[PeopleData_id:5]
6506002,902,8:32:40,8,[PeopleData_id:5,PeopleData_data0Type]
6506002,902,8:32:43,8,[PeopleData_id:5,PeopleData_data1Type]
6506002,902,8:32:45,8,[PeopleData_id:5,PeopleData_data2Type]
6506002,902,8:32:46,8,[PeopleData_id:5,PeopleData_data3Type]
6506002,903,8:32:49,8,[PeopleData_id5,PeopleData_data3Type]
6506002,901,8:32:49,8,[PeopleData_id:5]
6506002,904,8:32:49,8,[PeopleData_id:5]
6506002,905,8:32:50,8,[PeopleData_id:5,RankTypes_id:-1,RankTypes_id:1]
6506002,901,8:32:50,8,[PeopleData_id:3]
6506002,902,8:32:52,8,[PeopleData_id:3,PeopleData_data0Type]
6506002,902,8:32:54,8,[PeopleData_id:3,PeopleData_data2Type]
6506002,902,8:32:59,8,[PeopleData_id:3,PeopleData_data3Type]
6506002,903,8:33:5,8,[PeopleData_id3,PeopleData_data3Type]
6506002,901,8:33:7,8,[PeopleData_id:3]
6506002,902,8:33:8,8,[PeopleData_id:3,PeopleData_data3Type]
6506002,903,8:33:19,8,[PeopleData_id3,PeopleData_data3Type]
6506002,901,8:33:20,8,[PeopleData_id:3]
6506002,904,8:33:20,8,[PeopleData_id:3]
6506002,905,8:33:21,8,[PeopleData_id:3,RankTypes_id:-1,RankTypes_id:1]
6506002,901,8:33:21,8,[PeopleData_id:2]
6506002,904,8:33:21,8,[PeopleData_id:2]
6506002,902,8:33:22,8,[PeopleData_id:2,PeopleData_data0Type]
6506002,902,8:33:25,8,[PeopleData_id:2,PeopleData_data1Type]
6506002,903,8:33:27,8,[PeopleData_id2,PeopleData_data1Type]
6506002,901,8:33:28,8,[PeopleData_id:2]
6506002,904,8:33:28,8,[PeopleData_id:2]
6506002,905,8:33:29,8,[PeopleData_id:2,RankTypes_id:-1,RankTypes_id:0]
6506002,901,8:33:29,8,[PeopleData_id:0]
6506002,902,8:33:32,8,[PeopleData_id:0,PeopleData_data0Type]
6506002,902,8:33:33,8,[PeopleData_id:0,PeopleData_data1Type]
6506002,902,8:33:36,8,[PeopleData_id:0,PeopleData_data2Type]
6506002,902,8:33:38,8,[PeopleData_id:0,PeopleData_data3Type]
6506002,903,8:33:40,8,[PeopleData_id0,PeopleData_data3Type]
6506002,901,8:33:40,8,[PeopleData_id:0]
6506002,904,8:33:41,8,[PeopleData_id:0]
6506002,905,8:33:41,8,[PeopleData_id:0,RankTypes_id:-1,RankTypes_id:0]
6506002,901,8:33:42,8,[PeopleData_id:1]
6506002,902,8:33:42,8,[PeopleData_id:1,PeopleData_data0Type]
6506002,902,8:33:45,8,[PeopleData_id:1,PeopleData_data2Type]
6506002,902,8:33:49,8,[PeopleData_id:1,PeopleData_data3Type]
6506002,903,8:33:51,8,[PeopleData_id1,PeopleData_data3Type]
6506002,901,8:33:51,8,[PeopleData_id:1]
6506002,904,8:33:51,8,[PeopleData_id:1]
6506002,905,8:33:52,8,[PeopleData_id:1,RankTypes_id:-1,RankTypes_id:4]
6506002,906,8:33:52,8,[]
6506002,907,8:33:53,8,[]
6506002,908,8:33:53,8,[InvitationData_id:7,PeopleData_id:7,RankTypes_id:4]
6506002,909,8:33:55,8,[InvitationData_id:7,PeopleData_id:7,RankTypes_id:4,1]
6506002,910,8:33:56,8,[InvitationData_id:7,9,false]
6506002,908,8:33:56,8,[InvitationData_id:6,PeopleData_id:7,RankTypes_id:4]
6506002,909,8:33:59,8,[InvitationData_id:6,PeopleData_id:7,RankTypes_id:4,1]
6506002,910,8:33:59,8,[InvitationData_id:6,9,false]
6506002,908,8:33:59,8,[InvitationData_id:1,PeopleData_id:3,RankTypes_id:1]
6506002,909,8:34:5,8,[InvitationData_id:1,PeopleData_id:3,RankTypes_id:1,0]
6506002,910,8:34:6,8,[InvitationData_id:1,0,false]
6506002,908,8:34:6,8,[InvitationData_id:11,PeopleData_id:1,RankTypes_id:4]
6506002,909,8:34:11,8,[InvitationData_id:11,PeopleData_id:1,RankTypes_id:4,1]
6506002,910,8:34:12,8,[InvitationData_id:11,9,false]
6506002,908,8:34:12,8,[InvitationData_id:8,PeopleData_id:7,RankTypes_id:4]
6506002,909,8:34:20,8,[InvitationData_id:8,PeopleData_id:7,RankTypes_id:4,0]
6506002,910,8:34:24,8,[InvitationData_id:8,-11,false]
6506002,908,8:34:24,8,[InvitationData_id:4,PeopleData_id:3,RankTypes_id:1]
6506002,909,8:34:31,8,[InvitationData_id:4,PeopleData_id:3,RankTypes_id:1,0]
6506002,910,8:34:31,8,[InvitationData_id:4,0,false]
6506002,908,8:34:31,8,[InvitationData_id:9,PeopleData_id:7,RankTypes_id:4]
6506002,909,8:34:46,8,[InvitationData_id:9,PeopleData_id:7,RankTypes_id:4,1]
6506002,910,8:34:47,8,[InvitationData_id:9,9,false]
6506002,908,8:34:47,8,[InvitationData_id:3,PeopleData_id:9,RankTypes_id:1]
6506002,909,8:34:58,8,[InvitationData_id:3,PeopleData_id:9,RankTypes_id:1,1]
6506002,910,8:35:1,8,[InvitationData_id:3,0,true]
6506002,908,8:35:1,8,[InvitationData_id:10,PeopleData_id:9,RankTypes_id:1]
6506002,909,8:35:3,8,[InvitationData_id:10,PeopleData_id:9,RankTypes_id:1,1]
6506002,910,8:35:3,8,[InvitationData_id:10,3,false]
6506002,911,8:35:4,8,[28,1,1,1]
6506002,1001,8:35:5,8,[]
6506002,1003,8:35:5,2
6506002,221,8:35:57,6
6506002,220,8:35:58,6
6506002,212,8:35:59,0
6506002,210,8:35:59,1199,430
6506002,207,8:36:0,6,-200,-380
6506002,207,8:36:1,6,-380,-512
6506002,211,8:36:2,1357,515
6506002,213,8:36:2,6,s_computer_F_gen,true
6506002,210,8:36:6,1399,307
6506002,211,8:36:7,1268,346
6506002,213,8:36:7,6,s_window_F_G10a1N,true
6506002,210,8:36:9,1124,304
6506002,211,8:36:13,886,303
6506002,213,8:36:13,6,s_door_F_gen,true
6506002,210,8:36:19,680,341
6506002,211,8:36:19,660,336
6506002,213,8:36:19,6,s_closet_F_G10a1N,true
6506002,210,8:36:26,947,457
6506002,211,8:36:27,835,571
6506002,213,8:36:27,6,s_crushClothes_F_G10a1N,true
6506002,210,8:36:31,922,421
6506002,207,8:36:33,6,-512,-32
6506002,211,8:36:41,505,483
6506002,210,8:36:41,502,461
6506002,211,8:36:43,504,486
6506002,213,8:36:43,6,s_condom_F_G10a1N,true
6506002,205,8:36:43,6,s_condom_F_G10a1N,false,false
6506002,210,8:37:2,439,288
6506002,211,8:37:4,543,209
6506002,213,8:37:4,6,s_calendar_F_gen,true
6506002,210,8:37:6,597,211
6506002,207,8:37:10,6,-32,0
6506002,211,8:37:15,1305,367
6506002,207,8:37:15,6,0,-300
6506002,221,8:37:16,6
6506002,220,8:37:17,6
6506002,221,8:37:19,6
6506002,220,8:37:20,6
6506002,212,8:37:20,1
6506002,210,8:37:21,1197,489
6506002,207,8:37:22,6,-300,-480
6506002,207,8:37:23,6,-480,-512
6506002,207,8:37:34,6,-512,0
6506002,211,8:37:38,515,402
6506002,212,8:37:42,0
6506002,210,8:37:43,1082,441
6506002,207,8:37:44,6,-200,-245
6506002,207,8:37:44,6,-245,-335
6506002,211,8:37:45,1181,486
6506002,212,8:37:46,1
6506002,210,8:37:46,1135,431
6506002,211,8:37:48,1137,492
6506002,213,8:37:48,6,s_phone_G10a2N,false
6506002,1003,8:37:50,1
6506002,1004,8:37:53,9
6506002,800,8:37:54,9,[]
6506002,801,8:37:55,9,[]
6506002,814,8:37:59,9,[0]
6506002,815,8:37:59,9,0,OpportunityCardData_id:0
6506002,815,8:38:0,9,0,OpportunityCardData_id:1
6506002,815,8:38:1,9,0,OpportunityCardData_id:2
6506002,816,8:38:3,9,0,OpportunityCardData_id:2
6506002,803,8:38:3,9,[OpportunityCardData_id:2,OpportunityCardConsequencesData_logId:0]
6506002,803,8:38:4,9,[OpportunityCardData_id:2,OpportunityCardConsequencesData_logId:1]
6506002,803,8:38:4,9,[OpportunityCardData_id:2,OpportunityCardConsequencesData_logId:2]
6506002,805,8:38:6,9,[OpportunityCardData_id:2]
6506002,806,8:38:7,9,[OpportunityCardData_id:2,PriorityData_type:4]
6506002,807,8:38:9,9,[OpportunityCardData_id:2]
6506002,808,8:38:11,9,[OpportunityCardData_id:2]
6506002,809,8:38:15,9,[OpportunityCardData_id:2,Safe,false]
6506002,810,8:38:16,9,[OpportunityCardData_id:2,PriorityData_type:0,10,Safe,Safe]
6506002,814,8:38:19,9,[4]
6506002,815,8:38:19,9,4,OpportunityCardData_id:24
6506002,815,8:38:20,9,4,OpportunityCardData_id:25
6506002,815,8:38:21,9,4,OpportunityCardData_id:26
6506002,815,8:38:23,9,4,OpportunityCardData_id:27
6506002,815,8:38:23,9,4,OpportunityCardData_id:28
6506002,815,8:38:24,9,4,OpportunityCardData_id:29
6506002,815,8:38:24,9,4,OpportunityCardData_id:31
6506002,815,8:38:25,9,4,OpportunityCardData_id:24
6506002,815,8:38:26,9,4,OpportunityCardData_id:25
6506002,816,8:38:27,9,4,OpportunityCardData_id:25
6506002,803,8:38:28,9,[OpportunityCardData_id:25,OpportunityCardConsequencesData_logId:0]
6506002,803,8:38:28,9,[OpportunityCardData_id:25,OpportunityCardConsequencesData_logId:1]
6506002,803,8:38:28,9,[OpportunityCardData_id:25,OpportunityCardConsequencesData_logId:2]
6506002,805,8:38:31,9,[OpportunityCardData_id:25]
6506002,806,8:38:32,9,[OpportunityCardData_id:25,PriorityData_type:0]
6506002,807,8:38:33,9,[OpportunityCardData_id:25]
6506002,808,8:38:35,9,[OpportunityCardData_id:25]
6506002,809,8:38:38,9,[OpportunityCardData_id:25,Safe,false]
6506002,810,8:38:42,9,[OpportunityCardData_id:25,PriorityData_type:4,10,Safe,Safe]
6506002,814,8:38:44,9,[0]
6506002,815,8:38:44,9,0,OpportunityCardData_id:0
6506002,816,8:38:45,9,0,OpportunityCardData_id:0
6506002,803,8:38:46,9,[OpportunityCardData_id:0,OpportunityCardConsequencesData_logId:0]
6506002,803,8:38:46,9,[OpportunityCardData_id:0,OpportunityCardConsequencesData_logId:2]
6506002,803,8:38:47,9,[OpportunityCardData_id:0,OpportunityCardConsequencesData_logId:1]
6506002,805,8:38:53,9,[OpportunityCardData_id:0]
6506002,806,8:38:57,9,[OpportunityCardData_id:0,PriorityData_type:4]
6506002,807,8:38:58,9,[OpportunityCardData_id:0]
6506002,808,8:39:0,9,[OpportunityCardData_id:0]
6506002,809,8:39:4,9,[OpportunityCardData_id:0,Safe,false]
6506002,810,8:39:5,9,[OpportunityCardData_id:0,PriorityData_type:0,15,Safe,Safe]
6506002,814,8:39:8,9,[4]
6506002,815,8:39:8,9,4,OpportunityCardData_id:24
6506002,815,8:39:10,9,4,OpportunityCardData_id:26
6506002,816,8:39:11,9,4,OpportunityCardData_id:26
6506002,803,8:39:11,9,[OpportunityCardData_id:26,OpportunityCardConsequencesData_logId:0]
6506002,803,8:39:12,9,[OpportunityCardData_id:26,OpportunityCardConsequencesData_logId:1]
6506002,805,8:39:13,9,[OpportunityCardData_id:26]
6506002,806,8:39:13,9,[OpportunityCardData_id:26,PriorityData_type:0]
6506002,807,8:39:14,9,[OpportunityCardData_id:26]
6506002,808,8:39:16,9,[OpportunityCardData_id:26]
6506002,809,8:39:20,9,[OpportunityCardData_id:26,PriorityData_type:0,true]
6506002,810,8:39:22,9,[OpportunityCardData_id:26,PriorityData_type:4,20,Safe,Safe]
6506002,814,8:39:25,9,[4]
6506002,815,8:39:25,9,4,OpportunityCardData_id:24
6506002,815,8:39:26,9,4,OpportunityCardData_id:27
6506002,815,8:39:26,9,4,OpportunityCardData_id:28
6506002,815,8:39:27,9,4,OpportunityCardData_id:29
6506002,815,8:39:27,9,4,OpportunityCardData_id:31
6506002,815,8:39:28,9,4,OpportunityCardData_id:24
6506002,815,8:39:29,9,4,OpportunityCardData_id:27
6506002,815,8:39:30,9,4,OpportunityCardData_id:28
6506002,815,8:39:30,9,4,OpportunityCardData_id:29
6506002,815,8:39:31,9,4,OpportunityCardData_id:31
6506002,817,8:39:32,9,4
6506002,814,8:39:35,9,[3]
6506002,815,8:39:35,9,3,OpportunityCardData_id:17
6506002,815,8:39:36,9,3,OpportunityCardData_id:18
6506002,816,8:39:37,9,3,OpportunityCardData_id:18
6506002,803,8:39:38,9,[OpportunityCardData_id:18,OpportunityCardConsequencesData_logId:0]
6506002,803,8:39:38,9,[OpportunityCardData_id:18,OpportunityCardConsequencesData_logId:1]
6506002,805,8:39:39,9,[OpportunityCardData_id:18]
6506002,806,8:39:40,9,[OpportunityCardData_id:18,PriorityData_type:0]
6506002,807,8:39:41,9,[OpportunityCardData_id:18]
6506002,808,8:39:42,9,[OpportunityCardData_id:18]
6506002,809,8:39:47,9,[OpportunityCardData_id:18,Safe,false]
6506002,810,8:39:48,9,[OpportunityCardData_id:18,PriorityData_type:3,10,Safe,Safe]
6506002,814,8:39:51,9,[4]
6506002,815,8:39:51,9,4,OpportunityCardData_id:24
6506002,815,8:39:51,9,4,OpportunityCardData_id:27
6506002,815,8:39:52,9,4,OpportunityCardData_id:28
6506002,815,8:39:52,9,4,OpportunityCardData_id:29
6506002,817,8:39:53,9,4
6506002,814,8:39:54,9,[3]
6506002,815,8:39:54,9,3,OpportunityCardData_id:17
6506002,815,8:39:55,9,3,OpportunityCardData_id:19
6506002,816,8:39:56,9,3,OpportunityCardData_id:19
6506002,803,8:39:57,9,[OpportunityCardData_id:19,OpportunityCardConsequencesData_logId:0]
6506002,803,8:39:57,9,[OpportunityCardData_id:19,OpportunityCardConsequencesData_logId:1]
6506002,805,8:39:58,9,[OpportunityCardData_id:19]
6506002,806,8:39:59,9,[OpportunityCardData_id:19,PriorityData_type:0]
6506002,807,8:40:0,9,[OpportunityCardData_id:19]
6506002,808,8:40:2,9,[OpportunityCardData_id:19]
6506002,809,8:40:6,9,[OpportunityCardData_id:19,Safe,false]
6506002,810,8:40:7,9,[OpportunityCardData_id:19,PriorityData_type:3,10,Safe,Safe]
6506002,814,8:40:10,9,[4]
6506002,815,8:40:10,9,4,OpportunityCardData_id:24
6506002,816,8:40:12,9,4,OpportunityCardData_id:24
6506002,803,8:40:13,9,[OpportunityCardData_id:24,OpportunityCardConsequencesData_logId:0]
6506002,803,8:40:13,9,[OpportunityCardData_id:24,OpportunityCardConsequencesData_logId:1]
6506002,803,8:40:13,9,[OpportunityCardData_id:24,OpportunityCardConsequencesData_logId:2]
6506002,805,8:40:14,9,[OpportunityCardData_id:24]
6506002,806,8:40:15,9,[OpportunityCardData_id:24,PriorityData_type:0]
6506002,807,8:40:15,9,[OpportunityCardData_id:24]
6506002,808,8:40:17,9,[OpportunityCardData_id:24]
6506002,809,8:40:21,9,[OpportunityCardData_id:24,Safe,false]
6506002,810,8:40:22,9,[OpportunityCardData_id:24,PriorityData_type:4,15,Safe,Safe]
6506002,818,8:40:24,9,9
6506002,811,8:40:25,9,[OpportunityCardData_id:24,PriorityData_type:0,70,75,PriorityData_type:4,70,80]
6506002,1005,8:40:25,9,[1,0,3]
6506002,1001,8:40:26,9,[]
6506002,1003,8:40:26,1
6506002,210,8:40:31,1131,444
6506002,211,8:40:32,1144,490
6506002,213,8:40:32,6,s_phone_G10a2N,false
6506002,1003,8:40:36,1
6506002,1004,8:40:38,8
6506002,800,8:40:40,8,[]
6506002,801,8:40:42,8,[]
6506002,814,8:40:43,8,[0]
6506002,815,8:40:43,8,0,OpportunityCardData_id:0
6506002,816,8:40:44,8,0,OpportunityCardData_id:0
6506002,803,8:40:45,8,[OpportunityCardData_id:0,OpportunityCardConsequencesData_logId:0]
6506002,803,8:40:45,8,[OpportunityCardData_id:0,OpportunityCardConsequencesData_logId:1]
6506002,805,8:40:46,8,[OpportunityCardData_id:0]
6506002,806,8:40:48,8,[OpportunityCardData_id:0,PriorityData_type:3]
6506002,807,8:40:49,8,[OpportunityCardData_id:0]
6506002,808,8:40:51,8,[OpportunityCardData_id:0]
6506002,809,8:40:55,8,[OpportunityCardData_id:0,Safe,false]
6506002,810,8:40:56,8,[OpportunityCardData_id:0,PriorityData_type:0,15,Safe,Safe]
6506002,814,8:41:0,8,[3]
6506002,815,8:41:0,8,3,OpportunityCardData_id:19
6506002,816,8:41:2,8,3,OpportunityCardData_id:19
6506002,803,8:41:2,8,[OpportunityCardData_id:19,OpportunityCardConsequencesData_logId:0]
6506002,803,8:41:3,8,[OpportunityCardData_id:19,OpportunityCardConsequencesData_logId:2]
6506002,803,8:41:3,8,[OpportunityCardData_id:19,OpportunityCardConsequencesData_logId:1]
6506002,805,8:41:4,8,[OpportunityCardData_id:19]
6506002,806,8:41:5,8,[OpportunityCardData_id:19,PriorityData_type:0]
6506002,807,8:41:6,8,[OpportunityCardData_id:19]
6506002,808,8:41:7,8,[OpportunityCardData_id:19]
6506002,809,8:41:14,8,[OpportunityCardData_id:19,PriorityData_type:5,false]
6506002,1002,8:41:38,8
6506002,1003,8:41:38,1
6506002,1004,8:41:41,2
6506002,800,8:41:42,2,[]
6506002,801,8:41:43,2,[]
6506002,814,8:41:50,2,[5]
6506002,815,8:41:50,2,5,OpportunityCardData_id:32
6506002,816,8:41:52,2,5,OpportunityCardData_id:32
6506002,803,8:41:53,2,[OpportunityCardData_id:32,OpportunityCardConsequencesData_logId:0]
6506002,803,8:41:53,2,[OpportunityCardData_id:32,OpportunityCardConsequencesData_logId:1]
6506002,803,8:41:53,2,[OpportunityCardData_id:32,OpportunityCardConsequencesData_logId:2]
6506002,805,8:41:54,2,[OpportunityCardData_id:32]
6506002,806,8:41:55,2,[OpportunityCardData_id:32,PriorityData_type:0]
6506002,806,8:41:58,2,[OpportunityCardData_id:32,PriorityData_type:3]
6506002,807,8:42:19,2,[OpportunityCardData_id:32]
6506002,808,8:42:21,2,[OpportunityCardData_id:32]
6506002,809,8:42:26,2,[OpportunityCardData_id:32,PriorityData_type:1,false]
6506002,810,8:42:26,2,[OpportunityCardData_id:32,PriorityData_type:5,20,PriorityData_type:1,10]
6506002,1002,8:43:8,2
6506002,1003,8:43:8,1
6506002,204,8:43:13,6
6506002,100,8:43:19,10
6506002,102,8:43:20,10
6506002,200,8:43:20,10,13,12,9,9,18
6506002,219,8:43:20,10
6506002,216,8:43:21,Stack_G12a0
6506002,217,8:43:32,Stack_G12a0,10,1.0
6506002,218,8:43:35,10
6506002,221,8:43:37,10
6506002,220,8:43:39,10
6506002,221,8:43:40,10
6506002,220,8:43:41,10
6506002,212,8:43:42,2
6506002,210,8:43:42,766,348
6506002,211,8:43:43,775,399
6506002,213,8:43:43,10,c_mom_lati_G12a0,false
6506002,1003,8:43:46,2
6506002,1004,8:43:48,8
6506002,900,8:43:50,8,[]
6506002,901,8:43:52,8,[PeopleData_id:8]
6506002,902,8:43:54,8,[PeopleData_id:8,PeopleData_data0Type]
6506002,902,8:43:57,8,[PeopleData_id:8,PeopleData_data1Type]
6506002,902,8:43:58,8,[PeopleData_id:8,PeopleData_data2Type]
6506002,902,8:43:59,8,[PeopleData_id:8,PeopleData_data3Type]
6506002,903,8:44:0,8,[PeopleData_id8,PeopleData_data3Type]
6506002,901,8:44:1,8,[PeopleData_id:8]
6506002,904,8:44:1,8,[PeopleData_id:8]
6506002,905,8:44:1,8,[PeopleData_id:8,RankTypes_id:-1,RankTypes_id:4]
6506002,901,8:44:2,8,[PeopleData_id:0]
6506002,902,8:44:3,8,[PeopleData_id:0,PeopleData_data0Type]
6506002,902,8:44:4,8,[PeopleData_id:0,PeopleData_data1Type]
6506002,902,8:44:6,8,[PeopleData_id:0,PeopleData_data2Type]
6506002,902,8:44:7,8,[PeopleData_id:0,PeopleData_data3Type]
6506002,903,8:44:9,8,[PeopleData_id0,PeopleData_data3Type]
6506002,901,8:44:10,8,[PeopleData_id:0]
6506002,904,8:44:10,8,[PeopleData_id:0]
6506002,905,8:44:10,8,[PeopleData_id:0,RankTypes_id:-1,RankTypes_id:0]
6506002,901,8:44:11,8,[PeopleData_id:2]
6506002,902,8:44:12,8,[PeopleData_id:2,PeopleData_data0Type]
6506002,902,8:44:13,8,[PeopleData_id:2,PeopleData_data1Type]
6506002,902,8:44:14,8,[PeopleData_id:2,PeopleData_data2Type]
6506002,902,8:44:15,8,[PeopleData_id:2,PeopleData_data3Type]
6506002,903,8:44:18,8,[PeopleData_id2,PeopleData_data3Type]
6506002,901,8:44:19,8,[PeopleData_id:2]
6506002,904,8:44:19,8,[PeopleData_id:2]
6506002,905,8:44:19,8,[PeopleData_id:2,RankTypes_id:-1,RankTypes_id:0]
6506002,901,8:44:20,8,[PeopleData_id:6]
6506002,902,8:44:21,8,[PeopleData_id:6,PeopleData_data0Type]
6506002,902,8:44:25,8,[PeopleData_id:6,PeopleData_data2Type]
6506002,902,8:44:26,8,[PeopleData_id:6,PeopleData_data1Type]
6506002,902,8:44:28,8,[PeopleData_id:6,PeopleData_data3Type]
6506002,902,8:44:30,8,[PeopleData_id:6,PeopleData_data2Type]
6506002,903,8:44:31,8,[PeopleData_id6,PeopleData_data2Type]
6506002,901,8:44:32,8,[PeopleData_id:6]
6506002,904,8:44:32,8,[PeopleData_id:6]
6506002,905,8:44:33,8,[PeopleData_id:6,RankTypes_id:-1,RankTypes_id:1]
6506002,901,8:44:33,8,[PeopleData_id:1]
6506002,902,8:44:34,8,[PeopleData_id:1,PeopleData_data0Type]
6506002,902,8:44:38,8,[PeopleData_id:1,PeopleData_data1Type]
6506002,903,8:44:42,8,[PeopleData_id1,PeopleData_data1Type]
6506002,901,8:44:43,8,[PeopleData_id:1]
6506002,904,8:44:43,8,[PeopleData_id:1]
6506002,905,8:44:43,8,[PeopleData_id:1,RankTypes_id:-1,RankTypes_id:0]
6506002,901,8:44:44,8,[PeopleData_id:5]
6506002,904,8:44:44,8,[PeopleData_id:5]
6506002,902,8:44:44,8,[PeopleData_id:5,PeopleData_data0Type]
6506002,902,8:44:45,8,[PeopleData_id:5,PeopleData_data1Type]
6506002,902,8:44:47,8,[PeopleData_id:5,PeopleData_data2Type]
6506002,902,8:44:48,8,[PeopleData_id:5,PeopleData_data3Type]
6506002,903,8:44:50,8,[PeopleData_id5,PeopleData_data3Type]
6506002,901,8:44:51,8,[PeopleData_id:5]
6506002,904,8:44:51,8,[PeopleData_id:5]
6506002,905,8:44:52,8,[PeopleData_id:5,RankTypes_id:-1,RankTypes_id:1]
6506002,901,8:44:53,8,[PeopleData_id:7]
6506002,902,8:44:53,8,[PeopleData_id:7,PeopleData_data0Type]
6506002,902,8:44:55,8,[PeopleData_id:7,PeopleData_data1Type]
6506002,902,8:44:56,8,[PeopleData_id:7,PeopleData_data2Type]
6506002,902,8:44:58,8,[PeopleData_id:7,PeopleData_data3Type]
6506002,903,8:44:59,8,[PeopleData_id7,PeopleData_data3Type]
6506002,901,8:45:0,8,[PeopleData_id:7]
6506002,904,8:45:0,8,[PeopleData_id:7]
6506002,905,8:45:1,8,[PeopleData_id:7,RankTypes_id:-1,RankTypes_id:3]
6506002,901,8:45:2,8,[PeopleData_id:4]
6506002,902,8:45:2,8,[PeopleData_id:4,PeopleData_data0Type]
6506002,902,8:45:4,8,[PeopleData_id:4,PeopleData_data1Type]
6506002,902,8:45:5,8,[PeopleData_id:4,PeopleData_data2Type]
6506002,902,8:45:6,8,[PeopleData_id:4,PeopleData_data3Type]
6506002,902,8:45:7,8,[PeopleData_id:4,PeopleData_data3Type]
6506002,903,8:45:9,8,[PeopleData_id4,PeopleData_data3Type]
6506002,901,8:45:10,8,[PeopleData_id:4]
6506002,904,8:45:10,8,[PeopleData_id:4]
6506002,905,8:45:11,8,[PeopleData_id:4,RankTypes_id:-1,RankTypes_id:0]
6506002,901,8:45:11,8,[PeopleData_id:3]
6506002,902,8:45:12,8,[PeopleData_id:3,PeopleData_data0Type]
6506002,902,8:45:12,8,[PeopleData_id:3,PeopleData_data1Type]
6506002,902,8:45:13,8,[PeopleData_id:3,PeopleData_data0Type]
6506002,902,8:45:14,8,[PeopleData_id:3,PeopleData_data1Type]
6506002,902,8:45:17,8,[PeopleData_id:3,PeopleData_data2Type]
6506002,902,8:45:19,8,[PeopleData_id:3,PeopleData_data3Type]
6506002,903,8:45:20,8,[PeopleData_id3,PeopleData_data3Type]
6506002,901,8:45:21,8,[PeopleData_id:3]
6506002,904,8:45:21,8,[PeopleData_id:3]
6506002,905,8:45:22,8,[PeopleData_id:3,RankTypes_id:-1,RankTypes_id:0]
6506002,901,8:45:22,8,[PeopleData_id:9]
6506002,902,8:45:23,8,[PeopleData_id:9,PeopleData_data0Type]
6506002,902,8:45:25,8,[PeopleData_id:9,PeopleData_data1Type]
6506002,902,8:45:26,8,[PeopleData_id:9,PeopleData_data2Type]
6506002,902,8:45:27,8,[PeopleData_id:9,PeopleData_data3Type]
6506002,903,8:45:29,8,[PeopleData_id9,PeopleData_data3Type]
6506002,901,8:45:29,8,[PeopleData_id:9]
6506002,904,8:45:29,8,[PeopleData_id:9]
6506002,905,8:45:30,8,[PeopleData_id:9,RankTypes_id:-1,RankTypes_id:4]
6506002,906,8:45:30,8,[]
6506002,907,8:45:31,8,[]
6506002,908,8:45:31,8,[InvitationData_id:0,PeopleData_id:6,RankTypes_id:1]
6506002,909,8:45:33,8,[InvitationData_id:0,PeopleData_id:6,RankTypes_id:1,0]
6506002,910,8:45:35,8,[InvitationData_id:0,0,false]
6506002,908,8:45:35,8,[InvitationData_id:4,PeopleData_id:6,RankTypes_id:1]
6506002,909,8:45:39,8,[InvitationData_id:4,PeopleData_id:6,RankTypes_id:1,0]
6506002,910,8:45:41,8,[InvitationData_id:4,0,false]
6506002,908,8:45:41,8,[InvitationData_id:8,PeopleData_id:7,RankTypes_id:3]
6506002,909,8:45:45,8,[InvitationData_id:8,PeopleData_id:7,RankTypes_id:3,1]
6506002,910,8:45:46,8,[InvitationData_id:8,7,false]
6506002,908,8:45:46,8,[InvitationData_id:9,PeopleData_id:8,RankTypes_id:4]
6506002,909,8:45:52,8,[InvitationData_id:9,PeopleData_id:8,RankTypes_id:4,1]
6506002,910,8:45:52,8,[InvitationData_id:9,9,false]
6506002,908,8:45:52,8,[InvitationData_id:5,PeopleData_id:6,RankTypes_id:1]
6506002,909,8:45:58,8,[InvitationData_id:5,PeopleData_id:6,RankTypes_id:1,0]
6506002,910,8:45:59,8,[InvitationData_id:5,0,false]
6506002,908,8:45:59,8,[InvitationData_id:6,PeopleData_id:8,RankTypes_id:4]
6506002,909,8:46:5,8,[InvitationData_id:6,PeopleData_id:8,RankTypes_id:4,1]
6506002,910,8:46:6,8,[InvitationData_id:6,9,false]
6506002,908,8:46:6,8,[InvitationData_id:3,PeopleData_id:9,RankTypes_id:4]
6506002,909,8:46:9,8,[InvitationData_id:3,PeopleData_id:9,RankTypes_id:4,1]
6506002,910,8:46:10,8,[InvitationData_id:3,0,true]
6506002,908,8:46:10,8,[InvitationData_id:10,PeopleData_id:9,RankTypes_id:4]
6506002,909,8:46:13,8,[InvitationData_id:10,PeopleData_id:9,RankTypes_id:4,1]
6506002,910,8:46:14,8,[InvitationData_id:10,9,false]
6506002,908,8:46:14,8,[InvitationData_id:7,PeopleData_id:9,RankTypes_id:4]
6506002,909,8:46:16,8,[InvitationData_id:7,PeopleData_id:9,RankTypes_id:4,1]
6506002,910,8:46:17,8,[InvitationData_id:7,9,false]
6506002,908,8:46:17,8,[InvitationData_id:11,PeopleData_id:9,RankTypes_id:4]
6506002,909,8:46:20,8,[InvitationData_id:11,PeopleData_id:9,RankTypes_id:4,1]
6506002,910,8:46:20,8,[InvitationData_id:11,9,false]
6506002,911,8:46:22,8,[52,1,0,1]
6506002,1001,8:46:23,8,[]
6506002,1003,8:46:23,2
6506002,210,8:46:30,521,436
6506002,211,8:46:34,981,136
6506002,213,8:46:34,10,s_pictureDad_lati_gen,false
6506002,210,8:46:38,455,131
6506002,211,8:46:47,558,323
6506002,219,8:46:47,10
6506002,216,8:46:48,Stack_G12a1N
6506002,217,8:47:6,Stack_G12a1N,17,0.00
6506002,218,8:47:9,10
6506002,210,8:47:10,596,470
6506002,211,8:47:11,878,414
6506002,221,8:47:14,10
6506002,220,8:47:15,10
6506002,210,8:47:16,333,481
6506002,207,8:47:22,10,-200,-470
6506002,207,8:47:23,10,-470,-512
6506002,211,8:47:30,441,426
6506002,207,8:47:30,10,-512,-422
6506002,207,8:47:31,10,-422,-377
6506002,210,8:47:31,464,463
6506002,207,8:47:32,10,-377,-17
6506002,211,8:47:36,467,484
6506002,213,8:47:36,10,s_drawer_F_G12a1N,true
6506002,210,8:47:40,438,356
6506002,207,8:47:42,10,-17,0
6506002,211,8:47:44,333,617
6506002,221,8:47:45,10
6506002,220,8:47:46,10
6506002,212,8:47:47,0
6506002,207,8:47:48,10,0,-60
6506002,210,8:47:48,968,473
6506002,207,8:47:51,10,-60,0
6506002,211,8:47:54,1128,288
6506002,207,8:47:54,10,0,-120
6506002,210,8:47:55,1233,290
6506002,207,8:47:55,10,-120,-315
6506002,207,8:47:56,10,-315,-465
6506002,207,8:47:56,10,-465,-512
6506002,207,8:48:1,10,-512,-467
6506002,211,8:48:5,1316,586
6506002,212,8:48:6,1
6506002,210,8:48:7,1275,482
6506002,211,8:48:10,869,313
6506002,213,8:48:10,10,s_door_F_gen,false
6506002,1003,8:48:13,1
6506002,1004,8:48:15,2
6506002,800,8:48:17,2,[]
6506002,801,8:48:19,2,[]
6506002,814,8:48:21,2,[3]
6506002,815,8:48:21,2,3,OpportunityCardData_id:19
6506002,815,8:48:22,2,3,OpportunityCardData_id:20
6506002,816,8:48:28,2,3,OpportunityCardData_id:20
6506002,803,8:48:29,2,[OpportunityCardData_id:20,OpportunityCardConsequencesData_logId:0]
6506002,803,8:48:29,2,[OpportunityCardData_id:20,OpportunityCardConsequencesData_logId:1]
6506002,803,8:48:30,2,[OpportunityCardData_id:20,OpportunityCardConsequencesData_logId:2]
6506002,805,8:48:30,2,[OpportunityCardData_id:20]
6506002,806,8:48:33,2,[OpportunityCardData_id:20,PriorityData_type:5]
6506002,807,8:48:34,2,[OpportunityCardData_id:20]
6506002,808,8:48:36,2,[OpportunityCardData_id:20]
6506002,809,8:48:40,2,[OpportunityCardData_id:20,PriorityData_type:0,false]
6506002,1002,8:49:14,2
6506002,1003,8:49:14,1
6506002,204,8:49:17,10
6506002,100,8:49:44,10
6506002,102,8:49:45,10
6506002,200,8:49:45,10,13,12,9,9,18
6506002,210,8:49:53,714,300
6506002,211,8:49:54,670,483
6506002,219,8:49:54,10
6506002,216,8:49:56,Stack_G12a2N
6506002,217,8:50:11,Stack_G12a2N,13,0.00
6506002,218,8:50:12,10
6506002,210,8:50:16,1250,308
6506002,207,8:50:16,10,-200,-290
6506002,207,8:50:20,10,-290,-770
6506002,211,8:50:21,1881,470
6506002,207,8:50:21,10,-770,-875
6506002,210,8:50:22,1947,429
6506002,207,8:50:22,10,-875,-995
6506002,207,8:50:25,10,-995,-905
6506002,207,8:50:26,10,-905,-635
6506002,211,8:50:26,783,359
6506002,213,8:50:26,10,s_door_gen,false
6506002,1003,8:50:29,1
6506002,1004,8:50:31,8
6506002,800,8:50:32,8,[]
6506002,801,8:50:33,8,[]
6506002,814,8:50:35,8,[0]
6506002,815,8:50:35,8,0,OpportunityCardData_id:0
6506002,816,8:50:37,8,0,OpportunityCardData_id:0
6506002,803,8:50:37,8,[OpportunityCardData_id:0,OpportunityCardConsequencesData_logId:0]
6506002,805,8:50:38,8,[OpportunityCardData_id:0]
6506002,806,8:50:40,8,[OpportunityCardData_id:0,PriorityData_type:3]
6506002,807,8:50:40,8,[OpportunityCardData_id:0]
6506002,808,8:50:42,8,[OpportunityCardData_id:0]
6506002,809,8:50:46,8,[OpportunityCardData_id:0,Safe,false]
6506002,810,8:51:1,8,[OpportunityCardData_id:0,PriorityData_type:0,15,Safe,Safe]
6506002,814,8:51:4,8,[0]
6506002,815,8:51:4,8,0,OpportunityCardData_id:1
6506002,816,8:51:5,8,0,OpportunityCardData_id:1
6506002,803,8:51:6,8,[OpportunityCardData_id:1,OpportunityCardConsequencesData_logId:0]
6506002,803,8:51:6,8,[OpportunityCardData_id:1,OpportunityCardConsequencesData_logId:1]
6506002,805,8:51:6,8,[OpportunityCardData_id:1]
6506002,806,8:51:7,8,[OpportunityCardData_id:1,PriorityData_type:3]
6506002,807,8:51:8,8,[OpportunityCardData_id:1]
6506002,808,8:51:9,8,[OpportunityCardData_id:1]
6506002,809,8:51:13,8,[OpportunityCardData_id:1,PriorityData_type:1,false]
6506002,810,8:51:14,8,[OpportunityCardData_id:1,PriorityData_type:0,15,PriorityData_type:1,15]
6506002,814,8:51:19,8,[3]
6506002,815,8:51:19,8,3,OpportunityCardData_id:19
6506002,816,8:51:21,8,3,OpportunityCardData_id:19
6506002,803,8:51:22,8,[OpportunityCardData_id:19,OpportunityCardConsequencesData_logId:0]
6506002,803,8:51:22,8,[OpportunityCardData_id:19,OpportunityCardConsequencesData_logId:1]
6506002,803,8:51:22,8,[OpportunityCardData_id:19,OpportunityCardConsequencesData_logId:2]
6506002,805,8:51:23,8,[OpportunityCardData_id:19]
6506002,806,8:51:24,8,[OpportunityCardData_id:19,PriorityData_type:0]
6506002,807,8:51:24,8,[OpportunityCardData_id:19]
6506002,808,8:51:26,8,[OpportunityCardData_id:19]
6506002,809,8:51:31,8,[OpportunityCardData_id:19,PriorityData_type:5,false]
6506002,810,8:51:31,8,[OpportunityCardData_id:19,PriorityData_type:3,15,PriorityData_type:5,25]
6506002,812,8:51:32,8,[OpportunityCardData_id:19,PriorityData_type:5]
6506002,813,8:51:34,8,[]
6506002,1001,8:51:35,8,[]
6506002,1003,8:51:35,1
6506002,210,8:51:49,306,336
6506002,207,8:51:50,10,-200,0
6506002,211,8:51:52,173,407
6506002,213,8:51:52,10,s_tv_gen,false
6506002,1003,8:51:56,1
6506002,1004,8:51:57,8
6506002,800,8:51:58,8,[]
6506002,801,8:52:0,8,[]
6506002,814,8:52:2,8,[0]
6506002,815,8:52:2,8,0,OpportunityCardData_id:0
6506002,816,8:52:4,8,0,OpportunityCardData_id:0
6506002,803,8:52:6,8,[OpportunityCardData_id:0,OpportunityCardConsequencesData_logId:0]
6506002,803,8:52:6,8,[OpportunityCardData_id:0,OpportunityCardConsequencesData_logId:1]
6506002,805,8:52:7,8,[OpportunityCardData_id:0]
6506002,806,8:52:8,8,[OpportunityCardData_id:0,PriorityData_type:3]
6506002,807,8:52:9,8,[OpportunityCardData_id:0]
6506002,808,8:52:11,8,[OpportunityCardData_id:0]
6506002,809,8:52:15,8,[OpportunityCardData_id:0,Safe,false]
6506002,810,8:52:16,8,[OpportunityCardData_id:0,PriorityData_type:0,15,Safe,Safe]
6506002,814,8:52:18,8,[4]
6506002,815,8:52:18,8,4,OpportunityCardData_id:26
6506002,816,8:52:19,8,4,OpportunityCardData_id:26
6506002,803,8:52:20,8,[OpportunityCardData_id:26,OpportunityCardConsequencesData_logId:0]
6506002,803,8:52:21,8,[OpportunityCardData_id:26,OpportunityCardConsequencesData_logId:1]
6506002,803,8:52:21,8,[OpportunityCardData_id:26,OpportunityCardConsequencesData_logId:2]
6506002,805,8:52:22,8,[OpportunityCardData_id:26]
6506002,806,8:52:22,8,[OpportunityCardData_id:26,PriorityData_type:0]
6506002,807,8:52:23,8,[OpportunityCardData_id:26]
6506002,808,8:52:25,8,[OpportunityCardData_id:26]
6506002,809,8:52:29,8,[OpportunityCardData_id:26,Safe,false]
6506002,810,8:52:30,8,[OpportunityCardData_id:26,PriorityData_type:4,15,Safe,Safe]
6506002,814,8:52:36,8,[3]
6506002,815,8:52:36,8,3,OpportunityCardData_id:19
6506002,816,8:52:37,8,3,OpportunityCardData_id:19
6506002,803,8:52:37,8,[OpportunityCardData_id:19,OpportunityCardConsequencesData_logId:0]
6506002,803,8:52:38,8,[OpportunityCardData_id:19,OpportunityCardConsequencesData_logId:1]
6506002,803,8:52:38,8,[OpportunityCardData_id:19,OpportunityCardConsequencesData_logId:2]
6506002,805,8:52:38,8,[OpportunityCardData_id:19]
6506002,806,8:52:39,8,[OpportunityCardData_id:19,PriorityData_type:0]
6506002,807,8:52:40,8,[OpportunityCardData_id:19]
6506002,808,8:52:42,8,[OpportunityCardData_id:19]
6506002,809,8:52:46,8,[OpportunityCardData_id:19,PriorityData_type:0,true]
6506002,810,8:52:47,8,[OpportunityCardData_id:19,PriorityData_type:3,15,Safe,Safe]
6506002,814,8:52:51,8,[0]
6506002,815,8:52:51,8,0,OpportunityCardData_id:1
6506002,816,8:52:52,8,0,OpportunityCardData_id:1
6506002,803,8:52:53,8,[OpportunityCardData_id:1,OpportunityCardConsequencesData_logId:0]
6506002,803,8:52:53,8,[OpportunityCardData_id:1,OpportunityCardConsequencesData_logId:1]
6506002,805,8:52:54,8,[OpportunityCardData_id:1]
6506002,806,8:52:55,8,[OpportunityCardData_id:1,PriorityData_type:3]
6506002,807,8:52:56,8,[OpportunityCardData_id:1]
6506002,808,8:52:57,8,[OpportunityCardData_id:1]
6506002,809,8:53:1,8,[OpportunityCardData_id:1,Safe,false]
6506002,810,8:53:2,8,[OpportunityCardData_id:1,PriorityData_type:0,15,Safe,Safe]
6506002,814,8:53:5,8,[3]
6506002,815,8:53:5,8,3,OpportunityCardData_id:20
6506002,816,8:53:6,8,3,OpportunityCardData_id:20
6506002,803,8:53:7,8,[OpportunityCardData_id:20,OpportunityCardConsequencesData_logId:0]
6506002,803,8:53:7,8,[OpportunityCardData_id:20,OpportunityCardConsequencesData_logId:1]
6506002,803,8:53:7,8,[OpportunityCardData_id:20,OpportunityCardConsequencesData_logId:2]
6506002,805,8:53:8,8,[OpportunityCardData_id:20]
6506002,806,8:53:9,8,[OpportunityCardData_id:20,PriorityData_type:0]
6506002,807,8:53:10,8,[OpportunityCardData_id:20]
6506002,808,8:53:11,8,[OpportunityCardData_id:20]
6506002,809,8:53:15,8,[OpportunityCardData_id:20,PriorityData_type:2,false]
6506002,810,8:53:16,8,[OpportunityCardData_id:20,PriorityData_type:3,15,PriorityData_type:2,15]
6506002,814,8:53:20,8,[2]
6506002,815,8:53:20,8,2,OpportunityCardData_id:13
6506002,815,8:53:23,8,2,OpportunityCardData_id:14
6506002,816,8:53:24,8,2,OpportunityCardData_id:14
6506002,803,8:53:25,8,[OpportunityCardData_id:14,OpportunityCardConsequencesData_logId:0]
6506002,803,8:53:26,8,[OpportunityCardData_id:14,OpportunityCardConsequencesData_logId:1]
6506002,803,8:53:26,8,[OpportunityCardData_id:14,OpportunityCardConsequencesData_logId:2]
6506002,805,8:53:26,8,[OpportunityCardData_id:14]
6506002,806,8:53:27,8,[OpportunityCardData_id:14,PriorityData_type:0]
6506002,807,8:53:27,8,[OpportunityCardData_id:14]
6506002,808,8:53:29,8,[OpportunityCardData_id:14]
6506002,809,8:53:33,8,[OpportunityCardData_id:14,Safe,false]
6506002,810,8:53:34,8,[OpportunityCardData_id:14,PriorityData_type:2,15,Safe,Safe]
6506002,814,8:53:36,8,[3]
6506002,815,8:53:36,8,3,OpportunityCardData_id:21
6506002,816,8:53:37,8,3,OpportunityCardData_id:21
6506002,803,8:53:38,8,[OpportunityCardData_id:21,OpportunityCardConsequencesData_logId:0]
6506002,803,8:53:38,8,[OpportunityCardData_id:21,OpportunityCardConsequencesData_logId:1]
6506002,805,8:53:38,8,[OpportunityCardData_id:21]
6506002,806,8:53:39,8,[OpportunityCardData_id:21,PriorityData_type:0]
6506002,807,8:53:41,8,[OpportunityCardData_id:21]
6506002,808,8:53:42,8,[OpportunityCardData_id:21]
6506002,809,8:53:46,8,[OpportunityCardData_id:21,Safe,false]
6506002,810,8:53:47,8,[OpportunityCardData_id:21,PriorityData_type:3,20,Safe,Safe]
6506002,818,8:53:49,8,5
6506002,811,8:53:53,8,[OpportunityCardData_id:21,PriorityData_type:0,70,70,PriorityData_type:3,70,70]
6506002,1005,8:53:53,8,[1,0,3]
6506002,1001,8:53:54,8,[]
6506002,1003,8:53:54,1
6506002,210,8:53:58,537,340
6506002,207,8:54:0,10,-200,0
6506002,207,8:54:3,10,0,-330
6506002,207,8:54:5,10,-330,-720
6506002,211,8:54:5,1573,467
6506002,212,8:54:6,0
6506002,210,8:54:6,1571,410
6506002,211,8:54:7,1833,431
6506002,207,8:54:7,10,-720,-825
6506002,210,8:54:7,1860,453
6506002,207,8:54:7,10,-825,-995
6506002,207,8:54:9,10,-995,-935
6506002,211,8:54:10,1217,105
6506002,213,8:54:10,10,s_clock_G12a2N,true
6506002,1003,8:54:13,0
6506002,1004,8:54:17,9
6506002,400,8:54:19,9,[]
6506002,401,8:54:21,9,[StatementsData_logId:0]
6506002,404,8:54:22,9,[StatementsData_logId:0,true]
6506002,406,8:54:23,9,[StatementsData_logId:0,2]
6506002,412,8:54:23,9,[StatementsData_logId:0]
6506002,413,8:54:24,9,[StatementsData_logId:0,DuelResponsesData_logId:0]
6506002,414,8:54:26,9,[StatementsData_logId:0,DuelResponsesData_logId:0]
6506002,415,8:54:32,9,[StatementsData_logId:0,DuelResponsesData_logId:0,DuelResponsesData_witty_player_response]
6506002,416,8:54:32,9,[StatementsData_logId:0,DuelResponsesData_logId:0]
6506002,417,8:54:33,9,[StatementsData_logId:0,DuelResponsesData_logId:0]
6506002,413,8:54:34,9,[StatementsData_logId:0,DuelResponsesData_logId:1]
6506002,414,8:54:34,9,[StatementsData_logId:0,DuelResponsesData_logId:1]
6506002,415,8:54:39,9,[StatementsData_logId:0,DuelResponsesData_logId:1,DuelResponsesData_witty_player_response]
6506002,416,8:54:39,9,[StatementsData_logId:0,DuelResponsesData_logId:1]
6506002,417,8:54:40,9,[StatementsData_logId:0,DuelResponsesData_logId:1]
6506002,413,8:54:40,9,[StatementsData_logId:0,DuelResponsesData_logId:2]
6506002,414,8:54:41,9,[StatementsData_logId:0,DuelResponsesData_logId:2]
6506002,415,8:54:45,9,[StatementsData_logId:0,DuelResponsesData_logId:2,DuelResponsesData_witty_player_response]
6506002,416,8:54:45,9,[StatementsData_logId:0,DuelResponsesData_logId:2]
6506002,417,8:54:46,9,[StatementsData_logId:0,DuelResponsesData_logId:2]
6506002,418,8:54:46,9,[StatementsData_logId:0,true]
6506002,419,8:54:49,9,[StatementsData_logId:0,4]
6506002,411,8:54:49,9,[StatementsData_logId:0]
6506002,401,8:54:53,9,[StatementsData_logId:1]
6506002,403,8:55:39,9,[StatementsData_logId:1,true]
6506002,405,8:55:40,9,[StatementsData_logId:1]
6506002,406,8:55:41,9,[StatementsData_logId:1,2]
6506002,407,8:55:41,9,[StatementsData_logId:1,FactCardData_id:17]
6506002,407,8:55:41,9,[StatementsData_logId:1,FactCardData_id:9]
6506002,407,8:55:41,9,[StatementsData_logId:1,FactCardData_id:4]
6506002,407,8:55:41,9,[StatementsData_logId:1,FactCardData_id:1]
6506002,407,8:55:41,9,[StatementsData_logId:1,FactCardData_id:11]
6506002,407,8:55:41,9,[StatementsData_logId:1,FactCardData_id:13]
6506002,407,8:55:55,9,[StatementsData_logId:1,FactCardData_id:17]
6506002,407,8:55:55,9,[StatementsData_logId:1,FactCardData_id:17]
6506002,407,8:56:0,9,[StatementsData_logId:1,FactCardData_id:4]
6506002,407,8:56:0,9,[StatementsData_logId:1,FactCardData_id:17]
6506002,407,8:56:0,9,[StatementsData_logId:1,FactCardData_id:4]
6506002,407,8:56:5,9,[StatementsData_logId:1,FactCardData_id:11]
6506002,407,8:56:5,9,[StatementsData_logId:1,FactCardData_id:4]
6506002,407,8:56:5,9,[StatementsData_logId:1,FactCardData_id:11]
6506002,407,8:56:11,9,[StatementsData_logId:1,FactCardData_id:13]
6506002,407,8:56:11,9,[StatementsData_logId:1,FactCardData_id:11]
6506002,407,8:56:11,9,[StatementsData_logId:1,FactCardData_id:13]
6506002,408,8:56:17,9,[StatementsData_logId:1,FactCardData_id:13,true]
6506002,409,8:56:17,9,[StatementsData_logId:1]
6506002,410,8:56:18,9,[StatementsData_logId:1,2]
6506002,412,8:56:20,9,[StatementsData_logId:1]
6506002,413,8:56:23,9,[StatementsData_logId:1,DuelResponsesData_logId:3]
6506002,414,8:56:23,9,[StatementsData_logId:1,DuelResponsesData_logId:3]
6506002,415,8:56:30,9,[StatementsData_logId:1,DuelResponsesData_logId:3,DuelResponsesData_witty_player_response]
6506002,416,8:56:30,9,[StatementsData_logId:1,DuelResponsesData_logId:3]
6506002,417,8:56:31,9,[StatementsData_logId:1,DuelResponsesData_logId:3]
6506002,413,8:56:35,9,[StatementsData_logId:1,DuelResponsesData_logId:4]
6506002,414,8:56:35,9,[StatementsData_logId:1,DuelResponsesData_logId:4]
6506002,415,8:57:0,9,[StatementsData_logId:1,DuelResponsesData_logId:4,DuelResponsesData_witty_player_response]
6506002,416,8:57:3,9,[StatementsData_logId:1,DuelResponsesData_logId:4]
6506002,417,8:57:4,9,[StatementsData_logId:1,DuelResponsesData_logId:4]
6506002,413,8:57:6,9,[StatementsData_logId:1,DuelResponsesData_logId:5]
6506002,414,8:57:6,9,[StatementsData_logId:1,DuelResponsesData_logId:5]
6506002,415,8:57:15,9,[StatementsData_logId:1,DuelResponsesData_logId:5,DuelResponsesData_witty_player_response]
6506002,416,8:57:15,9,[StatementsData_logId:1,DuelResponsesData_logId:5]
6506002,417,8:57:16,9,[StatementsData_logId:1,DuelResponsesData_logId:5]
6506002,418,8:57:16,9,[StatementsData_logId:1,true]
6506002,419,8:57:19,9,[StatementsData_logId:1,4]
6506002,411,8:57:20,9,[StatementsData_logId:1]
6506002,401,8:57:21,9,[StatementsData_logId:2]
6506002,402,8:57:53,9,[StatementsData_logId:2,true]
6506002,405,8:57:54,9,[StatementsData_logId:2]
6506002,406,8:57:54,9,[StatementsData_logId:2,2]
6506002,411,8:57:56,9,[StatementsData_logId:2]
6506002,401,8:58:3,9,[StatementsData_logId:3]
6506002,403,8:58:21,9,[StatementsData_logId:3,true]
6506002,405,8:58:23,9,[StatementsData_logId:3]
6506002,406,8:58:24,9,[StatementsData_logId:3,2]
6506002,407,8:58:24,9,[StatementsData_logId:3,FactCardData_id:17]
6506002,407,8:58:24,9,[StatementsData_logId:3,FactCardData_id:11]
6506002,407,8:58:24,9,[StatementsData_logId:3,FactCardData_id:13]
6506002,407,8:58:24,9,[StatementsData_logId:3,FactCardData_id:9]
6506002,407,8:58:24,9,[StatementsData_logId:3,FactCardData_id:4]
6506002,407,8:58:24,9,[StatementsData_logId:3,FactCardData_id:1]
6506002,407,8:58:43,9,[StatementsData_logId:3,FactCardData_id:17]
6506002,407,8:58:43,9,[StatementsData_logId:3,FactCardData_id:17]
6506002,407,8:58:46,9,[StatementsData_logId:3,FactCardData_id:13]
6506002,407,8:58:46,9,[StatementsData_logId:3,FactCardData_id:17]
6506002,407,8:58:46,9,[StatementsData_logId:3,FactCardData_id:13]
6506002,407,8:58:51,9,[StatementsData_logId:3,FactCardData_id:4]
6506002,407,8:58:51,9,[StatementsData_logId:3,FactCardData_id:13]
6506002,407,8:58:51,9,[StatementsData_logId:3,FactCardData_id:4]
6506002,407,8:58:56,9,[StatementsData_logId:3,FactCardData_id:11]
6506002,407,8:58:56,9,[StatementsData_logId:3,FactCardData_id:4]
6506002,407,8:58:56,9,[StatementsData_logId:3,FactCardData_id:11]
6506002,407,8:59:4,9,[StatementsData_logId:3,FactCardData_id:9]
6506002,407,8:59:4,9,[StatementsData_logId:3,FactCardData_id:11]
6506002,407,8:59:4,9,[StatementsData_logId:3,FactCardData_id:9]
6506002,408,8:59:12,9,[StatementsData_logId:3,FactCardData_id:9,true]
6506002,409,8:59:12,9,[StatementsData_logId:3]
6506002,410,8:59:12,9,[StatementsData_logId:3,2]
6506002,412,8:59:14,9,[StatementsData_logId:3]
6506002,413,8:59:16,9,[StatementsData_logId:3,DuelResponsesData_logId:6]
6506002,414,8:59:17,9,[StatementsData_logId:3,DuelResponsesData_logId:6]
6506002,415,8:59:22,9,[StatementsData_logId:3,DuelResponsesData_logId:6,DuelResponsesData_witty_player_response]
6506002,416,8:59:23,9,[StatementsData_logId:3,DuelResponsesData_logId:6]
6506002,417,8:59:24,9,[StatementsData_logId:3,DuelResponsesData_logId:6]
6506002,413,8:59:29,9,[StatementsData_logId:3,DuelResponsesData_logId:7]
6506002,414,8:59:29,9,[StatementsData_logId:3,DuelResponsesData_logId:7]
6506002,415,8:59:32,9,[StatementsData_logId:3,DuelResponsesData_logId:7,DuelResponsesData_witty_player_response]
6506002,416,8:59:33,9,[StatementsData_logId:3,DuelResponsesData_logId:7]
6506002,417,8:59:33,9,[StatementsData_logId:3,DuelResponsesData_logId:7]
6506002,413,8:59:34,9,[StatementsData_logId:3,DuelResponsesData_logId:8]
6506002,414,8:59:34,9,[StatementsData_logId:3,DuelResponsesData_logId:8]
6506002,415,8:59:43,9,[StatementsData_logId:3,DuelResponsesData_logId:8,DuelResponsesData_lame_player_response]
6506002,416,8:59:44,9,[StatementsData_logId:3,DuelResponsesData_logId:8]
6506002,417,8:59:45,9,[StatementsData_logId:3,DuelResponsesData_logId:8]
6506002,418,8:59:45,9,[StatementsData_logId:3,true]
6506002,419,8:59:50,9,[StatementsData_logId:3,4]
6506002,411,8:59:52,9,[StatementsData_logId:3]
6506002,401,8:59:55,9,[StatementsData_logId:4]
6506002,402,8:59:57,9,[StatementsData_logId:4,true]
6506002,405,8:59:58,9,[StatementsData_logId:4]
6506002,406,8:59:59,9,[StatementsData_logId:4,2]
6506002,411,9:0:0,9,[StatementsData_logId:4]
6506002,401,9:0:5,9,[StatementsData_logId:5]
6506002,402,9:0:25,9,[StatementsData_logId:5,true]
6506002,405,9:0:26,9,[StatementsData_logId:5]
6506002,406,9:0:27,9,[StatementsData_logId:5,2]
6506002,411,9:0:28,9,[StatementsData_logId:5]
6506002,401,9:0:34,9,[StatementsData_logId:6]
6506002,402,9:0:34,9,[StatementsData_logId:6,true]
6506002,405,9:0:35,9,[StatementsData_logId:6]
6506002,406,9:0:36,9,[StatementsData_logId:6,2]
6506002,411,9:0:37,9,[StatementsData_logId:6]
6506002,401,9:0:42,9,[StatementsData_logId:7]
6506002,403,9:1:40,9,[StatementsData_logId:7,true]
6506002,405,9:1:41,9,[StatementsData_logId:7]
6506002,406,9:1:42,9,[StatementsData_logId:7,2]
6506002,407,9:1:42,9,[StatementsData_logId:7,FactCardData_id:13]
6506002,407,9:1:42,9,[StatementsData_logId:7,FactCardData_id:17]
6506002,407,9:1:42,9,[StatementsData_logId:7,FactCardData_id:1]
6506002,407,9:1:42,9,[StatementsData_logId:7,FactCardData_id:4]
6506002,407,9:1:42,9,[StatementsData_logId:7,FactCardData_id:9]
6506002,407,9:1:42,9,[StatementsData_logId:7,FactCardData_id:11]
6506002,407,9:1:57,9,[StatementsData_logId:7,FactCardData_id:17]
6506002,407,9:1:57,9,[StatementsData_logId:7,FactCardData_id:17]
6506002,407,9:2:0,9,[StatementsData_logId:7,FactCardData_id:4]
6506002,407,9:2:0,9,[StatementsData_logId:7,FactCardData_id:17]
6506002,407,9:2:0,9,[StatementsData_logId:7,FactCardData_id:4]
6506002,407,9:2:4,9,[StatementsData_logId:7,FactCardData_id:11]
6506002,407,9:2:4,9,[StatementsData_logId:7,FactCardData_id:4]
6506002,407,9:2:4,9,[StatementsData_logId:7,FactCardData_id:11]
6506002,407,9:2:7,9,[StatementsData_logId:7,FactCardData_id:9]
6506002,407,9:2:7,9,[StatementsData_logId:7,FactCardData_id:11]
6506002,407,9:2:7,9,[StatementsData_logId:7,FactCardData_id:9]
6506002,407,9:2:9,9,[StatementsData_logId:7,FactCardData_id:1]
6506002,407,9:2:9,9,[StatementsData_logId:7,FactCardData_id:9]
6506002,407,9:2:9,9,[StatementsData_logId:7,FactCardData_id:1]
6506002,408,9:2:12,9,[StatementsData_logId:7,FactCardData_id:1,true]
6506002,409,9:2:12,9,[StatementsData_logId:7]
6506002,410,9:2:14,9,[StatementsData_logId:7,2]
6506002,412,9:2:15,9,[StatementsData_logId:7]
6506002,413,9:2:18,9,[StatementsData_logId:7,DuelResponsesData_logId:9]
6506002,414,9:2:19,9,[StatementsData_logId:7,DuelResponsesData_logId:9]
6506002,415,9:2:33,9,[StatementsData_logId:7,DuelResponsesData_logId:9,DuelResponsesData_witty_player_response]
6506002,416,9:2:34,9,[StatementsData_logId:7,DuelResponsesData_logId:9]
6506002,417,9:2:35,9,[StatementsData_logId:7,DuelResponsesData_logId:9]
6506002,413,9:2:36,9,[StatementsData_logId:7,DuelResponsesData_logId:10]
6506002,414,9:2:37,9,[StatementsData_logId:7,DuelResponsesData_logId:10]
6506002,415,9:2:44,9,[StatementsData_logId:7,DuelResponsesData_logId:10,DuelResponsesData_witty_player_response]
6506002,416,9:2:45,9,[StatementsData_logId:7,DuelResponsesData_logId:10]
6506002,417,9:2:45,9,[StatementsData_logId:7,DuelResponsesData_logId:10]
6506002,413,9:2:46,9,[StatementsData_logId:7,DuelResponsesData_logId:11]
6506002,414,9:2:47,9,[StatementsData_logId:7,DuelResponsesData_logId:11]
6506002,415,9:2:51,9,[StatementsData_logId:7,DuelResponsesData_logId:11,DuelResponsesData_witty_player_response]
6506002,416,9:2:51,9,[StatementsData_logId:7,DuelResponsesData_logId:11]
6506002,417,9:2:52,9,[StatementsData_logId:7,DuelResponsesData_logId:11]
6506002,418,9:2:52,9,[StatementsData_logId:7,true]
6506002,419,9:2:56,9,[StatementsData_logId:7,4]
6506002,411,9:2:57,9,[StatementsData_logId:7]
6506002,420,9:2:57,9,[76]
6506002,1005,9:2:57,9,[0,1,3]
6506002,1001,9:2:59,9,[]
6506002,1003,9:2:59,0
6506002,210,9:3:4,507,313
6506002,211,9:3:8,1276,429
6506002,207,9:3:8,10,-200,-275
6506002,207,9:3:9,10,-275,-305
6506002,210,9:3:9,1224,447
6506002,207,9:3:13,10,-305,-995
6506002,211,9:3:23,1222,643
6506002,204,9:3:31,10
6506002,100,9:4:16,10
6506002,102,9:4:18,10
6506002,200,9:4:18,10,15,15,9,9,18
6506002,210,9:5:9,612,413
6506002,211,9:5:10,871,423
6506002,210,9:5:11,570,537
6506002,211,9:5:12,515,565
6506002,210,9:5:12,683,484
6506002,211,9:5:17,-4,525
6506002,221,9:6:45,10
6506002,220,9:6:47,10
6506002,1003,9:6:47,3
6506002,1004,9:6:53,6
6506002,500,9:7:10,6,[]
6506002,501,9:7:14,6,[]
6506002,502,9:7:34,6,[IntentionData_logId:4,true]
6506002,503,9:7:35,6,[]
6506002,504,9:7:39,6,[InfluenceData_logId:2]
6506002,504,9:7:42,6,[InfluenceData_logId:0]
6506002,504,9:7:44,6,[InfluenceData_logId:1]
6506002,504,9:7:46,6,[InfluenceData_logId:5]
6506002,504,9:7:50,6,[InfluenceData_logId:4]
6506002,504,9:7:54,6,[InfluenceData_logId:3]
6506002,504,9:7:57,6,[InfluenceData_logId:7]
6506002,504,9:8:0,6,[InfluenceData_logId:8]
6506002,504,9:8:7,6,[InfluenceData_logId:6]
6506002,504,9:8:12,6,[InfluenceData_logId:7]
6506002,505,9:8:14,6,[InfluenceData_logId:1,true,InfluenceData_logId:3,true,InfluenceData_logId:7,true]
6506002,506,9:8:15,6,[]
6506002,507,9:9:27,6,[OpponentAttackData_logId:1,OpponentAttackTypeData_logId:0,false,30]
6506002,508,9:11:40,6,[]
6506002,1002,9:19:54,6
6506002,1003,9:19:54,3
6506002,204,9:19:58,10
6506002,103,9:20:0
6506002,105,9:20:2
6506002,703,9:20:4,[|| EpilogueItem ID: 0 unlocked: true ||,|| EpilogueItem ID: 1 unlocked: true ||,|| EpilogueItem ID: 2 unlocked: false ||,|| EpilogueItem ID: 3 unlocked: false ||,|| EpilogueItem ID: 4 unlocked: true ||,|| EpilogueItem ID: 5 unlocked: false ||,|| EpilogueItem ID: 6 unlocked: false ||,|| EpilogueItem ID: 7 unlocked: false ||,|| EpilogueItem ID: 8 unlocked: false ||,|| EpilogueItem ID: 9 unlocked: false ||,|| EpilogueItem ID: 10 unlocked: false ||,|| EpilogueItem ID: 11 unlocked: false ||,|| EpilogueItem ID: 12 unlocked: false ||,|| EpilogueItem ID: 13 unlocked: false ||,|| EpilogueItem ID: 14 unlocked: false ||,|| EpilogueItem ID: 15 unlocked: false ||,|| EpilogueItem ID: 16 unlocked: false ||,|| EpilogueItem ID: 17 unlocked: false ||,|| EpilogueItem ID: 18 unlocked: false ||,|| EpilogueItem ID: 19 unlocked: false ||,|| EpilogueItem ID: 20 unlocked: false ||,|| EpilogueItem ID: 21 unlocked: false ||,|| EpilogueItem ID: 22 unlocked: false ||,|| EpilogueItem ID: 23 unlocked: false ||,|| EpilogueItem ID: 24 unlocked: false ||],0.12
6506002,706,9:20:9,(x=445, y=-100, w=1024, h=768),(x=446, y=-100, w=1024, h=768)
6506002,706,9:20:15,(x=477, y=-100, w=1024, h=768),(x=558, y=-100, w=1024, h=768)
6506002,706,9:20:18,(x=847, y=-100, w=1024, h=768),(x=1217, y=-100, w=1024, h=768)
6506002,706,9:20:26,(x=1752, y=-100, w=1024, h=768),(x=1752, y=-100, w=1024, h=768)
6506002,706,9:20:27,(x=1813, y=-100, w=1024, h=768),(x=1836, y=-100, w=1024, h=768)
6506002,706,9:20:29,(x=2104, y=-100, w=1024, h=768),(x=2128, y=-100, w=1024, h=768)
6506002,706,9:20:31,(x=2266, y=-100, w=1024, h=768),(x=2250, y=-100, w=1024, h=768)
6506002,706,9:20:33,(x=2496, y=-100, w=1024, h=768),(x=2496, y=-100, w=1024, h=768)
6506002,707,9:20:36,2,4
6506002,706,9:20:37,(x=2489, y=-100, w=1024, h=768),(x=2440, y=-100, w=1024, h=768)
6506002,706,9:20:38,(x=2530, y=-100, w=1024, h=768),(x=2530, y=-100, w=1024, h=768)
6506002,707,9:20:39,4,3
6506002,706,9:20:39,(x=2530, y=-100, w=1024, h=768),(x=2530, y=-100, w=1024, h=768)
6506002,707,9:20:39,3,2
6506002,706,9:20:39,(x=2530, y=-100, w=1024, h=768),(x=2530, y=-100, w=1024, h=768)
6506002,706,9:20:40,(x=2530, y=-100, w=1024, h=768),(x=2530, y=-100, w=1024, h=768)
6506002,707,9:20:42,2,4
6506002,706,9:20:42,(x=2530, y=-100, w=1024, h=768),(x=2530, y=-100, w=1024, h=768)
6506002,706,9:21:15,(x=6, y=-100, w=1024, h=768),(x=10, y=-100, w=1024, h=768)
6506002,706,9:21:17,(x=435, y=-100, w=1024, h=768),(x=438, y=-100, w=1024, h=768)
6506002,706,9:21:22,(x=1842, y=-100, w=1024, h=768),(x=2531, y=-100, w=1024, h=768)
6506002,706,9:21:22,(x=2252, y=-100, w=1024, h=768),(x=1696, y=-100, w=1024, h=768)
6506002,706,9:21:34,(x=2413, y=-100, w=1024, h=768),(x=2531, y=-100, w=1024, h=768)
6506002,706,9:21:36,(x=2148, y=-100, w=1024, h=768),(x=2152, y=-100, w=1024, h=768)
6506002,706,9:21:37,(x=2162, y=-100, w=1024, h=768),(x=2208, y=-100, w=1024, h=768)
6506002,704,9:21:37,21
6506002,706,9:21:37,(x=2162, y=-100, w=1024, h=768),(x=2208, y=-100, w=1024, h=768)
6506002,705,9:21:40,21,true
6506002,706,9:21:42,(x=1861, y=-100, w=1024, h=768),(x=1860, y=-100, w=1024, h=768)
6506002,704,9:21:42,9
6506002,706,9:21:42,(x=1861, y=-100, w=1024, h=768),(x=1860, y=-100, w=1024, h=768)
6506002,706,9:21:50,(x=1686, y=-100, w=1024, h=768),(x=1686, y=-100, w=1024, h=768)
6506002,704,9:21:50,9
6506002,706,9:21:50,(x=1686, y=-100, w=1024, h=768),(x=1686, y=-100, w=1024, h=768)
6506002,706,9:21:59,(x=1462, y=-100, w=1024, h=768),(x=1422, y=-100, w=1024, h=768)
6506002,706,9:22:0,(x=1236, y=-100, w=1024, h=768),(x=986, y=-100, w=1024, h=768)
6506002,706,9:22:1,(x=898, y=-100, w=1024, h=768),(x=898, y=-100, w=1024, h=768)
6506002,704,9:22:1,17
6506002,706,9:22:1,(x=898, y=-100, w=1024, h=768),(x=898, y=-100, w=1024, h=768)
6506002,705,9:22:5,17,true
6506002,706,9:22:10,(x=166, y=-100, w=1024, h=768),(x=418, y=-100, w=1024, h=768)
6506002,706,9:22:11,(x=808, y=-100, w=1024, h=768),(x=1244, y=-100, w=1024, h=768)
6506002,706,9:22:11,(x=1368, y=-100, w=1024, h=768),(x=1663, y=-100, w=1024, h=768)
6506002,706,9:22:14,(x=2531, y=-100, w=1024, h=768),(x=2531, y=-100, w=1024, h=768)
6506002,708,9:22:14
6506002,1,9:22:14,7/19/2013 3:06:20pm,{"gameTime":33734221,"challengeStacks":[{"challengeScenes":[{"miniGameCards":[],"viewedAnimatic":true,"keyPoints":["s_flag_gen","c_teacherEng_G7a0","c_bestFriend_F_a_G7a0"],"unlocked":true,"touchableObjects":["c_crewKid1_F_G7a0","s_doorClassroom_G7a0","s_vocabAssignment_G7a0","s_atwoodPoster_gen","s_otherStudent1_G7a0","c_friend1_F_a_G7a0","s_flag_gen","c_teacherEng_G7a0","s_shakespearePoster_gen","s_clock_G7a0","c_bestFriend_F_a_G7a0"]},{"miniGameCards":[],"viewedAnimatic":true,"keyPoints":["c_teacherEng_G7a1N","c_bestFriend_F_a_G7a1N","s_paperPlayers_G7a1N"],"unlocked":true,"touchableObjects":["c_teacherEng_G7a1N","s_otherStudent2_G7a1N","c_bestFriend_F_a_G7a1N","c_crewKid1_F_G7a1N","s_otherStudent1_G7a1N","s_flag_gen","s_posterPlagiarism_gen","s_atwoodPoster_gen","s_poePoster_gen","s_shakespearePoster_gen","s_angelouPoster_gen","s_paperPlayers_G7a1N"]},{"miniGameCards":[],"viewedAnimatic":true,"keyPoints":["s_paperEnglish_gen","c_teacherEng_G7a1P","s_flag_gen","c_bestFriend_F_a_G7a1P"],"unlocked":true,"touchableObjects":["s_clock_G7a1P","s_paperEnglish_gen","c_teacherEng_G7a1P","s_papersDetention_gen","s_poePoster_gen","s_angelouPoster_gen","s_atwoodPoster_gen","s_flag_gen","s_paperPlayers_G7a1P","c_bestFriend_F_a_G7a1P"]}],"stackSize":3,"resolved":true},{"challengeScenes":[{"miniGameCards":[],"viewedAnimatic":true,"keyPoints":["c_kidSister_lati_a_G7b0","c_crewKid1_F_G7b0","s_backpack_F_G7b0"],"unlocked":true,"touchableObjects":["c_crewKid2_F_G7b0","s_snackBarWorker_G7b0","c_cousinsBrother_a_G7b0","c_kidSister_lati_a_G7b0","c_cousin_F_a_G7b0","c_crewKid1_F_G7b0","s_backpack_F_G7b0"]},{"miniGameCards":[],"viewedAnimatic":true,"keyPoints":["s_graffiti_G7b1N","c_kidSister_lati_a_G7b1N","s_sprayPaintCan_G7b1N","s_brokenCarWindow_G7b1N","c_crewKid1_F_G7b1N"],"unlocked":true,"touchableObjects":["s_graffiti_G7b1N","c_kidSister_lati_a_G7b1N","s_flag_G7b1N","s_sprayPaintCan_G7b1N","c_crewKid2_F_a_G7b1N","s_brokenCarWindow_G7b1N","c_teacherEng_G7b1N","c_crewKid1_F_G7b1N","c_cousin_F_a_G7b1N"]},{"miniGameCards":[],"viewedAnimatic":true,"keyPoints":["c_cousinsBrothersFriend_a_G7b1P","c_cousin_F_a_G7b1P","c_cousinsBrother_a_G7b1P","s_poolDay_ruleSign_G7b1P"],"unlocked":true,"touchableObjects":["c_cousinsBrothersFriend_a_G7b1P","c_cousin_F_a_G7b1P","c_kidSister_lati_a_G7b1P","c_cousinsBrother_a_G7b1P","s_poolDay_ruleSign_G7b1P"]},{"miniGameCards":[],"viewedAnimatic":true,"keyPoints":["c_cousin_F_a_G7b2N","s_kid1_G7b2N","c_kidSister_lati_a_G7b2N","c_crush1_F_a_G7b2N"],"unlocked":true,"touchableObjects":["c_cousin_F_a_G7b2N","c_cousinsBrother_a_G7b2N","s_kid1_G7b2N","c_kidSister_lati_a_G7b2N","c_crush1_F_a_G7b2N"]},{"miniGameCards":[],"viewedAnimatic":true,"keyPoints":["c_cousin_F_a_G7b2P","s_computer_F_G7b2P","s_pictureDad_lati_F_gen","c_kidSister_lati_a_G7b2P"],"unlocked":true,"touchableObjects":["c_cousin_F_a_G7b2P","s_computer_F_G7b2P","s_pictureDad_lati_F_gen","c_grandma_lati_a_G7b2P","s_calendar_F_gen","c_kidSister_lati_a_G7b2P"]}],"stackSize":5,"resolved":true},{"challengeScenes":[{"miniGameCards":[],"viewedAnimatic":false,"keyPoints":[],"unlocked":true,"touchableObjects":[]},{"miniGameCards":[],"viewedAnimatic":false,"keyPoints":[],"unlocked":true,"touchableObjects":[]},{"miniGameCards":[],"viewedAnimatic":false,"keyPoints":[],"unlocked":false,"touchableObjects":[]},{"miniGameCards":[],"viewedAnimatic":false,"keyPoints":[],"unlocked":false,"touchableObjects":[]},{"miniGameCards":[],"viewedAnimatic":false,"keyPoints":[],"unlocked":false,"touchableObjects":[]},{"miniGameCards":[],"viewedAnimatic":false,"keyPoints":[],"unlocked":true,"touchableObjects":[]},{"miniGameCards":[],"viewedAnimatic":false,"keyPoints":[],"unlocked":false,"touchableObjects":[]}],"stackSize":7,"resolved":false},{"challengeScenes":[{"miniGameCards":[],"viewedAnimatic":false,"keyPoints":[],"unlocked":false,"touchableObjects":[]},{"miniGameCards":[],"viewedAnimatic":false,"keyPoints":[],"unlocked":false,"touchableObjects":[]},{"miniGameCards":[],"viewedAnimatic":false,"keyPoints":[],"unlocked":false,"touchableObjects":[]},{"miniGameCards":[],"viewedAnimatic":false,"keyPoints":[],"unlocked":false,"touchableObjects":[]},{"miniGameCards":[],"viewedAnimatic":false,"keyPoints":[],"unlocked":false,"touchableObjects":[]}],"stackSize":5,"resolved":false},{"challengeScenes":[{"miniGameCards":[],"viewedAnimatic":true,"keyPoints":["s_bathingSuit_F_G9a0","s_door_F_gen","s_cellPhone_F_G9a0","s_clock_F_G9a0"],"unlocked":true,"touchableObjects":["s_window_F_G9a0","s_bathingSuit_F_G9a0","s_door_F_gen","s_cellPhone_F_G9a0","s_clock_F_G9a0"]},{"miniGameCards":[],"viewedAnimatic":true,"keyPoints":["s_kid3_G9a1N","c_policeOfficer_G9a1N","c_cousin_F_a_G9a1N","s_fence_G9a1N"],"unlocked":true,"touchableObjects":["s_policeCar_G9a1N","s_potSmokeCloud_G9a1N","c_cousinsBrothersFriend_a_G9a1N","s_poolNight_ruleSign_G9a1N","s_kid3_G9a1N","c_policeOfficer_G9a1N","s_bathingSuits_G9a1N","s_kid4_G9a1N","c_cousin_F_a_G9a1N","s_fence_G9a1N"]},{"miniGameCards":[],"viewedAnimatic":true,"keyPoints":["s_poster_F_gen","s_joint_F_G9a1P","s_door_F_gen","c_cousin_F_a_G9a1P","s_calendar_F_gen"],"unlocked":true,"touchableObjects":["s_poster_F_gen","s_joint_F_G9a1P","s_computer_F_gen","s_door_F_gen","c_cousin_F_a_G9a1P","s_calendar_F_gen"]},{"miniGameCards":[],"viewedAnimatic":true,"keyPoints":["s_pictureDad_lati_F_gen","c_mom_lati_a_G9a2N","s_potSmokeCloud_F_G9a2N","c_kidSister_lati_a_G9a2N","c_cousin_F_a_G9a2N"],"unlocked":true,"touchableObjects":["s_pictureDad_lati_F_gen","c_mom_lati_a_G9a2N","s_potSmokeCloud_F_G9a2N","c_kidSister_lati_a_G9a2N","c_cousin_F_a_G9a2N"]},{"miniGameCards":[],"viewedAnimatic":true,"keyPoints":["c_cousin_F_a_G9a2P","c_mom_lati_a_G9a2P","s_door_gen","s_pizzaBox_G9a2P"],"unlocked":true,"touchableObjects":["c_kidSister_lati_a_G9a2P","c_cousin_F_a_G9a2P","c_mom_lati_a_G9a2P","s_door_gen","s_pictureDad_lati_gen","s_pizzaBox_G9a2P"]}],"stackSize":5,"resolved":true},{"challengeScenes":[{"miniGameCards":[],"viewedAnimatic":false,"keyPoints":[],"unlocked":false,"touchableObjects":[]},{"miniGameCards":[],"viewedAnimatic":false,"keyPoints":[],"unlocked":false,"touchableObjects":[]},{"miniGameCards":[],"viewedAnimatic":false,"keyPoints":[],"unlocked":false,"touchableObjects":[]},{"miniGameCards":[],"viewedAnimatic":false,"keyPoints":[],"unlocked":false,"touchableObjects":[]},{"miniGameCards":[],"viewedAnimatic":false,"keyPoints":[],"unlocked":false,"touchableObjects":[]}],"stackSize":5,"resolved":false},{"challengeScenes":[{"miniGameCards":[],"viewedAnimatic":true,"keyPoints":["s_window_F_G10a0"],"unlocked":true,"touchableObjects":["s_window_F_G10a0","s_clock_F_G10a0","s_bed1_F_G10a0","s_bed2_F_G10a0"]},{"miniGameCards":[],"viewedAnimatic":true,"keyPoints":["s_condom_F_G10a1N"],"unlocked":true,"touchableObjects":["s_window_F_G10a1N","s_door_F_gen","s_computer_F_gen","s_crushClothes_F_G10a1N","s_closet_F_G10a1N","s_condom_F_G10a1N","s_calendar_F_gen"]},{"miniGameCards":[],"viewedAnimatic":false,"keyPoints":[],"unlocked":false,"touchableObjects":[]},{"miniGameCards":[],"viewedAnimatic":true,"keyPoints":["s_pamphlet4_G10a2N"],"unlocked":true,"touchableObjects":["s_curtain_G10a2N","s_pamphlet4_G10a2N","s_kleenex_G10a2N","s_pamphlet2_G10a2N"]},{"miniGameCards":[],"viewedAnimatic":false,"keyPoints":[],"unlocked":false,"touchableObjects":[]}],"stackSize":5,"resolved":false},{"challengeScenes":[{"miniGameCards":[],"viewedAnimatic":false,"keyPoints":[],"unlocked":false,"touchableObjects":[]},{"miniGameCards":[],"viewedAnimatic":false,"keyPoints":[],"unlocked":false,"touchableObjects":[]},{"miniGameCards":[],"viewedAnimatic":false,"keyPoints":[],"unlocked":false,"touchableObjects":[]},{"miniGameCards":[],"viewedAnimatic":false,"keyPoints":[],"unlocked":false,"touchableObjects":[]},{"miniGameCards":[],"viewedAnimatic":false,"keyPoints":[],"unlocked":false,"touchableObjects":[]}],"stackSize":5,"resolved":false},{"challengeScenes":[{"miniGameCards":[],"viewedAnimatic":false,"keyPoints":[],"unlocked":false,"touchableObjects":[]},{"miniGameCards":[],"viewedAnimatic":false,"keyPoints":[],"unlocked":false,"touchableObjects":[]},{"miniGameCards":[],"viewedAnimatic":false,"keyPoints":[],"unlocked":false,"touchableObjects":[]},{"miniGameCards":[],"viewedAnimatic":false,"keyPoints":[],"unlocked":false,"touchableObjects":[]},{"miniGameCards":[],"viewedAnimatic":false,"keyPoints":[],"unlocked":false,"touchableObjects":[]}],"stackSize":5,"resolved":false},{"challengeScenes":[{"miniGameCards":[],"viewedAnimatic":false,"keyPoints":[],"unlocked":false,"touchableObjects":[]},{"miniGameCards":[],"viewedAnimatic":false,"keyPoints":[],"unlocked":false,"touchableObjects":[]},{"miniGameCards":[],"viewedAnimatic":false,"keyPoints":[],"unlocked":false,"touchableObjects":[]},{"miniGameCards":[],"viewedAnimatic":false,"keyPoints":[],"unlocked":false,"touchableObjects":[]},{"miniGameCards":[],"viewedAnimatic":false,"keyPoints":[],"unlocked":false,"touchableObjects":[]}],"stackSize":5,"resolved":false},{"challengeScenes":[{"miniGameCards":[],"viewedAnimatic":true,"keyPoints":[],"unlocked":true,"touchableObjects":[]},{"miniGameCards":[],"viewedAnimatic":true,"keyPoints":[],"unlocked":true,"touchableObjects":["s_drawer_F_G12a1N"]},{"miniGameCards":[],"viewedAnimatic":false,"keyPoints":[],"unlocked":false,"touchableObjects":[]},{"miniGameCards":[],"viewedAnimatic":true,"keyPoints":[],"unlocked":true,"touchableObjects":[]},{"miniGameCards":[],"viewedAnimatic":false,"keyPoints":[],"unlocked":false,"touchableObjects":[]}],"stackSize":5,"resolved":false},{"challengeScenes":[{"miniGameCards":[],"viewedAnimatic":false,"keyPoints":[],"unlocked":false,"touchableObjects":[]},{"miniGameCards":[],"viewedAnimatic":false,"keyPoints":[],"unlocked":false,"touchableObjects":[]},{"miniGameCards":[],"viewedAnimatic":false,"keyPoints":[],"unlocked":false,"touchableObjects":[]},{"miniGameCards":[],"viewedAnimatic":false,"keyPoints":[],"unlocked":false,"touchableObjects":[]},{"miniGameCards":[],"viewedAnimatic":false,"keyPoints":[],"unlocked":false,"touchableObjects":[]}],"stackSize":5,"resolved":false},{"challengeScenes":[{"miniGameCards":[],"viewedAnimatic":false,"keyPoints":[],"unlocked":true,"touchableObjects":["c_player_lati_F_a_G0a0","c_family_lati_a_G0a0","c_friends_G0a0"]},{"miniGameCards":[],"viewedAnimatic":false,"keyPoints":["c_home_G0a1N","c_job_G0a1N","c_family_lati_a_G0a1N"],"unlocked":true,"touchableObjects":["c_home_G0a1N","c_job_G0a1N","c_family_lati_a_G0a1N","c_player_lati_F_a_G0a1N"]},{"miniGameCards":[],"viewedAnimatic":false,"keyPoints":["c_Nurse_G0a1P","c_dad_lati_a_G0a1P","c_kidsister_lati_a_G0a1P","c_grandma_lati_a_G0a1P","c_Teacher_G0a1P","c_mom_lati_a_G0a1P"],"unlocked":true,"touchableObjects":["c_friends_G0a1P","c_cousins_F_a_G0a1P","c_Nurse_G0a1P","c_dad_lati_a_G0a1P","c_kidsister_lati_a_G0a1P","c_grandma_lati_a_G0a1P","c_Teacher_G0a1P","c_mom_lati_a_G0a1P"]}],"stackSize":3,"resolved":true}],"sessionId":10,"epilogue":{"rating":4},"playerId":6506002,"session":[{"sceneId":"1P","stackId":12},{"sceneId":"1P","stackId":0},{"sceneId":"1P","stackId":1},{"sceneId":"1N","stackId":1},{"sceneId":"2P","stackId":1},{"sceneId":"1P","stackId":4},{"sceneId":"1N","stackId":4},{"sceneId":"2P","stackId":4}],"minigames":[{"levelSaveData":[{"starRating":3,"unlocked":true},{"starRating":3,"unlocked":true},{"starRating":3,"unlocked":true},{"starRating":0,"unlocked":false},{"starRating":0,"unlocked":false},{"starRating":0,"unlocked":false},{"starRating":1,"unlocked":true},{"starRating":0,"unlocked":false},{"starRating":2,"unlocked":true},{"starRating":3,"unlocked":true}],"skillPoints":15},{"levelSaveData":[{"starRating":3,"unlocked":true},{"starRating":3,"unlocked":true},{"starRating":0,"unlocked":true},{"starRating":0,"unlocked":false},{"starRating":3,"unlocked":true},{"starRating":0,"unlocked":false},{"starRating":0,"unlocked":false},{"starRating":0,"unlocked":false},{"starRating":3,"unlocked":true},{"starRating":3,"unlocked":true}],"skillPoints":15},{"levelSaveData":[{"starRating":3,"unlocked":true},{"starRating":3,"unlocked":true},{"starRating":1,"unlocked":true},{"starRating":0,"unlocked":true},{"starRating":0,"unlocked":false},{"starRating":0,"unlocked":false},{"starRating":0,"unlocked":false},{"starRating":0,"unlocked":false},{"starRating":2,"unlocked":true},{"starRating":0,"unlocked":false}],"skillPoints":9},{"levelSaveData":[{"starRating":3,"unlocked":true},{"starRating":3,"unlocked":true},{"starRating":0,"unlocked":false},{"starRating":0,"unlocked":false},{"starRating":3,"unlocked":true},{"starRating":0,"unlocked":true},{"starRating":0,"unlocked":true},{"starRating":0,"unlocked":false},{"starRating":0,"unlocked":false},{"starRating":0,"unlocked":false}],"skillPoints":9},{"age":11,"name":"valentina","gender":1,"levelSaveData":[{"starRating":3,"unlocked":true},{"starRating":3,"chunks":[["1"],["0$$very nice ","14$$happy"],["13$$working","3$$vacation","5$$love dogs"],["0"]],"unlocked":true},{"starRating":3,"chunks":[["0"],["10$$love zumba","11$$electronics"],["0$$own car","4$$cooking"]],"unlocked":true},{"starRating":3,"chunks":[["3"],["4"],["2"],["0"],["3","4"],["1"]],"unlocked":true},{"starRating":0,"chunks":[[null],[null],[null,null],[null],[null],[null]],"unlocked":false},{"starRating":0,"chunks":[[null],[null,null,null,null],[null],[null]],"unlocked":false},{"starRating":3,"chunks":[["2"],["3"],["5$$sister,brother","5$$sister,brother"],["0","2"],["6$$alone"]],"unlocked":true},{"starRating":3,"chunks":[["7","0","4"],["7","6","0"],["1"],["2$$running"],["4$$fast foods"]],"unlocked":true},{"starRating":0,"chunks":[[null,null,null],[null,null,null],[null,null]],"unlocked":false},{"starRating":0,"chunks":[[null],[null],[null],[null],[null],[null]],"unlocked":false}],"visualAvatar":0,"id":2,"skillPoints":18}],"avatar":{"age":11,"name":"valentina","gender":1,"levelSaveData":[{"starRating":3,"unlocked":true},{"starRating":3,"chunks":[["1"],["0$$very nice ","14$$happy"],["13$$working","3$$vacation","5$$love dogs"],["0"]],"unlocked":true},{"starRating":3,"chunks":[["0"],["10$$love zumba","11$$electronics"],["0$$own car","4$$cooking"]],"unlocked":true},{"starRating":3,"chunks":[["3"],["4"],["2"],["0"],["3","4"],["1"]],"unlocked":true},{"starRating":0,"chunks":[[null],[null],[null,null],[null],[null],[null]],"unlocked":false},{"starRating":0,"chunks":[[null],[null,null,null,null],[null],[null]],"unlocked":false},{"starRating":3,"chunks":[["2"],["3"],["5$$sister,brother","5$$sister,brother"],["0","2"],["6$$alone"]],"unlocked":true},{"starRating":3,"chunks":[["7","0","4"],["7","6","0"],["1"],["2$$running"],["4$$fast foods"]],"unlocked":true},{"starRating":0,"chunks":[[null,null,null],[null,null,null],[null,null]],"unlocked":false},{"starRating":0,"chunks":[[null],[null],[null],[null],[null],[null]],"unlocked":false}],"visualAvatar":0,"id":2,"skillPoints":18}}
