6429002,0,1:6:27,3/27/2013 4:02:01pm
6429002,100,1:6:41,0
6429002,102,1:6:46,0
6429002,200,1:6:46,0,1,3,3,0,6
6429002,212,1:7:4,1
6429002,221,1:7:5,0
6429002,220,1:7:8,0
6429002,212,1:7:9,0
6429002,210,1:7:9,1337,454
6429002,207,1:7:10,0,-400,-460
6429002,207,1:7:10,0,-460,-518
6429002,211,1:7:10,1539,512
6429002,210,1:7:11,1432,534
6429002,211,1:7:12,1540,414
6429002,210,1:7:13,1540,601
6429002,211,1:7:20,1230,143
6429002,213,1:7:20,0,s_clock_G7a1P,true
6429002,210,1:7:23,1318,249
6429002,207,1:7:35,0,-518,-473
6429002,207,1:7:37,0,-473,-83
6429002,207,1:7:39,0,-83,0
6429002,207,1:7:53,0,0,-195
6429002,211,1:7:55,956,437
6429002,213,1:7:55,0,c_bestFriend_F_a_G7a1P,true
6429002,1003,1:7:59,0
6429002,1004,1:8:0,0
6429002,400,1:8:3,0,[]
6429002,401,1:8:6,0,[StatementsData_logId:0]
6429002,403,1:8:12,0,[StatementsData_logId:0,true]
6429002,405,1:8:13,0,[StatementsData_logId:0]
6429002,406,1:8:14,0,[StatementsData_logId:0,2]
6429002,407,1:8:14,0,[StatementsData_logId:0,FactCardData_id:0]
6429002,407,1:8:14,0,[StatementsData_logId:0,FactCardData_id:4]
6429002,407,1:8:14,0,[StatementsData_logId:0,FactCardData_id:7]
6429002,407,1:8:14,0,[StatementsData_logId:0,FactCardData_id:3]
6429002,407,1:8:14,0,[StatementsData_logId:0,FactCardData_id:6]
6429002,407,1:8:14,0,[StatementsData_logId:0,FactCardData_id:5]
6429002,407,1:8:26,0,[StatementsData_logId:0,FactCardData_id:6]
6429002,407,1:8:26,0,[StatementsData_logId:0,FactCardData_id:6]
6429002,408,1:8:30,0,[StatementsData_logId:0,FactCardData_id:6,true]
6429002,409,1:8:30,0,[StatementsData_logId:0]
6429002,410,1:8:31,0,[StatementsData_logId:0,2]
6429002,412,1:8:33,0,[StatementsData_logId:0]
6429002,413,1:8:37,0,[StatementsData_logId:0,DuelResponsesData_logId:0]
6429002,414,1:8:41,0,[StatementsData_logId:0,DuelResponsesData_logId:0]
6429002,415,1:8:49,0,[StatementsData_logId:0,DuelResponsesData_logId:0,DuelResponsesData_ok_player_response]
6429002,416,1:8:50,0,[StatementsData_logId:0,DuelResponsesData_logId:0]
6429002,417,1:8:50,0,[StatementsData_logId:0,DuelResponsesData_logId:0]
6429002,413,1:8:52,0,[StatementsData_logId:0,DuelResponsesData_logId:1]
6429002,414,1:8:53,0,[StatementsData_logId:0,DuelResponsesData_logId:1]
6429002,415,1:9:11,0,[StatementsData_logId:0,DuelResponsesData_logId:1,DuelResponsesData_ok_player_response]
6429002,416,1:9:13,0,[StatementsData_logId:0,DuelResponsesData_logId:1]
6429002,417,1:9:14,0,[StatementsData_logId:0,DuelResponsesData_logId:1]
6429002,413,1:9:18,0,[StatementsData_logId:0,DuelResponsesData_logId:2]
6429002,414,1:9:19,0,[StatementsData_logId:0,DuelResponsesData_logId:2]
6429002,415,1:9:25,0,[StatementsData_logId:0,DuelResponsesData_logId:2,DuelResponsesData_witty_player_response]
6429002,416,1:9:26,0,[StatementsData_logId:0,DuelResponsesData_logId:2]
6429002,417,1:9:27,0,[StatementsData_logId:0,DuelResponsesData_logId:2]
6429002,418,1:9:27,0,[StatementsData_logId:0,true]
6429002,419,1:9:28,0,[StatementsData_logId:0,4]
6429002,411,1:9:33,0,[StatementsData_logId:0]
6429002,401,1:9:36,0,[StatementsData_logId:1]
6429002,402,1:9:40,0,[StatementsData_logId:1,true]
6429002,405,1:9:41,0,[StatementsData_logId:1]
6429002,406,1:9:43,0,[StatementsData_logId:1,2]
6429002,411,1:9:44,0,[StatementsData_logId:1]
6429002,401,1:9:47,0,[StatementsData_logId:2]
6429002,403,1:9:54,0,[StatementsData_logId:2,false]
6429002,405,1:9:55,0,[StatementsData_logId:2]
6429002,406,1:9:57,0,[StatementsData_logId:2,-2]
6429002,411,1:9:59,0,[StatementsData_logId:2]
6429002,401,1:10:8,0,[StatementsData_logId:3]
6429002,403,1:10:10,0,[StatementsData_logId:3,true]
6429002,405,1:10:12,0,[StatementsData_logId:3]
6429002,406,1:10:13,0,[StatementsData_logId:3,2]
6429002,407,1:10:13,0,[StatementsData_logId:3,FactCardData_id:7]
6429002,407,1:10:13,0,[StatementsData_logId:3,FactCardData_id:4]
6429002,407,1:10:13,0,[StatementsData_logId:3,FactCardData_id:0]
6429002,407,1:10:13,0,[StatementsData_logId:3,FactCardData_id:6]
6429002,407,1:10:13,0,[StatementsData_logId:3,FactCardData_id:5]
6429002,407,1:10:13,0,[StatementsData_logId:3,FactCardData_id:3]
6429002,407,1:10:25,0,[StatementsData_logId:3,FactCardData_id:4]
6429002,407,1:10:25,0,[StatementsData_logId:3,FactCardData_id:4]
6429002,407,1:10:35,0,[StatementsData_logId:3,FactCardData_id:6]
6429002,407,1:10:35,0,[StatementsData_logId:3,FactCardData_id:4]
6429002,407,1:10:35,0,[StatementsData_logId:3,FactCardData_id:6]
6429002,407,1:10:37,0,[StatementsData_logId:3,FactCardData_id:3]
6429002,407,1:10:37,0,[StatementsData_logId:3,FactCardData_id:6]
6429002,407,1:10:37,0,[StatementsData_logId:3,FactCardData_id:3]
6429002,407,1:10:44,0,[StatementsData_logId:3,FactCardData_id:5]
6429002,407,1:10:44,0,[StatementsData_logId:3,FactCardData_id:3]
6429002,407,1:10:44,0,[StatementsData_logId:3,FactCardData_id:5]
6429002,407,1:10:46,0,[StatementsData_logId:3,FactCardData_id:0]
6429002,407,1:10:46,0,[StatementsData_logId:3,FactCardData_id:5]
6429002,407,1:10:46,0,[StatementsData_logId:3,FactCardData_id:0]
6429002,408,1:10:54,0,[StatementsData_logId:3,FactCardData_id:0,true]
6429002,409,1:10:54,0,[StatementsData_logId:3]
6429002,410,1:10:55,0,[StatementsData_logId:3,2]
6429002,412,1:10:56,0,[StatementsData_logId:3]
6429002,413,1:10:57,0,[StatementsData_logId:3,DuelResponsesData_logId:6]
6429002,414,1:10:58,0,[StatementsData_logId:3,DuelResponsesData_logId:6]
6429002,415,1:15:6,0,[StatementsData_logId:3,DuelResponsesData_logId:6,DuelResponsesData_ok_player_response]
6429002,416,1:15:8,0,[StatementsData_logId:3,DuelResponsesData_logId:6]
6429002,417,1:15:9,0,[StatementsData_logId:3,DuelResponsesData_logId:6]
6429002,413,1:15:17,0,[StatementsData_logId:3,DuelResponsesData_logId:7]
6429002,414,1:15:18,0,[StatementsData_logId:3,DuelResponsesData_logId:7]
6429002,415,1:19:37,0,[StatementsData_logId:3,DuelResponsesData_logId:7,DuelResponsesData_ok_player_response]
6429002,416,1:19:37,0,[StatementsData_logId:3,DuelResponsesData_logId:7]
6429002,417,1:19:39,0,[StatementsData_logId:3,DuelResponsesData_logId:7]
6429002,413,1:19:42,0,[StatementsData_logId:3,DuelResponsesData_logId:8]
6429002,414,1:19:44,0,[StatementsData_logId:3,DuelResponsesData_logId:8]
6429002,415,1:19:47,0,[StatementsData_logId:3,DuelResponsesData_logId:8,DuelResponsesData_ok_player_response]
6429002,416,1:19:48,0,[StatementsData_logId:3,DuelResponsesData_logId:8]
6429002,417,1:19:49,0,[StatementsData_logId:3,DuelResponsesData_logId:8]
6429002,418,1:19:49,0,[StatementsData_logId:3,true]
6429002,419,1:19:52,0,[StatementsData_logId:3,4]
6429002,411,1:19:54,0,[StatementsData_logId:3]
6429002,401,1:19:56,0,[StatementsData_logId:4]
6429002,402,1:19:59,0,[StatementsData_logId:4,true]
6429002,405,1:20:1,0,[StatementsData_logId:4]
6429002,406,1:20:2,0,[StatementsData_logId:4,2]
6429002,411,1:20:5,0,[StatementsData_logId:4]
6429002,401,1:20:6,0,[StatementsData_logId:5]
6429002,404,1:20:12,0,[StatementsData_logId:5,true]
6429002,406,1:20:12,0,[StatementsData_logId:5,2]
6429002,412,1:20:14,0,[StatementsData_logId:5]
6429002,413,1:20:15,0,[StatementsData_logId:5,DuelResponsesData_logId:9]
6429002,414,1:20:17,0,[StatementsData_logId:5,DuelResponsesData_logId:9]
6429002,415,1:20:22,0,[StatementsData_logId:5,DuelResponsesData_logId:9,DuelResponsesData_witty_player_response]
6429002,416,1:20:23,0,[StatementsData_logId:5,DuelResponsesData_logId:9]
6429002,417,1:20:24,0,[StatementsData_logId:5,DuelResponsesData_logId:9]
6429002,413,1:20:24,0,[StatementsData_logId:5,DuelResponsesData_logId:10]
6429002,414,1:20:26,0,[StatementsData_logId:5,DuelResponsesData_logId:10]
6429002,415,1:20:43,0,[StatementsData_logId:5,DuelResponsesData_logId:10,DuelResponsesData_witty_player_response]
6429002,416,1:20:43,0,[StatementsData_logId:5,DuelResponsesData_logId:10]
6429002,417,1:20:44,0,[StatementsData_logId:5,DuelResponsesData_logId:10]
6429002,413,1:20:46,0,[StatementsData_logId:5,DuelResponsesData_logId:11]
6429002,414,1:20:47,0,[StatementsData_logId:5,DuelResponsesData_logId:11]
6429002,415,1:21:49,0,[StatementsData_logId:5,DuelResponsesData_logId:11,DuelResponsesData_witty_player_response]
6429002,416,1:21:50,0,[StatementsData_logId:5,DuelResponsesData_logId:11]
6429002,417,1:21:52,0,[StatementsData_logId:5,DuelResponsesData_logId:11]
6429002,418,1:21:52,0,[StatementsData_logId:5,true]
6429002,419,1:21:53,0,[StatementsData_logId:5,4]
6429002,411,1:21:54,0,[StatementsData_logId:5]
6429002,420,1:21:54,0,[56]
6429002,1005,1:21:54,0,[0,1,2]
6429002,1000,1:21:59,0,[]
6429002,400,1:22:0,0,[]
6429002,401,1:22:1,0,[StatementsData_logId:0]
6429002,403,1:22:5,0,[StatementsData_logId:0,true]
6429002,405,1:22:6,0,[StatementsData_logId:0]
6429002,406,1:22:7,0,[StatementsData_logId:0,2]
6429002,407,1:22:7,0,[StatementsData_logId:0,FactCardData_id:7]
6429002,407,1:22:7,0,[StatementsData_logId:0,FactCardData_id:6]
6429002,407,1:22:7,0,[StatementsData_logId:0,FactCardData_id:4]
6429002,407,1:22:7,0,[StatementsData_logId:0,FactCardData_id:0]
6429002,407,1:22:7,0,[StatementsData_logId:0,FactCardData_id:3]
6429002,407,1:22:7,0,[StatementsData_logId:0,FactCardData_id:5]
6429002,407,1:22:12,0,[StatementsData_logId:0,FactCardData_id:6]
6429002,407,1:22:12,0,[StatementsData_logId:0,FactCardData_id:6]
6429002,408,1:22:14,0,[StatementsData_logId:0,FactCardData_id:6,true]
6429002,409,1:22:14,0,[StatementsData_logId:0]
6429002,410,1:22:15,0,[StatementsData_logId:0,2]
6429002,412,1:22:17,0,[StatementsData_logId:0]
6429002,413,1:22:17,0,[StatementsData_logId:0,DuelResponsesData_logId:0]
6429002,414,1:22:18,0,[StatementsData_logId:0,DuelResponsesData_logId:0]
6429002,415,1:22:29,0,[StatementsData_logId:0,DuelResponsesData_logId:0,DuelResponsesData_ok_player_response]
6429002,416,1:22:30,0,[StatementsData_logId:0,DuelResponsesData_logId:0]
6429002,417,1:22:30,0,[StatementsData_logId:0,DuelResponsesData_logId:0]
6429002,413,1:22:32,0,[StatementsData_logId:0,DuelResponsesData_logId:1]
6429002,414,1:22:34,0,[StatementsData_logId:0,DuelResponsesData_logId:1]
6429002,415,1:22:44,0,[StatementsData_logId:0,DuelResponsesData_logId:1,DuelResponsesData_ok_player_response]
6429002,416,1:22:45,0,[StatementsData_logId:0,DuelResponsesData_logId:1]
6429002,417,1:22:46,0,[StatementsData_logId:0,DuelResponsesData_logId:1]
6429002,413,1:22:46,0,[StatementsData_logId:0,DuelResponsesData_logId:2]
6429002,414,1:22:50,0,[StatementsData_logId:0,DuelResponsesData_logId:2]
6429002,415,1:23:29,0,[StatementsData_logId:0,DuelResponsesData_logId:2,DuelResponsesData_witty_player_response]
6429002,416,1:23:30,0,[StatementsData_logId:0,DuelResponsesData_logId:2]
6429002,417,1:23:31,0,[StatementsData_logId:0,DuelResponsesData_logId:2]
6429002,418,1:23:31,0,[StatementsData_logId:0,true]
6429002,419,1:23:34,0,[StatementsData_logId:0,4]
6429002,411,1:23:36,0,[StatementsData_logId:0]
6429002,401,1:23:37,0,[StatementsData_logId:1]
6429002,402,1:23:44,0,[StatementsData_logId:1,true]
6429002,405,1:23:44,0,[StatementsData_logId:1]
6429002,406,1:23:46,0,[StatementsData_logId:1,2]
6429002,411,1:23:50,0,[StatementsData_logId:1]
6429002,401,1:23:55,0,[StatementsData_logId:2]
6429002,404,1:23:56,0,[StatementsData_logId:2,true]
6429002,406,1:23:56,0,[StatementsData_logId:2,2]
6429002,412,1:23:57,0,[StatementsData_logId:2]
6429002,413,1:23:59,0,[StatementsData_logId:2,DuelResponsesData_logId:3]
6429002,414,1:24:0,0,[StatementsData_logId:2,DuelResponsesData_logId:3]
6429002,415,1:24:14,0,[StatementsData_logId:2,DuelResponsesData_logId:3,DuelResponsesData_ok_player_response]
6429002,416,1:24:15,0,[StatementsData_logId:2,DuelResponsesData_logId:3]
6429002,417,1:24:15,0,[StatementsData_logId:2,DuelResponsesData_logId:3]
6429002,413,1:24:17,0,[StatementsData_logId:2,DuelResponsesData_logId:4]
6429002,414,1:24:19,0,[StatementsData_logId:2,DuelResponsesData_logId:4]
6429002,415,1:24:36,0,[StatementsData_logId:2,DuelResponsesData_logId:4,DuelResponsesData_witty_player_response]
6429002,416,1:24:36,0,[StatementsData_logId:2,DuelResponsesData_logId:4]
6429002,417,1:24:37,0,[StatementsData_logId:2,DuelResponsesData_logId:4]
6429002,413,1:24:38,0,[StatementsData_logId:2,DuelResponsesData_logId:5]
6429002,414,1:24:39,0,[StatementsData_logId:2,DuelResponsesData_logId:5]
6429002,415,1:24:49,0,[StatementsData_logId:2,DuelResponsesData_logId:5,DuelResponsesData_witty_player_response]
6429002,416,1:24:50,0,[StatementsData_logId:2,DuelResponsesData_logId:5]
6429002,417,1:24:51,0,[StatementsData_logId:2,DuelResponsesData_logId:5]
6429002,418,1:24:51,0,[StatementsData_logId:2,true]
6429002,419,1:24:52,0,[StatementsData_logId:2,4]
6429002,411,1:24:53,0,[StatementsData_logId:2]
6429002,401,1:24:54,0,[StatementsData_logId:3]
6429002,403,1:24:58,0,[StatementsData_logId:3,true]
6429002,405,1:24:59,0,[StatementsData_logId:3]
6429002,406,1:25:0,0,[StatementsData_logId:3,2]
6429002,407,1:25:0,0,[StatementsData_logId:3,FactCardData_id:0]
6429002,407,1:25:0,0,[StatementsData_logId:3,FactCardData_id:3]
6429002,407,1:25:0,0,[StatementsData_logId:3,FactCardData_id:7]
6429002,407,1:25:0,0,[StatementsData_logId:3,FactCardData_id:6]
6429002,407,1:25:0,0,[StatementsData_logId:3,FactCardData_id:5]
6429002,407,1:25:0,0,[StatementsData_logId:3,FactCardData_id:4]
6429002,407,1:25:8,0,[StatementsData_logId:3,FactCardData_id:3]
6429002,407,1:25:8,0,[StatementsData_logId:3,FactCardData_id:3]
6429002,407,1:25:10,0,[StatementsData_logId:3,FactCardData_id:6]
6429002,407,1:25:10,0,[StatementsData_logId:3,FactCardData_id:3]
6429002,407,1:25:10,0,[StatementsData_logId:3,FactCardData_id:6]
6429002,407,1:25:12,0,[StatementsData_logId:3,FactCardData_id:4]
6429002,407,1:25:12,0,[StatementsData_logId:3,FactCardData_id:6]
6429002,407,1:25:12,0,[StatementsData_logId:3,FactCardData_id:4]
6429002,407,1:25:13,0,[StatementsData_logId:3,FactCardData_id:5]
6429002,407,1:25:13,0,[StatementsData_logId:3,FactCardData_id:4]
6429002,407,1:25:13,0,[StatementsData_logId:3,FactCardData_id:5]
6429002,407,1:25:14,0,[StatementsData_logId:3,FactCardData_id:7]
6429002,407,1:25:14,0,[StatementsData_logId:3,FactCardData_id:5]
6429002,407,1:25:14,0,[StatementsData_logId:3,FactCardData_id:7]
6429002,407,1:25:15,0,[StatementsData_logId:3,FactCardData_id:0]
6429002,407,1:25:15,0,[StatementsData_logId:3,FactCardData_id:7]
6429002,407,1:25:15,0,[StatementsData_logId:3,FactCardData_id:0]
6429002,408,1:25:16,0,[StatementsData_logId:3,FactCardData_id:0,true]
6429002,409,1:25:16,0,[StatementsData_logId:3]
6429002,410,1:25:17,0,[StatementsData_logId:3,2]
6429002,412,1:25:18,0,[StatementsData_logId:3]
6429002,413,1:25:19,0,[StatementsData_logId:3,DuelResponsesData_logId:6]
6429002,414,1:25:20,0,[StatementsData_logId:3,DuelResponsesData_logId:6]
6429002,415,1:25:38,0,[StatementsData_logId:3,DuelResponsesData_logId:6,DuelResponsesData_ok_player_response]
6429002,416,1:25:39,0,[StatementsData_logId:3,DuelResponsesData_logId:6]
6429002,417,1:25:39,0,[StatementsData_logId:3,DuelResponsesData_logId:6]
6429002,413,1:25:42,0,[StatementsData_logId:3,DuelResponsesData_logId:7]
6429002,414,1:25:43,0,[StatementsData_logId:3,DuelResponsesData_logId:7]
6429002,415,1:25:50,0,[StatementsData_logId:3,DuelResponsesData_logId:7,DuelResponsesData_ok_player_response]
6429002,416,1:25:50,0,[StatementsData_logId:3,DuelResponsesData_logId:7]
6429002,417,1:25:52,0,[StatementsData_logId:3,DuelResponsesData_logId:7]
6429002,413,1:25:53,0,[StatementsData_logId:3,DuelResponsesData_logId:8]
6429002,414,1:25:53,0,[StatementsData_logId:3,DuelResponsesData_logId:8]
6429002,415,1:26:0,0,[StatementsData_logId:3,DuelResponsesData_logId:8,DuelResponsesData_ok_player_response]
6429002,416,1:26:1,0,[StatementsData_logId:3,DuelResponsesData_logId:8]
6429002,417,1:26:1,0,[StatementsData_logId:3,DuelResponsesData_logId:8]
6429002,418,1:26:1,0,[StatementsData_logId:3,true]
6429002,419,1:26:2,0,[StatementsData_logId:3,4]
6429002,411,1:26:3,0,[StatementsData_logId:3]
6429002,401,1:26:5,0,[StatementsData_logId:4]
6429002,402,1:26:9,0,[StatementsData_logId:4,true]
6429002,405,1:26:10,0,[StatementsData_logId:4]
6429002,406,1:26:13,0,[StatementsData_logId:4,2]
6429002,411,1:26:14,0,[StatementsData_logId:4]
6429002,401,1:26:16,0,[StatementsData_logId:5]
6429002,404,1:26:20,0,[StatementsData_logId:5,true]
6429002,406,1:26:21,0,[StatementsData_logId:5,2]
6429002,412,1:26:23,0,[StatementsData_logId:5]
6429002,413,1:26:25,0,[StatementsData_logId:5,DuelResponsesData_logId:9]
6429002,414,1:26:26,0,[StatementsData_logId:5,DuelResponsesData_logId:9]
6429002,415,1:26:33,0,[StatementsData_logId:5,DuelResponsesData_logId:9,DuelResponsesData_witty_player_response]
6429002,416,1:26:34,0,[StatementsData_logId:5,DuelResponsesData_logId:9]
6429002,417,1:26:35,0,[StatementsData_logId:5,DuelResponsesData_logId:9]
6429002,413,1:26:37,0,[StatementsData_logId:5,DuelResponsesData_logId:10]
6429002,414,1:26:38,0,[StatementsData_logId:5,DuelResponsesData_logId:10]
6429002,415,1:26:49,0,[StatementsData_logId:5,DuelResponsesData_logId:10,DuelResponsesData_witty_player_response]
6429002,416,1:26:49,0,[StatementsData_logId:5,DuelResponsesData_logId:10]
6429002,417,1:26:50,0,[StatementsData_logId:5,DuelResponsesData_logId:10]
6429002,413,1:26:51,0,[StatementsData_logId:5,DuelResponsesData_logId:11]
6429002,414,1:26:52,0,[StatementsData_logId:5,DuelResponsesData_logId:11]
6429002,415,1:27:0,0,[StatementsData_logId:5,DuelResponsesData_logId:11,DuelResponsesData_witty_player_response]
6429002,416,1:27:0,0,[StatementsData_logId:5,DuelResponsesData_logId:11]
6429002,417,1:27:1,0,[StatementsData_logId:5,DuelResponsesData_logId:11]
6429002,418,1:27:1,0,[StatementsData_logId:5,true]
6429002,419,1:27:2,0,[StatementsData_logId:5,4]
6429002,411,1:27:4,0,[StatementsData_logId:5]
6429002,420,1:27:4,0,[64]
6429002,1005,1:27:4,0,[0,2,3]
6429002,1001,1:27:7,0,[]
6429002,1003,1:27:7,0
6429002,210,1:27:12,937,420
6429002,211,1:27:12,977,444
6429002,213,1:27:12,0,c_bestFriend_F_a_G7a1P,true
6429002,205,1:27:13,0,c_bestFriend_F_a_G7a1P,false,false
6429002,212,1:27:18,1
6429002,210,1:27:19,1195,442
6429002,211,1:27:24,757,499
6429002,213,1:27:24,0,c_teacherEng_G7a1P,true
6429002,205,1:27:24,0,c_teacherEng_G7a1P,false,true
6429002,221,1:27:30,0
6429002,220,1:27:33,0
6429002,210,1:27:33,859,505
6429002,211,1:27:36,767,331
6429002,213,1:27:36,0,c_teacherEng_G7a1P,true
6429002,205,1:27:36,0,c_teacherEng_G7a1P,false,true
6429002,210,1:27:40,783,406
6429002,207,1:27:43,0,-400,-518
6429002,207,1:27:49,0,-518,-248
6429002,207,1:27:50,0,-248,-158
6429002,207,1:27:54,0,-158,0
6429002,207,1:28:50,0,0,-345
6429002,211,1:28:53,1425,610
6429002,207,1:28:53,0,-345,-420
6429002,210,1:28:54,1502,412
6429002,207,1:28:54,0,-420,-518
6429002,211,1:28:57,1503,328
6429002,213,1:28:57,0,s_paperEnglish_gen,true
6429002,205,1:28:57,0,s_paperEnglish_gen,false,false
6429002,221,1:29:5,0
6429002,220,1:29:7,0
6429002,203,1:29:7,0
6429002,100,1:29:11,1
6429002,102,1:29:29,1
6429002,200,1:29:29,1,3,3,3,0,6
6429002,219,1:29:29,1
6429002,216,1:29:30,Stack_G7b0
6429002,217,1:29:37,Stack_G7b0,6.5,15
6429002,218,1:29:40,1
6429002,212,1:29:44,2
6429002,210,1:29:44,1435,473
6429002,207,1:29:47,1,-500,-845
6429002,211,1:29:49,1925,608
6429002,207,1:29:49,1,-845,-920
6429002,210,1:29:50,1974,287
6429002,207,1:29:50,1,-920,-1031
6429002,207,1:29:54,1,-1031,-761
6429002,207,1:29:56,1,-761,-386
6429002,207,1:29:58,1,-386,-41
6429002,207,1:30:1,1,-41,0
6429002,211,1:30:1,5,479
6429002,210,1:30:2,103,391
6429002,207,1:30:6,1,0,-240
6429002,211,1:30:7,972,497
6429002,213,1:30:7,1,c_crewKid1_F_G7b0,false
6429002,1003,1:30:11,2
6429002,1004,1:30:14,1
6429002,900,1:30:17,1,[]
6429002,901,1:30:20,1,[PeopleData_id:4]
6429002,902,1:30:22,1,[PeopleData_id:4,PeopleData_data3Type]
6429002,902,1:30:25,1,[PeopleData_id:4,PeopleData_data2Type]
6429002,902,1:30:28,1,[PeopleData_id:4,PeopleData_data1Type]
6429002,902,1:30:32,1,[PeopleData_id:4,PeopleData_data0Type]
6429002,902,1:30:35,1,[PeopleData_id:4,PeopleData_data0Type]
6429002,903,1:30:37,1,[PeopleData_id4,PeopleData_data0Type]
6429002,901,1:30:38,1,[PeopleData_id:4]
6429002,904,1:30:38,1,[PeopleData_id:4]
6429002,905,1:30:40,1,[PeopleData_id:4,RankTypes_id:-1,RankTypes_id:4]
6429002,901,1:30:42,1,[PeopleData_id:6]
6429002,902,1:30:43,1,[PeopleData_id:6,PeopleData_data3Type]
6429002,902,1:30:46,1,[PeopleData_id:6,PeopleData_data2Type]
6429002,902,1:30:49,1,[PeopleData_id:6,PeopleData_data1Type]
6429002,902,1:30:51,1,[PeopleData_id:6,PeopleData_data0Type]
6429002,902,1:30:55,1,[PeopleData_id:6,PeopleData_data0Type]
6429002,903,1:30:56,1,[PeopleData_id6,PeopleData_data0Type]
6429002,901,1:30:57,1,[PeopleData_id:6]
6429002,904,1:30:57,1,[PeopleData_id:6]
6429002,905,1:31:1,1,[PeopleData_id:6,RankTypes_id:-1,RankTypes_id:1]
6429002,901,1:31:2,1,[PeopleData_id:6]
6429002,904,1:31:2,1,[PeopleData_id:6]
6429002,905,1:31:3,1,[PeopleData_id:6,RankTypes_id:1,RankTypes_id:0]
6429002,901,1:31:3,1,[PeopleData_id:2]
6429002,902,1:31:4,1,[PeopleData_id:2,PeopleData_data3Type]
6429002,902,1:31:9,1,[PeopleData_id:2,PeopleData_data2Type]
6429002,902,1:31:13,1,[PeopleData_id:2,PeopleData_data2Type]
6429002,902,1:31:14,1,[PeopleData_id:2,PeopleData_data1Type]
6429002,902,1:31:17,1,[PeopleData_id:2,PeopleData_data0Type]
6429002,903,1:31:20,1,[PeopleData_id2,PeopleData_data0Type]
6429002,901,1:31:21,1,[PeopleData_id:2]
6429002,904,1:31:21,1,[PeopleData_id:2]
6429002,905,1:31:22,1,[PeopleData_id:2,RankTypes_id:-1,RankTypes_id:0]
6429002,901,1:31:23,1,[PeopleData_id:0]
6429002,902,1:31:30,1,[PeopleData_id:0,PeopleData_data2Type]
6429002,902,1:31:35,1,[PeopleData_id:0,PeopleData_data1Type]
6429002,902,1:31:36,1,[PeopleData_id:0,PeopleData_data0Type]
6429002,903,1:31:41,1,[PeopleData_id0,PeopleData_data0Type]
6429002,901,1:31:41,1,[PeopleData_id:0]
6429002,904,1:31:42,1,[PeopleData_id:0]
6429002,905,1:31:42,1,[PeopleData_id:0,RankTypes_id:-1,RankTypes_id:0]
6429002,901,1:31:44,1,[PeopleData_id:5]
6429002,902,1:31:45,1,[PeopleData_id:5,PeopleData_data2Type]
6429002,902,1:31:48,1,[PeopleData_id:5,PeopleData_data1Type]
6429002,902,1:31:50,1,[PeopleData_id:5,PeopleData_data0Type]
6429002,903,1:31:55,1,[PeopleData_id5,PeopleData_data0Type]
6429002,901,1:31:55,1,[PeopleData_id:5]
6429002,904,1:31:55,1,[PeopleData_id:5]
6429002,905,1:31:56,1,[PeopleData_id:5,RankTypes_id:-1,RankTypes_id:3]
6429002,901,1:31:57,1,[PeopleData_id:1]
6429002,902,1:31:58,1,[PeopleData_id:1,PeopleData_data3Type]
6429002,902,1:32:1,1,[PeopleData_id:1,PeopleData_data2Type]
6429002,902,1:32:3,1,[PeopleData_id:1,PeopleData_data2Type]
6429002,902,1:32:4,1,[PeopleData_id:1,PeopleData_data1Type]
6429002,902,1:32:6,1,[PeopleData_id:1,PeopleData_data0Type]
6429002,903,1:32:9,1,[PeopleData_id1,PeopleData_data0Type]
6429002,901,1:32:10,1,[PeopleData_id:1]
6429002,904,1:32:10,1,[PeopleData_id:1]
6429002,905,1:32:10,1,[PeopleData_id:1,RankTypes_id:-1,RankTypes_id:2]
6429002,901,1:32:11,1,[PeopleData_id:3]
6429002,902,1:32:12,1,[PeopleData_id:3,PeopleData_data3Type]
6429002,902,1:32:17,1,[PeopleData_id:3,PeopleData_data2Type]
6429002,902,1:32:19,1,[PeopleData_id:3,PeopleData_data1Type]
6429002,902,1:32:20,1,[PeopleData_id:3,PeopleData_data0Type]
6429002,903,1:32:21,1,[PeopleData_id3,PeopleData_data0Type]
6429002,901,1:32:23,1,[PeopleData_id:3]
6429002,904,1:32:23,1,[PeopleData_id:3]
6429002,905,1:32:24,1,[PeopleData_id:3,RankTypes_id:-1,RankTypes_id:0]
6429002,906,1:32:24,1,[]
6429002,907,1:32:30,1,[]
6429002,908,1:32:30,1,[InvitationData_id:3,PeopleData_id:4,RankTypes_id:4]
6429002,909,1:32:41,1,[InvitationData_id:3,PeopleData_id:4,RankTypes_id:4,1]
6429002,910,1:32:43,1,[InvitationData_id:3,9,false]
6429002,908,1:32:43,1,[InvitationData_id:1,PeopleData_id:4,RankTypes_id:4]
6429002,909,1:32:47,1,[InvitationData_id:1,PeopleData_id:4,RankTypes_id:4,1]
6429002,910,1:32:47,1,[InvitationData_id:1,9,false]
6429002,908,1:32:47,1,[InvitationData_id:0,PeopleData_id:4,RankTypes_id:4]
6429002,909,1:32:49,1,[InvitationData_id:0,PeopleData_id:4,RankTypes_id:4,1]
6429002,910,1:32:51,1,[InvitationData_id:0,9,false]
6429002,908,1:32:51,1,[InvitationData_id:2,PeopleData_id:4,RankTypes_id:4]
6429002,909,1:32:53,1,[InvitationData_id:2,PeopleData_id:4,RankTypes_id:4,0]
6429002,910,1:32:55,1,[InvitationData_id:2,-11,false]
6429002,908,1:32:55,1,[InvitationData_id:6,PeopleData_id:4,RankTypes_id:4]
6429002,909,1:32:59,1,[InvitationData_id:6,PeopleData_id:4,RankTypes_id:4,1]
6429002,910,1:33:1,1,[InvitationData_id:6,9,false]
6429002,908,1:33:1,1,[InvitationData_id:8,PeopleData_id:4,RankTypes_id:4]
6429002,909,1:33:5,1,[InvitationData_id:8,PeopleData_id:4,RankTypes_id:4,0]
6429002,910,1:33:6,1,[InvitationData_id:8,-11,false]
6429002,908,1:33:6,1,[InvitationData_id:9,PeopleData_id:4,RankTypes_id:4]
6429002,909,1:33:9,1,[InvitationData_id:9,PeopleData_id:4,RankTypes_id:4,1]
6429002,910,1:33:10,1,[InvitationData_id:9,0,true]
6429002,908,1:33:10,1,[InvitationData_id:10,PeopleData_id:4,RankTypes_id:4]
6429002,909,1:33:13,1,[InvitationData_id:10,PeopleData_id:4,RankTypes_id:4,1]
6429002,910,1:33:13,1,[InvitationData_id:10,9,false]
6429002,911,1:33:17,1,[23,1,1,1]
6429002,1005,1:33:17,1,[2,0,2]
6429002,1000,1:33:21,1,[]
6429002,900,1:33:23,1,[]
6429002,901,1:33:25,1,[PeopleData_id:6]
6429002,904,1:33:25,1,[PeopleData_id:6]
6429002,902,1:33:26,1,[PeopleData_id:6,PeopleData_data3Type]
6429002,902,1:33:28,1,[PeopleData_id:6,PeopleData_data2Type]
6429002,902,1:33:30,1,[PeopleData_id:6,PeopleData_data1Type]
6429002,902,1:33:32,1,[PeopleData_id:6,PeopleData_data0Type]
6429002,903,1:33:34,1,[PeopleData_id6,PeopleData_data0Type]
6429002,901,1:33:35,1,[PeopleData_id:6]
6429002,904,1:33:35,1,[PeopleData_id:6]
6429002,905,1:33:36,1,[PeopleData_id:6,RankTypes_id:-1,RankTypes_id:1]
6429002,901,1:33:38,1,[PeopleData_id:2]
6429002,904,1:33:38,1,[PeopleData_id:2]
6429002,902,1:33:39,1,[PeopleData_id:2,PeopleData_data3Type]
6429002,903,1:33:42,1,[PeopleData_id2,PeopleData_data3Type]
6429002,901,1:33:43,1,[PeopleData_id:2]
6429002,904,1:33:43,1,[PeopleData_id:2]
6429002,905,1:33:44,1,[PeopleData_id:2,RankTypes_id:-1,RankTypes_id:0]
6429002,901,1:33:44,1,[PeopleData_id:4]
6429002,902,1:33:45,1,[PeopleData_id:4,PeopleData_data3Type]
6429002,902,1:33:47,1,[PeopleData_id:4,PeopleData_data2Type]
6429002,902,1:33:49,1,[PeopleData_id:4,PeopleData_data1Type]
6429002,902,1:33:50,1,[PeopleData_id:4,PeopleData_data0Type]
6429002,903,1:33:51,1,[PeopleData_id4,PeopleData_data0Type]
6429002,901,1:33:51,1,[PeopleData_id:4]
6429002,904,1:33:52,1,[PeopleData_id:4]
6429002,905,1:33:52,1,[PeopleData_id:4,RankTypes_id:-1,RankTypes_id:1]
6429002,901,1:33:53,1,[PeopleData_id:3]
6429002,902,1:33:54,1,[PeopleData_id:3,PeopleData_data3Type]
6429002,903,1:33:56,1,[PeopleData_id3,PeopleData_data3Type]
6429002,901,1:33:57,1,[PeopleData_id:3]
6429002,904,1:33:57,1,[PeopleData_id:3]
6429002,905,1:33:58,1,[PeopleData_id:3,RankTypes_id:-1,RankTypes_id:0]
6429002,901,1:33:58,1,[PeopleData_id:1]
6429002,902,1:33:59,1,[PeopleData_id:1,PeopleData_data3Type]
6429002,902,1:34:0,1,[PeopleData_id:1,PeopleData_data2Type]
6429002,902,1:34:1,1,[PeopleData_id:1,PeopleData_data1Type]
6429002,902,1:34:2,1,[PeopleData_id:1,PeopleData_data0Type]
6429002,903,1:34:4,1,[PeopleData_id1,PeopleData_data0Type]
6429002,901,1:34:4,1,[PeopleData_id:1]
6429002,904,1:34:4,1,[PeopleData_id:1]
6429002,905,1:34:6,1,[PeopleData_id:1,RankTypes_id:-1,RankTypes_id:2]
6429002,901,1:34:7,1,[PeopleData_id:0]
6429002,902,1:34:7,1,[PeopleData_id:0,PeopleData_data2Type]
6429002,902,1:34:10,1,[PeopleData_id:0,PeopleData_data1Type]
6429002,902,1:34:11,1,[PeopleData_id:0,PeopleData_data0Type]
6429002,903,1:34:13,1,[PeopleData_id0,PeopleData_data0Type]
6429002,901,1:34:13,1,[PeopleData_id:5]
6429002,901,1:34:14,1,[PeopleData_id:5]
6429002,901,1:34:14,1,[PeopleData_id:0]
6429002,904,1:34:14,1,[PeopleData_id:0]
6429002,905,1:34:17,1,[PeopleData_id:0,RankTypes_id:-1,RankTypes_id:0]
6429002,901,1:34:17,1,[PeopleData_id:5]
6429002,902,1:34:18,1,[PeopleData_id:5,PeopleData_data2Type]
6429002,902,1:34:25,1,[PeopleData_id:5,PeopleData_data1Type]
6429002,902,1:34:27,1,[PeopleData_id:5,PeopleData_data0Type]
6429002,903,1:34:30,1,[PeopleData_id5,PeopleData_data0Type]
6429002,901,1:34:31,1,[PeopleData_id:5]
6429002,904,1:34:31,1,[PeopleData_id:5]
6429002,905,1:34:32,1,[PeopleData_id:5,RankTypes_id:-1,RankTypes_id:2]
6429002,906,1:34:32,1,[]
6429002,907,1:34:33,1,[]
6429002,908,1:34:33,1,[InvitationData_id:1,PeopleData_id:4,RankTypes_id:1]
6429002,909,1:34:40,1,[InvitationData_id:1,PeopleData_id:4,RankTypes_id:1,1]
6429002,910,1:34:41,1,[InvitationData_id:1,3,false]
6429002,908,1:34:41,1,[InvitationData_id:5,PeopleData_id:6,RankTypes_id:1]
6429002,909,1:34:47,1,[InvitationData_id:5,PeopleData_id:6,RankTypes_id:1,0]
6429002,910,1:34:55,1,[InvitationData_id:5,0,false]
6429002,908,1:34:55,1,[InvitationData_id:10,PeopleData_id:1,RankTypes_id:2]
6429002,909,1:34:58,1,[InvitationData_id:10,PeopleData_id:1,RankTypes_id:2,1]
6429002,910,1:34:59,1,[InvitationData_id:10,5,false]
6429002,908,1:34:59,1,[InvitationData_id:8,PeopleData_id:1,RankTypes_id:2]
6429002,909,1:35:7,1,[InvitationData_id:8,PeopleData_id:1,RankTypes_id:2,1]
6429002,910,1:35:8,1,[InvitationData_id:8,5,false]
6429002,908,1:35:8,1,[InvitationData_id:6,PeopleData_id:4,RankTypes_id:1]
6429002,909,1:35:16,1,[InvitationData_id:6,PeopleData_id:4,RankTypes_id:1,0]
6429002,910,1:35:18,1,[InvitationData_id:6,0,false]
6429002,908,1:35:18,1,[InvitationData_id:0,PeopleData_id:1,RankTypes_id:2]
6429002,909,1:35:20,1,[InvitationData_id:0,PeopleData_id:1,RankTypes_id:2,1]
6429002,910,1:35:21,1,[InvitationData_id:0,5,false]
6429002,908,1:35:21,1,[InvitationData_id:3,PeopleData_id:5,RankTypes_id:2]
6429002,909,1:35:24,1,[InvitationData_id:3,PeopleData_id:5,RankTypes_id:2,1]
6429002,910,1:35:25,1,[InvitationData_id:3,5,false]
6429002,908,1:35:25,1,[InvitationData_id:2,PeopleData_id:4,RankTypes_id:1]
6429002,909,1:35:27,1,[InvitationData_id:2,PeopleData_id:4,RankTypes_id:1,0]
6429002,910,1:35:28,1,[InvitationData_id:2,0,false]
6429002,908,1:35:28,1,[InvitationData_id:9,PeopleData_id:4,RankTypes_id:1]
6429002,909,1:35:30,1,[InvitationData_id:9,PeopleData_id:4,RankTypes_id:1,1]
6429002,910,1:35:31,1,[InvitationData_id:9,0,true]
6429002,911,1:35:32,1,[23,1,2,1]
6429002,1001,1:35:34,1,[]
6429002,1003,1:35:34,2
6429002,221,1:35:41,1
6429002,220,1:35:54,1
6429002,219,1:35:55,1
6429002,216,1:35:57,Stack_G7b1N
6429002,217,1:36:0,Stack_G7b1N,2.5,14
6429002,218,1:36:4,1
6429002,210,1:36:8,1139,420
6429002,207,1:36:9,1,-200,-260
6429002,207,1:36:12,1,-260,-50
6429002,207,1:36:14,1,-50,0
6429002,207,1:36:22,1,0,-225
6429002,207,1:36:23,1,-225,-465
6429002,207,1:36:26,1,-465,-1027
6429002,211,1:36:26,2049,380
6429002,210,1:36:26,2036,297
6429002,211,1:36:28,1895,170
6429002,213,1:36:28,1,c_crewKid1_F_G7b1N,true
6429002,205,1:36:28,1,c_crewKid1_F_G7b1N,false,false
6429002,210,1:36:34,1907,128
6429002,211,1:36:39,1387,470
6429002,212,1:36:40,0
6429002,210,1:36:41,1949,293
6429002,211,1:36:45,1789,421
6429002,213,1:36:45,1,s_brokenCarWindow_G7b1N,true
6429002,205,1:36:46,1,s_brokenCarWindow_G7b1N,false,false
6429002,210,1:36:49,1806,271
6429002,211,1:36:52,1304,189
6429002,213,1:36:52,1,s_graffiti_G7b1N,true
6429002,205,1:36:52,1,s_graffiti_G7b1N,false,false
6429002,210,1:36:56,1593,311
6429002,207,1:36:58,1,-1027,-697
6429002,207,1:36:59,1,-697,-562
6429002,207,1:37:1,1,-562,-367
6429002,207,1:37:3,1,-367,-82
6429002,207,1:37:5,1,-82,0
6429002,211,1:37:7,775,625
6429002,212,1:37:8,1
6429002,210,1:37:9,722,349
6429002,207,1:37:12,1,0,-255
6429002,211,1:37:16,936,551
6429002,212,1:37:16,0
6429002,210,1:37:17,960,376
6429002,211,1:37:19,885,490
6429002,212,1:37:19,2
6429002,210,1:37:20,907,407
6429002,211,1:37:20,936,479
6429002,212,1:37:21,1
6429002,210,1:37:21,888,403
6429002,211,1:37:23,1032,589
6429002,213,1:37:23,1,c_kidSister_afri_a_G7b1N,true
6429002,205,1:37:23,1,c_kidSister_afri_a_G7b1N,false,false
6429002,210,1:37:35,856,500
6429002,207,1:37:43,1,-255,-1027
6429002,211,1:37:43,2049,514
6429002,210,1:37:43,2048,578
6429002,210,1:37:48,1563,191
6429002,207,1:37:56,1,-1027,-802
6429002,207,1:38:0,1,-802,-472
6429002,207,1:38:2,1,-472,-307
6429002,207,1:38:3,1,-307,-247
6429002,207,1:38:4,1,-247,-37
6429002,207,1:38:5,1,-37,0
6429002,211,1:38:7,249,564
6429002,213,1:38:7,1,c_policeOfficer_G7b1N,true
6429002,210,1:38:20,552,389
6429002,211,1:38:21,638,456
6429002,221,1:39:15,1
6429002,220,1:39:30,1
6429002,212,1:39:32,2
6429002,210,1:39:32,1470,471
6429002,207,1:39:32,1,-500,-545
6429002,207,1:39:34,1,-545,-740
6429002,207,1:39:35,1,-740,-770
6429002,207,1:39:37,1,-770,-515
6429002,211,1:39:38,992,364
6429002,213,1:39:38,1,c_crewKid1_F_G7b0,true
6429002,205,1:39:38,1,c_crewKid1_F_G7b0,false,false
6429002,210,1:39:42,1012,480
6429002,207,1:39:44,1,-515,-365
6429002,207,1:39:46,1,-365,0
6429002,211,1:39:54,833,627
6429002,212,1:39:55,1
6429002,210,1:39:55,759,495
6429002,211,1:39:57,200,471
6429002,213,1:39:57,1,c_kidSister_afri_a_G7b0,true
6429002,205,1:39:57,1,c_kidSister_afri_a_G7b0,false,false
6429002,212,1:40:1,0
6429002,210,1:40:2,423,534
6429002,211,1:40:9,594,475
6429002,213,1:40:9,1,s_backpack_F_G7b0,true
6429002,205,1:40:9,1,s_backpack_F_G7b0,false,false
6429002,221,1:40:13,1
6429002,220,1:40:15,1
6429002,210,1:40:19,529,510
6429002,207,1:40:21,1,-200,-230
6429002,207,1:40:23,1,-230,-155
6429002,211,1:40:25,720,421
6429002,221,1:40:30,1
6429002,220,1:40:32,1
6429002,210,1:40:37,715,375
6429002,211,1:40:38,895,607
6429002,213,1:40:38,1,s_sprayPaintCan_G7b1N,true
6429002,205,1:40:38,1,s_sprayPaintCan_G7b1N,false,false
6429002,221,1:40:46,1
6429002,220,1:40:48,1
6429002,221,1:40:49,1
6429002,220,1:40:53,1
6429002,1003,1:40:53,3
6429002,1004,1:40:55,0
6429002,500,1:40:58,0,[]
6429002,501,1:41:6,0,[]
6429002,502,1:41:19,0,[IntentionData_logId:2,true]
6429002,503,1:41:20,0,[]
6429002,504,1:41:33,0,[InfluenceData_logId:3]
6429002,504,1:41:34,0,[InfluenceData_logId:3]
6429002,504,1:41:43,0,[InfluenceData_logId:6]
6429002,504,1:41:50,0,[InfluenceData_logId:7]
6429002,504,1:41:52,0,[InfluenceData_logId:3]
6429002,504,1:41:53,0,[InfluenceData_logId:3]
6429002,504,1:41:53,0,[InfluenceData_logId:3]
6429002,504,1:41:53,0,[InfluenceData_logId:3]
6429002,504,1:41:54,0,[InfluenceData_logId:6]
6429002,504,1:41:54,0,[InfluenceData_logId:6]
6429002,504,1:41:57,0,[InfluenceData_logId:6]
6429002,504,1:42:4,0,[InfluenceData_logId:2]
6429002,505,1:42:5,0,[InfluenceData_logId:2,true,InfluenceData_logId:3,true,InfluenceData_logId:6,true]
6429002,506,1:42:8,0,[]
6429002,507,1:42:46,0,[OpponentAttackData_logId:2,OpponentAttackTypeData_logId:0,false,30]
6429002,508,1:42:50,0,[]
6429002,509,1:43:0,0,[RefusalData_logId:6,2]
6429002,510,1:43:14,0,[AvailableRefusalData_logId:6,0A]
6429002,510,1:43:15,0,[AvailableRefusalData_logId:6,1A]
6429002,510,1:43:15,0,[AvailableRefusalData_logId:6,2A]
6429002,511,1:43:16,0,[AvailableRefusalData_logId:6,0A,1A,2A,true,50]
6429002,512,1:43:20,0,[]
6429002,513,1:43:20,0,[0]
6429002,514,1:43:22,0,[]
6429002,507,1:43:38,0,[OpponentAttackData_logId:3,OpponentAttackTypeData_logId:2,true,0]
6429002,508,1:43:40,0,[]
6429002,509,1:43:52,0,[RefusalData_logId:8,2]
6429002,510,1:44:4,0,[AvailableRefusalData_logId:8,0C]
6429002,510,1:44:4,0,[AvailableRefusalData_logId:8,1A]
6429002,510,1:44:7,0,[AvailableRefusalData_logId:8,2A]
6429002,510,1:44:8,0,[AvailableRefusalData_logId:8,1B]
6429002,510,1:44:8,0,[AvailableRefusalData_logId:8,1C]
6429002,510,1:44:9,0,[AvailableRefusalData_logId:8,0B]
6429002,510,1:44:11,0,[AvailableRefusalData_logId:8,1A]
6429002,511,1:44:14,0,[AvailableRefusalData_logId:8,0B,1A,2A,false,0]
6429002,512,1:44:17,0,[]
6429002,513,1:44:17,0,[30]
6429002,514,1:44:21,0,[]
6429002,507,1:44:38,0,[OpponentAttackData_logId:0,OpponentAttackTypeData_logId:0,false,30]
6429002,508,1:44:40,0,[]
6429002,509,1:44:52,0,[RefusalData_logId:2,2]
6429002,510,1:44:57,0,[AvailableRefusalData_logId:2,0A]
6429002,510,1:44:57,0,[AvailableRefusalData_logId:2,1A]
6429002,510,1:45:0,0,[AvailableRefusalData_logId:2,2A]
6429002,511,1:45:0,0,[AvailableRefusalData_logId:2,0A,1A,2A,true,50]
6429002,512,1:45:3,0,[]
6429002,515,1:45:3,0,[60,0]
6429002,516,1:45:6,0,[]
6429002,517,1:45:14,0,[]
6429002,1005,1:45:14,0,[3,0,2]
6429002,1000,1:45:22,0,[]
6429002,500,1:45:24,0,[]
6429002,501,1:45:27,0,[]
6429002,502,1:45:32,0,[IntentionData_logId:2,true]
6429002,503,1:45:33,0,[]
6429002,504,1:45:37,0,[InfluenceData_logId:3]
6429002,504,1:45:38,0,[InfluenceData_logId:2]
6429002,504,1:45:40,0,[InfluenceData_logId:7]
6429002,504,1:45:41,0,[InfluenceData_logId:6]
6429002,505,1:45:44,0,[InfluenceData_logId:2,true,InfluenceData_logId:3,true,InfluenceData_logId:6,true]
6429002,506,1:45:47,0,[]
6429002,507,1:46:0,0,[OpponentAttackData_logId:0,OpponentAttackTypeData_logId:2,false,30]
6429002,508,1:46:2,0,[]
6429002,509,1:46:8,0,[RefusalData_logId:8,2]
6429002,510,1:46:14,0,[AvailableRefusalData_logId:8,0C]
6429002,510,1:46:15,0,[AvailableRefusalData_logId:8,1A]
6429002,510,1:46:15,0,[AvailableRefusalData_logId:8,2A]
6429002,511,1:46:18,0,[AvailableRefusalData_logId:8,0C,1A,2A,false,0]
6429002,512,1:46:26,0,[]
6429002,513,1:46:26,0,[30]
6429002,514,1:46:30,0,[]
6429002,507,1:46:38,0,[OpponentAttackData_logId:3,OpponentAttackTypeData_logId:4,false,30]
6429002,508,1:46:40,0,[]
6429002,509,1:46:44,0,[RefusalData_logId:7,0]
6429002,510,1:46:52,0,[AvailableRefusalData_logId:7,0A]
6429002,510,1:46:53,0,[AvailableRefusalData_logId:7,1A]
6429002,510,1:46:53,0,[AvailableRefusalData_logId:7,2A]
6429002,511,1:46:54,0,[AvailableRefusalData_logId:7,0A,1A,2A,true,20]
6429002,512,1:46:59,0,[]
6429002,513,1:46:59,0,[30]
6429002,514,1:47:2,0,[]
6429002,507,1:47:16,0,[OpponentAttackData_logId:2,OpponentAttackTypeData_logId:4,true,0]
6429002,508,1:47:18,0,[]
6429002,509,1:47:24,0,[RefusalData_logId:6,2]
6429002,510,1:47:34,0,[AvailableRefusalData_logId:6,0A]
6429002,510,1:47:35,0,[AvailableRefusalData_logId:6,1A]
6429002,510,1:47:36,0,[AvailableRefusalData_logId:6,2A]
6429002,511,1:47:36,0,[AvailableRefusalData_logId:6,0A,1A,2A,true,50]
6429002,512,1:47:39,0,[]
6429002,513,1:47:39,0,[0]
6429002,514,1:47:42,0,[]
6429002,507,1:47:54,0,[OpponentAttackData_logId:1,OpponentAttackTypeData_logId:3,true,0]
6429002,508,1:47:56,0,[]
6429002,509,1:48:2,0,[RefusalData_logId:4,1]
6429002,510,1:48:8,0,[AvailableRefusalData_logId:4,0A]
6429002,510,1:48:8,0,[AvailableRefusalData_logId:4,1A]
6429002,510,1:48:9,0,[AvailableRefusalData_logId:4,2A]
6429002,511,1:48:9,0,[AvailableRefusalData_logId:4,0A,1A,2A,true,30]
6429002,512,1:48:13,0,[]
6429002,515,1:48:13,0,[30,0]
6429002,516,1:48:15,0,[]
6429002,517,1:48:17,0,[]
6429002,1001,1:48:19,0,[]
6429002,1003,1:48:19,3
6429002,210,2:7:22,1082,450
6429002,207,2:7:25,1,-500,-335
6429002,207,2:7:27,1,-335,-125
6429002,207,2:7:30,1,-125,-425
6429002,207,2:7:32,1,-425,-590
6429002,207,2:7:33,1,-590,-875
6429002,211,2:7:40,1578,457
6429002,221,2:7:41,1
6429002,220,2:7:45,1
6429002,219,2:7:45,1
6429002,216,2:7:47,Stack_G7b1P
6429002,217,2:8:40,Stack_G7b1P,19,0.33
6429002,218,2:8:48,1
6429002,210,2:8:51,646,321
6429002,207,2:8:52,1,-200,0
6429002,211,2:8:53,269,442
6429002,213,2:8:53,1,c_cousinsBrothersFriend_a_G7b1P,true
6429002,205,2:8:53,1,c_cousinsBrothersFriend_a_G7b1P,false,false
6429002,210,2:8:58,355,478
6429002,211,2:9:2,1079,466
6429002,207,2:9:2,1,0,-75
6429002,210,2:9:2,1162,437
6429002,207,2:9:2,1,-75,-240
6429002,207,2:9:3,1,-240,-345
6429002,207,2:9:5,1,-345,-585
6429002,207,2:9:11,1,-585,-855
6429002,207,2:9:12,1,-855,-930
6429002,207,2:9:17,1,-930,-780
6429002,207,2:9:19,1,-780,-675
6429002,207,2:9:28,1,-675,-750
6429002,207,2:9:29,1,-750,-795
6429002,207,2:9:30,1,-795,-1031
6429002,211,2:9:30,2048,234
6429002,213,2:9:30,1,s_poolDay_ruleSign_G7b1P,true
6429002,205,2:9:30,1,s_poolDay_ruleSign_G7b1P,false,false
6429002,210,2:9:35,1790,334
6429002,211,2:9:39,1415,538
6429002,212,2:9:41,1
6429002,210,2:9:42,1849,429
6429002,211,2:9:43,2053,345
6429002,210,2:9:43,1962,257
6429002,211,2:9:45,1368,236
6429002,213,2:9:45,1,c_cousinsBrother_a_G7b1P,true
6429002,205,2:9:45,1,c_cousinsBrother_a_G7b1P,false,false
6429002,210,2:9:53,1500,425
6429002,211,2:9:55,1190,365
6429002,213,2:9:55,1,c_cousin_F_a_G7b1P,true
6429002,205,2:9:55,1,c_cousin_F_a_G7b1P,false,false
6429002,219,2:10:5,1
6429002,216,2:10:5,Stack_G7b2N
6429002,217,2:10:17,Stack_G7b2N,7.8,0.00
6429002,218,2:10:20,1
6429002,210,2:10:22,485,554
6429002,207,2:10:25,1,-106,0
6429002,207,2:10:30,1,0,-106
6429002,211,2:10:31,936,407
6429002,213,2:10:31,1,c_crush1_F_a_G7b2N,true
6429002,205,2:10:31,1,c_crush1_F_a_G7b2N,false,false
6429002,210,2:10:35,875,381
6429002,211,2:10:38,1128,295
6429002,210,2:10:38,1081,344
6429002,211,2:10:39,1101,386
6429002,212,2:10:39,0
6429002,210,2:10:40,1030,466
6429002,211,2:10:42,851,288
6429002,213,2:10:42,1,s_kid1_G7b2N,true
6429002,205,2:10:43,1,s_kid1_G7b2N,false,false
6429002,210,2:10:48,826,310
6429002,211,2:10:51,558,414
6429002,213,2:10:51,1,c_cousin_F_a_G7b2N,true
6429002,205,2:10:51,1,c_cousin_F_a_G7b2N,false,false
6429002,212,2:10:54,2
6429002,210,2:10:55,518,476
6429002,207,2:10:58,1,-106,0
6429002,207,2:11:6,1,0,-106
6429002,211,2:11:7,1109,360
6429002,212,2:11:9,1
6429002,210,2:11:9,863,500
6429002,211,2:11:10,955,432
6429002,213,2:11:10,1,c_crush1_F_a_G7b2N,true
6429002,205,2:11:10,1,c_crush1_F_a_G7b2N,false,true
6429002,210,2:11:14,959,450
6429002,207,2:11:19,1,-106,-31
6429002,207,2:11:19,1,-31,0
6429002,211,2:11:31,850,534
6429002,212,2:11:32,0
6429002,210,2:11:32,906,451
6429002,207,2:11:33,1,0,-105
6429002,207,2:11:33,1,-105,-106
6429002,211,2:11:39,989,292
6429002,210,2:11:40,939,169
6429002,211,2:11:41,1017,436
6429002,212,2:11:42,1
6429002,210,2:11:42,960,301
6429002,207,2:11:48,1,-106,-1
6429002,211,2:11:48,105,647
6429002,221,2:11:57,1
6429002,220,2:12:1,1
6429002,212,2:12:5,0
6429002,210,2:12:6,1091,498
6429002,211,2:12:9,835,320
6429002,213,2:12:9,1,s_kid1_G7b2N,true
6429002,205,2:12:9,1,s_kid1_G7b2N,false,true
6429002,210,2:12:13,653,510
6429002,211,2:12:15,542,406
6429002,213,2:12:15,1,c_cousin_F_a_G7b2N,true
6429002,205,2:12:15,1,c_cousin_F_a_G7b2N,false,true
6429002,210,2:12:19,481,452
6429002,211,2:12:21,211,391
6429002,213,2:12:21,1,c_kidSister_afri_a_G7b2N,true
6429002,205,2:12:21,1,c_kidSister_afri_a_G7b2N,false,false
6429002,221,2:12:32,1
6429002,300,2:12:37
6429002,220,2:12:37,1
6429002,301,2:12:40,1
6429002,302,2:12:46,1,1,0,3
6429002,302,2:12:46,1,1,0,1
6429002,302,2:12:49,1,1,0,3
6429002,302,2:12:51,1,1,0,1
6429002,303,2:12:53,1,1,0,1
6429002,304,2:13:3,1,1,0,-1,,1,Basketball
6429002,302,2:13:11,1,1,1,11
6429002,303,2:13:14,1,1,1,11
6429002,306,2:13:19,1,0,1
6429002,304,2:13:19,1,1,1,-1,,11,Socializing
6429002,302,2:13:25,1,0,0,0
6429002,304,2:13:26,1,0,0,-1,,0,
6429002,302,2:13:29,1,2,0,0
6429002,303,2:13:34,1,2,0,0
6429002,306,2:13:41,1,1,2
6429002,304,2:13:41,1,2,0,-1,,0,Working Hard
6429002,302,2:13:45,1,2,1,2
6429002,303,2:13:49,1,2,1,2
6429002,306,2:14:28,1,2,3
6429002,304,2:14:28,1,2,1,-1,,2,WNBA
6429002,221,2:14:44,1
6429002,220,2:14:45,1
6429002,219,2:14:45,1
6429002,216,2:14:47,Stack_G7b2P
6429002,217,2:15:3,Stack_G7b2P,12,0.00
6429002,218,2:15:5,1
6429002,210,2:15:6,534,495
6429002,207,2:15:7,1,-200,-65
6429002,207,2:15:8,1,-65,0
6429002,207,2:15:13,1,0,-270
6429002,211,2:15:14,1042,520
6429002,213,2:15:14,1,c_cousin_F_a_G7b2P,true
6429002,205,2:15:14,1,c_cousin_F_a_G7b2P,false,false
6429002,210,2:15:17,885,457
6429002,207,2:15:18,1,-270,-330
6429002,207,2:15:19,1,-330,-512
6429002,211,2:15:20,1333,572
6429002,213,2:15:20,1,s_computer_F_G7b2P,true
6429002,205,2:15:20,1,s_computer_F_G7b2P,false,false
6429002,210,2:15:23,1382,421
6429002,211,2:15:25,1533,534
6429002,210,2:15:25,1520,407
6429002,207,2:15:27,1,-512,-437
6429002,211,2:15:27,993,483
6429002,212,2:15:28,2
6429002,210,2:15:28,1262,500
6429002,211,2:15:31,531,504
6429002,213,2:15:31,1,c_kidSister_afri_a_G7b2P,true
6429002,205,2:15:31,1,c_kidSister_afri_a_G7b2P,false,false
6429002,210,2:15:35,697,389
6429002,207,2:15:35,1,-437,-362
6429002,207,2:15:36,1,-362,-287
6429002,207,2:15:36,1,-287,-242
6429002,207,2:15:38,1,-242,-92
6429002,207,2:15:38,1,-92,0
6429002,207,2:15:40,1,0,-75
6429002,207,2:15:41,1,-75,-255
6429002,211,2:15:42,1305,272
6429002,207,2:15:42,1,-255,-300
6429002,210,2:15:42,1356,210
6429002,207,2:15:42,1,-300,-390
6429002,207,2:15:43,1,-390,-480
6429002,207,2:15:43,1,-480,-512
6429002,211,2:15:47,1221,491
6429002,212,2:15:47,0
6429002,210,2:15:48,908,511
6429002,211,2:15:50,1258,584
6429002,212,2:15:50,2
6429002,210,2:15:51,1220,489
6429002,207,2:15:53,1,-512,-377
6429002,211,2:15:53,1330,480
6429002,207,2:15:53,1,-377,-377
6429002,212,2:15:53,1
6429002,207,2:15:54,1,-377,-392
6429002,210,2:15:54,1203,512
6429002,207,2:15:55,1,-392,-482
6429002,207,2:15:58,1,-482,-317
6429002,211,2:15:59,681,303
6429002,213,2:15:59,1,s_closet_F_G7b2P,true
6429002,210,2:16:2,704,475
6429002,207,2:16:5,1,-317,-122
6429002,207,2:16:5,1,-122,0
6429002,207,2:16:16,1,0,-255
6429002,207,2:16:18,1,-255,-450
6429002,207,2:16:19,1,-450,-512
6429002,211,2:16:20,1204,319
6429002,221,2:16:21,1
6429002,220,2:16:22,1
6429002,210,2:16:23,960,460
6429002,211,2:16:26,1535,419
6429002,210,2:16:27,1526,281
6429002,207,2:16:37,1,-512,0
6429002,207,2:16:50,1,0,-285
6429002,207,2:16:50,1,-285,-390
6429002,207,2:16:51,1,-390,-512
6429002,211,2:16:53,1274,264
6429002,219,2:16:53,1
6429002,218,2:16:58,1
6429002,210,2:16:59,1077,191
6429002,207,2:17:0,1,-512,-452
6429002,207,2:17:1,1,-452,-362
6429002,207,2:17:1,1,-362,-272
6429002,207,2:17:2,1,-272,-152
6429002,207,2:17:2,1,-152,-17
6429002,207,2:17:2,1,-17,0
6429002,211,2:17:16,575,438
6429002,204,2:18:11,1
6429002,103,2:18:13
6429002,105,2:18:14
6429002,703,2:18:16,[|| EpilogueItem ID: 0 unlocked: true ||,|| EpilogueItem ID: 1 unlocked: false ||,|| EpilogueItem ID: 2 unlocked: false ||,|| EpilogueItem ID: 3 unlocked: false ||,|| EpilogueItem ID: 4 unlocked: false ||,|| EpilogueItem ID: 5 unlocked: false ||,|| EpilogueItem ID: 6 unlocked: false ||,|| EpilogueItem ID: 7 unlocked: false ||,|| EpilogueItem ID: 8 unlocked: false ||,|| EpilogueItem ID: 9 unlocked: false ||,|| EpilogueItem ID: 10 unlocked: false ||,|| EpilogueItem ID: 11 unlocked: false ||,|| EpilogueItem ID: 12 unlocked: false ||,|| EpilogueItem ID: 13 unlocked: false ||,|| EpilogueItem ID: 14 unlocked: false ||,|| EpilogueItem ID: 15 unlocked: false ||,|| EpilogueItem ID: 16 unlocked: false ||,|| EpilogueItem ID: 17 unlocked: false ||,|| EpilogueItem ID: 18 unlocked: false ||,|| EpilogueItem ID: 19 unlocked: false ||,|| EpilogueItem ID: 20 unlocked: false ||,|| EpilogueItem ID: 21 unlocked: false ||,|| EpilogueItem ID: 22 unlocked: false ||,|| EpilogueItem ID: 23 unlocked: false ||,|| EpilogueItem ID: 24 unlocked: false ||],0.04
6429002,706,2:18:19,(x=2406, y=-100, w=1024, h=768),(x=2531, y=-100, w=1024, h=768)
6429002,708,2:18:19
6429002,1,2:18:19,3/27/2013 5:13:53pm,{"gameTime":8299101,"session":[{"stackId":12,"sceneId":"1P"},{"stackId":0,"sceneId":"1P"},{"stackId":1,"sceneId":"1P"},{"stackId":1,"sceneId":"1N"},{"stackId":1,"sceneId":"2P"}],"challengeStacks":[{"resolved":true,"challengeScenes":[{"keyPoints":["c_teacherEng_G7a0","c_bestFriend_F_a_G7a0","s_flag_gen"],"viewedAnimatic":true,"touchableObjects":["c_friend1_F_a_G7a0","s_otherStudent1_G7a0","c_crewKid1_F_G7a0","c_teacherEng_G7a0","c_bestFriend_F_a_G7a0","s_flag_gen"],"unlocked":true,"miniGameCards":[]},{"keyPoints":["c_bestFriend_F_a_G7a1N","c_teacherEng_G7a1N","s_paperPlayers_G7a1N"],"viewedAnimatic":true,"touchableObjects":["c_bestFriend_F_a_G7a1N","c_teacherEng_G7a1N","s_paperPlayers_G7a1N"],"unlocked":true,"miniGameCards":[]},{"keyPoints":["s_flag_gen","c_teacherEng_G7a1P","c_bestFriend_F_a_G7a1P","s_paperEnglish_gen"],"viewedAnimatic":true,"touchableObjects":["s_paperPlayers_G7a1P","s_flag_gen","c_teacherEng_G7a1P","s_clock_G7a1P","c_bestFriend_F_a_G7a1P","s_paperEnglish_gen"],"unlocked":true,"miniGameCards":[]}],"stackSize":3},{"resolved":false,"challengeScenes":[{"keyPoints":["c_crewKid1_F_G7b0","c_kidSister_afri_a_G7b0","s_backpack_F_G7b0"],"viewedAnimatic":true,"touchableObjects":["c_crewKid1_F_G7b0","c_kidSister_afri_a_G7b0","s_backpack_F_G7b0"],"unlocked":true,"miniGameCards":[]},{"keyPoints":["c_crewKid1_F_G7b1N","s_brokenCarWindow_G7b1N","s_graffiti_G7b1N","c_kidSister_afri_a_G7b1N","s_sprayPaintCan_G7b1N"],"viewedAnimatic":true,"touchableObjects":["c_crewKid1_F_G7b1N","s_brokenCarWindow_G7b1N","s_graffiti_G7b1N","c_kidSister_afri_a_G7b1N","c_policeOfficer_G7b1N","s_sprayPaintCan_G7b1N"],"unlocked":true,"miniGameCards":[]},{"keyPoints":["c_cousinsBrothersFriend_a_G7b1P","s_poolDay_ruleSign_G7b1P","c_cousinsBrother_a_G7b1P","c_cousin_F_a_G7b1P"],"viewedAnimatic":true,"touchableObjects":["c_cousinsBrothersFriend_a_G7b1P","s_poolDay_ruleSign_G7b1P","c_cousinsBrother_a_G7b1P","c_cousin_F_a_G7b1P"],"unlocked":true,"miniGameCards":[]},{"keyPoints":["c_crush1_F_a_G7b2N","s_kid1_G7b2N","c_cousin_F_a_G7b2N","c_kidSister_afri_a_G7b2N"],"viewedAnimatic":true,"touchableObjects":["c_crush1_F_a_G7b2N","s_kid1_G7b2N","c_cousin_F_a_G7b2N","c_kidSister_afri_a_G7b2N"],"unlocked":true,"miniGameCards":[]},{"keyPoints":["c_cousin_F_a_G7b2P","s_computer_F_G7b2P","c_kidSister_afri_a_G7b2P"],"viewedAnimatic":true,"touchableObjects":["c_cousin_F_a_G7b2P","s_computer_F_G7b2P","c_kidSister_afri_a_G7b2P","s_closet_F_G7b2P"],"unlocked":true,"miniGameCards":[]}],"stackSize":5},{"resolved":false,"challengeScenes":[{"keyPoints":[],"viewedAnimatic":false,"touchableObjects":[],"unlocked":false,"miniGameCards":[]},{"keyPoints":[],"viewedAnimatic":false,"touchableObjects":[],"unlocked":false,"miniGameCards":[]},{"keyPoints":[],"viewedAnimatic":false,"touchableObjects":[],"unlocked":false,"miniGameCards":[]},{"keyPoints":[],"viewedAnimatic":false,"touchableObjects":[],"unlocked":false,"miniGameCards":[]},{"keyPoints":[],"viewedAnimatic":false,"touchableObjects":[],"unlocked":false,"miniGameCards":[]},{"keyPoints":[],"viewedAnimatic":false,"touchableObjects":[],"unlocked":false,"miniGameCards":[]},{"keyPoints":[],"viewedAnimatic":false,"touchableObjects":[],"unlocked":false,"miniGameCards":[]}],"stackSize":7},{"resolved":false,"challengeScenes":[{"keyPoints":[],"viewedAnimatic":false,"touchableObjects":[],"unlocked":false,"miniGameCards":[]},{"keyPoints":[],"viewedAnimatic":false,"touchableObjects":[],"unlocked":false,"miniGameCards":[]},{"keyPoints":[],"viewedAnimatic":false,"touchableObjects":[],"unlocked":false,"miniGameCards":[]},{"keyPoints":[],"viewedAnimatic":false,"touchableObjects":[],"unlocked":false,"miniGameCards":[]},{"keyPoints":[],"viewedAnimatic":false,"touchableObjects":[],"unlocked":false,"miniGameCards":[]}],"stackSize":5},{"resolved":false,"challengeScenes":[{"keyPoints":[],"viewedAnimatic":false,"touchableObjects":[],"unlocked":false,"miniGameCards":[]},{"keyPoints":[],"viewedAnimatic":false,"touchableObjects":[],"unlocked":false,"miniGameCards":[]},{"keyPoints":[],"viewedAnimatic":false,"touchableObjects":[],"unlocked":false,"miniGameCards":[]},{"keyPoints":[],"viewedAnimatic":false,"touchableObjects":[],"unlocked":false,"miniGameCards":[]},{"keyPoints":[],"viewedAnimatic":false,"touchableObjects":[],"unlocked":false,"miniGameCards":[]}],"stackSize":5},{"resolved":false,"challengeScenes":[{"keyPoints":[],"viewedAnimatic":false,"touchableObjects":[],"unlocked":false,"miniGameCards":[]},{"keyPoints":[],"viewedAnimatic":false,"touchableObjects":[],"unlocked":false,"miniGameCards":[]},{"keyPoints":[],"viewedAnimatic":false,"touchableObjects":[],"unlocked":false,"miniGameCards":[]},{"keyPoints":[],"viewedAnimatic":false,"touchableObjects":[],"unlocked":false,"miniGameCards":[]},{"keyPoints":[],"viewedAnimatic":false,"touchableObjects":[],"unlocked":false,"miniGameCards":[]}],"stackSize":5},{"resolved":false,"challengeScenes":[{"keyPoints":[],"viewedAnimatic":false,"touchableObjects":[],"unlocked":false,"miniGameCards":[]},{"keyPoints":[],"viewedAnimatic":false,"touchableObjects":[],"unlocked":false,"miniGameCards":[]},{"keyPoints":[],"viewedAnimatic":false,"touchableObjects":[],"unlocked":false,"miniGameCards":[]},{"keyPoints":[],"viewedAnimatic":false,"touchableObjects":[],"unlocked":false,"miniGameCards":[]},{"keyPoints":[],"viewedAnimatic":false,"touchableObjects":[],"unlocked":false,"miniGameCards":[]}],"stackSize":5},{"resolved":false,"challengeScenes":[{"keyPoints":[],"viewedAnimatic":false,"touchableObjects":[],"unlocked":false,"miniGameCards":[]},{"keyPoints":[],"viewedAnimatic":false,"touchableObjects":[],"unlocked":false,"miniGameCards":[]},{"keyPoints":[],"viewedAnimatic":false,"touchableObjects":[],"unlocked":false,"miniGameCards":[]},{"keyPoints":[],"viewedAnimatic":false,"touchableObjects":[],"unlocked":false,"miniGameCards":[]},{"keyPoints":[],"viewedAnimatic":false,"touchableObjects":[],"unlocked":false,"miniGameCards":[]}],"stackSize":5},{"resolved":false,"challengeScenes":[{"keyPoints":[],"viewedAnimatic":false,"touchableObjects":[],"unlocked":false,"miniGameCards":[]},{"keyPoints":[],"viewedAnimatic":false,"touchableObjects":[],"unlocked":false,"miniGameCards":[]},{"keyPoints":[],"viewedAnimatic":false,"touchableObjects":[],"unlocked":false,"miniGameCards":[]},{"keyPoints":[],"viewedAnimatic":false,"touchableObjects":[],"unlocked":false,"miniGameCards":[]},{"keyPoints":[],"viewedAnimatic":false,"touchableObjects":[],"unlocked":false,"miniGameCards":[]}],"stackSize":5},{"resolved":false,"challengeScenes":[{"keyPoints":[],"viewedAnimatic":false,"touchableObjects":[],"unlocked":false,"miniGameCards":[]},{"keyPoints":[],"viewedAnimatic":false,"touchableObjects":[],"unlocked":false,"miniGameCards":[]},{"keyPoints":[],"viewedAnimatic":false,"touchableObjects":[],"unlocked":false,"miniGameCards":[]},{"keyPoints":[],"viewedAnimatic":false,"touchableObjects":[],"unlocked":false,"miniGameCards":[]},{"keyPoints":[],"viewedAnimatic":false,"touchableObjects":[],"unlocked":false,"miniGameCards":[]}],"stackSize":5},{"resolved":false,"challengeScenes":[{"keyPoints":[],"viewedAnimatic":false,"touchableObjects":[],"unlocked":false,"miniGameCards":[]},{"keyPoints":[],"viewedAnimatic":false,"touchableObjects":[],"unlocked":false,"miniGameCards":[]},{"keyPoints":[],"viewedAnimatic":false,"touchableObjects":[],"unlocked":false,"miniGameCards":[]},{"keyPoints":[],"viewedAnimatic":false,"touchableObjects":[],"unlocked":false,"miniGameCards":[]},{"keyPoints":[],"viewedAnimatic":false,"touchableObjects":[],"unlocked":false,"miniGameCards":[]}],"stackSize":5},{"resolved":false,"challengeScenes":[{"keyPoints":[],"viewedAnimatic":false,"touchableObjects":[],"unlocked":false,"miniGameCards":[]},{"keyPoints":[],"viewedAnimatic":false,"touchableObjects":[],"unlocked":false,"miniGameCards":[]},{"keyPoints":[],"viewedAnimatic":false,"touchableObjects":[],"unlocked":false,"miniGameCards":[]},{"keyPoints":[],"viewedAnimatic":false,"touchableObjects":[],"unlocked":false,"miniGameCards":[]},{"keyPoints":[],"viewedAnimatic":false,"touchableObjects":[],"unlocked":false,"miniGameCards":[]}],"stackSize":5},{"resolved":true,"challengeScenes":[{"keyPoints":[],"viewedAnimatic":false,"touchableObjects":["c_family_afri_a_G0a0","c_education_G0a0","c_friends_G0a0","c_player_afri_F_a_G0a0"],"unlocked":true,"miniGameCards":[]},{"keyPoints":["c_family_afri_a_G0a1N","c_home_G0a1N","c_job_G0a1N"],"viewedAnimatic":false,"touchableObjects":["c_family_afri_a_G0a1N","c_home_G0a1N","c_job_G0a1N"],"unlocked":true,"miniGameCards":[]},{"keyPoints":["c_kidsister_afri_a_G0a1P","c_grandma_afri_a_G0a1P","c_Teacher_G0a1P","c_dad_afri_a_G0a1P","c_Nurse_G0a1P","c_mom_afri_a_G0a1P"],"viewedAnimatic":false,"touchableObjects":["c_kidsister_afri_a_G0a1P","c_grandma_afri_a_G0a1P","c_Teacher_G0a1P","c_cousins_F_a_G0a1P","c_friends_G0a1P","c_dad_afri_a_G0a1P","c_Nurse_G0a1P","c_mom_afri_a_G0a1P"],"unlocked":true,"miniGameCards":[]}],"stackSize":3}],"minigames":[{"levelSaveData":[{"starRating":3,"unlocked":true},{"starRating":0,"unlocked":false},{"starRating":0,"unlocked":false},{"starRating":0,"unlocked":false},{"starRating":0,"unlocked":false},{"starRating":0,"unlocked":false},{"starRating":0,"unlocked":false},{"starRating":0,"unlocked":false},{"starRating":0,"unlocked":false},{"starRating":0,"unlocked":false}],"skillPoints":3},{"levelSaveData":[{"starRating":3,"unlocked":true},{"starRating":0,"unlocked":false},{"starRating":0,"unlocked":false},{"starRating":0,"unlocked":false},{"starRating":0,"unlocked":true},{"starRating":0,"unlocked":false},{"starRating":0,"unlocked":false},{"starRating":0,"unlocked":false},{"starRating":0,"unlocked":false},{"starRating":0,"unlocked":false}],"skillPoints":3},{"levelSaveData":[{"starRating":3,"unlocked":true},{"starRating":2,"unlocked":true},{"starRating":0,"unlocked":false},{"starRating":0,"unlocked":false},{"starRating":0,"unlocked":false},{"starRating":0,"unlocked":false},{"starRating":0,"unlocked":false},{"starRating":0,"unlocked":false},{"starRating":0,"unlocked":false},{"starRating":0,"unlocked":false}],"skillPoints":5},{"levelSaveData":[{"starRating":2,"unlocked":true},{"starRating":0,"unlocked":false},{"starRating":0,"unlocked":false},{"starRating":0,"unlocked":false},{"starRating":0,"unlocked":false},{"starRating":0,"unlocked":false},{"starRating":0,"unlocked":false},{"starRating":0,"unlocked":false},{"starRating":0,"unlocked":false},{"starRating":0,"unlocked":false}],"skillPoints":2},{"name":"nevaeh","gender":1,"visualAvatar":0,"age":14,"levelSaveData":[{"starRating":3,"unlocked":true},{"chunks":[["1"],["3$$ignorant","10$$truthful"],["6$$music","1$$helper","13$$education"],["3"]],"unlocked":true,"starRating":3},{"chunks":[["0"],["1$$Basketball","11$$Socializing"],["0$$Working Hard","2$$WNBA"]],"unlocked":true,"starRating":3},{"chunks":[[null],[null],[null],[null],[null,null],[null]],"unlocked":false,"starRating":0},{"chunks":[[null],[null],[null,null],[null],[null],[null]],"unlocked":false,"starRating":0},{"chunks":[[null],[null,null,null,null],[null],[null]],"unlocked":false,"starRating":0},{"chunks":[[null],[null],[null,null],[null,null],[null]],"unlocked":false,"starRating":0},{"chunks":[[null,null,null],[null,null,null],[null],[null],[null]],"unlocked":false,"starRating":0},{"chunks":[[null,null,null],[null,null,null],[null,null]],"unlocked":false,"starRating":0},{"chunks":[[null],[null],[null],[null],[null],[null]],"unlocked":false,"starRating":0}],"id":0,"skillPoints":9}],"playerId":6429002,"epilogue":{"rating":0},"sessionId":2,"avatar":{"name":"nevaeh","gender":1,"visualAvatar":0,"age":14,"levelSaveData":[{"starRating":3,"unlocked":true},{"chunks":[["1"],["3$$ignorant","10$$truthful"],["6$$music","1$$helper","13$$education"],["3"]],"unlocked":true,"starRating":3},{"chunks":[["0"],["1$$Basketball","11$$Socializing"],["0$$Working Hard","2$$WNBA"]],"unlocked":true,"starRating":3},{"chunks":[[null],[null],[null],[null],[null,null],[null]],"unlocked":false,"starRating":0},{"chunks":[[null],[null],[null,null],[null],[null],[null]],"unlocked":false,"starRating":0},{"chunks":[[null],[null,null,null,null],[null],[null]],"unlocked":false,"starRating":0},{"chunks":[[null],[null],[null,null],[null,null],[null]],"unlocked":false,"starRating":0},{"chunks":[[null,null,null],[null,null,null],[null],[null],[null]],"unlocked":false,"starRating":0},{"chunks":[[null,null,null],[null,null,null],[null,null]],"unlocked":false,"starRating":0},{"chunks":[[null],[null],[null],[null],[null],[null]],"unlocked":false,"starRating":0}],"id":0,"skillPoints":9}}
6429002,0,2:18:19,4/4/2013 4:55:03pm
6429002,100,2:19:1,1
6429002,102,2:19:3,1
6429002,200,2:19:3,1,3,3,5,2,9
6429002,212,2:19:11,1
6429002,210,2:19:12,1147,257
6429002,207,2:19:19,1,-500,-185
6429002,211,2:19:19,143,113
6429002,207,2:19:19,1,-185,-125
6429002,207,2:19:20,1,-125,-80
6429002,210,2:19:20,194,103
6429002,207,2:19:21,1,-80,0
6429002,211,2:19:22,142,104
6429002,210,2:19:26,718,211
6429002,211,2:19:28,83,190
6429002,207,2:19:28,1,-200,-65
6429002,210,2:19:30,183,323
6429002,211,2:19:32,1109,374
6429002,207,2:19:32,1,-65,-110
6429002,221,2:19:36,1
6429002,220,2:19:39,1
6429002,210,2:19:40,460,458
6429002,211,2:19:41,694,493
6429002,221,2:19:41,1
6429002,220,2:19:43,1
6429002,210,2:19:44,750,411
6429002,211,2:19:49,744,368
6429002,210,2:19:50,633,274
6429002,211,2:19:52,1237,466
6429002,207,2:19:52,1,-200,-230
6429002,210,2:19:53,1291,582
6429002,207,2:19:53,1,-230,-335
6429002,207,2:19:54,1,-335,-440
6429002,207,2:19:54,1,-440,-512
6429002,211,2:19:54,1522,329
6429002,210,2:19:55,1514,427
6429002,207,2:20:2,1,-512,-2
6429002,207,2:20:7,1,-2,0
6429002,211,2:20:10,2,596
6429002,210,2:20:12,443,118
6429002,207,2:20:16,1,0,-360
6429002,207,2:20:18,1,-360,-512
6429002,211,2:20:18,1534,138
6429002,210,2:20:18,1518,152
6429002,211,2:20:21,1320,154
6429002,221,2:20:22,1
6429002,220,2:20:23,1
6429002,210,2:20:24,1091,512
6429002,211,2:20:26,1188,431
6429002,210,2:20:27,1319,147
6429002,211,2:20:31,991,288
6429002,213,2:20:31,1,s_pictureDad_afri_F_gen,true
6429002,205,2:20:31,1,s_pictureDad_afri_F_gen,false,false
6429002,221,2:20:41,1
6429002,220,2:20:44,1
6429002,203,2:20:44,1
6429002,100,2:20:47,2
6429002,102,2:20:48,2
6429002,200,2:20:48,2,3,3,5,2,9
6429002,219,2:20:48,2
6429002,216,2:20:50,Stack_G8a0
6429002,217,2:21:4,Stack_G8a0,14,2.5
6429002,218,2:21:6,2
6429002,210,2:21:8,297,405
6429002,207,2:21:10,2,-200,-80
6429002,211,2:21:13,366,263
6429002,210,2:22:29,863,204
6429002,211,2:22:37,818,422
6429002,212,2:22:38,2
6429002,210,2:22:39,543,407
6429002,207,2:22:45,2,-80,-440
6429002,207,2:22:48,2,-440,-492
6429002,211,2:22:55,1188,487
6429002,212,2:22:55,0
6429002,210,2:22:56,917,561
6429002,211,2:23:0,916,374
6429002,213,2:23:0,2,c_cousin_F_a_G8a0,true
6429002,205,2:23:0,2,c_cousin_F_a_G8a0,false,false
6429002,210,2:23:8,1277,203
6429002,207,2:23:17,2,-492,-132
6429002,207,2:23:18,2,-132,-87
6429002,211,2:23:21,567,581
6429002,213,2:23:21,2,c_crush2_F_a_G8a0,true
6429002,205,2:23:21,2,c_crush2_F_a_G8a0,false,false
6429002,210,2:23:27,619,377
6429002,211,2:23:31,1050,545
6429002,207,2:23:31,2,-87,-102
6429002,212,2:23:31,1
6429002,210,2:23:32,926,529
6429002,211,2:23:38,393,177
6429002,213,2:23:38,2,s_clock_G8a0,false
6429002,1003,2:23:42,1
6429002,1004,2:23:48,4
6429002,800,2:23:50,4,[]
6429002,801,2:23:52,4,[]
6429002,814,2:23:59,4,[5]
6429002,815,2:23:59,4,5,OpportunityCardData_id:30
6429002,816,2:24:1,4,5,OpportunityCardData_id:30
6429002,803,2:24:3,4,[OpportunityCardData_id:30,OpportunityCardConsequencesData_logId:0]
6429002,803,2:24:3,4,[OpportunityCardData_id:30,OpportunityCardConsequencesData_logId:1]
6429002,803,2:24:3,4,[OpportunityCardData_id:30,OpportunityCardConsequencesData_logId:2]
6429002,805,2:24:8,4,[OpportunityCardData_id:30]
6429002,806,2:24:16,4,[OpportunityCardData_id:30,PriorityData_type:4]
6429002,807,2:24:18,4,[OpportunityCardData_id:30]
6429002,808,2:24:20,4,[OpportunityCardData_id:30]
6429002,809,2:24:26,4,[OpportunityCardData_id:30,PriorityData_type:0,false]
6429002,810,2:24:28,4,[OpportunityCardData_id:30,PriorityData_type:5,20,PriorityData_type:0,30]
6429002,814,2:24:33,4,[4]
6429002,815,2:24:33,4,4,OpportunityCardData_id:24
6429002,815,2:24:38,4,4,OpportunityCardData_id:25
6429002,815,2:24:39,4,4,OpportunityCardData_id:24
6429002,815,2:24:42,4,4,OpportunityCardData_id:25
6429002,816,2:24:43,4,4,OpportunityCardData_id:25
6429002,803,2:24:44,4,[OpportunityCardData_id:25,OpportunityCardConsequencesData_logId:0]
6429002,803,2:24:44,4,[OpportunityCardData_id:25,OpportunityCardConsequencesData_logId:1]
6429002,803,2:24:45,4,[OpportunityCardData_id:25,OpportunityCardConsequencesData_logId:2]
6429002,805,2:24:45,4,[OpportunityCardData_id:25]
6429002,806,2:24:47,4,[OpportunityCardData_id:25,PriorityData_type:5]
6429002,807,2:24:48,4,[OpportunityCardData_id:25]
6429002,808,2:24:50,4,[OpportunityCardData_id:25]
6429002,809,2:24:54,4,[OpportunityCardData_id:25,Safe,false]
6429002,810,2:24:57,4,[OpportunityCardData_id:25,PriorityData_type:4,15,Safe,Safe]
6429002,814,2:25:0,4,[5]
6429002,815,2:25:0,4,5,OpportunityCardData_id:31
6429002,816,2:25:3,4,5,OpportunityCardData_id:31
6429002,803,2:25:4,4,[OpportunityCardData_id:31,OpportunityCardConsequencesData_logId:0]
6429002,803,2:25:4,4,[OpportunityCardData_id:31,OpportunityCardConsequencesData_logId:1]
6429002,803,2:25:4,4,[OpportunityCardData_id:31,OpportunityCardConsequencesData_logId:2]
6429002,805,2:25:5,4,[OpportunityCardData_id:31]
6429002,806,2:25:6,4,[OpportunityCardData_id:31,PriorityData_type:4]
6429002,807,2:25:7,4,[OpportunityCardData_id:31]
6429002,808,2:25:8,4,[OpportunityCardData_id:31]
6429002,809,2:25:14,4,[OpportunityCardData_id:31,PriorityData_type:1,false]
6429002,810,2:25:15,4,[OpportunityCardData_id:31,PriorityData_type:5,15,PriorityData_type:1,10]
6429002,814,2:25:24,4,[3]
6429002,815,2:25:24,4,3,OpportunityCardData_id:18
6429002,816,2:25:25,4,3,OpportunityCardData_id:18
6429002,804,2:25:26,4,[OpportunityCardData_id:18]
6429002,814,2:25:27,4,[3]
6429002,815,2:25:27,4,3,OpportunityCardData_id:19
6429002,815,2:25:28,4,3,OpportunityCardData_id:20
6429002,815,2:25:29,4,3,OpportunityCardData_id:21
6429002,815,2:25:29,4,3,OpportunityCardData_id:22
6429002,815,2:25:30,4,3,OpportunityCardData_id:23
6429002,815,2:25:30,4,3,OpportunityCardData_id:19
6429002,815,2:25:30,4,3,OpportunityCardData_id:20
6429002,815,2:25:31,4,3,OpportunityCardData_id:19
6429002,815,2:25:31,4,3,OpportunityCardData_id:23
6429002,816,2:25:32,4,3,OpportunityCardData_id:23
6429002,803,2:25:33,4,[OpportunityCardData_id:23,OpportunityCardConsequencesData_logId:0]
6429002,803,2:25:33,4,[OpportunityCardData_id:23,OpportunityCardConsequencesData_logId:1]
6429002,803,2:25:34,4,[OpportunityCardData_id:23,OpportunityCardConsequencesData_logId:2]
6429002,805,2:25:34,4,[OpportunityCardData_id:23]
6429002,806,2:25:37,4,[OpportunityCardData_id:23,PriorityData_type:1]
6429002,807,2:25:38,4,[OpportunityCardData_id:23]
6429002,808,2:25:40,4,[OpportunityCardData_id:23]
6429002,809,2:25:45,4,[OpportunityCardData_id:23,PriorityData_type:4,false]
6429002,810,2:25:47,4,[OpportunityCardData_id:23,PriorityData_type:3,5,PriorityData_type:4,15]
6429002,814,2:25:54,4,[4]
6429002,815,2:25:54,4,4,OpportunityCardData_id:24
6429002,815,2:25:55,4,4,OpportunityCardData_id:26
6429002,817,2:25:56,4,4
6429002,814,2:25:58,4,[5]
6429002,815,2:25:58,4,5,OpportunityCardData_id:32
6429002,816,2:25:59,4,5,OpportunityCardData_id:32
6429002,803,2:26:1,4,[OpportunityCardData_id:32,OpportunityCardConsequencesData_logId:0]
6429002,803,2:26:2,4,[OpportunityCardData_id:32,OpportunityCardConsequencesData_logId:1]
6429002,803,2:26:2,4,[OpportunityCardData_id:32,OpportunityCardConsequencesData_logId:2]
6429002,805,2:26:3,4,[OpportunityCardData_id:32]
6429002,806,2:26:3,4,[OpportunityCardData_id:32,PriorityData_type:4]
6429002,807,2:26:4,4,[OpportunityCardData_id:32]
6429002,808,2:26:6,4,[OpportunityCardData_id:32]
6429002,809,2:26:18,4,[OpportunityCardData_id:32,PriorityData_type:3,false]
6429002,810,2:26:19,4,[OpportunityCardData_id:32,PriorityData_type:5,15,PriorityData_type:3,10]
6429002,814,2:26:24,4,[4]
6429002,815,2:26:24,4,4,OpportunityCardData_id:24
6429002,815,2:26:25,4,4,OpportunityCardData_id:26
6429002,816,2:26:27,4,4,OpportunityCardData_id:26
6429002,803,2:26:28,4,[OpportunityCardData_id:26,OpportunityCardConsequencesData_logId:0]
6429002,803,2:26:28,4,[OpportunityCardData_id:26,OpportunityCardConsequencesData_logId:1]
6429002,803,2:26:28,4,[OpportunityCardData_id:26,OpportunityCardConsequencesData_logId:2]
6429002,805,2:26:29,4,[OpportunityCardData_id:26]
6429002,806,2:26:34,4,[OpportunityCardData_id:26,PriorityData_type:3]
6429002,807,2:26:35,4,[OpportunityCardData_id:26]
6429002,808,2:26:38,4,[OpportunityCardData_id:26]
6429002,809,2:26:43,4,[OpportunityCardData_id:26,Safe,false]
6429002,810,2:26:45,4,[OpportunityCardData_id:26,PriorityData_type:4,15,Safe,Safe]
6429002,814,2:26:50,4,[4]
6429002,815,2:26:50,4,4,OpportunityCardData_id:24
6429002,815,2:26:51,4,4,OpportunityCardData_id:27
6429002,816,2:26:52,4,4,OpportunityCardData_id:27
6429002,803,2:26:53,4,[OpportunityCardData_id:27,OpportunityCardConsequencesData_logId:0]
6429002,803,2:26:53,4,[OpportunityCardData_id:27,OpportunityCardConsequencesData_logId:1]
6429002,803,2:26:54,4,[OpportunityCardData_id:27,OpportunityCardConsequencesData_logId:2]
6429002,805,2:26:55,4,[OpportunityCardData_id:27]
6429002,806,2:26:57,4,[OpportunityCardData_id:27,PriorityData_type:3]
6429002,807,2:26:58,4,[OpportunityCardData_id:27]
6429002,808,2:27:1,4,[OpportunityCardData_id:27]
6429002,809,2:27:6,4,[OpportunityCardData_id:27,PriorityData_type:0,false]
6429002,810,2:27:8,4,[OpportunityCardData_id:27,PriorityData_type:4,15,PriorityData_type:0,20]
6429002,812,2:27:11,4,[OpportunityCardData_id:27,PriorityData_type:0]
6429002,813,2:27:14,4,[]
6429002,1001,2:27:18,4,[]
6429002,1003,2:27:18,1
6429002,1004,2:27:26,0
6429002,800,2:27:28,0,[]
6429002,801,2:27:33,0,[]
6429002,814,2:27:37,0,[1]
6429002,815,2:27:37,0,1,OpportunityCardData_id:7
6429002,816,2:27:40,0,1,OpportunityCardData_id:7
6429002,803,2:27:41,0,[OpportunityCardData_id:7,OpportunityCardConsequencesData_logId:0]
6429002,803,2:27:41,0,[OpportunityCardData_id:7,OpportunityCardConsequencesData_logId:1]
6429002,803,2:27:41,0,[OpportunityCardData_id:7,OpportunityCardConsequencesData_logId:2]
6429002,805,2:27:42,0,[OpportunityCardData_id:7]
6429002,806,2:27:42,0,[OpportunityCardData_id:7,PriorityData_type:3]
6429002,807,2:27:43,0,[OpportunityCardData_id:7]
6429002,808,2:27:45,0,[OpportunityCardData_id:7]
6429002,809,2:27:51,0,[OpportunityCardData_id:7,PriorityData_type:4,false]
6429002,810,2:27:56,0,[OpportunityCardData_id:7,PriorityData_type:1,20,PriorityData_type:4,15]
6429002,814,2:28:5,0,[2]
6429002,815,2:28:5,0,2,OpportunityCardData_id:13
6429002,816,2:28:7,0,2,OpportunityCardData_id:13
6429002,803,2:28:8,0,[OpportunityCardData_id:13,OpportunityCardConsequencesData_logId:0]
6429002,803,2:28:8,0,[OpportunityCardData_id:13,OpportunityCardConsequencesData_logId:1]
6429002,803,2:28:8,0,[OpportunityCardData_id:13,OpportunityCardConsequencesData_logId:2]
6429002,805,2:28:9,0,[OpportunityCardData_id:13]
6429002,806,2:28:11,0,[OpportunityCardData_id:13,PriorityData_type:4]
6429002,807,2:28:14,0,[OpportunityCardData_id:13]
6429002,808,2:28:16,0,[OpportunityCardData_id:13]
6429002,809,2:28:21,0,[OpportunityCardData_id:13,PriorityData_type:1,false]
6429002,810,2:28:26,0,[OpportunityCardData_id:13,PriorityData_type:2,15,PriorityData_type:1,15]
6429002,814,2:28:33,0,[4]
6429002,815,2:28:33,0,4,OpportunityCardData_id:22
6429002,816,2:28:36,0,4,OpportunityCardData_id:22
6429002,803,2:28:37,0,[OpportunityCardData_id:22,OpportunityCardConsequencesData_logId:0]
6429002,803,2:28:38,0,[OpportunityCardData_id:22,OpportunityCardConsequencesData_logId:1]
6429002,805,2:28:38,0,[OpportunityCardData_id:22]
6429002,806,2:28:41,0,[OpportunityCardData_id:22,PriorityData_type:2]
6429002,807,2:28:42,0,[OpportunityCardData_id:22]
6429002,808,2:28:44,0,[OpportunityCardData_id:22]
6429002,809,2:28:48,0,[OpportunityCardData_id:22,PriorityData_type:2,true]
6429002,810,2:28:57,0,[OpportunityCardData_id:22,PriorityData_type:4,15,Safe,Safe]
6429002,814,2:29:3,0,[4]
6429002,815,2:29:3,0,4,OpportunityCardData_id:26
6429002,815,2:29:5,0,4,OpportunityCardData_id:27
6429002,815,2:29:8,0,4,OpportunityCardData_id:28
6429002,815,2:29:12,0,4,OpportunityCardData_id:29
6429002,815,2:29:15,0,4,OpportunityCardData_id:30
6429002,816,2:30:17,0,4,OpportunityCardData_id:30
6429002,803,2:30:18,0,[OpportunityCardData_id:30,OpportunityCardConsequencesData_logId:0]
6429002,803,2:30:18,0,[OpportunityCardData_id:30,OpportunityCardConsequencesData_logId:1]
6429002,805,2:30:19,0,[OpportunityCardData_id:30]
6429002,806,2:30:31,0,[OpportunityCardData_id:30,PriorityData_type:2]
6429002,807,2:30:32,0,[OpportunityCardData_id:30]
6429002,808,2:30:34,0,[OpportunityCardData_id:30]
6429002,809,2:30:41,0,[OpportunityCardData_id:30,PriorityData_type:5,false]
6429002,810,2:30:42,0,[OpportunityCardData_id:30,PriorityData_type:4,10,PriorityData_type:5,20]
6429002,814,2:32:13,0,[4]
6429002,815,2:32:13,0,4,OpportunityCardData_id:26
6429002,815,2:32:15,0,4,OpportunityCardData_id:27
6429002,816,2:32:17,0,4,OpportunityCardData_id:27
6429002,803,2:32:18,0,[OpportunityCardData_id:27,OpportunityCardConsequencesData_logId:0]
6429002,803,2:32:18,0,[OpportunityCardData_id:27,OpportunityCardConsequencesData_logId:1]
6429002,803,2:32:18,0,[OpportunityCardData_id:27,OpportunityCardConsequencesData_logId:2]
6429002,805,2:32:18,0,[OpportunityCardData_id:27]
6429002,806,2:32:20,0,[OpportunityCardData_id:27,PriorityData_type:2]
6429002,807,2:32:22,0,[OpportunityCardData_id:27]
6429002,808,2:32:24,0,[OpportunityCardData_id:27]
6429002,809,2:32:29,0,[OpportunityCardData_id:27,Safe,false]
6429002,810,2:32:30,0,[OpportunityCardData_id:27,PriorityData_type:4,15,Safe,Safe]
6429002,818,2:32:33,0,3
6429002,811,2:32:36,0,[OpportunityCardData_id:27,PriorityData_type:2,80,85,PriorityData_type:4,70,70]
6429002,1001,2:32:41,0,[]
6429002,1003,2:32:41,1
6429002,210,2:32:46,520,208
6429002,211,2:32:50,857,358
6429002,210,2:32:52,1071,408
6429002,211,2:32:54,800,498
6429002,213,2:32:54,2,s_bottleTable_G8a0,false
6429002,1003,2:33:2,1
6429002,1004,2:33:4,1
6429002,800,2:33:6,1,[]
6429002,801,2:33:9,1,[]
6429002,814,2:33:14,1,[3]
6429002,815,2:33:14,1,3,OpportunityCardData_id:19
6429002,816,2:33:16,1,3,OpportunityCardData_id:19
6429002,803,2:33:17,1,[OpportunityCardData_id:19,OpportunityCardConsequencesData_logId:0]
6429002,803,2:33:17,1,[OpportunityCardData_id:19,OpportunityCardConsequencesData_logId:1]
6429002,803,2:33:17,1,[OpportunityCardData_id:19,OpportunityCardConsequencesData_logId:2]
6429002,805,2:33:17,1,[OpportunityCardData_id:19]
6429002,806,2:33:18,1,[OpportunityCardData_id:19,PriorityData_type:0]
6429002,807,2:33:19,1,[OpportunityCardData_id:19]
6429002,808,2:33:21,1,[OpportunityCardData_id:19]
6429002,809,2:33:26,1,[OpportunityCardData_id:19,PriorityData_type:5,false]
6429002,810,2:33:28,1,[OpportunityCardData_id:19,PriorityData_type:3,25,PriorityData_type:5,15]
6429002,814,2:33:37,1,[5]
6429002,815,2:33:37,1,5,OpportunityCardData_id:32
6429002,815,2:33:40,1,5,OpportunityCardData_id:33
6429002,816,2:33:40,1,5,OpportunityCardData_id:33
6429002,803,2:33:41,1,[OpportunityCardData_id:33,OpportunityCardConsequencesData_logId:0]
6429002,803,2:33:42,1,[OpportunityCardData_id:33,OpportunityCardConsequencesData_logId:1]
6429002,803,2:33:42,1,[OpportunityCardData_id:33,OpportunityCardConsequencesData_logId:2]
6429002,805,2:33:42,1,[OpportunityCardData_id:33]
6429002,806,2:33:43,1,[OpportunityCardData_id:33,PriorityData_type:0]
6429002,807,2:33:45,1,[OpportunityCardData_id:33]
6429002,808,2:33:51,1,[OpportunityCardData_id:33]
6429002,809,2:33:55,1,[OpportunityCardData_id:33,Safe,false]
6429002,810,2:34:0,1,[OpportunityCardData_id:33,PriorityData_type:5,10,Safe,Safe]
6429002,814,2:34:12,1,[1]
6429002,815,2:34:12,1,1,OpportunityCardData_id:7
6429002,816,2:34:13,1,1,OpportunityCardData_id:7
6429002,803,2:34:15,1,[OpportunityCardData_id:7,OpportunityCardConsequencesData_logId:0]
6429002,803,2:34:15,1,[OpportunityCardData_id:7,OpportunityCardConsequencesData_logId:1]
6429002,803,2:34:16,1,[OpportunityCardData_id:7,OpportunityCardConsequencesData_logId:2]
6429002,805,2:34:19,1,[OpportunityCardData_id:7]
6429002,806,2:34:31,1,[OpportunityCardData_id:7,PriorityData_type:5]
6429002,807,2:34:34,1,[OpportunityCardData_id:7]
6429002,808,2:34:36,1,[OpportunityCardData_id:7]
6429002,809,2:34:41,1,[OpportunityCardData_id:7,PriorityData_type:2,false]
6429002,810,2:34:42,1,[OpportunityCardData_id:7,PriorityData_type:1,10,PriorityData_type:2,25]
6429002,814,2:34:49,1,[0]
6429002,815,2:34:49,1,0,OpportunityCardData_id:0
6429002,816,2:34:50,1,0,OpportunityCardData_id:0
6429002,803,2:34:51,1,[OpportunityCardData_id:0,OpportunityCardConsequencesData_logId:1]
6429002,803,2:34:52,1,[OpportunityCardData_id:0,OpportunityCardConsequencesData_logId:2]
6429002,803,2:34:52,1,[OpportunityCardData_id:0,OpportunityCardConsequencesData_logId:0]
6429002,805,2:34:53,1,[OpportunityCardData_id:0]
6429002,806,2:35:6,1,[OpportunityCardData_id:0,PriorityData_type:2]
6429002,807,2:35:7,1,[OpportunityCardData_id:0]
6429002,808,2:35:9,1,[OpportunityCardData_id:0]
6429002,809,2:35:13,1,[OpportunityCardData_id:0,PriorityData_type:3,false]
6429002,810,2:35:34,1,[OpportunityCardData_id:0,PriorityData_type:0,15,PriorityData_type:3,10]
6429002,814,2:36:2,1,[5]
6429002,815,2:36:2,1,5,OpportunityCardData_id:32
6429002,816,2:36:3,1,5,OpportunityCardData_id:32
6429002,803,2:36:4,1,[OpportunityCardData_id:32,OpportunityCardConsequencesData_logId:0]
6429002,803,2:36:4,1,[OpportunityCardData_id:32,OpportunityCardConsequencesData_logId:1]
6429002,805,2:36:5,1,[OpportunityCardData_id:32]
6429002,806,2:36:7,1,[OpportunityCardData_id:32,PriorityData_type:2]
6429002,807,2:36:8,1,[OpportunityCardData_id:32]
6429002,808,2:36:10,1,[OpportunityCardData_id:32]
6429002,809,2:36:29,1,[OpportunityCardData_id:32,PriorityData_type:4,false]
6429002,810,2:36:35,1,[OpportunityCardData_id:32,PriorityData_type:5,5,PriorityData_type:4,5]
6429002,814,2:36:47,1,[3]
6429002,815,2:36:47,1,3,OpportunityCardData_id:20
6429002,816,2:36:52,1,3,OpportunityCardData_id:20
6429002,803,2:36:53,1,[OpportunityCardData_id:20,OpportunityCardConsequencesData_logId:1]
6429002,803,2:36:54,1,[OpportunityCardData_id:20,OpportunityCardConsequencesData_logId:0]
6429002,803,2:36:54,1,[OpportunityCardData_id:20,OpportunityCardConsequencesData_logId:2]
6429002,805,2:36:56,1,[OpportunityCardData_id:20]
6429002,806,2:37:0,1,[OpportunityCardData_id:20,PriorityData_type:0]
6429002,807,2:37:1,1,[OpportunityCardData_id:20]
6429002,808,2:37:5,1,[OpportunityCardData_id:20]
6429002,809,2:37:15,1,[OpportunityCardData_id:20,PriorityData_type:5,false]
6429002,810,2:37:18,1,[OpportunityCardData_id:20,PriorityData_type:3,15,PriorityData_type:5,10]
6429002,818,2:37:19,1,6
6429002,811,2:37:22,1,[OpportunityCardData_id:20,PriorityData_type:0,70,75,PriorityData_type:3,80,80]
6429002,1005,2:37:22,1,[1,0,3]
6429002,1001,2:37:23,1,[]
6429002,1003,2:37:23,1
6429002,210,2:37:28,786,471
6429002,211,2:37:30,801,498
6429002,213,2:37:30,2,s_bottleTable_G8a0,true
6429002,210,2:37:33,701,500
6429002,211,2:37:35,397,174
6429002,213,2:37:35,2,s_clock_G8a0,true
6429002,205,2:37:35,2,s_clock_G8a0,false,false
6429002,212,2:37:41,2
6429002,210,2:37:41,860,480
6429002,211,2:37:42,786,492
6429002,212,2:37:43,0
6429002,210,2:37:43,1022,480
6429002,211,2:37:44,1076,490
6429002,212,2:37:44,1
6429002,210,2:37:45,881,444
6429002,211,2:37:46,891,496
6429002,213,2:37:46,2,s_cellphone_G8a0,true
6429002,205,2:37:46,2,s_cellphone_G8a0,false,false
6429002,210,2:37:49,594,439
6429002,207,2:37:51,2,-200,-95
6429002,207,2:37:51,2,-95,-20
6429002,207,2:37:51,2,-20,0
6429002,211,2:37:59,631,403
6429002,212,2:38:0,0
6429002,210,2:38:0,677,423
6429002,211,2:38:5,525,566
6429002,213,2:38:5,2,c_crush2_F_a_G8a0,true
6429002,205,2:38:5,2,c_crush2_F_a_G8a0,false,true
6429002,213,2:38:7,2,c_friend1_F_G8a0,true
6429002,210,2:38:9,543,428
6429002,211,2:38:13,919,337
6429002,213,2:38:13,2,c_cousin_F_a_G8a0,true
6429002,205,2:38:13,2,c_cousin_F_a_G8a0,false,true
6429002,210,2:38:16,920,428
6429002,207,2:38:16,2,0,-45
6429002,207,2:38:18,2,-45,-195
6429002,211,2:38:19,1141,581
6429002,212,2:38:19,2
6429002,210,2:38:19,898,527
6429002,207,2:38:24,2,-195,-135
6429002,211,2:38:25,916,484
6429002,212,2:38:26,1
6429002,210,2:38:26,914,555
6429002,207,2:38:27,2,-135,0
6429002,211,2:38:33,837,656
6429002,212,2:38:34,2
6429002,210,2:38:35,711,466
6429002,211,2:38:35,706,540
6429002,212,2:38:36,1
6429002,210,2:38:36,693,497
6429002,211,2:38:37,725,578
6429002,212,2:38:37,0
6429002,210,2:38:37,633,496
6429002,207,2:38:41,2,0,-210
6429002,207,2:38:42,2,-210,-435
6429002,207,2:38:43,2,-435,-492
6429002,211,2:38:49,1324,426
6429002,212,2:38:49,1
6429002,210,2:38:50,1211,260
6429002,211,2:38:56,1456,692
6429002,210,2:38:57,896,515
6429002,211,2:38:59,889,493
6429002,213,2:38:59,2,s_cellphone_G8a0,true
6429002,205,2:38:59,2,s_cellphone_G8a0,false,true
6429002,212,2:39:3,2
6429002,212,2:39:4,1
6429002,212,2:39:5,0
6429002,212,2:39:5,2
6429002,210,2:39:6,1389,522
6429002,211,2:39:8,1427,431
6429002,212,2:39:9,1
6429002,210,2:39:9,1426,434
6429002,211,2:39:10,1436,440
6429002,212,2:39:10,0
6429002,210,2:39:10,1382,370
6429002,207,2:39:24,2,-492,-57
6429002,207,2:39:26,2,-57,0
6429002,211,2:39:34,1078,355
6429002,207,2:39:34,2,0,-120
6429002,204,2:39:44,2
6429002,103,2:39:46
6429002,105,2:39:48
6429002,703,2:39:51,[|| EpilogueItem ID: 0 unlocked: true ||,|| EpilogueItem ID: 1 unlocked: true ||,|| EpilogueItem ID: 2 unlocked: false ||,|| EpilogueItem ID: 3 unlocked: false ||,|| EpilogueItem ID: 4 unlocked: false ||,|| EpilogueItem ID: 5 unlocked: false ||,|| EpilogueItem ID: 6 unlocked: false ||,|| EpilogueItem ID: 7 unlocked: false ||,|| EpilogueItem ID: 8 unlocked: false ||,|| EpilogueItem ID: 9 unlocked: false ||,|| EpilogueItem ID: 10 unlocked: false ||,|| EpilogueItem ID: 11 unlocked: false ||,|| EpilogueItem ID: 12 unlocked: false ||,|| EpilogueItem ID: 13 unlocked: false ||,|| EpilogueItem ID: 14 unlocked: false ||,|| EpilogueItem ID: 15 unlocked: false ||,|| EpilogueItem ID: 16 unlocked: false ||,|| EpilogueItem ID: 17 unlocked: false ||,|| EpilogueItem ID: 18 unlocked: false ||,|| EpilogueItem ID: 19 unlocked: false ||,|| EpilogueItem ID: 20 unlocked: false ||,|| EpilogueItem ID: 21 unlocked: false ||,|| EpilogueItem ID: 22 unlocked: false ||,|| EpilogueItem ID: 23 unlocked: false ||,|| EpilogueItem ID: 24 unlocked: false ||],0.08
6429002,706,2:39:53,(x=182, y=-100, w=1024, h=768),(x=178, y=-100, w=1024, h=768)
6429002,704,2:39:53,13
6429002,706,2:39:54,(x=174, y=-100, w=1024, h=768),(x=158, y=-100, w=1024, h=768)
6429002,705,2:39:55,13,true
6429002,706,2:40:0,(x=945, y=-100, w=1024, h=768),(x=656, y=-100, w=1024, h=768)
6429002,706,2:40:2,(x=1204, y=-100, w=1024, h=768),(x=1259, y=-100, w=1024, h=768)
6429002,706,2:40:3,(x=1360, y=-100, w=1024, h=768),(x=1384, y=-100, w=1024, h=768)
6429002,706,2:40:5,(x=1835, y=-100, w=1024, h=768),(x=1835, y=-100, w=1024, h=768)
6429002,706,2:40:9,(x=2309, y=-100, w=1024, h=768),(x=2317, y=-100, w=1024, h=768)
6429002,706,2:40:11,(x=2531, y=-100, w=1024, h=768),(x=2531, y=-100, w=1024, h=768)
6429002,707,2:40:39,0,1
6429002,706,2:40:39,(x=2531, y=-100, w=1024, h=768),(x=2531, y=-100, w=1024, h=768)
6429002,708,2:40:40
6429002,1,2:40:40,4/4/2013 5:17:24pm,{"gameTime":9640013,"session":[{"stackId":12,"sceneId":"1P"},{"stackId":0,"sceneId":"1P"},{"stackId":1,"sceneId":"1P"},{"stackId":1,"sceneId":"1N"},{"stackId":1,"sceneId":"2P"}],"challengeStacks":[{"resolved":true,"challengeScenes":[{"keyPoints":["c_teacherEng_G7a0","c_bestFriend_F_a_G7a0","s_flag_gen"],"viewedAnimatic":true,"touchableObjects":["c_friend1_F_a_G7a0","s_otherStudent1_G7a0","c_crewKid1_F_G7a0","c_teacherEng_G7a0","c_bestFriend_F_a_G7a0","s_flag_gen"],"unlocked":true,"miniGameCards":[]},{"keyPoints":["c_bestFriend_F_a_G7a1N","c_teacherEng_G7a1N","s_paperPlayers_G7a1N"],"viewedAnimatic":true,"touchableObjects":["c_bestFriend_F_a_G7a1N","c_teacherEng_G7a1N","s_paperPlayers_G7a1N"],"unlocked":true,"miniGameCards":[]},{"keyPoints":["s_flag_gen","c_teacherEng_G7a1P","c_bestFriend_F_a_G7a1P","s_paperEnglish_gen"],"viewedAnimatic":true,"touchableObjects":["s_paperPlayers_G7a1P","s_flag_gen","c_teacherEng_G7a1P","s_clock_G7a1P","c_bestFriend_F_a_G7a1P","s_paperEnglish_gen"],"unlocked":true,"miniGameCards":[]}],"stackSize":3},{"resolved":true,"challengeScenes":[{"keyPoints":["c_crewKid1_F_G7b0","c_kidSister_afri_a_G7b0","s_backpack_F_G7b0"],"viewedAnimatic":true,"touchableObjects":["c_crewKid1_F_G7b0","c_kidSister_afri_a_G7b0","s_backpack_F_G7b0"],"unlocked":true,"miniGameCards":[]},{"keyPoints":["c_crewKid1_F_G7b1N","s_brokenCarWindow_G7b1N","s_graffiti_G7b1N","c_kidSister_afri_a_G7b1N","s_sprayPaintCan_G7b1N"],"viewedAnimatic":true,"touchableObjects":["c_crewKid1_F_G7b1N","s_brokenCarWindow_G7b1N","s_graffiti_G7b1N","c_kidSister_afri_a_G7b1N","c_policeOfficer_G7b1N","s_sprayPaintCan_G7b1N"],"unlocked":true,"miniGameCards":[]},{"keyPoints":["c_cousinsBrothersFriend_a_G7b1P","s_poolDay_ruleSign_G7b1P","c_cousinsBrother_a_G7b1P","c_cousin_F_a_G7b1P"],"viewedAnimatic":true,"touchableObjects":["c_cousinsBrothersFriend_a_G7b1P","s_poolDay_ruleSign_G7b1P","c_cousinsBrother_a_G7b1P","c_cousin_F_a_G7b1P"],"unlocked":true,"miniGameCards":[]},{"keyPoints":["c_crush1_F_a_G7b2N","s_kid1_G7b2N","c_cousin_F_a_G7b2N","c_kidSister_afri_a_G7b2N"],"viewedAnimatic":true,"touchableObjects":["c_crush1_F_a_G7b2N","s_kid1_G7b2N","c_cousin_F_a_G7b2N","c_kidSister_afri_a_G7b2N"],"unlocked":true,"miniGameCards":[]},{"keyPoints":["c_cousin_F_a_G7b2P","s_computer_F_G7b2P","c_kidSister_afri_a_G7b2P","s_pictureDad_afri_F_gen"],"viewedAnimatic":true,"touchableObjects":["c_cousin_F_a_G7b2P","s_computer_F_G7b2P","c_kidSister_afri_a_G7b2P","s_closet_F_G7b2P","s_pictureDad_afri_F_gen"],"unlocked":true,"miniGameCards":[]}],"stackSize":5},{"resolved":false,"challengeScenes":[{"keyPoints":["c_cousin_F_a_G8a0","c_crush2_F_a_G8a0","s_clock_G8a0","s_cellphone_G8a0"],"viewedAnimatic":true,"touchableObjects":["c_cousin_F_a_G8a0","c_crush2_F_a_G8a0","s_bottleTable_G8a0","s_clock_G8a0","s_cellphone_G8a0","c_friend1_F_G8a0"],"unlocked":true,"miniGameCards":[]},{"keyPoints":[],"viewedAnimatic":false,"touchableObjects":[],"unlocked":true,"miniGameCards":[]},{"keyPoints":[],"viewedAnimatic":false,"touchableObjects":[],"unlocked":false,"miniGameCards":[]},{"keyPoints":[],"viewedAnimatic":false,"touchableObjects":[],"unlocked":false,"miniGameCards":[]},{"keyPoints":[],"viewedAnimatic":false,"touchableObjects":[],"unlocked":false,"miniGameCards":[]},{"keyPoints":[],"viewedAnimatic":false,"touchableObjects":[],"unlocked":true,"miniGameCards":[]},{"keyPoints":[],"viewedAnimatic":false,"touchableObjects":[],"unlocked":false,"miniGameCards":[]}],"stackSize":7},{"resolved":false,"challengeScenes":[{"keyPoints":[],"viewedAnimatic":false,"touchableObjects":[],"unlocked":false,"miniGameCards":[]},{"keyPoints":[],"viewedAnimatic":false,"touchableObjects":[],"unlocked":false,"miniGameCards":[]},{"keyPoints":[],"viewedAnimatic":false,"touchableObjects":[],"unlocked":false,"miniGameCards":[]},{"keyPoints":[],"viewedAnimatic":false,"touchableObjects":[],"unlocked":false,"miniGameCards":[]},{"keyPoints":[],"viewedAnimatic":false,"touchableObjects":[],"unlocked":false,"miniGameCards":[]}],"stackSize":5},{"resolved":false,"challengeScenes":[{"keyPoints":[],"viewedAnimatic":false,"touchableObjects":[],"unlocked":true,"miniGameCards":[]},{"keyPoints":[],"viewedAnimatic":false,"touchableObjects":[],"unlocked":true,"miniGameCards":[]},{"keyPoints":[],"viewedAnimatic":false,"touchableObjects":[],"unlocked":false,"miniGameCards":[]},{"keyPoints":[],"viewedAnimatic":false,"touchableObjects":[],"unlocked":false,"miniGameCards":[]},{"keyPoints":[],"viewedAnimatic":false,"touchableObjects":[],"unlocked":false,"miniGameCards":[]}],"stackSize":5},{"resolved":false,"challengeScenes":[{"keyPoints":[],"viewedAnimatic":false,"touchableObjects":[],"unlocked":false,"miniGameCards":[]},{"keyPoints":[],"viewedAnimatic":false,"touchableObjects":[],"unlocked":false,"miniGameCards":[]},{"keyPoints":[],"viewedAnimatic":false,"touchableObjects":[],"unlocked":false,"miniGameCards":[]},{"keyPoints":[],"viewedAnimatic":false,"touchableObjects":[],"unlocked":false,"miniGameCards":[]},{"keyPoints":[],"viewedAnimatic":false,"touchableObjects":[],"unlocked":false,"miniGameCards":[]}],"stackSize":5},{"resolved":false,"challengeScenes":[{"keyPoints":[],"viewedAnimatic":false,"touchableObjects":[],"unlocked":false,"miniGameCards":[]},{"keyPoints":[],"viewedAnimatic":false,"touchableObjects":[],"unlocked":false,"miniGameCards":[]},{"keyPoints":[],"viewedAnimatic":false,"touchableObjects":[],"unlocked":false,"miniGameCards":[]},{"keyPoints":[],"viewedAnimatic":false,"touchableObjects":[],"unlocked":false,"miniGameCards":[]},{"keyPoints":[],"viewedAnimatic":false,"touchableObjects":[],"unlocked":false,"miniGameCards":[]}],"stackSize":5},{"resolved":false,"challengeScenes":[{"keyPoints":[],"viewedAnimatic":false,"touchableObjects":[],"unlocked":false,"miniGameCards":[]},{"keyPoints":[],"viewedAnimatic":false,"touchableObjects":[],"unlocked":false,"miniGameCards":[]},{"keyPoints":[],"viewedAnimatic":false,"touchableObjects":[],"unlocked":false,"miniGameCards":[]},{"keyPoints":[],"viewedAnimatic":false,"touchableObjects":[],"unlocked":false,"miniGameCards":[]},{"keyPoints":[],"viewedAnimatic":false,"touchableObjects":[],"unlocked":false,"miniGameCards":[]}],"stackSize":5},{"resolved":false,"challengeScenes":[{"keyPoints":[],"viewedAnimatic":false,"touchableObjects":[],"unlocked":false,"miniGameCards":[]},{"keyPoints":[],"viewedAnimatic":false,"touchableObjects":[],"unlocked":false,"miniGameCards":[]},{"keyPoints":[],"viewedAnimatic":false,"touchableObjects":[],"unlocked":false,"miniGameCards":[]},{"keyPoints":[],"viewedAnimatic":false,"touchableObjects":[],"unlocked":false,"miniGameCards":[]},{"keyPoints":[],"viewedAnimatic":false,"touchableObjects":[],"unlocked":false,"miniGameCards":[]}],"stackSize":5},{"resolved":false,"challengeScenes":[{"keyPoints":[],"viewedAnimatic":false,"touchableObjects":[],"unlocked":false,"miniGameCards":[]},{"keyPoints":[],"viewedAnimatic":false,"touchableObjects":[],"unlocked":false,"miniGameCards":[]},{"keyPoints":[],"viewedAnimatic":false,"touchableObjects":[],"unlocked":false,"miniGameCards":[]},{"keyPoints":[],"viewedAnimatic":false,"touchableObjects":[],"unlocked":false,"miniGameCards":[]},{"keyPoints":[],"viewedAnimatic":false,"touchableObjects":[],"unlocked":false,"miniGameCards":[]}],"stackSize":5},{"resolved":false,"challengeScenes":[{"keyPoints":[],"viewedAnimatic":false,"touchableObjects":[],"unlocked":false,"miniGameCards":[]},{"keyPoints":[],"viewedAnimatic":false,"touchableObjects":[],"unlocked":false,"miniGameCards":[]},{"keyPoints":[],"viewedAnimatic":false,"touchableObjects":[],"unlocked":false,"miniGameCards":[]},{"keyPoints":[],"viewedAnimatic":false,"touchableObjects":[],"unlocked":false,"miniGameCards":[]},{"keyPoints":[],"viewedAnimatic":false,"touchableObjects":[],"unlocked":false,"miniGameCards":[]}],"stackSize":5},{"resolved":false,"challengeScenes":[{"keyPoints":[],"viewedAnimatic":false,"touchableObjects":[],"unlocked":false,"miniGameCards":[]},{"keyPoints":[],"viewedAnimatic":false,"touchableObjects":[],"unlocked":false,"miniGameCards":[]},{"keyPoints":[],"viewedAnimatic":false,"touchableObjects":[],"unlocked":false,"miniGameCards":[]},{"keyPoints":[],"viewedAnimatic":false,"touchableObjects":[],"unlocked":false,"miniGameCards":[]},{"keyPoints":[],"viewedAnimatic":false,"touchableObjects":[],"unlocked":false,"miniGameCards":[]}],"stackSize":5},{"resolved":true,"challengeScenes":[{"keyPoints":[],"viewedAnimatic":false,"touchableObjects":["c_family_afri_a_G0a0","c_education_G0a0","c_friends_G0a0","c_player_afri_F_a_G0a0"],"unlocked":true,"miniGameCards":[]},{"keyPoints":["c_family_afri_a_G0a1N","c_home_G0a1N","c_job_G0a1N"],"viewedAnimatic":false,"touchableObjects":["c_family_afri_a_G0a1N","c_home_G0a1N","c_job_G0a1N"],"unlocked":true,"miniGameCards":[]},{"keyPoints":["c_kidsister_afri_a_G0a1P","c_grandma_afri_a_G0a1P","c_Teacher_G0a1P","c_dad_afri_a_G0a1P","c_Nurse_G0a1P","c_mom_afri_a_G0a1P"],"viewedAnimatic":false,"touchableObjects":["c_kidsister_afri_a_G0a1P","c_grandma_afri_a_G0a1P","c_Teacher_G0a1P","c_cousins_F_a_G0a1P","c_friends_G0a1P","c_dad_afri_a_G0a1P","c_Nurse_G0a1P","c_mom_afri_a_G0a1P"],"unlocked":true,"miniGameCards":[]}],"stackSize":3}],"minigames":[{"levelSaveData":[{"starRating":3,"unlocked":true},{"starRating":0,"unlocked":true},{"starRating":0,"unlocked":true},{"starRating":0,"unlocked":false},{"starRating":0,"unlocked":false},{"starRating":0,"unlocked":false},{"starRating":0,"unlocked":false},{"starRating":0,"unlocked":false},{"starRating":0,"unlocked":false},{"starRating":0,"unlocked":false}],"skillPoints":3},{"levelSaveData":[{"starRating":3,"unlocked":true},{"starRating":3,"unlocked":true},{"starRating":0,"unlocked":true},{"starRating":0,"unlocked":false},{"starRating":0,"unlocked":true},{"starRating":0,"unlocked":false},{"starRating":0,"unlocked":false},{"starRating":0,"unlocked":false},{"starRating":0,"unlocked":false},{"starRating":0,"unlocked":false}],"skillPoints":6},{"levelSaveData":[{"starRating":3,"unlocked":true},{"starRating":2,"unlocked":true},{"starRating":0,"unlocked":true},{"starRating":0,"unlocked":false},{"starRating":0,"unlocked":false},{"starRating":0,"unlocked":false},{"starRating":0,"unlocked":false},{"starRating":0,"unlocked":false},{"starRating":0,"unlocked":true},{"starRating":0,"unlocked":false}],"skillPoints":5},{"levelSaveData":[{"starRating":2,"unlocked":true},{"starRating":0,"unlocked":true},{"starRating":0,"unlocked":false},{"starRating":0,"unlocked":false},{"starRating":0,"unlocked":true},{"starRating":0,"unlocked":false},{"starRating":0,"unlocked":false},{"starRating":0,"unlocked":false},{"starRating":0,"unlocked":false},{"starRating":0,"unlocked":false}],"skillPoints":2},{"name":"nevaeh","gender":1,"visualAvatar":0,"age":14,"levelSaveData":[{"starRating":3,"unlocked":true},{"chunks":[["1"],["3$$ignorant","10$$truthful"],["6$$music","1$$helper","13$$education"],["3"]],"unlocked":true,"starRating":3},{"chunks":[["0"],["1$$Basketball","11$$Socializing"],["0$$Working Hard","2$$WNBA"]],"unlocked":true,"starRating":3},{"chunks":[[null],[null],[null],[null],[null,null],[null]],"unlocked":true,"starRating":0},{"chunks":[[null],[null],[null,null],[null],[null],[null]],"unlocked":false,"starRating":0},{"chunks":[[null],[null,null,null,null],[null],[null]],"unlocked":false,"starRating":0},{"chunks":[[null],[null],[null,null],[null,null],[null]],"unlocked":false,"starRating":0},{"chunks":[[null,null,null],[null,null,null],[null],[null],[null]],"unlocked":false,"starRating":0},{"chunks":[[null,null,null],[null,null,null],[null,null]],"unlocked":false,"starRating":0},{"chunks":[[null],[null],[null],[null],[null],[null]],"unlocked":false,"starRating":0}],"id":0,"skillPoints":9}],"playerId":6429002,"epilogue":{"rating":1},"sessionId":3,"avatar":{"name":"nevaeh","gender":1,"visualAvatar":0,"age":14,"levelSaveData":[{"starRating":3,"unlocked":true},{"chunks":[["1"],["3$$ignorant","10$$truthful"],["6$$music","1$$helper","13$$education"],["3"]],"unlocked":true,"starRating":3},{"chunks":[["0"],["1$$Basketball","11$$Socializing"],["0$$Working Hard","2$$WNBA"]],"unlocked":true,"starRating":3},{"chunks":[[null],[null],[null],[null],[null,null],[null]],"unlocked":true,"starRating":0},{"chunks":[[null],[null],[null,null],[null],[null],[null]],"unlocked":false,"starRating":0},{"chunks":[[null],[null,null,null,null],[null],[null]],"unlocked":false,"starRating":0},{"chunks":[[null],[null],[null,null],[null,null],[null]],"unlocked":false,"starRating":0},{"chunks":[[null,null,null],[null,null,null],[null],[null],[null]],"unlocked":false,"starRating":0},{"chunks":[[null,null,null],[null,null,null],[null,null]],"unlocked":false,"starRating":0},{"chunks":[[null],[null],[null],[null],[null],[null]],"unlocked":false,"starRating":0}],"id":0,"skillPoints":9}}
